Sentence #1 (44 tokens):
usually I support independent art and i try to be very comprehensive and tolerant...i tend to support everybody, because their efforts are worth...but this movie just moves away from all comprehension and tolerance limits!imagine the following situation:1.
[Text=usually CharacterOffsetBegin=4 CharacterOffsetEnd=11 PartOfSpeech=RB] [Text=I CharacterOffsetBegin=12 CharacterOffsetEnd=13 PartOfSpeech=PRP] [Text=support CharacterOffsetBegin=14 CharacterOffsetEnd=21 PartOfSpeech=VBP] [Text=independent CharacterOffsetBegin=22 CharacterOffsetEnd=33 PartOfSpeech=JJ] [Text=art CharacterOffsetBegin=34 CharacterOffsetEnd=37 PartOfSpeech=NN] [Text=and CharacterOffsetBegin=38 CharacterOffsetEnd=41 PartOfSpeech=CC] [Text=i CharacterOffsetBegin=42 CharacterOffsetEnd=43 PartOfSpeech=FW] [Text=try CharacterOffsetBegin=44 CharacterOffsetEnd=47 PartOfSpeech=VBP] [Text=to CharacterOffsetBegin=48 CharacterOffsetEnd=50 PartOfSpeech=TO] [Text=be CharacterOffsetBegin=51 CharacterOffsetEnd=53 PartOfSpeech=VB] [Text=very CharacterOffsetBegin=54 CharacterOffsetEnd=58 PartOfSpeech=RB] [Text=comprehensive CharacterOffsetBegin=59 CharacterOffsetEnd=72 PartOfSpeech=JJ] [Text=and CharacterOffsetBegin=73 CharacterOffsetEnd=76 PartOfSpeech=CC] [Text=tolerant CharacterOffsetBegin=77 CharacterOffsetEnd=85 PartOfSpeech=JJ] [Text=... CharacterOffsetBegin=85 CharacterOffsetEnd=88 PartOfSpeech=:] [Text=i CharacterOffsetBegin=88 CharacterOffsetEnd=89 PartOfSpeech=FW] [Text=tend CharacterOffsetBegin=90 CharacterOffsetEnd=94 PartOfSpeech=VB] [Text=to CharacterOffsetBegin=95 CharacterOffsetEnd=97 PartOfSpeech=TO] [Text=support CharacterOffsetBegin=98 CharacterOffsetEnd=105 PartOfSpeech=VB] [Text=everybody CharacterOffsetBegin=106 CharacterOffsetEnd=115 PartOfSpeech=NN] [Text=, CharacterOffsetBegin=115 CharacterOffsetEnd=116 PartOfSpeech=,] [Text=because CharacterOffsetBegin=117 CharacterOffsetEnd=124 PartOfSpeech=IN] [Text=their CharacterOffsetBegin=125 CharacterOffsetEnd=130 PartOfSpeech=PRP$] [Text=efforts CharacterOffsetBegin=131 CharacterOffsetEnd=138 PartOfSpeech=NNS] [Text=are CharacterOffsetBegin=139 CharacterOffsetEnd=142 PartOfSpeech=VBP] [Text=worth CharacterOffsetBegin=143 CharacterOffsetEnd=148 PartOfSpeech=JJ] [Text=... CharacterOffsetBegin=148 CharacterOffsetEnd=151 PartOfSpeech=:] [Text=but CharacterOffsetBegin=151 CharacterOffsetEnd=154 PartOfSpeech=CC] [Text=this CharacterOffsetBegin=155 CharacterOffsetEnd=159 PartOfSpeech=DT] [Text=movie CharacterOffsetBegin=160 CharacterOffsetEnd=165 PartOfSpeech=NN] [Text=just CharacterOffsetBegin=166 CharacterOffsetEnd=170 PartOfSpeech=RB] [Text=moves CharacterOffsetBegin=171 CharacterOffsetEnd=176 PartOfSpeech=VBZ] [Text=away CharacterOffsetBegin=177 CharacterOffsetEnd=181 PartOfSpeech=RB] [Text=from CharacterOffsetBegin=182 CharacterOffsetEnd=186 PartOfSpeech=IN] [Text=all CharacterOffsetBegin=187 CharacterOffsetEnd=190 PartOfSpeech=DT] [Text=comprehension CharacterOffsetBegin=191 CharacterOffsetEnd=204 PartOfSpeech=NN] [Text=and CharacterOffsetBegin=205 CharacterOffsetEnd=208 PartOfSpeech=CC] [Text=tolerance CharacterOffsetBegin=209 CharacterOffsetEnd=218 PartOfSpeech=NN] [Text=limits!imagine CharacterOffsetBegin=219 CharacterOffsetEnd=233 PartOfSpeech=VBP] [Text=the CharacterOffsetBegin=234 CharacterOffsetEnd=237 PartOfSpeech=DT] [Text=following CharacterOffsetBegin=238 CharacterOffsetEnd=247 PartOfSpeech=VBG] [Text=situation CharacterOffsetBegin=248 CharacterOffsetEnd=257 PartOfSpeech=NN] [Text=:1 CharacterOffsetBegin=257 CharacterOffsetEnd=259 PartOfSpeech=CD] [Text=. CharacterOffsetBegin=259 CharacterOffsetEnd=260 PartOfSpeech=.] 
root(ROOT-0, support-3)
advmod(support-3, usually-1)
nsubj(support-3, I-2)
amod(art-5, independent-4)
nsubj(try-8, art-5)
cc(art-5, and-6)
conj(art-5, i-7)
ccomp(support-3, try-8)
aux(comprehensive-12, to-9)
cop(comprehensive-12, be-10)
advmod(comprehensive-12, very-11)
xcomp(try-8, comprehensive-12)
cc(comprehensive-12, and-13)
conj(comprehensive-12, tolerant-14)
punct(comprehensive-12, ...-15)
nsubj(tend-17, i-16)
parataxis(comprehensive-12, tend-17)
aux(support-19, to-18)
xcomp(tend-17, support-19)
dobj(support-19, everybody-20)
punct(tend-17, ,-21)
mark(worth-26, because-22)
poss(efforts-24, their-23)
nsubj(worth-26, efforts-24)
cop(worth-26, are-25)
advcl(tend-17, worth-26)
punct(support-3, ...-27)
cc(support-3, but-28)
det(movie-30, this-29)
nsubj(moves-32, movie-30)
advmod(moves-32, just-31)
conj(support-3, moves-32)
advmod(moves-32, away-33)
prep(moves-32, from-34)
det(comprehension-36, all-35)
pobj(from-34, comprehension-36)
cc(comprehension-36, and-37)
conj(comprehension-36, tolerance-38)
advcl(moves-32, limits!imagine-39)
dobj(limits!imagine-39, the-40)
prep(the-40, following-41)
pobj(following-41, situation-42)
num(situation-42, :1-43)
punct(support-3, .-44)

Sentence #2 (18 tokens):
think about the REALLY WORST horror movie you have ever seen in your life so far.2.
[Text=think CharacterOffsetBegin=265 CharacterOffsetEnd=270 PartOfSpeech=VB] [Text=about CharacterOffsetBegin=271 CharacterOffsetEnd=276 PartOfSpeech=IN] [Text=the CharacterOffsetBegin=277 CharacterOffsetEnd=280 PartOfSpeech=DT] [Text=REALLY CharacterOffsetBegin=281 CharacterOffsetEnd=287 PartOfSpeech=NNP] [Text=WORST CharacterOffsetBegin=288 CharacterOffsetEnd=293 PartOfSpeech=NNP] [Text=horror CharacterOffsetBegin=294 CharacterOffsetEnd=300 PartOfSpeech=NN] [Text=movie CharacterOffsetBegin=301 CharacterOffsetEnd=306 PartOfSpeech=NN] [Text=you CharacterOffsetBegin=307 CharacterOffsetEnd=310 PartOfSpeech=PRP] [Text=have CharacterOffsetBegin=311 CharacterOffsetEnd=315 PartOfSpeech=VBP] [Text=ever CharacterOffsetBegin=316 CharacterOffsetEnd=320 PartOfSpeech=RB] [Text=seen CharacterOffsetBegin=321 CharacterOffsetEnd=325 PartOfSpeech=VBN] [Text=in CharacterOffsetBegin=326 CharacterOffsetEnd=328 PartOfSpeech=IN] [Text=your CharacterOffsetBegin=329 CharacterOffsetEnd=333 PartOfSpeech=PRP$] [Text=life CharacterOffsetBegin=334 CharacterOffsetEnd=338 PartOfSpeech=NN] [Text=so CharacterOffsetBegin=339 CharacterOffsetEnd=341 PartOfSpeech=RB] [Text=far CharacterOffsetBegin=342 CharacterOffsetEnd=345 PartOfSpeech=RB] [Text=.2 CharacterOffsetBegin=345 CharacterOffsetEnd=347 PartOfSpeech=NN] [Text=. CharacterOffsetBegin=347 CharacterOffsetEnd=348 PartOfSpeech=.] 
root(ROOT-0, think-1)
prep(think-1, about-2)
det(movie-7, the-3)
nn(movie-7, REALLY-4)
nn(movie-7, WORST-5)
nn(movie-7, horror-6)
pobj(about-2, movie-7)
nsubj(seen-11, you-8)
aux(seen-11, have-9)
advmod(seen-11, ever-10)
rcmod(movie-7, seen-11)
prep(seen-11, in-12)
poss(life-14, your-13)
pobj(in-12, life-14)
advmod(far-16, so-15)
advmod(.2-17, far-16)
tmod(seen-11, .2-17)
punct(think-1, .-18)

Sentence #3 (21 tokens):
think about some great, attractive ART for that movie's DVD box...and a promising plot...3.
[Text=think CharacterOffsetBegin=353 CharacterOffsetEnd=358 PartOfSpeech=VB] [Text=about CharacterOffsetBegin=359 CharacterOffsetEnd=364 PartOfSpeech=IN] [Text=some CharacterOffsetBegin=365 CharacterOffsetEnd=369 PartOfSpeech=DT] [Text=great CharacterOffsetBegin=370 CharacterOffsetEnd=375 PartOfSpeech=JJ] [Text=, CharacterOffsetBegin=375 CharacterOffsetEnd=376 PartOfSpeech=,] [Text=attractive CharacterOffsetBegin=377 CharacterOffsetEnd=387 PartOfSpeech=JJ] [Text=ART CharacterOffsetBegin=388 CharacterOffsetEnd=391 PartOfSpeech=NN] [Text=for CharacterOffsetBegin=392 CharacterOffsetEnd=395 PartOfSpeech=IN] [Text=that CharacterOffsetBegin=396 CharacterOffsetEnd=400 PartOfSpeech=DT] [Text=movie CharacterOffsetBegin=401 CharacterOffsetEnd=406 PartOfSpeech=NN] [Text='s CharacterOffsetBegin=406 CharacterOffsetEnd=408 PartOfSpeech=POS] [Text=DVD CharacterOffsetBegin=409 CharacterOffsetEnd=412 PartOfSpeech=NN] [Text=box CharacterOffsetBegin=413 CharacterOffsetEnd=416 PartOfSpeech=NN] [Text=... CharacterOffsetBegin=416 CharacterOffsetEnd=419 PartOfSpeech=:] [Text=and CharacterOffsetBegin=419 CharacterOffsetEnd=422 PartOfSpeech=CC] [Text=a CharacterOffsetBegin=423 CharacterOffsetEnd=424 PartOfSpeech=DT] [Text=promising CharacterOffsetBegin=425 CharacterOffsetEnd=434 PartOfSpeech=JJ] [Text=plot CharacterOffsetBegin=435 CharacterOffsetEnd=439 PartOfSpeech=NN] [Text=... CharacterOffsetBegin=439 CharacterOffsetEnd=442 PartOfSpeech=:] [Text=3 CharacterOffsetBegin=442 CharacterOffsetEnd=443 PartOfSpeech=CD] [Text=. CharacterOffsetBegin=443 CharacterOffsetEnd=444 PartOfSpeech=.] 
root(ROOT-0, think-1)
prep(think-1, about-2)
det(ART-7, some-3)
amod(ART-7, great-4)
punct(ART-7, ,-5)
amod(ART-7, attractive-6)
pobj(about-2, ART-7)
prep(ART-7, for-8)
det(movie-10, that-9)
poss(box-13, movie-10)
possessive(movie-10, 's-11)
nn(box-13, DVD-12)
pobj(for-8, box-13)
punct(think-1, ...-14)
cc(think-1, and-15)
det(plot-18, a-16)
amod(plot-18, promising-17)
conj(think-1, plot-18)
punct(think-1, ...-19)
dep(think-1, 3-20)
punct(think-1, .-21)

Sentence #4 (2 tokens):
voil!
[Text=voil CharacterOffsetBegin=449 CharacterOffsetEnd=453 PartOfSpeech=FW] [Text=! CharacterOffsetBegin=453 CharacterOffsetEnd=454 PartOfSpeech=.] 
root(ROOT-0, voil-1)
punct(voil-1, !-2)

Sentence #5 (18 tokens):
you got ZOMBIE NATION.see it only if you really don't have anything else better to do.
[Text=you CharacterOffsetBegin=459 CharacterOffsetEnd=462 PartOfSpeech=PRP] [Text=got CharacterOffsetBegin=463 CharacterOffsetEnd=466 PartOfSpeech=VBD] [Text=ZOMBIE CharacterOffsetBegin=467 CharacterOffsetEnd=473 PartOfSpeech=NNP] [Text=NATION.see CharacterOffsetBegin=474 CharacterOffsetEnd=484 PartOfSpeech=NNP] [Text=it CharacterOffsetBegin=485 CharacterOffsetEnd=487 PartOfSpeech=PRP] [Text=only CharacterOffsetBegin=488 CharacterOffsetEnd=492 PartOfSpeech=RB] [Text=if CharacterOffsetBegin=493 CharacterOffsetEnd=495 PartOfSpeech=IN] [Text=you CharacterOffsetBegin=496 CharacterOffsetEnd=499 PartOfSpeech=PRP] [Text=really CharacterOffsetBegin=500 CharacterOffsetEnd=506 PartOfSpeech=RB] [Text=do CharacterOffsetBegin=507 CharacterOffsetEnd=509 PartOfSpeech=VBP] [Text=n't CharacterOffsetBegin=509 CharacterOffsetEnd=512 PartOfSpeech=RB] [Text=have CharacterOffsetBegin=513 CharacterOffsetEnd=517 PartOfSpeech=VB] [Text=anything CharacterOffsetBegin=518 CharacterOffsetEnd=526 PartOfSpeech=NN] [Text=else CharacterOffsetBegin=527 CharacterOffsetEnd=531 PartOfSpeech=RB] [Text=better CharacterOffsetBegin=532 CharacterOffsetEnd=538 PartOfSpeech=JJR] [Text=to CharacterOffsetBegin=539 CharacterOffsetEnd=541 PartOfSpeech=TO] [Text=do CharacterOffsetBegin=542 CharacterOffsetEnd=544 PartOfSpeech=VB] [Text=. CharacterOffsetBegin=544 CharacterOffsetEnd=545 PartOfSpeech=.] 
root(ROOT-0, got-2)
nsubj(got-2, you-1)
nn(NATION.see-4, ZOMBIE-3)
dobj(got-2, NATION.see-4)
dep(NATION.see-4, it-5)
advmod(have-12, only-6)
mark(have-12, if-7)
nsubj(have-12, you-8)
advmod(have-12, really-9)
aux(have-12, do-10)
neg(have-12, n't-11)
dep(it-5, have-12)
dobj(have-12, anything-13)
advmod(anything-13, else-14)
amod(anything-13, better-15)
aux(do-17, to-16)
xcomp(better-15, do-17)
punct(got-2, .-18)

Sentence #6 (4 tokens):
ANYTHING is better.
[Text=ANYTHING CharacterOffsetBegin=550 CharacterOffsetEnd=558 PartOfSpeech=NN] [Text=is CharacterOffsetBegin=559 CharacterOffsetEnd=561 PartOfSpeech=VBZ] [Text=better CharacterOffsetBegin=562 CharacterOffsetEnd=568 PartOfSpeech=RBR] [Text=. CharacterOffsetBegin=568 CharacterOffsetEnd=569 PartOfSpeech=.] 
root(ROOT-0, better-3)
nsubj(better-3, ANYTHING-1)
cop(better-3, is-2)
punct(better-3, .-4)

