Sentence #1 (22 tokens):
Movie industry is tricky business - because decisions have to be made and everyone involved has a private life, too.
[Text=Movie CharacterOffsetBegin=4 CharacterOffsetEnd=9 PartOfSpeech=NN] [Text=industry CharacterOffsetBegin=10 CharacterOffsetEnd=18 PartOfSpeech=NN] [Text=is CharacterOffsetBegin=19 CharacterOffsetEnd=21 PartOfSpeech=VBZ] [Text=tricky CharacterOffsetBegin=22 CharacterOffsetEnd=28 PartOfSpeech=JJ] [Text=business CharacterOffsetBegin=29 CharacterOffsetEnd=37 PartOfSpeech=NN] [Text=- CharacterOffsetBegin=38 CharacterOffsetEnd=39 PartOfSpeech=:] [Text=because CharacterOffsetBegin=40 CharacterOffsetEnd=47 PartOfSpeech=IN] [Text=decisions CharacterOffsetBegin=48 CharacterOffsetEnd=57 PartOfSpeech=NNS] [Text=have CharacterOffsetBegin=58 CharacterOffsetEnd=62 PartOfSpeech=VBP] [Text=to CharacterOffsetBegin=63 CharacterOffsetEnd=65 PartOfSpeech=TO] [Text=be CharacterOffsetBegin=66 CharacterOffsetEnd=68 PartOfSpeech=VB] [Text=made CharacterOffsetBegin=69 CharacterOffsetEnd=73 PartOfSpeech=VBN] [Text=and CharacterOffsetBegin=74 CharacterOffsetEnd=77 PartOfSpeech=CC] [Text=everyone CharacterOffsetBegin=78 CharacterOffsetEnd=86 PartOfSpeech=NN] [Text=involved CharacterOffsetBegin=87 CharacterOffsetEnd=95 PartOfSpeech=VBN] [Text=has CharacterOffsetBegin=96 CharacterOffsetEnd=99 PartOfSpeech=VBZ] [Text=a CharacterOffsetBegin=100 CharacterOffsetEnd=101 PartOfSpeech=DT] [Text=private CharacterOffsetBegin=102 CharacterOffsetEnd=109 PartOfSpeech=JJ] [Text=life CharacterOffsetBegin=110 CharacterOffsetEnd=114 PartOfSpeech=NN] [Text=, CharacterOffsetBegin=114 CharacterOffsetEnd=115 PartOfSpeech=,] [Text=too CharacterOffsetBegin=116 CharacterOffsetEnd=119 PartOfSpeech=RB] [Text=. CharacterOffsetBegin=119 CharacterOffsetEnd=120 PartOfSpeech=.] 
root(ROOT-0, business-5)
nn(industry-2, Movie-1)
nsubj(business-5, industry-2)
cop(business-5, is-3)
amod(business-5, tricky-4)
punct(business-5, --6)
mark(have-9, because-7)
nsubj(have-9, decisions-8)
advcl(business-5, have-9)
aux(made-12, to-10)
auxpass(made-12, be-11)
xcomp(have-9, made-12)
cc(made-12, and-13)
nsubj(has-16, everyone-14)
partmod(everyone-14, involved-15)
conj(made-12, has-16)
det(life-19, a-17)
amod(life-19, private-18)
dobj(has-16, life-19)
punct(made-12, ,-20)
advmod(made-12, too-21)
punct(business-5, .-22)

Sentence #2 (20 tokens):
That's the very original thesis of this feeble attempt at making an 'insightful' film about film.
[Text=That CharacterOffsetBegin=125 CharacterOffsetEnd=129 PartOfSpeech=DT] [Text='s CharacterOffsetBegin=129 CharacterOffsetEnd=131 PartOfSpeech=VBZ] [Text=the CharacterOffsetBegin=132 CharacterOffsetEnd=135 PartOfSpeech=DT] [Text=very CharacterOffsetBegin=136 CharacterOffsetEnd=140 PartOfSpeech=RB] [Text=original CharacterOffsetBegin=141 CharacterOffsetEnd=149 PartOfSpeech=JJ] [Text=thesis CharacterOffsetBegin=150 CharacterOffsetEnd=156 PartOfSpeech=NN] [Text=of CharacterOffsetBegin=157 CharacterOffsetEnd=159 PartOfSpeech=IN] [Text=this CharacterOffsetBegin=160 CharacterOffsetEnd=164 PartOfSpeech=DT] [Text=feeble CharacterOffsetBegin=165 CharacterOffsetEnd=171 PartOfSpeech=JJ] [Text=attempt CharacterOffsetBegin=172 CharacterOffsetEnd=179 PartOfSpeech=NN] [Text=at CharacterOffsetBegin=180 CharacterOffsetEnd=182 PartOfSpeech=IN] [Text=making CharacterOffsetBegin=183 CharacterOffsetEnd=189 PartOfSpeech=VBG] [Text=an CharacterOffsetBegin=190 CharacterOffsetEnd=192 PartOfSpeech=DT] [Text=` CharacterOffsetBegin=193 CharacterOffsetEnd=194 PartOfSpeech=``] [Text=insightful CharacterOffsetBegin=194 CharacterOffsetEnd=204 PartOfSpeech=JJ] [Text=' CharacterOffsetBegin=204 CharacterOffsetEnd=205 PartOfSpeech=''] [Text=film CharacterOffsetBegin=206 CharacterOffsetEnd=210 PartOfSpeech=NN] [Text=about CharacterOffsetBegin=211 CharacterOffsetEnd=216 PartOfSpeech=IN] [Text=film CharacterOffsetBegin=217 CharacterOffsetEnd=221 PartOfSpeech=NN] [Text=. CharacterOffsetBegin=221 CharacterOffsetEnd=222 PartOfSpeech=.] 
root(ROOT-0, thesis-6)
nsubj(thesis-6, That-1)
cop(thesis-6, 's-2)
det(thesis-6, the-3)
advmod(original-5, very-4)
amod(thesis-6, original-5)
prep(thesis-6, of-7)
det(attempt-10, this-8)
amod(attempt-10, feeble-9)
pobj(of-7, attempt-10)
prep(thesis-6, at-11)
pcomp(at-11, making-12)
det(film-17, an-13)
punct(film-17, `-14)
amod(film-17, insightful-15)
punct(film-17, '-16)
dobj(making-12, film-17)
prep(film-17, about-18)
pobj(about-18, film-19)
punct(thesis-6, .-20)

Sentence #3 (23 tokens):
And indeed, no better proof of the industry's trickiness than seeing Anouk Aime and Maximilian Schell trapped in this inanity.
[Text=And CharacterOffsetBegin=227 CharacterOffsetEnd=230 PartOfSpeech=CC] [Text=indeed CharacterOffsetBegin=231 CharacterOffsetEnd=237 PartOfSpeech=RB] [Text=, CharacterOffsetBegin=237 CharacterOffsetEnd=238 PartOfSpeech=,] [Text=no CharacterOffsetBegin=239 CharacterOffsetEnd=241 PartOfSpeech=RB] [Text=better CharacterOffsetBegin=242 CharacterOffsetEnd=248 PartOfSpeech=RB] [Text=proof CharacterOffsetBegin=249 CharacterOffsetEnd=254 PartOfSpeech=NN] [Text=of CharacterOffsetBegin=255 CharacterOffsetEnd=257 PartOfSpeech=IN] [Text=the CharacterOffsetBegin=258 CharacterOffsetEnd=261 PartOfSpeech=DT] [Text=industry CharacterOffsetBegin=262 CharacterOffsetEnd=270 PartOfSpeech=NN] [Text='s CharacterOffsetBegin=270 CharacterOffsetEnd=272 PartOfSpeech=POS] [Text=trickiness CharacterOffsetBegin=273 CharacterOffsetEnd=283 PartOfSpeech=NN] [Text=than CharacterOffsetBegin=284 CharacterOffsetEnd=288 PartOfSpeech=IN] [Text=seeing CharacterOffsetBegin=289 CharacterOffsetEnd=295 PartOfSpeech=VBG] [Text=Anouk CharacterOffsetBegin=296 CharacterOffsetEnd=301 PartOfSpeech=NNP] [Text=Aime CharacterOffsetBegin=302 CharacterOffsetEnd=306 PartOfSpeech=NNP] [Text=and CharacterOffsetBegin=307 CharacterOffsetEnd=310 PartOfSpeech=CC] [Text=Maximilian CharacterOffsetBegin=311 CharacterOffsetEnd=321 PartOfSpeech=NNP] [Text=Schell CharacterOffsetBegin=322 CharacterOffsetEnd=328 PartOfSpeech=NNP] [Text=trapped CharacterOffsetBegin=329 CharacterOffsetEnd=336 PartOfSpeech=VBN] [Text=in CharacterOffsetBegin=337 CharacterOffsetEnd=339 PartOfSpeech=IN] [Text=this CharacterOffsetBegin=340 CharacterOffsetEnd=344 PartOfSpeech=DT] [Text=inanity CharacterOffsetBegin=345 CharacterOffsetEnd=352 PartOfSpeech=NN] [Text=. CharacterOffsetBegin=352 CharacterOffsetEnd=353 PartOfSpeech=.] 
root(ROOT-0, And-1)
dep(And-1, indeed-2)
punct(proof-6, ,-3)
advmod(proof-6, no-4)
amod(proof-6, better-5)
dep(indeed-2, proof-6)
prep(proof-6, of-7)
det(industry-9, the-8)
poss(trickiness-11, industry-9)
possessive(industry-9, 's-10)
pobj(of-7, trickiness-11)
prep(proof-6, than-12)
pcomp(than-12, seeing-13)
nn(Aime-15, Anouk-14)
nsubj(trapped-19, Aime-15)
cc(Aime-15, and-16)
nn(Schell-18, Maximilian-17)
conj(Aime-15, Schell-18)
ccomp(seeing-13, trapped-19)
prep(trapped-19, in-20)
det(inanity-22, this-21)
pobj(in-20, inanity-22)
punct(proof-6, .-23)

Sentence #4 (37 tokens):
The insight consists of talking heads rattle off bullshit like "should I make a studio movie that pays a lot or should I make an indie item and stay true to my artistic self?"
[Text=The CharacterOffsetBegin=358 CharacterOffsetEnd=361 PartOfSpeech=DT] [Text=insight CharacterOffsetBegin=362 CharacterOffsetEnd=369 PartOfSpeech=NN] [Text=consists CharacterOffsetBegin=370 CharacterOffsetEnd=378 PartOfSpeech=VBZ] [Text=of CharacterOffsetBegin=379 CharacterOffsetEnd=381 PartOfSpeech=IN] [Text=talking CharacterOffsetBegin=382 CharacterOffsetEnd=389 PartOfSpeech=VBG] [Text=heads CharacterOffsetBegin=390 CharacterOffsetEnd=395 PartOfSpeech=NNS] [Text=rattle CharacterOffsetBegin=396 CharacterOffsetEnd=402 PartOfSpeech=VBP] [Text=off CharacterOffsetBegin=403 CharacterOffsetEnd=406 PartOfSpeech=RP] [Text=bullshit CharacterOffsetBegin=407 CharacterOffsetEnd=415 PartOfSpeech=NN] [Text=like CharacterOffsetBegin=416 CharacterOffsetEnd=420 PartOfSpeech=IN] [Text=`` CharacterOffsetBegin=421 CharacterOffsetEnd=422 PartOfSpeech=``] [Text=should CharacterOffsetBegin=422 CharacterOffsetEnd=428 PartOfSpeech=MD] [Text=I CharacterOffsetBegin=429 CharacterOffsetEnd=430 PartOfSpeech=PRP] [Text=make CharacterOffsetBegin=431 CharacterOffsetEnd=435 PartOfSpeech=VB] [Text=a CharacterOffsetBegin=436 CharacterOffsetEnd=437 PartOfSpeech=DT] [Text=studio CharacterOffsetBegin=438 CharacterOffsetEnd=444 PartOfSpeech=NN] [Text=movie CharacterOffsetBegin=445 CharacterOffsetEnd=450 PartOfSpeech=NN] [Text=that CharacterOffsetBegin=451 CharacterOffsetEnd=455 PartOfSpeech=WDT] [Text=pays CharacterOffsetBegin=456 CharacterOffsetEnd=460 PartOfSpeech=VBZ] [Text=a CharacterOffsetBegin=461 CharacterOffsetEnd=462 PartOfSpeech=DT] [Text=lot CharacterOffsetBegin=463 CharacterOffsetEnd=466 PartOfSpeech=NN] [Text=or CharacterOffsetBegin=467 CharacterOffsetEnd=469 PartOfSpeech=CC] [Text=should CharacterOffsetBegin=470 CharacterOffsetEnd=476 PartOfSpeech=MD] [Text=I CharacterOffsetBegin=477 CharacterOffsetEnd=478 PartOfSpeech=PRP] [Text=make CharacterOffsetBegin=479 CharacterOffsetEnd=483 PartOfSpeech=VB] [Text=an CharacterOffsetBegin=484 CharacterOffsetEnd=486 PartOfSpeech=DT] [Text=indie CharacterOffsetBegin=487 CharacterOffsetEnd=492 PartOfSpeech=JJ] [Text=item CharacterOffsetBegin=493 CharacterOffsetEnd=497 PartOfSpeech=NN] [Text=and CharacterOffsetBegin=498 CharacterOffsetEnd=501 PartOfSpeech=CC] [Text=stay CharacterOffsetBegin=502 CharacterOffsetEnd=506 PartOfSpeech=VB] [Text=true CharacterOffsetBegin=507 CharacterOffsetEnd=511 PartOfSpeech=JJ] [Text=to CharacterOffsetBegin=512 CharacterOffsetEnd=514 PartOfSpeech=TO] [Text=my CharacterOffsetBegin=515 CharacterOffsetEnd=517 PartOfSpeech=PRP$] [Text=artistic CharacterOffsetBegin=518 CharacterOffsetEnd=526 PartOfSpeech=JJ] [Text=self CharacterOffsetBegin=527 CharacterOffsetEnd=531 PartOfSpeech=NN] [Text=? CharacterOffsetBegin=531 CharacterOffsetEnd=532 PartOfSpeech=.] [Text='' CharacterOffsetBegin=532 CharacterOffsetEnd=533 PartOfSpeech=''] 
root(ROOT-0, consists-3)
det(insight-2, The-1)
nsubj(consists-3, insight-2)
prep(consists-3, of-4)
amod(heads-6, talking-5)
pobj(of-4, heads-6)
dep(consists-3, rattle-7)
prt(rattle-7, off-8)
dobj(rattle-7, bullshit-9)
prep(bullshit-9, like-10)
punct(like-10, ``-11)
aux(make-14, should-12)
nsubj(make-14, I-13)
dep(like-10, make-14)
det(movie-17, a-15)
nn(movie-17, studio-16)
dobj(make-14, movie-17)
nsubj(pays-19, that-18)
rcmod(movie-17, pays-19)
det(lot-21, a-20)
dobj(pays-19, lot-21)
cc(pays-19, or-22)
aux(make-25, should-23)
nsubj(make-25, I-24)
conj(pays-19, make-25)
det(item-28, an-26)
amod(item-28, indie-27)
dobj(make-25, item-28)
cc(pays-19, and-29)
cop(true-31, stay-30)
conj(pays-19, true-31)
prep(true-31, to-32)
poss(self-35, my-33)
amod(self-35, artistic-34)
pobj(to-32, self-35)
punct(consists-3, ?-36)
punct(consists-3, ''-37)

Sentence #5 (8 tokens):
"Do the latter, please."
[Text=`` CharacterOffsetBegin=538 CharacterOffsetEnd=539 PartOfSpeech=``] [Text=Do CharacterOffsetBegin=539 CharacterOffsetEnd=541 PartOfSpeech=VBP] [Text=the CharacterOffsetBegin=542 CharacterOffsetEnd=545 PartOfSpeech=DT] [Text=latter CharacterOffsetBegin=546 CharacterOffsetEnd=552 PartOfSpeech=JJ] [Text=, CharacterOffsetBegin=552 CharacterOffsetEnd=553 PartOfSpeech=,] [Text=please CharacterOffsetBegin=554 CharacterOffsetEnd=560 PartOfSpeech=VB] [Text=. CharacterOffsetBegin=560 CharacterOffsetEnd=561 PartOfSpeech=.] [Text='' CharacterOffsetBegin=561 CharacterOffsetEnd=562 PartOfSpeech=''] 
root(ROOT-0, Do-2)
punct(Do-2, ``-1)
det(latter-4, the-3)
dobj(Do-2, latter-4)
punct(Do-2, ,-5)
dep(Do-2, please-6)
punct(Do-2, .-7)
punct(Do-2, ''-8)

Sentence #6 (16 tokens):
Or: "our relationship is not only professional, it's private as well.
[Text=Or CharacterOffsetBegin=567 CharacterOffsetEnd=569 PartOfSpeech=CC] [Text=: CharacterOffsetBegin=569 CharacterOffsetEnd=570 PartOfSpeech=:] [Text=`` CharacterOffsetBegin=571 CharacterOffsetEnd=572 PartOfSpeech=``] [Text=our CharacterOffsetBegin=572 CharacterOffsetEnd=575 PartOfSpeech=PRP$] [Text=relationship CharacterOffsetBegin=576 CharacterOffsetEnd=588 PartOfSpeech=NN] [Text=is CharacterOffsetBegin=589 CharacterOffsetEnd=591 PartOfSpeech=VBZ] [Text=not CharacterOffsetBegin=592 CharacterOffsetEnd=595 PartOfSpeech=RB] [Text=only CharacterOffsetBegin=596 CharacterOffsetEnd=600 PartOfSpeech=RB] [Text=professional CharacterOffsetBegin=601 CharacterOffsetEnd=613 PartOfSpeech=JJ] [Text=, CharacterOffsetBegin=613 CharacterOffsetEnd=614 PartOfSpeech=,] [Text=it CharacterOffsetBegin=615 CharacterOffsetEnd=617 PartOfSpeech=PRP] [Text='s CharacterOffsetBegin=617 CharacterOffsetEnd=619 PartOfSpeech=VBZ] [Text=private CharacterOffsetBegin=620 CharacterOffsetEnd=627 PartOfSpeech=JJ] [Text=as CharacterOffsetBegin=628 CharacterOffsetEnd=630 PartOfSpeech=RB] [Text=well CharacterOffsetBegin=631 CharacterOffsetEnd=635 PartOfSpeech=RB] [Text=. CharacterOffsetBegin=635 CharacterOffsetEnd=636 PartOfSpeech=.] 
root(ROOT-0, professional-9)
cc(professional-9, Or-1)
punct(Or-1, :-2)
punct(professional-9, ``-3)
poss(relationship-5, our-4)
nsubj(professional-9, relationship-5)
cop(professional-9, is-6)
neg(professional-9, not-7)
advmod(professional-9, only-8)
punct(professional-9, ,-10)
nsubj(private-13, it-11)
cop(private-13, 's-12)
conj(professional-9, private-13)
advmod(well-15, as-14)
advmod(private-13, well-15)
punct(professional-9, .-16)

Sentence #7 (14 tokens):
It's a rather complex situation to handle, isn't it?"
[Text=It CharacterOffsetBegin=641 CharacterOffsetEnd=643 PartOfSpeech=PRP] [Text='s CharacterOffsetBegin=643 CharacterOffsetEnd=645 PartOfSpeech=VBZ] [Text=a CharacterOffsetBegin=646 CharacterOffsetEnd=647 PartOfSpeech=DT] [Text=rather CharacterOffsetBegin=648 CharacterOffsetEnd=654 PartOfSpeech=RB] [Text=complex CharacterOffsetBegin=655 CharacterOffsetEnd=662 PartOfSpeech=JJ] [Text=situation CharacterOffsetBegin=663 CharacterOffsetEnd=672 PartOfSpeech=NN] [Text=to CharacterOffsetBegin=673 CharacterOffsetEnd=675 PartOfSpeech=TO] [Text=handle CharacterOffsetBegin=676 CharacterOffsetEnd=682 PartOfSpeech=VB] [Text=, CharacterOffsetBegin=682 CharacterOffsetEnd=683 PartOfSpeech=,] [Text=is CharacterOffsetBegin=684 CharacterOffsetEnd=686 PartOfSpeech=VBZ] [Text=n't CharacterOffsetBegin=686 CharacterOffsetEnd=689 PartOfSpeech=RB] [Text=it CharacterOffsetBegin=690 CharacterOffsetEnd=692 PartOfSpeech=PRP] [Text=? CharacterOffsetBegin=692 CharacterOffsetEnd=693 PartOfSpeech=.] [Text='' CharacterOffsetBegin=693 CharacterOffsetEnd=694 PartOfSpeech=''] 
root(ROOT-0, situation-6)
nsubj(situation-6, It-1)
cop(situation-6, 's-2)
det(situation-6, a-3)
advmod(complex-5, rather-4)
amod(situation-6, complex-5)
aux(handle-8, to-7)
infmod(situation-6, handle-8)
punct(situation-6, ,-9)
cop(it-12, is-10)
neg(it-12, n't-11)
dep(situation-6, it-12)
punct(situation-6, ?-13)
punct(situation-6, ''-14)

Sentence #8 (10 tokens):
"Yes, it is, my dear."
[Text=`` CharacterOffsetBegin=699 CharacterOffsetEnd=700 PartOfSpeech=``] [Text=Yes CharacterOffsetBegin=700 CharacterOffsetEnd=703 PartOfSpeech=UH] [Text=, CharacterOffsetBegin=703 CharacterOffsetEnd=704 PartOfSpeech=,] [Text=it CharacterOffsetBegin=705 CharacterOffsetEnd=707 PartOfSpeech=PRP] [Text=is CharacterOffsetBegin=708 CharacterOffsetEnd=710 PartOfSpeech=VBZ] [Text=, CharacterOffsetBegin=710 CharacterOffsetEnd=711 PartOfSpeech=,] [Text=my CharacterOffsetBegin=712 CharacterOffsetEnd=714 PartOfSpeech=PRP$] [Text=dear CharacterOffsetBegin=715 CharacterOffsetEnd=719 PartOfSpeech=RB] [Text=. CharacterOffsetBegin=719 CharacterOffsetEnd=720 PartOfSpeech=.] [Text='' CharacterOffsetBegin=720 CharacterOffsetEnd=721 PartOfSpeech=''] 
root(ROOT-0, is-5)
punct(is-5, ``-1)
discourse(is-5, Yes-2)
punct(is-5, ,-3)
nsubj(is-5, it-4)
punct(is-5, ,-6)
poss(dear-8, my-7)
dep(is-5, dear-8)
punct(is-5, .-9)
punct(is-5, ''-10)

Sentence #9 (29 tokens):
Between the insipid dialogs one gets glimpses of palm trees, hotel lobbies and American movie posters (no sign of non-American film presence on the Croisette).
[Text=Between CharacterOffsetBegin=726 CharacterOffsetEnd=733 PartOfSpeech=IN] [Text=the CharacterOffsetBegin=734 CharacterOffsetEnd=737 PartOfSpeech=DT] [Text=insipid CharacterOffsetBegin=738 CharacterOffsetEnd=745 PartOfSpeech=JJ] [Text=dialogs CharacterOffsetBegin=746 CharacterOffsetEnd=753 PartOfSpeech=NNS] [Text=one CharacterOffsetBegin=754 CharacterOffsetEnd=757 PartOfSpeech=CD] [Text=gets CharacterOffsetBegin=758 CharacterOffsetEnd=762 PartOfSpeech=VBZ] [Text=glimpses CharacterOffsetBegin=763 CharacterOffsetEnd=771 PartOfSpeech=NNS] [Text=of CharacterOffsetBegin=772 CharacterOffsetEnd=774 PartOfSpeech=IN] [Text=palm CharacterOffsetBegin=775 CharacterOffsetEnd=779 PartOfSpeech=NN] [Text=trees CharacterOffsetBegin=780 CharacterOffsetEnd=785 PartOfSpeech=NNS] [Text=, CharacterOffsetBegin=785 CharacterOffsetEnd=786 PartOfSpeech=,] [Text=hotel CharacterOffsetBegin=787 CharacterOffsetEnd=792 PartOfSpeech=NN] [Text=lobbies CharacterOffsetBegin=793 CharacterOffsetEnd=800 PartOfSpeech=NNS] [Text=and CharacterOffsetBegin=801 CharacterOffsetEnd=804 PartOfSpeech=CC] [Text=American CharacterOffsetBegin=805 CharacterOffsetEnd=813 PartOfSpeech=JJ] [Text=movie CharacterOffsetBegin=814 CharacterOffsetEnd=819 PartOfSpeech=NN] [Text=posters CharacterOffsetBegin=820 CharacterOffsetEnd=827 PartOfSpeech=NNS] [Text=-LRB- CharacterOffsetBegin=828 CharacterOffsetEnd=829 PartOfSpeech=-LRB-] [Text=no CharacterOffsetBegin=829 CharacterOffsetEnd=831 PartOfSpeech=DT] [Text=sign CharacterOffsetBegin=832 CharacterOffsetEnd=836 PartOfSpeech=NN] [Text=of CharacterOffsetBegin=837 CharacterOffsetEnd=839 PartOfSpeech=IN] [Text=non-American CharacterOffsetBegin=840 CharacterOffsetEnd=852 PartOfSpeech=JJ] [Text=film CharacterOffsetBegin=853 CharacterOffsetEnd=857 PartOfSpeech=NN] [Text=presence CharacterOffsetBegin=858 CharacterOffsetEnd=866 PartOfSpeech=NN] [Text=on CharacterOffsetBegin=867 CharacterOffsetEnd=869 PartOfSpeech=IN] [Text=the CharacterOffsetBegin=870 CharacterOffsetEnd=873 PartOfSpeech=DT] [Text=Croisette CharacterOffsetBegin=874 CharacterOffsetEnd=883 PartOfSpeech=NN] [Text=-RRB- CharacterOffsetBegin=883 CharacterOffsetEnd=884 PartOfSpeech=-RRB-] [Text=. CharacterOffsetBegin=884 CharacterOffsetEnd=885 PartOfSpeech=.] 
root(ROOT-0, Between-1)
det(dialogs-4, the-2)
amod(dialogs-4, insipid-3)
pobj(Between-1, dialogs-4)
amod(dialogs-4, one-5)
partmod(one-5, gets-6)
dobj(gets-6, glimpses-7)
prep(glimpses-7, of-8)
nn(trees-10, palm-9)
pobj(of-8, trees-10)
punct(trees-10, ,-11)
nn(lobbies-13, hotel-12)
conj(trees-10, lobbies-13)
cc(trees-10, and-14)
amod(posters-17, American-15)
nn(posters-17, movie-16)
conj(trees-10, posters-17)
punct(sign-20, -LRB--18)
det(sign-20, no-19)
appos(posters-17, sign-20)
prep(sign-20, of-21)
amod(presence-24, non-American-22)
nn(presence-24, film-23)
pobj(of-21, presence-24)
prep(sign-20, on-25)
det(Croisette-27, the-26)
pobj(on-25, Croisette-27)
punct(sign-20, -RRB--28)
punct(Between-1, .-29)

Sentence #10 (17 tokens):
Recurrent slumber sessions are inevitable, making the 100 minutes of the film feel like ages.
[Text=Recurrent CharacterOffsetBegin=890 CharacterOffsetEnd=899 PartOfSpeech=JJ] [Text=slumber CharacterOffsetBegin=900 CharacterOffsetEnd=907 PartOfSpeech=NN] [Text=sessions CharacterOffsetBegin=908 CharacterOffsetEnd=916 PartOfSpeech=NNS] [Text=are CharacterOffsetBegin=917 CharacterOffsetEnd=920 PartOfSpeech=VBP] [Text=inevitable CharacterOffsetBegin=921 CharacterOffsetEnd=931 PartOfSpeech=JJ] [Text=, CharacterOffsetBegin=931 CharacterOffsetEnd=932 PartOfSpeech=,] [Text=making CharacterOffsetBegin=933 CharacterOffsetEnd=939 PartOfSpeech=VBG] [Text=the CharacterOffsetBegin=940 CharacterOffsetEnd=943 PartOfSpeech=DT] [Text=100 CharacterOffsetBegin=944 CharacterOffsetEnd=947 PartOfSpeech=CD] [Text=minutes CharacterOffsetBegin=948 CharacterOffsetEnd=955 PartOfSpeech=NNS] [Text=of CharacterOffsetBegin=956 CharacterOffsetEnd=958 PartOfSpeech=IN] [Text=the CharacterOffsetBegin=959 CharacterOffsetEnd=962 PartOfSpeech=DT] [Text=film CharacterOffsetBegin=963 CharacterOffsetEnd=967 PartOfSpeech=NN] [Text=feel CharacterOffsetBegin=968 CharacterOffsetEnd=972 PartOfSpeech=VB] [Text=like CharacterOffsetBegin=973 CharacterOffsetEnd=977 PartOfSpeech=IN] [Text=ages CharacterOffsetBegin=978 CharacterOffsetEnd=982 PartOfSpeech=NNS] [Text=. CharacterOffsetBegin=982 CharacterOffsetEnd=983 PartOfSpeech=.] 
root(ROOT-0, inevitable-5)
amod(sessions-3, Recurrent-1)
nn(sessions-3, slumber-2)
nsubj(inevitable-5, sessions-3)
cop(inevitable-5, are-4)
punct(inevitable-5, ,-6)
partmod(inevitable-5, making-7)
det(minutes-10, the-8)
num(minutes-10, 100-9)
nsubj(feel-14, minutes-10)
prep(minutes-10, of-11)
det(film-13, the-12)
pobj(of-11, film-13)
xcomp(making-7, feel-14)
prep(feel-14, like-15)
pobj(like-15, ages-16)
punct(inevitable-5, .-17)

Sentence #11 (14 tokens):
Jenny Gabrielle is spectacularly unconvincing in justifying her own presence in the frame.
[Text=Jenny CharacterOffsetBegin=988 CharacterOffsetEnd=993 PartOfSpeech=NNP] [Text=Gabrielle CharacterOffsetBegin=994 CharacterOffsetEnd=1003 PartOfSpeech=NNP] [Text=is CharacterOffsetBegin=1004 CharacterOffsetEnd=1006 PartOfSpeech=VBZ] [Text=spectacularly CharacterOffsetBegin=1007 CharacterOffsetEnd=1020 PartOfSpeech=RB] [Text=unconvincing CharacterOffsetBegin=1021 CharacterOffsetEnd=1033 PartOfSpeech=JJ] [Text=in CharacterOffsetBegin=1034 CharacterOffsetEnd=1036 PartOfSpeech=IN] [Text=justifying CharacterOffsetBegin=1037 CharacterOffsetEnd=1047 PartOfSpeech=VBG] [Text=her CharacterOffsetBegin=1048 CharacterOffsetEnd=1051 PartOfSpeech=PRP$] [Text=own CharacterOffsetBegin=1052 CharacterOffsetEnd=1055 PartOfSpeech=JJ] [Text=presence CharacterOffsetBegin=1056 CharacterOffsetEnd=1064 PartOfSpeech=NN] [Text=in CharacterOffsetBegin=1065 CharacterOffsetEnd=1067 PartOfSpeech=IN] [Text=the CharacterOffsetBegin=1068 CharacterOffsetEnd=1071 PartOfSpeech=DT] [Text=frame CharacterOffsetBegin=1072 CharacterOffsetEnd=1077 PartOfSpeech=NN] [Text=. CharacterOffsetBegin=1077 CharacterOffsetEnd=1078 PartOfSpeech=.] 
root(ROOT-0, unconvincing-5)
nn(Gabrielle-2, Jenny-1)
nsubj(unconvincing-5, Gabrielle-2)
cop(unconvincing-5, is-3)
advmod(unconvincing-5, spectacularly-4)
prep(unconvincing-5, in-6)
pcomp(in-6, justifying-7)
poss(presence-10, her-8)
amod(presence-10, own-9)
dobj(justifying-7, presence-10)
prep(presence-10, in-11)
det(frame-13, the-12)
pobj(in-11, frame-13)
punct(unconvincing-5, .-14)

