Sentence #1 (10 tokens):
I watched this video at a friend's house.
[Text=I CharacterOffsetBegin=4 CharacterOffsetEnd=5 PartOfSpeech=PRP] [Text=watched CharacterOffsetBegin=6 CharacterOffsetEnd=13 PartOfSpeech=VBD] [Text=this CharacterOffsetBegin=14 CharacterOffsetEnd=18 PartOfSpeech=DT] [Text=video CharacterOffsetBegin=19 CharacterOffsetEnd=24 PartOfSpeech=NN] [Text=at CharacterOffsetBegin=25 CharacterOffsetEnd=27 PartOfSpeech=IN] [Text=a CharacterOffsetBegin=28 CharacterOffsetEnd=29 PartOfSpeech=DT] [Text=friend CharacterOffsetBegin=30 CharacterOffsetEnd=36 PartOfSpeech=NN] [Text='s CharacterOffsetBegin=36 CharacterOffsetEnd=38 PartOfSpeech=POS] [Text=house CharacterOffsetBegin=39 CharacterOffsetEnd=44 PartOfSpeech=NN] [Text=. CharacterOffsetBegin=44 CharacterOffsetEnd=45 PartOfSpeech=.] 
root(ROOT-0, watched-2)
nsubj(watched-2, I-1)
det(video-4, this-3)
dobj(watched-2, video-4)
prep(watched-2, at-5)
det(friend-7, a-6)
poss(house-9, friend-7)
possessive(friend-7, 's-8)
pobj(at-5, house-9)
punct(watched-2, .-10)

Sentence #2 (12 tokens):
I'm glad I did not waste money buying this one.
[Text=I CharacterOffsetBegin=50 CharacterOffsetEnd=51 PartOfSpeech=PRP] [Text='m CharacterOffsetBegin=51 CharacterOffsetEnd=53 PartOfSpeech=VBP] [Text=glad CharacterOffsetBegin=54 CharacterOffsetEnd=58 PartOfSpeech=JJ] [Text=I CharacterOffsetBegin=59 CharacterOffsetEnd=60 PartOfSpeech=PRP] [Text=did CharacterOffsetBegin=61 CharacterOffsetEnd=64 PartOfSpeech=VBD] [Text=not CharacterOffsetBegin=65 CharacterOffsetEnd=68 PartOfSpeech=RB] [Text=waste CharacterOffsetBegin=69 CharacterOffsetEnd=74 PartOfSpeech=VB] [Text=money CharacterOffsetBegin=75 CharacterOffsetEnd=80 PartOfSpeech=NN] [Text=buying CharacterOffsetBegin=81 CharacterOffsetEnd=87 PartOfSpeech=VBG] [Text=this CharacterOffsetBegin=88 CharacterOffsetEnd=92 PartOfSpeech=DT] [Text=one CharacterOffsetBegin=93 CharacterOffsetEnd=96 PartOfSpeech=CD] [Text=. CharacterOffsetBegin=96 CharacterOffsetEnd=97 PartOfSpeech=.] 
root(ROOT-0, glad-3)
nsubj(glad-3, I-1)
cop(glad-3, 'm-2)
nsubj(waste-7, I-4)
aux(waste-7, did-5)
neg(waste-7, not-6)
ccomp(glad-3, waste-7)
nn(buying-9, money-8)
dep(waste-7, buying-9)
det(one-11, this-10)
dobj(buying-9, one-11)
punct(glad-3, .-12)

Sentence #3 (13 tokens):
The video cover has a scene from the 1975 movie Capricorn One.
[Text=The CharacterOffsetBegin=102 CharacterOffsetEnd=105 PartOfSpeech=DT] [Text=video CharacterOffsetBegin=106 CharacterOffsetEnd=111 PartOfSpeech=NN] [Text=cover CharacterOffsetBegin=112 CharacterOffsetEnd=117 PartOfSpeech=NN] [Text=has CharacterOffsetBegin=118 CharacterOffsetEnd=121 PartOfSpeech=VBZ] [Text=a CharacterOffsetBegin=122 CharacterOffsetEnd=123 PartOfSpeech=DT] [Text=scene CharacterOffsetBegin=124 CharacterOffsetEnd=129 PartOfSpeech=NN] [Text=from CharacterOffsetBegin=130 CharacterOffsetEnd=134 PartOfSpeech=IN] [Text=the CharacterOffsetBegin=135 CharacterOffsetEnd=138 PartOfSpeech=DT] [Text=1975 CharacterOffsetBegin=139 CharacterOffsetEnd=143 PartOfSpeech=CD] [Text=movie CharacterOffsetBegin=144 CharacterOffsetEnd=149 PartOfSpeech=NN] [Text=Capricorn CharacterOffsetBegin=150 CharacterOffsetEnd=159 PartOfSpeech=NNP] [Text=One CharacterOffsetBegin=160 CharacterOffsetEnd=163 PartOfSpeech=CD] [Text=. CharacterOffsetBegin=163 CharacterOffsetEnd=164 PartOfSpeech=.] 
root(ROOT-0, has-4)
det(cover-3, The-1)
nn(cover-3, video-2)
nsubj(has-4, cover-3)
det(scene-6, a-5)
dobj(has-4, scene-6)
prep(scene-6, from-7)
det(Capricorn-11, the-8)
num(Capricorn-11, 1975-9)
nn(Capricorn-11, movie-10)
pobj(from-7, Capricorn-11)
num(Capricorn-11, One-12)
punct(has-4, .-13)

Sentence #4 (18 tokens):
The movie starts out with several clips of rocket blow-ups, most not related to manned flight.
[Text=The CharacterOffsetBegin=169 CharacterOffsetEnd=172 PartOfSpeech=DT] [Text=movie CharacterOffsetBegin=173 CharacterOffsetEnd=178 PartOfSpeech=NN] [Text=starts CharacterOffsetBegin=179 CharacterOffsetEnd=185 PartOfSpeech=VBZ] [Text=out CharacterOffsetBegin=186 CharacterOffsetEnd=189 PartOfSpeech=RP] [Text=with CharacterOffsetBegin=190 CharacterOffsetEnd=194 PartOfSpeech=IN] [Text=several CharacterOffsetBegin=195 CharacterOffsetEnd=202 PartOfSpeech=JJ] [Text=clips CharacterOffsetBegin=203 CharacterOffsetEnd=208 PartOfSpeech=NNS] [Text=of CharacterOffsetBegin=209 CharacterOffsetEnd=211 PartOfSpeech=IN] [Text=rocket CharacterOffsetBegin=212 CharacterOffsetEnd=218 PartOfSpeech=NN] [Text=blow-ups CharacterOffsetBegin=219 CharacterOffsetEnd=227 PartOfSpeech=NNS] [Text=, CharacterOffsetBegin=227 CharacterOffsetEnd=228 PartOfSpeech=,] [Text=most CharacterOffsetBegin=229 CharacterOffsetEnd=233 PartOfSpeech=JJS] [Text=not CharacterOffsetBegin=234 CharacterOffsetEnd=237 PartOfSpeech=RB] [Text=related CharacterOffsetBegin=238 CharacterOffsetEnd=245 PartOfSpeech=JJ] [Text=to CharacterOffsetBegin=246 CharacterOffsetEnd=248 PartOfSpeech=TO] [Text=manned CharacterOffsetBegin=249 CharacterOffsetEnd=255 PartOfSpeech=JJ] [Text=flight CharacterOffsetBegin=256 CharacterOffsetEnd=262 PartOfSpeech=NN] [Text=. CharacterOffsetBegin=262 CharacterOffsetEnd=263 PartOfSpeech=.] 
root(ROOT-0, starts-3)
det(movie-2, The-1)
nsubj(starts-3, movie-2)
prt(starts-3, out-4)
prep(starts-3, with-5)
amod(clips-7, several-6)
pobj(with-5, clips-7)
prep(clips-7, of-8)
nn(blow-ups-10, rocket-9)
pobj(of-8, blow-ups-10)
punct(starts-3, ,-11)
advmod(related-14, most-12)
neg(related-14, not-13)
xcomp(starts-3, related-14)
prep(related-14, to-15)
amod(flight-17, manned-16)
pobj(to-15, flight-17)
punct(starts-3, .-18)

Sentence #5 (17 tokens):
Sibrel's smoking gun is a short video clip of the astronauts preparing a video broadcast.
[Text=Sibrel CharacterOffsetBegin=268 CharacterOffsetEnd=274 PartOfSpeech=NNP] [Text='s CharacterOffsetBegin=274 CharacterOffsetEnd=276 PartOfSpeech=POS] [Text=smoking CharacterOffsetBegin=277 CharacterOffsetEnd=284 PartOfSpeech=NN] [Text=gun CharacterOffsetBegin=285 CharacterOffsetEnd=288 PartOfSpeech=NN] [Text=is CharacterOffsetBegin=289 CharacterOffsetEnd=291 PartOfSpeech=VBZ] [Text=a CharacterOffsetBegin=292 CharacterOffsetEnd=293 PartOfSpeech=DT] [Text=short CharacterOffsetBegin=294 CharacterOffsetEnd=299 PartOfSpeech=JJ] [Text=video CharacterOffsetBegin=300 CharacterOffsetEnd=305 PartOfSpeech=NN] [Text=clip CharacterOffsetBegin=306 CharacterOffsetEnd=310 PartOfSpeech=NN] [Text=of CharacterOffsetBegin=311 CharacterOffsetEnd=313 PartOfSpeech=IN] [Text=the CharacterOffsetBegin=314 CharacterOffsetEnd=317 PartOfSpeech=DT] [Text=astronauts CharacterOffsetBegin=318 CharacterOffsetEnd=328 PartOfSpeech=NNS] [Text=preparing CharacterOffsetBegin=329 CharacterOffsetEnd=338 PartOfSpeech=VBG] [Text=a CharacterOffsetBegin=339 CharacterOffsetEnd=340 PartOfSpeech=DT] [Text=video CharacterOffsetBegin=341 CharacterOffsetEnd=346 PartOfSpeech=NN] [Text=broadcast CharacterOffsetBegin=347 CharacterOffsetEnd=356 PartOfSpeech=NN] [Text=. CharacterOffsetBegin=356 CharacterOffsetEnd=357 PartOfSpeech=.] 
root(ROOT-0, clip-9)
poss(gun-4, Sibrel-1)
possessive(Sibrel-1, 's-2)
nn(gun-4, smoking-3)
nsubj(clip-9, gun-4)
cop(clip-9, is-5)
det(clip-9, a-6)
amod(clip-9, short-7)
nn(clip-9, video-8)
prep(clip-9, of-10)
det(astronauts-12, the-11)
pobj(of-10, astronauts-12)
partmod(clip-9, preparing-13)
det(broadcast-16, a-14)
nn(broadcast-16, video-15)
dobj(preparing-13, broadcast-16)
punct(clip-9, .-17)

Sentence #6 (19 tokens):
He edits in his own voice-over instead of letting us listen to what the crew had to say.
[Text=He CharacterOffsetBegin=362 CharacterOffsetEnd=364 PartOfSpeech=PRP] [Text=edits CharacterOffsetBegin=365 CharacterOffsetEnd=370 PartOfSpeech=VBZ] [Text=in CharacterOffsetBegin=371 CharacterOffsetEnd=373 PartOfSpeech=IN] [Text=his CharacterOffsetBegin=374 CharacterOffsetEnd=377 PartOfSpeech=PRP$] [Text=own CharacterOffsetBegin=378 CharacterOffsetEnd=381 PartOfSpeech=JJ] [Text=voice-over CharacterOffsetBegin=382 CharacterOffsetEnd=392 PartOfSpeech=NN] [Text=instead CharacterOffsetBegin=393 CharacterOffsetEnd=400 PartOfSpeech=RB] [Text=of CharacterOffsetBegin=401 CharacterOffsetEnd=403 PartOfSpeech=IN] [Text=letting CharacterOffsetBegin=404 CharacterOffsetEnd=411 PartOfSpeech=VBG] [Text=us CharacterOffsetBegin=412 CharacterOffsetEnd=414 PartOfSpeech=PRP] [Text=listen CharacterOffsetBegin=415 CharacterOffsetEnd=421 PartOfSpeech=VB] [Text=to CharacterOffsetBegin=422 CharacterOffsetEnd=424 PartOfSpeech=TO] [Text=what CharacterOffsetBegin=425 CharacterOffsetEnd=429 PartOfSpeech=WP] [Text=the CharacterOffsetBegin=430 CharacterOffsetEnd=433 PartOfSpeech=DT] [Text=crew CharacterOffsetBegin=434 CharacterOffsetEnd=438 PartOfSpeech=NN] [Text=had CharacterOffsetBegin=439 CharacterOffsetEnd=442 PartOfSpeech=VBD] [Text=to CharacterOffsetBegin=443 CharacterOffsetEnd=445 PartOfSpeech=TO] [Text=say CharacterOffsetBegin=446 CharacterOffsetEnd=449 PartOfSpeech=VB] [Text=. CharacterOffsetBegin=449 CharacterOffsetEnd=450 PartOfSpeech=.] 
root(ROOT-0, edits-2)
nsubj(edits-2, He-1)
prep(edits-2, in-3)
poss(voice-over-6, his-4)
amod(voice-over-6, own-5)
pobj(in-3, voice-over-6)
cc(edits-2, instead-7)
mwe(instead-7, of-8)
conj(edits-2, letting-9)
nsubj(listen-11, us-10)
ccomp(letting-9, listen-11)
prep(listen-11, to-12)
dobj(had-16, what-13)
det(crew-15, the-14)
nsubj(had-16, crew-15)
pcomp(to-12, had-16)
aux(say-18, to-17)
xcomp(had-16, say-18)
punct(edits-2, .-19)

Sentence #7 (12 tokens):
The video curiously ends with a showing of the Zapruder film.
[Text=The CharacterOffsetBegin=455 CharacterOffsetEnd=458 PartOfSpeech=DT] [Text=video CharacterOffsetBegin=459 CharacterOffsetEnd=464 PartOfSpeech=NN] [Text=curiously CharacterOffsetBegin=465 CharacterOffsetEnd=474 PartOfSpeech=RB] [Text=ends CharacterOffsetBegin=475 CharacterOffsetEnd=479 PartOfSpeech=VBZ] [Text=with CharacterOffsetBegin=480 CharacterOffsetEnd=484 PartOfSpeech=IN] [Text=a CharacterOffsetBegin=485 CharacterOffsetEnd=486 PartOfSpeech=DT] [Text=showing CharacterOffsetBegin=487 CharacterOffsetEnd=494 PartOfSpeech=NN] [Text=of CharacterOffsetBegin=495 CharacterOffsetEnd=497 PartOfSpeech=IN] [Text=the CharacterOffsetBegin=498 CharacterOffsetEnd=501 PartOfSpeech=DT] [Text=Zapruder CharacterOffsetBegin=502 CharacterOffsetEnd=510 PartOfSpeech=NNP] [Text=film CharacterOffsetBegin=511 CharacterOffsetEnd=515 PartOfSpeech=NN] [Text=. CharacterOffsetBegin=515 CharacterOffsetEnd=516 PartOfSpeech=.] 
root(ROOT-0, ends-4)
det(video-2, The-1)
nsubj(ends-4, video-2)
advmod(ends-4, curiously-3)
prep(ends-4, with-5)
det(showing-7, a-6)
pobj(with-5, showing-7)
prep(showing-7, of-8)
det(film-11, the-9)
nn(film-11, Zapruder-10)
pobj(of-8, film-11)
punct(ends-4, .-12)

Sentence #8 (39 tokens):
His claims about radiation, shielding, star photography, and others lead me to believe is he extremely ignorant or has some sort of ax to grind against NASA, the astronauts, or American in general.
[Text=His CharacterOffsetBegin=521 CharacterOffsetEnd=524 PartOfSpeech=PRP$] [Text=claims CharacterOffsetBegin=525 CharacterOffsetEnd=531 PartOfSpeech=NNS] [Text=about CharacterOffsetBegin=532 CharacterOffsetEnd=537 PartOfSpeech=IN] [Text=radiation CharacterOffsetBegin=538 CharacterOffsetEnd=547 PartOfSpeech=NN] [Text=, CharacterOffsetBegin=547 CharacterOffsetEnd=548 PartOfSpeech=,] [Text=shielding CharacterOffsetBegin=549 CharacterOffsetEnd=558 PartOfSpeech=VBG] [Text=, CharacterOffsetBegin=558 CharacterOffsetEnd=559 PartOfSpeech=,] [Text=star CharacterOffsetBegin=560 CharacterOffsetEnd=564 PartOfSpeech=VB] [Text=photography CharacterOffsetBegin=565 CharacterOffsetEnd=576 PartOfSpeech=NN] [Text=, CharacterOffsetBegin=576 CharacterOffsetEnd=577 PartOfSpeech=,] [Text=and CharacterOffsetBegin=578 CharacterOffsetEnd=581 PartOfSpeech=CC] [Text=others CharacterOffsetBegin=582 CharacterOffsetEnd=588 PartOfSpeech=NNS] [Text=lead CharacterOffsetBegin=589 CharacterOffsetEnd=593 PartOfSpeech=VBP] [Text=me CharacterOffsetBegin=594 CharacterOffsetEnd=596 PartOfSpeech=PRP] [Text=to CharacterOffsetBegin=597 CharacterOffsetEnd=599 PartOfSpeech=TO] [Text=believe CharacterOffsetBegin=600 CharacterOffsetEnd=607 PartOfSpeech=VB] [Text=is CharacterOffsetBegin=608 CharacterOffsetEnd=610 PartOfSpeech=VBZ] [Text=he CharacterOffsetBegin=611 CharacterOffsetEnd=613 PartOfSpeech=PRP] [Text=extremely CharacterOffsetBegin=614 CharacterOffsetEnd=623 PartOfSpeech=RB] [Text=ignorant CharacterOffsetBegin=624 CharacterOffsetEnd=632 PartOfSpeech=JJ] [Text=or CharacterOffsetBegin=633 CharacterOffsetEnd=635 PartOfSpeech=CC] [Text=has CharacterOffsetBegin=636 CharacterOffsetEnd=639 PartOfSpeech=VBZ] [Text=some CharacterOffsetBegin=640 CharacterOffsetEnd=644 PartOfSpeech=DT] [Text=sort CharacterOffsetBegin=645 CharacterOffsetEnd=649 PartOfSpeech=NN] [Text=of CharacterOffsetBegin=650 CharacterOffsetEnd=652 PartOfSpeech=IN] [Text=ax CharacterOffsetBegin=653 CharacterOffsetEnd=655 PartOfSpeech=NN] [Text=to CharacterOffsetBegin=656 CharacterOffsetEnd=658 PartOfSpeech=TO] [Text=grind CharacterOffsetBegin=659 CharacterOffsetEnd=664 PartOfSpeech=VB] [Text=against CharacterOffsetBegin=665 CharacterOffsetEnd=672 PartOfSpeech=IN] [Text=NASA CharacterOffsetBegin=673 CharacterOffsetEnd=677 PartOfSpeech=NNP] [Text=, CharacterOffsetBegin=677 CharacterOffsetEnd=678 PartOfSpeech=,] [Text=the CharacterOffsetBegin=679 CharacterOffsetEnd=682 PartOfSpeech=DT] [Text=astronauts CharacterOffsetBegin=683 CharacterOffsetEnd=693 PartOfSpeech=NNS] [Text=, CharacterOffsetBegin=693 CharacterOffsetEnd=694 PartOfSpeech=,] [Text=or CharacterOffsetBegin=695 CharacterOffsetEnd=697 PartOfSpeech=CC] [Text=American CharacterOffsetBegin=698 CharacterOffsetEnd=706 PartOfSpeech=NNP] [Text=in CharacterOffsetBegin=707 CharacterOffsetEnd=709 PartOfSpeech=IN] [Text=general CharacterOffsetBegin=710 CharacterOffsetEnd=717 PartOfSpeech=JJ] [Text=. CharacterOffsetBegin=717 CharacterOffsetEnd=718 PartOfSpeech=.] 
root(ROOT-0, ignorant-20)
poss(claims-2, His-1)
nsubj(ignorant-20, claims-2)
prep(claims-2, about-3)
pobj(about-3, radiation-4)
punct(claims-2, ,-5)
partmod(claims-2, shielding-6)
punct(shielding-6, ,-7)
nn(photography-9, star-8)
conj(shielding-6, photography-9)
punct(shielding-6, ,-10)
cc(shielding-6, and-11)
nsubj(lead-13, others-12)
conj(shielding-6, lead-13)
dobj(lead-13, me-14)
aux(believe-16, to-15)
xcomp(lead-13, believe-16)
cop(ignorant-20, is-17)
nsubj(ignorant-20, he-18)
advmod(ignorant-20, extremely-19)
cc(ignorant-20, or-21)
conj(ignorant-20, has-22)
det(sort-24, some-23)
dobj(has-22, sort-24)
prep(sort-24, of-25)
pobj(of-25, ax-26)
aux(grind-28, to-27)
infmod(sort-24, grind-28)
prep(grind-28, against-29)
pobj(against-29, NASA-30)
punct(ignorant-20, ,-31)
det(astronauts-33, the-32)
conj(ignorant-20, astronauts-33)
punct(astronauts-33, ,-34)
cc(astronauts-33, or-35)
conj(astronauts-33, American-36)
prep(American-36, in-37)
pobj(in-37, general-38)
punct(ignorant-20, .-39)

Sentence #9 (11 tokens):
His science is bad, and so is this video.
[Text=His CharacterOffsetBegin=723 CharacterOffsetEnd=726 PartOfSpeech=PRP$] [Text=science CharacterOffsetBegin=727 CharacterOffsetEnd=734 PartOfSpeech=NN] [Text=is CharacterOffsetBegin=735 CharacterOffsetEnd=737 PartOfSpeech=VBZ] [Text=bad CharacterOffsetBegin=738 CharacterOffsetEnd=741 PartOfSpeech=JJ] [Text=, CharacterOffsetBegin=741 CharacterOffsetEnd=742 PartOfSpeech=,] [Text=and CharacterOffsetBegin=743 CharacterOffsetEnd=746 PartOfSpeech=CC] [Text=so CharacterOffsetBegin=747 CharacterOffsetEnd=749 PartOfSpeech=RB] [Text=is CharacterOffsetBegin=750 CharacterOffsetEnd=752 PartOfSpeech=VBZ] [Text=this CharacterOffsetBegin=753 CharacterOffsetEnd=757 PartOfSpeech=DT] [Text=video CharacterOffsetBegin=758 CharacterOffsetEnd=763 PartOfSpeech=NN] [Text=. CharacterOffsetBegin=763 CharacterOffsetEnd=764 PartOfSpeech=.] 
root(ROOT-0, bad-4)
poss(science-2, His-1)
nsubj(bad-4, science-2)
cop(bad-4, is-3)
punct(bad-4, ,-5)
cc(bad-4, and-6)
advmod(is-8, so-7)
cop(video-10, is-8)
det(video-10, this-9)
conj(bad-4, video-10)
punct(bad-4, .-11)

