Sentence #1 (9 tokens):
This Movie had some great actors in it!
[Text=This CharacterOffsetBegin=4 CharacterOffsetEnd=8 PartOfSpeech=DT] [Text=Movie CharacterOffsetBegin=9 CharacterOffsetEnd=14 PartOfSpeech=NN] [Text=had CharacterOffsetBegin=15 CharacterOffsetEnd=18 PartOfSpeech=VBD] [Text=some CharacterOffsetBegin=19 CharacterOffsetEnd=23 PartOfSpeech=DT] [Text=great CharacterOffsetBegin=24 CharacterOffsetEnd=29 PartOfSpeech=JJ] [Text=actors CharacterOffsetBegin=30 CharacterOffsetEnd=36 PartOfSpeech=NNS] [Text=in CharacterOffsetBegin=37 CharacterOffsetEnd=39 PartOfSpeech=IN] [Text=it CharacterOffsetBegin=40 CharacterOffsetEnd=42 PartOfSpeech=PRP] [Text=! CharacterOffsetBegin=42 CharacterOffsetEnd=43 PartOfSpeech=.] 
root(ROOT-0, had-3)
det(Movie-2, This-1)
nsubj(had-3, Movie-2)
det(actors-6, some-4)
amod(actors-6, great-5)
dobj(had-3, actors-6)
prep(had-3, in-7)
pobj(in-7, it-8)
punct(had-3, !-9)

Sentence #2 (8 tokens):
Unfortunately they had forgotten how to act.
[Text=Unfortunately CharacterOffsetBegin=48 CharacterOffsetEnd=61 PartOfSpeech=RB] [Text=they CharacterOffsetBegin=62 CharacterOffsetEnd=66 PartOfSpeech=PRP] [Text=had CharacterOffsetBegin=67 CharacterOffsetEnd=70 PartOfSpeech=VBD] [Text=forgotten CharacterOffsetBegin=71 CharacterOffsetEnd=80 PartOfSpeech=VBN] [Text=how CharacterOffsetBegin=81 CharacterOffsetEnd=84 PartOfSpeech=WRB] [Text=to CharacterOffsetBegin=85 CharacterOffsetEnd=87 PartOfSpeech=TO] [Text=act CharacterOffsetBegin=88 CharacterOffsetEnd=91 PartOfSpeech=VB] [Text=. CharacterOffsetBegin=91 CharacterOffsetEnd=92 PartOfSpeech=.] 
root(ROOT-0, forgotten-4)
advmod(forgotten-4, Unfortunately-1)
nsubj(forgotten-4, they-2)
aux(forgotten-4, had-3)
advmod(act-7, how-5)
aux(act-7, to-6)
ccomp(forgotten-4, act-7)
punct(forgotten-4, .-8)

Sentence #3 (26 tokens):
I was hoping the movie would get better as it went along but the acting was so robotic it was doomed from the very start.
[Text=I CharacterOffsetBegin=97 CharacterOffsetEnd=98 PartOfSpeech=PRP] [Text=was CharacterOffsetBegin=99 CharacterOffsetEnd=102 PartOfSpeech=VBD] [Text=hoping CharacterOffsetBegin=103 CharacterOffsetEnd=109 PartOfSpeech=VBG] [Text=the CharacterOffsetBegin=110 CharacterOffsetEnd=113 PartOfSpeech=DT] [Text=movie CharacterOffsetBegin=114 CharacterOffsetEnd=119 PartOfSpeech=NN] [Text=would CharacterOffsetBegin=120 CharacterOffsetEnd=125 PartOfSpeech=MD] [Text=get CharacterOffsetBegin=126 CharacterOffsetEnd=129 PartOfSpeech=VB] [Text=better CharacterOffsetBegin=130 CharacterOffsetEnd=136 PartOfSpeech=JJR] [Text=as CharacterOffsetBegin=137 CharacterOffsetEnd=139 PartOfSpeech=IN] [Text=it CharacterOffsetBegin=140 CharacterOffsetEnd=142 PartOfSpeech=PRP] [Text=went CharacterOffsetBegin=143 CharacterOffsetEnd=147 PartOfSpeech=VBD] [Text=along CharacterOffsetBegin=148 CharacterOffsetEnd=153 PartOfSpeech=IN] [Text=but CharacterOffsetBegin=154 CharacterOffsetEnd=157 PartOfSpeech=CC] [Text=the CharacterOffsetBegin=158 CharacterOffsetEnd=161 PartOfSpeech=DT] [Text=acting CharacterOffsetBegin=162 CharacterOffsetEnd=168 PartOfSpeech=NN] [Text=was CharacterOffsetBegin=169 CharacterOffsetEnd=172 PartOfSpeech=VBD] [Text=so CharacterOffsetBegin=173 CharacterOffsetEnd=175 PartOfSpeech=RB] [Text=robotic CharacterOffsetBegin=176 CharacterOffsetEnd=183 PartOfSpeech=JJ] [Text=it CharacterOffsetBegin=184 CharacterOffsetEnd=186 PartOfSpeech=PRP] [Text=was CharacterOffsetBegin=187 CharacterOffsetEnd=190 PartOfSpeech=VBD] [Text=doomed CharacterOffsetBegin=191 CharacterOffsetEnd=197 PartOfSpeech=VBN] [Text=from CharacterOffsetBegin=198 CharacterOffsetEnd=202 PartOfSpeech=IN] [Text=the CharacterOffsetBegin=203 CharacterOffsetEnd=206 PartOfSpeech=DT] [Text=very CharacterOffsetBegin=207 CharacterOffsetEnd=211 PartOfSpeech=JJ] [Text=start CharacterOffsetBegin=212 CharacterOffsetEnd=217 PartOfSpeech=NN] [Text=. CharacterOffsetBegin=217 CharacterOffsetEnd=218 PartOfSpeech=.] 
root(ROOT-0, hoping-3)
nsubj(hoping-3, I-1)
aux(hoping-3, was-2)
det(movie-5, the-4)
nsubj(get-7, movie-5)
aux(get-7, would-6)
csubj(robotic-18, get-7)
advmod(get-7, better-8)
mark(went-11, as-9)
nsubj(went-11, it-10)
advcl(get-7, went-11)
prep(went-11, along-12)
cc(along-12, but-13)
det(acting-15, the-14)
conj(along-12, acting-15)
cop(robotic-18, was-16)
advmod(robotic-18, so-17)
ccomp(hoping-3, robotic-18)
nsubjpass(doomed-21, it-19)
auxpass(doomed-21, was-20)
rcmod(robotic-18, doomed-21)
prep(doomed-21, from-22)
det(start-25, the-23)
amod(start-25, very-24)
pobj(from-22, start-25)
punct(hoping-3, .-26)

Sentence #4 (16 tokens):
It actually appeared that maybe the actors were reading from a script the whole time.
[Text=It CharacterOffsetBegin=223 CharacterOffsetEnd=225 PartOfSpeech=PRP] [Text=actually CharacterOffsetBegin=226 CharacterOffsetEnd=234 PartOfSpeech=RB] [Text=appeared CharacterOffsetBegin=235 CharacterOffsetEnd=243 PartOfSpeech=VBD] [Text=that CharacterOffsetBegin=244 CharacterOffsetEnd=248 PartOfSpeech=IN] [Text=maybe CharacterOffsetBegin=249 CharacterOffsetEnd=254 PartOfSpeech=RB] [Text=the CharacterOffsetBegin=255 CharacterOffsetEnd=258 PartOfSpeech=DT] [Text=actors CharacterOffsetBegin=259 CharacterOffsetEnd=265 PartOfSpeech=NNS] [Text=were CharacterOffsetBegin=266 CharacterOffsetEnd=270 PartOfSpeech=VBD] [Text=reading CharacterOffsetBegin=271 CharacterOffsetEnd=278 PartOfSpeech=VBG] [Text=from CharacterOffsetBegin=279 CharacterOffsetEnd=283 PartOfSpeech=IN] [Text=a CharacterOffsetBegin=284 CharacterOffsetEnd=285 PartOfSpeech=DT] [Text=script CharacterOffsetBegin=286 CharacterOffsetEnd=292 PartOfSpeech=NN] [Text=the CharacterOffsetBegin=293 CharacterOffsetEnd=296 PartOfSpeech=DT] [Text=whole CharacterOffsetBegin=297 CharacterOffsetEnd=302 PartOfSpeech=JJ] [Text=time CharacterOffsetBegin=303 CharacterOffsetEnd=307 PartOfSpeech=NN] [Text=. CharacterOffsetBegin=307 CharacterOffsetEnd=308 PartOfSpeech=.] 
root(ROOT-0, appeared-3)
nsubj(appeared-3, It-1)
advmod(appeared-3, actually-2)
ccomp(appeared-3, that-4)
advmod(reading-9, maybe-5)
det(actors-7, the-6)
nsubj(reading-9, actors-7)
aux(reading-9, were-8)
ccomp(that-4, reading-9)
prep(reading-9, from-10)
det(script-12, a-11)
pobj(from-10, script-12)
det(time-15, the-13)
amod(time-15, whole-14)
tmod(script-12, time-15)
punct(appeared-3, .-16)

Sentence #5 (26 tokens):
Maybe it was the Musical score or the Director himself, but one thing is for sure the Make-up artist needs to get another job !
[Text=Maybe CharacterOffsetBegin=313 CharacterOffsetEnd=318 PartOfSpeech=RB] [Text=it CharacterOffsetBegin=319 CharacterOffsetEnd=321 PartOfSpeech=PRP] [Text=was CharacterOffsetBegin=322 CharacterOffsetEnd=325 PartOfSpeech=VBD] [Text=the CharacterOffsetBegin=326 CharacterOffsetEnd=329 PartOfSpeech=DT] [Text=Musical CharacterOffsetBegin=330 CharacterOffsetEnd=337 PartOfSpeech=JJ] [Text=score CharacterOffsetBegin=338 CharacterOffsetEnd=343 PartOfSpeech=NN] [Text=or CharacterOffsetBegin=344 CharacterOffsetEnd=346 PartOfSpeech=CC] [Text=the CharacterOffsetBegin=347 CharacterOffsetEnd=350 PartOfSpeech=DT] [Text=Director CharacterOffsetBegin=351 CharacterOffsetEnd=359 PartOfSpeech=NNP] [Text=himself CharacterOffsetBegin=360 CharacterOffsetEnd=367 PartOfSpeech=PRP] [Text=, CharacterOffsetBegin=367 CharacterOffsetEnd=368 PartOfSpeech=,] [Text=but CharacterOffsetBegin=369 CharacterOffsetEnd=372 PartOfSpeech=CC] [Text=one CharacterOffsetBegin=373 CharacterOffsetEnd=376 PartOfSpeech=CD] [Text=thing CharacterOffsetBegin=377 CharacterOffsetEnd=382 PartOfSpeech=NN] [Text=is CharacterOffsetBegin=383 CharacterOffsetEnd=385 PartOfSpeech=VBZ] [Text=for CharacterOffsetBegin=386 CharacterOffsetEnd=389 PartOfSpeech=IN] [Text=sure CharacterOffsetBegin=390 CharacterOffsetEnd=394 PartOfSpeech=JJ] [Text=the CharacterOffsetBegin=395 CharacterOffsetEnd=398 PartOfSpeech=DT] [Text=Make-up CharacterOffsetBegin=399 CharacterOffsetEnd=406 PartOfSpeech=NN] [Text=artist CharacterOffsetBegin=407 CharacterOffsetEnd=413 PartOfSpeech=NN] [Text=needs CharacterOffsetBegin=414 CharacterOffsetEnd=419 PartOfSpeech=VBZ] [Text=to CharacterOffsetBegin=420 CharacterOffsetEnd=422 PartOfSpeech=TO] [Text=get CharacterOffsetBegin=423 CharacterOffsetEnd=426 PartOfSpeech=VB] [Text=another CharacterOffsetBegin=427 CharacterOffsetEnd=434 PartOfSpeech=DT] [Text=job CharacterOffsetBegin=435 CharacterOffsetEnd=438 PartOfSpeech=NN] [Text=! CharacterOffsetBegin=439 CharacterOffsetEnd=440 PartOfSpeech=.] 
root(ROOT-0, score-6)
advmod(score-6, Maybe-1)
nsubj(score-6, it-2)
cop(score-6, was-3)
det(score-6, the-4)
amod(score-6, Musical-5)
cc(score-6, or-7)
det(Director-9, the-8)
conj(score-6, Director-9)
dep(Director-9, himself-10)
punct(score-6, ,-11)
cc(score-6, but-12)
num(thing-14, one-13)
nsubj(is-15, thing-14)
conj(score-6, is-15)
prep(is-15, for-16)
pobj(for-16, sure-17)
det(artist-20, the-18)
nn(artist-20, Make-up-19)
nsubj(needs-21, artist-20)
ccomp(sure-17, needs-21)
aux(get-23, to-22)
xcomp(needs-21, get-23)
det(job-25, another-24)
dobj(get-23, job-25)
punct(score-6, !-26)

Sentence #6 (16 tokens):
The Facial Powder was so thick you could see it caked on the actors faces !
[Text=The CharacterOffsetBegin=445 CharacterOffsetEnd=448 PartOfSpeech=DT] [Text=Facial CharacterOffsetBegin=449 CharacterOffsetEnd=455 PartOfSpeech=NNP] [Text=Powder CharacterOffsetBegin=456 CharacterOffsetEnd=462 PartOfSpeech=NNP] [Text=was CharacterOffsetBegin=463 CharacterOffsetEnd=466 PartOfSpeech=VBD] [Text=so CharacterOffsetBegin=467 CharacterOffsetEnd=469 PartOfSpeech=RB] [Text=thick CharacterOffsetBegin=470 CharacterOffsetEnd=475 PartOfSpeech=JJ] [Text=you CharacterOffsetBegin=476 CharacterOffsetEnd=479 PartOfSpeech=PRP] [Text=could CharacterOffsetBegin=480 CharacterOffsetEnd=485 PartOfSpeech=MD] [Text=see CharacterOffsetBegin=486 CharacterOffsetEnd=489 PartOfSpeech=VB] [Text=it CharacterOffsetBegin=490 CharacterOffsetEnd=492 PartOfSpeech=PRP] [Text=caked CharacterOffsetBegin=493 CharacterOffsetEnd=498 PartOfSpeech=VBN] [Text=on CharacterOffsetBegin=499 CharacterOffsetEnd=501 PartOfSpeech=IN] [Text=the CharacterOffsetBegin=502 CharacterOffsetEnd=505 PartOfSpeech=DT] [Text=actors CharacterOffsetBegin=506 CharacterOffsetEnd=512 PartOfSpeech=NNS] [Text=faces CharacterOffsetBegin=513 CharacterOffsetEnd=518 PartOfSpeech=VBZ] [Text=! CharacterOffsetBegin=519 CharacterOffsetEnd=520 PartOfSpeech=.] 
root(ROOT-0, faces-15)
det(Powder-3, The-1)
nn(Powder-3, Facial-2)
nsubj(thick-6, Powder-3)
cop(thick-6, was-4)
advmod(thick-6, so-5)
nsubj(faces-15, thick-6)
nsubj(see-9, you-7)
aux(see-9, could-8)
ccomp(thick-6, see-9)
nsubj(caked-11, it-10)
ccomp(see-9, caked-11)
prep(caked-11, on-12)
det(actors-14, the-13)
pobj(on-12, actors-14)
punct(faces-15, !-16)

Sentence #7 (16 tokens):
Would not recommend this movie to anyone, no wonder it never hit the Theaters.
[Text=Would CharacterOffsetBegin=525 CharacterOffsetEnd=530 PartOfSpeech=MD] [Text=not CharacterOffsetBegin=531 CharacterOffsetEnd=534 PartOfSpeech=RB] [Text=recommend CharacterOffsetBegin=535 CharacterOffsetEnd=544 PartOfSpeech=VB] [Text=this CharacterOffsetBegin=545 CharacterOffsetEnd=549 PartOfSpeech=DT] [Text=movie CharacterOffsetBegin=550 CharacterOffsetEnd=555 PartOfSpeech=NN] [Text=to CharacterOffsetBegin=556 CharacterOffsetEnd=558 PartOfSpeech=TO] [Text=anyone CharacterOffsetBegin=559 CharacterOffsetEnd=565 PartOfSpeech=NN] [Text=, CharacterOffsetBegin=565 CharacterOffsetEnd=566 PartOfSpeech=,] [Text=no CharacterOffsetBegin=567 CharacterOffsetEnd=569 PartOfSpeech=DT] [Text=wonder CharacterOffsetBegin=570 CharacterOffsetEnd=576 PartOfSpeech=NN] [Text=it CharacterOffsetBegin=577 CharacterOffsetEnd=579 PartOfSpeech=PRP] [Text=never CharacterOffsetBegin=580 CharacterOffsetEnd=585 PartOfSpeech=RB] [Text=hit CharacterOffsetBegin=586 CharacterOffsetEnd=589 PartOfSpeech=VBD] [Text=the CharacterOffsetBegin=590 CharacterOffsetEnd=593 PartOfSpeech=DT] [Text=Theaters CharacterOffsetBegin=594 CharacterOffsetEnd=602 PartOfSpeech=NNPS] [Text=. CharacterOffsetBegin=602 CharacterOffsetEnd=603 PartOfSpeech=.] 
root(ROOT-0, recommend-3)
aux(recommend-3, Would-1)
neg(recommend-3, not-2)
det(movie-5, this-4)
dobj(recommend-3, movie-5)
prep(recommend-3, to-6)
pobj(to-6, anyone-7)
punct(recommend-3, ,-8)
det(wonder-10, no-9)
dobj(recommend-3, wonder-10)
nsubj(hit-13, it-11)
neg(hit-13, never-12)
ccomp(wonder-10, hit-13)
det(Theaters-15, the-14)
dobj(hit-13, Theaters-15)
punct(recommend-3, .-16)

Sentence #8 (17 tokens):
Cuba Gooding Jr. / James Woods shame on you guys for not giving it your all.
[Text=Cuba CharacterOffsetBegin=608 CharacterOffsetEnd=612 PartOfSpeech=NNP] [Text=Gooding CharacterOffsetBegin=613 CharacterOffsetEnd=620 PartOfSpeech=NNP] [Text=Jr. CharacterOffsetBegin=621 CharacterOffsetEnd=624 PartOfSpeech=NNP] [Text=/ CharacterOffsetBegin=625 CharacterOffsetEnd=626 PartOfSpeech=:] [Text=James CharacterOffsetBegin=627 CharacterOffsetEnd=632 PartOfSpeech=NNP] [Text=Woods CharacterOffsetBegin=633 CharacterOffsetEnd=638 PartOfSpeech=NNP] [Text=shame CharacterOffsetBegin=639 CharacterOffsetEnd=644 PartOfSpeech=NN] [Text=on CharacterOffsetBegin=645 CharacterOffsetEnd=647 PartOfSpeech=IN] [Text=you CharacterOffsetBegin=648 CharacterOffsetEnd=651 PartOfSpeech=PRP] [Text=guys CharacterOffsetBegin=652 CharacterOffsetEnd=656 PartOfSpeech=NNS] [Text=for CharacterOffsetBegin=657 CharacterOffsetEnd=660 PartOfSpeech=IN] [Text=not CharacterOffsetBegin=661 CharacterOffsetEnd=664 PartOfSpeech=RB] [Text=giving CharacterOffsetBegin=665 CharacterOffsetEnd=671 PartOfSpeech=VBG] [Text=it CharacterOffsetBegin=672 CharacterOffsetEnd=674 PartOfSpeech=PRP] [Text=your CharacterOffsetBegin=675 CharacterOffsetEnd=679 PartOfSpeech=PRP$] [Text=all CharacterOffsetBegin=680 CharacterOffsetEnd=683 PartOfSpeech=DT] [Text=. CharacterOffsetBegin=683 CharacterOffsetEnd=684 PartOfSpeech=.] 
root(ROOT-0, Jr.-3)
nn(Jr.-3, Cuba-1)
nn(Jr.-3, Gooding-2)
punct(Jr.-3, /-4)
nn(shame-7, James-5)
nn(shame-7, Woods-6)
dep(Jr.-3, shame-7)
prep(shame-7, on-8)
nsubj(guys-10, you-9)
pobj(on-8, guys-10)
prep(guys-10, for-11)
neg(giving-13, not-12)
pcomp(for-11, giving-13)
iobj(giving-13, it-14)
poss(all-16, your-15)
dobj(giving-13, all-16)
punct(Jr.-3, .-17)

Sentence #9 (11 tokens):
The Plot was great just needed a whole lot more.
[Text=The CharacterOffsetBegin=689 CharacterOffsetEnd=692 PartOfSpeech=DT] [Text=Plot CharacterOffsetBegin=693 CharacterOffsetEnd=697 PartOfSpeech=NN] [Text=was CharacterOffsetBegin=698 CharacterOffsetEnd=701 PartOfSpeech=VBD] [Text=great CharacterOffsetBegin=702 CharacterOffsetEnd=707 PartOfSpeech=JJ] [Text=just CharacterOffsetBegin=708 CharacterOffsetEnd=712 PartOfSpeech=RB] [Text=needed CharacterOffsetBegin=713 CharacterOffsetEnd=719 PartOfSpeech=VBN] [Text=a CharacterOffsetBegin=720 CharacterOffsetEnd=721 PartOfSpeech=DT] [Text=whole CharacterOffsetBegin=722 CharacterOffsetEnd=727 PartOfSpeech=JJ] [Text=lot CharacterOffsetBegin=728 CharacterOffsetEnd=731 PartOfSpeech=NN] [Text=more CharacterOffsetBegin=732 CharacterOffsetEnd=736 PartOfSpeech=JJR] [Text=. CharacterOffsetBegin=736 CharacterOffsetEnd=737 PartOfSpeech=.] 
root(ROOT-0, great-4)
det(Plot-2, The-1)
nsubj(great-4, Plot-2)
cop(great-4, was-3)
advmod(needed-6, just-5)
dep(great-4, needed-6)
det(lot-9, a-7)
amod(lot-9, whole-8)
npadvmod(more-10, lot-9)
advmod(needed-6, more-10)
punct(great-4, .-11)

