Sentence #1 (25 tokens):
I spent almost two hours watching a movie that I thought, with all the good actors in it, would be worth watching.
[Text=I CharacterOffsetBegin=4 CharacterOffsetEnd=5 PartOfSpeech=PRP] [Text=spent CharacterOffsetBegin=6 CharacterOffsetEnd=11 PartOfSpeech=VBD] [Text=almost CharacterOffsetBegin=12 CharacterOffsetEnd=18 PartOfSpeech=RB] [Text=two CharacterOffsetBegin=19 CharacterOffsetEnd=22 PartOfSpeech=CD] [Text=hours CharacterOffsetBegin=23 CharacterOffsetEnd=28 PartOfSpeech=NNS] [Text=watching CharacterOffsetBegin=29 CharacterOffsetEnd=37 PartOfSpeech=VBG] [Text=a CharacterOffsetBegin=38 CharacterOffsetEnd=39 PartOfSpeech=DT] [Text=movie CharacterOffsetBegin=40 CharacterOffsetEnd=45 PartOfSpeech=NN] [Text=that CharacterOffsetBegin=46 CharacterOffsetEnd=50 PartOfSpeech=IN] [Text=I CharacterOffsetBegin=51 CharacterOffsetEnd=52 PartOfSpeech=PRP] [Text=thought CharacterOffsetBegin=53 CharacterOffsetEnd=60 PartOfSpeech=VBD] [Text=, CharacterOffsetBegin=60 CharacterOffsetEnd=61 PartOfSpeech=,] [Text=with CharacterOffsetBegin=62 CharacterOffsetEnd=66 PartOfSpeech=IN] [Text=all CharacterOffsetBegin=67 CharacterOffsetEnd=70 PartOfSpeech=PDT] [Text=the CharacterOffsetBegin=71 CharacterOffsetEnd=74 PartOfSpeech=DT] [Text=good CharacterOffsetBegin=75 CharacterOffsetEnd=79 PartOfSpeech=JJ] [Text=actors CharacterOffsetBegin=80 CharacterOffsetEnd=86 PartOfSpeech=NNS] [Text=in CharacterOffsetBegin=87 CharacterOffsetEnd=89 PartOfSpeech=IN] [Text=it CharacterOffsetBegin=90 CharacterOffsetEnd=92 PartOfSpeech=PRP] [Text=, CharacterOffsetBegin=92 CharacterOffsetEnd=93 PartOfSpeech=,] [Text=would CharacterOffsetBegin=94 CharacterOffsetEnd=99 PartOfSpeech=MD] [Text=be CharacterOffsetBegin=100 CharacterOffsetEnd=102 PartOfSpeech=VB] [Text=worth CharacterOffsetBegin=103 CharacterOffsetEnd=108 PartOfSpeech=JJ] [Text=watching CharacterOffsetBegin=109 CharacterOffsetEnd=117 PartOfSpeech=VBG] [Text=. CharacterOffsetBegin=117 CharacterOffsetEnd=118 PartOfSpeech=.] 
root(ROOT-0, spent-2)
nsubj(spent-2, I-1)
quantmod(two-4, almost-3)
num(hours-5, two-4)
dobj(spent-2, hours-5)
partmod(hours-5, watching-6)
det(movie-8, a-7)
dobj(watching-6, movie-8)
dobj(thought-11, that-9)
nsubj(thought-11, I-10)
rcmod(movie-8, thought-11)
punct(thought-11, ,-12)
prep(thought-11, with-13)
predet(actors-17, all-14)
det(actors-17, the-15)
amod(actors-17, good-16)
pobj(with-13, actors-17)
prep(actors-17, in-18)
pobj(in-18, it-19)
punct(spent-2, ,-20)
aux(worth-23, would-21)
cop(worth-23, be-22)
advcl(spent-2, worth-23)
dep(worth-23, watching-24)
punct(spent-2, .-25)

Sentence #2 (47 tokens):
I couldn't believe it when the movie ended and I had absolutely no idea what had happened.....I was mad because I could have used that time doing something else....I tried to figure it all out, but really had no clue.
[Text=I CharacterOffsetBegin=123 CharacterOffsetEnd=124 PartOfSpeech=PRP] [Text=could CharacterOffsetBegin=125 CharacterOffsetEnd=130 PartOfSpeech=MD] [Text=n't CharacterOffsetBegin=130 CharacterOffsetEnd=133 PartOfSpeech=RB] [Text=believe CharacterOffsetBegin=134 CharacterOffsetEnd=141 PartOfSpeech=VB] [Text=it CharacterOffsetBegin=142 CharacterOffsetEnd=144 PartOfSpeech=PRP] [Text=when CharacterOffsetBegin=145 CharacterOffsetEnd=149 PartOfSpeech=WRB] [Text=the CharacterOffsetBegin=150 CharacterOffsetEnd=153 PartOfSpeech=DT] [Text=movie CharacterOffsetBegin=154 CharacterOffsetEnd=159 PartOfSpeech=NN] [Text=ended CharacterOffsetBegin=160 CharacterOffsetEnd=165 PartOfSpeech=VBD] [Text=and CharacterOffsetBegin=166 CharacterOffsetEnd=169 PartOfSpeech=CC] [Text=I CharacterOffsetBegin=170 CharacterOffsetEnd=171 PartOfSpeech=PRP] [Text=had CharacterOffsetBegin=172 CharacterOffsetEnd=175 PartOfSpeech=VBD] [Text=absolutely CharacterOffsetBegin=176 CharacterOffsetEnd=186 PartOfSpeech=RB] [Text=no CharacterOffsetBegin=187 CharacterOffsetEnd=189 PartOfSpeech=DT] [Text=idea CharacterOffsetBegin=190 CharacterOffsetEnd=194 PartOfSpeech=NN] [Text=what CharacterOffsetBegin=195 CharacterOffsetEnd=199 PartOfSpeech=WDT] [Text=had CharacterOffsetBegin=200 CharacterOffsetEnd=203 PartOfSpeech=VBD] [Text=happened CharacterOffsetBegin=204 CharacterOffsetEnd=212 PartOfSpeech=VBN] [Text=... CharacterOffsetBegin=212 CharacterOffsetEnd=217 PartOfSpeech=:] [Text=I CharacterOffsetBegin=217 CharacterOffsetEnd=218 PartOfSpeech=PRP] [Text=was CharacterOffsetBegin=219 CharacterOffsetEnd=222 PartOfSpeech=VBD] [Text=mad CharacterOffsetBegin=223 CharacterOffsetEnd=226 PartOfSpeech=JJ] [Text=because CharacterOffsetBegin=227 CharacterOffsetEnd=234 PartOfSpeech=IN] [Text=I CharacterOffsetBegin=235 CharacterOffsetEnd=236 PartOfSpeech=PRP] [Text=could CharacterOffsetBegin=237 CharacterOffsetEnd=242 PartOfSpeech=MD] [Text=have CharacterOffsetBegin=243 CharacterOffsetEnd=247 PartOfSpeech=VB] [Text=used CharacterOffsetBegin=248 CharacterOffsetEnd=252 PartOfSpeech=VBN] [Text=that CharacterOffsetBegin=253 CharacterOffsetEnd=257 PartOfSpeech=DT] [Text=time CharacterOffsetBegin=258 CharacterOffsetEnd=262 PartOfSpeech=NN] [Text=doing CharacterOffsetBegin=263 CharacterOffsetEnd=268 PartOfSpeech=VBG] [Text=something CharacterOffsetBegin=269 CharacterOffsetEnd=278 PartOfSpeech=NN] [Text=else CharacterOffsetBegin=279 CharacterOffsetEnd=283 PartOfSpeech=RB] [Text=... CharacterOffsetBegin=283 CharacterOffsetEnd=287 PartOfSpeech=:] [Text=I CharacterOffsetBegin=287 CharacterOffsetEnd=288 PartOfSpeech=PRP] [Text=tried CharacterOffsetBegin=289 CharacterOffsetEnd=294 PartOfSpeech=VBD] [Text=to CharacterOffsetBegin=295 CharacterOffsetEnd=297 PartOfSpeech=TO] [Text=figure CharacterOffsetBegin=298 CharacterOffsetEnd=304 PartOfSpeech=VB] [Text=it CharacterOffsetBegin=305 CharacterOffsetEnd=307 PartOfSpeech=PRP] [Text=all CharacterOffsetBegin=308 CharacterOffsetEnd=311 PartOfSpeech=DT] [Text=out CharacterOffsetBegin=312 CharacterOffsetEnd=315 PartOfSpeech=RP] [Text=, CharacterOffsetBegin=315 CharacterOffsetEnd=316 PartOfSpeech=,] [Text=but CharacterOffsetBegin=317 CharacterOffsetEnd=320 PartOfSpeech=CC] [Text=really CharacterOffsetBegin=321 CharacterOffsetEnd=327 PartOfSpeech=RB] [Text=had CharacterOffsetBegin=328 CharacterOffsetEnd=331 PartOfSpeech=VBD] [Text=no CharacterOffsetBegin=332 CharacterOffsetEnd=334 PartOfSpeech=DT] [Text=clue CharacterOffsetBegin=335 CharacterOffsetEnd=339 PartOfSpeech=NN] [Text=. CharacterOffsetBegin=339 CharacterOffsetEnd=340 PartOfSpeech=.] 
root(ROOT-0, believe-4)
nsubj(believe-4, I-1)
aux(believe-4, could-2)
neg(believe-4, n't-3)
dobj(believe-4, it-5)
advmod(ended-9, when-6)
det(movie-8, the-7)
nsubj(ended-9, movie-8)
advcl(believe-4, ended-9)
cc(ended-9, and-10)
nsubj(had-12, I-11)
conj(ended-9, had-12)
advmod(idea-15, absolutely-13)
det(idea-15, no-14)
dobj(had-12, idea-15)
nsubj(happened-18, what-16)
aux(happened-18, had-17)
rcmod(idea-15, happened-18)
punct(believe-4, ...-19)
nsubj(mad-22, I-20)
cop(mad-22, was-21)
ccomp(believe-4, mad-22)
mark(used-27, because-23)
nsubj(used-27, I-24)
aux(used-27, could-25)
aux(used-27, have-26)
advcl(mad-22, used-27)
det(time-29, that-28)
dobj(used-27, time-29)
partmod(time-29, doing-30)
dobj(doing-30, something-31)
amod(something-31, else-32)
punct(believe-4, ...-33)
nsubj(tried-35, I-34)
parataxis(believe-4, tried-35)
aux(figure-37, to-36)
xcomp(tried-35, figure-37)
nsubj(out-40, it-38)
dep(out-40, all-39)
prt(figure-37, out-40)
punct(tried-35, ,-41)
cc(tried-35, but-42)
advmod(had-44, really-43)
conj(tried-35, had-44)
det(clue-46, no-45)
dobj(had-44, clue-46)
punct(believe-4, .-47)

Sentence #3 (24 tokens):
Thanks to those who figured it out and have explained it....right or wrong, it's better than not knowing anything!!
[Text=Thanks CharacterOffsetBegin=345 CharacterOffsetEnd=351 PartOfSpeech=NNS] [Text=to CharacterOffsetBegin=352 CharacterOffsetEnd=354 PartOfSpeech=TO] [Text=those CharacterOffsetBegin=355 CharacterOffsetEnd=360 PartOfSpeech=DT] [Text=who CharacterOffsetBegin=361 CharacterOffsetEnd=364 PartOfSpeech=WP] [Text=figured CharacterOffsetBegin=365 CharacterOffsetEnd=372 PartOfSpeech=VBD] [Text=it CharacterOffsetBegin=373 CharacterOffsetEnd=375 PartOfSpeech=PRP] [Text=out CharacterOffsetBegin=376 CharacterOffsetEnd=379 PartOfSpeech=RP] [Text=and CharacterOffsetBegin=380 CharacterOffsetEnd=383 PartOfSpeech=CC] [Text=have CharacterOffsetBegin=384 CharacterOffsetEnd=388 PartOfSpeech=VBP] [Text=explained CharacterOffsetBegin=389 CharacterOffsetEnd=398 PartOfSpeech=VBN] [Text=it CharacterOffsetBegin=399 CharacterOffsetEnd=401 PartOfSpeech=PRP] [Text=... CharacterOffsetBegin=401 CharacterOffsetEnd=405 PartOfSpeech=:] [Text=right CharacterOffsetBegin=405 CharacterOffsetEnd=410 PartOfSpeech=JJ] [Text=or CharacterOffsetBegin=411 CharacterOffsetEnd=413 PartOfSpeech=CC] [Text=wrong CharacterOffsetBegin=414 CharacterOffsetEnd=419 PartOfSpeech=JJ] [Text=, CharacterOffsetBegin=419 CharacterOffsetEnd=420 PartOfSpeech=,] [Text=it CharacterOffsetBegin=421 CharacterOffsetEnd=423 PartOfSpeech=PRP] [Text='s CharacterOffsetBegin=423 CharacterOffsetEnd=425 PartOfSpeech=VBZ] [Text=better CharacterOffsetBegin=426 CharacterOffsetEnd=432 PartOfSpeech=JJR] [Text=than CharacterOffsetBegin=433 CharacterOffsetEnd=437 PartOfSpeech=IN] [Text=not CharacterOffsetBegin=438 CharacterOffsetEnd=441 PartOfSpeech=RB] [Text=knowing CharacterOffsetBegin=442 CharacterOffsetEnd=449 PartOfSpeech=VBG] [Text=anything CharacterOffsetBegin=450 CharacterOffsetEnd=458 PartOfSpeech=NN] [Text=!! CharacterOffsetBegin=458 CharacterOffsetEnd=460 PartOfSpeech=IN] 
root(ROOT-0, Thanks-1)
prep(Thanks-1, to-2)
pobj(to-2, those-3)
nsubj(figured-5, who-4)
rcmod(those-3, figured-5)
dobj(figured-5, it-6)
prt(figured-5, out-7)
cc(figured-5, and-8)
aux(explained-10, have-9)
conj(figured-5, explained-10)
dobj(explained-10, it-11)
punct(Thanks-1, ...-12)
advmod(better-19, right-13)
cc(right-13, or-14)
conj(right-13, wrong-15)
punct(right-13, ,-16)
nsubj(better-19, it-17)
cop(better-19, 's-18)
dep(Thanks-1, better-19)
mark(knowing-22, than-20)
neg(knowing-22, not-21)
dep(better-19, knowing-22)
dobj(knowing-22, anything-23)
dep(better-19, !!-24)

Sentence #4 (20 tokens):
Who was the lady in the movie with dark hair that we saw a couple of times driving away?
[Text=Who CharacterOffsetBegin=465 CharacterOffsetEnd=468 PartOfSpeech=WP] [Text=was CharacterOffsetBegin=469 CharacterOffsetEnd=472 PartOfSpeech=VBD] [Text=the CharacterOffsetBegin=473 CharacterOffsetEnd=476 PartOfSpeech=DT] [Text=lady CharacterOffsetBegin=477 CharacterOffsetEnd=481 PartOfSpeech=NN] [Text=in CharacterOffsetBegin=482 CharacterOffsetEnd=484 PartOfSpeech=IN] [Text=the CharacterOffsetBegin=485 CharacterOffsetEnd=488 PartOfSpeech=DT] [Text=movie CharacterOffsetBegin=489 CharacterOffsetEnd=494 PartOfSpeech=NN] [Text=with CharacterOffsetBegin=495 CharacterOffsetEnd=499 PartOfSpeech=IN] [Text=dark CharacterOffsetBegin=500 CharacterOffsetEnd=504 PartOfSpeech=JJ] [Text=hair CharacterOffsetBegin=505 CharacterOffsetEnd=509 PartOfSpeech=NN] [Text=that CharacterOffsetBegin=510 CharacterOffsetEnd=514 PartOfSpeech=IN] [Text=we CharacterOffsetBegin=515 CharacterOffsetEnd=517 PartOfSpeech=PRP] [Text=saw CharacterOffsetBegin=518 CharacterOffsetEnd=521 PartOfSpeech=VBD] [Text=a CharacterOffsetBegin=522 CharacterOffsetEnd=523 PartOfSpeech=DT] [Text=couple CharacterOffsetBegin=524 CharacterOffsetEnd=530 PartOfSpeech=NN] [Text=of CharacterOffsetBegin=531 CharacterOffsetEnd=533 PartOfSpeech=IN] [Text=times CharacterOffsetBegin=534 CharacterOffsetEnd=539 PartOfSpeech=NNS] [Text=driving CharacterOffsetBegin=540 CharacterOffsetEnd=547 PartOfSpeech=VBG] [Text=away CharacterOffsetBegin=548 CharacterOffsetEnd=552 PartOfSpeech=RB] [Text=? CharacterOffsetBegin=552 CharacterOffsetEnd=553 PartOfSpeech=.] 
root(ROOT-0, lady-4)
nsubj(lady-4, Who-1)
cop(lady-4, was-2)
det(lady-4, the-3)
prep(lady-4, in-5)
det(movie-7, the-6)
pobj(in-5, movie-7)
prep(movie-7, with-8)
amod(hair-10, dark-9)
pobj(with-8, hair-10)
mark(saw-13, that-11)
nsubj(saw-13, we-12)
ccomp(lady-4, saw-13)
det(couple-15, a-14)
dobj(saw-13, couple-15)
prep(couple-15, of-16)
pobj(of-16, times-17)
partmod(times-17, driving-18)
advmod(driving-18, away-19)
punct(lady-4, ?-20)

Sentence #5 (13 tokens):
How did First Lady know that her husband was cheating on her?
[Text=How CharacterOffsetBegin=558 CharacterOffsetEnd=561 PartOfSpeech=WRB] [Text=did CharacterOffsetBegin=562 CharacterOffsetEnd=565 PartOfSpeech=VBD] [Text=First CharacterOffsetBegin=566 CharacterOffsetEnd=571 PartOfSpeech=NNP] [Text=Lady CharacterOffsetBegin=572 CharacterOffsetEnd=576 PartOfSpeech=NNP] [Text=know CharacterOffsetBegin=577 CharacterOffsetEnd=581 PartOfSpeech=VBP] [Text=that CharacterOffsetBegin=582 CharacterOffsetEnd=586 PartOfSpeech=IN] [Text=her CharacterOffsetBegin=587 CharacterOffsetEnd=590 PartOfSpeech=PRP$] [Text=husband CharacterOffsetBegin=591 CharacterOffsetEnd=598 PartOfSpeech=NN] [Text=was CharacterOffsetBegin=599 CharacterOffsetEnd=602 PartOfSpeech=VBD] [Text=cheating CharacterOffsetBegin=603 CharacterOffsetEnd=611 PartOfSpeech=VBG] [Text=on CharacterOffsetBegin=612 CharacterOffsetEnd=614 PartOfSpeech=IN] [Text=her CharacterOffsetBegin=615 CharacterOffsetEnd=618 PartOfSpeech=PRP$] [Text=? CharacterOffsetBegin=618 CharacterOffsetEnd=619 PartOfSpeech=.] 
root(ROOT-0, know-5)
advmod(know-5, How-1)
aux(know-5, did-2)
nn(Lady-4, First-3)
nsubj(know-5, Lady-4)
mark(cheating-10, that-6)
poss(husband-8, her-7)
nsubj(cheating-10, husband-8)
aux(cheating-10, was-9)
ccomp(know-5, cheating-10)
prep(cheating-10, on-11)
pobj(on-11, her-12)
punct(know-5, ?-13)

Sentence #6 (16 tokens):
At the end of the movie Kate said she would eventually find out the truth.
[Text=At CharacterOffsetBegin=624 CharacterOffsetEnd=626 PartOfSpeech=IN] [Text=the CharacterOffsetBegin=627 CharacterOffsetEnd=630 PartOfSpeech=DT] [Text=end CharacterOffsetBegin=631 CharacterOffsetEnd=634 PartOfSpeech=NN] [Text=of CharacterOffsetBegin=635 CharacterOffsetEnd=637 PartOfSpeech=IN] [Text=the CharacterOffsetBegin=638 CharacterOffsetEnd=641 PartOfSpeech=DT] [Text=movie CharacterOffsetBegin=642 CharacterOffsetEnd=647 PartOfSpeech=NN] [Text=Kate CharacterOffsetBegin=648 CharacterOffsetEnd=652 PartOfSpeech=NNP] [Text=said CharacterOffsetBegin=653 CharacterOffsetEnd=657 PartOfSpeech=VBD] [Text=she CharacterOffsetBegin=658 CharacterOffsetEnd=661 PartOfSpeech=PRP] [Text=would CharacterOffsetBegin=662 CharacterOffsetEnd=667 PartOfSpeech=MD] [Text=eventually CharacterOffsetBegin=668 CharacterOffsetEnd=678 PartOfSpeech=RB] [Text=find CharacterOffsetBegin=679 CharacterOffsetEnd=683 PartOfSpeech=VB] [Text=out CharacterOffsetBegin=684 CharacterOffsetEnd=687 PartOfSpeech=RP] [Text=the CharacterOffsetBegin=688 CharacterOffsetEnd=691 PartOfSpeech=DT] [Text=truth CharacterOffsetBegin=692 CharacterOffsetEnd=697 PartOfSpeech=NN] [Text=. CharacterOffsetBegin=697 CharacterOffsetEnd=698 PartOfSpeech=.] 
root(ROOT-0, said-8)
prep(said-8, At-1)
det(end-3, the-2)
pobj(At-1, end-3)
prep(end-3, of-4)
det(movie-6, the-5)
pobj(of-4, movie-6)
nsubj(said-8, Kate-7)
nsubj(find-12, she-9)
aux(find-12, would-10)
advmod(find-12, eventually-11)
ccomp(said-8, find-12)
prt(find-12, out-13)
det(truth-15, the-14)
dobj(find-12, truth-15)
punct(said-8, .-16)

Sentence #7 (15 tokens):
Does this mean that we're going to be subjected to End Game 2?
[Text=Does CharacterOffsetBegin=703 CharacterOffsetEnd=707 PartOfSpeech=VBZ] [Text=this CharacterOffsetBegin=708 CharacterOffsetEnd=712 PartOfSpeech=DT] [Text=mean CharacterOffsetBegin=713 CharacterOffsetEnd=717 PartOfSpeech=NN] [Text=that CharacterOffsetBegin=718 CharacterOffsetEnd=722 PartOfSpeech=IN] [Text=we CharacterOffsetBegin=723 CharacterOffsetEnd=725 PartOfSpeech=PRP] [Text='re CharacterOffsetBegin=725 CharacterOffsetEnd=728 PartOfSpeech=VBP] [Text=going CharacterOffsetBegin=729 CharacterOffsetEnd=734 PartOfSpeech=VBG] [Text=to CharacterOffsetBegin=735 CharacterOffsetEnd=737 PartOfSpeech=TO] [Text=be CharacterOffsetBegin=738 CharacterOffsetEnd=740 PartOfSpeech=VB] [Text=subjected CharacterOffsetBegin=741 CharacterOffsetEnd=750 PartOfSpeech=VBN] [Text=to CharacterOffsetBegin=751 CharacterOffsetEnd=753 PartOfSpeech=TO] [Text=End CharacterOffsetBegin=754 CharacterOffsetEnd=757 PartOfSpeech=VB] [Text=Game CharacterOffsetBegin=758 CharacterOffsetEnd=762 PartOfSpeech=NN] [Text=2 CharacterOffsetBegin=763 CharacterOffsetEnd=764 PartOfSpeech=CD] [Text=? CharacterOffsetBegin=764 CharacterOffsetEnd=765 PartOfSpeech=.] 
root(ROOT-0, mean-3)
aux(mean-3, Does-1)
nsubj(mean-3, this-2)
mark(going-7, that-4)
nsubj(going-7, we-5)
aux(going-7, 're-6)
ccomp(mean-3, going-7)
aux(subjected-10, to-8)
auxpass(subjected-10, be-9)
xcomp(going-7, subjected-10)
aux(End-12, to-11)
xcomp(subjected-10, End-12)
dobj(End-12, Game-13)
num(Game-13, 2-14)
punct(mean-3, ?-15)

