Sentence #1 (23 tokens):
Bad plot (though good for a B-movie), good fast-paced fight scenes, at most a 5 out of 10.
[Text=Bad CharacterOffsetBegin=4 CharacterOffsetEnd=7 PartOfSpeech=JJ] [Text=plot CharacterOffsetBegin=8 CharacterOffsetEnd=12 PartOfSpeech=NN] [Text=-LRB- CharacterOffsetBegin=13 CharacterOffsetEnd=14 PartOfSpeech=-LRB-] [Text=though CharacterOffsetBegin=14 CharacterOffsetEnd=20 PartOfSpeech=RB] [Text=good CharacterOffsetBegin=21 CharacterOffsetEnd=25 PartOfSpeech=JJ] [Text=for CharacterOffsetBegin=26 CharacterOffsetEnd=29 PartOfSpeech=IN] [Text=a CharacterOffsetBegin=30 CharacterOffsetEnd=31 PartOfSpeech=DT] [Text=B-movie CharacterOffsetBegin=32 CharacterOffsetEnd=39 PartOfSpeech=NN] [Text=-RRB- CharacterOffsetBegin=39 CharacterOffsetEnd=40 PartOfSpeech=-RRB-] [Text=, CharacterOffsetBegin=40 CharacterOffsetEnd=41 PartOfSpeech=,] [Text=good CharacterOffsetBegin=42 CharacterOffsetEnd=46 PartOfSpeech=JJ] [Text=fast-paced CharacterOffsetBegin=47 CharacterOffsetEnd=57 PartOfSpeech=JJ] [Text=fight CharacterOffsetBegin=58 CharacterOffsetEnd=63 PartOfSpeech=NN] [Text=scenes CharacterOffsetBegin=64 CharacterOffsetEnd=70 PartOfSpeech=NNS] [Text=, CharacterOffsetBegin=70 CharacterOffsetEnd=71 PartOfSpeech=,] [Text=at CharacterOffsetBegin=72 CharacterOffsetEnd=74 PartOfSpeech=IN] [Text=most CharacterOffsetBegin=75 CharacterOffsetEnd=79 PartOfSpeech=JJS] [Text=a CharacterOffsetBegin=80 CharacterOffsetEnd=81 PartOfSpeech=DT] [Text=5 CharacterOffsetBegin=82 CharacterOffsetEnd=83 PartOfSpeech=CD] [Text=out CharacterOffsetBegin=84 CharacterOffsetEnd=87 PartOfSpeech=IN] [Text=of CharacterOffsetBegin=88 CharacterOffsetEnd=90 PartOfSpeech=IN] [Text=10 CharacterOffsetBegin=91 CharacterOffsetEnd=93 PartOfSpeech=CD] [Text=. CharacterOffsetBegin=93 CharacterOffsetEnd=94 PartOfSpeech=.] 
root(ROOT-0, plot-2)
amod(plot-2, Bad-1)
punct(good-5, -LRB--3)
advmod(good-5, though-4)
dep(plot-2, good-5)
prep(good-5, for-6)
det(B-movie-8, a-7)
pobj(for-6, B-movie-8)
punct(good-5, -RRB--9)
punct(plot-2, ,-10)
amod(scenes-14, good-11)
amod(scenes-14, fast-paced-12)
nn(scenes-14, fight-13)
appos(plot-2, scenes-14)
punct(plot-2, ,-15)
prep(plot-2, at-16)
pobj(at-16, most-17)
det(5-19, a-18)
npadvmod(most-17, 5-19)
prep(5-19, out-20)
pcomp(out-20, of-21)
pobj(of-21, 10-22)
punct(plot-2, .-23)

Sentence #2 (17 tokens):
But something has always bothered me about this film: how come Mariska Hargitay never speaks?
[Text=But CharacterOffsetBegin=99 CharacterOffsetEnd=102 PartOfSpeech=CC] [Text=something CharacterOffsetBegin=103 CharacterOffsetEnd=112 PartOfSpeech=NN] [Text=has CharacterOffsetBegin=113 CharacterOffsetEnd=116 PartOfSpeech=VBZ] [Text=always CharacterOffsetBegin=117 CharacterOffsetEnd=123 PartOfSpeech=RB] [Text=bothered CharacterOffsetBegin=124 CharacterOffsetEnd=132 PartOfSpeech=VBN] [Text=me CharacterOffsetBegin=133 CharacterOffsetEnd=135 PartOfSpeech=PRP] [Text=about CharacterOffsetBegin=136 CharacterOffsetEnd=141 PartOfSpeech=IN] [Text=this CharacterOffsetBegin=142 CharacterOffsetEnd=146 PartOfSpeech=DT] [Text=film CharacterOffsetBegin=147 CharacterOffsetEnd=151 PartOfSpeech=NN] [Text=: CharacterOffsetBegin=151 CharacterOffsetEnd=152 PartOfSpeech=:] [Text=how CharacterOffsetBegin=153 CharacterOffsetEnd=156 PartOfSpeech=WRB] [Text=come CharacterOffsetBegin=157 CharacterOffsetEnd=161 PartOfSpeech=VBN] [Text=Mariska CharacterOffsetBegin=162 CharacterOffsetEnd=169 PartOfSpeech=NNP] [Text=Hargitay CharacterOffsetBegin=170 CharacterOffsetEnd=178 PartOfSpeech=NNP] [Text=never CharacterOffsetBegin=179 CharacterOffsetEnd=184 PartOfSpeech=RB] [Text=speaks CharacterOffsetBegin=185 CharacterOffsetEnd=191 PartOfSpeech=VBZ] [Text=? CharacterOffsetBegin=191 CharacterOffsetEnd=192 PartOfSpeech=.] 
root(ROOT-0, bothered-5)
cc(bothered-5, But-1)
nsubj(bothered-5, something-2)
aux(bothered-5, has-3)
advmod(bothered-5, always-4)
dobj(bothered-5, me-6)
prep(bothered-5, about-7)
det(film-9, this-8)
pobj(about-7, film-9)
punct(bothered-5, :-10)
advmod(come-12, how-11)
dep(speaks-16, come-12)
nn(Hargitay-14, Mariska-13)
nsubj(speaks-16, Hargitay-14)
neg(speaks-16, never-15)
parataxis(bothered-5, speaks-16)
punct(bothered-5, ?-17)

Sentence #3 (21 tokens):
In the TV version, she shares several intimate moments with Jeff Speakman, even a kiss in a garden.
[Text=In CharacterOffsetBegin=197 CharacterOffsetEnd=199 PartOfSpeech=IN] [Text=the CharacterOffsetBegin=200 CharacterOffsetEnd=203 PartOfSpeech=DT] [Text=TV CharacterOffsetBegin=204 CharacterOffsetEnd=206 PartOfSpeech=NN] [Text=version CharacterOffsetBegin=207 CharacterOffsetEnd=214 PartOfSpeech=NN] [Text=, CharacterOffsetBegin=214 CharacterOffsetEnd=215 PartOfSpeech=,] [Text=she CharacterOffsetBegin=216 CharacterOffsetEnd=219 PartOfSpeech=PRP] [Text=shares CharacterOffsetBegin=220 CharacterOffsetEnd=226 PartOfSpeech=VBZ] [Text=several CharacterOffsetBegin=227 CharacterOffsetEnd=234 PartOfSpeech=JJ] [Text=intimate CharacterOffsetBegin=235 CharacterOffsetEnd=243 PartOfSpeech=JJ] [Text=moments CharacterOffsetBegin=244 CharacterOffsetEnd=251 PartOfSpeech=NNS] [Text=with CharacterOffsetBegin=252 CharacterOffsetEnd=256 PartOfSpeech=IN] [Text=Jeff CharacterOffsetBegin=257 CharacterOffsetEnd=261 PartOfSpeech=NNP] [Text=Speakman CharacterOffsetBegin=262 CharacterOffsetEnd=270 PartOfSpeech=NNP] [Text=, CharacterOffsetBegin=270 CharacterOffsetEnd=271 PartOfSpeech=,] [Text=even CharacterOffsetBegin=272 CharacterOffsetEnd=276 PartOfSpeech=RB] [Text=a CharacterOffsetBegin=277 CharacterOffsetEnd=278 PartOfSpeech=DT] [Text=kiss CharacterOffsetBegin=279 CharacterOffsetEnd=283 PartOfSpeech=NN] [Text=in CharacterOffsetBegin=284 CharacterOffsetEnd=286 PartOfSpeech=IN] [Text=a CharacterOffsetBegin=287 CharacterOffsetEnd=288 PartOfSpeech=DT] [Text=garden CharacterOffsetBegin=289 CharacterOffsetEnd=295 PartOfSpeech=NN] [Text=. CharacterOffsetBegin=295 CharacterOffsetEnd=296 PartOfSpeech=.] 
root(ROOT-0, shares-7)
prep(shares-7, In-1)
det(version-4, the-2)
nn(version-4, TV-3)
pobj(In-1, version-4)
punct(shares-7, ,-5)
nsubj(shares-7, she-6)
amod(moments-10, several-8)
amod(moments-10, intimate-9)
dobj(shares-7, moments-10)
prep(moments-10, with-11)
nn(Speakman-13, Jeff-12)
pobj(with-11, Speakman-13)
punct(shares-7, ,-14)
advmod(kiss-17, even-15)
det(kiss-17, a-16)
dep(shares-7, kiss-17)
prep(kiss-17, in-18)
det(garden-20, a-19)
pobj(in-18, garden-20)
punct(shares-7, .-21)

Sentence #4 (22 tokens):
Yet in the regular (video) version, most of her scenes are cut and she never speaks at all.
[Text=Yet CharacterOffsetBegin=301 CharacterOffsetEnd=304 PartOfSpeech=RB] [Text=in CharacterOffsetBegin=305 CharacterOffsetEnd=307 PartOfSpeech=IN] [Text=the CharacterOffsetBegin=308 CharacterOffsetEnd=311 PartOfSpeech=DT] [Text=regular CharacterOffsetBegin=312 CharacterOffsetEnd=319 PartOfSpeech=JJ] [Text=-LRB- CharacterOffsetBegin=320 CharacterOffsetEnd=321 PartOfSpeech=-LRB-] [Text=video CharacterOffsetBegin=321 CharacterOffsetEnd=326 PartOfSpeech=NN] [Text=-RRB- CharacterOffsetBegin=326 CharacterOffsetEnd=327 PartOfSpeech=-RRB-] [Text=version CharacterOffsetBegin=328 CharacterOffsetEnd=335 PartOfSpeech=NN] [Text=, CharacterOffsetBegin=335 CharacterOffsetEnd=336 PartOfSpeech=,] [Text=most CharacterOffsetBegin=337 CharacterOffsetEnd=341 PartOfSpeech=JJS] [Text=of CharacterOffsetBegin=342 CharacterOffsetEnd=344 PartOfSpeech=IN] [Text=her CharacterOffsetBegin=345 CharacterOffsetEnd=348 PartOfSpeech=PRP$] [Text=scenes CharacterOffsetBegin=349 CharacterOffsetEnd=355 PartOfSpeech=NNS] [Text=are CharacterOffsetBegin=356 CharacterOffsetEnd=359 PartOfSpeech=VBP] [Text=cut CharacterOffsetBegin=360 CharacterOffsetEnd=363 PartOfSpeech=VBN] [Text=and CharacterOffsetBegin=364 CharacterOffsetEnd=367 PartOfSpeech=CC] [Text=she CharacterOffsetBegin=368 CharacterOffsetEnd=371 PartOfSpeech=PRP] [Text=never CharacterOffsetBegin=372 CharacterOffsetEnd=377 PartOfSpeech=RB] [Text=speaks CharacterOffsetBegin=378 CharacterOffsetEnd=384 PartOfSpeech=VBZ] [Text=at CharacterOffsetBegin=385 CharacterOffsetEnd=387 PartOfSpeech=IN] [Text=all CharacterOffsetBegin=388 CharacterOffsetEnd=391 PartOfSpeech=DT] [Text=. CharacterOffsetBegin=391 CharacterOffsetEnd=392 PartOfSpeech=.] 
root(ROOT-0, cut-15)
advmod(cut-15, Yet-1)
prep(cut-15, in-2)
det(version-8, the-3)
amod(version-8, regular-4)
punct(version-8, -LRB--5)
nn(version-8, video-6)
punct(version-8, -RRB--7)
pobj(in-2, version-8)
punct(cut-15, ,-9)
nsubjpass(cut-15, most-10)
prep(most-10, of-11)
poss(scenes-13, her-12)
pobj(of-11, scenes-13)
auxpass(cut-15, are-14)
cc(cut-15, and-16)
nsubj(speaks-19, she-17)
neg(speaks-19, never-18)
conj(cut-15, speaks-19)
advmod(speaks-19, at-20)
pobj(at-20, all-21)
punct(cut-15, .-22)

Sentence #5 (29 tokens):
This bothers me because it not only takes out a female (though cliched) point-of-view to the film, it also makes the final shot seem creepy.
[Text=This CharacterOffsetBegin=397 CharacterOffsetEnd=401 PartOfSpeech=DT] [Text=bothers CharacterOffsetBegin=402 CharacterOffsetEnd=409 PartOfSpeech=VBZ] [Text=me CharacterOffsetBegin=410 CharacterOffsetEnd=412 PartOfSpeech=PRP] [Text=because CharacterOffsetBegin=413 CharacterOffsetEnd=420 PartOfSpeech=IN] [Text=it CharacterOffsetBegin=421 CharacterOffsetEnd=423 PartOfSpeech=PRP] [Text=not CharacterOffsetBegin=424 CharacterOffsetEnd=427 PartOfSpeech=RB] [Text=only CharacterOffsetBegin=428 CharacterOffsetEnd=432 PartOfSpeech=RB] [Text=takes CharacterOffsetBegin=433 CharacterOffsetEnd=438 PartOfSpeech=VBZ] [Text=out CharacterOffsetBegin=439 CharacterOffsetEnd=442 PartOfSpeech=RP] [Text=a CharacterOffsetBegin=443 CharacterOffsetEnd=444 PartOfSpeech=DT] [Text=female CharacterOffsetBegin=445 CharacterOffsetEnd=451 PartOfSpeech=NN] [Text=-LRB- CharacterOffsetBegin=452 CharacterOffsetEnd=453 PartOfSpeech=-LRB-] [Text=though CharacterOffsetBegin=453 CharacterOffsetEnd=459 PartOfSpeech=IN] [Text=cliched CharacterOffsetBegin=460 CharacterOffsetEnd=467 PartOfSpeech=JJ] [Text=-RRB- CharacterOffsetBegin=467 CharacterOffsetEnd=468 PartOfSpeech=-RRB-] [Text=point-of-view CharacterOffsetBegin=469 CharacterOffsetEnd=482 PartOfSpeech=NN] [Text=to CharacterOffsetBegin=483 CharacterOffsetEnd=485 PartOfSpeech=TO] [Text=the CharacterOffsetBegin=486 CharacterOffsetEnd=489 PartOfSpeech=DT] [Text=film CharacterOffsetBegin=490 CharacterOffsetEnd=494 PartOfSpeech=NN] [Text=, CharacterOffsetBegin=494 CharacterOffsetEnd=495 PartOfSpeech=,] [Text=it CharacterOffsetBegin=496 CharacterOffsetEnd=498 PartOfSpeech=PRP] [Text=also CharacterOffsetBegin=499 CharacterOffsetEnd=503 PartOfSpeech=RB] [Text=makes CharacterOffsetBegin=504 CharacterOffsetEnd=509 PartOfSpeech=VBZ] [Text=the CharacterOffsetBegin=510 CharacterOffsetEnd=513 PartOfSpeech=DT] [Text=final CharacterOffsetBegin=514 CharacterOffsetEnd=519 PartOfSpeech=JJ] [Text=shot CharacterOffsetBegin=520 CharacterOffsetEnd=524 PartOfSpeech=NN] [Text=seem CharacterOffsetBegin=525 CharacterOffsetEnd=529 PartOfSpeech=VBP] [Text=creepy CharacterOffsetBegin=530 CharacterOffsetEnd=536 PartOfSpeech=JJ] [Text=. CharacterOffsetBegin=536 CharacterOffsetEnd=537 PartOfSpeech=.] 
root(ROOT-0, bothers-2)
nsubj(bothers-2, This-1)
dobj(bothers-2, me-3)
mark(takes-8, because-4)
nsubj(takes-8, it-5)
neg(only-7, not-6)
preconj(takes-8, only-7)
advcl(bothers-2, takes-8)
prt(takes-8, out-9)
det(female-11, a-10)
dobj(takes-8, female-11)
punct(point-of-view-16, -LRB--12)
mark(point-of-view-16, though-13)
amod(point-of-view-16, cliched-14)
punct(point-of-view-16, -RRB--15)
dep(female-11, point-of-view-16)
prep(point-of-view-16, to-17)
det(film-19, the-18)
pobj(to-17, film-19)
punct(point-of-view-16, ,-20)
nsubj(makes-23, it-21)
advmod(makes-23, also-22)
rcmod(point-of-view-16, makes-23)
det(shot-26, the-24)
amod(shot-26, final-25)
nsubj(creepy-28, shot-26)
cop(creepy-28, seem-27)
xcomp(makes-23, creepy-28)
punct(bothers-2, .-29)

Sentence #6 (31 tokens):
This film would have been better had they kept her scenes in, because in those scenes at least she has a personality, one that undercuts whatever Speakman says.
[Text=This CharacterOffsetBegin=542 CharacterOffsetEnd=546 PartOfSpeech=DT] [Text=film CharacterOffsetBegin=547 CharacterOffsetEnd=551 PartOfSpeech=NN] [Text=would CharacterOffsetBegin=552 CharacterOffsetEnd=557 PartOfSpeech=MD] [Text=have CharacterOffsetBegin=558 CharacterOffsetEnd=562 PartOfSpeech=VB] [Text=been CharacterOffsetBegin=563 CharacterOffsetEnd=567 PartOfSpeech=VBN] [Text=better CharacterOffsetBegin=568 CharacterOffsetEnd=574 PartOfSpeech=JJR] [Text=had CharacterOffsetBegin=575 CharacterOffsetEnd=578 PartOfSpeech=VBD] [Text=they CharacterOffsetBegin=579 CharacterOffsetEnd=583 PartOfSpeech=PRP] [Text=kept CharacterOffsetBegin=584 CharacterOffsetEnd=588 PartOfSpeech=VBD] [Text=her CharacterOffsetBegin=589 CharacterOffsetEnd=592 PartOfSpeech=PRP$] [Text=scenes CharacterOffsetBegin=593 CharacterOffsetEnd=599 PartOfSpeech=NNS] [Text=in CharacterOffsetBegin=600 CharacterOffsetEnd=602 PartOfSpeech=IN] [Text=, CharacterOffsetBegin=602 CharacterOffsetEnd=603 PartOfSpeech=,] [Text=because CharacterOffsetBegin=604 CharacterOffsetEnd=611 PartOfSpeech=IN] [Text=in CharacterOffsetBegin=612 CharacterOffsetEnd=614 PartOfSpeech=IN] [Text=those CharacterOffsetBegin=615 CharacterOffsetEnd=620 PartOfSpeech=DT] [Text=scenes CharacterOffsetBegin=621 CharacterOffsetEnd=627 PartOfSpeech=NNS] [Text=at CharacterOffsetBegin=628 CharacterOffsetEnd=630 PartOfSpeech=IN] [Text=least CharacterOffsetBegin=631 CharacterOffsetEnd=636 PartOfSpeech=JJS] [Text=she CharacterOffsetBegin=637 CharacterOffsetEnd=640 PartOfSpeech=PRP] [Text=has CharacterOffsetBegin=641 CharacterOffsetEnd=644 PartOfSpeech=VBZ] [Text=a CharacterOffsetBegin=645 CharacterOffsetEnd=646 PartOfSpeech=DT] [Text=personality CharacterOffsetBegin=647 CharacterOffsetEnd=658 PartOfSpeech=NN] [Text=, CharacterOffsetBegin=658 CharacterOffsetEnd=659 PartOfSpeech=,] [Text=one CharacterOffsetBegin=660 CharacterOffsetEnd=663 PartOfSpeech=CD] [Text=that CharacterOffsetBegin=664 CharacterOffsetEnd=668 PartOfSpeech=WDT] [Text=undercuts CharacterOffsetBegin=669 CharacterOffsetEnd=678 PartOfSpeech=VBZ] [Text=whatever CharacterOffsetBegin=679 CharacterOffsetEnd=687 PartOfSpeech=WDT] [Text=Speakman CharacterOffsetBegin=688 CharacterOffsetEnd=696 PartOfSpeech=NNP] [Text=says CharacterOffsetBegin=697 CharacterOffsetEnd=701 PartOfSpeech=VBZ] [Text=. CharacterOffsetBegin=701 CharacterOffsetEnd=702 PartOfSpeech=.] 
root(ROOT-0, better-6)
det(film-2, This-1)
nsubj(better-6, film-2)
aux(better-6, would-3)
aux(better-6, have-4)
cop(better-6, been-5)
aux(kept-9, had-7)
nsubj(kept-9, they-8)
advcl(better-6, kept-9)
poss(scenes-11, her-10)
dobj(kept-9, scenes-11)
prep(kept-9, in-12)
pcomp(in-12, ,-13)
mwe(in-15, because-14)
dep(,-13, in-15)
det(scenes-17, those-16)
pobj(in-15, scenes-17)
advmod(has-21, at-18)
pobj(at-18, least-19)
nsubj(has-21, she-20)
rcmod(scenes-17, has-21)
det(personality-23, a-22)
dobj(has-21, personality-23)
punct(personality-23, ,-24)
appos(personality-23, one-25)
nsubj(undercuts-27, that-26)
rcmod(one-25, undercuts-27)
dobj(says-30, whatever-28)
nsubj(says-30, Speakman-29)
dep(undercuts-27, says-30)
punct(in-15, .-31)

