Sentence #1 (31 tokens):
Once in a while you get amazed over how BAD a film can be, and how in the world anybody could raise money to make this kind of crap.
[Text=Once CharacterOffsetBegin=4 CharacterOffsetEnd=8 PartOfSpeech=RB] [Text=in CharacterOffsetBegin=9 CharacterOffsetEnd=11 PartOfSpeech=IN] [Text=a CharacterOffsetBegin=12 CharacterOffsetEnd=13 PartOfSpeech=DT] [Text=while CharacterOffsetBegin=14 CharacterOffsetEnd=19 PartOfSpeech=NN] [Text=you CharacterOffsetBegin=20 CharacterOffsetEnd=23 PartOfSpeech=PRP] [Text=get CharacterOffsetBegin=24 CharacterOffsetEnd=27 PartOfSpeech=VBP] [Text=amazed CharacterOffsetBegin=28 CharacterOffsetEnd=34 PartOfSpeech=VBN] [Text=over CharacterOffsetBegin=35 CharacterOffsetEnd=39 PartOfSpeech=IN] [Text=how CharacterOffsetBegin=40 CharacterOffsetEnd=43 PartOfSpeech=WRB] [Text=BAD CharacterOffsetBegin=44 CharacterOffsetEnd=47 PartOfSpeech=NNP] [Text=a CharacterOffsetBegin=48 CharacterOffsetEnd=49 PartOfSpeech=DT] [Text=film CharacterOffsetBegin=50 CharacterOffsetEnd=54 PartOfSpeech=NN] [Text=can CharacterOffsetBegin=55 CharacterOffsetEnd=58 PartOfSpeech=MD] [Text=be CharacterOffsetBegin=59 CharacterOffsetEnd=61 PartOfSpeech=VB] [Text=, CharacterOffsetBegin=61 CharacterOffsetEnd=62 PartOfSpeech=,] [Text=and CharacterOffsetBegin=63 CharacterOffsetEnd=66 PartOfSpeech=CC] [Text=how CharacterOffsetBegin=67 CharacterOffsetEnd=70 PartOfSpeech=WRB] [Text=in CharacterOffsetBegin=71 CharacterOffsetEnd=73 PartOfSpeech=IN] [Text=the CharacterOffsetBegin=74 CharacterOffsetEnd=77 PartOfSpeech=DT] [Text=world CharacterOffsetBegin=78 CharacterOffsetEnd=83 PartOfSpeech=NN] [Text=anybody CharacterOffsetBegin=84 CharacterOffsetEnd=91 PartOfSpeech=NN] [Text=could CharacterOffsetBegin=92 CharacterOffsetEnd=97 PartOfSpeech=MD] [Text=raise CharacterOffsetBegin=98 CharacterOffsetEnd=103 PartOfSpeech=VB] [Text=money CharacterOffsetBegin=104 CharacterOffsetEnd=109 PartOfSpeech=NN] [Text=to CharacterOffsetBegin=110 CharacterOffsetEnd=112 PartOfSpeech=TO] [Text=make CharacterOffsetBegin=113 CharacterOffsetEnd=117 PartOfSpeech=VB] [Text=this CharacterOffsetBegin=118 CharacterOffsetEnd=122 PartOfSpeech=DT] [Text=kind CharacterOffsetBegin=123 CharacterOffsetEnd=127 PartOfSpeech=NN] [Text=of CharacterOffsetBegin=128 CharacterOffsetEnd=130 PartOfSpeech=IN] [Text=crap CharacterOffsetBegin=131 CharacterOffsetEnd=135 PartOfSpeech=NN] [Text=. CharacterOffsetBegin=135 CharacterOffsetEnd=136 PartOfSpeech=.] 
root(ROOT-0, in-2)
advmod(in-2, Once-1)
det(while-4, a-3)
pobj(in-2, while-4)
nsubj(get-6, you-5)
rcmod(while-4, get-6)
dobj(get-6, amazed-7)
prep(amazed-7, over-8)
advmod(be-14, how-9)
dep(be-14, BAD-10)
det(film-12, a-11)
nsubj(be-14, film-12)
aux(be-14, can-13)
pcomp(over-8, be-14)
punct(be-14, ,-15)
cc(be-14, and-16)
advmod(in-18, how-17)
prep(raise-23, in-18)
det(world-20, the-19)
pobj(in-18, world-20)
nsubj(raise-23, anybody-21)
aux(raise-23, could-22)
conj(be-14, raise-23)
dobj(raise-23, money-24)
aux(make-26, to-25)
xcomp(raise-23, make-26)
det(kind-28, this-27)
dobj(make-26, kind-28)
prep(kind-28, of-29)
pobj(of-29, crap-30)
punct(in-2, .-31)

Sentence #2 (23 tokens):
There is absolutely No talent included in this film - from a crappy script, to a crappy story to crappy acting.
[Text=There CharacterOffsetBegin=141 CharacterOffsetEnd=146 PartOfSpeech=EX] [Text=is CharacterOffsetBegin=147 CharacterOffsetEnd=149 PartOfSpeech=VBZ] [Text=absolutely CharacterOffsetBegin=150 CharacterOffsetEnd=160 PartOfSpeech=RB] [Text=No CharacterOffsetBegin=161 CharacterOffsetEnd=163 PartOfSpeech=DT] [Text=talent CharacterOffsetBegin=164 CharacterOffsetEnd=170 PartOfSpeech=NN] [Text=included CharacterOffsetBegin=171 CharacterOffsetEnd=179 PartOfSpeech=VBD] [Text=in CharacterOffsetBegin=180 CharacterOffsetEnd=182 PartOfSpeech=IN] [Text=this CharacterOffsetBegin=183 CharacterOffsetEnd=187 PartOfSpeech=DT] [Text=film CharacterOffsetBegin=188 CharacterOffsetEnd=192 PartOfSpeech=NN] [Text=- CharacterOffsetBegin=193 CharacterOffsetEnd=194 PartOfSpeech=:] [Text=from CharacterOffsetBegin=195 CharacterOffsetEnd=199 PartOfSpeech=IN] [Text=a CharacterOffsetBegin=200 CharacterOffsetEnd=201 PartOfSpeech=DT] [Text=crappy CharacterOffsetBegin=202 CharacterOffsetEnd=208 PartOfSpeech=JJ] [Text=script CharacterOffsetBegin=209 CharacterOffsetEnd=215 PartOfSpeech=NN] [Text=, CharacterOffsetBegin=215 CharacterOffsetEnd=216 PartOfSpeech=,] [Text=to CharacterOffsetBegin=217 CharacterOffsetEnd=219 PartOfSpeech=TO] [Text=a CharacterOffsetBegin=220 CharacterOffsetEnd=221 PartOfSpeech=DT] [Text=crappy CharacterOffsetBegin=222 CharacterOffsetEnd=228 PartOfSpeech=JJ] [Text=story CharacterOffsetBegin=229 CharacterOffsetEnd=234 PartOfSpeech=NN] [Text=to CharacterOffsetBegin=235 CharacterOffsetEnd=237 PartOfSpeech=TO] [Text=crappy CharacterOffsetBegin=238 CharacterOffsetEnd=244 PartOfSpeech=JJ] [Text=acting CharacterOffsetBegin=245 CharacterOffsetEnd=251 PartOfSpeech=NN] [Text=. CharacterOffsetBegin=251 CharacterOffsetEnd=252 PartOfSpeech=.] 
root(ROOT-0, is-2)
expl(is-2, There-1)
advmod(talent-5, absolutely-3)
det(talent-5, No-4)
nsubj(is-2, talent-5)
dep(is-2, included-6)
prep(included-6, in-7)
det(film-9, this-8)
pobj(in-7, film-9)
punct(included-6, --10)
prep(included-6, from-11)
det(script-14, a-12)
amod(script-14, crappy-13)
pobj(from-11, script-14)
punct(from-11, ,-15)
prep(from-11, to-16)
det(story-19, a-17)
amod(story-19, crappy-18)
pobj(to-16, story-19)
prep(story-19, to-20)
amod(acting-22, crappy-21)
pobj(to-20, acting-22)
punct(is-2, .-23)

Sentence #3 (2 tokens):
Amazing...
[Text=Amazing CharacterOffsetBegin=257 CharacterOffsetEnd=264 PartOfSpeech=JJ] [Text=... CharacterOffsetBegin=264 CharacterOffsetEnd=267 PartOfSpeech=:] 
root(ROOT-0, Amazing-1)
punct(Amazing-1, ...-2)

