Sentence #1 (11 tokens):
Exceptionally horrible tale that I can barely put into words.
[Text=Exceptionally CharacterOffsetBegin=4 CharacterOffsetEnd=17 PartOfSpeech=RB] [Text=horrible CharacterOffsetBegin=18 CharacterOffsetEnd=26 PartOfSpeech=JJ] [Text=tale CharacterOffsetBegin=27 CharacterOffsetEnd=31 PartOfSpeech=NN] [Text=that CharacterOffsetBegin=32 CharacterOffsetEnd=36 PartOfSpeech=IN] [Text=I CharacterOffsetBegin=37 CharacterOffsetEnd=38 PartOfSpeech=PRP] [Text=can CharacterOffsetBegin=39 CharacterOffsetEnd=42 PartOfSpeech=MD] [Text=barely CharacterOffsetBegin=43 CharacterOffsetEnd=49 PartOfSpeech=RB] [Text=put CharacterOffsetBegin=50 CharacterOffsetEnd=53 PartOfSpeech=VB] [Text=into CharacterOffsetBegin=54 CharacterOffsetEnd=58 PartOfSpeech=IN] [Text=words CharacterOffsetBegin=59 CharacterOffsetEnd=64 PartOfSpeech=NNS] [Text=. CharacterOffsetBegin=64 CharacterOffsetEnd=65 PartOfSpeech=.] 
root(ROOT-0, tale-3)
amod(tale-3, Exceptionally-1)
amod(tale-3, horrible-2)
mark(put-8, that-4)
nsubj(put-8, I-5)
aux(put-8, can-6)
advmod(put-8, barely-7)
ccomp(tale-3, put-8)
prep(put-8, into-9)
pobj(into-9, words-10)
punct(tale-3, .-11)

Sentence #2 (29 tokens):
The best part of the movie was when one of the murder victims turns up at the end, alive and well, only to be massacred again.
[Text=The CharacterOffsetBegin=70 CharacterOffsetEnd=73 PartOfSpeech=DT] [Text=best CharacterOffsetBegin=74 CharacterOffsetEnd=78 PartOfSpeech=JJS] [Text=part CharacterOffsetBegin=79 CharacterOffsetEnd=83 PartOfSpeech=NN] [Text=of CharacterOffsetBegin=84 CharacterOffsetEnd=86 PartOfSpeech=IN] [Text=the CharacterOffsetBegin=87 CharacterOffsetEnd=90 PartOfSpeech=DT] [Text=movie CharacterOffsetBegin=91 CharacterOffsetEnd=96 PartOfSpeech=NN] [Text=was CharacterOffsetBegin=97 CharacterOffsetEnd=100 PartOfSpeech=VBD] [Text=when CharacterOffsetBegin=101 CharacterOffsetEnd=105 PartOfSpeech=WRB] [Text=one CharacterOffsetBegin=106 CharacterOffsetEnd=109 PartOfSpeech=CD] [Text=of CharacterOffsetBegin=110 CharacterOffsetEnd=112 PartOfSpeech=IN] [Text=the CharacterOffsetBegin=113 CharacterOffsetEnd=116 PartOfSpeech=DT] [Text=murder CharacterOffsetBegin=117 CharacterOffsetEnd=123 PartOfSpeech=NN] [Text=victims CharacterOffsetBegin=124 CharacterOffsetEnd=131 PartOfSpeech=NNS] [Text=turns CharacterOffsetBegin=132 CharacterOffsetEnd=137 PartOfSpeech=VBZ] [Text=up CharacterOffsetBegin=138 CharacterOffsetEnd=140 PartOfSpeech=RP] [Text=at CharacterOffsetBegin=141 CharacterOffsetEnd=143 PartOfSpeech=IN] [Text=the CharacterOffsetBegin=144 CharacterOffsetEnd=147 PartOfSpeech=DT] [Text=end CharacterOffsetBegin=148 CharacterOffsetEnd=151 PartOfSpeech=NN] [Text=, CharacterOffsetBegin=151 CharacterOffsetEnd=152 PartOfSpeech=,] [Text=alive CharacterOffsetBegin=153 CharacterOffsetEnd=158 PartOfSpeech=JJ] [Text=and CharacterOffsetBegin=159 CharacterOffsetEnd=162 PartOfSpeech=CC] [Text=well CharacterOffsetBegin=163 CharacterOffsetEnd=167 PartOfSpeech=RB] [Text=, CharacterOffsetBegin=167 CharacterOffsetEnd=168 PartOfSpeech=,] [Text=only CharacterOffsetBegin=169 CharacterOffsetEnd=173 PartOfSpeech=RB] [Text=to CharacterOffsetBegin=174 CharacterOffsetEnd=176 PartOfSpeech=TO] [Text=be CharacterOffsetBegin=177 CharacterOffsetEnd=179 PartOfSpeech=VB] [Text=massacred CharacterOffsetBegin=180 CharacterOffsetEnd=189 PartOfSpeech=VBN] [Text=again CharacterOffsetBegin=190 CharacterOffsetEnd=195 PartOfSpeech=RB] [Text=. CharacterOffsetBegin=195 CharacterOffsetEnd=196 PartOfSpeech=.] 
root(ROOT-0, was-7)
det(part-3, The-1)
amod(part-3, best-2)
nsubj(was-7, part-3)
prep(part-3, of-4)
det(movie-6, the-5)
pobj(of-4, movie-6)
advmod(turns-14, when-8)
nsubj(turns-14, one-9)
prep(one-9, of-10)
det(victims-13, the-11)
nn(victims-13, murder-12)
pobj(of-10, victims-13)
advcl(was-7, turns-14)
prt(turns-14, up-15)
prep(turns-14, at-16)
det(end-18, the-17)
pobj(at-16, end-18)
punct(turns-14, ,-19)
advmod(turns-14, alive-20)
cc(alive-20, and-21)
conj(alive-20, well-22)
punct(turns-14, ,-23)
advmod(massacred-27, only-24)
aux(massacred-27, to-25)
auxpass(massacred-27, be-26)
xcomp(turns-14, massacred-27)
advmod(massacred-27, again-28)
punct(was-7, .-29)

Sentence #3 (28 tokens):
There is the chance that I missed some crucial plot elements since I may have been in a slight coma during the time this baby was on.
[Text=There CharacterOffsetBegin=201 CharacterOffsetEnd=206 PartOfSpeech=EX] [Text=is CharacterOffsetBegin=207 CharacterOffsetEnd=209 PartOfSpeech=VBZ] [Text=the CharacterOffsetBegin=210 CharacterOffsetEnd=213 PartOfSpeech=DT] [Text=chance CharacterOffsetBegin=214 CharacterOffsetEnd=220 PartOfSpeech=NN] [Text=that CharacterOffsetBegin=221 CharacterOffsetEnd=225 PartOfSpeech=IN] [Text=I CharacterOffsetBegin=226 CharacterOffsetEnd=227 PartOfSpeech=PRP] [Text=missed CharacterOffsetBegin=228 CharacterOffsetEnd=234 PartOfSpeech=VBD] [Text=some CharacterOffsetBegin=235 CharacterOffsetEnd=239 PartOfSpeech=DT] [Text=crucial CharacterOffsetBegin=240 CharacterOffsetEnd=247 PartOfSpeech=JJ] [Text=plot CharacterOffsetBegin=248 CharacterOffsetEnd=252 PartOfSpeech=NN] [Text=elements CharacterOffsetBegin=253 CharacterOffsetEnd=261 PartOfSpeech=NNS] [Text=since CharacterOffsetBegin=262 CharacterOffsetEnd=267 PartOfSpeech=IN] [Text=I CharacterOffsetBegin=268 CharacterOffsetEnd=269 PartOfSpeech=PRP] [Text=may CharacterOffsetBegin=270 CharacterOffsetEnd=273 PartOfSpeech=MD] [Text=have CharacterOffsetBegin=274 CharacterOffsetEnd=278 PartOfSpeech=VB] [Text=been CharacterOffsetBegin=279 CharacterOffsetEnd=283 PartOfSpeech=VBN] [Text=in CharacterOffsetBegin=284 CharacterOffsetEnd=286 PartOfSpeech=IN] [Text=a CharacterOffsetBegin=287 CharacterOffsetEnd=288 PartOfSpeech=DT] [Text=slight CharacterOffsetBegin=289 CharacterOffsetEnd=295 PartOfSpeech=JJ] [Text=coma CharacterOffsetBegin=296 CharacterOffsetEnd=300 PartOfSpeech=NN] [Text=during CharacterOffsetBegin=301 CharacterOffsetEnd=307 PartOfSpeech=IN] [Text=the CharacterOffsetBegin=308 CharacterOffsetEnd=311 PartOfSpeech=DT] [Text=time CharacterOffsetBegin=312 CharacterOffsetEnd=316 PartOfSpeech=NN] [Text=this CharacterOffsetBegin=317 CharacterOffsetEnd=321 PartOfSpeech=DT] [Text=baby CharacterOffsetBegin=322 CharacterOffsetEnd=326 PartOfSpeech=NN] [Text=was CharacterOffsetBegin=327 CharacterOffsetEnd=330 PartOfSpeech=VBD] [Text=on CharacterOffsetBegin=331 CharacterOffsetEnd=333 PartOfSpeech=IN] [Text=. CharacterOffsetBegin=333 CharacterOffsetEnd=334 PartOfSpeech=.] 
root(ROOT-0, is-2)
expl(is-2, There-1)
det(chance-4, the-3)
nsubj(is-2, chance-4)
mark(missed-7, that-5)
nsubj(missed-7, I-6)
ccomp(chance-4, missed-7)
det(elements-11, some-8)
amod(elements-11, crucial-9)
nn(elements-11, plot-10)
dobj(missed-7, elements-11)
mark(been-16, since-12)
nsubj(been-16, I-13)
aux(been-16, may-14)
aux(been-16, have-15)
advcl(missed-7, been-16)
prep(been-16, in-17)
det(coma-20, a-18)
amod(coma-20, slight-19)
pobj(in-17, coma-20)
prep(been-16, during-21)
det(time-23, the-22)
pobj(during-21, time-23)
det(baby-25, this-24)
nsubj(was-26, baby-25)
rcmod(time-23, was-26)
prep(was-26, on-27)
punct(is-2, .-28)

Sentence #4 (17 tokens):
The box that the movie comes in shows scenes that are never even in the film.
[Text=The CharacterOffsetBegin=339 CharacterOffsetEnd=342 PartOfSpeech=DT] [Text=box CharacterOffsetBegin=343 CharacterOffsetEnd=346 PartOfSpeech=NN] [Text=that CharacterOffsetBegin=347 CharacterOffsetEnd=351 PartOfSpeech=IN] [Text=the CharacterOffsetBegin=352 CharacterOffsetEnd=355 PartOfSpeech=DT] [Text=movie CharacterOffsetBegin=356 CharacterOffsetEnd=361 PartOfSpeech=NN] [Text=comes CharacterOffsetBegin=362 CharacterOffsetEnd=367 PartOfSpeech=VBZ] [Text=in CharacterOffsetBegin=368 CharacterOffsetEnd=370 PartOfSpeech=IN] [Text=shows CharacterOffsetBegin=371 CharacterOffsetEnd=376 PartOfSpeech=NNS] [Text=scenes CharacterOffsetBegin=377 CharacterOffsetEnd=383 PartOfSpeech=NNS] [Text=that CharacterOffsetBegin=384 CharacterOffsetEnd=388 PartOfSpeech=WDT] [Text=are CharacterOffsetBegin=389 CharacterOffsetEnd=392 PartOfSpeech=VBP] [Text=never CharacterOffsetBegin=393 CharacterOffsetEnd=398 PartOfSpeech=RB] [Text=even CharacterOffsetBegin=399 CharacterOffsetEnd=403 PartOfSpeech=RB] [Text=in CharacterOffsetBegin=404 CharacterOffsetEnd=406 PartOfSpeech=IN] [Text=the CharacterOffsetBegin=407 CharacterOffsetEnd=410 PartOfSpeech=DT] [Text=film CharacterOffsetBegin=411 CharacterOffsetEnd=415 PartOfSpeech=NN] [Text=. CharacterOffsetBegin=415 CharacterOffsetEnd=416 PartOfSpeech=.] 
root(ROOT-0, box-2)
det(box-2, The-1)
mark(comes-6, that-3)
det(movie-5, the-4)
nsubj(comes-6, movie-5)
ccomp(box-2, comes-6)
prep(comes-6, in-7)
pobj(in-7, shows-8)
dobj(shows-8, scenes-9)
nsubj(even-13, that-10)
cop(even-13, are-11)
neg(even-13, never-12)
rcmod(scenes-9, even-13)
prep(even-13, in-14)
det(film-16, the-15)
pobj(in-14, film-16)
punct(box-2, .-17)

Sentence #5 (23 tokens):
I was lured in by the crude images of bondage torture and promises of a 'Euro-trash, sexy horror flick.'
[Text=I CharacterOffsetBegin=421 CharacterOffsetEnd=422 PartOfSpeech=PRP] [Text=was CharacterOffsetBegin=423 CharacterOffsetEnd=426 PartOfSpeech=VBD] [Text=lured CharacterOffsetBegin=427 CharacterOffsetEnd=432 PartOfSpeech=VBN] [Text=in CharacterOffsetBegin=433 CharacterOffsetEnd=435 PartOfSpeech=IN] [Text=by CharacterOffsetBegin=436 CharacterOffsetEnd=438 PartOfSpeech=IN] [Text=the CharacterOffsetBegin=439 CharacterOffsetEnd=442 PartOfSpeech=DT] [Text=crude CharacterOffsetBegin=443 CharacterOffsetEnd=448 PartOfSpeech=JJ] [Text=images CharacterOffsetBegin=449 CharacterOffsetEnd=455 PartOfSpeech=NNS] [Text=of CharacterOffsetBegin=456 CharacterOffsetEnd=458 PartOfSpeech=IN] [Text=bondage CharacterOffsetBegin=459 CharacterOffsetEnd=466 PartOfSpeech=NN] [Text=torture CharacterOffsetBegin=467 CharacterOffsetEnd=474 PartOfSpeech=VBP] [Text=and CharacterOffsetBegin=475 CharacterOffsetEnd=478 PartOfSpeech=CC] [Text=promises CharacterOffsetBegin=479 CharacterOffsetEnd=487 PartOfSpeech=NNS] [Text=of CharacterOffsetBegin=488 CharacterOffsetEnd=490 PartOfSpeech=IN] [Text=a CharacterOffsetBegin=491 CharacterOffsetEnd=492 PartOfSpeech=DT] [Text=` CharacterOffsetBegin=493 CharacterOffsetEnd=494 PartOfSpeech=``] [Text=Euro-trash CharacterOffsetBegin=494 CharacterOffsetEnd=504 PartOfSpeech=JJ] [Text=, CharacterOffsetBegin=504 CharacterOffsetEnd=505 PartOfSpeech=,] [Text=sexy CharacterOffsetBegin=506 CharacterOffsetEnd=510 PartOfSpeech=JJ] [Text=horror CharacterOffsetBegin=511 CharacterOffsetEnd=517 PartOfSpeech=NN] [Text=flick CharacterOffsetBegin=518 CharacterOffsetEnd=523 PartOfSpeech=NN] [Text=. CharacterOffsetBegin=523 CharacterOffsetEnd=524 PartOfSpeech=.] [Text=' CharacterOffsetBegin=524 CharacterOffsetEnd=525 PartOfSpeech=''] 
root(ROOT-0, lured-3)
nsubjpass(lured-3, I-1)
auxpass(lured-3, was-2)
prt(lured-3, in-4)
mark(torture-11, by-5)
det(images-8, the-6)
amod(images-8, crude-7)
nsubj(torture-11, images-8)
prep(images-8, of-9)
pobj(of-9, bondage-10)
advcl(lured-3, torture-11)
cc(torture-11, and-12)
conj(torture-11, promises-13)
prep(promises-13, of-14)
det(flick-21, a-15)
punct(flick-21, `-16)
amod(flick-21, Euro-trash-17)
punct(flick-21, ,-18)
amod(flick-21, sexy-19)
nn(flick-21, horror-20)
pobj(of-14, flick-21)
punct(lured-3, .-22)
punct(lured-3, '-23)

Sentence #6 (20 tokens):
I get the feeling this was the budget version and about one quarter of the film was left out.
[Text=I CharacterOffsetBegin=530 CharacterOffsetEnd=531 PartOfSpeech=PRP] [Text=get CharacterOffsetBegin=532 CharacterOffsetEnd=535 PartOfSpeech=VBP] [Text=the CharacterOffsetBegin=536 CharacterOffsetEnd=539 PartOfSpeech=DT] [Text=feeling CharacterOffsetBegin=540 CharacterOffsetEnd=547 PartOfSpeech=NN] [Text=this CharacterOffsetBegin=548 CharacterOffsetEnd=552 PartOfSpeech=DT] [Text=was CharacterOffsetBegin=553 CharacterOffsetEnd=556 PartOfSpeech=VBD] [Text=the CharacterOffsetBegin=557 CharacterOffsetEnd=560 PartOfSpeech=DT] [Text=budget CharacterOffsetBegin=561 CharacterOffsetEnd=567 PartOfSpeech=NN] [Text=version CharacterOffsetBegin=568 CharacterOffsetEnd=575 PartOfSpeech=NN] [Text=and CharacterOffsetBegin=576 CharacterOffsetEnd=579 PartOfSpeech=CC] [Text=about CharacterOffsetBegin=580 CharacterOffsetEnd=585 PartOfSpeech=IN] [Text=one CharacterOffsetBegin=586 CharacterOffsetEnd=589 PartOfSpeech=CD] [Text=quarter CharacterOffsetBegin=590 CharacterOffsetEnd=597 PartOfSpeech=NN] [Text=of CharacterOffsetBegin=598 CharacterOffsetEnd=600 PartOfSpeech=IN] [Text=the CharacterOffsetBegin=601 CharacterOffsetEnd=604 PartOfSpeech=DT] [Text=film CharacterOffsetBegin=605 CharacterOffsetEnd=609 PartOfSpeech=NN] [Text=was CharacterOffsetBegin=610 CharacterOffsetEnd=613 PartOfSpeech=VBD] [Text=left CharacterOffsetBegin=614 CharacterOffsetEnd=618 PartOfSpeech=VBN] [Text=out CharacterOffsetBegin=619 CharacterOffsetEnd=622 PartOfSpeech=RP] [Text=. CharacterOffsetBegin=622 CharacterOffsetEnd=623 PartOfSpeech=.] 
root(ROOT-0, get-2)
nsubj(get-2, I-1)
det(feeling-4, the-3)
dobj(get-2, feeling-4)
nsubj(version-9, this-5)
cop(version-9, was-6)
det(version-9, the-7)
nn(version-9, budget-8)
rcmod(feeling-4, version-9)
cc(version-9, and-10)
conj(version-9, about-11)
num(quarter-13, one-12)
pobj(about-11, quarter-13)
prep(quarter-13, of-14)
det(film-16, the-15)
pobj(of-14, film-16)
auxpass(left-18, was-17)
dep(get-2, left-18)
prt(left-18, out-19)
punct(get-2, .-20)

Sentence #7 (8 tokens):
All the good stuff more than likely.
[Text=All CharacterOffsetBegin=628 CharacterOffsetEnd=631 PartOfSpeech=PDT] [Text=the CharacterOffsetBegin=632 CharacterOffsetEnd=635 PartOfSpeech=DT] [Text=good CharacterOffsetBegin=636 CharacterOffsetEnd=640 PartOfSpeech=JJ] [Text=stuff CharacterOffsetBegin=641 CharacterOffsetEnd=646 PartOfSpeech=NN] [Text=more CharacterOffsetBegin=647 CharacterOffsetEnd=651 PartOfSpeech=RBR] [Text=than CharacterOffsetBegin=652 CharacterOffsetEnd=656 PartOfSpeech=IN] [Text=likely CharacterOffsetBegin=657 CharacterOffsetEnd=663 PartOfSpeech=JJ] [Text=. CharacterOffsetBegin=663 CharacterOffsetEnd=664 PartOfSpeech=.] 
root(ROOT-0, likely-7)
predet(stuff-4, All-1)
det(stuff-4, the-2)
amod(stuff-4, good-3)
nsubj(likely-7, stuff-4)
advmod(than-6, more-5)
advmod(likely-7, than-6)
punct(likely-7, .-8)

Sentence #8 (25 tokens):
I got the PG-13 addition that made about as much sense as the end to the new 'Planet of the Apes' movie.
[Text=I CharacterOffsetBegin=669 CharacterOffsetEnd=670 PartOfSpeech=PRP] [Text=got CharacterOffsetBegin=671 CharacterOffsetEnd=674 PartOfSpeech=VBD] [Text=the CharacterOffsetBegin=675 CharacterOffsetEnd=678 PartOfSpeech=DT] [Text=PG-13 CharacterOffsetBegin=679 CharacterOffsetEnd=684 PartOfSpeech=NN] [Text=addition CharacterOffsetBegin=685 CharacterOffsetEnd=693 PartOfSpeech=NN] [Text=that CharacterOffsetBegin=694 CharacterOffsetEnd=698 PartOfSpeech=IN] [Text=made CharacterOffsetBegin=699 CharacterOffsetEnd=703 PartOfSpeech=VBN] [Text=about CharacterOffsetBegin=704 CharacterOffsetEnd=709 PartOfSpeech=IN] [Text=as CharacterOffsetBegin=710 CharacterOffsetEnd=712 PartOfSpeech=RB] [Text=much CharacterOffsetBegin=713 CharacterOffsetEnd=717 PartOfSpeech=JJ] [Text=sense CharacterOffsetBegin=718 CharacterOffsetEnd=723 PartOfSpeech=NN] [Text=as CharacterOffsetBegin=724 CharacterOffsetEnd=726 PartOfSpeech=IN] [Text=the CharacterOffsetBegin=727 CharacterOffsetEnd=730 PartOfSpeech=DT] [Text=end CharacterOffsetBegin=731 CharacterOffsetEnd=734 PartOfSpeech=NN] [Text=to CharacterOffsetBegin=735 CharacterOffsetEnd=737 PartOfSpeech=TO] [Text=the CharacterOffsetBegin=738 CharacterOffsetEnd=741 PartOfSpeech=DT] [Text=new CharacterOffsetBegin=742 CharacterOffsetEnd=745 PartOfSpeech=JJ] [Text=` CharacterOffsetBegin=746 CharacterOffsetEnd=747 PartOfSpeech=``] [Text=Planet CharacterOffsetBegin=747 CharacterOffsetEnd=753 PartOfSpeech=NN] [Text=of CharacterOffsetBegin=754 CharacterOffsetEnd=756 PartOfSpeech=IN] [Text=the CharacterOffsetBegin=757 CharacterOffsetEnd=760 PartOfSpeech=DT] [Text=Apes CharacterOffsetBegin=761 CharacterOffsetEnd=765 PartOfSpeech=NNS] [Text=' CharacterOffsetBegin=765 CharacterOffsetEnd=766 PartOfSpeech=POS] [Text=movie CharacterOffsetBegin=767 CharacterOffsetEnd=772 PartOfSpeech=NN] [Text=. CharacterOffsetBegin=772 CharacterOffsetEnd=773 PartOfSpeech=.] 
root(ROOT-0, got-2)
nsubj(got-2, I-1)
det(addition-5, the-3)
nn(addition-5, PG-13-4)
dobj(got-2, addition-5)
dep(addition-5, that-6)
partmod(that-6, made-7)
prep(made-7, about-8)
advmod(sense-11, as-9)
amod(sense-11, much-10)
pobj(about-8, sense-11)
prep(sense-11, as-12)
det(end-14, the-13)
pobj(as-12, end-14)
prep(end-14, to-15)
det(Planet-19, the-16)
amod(Planet-19, new-17)
punct(Planet-19, `-18)
pobj(to-15, Planet-19)
prep(Planet-19, of-20)
det(Apes-22, the-21)
poss(movie-24, Apes-22)
possessive(Apes-22, '-23)
pobj(of-20, movie-24)
punct(got-2, .-25)

Sentence #9 (14 tokens):
Watch this one with a friend and a bottle of the hard stuff.
[Text=Watch CharacterOffsetBegin=778 CharacterOffsetEnd=783 PartOfSpeech=VB] [Text=this CharacterOffsetBegin=784 CharacterOffsetEnd=788 PartOfSpeech=DT] [Text=one CharacterOffsetBegin=789 CharacterOffsetEnd=792 PartOfSpeech=CD] [Text=with CharacterOffsetBegin=793 CharacterOffsetEnd=797 PartOfSpeech=IN] [Text=a CharacterOffsetBegin=798 CharacterOffsetEnd=799 PartOfSpeech=DT] [Text=friend CharacterOffsetBegin=800 CharacterOffsetEnd=806 PartOfSpeech=NN] [Text=and CharacterOffsetBegin=807 CharacterOffsetEnd=810 PartOfSpeech=CC] [Text=a CharacterOffsetBegin=811 CharacterOffsetEnd=812 PartOfSpeech=DT] [Text=bottle CharacterOffsetBegin=813 CharacterOffsetEnd=819 PartOfSpeech=NN] [Text=of CharacterOffsetBegin=820 CharacterOffsetEnd=822 PartOfSpeech=IN] [Text=the CharacterOffsetBegin=823 CharacterOffsetEnd=826 PartOfSpeech=DT] [Text=hard CharacterOffsetBegin=827 CharacterOffsetEnd=831 PartOfSpeech=JJ] [Text=stuff CharacterOffsetBegin=832 CharacterOffsetEnd=837 PartOfSpeech=NN] [Text=. CharacterOffsetBegin=837 CharacterOffsetEnd=838 PartOfSpeech=.] 
root(ROOT-0, Watch-1)
det(one-3, this-2)
dobj(Watch-1, one-3)
prep(Watch-1, with-4)
det(friend-6, a-5)
pobj(with-4, friend-6)
cc(friend-6, and-7)
det(bottle-9, a-8)
conj(friend-6, bottle-9)
prep(bottle-9, of-10)
det(stuff-13, the-11)
amod(stuff-13, hard-12)
pobj(of-10, stuff-13)
punct(Watch-1, .-14)

Sentence #10 (5 tokens):
You'll need it.
[Text=You CharacterOffsetBegin=843 CharacterOffsetEnd=846 PartOfSpeech=PRP] [Text='ll CharacterOffsetBegin=846 CharacterOffsetEnd=849 PartOfSpeech=MD] [Text=need CharacterOffsetBegin=850 CharacterOffsetEnd=854 PartOfSpeech=VB] [Text=it CharacterOffsetBegin=855 CharacterOffsetEnd=857 PartOfSpeech=PRP] [Text=. CharacterOffsetBegin=857 CharacterOffsetEnd=858 PartOfSpeech=.] 
root(ROOT-0, need-3)
nsubj(need-3, You-1)
aux(need-3, 'll-2)
dobj(need-3, it-4)
punct(need-3, .-5)

