Sentence #1 (17 tokens):
The Lady in Cement is a veritable course on social anthropology of the late 60's.
[Text=The CharacterOffsetBegin=4 CharacterOffsetEnd=7 PartOfSpeech=DT] [Text=Lady CharacterOffsetBegin=8 CharacterOffsetEnd=12 PartOfSpeech=NN] [Text=in CharacterOffsetBegin=13 CharacterOffsetEnd=15 PartOfSpeech=IN] [Text=Cement CharacterOffsetBegin=16 CharacterOffsetEnd=22 PartOfSpeech=NNP] [Text=is CharacterOffsetBegin=23 CharacterOffsetEnd=25 PartOfSpeech=VBZ] [Text=a CharacterOffsetBegin=26 CharacterOffsetEnd=27 PartOfSpeech=DT] [Text=veritable CharacterOffsetBegin=28 CharacterOffsetEnd=37 PartOfSpeech=JJ] [Text=course CharacterOffsetBegin=38 CharacterOffsetEnd=44 PartOfSpeech=NN] [Text=on CharacterOffsetBegin=45 CharacterOffsetEnd=47 PartOfSpeech=IN] [Text=social CharacterOffsetBegin=48 CharacterOffsetEnd=54 PartOfSpeech=JJ] [Text=anthropology CharacterOffsetBegin=55 CharacterOffsetEnd=67 PartOfSpeech=NN] [Text=of CharacterOffsetBegin=68 CharacterOffsetEnd=70 PartOfSpeech=IN] [Text=the CharacterOffsetBegin=71 CharacterOffsetEnd=74 PartOfSpeech=DT] [Text=late CharacterOffsetBegin=75 CharacterOffsetEnd=79 PartOfSpeech=JJ] [Text=60 CharacterOffsetBegin=80 CharacterOffsetEnd=82 PartOfSpeech=CD] [Text='s CharacterOffsetBegin=82 CharacterOffsetEnd=84 PartOfSpeech=POS] [Text=. CharacterOffsetBegin=84 CharacterOffsetEnd=85 PartOfSpeech=.] 
root(ROOT-0, course-8)
det(Lady-2, The-1)
nsubj(course-8, Lady-2)
prep(Lady-2, in-3)
pobj(in-3, Cement-4)
cop(course-8, is-5)
det(course-8, a-6)
amod(course-8, veritable-7)
prep(course-8, on-9)
amod(anthropology-11, social-10)
pobj(on-9, anthropology-11)
prep(anthropology-11, of-12)
det(60-15, the-13)
amod(60-15, late-14)
pobj(of-12, 60-15)
possessive(60-15, 's-16)
punct(course-8, .-17)

Sentence #2 (12 tokens):
The writing, not the acting, is at center stage.
[Text=The CharacterOffsetBegin=90 CharacterOffsetEnd=93 PartOfSpeech=DT] [Text=writing CharacterOffsetBegin=94 CharacterOffsetEnd=101 PartOfSpeech=NN] [Text=, CharacterOffsetBegin=101 CharacterOffsetEnd=102 PartOfSpeech=,] [Text=not CharacterOffsetBegin=103 CharacterOffsetEnd=106 PartOfSpeech=RB] [Text=the CharacterOffsetBegin=107 CharacterOffsetEnd=110 PartOfSpeech=DT] [Text=acting CharacterOffsetBegin=111 CharacterOffsetEnd=117 PartOfSpeech=VBG] [Text=, CharacterOffsetBegin=117 CharacterOffsetEnd=118 PartOfSpeech=,] [Text=is CharacterOffsetBegin=119 CharacterOffsetEnd=121 PartOfSpeech=VBZ] [Text=at CharacterOffsetBegin=122 CharacterOffsetEnd=124 PartOfSpeech=IN] [Text=center CharacterOffsetBegin=125 CharacterOffsetEnd=131 PartOfSpeech=NN] [Text=stage CharacterOffsetBegin=132 CharacterOffsetEnd=137 PartOfSpeech=NN] [Text=. CharacterOffsetBegin=137 CharacterOffsetEnd=138 PartOfSpeech=.] 
root(ROOT-0, writing-2)
det(writing-2, The-1)
punct(writing-2, ,-3)
neg(acting-6, not-4)
det(acting-6, the-5)
conj(writing-2, acting-6)
punct(writing-2, ,-7)
partmod(writing-2, is-8)
prep(is-8, at-9)
nn(stage-11, center-10)
pobj(at-9, stage-11)
punct(writing-2, .-12)

Sentence #3 (7 tokens):
Did I say - pure camp!
[Text=Did CharacterOffsetBegin=143 CharacterOffsetEnd=146 PartOfSpeech=VBD] [Text=I CharacterOffsetBegin=147 CharacterOffsetEnd=148 PartOfSpeech=PRP] [Text=say CharacterOffsetBegin=149 CharacterOffsetEnd=152 PartOfSpeech=VBP] [Text=- CharacterOffsetBegin=153 CharacterOffsetEnd=154 PartOfSpeech=:] [Text=pure CharacterOffsetBegin=155 CharacterOffsetEnd=159 PartOfSpeech=JJ] [Text=camp CharacterOffsetBegin=160 CharacterOffsetEnd=164 PartOfSpeech=NN] [Text=! CharacterOffsetBegin=164 CharacterOffsetEnd=165 PartOfSpeech=.] 
root(ROOT-0, say-3)
aux(say-3, Did-1)
nsubj(say-3, I-2)
punct(say-3, --4)
amod(camp-6, pure-5)
dep(say-3, camp-6)
punct(say-3, !-7)

Sentence #4 (11 tokens):
Prepare to be offended if you are female or gay.
[Text=Prepare CharacterOffsetBegin=170 CharacterOffsetEnd=177 PartOfSpeech=VB] [Text=to CharacterOffsetBegin=178 CharacterOffsetEnd=180 PartOfSpeech=TO] [Text=be CharacterOffsetBegin=181 CharacterOffsetEnd=183 PartOfSpeech=VB] [Text=offended CharacterOffsetBegin=184 CharacterOffsetEnd=192 PartOfSpeech=VBN] [Text=if CharacterOffsetBegin=193 CharacterOffsetEnd=195 PartOfSpeech=IN] [Text=you CharacterOffsetBegin=196 CharacterOffsetEnd=199 PartOfSpeech=PRP] [Text=are CharacterOffsetBegin=200 CharacterOffsetEnd=203 PartOfSpeech=VBP] [Text=female CharacterOffsetBegin=204 CharacterOffsetEnd=210 PartOfSpeech=JJ] [Text=or CharacterOffsetBegin=211 CharacterOffsetEnd=213 PartOfSpeech=CC] [Text=gay CharacterOffsetBegin=214 CharacterOffsetEnd=217 PartOfSpeech=JJ] [Text=. CharacterOffsetBegin=217 CharacterOffsetEnd=218 PartOfSpeech=.] 
root(ROOT-0, Prepare-1)
aux(offended-4, to-2)
auxpass(offended-4, be-3)
xcomp(Prepare-1, offended-4)
mark(female-8, if-5)
nsubj(female-8, you-6)
cop(female-8, are-7)
advcl(offended-4, female-8)
cc(female-8, or-9)
conj(female-8, gay-10)
punct(Prepare-1, .-11)

Sentence #5 (26 tokens):
Broad and dame are standard terms and gay baiting and bashing are represented for what they were in the day (camp- wise).
[Text=Broad CharacterOffsetBegin=223 CharacterOffsetEnd=228 PartOfSpeech=NNP] [Text=and CharacterOffsetBegin=229 CharacterOffsetEnd=232 PartOfSpeech=CC] [Text=dame CharacterOffsetBegin=233 CharacterOffsetEnd=237 PartOfSpeech=NNP] [Text=are CharacterOffsetBegin=238 CharacterOffsetEnd=241 PartOfSpeech=VBP] [Text=standard CharacterOffsetBegin=242 CharacterOffsetEnd=250 PartOfSpeech=JJ] [Text=terms CharacterOffsetBegin=251 CharacterOffsetEnd=256 PartOfSpeech=NNS] [Text=and CharacterOffsetBegin=257 CharacterOffsetEnd=260 PartOfSpeech=CC] [Text=gay CharacterOffsetBegin=261 CharacterOffsetEnd=264 PartOfSpeech=JJ] [Text=baiting CharacterOffsetBegin=265 CharacterOffsetEnd=272 PartOfSpeech=NN] [Text=and CharacterOffsetBegin=273 CharacterOffsetEnd=276 PartOfSpeech=CC] [Text=bashing CharacterOffsetBegin=277 CharacterOffsetEnd=284 PartOfSpeech=VBG] [Text=are CharacterOffsetBegin=285 CharacterOffsetEnd=288 PartOfSpeech=VBP] [Text=represented CharacterOffsetBegin=289 CharacterOffsetEnd=300 PartOfSpeech=VBN] [Text=for CharacterOffsetBegin=301 CharacterOffsetEnd=304 PartOfSpeech=IN] [Text=what CharacterOffsetBegin=305 CharacterOffsetEnd=309 PartOfSpeech=WP] [Text=they CharacterOffsetBegin=310 CharacterOffsetEnd=314 PartOfSpeech=PRP] [Text=were CharacterOffsetBegin=315 CharacterOffsetEnd=319 PartOfSpeech=VBD] [Text=in CharacterOffsetBegin=320 CharacterOffsetEnd=322 PartOfSpeech=IN] [Text=the CharacterOffsetBegin=323 CharacterOffsetEnd=326 PartOfSpeech=DT] [Text=day CharacterOffsetBegin=327 CharacterOffsetEnd=330 PartOfSpeech=NN] [Text=-LRB- CharacterOffsetBegin=331 CharacterOffsetEnd=332 PartOfSpeech=-LRB-] [Text=camp CharacterOffsetBegin=332 CharacterOffsetEnd=336 PartOfSpeech=NN] [Text=- CharacterOffsetBegin=336 CharacterOffsetEnd=337 PartOfSpeech=:] [Text=wise CharacterOffsetBegin=338 CharacterOffsetEnd=342 PartOfSpeech=JJ] [Text=-RRB- CharacterOffsetBegin=342 CharacterOffsetEnd=343 PartOfSpeech=-RRB-] [Text=. CharacterOffsetBegin=343 CharacterOffsetEnd=344 PartOfSpeech=.] 
root(ROOT-0, represented-13)
nsubj(terms-6, Broad-1)
cc(Broad-1, and-2)
conj(Broad-1, dame-3)
cop(terms-6, are-4)
amod(terms-6, standard-5)
nsubjpass(represented-13, terms-6)
cc(terms-6, and-7)
amod(baiting-9, gay-8)
conj(terms-6, baiting-9)
cc(terms-6, and-10)
conj(terms-6, bashing-11)
auxpass(represented-13, are-12)
prep(represented-13, for-14)
dobj(were-17, what-15)
nsubj(were-17, they-16)
pcomp(for-14, were-17)
prep(were-17, in-18)
det(day-20, the-19)
pobj(in-18, day-20)
punct(camp-22, -LRB--21)
dep(were-17, camp-22)
punct(camp-22, --23)
dep(camp-22, wise-24)
punct(camp-22, -RRB--25)
punct(represented-13, .-26)

Sentence #6 (20 tokens):
Most of the lines are tossed off although there are wonderful performances by a very few outstanding character actors.
[Text=Most CharacterOffsetBegin=349 CharacterOffsetEnd=353 PartOfSpeech=JJS] [Text=of CharacterOffsetBegin=354 CharacterOffsetEnd=356 PartOfSpeech=IN] [Text=the CharacterOffsetBegin=357 CharacterOffsetEnd=360 PartOfSpeech=DT] [Text=lines CharacterOffsetBegin=361 CharacterOffsetEnd=366 PartOfSpeech=NNS] [Text=are CharacterOffsetBegin=367 CharacterOffsetEnd=370 PartOfSpeech=VBP] [Text=tossed CharacterOffsetBegin=371 CharacterOffsetEnd=377 PartOfSpeech=VBN] [Text=off CharacterOffsetBegin=378 CharacterOffsetEnd=381 PartOfSpeech=RP] [Text=although CharacterOffsetBegin=382 CharacterOffsetEnd=390 PartOfSpeech=IN] [Text=there CharacterOffsetBegin=391 CharacterOffsetEnd=396 PartOfSpeech=EX] [Text=are CharacterOffsetBegin=397 CharacterOffsetEnd=400 PartOfSpeech=VBP] [Text=wonderful CharacterOffsetBegin=401 CharacterOffsetEnd=410 PartOfSpeech=JJ] [Text=performances CharacterOffsetBegin=411 CharacterOffsetEnd=423 PartOfSpeech=NNS] [Text=by CharacterOffsetBegin=424 CharacterOffsetEnd=426 PartOfSpeech=IN] [Text=a CharacterOffsetBegin=427 CharacterOffsetEnd=428 PartOfSpeech=DT] [Text=very CharacterOffsetBegin=429 CharacterOffsetEnd=433 PartOfSpeech=RB] [Text=few CharacterOffsetBegin=434 CharacterOffsetEnd=437 PartOfSpeech=JJ] [Text=outstanding CharacterOffsetBegin=438 CharacterOffsetEnd=449 PartOfSpeech=JJ] [Text=character CharacterOffsetBegin=450 CharacterOffsetEnd=459 PartOfSpeech=NN] [Text=actors CharacterOffsetBegin=460 CharacterOffsetEnd=466 PartOfSpeech=NNS] [Text=. CharacterOffsetBegin=466 CharacterOffsetEnd=467 PartOfSpeech=.] 
root(ROOT-0, tossed-6)
nsubjpass(tossed-6, Most-1)
prep(Most-1, of-2)
det(lines-4, the-3)
pobj(of-2, lines-4)
auxpass(tossed-6, are-5)
prt(tossed-6, off-7)
mark(are-10, although-8)
expl(are-10, there-9)
advcl(tossed-6, are-10)
amod(performances-12, wonderful-11)
nsubj(are-10, performances-12)
prep(performances-12, by-13)
det(actors-19, a-14)
advmod(few-16, very-15)
amod(actors-19, few-16)
amod(actors-19, outstanding-17)
nn(actors-19, character-18)
pobj(by-13, actors-19)
punct(tossed-6, .-20)

Sentence #7 (22 tokens):
The action scenes are mundane but it is fun to see Dan Blocker play a tough guy who likes bashing toughs.
[Text=The CharacterOffsetBegin=472 CharacterOffsetEnd=475 PartOfSpeech=DT] [Text=action CharacterOffsetBegin=476 CharacterOffsetEnd=482 PartOfSpeech=NN] [Text=scenes CharacterOffsetBegin=483 CharacterOffsetEnd=489 PartOfSpeech=NNS] [Text=are CharacterOffsetBegin=490 CharacterOffsetEnd=493 PartOfSpeech=VBP] [Text=mundane CharacterOffsetBegin=494 CharacterOffsetEnd=501 PartOfSpeech=JJ] [Text=but CharacterOffsetBegin=502 CharacterOffsetEnd=505 PartOfSpeech=CC] [Text=it CharacterOffsetBegin=506 CharacterOffsetEnd=508 PartOfSpeech=PRP] [Text=is CharacterOffsetBegin=509 CharacterOffsetEnd=511 PartOfSpeech=VBZ] [Text=fun CharacterOffsetBegin=512 CharacterOffsetEnd=515 PartOfSpeech=NN] [Text=to CharacterOffsetBegin=516 CharacterOffsetEnd=518 PartOfSpeech=TO] [Text=see CharacterOffsetBegin=519 CharacterOffsetEnd=522 PartOfSpeech=VB] [Text=Dan CharacterOffsetBegin=523 CharacterOffsetEnd=526 PartOfSpeech=NNP] [Text=Blocker CharacterOffsetBegin=527 CharacterOffsetEnd=534 PartOfSpeech=NNP] [Text=play CharacterOffsetBegin=535 CharacterOffsetEnd=539 PartOfSpeech=VB] [Text=a CharacterOffsetBegin=540 CharacterOffsetEnd=541 PartOfSpeech=DT] [Text=tough CharacterOffsetBegin=542 CharacterOffsetEnd=547 PartOfSpeech=JJ] [Text=guy CharacterOffsetBegin=548 CharacterOffsetEnd=551 PartOfSpeech=NN] [Text=who CharacterOffsetBegin=552 CharacterOffsetEnd=555 PartOfSpeech=WP] [Text=likes CharacterOffsetBegin=556 CharacterOffsetEnd=561 PartOfSpeech=VBZ] [Text=bashing CharacterOffsetBegin=562 CharacterOffsetEnd=569 PartOfSpeech=VBG] [Text=toughs CharacterOffsetBegin=570 CharacterOffsetEnd=576 PartOfSpeech=NNS] [Text=. CharacterOffsetBegin=576 CharacterOffsetEnd=577 PartOfSpeech=.] 
root(ROOT-0, mundane-5)
det(scenes-3, The-1)
nn(scenes-3, action-2)
nsubj(mundane-5, scenes-3)
cop(mundane-5, are-4)
cc(mundane-5, but-6)
nsubj(fun-9, it-7)
cop(fun-9, is-8)
conj(mundane-5, fun-9)
aux(see-11, to-10)
xcomp(fun-9, see-11)
nn(Blocker-13, Dan-12)
nsubj(play-14, Blocker-13)
ccomp(see-11, play-14)
det(guy-17, a-15)
amod(guy-17, tough-16)
dobj(play-14, guy-17)
nsubj(likes-19, who-18)
rcmod(guy-17, likes-19)
xcomp(likes-19, bashing-20)
dobj(bashing-20, toughs-21)
punct(mundane-5, .-22)

Sentence #8 (15 tokens):
And Lanie Kazan and Racquel Welsh are at the voluptuous peak of their careers.
[Text=And CharacterOffsetBegin=582 CharacterOffsetEnd=585 PartOfSpeech=CC] [Text=Lanie CharacterOffsetBegin=586 CharacterOffsetEnd=591 PartOfSpeech=NNP] [Text=Kazan CharacterOffsetBegin=592 CharacterOffsetEnd=597 PartOfSpeech=NNP] [Text=and CharacterOffsetBegin=598 CharacterOffsetEnd=601 PartOfSpeech=CC] [Text=Racquel CharacterOffsetBegin=602 CharacterOffsetEnd=609 PartOfSpeech=NNP] [Text=Welsh CharacterOffsetBegin=610 CharacterOffsetEnd=615 PartOfSpeech=NNP] [Text=are CharacterOffsetBegin=616 CharacterOffsetEnd=619 PartOfSpeech=VBP] [Text=at CharacterOffsetBegin=620 CharacterOffsetEnd=622 PartOfSpeech=IN] [Text=the CharacterOffsetBegin=623 CharacterOffsetEnd=626 PartOfSpeech=DT] [Text=voluptuous CharacterOffsetBegin=627 CharacterOffsetEnd=637 PartOfSpeech=JJ] [Text=peak CharacterOffsetBegin=638 CharacterOffsetEnd=642 PartOfSpeech=NN] [Text=of CharacterOffsetBegin=643 CharacterOffsetEnd=645 PartOfSpeech=IN] [Text=their CharacterOffsetBegin=646 CharacterOffsetEnd=651 PartOfSpeech=PRP$] [Text=careers CharacterOffsetBegin=652 CharacterOffsetEnd=659 PartOfSpeech=NNS] [Text=. CharacterOffsetBegin=659 CharacterOffsetEnd=660 PartOfSpeech=.] 
root(ROOT-0, are-7)
cc(are-7, And-1)
nn(Kazan-3, Lanie-2)
nsubj(are-7, Kazan-3)
cc(Kazan-3, and-4)
nn(Welsh-6, Racquel-5)
conj(Kazan-3, Welsh-6)
prep(are-7, at-8)
det(peak-11, the-9)
amod(peak-11, voluptuous-10)
pobj(at-8, peak-11)
prep(peak-11, of-12)
poss(careers-14, their-13)
pobj(of-12, careers-14)
punct(are-7, .-15)

Sentence #9 (15 tokens):
Amazing to note they were both 28 years old and Mr. Sinatra was 53.
[Text=Amazing CharacterOffsetBegin=665 CharacterOffsetEnd=672 PartOfSpeech=JJ] [Text=to CharacterOffsetBegin=673 CharacterOffsetEnd=675 PartOfSpeech=TO] [Text=note CharacterOffsetBegin=676 CharacterOffsetEnd=680 PartOfSpeech=VB] [Text=they CharacterOffsetBegin=681 CharacterOffsetEnd=685 PartOfSpeech=PRP] [Text=were CharacterOffsetBegin=686 CharacterOffsetEnd=690 PartOfSpeech=VBD] [Text=both CharacterOffsetBegin=691 CharacterOffsetEnd=695 PartOfSpeech=DT] [Text=28 CharacterOffsetBegin=696 CharacterOffsetEnd=698 PartOfSpeech=CD] [Text=years CharacterOffsetBegin=699 CharacterOffsetEnd=704 PartOfSpeech=NNS] [Text=old CharacterOffsetBegin=705 CharacterOffsetEnd=708 PartOfSpeech=JJ] [Text=and CharacterOffsetBegin=709 CharacterOffsetEnd=712 PartOfSpeech=CC] [Text=Mr. CharacterOffsetBegin=713 CharacterOffsetEnd=716 PartOfSpeech=NNP] [Text=Sinatra CharacterOffsetBegin=717 CharacterOffsetEnd=724 PartOfSpeech=NNP] [Text=was CharacterOffsetBegin=725 CharacterOffsetEnd=728 PartOfSpeech=VBD] [Text=53 CharacterOffsetBegin=729 CharacterOffsetEnd=731 PartOfSpeech=CD] [Text=. CharacterOffsetBegin=731 CharacterOffsetEnd=732 PartOfSpeech=.] 
root(ROOT-0, Amazing-1)
aux(note-3, to-2)
xcomp(Amazing-1, note-3)
nsubj(years-8, they-4)
cop(years-8, were-5)
det(years-8, both-6)
num(years-8, 28-7)
npadvmod(old-9, years-8)
dep(note-3, old-9)
cc(old-9, and-10)
nn(Sinatra-12, Mr.-11)
nsubj(53-14, Sinatra-12)
cop(53-14, was-13)
conj(old-9, 53-14)
punct(Amazing-1, .-15)

Sentence #10 (6 tokens):
The musical score, wait .
[Text=The CharacterOffsetBegin=737 CharacterOffsetEnd=740 PartOfSpeech=DT] [Text=musical CharacterOffsetBegin=741 CharacterOffsetEnd=748 PartOfSpeech=JJ] [Text=score CharacterOffsetBegin=749 CharacterOffsetEnd=754 PartOfSpeech=NN] [Text=, CharacterOffsetBegin=754 CharacterOffsetEnd=755 PartOfSpeech=,] [Text=wait CharacterOffsetBegin=756 CharacterOffsetEnd=760 PartOfSpeech=NN] [Text=. CharacterOffsetBegin=761 CharacterOffsetEnd=762 PartOfSpeech=.] 
root(ROOT-0, score-3)
det(score-3, The-1)
amod(score-3, musical-2)
punct(score-3, ,-4)
appos(score-3, wait-5)
punct(score-3, .-6)

Sentence #11 (1 tokens):
.
[Text=. CharacterOffsetBegin=767 CharacterOffsetEnd=768 PartOfSpeech=.] 
root(ROOT-0, .-1)

Sentence #12 (1 tokens):
.
[Text=. CharacterOffsetBegin=773 CharacterOffsetEnd=774 PartOfSpeech=.] 
root(ROOT-0, .-1)

Sentence #13 (5 tokens):
was there a score?
[Text=was CharacterOffsetBegin=779 CharacterOffsetEnd=782 PartOfSpeech=VBD] [Text=there CharacterOffsetBegin=783 CharacterOffsetEnd=788 PartOfSpeech=EX] [Text=a CharacterOffsetBegin=789 CharacterOffsetEnd=790 PartOfSpeech=DT] [Text=score CharacterOffsetBegin=791 CharacterOffsetEnd=796 PartOfSpeech=NN] [Text=? CharacterOffsetBegin=796 CharacterOffsetEnd=797 PartOfSpeech=.] 
root(ROOT-0, score-4)
cop(score-4, was-1)
expl(score-4, there-2)
det(score-4, a-3)
punct(score-4, ?-5)

Sentence #14 (7 tokens):
Well, you get the point.
[Text=Well CharacterOffsetBegin=802 CharacterOffsetEnd=806 PartOfSpeech=RB] [Text=, CharacterOffsetBegin=806 CharacterOffsetEnd=807 PartOfSpeech=,] [Text=you CharacterOffsetBegin=808 CharacterOffsetEnd=811 PartOfSpeech=PRP] [Text=get CharacterOffsetBegin=812 CharacterOffsetEnd=815 PartOfSpeech=VBP] [Text=the CharacterOffsetBegin=816 CharacterOffsetEnd=819 PartOfSpeech=DT] [Text=point CharacterOffsetBegin=820 CharacterOffsetEnd=825 PartOfSpeech=NN] [Text=. CharacterOffsetBegin=825 CharacterOffsetEnd=826 PartOfSpeech=.] 
root(ROOT-0, get-4)
advmod(get-4, Well-1)
punct(get-4, ,-2)
nsubj(get-4, you-3)
det(point-6, the-5)
dobj(get-4, point-6)
punct(get-4, .-7)

Sentence #15 (10 tokens):
Watch it with friends who want a good laugh.
[Text=Watch CharacterOffsetBegin=831 CharacterOffsetEnd=836 PartOfSpeech=VB] [Text=it CharacterOffsetBegin=837 CharacterOffsetEnd=839 PartOfSpeech=PRP] [Text=with CharacterOffsetBegin=840 CharacterOffsetEnd=844 PartOfSpeech=IN] [Text=friends CharacterOffsetBegin=845 CharacterOffsetEnd=852 PartOfSpeech=NNS] [Text=who CharacterOffsetBegin=853 CharacterOffsetEnd=856 PartOfSpeech=WP] [Text=want CharacterOffsetBegin=857 CharacterOffsetEnd=861 PartOfSpeech=VBP] [Text=a CharacterOffsetBegin=862 CharacterOffsetEnd=863 PartOfSpeech=DT] [Text=good CharacterOffsetBegin=864 CharacterOffsetEnd=868 PartOfSpeech=JJ] [Text=laugh CharacterOffsetBegin=869 CharacterOffsetEnd=874 PartOfSpeech=NN] [Text=. CharacterOffsetBegin=874 CharacterOffsetEnd=875 PartOfSpeech=.] 
root(ROOT-0, Watch-1)
dobj(Watch-1, it-2)
prep(Watch-1, with-3)
pobj(with-3, friends-4)
nsubj(want-6, who-5)
rcmod(friends-4, want-6)
det(laugh-9, a-7)
amod(laugh-9, good-8)
dobj(want-6, laugh-9)
punct(Watch-1, .-10)

Sentence #16 (6 tokens):
it's full of them.
[Text=it CharacterOffsetBegin=880 CharacterOffsetEnd=882 PartOfSpeech=PRP] [Text='s CharacterOffsetBegin=882 CharacterOffsetEnd=884 PartOfSpeech=VBZ] [Text=full CharacterOffsetBegin=885 CharacterOffsetEnd=889 PartOfSpeech=JJ] [Text=of CharacterOffsetBegin=890 CharacterOffsetEnd=892 PartOfSpeech=IN] [Text=them CharacterOffsetBegin=893 CharacterOffsetEnd=897 PartOfSpeech=PRP] [Text=. CharacterOffsetBegin=897 CharacterOffsetEnd=898 PartOfSpeech=.] 
root(ROOT-0, full-3)
nsubj(full-3, it-1)
cop(full-3, 's-2)
prep(full-3, of-4)
pobj(of-4, them-5)
punct(full-3, .-6)

