Sentence #1 (23 tokens):
**SPOILERS**KHAMOSH is totally unrealistic, lacks a plot, and was basically only made to see stars portray themselves.
[Text=** CharacterOffsetBegin=4 CharacterOffsetEnd=6 PartOfSpeech=SYM] [Text=SPOILERS CharacterOffsetBegin=6 CharacterOffsetEnd=14 PartOfSpeech=NNS] [Text=** CharacterOffsetBegin=14 CharacterOffsetEnd=16 PartOfSpeech=SYM] [Text=KHAMOSH CharacterOffsetBegin=16 CharacterOffsetEnd=23 PartOfSpeech=NN] [Text=is CharacterOffsetBegin=24 CharacterOffsetEnd=26 PartOfSpeech=VBZ] [Text=totally CharacterOffsetBegin=27 CharacterOffsetEnd=34 PartOfSpeech=RB] [Text=unrealistic CharacterOffsetBegin=35 CharacterOffsetEnd=46 PartOfSpeech=JJ] [Text=, CharacterOffsetBegin=46 CharacterOffsetEnd=47 PartOfSpeech=,] [Text=lacks CharacterOffsetBegin=48 CharacterOffsetEnd=53 PartOfSpeech=VBZ] [Text=a CharacterOffsetBegin=54 CharacterOffsetEnd=55 PartOfSpeech=DT] [Text=plot CharacterOffsetBegin=56 CharacterOffsetEnd=60 PartOfSpeech=NN] [Text=, CharacterOffsetBegin=60 CharacterOffsetEnd=61 PartOfSpeech=,] [Text=and CharacterOffsetBegin=62 CharacterOffsetEnd=65 PartOfSpeech=CC] [Text=was CharacterOffsetBegin=66 CharacterOffsetEnd=69 PartOfSpeech=VBD] [Text=basically CharacterOffsetBegin=70 CharacterOffsetEnd=79 PartOfSpeech=RB] [Text=only CharacterOffsetBegin=80 CharacterOffsetEnd=84 PartOfSpeech=RB] [Text=made CharacterOffsetBegin=85 CharacterOffsetEnd=89 PartOfSpeech=VBN] [Text=to CharacterOffsetBegin=90 CharacterOffsetEnd=92 PartOfSpeech=TO] [Text=see CharacterOffsetBegin=93 CharacterOffsetEnd=96 PartOfSpeech=VB] [Text=stars CharacterOffsetBegin=97 CharacterOffsetEnd=102 PartOfSpeech=NNS] [Text=portray CharacterOffsetBegin=103 CharacterOffsetEnd=110 PartOfSpeech=VBP] [Text=themselves CharacterOffsetBegin=111 CharacterOffsetEnd=121 PartOfSpeech=PRP] [Text=. CharacterOffsetBegin=121 CharacterOffsetEnd=122 PartOfSpeech=.] 
root(ROOT-0, unrealistic-7)
dep(KHAMOSH-4, **-1)
nn(KHAMOSH-4, SPOILERS-2)
dep(KHAMOSH-4, **-3)
nsubj(unrealistic-7, KHAMOSH-4)
cop(unrealistic-7, is-5)
advmod(unrealistic-7, totally-6)
punct(unrealistic-7, ,-8)
conj(unrealistic-7, lacks-9)
det(plot-11, a-10)
dobj(lacks-9, plot-11)
punct(unrealistic-7, ,-12)
cc(unrealistic-7, and-13)
auxpass(made-17, was-14)
advmod(made-17, basically-15)
advmod(made-17, only-16)
conj(unrealistic-7, made-17)
aux(see-19, to-18)
xcomp(made-17, see-19)
nsubj(portray-21, stars-20)
ccomp(see-19, portray-21)
dobj(portray-21, themselves-22)
punct(unrealistic-7, .-23)

Sentence #2 (28 tokens):
The most suspenseful scene in the movie was when Shabana Azmi is in the shower and then we see her TV playing the shower scene from PSYCHO.
[Text=The CharacterOffsetBegin=127 CharacterOffsetEnd=130 PartOfSpeech=DT] [Text=most CharacterOffsetBegin=131 CharacterOffsetEnd=135 PartOfSpeech=RBS] [Text=suspenseful CharacterOffsetBegin=136 CharacterOffsetEnd=147 PartOfSpeech=JJ] [Text=scene CharacterOffsetBegin=148 CharacterOffsetEnd=153 PartOfSpeech=NN] [Text=in CharacterOffsetBegin=154 CharacterOffsetEnd=156 PartOfSpeech=IN] [Text=the CharacterOffsetBegin=157 CharacterOffsetEnd=160 PartOfSpeech=DT] [Text=movie CharacterOffsetBegin=161 CharacterOffsetEnd=166 PartOfSpeech=NN] [Text=was CharacterOffsetBegin=167 CharacterOffsetEnd=170 PartOfSpeech=VBD] [Text=when CharacterOffsetBegin=171 CharacterOffsetEnd=175 PartOfSpeech=WRB] [Text=Shabana CharacterOffsetBegin=176 CharacterOffsetEnd=183 PartOfSpeech=NNP] [Text=Azmi CharacterOffsetBegin=184 CharacterOffsetEnd=188 PartOfSpeech=NNP] [Text=is CharacterOffsetBegin=189 CharacterOffsetEnd=191 PartOfSpeech=VBZ] [Text=in CharacterOffsetBegin=192 CharacterOffsetEnd=194 PartOfSpeech=IN] [Text=the CharacterOffsetBegin=195 CharacterOffsetEnd=198 PartOfSpeech=DT] [Text=shower CharacterOffsetBegin=199 CharacterOffsetEnd=205 PartOfSpeech=NN] [Text=and CharacterOffsetBegin=206 CharacterOffsetEnd=209 PartOfSpeech=CC] [Text=then CharacterOffsetBegin=210 CharacterOffsetEnd=214 PartOfSpeech=RB] [Text=we CharacterOffsetBegin=215 CharacterOffsetEnd=217 PartOfSpeech=PRP] [Text=see CharacterOffsetBegin=218 CharacterOffsetEnd=221 PartOfSpeech=VBP] [Text=her CharacterOffsetBegin=222 CharacterOffsetEnd=225 PartOfSpeech=PRP$] [Text=TV CharacterOffsetBegin=226 CharacterOffsetEnd=228 PartOfSpeech=NN] [Text=playing CharacterOffsetBegin=229 CharacterOffsetEnd=236 PartOfSpeech=VBG] [Text=the CharacterOffsetBegin=237 CharacterOffsetEnd=240 PartOfSpeech=DT] [Text=shower CharacterOffsetBegin=241 CharacterOffsetEnd=247 PartOfSpeech=NN] [Text=scene CharacterOffsetBegin=248 CharacterOffsetEnd=253 PartOfSpeech=NN] [Text=from CharacterOffsetBegin=254 CharacterOffsetEnd=258 PartOfSpeech=IN] [Text=PSYCHO CharacterOffsetBegin=259 CharacterOffsetEnd=265 PartOfSpeech=NNP] [Text=. CharacterOffsetBegin=265 CharacterOffsetEnd=266 PartOfSpeech=.] 
root(ROOT-0, was-8)
det(scene-4, The-1)
advmod(suspenseful-3, most-2)
amod(scene-4, suspenseful-3)
nsubj(was-8, scene-4)
prep(scene-4, in-5)
det(movie-7, the-6)
pobj(in-5, movie-7)
advmod(is-12, when-9)
nn(Azmi-11, Shabana-10)
nsubj(is-12, Azmi-11)
advcl(was-8, is-12)
prep(is-12, in-13)
det(shower-15, the-14)
pobj(in-13, shower-15)
cc(was-8, and-16)
advmod(was-8, then-17)
nsubj(see-19, we-18)
dep(was-8, see-19)
dobj(see-19, her-20)
dep(her-20, TV-21)
partmod(TV-21, playing-22)
det(scene-25, the-23)
nn(scene-25, shower-24)
dobj(playing-22, scene-25)
prep(playing-22, from-26)
pobj(from-26, PSYCHO-27)
punct(was-8, .-28)

Sentence #3 (28 tokens):
This movie actually expected users to believe that Naseeruddin Shah's character has a good enough memory to remember where certain shots were fired and how many!
[Text=This CharacterOffsetBegin=271 CharacterOffsetEnd=275 PartOfSpeech=DT] [Text=movie CharacterOffsetBegin=276 CharacterOffsetEnd=281 PartOfSpeech=NN] [Text=actually CharacterOffsetBegin=282 CharacterOffsetEnd=290 PartOfSpeech=RB] [Text=expected CharacterOffsetBegin=291 CharacterOffsetEnd=299 PartOfSpeech=VBD] [Text=users CharacterOffsetBegin=300 CharacterOffsetEnd=305 PartOfSpeech=NNS] [Text=to CharacterOffsetBegin=306 CharacterOffsetEnd=308 PartOfSpeech=TO] [Text=believe CharacterOffsetBegin=309 CharacterOffsetEnd=316 PartOfSpeech=VB] [Text=that CharacterOffsetBegin=317 CharacterOffsetEnd=321 PartOfSpeech=IN] [Text=Naseeruddin CharacterOffsetBegin=322 CharacterOffsetEnd=333 PartOfSpeech=NNP] [Text=Shah CharacterOffsetBegin=334 CharacterOffsetEnd=338 PartOfSpeech=NNP] [Text='s CharacterOffsetBegin=338 CharacterOffsetEnd=340 PartOfSpeech=POS] [Text=character CharacterOffsetBegin=341 CharacterOffsetEnd=350 PartOfSpeech=NN] [Text=has CharacterOffsetBegin=351 CharacterOffsetEnd=354 PartOfSpeech=VBZ] [Text=a CharacterOffsetBegin=355 CharacterOffsetEnd=356 PartOfSpeech=DT] [Text=good CharacterOffsetBegin=357 CharacterOffsetEnd=361 PartOfSpeech=JJ] [Text=enough CharacterOffsetBegin=362 CharacterOffsetEnd=368 PartOfSpeech=JJ] [Text=memory CharacterOffsetBegin=369 CharacterOffsetEnd=375 PartOfSpeech=NN] [Text=to CharacterOffsetBegin=376 CharacterOffsetEnd=378 PartOfSpeech=TO] [Text=remember CharacterOffsetBegin=379 CharacterOffsetEnd=387 PartOfSpeech=VB] [Text=where CharacterOffsetBegin=388 CharacterOffsetEnd=393 PartOfSpeech=WRB] [Text=certain CharacterOffsetBegin=394 CharacterOffsetEnd=401 PartOfSpeech=JJ] [Text=shots CharacterOffsetBegin=402 CharacterOffsetEnd=407 PartOfSpeech=NNS] [Text=were CharacterOffsetBegin=408 CharacterOffsetEnd=412 PartOfSpeech=VBD] [Text=fired CharacterOffsetBegin=413 CharacterOffsetEnd=418 PartOfSpeech=VBN] [Text=and CharacterOffsetBegin=419 CharacterOffsetEnd=422 PartOfSpeech=CC] [Text=how CharacterOffsetBegin=423 CharacterOffsetEnd=426 PartOfSpeech=WRB] [Text=many CharacterOffsetBegin=427 CharacterOffsetEnd=431 PartOfSpeech=JJ] [Text=! CharacterOffsetBegin=431 CharacterOffsetEnd=432 PartOfSpeech=.] 
root(ROOT-0, expected-4)
det(movie-2, This-1)
nsubj(expected-4, movie-2)
advmod(expected-4, actually-3)
nsubj(believe-7, users-5)
aux(believe-7, to-6)
xcomp(expected-4, believe-7)
mark(has-13, that-8)
nn(Shah-10, Naseeruddin-9)
poss(character-12, Shah-10)
possessive(Shah-10, 's-11)
nsubj(has-13, character-12)
ccomp(believe-7, has-13)
det(memory-17, a-14)
amod(memory-17, good-15)
amod(memory-17, enough-16)
dobj(has-13, memory-17)
aux(remember-19, to-18)
infmod(memory-17, remember-19)
advmod(fired-24, where-20)
amod(shots-22, certain-21)
nsubjpass(fired-24, shots-22)
auxpass(fired-24, were-23)
advcl(remember-19, fired-24)
cc(fired-24, and-25)
advmod(many-27, how-26)
conj(fired-24, many-27)
punct(expected-4, !-28)

Sentence #4 (31 tokens):
***SPOILER BEGINS***At the end, the killer spills his guts to Shabana Azmi long enough to allow Naseeruddin Shah's character to run up and shoot him!
[Text=*** CharacterOffsetBegin=432 CharacterOffsetEnd=435 PartOfSpeech=CD] [Text=SPOILER CharacterOffsetBegin=435 CharacterOffsetEnd=442 PartOfSpeech=NN] [Text=BEGINS CharacterOffsetBegin=443 CharacterOffsetEnd=449 PartOfSpeech=VBZ] [Text=*** CharacterOffsetBegin=449 CharacterOffsetEnd=452 PartOfSpeech=CD] [Text=At CharacterOffsetBegin=452 CharacterOffsetEnd=454 PartOfSpeech=IN] [Text=the CharacterOffsetBegin=455 CharacterOffsetEnd=458 PartOfSpeech=DT] [Text=end CharacterOffsetBegin=459 CharacterOffsetEnd=462 PartOfSpeech=NN] [Text=, CharacterOffsetBegin=462 CharacterOffsetEnd=463 PartOfSpeech=,] [Text=the CharacterOffsetBegin=464 CharacterOffsetEnd=467 PartOfSpeech=DT] [Text=killer CharacterOffsetBegin=468 CharacterOffsetEnd=474 PartOfSpeech=NN] [Text=spills CharacterOffsetBegin=475 CharacterOffsetEnd=481 PartOfSpeech=VBZ] [Text=his CharacterOffsetBegin=482 CharacterOffsetEnd=485 PartOfSpeech=PRP$] [Text=guts CharacterOffsetBegin=486 CharacterOffsetEnd=490 PartOfSpeech=NNS] [Text=to CharacterOffsetBegin=491 CharacterOffsetEnd=493 PartOfSpeech=TO] [Text=Shabana CharacterOffsetBegin=494 CharacterOffsetEnd=501 PartOfSpeech=NNP] [Text=Azmi CharacterOffsetBegin=502 CharacterOffsetEnd=506 PartOfSpeech=NNP] [Text=long CharacterOffsetBegin=507 CharacterOffsetEnd=511 PartOfSpeech=RB] [Text=enough CharacterOffsetBegin=512 CharacterOffsetEnd=518 PartOfSpeech=RB] [Text=to CharacterOffsetBegin=519 CharacterOffsetEnd=521 PartOfSpeech=TO] [Text=allow CharacterOffsetBegin=522 CharacterOffsetEnd=527 PartOfSpeech=VB] [Text=Naseeruddin CharacterOffsetBegin=528 CharacterOffsetEnd=539 PartOfSpeech=NNP] [Text=Shah CharacterOffsetBegin=540 CharacterOffsetEnd=544 PartOfSpeech=NNP] [Text='s CharacterOffsetBegin=544 CharacterOffsetEnd=546 PartOfSpeech=POS] [Text=character CharacterOffsetBegin=547 CharacterOffsetEnd=556 PartOfSpeech=NN] [Text=to CharacterOffsetBegin=557 CharacterOffsetEnd=559 PartOfSpeech=TO] [Text=run CharacterOffsetBegin=560 CharacterOffsetEnd=563 PartOfSpeech=VB] [Text=up CharacterOffsetBegin=564 CharacterOffsetEnd=566 PartOfSpeech=RB] [Text=and CharacterOffsetBegin=567 CharacterOffsetEnd=570 PartOfSpeech=CC] [Text=shoot CharacterOffsetBegin=571 CharacterOffsetEnd=576 PartOfSpeech=VB] [Text=him CharacterOffsetBegin=577 CharacterOffsetEnd=580 PartOfSpeech=PRP] [Text=! CharacterOffsetBegin=580 CharacterOffsetEnd=581 PartOfSpeech=.] 
root(ROOT-0, BEGINS-3)
num(SPOILER-2, ***-1)
nsubj(BEGINS-3, SPOILER-2)
dobj(BEGINS-3, ***-4)
prep(BEGINS-3, At-5)
det(end-7, the-6)
pobj(At-5, end-7)
punct(BEGINS-3, ,-8)
det(killer-10, the-9)
nsubj(spills-11, killer-10)
ccomp(BEGINS-3, spills-11)
poss(guts-13, his-12)
dobj(spills-11, guts-13)
prep(guts-13, to-14)
nn(Azmi-16, Shabana-15)
pobj(to-14, Azmi-16)
advmod(enough-18, long-17)
advmod(guts-13, enough-18)
aux(allow-20, to-19)
dep(enough-18, allow-20)
nn(Shah-22, Naseeruddin-21)
poss(character-24, Shah-22)
possessive(Shah-22, 's-23)
nsubj(run-26, character-24)
aux(run-26, to-25)
xcomp(allow-20, run-26)
advmod(run-26, up-27)
cc(run-26, and-28)
conj(run-26, shoot-29)
dobj(shoot-29, him-30)
punct(BEGINS-3, !-31)

Sentence #5 (39 tokens):
***SPOILER ENDS***It is a little humorous (only a little) in the beginning to hear the director and cast members throwing insults at each other and hearing Shabana Azmi exclaim, "Oh sh-t!
[Text=*** CharacterOffsetBegin=581 CharacterOffsetEnd=584 PartOfSpeech=CD] [Text=SPOILER CharacterOffsetBegin=584 CharacterOffsetEnd=591 PartOfSpeech=NN] [Text=ENDS CharacterOffsetBegin=592 CharacterOffsetEnd=596 PartOfSpeech=VBZ] [Text=*** CharacterOffsetBegin=596 CharacterOffsetEnd=599 PartOfSpeech=CD] [Text=It CharacterOffsetBegin=599 CharacterOffsetEnd=601 PartOfSpeech=PRP] [Text=is CharacterOffsetBegin=602 CharacterOffsetEnd=604 PartOfSpeech=VBZ] [Text=a CharacterOffsetBegin=605 CharacterOffsetEnd=606 PartOfSpeech=DT] [Text=little CharacterOffsetBegin=607 CharacterOffsetEnd=613 PartOfSpeech=JJ] [Text=humorous CharacterOffsetBegin=614 CharacterOffsetEnd=622 PartOfSpeech=JJ] [Text=-LRB- CharacterOffsetBegin=623 CharacterOffsetEnd=624 PartOfSpeech=-LRB-] [Text=only CharacterOffsetBegin=624 CharacterOffsetEnd=628 PartOfSpeech=RB] [Text=a CharacterOffsetBegin=629 CharacterOffsetEnd=630 PartOfSpeech=DT] [Text=little CharacterOffsetBegin=631 CharacterOffsetEnd=637 PartOfSpeech=JJ] [Text=-RRB- CharacterOffsetBegin=637 CharacterOffsetEnd=638 PartOfSpeech=-RRB-] [Text=in CharacterOffsetBegin=639 CharacterOffsetEnd=641 PartOfSpeech=IN] [Text=the CharacterOffsetBegin=642 CharacterOffsetEnd=645 PartOfSpeech=DT] [Text=beginning CharacterOffsetBegin=646 CharacterOffsetEnd=655 PartOfSpeech=VBG] [Text=to CharacterOffsetBegin=656 CharacterOffsetEnd=658 PartOfSpeech=TO] [Text=hear CharacterOffsetBegin=659 CharacterOffsetEnd=663 PartOfSpeech=VB] [Text=the CharacterOffsetBegin=664 CharacterOffsetEnd=667 PartOfSpeech=DT] [Text=director CharacterOffsetBegin=668 CharacterOffsetEnd=676 PartOfSpeech=NN] [Text=and CharacterOffsetBegin=677 CharacterOffsetEnd=680 PartOfSpeech=CC] [Text=cast CharacterOffsetBegin=681 CharacterOffsetEnd=685 PartOfSpeech=VBD] [Text=members CharacterOffsetBegin=686 CharacterOffsetEnd=693 PartOfSpeech=NNS] [Text=throwing CharacterOffsetBegin=694 CharacterOffsetEnd=702 PartOfSpeech=VBG] [Text=insults CharacterOffsetBegin=703 CharacterOffsetEnd=710 PartOfSpeech=NNS] [Text=at CharacterOffsetBegin=711 CharacterOffsetEnd=713 PartOfSpeech=IN] [Text=each CharacterOffsetBegin=714 CharacterOffsetEnd=718 PartOfSpeech=DT] [Text=other CharacterOffsetBegin=719 CharacterOffsetEnd=724 PartOfSpeech=JJ] [Text=and CharacterOffsetBegin=725 CharacterOffsetEnd=728 PartOfSpeech=CC] [Text=hearing CharacterOffsetBegin=729 CharacterOffsetEnd=736 PartOfSpeech=NN] [Text=Shabana CharacterOffsetBegin=737 CharacterOffsetEnd=744 PartOfSpeech=NNP] [Text=Azmi CharacterOffsetBegin=745 CharacterOffsetEnd=749 PartOfSpeech=NNP] [Text=exclaim CharacterOffsetBegin=750 CharacterOffsetEnd=757 PartOfSpeech=NN] [Text=, CharacterOffsetBegin=757 CharacterOffsetEnd=758 PartOfSpeech=,] [Text=`` CharacterOffsetBegin=759 CharacterOffsetEnd=760 PartOfSpeech=``] [Text=Oh CharacterOffsetBegin=760 CharacterOffsetEnd=762 PartOfSpeech=UH] [Text=sh-t CharacterOffsetBegin=763 CharacterOffsetEnd=767 PartOfSpeech=NN] [Text=! CharacterOffsetBegin=767 CharacterOffsetEnd=768 PartOfSpeech=.] 
root(ROOT-0, ENDS-3)
num(SPOILER-2, ***-1)
nsubj(ENDS-3, SPOILER-2)
dobj(ENDS-3, ***-4)
nsubj(is-6, It-5)
rcmod(***-4, is-6)
dep(is-6, a-7)
dep(a-7, little-8)
amod(little-8, humorous-9)
punct(only-11, -LRB--10)
advmod(little-13, only-11)
det(little-13, a-12)
dep(humorous-9, little-13)
punct(little-13, -RRB--14)
prep(humorous-9, in-15)
det(beginning-17, the-16)
pobj(in-15, beginning-17)
aux(hear-19, to-18)
dep(beginning-17, hear-19)
det(director-21, the-20)
dobj(hear-19, director-21)
cc(hear-19, and-22)
conj(hear-19, cast-23)
nsubj(throwing-25, members-24)
ccomp(cast-23, throwing-25)
dobj(throwing-25, insults-26)
prep(throwing-25, at-27)
det(other-29, each-28)
pobj(at-27, other-29)
cc(throwing-25, and-30)
nn(exclaim-34, hearing-31)
nn(exclaim-34, Shabana-32)
nn(exclaim-34, Azmi-33)
conj(throwing-25, exclaim-34)
punct(exclaim-34, ,-35)
punct(exclaim-34, ``-36)
amod(sh-t-38, Oh-37)
dep(exclaim-34, sh-t-38)
punct(ENDS-3, !-39)

Sentence #6 (17 tokens):
"Overall, a baaaaaaaaaaad movie!Rating: ** out of ********** (2 out of 10)
[Text=`` CharacterOffsetBegin=773 CharacterOffsetEnd=774 PartOfSpeech=``] [Text=Overall CharacterOffsetBegin=774 CharacterOffsetEnd=781 PartOfSpeech=RB] [Text=, CharacterOffsetBegin=781 CharacterOffsetEnd=782 PartOfSpeech=,] [Text=a CharacterOffsetBegin=783 CharacterOffsetEnd=784 PartOfSpeech=DT] [Text=baaaaaaaaaaad CharacterOffsetBegin=785 CharacterOffsetEnd=798 PartOfSpeech=NN] [Text=movie!Rating CharacterOffsetBegin=799 CharacterOffsetEnd=811 PartOfSpeech=NN] [Text=: CharacterOffsetBegin=811 CharacterOffsetEnd=812 PartOfSpeech=:] [Text=** CharacterOffsetBegin=813 CharacterOffsetEnd=815 PartOfSpeech=SYM] [Text=out CharacterOffsetBegin=816 CharacterOffsetEnd=819 PartOfSpeech=IN] [Text=of CharacterOffsetBegin=820 CharacterOffsetEnd=822 PartOfSpeech=IN] [Text=********** CharacterOffsetBegin=823 CharacterOffsetEnd=833 PartOfSpeech=NN] [Text=-LRB- CharacterOffsetBegin=834 CharacterOffsetEnd=835 PartOfSpeech=-LRB-] [Text=2 CharacterOffsetBegin=835 CharacterOffsetEnd=836 PartOfSpeech=CD] [Text=out CharacterOffsetBegin=837 CharacterOffsetEnd=840 PartOfSpeech=IN] [Text=of CharacterOffsetBegin=841 CharacterOffsetEnd=843 PartOfSpeech=IN] [Text=10 CharacterOffsetBegin=844 CharacterOffsetEnd=846 PartOfSpeech=CD] [Text=-RRB- CharacterOffsetBegin=846 CharacterOffsetEnd=847 PartOfSpeech=-RRB-] 
root(ROOT-0, ``-1)
dep(``-1, Overall-2)
punct(Overall-2, ,-3)
det(movie!Rating-6, a-4)
nn(movie!Rating-6, baaaaaaaaaaad-5)
nsubj(,-3, movie!Rating-6)
punct(movie!Rating-6, :-7)
dep(movie!Rating-6, **-8)
prep(**-8, out-9)
pcomp(out-9, of-10)
pobj(of-10, **********-11)
punct(2-13, -LRB--12)
dep(**********-11, 2-13)
prep(2-13, out-14)
pcomp(out-14, of-15)
pobj(of-15, 10-16)
punct(movie!Rating-6, -RRB--17)

