Sentence #1 (19 tokens):
This movie made me really mad because the main characters or all the characters have a southern accent.
[Text=This CharacterOffsetBegin=4 CharacterOffsetEnd=8 PartOfSpeech=DT] [Text=movie CharacterOffsetBegin=9 CharacterOffsetEnd=14 PartOfSpeech=NN] [Text=made CharacterOffsetBegin=15 CharacterOffsetEnd=19 PartOfSpeech=VBD] [Text=me CharacterOffsetBegin=20 CharacterOffsetEnd=22 PartOfSpeech=PRP] [Text=really CharacterOffsetBegin=23 CharacterOffsetEnd=29 PartOfSpeech=RB] [Text=mad CharacterOffsetBegin=30 CharacterOffsetEnd=33 PartOfSpeech=JJ] [Text=because CharacterOffsetBegin=34 CharacterOffsetEnd=41 PartOfSpeech=IN] [Text=the CharacterOffsetBegin=42 CharacterOffsetEnd=45 PartOfSpeech=DT] [Text=main CharacterOffsetBegin=46 CharacterOffsetEnd=50 PartOfSpeech=JJ] [Text=characters CharacterOffsetBegin=51 CharacterOffsetEnd=61 PartOfSpeech=NNS] [Text=or CharacterOffsetBegin=62 CharacterOffsetEnd=64 PartOfSpeech=CC] [Text=all CharacterOffsetBegin=65 CharacterOffsetEnd=68 PartOfSpeech=PDT] [Text=the CharacterOffsetBegin=69 CharacterOffsetEnd=72 PartOfSpeech=DT] [Text=characters CharacterOffsetBegin=73 CharacterOffsetEnd=83 PartOfSpeech=NNS] [Text=have CharacterOffsetBegin=84 CharacterOffsetEnd=88 PartOfSpeech=VBP] [Text=a CharacterOffsetBegin=89 CharacterOffsetEnd=90 PartOfSpeech=DT] [Text=southern CharacterOffsetBegin=91 CharacterOffsetEnd=99 PartOfSpeech=JJ] [Text=accent CharacterOffsetBegin=100 CharacterOffsetEnd=106 PartOfSpeech=NN] [Text=. CharacterOffsetBegin=106 CharacterOffsetEnd=107 PartOfSpeech=.] 
root(ROOT-0, made-3)
det(movie-2, This-1)
nsubj(made-3, movie-2)
nsubj(mad-6, me-4)
advmod(mad-6, really-5)
xcomp(made-3, mad-6)
mark(have-15, because-7)
det(characters-10, the-8)
amod(characters-10, main-9)
nsubj(have-15, characters-10)
cc(characters-10, or-11)
predet(characters-14, all-12)
det(characters-14, the-13)
conj(characters-10, characters-14)
advcl(mad-6, have-15)
det(accent-18, a-16)
amod(accent-18, southern-17)
dobj(have-15, accent-18)
punct(made-3, .-19)

Sentence #2 (21 tokens):
I've lived in Iowa for 29 years and I know that people don't have a southern accent here.
[Text=I CharacterOffsetBegin=112 CharacterOffsetEnd=113 PartOfSpeech=PRP] [Text='ve CharacterOffsetBegin=113 CharacterOffsetEnd=116 PartOfSpeech=VBP] [Text=lived CharacterOffsetBegin=117 CharacterOffsetEnd=122 PartOfSpeech=VBN] [Text=in CharacterOffsetBegin=123 CharacterOffsetEnd=125 PartOfSpeech=IN] [Text=Iowa CharacterOffsetBegin=126 CharacterOffsetEnd=130 PartOfSpeech=NNP] [Text=for CharacterOffsetBegin=131 CharacterOffsetEnd=134 PartOfSpeech=IN] [Text=29 CharacterOffsetBegin=135 CharacterOffsetEnd=137 PartOfSpeech=CD] [Text=years CharacterOffsetBegin=138 CharacterOffsetEnd=143 PartOfSpeech=NNS] [Text=and CharacterOffsetBegin=144 CharacterOffsetEnd=147 PartOfSpeech=CC] [Text=I CharacterOffsetBegin=148 CharacterOffsetEnd=149 PartOfSpeech=PRP] [Text=know CharacterOffsetBegin=150 CharacterOffsetEnd=154 PartOfSpeech=VBP] [Text=that CharacterOffsetBegin=155 CharacterOffsetEnd=159 PartOfSpeech=IN] [Text=people CharacterOffsetBegin=160 CharacterOffsetEnd=166 PartOfSpeech=NNS] [Text=do CharacterOffsetBegin=167 CharacterOffsetEnd=169 PartOfSpeech=VBP] [Text=n't CharacterOffsetBegin=169 CharacterOffsetEnd=172 PartOfSpeech=RB] [Text=have CharacterOffsetBegin=173 CharacterOffsetEnd=177 PartOfSpeech=VB] [Text=a CharacterOffsetBegin=178 CharacterOffsetEnd=179 PartOfSpeech=DT] [Text=southern CharacterOffsetBegin=180 CharacterOffsetEnd=188 PartOfSpeech=JJ] [Text=accent CharacterOffsetBegin=189 CharacterOffsetEnd=195 PartOfSpeech=NN] [Text=here CharacterOffsetBegin=196 CharacterOffsetEnd=200 PartOfSpeech=RB] [Text=. CharacterOffsetBegin=200 CharacterOffsetEnd=201 PartOfSpeech=.] 
root(ROOT-0, lived-3)
nsubj(lived-3, I-1)
aux(lived-3, 've-2)
prep(lived-3, in-4)
pobj(in-4, Iowa-5)
prep(lived-3, for-6)
num(years-8, 29-7)
pobj(for-6, years-8)
cc(lived-3, and-9)
nsubj(know-11, I-10)
conj(lived-3, know-11)
mark(have-16, that-12)
nsubj(have-16, people-13)
aux(have-16, do-14)
neg(have-16, n't-15)
ccomp(know-11, have-16)
det(accent-19, a-17)
amod(accent-19, southern-18)
dobj(have-16, accent-19)
advmod(have-16, here-20)
punct(lived-3, .-21)

Sentence #3 (27 tokens):
This movie is about a guy who does meth and I don't know the real plot or what the movie is suppose to be about.
[Text=This CharacterOffsetBegin=206 CharacterOffsetEnd=210 PartOfSpeech=DT] [Text=movie CharacterOffsetBegin=211 CharacterOffsetEnd=216 PartOfSpeech=NN] [Text=is CharacterOffsetBegin=217 CharacterOffsetEnd=219 PartOfSpeech=VBZ] [Text=about CharacterOffsetBegin=220 CharacterOffsetEnd=225 PartOfSpeech=IN] [Text=a CharacterOffsetBegin=226 CharacterOffsetEnd=227 PartOfSpeech=DT] [Text=guy CharacterOffsetBegin=228 CharacterOffsetEnd=231 PartOfSpeech=NN] [Text=who CharacterOffsetBegin=232 CharacterOffsetEnd=235 PartOfSpeech=WP] [Text=does CharacterOffsetBegin=236 CharacterOffsetEnd=240 PartOfSpeech=VBZ] [Text=meth CharacterOffsetBegin=241 CharacterOffsetEnd=245 PartOfSpeech=NN] [Text=and CharacterOffsetBegin=246 CharacterOffsetEnd=249 PartOfSpeech=CC] [Text=I CharacterOffsetBegin=250 CharacterOffsetEnd=251 PartOfSpeech=PRP] [Text=do CharacterOffsetBegin=252 CharacterOffsetEnd=254 PartOfSpeech=VBP] [Text=n't CharacterOffsetBegin=254 CharacterOffsetEnd=257 PartOfSpeech=RB] [Text=know CharacterOffsetBegin=258 CharacterOffsetEnd=262 PartOfSpeech=VB] [Text=the CharacterOffsetBegin=263 CharacterOffsetEnd=266 PartOfSpeech=DT] [Text=real CharacterOffsetBegin=267 CharacterOffsetEnd=271 PartOfSpeech=JJ] [Text=plot CharacterOffsetBegin=272 CharacterOffsetEnd=276 PartOfSpeech=NN] [Text=or CharacterOffsetBegin=277 CharacterOffsetEnd=279 PartOfSpeech=CC] [Text=what CharacterOffsetBegin=280 CharacterOffsetEnd=284 PartOfSpeech=WP] [Text=the CharacterOffsetBegin=285 CharacterOffsetEnd=288 PartOfSpeech=DT] [Text=movie CharacterOffsetBegin=289 CharacterOffsetEnd=294 PartOfSpeech=NN] [Text=is CharacterOffsetBegin=295 CharacterOffsetEnd=297 PartOfSpeech=VBZ] [Text=suppose CharacterOffsetBegin=298 CharacterOffsetEnd=305 PartOfSpeech=VB] [Text=to CharacterOffsetBegin=306 CharacterOffsetEnd=308 PartOfSpeech=TO] [Text=be CharacterOffsetBegin=309 CharacterOffsetEnd=311 PartOfSpeech=VB] [Text=about CharacterOffsetBegin=312 CharacterOffsetEnd=317 PartOfSpeech=RB] [Text=. CharacterOffsetBegin=317 CharacterOffsetEnd=318 PartOfSpeech=.] 
root(ROOT-0, movie-2)
det(movie-2, This-1)
dep(movie-2, is-3)
prep(is-3, about-4)
det(guy-6, a-5)
pobj(about-4, guy-6)
nsubj(does-8, who-7)
rcmod(guy-6, does-8)
dobj(does-8, meth-9)
cc(does-8, and-10)
nsubj(know-14, I-11)
aux(know-14, do-12)
neg(know-14, n't-13)
conj(does-8, know-14)
det(plot-17, the-15)
amod(plot-17, real-16)
dobj(know-14, plot-17)
cc(plot-17, or-18)
dobj(suppose-23, what-19)
det(movie-21, the-20)
nsubj(suppose-23, movie-21)
cop(suppose-23, is-22)
conj(plot-17, suppose-23)
aux(about-26, to-24)
cop(about-26, be-25)
xcomp(suppose-23, about-26)
punct(movie-2, .-27)

Sentence #4 (25 tokens):
It has some pretty graphic drug use in it and it's really insulting so see these people use meth like it was sugar.
[Text=It CharacterOffsetBegin=323 CharacterOffsetEnd=325 PartOfSpeech=PRP] [Text=has CharacterOffsetBegin=326 CharacterOffsetEnd=329 PartOfSpeech=VBZ] [Text=some CharacterOffsetBegin=330 CharacterOffsetEnd=334 PartOfSpeech=DT] [Text=pretty CharacterOffsetBegin=335 CharacterOffsetEnd=341 PartOfSpeech=RB] [Text=graphic CharacterOffsetBegin=342 CharacterOffsetEnd=349 PartOfSpeech=JJ] [Text=drug CharacterOffsetBegin=350 CharacterOffsetEnd=354 PartOfSpeech=NN] [Text=use CharacterOffsetBegin=355 CharacterOffsetEnd=358 PartOfSpeech=NN] [Text=in CharacterOffsetBegin=359 CharacterOffsetEnd=361 PartOfSpeech=IN] [Text=it CharacterOffsetBegin=362 CharacterOffsetEnd=364 PartOfSpeech=PRP] [Text=and CharacterOffsetBegin=365 CharacterOffsetEnd=368 PartOfSpeech=CC] [Text=it CharacterOffsetBegin=369 CharacterOffsetEnd=371 PartOfSpeech=PRP] [Text='s CharacterOffsetBegin=371 CharacterOffsetEnd=373 PartOfSpeech=VBZ] [Text=really CharacterOffsetBegin=374 CharacterOffsetEnd=380 PartOfSpeech=RB] [Text=insulting CharacterOffsetBegin=381 CharacterOffsetEnd=390 PartOfSpeech=JJ] [Text=so CharacterOffsetBegin=391 CharacterOffsetEnd=393 PartOfSpeech=IN] [Text=see CharacterOffsetBegin=394 CharacterOffsetEnd=397 PartOfSpeech=VB] [Text=these CharacterOffsetBegin=398 CharacterOffsetEnd=403 PartOfSpeech=DT] [Text=people CharacterOffsetBegin=404 CharacterOffsetEnd=410 PartOfSpeech=NNS] [Text=use CharacterOffsetBegin=411 CharacterOffsetEnd=414 PartOfSpeech=VBP] [Text=meth CharacterOffsetBegin=415 CharacterOffsetEnd=419 PartOfSpeech=NN] [Text=like CharacterOffsetBegin=420 CharacterOffsetEnd=424 PartOfSpeech=IN] [Text=it CharacterOffsetBegin=425 CharacterOffsetEnd=427 PartOfSpeech=PRP] [Text=was CharacterOffsetBegin=428 CharacterOffsetEnd=431 PartOfSpeech=VBD] [Text=sugar CharacterOffsetBegin=432 CharacterOffsetEnd=437 PartOfSpeech=NN] [Text=. CharacterOffsetBegin=437 CharacterOffsetEnd=438 PartOfSpeech=.] 
root(ROOT-0, has-2)
nsubj(has-2, It-1)
det(use-7, some-3)
advmod(graphic-5, pretty-4)
amod(use-7, graphic-5)
nn(use-7, drug-6)
dobj(has-2, use-7)
prep(has-2, in-8)
pobj(in-8, it-9)
cc(has-2, and-10)
nsubj(insulting-14, it-11)
cop(insulting-14, 's-12)
advmod(insulting-14, really-13)
conj(has-2, insulting-14)
advmod(see-16, so-15)
dep(insulting-14, see-16)
det(people-18, these-17)
nsubj(use-19, people-18)
ccomp(see-16, use-19)
dobj(use-19, meth-20)
mark(sugar-24, like-21)
nsubj(sugar-24, it-22)
cop(sugar-24, was-23)
advcl(use-19, sugar-24)
punct(has-2, .-25)

Sentence #5 (21 tokens):
I lost my brother to meth and this movie makes me sick to my stomach because it glamorizes the drug.
[Text=I CharacterOffsetBegin=443 CharacterOffsetEnd=444 PartOfSpeech=PRP] [Text=lost CharacterOffsetBegin=445 CharacterOffsetEnd=449 PartOfSpeech=VBD] [Text=my CharacterOffsetBegin=450 CharacterOffsetEnd=452 PartOfSpeech=PRP$] [Text=brother CharacterOffsetBegin=453 CharacterOffsetEnd=460 PartOfSpeech=NN] [Text=to CharacterOffsetBegin=461 CharacterOffsetEnd=463 PartOfSpeech=TO] [Text=meth CharacterOffsetBegin=464 CharacterOffsetEnd=468 PartOfSpeech=NN] [Text=and CharacterOffsetBegin=469 CharacterOffsetEnd=472 PartOfSpeech=CC] [Text=this CharacterOffsetBegin=473 CharacterOffsetEnd=477 PartOfSpeech=DT] [Text=movie CharacterOffsetBegin=478 CharacterOffsetEnd=483 PartOfSpeech=NN] [Text=makes CharacterOffsetBegin=484 CharacterOffsetEnd=489 PartOfSpeech=VBZ] [Text=me CharacterOffsetBegin=490 CharacterOffsetEnd=492 PartOfSpeech=PRP] [Text=sick CharacterOffsetBegin=493 CharacterOffsetEnd=497 PartOfSpeech=JJ] [Text=to CharacterOffsetBegin=498 CharacterOffsetEnd=500 PartOfSpeech=TO] [Text=my CharacterOffsetBegin=501 CharacterOffsetEnd=503 PartOfSpeech=PRP$] [Text=stomach CharacterOffsetBegin=504 CharacterOffsetEnd=511 PartOfSpeech=NN] [Text=because CharacterOffsetBegin=512 CharacterOffsetEnd=519 PartOfSpeech=IN] [Text=it CharacterOffsetBegin=520 CharacterOffsetEnd=522 PartOfSpeech=PRP] [Text=glamorizes CharacterOffsetBegin=523 CharacterOffsetEnd=533 PartOfSpeech=VBZ] [Text=the CharacterOffsetBegin=534 CharacterOffsetEnd=537 PartOfSpeech=DT] [Text=drug CharacterOffsetBegin=538 CharacterOffsetEnd=542 PartOfSpeech=NN] [Text=. CharacterOffsetBegin=542 CharacterOffsetEnd=543 PartOfSpeech=.] 
root(ROOT-0, lost-2)
nsubj(lost-2, I-1)
poss(brother-4, my-3)
dobj(lost-2, brother-4)
prep(lost-2, to-5)
pobj(to-5, meth-6)
cc(meth-6, and-7)
det(movie-9, this-8)
conj(meth-6, movie-9)
dep(lost-2, makes-10)
nsubj(sick-12, me-11)
xcomp(makes-10, sick-12)
prep(sick-12, to-13)
poss(stomach-15, my-14)
pobj(to-13, stomach-15)
mark(glamorizes-18, because-16)
nsubj(glamorizes-18, it-17)
advcl(lost-2, glamorizes-18)
det(drug-20, the-19)
dobj(glamorizes-18, drug-20)
punct(lost-2, .-21)

Sentence #6 (28 tokens):
The movie makes it look cool to use the drug but I was happy at the end when the guy almost made it across the state line.
[Text=The CharacterOffsetBegin=548 CharacterOffsetEnd=551 PartOfSpeech=DT] [Text=movie CharacterOffsetBegin=552 CharacterOffsetEnd=557 PartOfSpeech=NN] [Text=makes CharacterOffsetBegin=558 CharacterOffsetEnd=563 PartOfSpeech=VBZ] [Text=it CharacterOffsetBegin=564 CharacterOffsetEnd=566 PartOfSpeech=PRP] [Text=look CharacterOffsetBegin=567 CharacterOffsetEnd=571 PartOfSpeech=VB] [Text=cool CharacterOffsetBegin=572 CharacterOffsetEnd=576 PartOfSpeech=JJ] [Text=to CharacterOffsetBegin=577 CharacterOffsetEnd=579 PartOfSpeech=TO] [Text=use CharacterOffsetBegin=580 CharacterOffsetEnd=583 PartOfSpeech=VB] [Text=the CharacterOffsetBegin=584 CharacterOffsetEnd=587 PartOfSpeech=DT] [Text=drug CharacterOffsetBegin=588 CharacterOffsetEnd=592 PartOfSpeech=NN] [Text=but CharacterOffsetBegin=593 CharacterOffsetEnd=596 PartOfSpeech=CC] [Text=I CharacterOffsetBegin=597 CharacterOffsetEnd=598 PartOfSpeech=PRP] [Text=was CharacterOffsetBegin=599 CharacterOffsetEnd=602 PartOfSpeech=VBD] [Text=happy CharacterOffsetBegin=603 CharacterOffsetEnd=608 PartOfSpeech=JJ] [Text=at CharacterOffsetBegin=609 CharacterOffsetEnd=611 PartOfSpeech=IN] [Text=the CharacterOffsetBegin=612 CharacterOffsetEnd=615 PartOfSpeech=DT] [Text=end CharacterOffsetBegin=616 CharacterOffsetEnd=619 PartOfSpeech=NN] [Text=when CharacterOffsetBegin=620 CharacterOffsetEnd=624 PartOfSpeech=WRB] [Text=the CharacterOffsetBegin=625 CharacterOffsetEnd=628 PartOfSpeech=DT] [Text=guy CharacterOffsetBegin=629 CharacterOffsetEnd=632 PartOfSpeech=NN] [Text=almost CharacterOffsetBegin=633 CharacterOffsetEnd=639 PartOfSpeech=RB] [Text=made CharacterOffsetBegin=640 CharacterOffsetEnd=644 PartOfSpeech=VBD] [Text=it CharacterOffsetBegin=645 CharacterOffsetEnd=647 PartOfSpeech=PRP] [Text=across CharacterOffsetBegin=648 CharacterOffsetEnd=654 PartOfSpeech=IN] [Text=the CharacterOffsetBegin=655 CharacterOffsetEnd=658 PartOfSpeech=DT] [Text=state CharacterOffsetBegin=659 CharacterOffsetEnd=664 PartOfSpeech=NN] [Text=line CharacterOffsetBegin=665 CharacterOffsetEnd=669 PartOfSpeech=NN] [Text=. CharacterOffsetBegin=669 CharacterOffsetEnd=670 PartOfSpeech=.] 
root(ROOT-0, makes-3)
det(movie-2, The-1)
nsubj(makes-3, movie-2)
nsubj(look-5, it-4)
ccomp(makes-3, look-5)
acomp(look-5, cool-6)
aux(use-8, to-7)
xcomp(look-5, use-8)
det(drug-10, the-9)
dobj(use-8, drug-10)
cc(look-5, but-11)
nsubj(happy-14, I-12)
cop(happy-14, was-13)
conj(look-5, happy-14)
prep(happy-14, at-15)
det(end-17, the-16)
pobj(at-15, end-17)
advmod(made-22, when-18)
det(guy-20, the-19)
nsubj(made-22, guy-20)
advmod(made-22, almost-21)
advcl(happy-14, made-22)
dobj(made-22, it-23)
prep(made-22, across-24)
det(line-27, the-25)
nn(line-27, state-26)
pobj(across-24, line-27)
punct(makes-3, .-28)

Sentence #7 (26 tokens):
I also know that most women who experience a traumatic rape don't want to make love to their boyfriend or husband the next day.
[Text=I CharacterOffsetBegin=675 CharacterOffsetEnd=676 PartOfSpeech=PRP] [Text=also CharacterOffsetBegin=677 CharacterOffsetEnd=681 PartOfSpeech=RB] [Text=know CharacterOffsetBegin=682 CharacterOffsetEnd=686 PartOfSpeech=VBP] [Text=that CharacterOffsetBegin=687 CharacterOffsetEnd=691 PartOfSpeech=IN] [Text=most CharacterOffsetBegin=692 CharacterOffsetEnd=696 PartOfSpeech=JJS] [Text=women CharacterOffsetBegin=697 CharacterOffsetEnd=702 PartOfSpeech=NNS] [Text=who CharacterOffsetBegin=703 CharacterOffsetEnd=706 PartOfSpeech=WP] [Text=experience CharacterOffsetBegin=707 CharacterOffsetEnd=717 PartOfSpeech=VBP] [Text=a CharacterOffsetBegin=718 CharacterOffsetEnd=719 PartOfSpeech=DT] [Text=traumatic CharacterOffsetBegin=720 CharacterOffsetEnd=729 PartOfSpeech=JJ] [Text=rape CharacterOffsetBegin=730 CharacterOffsetEnd=734 PartOfSpeech=NN] [Text=do CharacterOffsetBegin=735 CharacterOffsetEnd=737 PartOfSpeech=VBP] [Text=n't CharacterOffsetBegin=737 CharacterOffsetEnd=740 PartOfSpeech=RB] [Text=want CharacterOffsetBegin=741 CharacterOffsetEnd=745 PartOfSpeech=VB] [Text=to CharacterOffsetBegin=746 CharacterOffsetEnd=748 PartOfSpeech=TO] [Text=make CharacterOffsetBegin=749 CharacterOffsetEnd=753 PartOfSpeech=VB] [Text=love CharacterOffsetBegin=754 CharacterOffsetEnd=758 PartOfSpeech=NN] [Text=to CharacterOffsetBegin=759 CharacterOffsetEnd=761 PartOfSpeech=TO] [Text=their CharacterOffsetBegin=762 CharacterOffsetEnd=767 PartOfSpeech=PRP$] [Text=boyfriend CharacterOffsetBegin=768 CharacterOffsetEnd=777 PartOfSpeech=NN] [Text=or CharacterOffsetBegin=778 CharacterOffsetEnd=780 PartOfSpeech=CC] [Text=husband CharacterOffsetBegin=781 CharacterOffsetEnd=788 PartOfSpeech=NN] [Text=the CharacterOffsetBegin=789 CharacterOffsetEnd=792 PartOfSpeech=DT] [Text=next CharacterOffsetBegin=793 CharacterOffsetEnd=797 PartOfSpeech=JJ] [Text=day CharacterOffsetBegin=798 CharacterOffsetEnd=801 PartOfSpeech=NN] [Text=. CharacterOffsetBegin=801 CharacterOffsetEnd=802 PartOfSpeech=.] 
root(ROOT-0, know-3)
nsubj(know-3, I-1)
advmod(know-3, also-2)
mark(want-14, that-4)
amod(women-6, most-5)
nsubj(want-14, women-6)
nsubj(experience-8, who-7)
rcmod(women-6, experience-8)
det(rape-11, a-9)
amod(rape-11, traumatic-10)
dobj(experience-8, rape-11)
aux(want-14, do-12)
neg(want-14, n't-13)
ccomp(know-3, want-14)
aux(make-16, to-15)
xcomp(want-14, make-16)
dobj(make-16, love-17)
prep(make-16, to-18)
poss(boyfriend-20, their-19)
pobj(to-18, boyfriend-20)
cc(boyfriend-20, or-21)
conj(boyfriend-20, husband-22)
det(day-25, the-23)
amod(day-25, next-24)
tmod(make-16, day-25)
punct(know-3, .-26)

Sentence #8 (9 tokens):
The movie is just wrong in all directions.
[Text=The CharacterOffsetBegin=807 CharacterOffsetEnd=810 PartOfSpeech=DT] [Text=movie CharacterOffsetBegin=811 CharacterOffsetEnd=816 PartOfSpeech=NN] [Text=is CharacterOffsetBegin=817 CharacterOffsetEnd=819 PartOfSpeech=VBZ] [Text=just CharacterOffsetBegin=820 CharacterOffsetEnd=824 PartOfSpeech=RB] [Text=wrong CharacterOffsetBegin=825 CharacterOffsetEnd=830 PartOfSpeech=JJ] [Text=in CharacterOffsetBegin=831 CharacterOffsetEnd=833 PartOfSpeech=IN] [Text=all CharacterOffsetBegin=834 CharacterOffsetEnd=837 PartOfSpeech=DT] [Text=directions CharacterOffsetBegin=838 CharacterOffsetEnd=848 PartOfSpeech=NNS] [Text=. CharacterOffsetBegin=848 CharacterOffsetEnd=849 PartOfSpeech=.] 
root(ROOT-0, wrong-5)
det(movie-2, The-1)
nsubj(wrong-5, movie-2)
cop(wrong-5, is-3)
advmod(wrong-5, just-4)
prep(wrong-5, in-6)
det(directions-8, all-7)
pobj(in-6, directions-8)
punct(wrong-5, .-9)

Sentence #9 (19 tokens):
I would suggest "The Basketball Diaries" if I was going to suggest a movie about drugs.
[Text=I CharacterOffsetBegin=854 CharacterOffsetEnd=855 PartOfSpeech=PRP] [Text=would CharacterOffsetBegin=856 CharacterOffsetEnd=861 PartOfSpeech=MD] [Text=suggest CharacterOffsetBegin=862 CharacterOffsetEnd=869 PartOfSpeech=VB] [Text=`` CharacterOffsetBegin=870 CharacterOffsetEnd=871 PartOfSpeech=``] [Text=The CharacterOffsetBegin=871 CharacterOffsetEnd=874 PartOfSpeech=DT] [Text=Basketball CharacterOffsetBegin=875 CharacterOffsetEnd=885 PartOfSpeech=NN] [Text=Diaries CharacterOffsetBegin=886 CharacterOffsetEnd=893 PartOfSpeech=NNS] [Text='' CharacterOffsetBegin=893 CharacterOffsetEnd=894 PartOfSpeech=''] [Text=if CharacterOffsetBegin=895 CharacterOffsetEnd=897 PartOfSpeech=IN] [Text=I CharacterOffsetBegin=898 CharacterOffsetEnd=899 PartOfSpeech=PRP] [Text=was CharacterOffsetBegin=900 CharacterOffsetEnd=903 PartOfSpeech=VBD] [Text=going CharacterOffsetBegin=904 CharacterOffsetEnd=909 PartOfSpeech=VBG] [Text=to CharacterOffsetBegin=910 CharacterOffsetEnd=912 PartOfSpeech=TO] [Text=suggest CharacterOffsetBegin=913 CharacterOffsetEnd=920 PartOfSpeech=VB] [Text=a CharacterOffsetBegin=921 CharacterOffsetEnd=922 PartOfSpeech=DT] [Text=movie CharacterOffsetBegin=923 CharacterOffsetEnd=928 PartOfSpeech=NN] [Text=about CharacterOffsetBegin=929 CharacterOffsetEnd=934 PartOfSpeech=IN] [Text=drugs CharacterOffsetBegin=935 CharacterOffsetEnd=940 PartOfSpeech=NNS] [Text=. CharacterOffsetBegin=940 CharacterOffsetEnd=941 PartOfSpeech=.] 
root(ROOT-0, suggest-3)
nsubj(suggest-3, I-1)
aux(suggest-3, would-2)
punct(suggest-3, ``-4)
det(Diaries-7, The-5)
nn(Diaries-7, Basketball-6)
dobj(suggest-3, Diaries-7)
punct(suggest-3, ''-8)
mark(going-12, if-9)
nsubj(going-12, I-10)
aux(going-12, was-11)
advcl(suggest-3, going-12)
aux(suggest-14, to-13)
xcomp(going-12, suggest-14)
det(movie-16, a-15)
dobj(suggest-14, movie-16)
prep(movie-16, about-17)
pobj(about-17, drugs-18)
punct(suggest-3, .-19)

