Sentence #1 (66 tokens):
This film is a flagrant rip-off of one of the best novels of all time, Silas Marner by George Eliot.The details of the film shown on IMDb do give acknowledgement to the original authoress but I did not see this at the beginning of the film, only a credit at the end of it saying "suggested by the book Silas Marner".
[Text=This CharacterOffsetBegin=4 CharacterOffsetEnd=8 PartOfSpeech=DT] [Text=film CharacterOffsetBegin=9 CharacterOffsetEnd=13 PartOfSpeech=NN] [Text=is CharacterOffsetBegin=14 CharacterOffsetEnd=16 PartOfSpeech=VBZ] [Text=a CharacterOffsetBegin=17 CharacterOffsetEnd=18 PartOfSpeech=DT] [Text=flagrant CharacterOffsetBegin=19 CharacterOffsetEnd=27 PartOfSpeech=JJ] [Text=rip-off CharacterOffsetBegin=28 CharacterOffsetEnd=35 PartOfSpeech=NN] [Text=of CharacterOffsetBegin=36 CharacterOffsetEnd=38 PartOfSpeech=IN] [Text=one CharacterOffsetBegin=39 CharacterOffsetEnd=42 PartOfSpeech=CD] [Text=of CharacterOffsetBegin=43 CharacterOffsetEnd=45 PartOfSpeech=IN] [Text=the CharacterOffsetBegin=46 CharacterOffsetEnd=49 PartOfSpeech=DT] [Text=best CharacterOffsetBegin=50 CharacterOffsetEnd=54 PartOfSpeech=JJS] [Text=novels CharacterOffsetBegin=55 CharacterOffsetEnd=61 PartOfSpeech=NNS] [Text=of CharacterOffsetBegin=62 CharacterOffsetEnd=64 PartOfSpeech=IN] [Text=all CharacterOffsetBegin=65 CharacterOffsetEnd=68 PartOfSpeech=DT] [Text=time CharacterOffsetBegin=69 CharacterOffsetEnd=73 PartOfSpeech=NN] [Text=, CharacterOffsetBegin=73 CharacterOffsetEnd=74 PartOfSpeech=,] [Text=Silas CharacterOffsetBegin=75 CharacterOffsetEnd=80 PartOfSpeech=NNP] [Text=Marner CharacterOffsetBegin=81 CharacterOffsetEnd=87 PartOfSpeech=NNP] [Text=by CharacterOffsetBegin=88 CharacterOffsetEnd=90 PartOfSpeech=IN] [Text=George CharacterOffsetBegin=91 CharacterOffsetEnd=97 PartOfSpeech=NNP] [Text=Eliot.The CharacterOffsetBegin=98 CharacterOffsetEnd=107 PartOfSpeech=NNP] [Text=details CharacterOffsetBegin=108 CharacterOffsetEnd=115 PartOfSpeech=NNS] [Text=of CharacterOffsetBegin=116 CharacterOffsetEnd=118 PartOfSpeech=IN] [Text=the CharacterOffsetBegin=119 CharacterOffsetEnd=122 PartOfSpeech=DT] [Text=film CharacterOffsetBegin=123 CharacterOffsetEnd=127 PartOfSpeech=NN] [Text=shown CharacterOffsetBegin=128 CharacterOffsetEnd=133 PartOfSpeech=VBN] [Text=on CharacterOffsetBegin=134 CharacterOffsetEnd=136 PartOfSpeech=IN] [Text=IMDb CharacterOffsetBegin=137 CharacterOffsetEnd=141 PartOfSpeech=NNP] [Text=do CharacterOffsetBegin=142 CharacterOffsetEnd=144 PartOfSpeech=VBP] [Text=give CharacterOffsetBegin=145 CharacterOffsetEnd=149 PartOfSpeech=VB] [Text=acknowledgement CharacterOffsetBegin=150 CharacterOffsetEnd=165 PartOfSpeech=NN] [Text=to CharacterOffsetBegin=166 CharacterOffsetEnd=168 PartOfSpeech=TO] [Text=the CharacterOffsetBegin=169 CharacterOffsetEnd=172 PartOfSpeech=DT] [Text=original CharacterOffsetBegin=173 CharacterOffsetEnd=181 PartOfSpeech=JJ] [Text=authoress CharacterOffsetBegin=182 CharacterOffsetEnd=191 PartOfSpeech=NN] [Text=but CharacterOffsetBegin=192 CharacterOffsetEnd=195 PartOfSpeech=CC] [Text=I CharacterOffsetBegin=196 CharacterOffsetEnd=197 PartOfSpeech=PRP] [Text=did CharacterOffsetBegin=198 CharacterOffsetEnd=201 PartOfSpeech=VBD] [Text=not CharacterOffsetBegin=202 CharacterOffsetEnd=205 PartOfSpeech=RB] [Text=see CharacterOffsetBegin=206 CharacterOffsetEnd=209 PartOfSpeech=VB] [Text=this CharacterOffsetBegin=210 CharacterOffsetEnd=214 PartOfSpeech=DT] [Text=at CharacterOffsetBegin=215 CharacterOffsetEnd=217 PartOfSpeech=IN] [Text=the CharacterOffsetBegin=218 CharacterOffsetEnd=221 PartOfSpeech=DT] [Text=beginning CharacterOffsetBegin=222 CharacterOffsetEnd=231 PartOfSpeech=NN] [Text=of CharacterOffsetBegin=232 CharacterOffsetEnd=234 PartOfSpeech=IN] [Text=the CharacterOffsetBegin=235 CharacterOffsetEnd=238 PartOfSpeech=DT] [Text=film CharacterOffsetBegin=239 CharacterOffsetEnd=243 PartOfSpeech=NN] [Text=, CharacterOffsetBegin=243 CharacterOffsetEnd=244 PartOfSpeech=,] [Text=only CharacterOffsetBegin=245 CharacterOffsetEnd=249 PartOfSpeech=RB] [Text=a CharacterOffsetBegin=250 CharacterOffsetEnd=251 PartOfSpeech=DT] [Text=credit CharacterOffsetBegin=252 CharacterOffsetEnd=258 PartOfSpeech=NN] [Text=at CharacterOffsetBegin=259 CharacterOffsetEnd=261 PartOfSpeech=IN] [Text=the CharacterOffsetBegin=262 CharacterOffsetEnd=265 PartOfSpeech=DT] [Text=end CharacterOffsetBegin=266 CharacterOffsetEnd=269 PartOfSpeech=NN] [Text=of CharacterOffsetBegin=270 CharacterOffsetEnd=272 PartOfSpeech=IN] [Text=it CharacterOffsetBegin=273 CharacterOffsetEnd=275 PartOfSpeech=PRP] [Text=saying CharacterOffsetBegin=276 CharacterOffsetEnd=282 PartOfSpeech=VBG] [Text=`` CharacterOffsetBegin=283 CharacterOffsetEnd=284 PartOfSpeech=``] [Text=suggested CharacterOffsetBegin=284 CharacterOffsetEnd=293 PartOfSpeech=VBN] [Text=by CharacterOffsetBegin=294 CharacterOffsetEnd=296 PartOfSpeech=IN] [Text=the CharacterOffsetBegin=297 CharacterOffsetEnd=300 PartOfSpeech=DT] [Text=book CharacterOffsetBegin=301 CharacterOffsetEnd=305 PartOfSpeech=NN] [Text=Silas CharacterOffsetBegin=306 CharacterOffsetEnd=311 PartOfSpeech=NNP] [Text=Marner CharacterOffsetBegin=312 CharacterOffsetEnd=318 PartOfSpeech=NNP] [Text='' CharacterOffsetBegin=318 CharacterOffsetEnd=319 PartOfSpeech=''] [Text=. CharacterOffsetBegin=319 CharacterOffsetEnd=320 PartOfSpeech=.] 
root(ROOT-0, rip-off-6)
det(film-2, This-1)
nsubj(rip-off-6, film-2)
cop(rip-off-6, is-3)
det(rip-off-6, a-4)
amod(rip-off-6, flagrant-5)
prep(rip-off-6, of-7)
pobj(of-7, one-8)
prep(one-8, of-9)
det(novels-12, the-10)
amod(novels-12, best-11)
pobj(of-9, novels-12)
prep(novels-12, of-13)
det(time-15, all-14)
pobj(of-13, time-15)
punct(rip-off-6, ,-16)
nn(Marner-18, Silas-17)
nsubj(give-30, Marner-18)
prep(Marner-18, by-19)
nn(details-22, George-20)
nn(details-22, Eliot.The-21)
pobj(by-19, details-22)
prep(details-22, of-23)
det(film-25, the-24)
pobj(of-23, film-25)
partmod(film-25, shown-26)
prep(shown-26, on-27)
pobj(on-27, IMDb-28)
aux(give-30, do-29)
rcmod(rip-off-6, give-30)
dobj(give-30, acknowledgement-31)
prep(give-30, to-32)
det(authoress-35, the-33)
amod(authoress-35, original-34)
pobj(to-32, authoress-35)
cc(give-30, but-36)
nsubj(see-40, I-37)
aux(see-40, did-38)
neg(see-40, not-39)
conj(give-30, see-40)
dobj(see-40, this-41)
prep(see-40, at-42)
det(beginning-44, the-43)
pobj(at-42, beginning-44)
prep(beginning-44, of-45)
det(film-47, the-46)
pobj(of-45, film-47)
punct(rip-off-6, ,-48)
advmod(credit-51, only-49)
det(credit-51, a-50)
appos(rip-off-6, credit-51)
prep(credit-51, at-52)
det(end-54, the-53)
pobj(at-52, end-54)
prep(end-54, of-55)
pobj(of-55, it-56)
dep(credit-51, saying-57)
punct(saying-57, ``-58)
dep(``-58, suggested-59)
prep(suggested-59, by-60)
det(Marner-64, the-61)
nn(Marner-64, book-62)
nn(Marner-64, Silas-63)
pobj(by-60, Marner-64)
punct(Marner-64, ''-65)
punct(suggested-59, .-66)

Sentence #2 (2 tokens):
Suggested?
[Text=Suggested CharacterOffsetBegin=325 CharacterOffsetEnd=334 PartOfSpeech=VBN] [Text=? CharacterOffsetBegin=334 CharacterOffsetEnd=335 PartOfSpeech=.] 
root(ROOT-0, Suggested-1)
punct(Suggested-1, ?-2)

Sentence #3 (38 tokens):
It was nothing but a complete rip- off of all the essential elements of the story:A wronged and sad old man, an artisan, poor and lonely, has all his money stolen.
[Text=It CharacterOffsetBegin=340 CharacterOffsetEnd=342 PartOfSpeech=PRP] [Text=was CharacterOffsetBegin=343 CharacterOffsetEnd=346 PartOfSpeech=VBD] [Text=nothing CharacterOffsetBegin=347 CharacterOffsetEnd=354 PartOfSpeech=NN] [Text=but CharacterOffsetBegin=355 CharacterOffsetEnd=358 PartOfSpeech=CC] [Text=a CharacterOffsetBegin=359 CharacterOffsetEnd=360 PartOfSpeech=DT] [Text=complete CharacterOffsetBegin=361 CharacterOffsetEnd=369 PartOfSpeech=JJ] [Text=rip CharacterOffsetBegin=370 CharacterOffsetEnd=373 PartOfSpeech=NN] [Text=- CharacterOffsetBegin=373 CharacterOffsetEnd=374 PartOfSpeech=:] [Text=off CharacterOffsetBegin=375 CharacterOffsetEnd=378 PartOfSpeech=IN] [Text=of CharacterOffsetBegin=379 CharacterOffsetEnd=381 PartOfSpeech=IN] [Text=all CharacterOffsetBegin=382 CharacterOffsetEnd=385 PartOfSpeech=PDT] [Text=the CharacterOffsetBegin=386 CharacterOffsetEnd=389 PartOfSpeech=DT] [Text=essential CharacterOffsetBegin=390 CharacterOffsetEnd=399 PartOfSpeech=JJ] [Text=elements CharacterOffsetBegin=400 CharacterOffsetEnd=408 PartOfSpeech=NNS] [Text=of CharacterOffsetBegin=409 CharacterOffsetEnd=411 PartOfSpeech=IN] [Text=the CharacterOffsetBegin=412 CharacterOffsetEnd=415 PartOfSpeech=DT] [Text=story CharacterOffsetBegin=416 CharacterOffsetEnd=421 PartOfSpeech=NN] [Text=: CharacterOffsetBegin=421 CharacterOffsetEnd=422 PartOfSpeech=:] [Text=A CharacterOffsetBegin=422 CharacterOffsetEnd=423 PartOfSpeech=DT] [Text=wronged CharacterOffsetBegin=424 CharacterOffsetEnd=431 PartOfSpeech=VBN] [Text=and CharacterOffsetBegin=432 CharacterOffsetEnd=435 PartOfSpeech=CC] [Text=sad CharacterOffsetBegin=436 CharacterOffsetEnd=439 PartOfSpeech=JJ] [Text=old CharacterOffsetBegin=440 CharacterOffsetEnd=443 PartOfSpeech=JJ] [Text=man CharacterOffsetBegin=444 CharacterOffsetEnd=447 PartOfSpeech=NN] [Text=, CharacterOffsetBegin=447 CharacterOffsetEnd=448 PartOfSpeech=,] [Text=an CharacterOffsetBegin=449 CharacterOffsetEnd=451 PartOfSpeech=DT] [Text=artisan CharacterOffsetBegin=452 CharacterOffsetEnd=459 PartOfSpeech=NN] [Text=, CharacterOffsetBegin=459 CharacterOffsetEnd=460 PartOfSpeech=,] [Text=poor CharacterOffsetBegin=461 CharacterOffsetEnd=465 PartOfSpeech=JJ] [Text=and CharacterOffsetBegin=466 CharacterOffsetEnd=469 PartOfSpeech=CC] [Text=lonely CharacterOffsetBegin=470 CharacterOffsetEnd=476 PartOfSpeech=JJ] [Text=, CharacterOffsetBegin=476 CharacterOffsetEnd=477 PartOfSpeech=,] [Text=has CharacterOffsetBegin=478 CharacterOffsetEnd=481 PartOfSpeech=VBZ] [Text=all CharacterOffsetBegin=482 CharacterOffsetEnd=485 PartOfSpeech=PDT] [Text=his CharacterOffsetBegin=486 CharacterOffsetEnd=489 PartOfSpeech=PRP$] [Text=money CharacterOffsetBegin=490 CharacterOffsetEnd=495 PartOfSpeech=NN] [Text=stolen CharacterOffsetBegin=496 CharacterOffsetEnd=502 PartOfSpeech=VBN] [Text=. CharacterOffsetBegin=502 CharacterOffsetEnd=503 PartOfSpeech=.] 
root(ROOT-0, nothing-3)
nsubj(nothing-3, It-1)
cop(nothing-3, was-2)
cc(nothing-3, but-4)
det(rip-7, a-5)
amod(rip-7, complete-6)
conj(nothing-3, rip-7)
punct(rip-7, --8)
prep(rip-7, off-9)
pcomp(off-9, of-10)
predet(elements-14, all-11)
det(elements-14, the-12)
amod(elements-14, essential-13)
pobj(of-10, elements-14)
prep(elements-14, of-15)
det(story-17, the-16)
pobj(of-15, story-17)
punct(elements-14, :-18)
det(man-24, A-19)
amod(man-24, wronged-20)
cc(wronged-20, and-21)
conj(wronged-20, sad-22)
amod(man-24, old-23)
nsubj(has-33, man-24)
punct(man-24, ,-25)
det(artisan-27, an-26)
appos(man-24, artisan-27)
punct(man-24, ,-28)
appos(man-24, poor-29)
cc(poor-29, and-30)
conj(poor-29, lonely-31)
punct(man-24, ,-32)
dep(elements-14, has-33)
predet(money-36, all-34)
poss(money-36, his-35)
dobj(has-33, money-36)
partmod(money-36, stolen-37)
punct(nothing-3, .-38)

Sentence #4 (19 tokens):
One night a child wanders up to his door as her mother lies dying in the snow outside.
[Text=One CharacterOffsetBegin=508 CharacterOffsetEnd=511 PartOfSpeech=CD] [Text=night CharacterOffsetBegin=512 CharacterOffsetEnd=517 PartOfSpeech=NN] [Text=a CharacterOffsetBegin=518 CharacterOffsetEnd=519 PartOfSpeech=DT] [Text=child CharacterOffsetBegin=520 CharacterOffsetEnd=525 PartOfSpeech=NN] [Text=wanders CharacterOffsetBegin=526 CharacterOffsetEnd=533 PartOfSpeech=VBZ] [Text=up CharacterOffsetBegin=534 CharacterOffsetEnd=536 PartOfSpeech=RP] [Text=to CharacterOffsetBegin=537 CharacterOffsetEnd=539 PartOfSpeech=TO] [Text=his CharacterOffsetBegin=540 CharacterOffsetEnd=543 PartOfSpeech=PRP$] [Text=door CharacterOffsetBegin=544 CharacterOffsetEnd=548 PartOfSpeech=NN] [Text=as CharacterOffsetBegin=549 CharacterOffsetEnd=551 PartOfSpeech=IN] [Text=her CharacterOffsetBegin=552 CharacterOffsetEnd=555 PartOfSpeech=PRP$] [Text=mother CharacterOffsetBegin=556 CharacterOffsetEnd=562 PartOfSpeech=NN] [Text=lies CharacterOffsetBegin=563 CharacterOffsetEnd=567 PartOfSpeech=VBZ] [Text=dying CharacterOffsetBegin=568 CharacterOffsetEnd=573 PartOfSpeech=VBG] [Text=in CharacterOffsetBegin=574 CharacterOffsetEnd=576 PartOfSpeech=IN] [Text=the CharacterOffsetBegin=577 CharacterOffsetEnd=580 PartOfSpeech=DT] [Text=snow CharacterOffsetBegin=581 CharacterOffsetEnd=585 PartOfSpeech=NN] [Text=outside CharacterOffsetBegin=586 CharacterOffsetEnd=593 PartOfSpeech=NN] [Text=. CharacterOffsetBegin=593 CharacterOffsetEnd=594 PartOfSpeech=.] 
root(ROOT-0, wanders-5)
num(night-2, One-1)
tmod(wanders-5, night-2)
det(child-4, a-3)
nsubj(wanders-5, child-4)
prt(wanders-5, up-6)
prep(wanders-5, to-7)
poss(door-9, his-8)
pobj(to-7, door-9)
mark(lies-13, as-10)
poss(mother-12, her-11)
nsubj(lies-13, mother-12)
advcl(wanders-5, lies-13)
xcomp(lies-13, dying-14)
prep(dying-14, in-15)
det(snow-17, the-16)
pobj(in-15, snow-17)
advmod(snow-17, outside-18)
punct(wanders-5, .-19)

Sentence #5 (27 tokens):
The man takes her in and brings her up until one day the local squire (or rich politician here) demands to adopt the child.
[Text=The CharacterOffsetBegin=599 CharacterOffsetEnd=602 PartOfSpeech=DT] [Text=man CharacterOffsetBegin=603 CharacterOffsetEnd=606 PartOfSpeech=NN] [Text=takes CharacterOffsetBegin=607 CharacterOffsetEnd=612 PartOfSpeech=VBZ] [Text=her CharacterOffsetBegin=613 CharacterOffsetEnd=616 PartOfSpeech=PRP$] [Text=in CharacterOffsetBegin=617 CharacterOffsetEnd=619 PartOfSpeech=IN] [Text=and CharacterOffsetBegin=620 CharacterOffsetEnd=623 PartOfSpeech=CC] [Text=brings CharacterOffsetBegin=624 CharacterOffsetEnd=630 PartOfSpeech=VBZ] [Text=her CharacterOffsetBegin=631 CharacterOffsetEnd=634 PartOfSpeech=PRP$] [Text=up CharacterOffsetBegin=635 CharacterOffsetEnd=637 PartOfSpeech=RP] [Text=until CharacterOffsetBegin=638 CharacterOffsetEnd=643 PartOfSpeech=IN] [Text=one CharacterOffsetBegin=644 CharacterOffsetEnd=647 PartOfSpeech=CD] [Text=day CharacterOffsetBegin=648 CharacterOffsetEnd=651 PartOfSpeech=NN] [Text=the CharacterOffsetBegin=652 CharacterOffsetEnd=655 PartOfSpeech=DT] [Text=local CharacterOffsetBegin=656 CharacterOffsetEnd=661 PartOfSpeech=JJ] [Text=squire CharacterOffsetBegin=662 CharacterOffsetEnd=668 PartOfSpeech=NN] [Text=-LRB- CharacterOffsetBegin=669 CharacterOffsetEnd=670 PartOfSpeech=-LRB-] [Text=or CharacterOffsetBegin=670 CharacterOffsetEnd=672 PartOfSpeech=CC] [Text=rich CharacterOffsetBegin=673 CharacterOffsetEnd=677 PartOfSpeech=JJ] [Text=politician CharacterOffsetBegin=678 CharacterOffsetEnd=688 PartOfSpeech=NN] [Text=here CharacterOffsetBegin=689 CharacterOffsetEnd=693 PartOfSpeech=RB] [Text=-RRB- CharacterOffsetBegin=693 CharacterOffsetEnd=694 PartOfSpeech=-RRB-] [Text=demands CharacterOffsetBegin=695 CharacterOffsetEnd=702 PartOfSpeech=NNS] [Text=to CharacterOffsetBegin=703 CharacterOffsetEnd=705 PartOfSpeech=TO] [Text=adopt CharacterOffsetBegin=706 CharacterOffsetEnd=711 PartOfSpeech=VB] [Text=the CharacterOffsetBegin=712 CharacterOffsetEnd=715 PartOfSpeech=DT] [Text=child CharacterOffsetBegin=716 CharacterOffsetEnd=721 PartOfSpeech=NN] [Text=. CharacterOffsetBegin=721 CharacterOffsetEnd=722 PartOfSpeech=.] 
root(ROOT-0, takes-3)
det(man-2, The-1)
nsubj(takes-3, man-2)
dobj(takes-3, her-4)
prep(takes-3, in-5)
cc(takes-3, and-6)
conj(takes-3, brings-7)
dobj(brings-7, her-8)
prt(brings-7, up-9)
prep(brings-7, until-10)
num(day-12, one-11)
dep(demands-22, day-12)
det(politician-19, the-13)
amod(politician-19, local-14)
amod(politician-19, squire-15)
punct(rich-18, -LRB--16)
cc(rich-18, or-17)
amod(politician-19, rich-18)
dep(day-12, politician-19)
advmod(politician-19, here-20)
punct(politician-19, -RRB--21)
pobj(until-10, demands-22)
aux(adopt-24, to-23)
infmod(demands-22, adopt-24)
det(child-26, the-25)
dobj(adopt-24, child-26)
punct(takes-3, .-27)

Sentence #6 (15 tokens):
It is he who has fathered the child during an illicit affair years before.
[Text=It CharacterOffsetBegin=727 CharacterOffsetEnd=729 PartOfSpeech=PRP] [Text=is CharacterOffsetBegin=730 CharacterOffsetEnd=732 PartOfSpeech=VBZ] [Text=he CharacterOffsetBegin=733 CharacterOffsetEnd=735 PartOfSpeech=PRP] [Text=who CharacterOffsetBegin=736 CharacterOffsetEnd=739 PartOfSpeech=WP] [Text=has CharacterOffsetBegin=740 CharacterOffsetEnd=743 PartOfSpeech=VBZ] [Text=fathered CharacterOffsetBegin=744 CharacterOffsetEnd=752 PartOfSpeech=VBN] [Text=the CharacterOffsetBegin=753 CharacterOffsetEnd=756 PartOfSpeech=DT] [Text=child CharacterOffsetBegin=757 CharacterOffsetEnd=762 PartOfSpeech=NN] [Text=during CharacterOffsetBegin=763 CharacterOffsetEnd=769 PartOfSpeech=IN] [Text=an CharacterOffsetBegin=770 CharacterOffsetEnd=772 PartOfSpeech=DT] [Text=illicit CharacterOffsetBegin=773 CharacterOffsetEnd=780 PartOfSpeech=JJ] [Text=affair CharacterOffsetBegin=781 CharacterOffsetEnd=787 PartOfSpeech=NN] [Text=years CharacterOffsetBegin=788 CharacterOffsetEnd=793 PartOfSpeech=NNS] [Text=before CharacterOffsetBegin=794 CharacterOffsetEnd=800 PartOfSpeech=IN] [Text=. CharacterOffsetBegin=800 CharacterOffsetEnd=801 PartOfSpeech=.] 
root(ROOT-0, is-2)
nsubj(is-2, It-1)
nsubj(is-2, he-3)
nsubj(fathered-6, who-4)
aux(fathered-6, has-5)
rcmod(he-3, fathered-6)
det(child-8, the-7)
dobj(fathered-6, child-8)
prep(fathered-6, during-9)
det(years-13, an-10)
amod(years-13, illicit-11)
nn(years-13, affair-12)
pobj(during-9, years-13)
advmod(years-13, before-14)
punct(is-2, .-15)

Sentence #7 (30 tokens):
The battle then ensues as to who should have legal custody of the child.In this and every other aspect of the film, the story is exactly the same.
[Text=The CharacterOffsetBegin=806 CharacterOffsetEnd=809 PartOfSpeech=DT] [Text=battle CharacterOffsetBegin=810 CharacterOffsetEnd=816 PartOfSpeech=NN] [Text=then CharacterOffsetBegin=817 CharacterOffsetEnd=821 PartOfSpeech=RB] [Text=ensues CharacterOffsetBegin=822 CharacterOffsetEnd=828 PartOfSpeech=VBZ] [Text=as CharacterOffsetBegin=829 CharacterOffsetEnd=831 PartOfSpeech=IN] [Text=to CharacterOffsetBegin=832 CharacterOffsetEnd=834 PartOfSpeech=TO] [Text=who CharacterOffsetBegin=835 CharacterOffsetEnd=838 PartOfSpeech=WP] [Text=should CharacterOffsetBegin=839 CharacterOffsetEnd=845 PartOfSpeech=MD] [Text=have CharacterOffsetBegin=846 CharacterOffsetEnd=850 PartOfSpeech=VB] [Text=legal CharacterOffsetBegin=851 CharacterOffsetEnd=856 PartOfSpeech=JJ] [Text=custody CharacterOffsetBegin=857 CharacterOffsetEnd=864 PartOfSpeech=NN] [Text=of CharacterOffsetBegin=865 CharacterOffsetEnd=867 PartOfSpeech=IN] [Text=the CharacterOffsetBegin=868 CharacterOffsetEnd=871 PartOfSpeech=DT] [Text=child.In CharacterOffsetBegin=872 CharacterOffsetEnd=880 PartOfSpeech=NN] [Text=this CharacterOffsetBegin=881 CharacterOffsetEnd=885 PartOfSpeech=DT] [Text=and CharacterOffsetBegin=886 CharacterOffsetEnd=889 PartOfSpeech=CC] [Text=every CharacterOffsetBegin=890 CharacterOffsetEnd=895 PartOfSpeech=DT] [Text=other CharacterOffsetBegin=896 CharacterOffsetEnd=901 PartOfSpeech=JJ] [Text=aspect CharacterOffsetBegin=902 CharacterOffsetEnd=908 PartOfSpeech=NN] [Text=of CharacterOffsetBegin=909 CharacterOffsetEnd=911 PartOfSpeech=IN] [Text=the CharacterOffsetBegin=912 CharacterOffsetEnd=915 PartOfSpeech=DT] [Text=film CharacterOffsetBegin=916 CharacterOffsetEnd=920 PartOfSpeech=NN] [Text=, CharacterOffsetBegin=920 CharacterOffsetEnd=921 PartOfSpeech=,] [Text=the CharacterOffsetBegin=922 CharacterOffsetEnd=925 PartOfSpeech=DT] [Text=story CharacterOffsetBegin=926 CharacterOffsetEnd=931 PartOfSpeech=NN] [Text=is CharacterOffsetBegin=932 CharacterOffsetEnd=934 PartOfSpeech=VBZ] [Text=exactly CharacterOffsetBegin=935 CharacterOffsetEnd=942 PartOfSpeech=RB] [Text=the CharacterOffsetBegin=943 CharacterOffsetEnd=946 PartOfSpeech=DT] [Text=same CharacterOffsetBegin=947 CharacterOffsetEnd=951 PartOfSpeech=JJ] [Text=. CharacterOffsetBegin=951 CharacterOffsetEnd=952 PartOfSpeech=.] 
root(ROOT-0, ensues-4)
det(battle-2, The-1)
nsubj(ensues-4, battle-2)
advmod(ensues-4, then-3)
prep(ensues-4, as-5)
pcomp(as-5, to-6)
nsubj(have-9, who-7)
aux(have-9, should-8)
pcomp(to-6, have-9)
amod(custody-11, legal-10)
dobj(have-9, custody-11)
prep(custody-11, of-12)
det(child.In-14, the-13)
pobj(of-12, child.In-14)
dep(same-29, this-15)
cc(this-15, and-16)
det(aspect-19, every-17)
amod(aspect-19, other-18)
conj(this-15, aspect-19)
prep(aspect-19, of-20)
det(film-22, the-21)
pobj(of-20, film-22)
punct(this-15, ,-23)
det(story-25, the-24)
nsubj(same-29, story-25)
cop(same-29, is-26)
advmod(same-29, exactly-27)
det(same-29, the-28)
advmod(have-9, same-29)
punct(ensues-4, .-30)

Sentence #8 (9 tokens):
In only one can I find a difference.
[Text=In CharacterOffsetBegin=957 CharacterOffsetEnd=959 PartOfSpeech=IN] [Text=only CharacterOffsetBegin=960 CharacterOffsetEnd=964 PartOfSpeech=RB] [Text=one CharacterOffsetBegin=965 CharacterOffsetEnd=968 PartOfSpeech=CD] [Text=can CharacterOffsetBegin=969 CharacterOffsetEnd=972 PartOfSpeech=MD] [Text=I CharacterOffsetBegin=973 CharacterOffsetEnd=974 PartOfSpeech=PRP] [Text=find CharacterOffsetBegin=975 CharacterOffsetEnd=979 PartOfSpeech=VB] [Text=a CharacterOffsetBegin=980 CharacterOffsetEnd=981 PartOfSpeech=DT] [Text=difference CharacterOffsetBegin=982 CharacterOffsetEnd=992 PartOfSpeech=NN] [Text=. CharacterOffsetBegin=992 CharacterOffsetEnd=993 PartOfSpeech=.] 
root(ROOT-0, find-6)
prep(find-6, In-1)
advmod(one-3, only-2)
pobj(In-1, one-3)
aux(find-6, can-4)
nsubj(find-6, I-5)
det(difference-8, a-7)
dobj(find-6, difference-8)
punct(find-6, .-9)

Sentence #9 (20 tokens):
Silas Marner had epilepsy - but perhaps that would have strained the acting abilities of Mr Martin too far.
[Text=Silas CharacterOffsetBegin=998 CharacterOffsetEnd=1003 PartOfSpeech=NNP] [Text=Marner CharacterOffsetBegin=1004 CharacterOffsetEnd=1010 PartOfSpeech=NNP] [Text=had CharacterOffsetBegin=1011 CharacterOffsetEnd=1014 PartOfSpeech=VBD] [Text=epilepsy CharacterOffsetBegin=1015 CharacterOffsetEnd=1023 PartOfSpeech=NN] [Text=- CharacterOffsetBegin=1024 CharacterOffsetEnd=1025 PartOfSpeech=:] [Text=but CharacterOffsetBegin=1026 CharacterOffsetEnd=1029 PartOfSpeech=CC] [Text=perhaps CharacterOffsetBegin=1030 CharacterOffsetEnd=1037 PartOfSpeech=RB] [Text=that CharacterOffsetBegin=1038 CharacterOffsetEnd=1042 PartOfSpeech=DT] [Text=would CharacterOffsetBegin=1043 CharacterOffsetEnd=1048 PartOfSpeech=MD] [Text=have CharacterOffsetBegin=1049 CharacterOffsetEnd=1053 PartOfSpeech=VB] [Text=strained CharacterOffsetBegin=1054 CharacterOffsetEnd=1062 PartOfSpeech=VBN] [Text=the CharacterOffsetBegin=1063 CharacterOffsetEnd=1066 PartOfSpeech=DT] [Text=acting CharacterOffsetBegin=1067 CharacterOffsetEnd=1073 PartOfSpeech=VBG] [Text=abilities CharacterOffsetBegin=1074 CharacterOffsetEnd=1083 PartOfSpeech=NNS] [Text=of CharacterOffsetBegin=1084 CharacterOffsetEnd=1086 PartOfSpeech=IN] [Text=Mr CharacterOffsetBegin=1087 CharacterOffsetEnd=1089 PartOfSpeech=NNP] [Text=Martin CharacterOffsetBegin=1090 CharacterOffsetEnd=1096 PartOfSpeech=NNP] [Text=too CharacterOffsetBegin=1097 CharacterOffsetEnd=1100 PartOfSpeech=RB] [Text=far CharacterOffsetBegin=1101 CharacterOffsetEnd=1104 PartOfSpeech=RB] [Text=. CharacterOffsetBegin=1104 CharacterOffsetEnd=1105 PartOfSpeech=.] 
root(ROOT-0, had-3)
nn(Marner-2, Silas-1)
nsubj(had-3, Marner-2)
dobj(had-3, epilepsy-4)
punct(epilepsy-4, --5)
cc(epilepsy-4, but-6)
advmod(strained-11, perhaps-7)
nsubj(strained-11, that-8)
aux(strained-11, would-9)
aux(strained-11, have-10)
conj(epilepsy-4, strained-11)
det(abilities-14, the-12)
amod(abilities-14, acting-13)
dobj(strained-11, abilities-14)
prep(abilities-14, of-15)
nn(Martin-17, Mr-16)
pobj(of-15, Martin-17)
advmod(far-19, too-18)
advmod(abilities-14, far-19)
punct(had-3, .-20)

Sentence #10 (35 tokens):
On top of that he has his hair dyed in some carrot juice concoction (presumably to make him look younger, but actually making him look more the clown that he is)!
[Text=On CharacterOffsetBegin=1110 CharacterOffsetEnd=1112 PartOfSpeech=IN] [Text=top CharacterOffsetBegin=1113 CharacterOffsetEnd=1116 PartOfSpeech=NN] [Text=of CharacterOffsetBegin=1117 CharacterOffsetEnd=1119 PartOfSpeech=IN] [Text=that CharacterOffsetBegin=1120 CharacterOffsetEnd=1124 PartOfSpeech=IN] [Text=he CharacterOffsetBegin=1125 CharacterOffsetEnd=1127 PartOfSpeech=PRP] [Text=has CharacterOffsetBegin=1128 CharacterOffsetEnd=1131 PartOfSpeech=VBZ] [Text=his CharacterOffsetBegin=1132 CharacterOffsetEnd=1135 PartOfSpeech=PRP$] [Text=hair CharacterOffsetBegin=1136 CharacterOffsetEnd=1140 PartOfSpeech=NN] [Text=dyed CharacterOffsetBegin=1141 CharacterOffsetEnd=1145 PartOfSpeech=VBD] [Text=in CharacterOffsetBegin=1146 CharacterOffsetEnd=1148 PartOfSpeech=IN] [Text=some CharacterOffsetBegin=1149 CharacterOffsetEnd=1153 PartOfSpeech=DT] [Text=carrot CharacterOffsetBegin=1154 CharacterOffsetEnd=1160 PartOfSpeech=NN] [Text=juice CharacterOffsetBegin=1161 CharacterOffsetEnd=1166 PartOfSpeech=NN] [Text=concoction CharacterOffsetBegin=1167 CharacterOffsetEnd=1177 PartOfSpeech=NN] [Text=-LRB- CharacterOffsetBegin=1178 CharacterOffsetEnd=1179 PartOfSpeech=-LRB-] [Text=presumably CharacterOffsetBegin=1179 CharacterOffsetEnd=1189 PartOfSpeech=RB] [Text=to CharacterOffsetBegin=1190 CharacterOffsetEnd=1192 PartOfSpeech=TO] [Text=make CharacterOffsetBegin=1193 CharacterOffsetEnd=1197 PartOfSpeech=VB] [Text=him CharacterOffsetBegin=1198 CharacterOffsetEnd=1201 PartOfSpeech=PRP] [Text=look CharacterOffsetBegin=1202 CharacterOffsetEnd=1206 PartOfSpeech=VB] [Text=younger CharacterOffsetBegin=1207 CharacterOffsetEnd=1214 PartOfSpeech=JJR] [Text=, CharacterOffsetBegin=1214 CharacterOffsetEnd=1215 PartOfSpeech=,] [Text=but CharacterOffsetBegin=1216 CharacterOffsetEnd=1219 PartOfSpeech=CC] [Text=actually CharacterOffsetBegin=1220 CharacterOffsetEnd=1228 PartOfSpeech=RB] [Text=making CharacterOffsetBegin=1229 CharacterOffsetEnd=1235 PartOfSpeech=VBG] [Text=him CharacterOffsetBegin=1236 CharacterOffsetEnd=1239 PartOfSpeech=PRP] [Text=look CharacterOffsetBegin=1240 CharacterOffsetEnd=1244 PartOfSpeech=VB] [Text=more CharacterOffsetBegin=1245 CharacterOffsetEnd=1249 PartOfSpeech=RBR] [Text=the CharacterOffsetBegin=1250 CharacterOffsetEnd=1253 PartOfSpeech=DT] [Text=clown CharacterOffsetBegin=1254 CharacterOffsetEnd=1259 PartOfSpeech=NN] [Text=that CharacterOffsetBegin=1260 CharacterOffsetEnd=1264 PartOfSpeech=IN] [Text=he CharacterOffsetBegin=1265 CharacterOffsetEnd=1267 PartOfSpeech=PRP] [Text=is CharacterOffsetBegin=1268 CharacterOffsetEnd=1270 PartOfSpeech=VBZ] [Text=-RRB- CharacterOffsetBegin=1270 CharacterOffsetEnd=1271 PartOfSpeech=-RRB-] [Text=! CharacterOffsetBegin=1271 CharacterOffsetEnd=1272 PartOfSpeech=.] 
root(ROOT-0, On-1)
pobj(On-1, top-2)
prep(top-2, of-3)
mark(has-6, that-4)
nsubj(has-6, he-5)
pcomp(of-3, has-6)
poss(hair-8, his-7)
dobj(has-6, hair-8)
dep(has-6, dyed-9)
prep(dyed-9, in-10)
pobj(in-10, some-11)
dep(some-11, carrot-12)
dep(carrot-12, juice-13)
dep(juice-13, concoction-14)
punct(presumably-16, -LRB--15)
dep(concoction-14, presumably-16)
aux(make-18, to-17)
infmod(presumably-16, make-18)
nsubj(look-20, him-19)
ccomp(make-18, look-20)
acomp(look-20, younger-21)
punct(presumably-16, ,-22)
cc(presumably-16, but-23)
advmod(making-25, actually-24)
conj(presumably-16, making-25)
nsubj(look-27, him-26)
ccomp(making-25, look-27)
advmod(clown-30, more-28)
det(clown-30, the-29)
acomp(look-27, clown-30)
mark(is-33, that-31)
nsubj(is-33, he-32)
ccomp(clown-30, is-33)
punct(is-33, -RRB--34)
punct(On-1, !-35)

Sentence #11 (36 tokens):
There is also the addition of meaningless jokes, that this offbeat comedian cannot resist bringing into the story which have no part in it and only detract from the profoundness of the story.
[Text=There CharacterOffsetBegin=1277 CharacterOffsetEnd=1282 PartOfSpeech=EX] [Text=is CharacterOffsetBegin=1283 CharacterOffsetEnd=1285 PartOfSpeech=VBZ] [Text=also CharacterOffsetBegin=1286 CharacterOffsetEnd=1290 PartOfSpeech=RB] [Text=the CharacterOffsetBegin=1291 CharacterOffsetEnd=1294 PartOfSpeech=DT] [Text=addition CharacterOffsetBegin=1295 CharacterOffsetEnd=1303 PartOfSpeech=NN] [Text=of CharacterOffsetBegin=1304 CharacterOffsetEnd=1306 PartOfSpeech=IN] [Text=meaningless CharacterOffsetBegin=1307 CharacterOffsetEnd=1318 PartOfSpeech=JJ] [Text=jokes CharacterOffsetBegin=1319 CharacterOffsetEnd=1324 PartOfSpeech=NNS] [Text=, CharacterOffsetBegin=1324 CharacterOffsetEnd=1325 PartOfSpeech=,] [Text=that CharacterOffsetBegin=1326 CharacterOffsetEnd=1330 PartOfSpeech=IN] [Text=this CharacterOffsetBegin=1331 CharacterOffsetEnd=1335 PartOfSpeech=DT] [Text=offbeat CharacterOffsetBegin=1336 CharacterOffsetEnd=1343 PartOfSpeech=JJ] [Text=comedian CharacterOffsetBegin=1344 CharacterOffsetEnd=1352 PartOfSpeech=NN] [Text=can CharacterOffsetBegin=1353 CharacterOffsetEnd=1356 PartOfSpeech=MD] [Text=not CharacterOffsetBegin=1356 CharacterOffsetEnd=1359 PartOfSpeech=RB] [Text=resist CharacterOffsetBegin=1360 CharacterOffsetEnd=1366 PartOfSpeech=VB] [Text=bringing CharacterOffsetBegin=1367 CharacterOffsetEnd=1375 PartOfSpeech=VBG] [Text=into CharacterOffsetBegin=1376 CharacterOffsetEnd=1380 PartOfSpeech=IN] [Text=the CharacterOffsetBegin=1381 CharacterOffsetEnd=1384 PartOfSpeech=DT] [Text=story CharacterOffsetBegin=1385 CharacterOffsetEnd=1390 PartOfSpeech=NN] [Text=which CharacterOffsetBegin=1391 CharacterOffsetEnd=1396 PartOfSpeech=WDT] [Text=have CharacterOffsetBegin=1397 CharacterOffsetEnd=1401 PartOfSpeech=VBP] [Text=no CharacterOffsetBegin=1402 CharacterOffsetEnd=1404 PartOfSpeech=DT] [Text=part CharacterOffsetBegin=1405 CharacterOffsetEnd=1409 PartOfSpeech=NN] [Text=in CharacterOffsetBegin=1410 CharacterOffsetEnd=1412 PartOfSpeech=IN] [Text=it CharacterOffsetBegin=1413 CharacterOffsetEnd=1415 PartOfSpeech=PRP] [Text=and CharacterOffsetBegin=1416 CharacterOffsetEnd=1419 PartOfSpeech=CC] [Text=only CharacterOffsetBegin=1420 CharacterOffsetEnd=1424 PartOfSpeech=RB] [Text=detract CharacterOffsetBegin=1425 CharacterOffsetEnd=1432 PartOfSpeech=VB] [Text=from CharacterOffsetBegin=1433 CharacterOffsetEnd=1437 PartOfSpeech=IN] [Text=the CharacterOffsetBegin=1438 CharacterOffsetEnd=1441 PartOfSpeech=DT] [Text=profoundness CharacterOffsetBegin=1442 CharacterOffsetEnd=1454 PartOfSpeech=NN] [Text=of CharacterOffsetBegin=1455 CharacterOffsetEnd=1457 PartOfSpeech=IN] [Text=the CharacterOffsetBegin=1458 CharacterOffsetEnd=1461 PartOfSpeech=DT] [Text=story CharacterOffsetBegin=1462 CharacterOffsetEnd=1467 PartOfSpeech=NN] [Text=. CharacterOffsetBegin=1467 CharacterOffsetEnd=1468 PartOfSpeech=.] 
root(ROOT-0, is-2)
expl(is-2, There-1)
advmod(is-2, also-3)
det(addition-5, the-4)
nsubj(is-2, addition-5)
prep(addition-5, of-6)
amod(jokes-8, meaningless-7)
pobj(of-6, jokes-8)
punct(is-2, ,-9)
mark(resist-16, that-10)
det(comedian-13, this-11)
amod(comedian-13, offbeat-12)
nsubj(resist-16, comedian-13)
aux(resist-16, can-14)
neg(resist-16, not-15)
ccomp(is-2, resist-16)
xcomp(resist-16, bringing-17)
prep(bringing-17, into-18)
det(story-20, the-19)
pobj(into-18, story-20)
nsubj(have-22, which-21)
rcmod(story-20, have-22)
det(part-24, no-23)
dobj(have-22, part-24)
prep(part-24, in-25)
pobj(in-25, it-26)
cc(have-22, and-27)
advmod(detract-29, only-28)
conj(have-22, detract-29)
prep(detract-29, from-30)
det(profoundness-32, the-31)
pobj(from-30, profoundness-32)
prep(profoundness-32, of-33)
det(story-35, the-34)
pobj(of-33, story-35)
punct(is-2, .-36)

Sentence #12 (25 tokens):
Like when the child cries in the courthouse declaring she can only be happy with the man who has fathered her all these years.
[Text=Like CharacterOffsetBegin=1473 CharacterOffsetEnd=1477 PartOfSpeech=IN] [Text=when CharacterOffsetBegin=1478 CharacterOffsetEnd=1482 PartOfSpeech=WRB] [Text=the CharacterOffsetBegin=1483 CharacterOffsetEnd=1486 PartOfSpeech=DT] [Text=child CharacterOffsetBegin=1487 CharacterOffsetEnd=1492 PartOfSpeech=NN] [Text=cries CharacterOffsetBegin=1493 CharacterOffsetEnd=1498 PartOfSpeech=VBZ] [Text=in CharacterOffsetBegin=1499 CharacterOffsetEnd=1501 PartOfSpeech=IN] [Text=the CharacterOffsetBegin=1502 CharacterOffsetEnd=1505 PartOfSpeech=DT] [Text=courthouse CharacterOffsetBegin=1506 CharacterOffsetEnd=1516 PartOfSpeech=NN] [Text=declaring CharacterOffsetBegin=1517 CharacterOffsetEnd=1526 PartOfSpeech=VBG] [Text=she CharacterOffsetBegin=1527 CharacterOffsetEnd=1530 PartOfSpeech=PRP] [Text=can CharacterOffsetBegin=1531 CharacterOffsetEnd=1534 PartOfSpeech=MD] [Text=only CharacterOffsetBegin=1535 CharacterOffsetEnd=1539 PartOfSpeech=RB] [Text=be CharacterOffsetBegin=1540 CharacterOffsetEnd=1542 PartOfSpeech=VB] [Text=happy CharacterOffsetBegin=1543 CharacterOffsetEnd=1548 PartOfSpeech=JJ] [Text=with CharacterOffsetBegin=1549 CharacterOffsetEnd=1553 PartOfSpeech=IN] [Text=the CharacterOffsetBegin=1554 CharacterOffsetEnd=1557 PartOfSpeech=DT] [Text=man CharacterOffsetBegin=1558 CharacterOffsetEnd=1561 PartOfSpeech=NN] [Text=who CharacterOffsetBegin=1562 CharacterOffsetEnd=1565 PartOfSpeech=WP] [Text=has CharacterOffsetBegin=1566 CharacterOffsetEnd=1569 PartOfSpeech=VBZ] [Text=fathered CharacterOffsetBegin=1570 CharacterOffsetEnd=1578 PartOfSpeech=VBN] [Text=her CharacterOffsetBegin=1579 CharacterOffsetEnd=1582 PartOfSpeech=PRP$] [Text=all CharacterOffsetBegin=1583 CharacterOffsetEnd=1586 PartOfSpeech=PDT] [Text=these CharacterOffsetBegin=1587 CharacterOffsetEnd=1592 PartOfSpeech=DT] [Text=years CharacterOffsetBegin=1593 CharacterOffsetEnd=1598 PartOfSpeech=NNS] [Text=. CharacterOffsetBegin=1598 CharacterOffsetEnd=1599 PartOfSpeech=.] 
root(ROOT-0, Like-1)
advmod(cries-5, when-2)
det(child-4, the-3)
nsubj(cries-5, child-4)
pcomp(Like-1, cries-5)
prep(cries-5, in-6)
det(courthouse-8, the-7)
pobj(in-6, courthouse-8)
xcomp(cries-5, declaring-9)
nsubj(happy-14, she-10)
aux(happy-14, can-11)
advmod(happy-14, only-12)
cop(happy-14, be-13)
ccomp(declaring-9, happy-14)
prep(happy-14, with-15)
det(man-17, the-16)
pobj(with-15, man-17)
nsubj(fathered-20, who-18)
aux(fathered-20, has-19)
rcmod(man-17, fathered-20)
poss(years-24, her-21)
predet(years-24, all-22)
det(years-24, these-23)
dobj(fathered-20, years-24)
punct(Like-1, .-25)

Sentence #13 (40 tokens):
This is conveyed in the film by the girl applying nasal decongestant to the bridge of her nose to make her tearful!I am surprised that legalities and integrity within the film industry permit such a film to be made.
[Text=This CharacterOffsetBegin=1604 CharacterOffsetEnd=1608 PartOfSpeech=DT] [Text=is CharacterOffsetBegin=1609 CharacterOffsetEnd=1611 PartOfSpeech=VBZ] [Text=conveyed CharacterOffsetBegin=1612 CharacterOffsetEnd=1620 PartOfSpeech=VBN] [Text=in CharacterOffsetBegin=1621 CharacterOffsetEnd=1623 PartOfSpeech=IN] [Text=the CharacterOffsetBegin=1624 CharacterOffsetEnd=1627 PartOfSpeech=DT] [Text=film CharacterOffsetBegin=1628 CharacterOffsetEnd=1632 PartOfSpeech=NN] [Text=by CharacterOffsetBegin=1633 CharacterOffsetEnd=1635 PartOfSpeech=IN] [Text=the CharacterOffsetBegin=1636 CharacterOffsetEnd=1639 PartOfSpeech=DT] [Text=girl CharacterOffsetBegin=1640 CharacterOffsetEnd=1644 PartOfSpeech=NN] [Text=applying CharacterOffsetBegin=1645 CharacterOffsetEnd=1653 PartOfSpeech=VBG] [Text=nasal CharacterOffsetBegin=1654 CharacterOffsetEnd=1659 PartOfSpeech=JJ] [Text=decongestant CharacterOffsetBegin=1660 CharacterOffsetEnd=1672 PartOfSpeech=NN] [Text=to CharacterOffsetBegin=1673 CharacterOffsetEnd=1675 PartOfSpeech=TO] [Text=the CharacterOffsetBegin=1676 CharacterOffsetEnd=1679 PartOfSpeech=DT] [Text=bridge CharacterOffsetBegin=1680 CharacterOffsetEnd=1686 PartOfSpeech=NN] [Text=of CharacterOffsetBegin=1687 CharacterOffsetEnd=1689 PartOfSpeech=IN] [Text=her CharacterOffsetBegin=1690 CharacterOffsetEnd=1693 PartOfSpeech=PRP$] [Text=nose CharacterOffsetBegin=1694 CharacterOffsetEnd=1698 PartOfSpeech=NN] [Text=to CharacterOffsetBegin=1699 CharacterOffsetEnd=1701 PartOfSpeech=TO] [Text=make CharacterOffsetBegin=1702 CharacterOffsetEnd=1706 PartOfSpeech=VB] [Text=her CharacterOffsetBegin=1707 CharacterOffsetEnd=1710 PartOfSpeech=PRP$] [Text=tearful!I CharacterOffsetBegin=1711 CharacterOffsetEnd=1720 PartOfSpeech=NN] [Text=am CharacterOffsetBegin=1721 CharacterOffsetEnd=1723 PartOfSpeech=VBP] [Text=surprised CharacterOffsetBegin=1724 CharacterOffsetEnd=1733 PartOfSpeech=VBN] [Text=that CharacterOffsetBegin=1734 CharacterOffsetEnd=1738 PartOfSpeech=IN] [Text=legalities CharacterOffsetBegin=1739 CharacterOffsetEnd=1749 PartOfSpeech=NNS] [Text=and CharacterOffsetBegin=1750 CharacterOffsetEnd=1753 PartOfSpeech=CC] [Text=integrity CharacterOffsetBegin=1754 CharacterOffsetEnd=1763 PartOfSpeech=NN] [Text=within CharacterOffsetBegin=1764 CharacterOffsetEnd=1770 PartOfSpeech=IN] [Text=the CharacterOffsetBegin=1771 CharacterOffsetEnd=1774 PartOfSpeech=DT] [Text=film CharacterOffsetBegin=1775 CharacterOffsetEnd=1779 PartOfSpeech=NN] [Text=industry CharacterOffsetBegin=1780 CharacterOffsetEnd=1788 PartOfSpeech=NN] [Text=permit CharacterOffsetBegin=1789 CharacterOffsetEnd=1795 PartOfSpeech=VBP] [Text=such CharacterOffsetBegin=1796 CharacterOffsetEnd=1800 PartOfSpeech=JJ] [Text=a CharacterOffsetBegin=1801 CharacterOffsetEnd=1802 PartOfSpeech=DT] [Text=film CharacterOffsetBegin=1803 CharacterOffsetEnd=1807 PartOfSpeech=NN] [Text=to CharacterOffsetBegin=1808 CharacterOffsetEnd=1810 PartOfSpeech=TO] [Text=be CharacterOffsetBegin=1811 CharacterOffsetEnd=1813 PartOfSpeech=VB] [Text=made CharacterOffsetBegin=1814 CharacterOffsetEnd=1818 PartOfSpeech=VBN] [Text=. CharacterOffsetBegin=1818 CharacterOffsetEnd=1819 PartOfSpeech=.] 
root(ROOT-0, conveyed-3)
nsubjpass(conveyed-3, This-1)
auxpass(conveyed-3, is-2)
prep(conveyed-3, in-4)
det(film-6, the-5)
pobj(in-4, film-6)
prep(conveyed-3, by-7)
det(girl-9, the-8)
pobj(by-7, girl-9)
partmod(girl-9, applying-10)
amod(decongestant-12, nasal-11)
dobj(applying-10, decongestant-12)
prep(applying-10, to-13)
det(bridge-15, the-14)
pobj(to-13, bridge-15)
prep(bridge-15, of-16)
poss(nose-18, her-17)
pobj(of-16, nose-18)
aux(make-20, to-19)
xcomp(applying-10, make-20)
poss(tearful!I-22, her-21)
nsubjpass(surprised-24, tearful!I-22)
auxpass(surprised-24, am-23)
xcomp(make-20, surprised-24)
mark(permit-33, that-25)
nsubj(permit-33, legalities-26)
cc(legalities-26, and-27)
conj(legalities-26, integrity-28)
prep(legalities-26, within-29)
det(industry-32, the-30)
nn(industry-32, film-31)
pobj(within-29, industry-32)
ccomp(surprised-24, permit-33)
predet(film-36, such-34)
det(film-36, a-35)
nsubjpass(made-39, film-36)
aux(made-39, to-37)
auxpass(made-39, be-38)
xcomp(permit-33, made-39)
punct(conveyed-3, .-40)

Sentence #14 (15 tokens):
If I was a trustee of George Eliot's I would insist on reparation.
[Text=If CharacterOffsetBegin=1824 CharacterOffsetEnd=1826 PartOfSpeech=IN] [Text=I CharacterOffsetBegin=1827 CharacterOffsetEnd=1828 PartOfSpeech=PRP] [Text=was CharacterOffsetBegin=1829 CharacterOffsetEnd=1832 PartOfSpeech=VBD] [Text=a CharacterOffsetBegin=1833 CharacterOffsetEnd=1834 PartOfSpeech=DT] [Text=trustee CharacterOffsetBegin=1835 CharacterOffsetEnd=1842 PartOfSpeech=NN] [Text=of CharacterOffsetBegin=1843 CharacterOffsetEnd=1845 PartOfSpeech=IN] [Text=George CharacterOffsetBegin=1846 CharacterOffsetEnd=1852 PartOfSpeech=NNP] [Text=Eliot CharacterOffsetBegin=1853 CharacterOffsetEnd=1858 PartOfSpeech=NNP] [Text='s CharacterOffsetBegin=1858 CharacterOffsetEnd=1860 PartOfSpeech=POS] [Text=I CharacterOffsetBegin=1861 CharacterOffsetEnd=1862 PartOfSpeech=PRP] [Text=would CharacterOffsetBegin=1863 CharacterOffsetEnd=1868 PartOfSpeech=MD] [Text=insist CharacterOffsetBegin=1869 CharacterOffsetEnd=1875 PartOfSpeech=VB] [Text=on CharacterOffsetBegin=1876 CharacterOffsetEnd=1878 PartOfSpeech=IN] [Text=reparation CharacterOffsetBegin=1879 CharacterOffsetEnd=1889 PartOfSpeech=NN] [Text=. CharacterOffsetBegin=1889 CharacterOffsetEnd=1890 PartOfSpeech=.] 
root(ROOT-0, trustee-5)
mark(trustee-5, If-1)
nsubj(trustee-5, I-2)
cop(trustee-5, was-3)
det(trustee-5, a-4)
prep(trustee-5, of-6)
nn(Eliot-8, George-7)
pobj(of-6, Eliot-8)
possessive(Eliot-8, 's-9)
nsubj(insist-12, I-10)
aux(insist-12, would-11)
rcmod(Eliot-8, insist-12)
prep(insist-12, on-13)
pobj(on-13, reparation-14)
punct(trustee-5, .-15)

Sentence #15 (19 tokens):
If I was Steve Martin I would send the profits to that estate, or to the poor.
[Text=If CharacterOffsetBegin=1895 CharacterOffsetEnd=1897 PartOfSpeech=IN] [Text=I CharacterOffsetBegin=1898 CharacterOffsetEnd=1899 PartOfSpeech=PRP] [Text=was CharacterOffsetBegin=1900 CharacterOffsetEnd=1903 PartOfSpeech=VBD] [Text=Steve CharacterOffsetBegin=1904 CharacterOffsetEnd=1909 PartOfSpeech=NNP] [Text=Martin CharacterOffsetBegin=1910 CharacterOffsetEnd=1916 PartOfSpeech=NNP] [Text=I CharacterOffsetBegin=1917 CharacterOffsetEnd=1918 PartOfSpeech=PRP] [Text=would CharacterOffsetBegin=1919 CharacterOffsetEnd=1924 PartOfSpeech=MD] [Text=send CharacterOffsetBegin=1925 CharacterOffsetEnd=1929 PartOfSpeech=VB] [Text=the CharacterOffsetBegin=1930 CharacterOffsetEnd=1933 PartOfSpeech=DT] [Text=profits CharacterOffsetBegin=1934 CharacterOffsetEnd=1941 PartOfSpeech=NNS] [Text=to CharacterOffsetBegin=1942 CharacterOffsetEnd=1944 PartOfSpeech=TO] [Text=that CharacterOffsetBegin=1945 CharacterOffsetEnd=1949 PartOfSpeech=DT] [Text=estate CharacterOffsetBegin=1950 CharacterOffsetEnd=1956 PartOfSpeech=NN] [Text=, CharacterOffsetBegin=1956 CharacterOffsetEnd=1957 PartOfSpeech=,] [Text=or CharacterOffsetBegin=1958 CharacterOffsetEnd=1960 PartOfSpeech=CC] [Text=to CharacterOffsetBegin=1961 CharacterOffsetEnd=1963 PartOfSpeech=TO] [Text=the CharacterOffsetBegin=1964 CharacterOffsetEnd=1967 PartOfSpeech=DT] [Text=poor CharacterOffsetBegin=1968 CharacterOffsetEnd=1972 PartOfSpeech=JJ] [Text=. CharacterOffsetBegin=1972 CharacterOffsetEnd=1973 PartOfSpeech=.] 
root(ROOT-0, Martin-5)
mark(Martin-5, If-1)
nsubj(Martin-5, I-2)
cop(Martin-5, was-3)
nn(Martin-5, Steve-4)
nsubj(send-8, I-6)
aux(send-8, would-7)
rcmod(Martin-5, send-8)
det(profits-10, the-9)
dobj(send-8, profits-10)
prep(send-8, to-11)
det(estate-13, that-12)
pobj(to-11, estate-13)
punct(send-8, ,-14)
cc(send-8, or-15)
conj(send-8, to-16)
det(poor-18, the-17)
pobj(to-16, poor-18)
punct(Martin-5, .-19)

Sentence #16 (16 tokens):
At the very least it should be entitled Silas Marner - adapted by S Martin.
[Text=At CharacterOffsetBegin=1978 CharacterOffsetEnd=1980 PartOfSpeech=IN] [Text=the CharacterOffsetBegin=1981 CharacterOffsetEnd=1984 PartOfSpeech=DT] [Text=very CharacterOffsetBegin=1985 CharacterOffsetEnd=1989 PartOfSpeech=RB] [Text=least CharacterOffsetBegin=1990 CharacterOffsetEnd=1995 PartOfSpeech=JJS] [Text=it CharacterOffsetBegin=1996 CharacterOffsetEnd=1998 PartOfSpeech=PRP] [Text=should CharacterOffsetBegin=1999 CharacterOffsetEnd=2005 PartOfSpeech=MD] [Text=be CharacterOffsetBegin=2006 CharacterOffsetEnd=2008 PartOfSpeech=VB] [Text=entitled CharacterOffsetBegin=2009 CharacterOffsetEnd=2017 PartOfSpeech=VBN] [Text=Silas CharacterOffsetBegin=2018 CharacterOffsetEnd=2023 PartOfSpeech=NNP] [Text=Marner CharacterOffsetBegin=2024 CharacterOffsetEnd=2030 PartOfSpeech=NNP] [Text=- CharacterOffsetBegin=2031 CharacterOffsetEnd=2032 PartOfSpeech=:] [Text=adapted CharacterOffsetBegin=2033 CharacterOffsetEnd=2040 PartOfSpeech=VBN] [Text=by CharacterOffsetBegin=2041 CharacterOffsetEnd=2043 PartOfSpeech=IN] [Text=S CharacterOffsetBegin=2044 CharacterOffsetEnd=2045 PartOfSpeech=NN] [Text=Martin CharacterOffsetBegin=2046 CharacterOffsetEnd=2052 PartOfSpeech=NNP] [Text=. CharacterOffsetBegin=2052 CharacterOffsetEnd=2053 PartOfSpeech=.] 
root(ROOT-0, entitled-8)
advmod(entitled-8, At-1)
det(least-4, the-2)
advmod(least-4, very-3)
pobj(At-1, least-4)
nsubjpass(entitled-8, it-5)
aux(entitled-8, should-6)
auxpass(entitled-8, be-7)
nn(Marner-10, Silas-9)
dep(entitled-8, Marner-10)
punct(Marner-10, --11)
partmod(Marner-10, adapted-12)
prep(adapted-12, by-13)
nn(Martin-15, S-14)
pobj(by-13, Martin-15)
punct(entitled-8, .-16)

Sentence #17 (28 tokens):
Or better still removed from the archives!If you are interested in this story - and I hope you are - dismiss this completely and watch Silas Marner.
[Text=Or CharacterOffsetBegin=2058 CharacterOffsetEnd=2060 PartOfSpeech=CC] [Text=better CharacterOffsetBegin=2061 CharacterOffsetEnd=2067 PartOfSpeech=JJR] [Text=still CharacterOffsetBegin=2068 CharacterOffsetEnd=2073 PartOfSpeech=RB] [Text=removed CharacterOffsetBegin=2074 CharacterOffsetEnd=2081 PartOfSpeech=VBN] [Text=from CharacterOffsetBegin=2082 CharacterOffsetEnd=2086 PartOfSpeech=IN] [Text=the CharacterOffsetBegin=2087 CharacterOffsetEnd=2090 PartOfSpeech=DT] [Text=archives!If CharacterOffsetBegin=2091 CharacterOffsetEnd=2102 PartOfSpeech=NN] [Text=you CharacterOffsetBegin=2103 CharacterOffsetEnd=2106 PartOfSpeech=PRP] [Text=are CharacterOffsetBegin=2107 CharacterOffsetEnd=2110 PartOfSpeech=VBP] [Text=interested CharacterOffsetBegin=2111 CharacterOffsetEnd=2121 PartOfSpeech=JJ] [Text=in CharacterOffsetBegin=2122 CharacterOffsetEnd=2124 PartOfSpeech=IN] [Text=this CharacterOffsetBegin=2125 CharacterOffsetEnd=2129 PartOfSpeech=DT] [Text=story CharacterOffsetBegin=2130 CharacterOffsetEnd=2135 PartOfSpeech=NN] [Text=- CharacterOffsetBegin=2136 CharacterOffsetEnd=2137 PartOfSpeech=:] [Text=and CharacterOffsetBegin=2138 CharacterOffsetEnd=2141 PartOfSpeech=CC] [Text=I CharacterOffsetBegin=2142 CharacterOffsetEnd=2143 PartOfSpeech=PRP] [Text=hope CharacterOffsetBegin=2144 CharacterOffsetEnd=2148 PartOfSpeech=VBP] [Text=you CharacterOffsetBegin=2149 CharacterOffsetEnd=2152 PartOfSpeech=PRP] [Text=are CharacterOffsetBegin=2153 CharacterOffsetEnd=2156 PartOfSpeech=VBP] [Text=- CharacterOffsetBegin=2157 CharacterOffsetEnd=2158 PartOfSpeech=:] [Text=dismiss CharacterOffsetBegin=2159 CharacterOffsetEnd=2166 PartOfSpeech=VB] [Text=this CharacterOffsetBegin=2167 CharacterOffsetEnd=2171 PartOfSpeech=DT] [Text=completely CharacterOffsetBegin=2172 CharacterOffsetEnd=2182 PartOfSpeech=RB] [Text=and CharacterOffsetBegin=2183 CharacterOffsetEnd=2186 PartOfSpeech=CC] [Text=watch CharacterOffsetBegin=2187 CharacterOffsetEnd=2192 PartOfSpeech=VB] [Text=Silas CharacterOffsetBegin=2193 CharacterOffsetEnd=2198 PartOfSpeech=NNP] [Text=Marner CharacterOffsetBegin=2199 CharacterOffsetEnd=2205 PartOfSpeech=NNP] [Text=. CharacterOffsetBegin=2205 CharacterOffsetEnd=2206 PartOfSpeech=.] 
root(ROOT-0, removed-4)
cc(better-2, Or-1)
dep(removed-4, better-2)
advmod(removed-4, still-3)
prep(removed-4, from-5)
det(archives!If-7, the-6)
pobj(from-5, archives!If-7)
nsubj(interested-10, you-8)
cop(interested-10, are-9)
rcmod(archives!If-7, interested-10)
prep(interested-10, in-11)
det(story-13, this-12)
pobj(in-11, story-13)
punct(removed-4, --14)
cc(removed-4, and-15)
nsubj(hope-17, I-16)
conj(removed-4, hope-17)
nsubj(dismiss-21, you-18)
cop(dismiss-21, are-19)
punct(dismiss-21, --20)
ccomp(hope-17, dismiss-21)
det(Marner-27, this-22)
advmod(Silas-26, completely-23)
cc(completely-23, and-24)
conj(completely-23, watch-25)
nn(Marner-27, Silas-26)
dobj(dismiss-21, Marner-27)
punct(removed-4, .-28)

Sentence #18 (5 tokens):
Or read the book!
[Text=Or CharacterOffsetBegin=2211 CharacterOffsetEnd=2213 PartOfSpeech=CC] [Text=read CharacterOffsetBegin=2214 CharacterOffsetEnd=2218 PartOfSpeech=VB] [Text=the CharacterOffsetBegin=2219 CharacterOffsetEnd=2222 PartOfSpeech=DT] [Text=book CharacterOffsetBegin=2223 CharacterOffsetEnd=2227 PartOfSpeech=NN] [Text=! CharacterOffsetBegin=2227 CharacterOffsetEnd=2228 PartOfSpeech=.] 
root(ROOT-0, read-2)
cc(read-2, Or-1)
det(book-4, the-3)
dobj(read-2, book-4)
punct(read-2, !-5)

Sentence #19 (13 tokens):
The BBC made an excellent adaptation of it in the 1980's.
[Text=The CharacterOffsetBegin=2233 CharacterOffsetEnd=2236 PartOfSpeech=DT] [Text=BBC CharacterOffsetBegin=2237 CharacterOffsetEnd=2240 PartOfSpeech=NNP] [Text=made CharacterOffsetBegin=2241 CharacterOffsetEnd=2245 PartOfSpeech=VBD] [Text=an CharacterOffsetBegin=2246 CharacterOffsetEnd=2248 PartOfSpeech=DT] [Text=excellent CharacterOffsetBegin=2249 CharacterOffsetEnd=2258 PartOfSpeech=JJ] [Text=adaptation CharacterOffsetBegin=2259 CharacterOffsetEnd=2269 PartOfSpeech=NN] [Text=of CharacterOffsetBegin=2270 CharacterOffsetEnd=2272 PartOfSpeech=IN] [Text=it CharacterOffsetBegin=2273 CharacterOffsetEnd=2275 PartOfSpeech=PRP] [Text=in CharacterOffsetBegin=2276 CharacterOffsetEnd=2278 PartOfSpeech=IN] [Text=the CharacterOffsetBegin=2279 CharacterOffsetEnd=2282 PartOfSpeech=DT] [Text=1980 CharacterOffsetBegin=2283 CharacterOffsetEnd=2287 PartOfSpeech=CD] [Text='s CharacterOffsetBegin=2287 CharacterOffsetEnd=2289 PartOfSpeech=POS] [Text=. CharacterOffsetBegin=2289 CharacterOffsetEnd=2290 PartOfSpeech=.] 
root(ROOT-0, made-3)
det(BBC-2, The-1)
nsubj(made-3, BBC-2)
det(adaptation-6, an-4)
amod(adaptation-6, excellent-5)
dobj(made-3, adaptation-6)
prep(adaptation-6, of-7)
pobj(of-7, it-8)
prep(made-3, in-9)
det(1980-11, the-10)
pobj(in-9, 1980-11)
possessive(1980-11, 's-12)
punct(made-3, .-13)

