Sentence #1 (12 tokens):
This is said to be a personal film for Peter Bogdonavitch.
[Text=This CharacterOffsetBegin=4 CharacterOffsetEnd=8 PartOfSpeech=DT] [Text=is CharacterOffsetBegin=9 CharacterOffsetEnd=11 PartOfSpeech=VBZ] [Text=said CharacterOffsetBegin=12 CharacterOffsetEnd=16 PartOfSpeech=VBD] [Text=to CharacterOffsetBegin=17 CharacterOffsetEnd=19 PartOfSpeech=TO] [Text=be CharacterOffsetBegin=20 CharacterOffsetEnd=22 PartOfSpeech=VB] [Text=a CharacterOffsetBegin=23 CharacterOffsetEnd=24 PartOfSpeech=DT] [Text=personal CharacterOffsetBegin=25 CharacterOffsetEnd=33 PartOfSpeech=JJ] [Text=film CharacterOffsetBegin=34 CharacterOffsetEnd=38 PartOfSpeech=NN] [Text=for CharacterOffsetBegin=39 CharacterOffsetEnd=42 PartOfSpeech=IN] [Text=Peter CharacterOffsetBegin=43 CharacterOffsetEnd=48 PartOfSpeech=NNP] [Text=Bogdonavitch CharacterOffsetBegin=49 CharacterOffsetEnd=61 PartOfSpeech=NNP] [Text=. CharacterOffsetBegin=61 CharacterOffsetEnd=62 PartOfSpeech=.] 
root(ROOT-0, said-3)
nsubjpass(said-3, This-1)
auxpass(said-3, is-2)
aux(film-8, to-4)
cop(film-8, be-5)
det(film-8, a-6)
amod(film-8, personal-7)
xcomp(said-3, film-8)
prep(film-8, for-9)
nn(Bogdonavitch-11, Peter-10)
pobj(for-9, Bogdonavitch-11)
punct(said-3, .-12)

Sentence #2 (19 tokens):
He based it on his life but changed things around to fit the characters, who are detectives.
[Text=He CharacterOffsetBegin=67 CharacterOffsetEnd=69 PartOfSpeech=PRP] [Text=based CharacterOffsetBegin=70 CharacterOffsetEnd=75 PartOfSpeech=VBD] [Text=it CharacterOffsetBegin=76 CharacterOffsetEnd=78 PartOfSpeech=PRP] [Text=on CharacterOffsetBegin=79 CharacterOffsetEnd=81 PartOfSpeech=IN] [Text=his CharacterOffsetBegin=82 CharacterOffsetEnd=85 PartOfSpeech=PRP$] [Text=life CharacterOffsetBegin=86 CharacterOffsetEnd=90 PartOfSpeech=NN] [Text=but CharacterOffsetBegin=91 CharacterOffsetEnd=94 PartOfSpeech=CC] [Text=changed CharacterOffsetBegin=95 CharacterOffsetEnd=102 PartOfSpeech=VBD] [Text=things CharacterOffsetBegin=103 CharacterOffsetEnd=109 PartOfSpeech=NNS] [Text=around CharacterOffsetBegin=110 CharacterOffsetEnd=116 PartOfSpeech=IN] [Text=to CharacterOffsetBegin=117 CharacterOffsetEnd=119 PartOfSpeech=TO] [Text=fit CharacterOffsetBegin=120 CharacterOffsetEnd=123 PartOfSpeech=VB] [Text=the CharacterOffsetBegin=124 CharacterOffsetEnd=127 PartOfSpeech=DT] [Text=characters CharacterOffsetBegin=128 CharacterOffsetEnd=138 PartOfSpeech=NNS] [Text=, CharacterOffsetBegin=138 CharacterOffsetEnd=139 PartOfSpeech=,] [Text=who CharacterOffsetBegin=140 CharacterOffsetEnd=143 PartOfSpeech=WP] [Text=are CharacterOffsetBegin=144 CharacterOffsetEnd=147 PartOfSpeech=VBP] [Text=detectives CharacterOffsetBegin=148 CharacterOffsetEnd=158 PartOfSpeech=NNS] [Text=. CharacterOffsetBegin=158 CharacterOffsetEnd=159 PartOfSpeech=.] 
root(ROOT-0, based-2)
nsubj(based-2, He-1)
dobj(based-2, it-3)
prep(based-2, on-4)
poss(life-6, his-5)
pobj(on-4, life-6)
cc(based-2, but-7)
conj(based-2, changed-8)
dobj(changed-8, things-9)
advmod(changed-8, around-10)
aux(fit-12, to-11)
xcomp(changed-8, fit-12)
det(characters-14, the-13)
dobj(fit-12, characters-14)
punct(characters-14, ,-15)
nsubj(detectives-18, who-16)
cop(detectives-18, are-17)
rcmod(characters-14, detectives-18)
punct(based-2, .-19)

Sentence #3 (12 tokens):
These detectives date beautiful models and have no problem getting them.
[Text=These CharacterOffsetBegin=164 CharacterOffsetEnd=169 PartOfSpeech=DT] [Text=detectives CharacterOffsetBegin=170 CharacterOffsetEnd=180 PartOfSpeech=NNS] [Text=date CharacterOffsetBegin=181 CharacterOffsetEnd=185 PartOfSpeech=NN] [Text=beautiful CharacterOffsetBegin=186 CharacterOffsetEnd=195 PartOfSpeech=JJ] [Text=models CharacterOffsetBegin=196 CharacterOffsetEnd=202 PartOfSpeech=NNS] [Text=and CharacterOffsetBegin=203 CharacterOffsetEnd=206 PartOfSpeech=CC] [Text=have CharacterOffsetBegin=207 CharacterOffsetEnd=211 PartOfSpeech=VBP] [Text=no CharacterOffsetBegin=212 CharacterOffsetEnd=214 PartOfSpeech=DT] [Text=problem CharacterOffsetBegin=215 CharacterOffsetEnd=222 PartOfSpeech=NN] [Text=getting CharacterOffsetBegin=223 CharacterOffsetEnd=230 PartOfSpeech=VBG] [Text=them CharacterOffsetBegin=231 CharacterOffsetEnd=235 PartOfSpeech=PRP] [Text=. CharacterOffsetBegin=235 CharacterOffsetEnd=236 PartOfSpeech=.] 
root(ROOT-0, models-5)
det(models-5, These-1)
nn(models-5, detectives-2)
nn(models-5, date-3)
amod(models-5, beautiful-4)
cc(models-5, and-6)
conj(models-5, have-7)
det(problem-9, no-8)
dep(models-5, problem-9)
partmod(problem-9, getting-10)
dobj(getting-10, them-11)
punct(models-5, .-12)

Sentence #4 (15 tokens):
Sounds more like a millionaire playboy filmmaker than a detective, doesn't it?
[Text=Sounds CharacterOffsetBegin=241 CharacterOffsetEnd=247 PartOfSpeech=VBZ] [Text=more CharacterOffsetBegin=248 CharacterOffsetEnd=252 PartOfSpeech=JJR] [Text=like CharacterOffsetBegin=253 CharacterOffsetEnd=257 PartOfSpeech=IN] [Text=a CharacterOffsetBegin=258 CharacterOffsetEnd=259 PartOfSpeech=DT] [Text=millionaire CharacterOffsetBegin=260 CharacterOffsetEnd=271 PartOfSpeech=JJ] [Text=playboy CharacterOffsetBegin=272 CharacterOffsetEnd=279 PartOfSpeech=NN] [Text=filmmaker CharacterOffsetBegin=280 CharacterOffsetEnd=289 PartOfSpeech=NN] [Text=than CharacterOffsetBegin=290 CharacterOffsetEnd=294 PartOfSpeech=IN] [Text=a CharacterOffsetBegin=295 CharacterOffsetEnd=296 PartOfSpeech=DT] [Text=detective CharacterOffsetBegin=297 CharacterOffsetEnd=306 PartOfSpeech=NN] [Text=, CharacterOffsetBegin=306 CharacterOffsetEnd=307 PartOfSpeech=,] [Text=does CharacterOffsetBegin=308 CharacterOffsetEnd=312 PartOfSpeech=VBZ] [Text=n't CharacterOffsetBegin=312 CharacterOffsetEnd=315 PartOfSpeech=RB] [Text=it CharacterOffsetBegin=316 CharacterOffsetEnd=318 PartOfSpeech=PRP] [Text=? CharacterOffsetBegin=318 CharacterOffsetEnd=319 PartOfSpeech=.] 
root(ROOT-0, Sounds-1)
advmod(like-3, more-2)
prep(Sounds-1, like-3)
det(filmmaker-7, a-4)
amod(filmmaker-7, millionaire-5)
nn(filmmaker-7, playboy-6)
pobj(like-3, filmmaker-7)
prep(filmmaker-7, than-8)
det(detective-10, a-9)
pobj(than-8, detective-10)
punct(Sounds-1, ,-11)
dep(,-11, does-12)
neg(it-14, n't-13)
dobj(does-12, it-14)
punct(does-12, ?-15)

Sentence #5 (21 tokens):
This entire movie was written by Peter, and it shows how out of touch with real people he was.
[Text=This CharacterOffsetBegin=324 CharacterOffsetEnd=328 PartOfSpeech=DT] [Text=entire CharacterOffsetBegin=329 CharacterOffsetEnd=335 PartOfSpeech=JJ] [Text=movie CharacterOffsetBegin=336 CharacterOffsetEnd=341 PartOfSpeech=NN] [Text=was CharacterOffsetBegin=342 CharacterOffsetEnd=345 PartOfSpeech=VBD] [Text=written CharacterOffsetBegin=346 CharacterOffsetEnd=353 PartOfSpeech=VBN] [Text=by CharacterOffsetBegin=354 CharacterOffsetEnd=356 PartOfSpeech=IN] [Text=Peter CharacterOffsetBegin=357 CharacterOffsetEnd=362 PartOfSpeech=NNP] [Text=, CharacterOffsetBegin=362 CharacterOffsetEnd=363 PartOfSpeech=,] [Text=and CharacterOffsetBegin=364 CharacterOffsetEnd=367 PartOfSpeech=CC] [Text=it CharacterOffsetBegin=368 CharacterOffsetEnd=370 PartOfSpeech=PRP] [Text=shows CharacterOffsetBegin=371 CharacterOffsetEnd=376 PartOfSpeech=VBZ] [Text=how CharacterOffsetBegin=377 CharacterOffsetEnd=380 PartOfSpeech=WRB] [Text=out CharacterOffsetBegin=381 CharacterOffsetEnd=384 PartOfSpeech=RB] [Text=of CharacterOffsetBegin=385 CharacterOffsetEnd=387 PartOfSpeech=IN] [Text=touch CharacterOffsetBegin=388 CharacterOffsetEnd=393 PartOfSpeech=NN] [Text=with CharacterOffsetBegin=394 CharacterOffsetEnd=398 PartOfSpeech=IN] [Text=real CharacterOffsetBegin=399 CharacterOffsetEnd=403 PartOfSpeech=JJ] [Text=people CharacterOffsetBegin=404 CharacterOffsetEnd=410 PartOfSpeech=NNS] [Text=he CharacterOffsetBegin=411 CharacterOffsetEnd=413 PartOfSpeech=PRP] [Text=was CharacterOffsetBegin=414 CharacterOffsetEnd=417 PartOfSpeech=VBD] [Text=. CharacterOffsetBegin=417 CharacterOffsetEnd=418 PartOfSpeech=.] 
root(ROOT-0, written-5)
det(movie-3, This-1)
amod(movie-3, entire-2)
nsubjpass(written-5, movie-3)
auxpass(written-5, was-4)
prep(written-5, by-6)
pobj(by-6, Peter-7)
punct(written-5, ,-8)
cc(written-5, and-9)
nsubj(shows-11, it-10)
conj(written-5, shows-11)
advmod(out-13, how-12)
advmod(shows-11, out-13)
prep(out-13, of-14)
pobj(of-14, touch-15)
prep(out-13, with-16)
amod(people-18, real-17)
pobj(with-16, people-18)
nsubj(was-20, he-19)
rcmod(people-18, was-20)
punct(written-5, .-21)

Sentence #6 (16 tokens):
You're supposed to write what you know, and he did that, indeed.
[Text=You CharacterOffsetBegin=423 CharacterOffsetEnd=426 PartOfSpeech=PRP] [Text='re CharacterOffsetBegin=426 CharacterOffsetEnd=429 PartOfSpeech=VBP] [Text=supposed CharacterOffsetBegin=430 CharacterOffsetEnd=438 PartOfSpeech=VBN] [Text=to CharacterOffsetBegin=439 CharacterOffsetEnd=441 PartOfSpeech=TO] [Text=write CharacterOffsetBegin=442 CharacterOffsetEnd=447 PartOfSpeech=VB] [Text=what CharacterOffsetBegin=448 CharacterOffsetEnd=452 PartOfSpeech=WP] [Text=you CharacterOffsetBegin=453 CharacterOffsetEnd=456 PartOfSpeech=PRP] [Text=know CharacterOffsetBegin=457 CharacterOffsetEnd=461 PartOfSpeech=VBP] [Text=, CharacterOffsetBegin=461 CharacterOffsetEnd=462 PartOfSpeech=,] [Text=and CharacterOffsetBegin=463 CharacterOffsetEnd=466 PartOfSpeech=CC] [Text=he CharacterOffsetBegin=467 CharacterOffsetEnd=469 PartOfSpeech=PRP] [Text=did CharacterOffsetBegin=470 CharacterOffsetEnd=473 PartOfSpeech=VBD] [Text=that CharacterOffsetBegin=474 CharacterOffsetEnd=478 PartOfSpeech=DT] [Text=, CharacterOffsetBegin=478 CharacterOffsetEnd=479 PartOfSpeech=,] [Text=indeed CharacterOffsetBegin=480 CharacterOffsetEnd=486 PartOfSpeech=RB] [Text=. CharacterOffsetBegin=486 CharacterOffsetEnd=487 PartOfSpeech=.] 
root(ROOT-0, supposed-3)
nsubjpass(supposed-3, You-1)
auxpass(supposed-3, 're-2)
aux(write-5, to-4)
xcomp(supposed-3, write-5)
dobj(know-8, what-6)
nsubj(know-8, you-7)
ccomp(write-5, know-8)
punct(supposed-3, ,-9)
cc(supposed-3, and-10)
nsubj(did-12, he-11)
conj(supposed-3, did-12)
dobj(did-12, that-13)
punct(supposed-3, ,-14)
advmod(supposed-3, indeed-15)
punct(supposed-3, .-16)

Sentence #7 (15 tokens):
And leaves the audience bored and confused, and jealous, for that matter.
[Text=And CharacterOffsetBegin=492 CharacterOffsetEnd=495 PartOfSpeech=CC] [Text=leaves CharacterOffsetBegin=496 CharacterOffsetEnd=502 PartOfSpeech=VBZ] [Text=the CharacterOffsetBegin=503 CharacterOffsetEnd=506 PartOfSpeech=DT] [Text=audience CharacterOffsetBegin=507 CharacterOffsetEnd=515 PartOfSpeech=NN] [Text=bored CharacterOffsetBegin=516 CharacterOffsetEnd=521 PartOfSpeech=VBN] [Text=and CharacterOffsetBegin=522 CharacterOffsetEnd=525 PartOfSpeech=CC] [Text=confused CharacterOffsetBegin=526 CharacterOffsetEnd=534 PartOfSpeech=VBN] [Text=, CharacterOffsetBegin=534 CharacterOffsetEnd=535 PartOfSpeech=,] [Text=and CharacterOffsetBegin=536 CharacterOffsetEnd=539 PartOfSpeech=CC] [Text=jealous CharacterOffsetBegin=540 CharacterOffsetEnd=547 PartOfSpeech=JJ] [Text=, CharacterOffsetBegin=547 CharacterOffsetEnd=548 PartOfSpeech=,] [Text=for CharacterOffsetBegin=549 CharacterOffsetEnd=552 PartOfSpeech=IN] [Text=that CharacterOffsetBegin=553 CharacterOffsetEnd=557 PartOfSpeech=DT] [Text=matter CharacterOffsetBegin=558 CharacterOffsetEnd=564 PartOfSpeech=NN] [Text=. CharacterOffsetBegin=564 CharacterOffsetEnd=565 PartOfSpeech=.] 
root(ROOT-0, leaves-2)
cc(leaves-2, And-1)
det(audience-4, the-3)
nsubj(bored-5, audience-4)
dep(leaves-2, bored-5)
cc(bored-5, and-6)
conj(bored-5, confused-7)
punct(bored-5, ,-8)
cc(bored-5, and-9)
conj(bored-5, jealous-10)
punct(leaves-2, ,-11)
prep(leaves-2, for-12)
det(matter-14, that-13)
pobj(for-12, matter-14)
punct(leaves-2, .-15)

Sentence #8 (20 tokens):
This is a curio for people who want to see Dorothy Stratten, who was murdered right after filming.
[Text=This CharacterOffsetBegin=570 CharacterOffsetEnd=574 PartOfSpeech=DT] [Text=is CharacterOffsetBegin=575 CharacterOffsetEnd=577 PartOfSpeech=VBZ] [Text=a CharacterOffsetBegin=578 CharacterOffsetEnd=579 PartOfSpeech=DT] [Text=curio CharacterOffsetBegin=580 CharacterOffsetEnd=585 PartOfSpeech=NN] [Text=for CharacterOffsetBegin=586 CharacterOffsetEnd=589 PartOfSpeech=IN] [Text=people CharacterOffsetBegin=590 CharacterOffsetEnd=596 PartOfSpeech=NNS] [Text=who CharacterOffsetBegin=597 CharacterOffsetEnd=600 PartOfSpeech=WP] [Text=want CharacterOffsetBegin=601 CharacterOffsetEnd=605 PartOfSpeech=VBP] [Text=to CharacterOffsetBegin=606 CharacterOffsetEnd=608 PartOfSpeech=TO] [Text=see CharacterOffsetBegin=609 CharacterOffsetEnd=612 PartOfSpeech=VB] [Text=Dorothy CharacterOffsetBegin=613 CharacterOffsetEnd=620 PartOfSpeech=NNP] [Text=Stratten CharacterOffsetBegin=621 CharacterOffsetEnd=629 PartOfSpeech=NNP] [Text=, CharacterOffsetBegin=629 CharacterOffsetEnd=630 PartOfSpeech=,] [Text=who CharacterOffsetBegin=631 CharacterOffsetEnd=634 PartOfSpeech=WP] [Text=was CharacterOffsetBegin=635 CharacterOffsetEnd=638 PartOfSpeech=VBD] [Text=murdered CharacterOffsetBegin=639 CharacterOffsetEnd=647 PartOfSpeech=VBN] [Text=right CharacterOffsetBegin=648 CharacterOffsetEnd=653 PartOfSpeech=RB] [Text=after CharacterOffsetBegin=654 CharacterOffsetEnd=659 PartOfSpeech=IN] [Text=filming CharacterOffsetBegin=660 CharacterOffsetEnd=667 PartOfSpeech=VBG] [Text=. CharacterOffsetBegin=667 CharacterOffsetEnd=668 PartOfSpeech=.] 
root(ROOT-0, curio-4)
nsubj(curio-4, This-1)
cop(curio-4, is-2)
det(curio-4, a-3)
prep(curio-4, for-5)
pobj(for-5, people-6)
nsubj(want-8, who-7)
rcmod(people-6, want-8)
aux(see-10, to-9)
xcomp(want-8, see-10)
nn(Stratten-12, Dorothy-11)
dobj(see-10, Stratten-12)
punct(Stratten-12, ,-13)
nsubjpass(murdered-16, who-14)
auxpass(murdered-16, was-15)
rcmod(Stratten-12, murdered-16)
advmod(after-18, right-17)
prep(murdered-16, after-18)
pobj(after-18, filming-19)
punct(curio-4, .-20)

Sentence #9 (35 tokens):
But Patti Hanson, who would, in real life, marry Keith Richards, was also a model, like Stratten, but is a lot better and has a more ample part.
[Text=But CharacterOffsetBegin=673 CharacterOffsetEnd=676 PartOfSpeech=CC] [Text=Patti CharacterOffsetBegin=677 CharacterOffsetEnd=682 PartOfSpeech=NNP] [Text=Hanson CharacterOffsetBegin=683 CharacterOffsetEnd=689 PartOfSpeech=NNP] [Text=, CharacterOffsetBegin=689 CharacterOffsetEnd=690 PartOfSpeech=,] [Text=who CharacterOffsetBegin=691 CharacterOffsetEnd=694 PartOfSpeech=WP] [Text=would CharacterOffsetBegin=695 CharacterOffsetEnd=700 PartOfSpeech=MD] [Text=, CharacterOffsetBegin=700 CharacterOffsetEnd=701 PartOfSpeech=,] [Text=in CharacterOffsetBegin=702 CharacterOffsetEnd=704 PartOfSpeech=IN] [Text=real CharacterOffsetBegin=705 CharacterOffsetEnd=709 PartOfSpeech=JJ] [Text=life CharacterOffsetBegin=710 CharacterOffsetEnd=714 PartOfSpeech=NN] [Text=, CharacterOffsetBegin=714 CharacterOffsetEnd=715 PartOfSpeech=,] [Text=marry CharacterOffsetBegin=716 CharacterOffsetEnd=721 PartOfSpeech=VB] [Text=Keith CharacterOffsetBegin=722 CharacterOffsetEnd=727 PartOfSpeech=NNP] [Text=Richards CharacterOffsetBegin=728 CharacterOffsetEnd=736 PartOfSpeech=NNP] [Text=, CharacterOffsetBegin=736 CharacterOffsetEnd=737 PartOfSpeech=,] [Text=was CharacterOffsetBegin=738 CharacterOffsetEnd=741 PartOfSpeech=VBD] [Text=also CharacterOffsetBegin=742 CharacterOffsetEnd=746 PartOfSpeech=RB] [Text=a CharacterOffsetBegin=747 CharacterOffsetEnd=748 PartOfSpeech=DT] [Text=model CharacterOffsetBegin=749 CharacterOffsetEnd=754 PartOfSpeech=NN] [Text=, CharacterOffsetBegin=754 CharacterOffsetEnd=755 PartOfSpeech=,] [Text=like CharacterOffsetBegin=756 CharacterOffsetEnd=760 PartOfSpeech=IN] [Text=Stratten CharacterOffsetBegin=761 CharacterOffsetEnd=769 PartOfSpeech=NNP] [Text=, CharacterOffsetBegin=769 CharacterOffsetEnd=770 PartOfSpeech=,] [Text=but CharacterOffsetBegin=771 CharacterOffsetEnd=774 PartOfSpeech=CC] [Text=is CharacterOffsetBegin=775 CharacterOffsetEnd=777 PartOfSpeech=VBZ] [Text=a CharacterOffsetBegin=778 CharacterOffsetEnd=779 PartOfSpeech=DT] [Text=lot CharacterOffsetBegin=780 CharacterOffsetEnd=783 PartOfSpeech=NN] [Text=better CharacterOffsetBegin=784 CharacterOffsetEnd=790 PartOfSpeech=JJR] [Text=and CharacterOffsetBegin=791 CharacterOffsetEnd=794 PartOfSpeech=CC] [Text=has CharacterOffsetBegin=795 CharacterOffsetEnd=798 PartOfSpeech=VBZ] [Text=a CharacterOffsetBegin=799 CharacterOffsetEnd=800 PartOfSpeech=DT] [Text=more CharacterOffsetBegin=801 CharacterOffsetEnd=805 PartOfSpeech=RBR] [Text=ample CharacterOffsetBegin=806 CharacterOffsetEnd=811 PartOfSpeech=JJ] [Text=part CharacterOffsetBegin=812 CharacterOffsetEnd=816 PartOfSpeech=NN] [Text=. CharacterOffsetBegin=816 CharacterOffsetEnd=817 PartOfSpeech=.] 
root(ROOT-0, model-19)
cc(model-19, But-1)
nn(Hanson-3, Patti-2)
nsubj(model-19, Hanson-3)
punct(Hanson-3, ,-4)
nsubj(marry-12, who-5)
aux(marry-12, would-6)
punct(marry-12, ,-7)
prep(marry-12, in-8)
amod(life-10, real-9)
pobj(in-8, life-10)
punct(marry-12, ,-11)
rcmod(Hanson-3, marry-12)
nn(Richards-14, Keith-13)
dobj(marry-12, Richards-14)
punct(Hanson-3, ,-15)
cop(model-19, was-16)
advmod(model-19, also-17)
det(model-19, a-18)
punct(model-19, ,-20)
prep(model-19, like-21)
pobj(like-21, Stratten-22)
punct(model-19, ,-23)
cc(model-19, but-24)
cop(lot-27, is-25)
det(lot-27, a-26)
npadvmod(better-28, lot-27)
conj(model-19, better-28)
cc(model-19, and-29)
conj(model-19, has-30)
det(part-34, a-31)
advmod(ample-33, more-32)
amod(part-34, ample-33)
dobj(has-30, part-34)
punct(model-19, .-35)

Sentence #10 (11 tokens):
In fact, Stratten's part seemed forced; added.
[Text=In CharacterOffsetBegin=822 CharacterOffsetEnd=824 PartOfSpeech=IN] [Text=fact CharacterOffsetBegin=825 CharacterOffsetEnd=829 PartOfSpeech=NN] [Text=, CharacterOffsetBegin=829 CharacterOffsetEnd=830 PartOfSpeech=,] [Text=Stratten CharacterOffsetBegin=831 CharacterOffsetEnd=839 PartOfSpeech=NNP] [Text='s CharacterOffsetBegin=839 CharacterOffsetEnd=841 PartOfSpeech=POS] [Text=part CharacterOffsetBegin=842 CharacterOffsetEnd=846 PartOfSpeech=NN] [Text=seemed CharacterOffsetBegin=847 CharacterOffsetEnd=853 PartOfSpeech=VBD] [Text=forced CharacterOffsetBegin=854 CharacterOffsetEnd=860 PartOfSpeech=VBN] [Text=; CharacterOffsetBegin=860 CharacterOffsetEnd=861 PartOfSpeech=:] [Text=added CharacterOffsetBegin=862 CharacterOffsetEnd=867 PartOfSpeech=VBN] [Text=. CharacterOffsetBegin=867 CharacterOffsetEnd=868 PartOfSpeech=.] 
root(ROOT-0, forced-8)
prep(forced-8, In-1)
pobj(In-1, fact-2)
punct(forced-8, ,-3)
poss(part-6, Stratten-4)
possessive(Stratten-4, 's-5)
nsubjpass(forced-8, part-6)
auxpass(forced-8, seemed-7)
punct(forced-8, ;-9)
parataxis(forced-8, added-10)
punct(forced-8, .-11)

Sentence #11 (20 tokens):
She doesn't have a lot to do with the story, which is pretty convoluted to begin with.
[Text=She CharacterOffsetBegin=873 CharacterOffsetEnd=876 PartOfSpeech=PRP] [Text=does CharacterOffsetBegin=877 CharacterOffsetEnd=881 PartOfSpeech=VBZ] [Text=n't CharacterOffsetBegin=881 CharacterOffsetEnd=884 PartOfSpeech=RB] [Text=have CharacterOffsetBegin=885 CharacterOffsetEnd=889 PartOfSpeech=VB] [Text=a CharacterOffsetBegin=890 CharacterOffsetEnd=891 PartOfSpeech=DT] [Text=lot CharacterOffsetBegin=892 CharacterOffsetEnd=895 PartOfSpeech=NN] [Text=to CharacterOffsetBegin=896 CharacterOffsetEnd=898 PartOfSpeech=TO] [Text=do CharacterOffsetBegin=899 CharacterOffsetEnd=901 PartOfSpeech=VB] [Text=with CharacterOffsetBegin=902 CharacterOffsetEnd=906 PartOfSpeech=IN] [Text=the CharacterOffsetBegin=907 CharacterOffsetEnd=910 PartOfSpeech=DT] [Text=story CharacterOffsetBegin=911 CharacterOffsetEnd=916 PartOfSpeech=NN] [Text=, CharacterOffsetBegin=916 CharacterOffsetEnd=917 PartOfSpeech=,] [Text=which CharacterOffsetBegin=918 CharacterOffsetEnd=923 PartOfSpeech=WDT] [Text=is CharacterOffsetBegin=924 CharacterOffsetEnd=926 PartOfSpeech=VBZ] [Text=pretty CharacterOffsetBegin=927 CharacterOffsetEnd=933 PartOfSpeech=RB] [Text=convoluted CharacterOffsetBegin=934 CharacterOffsetEnd=944 PartOfSpeech=JJ] [Text=to CharacterOffsetBegin=945 CharacterOffsetEnd=947 PartOfSpeech=TO] [Text=begin CharacterOffsetBegin=948 CharacterOffsetEnd=953 PartOfSpeech=VB] [Text=with CharacterOffsetBegin=954 CharacterOffsetEnd=958 PartOfSpeech=IN] [Text=. CharacterOffsetBegin=958 CharacterOffsetEnd=959 PartOfSpeech=.] 
root(ROOT-0, have-4)
nsubj(have-4, She-1)
aux(have-4, does-2)
neg(have-4, n't-3)
det(lot-6, a-5)
dobj(have-4, lot-6)
aux(do-8, to-7)
infmod(lot-6, do-8)
prep(do-8, with-9)
det(story-11, the-10)
pobj(with-9, story-11)
punct(story-11, ,-12)
nsubj(convoluted-16, which-13)
cop(convoluted-16, is-14)
advmod(convoluted-16, pretty-15)
rcmod(story-11, convoluted-16)
aux(begin-18, to-17)
xcomp(convoluted-16, begin-18)
prep(begin-18, with-19)
punct(have-4, .-20)

Sentence #12 (33 tokens):
All in all, every character in this film is somebody that very few people can relate with, unless you're millionaire from Manhattan with beautiful supermodels at your beckon call.
[Text=All CharacterOffsetBegin=964 CharacterOffsetEnd=967 PartOfSpeech=DT] [Text=in CharacterOffsetBegin=968 CharacterOffsetEnd=970 PartOfSpeech=IN] [Text=all CharacterOffsetBegin=971 CharacterOffsetEnd=974 PartOfSpeech=DT] [Text=, CharacterOffsetBegin=974 CharacterOffsetEnd=975 PartOfSpeech=,] [Text=every CharacterOffsetBegin=976 CharacterOffsetEnd=981 PartOfSpeech=DT] [Text=character CharacterOffsetBegin=982 CharacterOffsetEnd=991 PartOfSpeech=NN] [Text=in CharacterOffsetBegin=992 CharacterOffsetEnd=994 PartOfSpeech=IN] [Text=this CharacterOffsetBegin=995 CharacterOffsetEnd=999 PartOfSpeech=DT] [Text=film CharacterOffsetBegin=1000 CharacterOffsetEnd=1004 PartOfSpeech=NN] [Text=is CharacterOffsetBegin=1005 CharacterOffsetEnd=1007 PartOfSpeech=VBZ] [Text=somebody CharacterOffsetBegin=1008 CharacterOffsetEnd=1016 PartOfSpeech=NN] [Text=that CharacterOffsetBegin=1017 CharacterOffsetEnd=1021 PartOfSpeech=WDT] [Text=very CharacterOffsetBegin=1022 CharacterOffsetEnd=1026 PartOfSpeech=RB] [Text=few CharacterOffsetBegin=1027 CharacterOffsetEnd=1030 PartOfSpeech=JJ] [Text=people CharacterOffsetBegin=1031 CharacterOffsetEnd=1037 PartOfSpeech=NNS] [Text=can CharacterOffsetBegin=1038 CharacterOffsetEnd=1041 PartOfSpeech=MD] [Text=relate CharacterOffsetBegin=1042 CharacterOffsetEnd=1048 PartOfSpeech=VB] [Text=with CharacterOffsetBegin=1049 CharacterOffsetEnd=1053 PartOfSpeech=IN] [Text=, CharacterOffsetBegin=1053 CharacterOffsetEnd=1054 PartOfSpeech=,] [Text=unless CharacterOffsetBegin=1055 CharacterOffsetEnd=1061 PartOfSpeech=IN] [Text=you CharacterOffsetBegin=1062 CharacterOffsetEnd=1065 PartOfSpeech=PRP] [Text='re CharacterOffsetBegin=1065 CharacterOffsetEnd=1068 PartOfSpeech=VBP] [Text=millionaire CharacterOffsetBegin=1069 CharacterOffsetEnd=1080 PartOfSpeech=JJ] [Text=from CharacterOffsetBegin=1081 CharacterOffsetEnd=1085 PartOfSpeech=IN] [Text=Manhattan CharacterOffsetBegin=1086 CharacterOffsetEnd=1095 PartOfSpeech=NNP] [Text=with CharacterOffsetBegin=1096 CharacterOffsetEnd=1100 PartOfSpeech=IN] [Text=beautiful CharacterOffsetBegin=1101 CharacterOffsetEnd=1110 PartOfSpeech=JJ] [Text=supermodels CharacterOffsetBegin=1111 CharacterOffsetEnd=1122 PartOfSpeech=NNS] [Text=at CharacterOffsetBegin=1123 CharacterOffsetEnd=1125 PartOfSpeech=IN] [Text=your CharacterOffsetBegin=1126 CharacterOffsetEnd=1130 PartOfSpeech=PRP$] [Text=beckon CharacterOffsetBegin=1131 CharacterOffsetEnd=1137 PartOfSpeech=NN] [Text=call CharacterOffsetBegin=1138 CharacterOffsetEnd=1142 PartOfSpeech=NN] [Text=. CharacterOffsetBegin=1142 CharacterOffsetEnd=1143 PartOfSpeech=.] 
root(ROOT-0, somebody-11)
dep(somebody-11, All-1)
prep(All-1, in-2)
pobj(in-2, all-3)
punct(somebody-11, ,-4)
det(character-6, every-5)
nsubj(somebody-11, character-6)
prep(character-6, in-7)
det(film-9, this-8)
pobj(in-7, film-9)
cop(somebody-11, is-10)
dobj(relate-17, that-12)
advmod(few-14, very-13)
amod(people-15, few-14)
nsubj(relate-17, people-15)
aux(relate-17, can-16)
rcmod(somebody-11, relate-17)
prep(relate-17, with-18)
punct(somebody-11, ,-19)
mark(millionaire-23, unless-20)
nsubj(millionaire-23, you-21)
cop(millionaire-23, 're-22)
advcl(somebody-11, millionaire-23)
prep(millionaire-23, from-24)
pobj(from-24, Manhattan-25)
prep(millionaire-23, with-26)
amod(supermodels-28, beautiful-27)
pobj(with-26, supermodels-28)
prep(supermodels-28, at-29)
poss(call-32, your-30)
nn(call-32, beckon-31)
pobj(at-29, call-32)
punct(somebody-11, .-33)

Sentence #13 (13 tokens):
For the rest of us, it's an irritating snore fest.
[Text=For CharacterOffsetBegin=1148 CharacterOffsetEnd=1151 PartOfSpeech=IN] [Text=the CharacterOffsetBegin=1152 CharacterOffsetEnd=1155 PartOfSpeech=DT] [Text=rest CharacterOffsetBegin=1156 CharacterOffsetEnd=1160 PartOfSpeech=NN] [Text=of CharacterOffsetBegin=1161 CharacterOffsetEnd=1163 PartOfSpeech=IN] [Text=us CharacterOffsetBegin=1164 CharacterOffsetEnd=1166 PartOfSpeech=PRP] [Text=, CharacterOffsetBegin=1166 CharacterOffsetEnd=1167 PartOfSpeech=,] [Text=it CharacterOffsetBegin=1168 CharacterOffsetEnd=1170 PartOfSpeech=PRP] [Text='s CharacterOffsetBegin=1170 CharacterOffsetEnd=1172 PartOfSpeech=VBZ] [Text=an CharacterOffsetBegin=1173 CharacterOffsetEnd=1175 PartOfSpeech=DT] [Text=irritating CharacterOffsetBegin=1176 CharacterOffsetEnd=1186 PartOfSpeech=JJ] [Text=snore CharacterOffsetBegin=1187 CharacterOffsetEnd=1192 PartOfSpeech=VBP] [Text=fest CharacterOffsetBegin=1193 CharacterOffsetEnd=1197 PartOfSpeech=JJS] [Text=. CharacterOffsetBegin=1197 CharacterOffsetEnd=1198 PartOfSpeech=.] 
root(ROOT-0, For-1)
det(rest-3, the-2)
pobj(For-1, rest-3)
prep(rest-3, of-4)
pobj(of-4, us-5)
punct(For-1, ,-6)
nsubj(,-6, it-7)
dep(it-7, 's-8)
nsubj('s-8, an-9)
amod(an-9, irritating-10)
dep(irritating-10, snore-11)
dep(snore-11, fest-12)
punct(it-7, .-13)

Sentence #14 (11 tokens):
That's what happens when you're out of touch.
[Text=That CharacterOffsetBegin=1203 CharacterOffsetEnd=1207 PartOfSpeech=DT] [Text='s CharacterOffsetBegin=1207 CharacterOffsetEnd=1209 PartOfSpeech=VBZ] [Text=what CharacterOffsetBegin=1210 CharacterOffsetEnd=1214 PartOfSpeech=WP] [Text=happens CharacterOffsetBegin=1215 CharacterOffsetEnd=1222 PartOfSpeech=VBZ] [Text=when CharacterOffsetBegin=1223 CharacterOffsetEnd=1227 PartOfSpeech=WRB] [Text=you CharacterOffsetBegin=1228 CharacterOffsetEnd=1231 PartOfSpeech=PRP] [Text='re CharacterOffsetBegin=1231 CharacterOffsetEnd=1234 PartOfSpeech=VBP] [Text=out CharacterOffsetBegin=1235 CharacterOffsetEnd=1238 PartOfSpeech=IN] [Text=of CharacterOffsetBegin=1239 CharacterOffsetEnd=1241 PartOfSpeech=IN] [Text=touch CharacterOffsetBegin=1242 CharacterOffsetEnd=1247 PartOfSpeech=NN] [Text=. CharacterOffsetBegin=1247 CharacterOffsetEnd=1248 PartOfSpeech=.] 
root(ROOT-0, 's-2)
nsubj('s-2, That-1)
nsubj(happens-4, what-3)
ccomp('s-2, happens-4)
advmod('re-7, when-5)
nsubj('re-7, you-6)
advcl(happens-4, 're-7)
prep('re-7, out-8)
pcomp(out-8, of-9)
pobj(of-9, touch-10)
punct('s-2, .-11)

Sentence #15 (15 tokens):
You entertain your few friends with inside jokes, and bore all the rest.
[Text=You CharacterOffsetBegin=1253 CharacterOffsetEnd=1256 PartOfSpeech=PRP] [Text=entertain CharacterOffsetBegin=1257 CharacterOffsetEnd=1266 PartOfSpeech=VBP] [Text=your CharacterOffsetBegin=1267 CharacterOffsetEnd=1271 PartOfSpeech=PRP$] [Text=few CharacterOffsetBegin=1272 CharacterOffsetEnd=1275 PartOfSpeech=JJ] [Text=friends CharacterOffsetBegin=1276 CharacterOffsetEnd=1283 PartOfSpeech=NNS] [Text=with CharacterOffsetBegin=1284 CharacterOffsetEnd=1288 PartOfSpeech=IN] [Text=inside CharacterOffsetBegin=1289 CharacterOffsetEnd=1295 PartOfSpeech=JJ] [Text=jokes CharacterOffsetBegin=1296 CharacterOffsetEnd=1301 PartOfSpeech=NNS] [Text=, CharacterOffsetBegin=1301 CharacterOffsetEnd=1302 PartOfSpeech=,] [Text=and CharacterOffsetBegin=1303 CharacterOffsetEnd=1306 PartOfSpeech=CC] [Text=bore CharacterOffsetBegin=1307 CharacterOffsetEnd=1311 PartOfSpeech=VBD] [Text=all CharacterOffsetBegin=1312 CharacterOffsetEnd=1315 PartOfSpeech=PDT] [Text=the CharacterOffsetBegin=1316 CharacterOffsetEnd=1319 PartOfSpeech=DT] [Text=rest CharacterOffsetBegin=1320 CharacterOffsetEnd=1324 PartOfSpeech=NN] [Text=. CharacterOffsetBegin=1324 CharacterOffsetEnd=1325 PartOfSpeech=.] 
root(ROOT-0, entertain-2)
nsubj(entertain-2, You-1)
poss(friends-5, your-3)
amod(friends-5, few-4)
dobj(entertain-2, friends-5)
prep(entertain-2, with-6)
amod(jokes-8, inside-7)
pobj(with-6, jokes-8)
punct(entertain-2, ,-9)
cc(entertain-2, and-10)
conj(entertain-2, bore-11)
predet(rest-14, all-12)
det(rest-14, the-13)
dobj(bore-11, rest-14)
punct(entertain-2, .-15)

