Sentence #1 (28 tokens):
The story of the film was as simple minded as its morality: Go find a girl, marry her, live with her happily ever after.
[Text=The CharacterOffsetBegin=4 CharacterOffsetEnd=7 PartOfSpeech=DT] [Text=story CharacterOffsetBegin=8 CharacterOffsetEnd=13 PartOfSpeech=NN] [Text=of CharacterOffsetBegin=14 CharacterOffsetEnd=16 PartOfSpeech=IN] [Text=the CharacterOffsetBegin=17 CharacterOffsetEnd=20 PartOfSpeech=DT] [Text=film CharacterOffsetBegin=21 CharacterOffsetEnd=25 PartOfSpeech=NN] [Text=was CharacterOffsetBegin=26 CharacterOffsetEnd=29 PartOfSpeech=VBD] [Text=as CharacterOffsetBegin=30 CharacterOffsetEnd=32 PartOfSpeech=RB] [Text=simple CharacterOffsetBegin=33 CharacterOffsetEnd=39 PartOfSpeech=JJ] [Text=minded CharacterOffsetBegin=40 CharacterOffsetEnd=46 PartOfSpeech=VBN] [Text=as CharacterOffsetBegin=47 CharacterOffsetEnd=49 PartOfSpeech=IN] [Text=its CharacterOffsetBegin=50 CharacterOffsetEnd=53 PartOfSpeech=PRP$] [Text=morality CharacterOffsetBegin=54 CharacterOffsetEnd=62 PartOfSpeech=NN] [Text=: CharacterOffsetBegin=62 CharacterOffsetEnd=63 PartOfSpeech=:] [Text=Go CharacterOffsetBegin=64 CharacterOffsetEnd=66 PartOfSpeech=VB] [Text=find CharacterOffsetBegin=67 CharacterOffsetEnd=71 PartOfSpeech=VB] [Text=a CharacterOffsetBegin=72 CharacterOffsetEnd=73 PartOfSpeech=DT] [Text=girl CharacterOffsetBegin=74 CharacterOffsetEnd=78 PartOfSpeech=NN] [Text=, CharacterOffsetBegin=78 CharacterOffsetEnd=79 PartOfSpeech=,] [Text=marry CharacterOffsetBegin=80 CharacterOffsetEnd=85 PartOfSpeech=VB] [Text=her CharacterOffsetBegin=86 CharacterOffsetEnd=89 PartOfSpeech=PRP] [Text=, CharacterOffsetBegin=89 CharacterOffsetEnd=90 PartOfSpeech=,] [Text=live CharacterOffsetBegin=91 CharacterOffsetEnd=95 PartOfSpeech=VB] [Text=with CharacterOffsetBegin=96 CharacterOffsetEnd=100 PartOfSpeech=IN] [Text=her CharacterOffsetBegin=101 CharacterOffsetEnd=104 PartOfSpeech=PRP$] [Text=happily CharacterOffsetBegin=105 CharacterOffsetEnd=112 PartOfSpeech=RB] [Text=ever CharacterOffsetBegin=113 CharacterOffsetEnd=117 PartOfSpeech=RB] [Text=after CharacterOffsetBegin=118 CharacterOffsetEnd=123 PartOfSpeech=IN] [Text=. CharacterOffsetBegin=123 CharacterOffsetEnd=124 PartOfSpeech=.] 
root(ROOT-0, Go-14)
det(story-2, The-1)
nsubj(Go-14, story-2)
prep(story-2, of-3)
det(film-5, the-4)
pobj(of-3, film-5)
dep(Go-14, was-6)
advmod(simple-8, as-7)
advmod(was-6, simple-8)
dep(simple-8, minded-9)
prep(minded-9, as-10)
poss(morality-12, its-11)
pobj(as-10, morality-12)
punct(Go-14, :-13)
dep(Go-14, find-15)
det(girl-17, a-16)
dobj(find-15, girl-17)
punct(Go-14, ,-18)
dep(Go-14, marry-19)
dep(marry-19, her-20)
punct(Go-14, ,-21)
dep(Go-14, live-22)
prep(live-22, with-23)
poss(happily-25, her-24)
pobj(with-23, happily-25)
advmod(after-27, ever-26)
dep(happily-25, after-27)
punct(Go-14, .-28)

Sentence #2 (44 tokens):
Though the film had some fine moments and turns, most of it stayed at the surface of what might have been shown in a film with the same storyline.The Baptist/Mormon struggle was only touched superficially and was mocked about, probably intentionally.
[Text=Though CharacterOffsetBegin=129 CharacterOffsetEnd=135 PartOfSpeech=IN] [Text=the CharacterOffsetBegin=136 CharacterOffsetEnd=139 PartOfSpeech=DT] [Text=film CharacterOffsetBegin=140 CharacterOffsetEnd=144 PartOfSpeech=NN] [Text=had CharacterOffsetBegin=145 CharacterOffsetEnd=148 PartOfSpeech=VBD] [Text=some CharacterOffsetBegin=149 CharacterOffsetEnd=153 PartOfSpeech=DT] [Text=fine CharacterOffsetBegin=154 CharacterOffsetEnd=158 PartOfSpeech=JJ] [Text=moments CharacterOffsetBegin=159 CharacterOffsetEnd=166 PartOfSpeech=NNS] [Text=and CharacterOffsetBegin=167 CharacterOffsetEnd=170 PartOfSpeech=CC] [Text=turns CharacterOffsetBegin=171 CharacterOffsetEnd=176 PartOfSpeech=VBZ] [Text=, CharacterOffsetBegin=176 CharacterOffsetEnd=177 PartOfSpeech=,] [Text=most CharacterOffsetBegin=178 CharacterOffsetEnd=182 PartOfSpeech=JJS] [Text=of CharacterOffsetBegin=183 CharacterOffsetEnd=185 PartOfSpeech=IN] [Text=it CharacterOffsetBegin=186 CharacterOffsetEnd=188 PartOfSpeech=PRP] [Text=stayed CharacterOffsetBegin=189 CharacterOffsetEnd=195 PartOfSpeech=VBD] [Text=at CharacterOffsetBegin=196 CharacterOffsetEnd=198 PartOfSpeech=IN] [Text=the CharacterOffsetBegin=199 CharacterOffsetEnd=202 PartOfSpeech=DT] [Text=surface CharacterOffsetBegin=203 CharacterOffsetEnd=210 PartOfSpeech=NN] [Text=of CharacterOffsetBegin=211 CharacterOffsetEnd=213 PartOfSpeech=IN] [Text=what CharacterOffsetBegin=214 CharacterOffsetEnd=218 PartOfSpeech=WP] [Text=might CharacterOffsetBegin=219 CharacterOffsetEnd=224 PartOfSpeech=MD] [Text=have CharacterOffsetBegin=225 CharacterOffsetEnd=229 PartOfSpeech=VB] [Text=been CharacterOffsetBegin=230 CharacterOffsetEnd=234 PartOfSpeech=VBN] [Text=shown CharacterOffsetBegin=235 CharacterOffsetEnd=240 PartOfSpeech=VBN] [Text=in CharacterOffsetBegin=241 CharacterOffsetEnd=243 PartOfSpeech=IN] [Text=a CharacterOffsetBegin=244 CharacterOffsetEnd=245 PartOfSpeech=DT] [Text=film CharacterOffsetBegin=246 CharacterOffsetEnd=250 PartOfSpeech=NN] [Text=with CharacterOffsetBegin=251 CharacterOffsetEnd=255 PartOfSpeech=IN] [Text=the CharacterOffsetBegin=256 CharacterOffsetEnd=259 PartOfSpeech=DT] [Text=same CharacterOffsetBegin=260 CharacterOffsetEnd=264 PartOfSpeech=JJ] [Text=storyline.The CharacterOffsetBegin=265 CharacterOffsetEnd=278 PartOfSpeech=NN] [Text=Baptist/Mormon CharacterOffsetBegin=279 CharacterOffsetEnd=293 PartOfSpeech=NN] [Text=struggle CharacterOffsetBegin=294 CharacterOffsetEnd=302 PartOfSpeech=NN] [Text=was CharacterOffsetBegin=303 CharacterOffsetEnd=306 PartOfSpeech=VBD] [Text=only CharacterOffsetBegin=307 CharacterOffsetEnd=311 PartOfSpeech=RB] [Text=touched CharacterOffsetBegin=312 CharacterOffsetEnd=319 PartOfSpeech=VBN] [Text=superficially CharacterOffsetBegin=320 CharacterOffsetEnd=333 PartOfSpeech=RB] [Text=and CharacterOffsetBegin=334 CharacterOffsetEnd=337 PartOfSpeech=CC] [Text=was CharacterOffsetBegin=338 CharacterOffsetEnd=341 PartOfSpeech=VBD] [Text=mocked CharacterOffsetBegin=342 CharacterOffsetEnd=348 PartOfSpeech=VBN] [Text=about CharacterOffsetBegin=349 CharacterOffsetEnd=354 PartOfSpeech=RB] [Text=, CharacterOffsetBegin=354 CharacterOffsetEnd=355 PartOfSpeech=,] [Text=probably CharacterOffsetBegin=356 CharacterOffsetEnd=364 PartOfSpeech=RB] [Text=intentionally CharacterOffsetBegin=365 CharacterOffsetEnd=378 PartOfSpeech=RB] [Text=. CharacterOffsetBegin=378 CharacterOffsetEnd=379 PartOfSpeech=.] 
root(ROOT-0, touched-35)
mark(had-4, Though-1)
det(film-3, the-2)
nsubj(had-4, film-3)
advcl(stayed-14, had-4)
det(moments-7, some-5)
amod(moments-7, fine-6)
dobj(had-4, moments-7)
cc(had-4, and-8)
conj(had-4, turns-9)
punct(stayed-14, ,-10)
nsubj(stayed-14, most-11)
prep(most-11, of-12)
pobj(of-12, it-13)
csubjpass(touched-35, stayed-14)
prep(stayed-14, at-15)
det(surface-17, the-16)
pobj(at-15, surface-17)
prep(surface-17, of-18)
nsubjpass(shown-23, what-19)
aux(shown-23, might-20)
aux(shown-23, have-21)
auxpass(shown-23, been-22)
pcomp(of-18, shown-23)
prep(shown-23, in-24)
det(film-26, a-25)
pobj(in-24, film-26)
prep(film-26, with-27)
det(struggle-32, the-28)
amod(struggle-32, same-29)
amod(struggle-32, storyline.The-30)
nn(struggle-32, Baptist/Mormon-31)
pobj(with-27, struggle-32)
auxpass(touched-35, was-33)
advmod(touched-35, only-34)
advmod(touched-35, superficially-36)
cc(touched-35, and-37)
cop(mocked-39, was-38)
conj(touched-35, mocked-39)
advmod(mocked-39, about-40)
punct(touched-35, ,-41)
advmod(intentionally-43, probably-42)
advmod(touched-35, intentionally-43)
punct(touched-35, .-44)

Sentence #3 (58 tokens):
A more interesting story would have been a mixed couple.If you wanna see a film which doesn't need too much concentration, which can be watched by the whole family and which teaches your children modest and conservative values (besides the modern tolerance stuff ;-) ), you will be fine with this film.
[Text=A CharacterOffsetBegin=384 CharacterOffsetEnd=385 PartOfSpeech=DT] [Text=more CharacterOffsetBegin=386 CharacterOffsetEnd=390 PartOfSpeech=JJR] [Text=interesting CharacterOffsetBegin=391 CharacterOffsetEnd=402 PartOfSpeech=JJ] [Text=story CharacterOffsetBegin=403 CharacterOffsetEnd=408 PartOfSpeech=NN] [Text=would CharacterOffsetBegin=409 CharacterOffsetEnd=414 PartOfSpeech=MD] [Text=have CharacterOffsetBegin=415 CharacterOffsetEnd=419 PartOfSpeech=VB] [Text=been CharacterOffsetBegin=420 CharacterOffsetEnd=424 PartOfSpeech=VBN] [Text=a CharacterOffsetBegin=425 CharacterOffsetEnd=426 PartOfSpeech=DT] [Text=mixed CharacterOffsetBegin=427 CharacterOffsetEnd=432 PartOfSpeech=JJ] [Text=couple.If CharacterOffsetBegin=433 CharacterOffsetEnd=442 PartOfSpeech=NN] [Text=you CharacterOffsetBegin=443 CharacterOffsetEnd=446 PartOfSpeech=PRP] [Text=wan CharacterOffsetBegin=447 CharacterOffsetEnd=450 PartOfSpeech=VBP] [Text=na CharacterOffsetBegin=450 CharacterOffsetEnd=452 PartOfSpeech=TO] [Text=see CharacterOffsetBegin=453 CharacterOffsetEnd=456 PartOfSpeech=VB] [Text=a CharacterOffsetBegin=457 CharacterOffsetEnd=458 PartOfSpeech=DT] [Text=film CharacterOffsetBegin=459 CharacterOffsetEnd=463 PartOfSpeech=NN] [Text=which CharacterOffsetBegin=464 CharacterOffsetEnd=469 PartOfSpeech=WDT] [Text=does CharacterOffsetBegin=470 CharacterOffsetEnd=474 PartOfSpeech=VBZ] [Text=n't CharacterOffsetBegin=474 CharacterOffsetEnd=477 PartOfSpeech=RB] [Text=need CharacterOffsetBegin=478 CharacterOffsetEnd=482 PartOfSpeech=VB] [Text=too CharacterOffsetBegin=483 CharacterOffsetEnd=486 PartOfSpeech=RB] [Text=much CharacterOffsetBegin=487 CharacterOffsetEnd=491 PartOfSpeech=JJ] [Text=concentration CharacterOffsetBegin=492 CharacterOffsetEnd=505 PartOfSpeech=NN] [Text=, CharacterOffsetBegin=505 CharacterOffsetEnd=506 PartOfSpeech=,] [Text=which CharacterOffsetBegin=507 CharacterOffsetEnd=512 PartOfSpeech=WDT] [Text=can CharacterOffsetBegin=513 CharacterOffsetEnd=516 PartOfSpeech=MD] [Text=be CharacterOffsetBegin=517 CharacterOffsetEnd=519 PartOfSpeech=VB] [Text=watched CharacterOffsetBegin=520 CharacterOffsetEnd=527 PartOfSpeech=VBN] [Text=by CharacterOffsetBegin=528 CharacterOffsetEnd=530 PartOfSpeech=IN] [Text=the CharacterOffsetBegin=531 CharacterOffsetEnd=534 PartOfSpeech=DT] [Text=whole CharacterOffsetBegin=535 CharacterOffsetEnd=540 PartOfSpeech=JJ] [Text=family CharacterOffsetBegin=541 CharacterOffsetEnd=547 PartOfSpeech=NN] [Text=and CharacterOffsetBegin=548 CharacterOffsetEnd=551 PartOfSpeech=CC] [Text=which CharacterOffsetBegin=552 CharacterOffsetEnd=557 PartOfSpeech=WDT] [Text=teaches CharacterOffsetBegin=558 CharacterOffsetEnd=565 PartOfSpeech=VBZ] [Text=your CharacterOffsetBegin=566 CharacterOffsetEnd=570 PartOfSpeech=PRP$] [Text=children CharacterOffsetBegin=571 CharacterOffsetEnd=579 PartOfSpeech=NNS] [Text=modest CharacterOffsetBegin=580 CharacterOffsetEnd=586 PartOfSpeech=JJ] [Text=and CharacterOffsetBegin=587 CharacterOffsetEnd=590 PartOfSpeech=CC] [Text=conservative CharacterOffsetBegin=591 CharacterOffsetEnd=603 PartOfSpeech=JJ] [Text=values CharacterOffsetBegin=604 CharacterOffsetEnd=610 PartOfSpeech=NNS] [Text=-LRB- CharacterOffsetBegin=611 CharacterOffsetEnd=612 PartOfSpeech=-LRB-] [Text=besides CharacterOffsetBegin=612 CharacterOffsetEnd=619 PartOfSpeech=IN] [Text=the CharacterOffsetBegin=620 CharacterOffsetEnd=623 PartOfSpeech=DT] [Text=modern CharacterOffsetBegin=624 CharacterOffsetEnd=630 PartOfSpeech=JJ] [Text=tolerance CharacterOffsetBegin=631 CharacterOffsetEnd=640 PartOfSpeech=NN] [Text=stuff CharacterOffsetBegin=641 CharacterOffsetEnd=646 PartOfSpeech=NN] [Text=;--RRB- CharacterOffsetBegin=647 CharacterOffsetEnd=650 PartOfSpeech=NN] [Text=-RRB- CharacterOffsetBegin=651 CharacterOffsetEnd=652 PartOfSpeech=-RRB-] [Text=, CharacterOffsetBegin=652 CharacterOffsetEnd=653 PartOfSpeech=,] [Text=you CharacterOffsetBegin=654 CharacterOffsetEnd=657 PartOfSpeech=PRP] [Text=will CharacterOffsetBegin=658 CharacterOffsetEnd=662 PartOfSpeech=MD] [Text=be CharacterOffsetBegin=663 CharacterOffsetEnd=665 PartOfSpeech=VB] [Text=fine CharacterOffsetBegin=666 CharacterOffsetEnd=670 PartOfSpeech=JJ] [Text=with CharacterOffsetBegin=671 CharacterOffsetEnd=675 PartOfSpeech=IN] [Text=this CharacterOffsetBegin=676 CharacterOffsetEnd=680 PartOfSpeech=DT] [Text=film CharacterOffsetBegin=681 CharacterOffsetEnd=685 PartOfSpeech=NN] [Text=. CharacterOffsetBegin=685 CharacterOffsetEnd=686 PartOfSpeech=.] 
root(ROOT-0, couple.If-10)
det(story-4, A-1)
amod(story-4, more-2)
amod(story-4, interesting-3)
nsubj(couple.If-10, story-4)
aux(couple.If-10, would-5)
aux(couple.If-10, have-6)
cop(couple.If-10, been-7)
det(couple.If-10, a-8)
amod(couple.If-10, mixed-9)
nsubj(wan-12, you-11)
rcmod(couple.If-10, wan-12)
nsubj(see-14, na-13)
xcomp(wan-12, see-14)
det(film-16, a-15)
dobj(see-14, film-16)
nsubj(need-20, which-17)
aux(need-20, does-18)
neg(need-20, n't-19)
rcmod(film-16, need-20)
advmod(much-22, too-21)
amod(concentration-23, much-22)
dobj(need-20, concentration-23)
punct(concentration-23, ,-24)
nsubjpass(watched-28, which-25)
aux(watched-28, can-26)
auxpass(watched-28, be-27)
rcmod(concentration-23, watched-28)
prep(watched-28, by-29)
det(family-32, the-30)
amod(family-32, whole-31)
pobj(by-29, family-32)
cc(family-32, and-33)
nsubj(teaches-35, which-34)
advcl(fine-54, teaches-35)
poss(children-37, your-36)
dobj(teaches-35, children-37)
amod(values-41, modest-38)
cc(modest-38, and-39)
conj(modest-38, conservative-40)
dep(teaches-35, values-41)
punct(besides-43, -LRB--42)
mark(;--RRB--48, besides-43)
det(stuff-47, the-44)
amod(stuff-47, modern-45)
nn(stuff-47, tolerance-46)
nsubj(;--RRB--48, stuff-47)
dep(values-41, ;--RRB--48)
punct(;--RRB--48, -RRB--49)
punct(fine-54, ,-50)
nsubj(fine-54, you-51)
aux(fine-54, will-52)
cop(fine-54, be-53)
conj(family-32, fine-54)
prep(fine-54, with-55)
det(film-57, this-56)
pobj(with-55, film-57)
punct(couple.If-10, .-58)

Sentence #4 (7 tokens):
Might be shown at a family-home-evening...
[Text=Might CharacterOffsetBegin=691 CharacterOffsetEnd=696 PartOfSpeech=NNP] [Text=be CharacterOffsetBegin=697 CharacterOffsetEnd=699 PartOfSpeech=VB] [Text=shown CharacterOffsetBegin=700 CharacterOffsetEnd=705 PartOfSpeech=VBN] [Text=at CharacterOffsetBegin=706 CharacterOffsetEnd=708 PartOfSpeech=IN] [Text=a CharacterOffsetBegin=709 CharacterOffsetEnd=710 PartOfSpeech=DT] [Text=family-home-evening CharacterOffsetBegin=711 CharacterOffsetEnd=730 PartOfSpeech=JJ] [Text=... CharacterOffsetBegin=730 CharacterOffsetEnd=733 PartOfSpeech=:] 
root(ROOT-0, shown-3)
nsubjpass(shown-3, Might-1)
auxpass(shown-3, be-2)
prep(shown-3, at-4)
det(family-home-evening-6, a-5)
pobj(at-4, family-home-evening-6)
punct(shown-3, ...-7)

