Sentence #1 (36 tokens):
You know a movie will not go well when John Carradine narrates (a.k.a.
    reads the script & plot synopsis) over his character's funeral procession, a mere 5 minutes into the movie.
[Text=You CharacterOffsetBegin=4 CharacterOffsetEnd=7 PartOfSpeech=PRP] [Text=know CharacterOffsetBegin=8 CharacterOffsetEnd=12 PartOfSpeech=VBP] [Text=a CharacterOffsetBegin=13 CharacterOffsetEnd=14 PartOfSpeech=DT] [Text=movie CharacterOffsetBegin=15 CharacterOffsetEnd=20 PartOfSpeech=NN] [Text=will CharacterOffsetBegin=21 CharacterOffsetEnd=25 PartOfSpeech=MD] [Text=not CharacterOffsetBegin=26 CharacterOffsetEnd=29 PartOfSpeech=RB] [Text=go CharacterOffsetBegin=30 CharacterOffsetEnd=32 PartOfSpeech=VB] [Text=well CharacterOffsetBegin=33 CharacterOffsetEnd=37 PartOfSpeech=RB] [Text=when CharacterOffsetBegin=38 CharacterOffsetEnd=42 PartOfSpeech=WRB] [Text=John CharacterOffsetBegin=43 CharacterOffsetEnd=47 PartOfSpeech=NNP] [Text=Carradine CharacterOffsetBegin=48 CharacterOffsetEnd=57 PartOfSpeech=NNP] [Text=narrates CharacterOffsetBegin=58 CharacterOffsetEnd=66 PartOfSpeech=VBZ] [Text=-LRB- CharacterOffsetBegin=67 CharacterOffsetEnd=68 PartOfSpeech=-LRB-] [Text=a.k.a. CharacterOffsetBegin=68 CharacterOffsetEnd=74 PartOfSpeech=RB] [Text=reads CharacterOffsetBegin=79 CharacterOffsetEnd=84 PartOfSpeech=VBZ] [Text=the CharacterOffsetBegin=85 CharacterOffsetEnd=88 PartOfSpeech=DT] [Text=script CharacterOffsetBegin=89 CharacterOffsetEnd=95 PartOfSpeech=NN] [Text=& CharacterOffsetBegin=96 CharacterOffsetEnd=97 PartOfSpeech=CC] [Text=plot CharacterOffsetBegin=98 CharacterOffsetEnd=102 PartOfSpeech=NN] [Text=synopsis CharacterOffsetBegin=103 CharacterOffsetEnd=111 PartOfSpeech=NN] [Text=-RRB- CharacterOffsetBegin=111 CharacterOffsetEnd=112 PartOfSpeech=-RRB-] [Text=over CharacterOffsetBegin=113 CharacterOffsetEnd=117 PartOfSpeech=IN] [Text=his CharacterOffsetBegin=118 CharacterOffsetEnd=121 PartOfSpeech=PRP$] [Text=character CharacterOffsetBegin=122 CharacterOffsetEnd=131 PartOfSpeech=NN] [Text='s CharacterOffsetBegin=131 CharacterOffsetEnd=133 PartOfSpeech=POS] [Text=funeral CharacterOffsetBegin=134 CharacterOffsetEnd=141 PartOfSpeech=JJ] [Text=procession CharacterOffsetBegin=142 CharacterOffsetEnd=152 PartOfSpeech=NN] [Text=, CharacterOffsetBegin=152 CharacterOffsetEnd=153 PartOfSpeech=,] [Text=a CharacterOffsetBegin=154 CharacterOffsetEnd=155 PartOfSpeech=DT] [Text=mere CharacterOffsetBegin=156 CharacterOffsetEnd=160 PartOfSpeech=JJ] [Text=5 CharacterOffsetBegin=161 CharacterOffsetEnd=162 PartOfSpeech=CD] [Text=minutes CharacterOffsetBegin=163 CharacterOffsetEnd=170 PartOfSpeech=NNS] [Text=into CharacterOffsetBegin=171 CharacterOffsetEnd=175 PartOfSpeech=IN] [Text=the CharacterOffsetBegin=176 CharacterOffsetEnd=179 PartOfSpeech=DT] [Text=movie CharacterOffsetBegin=180 CharacterOffsetEnd=185 PartOfSpeech=NN] [Text=. CharacterOffsetBegin=185 CharacterOffsetEnd=186 PartOfSpeech=.] 
root(ROOT-0, know-2)
nsubj(know-2, You-1)
det(movie-4, a-3)
nsubj(go-7, movie-4)
aux(go-7, will-5)
neg(go-7, not-6)
ccomp(know-2, go-7)
advmod(go-7, well-8)
advmod(narrates-12, when-9)
nn(Carradine-11, John-10)
nsubj(narrates-12, Carradine-11)
advcl(go-7, narrates-12)
punct(reads-15, -LRB--13)
advmod(reads-15, a.k.a.-14)
ccomp(narrates-12, reads-15)
det(script-17, the-16)
dobj(reads-15, script-17)
cc(script-17, &-18)
conj(script-17, plot-19)
advmod(over-22, synopsis-20)
punct(over-22, -RRB--21)
prep(script-17, over-22)
poss(character-24, his-23)
poss(procession-27, character-24)
possessive(character-24, 's-25)
amod(procession-27, funeral-26)
pobj(over-22, procession-27)
punct(script-17, ,-28)
det(minutes-32, a-29)
amod(minutes-32, mere-30)
num(minutes-32, 5-31)
appos(script-17, minutes-32)
prep(minutes-32, into-33)
det(movie-35, the-34)
pobj(into-33, movie-35)
punct(know-2, .-36)

Sentence #2 (11 tokens):
The narration is his character's last will & testament.
[Text=The CharacterOffsetBegin=191 CharacterOffsetEnd=194 PartOfSpeech=DT] [Text=narration CharacterOffsetBegin=195 CharacterOffsetEnd=204 PartOfSpeech=NN] [Text=is CharacterOffsetBegin=205 CharacterOffsetEnd=207 PartOfSpeech=VBZ] [Text=his CharacterOffsetBegin=208 CharacterOffsetEnd=211 PartOfSpeech=PRP$] [Text=character CharacterOffsetBegin=212 CharacterOffsetEnd=221 PartOfSpeech=NN] [Text='s CharacterOffsetBegin=221 CharacterOffsetEnd=223 PartOfSpeech=POS] [Text=last CharacterOffsetBegin=224 CharacterOffsetEnd=228 PartOfSpeech=JJ] [Text=will CharacterOffsetBegin=229 CharacterOffsetEnd=233 PartOfSpeech=MD] [Text=& CharacterOffsetBegin=234 CharacterOffsetEnd=235 PartOfSpeech=CC] [Text=testament CharacterOffsetBegin=236 CharacterOffsetEnd=245 PartOfSpeech=NN] [Text=. CharacterOffsetBegin=245 CharacterOffsetEnd=246 PartOfSpeech=.] 
root(ROOT-0, narration-2)
det(narration-2, The-1)
dep(narration-2, is-3)
poss(character-5, his-4)
nsubj(is-3, character-5)
possessive(character-5, 's-6)
amod(will-8, last-7)
dep(character-5, will-8)
cc(will-8, &-9)
conj(will-8, testament-10)
punct(narration-2, .-11)

Sentence #3 (14 tokens):
It stipulates that his estate be divided amongst his 4 children and servants.
[Text=It CharacterOffsetBegin=251 CharacterOffsetEnd=253 PartOfSpeech=PRP] [Text=stipulates CharacterOffsetBegin=254 CharacterOffsetEnd=264 PartOfSpeech=VBZ] [Text=that CharacterOffsetBegin=265 CharacterOffsetEnd=269 PartOfSpeech=IN] [Text=his CharacterOffsetBegin=270 CharacterOffsetEnd=273 PartOfSpeech=PRP$] [Text=estate CharacterOffsetBegin=274 CharacterOffsetEnd=280 PartOfSpeech=NN] [Text=be CharacterOffsetBegin=281 CharacterOffsetEnd=283 PartOfSpeech=VB] [Text=divided CharacterOffsetBegin=284 CharacterOffsetEnd=291 PartOfSpeech=VBN] [Text=amongst CharacterOffsetBegin=292 CharacterOffsetEnd=299 PartOfSpeech=IN] [Text=his CharacterOffsetBegin=300 CharacterOffsetEnd=303 PartOfSpeech=PRP$] [Text=4 CharacterOffsetBegin=304 CharacterOffsetEnd=305 PartOfSpeech=CD] [Text=children CharacterOffsetBegin=306 CharacterOffsetEnd=314 PartOfSpeech=NNS] [Text=and CharacterOffsetBegin=315 CharacterOffsetEnd=318 PartOfSpeech=CC] [Text=servants CharacterOffsetBegin=319 CharacterOffsetEnd=327 PartOfSpeech=NNS] [Text=. CharacterOffsetBegin=327 CharacterOffsetEnd=328 PartOfSpeech=.] 
root(ROOT-0, stipulates-2)
nsubj(stipulates-2, It-1)
mark(divided-7, that-3)
poss(estate-5, his-4)
nsubjpass(divided-7, estate-5)
auxpass(divided-7, be-6)
ccomp(stipulates-2, divided-7)
prep(divided-7, amongst-8)
poss(children-11, his-9)
num(children-11, 4-10)
pobj(amongst-8, children-11)
cc(children-11, and-12)
conj(children-11, servants-13)
punct(stipulates-2, .-14)

Sentence #4 (23 tokens):
The children shall split $136 million equally, but if any should die then that share is split amongst the remainders.
[Text=The CharacterOffsetBegin=333 CharacterOffsetEnd=336 PartOfSpeech=DT] [Text=children CharacterOffsetBegin=337 CharacterOffsetEnd=345 PartOfSpeech=NNS] [Text=shall CharacterOffsetBegin=346 CharacterOffsetEnd=351 PartOfSpeech=MD] [Text=split CharacterOffsetBegin=352 CharacterOffsetEnd=357 PartOfSpeech=VB] [Text=$ CharacterOffsetBegin=358 CharacterOffsetEnd=359 PartOfSpeech=$] [Text=136 CharacterOffsetBegin=359 CharacterOffsetEnd=362 PartOfSpeech=CD] [Text=million CharacterOffsetBegin=363 CharacterOffsetEnd=370 PartOfSpeech=CD] [Text=equally CharacterOffsetBegin=371 CharacterOffsetEnd=378 PartOfSpeech=RB] [Text=, CharacterOffsetBegin=378 CharacterOffsetEnd=379 PartOfSpeech=,] [Text=but CharacterOffsetBegin=380 CharacterOffsetEnd=383 PartOfSpeech=CC] [Text=if CharacterOffsetBegin=384 CharacterOffsetEnd=386 PartOfSpeech=IN] [Text=any CharacterOffsetBegin=387 CharacterOffsetEnd=390 PartOfSpeech=DT] [Text=should CharacterOffsetBegin=391 CharacterOffsetEnd=397 PartOfSpeech=MD] [Text=die CharacterOffsetBegin=398 CharacterOffsetEnd=401 PartOfSpeech=VB] [Text=then CharacterOffsetBegin=402 CharacterOffsetEnd=406 PartOfSpeech=RB] [Text=that CharacterOffsetBegin=407 CharacterOffsetEnd=411 PartOfSpeech=IN] [Text=share CharacterOffsetBegin=412 CharacterOffsetEnd=417 PartOfSpeech=NN] [Text=is CharacterOffsetBegin=418 CharacterOffsetEnd=420 PartOfSpeech=VBZ] [Text=split CharacterOffsetBegin=421 CharacterOffsetEnd=426 PartOfSpeech=JJ] [Text=amongst CharacterOffsetBegin=427 CharacterOffsetEnd=434 PartOfSpeech=IN] [Text=the CharacterOffsetBegin=435 CharacterOffsetEnd=438 PartOfSpeech=DT] [Text=remainders CharacterOffsetBegin=439 CharacterOffsetEnd=449 PartOfSpeech=NNS] [Text=. CharacterOffsetBegin=449 CharacterOffsetEnd=450 PartOfSpeech=.] 
root(ROOT-0, split-4)
det(children-2, The-1)
nsubj(split-4, children-2)
aux(split-4, shall-3)
dobj(split-4, $-5)
number(million-7, 136-6)
num($-5, million-7)
advmod(split-4, equally-8)
punct(split-4, ,-9)
cc(split-4, but-10)
mark(die-14, if-11)
nsubj(die-14, any-12)
aux(die-14, should-13)
conj(split-4, die-14)
advmod(die-14, then-15)
mark(split-19, that-16)
nsubj(split-19, share-17)
cop(split-19, is-18)
ccomp(die-14, split-19)
prep(split-19, amongst-20)
det(remainders-22, the-21)
pobj(amongst-20, remainders-22)
punct(split-4, .-23)

Sentence #5 (14 tokens):
If all the children should die then it is divided amongst the servants.
[Text=If CharacterOffsetBegin=455 CharacterOffsetEnd=457 PartOfSpeech=IN] [Text=all CharacterOffsetBegin=458 CharacterOffsetEnd=461 PartOfSpeech=PDT] [Text=the CharacterOffsetBegin=462 CharacterOffsetEnd=465 PartOfSpeech=DT] [Text=children CharacterOffsetBegin=466 CharacterOffsetEnd=474 PartOfSpeech=NNS] [Text=should CharacterOffsetBegin=475 CharacterOffsetEnd=481 PartOfSpeech=MD] [Text=die CharacterOffsetBegin=482 CharacterOffsetEnd=485 PartOfSpeech=VB] [Text=then CharacterOffsetBegin=486 CharacterOffsetEnd=490 PartOfSpeech=RB] [Text=it CharacterOffsetBegin=491 CharacterOffsetEnd=493 PartOfSpeech=PRP] [Text=is CharacterOffsetBegin=494 CharacterOffsetEnd=496 PartOfSpeech=VBZ] [Text=divided CharacterOffsetBegin=497 CharacterOffsetEnd=504 PartOfSpeech=VBN] [Text=amongst CharacterOffsetBegin=505 CharacterOffsetEnd=512 PartOfSpeech=IN] [Text=the CharacterOffsetBegin=513 CharacterOffsetEnd=516 PartOfSpeech=DT] [Text=servants CharacterOffsetBegin=517 CharacterOffsetEnd=525 PartOfSpeech=NNS] [Text=. CharacterOffsetBegin=525 CharacterOffsetEnd=526 PartOfSpeech=.] 
root(ROOT-0, divided-10)
mark(die-6, If-1)
predet(children-4, all-2)
det(children-4, the-3)
nsubj(die-6, children-4)
aux(die-6, should-5)
advcl(divided-10, die-6)
advmod(die-6, then-7)
nsubjpass(divided-10, it-8)
auxpass(divided-10, is-9)
prep(divided-10, amongst-11)
det(servants-13, the-12)
pobj(amongst-11, servants-13)
punct(divided-10, .-14)

Sentence #6 (15 tokens):
To be eligible, they must live in the family estate for a week.
[Text=To CharacterOffsetBegin=531 CharacterOffsetEnd=533 PartOfSpeech=TO] [Text=be CharacterOffsetBegin=534 CharacterOffsetEnd=536 PartOfSpeech=VB] [Text=eligible CharacterOffsetBegin=537 CharacterOffsetEnd=545 PartOfSpeech=JJ] [Text=, CharacterOffsetBegin=545 CharacterOffsetEnd=546 PartOfSpeech=,] [Text=they CharacterOffsetBegin=547 CharacterOffsetEnd=551 PartOfSpeech=PRP] [Text=must CharacterOffsetBegin=552 CharacterOffsetEnd=556 PartOfSpeech=MD] [Text=live CharacterOffsetBegin=557 CharacterOffsetEnd=561 PartOfSpeech=VB] [Text=in CharacterOffsetBegin=562 CharacterOffsetEnd=564 PartOfSpeech=IN] [Text=the CharacterOffsetBegin=565 CharacterOffsetEnd=568 PartOfSpeech=DT] [Text=family CharacterOffsetBegin=569 CharacterOffsetEnd=575 PartOfSpeech=NN] [Text=estate CharacterOffsetBegin=576 CharacterOffsetEnd=582 PartOfSpeech=NN] [Text=for CharacterOffsetBegin=583 CharacterOffsetEnd=586 PartOfSpeech=IN] [Text=a CharacterOffsetBegin=587 CharacterOffsetEnd=588 PartOfSpeech=DT] [Text=week CharacterOffsetBegin=589 CharacterOffsetEnd=593 PartOfSpeech=NN] [Text=. CharacterOffsetBegin=593 CharacterOffsetEnd=594 PartOfSpeech=.] 
root(ROOT-0, live-7)
aux(eligible-3, To-1)
cop(eligible-3, be-2)
advcl(live-7, eligible-3)
punct(live-7, ,-4)
nsubj(live-7, they-5)
aux(live-7, must-6)
prep(live-7, in-8)
det(estate-11, the-9)
nn(estate-11, family-10)
pobj(in-8, estate-11)
prep(live-7, for-12)
det(week-14, a-13)
pobj(for-12, week-14)
punct(live-7, .-15)

Sentence #7 (21 tokens):
It sounds like the typical plot of a reality show.There is little subtext as to the nature of the Deans.
[Text=It CharacterOffsetBegin=599 CharacterOffsetEnd=601 PartOfSpeech=PRP] [Text=sounds CharacterOffsetBegin=602 CharacterOffsetEnd=608 PartOfSpeech=VBZ] [Text=like CharacterOffsetBegin=609 CharacterOffsetEnd=613 PartOfSpeech=IN] [Text=the CharacterOffsetBegin=614 CharacterOffsetEnd=617 PartOfSpeech=DT] [Text=typical CharacterOffsetBegin=618 CharacterOffsetEnd=625 PartOfSpeech=JJ] [Text=plot CharacterOffsetBegin=626 CharacterOffsetEnd=630 PartOfSpeech=NN] [Text=of CharacterOffsetBegin=631 CharacterOffsetEnd=633 PartOfSpeech=IN] [Text=a CharacterOffsetBegin=634 CharacterOffsetEnd=635 PartOfSpeech=DT] [Text=reality CharacterOffsetBegin=636 CharacterOffsetEnd=643 PartOfSpeech=NN] [Text=show.There CharacterOffsetBegin=644 CharacterOffsetEnd=654 PartOfSpeech=NN] [Text=is CharacterOffsetBegin=655 CharacterOffsetEnd=657 PartOfSpeech=VBZ] [Text=little CharacterOffsetBegin=658 CharacterOffsetEnd=664 PartOfSpeech=JJ] [Text=subtext CharacterOffsetBegin=665 CharacterOffsetEnd=672 PartOfSpeech=NN] [Text=as CharacterOffsetBegin=673 CharacterOffsetEnd=675 PartOfSpeech=IN] [Text=to CharacterOffsetBegin=676 CharacterOffsetEnd=678 PartOfSpeech=TO] [Text=the CharacterOffsetBegin=679 CharacterOffsetEnd=682 PartOfSpeech=DT] [Text=nature CharacterOffsetBegin=683 CharacterOffsetEnd=689 PartOfSpeech=NN] [Text=of CharacterOffsetBegin=690 CharacterOffsetEnd=692 PartOfSpeech=IN] [Text=the CharacterOffsetBegin=693 CharacterOffsetEnd=696 PartOfSpeech=DT] [Text=Deans CharacterOffsetBegin=697 CharacterOffsetEnd=702 PartOfSpeech=NNP] [Text=. CharacterOffsetBegin=702 CharacterOffsetEnd=703 PartOfSpeech=.] 
root(ROOT-0, subtext-13)
nsubj(sounds-2, It-1)
nsubj(subtext-13, sounds-2)
prep(sounds-2, like-3)
det(plot-6, the-4)
amod(plot-6, typical-5)
pobj(like-3, plot-6)
prep(plot-6, of-7)
det(show.There-10, a-8)
nn(show.There-10, reality-9)
pobj(of-7, show.There-10)
cop(subtext-13, is-11)
amod(subtext-13, little-12)
prep(subtext-13, as-14)
pcomp(as-14, to-15)
det(nature-17, the-16)
pobj(to-15, nature-17)
prep(nature-17, of-18)
det(Deans-20, the-19)
pobj(of-18, Deans-20)
punct(subtext-13, .-21)

Sentence #8 (21 tokens):
They are a powerful and severely dysfunctional family, but the real trouble starts with the drowning of that dog.
[Text=They CharacterOffsetBegin=708 CharacterOffsetEnd=712 PartOfSpeech=PRP] [Text=are CharacterOffsetBegin=713 CharacterOffsetEnd=716 PartOfSpeech=VBP] [Text=a CharacterOffsetBegin=717 CharacterOffsetEnd=718 PartOfSpeech=DT] [Text=powerful CharacterOffsetBegin=719 CharacterOffsetEnd=727 PartOfSpeech=JJ] [Text=and CharacterOffsetBegin=728 CharacterOffsetEnd=731 PartOfSpeech=CC] [Text=severely CharacterOffsetBegin=732 CharacterOffsetEnd=740 PartOfSpeech=RB] [Text=dysfunctional CharacterOffsetBegin=741 CharacterOffsetEnd=754 PartOfSpeech=JJ] [Text=family CharacterOffsetBegin=755 CharacterOffsetEnd=761 PartOfSpeech=NN] [Text=, CharacterOffsetBegin=761 CharacterOffsetEnd=762 PartOfSpeech=,] [Text=but CharacterOffsetBegin=763 CharacterOffsetEnd=766 PartOfSpeech=CC] [Text=the CharacterOffsetBegin=767 CharacterOffsetEnd=770 PartOfSpeech=DT] [Text=real CharacterOffsetBegin=771 CharacterOffsetEnd=775 PartOfSpeech=JJ] [Text=trouble CharacterOffsetBegin=776 CharacterOffsetEnd=783 PartOfSpeech=NN] [Text=starts CharacterOffsetBegin=784 CharacterOffsetEnd=790 PartOfSpeech=VBZ] [Text=with CharacterOffsetBegin=791 CharacterOffsetEnd=795 PartOfSpeech=IN] [Text=the CharacterOffsetBegin=796 CharacterOffsetEnd=799 PartOfSpeech=DT] [Text=drowning CharacterOffsetBegin=800 CharacterOffsetEnd=808 PartOfSpeech=NN] [Text=of CharacterOffsetBegin=809 CharacterOffsetEnd=811 PartOfSpeech=IN] [Text=that CharacterOffsetBegin=812 CharacterOffsetEnd=816 PartOfSpeech=DT] [Text=dog CharacterOffsetBegin=817 CharacterOffsetEnd=820 PartOfSpeech=NN] [Text=. CharacterOffsetBegin=820 CharacterOffsetEnd=821 PartOfSpeech=.] 
root(ROOT-0, family-8)
nsubj(family-8, They-1)
cop(family-8, are-2)
det(family-8, a-3)
amod(family-8, powerful-4)
cc(powerful-4, and-5)
advmod(dysfunctional-7, severely-6)
conj(powerful-4, dysfunctional-7)
punct(family-8, ,-9)
cc(family-8, but-10)
det(trouble-13, the-11)
amod(trouble-13, real-12)
nsubj(starts-14, trouble-13)
conj(family-8, starts-14)
prep(starts-14, with-15)
det(drowning-17, the-16)
pobj(with-15, drowning-17)
prep(drowning-17, of-18)
det(dog-20, that-19)
pobj(of-18, dog-20)
punct(family-8, .-21)

Sentence #9 (25 tokens):
From the opening voice-over by John Carradine you expect this movie will lead to a Machiavellian cat and mouse game with a twist ending.
[Text=From CharacterOffsetBegin=826 CharacterOffsetEnd=830 PartOfSpeech=IN] [Text=the CharacterOffsetBegin=831 CharacterOffsetEnd=834 PartOfSpeech=DT] [Text=opening CharacterOffsetBegin=835 CharacterOffsetEnd=842 PartOfSpeech=NN] [Text=voice-over CharacterOffsetBegin=843 CharacterOffsetEnd=853 PartOfSpeech=NN] [Text=by CharacterOffsetBegin=854 CharacterOffsetEnd=856 PartOfSpeech=IN] [Text=John CharacterOffsetBegin=857 CharacterOffsetEnd=861 PartOfSpeech=NNP] [Text=Carradine CharacterOffsetBegin=862 CharacterOffsetEnd=871 PartOfSpeech=NNP] [Text=you CharacterOffsetBegin=872 CharacterOffsetEnd=875 PartOfSpeech=PRP] [Text=expect CharacterOffsetBegin=876 CharacterOffsetEnd=882 PartOfSpeech=VBP] [Text=this CharacterOffsetBegin=883 CharacterOffsetEnd=887 PartOfSpeech=DT] [Text=movie CharacterOffsetBegin=888 CharacterOffsetEnd=893 PartOfSpeech=NN] [Text=will CharacterOffsetBegin=894 CharacterOffsetEnd=898 PartOfSpeech=MD] [Text=lead CharacterOffsetBegin=899 CharacterOffsetEnd=903 PartOfSpeech=VB] [Text=to CharacterOffsetBegin=904 CharacterOffsetEnd=906 PartOfSpeech=TO] [Text=a CharacterOffsetBegin=907 CharacterOffsetEnd=908 PartOfSpeech=DT] [Text=Machiavellian CharacterOffsetBegin=909 CharacterOffsetEnd=922 PartOfSpeech=JJ] [Text=cat CharacterOffsetBegin=923 CharacterOffsetEnd=926 PartOfSpeech=NN] [Text=and CharacterOffsetBegin=927 CharacterOffsetEnd=930 PartOfSpeech=CC] [Text=mouse CharacterOffsetBegin=931 CharacterOffsetEnd=936 PartOfSpeech=NN] [Text=game CharacterOffsetBegin=937 CharacterOffsetEnd=941 PartOfSpeech=NN] [Text=with CharacterOffsetBegin=942 CharacterOffsetEnd=946 PartOfSpeech=IN] [Text=a CharacterOffsetBegin=947 CharacterOffsetEnd=948 PartOfSpeech=DT] [Text=twist CharacterOffsetBegin=949 CharacterOffsetEnd=954 PartOfSpeech=NN] [Text=ending CharacterOffsetBegin=955 CharacterOffsetEnd=961 PartOfSpeech=VBG] [Text=. CharacterOffsetBegin=961 CharacterOffsetEnd=962 PartOfSpeech=.] 
root(ROOT-0, expect-9)
prep(expect-9, From-1)
det(voice-over-4, the-2)
nn(voice-over-4, opening-3)
pobj(From-1, voice-over-4)
prep(voice-over-4, by-5)
nn(Carradine-7, John-6)
pobj(by-5, Carradine-7)
nsubj(expect-9, you-8)
det(movie-11, this-10)
nsubj(lead-13, movie-11)
aux(lead-13, will-12)
ccomp(expect-9, lead-13)
prep(lead-13, to-14)
det(cat-17, a-15)
amod(cat-17, Machiavellian-16)
pobj(to-14, cat-17)
cc(cat-17, and-18)
nn(game-20, mouse-19)
conj(cat-17, game-20)
prep(lead-13, with-21)
det(twist-23, a-22)
nsubj(ending-24, twist-23)
pcomp(with-21, ending-24)
punct(expect-9, .-25)

Sentence #10 (8 tokens):
That journey is painfully slow and pointless.
[Text=That CharacterOffsetBegin=967 CharacterOffsetEnd=971 PartOfSpeech=DT] [Text=journey CharacterOffsetBegin=972 CharacterOffsetEnd=979 PartOfSpeech=NN] [Text=is CharacterOffsetBegin=980 CharacterOffsetEnd=982 PartOfSpeech=VBZ] [Text=painfully CharacterOffsetBegin=983 CharacterOffsetEnd=992 PartOfSpeech=RB] [Text=slow CharacterOffsetBegin=993 CharacterOffsetEnd=997 PartOfSpeech=JJ] [Text=and CharacterOffsetBegin=998 CharacterOffsetEnd=1001 PartOfSpeech=CC] [Text=pointless CharacterOffsetBegin=1002 CharacterOffsetEnd=1011 PartOfSpeech=JJ] [Text=. CharacterOffsetBegin=1011 CharacterOffsetEnd=1012 PartOfSpeech=.] 
root(ROOT-0, slow-5)
det(journey-2, That-1)
nsubj(slow-5, journey-2)
cop(slow-5, is-3)
advmod(slow-5, painfully-4)
cc(slow-5, and-6)
conj(slow-5, pointless-7)
punct(slow-5, .-8)

Sentence #11 (63 tokens):
We trudge through minutes of watching people sitting around, playing pool, throwing darts, the misuse of the "through the fish bowl" shot, dramatic conversations between silk cravat wearing men, constant bickering, misplaced circus music, bizarre flashbacks reminiscent of faux-German expressionism, the horror aesthetic of the 4th grade and heaps of dramatic overacting.
[Text=We CharacterOffsetBegin=1017 CharacterOffsetEnd=1019 PartOfSpeech=PRP] [Text=trudge CharacterOffsetBegin=1020 CharacterOffsetEnd=1026 PartOfSpeech=VBP] [Text=through CharacterOffsetBegin=1027 CharacterOffsetEnd=1034 PartOfSpeech=IN] [Text=minutes CharacterOffsetBegin=1035 CharacterOffsetEnd=1042 PartOfSpeech=NNS] [Text=of CharacterOffsetBegin=1043 CharacterOffsetEnd=1045 PartOfSpeech=IN] [Text=watching CharacterOffsetBegin=1046 CharacterOffsetEnd=1054 PartOfSpeech=VBG] [Text=people CharacterOffsetBegin=1055 CharacterOffsetEnd=1061 PartOfSpeech=NNS] [Text=sitting CharacterOffsetBegin=1062 CharacterOffsetEnd=1069 PartOfSpeech=VBG] [Text=around CharacterOffsetBegin=1070 CharacterOffsetEnd=1076 PartOfSpeech=RB] [Text=, CharacterOffsetBegin=1076 CharacterOffsetEnd=1077 PartOfSpeech=,] [Text=playing CharacterOffsetBegin=1078 CharacterOffsetEnd=1085 PartOfSpeech=VBG] [Text=pool CharacterOffsetBegin=1086 CharacterOffsetEnd=1090 PartOfSpeech=NN] [Text=, CharacterOffsetBegin=1090 CharacterOffsetEnd=1091 PartOfSpeech=,] [Text=throwing CharacterOffsetBegin=1092 CharacterOffsetEnd=1100 PartOfSpeech=VBG] [Text=darts CharacterOffsetBegin=1101 CharacterOffsetEnd=1106 PartOfSpeech=NN] [Text=, CharacterOffsetBegin=1106 CharacterOffsetEnd=1107 PartOfSpeech=,] [Text=the CharacterOffsetBegin=1108 CharacterOffsetEnd=1111 PartOfSpeech=DT] [Text=misuse CharacterOffsetBegin=1112 CharacterOffsetEnd=1118 PartOfSpeech=NN] [Text=of CharacterOffsetBegin=1119 CharacterOffsetEnd=1121 PartOfSpeech=IN] [Text=the CharacterOffsetBegin=1122 CharacterOffsetEnd=1125 PartOfSpeech=DT] [Text=`` CharacterOffsetBegin=1126 CharacterOffsetEnd=1127 PartOfSpeech=``] [Text=through CharacterOffsetBegin=1127 CharacterOffsetEnd=1134 PartOfSpeech=IN] [Text=the CharacterOffsetBegin=1135 CharacterOffsetEnd=1138 PartOfSpeech=DT] [Text=fish CharacterOffsetBegin=1139 CharacterOffsetEnd=1143 PartOfSpeech=NN] [Text=bowl CharacterOffsetBegin=1144 CharacterOffsetEnd=1148 PartOfSpeech=NN] [Text='' CharacterOffsetBegin=1148 CharacterOffsetEnd=1149 PartOfSpeech=''] [Text=shot CharacterOffsetBegin=1150 CharacterOffsetEnd=1154 PartOfSpeech=NN] [Text=, CharacterOffsetBegin=1154 CharacterOffsetEnd=1155 PartOfSpeech=,] [Text=dramatic CharacterOffsetBegin=1156 CharacterOffsetEnd=1164 PartOfSpeech=JJ] [Text=conversations CharacterOffsetBegin=1165 CharacterOffsetEnd=1178 PartOfSpeech=NNS] [Text=between CharacterOffsetBegin=1179 CharacterOffsetEnd=1186 PartOfSpeech=IN] [Text=silk CharacterOffsetBegin=1187 CharacterOffsetEnd=1191 PartOfSpeech=NN] [Text=cravat CharacterOffsetBegin=1192 CharacterOffsetEnd=1198 PartOfSpeech=NN] [Text=wearing CharacterOffsetBegin=1199 CharacterOffsetEnd=1206 PartOfSpeech=VBG] [Text=men CharacterOffsetBegin=1207 CharacterOffsetEnd=1210 PartOfSpeech=NNS] [Text=, CharacterOffsetBegin=1210 CharacterOffsetEnd=1211 PartOfSpeech=,] [Text=constant CharacterOffsetBegin=1212 CharacterOffsetEnd=1220 PartOfSpeech=JJ] [Text=bickering CharacterOffsetBegin=1221 CharacterOffsetEnd=1230 PartOfSpeech=NN] [Text=, CharacterOffsetBegin=1230 CharacterOffsetEnd=1231 PartOfSpeech=,] [Text=misplaced CharacterOffsetBegin=1232 CharacterOffsetEnd=1241 PartOfSpeech=VBN] [Text=circus CharacterOffsetBegin=1242 CharacterOffsetEnd=1248 PartOfSpeech=NN] [Text=music CharacterOffsetBegin=1249 CharacterOffsetEnd=1254 PartOfSpeech=NN] [Text=, CharacterOffsetBegin=1254 CharacterOffsetEnd=1255 PartOfSpeech=,] [Text=bizarre CharacterOffsetBegin=1256 CharacterOffsetEnd=1263 PartOfSpeech=JJ] [Text=flashbacks CharacterOffsetBegin=1264 CharacterOffsetEnd=1274 PartOfSpeech=NNS] [Text=reminiscent CharacterOffsetBegin=1275 CharacterOffsetEnd=1286 PartOfSpeech=JJ] [Text=of CharacterOffsetBegin=1287 CharacterOffsetEnd=1289 PartOfSpeech=IN] [Text=faux-German CharacterOffsetBegin=1290 CharacterOffsetEnd=1301 PartOfSpeech=JJ] [Text=expressionism CharacterOffsetBegin=1302 CharacterOffsetEnd=1315 PartOfSpeech=NN] [Text=, CharacterOffsetBegin=1315 CharacterOffsetEnd=1316 PartOfSpeech=,] [Text=the CharacterOffsetBegin=1317 CharacterOffsetEnd=1320 PartOfSpeech=DT] [Text=horror CharacterOffsetBegin=1321 CharacterOffsetEnd=1327 PartOfSpeech=NN] [Text=aesthetic CharacterOffsetBegin=1328 CharacterOffsetEnd=1337 PartOfSpeech=JJ] [Text=of CharacterOffsetBegin=1338 CharacterOffsetEnd=1340 PartOfSpeech=IN] [Text=the CharacterOffsetBegin=1341 CharacterOffsetEnd=1344 PartOfSpeech=DT] [Text=4th CharacterOffsetBegin=1345 CharacterOffsetEnd=1348 PartOfSpeech=JJ] [Text=grade CharacterOffsetBegin=1349 CharacterOffsetEnd=1354 PartOfSpeech=NN] [Text=and CharacterOffsetBegin=1355 CharacterOffsetEnd=1358 PartOfSpeech=CC] [Text=heaps CharacterOffsetBegin=1359 CharacterOffsetEnd=1364 PartOfSpeech=NNS] [Text=of CharacterOffsetBegin=1365 CharacterOffsetEnd=1367 PartOfSpeech=IN] [Text=dramatic CharacterOffsetBegin=1368 CharacterOffsetEnd=1376 PartOfSpeech=JJ] [Text=overacting CharacterOffsetBegin=1377 CharacterOffsetEnd=1387 PartOfSpeech=NN] [Text=. CharacterOffsetBegin=1387 CharacterOffsetEnd=1388 PartOfSpeech=.] 
root(ROOT-0, trudge-2)
nsubj(trudge-2, We-1)
prep(trudge-2, through-3)
pobj(through-3, minutes-4)
prep(minutes-4, of-5)
pcomp(of-5, watching-6)
dobj(watching-6, people-7)
partmod(people-7, sitting-8)
advmod(sitting-8, around-9)
punct(sitting-8, ,-10)
partmod(sitting-8, playing-11)
dobj(playing-11, pool-12)
punct(sitting-8, ,-13)
partmod(sitting-8, throwing-14)
dobj(throwing-14, darts-15)
punct(sitting-8, ,-16)
det(misuse-18, the-17)
dobj(sitting-8, misuse-18)
prep(misuse-18, of-19)
det(shot-27, the-20)
punct(shot-27, ``-21)
mark(shot-27, through-22)
det(bowl-25, the-23)
nn(bowl-25, fish-24)
nsubj(shot-27, bowl-25)
punct(bowl-25, ''-26)
pobj(of-19, shot-27)
punct(shot-27, ,-28)
amod(conversations-30, dramatic-29)
appos(shot-27, conversations-30)
prep(conversations-30, between-31)
nn(cravat-33, silk-32)
pobj(between-31, cravat-33)
partmod(cravat-33, wearing-34)
dobj(wearing-34, men-35)
punct(men-35, ,-36)
amod(bickering-38, constant-37)
conj(men-35, bickering-38)
punct(men-35, ,-39)
amod(music-42, misplaced-40)
nn(music-42, circus-41)
conj(men-35, music-42)
punct(men-35, ,-43)
conj(men-35, bizarre-44)
dep(bizarre-44, flashbacks-45)
amod(flashbacks-45, reminiscent-46)
prep(reminiscent-46, of-47)
amod(expressionism-49, faux-German-48)
pobj(of-47, expressionism-49)
punct(expressionism-49, ,-50)
det(aesthetic-53, the-51)
nn(aesthetic-53, horror-52)
appos(expressionism-49, aesthetic-53)
prep(aesthetic-53, of-54)
det(grade-57, the-55)
amod(grade-57, 4th-56)
pobj(of-54, grade-57)
cc(grade-57, and-58)
conj(grade-57, heaps-59)
prep(heaps-59, of-60)
amod(overacting-62, dramatic-61)
pobj(of-60, overacting-62)
punct(trudge-2, .-63)

Sentence #12 (11 tokens):
This all inevitably leads to the expected & ungratifying ending.
[Text=This CharacterOffsetBegin=1393 CharacterOffsetEnd=1397 PartOfSpeech=DT] [Text=all CharacterOffsetBegin=1398 CharacterOffsetEnd=1401 PartOfSpeech=DT] [Text=inevitably CharacterOffsetBegin=1402 CharacterOffsetEnd=1412 PartOfSpeech=RB] [Text=leads CharacterOffsetBegin=1413 CharacterOffsetEnd=1418 PartOfSpeech=VBZ] [Text=to CharacterOffsetBegin=1419 CharacterOffsetEnd=1421 PartOfSpeech=TO] [Text=the CharacterOffsetBegin=1422 CharacterOffsetEnd=1425 PartOfSpeech=DT] [Text=expected CharacterOffsetBegin=1426 CharacterOffsetEnd=1434 PartOfSpeech=VBN] [Text=& CharacterOffsetBegin=1435 CharacterOffsetEnd=1436 PartOfSpeech=CC] [Text=ungratifying CharacterOffsetBegin=1437 CharacterOffsetEnd=1449 PartOfSpeech=VBG] [Text=ending CharacterOffsetBegin=1450 CharacterOffsetEnd=1456 PartOfSpeech=VBG] [Text=. CharacterOffsetBegin=1456 CharacterOffsetEnd=1457 PartOfSpeech=.] 
root(ROOT-0, leads-4)
nsubj(leads-4, This-1)
dep(leads-4, all-2)
advmod(leads-4, inevitably-3)
prep(leads-4, to-5)
det(expected-7, the-6)
pobj(to-5, expected-7)
cc(expected-7, &-8)
nsubj(ending-10, ungratifying-9)
conj(expected-7, ending-10)
punct(leads-4, .-11)

Sentence #13 (20 tokens):
You will be happy to still be alive, but the pain might be too great to bear alone.
[Text=You CharacterOffsetBegin=1462 CharacterOffsetEnd=1465 PartOfSpeech=PRP] [Text=will CharacterOffsetBegin=1466 CharacterOffsetEnd=1470 PartOfSpeech=MD] [Text=be CharacterOffsetBegin=1471 CharacterOffsetEnd=1473 PartOfSpeech=VB] [Text=happy CharacterOffsetBegin=1474 CharacterOffsetEnd=1479 PartOfSpeech=JJ] [Text=to CharacterOffsetBegin=1480 CharacterOffsetEnd=1482 PartOfSpeech=TO] [Text=still CharacterOffsetBegin=1483 CharacterOffsetEnd=1488 PartOfSpeech=RB] [Text=be CharacterOffsetBegin=1489 CharacterOffsetEnd=1491 PartOfSpeech=VB] [Text=alive CharacterOffsetBegin=1492 CharacterOffsetEnd=1497 PartOfSpeech=JJ] [Text=, CharacterOffsetBegin=1497 CharacterOffsetEnd=1498 PartOfSpeech=,] [Text=but CharacterOffsetBegin=1499 CharacterOffsetEnd=1502 PartOfSpeech=CC] [Text=the CharacterOffsetBegin=1503 CharacterOffsetEnd=1506 PartOfSpeech=DT] [Text=pain CharacterOffsetBegin=1507 CharacterOffsetEnd=1511 PartOfSpeech=NN] [Text=might CharacterOffsetBegin=1512 CharacterOffsetEnd=1517 PartOfSpeech=MD] [Text=be CharacterOffsetBegin=1518 CharacterOffsetEnd=1520 PartOfSpeech=VB] [Text=too CharacterOffsetBegin=1521 CharacterOffsetEnd=1524 PartOfSpeech=RB] [Text=great CharacterOffsetBegin=1525 CharacterOffsetEnd=1530 PartOfSpeech=JJ] [Text=to CharacterOffsetBegin=1531 CharacterOffsetEnd=1533 PartOfSpeech=TO] [Text=bear CharacterOffsetBegin=1534 CharacterOffsetEnd=1538 PartOfSpeech=VB] [Text=alone CharacterOffsetBegin=1539 CharacterOffsetEnd=1544 PartOfSpeech=RB] [Text=. CharacterOffsetBegin=1544 CharacterOffsetEnd=1545 PartOfSpeech=.] 
root(ROOT-0, happy-4)
nsubj(happy-4, You-1)
aux(happy-4, will-2)
cop(happy-4, be-3)
aux(alive-8, to-5)
advmod(alive-8, still-6)
cop(alive-8, be-7)
xcomp(happy-4, alive-8)
punct(happy-4, ,-9)
cc(happy-4, but-10)
det(pain-12, the-11)
nsubj(great-16, pain-12)
aux(great-16, might-13)
cop(great-16, be-14)
advmod(great-16, too-15)
conj(happy-4, great-16)
aux(bear-18, to-17)
xcomp(great-16, bear-18)
advmod(bear-18, alone-19)
punct(happy-4, .-20)

Sentence #14 (5 tokens):
Share children, share.-Celluloid Rehab
[Text=Share CharacterOffsetBegin=1550 CharacterOffsetEnd=1555 PartOfSpeech=NN] [Text=children CharacterOffsetBegin=1556 CharacterOffsetEnd=1564 PartOfSpeech=NNS] [Text=, CharacterOffsetBegin=1564 CharacterOffsetEnd=1565 PartOfSpeech=,] [Text=share.-Celluloid CharacterOffsetBegin=1566 CharacterOffsetEnd=1582 PartOfSpeech=JJ] [Text=Rehab CharacterOffsetBegin=1583 CharacterOffsetEnd=1588 PartOfSpeech=NN] 
root(ROOT-0, children-2)
nn(children-2, Share-1)
punct(children-2, ,-3)
amod(Rehab-5, share.-Celluloid-4)
appos(children-2, Rehab-5)

