Sentence #1 (77 tokens):
Like 'First Blood', this attempts to make a point about the treatment of Vietnam vets, but there really isn't much time for that in between the monotonous gunfire, burnings, stabbings, torture and explosions as an impossibly indestructible Rambo takes out half of Asia, a ton of Vietnamese soldiers, most of the Russian army, various vehicles and anything else he can point a rocket launcher at.
[Text=Like CharacterOffsetBegin=4 CharacterOffsetEnd=8 PartOfSpeech=IN] [Text=` CharacterOffsetBegin=9 CharacterOffsetEnd=10 PartOfSpeech=``] [Text=First CharacterOffsetBegin=10 CharacterOffsetEnd=15 PartOfSpeech=JJ] [Text=Blood CharacterOffsetBegin=16 CharacterOffsetEnd=21 PartOfSpeech=NN] [Text=' CharacterOffsetBegin=21 CharacterOffsetEnd=22 PartOfSpeech=''] [Text=, CharacterOffsetBegin=22 CharacterOffsetEnd=23 PartOfSpeech=,] [Text=this CharacterOffsetBegin=24 CharacterOffsetEnd=28 PartOfSpeech=DT] [Text=attempts CharacterOffsetBegin=29 CharacterOffsetEnd=37 PartOfSpeech=VBZ] [Text=to CharacterOffsetBegin=38 CharacterOffsetEnd=40 PartOfSpeech=TO] [Text=make CharacterOffsetBegin=41 CharacterOffsetEnd=45 PartOfSpeech=VB] [Text=a CharacterOffsetBegin=46 CharacterOffsetEnd=47 PartOfSpeech=DT] [Text=point CharacterOffsetBegin=48 CharacterOffsetEnd=53 PartOfSpeech=NN] [Text=about CharacterOffsetBegin=54 CharacterOffsetEnd=59 PartOfSpeech=IN] [Text=the CharacterOffsetBegin=60 CharacterOffsetEnd=63 PartOfSpeech=DT] [Text=treatment CharacterOffsetBegin=64 CharacterOffsetEnd=73 PartOfSpeech=NN] [Text=of CharacterOffsetBegin=74 CharacterOffsetEnd=76 PartOfSpeech=IN] [Text=Vietnam CharacterOffsetBegin=77 CharacterOffsetEnd=84 PartOfSpeech=NNP] [Text=vets CharacterOffsetBegin=85 CharacterOffsetEnd=89 PartOfSpeech=NNS] [Text=, CharacterOffsetBegin=89 CharacterOffsetEnd=90 PartOfSpeech=,] [Text=but CharacterOffsetBegin=91 CharacterOffsetEnd=94 PartOfSpeech=CC] [Text=there CharacterOffsetBegin=95 CharacterOffsetEnd=100 PartOfSpeech=EX] [Text=really CharacterOffsetBegin=101 CharacterOffsetEnd=107 PartOfSpeech=RB] [Text=is CharacterOffsetBegin=108 CharacterOffsetEnd=110 PartOfSpeech=VBZ] [Text=n't CharacterOffsetBegin=110 CharacterOffsetEnd=113 PartOfSpeech=RB] [Text=much CharacterOffsetBegin=114 CharacterOffsetEnd=118 PartOfSpeech=JJ] [Text=time CharacterOffsetBegin=119 CharacterOffsetEnd=123 PartOfSpeech=NN] [Text=for CharacterOffsetBegin=124 CharacterOffsetEnd=127 PartOfSpeech=IN] [Text=that CharacterOffsetBegin=128 CharacterOffsetEnd=132 PartOfSpeech=DT] [Text=in CharacterOffsetBegin=133 CharacterOffsetEnd=135 PartOfSpeech=IN] [Text=between CharacterOffsetBegin=136 CharacterOffsetEnd=143 PartOfSpeech=IN] [Text=the CharacterOffsetBegin=144 CharacterOffsetEnd=147 PartOfSpeech=DT] [Text=monotonous CharacterOffsetBegin=148 CharacterOffsetEnd=158 PartOfSpeech=JJ] [Text=gunfire CharacterOffsetBegin=159 CharacterOffsetEnd=166 PartOfSpeech=NN] [Text=, CharacterOffsetBegin=166 CharacterOffsetEnd=167 PartOfSpeech=,] [Text=burnings CharacterOffsetBegin=168 CharacterOffsetEnd=176 PartOfSpeech=NNS] [Text=, CharacterOffsetBegin=176 CharacterOffsetEnd=177 PartOfSpeech=,] [Text=stabbings CharacterOffsetBegin=178 CharacterOffsetEnd=187 PartOfSpeech=NNS] [Text=, CharacterOffsetBegin=187 CharacterOffsetEnd=188 PartOfSpeech=,] [Text=torture CharacterOffsetBegin=189 CharacterOffsetEnd=196 PartOfSpeech=VB] [Text=and CharacterOffsetBegin=197 CharacterOffsetEnd=200 PartOfSpeech=CC] [Text=explosions CharacterOffsetBegin=201 CharacterOffsetEnd=211 PartOfSpeech=NNS] [Text=as CharacterOffsetBegin=212 CharacterOffsetEnd=214 PartOfSpeech=IN] [Text=an CharacterOffsetBegin=215 CharacterOffsetEnd=217 PartOfSpeech=DT] [Text=impossibly CharacterOffsetBegin=218 CharacterOffsetEnd=228 PartOfSpeech=RB] [Text=indestructible CharacterOffsetBegin=229 CharacterOffsetEnd=243 PartOfSpeech=JJ] [Text=Rambo CharacterOffsetBegin=244 CharacterOffsetEnd=249 PartOfSpeech=NNP] [Text=takes CharacterOffsetBegin=250 CharacterOffsetEnd=255 PartOfSpeech=VBZ] [Text=out CharacterOffsetBegin=256 CharacterOffsetEnd=259 PartOfSpeech=RP] [Text=half CharacterOffsetBegin=260 CharacterOffsetEnd=264 PartOfSpeech=NN] [Text=of CharacterOffsetBegin=265 CharacterOffsetEnd=267 PartOfSpeech=IN] [Text=Asia CharacterOffsetBegin=268 CharacterOffsetEnd=272 PartOfSpeech=NNP] [Text=, CharacterOffsetBegin=272 CharacterOffsetEnd=273 PartOfSpeech=,] [Text=a CharacterOffsetBegin=274 CharacterOffsetEnd=275 PartOfSpeech=DT] [Text=ton CharacterOffsetBegin=276 CharacterOffsetEnd=279 PartOfSpeech=NN] [Text=of CharacterOffsetBegin=280 CharacterOffsetEnd=282 PartOfSpeech=IN] [Text=Vietnamese CharacterOffsetBegin=283 CharacterOffsetEnd=293 PartOfSpeech=JJ] [Text=soldiers CharacterOffsetBegin=294 CharacterOffsetEnd=302 PartOfSpeech=NNS] [Text=, CharacterOffsetBegin=302 CharacterOffsetEnd=303 PartOfSpeech=,] [Text=most CharacterOffsetBegin=304 CharacterOffsetEnd=308 PartOfSpeech=JJS] [Text=of CharacterOffsetBegin=309 CharacterOffsetEnd=311 PartOfSpeech=IN] [Text=the CharacterOffsetBegin=312 CharacterOffsetEnd=315 PartOfSpeech=DT] [Text=Russian CharacterOffsetBegin=316 CharacterOffsetEnd=323 PartOfSpeech=JJ] [Text=army CharacterOffsetBegin=324 CharacterOffsetEnd=328 PartOfSpeech=NN] [Text=, CharacterOffsetBegin=328 CharacterOffsetEnd=329 PartOfSpeech=,] [Text=various CharacterOffsetBegin=330 CharacterOffsetEnd=337 PartOfSpeech=JJ] [Text=vehicles CharacterOffsetBegin=338 CharacterOffsetEnd=346 PartOfSpeech=NNS] [Text=and CharacterOffsetBegin=347 CharacterOffsetEnd=350 PartOfSpeech=CC] [Text=anything CharacterOffsetBegin=351 CharacterOffsetEnd=359 PartOfSpeech=NN] [Text=else CharacterOffsetBegin=360 CharacterOffsetEnd=364 PartOfSpeech=RB] [Text=he CharacterOffsetBegin=365 CharacterOffsetEnd=367 PartOfSpeech=PRP] [Text=can CharacterOffsetBegin=368 CharacterOffsetEnd=371 PartOfSpeech=MD] [Text=point CharacterOffsetBegin=372 CharacterOffsetEnd=377 PartOfSpeech=VB] [Text=a CharacterOffsetBegin=378 CharacterOffsetEnd=379 PartOfSpeech=DT] [Text=rocket CharacterOffsetBegin=380 CharacterOffsetEnd=386 PartOfSpeech=NN] [Text=launcher CharacterOffsetBegin=387 CharacterOffsetEnd=395 PartOfSpeech=NN] [Text=at CharacterOffsetBegin=396 CharacterOffsetEnd=398 PartOfSpeech=IN] [Text=. CharacterOffsetBegin=398 CharacterOffsetEnd=399 PartOfSpeech=.] 
root(ROOT-0, attempts-8)
prep(attempts-8, Like-1)
punct(Blood-4, `-2)
amod(Blood-4, First-3)
pobj(Like-1, Blood-4)
punct(Blood-4, '-5)
punct(attempts-8, ,-6)
nsubj(attempts-8, this-7)
aux(make-10, to-9)
xcomp(attempts-8, make-10)
det(point-12, a-11)
dobj(make-10, point-12)
prep(point-12, about-13)
det(treatment-15, the-14)
pobj(about-13, treatment-15)
prep(treatment-15, of-16)
nn(vets-18, Vietnam-17)
pobj(of-16, vets-18)
punct(attempts-8, ,-19)
cc(attempts-8, but-20)
expl(is-23, there-21)
advmod(is-23, really-22)
conj(attempts-8, is-23)
neg(is-23, n't-24)
amod(time-26, much-25)
nsubj(is-23, time-26)
prep(time-26, for-27)
pobj(for-27, that-28)
prep(is-23, in-29)
pcomp(in-29, between-30)
det(gunfire-33, the-31)
amod(gunfire-33, monotonous-32)
pobj(between-30, gunfire-33)
punct(gunfire-33, ,-34)
conj(gunfire-33, burnings-35)
punct(gunfire-33, ,-36)
conj(gunfire-33, stabbings-37)
punct(gunfire-33, ,-38)
conj(gunfire-33, torture-39)
cc(gunfire-33, and-40)
conj(gunfire-33, explosions-41)
mark(takes-47, as-42)
det(Rambo-46, an-43)
advmod(indestructible-45, impossibly-44)
amod(Rambo-46, indestructible-45)
nsubj(takes-47, Rambo-46)
advcl(is-23, takes-47)
prt(takes-47, out-48)
dobj(takes-47, half-49)
prep(half-49, of-50)
pobj(of-50, Asia-51)
punct(takes-47, ,-52)
det(ton-54, a-53)
dobj(takes-47, ton-54)
prep(ton-54, of-55)
amod(soldiers-57, Vietnamese-56)
pobj(of-55, soldiers-57)
punct(takes-47, ,-58)
advmod(takes-47, most-59)
prep(most-59, of-60)
det(army-63, the-61)
amod(army-63, Russian-62)
pobj(of-60, army-63)
punct(takes-47, ,-64)
amod(vehicles-66, various-65)
dobj(takes-47, vehicles-66)
cc(vehicles-66, and-67)
conj(vehicles-66, anything-68)
advmod(point-72, else-69)
nsubj(point-72, he-70)
aux(point-72, can-71)
rcmod(anything-68, point-72)
det(launcher-75, a-73)
nn(launcher-75, rocket-74)
dobj(point-72, launcher-75)
prep(point-72, at-76)
punct(attempts-8, .-77)

Sentence #2 (35 tokens):
The only woman in the middle of all these boys toys is soon bumped off, allowing the testosterone to reach dangerous levels and the script to degenerate into a succession of loud noises.
[Text=The CharacterOffsetBegin=404 CharacterOffsetEnd=407 PartOfSpeech=DT] [Text=only CharacterOffsetBegin=408 CharacterOffsetEnd=412 PartOfSpeech=JJ] [Text=woman CharacterOffsetBegin=413 CharacterOffsetEnd=418 PartOfSpeech=NN] [Text=in CharacterOffsetBegin=419 CharacterOffsetEnd=421 PartOfSpeech=IN] [Text=the CharacterOffsetBegin=422 CharacterOffsetEnd=425 PartOfSpeech=DT] [Text=middle CharacterOffsetBegin=426 CharacterOffsetEnd=432 PartOfSpeech=NN] [Text=of CharacterOffsetBegin=433 CharacterOffsetEnd=435 PartOfSpeech=IN] [Text=all CharacterOffsetBegin=436 CharacterOffsetEnd=439 PartOfSpeech=PDT] [Text=these CharacterOffsetBegin=440 CharacterOffsetEnd=445 PartOfSpeech=DT] [Text=boys CharacterOffsetBegin=446 CharacterOffsetEnd=450 PartOfSpeech=NNS] [Text=toys CharacterOffsetBegin=451 CharacterOffsetEnd=455 PartOfSpeech=NNS] [Text=is CharacterOffsetBegin=456 CharacterOffsetEnd=458 PartOfSpeech=VBZ] [Text=soon CharacterOffsetBegin=459 CharacterOffsetEnd=463 PartOfSpeech=RB] [Text=bumped CharacterOffsetBegin=464 CharacterOffsetEnd=470 PartOfSpeech=VBN] [Text=off CharacterOffsetBegin=471 CharacterOffsetEnd=474 PartOfSpeech=RP] [Text=, CharacterOffsetBegin=474 CharacterOffsetEnd=475 PartOfSpeech=,] [Text=allowing CharacterOffsetBegin=476 CharacterOffsetEnd=484 PartOfSpeech=VBG] [Text=the CharacterOffsetBegin=485 CharacterOffsetEnd=488 PartOfSpeech=DT] [Text=testosterone CharacterOffsetBegin=489 CharacterOffsetEnd=501 PartOfSpeech=NN] [Text=to CharacterOffsetBegin=502 CharacterOffsetEnd=504 PartOfSpeech=TO] [Text=reach CharacterOffsetBegin=505 CharacterOffsetEnd=510 PartOfSpeech=VB] [Text=dangerous CharacterOffsetBegin=511 CharacterOffsetEnd=520 PartOfSpeech=JJ] [Text=levels CharacterOffsetBegin=521 CharacterOffsetEnd=527 PartOfSpeech=NNS] [Text=and CharacterOffsetBegin=528 CharacterOffsetEnd=531 PartOfSpeech=CC] [Text=the CharacterOffsetBegin=532 CharacterOffsetEnd=535 PartOfSpeech=DT] [Text=script CharacterOffsetBegin=536 CharacterOffsetEnd=542 PartOfSpeech=NN] [Text=to CharacterOffsetBegin=543 CharacterOffsetEnd=545 PartOfSpeech=TO] [Text=degenerate CharacterOffsetBegin=546 CharacterOffsetEnd=556 PartOfSpeech=VB] [Text=into CharacterOffsetBegin=557 CharacterOffsetEnd=561 PartOfSpeech=IN] [Text=a CharacterOffsetBegin=562 CharacterOffsetEnd=563 PartOfSpeech=DT] [Text=succession CharacterOffsetBegin=564 CharacterOffsetEnd=574 PartOfSpeech=NN] [Text=of CharacterOffsetBegin=575 CharacterOffsetEnd=577 PartOfSpeech=IN] [Text=loud CharacterOffsetBegin=578 CharacterOffsetEnd=582 PartOfSpeech=JJ] [Text=noises CharacterOffsetBegin=583 CharacterOffsetEnd=589 PartOfSpeech=NNS] [Text=. CharacterOffsetBegin=589 CharacterOffsetEnd=590 PartOfSpeech=.] 
root(ROOT-0, bumped-14)
det(woman-3, The-1)
amod(woman-3, only-2)
nsubjpass(bumped-14, woman-3)
prep(woman-3, in-4)
det(middle-6, the-5)
pobj(in-4, middle-6)
prep(middle-6, of-7)
predet(toys-11, all-8)
det(toys-11, these-9)
nn(toys-11, boys-10)
pobj(of-7, toys-11)
auxpass(bumped-14, is-12)
advmod(bumped-14, soon-13)
prt(bumped-14, off-15)
punct(bumped-14, ,-16)
partmod(bumped-14, allowing-17)
det(testosterone-19, the-18)
nsubj(reach-21, testosterone-19)
aux(reach-21, to-20)
xcomp(allowing-17, reach-21)
amod(levels-23, dangerous-22)
dobj(reach-21, levels-23)
cc(levels-23, and-24)
det(script-26, the-25)
conj(levels-23, script-26)
aux(degenerate-28, to-27)
infmod(script-26, degenerate-28)
prep(degenerate-28, into-29)
det(succession-31, a-30)
pobj(into-29, succession-31)
prep(succession-31, of-32)
amod(noises-34, loud-33)
pobj(of-32, noises-34)
punct(bumped-14, .-35)

Sentence #3 (39 tokens):
Helpfully supplying a few hackneyed musical cues is Jerry Goldsmith, who carefully checks off all the clichd themes from Russian rat-a-tat to Chinese ching-chang-chong just in case we don't quite understand who we're looking at.
[Text=Helpfully CharacterOffsetBegin=595 CharacterOffsetEnd=604 PartOfSpeech=RB] [Text=supplying CharacterOffsetBegin=605 CharacterOffsetEnd=614 PartOfSpeech=VBG] [Text=a CharacterOffsetBegin=615 CharacterOffsetEnd=616 PartOfSpeech=DT] [Text=few CharacterOffsetBegin=617 CharacterOffsetEnd=620 PartOfSpeech=JJ] [Text=hackneyed CharacterOffsetBegin=621 CharacterOffsetEnd=630 PartOfSpeech=JJ] [Text=musical CharacterOffsetBegin=631 CharacterOffsetEnd=638 PartOfSpeech=JJ] [Text=cues CharacterOffsetBegin=639 CharacterOffsetEnd=643 PartOfSpeech=NNS] [Text=is CharacterOffsetBegin=644 CharacterOffsetEnd=646 PartOfSpeech=VBZ] [Text=Jerry CharacterOffsetBegin=647 CharacterOffsetEnd=652 PartOfSpeech=NNP] [Text=Goldsmith CharacterOffsetBegin=653 CharacterOffsetEnd=662 PartOfSpeech=NNP] [Text=, CharacterOffsetBegin=662 CharacterOffsetEnd=663 PartOfSpeech=,] [Text=who CharacterOffsetBegin=664 CharacterOffsetEnd=667 PartOfSpeech=WP] [Text=carefully CharacterOffsetBegin=668 CharacterOffsetEnd=677 PartOfSpeech=RB] [Text=checks CharacterOffsetBegin=678 CharacterOffsetEnd=684 PartOfSpeech=NNS] [Text=off CharacterOffsetBegin=685 CharacterOffsetEnd=688 PartOfSpeech=IN] [Text=all CharacterOffsetBegin=689 CharacterOffsetEnd=692 PartOfSpeech=PDT] [Text=the CharacterOffsetBegin=693 CharacterOffsetEnd=696 PartOfSpeech=DT] [Text=clichd CharacterOffsetBegin=697 CharacterOffsetEnd=703 PartOfSpeech=JJ] [Text=themes CharacterOffsetBegin=704 CharacterOffsetEnd=710 PartOfSpeech=NNS] [Text=from CharacterOffsetBegin=711 CharacterOffsetEnd=715 PartOfSpeech=IN] [Text=Russian CharacterOffsetBegin=716 CharacterOffsetEnd=723 PartOfSpeech=JJ] [Text=rat-a-tat CharacterOffsetBegin=724 CharacterOffsetEnd=733 PartOfSpeech=NN] [Text=to CharacterOffsetBegin=734 CharacterOffsetEnd=736 PartOfSpeech=TO] [Text=Chinese CharacterOffsetBegin=737 CharacterOffsetEnd=744 PartOfSpeech=JJ] [Text=ching-chang-chong CharacterOffsetBegin=745 CharacterOffsetEnd=762 PartOfSpeech=NN] [Text=just CharacterOffsetBegin=763 CharacterOffsetEnd=767 PartOfSpeech=RB] [Text=in CharacterOffsetBegin=768 CharacterOffsetEnd=770 PartOfSpeech=IN] [Text=case CharacterOffsetBegin=771 CharacterOffsetEnd=775 PartOfSpeech=NN] [Text=we CharacterOffsetBegin=776 CharacterOffsetEnd=778 PartOfSpeech=PRP] [Text=do CharacterOffsetBegin=779 CharacterOffsetEnd=781 PartOfSpeech=VBP] [Text=n't CharacterOffsetBegin=781 CharacterOffsetEnd=784 PartOfSpeech=RB] [Text=quite CharacterOffsetBegin=785 CharacterOffsetEnd=790 PartOfSpeech=RB] [Text=understand CharacterOffsetBegin=791 CharacterOffsetEnd=801 PartOfSpeech=VB] [Text=who CharacterOffsetBegin=802 CharacterOffsetEnd=805 PartOfSpeech=WP] [Text=we CharacterOffsetBegin=806 CharacterOffsetEnd=808 PartOfSpeech=PRP] [Text='re CharacterOffsetBegin=808 CharacterOffsetEnd=811 PartOfSpeech=VBP] [Text=looking CharacterOffsetBegin=812 CharacterOffsetEnd=819 PartOfSpeech=VBG] [Text=at CharacterOffsetBegin=820 CharacterOffsetEnd=822 PartOfSpeech=IN] [Text=. CharacterOffsetBegin=822 CharacterOffsetEnd=823 PartOfSpeech=.] 
root(ROOT-0, supplying-2)
advmod(supplying-2, Helpfully-1)
det(cues-7, a-3)
amod(cues-7, few-4)
amod(cues-7, hackneyed-5)
amod(cues-7, musical-6)
dobj(supplying-2, cues-7)
aux(supplying-2, is-8)
nn(Goldsmith-10, Jerry-9)
nsubj(supplying-2, Goldsmith-10)
punct(Goldsmith-10, ,-11)
nsubj(checks-14, who-12)
advmod(checks-14, carefully-13)
rcmod(Goldsmith-10, checks-14)
prep(checks-14, off-15)
predet(themes-19, all-16)
det(themes-19, the-17)
amod(themes-19, clichd-18)
pobj(off-15, themes-19)
prep(themes-19, from-20)
amod(rat-a-tat-22, Russian-21)
pobj(from-20, rat-a-tat-22)
prep(themes-19, to-23)
amod(ching-chang-chong-25, Chinese-24)
pobj(to-23, ching-chang-chong-25)
advmod(in-27, just-26)
prep(checks-14, in-27)
pobj(in-27, case-28)
nsubj(understand-33, we-29)
aux(understand-33, do-30)
neg(understand-33, n't-31)
advmod(understand-33, quite-32)
rcmod(checks-14, understand-33)
dobj(looking-37, who-34)
nsubj(looking-37, we-35)
aux(looking-37, 're-36)
ccomp(understand-33, looking-37)
prep(looking-37, at-38)
punct(supplying-2, .-39)

Sentence #4 (15 tokens):
Stallone has a brain in his head; this empty nonsense is beneath him.
[Text=Stallone CharacterOffsetBegin=828 CharacterOffsetEnd=836 PartOfSpeech=NNP] [Text=has CharacterOffsetBegin=837 CharacterOffsetEnd=840 PartOfSpeech=VBZ] [Text=a CharacterOffsetBegin=841 CharacterOffsetEnd=842 PartOfSpeech=DT] [Text=brain CharacterOffsetBegin=843 CharacterOffsetEnd=848 PartOfSpeech=NN] [Text=in CharacterOffsetBegin=849 CharacterOffsetEnd=851 PartOfSpeech=IN] [Text=his CharacterOffsetBegin=852 CharacterOffsetEnd=855 PartOfSpeech=PRP$] [Text=head CharacterOffsetBegin=856 CharacterOffsetEnd=860 PartOfSpeech=NN] [Text=; CharacterOffsetBegin=860 CharacterOffsetEnd=861 PartOfSpeech=:] [Text=this CharacterOffsetBegin=862 CharacterOffsetEnd=866 PartOfSpeech=DT] [Text=empty CharacterOffsetBegin=867 CharacterOffsetEnd=872 PartOfSpeech=JJ] [Text=nonsense CharacterOffsetBegin=873 CharacterOffsetEnd=881 PartOfSpeech=NN] [Text=is CharacterOffsetBegin=882 CharacterOffsetEnd=884 PartOfSpeech=VBZ] [Text=beneath CharacterOffsetBegin=885 CharacterOffsetEnd=892 PartOfSpeech=IN] [Text=him CharacterOffsetBegin=893 CharacterOffsetEnd=896 PartOfSpeech=PRP] [Text=. CharacterOffsetBegin=896 CharacterOffsetEnd=897 PartOfSpeech=.] 
root(ROOT-0, has-2)
nsubj(has-2, Stallone-1)
det(brain-4, a-3)
dobj(has-2, brain-4)
prep(has-2, in-5)
poss(head-7, his-6)
pobj(in-5, head-7)
punct(has-2, ;-8)
det(nonsense-11, this-9)
amod(nonsense-11, empty-10)
parataxis(has-2, nonsense-11)
dep(nonsense-11, is-12)
prep(is-12, beneath-13)
pobj(beneath-13, him-14)
punct(has-2, .-15)

