Sentence #1 (8 tokens):
My, how the mighty have fallen.
[Text=My CharacterOffsetBegin=4 CharacterOffsetEnd=6 PartOfSpeech=PRP$] [Text=, CharacterOffsetBegin=6 CharacterOffsetEnd=7 PartOfSpeech=,] [Text=how CharacterOffsetBegin=8 CharacterOffsetEnd=11 PartOfSpeech=WRB] [Text=the CharacterOffsetBegin=12 CharacterOffsetEnd=15 PartOfSpeech=DT] [Text=mighty CharacterOffsetBegin=16 CharacterOffsetEnd=22 PartOfSpeech=JJ] [Text=have CharacterOffsetBegin=23 CharacterOffsetEnd=27 PartOfSpeech=VBP] [Text=fallen CharacterOffsetBegin=28 CharacterOffsetEnd=34 PartOfSpeech=VBN] [Text=. CharacterOffsetBegin=34 CharacterOffsetEnd=35 PartOfSpeech=.] 
root(ROOT-0, My-1)
punct(My-1, ,-2)
advmod(fallen-7, how-3)
det(mighty-5, the-4)
nsubj(fallen-7, mighty-5)
aux(fallen-7, have-6)
conj(My-1, fallen-7)
punct(My-1, .-8)

Sentence #2 (17 tokens):
Kim Basinger is a great actress but she was definitely slumming when she took this role.
[Text=Kim CharacterOffsetBegin=40 CharacterOffsetEnd=43 PartOfSpeech=NNP] [Text=Basinger CharacterOffsetBegin=44 CharacterOffsetEnd=52 PartOfSpeech=NNP] [Text=is CharacterOffsetBegin=53 CharacterOffsetEnd=55 PartOfSpeech=VBZ] [Text=a CharacterOffsetBegin=56 CharacterOffsetEnd=57 PartOfSpeech=DT] [Text=great CharacterOffsetBegin=58 CharacterOffsetEnd=63 PartOfSpeech=JJ] [Text=actress CharacterOffsetBegin=64 CharacterOffsetEnd=71 PartOfSpeech=NN] [Text=but CharacterOffsetBegin=72 CharacterOffsetEnd=75 PartOfSpeech=CC] [Text=she CharacterOffsetBegin=76 CharacterOffsetEnd=79 PartOfSpeech=PRP] [Text=was CharacterOffsetBegin=80 CharacterOffsetEnd=83 PartOfSpeech=VBD] [Text=definitely CharacterOffsetBegin=84 CharacterOffsetEnd=94 PartOfSpeech=RB] [Text=slumming CharacterOffsetBegin=95 CharacterOffsetEnd=103 PartOfSpeech=VBG] [Text=when CharacterOffsetBegin=104 CharacterOffsetEnd=108 PartOfSpeech=WRB] [Text=she CharacterOffsetBegin=109 CharacterOffsetEnd=112 PartOfSpeech=PRP] [Text=took CharacterOffsetBegin=113 CharacterOffsetEnd=117 PartOfSpeech=VBD] [Text=this CharacterOffsetBegin=118 CharacterOffsetEnd=122 PartOfSpeech=DT] [Text=role CharacterOffsetBegin=123 CharacterOffsetEnd=127 PartOfSpeech=NN] [Text=. CharacterOffsetBegin=127 CharacterOffsetEnd=128 PartOfSpeech=.] 
root(ROOT-0, actress-6)
nn(Basinger-2, Kim-1)
nsubj(actress-6, Basinger-2)
cop(actress-6, is-3)
det(actress-6, a-4)
amod(actress-6, great-5)
cc(actress-6, but-7)
nsubj(slumming-11, she-8)
aux(slumming-11, was-9)
advmod(slumming-11, definitely-10)
conj(actress-6, slumming-11)
advmod(took-14, when-12)
nsubj(took-14, she-13)
advcl(slumming-11, took-14)
det(role-16, this-15)
dobj(took-14, role-16)
punct(actress-6, .-17)

Sentence #3 (14 tokens):
This movie is bad for one reason in particular: lapses in logic.
[Text=This CharacterOffsetBegin=133 CharacterOffsetEnd=137 PartOfSpeech=DT] [Text=movie CharacterOffsetBegin=138 CharacterOffsetEnd=143 PartOfSpeech=NN] [Text=is CharacterOffsetBegin=144 CharacterOffsetEnd=146 PartOfSpeech=VBZ] [Text=bad CharacterOffsetBegin=147 CharacterOffsetEnd=150 PartOfSpeech=JJ] [Text=for CharacterOffsetBegin=151 CharacterOffsetEnd=154 PartOfSpeech=IN] [Text=one CharacterOffsetBegin=155 CharacterOffsetEnd=158 PartOfSpeech=CD] [Text=reason CharacterOffsetBegin=159 CharacterOffsetEnd=165 PartOfSpeech=NN] [Text=in CharacterOffsetBegin=166 CharacterOffsetEnd=168 PartOfSpeech=IN] [Text=particular CharacterOffsetBegin=169 CharacterOffsetEnd=179 PartOfSpeech=JJ] [Text=: CharacterOffsetBegin=179 CharacterOffsetEnd=180 PartOfSpeech=:] [Text=lapses CharacterOffsetBegin=181 CharacterOffsetEnd=187 PartOfSpeech=NNS] [Text=in CharacterOffsetBegin=188 CharacterOffsetEnd=190 PartOfSpeech=IN] [Text=logic CharacterOffsetBegin=191 CharacterOffsetEnd=196 PartOfSpeech=NN] [Text=. CharacterOffsetBegin=196 CharacterOffsetEnd=197 PartOfSpeech=.] 
root(ROOT-0, bad-4)
det(movie-2, This-1)
nsubj(bad-4, movie-2)
cop(bad-4, is-3)
prep(bad-4, for-5)
num(reason-7, one-6)
pobj(for-5, reason-7)
prep(reason-7, in-8)
pobj(in-8, particular-9)
punct(bad-4, :-10)
dep(bad-4, lapses-11)
prep(lapses-11, in-12)
pobj(in-12, logic-13)
punct(bad-4, .-14)

Sentence #4 (36 tokens):
Its looks like one of those movies that would have been passable with all its plot holes if it had came out in the 80s and 90s but in 2008 it just looks real stupid.
[Text=Its CharacterOffsetBegin=202 CharacterOffsetEnd=205 PartOfSpeech=PRP$] [Text=looks CharacterOffsetBegin=206 CharacterOffsetEnd=211 PartOfSpeech=NNS] [Text=like CharacterOffsetBegin=212 CharacterOffsetEnd=216 PartOfSpeech=IN] [Text=one CharacterOffsetBegin=217 CharacterOffsetEnd=220 PartOfSpeech=CD] [Text=of CharacterOffsetBegin=221 CharacterOffsetEnd=223 PartOfSpeech=IN] [Text=those CharacterOffsetBegin=224 CharacterOffsetEnd=229 PartOfSpeech=DT] [Text=movies CharacterOffsetBegin=230 CharacterOffsetEnd=236 PartOfSpeech=NNS] [Text=that CharacterOffsetBegin=237 CharacterOffsetEnd=241 PartOfSpeech=WDT] [Text=would CharacterOffsetBegin=242 CharacterOffsetEnd=247 PartOfSpeech=MD] [Text=have CharacterOffsetBegin=248 CharacterOffsetEnd=252 PartOfSpeech=VB] [Text=been CharacterOffsetBegin=253 CharacterOffsetEnd=257 PartOfSpeech=VBN] [Text=passable CharacterOffsetBegin=258 CharacterOffsetEnd=266 PartOfSpeech=JJ] [Text=with CharacterOffsetBegin=267 CharacterOffsetEnd=271 PartOfSpeech=IN] [Text=all CharacterOffsetBegin=272 CharacterOffsetEnd=275 PartOfSpeech=DT] [Text=its CharacterOffsetBegin=276 CharacterOffsetEnd=279 PartOfSpeech=PRP$] [Text=plot CharacterOffsetBegin=280 CharacterOffsetEnd=284 PartOfSpeech=NN] [Text=holes CharacterOffsetBegin=285 CharacterOffsetEnd=290 PartOfSpeech=NNS] [Text=if CharacterOffsetBegin=291 CharacterOffsetEnd=293 PartOfSpeech=IN] [Text=it CharacterOffsetBegin=294 CharacterOffsetEnd=296 PartOfSpeech=PRP] [Text=had CharacterOffsetBegin=297 CharacterOffsetEnd=300 PartOfSpeech=VBD] [Text=came CharacterOffsetBegin=301 CharacterOffsetEnd=305 PartOfSpeech=VBD] [Text=out CharacterOffsetBegin=306 CharacterOffsetEnd=309 PartOfSpeech=RP] [Text=in CharacterOffsetBegin=310 CharacterOffsetEnd=312 PartOfSpeech=IN] [Text=the CharacterOffsetBegin=313 CharacterOffsetEnd=316 PartOfSpeech=DT] [Text=80s CharacterOffsetBegin=317 CharacterOffsetEnd=320 PartOfSpeech=CD] [Text=and CharacterOffsetBegin=321 CharacterOffsetEnd=324 PartOfSpeech=CC] [Text=90s CharacterOffsetBegin=325 CharacterOffsetEnd=328 PartOfSpeech=CD] [Text=but CharacterOffsetBegin=329 CharacterOffsetEnd=332 PartOfSpeech=CC] [Text=in CharacterOffsetBegin=333 CharacterOffsetEnd=335 PartOfSpeech=IN] [Text=2008 CharacterOffsetBegin=336 CharacterOffsetEnd=340 PartOfSpeech=CD] [Text=it CharacterOffsetBegin=341 CharacterOffsetEnd=343 PartOfSpeech=PRP] [Text=just CharacterOffsetBegin=344 CharacterOffsetEnd=348 PartOfSpeech=RB] [Text=looks CharacterOffsetBegin=349 CharacterOffsetEnd=354 PartOfSpeech=VBZ] [Text=real CharacterOffsetBegin=355 CharacterOffsetEnd=359 PartOfSpeech=JJ] [Text=stupid CharacterOffsetBegin=360 CharacterOffsetEnd=366 PartOfSpeech=JJ] [Text=. CharacterOffsetBegin=366 CharacterOffsetEnd=367 PartOfSpeech=.] 
root(ROOT-0, looks-2)
poss(looks-2, Its-1)
prep(looks-2, like-3)
pobj(like-3, one-4)
prep(one-4, of-5)
det(movies-7, those-6)
pobj(of-5, movies-7)
nsubj(passable-12, that-8)
aux(passable-12, would-9)
aux(passable-12, have-10)
cop(passable-12, been-11)
rcmod(movies-7, passable-12)
prep(passable-12, with-13)
dep(holes-17, all-14)
poss(plot-16, its-15)
nsubj(holes-17, plot-16)
pobj(with-13, holes-17)
mark(came-21, if-18)
nsubj(came-21, it-19)
aux(came-21, had-20)
advcl(passable-12, came-21)
prt(came-21, out-22)
prep(came-21, in-23)
det(80s-25, the-24)
pobj(in-23, 80s-25)
cc(80s-25, and-26)
conj(80s-25, 90s-27)
cc(came-21, but-28)
prep(looks-33, in-29)
pobj(in-29, 2008-30)
nsubj(looks-33, it-31)
advmod(looks-33, just-32)
conj(came-21, looks-33)
amod(stupid-35, real-34)
acomp(looks-33, stupid-35)
punct(looks-2, .-36)

Sentence #5 (54 tokens):
This is the worst thriller I've ever seen and I've seen The Bone Collector and Twisted.The story details Della(Kim Basinger)is just getting from buying gifts in a mall an is harassed by a gang of thugs that end up killing a cop that came to her aid.
[Text=This CharacterOffsetBegin=372 CharacterOffsetEnd=376 PartOfSpeech=DT] [Text=is CharacterOffsetBegin=377 CharacterOffsetEnd=379 PartOfSpeech=VBZ] [Text=the CharacterOffsetBegin=380 CharacterOffsetEnd=383 PartOfSpeech=DT] [Text=worst CharacterOffsetBegin=384 CharacterOffsetEnd=389 PartOfSpeech=JJS] [Text=thriller CharacterOffsetBegin=390 CharacterOffsetEnd=398 PartOfSpeech=NN] [Text=I CharacterOffsetBegin=399 CharacterOffsetEnd=400 PartOfSpeech=PRP] [Text='ve CharacterOffsetBegin=400 CharacterOffsetEnd=403 PartOfSpeech=VBP] [Text=ever CharacterOffsetBegin=404 CharacterOffsetEnd=408 PartOfSpeech=RB] [Text=seen CharacterOffsetBegin=409 CharacterOffsetEnd=413 PartOfSpeech=VBN] [Text=and CharacterOffsetBegin=414 CharacterOffsetEnd=417 PartOfSpeech=CC] [Text=I CharacterOffsetBegin=418 CharacterOffsetEnd=419 PartOfSpeech=PRP] [Text='ve CharacterOffsetBegin=419 CharacterOffsetEnd=422 PartOfSpeech=VBP] [Text=seen CharacterOffsetBegin=423 CharacterOffsetEnd=427 PartOfSpeech=VBN] [Text=The CharacterOffsetBegin=428 CharacterOffsetEnd=431 PartOfSpeech=DT] [Text=Bone CharacterOffsetBegin=432 CharacterOffsetEnd=436 PartOfSpeech=NN] [Text=Collector CharacterOffsetBegin=437 CharacterOffsetEnd=446 PartOfSpeech=NNP] [Text=and CharacterOffsetBegin=447 CharacterOffsetEnd=450 PartOfSpeech=CC] [Text=Twisted.The CharacterOffsetBegin=451 CharacterOffsetEnd=462 PartOfSpeech=NNP] [Text=story CharacterOffsetBegin=463 CharacterOffsetEnd=468 PartOfSpeech=NN] [Text=details CharacterOffsetBegin=469 CharacterOffsetEnd=476 PartOfSpeech=NNS] [Text=Della CharacterOffsetBegin=477 CharacterOffsetEnd=482 PartOfSpeech=NNP] [Text=-LRB- CharacterOffsetBegin=482 CharacterOffsetEnd=483 PartOfSpeech=-LRB-] [Text=Kim CharacterOffsetBegin=483 CharacterOffsetEnd=486 PartOfSpeech=NNP] [Text=Basinger CharacterOffsetBegin=487 CharacterOffsetEnd=495 PartOfSpeech=NNP] [Text=-RRB- CharacterOffsetBegin=495 CharacterOffsetEnd=496 PartOfSpeech=-RRB-] [Text=is CharacterOffsetBegin=496 CharacterOffsetEnd=498 PartOfSpeech=VBZ] [Text=just CharacterOffsetBegin=499 CharacterOffsetEnd=503 PartOfSpeech=RB] [Text=getting CharacterOffsetBegin=504 CharacterOffsetEnd=511 PartOfSpeech=VBG] [Text=from CharacterOffsetBegin=512 CharacterOffsetEnd=516 PartOfSpeech=IN] [Text=buying CharacterOffsetBegin=517 CharacterOffsetEnd=523 PartOfSpeech=VBG] [Text=gifts CharacterOffsetBegin=524 CharacterOffsetEnd=529 PartOfSpeech=NNS] [Text=in CharacterOffsetBegin=530 CharacterOffsetEnd=532 PartOfSpeech=IN] [Text=a CharacterOffsetBegin=533 CharacterOffsetEnd=534 PartOfSpeech=DT] [Text=mall CharacterOffsetBegin=535 CharacterOffsetEnd=539 PartOfSpeech=NN] [Text=an CharacterOffsetBegin=540 CharacterOffsetEnd=542 PartOfSpeech=DT] [Text=is CharacterOffsetBegin=543 CharacterOffsetEnd=545 PartOfSpeech=VBZ] [Text=harassed CharacterOffsetBegin=546 CharacterOffsetEnd=554 PartOfSpeech=VBN] [Text=by CharacterOffsetBegin=555 CharacterOffsetEnd=557 PartOfSpeech=IN] [Text=a CharacterOffsetBegin=558 CharacterOffsetEnd=559 PartOfSpeech=DT] [Text=gang CharacterOffsetBegin=560 CharacterOffsetEnd=564 PartOfSpeech=NN] [Text=of CharacterOffsetBegin=565 CharacterOffsetEnd=567 PartOfSpeech=IN] [Text=thugs CharacterOffsetBegin=568 CharacterOffsetEnd=573 PartOfSpeech=NNS] [Text=that CharacterOffsetBegin=574 CharacterOffsetEnd=578 PartOfSpeech=WDT] [Text=end CharacterOffsetBegin=579 CharacterOffsetEnd=582 PartOfSpeech=VBP] [Text=up CharacterOffsetBegin=583 CharacterOffsetEnd=585 PartOfSpeech=RP] [Text=killing CharacterOffsetBegin=586 CharacterOffsetEnd=593 PartOfSpeech=VBG] [Text=a CharacterOffsetBegin=594 CharacterOffsetEnd=595 PartOfSpeech=DT] [Text=cop CharacterOffsetBegin=596 CharacterOffsetEnd=599 PartOfSpeech=NN] [Text=that CharacterOffsetBegin=600 CharacterOffsetEnd=604 PartOfSpeech=WDT] [Text=came CharacterOffsetBegin=605 CharacterOffsetEnd=609 PartOfSpeech=VBD] [Text=to CharacterOffsetBegin=610 CharacterOffsetEnd=612 PartOfSpeech=TO] [Text=her CharacterOffsetBegin=613 CharacterOffsetEnd=616 PartOfSpeech=PRP$] [Text=aid CharacterOffsetBegin=617 CharacterOffsetEnd=620 PartOfSpeech=NN] [Text=. CharacterOffsetBegin=620 CharacterOffsetEnd=621 PartOfSpeech=.] 
root(ROOT-0, thriller-5)
nsubj(thriller-5, This-1)
cop(thriller-5, is-2)
det(thriller-5, the-3)
amod(thriller-5, worst-4)
nsubj(seen-9, I-6)
aux(seen-9, 've-7)
advmod(seen-9, ever-8)
rcmod(thriller-5, seen-9)
cc(seen-9, and-10)
nsubj(seen-13, I-11)
aux(seen-13, 've-12)
conj(seen-9, seen-13)
det(Collector-16, The-14)
nn(Collector-16, Bone-15)
dobj(seen-13, Collector-16)
cc(Collector-16, and-17)
conj(Collector-16, Twisted.The-18)
dep(Twisted.The-18, story-19)
dobj(story-19, details-20)
nsubj(getting-28, Della-21)
punct(Basinger-24, -LRB--22)
nn(Basinger-24, Kim-23)
appos(Della-21, Basinger-24)
punct(Basinger-24, -RRB--25)
aux(getting-28, is-26)
advmod(getting-28, just-27)
rcmod(details-20, getting-28)
prep(getting-28, from-29)
pcomp(from-29, buying-30)
dobj(buying-30, gifts-31)
prep(gifts-31, in-32)
det(mall-34, a-33)
pobj(in-32, mall-34)
det(harassed-37, an-35)
auxpass(harassed-37, is-36)
dep(gifts-31, harassed-37)
prep(harassed-37, by-38)
det(gang-40, a-39)
pobj(by-38, gang-40)
prep(gang-40, of-41)
pobj(of-41, thugs-42)
nsubj(end-44, that-43)
rcmod(thugs-42, end-44)
prt(end-44, up-45)
xcomp(end-44, killing-46)
det(cop-48, a-47)
dobj(killing-46, cop-48)
nsubj(came-50, that-49)
rcmod(cop-48, came-50)
prep(came-50, to-51)
poss(aid-53, her-52)
pobj(to-51, aid-53)
punct(thriller-5, .-54)

Sentence #6 (37 tokens):
From then on she is chased by these idiotic goons through an abandoned street and she gets rid of them one by one with a toolbox full of tools.So many things are wrong with this movie.
[Text=From CharacterOffsetBegin=626 CharacterOffsetEnd=630 PartOfSpeech=IN] [Text=then CharacterOffsetBegin=631 CharacterOffsetEnd=635 PartOfSpeech=RB] [Text=on CharacterOffsetBegin=636 CharacterOffsetEnd=638 PartOfSpeech=IN] [Text=she CharacterOffsetBegin=639 CharacterOffsetEnd=642 PartOfSpeech=PRP] [Text=is CharacterOffsetBegin=643 CharacterOffsetEnd=645 PartOfSpeech=VBZ] [Text=chased CharacterOffsetBegin=646 CharacterOffsetEnd=652 PartOfSpeech=VBN] [Text=by CharacterOffsetBegin=653 CharacterOffsetEnd=655 PartOfSpeech=IN] [Text=these CharacterOffsetBegin=656 CharacterOffsetEnd=661 PartOfSpeech=DT] [Text=idiotic CharacterOffsetBegin=662 CharacterOffsetEnd=669 PartOfSpeech=JJ] [Text=goons CharacterOffsetBegin=670 CharacterOffsetEnd=675 PartOfSpeech=NNS] [Text=through CharacterOffsetBegin=676 CharacterOffsetEnd=683 PartOfSpeech=IN] [Text=an CharacterOffsetBegin=684 CharacterOffsetEnd=686 PartOfSpeech=DT] [Text=abandoned CharacterOffsetBegin=687 CharacterOffsetEnd=696 PartOfSpeech=JJ] [Text=street CharacterOffsetBegin=697 CharacterOffsetEnd=703 PartOfSpeech=NN] [Text=and CharacterOffsetBegin=704 CharacterOffsetEnd=707 PartOfSpeech=CC] [Text=she CharacterOffsetBegin=708 CharacterOffsetEnd=711 PartOfSpeech=PRP] [Text=gets CharacterOffsetBegin=712 CharacterOffsetEnd=716 PartOfSpeech=VBZ] [Text=rid CharacterOffsetBegin=717 CharacterOffsetEnd=720 PartOfSpeech=JJ] [Text=of CharacterOffsetBegin=721 CharacterOffsetEnd=723 PartOfSpeech=IN] [Text=them CharacterOffsetBegin=724 CharacterOffsetEnd=728 PartOfSpeech=PRP] [Text=one CharacterOffsetBegin=729 CharacterOffsetEnd=732 PartOfSpeech=CD] [Text=by CharacterOffsetBegin=733 CharacterOffsetEnd=735 PartOfSpeech=IN] [Text=one CharacterOffsetBegin=736 CharacterOffsetEnd=739 PartOfSpeech=CD] [Text=with CharacterOffsetBegin=740 CharacterOffsetEnd=744 PartOfSpeech=IN] [Text=a CharacterOffsetBegin=745 CharacterOffsetEnd=746 PartOfSpeech=DT] [Text=toolbox CharacterOffsetBegin=747 CharacterOffsetEnd=754 PartOfSpeech=NN] [Text=full CharacterOffsetBegin=755 CharacterOffsetEnd=759 PartOfSpeech=JJ] [Text=of CharacterOffsetBegin=760 CharacterOffsetEnd=762 PartOfSpeech=IN] [Text=tools.So CharacterOffsetBegin=763 CharacterOffsetEnd=771 PartOfSpeech=NNP] [Text=many CharacterOffsetBegin=772 CharacterOffsetEnd=776 PartOfSpeech=JJ] [Text=things CharacterOffsetBegin=777 CharacterOffsetEnd=783 PartOfSpeech=NNS] [Text=are CharacterOffsetBegin=784 CharacterOffsetEnd=787 PartOfSpeech=VBP] [Text=wrong CharacterOffsetBegin=788 CharacterOffsetEnd=793 PartOfSpeech=JJ] [Text=with CharacterOffsetBegin=794 CharacterOffsetEnd=798 PartOfSpeech=IN] [Text=this CharacterOffsetBegin=799 CharacterOffsetEnd=803 PartOfSpeech=DT] [Text=movie CharacterOffsetBegin=804 CharacterOffsetEnd=809 PartOfSpeech=NN] [Text=. CharacterOffsetBegin=809 CharacterOffsetEnd=810 PartOfSpeech=.] 
root(ROOT-0, From-1)
pobj(From-1, then-2)
mark(chased-6, on-3)
nsubjpass(chased-6, she-4)
auxpass(chased-6, is-5)
dep(From-1, chased-6)
prep(chased-6, by-7)
det(goons-10, these-8)
amod(goons-10, idiotic-9)
pobj(by-7, goons-10)
prep(chased-6, through-11)
det(street-14, an-12)
amod(street-14, abandoned-13)
pobj(through-11, street-14)
cc(chased-6, and-15)
nsubj(rid-18, she-16)
aux(rid-18, gets-17)
conj(chased-6, rid-18)
prep(rid-18, of-19)
pobj(of-19, them-20)
nsubj(wrong-33, one-21)
prep(one-21, by-22)
pobj(by-22, one-23)
prep(one-23, with-24)
det(toolbox-26, a-25)
pobj(with-24, toolbox-26)
amod(toolbox-26, full-27)
prep(full-27, of-28)
nn(things-31, tools.So-29)
amod(things-31, many-30)
pobj(of-28, things-31)
cop(wrong-33, are-32)
dep(rid-18, wrong-33)
prep(wrong-33, with-34)
det(movie-36, this-35)
pobj(with-34, movie-36)
punct(From-1, .-37)

Sentence #7 (25 tokens):
As I said this movie leaps over logic at every turn and with the exception of Kim Basinger, the acting is made-for-TV bad.
[Text=As CharacterOffsetBegin=815 CharacterOffsetEnd=817 PartOfSpeech=IN] [Text=I CharacterOffsetBegin=818 CharacterOffsetEnd=819 PartOfSpeech=PRP] [Text=said CharacterOffsetBegin=820 CharacterOffsetEnd=824 PartOfSpeech=VBD] [Text=this CharacterOffsetBegin=825 CharacterOffsetEnd=829 PartOfSpeech=DT] [Text=movie CharacterOffsetBegin=830 CharacterOffsetEnd=835 PartOfSpeech=NN] [Text=leaps CharacterOffsetBegin=836 CharacterOffsetEnd=841 PartOfSpeech=VBZ] [Text=over CharacterOffsetBegin=842 CharacterOffsetEnd=846 PartOfSpeech=IN] [Text=logic CharacterOffsetBegin=847 CharacterOffsetEnd=852 PartOfSpeech=NN] [Text=at CharacterOffsetBegin=853 CharacterOffsetEnd=855 PartOfSpeech=IN] [Text=every CharacterOffsetBegin=856 CharacterOffsetEnd=861 PartOfSpeech=DT] [Text=turn CharacterOffsetBegin=862 CharacterOffsetEnd=866 PartOfSpeech=NN] [Text=and CharacterOffsetBegin=867 CharacterOffsetEnd=870 PartOfSpeech=CC] [Text=with CharacterOffsetBegin=871 CharacterOffsetEnd=875 PartOfSpeech=IN] [Text=the CharacterOffsetBegin=876 CharacterOffsetEnd=879 PartOfSpeech=DT] [Text=exception CharacterOffsetBegin=880 CharacterOffsetEnd=889 PartOfSpeech=NN] [Text=of CharacterOffsetBegin=890 CharacterOffsetEnd=892 PartOfSpeech=IN] [Text=Kim CharacterOffsetBegin=893 CharacterOffsetEnd=896 PartOfSpeech=NNP] [Text=Basinger CharacterOffsetBegin=897 CharacterOffsetEnd=905 PartOfSpeech=NNP] [Text=, CharacterOffsetBegin=905 CharacterOffsetEnd=906 PartOfSpeech=,] [Text=the CharacterOffsetBegin=907 CharacterOffsetEnd=910 PartOfSpeech=DT] [Text=acting CharacterOffsetBegin=911 CharacterOffsetEnd=917 PartOfSpeech=NN] [Text=is CharacterOffsetBegin=918 CharacterOffsetEnd=920 PartOfSpeech=VBZ] [Text=made-for-TV CharacterOffsetBegin=921 CharacterOffsetEnd=932 PartOfSpeech=JJ] [Text=bad CharacterOffsetBegin=933 CharacterOffsetEnd=936 PartOfSpeech=JJ] [Text=. CharacterOffsetBegin=936 CharacterOffsetEnd=937 PartOfSpeech=.] 
root(ROOT-0, said-3)
mark(said-3, As-1)
nsubj(said-3, I-2)
det(movie-5, this-4)
nsubj(leaps-6, movie-5)
nsubj(bad-24, leaps-6)
prep(leaps-6, over-7)
pobj(over-7, logic-8)
prep(leaps-6, at-9)
det(turn-11, every-10)
pobj(at-9, turn-11)
cc(at-9, and-12)
conj(at-9, with-13)
det(exception-15, the-14)
pobj(with-13, exception-15)
prep(exception-15, of-16)
nn(Basinger-18, Kim-17)
pobj(of-16, Basinger-18)
punct(Basinger-18, ,-19)
det(acting-21, the-20)
appos(Basinger-18, acting-21)
cop(bad-24, is-22)
amod(bad-24, made-for-TV-23)
ccomp(said-3, bad-24)
punct(said-3, .-25)

Sentence #8 (9 tokens):
Hell, this pseudo thriller is made-for-TV bad.
[Text=Hell CharacterOffsetBegin=942 CharacterOffsetEnd=946 PartOfSpeech=NN] [Text=, CharacterOffsetBegin=946 CharacterOffsetEnd=947 PartOfSpeech=,] [Text=this CharacterOffsetBegin=948 CharacterOffsetEnd=952 PartOfSpeech=DT] [Text=pseudo CharacterOffsetBegin=953 CharacterOffsetEnd=959 PartOfSpeech=NN] [Text=thriller CharacterOffsetBegin=960 CharacterOffsetEnd=968 PartOfSpeech=NN] [Text=is CharacterOffsetBegin=969 CharacterOffsetEnd=971 PartOfSpeech=VBZ] [Text=made-for-TV CharacterOffsetBegin=972 CharacterOffsetEnd=983 PartOfSpeech=JJ] [Text=bad CharacterOffsetBegin=984 CharacterOffsetEnd=987 PartOfSpeech=JJ] [Text=. CharacterOffsetBegin=987 CharacterOffsetEnd=988 PartOfSpeech=.] 
root(ROOT-0, made-for-TV-7)
dep(made-for-TV-7, Hell-1)
punct(made-for-TV-7, ,-2)
det(thriller-5, this-3)
nn(thriller-5, pseudo-4)
nsubj(made-for-TV-7, thriller-5)
cop(made-for-TV-7, is-6)
advmod(made-for-TV-7, bad-8)
punct(made-for-TV-7, .-9)

Sentence #9 (32 tokens):
The way she kills each of these politically correct thugs(1 Caucasian, 1 Hispanic, 1 Asian and 1 African American all coming together to stalk a Caucasian woman.
[Text=The CharacterOffsetBegin=993 CharacterOffsetEnd=996 PartOfSpeech=DT] [Text=way CharacterOffsetBegin=997 CharacterOffsetEnd=1000 PartOfSpeech=NN] [Text=she CharacterOffsetBegin=1001 CharacterOffsetEnd=1004 PartOfSpeech=PRP] [Text=kills CharacterOffsetBegin=1005 CharacterOffsetEnd=1010 PartOfSpeech=VBZ] [Text=each CharacterOffsetBegin=1011 CharacterOffsetEnd=1015 PartOfSpeech=DT] [Text=of CharacterOffsetBegin=1016 CharacterOffsetEnd=1018 PartOfSpeech=IN] [Text=these CharacterOffsetBegin=1019 CharacterOffsetEnd=1024 PartOfSpeech=DT] [Text=politically CharacterOffsetBegin=1025 CharacterOffsetEnd=1036 PartOfSpeech=RB] [Text=correct CharacterOffsetBegin=1037 CharacterOffsetEnd=1044 PartOfSpeech=JJ] [Text=thugs CharacterOffsetBegin=1045 CharacterOffsetEnd=1050 PartOfSpeech=NNS] [Text=-LRB- CharacterOffsetBegin=1050 CharacterOffsetEnd=1051 PartOfSpeech=-LRB-] [Text=1 CharacterOffsetBegin=1051 CharacterOffsetEnd=1052 PartOfSpeech=CD] [Text=Caucasian CharacterOffsetBegin=1053 CharacterOffsetEnd=1062 PartOfSpeech=NN] [Text=, CharacterOffsetBegin=1062 CharacterOffsetEnd=1063 PartOfSpeech=,] [Text=1 CharacterOffsetBegin=1064 CharacterOffsetEnd=1065 PartOfSpeech=CD] [Text=Hispanic CharacterOffsetBegin=1066 CharacterOffsetEnd=1074 PartOfSpeech=JJ] [Text=, CharacterOffsetBegin=1074 CharacterOffsetEnd=1075 PartOfSpeech=,] [Text=1 CharacterOffsetBegin=1076 CharacterOffsetEnd=1077 PartOfSpeech=CD] [Text=Asian CharacterOffsetBegin=1078 CharacterOffsetEnd=1083 PartOfSpeech=JJ] [Text=and CharacterOffsetBegin=1084 CharacterOffsetEnd=1087 PartOfSpeech=CC] [Text=1 CharacterOffsetBegin=1088 CharacterOffsetEnd=1089 PartOfSpeech=CD] [Text=African CharacterOffsetBegin=1090 CharacterOffsetEnd=1097 PartOfSpeech=JJ] [Text=American CharacterOffsetBegin=1098 CharacterOffsetEnd=1106 PartOfSpeech=JJ] [Text=all CharacterOffsetBegin=1107 CharacterOffsetEnd=1110 PartOfSpeech=DT] [Text=coming CharacterOffsetBegin=1111 CharacterOffsetEnd=1117 PartOfSpeech=VBG] [Text=together CharacterOffsetBegin=1118 CharacterOffsetEnd=1126 PartOfSpeech=RB] [Text=to CharacterOffsetBegin=1127 CharacterOffsetEnd=1129 PartOfSpeech=TO] [Text=stalk CharacterOffsetBegin=1130 CharacterOffsetEnd=1135 PartOfSpeech=VB] [Text=a CharacterOffsetBegin=1136 CharacterOffsetEnd=1137 PartOfSpeech=DT] [Text=Caucasian CharacterOffsetBegin=1138 CharacterOffsetEnd=1147 PartOfSpeech=JJ] [Text=woman CharacterOffsetBegin=1148 CharacterOffsetEnd=1153 PartOfSpeech=NN] [Text=. CharacterOffsetBegin=1153 CharacterOffsetEnd=1154 PartOfSpeech=.] 
root(ROOT-0, way-2)
det(way-2, The-1)
nsubj(kills-4, she-3)
rcmod(way-2, kills-4)
dobj(kills-4, each-5)
prep(each-5, of-6)
pobj(of-6, these-7)
advmod(correct-9, politically-8)
amod(these-7, correct-9)
dep(correct-9, thugs-10)
punct(Caucasian-13, -LRB--11)
num(Caucasian-13, 1-12)
dep(thugs-10, Caucasian-13)
punct(Caucasian-13, ,-14)
num(Hispanic-16, 1-15)
conj(Caucasian-13, Hispanic-16)
punct(Caucasian-13, ,-17)
num(Asian-19, 1-18)
conj(Caucasian-13, Asian-19)
cc(Caucasian-13, and-20)
num(American-23, 1-21)
amod(American-23, African-22)
conj(Caucasian-13, American-23)
nsubj(coming-25, all-24)
rcmod(Caucasian-13, coming-25)
advmod(coming-25, together-26)
aux(stalk-28, to-27)
xcomp(coming-25, stalk-28)
det(woman-31, a-29)
amod(woman-31, Caucasian-30)
dobj(stalk-28, woman-31)
punct(way-2, .-32)

Sentence #10 (8 tokens):
Don't you just love America?
    )
[Text=Do CharacterOffsetBegin=1159 CharacterOffsetEnd=1161 PartOfSpeech=VBP] [Text=n't CharacterOffsetBegin=1161 CharacterOffsetEnd=1164 PartOfSpeech=RB] [Text=you CharacterOffsetBegin=1165 CharacterOffsetEnd=1168 PartOfSpeech=PRP] [Text=just CharacterOffsetBegin=1169 CharacterOffsetEnd=1173 PartOfSpeech=RB] [Text=love CharacterOffsetBegin=1174 CharacterOffsetEnd=1178 PartOfSpeech=VBP] [Text=America CharacterOffsetBegin=1179 CharacterOffsetEnd=1186 PartOfSpeech=NNP] [Text=? CharacterOffsetBegin=1186 CharacterOffsetEnd=1187 PartOfSpeech=.] [Text=-RRB- CharacterOffsetBegin=1192 CharacterOffsetEnd=1193 PartOfSpeech=-RRB-] 
root(ROOT-0, love-5)
aux(love-5, Do-1)
neg(love-5, n't-2)
nsubj(love-5, you-3)
advmod(love-5, just-4)
dobj(love-5, America-6)
punct(love-5, ?-7)
punct(love-5, -RRB--8)

Sentence #11 (6 tokens):
is laughable to a fault.
[Text=is CharacterOffsetBegin=1193 CharacterOffsetEnd=1195 PartOfSpeech=VBZ] [Text=laughable CharacterOffsetBegin=1196 CharacterOffsetEnd=1205 PartOfSpeech=JJ] [Text=to CharacterOffsetBegin=1206 CharacterOffsetEnd=1208 PartOfSpeech=TO] [Text=a CharacterOffsetBegin=1209 CharacterOffsetEnd=1210 PartOfSpeech=DT] [Text=fault CharacterOffsetBegin=1211 CharacterOffsetEnd=1216 PartOfSpeech=NN] [Text=. CharacterOffsetBegin=1216 CharacterOffsetEnd=1217 PartOfSpeech=.] 
root(ROOT-0, laughable-2)
cop(laughable-2, is-1)
prep(laughable-2, to-3)
det(fault-5, a-4)
pobj(to-3, fault-5)
punct(laughable-2, .-6)

Sentence #12 (12 tokens):
The way she killed the Hispanic guy made me laugh hysterically.
[Text=The CharacterOffsetBegin=1222 CharacterOffsetEnd=1225 PartOfSpeech=DT] [Text=way CharacterOffsetBegin=1226 CharacterOffsetEnd=1229 PartOfSpeech=NN] [Text=she CharacterOffsetBegin=1230 CharacterOffsetEnd=1233 PartOfSpeech=PRP] [Text=killed CharacterOffsetBegin=1234 CharacterOffsetEnd=1240 PartOfSpeech=VBD] [Text=the CharacterOffsetBegin=1241 CharacterOffsetEnd=1244 PartOfSpeech=DT] [Text=Hispanic CharacterOffsetBegin=1245 CharacterOffsetEnd=1253 PartOfSpeech=JJ] [Text=guy CharacterOffsetBegin=1254 CharacterOffsetEnd=1257 PartOfSpeech=NN] [Text=made CharacterOffsetBegin=1258 CharacterOffsetEnd=1262 PartOfSpeech=VBD] [Text=me CharacterOffsetBegin=1263 CharacterOffsetEnd=1265 PartOfSpeech=PRP] [Text=laugh CharacterOffsetBegin=1266 CharacterOffsetEnd=1271 PartOfSpeech=NN] [Text=hysterically CharacterOffsetBegin=1272 CharacterOffsetEnd=1284 PartOfSpeech=RB] [Text=. CharacterOffsetBegin=1284 CharacterOffsetEnd=1285 PartOfSpeech=.] 
root(ROOT-0, way-2)
det(way-2, The-1)
nsubj(killed-4, she-3)
rcmod(way-2, killed-4)
det(guy-7, the-5)
amod(guy-7, Hispanic-6)
nsubj(made-8, guy-7)
ccomp(killed-4, made-8)
nsubj(laugh-10, me-9)
xcomp(made-8, laugh-10)
advmod(laugh-10, hysterically-11)
punct(way-2, .-12)

Sentence #13 (23 tokens):
The sex scene with the main hoodlum was so out in left field that it make you shake your head in shame.
[Text=The CharacterOffsetBegin=1290 CharacterOffsetEnd=1293 PartOfSpeech=DT] [Text=sex CharacterOffsetBegin=1294 CharacterOffsetEnd=1297 PartOfSpeech=NN] [Text=scene CharacterOffsetBegin=1298 CharacterOffsetEnd=1303 PartOfSpeech=NN] [Text=with CharacterOffsetBegin=1304 CharacterOffsetEnd=1308 PartOfSpeech=IN] [Text=the CharacterOffsetBegin=1309 CharacterOffsetEnd=1312 PartOfSpeech=DT] [Text=main CharacterOffsetBegin=1313 CharacterOffsetEnd=1317 PartOfSpeech=JJ] [Text=hoodlum CharacterOffsetBegin=1318 CharacterOffsetEnd=1325 PartOfSpeech=NN] [Text=was CharacterOffsetBegin=1326 CharacterOffsetEnd=1329 PartOfSpeech=VBD] [Text=so CharacterOffsetBegin=1330 CharacterOffsetEnd=1332 PartOfSpeech=RB] [Text=out CharacterOffsetBegin=1333 CharacterOffsetEnd=1336 PartOfSpeech=RB] [Text=in CharacterOffsetBegin=1337 CharacterOffsetEnd=1339 PartOfSpeech=IN] [Text=left CharacterOffsetBegin=1340 CharacterOffsetEnd=1344 PartOfSpeech=JJ] [Text=field CharacterOffsetBegin=1345 CharacterOffsetEnd=1350 PartOfSpeech=NN] [Text=that CharacterOffsetBegin=1351 CharacterOffsetEnd=1355 PartOfSpeech=IN] [Text=it CharacterOffsetBegin=1356 CharacterOffsetEnd=1358 PartOfSpeech=PRP] [Text=make CharacterOffsetBegin=1359 CharacterOffsetEnd=1363 PartOfSpeech=VBP] [Text=you CharacterOffsetBegin=1364 CharacterOffsetEnd=1367 PartOfSpeech=PRP] [Text=shake CharacterOffsetBegin=1368 CharacterOffsetEnd=1373 PartOfSpeech=VB] [Text=your CharacterOffsetBegin=1374 CharacterOffsetEnd=1378 PartOfSpeech=PRP$] [Text=head CharacterOffsetBegin=1379 CharacterOffsetEnd=1383 PartOfSpeech=NN] [Text=in CharacterOffsetBegin=1384 CharacterOffsetEnd=1386 PartOfSpeech=IN] [Text=shame CharacterOffsetBegin=1387 CharacterOffsetEnd=1392 PartOfSpeech=NN] [Text=. CharacterOffsetBegin=1392 CharacterOffsetEnd=1393 PartOfSpeech=.] 
root(ROOT-0, scene-3)
det(scene-3, The-1)
nn(scene-3, sex-2)
prep(scene-3, with-4)
det(hoodlum-7, the-5)
amod(hoodlum-7, main-6)
pobj(with-4, hoodlum-7)
dep(scene-3, was-8)
advmod(out-10, so-9)
advmod(was-8, out-10)
prep(out-10, in-11)
amod(field-13, left-12)
pobj(in-11, field-13)
mark(make-16, that-14)
nsubj(make-16, it-15)
ccomp(was-8, make-16)
nsubj(shake-18, you-17)
xcomp(make-16, shake-18)
poss(head-20, your-19)
dobj(shake-18, head-20)
prep(shake-18, in-21)
pobj(in-21, shame-22)
punct(scene-3, .-23)

Sentence #14 (14 tokens):
I only recommend this to lovers of bad films and no one else.
[Text=I CharacterOffsetBegin=1398 CharacterOffsetEnd=1399 PartOfSpeech=PRP] [Text=only CharacterOffsetBegin=1400 CharacterOffsetEnd=1404 PartOfSpeech=RB] [Text=recommend CharacterOffsetBegin=1405 CharacterOffsetEnd=1414 PartOfSpeech=VB] [Text=this CharacterOffsetBegin=1415 CharacterOffsetEnd=1419 PartOfSpeech=DT] [Text=to CharacterOffsetBegin=1420 CharacterOffsetEnd=1422 PartOfSpeech=TO] [Text=lovers CharacterOffsetBegin=1423 CharacterOffsetEnd=1429 PartOfSpeech=NNS] [Text=of CharacterOffsetBegin=1430 CharacterOffsetEnd=1432 PartOfSpeech=IN] [Text=bad CharacterOffsetBegin=1433 CharacterOffsetEnd=1436 PartOfSpeech=JJ] [Text=films CharacterOffsetBegin=1437 CharacterOffsetEnd=1442 PartOfSpeech=NNS] [Text=and CharacterOffsetBegin=1443 CharacterOffsetEnd=1446 PartOfSpeech=CC] [Text=no CharacterOffsetBegin=1447 CharacterOffsetEnd=1449 PartOfSpeech=DT] [Text=one CharacterOffsetBegin=1450 CharacterOffsetEnd=1453 PartOfSpeech=NN] [Text=else CharacterOffsetBegin=1454 CharacterOffsetEnd=1458 PartOfSpeech=RB] [Text=. CharacterOffsetBegin=1458 CharacterOffsetEnd=1459 PartOfSpeech=.] 
root(ROOT-0, recommend-3)
nsubj(recommend-3, I-1)
advmod(recommend-3, only-2)
dobj(recommend-3, this-4)
prep(recommend-3, to-5)
pobj(to-5, lovers-6)
prep(lovers-6, of-7)
amod(films-9, bad-8)
pobj(of-7, films-9)
cc(films-9, and-10)
det(one-12, no-11)
conj(films-9, one-12)
advmod(one-12, else-13)
punct(recommend-3, .-14)

Sentence #15 (15 tokens):
Anybody else especially Kim Basinger fans would do well not to own this flick.
[Text=Anybody CharacterOffsetBegin=1464 CharacterOffsetEnd=1471 PartOfSpeech=NN] [Text=else CharacterOffsetBegin=1472 CharacterOffsetEnd=1476 PartOfSpeech=RB] [Text=especially CharacterOffsetBegin=1477 CharacterOffsetEnd=1487 PartOfSpeech=RB] [Text=Kim CharacterOffsetBegin=1488 CharacterOffsetEnd=1491 PartOfSpeech=NNP] [Text=Basinger CharacterOffsetBegin=1492 CharacterOffsetEnd=1500 PartOfSpeech=NNP] [Text=fans CharacterOffsetBegin=1501 CharacterOffsetEnd=1505 PartOfSpeech=NNS] [Text=would CharacterOffsetBegin=1506 CharacterOffsetEnd=1511 PartOfSpeech=MD] [Text=do CharacterOffsetBegin=1512 CharacterOffsetEnd=1514 PartOfSpeech=VB] [Text=well CharacterOffsetBegin=1515 CharacterOffsetEnd=1519 PartOfSpeech=RB] [Text=not CharacterOffsetBegin=1520 CharacterOffsetEnd=1523 PartOfSpeech=RB] [Text=to CharacterOffsetBegin=1524 CharacterOffsetEnd=1526 PartOfSpeech=TO] [Text=own CharacterOffsetBegin=1527 CharacterOffsetEnd=1530 PartOfSpeech=VB] [Text=this CharacterOffsetBegin=1531 CharacterOffsetEnd=1535 PartOfSpeech=DT] [Text=flick CharacterOffsetBegin=1536 CharacterOffsetEnd=1541 PartOfSpeech=NN] [Text=. CharacterOffsetBegin=1541 CharacterOffsetEnd=1542 PartOfSpeech=.] 
root(ROOT-0, do-8)
amod(fans-6, Anybody-1)
advmod(Anybody-1, else-2)
advmod(fans-6, especially-3)
nn(fans-6, Kim-4)
nn(fans-6, Basinger-5)
nsubj(do-8, fans-6)
aux(do-8, would-7)
advmod(do-8, well-9)
neg(own-12, not-10)
aux(own-12, to-11)
xcomp(do-8, own-12)
det(flick-14, this-13)
dobj(own-12, flick-14)
punct(do-8, .-15)

Sentence #16 (18 tokens):
You don't want see an actress you respect in a film this bad now do you?
[Text=You CharacterOffsetBegin=1547 CharacterOffsetEnd=1550 PartOfSpeech=PRP] [Text=do CharacterOffsetBegin=1551 CharacterOffsetEnd=1553 PartOfSpeech=VBP] [Text=n't CharacterOffsetBegin=1553 CharacterOffsetEnd=1556 PartOfSpeech=RB] [Text=want CharacterOffsetBegin=1557 CharacterOffsetEnd=1561 PartOfSpeech=VB] [Text=see CharacterOffsetBegin=1562 CharacterOffsetEnd=1565 PartOfSpeech=VB] [Text=an CharacterOffsetBegin=1566 CharacterOffsetEnd=1568 PartOfSpeech=DT] [Text=actress CharacterOffsetBegin=1569 CharacterOffsetEnd=1576 PartOfSpeech=NN] [Text=you CharacterOffsetBegin=1577 CharacterOffsetEnd=1580 PartOfSpeech=PRP] [Text=respect CharacterOffsetBegin=1581 CharacterOffsetEnd=1588 PartOfSpeech=VBP] [Text=in CharacterOffsetBegin=1589 CharacterOffsetEnd=1591 PartOfSpeech=IN] [Text=a CharacterOffsetBegin=1592 CharacterOffsetEnd=1593 PartOfSpeech=DT] [Text=film CharacterOffsetBegin=1594 CharacterOffsetEnd=1598 PartOfSpeech=NN] [Text=this CharacterOffsetBegin=1599 CharacterOffsetEnd=1603 PartOfSpeech=DT] [Text=bad CharacterOffsetBegin=1604 CharacterOffsetEnd=1607 PartOfSpeech=JJ] [Text=now CharacterOffsetBegin=1608 CharacterOffsetEnd=1611 PartOfSpeech=RB] [Text=do CharacterOffsetBegin=1612 CharacterOffsetEnd=1614 PartOfSpeech=VBP] [Text=you CharacterOffsetBegin=1615 CharacterOffsetEnd=1618 PartOfSpeech=PRP] [Text=? CharacterOffsetBegin=1618 CharacterOffsetEnd=1619 PartOfSpeech=.] 
root(ROOT-0, want-4)
nsubj(want-4, You-1)
aux(want-4, do-2)
neg(want-4, n't-3)
xcomp(want-4, see-5)
det(actress-7, an-6)
dobj(see-5, actress-7)
nsubj(respect-9, you-8)
rcmod(actress-7, respect-9)
prep(respect-9, in-10)
det(film-12, a-11)
pobj(in-10, film-12)
det(bad-14, this-13)
dep(respect-9, bad-14)
advmod(do-16, now-15)
dep(bad-14, do-16)
dobj(do-16, you-17)
punct(want-4, ?-18)

Sentence #17 (4 tokens):
Of course not.
[Text=Of CharacterOffsetBegin=1624 CharacterOffsetEnd=1626 PartOfSpeech=IN] [Text=course CharacterOffsetBegin=1627 CharacterOffsetEnd=1633 PartOfSpeech=NN] [Text=not CharacterOffsetBegin=1634 CharacterOffsetEnd=1637 PartOfSpeech=RB] [Text=. CharacterOffsetBegin=1637 CharacterOffsetEnd=1638 PartOfSpeech=.] 
root(ROOT-0, not-3)
prep(not-3, Of-1)
pobj(Of-1, course-2)
punct(not-3, .-4)

Sentence #18 (4 tokens):
You were warned.
[Text=You CharacterOffsetBegin=1643 CharacterOffsetEnd=1646 PartOfSpeech=PRP] [Text=were CharacterOffsetBegin=1647 CharacterOffsetEnd=1651 PartOfSpeech=VBD] [Text=warned CharacterOffsetBegin=1652 CharacterOffsetEnd=1658 PartOfSpeech=VBN] [Text=. CharacterOffsetBegin=1658 CharacterOffsetEnd=1659 PartOfSpeech=.] 
root(ROOT-0, warned-3)
nsubjpass(warned-3, You-1)
auxpass(warned-3, were-2)
punct(warned-3, .-4)

