Sentence #1 (2 tokens):
Wow.
[Text=Wow CharacterOffsetBegin=4 CharacterOffsetEnd=7 PartOfSpeech=UH] [Text=. CharacterOffsetBegin=7 CharacterOffsetEnd=8 PartOfSpeech=.] 
root(ROOT-0, Wow-1)
punct(Wow-1, .-2)

Sentence #2 (22 tokens):
Rarely have I felt the need to comment on movies lately, but this one especially is begging for a beatdown.
[Text=Rarely CharacterOffsetBegin=13 CharacterOffsetEnd=19 PartOfSpeech=RB] [Text=have CharacterOffsetBegin=20 CharacterOffsetEnd=24 PartOfSpeech=VBP] [Text=I CharacterOffsetBegin=25 CharacterOffsetEnd=26 PartOfSpeech=PRP] [Text=felt CharacterOffsetBegin=27 CharacterOffsetEnd=31 PartOfSpeech=VBD] [Text=the CharacterOffsetBegin=32 CharacterOffsetEnd=35 PartOfSpeech=DT] [Text=need CharacterOffsetBegin=36 CharacterOffsetEnd=40 PartOfSpeech=NN] [Text=to CharacterOffsetBegin=41 CharacterOffsetEnd=43 PartOfSpeech=TO] [Text=comment CharacterOffsetBegin=44 CharacterOffsetEnd=51 PartOfSpeech=VB] [Text=on CharacterOffsetBegin=52 CharacterOffsetEnd=54 PartOfSpeech=IN] [Text=movies CharacterOffsetBegin=55 CharacterOffsetEnd=61 PartOfSpeech=NNS] [Text=lately CharacterOffsetBegin=62 CharacterOffsetEnd=68 PartOfSpeech=RB] [Text=, CharacterOffsetBegin=68 CharacterOffsetEnd=69 PartOfSpeech=,] [Text=but CharacterOffsetBegin=70 CharacterOffsetEnd=73 PartOfSpeech=CC] [Text=this CharacterOffsetBegin=74 CharacterOffsetEnd=78 PartOfSpeech=DT] [Text=one CharacterOffsetBegin=79 CharacterOffsetEnd=82 PartOfSpeech=NN] [Text=especially CharacterOffsetBegin=83 CharacterOffsetEnd=93 PartOfSpeech=RB] [Text=is CharacterOffsetBegin=94 CharacterOffsetEnd=96 PartOfSpeech=VBZ] [Text=begging CharacterOffsetBegin=97 CharacterOffsetEnd=104 PartOfSpeech=VBG] [Text=for CharacterOffsetBegin=105 CharacterOffsetEnd=108 PartOfSpeech=IN] [Text=a CharacterOffsetBegin=109 CharacterOffsetEnd=110 PartOfSpeech=DT] [Text=beatdown CharacterOffsetBegin=111 CharacterOffsetEnd=119 PartOfSpeech=NN] [Text=. CharacterOffsetBegin=119 CharacterOffsetEnd=120 PartOfSpeech=.] 
root(ROOT-0, felt-4)
advmod(have-2, Rarely-1)
aux(felt-4, have-2)
nsubj(felt-4, I-3)
det(need-6, the-5)
dobj(felt-4, need-6)
aux(comment-8, to-7)
infmod(need-6, comment-8)
prep(comment-8, on-9)
pobj(on-9, movies-10)
advmod(felt-4, lately-11)
punct(felt-4, ,-12)
cc(felt-4, but-13)
det(one-15, this-14)
nsubj(begging-18, one-15)
advmod(begging-18, especially-16)
aux(begging-18, is-17)
conj(felt-4, begging-18)
prep(begging-18, for-19)
det(beatdown-21, a-20)
pobj(for-19, beatdown-21)
punct(felt-4, .-22)

Sentence #3 (7 tokens):
Let's start at the beginning.
[Text=Let CharacterOffsetBegin=125 CharacterOffsetEnd=128 PartOfSpeech=VB] [Text='s CharacterOffsetBegin=128 CharacterOffsetEnd=130 PartOfSpeech=PRP] [Text=start CharacterOffsetBegin=131 CharacterOffsetEnd=136 PartOfSpeech=VB] [Text=at CharacterOffsetBegin=137 CharacterOffsetEnd=139 PartOfSpeech=IN] [Text=the CharacterOffsetBegin=140 CharacterOffsetEnd=143 PartOfSpeech=DT] [Text=beginning CharacterOffsetBegin=144 CharacterOffsetEnd=153 PartOfSpeech=NN] [Text=. CharacterOffsetBegin=153 CharacterOffsetEnd=154 PartOfSpeech=.] 
root(ROOT-0, Let-1)
nsubj(start-3, 's-2)
ccomp(Let-1, start-3)
prep(start-3, at-4)
det(beginning-6, the-5)
pobj(at-4, beginning-6)
punct(Let-1, .-7)

Sentence #4 (26 tokens):
First, writer-director Susan Montford puts Kim Basinger in the tired old victim role, complete with the requisite abusive husband and dull suburban existence.
[Text=First CharacterOffsetBegin=159 CharacterOffsetEnd=164 PartOfSpeech=RB] [Text=, CharacterOffsetBegin=164 CharacterOffsetEnd=165 PartOfSpeech=,] [Text=writer-director CharacterOffsetBegin=166 CharacterOffsetEnd=181 PartOfSpeech=NN] [Text=Susan CharacterOffsetBegin=182 CharacterOffsetEnd=187 PartOfSpeech=NNP] [Text=Montford CharacterOffsetBegin=188 CharacterOffsetEnd=196 PartOfSpeech=NNP] [Text=puts CharacterOffsetBegin=197 CharacterOffsetEnd=201 PartOfSpeech=VBZ] [Text=Kim CharacterOffsetBegin=202 CharacterOffsetEnd=205 PartOfSpeech=NNP] [Text=Basinger CharacterOffsetBegin=206 CharacterOffsetEnd=214 PartOfSpeech=NNP] [Text=in CharacterOffsetBegin=215 CharacterOffsetEnd=217 PartOfSpeech=IN] [Text=the CharacterOffsetBegin=218 CharacterOffsetEnd=221 PartOfSpeech=DT] [Text=tired CharacterOffsetBegin=222 CharacterOffsetEnd=227 PartOfSpeech=JJ] [Text=old CharacterOffsetBegin=228 CharacterOffsetEnd=231 PartOfSpeech=JJ] [Text=victim CharacterOffsetBegin=232 CharacterOffsetEnd=238 PartOfSpeech=NN] [Text=role CharacterOffsetBegin=239 CharacterOffsetEnd=243 PartOfSpeech=NN] [Text=, CharacterOffsetBegin=243 CharacterOffsetEnd=244 PartOfSpeech=,] [Text=complete CharacterOffsetBegin=245 CharacterOffsetEnd=253 PartOfSpeech=JJ] [Text=with CharacterOffsetBegin=254 CharacterOffsetEnd=258 PartOfSpeech=IN] [Text=the CharacterOffsetBegin=259 CharacterOffsetEnd=262 PartOfSpeech=DT] [Text=requisite CharacterOffsetBegin=263 CharacterOffsetEnd=272 PartOfSpeech=JJ] [Text=abusive CharacterOffsetBegin=273 CharacterOffsetEnd=280 PartOfSpeech=JJ] [Text=husband CharacterOffsetBegin=281 CharacterOffsetEnd=288 PartOfSpeech=NN] [Text=and CharacterOffsetBegin=289 CharacterOffsetEnd=292 PartOfSpeech=CC] [Text=dull CharacterOffsetBegin=293 CharacterOffsetEnd=297 PartOfSpeech=JJ] [Text=suburban CharacterOffsetBegin=298 CharacterOffsetEnd=306 PartOfSpeech=JJ] [Text=existence CharacterOffsetBegin=307 CharacterOffsetEnd=316 PartOfSpeech=NN] [Text=. CharacterOffsetBegin=316 CharacterOffsetEnd=317 PartOfSpeech=.] 
root(ROOT-0, puts-6)
advmod(puts-6, First-1)
punct(puts-6, ,-2)
nn(Montford-5, writer-director-3)
nn(Montford-5, Susan-4)
nsubj(puts-6, Montford-5)
nn(Basinger-8, Kim-7)
dobj(puts-6, Basinger-8)
prep(puts-6, in-9)
det(role-14, the-10)
amod(role-14, tired-11)
amod(role-14, old-12)
nn(role-14, victim-13)
pobj(in-9, role-14)
punct(puts-6, ,-15)
acomp(puts-6, complete-16)
prep(complete-16, with-17)
det(husband-21, the-18)
amod(husband-21, requisite-19)
amod(husband-21, abusive-20)
pobj(with-17, husband-21)
cc(husband-21, and-22)
amod(existence-25, dull-23)
amod(existence-25, suburban-24)
conj(husband-21, existence-25)
punct(puts-6, .-26)

Sentence #5 (20 tokens):
Let it be said right now that almost all content in this dull movie is completely hackneyed and trite.
[Text=Let CharacterOffsetBegin=322 CharacterOffsetEnd=325 PartOfSpeech=VB] [Text=it CharacterOffsetBegin=326 CharacterOffsetEnd=328 PartOfSpeech=PRP] [Text=be CharacterOffsetBegin=329 CharacterOffsetEnd=331 PartOfSpeech=VB] [Text=said CharacterOffsetBegin=332 CharacterOffsetEnd=336 PartOfSpeech=VBN] [Text=right CharacterOffsetBegin=337 CharacterOffsetEnd=342 PartOfSpeech=RB] [Text=now CharacterOffsetBegin=343 CharacterOffsetEnd=346 PartOfSpeech=RB] [Text=that CharacterOffsetBegin=347 CharacterOffsetEnd=351 PartOfSpeech=IN] [Text=almost CharacterOffsetBegin=352 CharacterOffsetEnd=358 PartOfSpeech=RB] [Text=all CharacterOffsetBegin=359 CharacterOffsetEnd=362 PartOfSpeech=DT] [Text=content CharacterOffsetBegin=363 CharacterOffsetEnd=370 PartOfSpeech=NN] [Text=in CharacterOffsetBegin=371 CharacterOffsetEnd=373 PartOfSpeech=IN] [Text=this CharacterOffsetBegin=374 CharacterOffsetEnd=378 PartOfSpeech=DT] [Text=dull CharacterOffsetBegin=379 CharacterOffsetEnd=383 PartOfSpeech=JJ] [Text=movie CharacterOffsetBegin=384 CharacterOffsetEnd=389 PartOfSpeech=NN] [Text=is CharacterOffsetBegin=390 CharacterOffsetEnd=392 PartOfSpeech=VBZ] [Text=completely CharacterOffsetBegin=393 CharacterOffsetEnd=403 PartOfSpeech=RB] [Text=hackneyed CharacterOffsetBegin=404 CharacterOffsetEnd=413 PartOfSpeech=JJ] [Text=and CharacterOffsetBegin=414 CharacterOffsetEnd=417 PartOfSpeech=CC] [Text=trite CharacterOffsetBegin=418 CharacterOffsetEnd=423 PartOfSpeech=JJ] [Text=. CharacterOffsetBegin=423 CharacterOffsetEnd=424 PartOfSpeech=.] 
root(ROOT-0, Let-1)
nsubjpass(said-4, it-2)
auxpass(said-4, be-3)
ccomp(Let-1, said-4)
advmod(now-6, right-5)
advmod(said-4, now-6)
mark(hackneyed-17, that-7)
advmod(content-10, almost-8)
det(content-10, all-9)
nsubj(hackneyed-17, content-10)
prep(content-10, in-11)
det(movie-14, this-12)
amod(movie-14, dull-13)
pobj(in-11, movie-14)
cop(hackneyed-17, is-15)
advmod(hackneyed-17, completely-16)
ccomp(said-4, hackneyed-17)
cc(hackneyed-17, and-18)
conj(hackneyed-17, trite-19)
punct(Let-1, .-20)

Sentence #6 (46 tokens):
Montford's pathetic attempt at symbolism involving the Christmas tree with no star is laughable.When She Goes Out for some Christmas wrapping paper one dark and ominous night, Della is furious that somebody double-parked their car on the busiest shopping night of the year.
[Text=Montford CharacterOffsetBegin=429 CharacterOffsetEnd=437 PartOfSpeech=NNP] [Text='s CharacterOffsetBegin=437 CharacterOffsetEnd=439 PartOfSpeech=POS] [Text=pathetic CharacterOffsetBegin=440 CharacterOffsetEnd=448 PartOfSpeech=JJ] [Text=attempt CharacterOffsetBegin=449 CharacterOffsetEnd=456 PartOfSpeech=NN] [Text=at CharacterOffsetBegin=457 CharacterOffsetEnd=459 PartOfSpeech=IN] [Text=symbolism CharacterOffsetBegin=460 CharacterOffsetEnd=469 PartOfSpeech=NN] [Text=involving CharacterOffsetBegin=470 CharacterOffsetEnd=479 PartOfSpeech=VBG] [Text=the CharacterOffsetBegin=480 CharacterOffsetEnd=483 PartOfSpeech=DT] [Text=Christmas CharacterOffsetBegin=484 CharacterOffsetEnd=493 PartOfSpeech=NNP] [Text=tree CharacterOffsetBegin=494 CharacterOffsetEnd=498 PartOfSpeech=NN] [Text=with CharacterOffsetBegin=499 CharacterOffsetEnd=503 PartOfSpeech=IN] [Text=no CharacterOffsetBegin=504 CharacterOffsetEnd=506 PartOfSpeech=DT] [Text=star CharacterOffsetBegin=507 CharacterOffsetEnd=511 PartOfSpeech=NN] [Text=is CharacterOffsetBegin=512 CharacterOffsetEnd=514 PartOfSpeech=VBZ] [Text=laughable.When CharacterOffsetBegin=515 CharacterOffsetEnd=529 PartOfSpeech=NNP] [Text=She CharacterOffsetBegin=530 CharacterOffsetEnd=533 PartOfSpeech=PRP] [Text=Goes CharacterOffsetBegin=534 CharacterOffsetEnd=538 PartOfSpeech=VBZ] [Text=Out CharacterOffsetBegin=539 CharacterOffsetEnd=542 PartOfSpeech=IN] [Text=for CharacterOffsetBegin=543 CharacterOffsetEnd=546 PartOfSpeech=IN] [Text=some CharacterOffsetBegin=547 CharacterOffsetEnd=551 PartOfSpeech=DT] [Text=Christmas CharacterOffsetBegin=552 CharacterOffsetEnd=561 PartOfSpeech=NNP] [Text=wrapping CharacterOffsetBegin=562 CharacterOffsetEnd=570 PartOfSpeech=VBG] [Text=paper CharacterOffsetBegin=571 CharacterOffsetEnd=576 PartOfSpeech=NN] [Text=one CharacterOffsetBegin=577 CharacterOffsetEnd=580 PartOfSpeech=CD] [Text=dark CharacterOffsetBegin=581 CharacterOffsetEnd=585 PartOfSpeech=NN] [Text=and CharacterOffsetBegin=586 CharacterOffsetEnd=589 PartOfSpeech=CC] [Text=ominous CharacterOffsetBegin=590 CharacterOffsetEnd=597 PartOfSpeech=JJ] [Text=night CharacterOffsetBegin=598 CharacterOffsetEnd=603 PartOfSpeech=NN] [Text=, CharacterOffsetBegin=603 CharacterOffsetEnd=604 PartOfSpeech=,] [Text=Della CharacterOffsetBegin=605 CharacterOffsetEnd=610 PartOfSpeech=NNP] [Text=is CharacterOffsetBegin=611 CharacterOffsetEnd=613 PartOfSpeech=VBZ] [Text=furious CharacterOffsetBegin=614 CharacterOffsetEnd=621 PartOfSpeech=JJ] [Text=that CharacterOffsetBegin=622 CharacterOffsetEnd=626 PartOfSpeech=IN] [Text=somebody CharacterOffsetBegin=627 CharacterOffsetEnd=635 PartOfSpeech=NN] [Text=double-parked CharacterOffsetBegin=636 CharacterOffsetEnd=649 PartOfSpeech=VBD] [Text=their CharacterOffsetBegin=650 CharacterOffsetEnd=655 PartOfSpeech=PRP$] [Text=car CharacterOffsetBegin=656 CharacterOffsetEnd=659 PartOfSpeech=NN] [Text=on CharacterOffsetBegin=660 CharacterOffsetEnd=662 PartOfSpeech=IN] [Text=the CharacterOffsetBegin=663 CharacterOffsetEnd=666 PartOfSpeech=DT] [Text=busiest CharacterOffsetBegin=667 CharacterOffsetEnd=674 PartOfSpeech=JJS] [Text=shopping CharacterOffsetBegin=675 CharacterOffsetEnd=683 PartOfSpeech=NN] [Text=night CharacterOffsetBegin=684 CharacterOffsetEnd=689 PartOfSpeech=NN] [Text=of CharacterOffsetBegin=690 CharacterOffsetEnd=692 PartOfSpeech=IN] [Text=the CharacterOffsetBegin=693 CharacterOffsetEnd=696 PartOfSpeech=DT] [Text=year CharacterOffsetBegin=697 CharacterOffsetEnd=701 PartOfSpeech=NN] [Text=. CharacterOffsetBegin=701 CharacterOffsetEnd=702 PartOfSpeech=.] 
root(ROOT-0, laughable.When-15)
poss(attempt-4, Montford-1)
possessive(Montford-1, 's-2)
amod(attempt-4, pathetic-3)
nsubj(laughable.When-15, attempt-4)
prep(attempt-4, at-5)
pobj(at-5, symbolism-6)
partmod(symbolism-6, involving-7)
det(tree-10, the-8)
nn(tree-10, Christmas-9)
dobj(involving-7, tree-10)
prep(involving-7, with-11)
det(star-13, no-12)
pobj(with-11, star-13)
cop(laughable.When-15, is-14)
nsubj(Goes-17, She-16)
rcmod(laughable.When-15, Goes-17)
advmod(Goes-17, Out-18)
prep(Goes-17, for-19)
det(furious-32, some-20)
dep(furious-32, Christmas-21)
partmod(Christmas-21, wrapping-22)
nn(dark-25, paper-23)
num(dark-25, one-24)
dobj(wrapping-22, dark-25)
cc(dark-25, and-26)
amod(night-28, ominous-27)
conj(dark-25, night-28)
punct(Christmas-21, ,-29)
nsubj(furious-32, Della-30)
cop(furious-32, is-31)
pobj(for-19, furious-32)
mark(double-parked-35, that-33)
nsubj(double-parked-35, somebody-34)
ccomp(furious-32, double-parked-35)
poss(car-37, their-36)
dobj(double-parked-35, car-37)
prep(double-parked-35, on-38)
det(night-42, the-39)
amod(night-42, busiest-40)
nn(night-42, shopping-41)
pobj(on-38, night-42)
prep(night-42, of-43)
det(year-45, the-44)
pobj(of-43, year-45)
punct(laughable.When-15, .-46)

Sentence #7 (20 tokens):
She decides to do something about it, so she leaves a nasty note on the car's windshield.
[Text=She CharacterOffsetBegin=707 CharacterOffsetEnd=710 PartOfSpeech=PRP] [Text=decides CharacterOffsetBegin=711 CharacterOffsetEnd=718 PartOfSpeech=VBZ] [Text=to CharacterOffsetBegin=719 CharacterOffsetEnd=721 PartOfSpeech=TO] [Text=do CharacterOffsetBegin=722 CharacterOffsetEnd=724 PartOfSpeech=VB] [Text=something CharacterOffsetBegin=725 CharacterOffsetEnd=734 PartOfSpeech=NN] [Text=about CharacterOffsetBegin=735 CharacterOffsetEnd=740 PartOfSpeech=IN] [Text=it CharacterOffsetBegin=741 CharacterOffsetEnd=743 PartOfSpeech=PRP] [Text=, CharacterOffsetBegin=743 CharacterOffsetEnd=744 PartOfSpeech=,] [Text=so CharacterOffsetBegin=745 CharacterOffsetEnd=747 PartOfSpeech=IN] [Text=she CharacterOffsetBegin=748 CharacterOffsetEnd=751 PartOfSpeech=PRP] [Text=leaves CharacterOffsetBegin=752 CharacterOffsetEnd=758 PartOfSpeech=VBZ] [Text=a CharacterOffsetBegin=759 CharacterOffsetEnd=760 PartOfSpeech=DT] [Text=nasty CharacterOffsetBegin=761 CharacterOffsetEnd=766 PartOfSpeech=JJ] [Text=note CharacterOffsetBegin=767 CharacterOffsetEnd=771 PartOfSpeech=NN] [Text=on CharacterOffsetBegin=772 CharacterOffsetEnd=774 PartOfSpeech=IN] [Text=the CharacterOffsetBegin=775 CharacterOffsetEnd=778 PartOfSpeech=DT] [Text=car CharacterOffsetBegin=779 CharacterOffsetEnd=782 PartOfSpeech=NN] [Text='s CharacterOffsetBegin=782 CharacterOffsetEnd=784 PartOfSpeech=POS] [Text=windshield CharacterOffsetBegin=785 CharacterOffsetEnd=795 PartOfSpeech=NN] [Text=. CharacterOffsetBegin=795 CharacterOffsetEnd=796 PartOfSpeech=.] 
root(ROOT-0, decides-2)
nsubj(decides-2, She-1)
aux(do-4, to-3)
xcomp(decides-2, do-4)
dobj(do-4, something-5)
prep(do-4, about-6)
pobj(about-6, it-7)
punct(decides-2, ,-8)
dep(decides-2, so-9)
nsubj(leaves-11, she-10)
ccomp(decides-2, leaves-11)
det(note-14, a-12)
amod(note-14, nasty-13)
dobj(leaves-11, note-14)
prep(leaves-11, on-15)
det(car-17, the-16)
poss(windshield-19, car-17)
possessive(car-17, 's-18)
pobj(on-15, windshield-19)
punct(decides-2, .-20)

Sentence #8 (19 tokens):
The next fifteen minutes of the movie are devoted to Della walking around aimlessly in the shopping mall.
[Text=The CharacterOffsetBegin=801 CharacterOffsetEnd=804 PartOfSpeech=DT] [Text=next CharacterOffsetBegin=805 CharacterOffsetEnd=809 PartOfSpeech=JJ] [Text=fifteen CharacterOffsetBegin=810 CharacterOffsetEnd=817 PartOfSpeech=CD] [Text=minutes CharacterOffsetBegin=818 CharacterOffsetEnd=825 PartOfSpeech=NNS] [Text=of CharacterOffsetBegin=826 CharacterOffsetEnd=828 PartOfSpeech=IN] [Text=the CharacterOffsetBegin=829 CharacterOffsetEnd=832 PartOfSpeech=DT] [Text=movie CharacterOffsetBegin=833 CharacterOffsetEnd=838 PartOfSpeech=NN] [Text=are CharacterOffsetBegin=839 CharacterOffsetEnd=842 PartOfSpeech=VBP] [Text=devoted CharacterOffsetBegin=843 CharacterOffsetEnd=850 PartOfSpeech=VBN] [Text=to CharacterOffsetBegin=851 CharacterOffsetEnd=853 PartOfSpeech=TO] [Text=Della CharacterOffsetBegin=854 CharacterOffsetEnd=859 PartOfSpeech=NNP] [Text=walking CharacterOffsetBegin=860 CharacterOffsetEnd=867 PartOfSpeech=VBG] [Text=around CharacterOffsetBegin=868 CharacterOffsetEnd=874 PartOfSpeech=IN] [Text=aimlessly CharacterOffsetBegin=875 CharacterOffsetEnd=884 PartOfSpeech=RB] [Text=in CharacterOffsetBegin=885 CharacterOffsetEnd=887 PartOfSpeech=IN] [Text=the CharacterOffsetBegin=888 CharacterOffsetEnd=891 PartOfSpeech=DT] [Text=shopping CharacterOffsetBegin=892 CharacterOffsetEnd=900 PartOfSpeech=NN] [Text=mall CharacterOffsetBegin=901 CharacterOffsetEnd=905 PartOfSpeech=NN] [Text=. CharacterOffsetBegin=905 CharacterOffsetEnd=906 PartOfSpeech=.] 
root(ROOT-0, devoted-9)
det(minutes-4, The-1)
amod(minutes-4, next-2)
num(minutes-4, fifteen-3)
nsubjpass(devoted-9, minutes-4)
prep(minutes-4, of-5)
det(movie-7, the-6)
pobj(of-5, movie-7)
auxpass(devoted-9, are-8)
prep(devoted-9, to-10)
nsubj(walking-12, Della-11)
pcomp(to-10, walking-12)
prep(walking-12, around-13)
pobj(around-13, aimlessly-14)
prep(aimlessly-14, in-15)
det(mall-18, the-16)
nn(mall-18, shopping-17)
pobj(in-15, mall-18)
punct(devoted-9, .-19)

Sentence #9 (49 tokens):
When she finally gets to her car, the thugs confront her about the note, a cop is killed, and she runs, and they catch up to her, and she gets away, and they chase her some more, and on and on.
[Text=When CharacterOffsetBegin=911 CharacterOffsetEnd=915 PartOfSpeech=WRB] [Text=she CharacterOffsetBegin=916 CharacterOffsetEnd=919 PartOfSpeech=PRP] [Text=finally CharacterOffsetBegin=920 CharacterOffsetEnd=927 PartOfSpeech=RB] [Text=gets CharacterOffsetBegin=928 CharacterOffsetEnd=932 PartOfSpeech=VBZ] [Text=to CharacterOffsetBegin=933 CharacterOffsetEnd=935 PartOfSpeech=TO] [Text=her CharacterOffsetBegin=936 CharacterOffsetEnd=939 PartOfSpeech=PRP$] [Text=car CharacterOffsetBegin=940 CharacterOffsetEnd=943 PartOfSpeech=NN] [Text=, CharacterOffsetBegin=943 CharacterOffsetEnd=944 PartOfSpeech=,] [Text=the CharacterOffsetBegin=945 CharacterOffsetEnd=948 PartOfSpeech=DT] [Text=thugs CharacterOffsetBegin=949 CharacterOffsetEnd=954 PartOfSpeech=NNS] [Text=confront CharacterOffsetBegin=955 CharacterOffsetEnd=963 PartOfSpeech=VBP] [Text=her CharacterOffsetBegin=964 CharacterOffsetEnd=967 PartOfSpeech=PRP$] [Text=about CharacterOffsetBegin=968 CharacterOffsetEnd=973 PartOfSpeech=IN] [Text=the CharacterOffsetBegin=974 CharacterOffsetEnd=977 PartOfSpeech=DT] [Text=note CharacterOffsetBegin=978 CharacterOffsetEnd=982 PartOfSpeech=NN] [Text=, CharacterOffsetBegin=982 CharacterOffsetEnd=983 PartOfSpeech=,] [Text=a CharacterOffsetBegin=984 CharacterOffsetEnd=985 PartOfSpeech=DT] [Text=cop CharacterOffsetBegin=986 CharacterOffsetEnd=989 PartOfSpeech=NN] [Text=is CharacterOffsetBegin=990 CharacterOffsetEnd=992 PartOfSpeech=VBZ] [Text=killed CharacterOffsetBegin=993 CharacterOffsetEnd=999 PartOfSpeech=VBN] [Text=, CharacterOffsetBegin=999 CharacterOffsetEnd=1000 PartOfSpeech=,] [Text=and CharacterOffsetBegin=1001 CharacterOffsetEnd=1004 PartOfSpeech=CC] [Text=she CharacterOffsetBegin=1005 CharacterOffsetEnd=1008 PartOfSpeech=PRP] [Text=runs CharacterOffsetBegin=1009 CharacterOffsetEnd=1013 PartOfSpeech=VBZ] [Text=, CharacterOffsetBegin=1013 CharacterOffsetEnd=1014 PartOfSpeech=,] [Text=and CharacterOffsetBegin=1015 CharacterOffsetEnd=1018 PartOfSpeech=CC] [Text=they CharacterOffsetBegin=1019 CharacterOffsetEnd=1023 PartOfSpeech=PRP] [Text=catch CharacterOffsetBegin=1024 CharacterOffsetEnd=1029 PartOfSpeech=VBP] [Text=up CharacterOffsetBegin=1030 CharacterOffsetEnd=1032 PartOfSpeech=RP] [Text=to CharacterOffsetBegin=1033 CharacterOffsetEnd=1035 PartOfSpeech=TO] [Text=her CharacterOffsetBegin=1036 CharacterOffsetEnd=1039 PartOfSpeech=PRP] [Text=, CharacterOffsetBegin=1039 CharacterOffsetEnd=1040 PartOfSpeech=,] [Text=and CharacterOffsetBegin=1041 CharacterOffsetEnd=1044 PartOfSpeech=CC] [Text=she CharacterOffsetBegin=1045 CharacterOffsetEnd=1048 PartOfSpeech=PRP] [Text=gets CharacterOffsetBegin=1049 CharacterOffsetEnd=1053 PartOfSpeech=VBZ] [Text=away CharacterOffsetBegin=1054 CharacterOffsetEnd=1058 PartOfSpeech=RB] [Text=, CharacterOffsetBegin=1058 CharacterOffsetEnd=1059 PartOfSpeech=,] [Text=and CharacterOffsetBegin=1060 CharacterOffsetEnd=1063 PartOfSpeech=CC] [Text=they CharacterOffsetBegin=1064 CharacterOffsetEnd=1068 PartOfSpeech=PRP] [Text=chase CharacterOffsetBegin=1069 CharacterOffsetEnd=1074 PartOfSpeech=VBP] [Text=her CharacterOffsetBegin=1075 CharacterOffsetEnd=1078 PartOfSpeech=PRP$] [Text=some CharacterOffsetBegin=1079 CharacterOffsetEnd=1083 PartOfSpeech=DT] [Text=more CharacterOffsetBegin=1084 CharacterOffsetEnd=1088 PartOfSpeech=RBR] [Text=, CharacterOffsetBegin=1088 CharacterOffsetEnd=1089 PartOfSpeech=,] [Text=and CharacterOffsetBegin=1090 CharacterOffsetEnd=1093 PartOfSpeech=CC] [Text=on CharacterOffsetBegin=1094 CharacterOffsetEnd=1096 PartOfSpeech=IN] [Text=and CharacterOffsetBegin=1097 CharacterOffsetEnd=1100 PartOfSpeech=CC] [Text=on CharacterOffsetBegin=1101 CharacterOffsetEnd=1103 PartOfSpeech=IN] [Text=. CharacterOffsetBegin=1103 CharacterOffsetEnd=1104 PartOfSpeech=.] 
root(ROOT-0, confront-11)
advmod(gets-4, When-1)
nsubj(gets-4, she-2)
advmod(gets-4, finally-3)
advcl(confront-11, gets-4)
prep(gets-4, to-5)
poss(car-7, her-6)
pobj(to-5, car-7)
punct(confront-11, ,-8)
det(thugs-10, the-9)
nsubj(confront-11, thugs-10)
dobj(confront-11, her-12)
prep(her-12, about-13)
det(note-15, the-14)
pobj(about-13, note-15)
punct(confront-11, ,-16)
det(cop-18, a-17)
nsubjpass(killed-20, cop-18)
auxpass(killed-20, is-19)
conj(confront-11, killed-20)
punct(confront-11, ,-21)
cc(confront-11, and-22)
nsubj(runs-24, she-23)
conj(confront-11, runs-24)
punct(runs-24, ,-25)
cc(runs-24, and-26)
nsubj(catch-28, they-27)
conj(runs-24, catch-28)
prt(catch-28, up-29)
prep(catch-28, to-30)
pobj(to-30, her-31)
punct(confront-11, ,-32)
cc(confront-11, and-33)
nsubj(gets-35, she-34)
conj(confront-11, gets-35)
advmod(gets-35, away-36)
punct(confront-11, ,-37)
cc(confront-11, and-38)
nsubj(chase-40, they-39)
conj(confront-11, chase-40)
dep(more-43, her-41)
det(more-43, some-42)
advmod(chase-40, more-43)
punct(chase-40, ,-44)
cc(chase-40, and-45)
conj(chase-40, on-46)
cc(on-46, and-47)
conj(on-46, on-48)
punct(confront-11, .-49)

Sentence #10 (7 tokens):
Everything is completely predictable and uninvolving.
[Text=Everything CharacterOffsetBegin=1109 CharacterOffsetEnd=1119 PartOfSpeech=NN] [Text=is CharacterOffsetBegin=1120 CharacterOffsetEnd=1122 PartOfSpeech=VBZ] [Text=completely CharacterOffsetBegin=1123 CharacterOffsetEnd=1133 PartOfSpeech=RB] [Text=predictable CharacterOffsetBegin=1134 CharacterOffsetEnd=1145 PartOfSpeech=JJ] [Text=and CharacterOffsetBegin=1146 CharacterOffsetEnd=1149 PartOfSpeech=CC] [Text=uninvolving CharacterOffsetBegin=1150 CharacterOffsetEnd=1161 PartOfSpeech=JJ] [Text=. CharacterOffsetBegin=1161 CharacterOffsetEnd=1162 PartOfSpeech=.] 
root(ROOT-0, predictable-4)
nsubj(predictable-4, Everything-1)
cop(predictable-4, is-2)
advmod(predictable-4, completely-3)
cc(predictable-4, and-5)
conj(predictable-4, uninvolving-6)
punct(predictable-4, .-7)

Sentence #11 (46 tokens):
The thugs are not scary or menacing at all, and they all get picked off one by one in all the usual ways.This is one of those movies in which all the action depends on the characters being as stupid as you can imagine.
[Text=The CharacterOffsetBegin=1167 CharacterOffsetEnd=1170 PartOfSpeech=DT] [Text=thugs CharacterOffsetBegin=1171 CharacterOffsetEnd=1176 PartOfSpeech=NNS] [Text=are CharacterOffsetBegin=1177 CharacterOffsetEnd=1180 PartOfSpeech=VBP] [Text=not CharacterOffsetBegin=1181 CharacterOffsetEnd=1184 PartOfSpeech=RB] [Text=scary CharacterOffsetBegin=1185 CharacterOffsetEnd=1190 PartOfSpeech=JJ] [Text=or CharacterOffsetBegin=1191 CharacterOffsetEnd=1193 PartOfSpeech=CC] [Text=menacing CharacterOffsetBegin=1194 CharacterOffsetEnd=1202 PartOfSpeech=JJ] [Text=at CharacterOffsetBegin=1203 CharacterOffsetEnd=1205 PartOfSpeech=IN] [Text=all CharacterOffsetBegin=1206 CharacterOffsetEnd=1209 PartOfSpeech=DT] [Text=, CharacterOffsetBegin=1209 CharacterOffsetEnd=1210 PartOfSpeech=,] [Text=and CharacterOffsetBegin=1211 CharacterOffsetEnd=1214 PartOfSpeech=CC] [Text=they CharacterOffsetBegin=1215 CharacterOffsetEnd=1219 PartOfSpeech=PRP] [Text=all CharacterOffsetBegin=1220 CharacterOffsetEnd=1223 PartOfSpeech=DT] [Text=get CharacterOffsetBegin=1224 CharacterOffsetEnd=1227 PartOfSpeech=VBP] [Text=picked CharacterOffsetBegin=1228 CharacterOffsetEnd=1234 PartOfSpeech=VBN] [Text=off CharacterOffsetBegin=1235 CharacterOffsetEnd=1238 PartOfSpeech=RP] [Text=one CharacterOffsetBegin=1239 CharacterOffsetEnd=1242 PartOfSpeech=CD] [Text=by CharacterOffsetBegin=1243 CharacterOffsetEnd=1245 PartOfSpeech=IN] [Text=one CharacterOffsetBegin=1246 CharacterOffsetEnd=1249 PartOfSpeech=CD] [Text=in CharacterOffsetBegin=1250 CharacterOffsetEnd=1252 PartOfSpeech=IN] [Text=all CharacterOffsetBegin=1253 CharacterOffsetEnd=1256 PartOfSpeech=PDT] [Text=the CharacterOffsetBegin=1257 CharacterOffsetEnd=1260 PartOfSpeech=DT] [Text=usual CharacterOffsetBegin=1261 CharacterOffsetEnd=1266 PartOfSpeech=JJ] [Text=ways.This CharacterOffsetBegin=1267 CharacterOffsetEnd=1276 PartOfSpeech=NN] [Text=is CharacterOffsetBegin=1277 CharacterOffsetEnd=1279 PartOfSpeech=VBZ] [Text=one CharacterOffsetBegin=1280 CharacterOffsetEnd=1283 PartOfSpeech=CD] [Text=of CharacterOffsetBegin=1284 CharacterOffsetEnd=1286 PartOfSpeech=IN] [Text=those CharacterOffsetBegin=1287 CharacterOffsetEnd=1292 PartOfSpeech=DT] [Text=movies CharacterOffsetBegin=1293 CharacterOffsetEnd=1299 PartOfSpeech=NNS] [Text=in CharacterOffsetBegin=1300 CharacterOffsetEnd=1302 PartOfSpeech=IN] [Text=which CharacterOffsetBegin=1303 CharacterOffsetEnd=1308 PartOfSpeech=WDT] [Text=all CharacterOffsetBegin=1309 CharacterOffsetEnd=1312 PartOfSpeech=PDT] [Text=the CharacterOffsetBegin=1313 CharacterOffsetEnd=1316 PartOfSpeech=DT] [Text=action CharacterOffsetBegin=1317 CharacterOffsetEnd=1323 PartOfSpeech=NN] [Text=depends CharacterOffsetBegin=1324 CharacterOffsetEnd=1331 PartOfSpeech=VBZ] [Text=on CharacterOffsetBegin=1332 CharacterOffsetEnd=1334 PartOfSpeech=IN] [Text=the CharacterOffsetBegin=1335 CharacterOffsetEnd=1338 PartOfSpeech=DT] [Text=characters CharacterOffsetBegin=1339 CharacterOffsetEnd=1349 PartOfSpeech=NNS] [Text=being CharacterOffsetBegin=1350 CharacterOffsetEnd=1355 PartOfSpeech=VBG] [Text=as CharacterOffsetBegin=1356 CharacterOffsetEnd=1358 PartOfSpeech=IN] [Text=stupid CharacterOffsetBegin=1359 CharacterOffsetEnd=1365 PartOfSpeech=JJ] [Text=as CharacterOffsetBegin=1366 CharacterOffsetEnd=1368 PartOfSpeech=IN] [Text=you CharacterOffsetBegin=1369 CharacterOffsetEnd=1372 PartOfSpeech=PRP] [Text=can CharacterOffsetBegin=1373 CharacterOffsetEnd=1376 PartOfSpeech=MD] [Text=imagine CharacterOffsetBegin=1377 CharacterOffsetEnd=1384 PartOfSpeech=VB] [Text=. CharacterOffsetBegin=1384 CharacterOffsetEnd=1385 PartOfSpeech=.] 
root(ROOT-0, scary-5)
det(thugs-2, The-1)
nsubj(scary-5, thugs-2)
cop(scary-5, are-3)
neg(scary-5, not-4)
cc(scary-5, or-6)
conj(scary-5, menacing-7)
advmod(scary-5, at-8)
pobj(at-8, all-9)
punct(scary-5, ,-10)
cc(scary-5, and-11)
nsubj(picked-15, they-12)
nsubjpass(picked-15, all-13)
auxpass(picked-15, get-14)
conj(scary-5, picked-15)
prt(picked-15, off-16)
dobj(picked-15, one-17)
prep(picked-15, by-18)
pobj(by-18, one-19)
prep(picked-15, in-20)
predet(ways.This-24, all-21)
det(ways.This-24, the-22)
amod(ways.This-24, usual-23)
pobj(in-20, ways.This-24)
cop(one-26, is-25)
dep(picked-15, one-26)
prep(one-26, of-27)
det(movies-29, those-28)
pobj(of-27, movies-29)
prep(depends-35, in-30)
pobj(in-30, which-31)
predet(action-34, all-32)
det(action-34, the-33)
nsubj(depends-35, action-34)
rcmod(movies-29, depends-35)
prep(depends-35, on-36)
det(characters-38, the-37)
nsubj(stupid-41, characters-38)
cop(stupid-41, being-39)
advmod(stupid-41, as-40)
pcomp(on-36, stupid-41)
mark(imagine-45, as-42)
nsubj(imagine-45, you-43)
aux(imagine-45, can-44)
advcl(stupid-41, imagine-45)
punct(scary-5, .-46)

Sentence #12 (25 tokens):
Why the bad guys don't just kill her instead of waiting for her to hit them with a tire iron is beyond me.
[Text=Why CharacterOffsetBegin=1390 CharacterOffsetEnd=1393 PartOfSpeech=WRB] [Text=the CharacterOffsetBegin=1394 CharacterOffsetEnd=1397 PartOfSpeech=DT] [Text=bad CharacterOffsetBegin=1398 CharacterOffsetEnd=1401 PartOfSpeech=JJ] [Text=guys CharacterOffsetBegin=1402 CharacterOffsetEnd=1406 PartOfSpeech=NNS] [Text=do CharacterOffsetBegin=1407 CharacterOffsetEnd=1409 PartOfSpeech=VBP] [Text=n't CharacterOffsetBegin=1409 CharacterOffsetEnd=1412 PartOfSpeech=RB] [Text=just CharacterOffsetBegin=1413 CharacterOffsetEnd=1417 PartOfSpeech=RB] [Text=kill CharacterOffsetBegin=1418 CharacterOffsetEnd=1422 PartOfSpeech=VB] [Text=her CharacterOffsetBegin=1423 CharacterOffsetEnd=1426 PartOfSpeech=PRP$] [Text=instead CharacterOffsetBegin=1427 CharacterOffsetEnd=1434 PartOfSpeech=RB] [Text=of CharacterOffsetBegin=1435 CharacterOffsetEnd=1437 PartOfSpeech=IN] [Text=waiting CharacterOffsetBegin=1438 CharacterOffsetEnd=1445 PartOfSpeech=VBG] [Text=for CharacterOffsetBegin=1446 CharacterOffsetEnd=1449 PartOfSpeech=IN] [Text=her CharacterOffsetBegin=1450 CharacterOffsetEnd=1453 PartOfSpeech=PRP$] [Text=to CharacterOffsetBegin=1454 CharacterOffsetEnd=1456 PartOfSpeech=TO] [Text=hit CharacterOffsetBegin=1457 CharacterOffsetEnd=1460 PartOfSpeech=VB] [Text=them CharacterOffsetBegin=1461 CharacterOffsetEnd=1465 PartOfSpeech=PRP] [Text=with CharacterOffsetBegin=1466 CharacterOffsetEnd=1470 PartOfSpeech=IN] [Text=a CharacterOffsetBegin=1471 CharacterOffsetEnd=1472 PartOfSpeech=DT] [Text=tire CharacterOffsetBegin=1473 CharacterOffsetEnd=1477 PartOfSpeech=NN] [Text=iron CharacterOffsetBegin=1478 CharacterOffsetEnd=1482 PartOfSpeech=NN] [Text=is CharacterOffsetBegin=1483 CharacterOffsetEnd=1485 PartOfSpeech=VBZ] [Text=beyond CharacterOffsetBegin=1486 CharacterOffsetEnd=1492 PartOfSpeech=IN] [Text=me CharacterOffsetBegin=1493 CharacterOffsetEnd=1495 PartOfSpeech=PRP] [Text=. CharacterOffsetBegin=1495 CharacterOffsetEnd=1496 PartOfSpeech=.] 
root(ROOT-0, kill-8)
advmod(kill-8, Why-1)
det(guys-4, the-2)
amod(guys-4, bad-3)
nsubj(kill-8, guys-4)
aux(kill-8, do-5)
neg(kill-8, n't-6)
advmod(kill-8, just-7)
dobj(kill-8, her-9)
advmod(kill-8, instead-10)
prep(kill-8, of-11)
pcomp(of-11, waiting-12)
mark(hit-16, for-13)
nsubj(hit-16, her-14)
aux(hit-16, to-15)
advcl(waiting-12, hit-16)
dobj(hit-16, them-17)
prep(hit-16, with-18)
det(iron-21, a-19)
nn(iron-21, tire-20)
pobj(with-18, iron-21)
dep(kill-8, is-22)
prep(is-22, beyond-23)
pobj(beyond-23, me-24)
punct(kill-8, .-25)

Sentence #13 (23 tokens):
And once, just once, in a film like this, does the leader of the pack have to die last?
[Text=And CharacterOffsetBegin=1501 CharacterOffsetEnd=1504 PartOfSpeech=CC] [Text=once CharacterOffsetBegin=1505 CharacterOffsetEnd=1509 PartOfSpeech=RB] [Text=, CharacterOffsetBegin=1509 CharacterOffsetEnd=1510 PartOfSpeech=,] [Text=just CharacterOffsetBegin=1511 CharacterOffsetEnd=1515 PartOfSpeech=RB] [Text=once CharacterOffsetBegin=1516 CharacterOffsetEnd=1520 PartOfSpeech=RB] [Text=, CharacterOffsetBegin=1520 CharacterOffsetEnd=1521 PartOfSpeech=,] [Text=in CharacterOffsetBegin=1522 CharacterOffsetEnd=1524 PartOfSpeech=IN] [Text=a CharacterOffsetBegin=1525 CharacterOffsetEnd=1526 PartOfSpeech=DT] [Text=film CharacterOffsetBegin=1527 CharacterOffsetEnd=1531 PartOfSpeech=NN] [Text=like CharacterOffsetBegin=1532 CharacterOffsetEnd=1536 PartOfSpeech=IN] [Text=this CharacterOffsetBegin=1537 CharacterOffsetEnd=1541 PartOfSpeech=DT] [Text=, CharacterOffsetBegin=1541 CharacterOffsetEnd=1542 PartOfSpeech=,] [Text=does CharacterOffsetBegin=1543 CharacterOffsetEnd=1547 PartOfSpeech=VBZ] [Text=the CharacterOffsetBegin=1548 CharacterOffsetEnd=1551 PartOfSpeech=DT] [Text=leader CharacterOffsetBegin=1552 CharacterOffsetEnd=1558 PartOfSpeech=NN] [Text=of CharacterOffsetBegin=1559 CharacterOffsetEnd=1561 PartOfSpeech=IN] [Text=the CharacterOffsetBegin=1562 CharacterOffsetEnd=1565 PartOfSpeech=DT] [Text=pack CharacterOffsetBegin=1566 CharacterOffsetEnd=1570 PartOfSpeech=NN] [Text=have CharacterOffsetBegin=1571 CharacterOffsetEnd=1575 PartOfSpeech=VBP] [Text=to CharacterOffsetBegin=1576 CharacterOffsetEnd=1578 PartOfSpeech=TO] [Text=die CharacterOffsetBegin=1579 CharacterOffsetEnd=1582 PartOfSpeech=VB] [Text=last CharacterOffsetBegin=1583 CharacterOffsetEnd=1587 PartOfSpeech=JJ] [Text=? CharacterOffsetBegin=1587 CharacterOffsetEnd=1588 PartOfSpeech=.] 
root(ROOT-0, And-1)
advmod(does-13, once-2)
punct(does-13, ,-3)
advmod(once-5, just-4)
advmod(does-13, once-5)
punct(does-13, ,-6)
prep(does-13, in-7)
det(film-9, a-8)
pobj(in-7, film-9)
prep(film-9, like-10)
pobj(like-10, this-11)
punct(does-13, ,-12)
dep(And-1, does-13)
det(leader-15, the-14)
nsubj(have-19, leader-15)
prep(leader-15, of-16)
det(pack-18, the-17)
pobj(of-16, pack-18)
ccomp(does-13, have-19)
aux(die-21, to-20)
xcomp(have-19, die-21)
advmod(die-21, last-22)
punct(And-1, ?-23)

Sentence #14 (20 tokens):
What does it matter that they are all picked off one by one when they are all equally inept?
[Text=What CharacterOffsetBegin=1593 CharacterOffsetEnd=1597 PartOfSpeech=WP] [Text=does CharacterOffsetBegin=1598 CharacterOffsetEnd=1602 PartOfSpeech=VBZ] [Text=it CharacterOffsetBegin=1603 CharacterOffsetEnd=1605 PartOfSpeech=PRP] [Text=matter CharacterOffsetBegin=1606 CharacterOffsetEnd=1612 PartOfSpeech=VB] [Text=that CharacterOffsetBegin=1613 CharacterOffsetEnd=1617 PartOfSpeech=IN] [Text=they CharacterOffsetBegin=1618 CharacterOffsetEnd=1622 PartOfSpeech=PRP] [Text=are CharacterOffsetBegin=1623 CharacterOffsetEnd=1626 PartOfSpeech=VBP] [Text=all CharacterOffsetBegin=1627 CharacterOffsetEnd=1630 PartOfSpeech=DT] [Text=picked CharacterOffsetBegin=1631 CharacterOffsetEnd=1637 PartOfSpeech=VBD] [Text=off CharacterOffsetBegin=1638 CharacterOffsetEnd=1641 PartOfSpeech=RP] [Text=one CharacterOffsetBegin=1642 CharacterOffsetEnd=1645 PartOfSpeech=CD] [Text=by CharacterOffsetBegin=1646 CharacterOffsetEnd=1648 PartOfSpeech=IN] [Text=one CharacterOffsetBegin=1649 CharacterOffsetEnd=1652 PartOfSpeech=CD] [Text=when CharacterOffsetBegin=1653 CharacterOffsetEnd=1657 PartOfSpeech=WRB] [Text=they CharacterOffsetBegin=1658 CharacterOffsetEnd=1662 PartOfSpeech=PRP] [Text=are CharacterOffsetBegin=1663 CharacterOffsetEnd=1666 PartOfSpeech=VBP] [Text=all CharacterOffsetBegin=1667 CharacterOffsetEnd=1670 PartOfSpeech=DT] [Text=equally CharacterOffsetBegin=1671 CharacterOffsetEnd=1678 PartOfSpeech=RB] [Text=inept CharacterOffsetBegin=1679 CharacterOffsetEnd=1684 PartOfSpeech=JJ] [Text=? CharacterOffsetBegin=1684 CharacterOffsetEnd=1685 PartOfSpeech=.] 
root(ROOT-0, matter-4)
dobj(matter-4, What-1)
aux(matter-4, does-2)
nsubj(matter-4, it-3)
mark(picked-9, that-5)
nsubjpass(picked-9, they-6)
auxpass(picked-9, are-7)
dep(picked-9, all-8)
ccomp(matter-4, picked-9)
prt(picked-9, off-10)
dobj(picked-9, one-11)
prep(picked-9, by-12)
pobj(by-12, one-13)
advmod(inept-19, when-14)
nsubj(inept-19, they-15)
cop(inept-19, are-16)
dep(inept-19, all-17)
advmod(inept-19, equally-18)
advcl(matter-4, inept-19)
punct(matter-4, ?-20)

Sentence #15 (19 tokens):
Much of the movie simply consists of Lukas Haas running around in the woods screaming "Della!!!"
[Text=Much CharacterOffsetBegin=1690 CharacterOffsetEnd=1694 PartOfSpeech=JJ] [Text=of CharacterOffsetBegin=1695 CharacterOffsetEnd=1697 PartOfSpeech=IN] [Text=the CharacterOffsetBegin=1698 CharacterOffsetEnd=1701 PartOfSpeech=DT] [Text=movie CharacterOffsetBegin=1702 CharacterOffsetEnd=1707 PartOfSpeech=NN] [Text=simply CharacterOffsetBegin=1708 CharacterOffsetEnd=1714 PartOfSpeech=RB] [Text=consists CharacterOffsetBegin=1715 CharacterOffsetEnd=1723 PartOfSpeech=VBZ] [Text=of CharacterOffsetBegin=1724 CharacterOffsetEnd=1726 PartOfSpeech=IN] [Text=Lukas CharacterOffsetBegin=1727 CharacterOffsetEnd=1732 PartOfSpeech=NNP] [Text=Haas CharacterOffsetBegin=1733 CharacterOffsetEnd=1737 PartOfSpeech=NNP] [Text=running CharacterOffsetBegin=1738 CharacterOffsetEnd=1745 PartOfSpeech=VBG] [Text=around CharacterOffsetBegin=1746 CharacterOffsetEnd=1752 PartOfSpeech=RB] [Text=in CharacterOffsetBegin=1753 CharacterOffsetEnd=1755 PartOfSpeech=IN] [Text=the CharacterOffsetBegin=1756 CharacterOffsetEnd=1759 PartOfSpeech=DT] [Text=woods CharacterOffsetBegin=1760 CharacterOffsetEnd=1765 PartOfSpeech=NNS] [Text=screaming CharacterOffsetBegin=1766 CharacterOffsetEnd=1775 PartOfSpeech=VBG] [Text=`` CharacterOffsetBegin=1776 CharacterOffsetEnd=1777 PartOfSpeech=``] [Text=Della CharacterOffsetBegin=1777 CharacterOffsetEnd=1782 PartOfSpeech=NNP] [Text=!!! CharacterOffsetBegin=1782 CharacterOffsetEnd=1785 PartOfSpeech=NNP] [Text='' CharacterOffsetBegin=1785 CharacterOffsetEnd=1786 PartOfSpeech=''] 
root(ROOT-0, consists-6)
nsubj(consists-6, Much-1)
prep(Much-1, of-2)
det(movie-4, the-3)
pobj(of-2, movie-4)
advmod(consists-6, simply-5)
prep(consists-6, of-7)
nn(Haas-9, Lukas-8)
pobj(of-7, Haas-9)
partmod(Haas-9, running-10)
advmod(running-10, around-11)
prep(running-10, in-12)
det(woods-14, the-13)
pobj(in-12, woods-14)
dep(!!!-18, screaming-15)
punct(!!!-18, ``-16)
nn(!!!-18, Della-17)
dep(woods-14, !!!-18)
punct(consists-6, ''-19)

Sentence #16 (47 tokens):
And the inclusion of Joy Division on the soundtrack of this wretched film is insulting.The part that really made me run for my computer keypad was when Della, exhausted and hurt, cries out to the heavens, "Where are you, God?"
[Text=And CharacterOffsetBegin=1791 CharacterOffsetEnd=1794 PartOfSpeech=CC] [Text=the CharacterOffsetBegin=1795 CharacterOffsetEnd=1798 PartOfSpeech=DT] [Text=inclusion CharacterOffsetBegin=1799 CharacterOffsetEnd=1808 PartOfSpeech=NN] [Text=of CharacterOffsetBegin=1809 CharacterOffsetEnd=1811 PartOfSpeech=IN] [Text=Joy CharacterOffsetBegin=1812 CharacterOffsetEnd=1815 PartOfSpeech=NNP] [Text=Division CharacterOffsetBegin=1816 CharacterOffsetEnd=1824 PartOfSpeech=NNP] [Text=on CharacterOffsetBegin=1825 CharacterOffsetEnd=1827 PartOfSpeech=IN] [Text=the CharacterOffsetBegin=1828 CharacterOffsetEnd=1831 PartOfSpeech=DT] [Text=soundtrack CharacterOffsetBegin=1832 CharacterOffsetEnd=1842 PartOfSpeech=NN] [Text=of CharacterOffsetBegin=1843 CharacterOffsetEnd=1845 PartOfSpeech=IN] [Text=this CharacterOffsetBegin=1846 CharacterOffsetEnd=1850 PartOfSpeech=DT] [Text=wretched CharacterOffsetBegin=1851 CharacterOffsetEnd=1859 PartOfSpeech=JJ] [Text=film CharacterOffsetBegin=1860 CharacterOffsetEnd=1864 PartOfSpeech=NN] [Text=is CharacterOffsetBegin=1865 CharacterOffsetEnd=1867 PartOfSpeech=VBZ] [Text=insulting.The CharacterOffsetBegin=1868 CharacterOffsetEnd=1881 PartOfSpeech=NNP] [Text=part CharacterOffsetBegin=1882 CharacterOffsetEnd=1886 PartOfSpeech=NN] [Text=that CharacterOffsetBegin=1887 CharacterOffsetEnd=1891 PartOfSpeech=WDT] [Text=really CharacterOffsetBegin=1892 CharacterOffsetEnd=1898 PartOfSpeech=RB] [Text=made CharacterOffsetBegin=1899 CharacterOffsetEnd=1903 PartOfSpeech=VBD] [Text=me CharacterOffsetBegin=1904 CharacterOffsetEnd=1906 PartOfSpeech=PRP] [Text=run CharacterOffsetBegin=1907 CharacterOffsetEnd=1910 PartOfSpeech=VB] [Text=for CharacterOffsetBegin=1911 CharacterOffsetEnd=1914 PartOfSpeech=IN] [Text=my CharacterOffsetBegin=1915 CharacterOffsetEnd=1917 PartOfSpeech=PRP$] [Text=computer CharacterOffsetBegin=1918 CharacterOffsetEnd=1926 PartOfSpeech=NN] [Text=keypad CharacterOffsetBegin=1927 CharacterOffsetEnd=1933 PartOfSpeech=NN] [Text=was CharacterOffsetBegin=1934 CharacterOffsetEnd=1937 PartOfSpeech=VBD] [Text=when CharacterOffsetBegin=1938 CharacterOffsetEnd=1942 PartOfSpeech=WRB] [Text=Della CharacterOffsetBegin=1943 CharacterOffsetEnd=1948 PartOfSpeech=NNP] [Text=, CharacterOffsetBegin=1948 CharacterOffsetEnd=1949 PartOfSpeech=,] [Text=exhausted CharacterOffsetBegin=1950 CharacterOffsetEnd=1959 PartOfSpeech=VBN] [Text=and CharacterOffsetBegin=1960 CharacterOffsetEnd=1963 PartOfSpeech=CC] [Text=hurt CharacterOffsetBegin=1964 CharacterOffsetEnd=1968 PartOfSpeech=VBN] [Text=, CharacterOffsetBegin=1968 CharacterOffsetEnd=1969 PartOfSpeech=,] [Text=cries CharacterOffsetBegin=1970 CharacterOffsetEnd=1975 PartOfSpeech=VBZ] [Text=out CharacterOffsetBegin=1976 CharacterOffsetEnd=1979 PartOfSpeech=RP] [Text=to CharacterOffsetBegin=1980 CharacterOffsetEnd=1982 PartOfSpeech=TO] [Text=the CharacterOffsetBegin=1983 CharacterOffsetEnd=1986 PartOfSpeech=DT] [Text=heavens CharacterOffsetBegin=1987 CharacterOffsetEnd=1994 PartOfSpeech=NNS] [Text=, CharacterOffsetBegin=1994 CharacterOffsetEnd=1995 PartOfSpeech=,] [Text=`` CharacterOffsetBegin=1996 CharacterOffsetEnd=1997 PartOfSpeech=``] [Text=Where CharacterOffsetBegin=1997 CharacterOffsetEnd=2002 PartOfSpeech=WRB] [Text=are CharacterOffsetBegin=2003 CharacterOffsetEnd=2006 PartOfSpeech=VBP] [Text=you CharacterOffsetBegin=2007 CharacterOffsetEnd=2010 PartOfSpeech=PRP] [Text=, CharacterOffsetBegin=2010 CharacterOffsetEnd=2011 PartOfSpeech=,] [Text=God CharacterOffsetBegin=2012 CharacterOffsetEnd=2015 PartOfSpeech=NNP] [Text=? CharacterOffsetBegin=2015 CharacterOffsetEnd=2016 PartOfSpeech=.] [Text='' CharacterOffsetBegin=2016 CharacterOffsetEnd=2017 PartOfSpeech=''] 
root(ROOT-0, part-16)
cc(part-16, And-1)
det(inclusion-3, the-2)
nsubj(part-16, inclusion-3)
prep(inclusion-3, of-4)
nn(Division-6, Joy-5)
pobj(of-4, Division-6)
prep(inclusion-3, on-7)
det(soundtrack-9, the-8)
pobj(on-7, soundtrack-9)
prep(soundtrack-9, of-10)
det(film-13, this-11)
amod(film-13, wretched-12)
pobj(of-10, film-13)
cop(part-16, is-14)
nn(part-16, insulting.The-15)
nsubj(made-19, that-17)
advmod(made-19, really-18)
rcmod(part-16, made-19)
nsubj(run-21, me-20)
xcomp(made-19, run-21)
prep(run-21, for-22)
poss(keypad-25, my-23)
nn(keypad-25, computer-24)
pobj(for-22, keypad-25)
dep(part-16, was-26)
advmod(exhausted-30, when-27)
nsubj(exhausted-30, Della-28)
punct(Della-28, ,-29)
advcl(was-26, exhausted-30)
cc(exhausted-30, and-31)
conj(exhausted-30, hurt-32)
punct(part-16, ,-33)
dep(part-16, cries-34)
prt(cries-34, out-35)
prep(cries-34, to-36)
det(heavens-38, the-37)
pobj(to-36, heavens-38)
punct(part-16, ,-39)
punct(part-16, ``-40)
dep(part-16, Where-41)
dep(Where-41, are-42)
nsubj(are-42, you-43)
punct(you-43, ,-44)
appos(you-43, God-45)
punct(part-16, ?-46)
punct(part-16, ''-47)

Sentence #17 (13 tokens):
Where, indeed, was god when this movie was being made?
[Text=Where CharacterOffsetBegin=2022 CharacterOffsetEnd=2027 PartOfSpeech=WRB] [Text=, CharacterOffsetBegin=2027 CharacterOffsetEnd=2028 PartOfSpeech=,] [Text=indeed CharacterOffsetBegin=2029 CharacterOffsetEnd=2035 PartOfSpeech=RB] [Text=, CharacterOffsetBegin=2035 CharacterOffsetEnd=2036 PartOfSpeech=,] [Text=was CharacterOffsetBegin=2037 CharacterOffsetEnd=2040 PartOfSpeech=VBD] [Text=god CharacterOffsetBegin=2041 CharacterOffsetEnd=2044 PartOfSpeech=NN] [Text=when CharacterOffsetBegin=2045 CharacterOffsetEnd=2049 PartOfSpeech=WRB] [Text=this CharacterOffsetBegin=2050 CharacterOffsetEnd=2054 PartOfSpeech=DT] [Text=movie CharacterOffsetBegin=2055 CharacterOffsetEnd=2060 PartOfSpeech=NN] [Text=was CharacterOffsetBegin=2061 CharacterOffsetEnd=2064 PartOfSpeech=VBD] [Text=being CharacterOffsetBegin=2065 CharacterOffsetEnd=2070 PartOfSpeech=VBG] [Text=made CharacterOffsetBegin=2071 CharacterOffsetEnd=2075 PartOfSpeech=VBN] [Text=? CharacterOffsetBegin=2075 CharacterOffsetEnd=2076 PartOfSpeech=.] 
root(ROOT-0, god-6)
advmod(god-6, Where-1)
punct(god-6, ,-2)
advmod(god-6, indeed-3)
punct(god-6, ,-4)
cop(god-6, was-5)
advmod(made-12, when-7)
det(movie-9, this-8)
nsubjpass(made-12, movie-9)
aux(made-12, was-10)
auxpass(made-12, being-11)
advcl(god-6, made-12)
punct(god-6, ?-13)

Sentence #18 (34 tokens):
I give it a 2 only because of competent cinematography and lighting, and it's not as bad as 'BTK Killer,' the ultimate marker for judging any terrible film.
[Text=I CharacterOffsetBegin=2081 CharacterOffsetEnd=2082 PartOfSpeech=PRP] [Text=give CharacterOffsetBegin=2083 CharacterOffsetEnd=2087 PartOfSpeech=VBP] [Text=it CharacterOffsetBegin=2088 CharacterOffsetEnd=2090 PartOfSpeech=PRP] [Text=a CharacterOffsetBegin=2091 CharacterOffsetEnd=2092 PartOfSpeech=DT] [Text=2 CharacterOffsetBegin=2093 CharacterOffsetEnd=2094 PartOfSpeech=CD] [Text=only CharacterOffsetBegin=2095 CharacterOffsetEnd=2099 PartOfSpeech=RB] [Text=because CharacterOffsetBegin=2100 CharacterOffsetEnd=2107 PartOfSpeech=IN] [Text=of CharacterOffsetBegin=2108 CharacterOffsetEnd=2110 PartOfSpeech=IN] [Text=competent CharacterOffsetBegin=2111 CharacterOffsetEnd=2120 PartOfSpeech=JJ] [Text=cinematography CharacterOffsetBegin=2121 CharacterOffsetEnd=2135 PartOfSpeech=NN] [Text=and CharacterOffsetBegin=2136 CharacterOffsetEnd=2139 PartOfSpeech=CC] [Text=lighting CharacterOffsetBegin=2140 CharacterOffsetEnd=2148 PartOfSpeech=NN] [Text=, CharacterOffsetBegin=2148 CharacterOffsetEnd=2149 PartOfSpeech=,] [Text=and CharacterOffsetBegin=2150 CharacterOffsetEnd=2153 PartOfSpeech=CC] [Text=it CharacterOffsetBegin=2154 CharacterOffsetEnd=2156 PartOfSpeech=PRP] [Text='s CharacterOffsetBegin=2156 CharacterOffsetEnd=2158 PartOfSpeech=VBZ] [Text=not CharacterOffsetBegin=2159 CharacterOffsetEnd=2162 PartOfSpeech=RB] [Text=as CharacterOffsetBegin=2163 CharacterOffsetEnd=2165 PartOfSpeech=RB] [Text=bad CharacterOffsetBegin=2166 CharacterOffsetEnd=2169 PartOfSpeech=JJ] [Text=as CharacterOffsetBegin=2170 CharacterOffsetEnd=2172 PartOfSpeech=IN] [Text=` CharacterOffsetBegin=2173 CharacterOffsetEnd=2174 PartOfSpeech=``] [Text=BTK CharacterOffsetBegin=2174 CharacterOffsetEnd=2177 PartOfSpeech=NNP] [Text=Killer CharacterOffsetBegin=2178 CharacterOffsetEnd=2184 PartOfSpeech=NN] [Text=, CharacterOffsetBegin=2184 CharacterOffsetEnd=2185 PartOfSpeech=,] [Text=' CharacterOffsetBegin=2185 CharacterOffsetEnd=2186 PartOfSpeech=''] [Text=the CharacterOffsetBegin=2187 CharacterOffsetEnd=2190 PartOfSpeech=DT] [Text=ultimate CharacterOffsetBegin=2191 CharacterOffsetEnd=2199 PartOfSpeech=JJ] [Text=marker CharacterOffsetBegin=2200 CharacterOffsetEnd=2206 PartOfSpeech=NN] [Text=for CharacterOffsetBegin=2207 CharacterOffsetEnd=2210 PartOfSpeech=IN] [Text=judging CharacterOffsetBegin=2211 CharacterOffsetEnd=2218 PartOfSpeech=VBG] [Text=any CharacterOffsetBegin=2219 CharacterOffsetEnd=2222 PartOfSpeech=DT] [Text=terrible CharacterOffsetBegin=2223 CharacterOffsetEnd=2231 PartOfSpeech=JJ] [Text=film CharacterOffsetBegin=2232 CharacterOffsetEnd=2236 PartOfSpeech=NN] [Text=. CharacterOffsetBegin=2236 CharacterOffsetEnd=2237 PartOfSpeech=.] 
root(ROOT-0, give-2)
nsubj(give-2, I-1)
iobj(give-2, it-3)
det(2-5, a-4)
dobj(give-2, 2-5)
advmod(of-8, only-6)
mwe(of-8, because-7)
prep(give-2, of-8)
amod(cinematography-10, competent-9)
pobj(of-8, cinematography-10)
cc(cinematography-10, and-11)
conj(cinematography-10, lighting-12)
punct(give-2, ,-13)
cc(give-2, and-14)
nsubj(bad-19, it-15)
cop(bad-19, 's-16)
neg(bad-19, not-17)
advmod(bad-19, as-18)
conj(give-2, bad-19)
prep(bad-19, as-20)
punct(Killer-23, `-21)
nn(Killer-23, BTK-22)
pobj(as-20, Killer-23)
punct(give-2, ,-24)
punct(give-2, '-25)
det(marker-28, the-26)
amod(marker-28, ultimate-27)
dobj(give-2, marker-28)
prep(marker-28, for-29)
pcomp(for-29, judging-30)
det(film-33, any-31)
amod(film-33, terrible-32)
dobj(judging-30, film-33)
punct(give-2, .-34)

Sentence #19 (2 tokens):
Cheers!
[Text=Cheers CharacterOffsetBegin=2242 CharacterOffsetEnd=2248 PartOfSpeech=NNP] [Text=! CharacterOffsetBegin=2248 CharacterOffsetEnd=2249 PartOfSpeech=.] 
root(ROOT-0, Cheers-1)
punct(Cheers-1, !-2)

