Sentence #1 (16 tokens):
I absolutely hate this programme, what kind of people sit and watch this garbage??
[Text=I CharacterOffsetBegin=4 CharacterOffsetEnd=5 PartOfSpeech=PRP] [Text=absolutely CharacterOffsetBegin=6 CharacterOffsetEnd=16 PartOfSpeech=RB] [Text=hate CharacterOffsetBegin=17 CharacterOffsetEnd=21 PartOfSpeech=VBP] [Text=this CharacterOffsetBegin=22 CharacterOffsetEnd=26 PartOfSpeech=DT] [Text=programme CharacterOffsetBegin=27 CharacterOffsetEnd=36 PartOfSpeech=NN] [Text=, CharacterOffsetBegin=36 CharacterOffsetEnd=37 PartOfSpeech=,] [Text=what CharacterOffsetBegin=38 CharacterOffsetEnd=42 PartOfSpeech=WDT] [Text=kind CharacterOffsetBegin=43 CharacterOffsetEnd=47 PartOfSpeech=NN] [Text=of CharacterOffsetBegin=48 CharacterOffsetEnd=50 PartOfSpeech=IN] [Text=people CharacterOffsetBegin=51 CharacterOffsetEnd=57 PartOfSpeech=NNS] [Text=sit CharacterOffsetBegin=58 CharacterOffsetEnd=61 PartOfSpeech=VBP] [Text=and CharacterOffsetBegin=62 CharacterOffsetEnd=65 PartOfSpeech=CC] [Text=watch CharacterOffsetBegin=66 CharacterOffsetEnd=71 PartOfSpeech=VBP] [Text=this CharacterOffsetBegin=72 CharacterOffsetEnd=76 PartOfSpeech=DT] [Text=garbage CharacterOffsetBegin=77 CharacterOffsetEnd=84 PartOfSpeech=NN] [Text=?? CharacterOffsetBegin=84 CharacterOffsetEnd=86 PartOfSpeech=IN] 
root(ROOT-0, hate-3)
nsubj(hate-3, I-1)
advmod(hate-3, absolutely-2)
det(programme-5, this-4)
dobj(hate-3, programme-5)
punct(hate-3, ,-6)
det(kind-8, what-7)
nsubj(sit-11, kind-8)
prep(kind-8, of-9)
pobj(of-9, people-10)
dep(hate-3, sit-11)
cc(sit-11, and-12)
conj(sit-11, watch-13)
det(garbage-15, this-14)
dep(watch-13, garbage-15)
dep(garbage-15, ??-16)

Sentence #2 (24 tokens):
OK my dad and mum love it lol but i make sure I'm well out of the room before it comes on.
[Text=OK CharacterOffsetBegin=91 CharacterOffsetEnd=93 PartOfSpeech=JJ] [Text=my CharacterOffsetBegin=94 CharacterOffsetEnd=96 PartOfSpeech=PRP$] [Text=dad CharacterOffsetBegin=97 CharacterOffsetEnd=100 PartOfSpeech=NN] [Text=and CharacterOffsetBegin=101 CharacterOffsetEnd=104 PartOfSpeech=CC] [Text=mum CharacterOffsetBegin=105 CharacterOffsetEnd=108 PartOfSpeech=NN] [Text=love CharacterOffsetBegin=109 CharacterOffsetEnd=113 PartOfSpeech=VBP] [Text=it CharacterOffsetBegin=114 CharacterOffsetEnd=116 PartOfSpeech=PRP] [Text=lol CharacterOffsetBegin=117 CharacterOffsetEnd=120 PartOfSpeech=NN] [Text=but CharacterOffsetBegin=121 CharacterOffsetEnd=124 PartOfSpeech=CC] [Text=i CharacterOffsetBegin=125 CharacterOffsetEnd=126 PartOfSpeech=FW] [Text=make CharacterOffsetBegin=127 CharacterOffsetEnd=131 PartOfSpeech=VBP] [Text=sure CharacterOffsetBegin=132 CharacterOffsetEnd=136 PartOfSpeech=JJ] [Text=I CharacterOffsetBegin=137 CharacterOffsetEnd=138 PartOfSpeech=PRP] [Text='m CharacterOffsetBegin=138 CharacterOffsetEnd=140 PartOfSpeech=VBP] [Text=well CharacterOffsetBegin=141 CharacterOffsetEnd=145 PartOfSpeech=RB] [Text=out CharacterOffsetBegin=146 CharacterOffsetEnd=149 PartOfSpeech=IN] [Text=of CharacterOffsetBegin=150 CharacterOffsetEnd=152 PartOfSpeech=IN] [Text=the CharacterOffsetBegin=153 CharacterOffsetEnd=156 PartOfSpeech=DT] [Text=room CharacterOffsetBegin=157 CharacterOffsetEnd=161 PartOfSpeech=NN] [Text=before CharacterOffsetBegin=162 CharacterOffsetEnd=168 PartOfSpeech=IN] [Text=it CharacterOffsetBegin=169 CharacterOffsetEnd=171 PartOfSpeech=PRP] [Text=comes CharacterOffsetBegin=172 CharacterOffsetEnd=177 PartOfSpeech=VBZ] [Text=on CharacterOffsetBegin=178 CharacterOffsetEnd=180 PartOfSpeech=IN] [Text=. CharacterOffsetBegin=180 CharacterOffsetEnd=181 PartOfSpeech=.] 
root(ROOT-0, love-6)
dep(dad-3, OK-1)
poss(dad-3, my-2)
nsubj(love-6, dad-3)
cc(dad-3, and-4)
conj(dad-3, mum-5)
dobj(love-6, it-7)
nsubj(make-11, lol-8)
cc(lol-8, but-9)
conj(lol-8, i-10)
dep(love-6, make-11)
acomp(make-11, sure-12)
nsubj('m-14, I-13)
ccomp(sure-12, 'm-14)
advmod('m-14, well-15)
prep('m-14, out-16)
pcomp(out-16, of-17)
det(room-19, the-18)
pobj(of-17, room-19)
mark(comes-22, before-20)
nsubj(comes-22, it-21)
advcl('m-14, comes-22)
prt(comes-22, on-23)
punct(love-6, .-24)

Sentence #3 (32 tokens):
Its so depressing and dreary but the worst thing about it is the acting i cant stand all detective programmes such as this because the detectives are so wooden and heartless.
[Text=Its CharacterOffsetBegin=186 CharacterOffsetEnd=189 PartOfSpeech=PRP$] [Text=so CharacterOffsetBegin=190 CharacterOffsetEnd=192 PartOfSpeech=RB] [Text=depressing CharacterOffsetBegin=193 CharacterOffsetEnd=203 PartOfSpeech=JJ] [Text=and CharacterOffsetBegin=204 CharacterOffsetEnd=207 PartOfSpeech=CC] [Text=dreary CharacterOffsetBegin=208 CharacterOffsetEnd=214 PartOfSpeech=JJ] [Text=but CharacterOffsetBegin=215 CharacterOffsetEnd=218 PartOfSpeech=CC] [Text=the CharacterOffsetBegin=219 CharacterOffsetEnd=222 PartOfSpeech=DT] [Text=worst CharacterOffsetBegin=223 CharacterOffsetEnd=228 PartOfSpeech=JJS] [Text=thing CharacterOffsetBegin=229 CharacterOffsetEnd=234 PartOfSpeech=NN] [Text=about CharacterOffsetBegin=235 CharacterOffsetEnd=240 PartOfSpeech=IN] [Text=it CharacterOffsetBegin=241 CharacterOffsetEnd=243 PartOfSpeech=PRP] [Text=is CharacterOffsetBegin=244 CharacterOffsetEnd=246 PartOfSpeech=VBZ] [Text=the CharacterOffsetBegin=247 CharacterOffsetEnd=250 PartOfSpeech=DT] [Text=acting CharacterOffsetBegin=251 CharacterOffsetEnd=257 PartOfSpeech=VBG] [Text=i CharacterOffsetBegin=258 CharacterOffsetEnd=259 PartOfSpeech=FW] [Text=cant CharacterOffsetBegin=260 CharacterOffsetEnd=264 PartOfSpeech=FW] [Text=stand CharacterOffsetBegin=265 CharacterOffsetEnd=270 PartOfSpeech=VB] [Text=all CharacterOffsetBegin=271 CharacterOffsetEnd=274 PartOfSpeech=DT] [Text=detective CharacterOffsetBegin=275 CharacterOffsetEnd=284 PartOfSpeech=NN] [Text=programmes CharacterOffsetBegin=285 CharacterOffsetEnd=295 PartOfSpeech=NNS] [Text=such CharacterOffsetBegin=296 CharacterOffsetEnd=300 PartOfSpeech=JJ] [Text=as CharacterOffsetBegin=301 CharacterOffsetEnd=303 PartOfSpeech=IN] [Text=this CharacterOffsetBegin=304 CharacterOffsetEnd=308 PartOfSpeech=DT] [Text=because CharacterOffsetBegin=309 CharacterOffsetEnd=316 PartOfSpeech=IN] [Text=the CharacterOffsetBegin=317 CharacterOffsetEnd=320 PartOfSpeech=DT] [Text=detectives CharacterOffsetBegin=321 CharacterOffsetEnd=331 PartOfSpeech=NNS] [Text=are CharacterOffsetBegin=332 CharacterOffsetEnd=335 PartOfSpeech=VBP] [Text=so CharacterOffsetBegin=336 CharacterOffsetEnd=338 PartOfSpeech=RB] [Text=wooden CharacterOffsetBegin=339 CharacterOffsetEnd=345 PartOfSpeech=JJ] [Text=and CharacterOffsetBegin=346 CharacterOffsetEnd=349 PartOfSpeech=CC] [Text=heartless CharacterOffsetBegin=350 CharacterOffsetEnd=359 PartOfSpeech=JJ] [Text=. CharacterOffsetBegin=359 CharacterOffsetEnd=360 PartOfSpeech=.] 
root(ROOT-0, stand-17)
poss(depressing-3, Its-1)
advmod(depressing-3, so-2)
nsubj(stand-17, depressing-3)
cc(depressing-3, and-4)
conj(depressing-3, dreary-5)
cc(depressing-3, but-6)
det(thing-9, the-7)
amod(thing-9, worst-8)
conj(depressing-3, thing-9)
prep(thing-9, about-10)
pobj(about-10, it-11)
cop(stand-17, is-12)
det(stand-17, the-13)
amod(stand-17, acting-14)
advmod(stand-17, i-15)
nsubj(stand-17, cant-16)
det(programmes-20, all-18)
nn(programmes-20, detective-19)
dobj(stand-17, programmes-20)
mwe(as-22, such-21)
prep(programmes-20, as-22)
pobj(as-22, this-23)
mark(wooden-29, because-24)
det(detectives-26, the-25)
nsubj(wooden-29, detectives-26)
cop(wooden-29, are-27)
advmod(wooden-29, so-28)
advcl(stand-17, wooden-29)
cc(wooden-29, and-30)
conj(wooden-29, heartless-31)
punct(stand-17, .-32)

Sentence #4 (9 tokens):
What happened to detective programmes with real mystery???
[Text=What CharacterOffsetBegin=365 CharacterOffsetEnd=369 PartOfSpeech=WP] [Text=happened CharacterOffsetBegin=370 CharacterOffsetEnd=378 PartOfSpeech=VBD] [Text=to CharacterOffsetBegin=379 CharacterOffsetEnd=381 PartOfSpeech=TO] [Text=detective CharacterOffsetBegin=382 CharacterOffsetEnd=391 PartOfSpeech=NN] [Text=programmes CharacterOffsetBegin=392 CharacterOffsetEnd=402 PartOfSpeech=NNS] [Text=with CharacterOffsetBegin=403 CharacterOffsetEnd=407 PartOfSpeech=IN] [Text=real CharacterOffsetBegin=408 CharacterOffsetEnd=412 PartOfSpeech=JJ] [Text=mystery CharacterOffsetBegin=413 CharacterOffsetEnd=420 PartOfSpeech=NN] [Text=??? CharacterOffsetBegin=420 CharacterOffsetEnd=423 PartOfSpeech=IN] 
root(ROOT-0, happened-2)
nsubj(happened-2, What-1)
prep(happened-2, to-3)
nn(programmes-5, detective-4)
pobj(to-3, programmes-5)
prep(happened-2, with-6)
amod(mystery-8, real-7)
pobj(with-6, mystery-8)
dep(happened-2, ???-9)

Sentence #5 (22 tokens):
I mean who wants to know what happened to fictional characters we know nothing about that died over 20 years ago???
[Text=I CharacterOffsetBegin=428 CharacterOffsetEnd=429 PartOfSpeech=PRP] [Text=mean CharacterOffsetBegin=430 CharacterOffsetEnd=434 PartOfSpeech=VBP] [Text=who CharacterOffsetBegin=435 CharacterOffsetEnd=438 PartOfSpeech=WP] [Text=wants CharacterOffsetBegin=439 CharacterOffsetEnd=444 PartOfSpeech=VBZ] [Text=to CharacterOffsetBegin=445 CharacterOffsetEnd=447 PartOfSpeech=TO] [Text=know CharacterOffsetBegin=448 CharacterOffsetEnd=452 PartOfSpeech=VB] [Text=what CharacterOffsetBegin=453 CharacterOffsetEnd=457 PartOfSpeech=WP] [Text=happened CharacterOffsetBegin=458 CharacterOffsetEnd=466 PartOfSpeech=VBD] [Text=to CharacterOffsetBegin=467 CharacterOffsetEnd=469 PartOfSpeech=TO] [Text=fictional CharacterOffsetBegin=470 CharacterOffsetEnd=479 PartOfSpeech=JJ] [Text=characters CharacterOffsetBegin=480 CharacterOffsetEnd=490 PartOfSpeech=NNS] [Text=we CharacterOffsetBegin=491 CharacterOffsetEnd=493 PartOfSpeech=PRP] [Text=know CharacterOffsetBegin=494 CharacterOffsetEnd=498 PartOfSpeech=VBP] [Text=nothing CharacterOffsetBegin=499 CharacterOffsetEnd=506 PartOfSpeech=NN] [Text=about CharacterOffsetBegin=507 CharacterOffsetEnd=512 PartOfSpeech=IN] [Text=that CharacterOffsetBegin=513 CharacterOffsetEnd=517 PartOfSpeech=DT] [Text=died CharacterOffsetBegin=518 CharacterOffsetEnd=522 PartOfSpeech=VBD] [Text=over CharacterOffsetBegin=523 CharacterOffsetEnd=527 PartOfSpeech=IN] [Text=20 CharacterOffsetBegin=528 CharacterOffsetEnd=530 PartOfSpeech=CD] [Text=years CharacterOffsetBegin=531 CharacterOffsetEnd=536 PartOfSpeech=NNS] [Text=ago CharacterOffsetBegin=537 CharacterOffsetEnd=540 PartOfSpeech=IN] [Text=??? CharacterOffsetBegin=540 CharacterOffsetEnd=543 PartOfSpeech=CD] 
root(ROOT-0, mean-2)
nsubj(mean-2, I-1)
nsubj(wants-4, who-3)
ccomp(mean-2, wants-4)
aux(know-6, to-5)
xcomp(wants-4, know-6)
nsubj(happened-8, what-7)
ccomp(know-6, happened-8)
prep(happened-8, to-9)
amod(characters-11, fictional-10)
pobj(to-9, characters-11)
nsubj(know-13, we-12)
rcmod(characters-11, know-13)
dobj(know-13, nothing-14)
prep(nothing-14, about-15)
nsubj(died-17, that-16)
pcomp(about-15, died-17)
prep(died-17, over-18)
num(years-20, 20-19)
npadvmod(ago-21, years-20)
quantmod(???-22, ago-21)
pobj(over-18, ???-22)

Sentence #6 (27 tokens):
I wish the bbc would put more comedy on bbc1 cos now with the vicar of dibley finished there is more room for crap like this.
[Text=I CharacterOffsetBegin=548 CharacterOffsetEnd=549 PartOfSpeech=PRP] [Text=wish CharacterOffsetBegin=550 CharacterOffsetEnd=554 PartOfSpeech=VBP] [Text=the CharacterOffsetBegin=555 CharacterOffsetEnd=558 PartOfSpeech=DT] [Text=bbc CharacterOffsetBegin=559 CharacterOffsetEnd=562 PartOfSpeech=NN] [Text=would CharacterOffsetBegin=563 CharacterOffsetEnd=568 PartOfSpeech=MD] [Text=put CharacterOffsetBegin=569 CharacterOffsetEnd=572 PartOfSpeech=VB] [Text=more CharacterOffsetBegin=573 CharacterOffsetEnd=577 PartOfSpeech=RBR] [Text=comedy CharacterOffsetBegin=578 CharacterOffsetEnd=584 PartOfSpeech=NN] [Text=on CharacterOffsetBegin=585 CharacterOffsetEnd=587 PartOfSpeech=IN] [Text=bbc1 CharacterOffsetBegin=588 CharacterOffsetEnd=592 PartOfSpeech=NN] [Text=cos CharacterOffsetBegin=593 CharacterOffsetEnd=596 PartOfSpeech=NNS] [Text=now CharacterOffsetBegin=597 CharacterOffsetEnd=600 PartOfSpeech=RB] [Text=with CharacterOffsetBegin=601 CharacterOffsetEnd=605 PartOfSpeech=IN] [Text=the CharacterOffsetBegin=606 CharacterOffsetEnd=609 PartOfSpeech=DT] [Text=vicar CharacterOffsetBegin=610 CharacterOffsetEnd=615 PartOfSpeech=NN] [Text=of CharacterOffsetBegin=616 CharacterOffsetEnd=618 PartOfSpeech=IN] [Text=dibley CharacterOffsetBegin=619 CharacterOffsetEnd=625 PartOfSpeech=NN] [Text=finished CharacterOffsetBegin=626 CharacterOffsetEnd=634 PartOfSpeech=VBD] [Text=there CharacterOffsetBegin=635 CharacterOffsetEnd=640 PartOfSpeech=EX] [Text=is CharacterOffsetBegin=641 CharacterOffsetEnd=643 PartOfSpeech=VBZ] [Text=more CharacterOffsetBegin=644 CharacterOffsetEnd=648 PartOfSpeech=JJR] [Text=room CharacterOffsetBegin=649 CharacterOffsetEnd=653 PartOfSpeech=NN] [Text=for CharacterOffsetBegin=654 CharacterOffsetEnd=657 PartOfSpeech=IN] [Text=crap CharacterOffsetBegin=658 CharacterOffsetEnd=662 PartOfSpeech=NN] [Text=like CharacterOffsetBegin=663 CharacterOffsetEnd=667 PartOfSpeech=IN] [Text=this CharacterOffsetBegin=668 CharacterOffsetEnd=672 PartOfSpeech=DT] [Text=. CharacterOffsetBegin=672 CharacterOffsetEnd=673 PartOfSpeech=.] 
root(ROOT-0, wish-2)
nsubj(wish-2, I-1)
det(bbc-4, the-3)
nsubj(put-6, bbc-4)
aux(put-6, would-5)
ccomp(wish-2, put-6)
advmod(comedy-8, more-7)
dobj(put-6, comedy-8)
prep(put-6, on-9)
nn(cos-11, bbc1-10)
pobj(on-9, cos-11)
advmod(put-6, now-12)
prep(put-6, with-13)
det(vicar-15, the-14)
pobj(with-13, vicar-15)
prep(vicar-15, of-16)
pobj(of-16, dibley-17)
dep(wish-2, finished-18)
expl(is-20, there-19)
ccomp(finished-18, is-20)
amod(room-22, more-21)
nsubj(is-20, room-22)
prep(room-22, for-23)
pobj(for-23, crap-24)
prep(crap-24, like-25)
pobj(like-25, this-26)
punct(wish-2, .-27)

