Sentence #1 (9 tokens):
Gee, what a crappy movie this was!
[Text=Gee CharacterOffsetBegin=4 CharacterOffsetEnd=7 PartOfSpeech=RB] [Text=, CharacterOffsetBegin=7 CharacterOffsetEnd=8 PartOfSpeech=,] [Text=what CharacterOffsetBegin=9 CharacterOffsetEnd=13 PartOfSpeech=WP] [Text=a CharacterOffsetBegin=14 CharacterOffsetEnd=15 PartOfSpeech=DT] [Text=crappy CharacterOffsetBegin=16 CharacterOffsetEnd=22 PartOfSpeech=JJ] [Text=movie CharacterOffsetBegin=23 CharacterOffsetEnd=28 PartOfSpeech=NN] [Text=this CharacterOffsetBegin=29 CharacterOffsetEnd=33 PartOfSpeech=DT] [Text=was CharacterOffsetBegin=34 CharacterOffsetEnd=37 PartOfSpeech=VBD] [Text=! CharacterOffsetBegin=37 CharacterOffsetEnd=38 PartOfSpeech=.] 
root(ROOT-0, Gee-1)
punct(Gee-1, ,-2)
dep(Gee-1, what-3)
det(movie-6, a-4)
amod(movie-6, crappy-5)
dep(what-3, movie-6)
nsubj(was-8, this-7)
rcmod(movie-6, was-8)
punct(Gee-1, !-9)

Sentence #2 (15 tokens):
I cannot understand what people find so scary about "The Grudge".
[Text=I CharacterOffsetBegin=43 CharacterOffsetEnd=44 PartOfSpeech=PRP] [Text=can CharacterOffsetBegin=45 CharacterOffsetEnd=48 PartOfSpeech=MD] [Text=not CharacterOffsetBegin=48 CharacterOffsetEnd=51 PartOfSpeech=RB] [Text=understand CharacterOffsetBegin=52 CharacterOffsetEnd=62 PartOfSpeech=VB] [Text=what CharacterOffsetBegin=63 CharacterOffsetEnd=67 PartOfSpeech=WP] [Text=people CharacterOffsetBegin=68 CharacterOffsetEnd=74 PartOfSpeech=NNS] [Text=find CharacterOffsetBegin=75 CharacterOffsetEnd=79 PartOfSpeech=VBP] [Text=so CharacterOffsetBegin=80 CharacterOffsetEnd=82 PartOfSpeech=RB] [Text=scary CharacterOffsetBegin=83 CharacterOffsetEnd=88 PartOfSpeech=JJ] [Text=about CharacterOffsetBegin=89 CharacterOffsetEnd=94 PartOfSpeech=IN] [Text=`` CharacterOffsetBegin=95 CharacterOffsetEnd=96 PartOfSpeech=``] [Text=The CharacterOffsetBegin=96 CharacterOffsetEnd=99 PartOfSpeech=DT] [Text=Grudge CharacterOffsetBegin=100 CharacterOffsetEnd=106 PartOfSpeech=NNP] [Text='' CharacterOffsetBegin=106 CharacterOffsetEnd=107 PartOfSpeech=''] [Text=. CharacterOffsetBegin=107 CharacterOffsetEnd=108 PartOfSpeech=.] 
root(ROOT-0, understand-4)
nsubj(understand-4, I-1)
aux(understand-4, can-2)
neg(understand-4, not-3)
dobj(find-7, what-5)
nsubj(find-7, people-6)
ccomp(understand-4, find-7)
advmod(scary-9, so-8)
acomp(find-7, scary-9)
prep(scary-9, about-10)
punct(about-10, ``-11)
det(Grudge-13, The-12)
pobj(about-10, Grudge-13)
punct(about-10, ''-14)
punct(understand-4, .-15)

Sentence #3 (40 tokens):
The director plays one trick (I'd have to admit a very good one, that is brought to life very stylized) and then he repeats it for the rest of the movie over and over again.
[Text=The CharacterOffsetBegin=113 CharacterOffsetEnd=116 PartOfSpeech=DT] [Text=director CharacterOffsetBegin=117 CharacterOffsetEnd=125 PartOfSpeech=NN] [Text=plays CharacterOffsetBegin=126 CharacterOffsetEnd=131 PartOfSpeech=VBZ] [Text=one CharacterOffsetBegin=132 CharacterOffsetEnd=135 PartOfSpeech=CD] [Text=trick CharacterOffsetBegin=136 CharacterOffsetEnd=141 PartOfSpeech=NN] [Text=-LRB- CharacterOffsetBegin=142 CharacterOffsetEnd=143 PartOfSpeech=-LRB-] [Text=I CharacterOffsetBegin=143 CharacterOffsetEnd=144 PartOfSpeech=PRP] [Text='d CharacterOffsetBegin=144 CharacterOffsetEnd=146 PartOfSpeech=MD] [Text=have CharacterOffsetBegin=147 CharacterOffsetEnd=151 PartOfSpeech=VB] [Text=to CharacterOffsetBegin=152 CharacterOffsetEnd=154 PartOfSpeech=TO] [Text=admit CharacterOffsetBegin=155 CharacterOffsetEnd=160 PartOfSpeech=VB] [Text=a CharacterOffsetBegin=161 CharacterOffsetEnd=162 PartOfSpeech=DT] [Text=very CharacterOffsetBegin=163 CharacterOffsetEnd=167 PartOfSpeech=RB] [Text=good CharacterOffsetBegin=168 CharacterOffsetEnd=172 PartOfSpeech=JJ] [Text=one CharacterOffsetBegin=173 CharacterOffsetEnd=176 PartOfSpeech=CD] [Text=, CharacterOffsetBegin=176 CharacterOffsetEnd=177 PartOfSpeech=,] [Text=that CharacterOffsetBegin=178 CharacterOffsetEnd=182 PartOfSpeech=DT] [Text=is CharacterOffsetBegin=183 CharacterOffsetEnd=185 PartOfSpeech=VBZ] [Text=brought CharacterOffsetBegin=186 CharacterOffsetEnd=193 PartOfSpeech=VBN] [Text=to CharacterOffsetBegin=194 CharacterOffsetEnd=196 PartOfSpeech=TO] [Text=life CharacterOffsetBegin=197 CharacterOffsetEnd=201 PartOfSpeech=NN] [Text=very CharacterOffsetBegin=202 CharacterOffsetEnd=206 PartOfSpeech=RB] [Text=stylized CharacterOffsetBegin=207 CharacterOffsetEnd=215 PartOfSpeech=JJ] [Text=-RRB- CharacterOffsetBegin=215 CharacterOffsetEnd=216 PartOfSpeech=-RRB-] [Text=and CharacterOffsetBegin=217 CharacterOffsetEnd=220 PartOfSpeech=CC] [Text=then CharacterOffsetBegin=221 CharacterOffsetEnd=225 PartOfSpeech=RB] [Text=he CharacterOffsetBegin=226 CharacterOffsetEnd=228 PartOfSpeech=PRP] [Text=repeats CharacterOffsetBegin=229 CharacterOffsetEnd=236 PartOfSpeech=VBZ] [Text=it CharacterOffsetBegin=237 CharacterOffsetEnd=239 PartOfSpeech=PRP] [Text=for CharacterOffsetBegin=240 CharacterOffsetEnd=243 PartOfSpeech=IN] [Text=the CharacterOffsetBegin=244 CharacterOffsetEnd=247 PartOfSpeech=DT] [Text=rest CharacterOffsetBegin=248 CharacterOffsetEnd=252 PartOfSpeech=NN] [Text=of CharacterOffsetBegin=253 CharacterOffsetEnd=255 PartOfSpeech=IN] [Text=the CharacterOffsetBegin=256 CharacterOffsetEnd=259 PartOfSpeech=DT] [Text=movie CharacterOffsetBegin=260 CharacterOffsetEnd=265 PartOfSpeech=NN] [Text=over CharacterOffsetBegin=266 CharacterOffsetEnd=270 PartOfSpeech=IN] [Text=and CharacterOffsetBegin=271 CharacterOffsetEnd=274 PartOfSpeech=CC] [Text=over CharacterOffsetBegin=275 CharacterOffsetEnd=279 PartOfSpeech=IN] [Text=again CharacterOffsetBegin=280 CharacterOffsetEnd=285 PartOfSpeech=RB] [Text=. CharacterOffsetBegin=285 CharacterOffsetEnd=286 PartOfSpeech=.] 
root(ROOT-0, plays-3)
det(director-2, The-1)
nsubj(plays-3, director-2)
num(trick-5, one-4)
dobj(plays-3, trick-5)
punct(have-9, -LRB--6)
nsubj(have-9, I-7)
aux(have-9, 'd-8)
rcmod(trick-5, have-9)
aux(admit-11, to-10)
xcomp(have-9, admit-11)
det(one-15, a-12)
advmod(good-14, very-13)
amod(one-15, good-14)
dobj(admit-11, one-15)
punct(have-9, ,-16)
nsubjpass(brought-19, that-17)
auxpass(brought-19, is-18)
ccomp(have-9, brought-19)
prep(brought-19, to-20)
pobj(to-20, life-21)
advmod(stylized-23, very-22)
dep(brought-19, stylized-23)
punct(stylized-23, -RRB--24)
cc(brought-19, and-25)
advmod(brought-19, then-26)
nsubj(repeats-28, he-27)
dep(brought-19, repeats-28)
dobj(repeats-28, it-29)
prep(repeats-28, for-30)
det(rest-32, the-31)
pobj(for-30, rest-32)
prep(rest-32, of-33)
det(movie-35, the-34)
pobj(of-33, movie-35)
advmod(repeats-28, over-36)
cc(over-36, and-37)
conj(over-36, over-38)
advmod(over-36, again-39)
punct(plays-3, .-40)

Sentence #4 (38 tokens):
As a consequence I startled a few times in the first quarter of the movie, but once I knew the drill I practically fell asleep as The Grudge grew more and more predictable by the minute.
[Text=As CharacterOffsetBegin=291 CharacterOffsetEnd=293 PartOfSpeech=IN] [Text=a CharacterOffsetBegin=294 CharacterOffsetEnd=295 PartOfSpeech=DT] [Text=consequence CharacterOffsetBegin=296 CharacterOffsetEnd=307 PartOfSpeech=NN] [Text=I CharacterOffsetBegin=308 CharacterOffsetEnd=309 PartOfSpeech=PRP] [Text=startled CharacterOffsetBegin=310 CharacterOffsetEnd=318 PartOfSpeech=VBD] [Text=a CharacterOffsetBegin=319 CharacterOffsetEnd=320 PartOfSpeech=DT] [Text=few CharacterOffsetBegin=321 CharacterOffsetEnd=324 PartOfSpeech=JJ] [Text=times CharacterOffsetBegin=325 CharacterOffsetEnd=330 PartOfSpeech=NNS] [Text=in CharacterOffsetBegin=331 CharacterOffsetEnd=333 PartOfSpeech=IN] [Text=the CharacterOffsetBegin=334 CharacterOffsetEnd=337 PartOfSpeech=DT] [Text=first CharacterOffsetBegin=338 CharacterOffsetEnd=343 PartOfSpeech=JJ] [Text=quarter CharacterOffsetBegin=344 CharacterOffsetEnd=351 PartOfSpeech=NN] [Text=of CharacterOffsetBegin=352 CharacterOffsetEnd=354 PartOfSpeech=IN] [Text=the CharacterOffsetBegin=355 CharacterOffsetEnd=358 PartOfSpeech=DT] [Text=movie CharacterOffsetBegin=359 CharacterOffsetEnd=364 PartOfSpeech=NN] [Text=, CharacterOffsetBegin=364 CharacterOffsetEnd=365 PartOfSpeech=,] [Text=but CharacterOffsetBegin=366 CharacterOffsetEnd=369 PartOfSpeech=CC] [Text=once CharacterOffsetBegin=370 CharacterOffsetEnd=374 PartOfSpeech=RB] [Text=I CharacterOffsetBegin=375 CharacterOffsetEnd=376 PartOfSpeech=PRP] [Text=knew CharacterOffsetBegin=377 CharacterOffsetEnd=381 PartOfSpeech=VBD] [Text=the CharacterOffsetBegin=382 CharacterOffsetEnd=385 PartOfSpeech=DT] [Text=drill CharacterOffsetBegin=386 CharacterOffsetEnd=391 PartOfSpeech=NN] [Text=I CharacterOffsetBegin=392 CharacterOffsetEnd=393 PartOfSpeech=PRP] [Text=practically CharacterOffsetBegin=394 CharacterOffsetEnd=405 PartOfSpeech=RB] [Text=fell CharacterOffsetBegin=406 CharacterOffsetEnd=410 PartOfSpeech=VBD] [Text=asleep CharacterOffsetBegin=411 CharacterOffsetEnd=417 PartOfSpeech=RB] [Text=as CharacterOffsetBegin=418 CharacterOffsetEnd=420 PartOfSpeech=IN] [Text=The CharacterOffsetBegin=421 CharacterOffsetEnd=424 PartOfSpeech=DT] [Text=Grudge CharacterOffsetBegin=425 CharacterOffsetEnd=431 PartOfSpeech=NN] [Text=grew CharacterOffsetBegin=432 CharacterOffsetEnd=436 PartOfSpeech=VBD] [Text=more CharacterOffsetBegin=437 CharacterOffsetEnd=441 PartOfSpeech=RBR] [Text=and CharacterOffsetBegin=442 CharacterOffsetEnd=445 PartOfSpeech=CC] [Text=more CharacterOffsetBegin=446 CharacterOffsetEnd=450 PartOfSpeech=RBR] [Text=predictable CharacterOffsetBegin=451 CharacterOffsetEnd=462 PartOfSpeech=JJ] [Text=by CharacterOffsetBegin=463 CharacterOffsetEnd=465 PartOfSpeech=IN] [Text=the CharacterOffsetBegin=466 CharacterOffsetEnd=469 PartOfSpeech=DT] [Text=minute CharacterOffsetBegin=470 CharacterOffsetEnd=476 PartOfSpeech=NN] [Text=. CharacterOffsetBegin=476 CharacterOffsetEnd=477 PartOfSpeech=.] 
root(ROOT-0, startled-5)
prep(startled-5, As-1)
det(consequence-3, a-2)
pobj(As-1, consequence-3)
nsubj(startled-5, I-4)
det(times-8, a-6)
amod(times-8, few-7)
dobj(startled-5, times-8)
prep(times-8, in-9)
det(quarter-12, the-10)
amod(quarter-12, first-11)
pobj(in-9, quarter-12)
prep(quarter-12, of-13)
det(movie-15, the-14)
pobj(of-13, movie-15)
punct(startled-5, ,-16)
cc(startled-5, but-17)
advmod(knew-20, once-18)
nsubj(knew-20, I-19)
conj(startled-5, knew-20)
det(drill-22, the-21)
dobj(knew-20, drill-22)
nsubj(fell-25, I-23)
advmod(fell-25, practically-24)
rcmod(drill-22, fell-25)
advmod(fell-25, asleep-26)
mark(grew-30, as-27)
det(Grudge-29, The-28)
nsubj(grew-30, Grudge-29)
advcl(fell-25, grew-30)
advmod(predictable-34, more-31)
cc(more-31, and-32)
conj(more-31, more-33)
acomp(grew-30, predictable-34)
prep(grew-30, by-35)
det(minute-37, the-36)
pobj(by-35, minute-37)
punct(startled-5, .-38)

Sentence #5 (47 tokens):
To conclude, I can say that there are a lot better movies in the genre to begin with, that the so-called predecessor "The Ring" was way scarier and that buying a ticket for "The Grudge" is a waste of money.
[Text=To CharacterOffsetBegin=482 CharacterOffsetEnd=484 PartOfSpeech=TO] [Text=conclude CharacterOffsetBegin=485 CharacterOffsetEnd=493 PartOfSpeech=VB] [Text=, CharacterOffsetBegin=493 CharacterOffsetEnd=494 PartOfSpeech=,] [Text=I CharacterOffsetBegin=495 CharacterOffsetEnd=496 PartOfSpeech=PRP] [Text=can CharacterOffsetBegin=497 CharacterOffsetEnd=500 PartOfSpeech=MD] [Text=say CharacterOffsetBegin=501 CharacterOffsetEnd=504 PartOfSpeech=VB] [Text=that CharacterOffsetBegin=505 CharacterOffsetEnd=509 PartOfSpeech=IN] [Text=there CharacterOffsetBegin=510 CharacterOffsetEnd=515 PartOfSpeech=EX] [Text=are CharacterOffsetBegin=516 CharacterOffsetEnd=519 PartOfSpeech=VBP] [Text=a CharacterOffsetBegin=520 CharacterOffsetEnd=521 PartOfSpeech=DT] [Text=lot CharacterOffsetBegin=522 CharacterOffsetEnd=525 PartOfSpeech=NN] [Text=better CharacterOffsetBegin=526 CharacterOffsetEnd=532 PartOfSpeech=JJR] [Text=movies CharacterOffsetBegin=533 CharacterOffsetEnd=539 PartOfSpeech=NNS] [Text=in CharacterOffsetBegin=540 CharacterOffsetEnd=542 PartOfSpeech=IN] [Text=the CharacterOffsetBegin=543 CharacterOffsetEnd=546 PartOfSpeech=DT] [Text=genre CharacterOffsetBegin=547 CharacterOffsetEnd=552 PartOfSpeech=NN] [Text=to CharacterOffsetBegin=553 CharacterOffsetEnd=555 PartOfSpeech=TO] [Text=begin CharacterOffsetBegin=556 CharacterOffsetEnd=561 PartOfSpeech=VB] [Text=with CharacterOffsetBegin=562 CharacterOffsetEnd=566 PartOfSpeech=IN] [Text=, CharacterOffsetBegin=566 CharacterOffsetEnd=567 PartOfSpeech=,] [Text=that CharacterOffsetBegin=568 CharacterOffsetEnd=572 PartOfSpeech=IN] [Text=the CharacterOffsetBegin=573 CharacterOffsetEnd=576 PartOfSpeech=DT] [Text=so-called CharacterOffsetBegin=577 CharacterOffsetEnd=586 PartOfSpeech=JJ] [Text=predecessor CharacterOffsetBegin=587 CharacterOffsetEnd=598 PartOfSpeech=NN] [Text=`` CharacterOffsetBegin=599 CharacterOffsetEnd=600 PartOfSpeech=``] [Text=The CharacterOffsetBegin=600 CharacterOffsetEnd=603 PartOfSpeech=DT] [Text=Ring CharacterOffsetBegin=604 CharacterOffsetEnd=608 PartOfSpeech=NN] [Text='' CharacterOffsetBegin=608 CharacterOffsetEnd=609 PartOfSpeech=''] [Text=was CharacterOffsetBegin=610 CharacterOffsetEnd=613 PartOfSpeech=VBD] [Text=way CharacterOffsetBegin=614 CharacterOffsetEnd=617 PartOfSpeech=NN] [Text=scarier CharacterOffsetBegin=618 CharacterOffsetEnd=625 PartOfSpeech=JJR] [Text=and CharacterOffsetBegin=626 CharacterOffsetEnd=629 PartOfSpeech=CC] [Text=that CharacterOffsetBegin=630 CharacterOffsetEnd=634 PartOfSpeech=IN] [Text=buying CharacterOffsetBegin=635 CharacterOffsetEnd=641 PartOfSpeech=VBG] [Text=a CharacterOffsetBegin=642 CharacterOffsetEnd=643 PartOfSpeech=DT] [Text=ticket CharacterOffsetBegin=644 CharacterOffsetEnd=650 PartOfSpeech=NN] [Text=for CharacterOffsetBegin=651 CharacterOffsetEnd=654 PartOfSpeech=IN] [Text=`` CharacterOffsetBegin=655 CharacterOffsetEnd=656 PartOfSpeech=``] [Text=The CharacterOffsetBegin=656 CharacterOffsetEnd=659 PartOfSpeech=DT] [Text=Grudge CharacterOffsetBegin=660 CharacterOffsetEnd=666 PartOfSpeech=NNP] [Text='' CharacterOffsetBegin=666 CharacterOffsetEnd=667 PartOfSpeech=''] [Text=is CharacterOffsetBegin=668 CharacterOffsetEnd=670 PartOfSpeech=VBZ] [Text=a CharacterOffsetBegin=671 CharacterOffsetEnd=672 PartOfSpeech=DT] [Text=waste CharacterOffsetBegin=673 CharacterOffsetEnd=678 PartOfSpeech=NN] [Text=of CharacterOffsetBegin=679 CharacterOffsetEnd=681 PartOfSpeech=IN] [Text=money CharacterOffsetBegin=682 CharacterOffsetEnd=687 PartOfSpeech=NN] [Text=. CharacterOffsetBegin=687 CharacterOffsetEnd=688 PartOfSpeech=.] 
root(ROOT-0, say-6)
aux(conclude-2, To-1)
advcl(say-6, conclude-2)
punct(say-6, ,-3)
nsubj(say-6, I-4)
aux(say-6, can-5)
mark(are-9, that-7)
expl(are-9, there-8)
ccomp(say-6, are-9)
det(lot-11, a-10)
npadvmod(better-12, lot-11)
amod(movies-13, better-12)
nsubj(are-9, movies-13)
prep(movies-13, in-14)
det(genre-16, the-15)
pobj(in-14, genre-16)
aux(begin-18, to-17)
infmod(movies-13, begin-18)
prep(begin-18, with-19)
punct(are-9, ,-20)
mark(scarier-31, that-21)
det(predecessor-24, the-22)
amod(predecessor-24, so-called-23)
nsubj(scarier-31, predecessor-24)
punct(Ring-27, ``-25)
det(Ring-27, The-26)
dep(predecessor-24, Ring-27)
punct(Ring-27, ''-28)
cop(scarier-31, was-29)
dep(scarier-31, way-30)
ccomp(are-9, scarier-31)
cc(scarier-31, and-32)
mark(waste-44, that-33)
csubj(waste-44, buying-34)
det(ticket-36, a-35)
dobj(buying-34, ticket-36)
prep(buying-34, for-37)
punct(for-37, ``-38)
det(Grudge-40, The-39)
pobj(for-37, Grudge-40)
punct(for-37, ''-41)
cop(waste-44, is-42)
det(waste-44, a-43)
conj(scarier-31, waste-44)
prep(waste-44, of-45)
pobj(of-45, money-46)
punct(say-6, .-47)

