Sentence #1 (5 tokens):
Possible Spoilers, Perhaps.
[Text=Possible CharacterOffsetBegin=4 CharacterOffsetEnd=12 PartOfSpeech=JJ] [Text=Spoilers CharacterOffsetBegin=13 CharacterOffsetEnd=21 PartOfSpeech=NNS] [Text=, CharacterOffsetBegin=21 CharacterOffsetEnd=22 PartOfSpeech=,] [Text=Perhaps CharacterOffsetBegin=23 CharacterOffsetEnd=30 PartOfSpeech=RB] [Text=. CharacterOffsetBegin=30 CharacterOffsetEnd=31 PartOfSpeech=.] 
root(ROOT-0, Spoilers-2)
amod(Spoilers-2, Possible-1)
punct(Spoilers-2, ,-3)
advmod(Spoilers-2, Perhaps-4)
punct(Spoilers-2, .-5)

Sentence #2 (21 tokens):
I must say that "Cinderella II: Dreams Come True" is one of the worst movies ever made.
[Text=I CharacterOffsetBegin=36 CharacterOffsetEnd=37 PartOfSpeech=PRP] [Text=must CharacterOffsetBegin=38 CharacterOffsetEnd=42 PartOfSpeech=MD] [Text=say CharacterOffsetBegin=43 CharacterOffsetEnd=46 PartOfSpeech=VB] [Text=that CharacterOffsetBegin=47 CharacterOffsetEnd=51 PartOfSpeech=IN] [Text=`` CharacterOffsetBegin=52 CharacterOffsetEnd=53 PartOfSpeech=``] [Text=Cinderella CharacterOffsetBegin=53 CharacterOffsetEnd=63 PartOfSpeech=NNP] [Text=II CharacterOffsetBegin=64 CharacterOffsetEnd=66 PartOfSpeech=NNP] [Text=: CharacterOffsetBegin=66 CharacterOffsetEnd=67 PartOfSpeech=:] [Text=Dreams CharacterOffsetBegin=68 CharacterOffsetEnd=74 PartOfSpeech=NNS] [Text=Come CharacterOffsetBegin=75 CharacterOffsetEnd=79 PartOfSpeech=VB] [Text=True CharacterOffsetBegin=80 CharacterOffsetEnd=84 PartOfSpeech=JJ] [Text='' CharacterOffsetBegin=84 CharacterOffsetEnd=85 PartOfSpeech=''] [Text=is CharacterOffsetBegin=86 CharacterOffsetEnd=88 PartOfSpeech=VBZ] [Text=one CharacterOffsetBegin=89 CharacterOffsetEnd=92 PartOfSpeech=CD] [Text=of CharacterOffsetBegin=93 CharacterOffsetEnd=95 PartOfSpeech=IN] [Text=the CharacterOffsetBegin=96 CharacterOffsetEnd=99 PartOfSpeech=DT] [Text=worst CharacterOffsetBegin=100 CharacterOffsetEnd=105 PartOfSpeech=JJS] [Text=movies CharacterOffsetBegin=106 CharacterOffsetEnd=112 PartOfSpeech=NNS] [Text=ever CharacterOffsetBegin=113 CharacterOffsetEnd=117 PartOfSpeech=RB] [Text=made CharacterOffsetBegin=118 CharacterOffsetEnd=122 PartOfSpeech=VBN] [Text=. CharacterOffsetBegin=122 CharacterOffsetEnd=123 PartOfSpeech=.] 
root(ROOT-0, say-3)
nsubj(say-3, I-1)
aux(say-3, must-2)
dep(say-3, that-4)
punct(II-7, ``-5)
nn(II-7, Cinderella-6)
dep(that-4, II-7)
punct(II-7, :-8)
nsubj(one-14, Dreams-9)
partmod(Dreams-9, Come-10)
dep(Come-10, True-11)
punct(True-11, ''-12)
cop(one-14, is-13)
dep(II-7, one-14)
prep(one-14, of-15)
det(movies-18, the-16)
amod(movies-18, worst-17)
pobj(of-15, movies-18)
advmod(made-20, ever-19)
partmod(movies-18, made-20)
punct(say-3, .-21)

Sentence #3 (17 tokens):
First of all, the movie was made during the height of Disney's sequel rampage.
[Text=First CharacterOffsetBegin=128 CharacterOffsetEnd=133 PartOfSpeech=NNP] [Text=of CharacterOffsetBegin=134 CharacterOffsetEnd=136 PartOfSpeech=IN] [Text=all CharacterOffsetBegin=137 CharacterOffsetEnd=140 PartOfSpeech=DT] [Text=, CharacterOffsetBegin=140 CharacterOffsetEnd=141 PartOfSpeech=,] [Text=the CharacterOffsetBegin=142 CharacterOffsetEnd=145 PartOfSpeech=DT] [Text=movie CharacterOffsetBegin=146 CharacterOffsetEnd=151 PartOfSpeech=NN] [Text=was CharacterOffsetBegin=152 CharacterOffsetEnd=155 PartOfSpeech=VBD] [Text=made CharacterOffsetBegin=156 CharacterOffsetEnd=160 PartOfSpeech=VBN] [Text=during CharacterOffsetBegin=161 CharacterOffsetEnd=167 PartOfSpeech=IN] [Text=the CharacterOffsetBegin=168 CharacterOffsetEnd=171 PartOfSpeech=DT] [Text=height CharacterOffsetBegin=172 CharacterOffsetEnd=178 PartOfSpeech=NN] [Text=of CharacterOffsetBegin=179 CharacterOffsetEnd=181 PartOfSpeech=IN] [Text=Disney CharacterOffsetBegin=182 CharacterOffsetEnd=188 PartOfSpeech=NNP] [Text='s CharacterOffsetBegin=188 CharacterOffsetEnd=190 PartOfSpeech=POS] [Text=sequel CharacterOffsetBegin=191 CharacterOffsetEnd=197 PartOfSpeech=NN] [Text=rampage CharacterOffsetBegin=198 CharacterOffsetEnd=205 PartOfSpeech=NN] [Text=. CharacterOffsetBegin=205 CharacterOffsetEnd=206 PartOfSpeech=.] 
root(ROOT-0, First-1)
prep(First-1, of-2)
pobj(of-2, all-3)
punct(First-1, ,-4)
det(movie-6, the-5)
nsubjpass(made-8, movie-6)
auxpass(made-8, was-7)
rcmod(First-1, made-8)
prep(made-8, during-9)
det(height-11, the-10)
pobj(during-9, height-11)
prep(height-11, of-12)
poss(rampage-16, Disney-13)
possessive(Disney-13, 's-14)
nn(rampage-16, sequel-15)
pobj(of-12, rampage-16)
punct(First-1, .-17)

Sentence #4 (40 tokens):
It was created around the same time as "The Little Mermaid II," "The Jungle Book II," and "Peter Pan II," all of which were disservices to their original film classics.
[Text=It CharacterOffsetBegin=211 CharacterOffsetEnd=213 PartOfSpeech=PRP] [Text=was CharacterOffsetBegin=214 CharacterOffsetEnd=217 PartOfSpeech=VBD] [Text=created CharacterOffsetBegin=218 CharacterOffsetEnd=225 PartOfSpeech=VBN] [Text=around CharacterOffsetBegin=226 CharacterOffsetEnd=232 PartOfSpeech=IN] [Text=the CharacterOffsetBegin=233 CharacterOffsetEnd=236 PartOfSpeech=DT] [Text=same CharacterOffsetBegin=237 CharacterOffsetEnd=241 PartOfSpeech=JJ] [Text=time CharacterOffsetBegin=242 CharacterOffsetEnd=246 PartOfSpeech=NN] [Text=as CharacterOffsetBegin=247 CharacterOffsetEnd=249 PartOfSpeech=IN] [Text=`` CharacterOffsetBegin=250 CharacterOffsetEnd=251 PartOfSpeech=``] [Text=The CharacterOffsetBegin=251 CharacterOffsetEnd=254 PartOfSpeech=DT] [Text=Little CharacterOffsetBegin=255 CharacterOffsetEnd=261 PartOfSpeech=JJ] [Text=Mermaid CharacterOffsetBegin=262 CharacterOffsetEnd=269 PartOfSpeech=NN] [Text=II CharacterOffsetBegin=270 CharacterOffsetEnd=272 PartOfSpeech=CD] [Text=, CharacterOffsetBegin=272 CharacterOffsetEnd=273 PartOfSpeech=,] [Text='' CharacterOffsetBegin=273 CharacterOffsetEnd=274 PartOfSpeech=''] [Text=`` CharacterOffsetBegin=275 CharacterOffsetEnd=276 PartOfSpeech=``] [Text=The CharacterOffsetBegin=276 CharacterOffsetEnd=279 PartOfSpeech=DT] [Text=Jungle CharacterOffsetBegin=280 CharacterOffsetEnd=286 PartOfSpeech=NN] [Text=Book CharacterOffsetBegin=287 CharacterOffsetEnd=291 PartOfSpeech=NN] [Text=II CharacterOffsetBegin=292 CharacterOffsetEnd=294 PartOfSpeech=CD] [Text=, CharacterOffsetBegin=294 CharacterOffsetEnd=295 PartOfSpeech=,] [Text='' CharacterOffsetBegin=295 CharacterOffsetEnd=296 PartOfSpeech=''] [Text=and CharacterOffsetBegin=297 CharacterOffsetEnd=300 PartOfSpeech=CC] [Text=`` CharacterOffsetBegin=301 CharacterOffsetEnd=302 PartOfSpeech=``] [Text=Peter CharacterOffsetBegin=302 CharacterOffsetEnd=307 PartOfSpeech=NNP] [Text=Pan CharacterOffsetBegin=308 CharacterOffsetEnd=311 PartOfSpeech=NNP] [Text=II CharacterOffsetBegin=312 CharacterOffsetEnd=314 PartOfSpeech=NNP] [Text=, CharacterOffsetBegin=314 CharacterOffsetEnd=315 PartOfSpeech=,] [Text='' CharacterOffsetBegin=315 CharacterOffsetEnd=316 PartOfSpeech=''] [Text=all CharacterOffsetBegin=317 CharacterOffsetEnd=320 PartOfSpeech=DT] [Text=of CharacterOffsetBegin=321 CharacterOffsetEnd=323 PartOfSpeech=IN] [Text=which CharacterOffsetBegin=324 CharacterOffsetEnd=329 PartOfSpeech=WDT] [Text=were CharacterOffsetBegin=330 CharacterOffsetEnd=334 PartOfSpeech=VBD] [Text=disservices CharacterOffsetBegin=335 CharacterOffsetEnd=346 PartOfSpeech=NNS] [Text=to CharacterOffsetBegin=347 CharacterOffsetEnd=349 PartOfSpeech=TO] [Text=their CharacterOffsetBegin=350 CharacterOffsetEnd=355 PartOfSpeech=PRP$] [Text=original CharacterOffsetBegin=356 CharacterOffsetEnd=364 PartOfSpeech=JJ] [Text=film CharacterOffsetBegin=365 CharacterOffsetEnd=369 PartOfSpeech=NN] [Text=classics CharacterOffsetBegin=370 CharacterOffsetEnd=378 PartOfSpeech=NNS] [Text=. CharacterOffsetBegin=378 CharacterOffsetEnd=379 PartOfSpeech=.] 
root(ROOT-0, created-3)
nsubjpass(created-3, It-1)
auxpass(created-3, was-2)
prep(created-3, around-4)
det(time-7, the-5)
amod(time-7, same-6)
pobj(around-4, time-7)
prep(created-3, as-8)
punct(as-8, ``-9)
det(disservices-34, The-10)
dep(disservices-34, Little-11)
dep(Little-11, Mermaid-12)
num(Mermaid-12, II-13)
punct(disservices-34, ,-14)
punct(disservices-34, ''-15)
punct(disservices-34, ``-16)
nsubj(disservices-34, The-17)
dep(were-33, Jungle-18)
dep(Jungle-18, Book-19)
num(Book-19, II-20)
punct(Jungle-18, ,-21)
punct(Jungle-18, ''-22)
cc(Jungle-18, and-23)
punct(II-27, ``-24)
nn(II-27, Peter-25)
nn(II-27, Pan-26)
conj(Jungle-18, II-27)
punct(were-33, ,-28)
punct(were-33, ''-29)
nsubj(were-33, all-30)
prep(all-30, of-31)
pobj(of-31, which-32)
cop(disservices-34, were-33)
pobj(as-8, disservices-34)
prep(disservices-34, to-35)
poss(classics-39, their-36)
amod(classics-39, original-37)
nn(classics-39, film-38)
pobj(to-35, classics-39)
punct(created-3, .-40)

Sentence #5 (41 tokens):
(Disney also made "The Hunchback of Notre Dame II" and "Atlantis II," but I'm going to drop that topic because their original movies were never really classics in the first place.")
[Text=-LRB- CharacterOffsetBegin=384 CharacterOffsetEnd=385 PartOfSpeech=-LRB-] [Text=Disney CharacterOffsetBegin=385 CharacterOffsetEnd=391 PartOfSpeech=NNP] [Text=also CharacterOffsetBegin=392 CharacterOffsetEnd=396 PartOfSpeech=RB] [Text=made CharacterOffsetBegin=397 CharacterOffsetEnd=401 PartOfSpeech=VBD] [Text=`` CharacterOffsetBegin=402 CharacterOffsetEnd=403 PartOfSpeech=``] [Text=The CharacterOffsetBegin=403 CharacterOffsetEnd=406 PartOfSpeech=DT] [Text=Hunchback CharacterOffsetBegin=407 CharacterOffsetEnd=416 PartOfSpeech=NN] [Text=of CharacterOffsetBegin=417 CharacterOffsetEnd=419 PartOfSpeech=IN] [Text=Notre CharacterOffsetBegin=420 CharacterOffsetEnd=425 PartOfSpeech=NNP] [Text=Dame CharacterOffsetBegin=426 CharacterOffsetEnd=430 PartOfSpeech=NNP] [Text=II CharacterOffsetBegin=431 CharacterOffsetEnd=433 PartOfSpeech=NNP] [Text='' CharacterOffsetBegin=433 CharacterOffsetEnd=434 PartOfSpeech=''] [Text=and CharacterOffsetBegin=435 CharacterOffsetEnd=438 PartOfSpeech=CC] [Text=`` CharacterOffsetBegin=439 CharacterOffsetEnd=440 PartOfSpeech=``] [Text=Atlantis CharacterOffsetBegin=440 CharacterOffsetEnd=448 PartOfSpeech=NNP] [Text=II CharacterOffsetBegin=449 CharacterOffsetEnd=451 PartOfSpeech=NNP] [Text=, CharacterOffsetBegin=451 CharacterOffsetEnd=452 PartOfSpeech=,] [Text='' CharacterOffsetBegin=452 CharacterOffsetEnd=453 PartOfSpeech=''] [Text=but CharacterOffsetBegin=454 CharacterOffsetEnd=457 PartOfSpeech=CC] [Text=I CharacterOffsetBegin=458 CharacterOffsetEnd=459 PartOfSpeech=PRP] [Text='m CharacterOffsetBegin=459 CharacterOffsetEnd=461 PartOfSpeech=VBP] [Text=going CharacterOffsetBegin=462 CharacterOffsetEnd=467 PartOfSpeech=VBG] [Text=to CharacterOffsetBegin=468 CharacterOffsetEnd=470 PartOfSpeech=TO] [Text=drop CharacterOffsetBegin=471 CharacterOffsetEnd=475 PartOfSpeech=VB] [Text=that CharacterOffsetBegin=476 CharacterOffsetEnd=480 PartOfSpeech=DT] [Text=topic CharacterOffsetBegin=481 CharacterOffsetEnd=486 PartOfSpeech=NN] [Text=because CharacterOffsetBegin=487 CharacterOffsetEnd=494 PartOfSpeech=IN] [Text=their CharacterOffsetBegin=495 CharacterOffsetEnd=500 PartOfSpeech=PRP$] [Text=original CharacterOffsetBegin=501 CharacterOffsetEnd=509 PartOfSpeech=JJ] [Text=movies CharacterOffsetBegin=510 CharacterOffsetEnd=516 PartOfSpeech=NNS] [Text=were CharacterOffsetBegin=517 CharacterOffsetEnd=521 PartOfSpeech=VBD] [Text=never CharacterOffsetBegin=522 CharacterOffsetEnd=527 PartOfSpeech=RB] [Text=really CharacterOffsetBegin=528 CharacterOffsetEnd=534 PartOfSpeech=RB] [Text=classics CharacterOffsetBegin=535 CharacterOffsetEnd=543 PartOfSpeech=NNS] [Text=in CharacterOffsetBegin=544 CharacterOffsetEnd=546 PartOfSpeech=IN] [Text=the CharacterOffsetBegin=547 CharacterOffsetEnd=550 PartOfSpeech=DT] [Text=first CharacterOffsetBegin=551 CharacterOffsetEnd=556 PartOfSpeech=JJ] [Text=place CharacterOffsetBegin=557 CharacterOffsetEnd=562 PartOfSpeech=NN] [Text=. CharacterOffsetBegin=562 CharacterOffsetEnd=563 PartOfSpeech=.] [Text='' CharacterOffsetBegin=563 CharacterOffsetEnd=564 PartOfSpeech=''] [Text=-RRB- CharacterOffsetBegin=564 CharacterOffsetEnd=565 PartOfSpeech=-RRB-] 
root(ROOT-0, made-4)
punct(made-4, -LRB--1)
nsubj(made-4, Disney-2)
advmod(made-4, also-3)
punct(made-4, ``-5)
det(Hunchback-7, The-6)
dobj(made-4, Hunchback-7)
prep(Hunchback-7, of-8)
nn(II-11, Notre-9)
nn(II-11, Dame-10)
pobj(of-8, II-11)
punct(made-4, ''-12)
cc(made-4, and-13)
punct(made-4, ``-14)
nn(II-16, Atlantis-15)
conj(made-4, II-16)
punct(made-4, ,-17)
punct(made-4, ''-18)
cc(made-4, but-19)
nsubj(going-22, I-20)
aux(going-22, 'm-21)
conj(made-4, going-22)
aux(drop-24, to-23)
xcomp(going-22, drop-24)
det(topic-26, that-25)
dobj(drop-24, topic-26)
mark(classics-34, because-27)
poss(movies-30, their-28)
amod(movies-30, original-29)
nsubj(classics-34, movies-30)
cop(classics-34, were-31)
neg(classics-34, never-32)
advmod(classics-34, really-33)
advcl(going-22, classics-34)
prep(classics-34, in-35)
det(place-38, the-36)
amod(place-38, first-37)
pobj(in-35, place-38)
punct(made-4, .-39)
punct(made-4, ''-40)
punct(made-4, -RRB--41)

Sentence #6 (28 tokens):
Let me go ahead and say that I am an avid supporter of good Disney films, and I absolutely adore the original Disney "Cinderella."
[Text=Let CharacterOffsetBegin=570 CharacterOffsetEnd=573 PartOfSpeech=VB] [Text=me CharacterOffsetBegin=574 CharacterOffsetEnd=576 PartOfSpeech=PRP] [Text=go CharacterOffsetBegin=577 CharacterOffsetEnd=579 PartOfSpeech=VB] [Text=ahead CharacterOffsetBegin=580 CharacterOffsetEnd=585 PartOfSpeech=RB] [Text=and CharacterOffsetBegin=586 CharacterOffsetEnd=589 PartOfSpeech=CC] [Text=say CharacterOffsetBegin=590 CharacterOffsetEnd=593 PartOfSpeech=VB] [Text=that CharacterOffsetBegin=594 CharacterOffsetEnd=598 PartOfSpeech=IN] [Text=I CharacterOffsetBegin=599 CharacterOffsetEnd=600 PartOfSpeech=PRP] [Text=am CharacterOffsetBegin=601 CharacterOffsetEnd=603 PartOfSpeech=VBP] [Text=an CharacterOffsetBegin=604 CharacterOffsetEnd=606 PartOfSpeech=DT] [Text=avid CharacterOffsetBegin=607 CharacterOffsetEnd=611 PartOfSpeech=JJ] [Text=supporter CharacterOffsetBegin=612 CharacterOffsetEnd=621 PartOfSpeech=NN] [Text=of CharacterOffsetBegin=622 CharacterOffsetEnd=624 PartOfSpeech=IN] [Text=good CharacterOffsetBegin=625 CharacterOffsetEnd=629 PartOfSpeech=JJ] [Text=Disney CharacterOffsetBegin=630 CharacterOffsetEnd=636 PartOfSpeech=NNP] [Text=films CharacterOffsetBegin=637 CharacterOffsetEnd=642 PartOfSpeech=NNS] [Text=, CharacterOffsetBegin=642 CharacterOffsetEnd=643 PartOfSpeech=,] [Text=and CharacterOffsetBegin=644 CharacterOffsetEnd=647 PartOfSpeech=CC] [Text=I CharacterOffsetBegin=648 CharacterOffsetEnd=649 PartOfSpeech=PRP] [Text=absolutely CharacterOffsetBegin=650 CharacterOffsetEnd=660 PartOfSpeech=RB] [Text=adore CharacterOffsetBegin=661 CharacterOffsetEnd=666 PartOfSpeech=VBP] [Text=the CharacterOffsetBegin=667 CharacterOffsetEnd=670 PartOfSpeech=DT] [Text=original CharacterOffsetBegin=671 CharacterOffsetEnd=679 PartOfSpeech=JJ] [Text=Disney CharacterOffsetBegin=680 CharacterOffsetEnd=686 PartOfSpeech=NNP] [Text=`` CharacterOffsetBegin=687 CharacterOffsetEnd=688 PartOfSpeech=``] [Text=Cinderella CharacterOffsetBegin=688 CharacterOffsetEnd=698 PartOfSpeech=NNP] [Text=. CharacterOffsetBegin=698 CharacterOffsetEnd=699 PartOfSpeech=.] [Text='' CharacterOffsetBegin=699 CharacterOffsetEnd=700 PartOfSpeech=''] 
root(ROOT-0, Let-1)
nsubj(go-3, me-2)
ccomp(Let-1, go-3)
advmod(go-3, ahead-4)
cc(Let-1, and-5)
conj(Let-1, say-6)
mark(supporter-12, that-7)
nsubj(supporter-12, I-8)
cop(supporter-12, am-9)
det(supporter-12, an-10)
amod(supporter-12, avid-11)
ccomp(say-6, supporter-12)
prep(supporter-12, of-13)
amod(films-16, good-14)
nn(films-16, Disney-15)
pobj(of-13, films-16)
punct(Let-1, ,-17)
cc(Let-1, and-18)
nsubj(adore-21, I-19)
advmod(adore-21, absolutely-20)
conj(Let-1, adore-21)
det(Cinderella-26, the-22)
amod(Cinderella-26, original-23)
nn(Cinderella-26, Disney-24)
punct(Cinderella-26, ``-25)
dobj(adore-21, Cinderella-26)
punct(Let-1, .-27)
punct(Let-1, ''-28)

Sentence #7 (15 tokens):
The sequel to "Cinderella," however, was a waste of time.
[Text=The CharacterOffsetBegin=705 CharacterOffsetEnd=708 PartOfSpeech=DT] [Text=sequel CharacterOffsetBegin=709 CharacterOffsetEnd=715 PartOfSpeech=NN] [Text=to CharacterOffsetBegin=716 CharacterOffsetEnd=718 PartOfSpeech=TO] [Text=`` CharacterOffsetBegin=719 CharacterOffsetEnd=720 PartOfSpeech=``] [Text=Cinderella CharacterOffsetBegin=720 CharacterOffsetEnd=730 PartOfSpeech=NNP] [Text=, CharacterOffsetBegin=730 CharacterOffsetEnd=731 PartOfSpeech=,] [Text='' CharacterOffsetBegin=731 CharacterOffsetEnd=732 PartOfSpeech=''] [Text=however CharacterOffsetBegin=733 CharacterOffsetEnd=740 PartOfSpeech=RB] [Text=, CharacterOffsetBegin=740 CharacterOffsetEnd=741 PartOfSpeech=,] [Text=was CharacterOffsetBegin=742 CharacterOffsetEnd=745 PartOfSpeech=VBD] [Text=a CharacterOffsetBegin=746 CharacterOffsetEnd=747 PartOfSpeech=DT] [Text=waste CharacterOffsetBegin=748 CharacterOffsetEnd=753 PartOfSpeech=NN] [Text=of CharacterOffsetBegin=754 CharacterOffsetEnd=756 PartOfSpeech=IN] [Text=time CharacterOffsetBegin=757 CharacterOffsetEnd=761 PartOfSpeech=NN] [Text=. CharacterOffsetBegin=761 CharacterOffsetEnd=762 PartOfSpeech=.] 
root(ROOT-0, waste-12)
det(sequel-2, The-1)
nsubj(waste-12, sequel-2)
prep(sequel-2, to-3)
punct(Cinderella-5, ``-4)
pobj(to-3, Cinderella-5)
punct(sequel-2, ,-6)
punct(sequel-2, ''-7)
advmod(sequel-2, however-8)
punct(sequel-2, ,-9)
cop(waste-12, was-10)
det(waste-12, a-11)
prep(waste-12, of-13)
pobj(of-13, time-14)
punct(waste-12, .-15)

Sentence #8 (20 tokens):
The character of Cinderella in the sequel was so very unlike the original girl that I grew up watching.
[Text=The CharacterOffsetBegin=767 CharacterOffsetEnd=770 PartOfSpeech=DT] [Text=character CharacterOffsetBegin=771 CharacterOffsetEnd=780 PartOfSpeech=NN] [Text=of CharacterOffsetBegin=781 CharacterOffsetEnd=783 PartOfSpeech=IN] [Text=Cinderella CharacterOffsetBegin=784 CharacterOffsetEnd=794 PartOfSpeech=NNP] [Text=in CharacterOffsetBegin=795 CharacterOffsetEnd=797 PartOfSpeech=IN] [Text=the CharacterOffsetBegin=798 CharacterOffsetEnd=801 PartOfSpeech=DT] [Text=sequel CharacterOffsetBegin=802 CharacterOffsetEnd=808 PartOfSpeech=NN] [Text=was CharacterOffsetBegin=809 CharacterOffsetEnd=812 PartOfSpeech=VBD] [Text=so CharacterOffsetBegin=813 CharacterOffsetEnd=815 PartOfSpeech=RB] [Text=very CharacterOffsetBegin=816 CharacterOffsetEnd=820 PartOfSpeech=RB] [Text=unlike CharacterOffsetBegin=821 CharacterOffsetEnd=827 PartOfSpeech=IN] [Text=the CharacterOffsetBegin=828 CharacterOffsetEnd=831 PartOfSpeech=DT] [Text=original CharacterOffsetBegin=832 CharacterOffsetEnd=840 PartOfSpeech=JJ] [Text=girl CharacterOffsetBegin=841 CharacterOffsetEnd=845 PartOfSpeech=NN] [Text=that CharacterOffsetBegin=846 CharacterOffsetEnd=850 PartOfSpeech=IN] [Text=I CharacterOffsetBegin=851 CharacterOffsetEnd=852 PartOfSpeech=PRP] [Text=grew CharacterOffsetBegin=853 CharacterOffsetEnd=857 PartOfSpeech=VBD] [Text=up CharacterOffsetBegin=858 CharacterOffsetEnd=860 PartOfSpeech=RP] [Text=watching CharacterOffsetBegin=861 CharacterOffsetEnd=869 PartOfSpeech=VBG] [Text=. CharacterOffsetBegin=869 CharacterOffsetEnd=870 PartOfSpeech=.] 
root(ROOT-0, character-2)
det(character-2, The-1)
prep(character-2, of-3)
pobj(of-3, Cinderella-4)
prep(character-2, in-5)
det(sequel-7, the-6)
pobj(in-5, sequel-7)
dep(character-2, was-8)
advmod(very-10, so-9)
advmod(unlike-11, very-10)
prep(was-8, unlike-11)
det(girl-14, the-12)
amod(girl-14, original-13)
pobj(unlike-11, girl-14)
dobj(grew-17, that-15)
nsubj(grew-17, I-16)
rcmod(girl-14, grew-17)
prt(grew-17, up-18)
xcomp(grew-17, watching-19)
punct(character-2, .-20)

Sentence #9 (10 tokens):
In the original, Cinderella was kind and loving.
[Text=In CharacterOffsetBegin=875 CharacterOffsetEnd=877 PartOfSpeech=IN] [Text=the CharacterOffsetBegin=878 CharacterOffsetEnd=881 PartOfSpeech=DT] [Text=original CharacterOffsetBegin=882 CharacterOffsetEnd=890 PartOfSpeech=JJ] [Text=, CharacterOffsetBegin=890 CharacterOffsetEnd=891 PartOfSpeech=,] [Text=Cinderella CharacterOffsetBegin=892 CharacterOffsetEnd=902 PartOfSpeech=NNP] [Text=was CharacterOffsetBegin=903 CharacterOffsetEnd=906 PartOfSpeech=VBD] [Text=kind CharacterOffsetBegin=907 CharacterOffsetEnd=911 PartOfSpeech=JJ] [Text=and CharacterOffsetBegin=912 CharacterOffsetEnd=915 PartOfSpeech=CC] [Text=loving CharacterOffsetBegin=916 CharacterOffsetEnd=922 PartOfSpeech=JJ] [Text=. CharacterOffsetBegin=922 CharacterOffsetEnd=923 PartOfSpeech=.] 
root(ROOT-0, kind-7)
prep(kind-7, In-1)
det(original-3, the-2)
pobj(In-1, original-3)
punct(kind-7, ,-4)
nsubj(kind-7, Cinderella-5)
cop(kind-7, was-6)
cc(kind-7, and-8)
conj(kind-7, loving-9)
punct(kind-7, .-10)

Sentence #10 (24 tokens):
The new Cinderella had very out-of-character moments with current-era phrasing like, "I'm going to do this banquet my way!"
[Text=The CharacterOffsetBegin=928 CharacterOffsetEnd=931 PartOfSpeech=DT] [Text=new CharacterOffsetBegin=932 CharacterOffsetEnd=935 PartOfSpeech=JJ] [Text=Cinderella CharacterOffsetBegin=936 CharacterOffsetEnd=946 PartOfSpeech=NNP] [Text=had CharacterOffsetBegin=947 CharacterOffsetEnd=950 PartOfSpeech=VBD] [Text=very CharacterOffsetBegin=951 CharacterOffsetEnd=955 PartOfSpeech=RB] [Text=out-of-character CharacterOffsetBegin=956 CharacterOffsetEnd=972 PartOfSpeech=JJ] [Text=moments CharacterOffsetBegin=973 CharacterOffsetEnd=980 PartOfSpeech=NNS] [Text=with CharacterOffsetBegin=981 CharacterOffsetEnd=985 PartOfSpeech=IN] [Text=current-era CharacterOffsetBegin=986 CharacterOffsetEnd=997 PartOfSpeech=NN] [Text=phrasing CharacterOffsetBegin=998 CharacterOffsetEnd=1006 PartOfSpeech=NN] [Text=like CharacterOffsetBegin=1007 CharacterOffsetEnd=1011 PartOfSpeech=IN] [Text=, CharacterOffsetBegin=1011 CharacterOffsetEnd=1012 PartOfSpeech=,] [Text=`` CharacterOffsetBegin=1013 CharacterOffsetEnd=1014 PartOfSpeech=``] [Text=I CharacterOffsetBegin=1014 CharacterOffsetEnd=1015 PartOfSpeech=PRP] [Text='m CharacterOffsetBegin=1015 CharacterOffsetEnd=1017 PartOfSpeech=VBP] [Text=going CharacterOffsetBegin=1018 CharacterOffsetEnd=1023 PartOfSpeech=VBG] [Text=to CharacterOffsetBegin=1024 CharacterOffsetEnd=1026 PartOfSpeech=TO] [Text=do CharacterOffsetBegin=1027 CharacterOffsetEnd=1029 PartOfSpeech=VB] [Text=this CharacterOffsetBegin=1030 CharacterOffsetEnd=1034 PartOfSpeech=DT] [Text=banquet CharacterOffsetBegin=1035 CharacterOffsetEnd=1042 PartOfSpeech=NN] [Text=my CharacterOffsetBegin=1043 CharacterOffsetEnd=1045 PartOfSpeech=PRP$] [Text=way CharacterOffsetBegin=1046 CharacterOffsetEnd=1049 PartOfSpeech=NN] [Text=! CharacterOffsetBegin=1049 CharacterOffsetEnd=1050 PartOfSpeech=.] [Text='' CharacterOffsetBegin=1050 CharacterOffsetEnd=1051 PartOfSpeech=''] 
root(ROOT-0, had-4)
det(Cinderella-3, The-1)
amod(Cinderella-3, new-2)
nsubj(had-4, Cinderella-3)
advmod(out-of-character-6, very-5)
amod(moments-7, out-of-character-6)
dobj(had-4, moments-7)
prep(moments-7, with-8)
nn(phrasing-10, current-era-9)
pobj(with-8, phrasing-10)
dep(phrasing-10, like-11)
punct(like-11, ,-12)
punct(like-11, ``-13)
nsubj(going-16, I-14)
aux(going-16, 'm-15)
dep(like-11, going-16)
aux(do-18, to-17)
xcomp(going-16, do-18)
det(banquet-20, this-19)
dobj(do-18, banquet-20)
poss(way-22, my-21)
dep(do-18, way-22)
punct(had-4, !-23)
punct(had-4, ''-24)

Sentence #11 (22 tokens):
Let me also tell you that new Cinderella (as I have affectionately named her) says, "Ewww!"
[Text=Let CharacterOffsetBegin=1056 CharacterOffsetEnd=1059 PartOfSpeech=VB] [Text=me CharacterOffsetBegin=1060 CharacterOffsetEnd=1062 PartOfSpeech=PRP] [Text=also CharacterOffsetBegin=1063 CharacterOffsetEnd=1067 PartOfSpeech=RB] [Text=tell CharacterOffsetBegin=1068 CharacterOffsetEnd=1072 PartOfSpeech=VBP] [Text=you CharacterOffsetBegin=1073 CharacterOffsetEnd=1076 PartOfSpeech=PRP] [Text=that CharacterOffsetBegin=1077 CharacterOffsetEnd=1081 PartOfSpeech=IN] [Text=new CharacterOffsetBegin=1082 CharacterOffsetEnd=1085 PartOfSpeech=JJ] [Text=Cinderella CharacterOffsetBegin=1086 CharacterOffsetEnd=1096 PartOfSpeech=NNP] [Text=-LRB- CharacterOffsetBegin=1097 CharacterOffsetEnd=1098 PartOfSpeech=-LRB-] [Text=as CharacterOffsetBegin=1098 CharacterOffsetEnd=1100 PartOfSpeech=IN] [Text=I CharacterOffsetBegin=1101 CharacterOffsetEnd=1102 PartOfSpeech=PRP] [Text=have CharacterOffsetBegin=1103 CharacterOffsetEnd=1107 PartOfSpeech=VBP] [Text=affectionately CharacterOffsetBegin=1108 CharacterOffsetEnd=1122 PartOfSpeech=RB] [Text=named CharacterOffsetBegin=1123 CharacterOffsetEnd=1128 PartOfSpeech=VBN] [Text=her CharacterOffsetBegin=1129 CharacterOffsetEnd=1132 PartOfSpeech=PRP$] [Text=-RRB- CharacterOffsetBegin=1132 CharacterOffsetEnd=1133 PartOfSpeech=-RRB-] [Text=says CharacterOffsetBegin=1134 CharacterOffsetEnd=1138 PartOfSpeech=VBZ] [Text=, CharacterOffsetBegin=1138 CharacterOffsetEnd=1139 PartOfSpeech=,] [Text=`` CharacterOffsetBegin=1140 CharacterOffsetEnd=1141 PartOfSpeech=``] [Text=Ewww CharacterOffsetBegin=1141 CharacterOffsetEnd=1145 PartOfSpeech=RB] [Text=! CharacterOffsetBegin=1145 CharacterOffsetEnd=1146 PartOfSpeech=.] [Text='' CharacterOffsetBegin=1146 CharacterOffsetEnd=1147 PartOfSpeech=''] 
root(ROOT-0, tell-4)
csubj(tell-4, Let-1)
dobj(Let-1, me-2)
advmod(tell-4, also-3)
dobj(tell-4, you-5)
prep(tell-4, that-6)
dep(that-6, new-7)
nsubj(says-17, Cinderella-8)
punct(named-14, -LRB--9)
mark(named-14, as-10)
nsubj(named-14, I-11)
aux(named-14, have-12)
advmod(named-14, affectionately-13)
dep(Cinderella-8, named-14)
dep(named-14, her-15)
punct(named-14, -RRB--16)
ccomp(new-7, says-17)
punct(says-17, ,-18)
punct(says-17, ``-19)
dep(says-17, Ewww-20)
punct(Ewww-20, !-21)
punct(new-7, ''-22)

Sentence #12 (5 tokens):
That is the anti-Cinderella.
[Text=That CharacterOffsetBegin=1152 CharacterOffsetEnd=1156 PartOfSpeech=DT] [Text=is CharacterOffsetBegin=1157 CharacterOffsetEnd=1159 PartOfSpeech=VBZ] [Text=the CharacterOffsetBegin=1160 CharacterOffsetEnd=1163 PartOfSpeech=DT] [Text=anti-Cinderella CharacterOffsetBegin=1164 CharacterOffsetEnd=1179 PartOfSpeech=JJ] [Text=. CharacterOffsetBegin=1179 CharacterOffsetEnd=1180 PartOfSpeech=.] 
root(ROOT-0, anti-Cinderella-4)
nsubj(anti-Cinderella-4, That-1)
cop(anti-Cinderella-4, is-2)
det(anti-Cinderella-4, the-3)
punct(anti-Cinderella-4, .-5)

Sentence #13 (24 tokens):
I try to find the best in people, but in the sequel, Anastasia, one of the stepsisters, is good!
[Text=I CharacterOffsetBegin=1185 CharacterOffsetEnd=1186 PartOfSpeech=PRP] [Text=try CharacterOffsetBegin=1187 CharacterOffsetEnd=1190 PartOfSpeech=VBP] [Text=to CharacterOffsetBegin=1191 CharacterOffsetEnd=1193 PartOfSpeech=TO] [Text=find CharacterOffsetBegin=1194 CharacterOffsetEnd=1198 PartOfSpeech=VB] [Text=the CharacterOffsetBegin=1199 CharacterOffsetEnd=1202 PartOfSpeech=DT] [Text=best CharacterOffsetBegin=1203 CharacterOffsetEnd=1207 PartOfSpeech=JJS] [Text=in CharacterOffsetBegin=1208 CharacterOffsetEnd=1210 PartOfSpeech=IN] [Text=people CharacterOffsetBegin=1211 CharacterOffsetEnd=1217 PartOfSpeech=NNS] [Text=, CharacterOffsetBegin=1217 CharacterOffsetEnd=1218 PartOfSpeech=,] [Text=but CharacterOffsetBegin=1219 CharacterOffsetEnd=1222 PartOfSpeech=CC] [Text=in CharacterOffsetBegin=1223 CharacterOffsetEnd=1225 PartOfSpeech=IN] [Text=the CharacterOffsetBegin=1226 CharacterOffsetEnd=1229 PartOfSpeech=DT] [Text=sequel CharacterOffsetBegin=1230 CharacterOffsetEnd=1236 PartOfSpeech=NN] [Text=, CharacterOffsetBegin=1236 CharacterOffsetEnd=1237 PartOfSpeech=,] [Text=Anastasia CharacterOffsetBegin=1238 CharacterOffsetEnd=1247 PartOfSpeech=NNP] [Text=, CharacterOffsetBegin=1247 CharacterOffsetEnd=1248 PartOfSpeech=,] [Text=one CharacterOffsetBegin=1249 CharacterOffsetEnd=1252 PartOfSpeech=CD] [Text=of CharacterOffsetBegin=1253 CharacterOffsetEnd=1255 PartOfSpeech=IN] [Text=the CharacterOffsetBegin=1256 CharacterOffsetEnd=1259 PartOfSpeech=DT] [Text=stepsisters CharacterOffsetBegin=1260 CharacterOffsetEnd=1271 PartOfSpeech=NNS] [Text=, CharacterOffsetBegin=1271 CharacterOffsetEnd=1272 PartOfSpeech=,] [Text=is CharacterOffsetBegin=1273 CharacterOffsetEnd=1275 PartOfSpeech=VBZ] [Text=good CharacterOffsetBegin=1276 CharacterOffsetEnd=1280 PartOfSpeech=JJ] [Text=! CharacterOffsetBegin=1280 CharacterOffsetEnd=1281 PartOfSpeech=.] 
root(ROOT-0, try-2)
nsubj(try-2, I-1)
aux(find-4, to-3)
xcomp(try-2, find-4)
det(best-6, the-5)
dobj(find-4, best-6)
prep(find-4, in-7)
pobj(in-7, people-8)
punct(try-2, ,-9)
cc(try-2, but-10)
prep(good-23, in-11)
det(sequel-13, the-12)
pobj(in-11, sequel-13)
punct(sequel-13, ,-14)
appos(sequel-13, Anastasia-15)
punct(sequel-13, ,-16)
appos(sequel-13, one-17)
prep(one-17, of-18)
det(stepsisters-20, the-19)
pobj(of-18, stepsisters-20)
punct(sequel-13, ,-21)
cop(good-23, is-22)
conj(try-2, good-23)
punct(try-2, !-24)

Sentence #14 (4 tokens):
What the heck?
[Text=What CharacterOffsetBegin=1286 CharacterOffsetEnd=1290 PartOfSpeech=WP] [Text=the CharacterOffsetBegin=1291 CharacterOffsetEnd=1294 PartOfSpeech=DT] [Text=heck CharacterOffsetBegin=1295 CharacterOffsetEnd=1299 PartOfSpeech=NN] [Text=? CharacterOffsetBegin=1299 CharacterOffsetEnd=1300 PartOfSpeech=.] 
root(ROOT-0, heck-3)
dep(heck-3, What-1)
det(heck-3, the-2)
punct(heck-3, ?-4)

Sentence #15 (2 tokens):
Why?
[Text=Why CharacterOffsetBegin=1305 CharacterOffsetEnd=1308 PartOfSpeech=WRB] [Text=? CharacterOffsetBegin=1308 CharacterOffsetEnd=1309 PartOfSpeech=.] 
root(ROOT-0, Why-1)
punct(Why-1, ?-2)

Sentence #16 (22 tokens):
They made it all out to be like Lady Tremaine and Drizella are just horrible family members for poor little Anastasia.
[Text=They CharacterOffsetBegin=1314 CharacterOffsetEnd=1318 PartOfSpeech=PRP] [Text=made CharacterOffsetBegin=1319 CharacterOffsetEnd=1323 PartOfSpeech=VBD] [Text=it CharacterOffsetBegin=1324 CharacterOffsetEnd=1326 PartOfSpeech=PRP] [Text=all CharacterOffsetBegin=1327 CharacterOffsetEnd=1330 PartOfSpeech=DT] [Text=out CharacterOffsetBegin=1331 CharacterOffsetEnd=1334 PartOfSpeech=RP] [Text=to CharacterOffsetBegin=1335 CharacterOffsetEnd=1337 PartOfSpeech=TO] [Text=be CharacterOffsetBegin=1338 CharacterOffsetEnd=1340 PartOfSpeech=VB] [Text=like CharacterOffsetBegin=1341 CharacterOffsetEnd=1345 PartOfSpeech=IN] [Text=Lady CharacterOffsetBegin=1346 CharacterOffsetEnd=1350 PartOfSpeech=NNP] [Text=Tremaine CharacterOffsetBegin=1351 CharacterOffsetEnd=1359 PartOfSpeech=NNP] [Text=and CharacterOffsetBegin=1360 CharacterOffsetEnd=1363 PartOfSpeech=CC] [Text=Drizella CharacterOffsetBegin=1364 CharacterOffsetEnd=1372 PartOfSpeech=NNP] [Text=are CharacterOffsetBegin=1373 CharacterOffsetEnd=1376 PartOfSpeech=VBP] [Text=just CharacterOffsetBegin=1377 CharacterOffsetEnd=1381 PartOfSpeech=RB] [Text=horrible CharacterOffsetBegin=1382 CharacterOffsetEnd=1390 PartOfSpeech=JJ] [Text=family CharacterOffsetBegin=1391 CharacterOffsetEnd=1397 PartOfSpeech=NN] [Text=members CharacterOffsetBegin=1398 CharacterOffsetEnd=1405 PartOfSpeech=NNS] [Text=for CharacterOffsetBegin=1406 CharacterOffsetEnd=1409 PartOfSpeech=IN] [Text=poor CharacterOffsetBegin=1410 CharacterOffsetEnd=1414 PartOfSpeech=JJ] [Text=little CharacterOffsetBegin=1415 CharacterOffsetEnd=1421 PartOfSpeech=JJ] [Text=Anastasia CharacterOffsetBegin=1422 CharacterOffsetEnd=1431 PartOfSpeech=NNP] [Text=. CharacterOffsetBegin=1431 CharacterOffsetEnd=1432 PartOfSpeech=.] 
root(ROOT-0, made-2)
nsubj(made-2, They-1)
nsubj(out-5, it-3)
dep(out-5, all-4)
xcomp(made-2, out-5)
prep(out-5, to-6)
pobj(to-6, be-7)
prep(be-7, like-8)
nn(Tremaine-10, Lady-9)
pobj(like-8, Tremaine-10)
cc(Tremaine-10, and-11)
conj(Tremaine-10, Drizella-12)
cop(members-17, are-13)
advmod(horrible-15, just-14)
amod(members-17, horrible-15)
nn(members-17, family-16)
dep(made-2, members-17)
prep(members-17, for-18)
amod(Anastasia-21, poor-19)
amod(Anastasia-21, little-20)
pobj(for-18, Anastasia-21)
punct(made-2, .-22)

Sentence #17 (22 tokens):
My question to the world: did the people at Disney watch the original "Cinderella" when making this sequel?
[Text=My CharacterOffsetBegin=1437 CharacterOffsetEnd=1439 PartOfSpeech=PRP$] [Text=question CharacterOffsetBegin=1440 CharacterOffsetEnd=1448 PartOfSpeech=NN] [Text=to CharacterOffsetBegin=1449 CharacterOffsetEnd=1451 PartOfSpeech=TO] [Text=the CharacterOffsetBegin=1452 CharacterOffsetEnd=1455 PartOfSpeech=DT] [Text=world CharacterOffsetBegin=1456 CharacterOffsetEnd=1461 PartOfSpeech=NN] [Text=: CharacterOffsetBegin=1461 CharacterOffsetEnd=1462 PartOfSpeech=:] [Text=did CharacterOffsetBegin=1463 CharacterOffsetEnd=1466 PartOfSpeech=VBD] [Text=the CharacterOffsetBegin=1467 CharacterOffsetEnd=1470 PartOfSpeech=DT] [Text=people CharacterOffsetBegin=1471 CharacterOffsetEnd=1477 PartOfSpeech=NNS] [Text=at CharacterOffsetBegin=1478 CharacterOffsetEnd=1480 PartOfSpeech=IN] [Text=Disney CharacterOffsetBegin=1481 CharacterOffsetEnd=1487 PartOfSpeech=NNP] [Text=watch CharacterOffsetBegin=1488 CharacterOffsetEnd=1493 PartOfSpeech=VBP] [Text=the CharacterOffsetBegin=1494 CharacterOffsetEnd=1497 PartOfSpeech=DT] [Text=original CharacterOffsetBegin=1498 CharacterOffsetEnd=1506 PartOfSpeech=JJ] [Text=`` CharacterOffsetBegin=1507 CharacterOffsetEnd=1508 PartOfSpeech=``] [Text=Cinderella CharacterOffsetBegin=1508 CharacterOffsetEnd=1518 PartOfSpeech=NNP] [Text='' CharacterOffsetBegin=1518 CharacterOffsetEnd=1519 PartOfSpeech=''] [Text=when CharacterOffsetBegin=1520 CharacterOffsetEnd=1524 PartOfSpeech=WRB] [Text=making CharacterOffsetBegin=1525 CharacterOffsetEnd=1531 PartOfSpeech=VBG] [Text=this CharacterOffsetBegin=1532 CharacterOffsetEnd=1536 PartOfSpeech=DT] [Text=sequel CharacterOffsetBegin=1537 CharacterOffsetEnd=1543 PartOfSpeech=NN] [Text=? CharacterOffsetBegin=1543 CharacterOffsetEnd=1544 PartOfSpeech=.] 
root(ROOT-0, question-2)
poss(question-2, My-1)
prep(question-2, to-3)
det(world-5, the-4)
pobj(to-3, world-5)
punct(question-2, :-6)
aux(watch-12, did-7)
det(people-9, the-8)
nsubj(watch-12, people-9)
prep(people-9, at-10)
pobj(at-10, Disney-11)
dep(question-2, watch-12)
det(Cinderella-16, the-13)
amod(Cinderella-16, original-14)
punct(Cinderella-16, ``-15)
dobj(watch-12, Cinderella-16)
punct(Cinderella-16, ''-17)
dep(watch-12, when-18)
dep(when-18, making-19)
det(sequel-21, this-20)
dobj(making-19, sequel-21)
punct(question-2, ?-22)

Sentence #18 (9 tokens):
Well, it surely doesn't seem so.
[Text=Well CharacterOffsetBegin=1549 CharacterOffsetEnd=1553 PartOfSpeech=RB] [Text=, CharacterOffsetBegin=1553 CharacterOffsetEnd=1554 PartOfSpeech=,] [Text=it CharacterOffsetBegin=1555 CharacterOffsetEnd=1557 PartOfSpeech=PRP] [Text=surely CharacterOffsetBegin=1558 CharacterOffsetEnd=1564 PartOfSpeech=RB] [Text=does CharacterOffsetBegin=1565 CharacterOffsetEnd=1569 PartOfSpeech=VBZ] [Text=n't CharacterOffsetBegin=1569 CharacterOffsetEnd=1572 PartOfSpeech=RB] [Text=seem CharacterOffsetBegin=1573 CharacterOffsetEnd=1577 PartOfSpeech=VB] [Text=so CharacterOffsetBegin=1578 CharacterOffsetEnd=1580 PartOfSpeech=RB] [Text=. CharacterOffsetBegin=1580 CharacterOffsetEnd=1581 PartOfSpeech=.] 
root(ROOT-0, seem-7)
advmod(seem-7, Well-1)
punct(seem-7, ,-2)
nsubj(seem-7, it-3)
advmod(seem-7, surely-4)
aux(seem-7, does-5)
neg(seem-7, n't-6)
advmod(seem-7, so-8)
punct(seem-7, .-9)

Sentence #19 (18 tokens):
If I remember correctly, Anastasia was just as abusive to Cinderella as Drizella and Lady Tremaine.
[Text=If CharacterOffsetBegin=1586 CharacterOffsetEnd=1588 PartOfSpeech=IN] [Text=I CharacterOffsetBegin=1589 CharacterOffsetEnd=1590 PartOfSpeech=PRP] [Text=remember CharacterOffsetBegin=1591 CharacterOffsetEnd=1599 PartOfSpeech=VBP] [Text=correctly CharacterOffsetBegin=1600 CharacterOffsetEnd=1609 PartOfSpeech=RB] [Text=, CharacterOffsetBegin=1609 CharacterOffsetEnd=1610 PartOfSpeech=,] [Text=Anastasia CharacterOffsetBegin=1611 CharacterOffsetEnd=1620 PartOfSpeech=NNP] [Text=was CharacterOffsetBegin=1621 CharacterOffsetEnd=1624 PartOfSpeech=VBD] [Text=just CharacterOffsetBegin=1625 CharacterOffsetEnd=1629 PartOfSpeech=RB] [Text=as CharacterOffsetBegin=1630 CharacterOffsetEnd=1632 PartOfSpeech=IN] [Text=abusive CharacterOffsetBegin=1633 CharacterOffsetEnd=1640 PartOfSpeech=JJ] [Text=to CharacterOffsetBegin=1641 CharacterOffsetEnd=1643 PartOfSpeech=TO] [Text=Cinderella CharacterOffsetBegin=1644 CharacterOffsetEnd=1654 PartOfSpeech=NNP] [Text=as CharacterOffsetBegin=1655 CharacterOffsetEnd=1657 PartOfSpeech=IN] [Text=Drizella CharacterOffsetBegin=1658 CharacterOffsetEnd=1666 PartOfSpeech=NNP] [Text=and CharacterOffsetBegin=1667 CharacterOffsetEnd=1670 PartOfSpeech=CC] [Text=Lady CharacterOffsetBegin=1671 CharacterOffsetEnd=1675 PartOfSpeech=NNP] [Text=Tremaine CharacterOffsetBegin=1676 CharacterOffsetEnd=1684 PartOfSpeech=NNP] [Text=. CharacterOffsetBegin=1684 CharacterOffsetEnd=1685 PartOfSpeech=.] 
root(ROOT-0, remember-3)
mark(remember-3, If-1)
nsubj(remember-3, I-2)
advmod(remember-3, correctly-4)
punct(remember-3, ,-5)
dep(,-5, Anastasia-6)
dep(Anastasia-6, was-7)
advmod(was-7, just-8)
prep(just-8, as-9)
pobj(as-9, abusive-10)
prep(abusive-10, to-11)
pobj(to-11, Cinderella-12)
prep(abusive-10, as-13)
pobj(as-13, Drizella-14)
cc(Drizella-14, and-15)
nn(Tremaine-17, Lady-16)
conj(Drizella-14, Tremaine-17)
punct(Anastasia-6, .-18)

Sentence #20 (21 tokens):
I am all for redemption and forgiveness, but there was no point of redemption for Anastasia in this movie.
[Text=I CharacterOffsetBegin=1690 CharacterOffsetEnd=1691 PartOfSpeech=PRP] [Text=am CharacterOffsetBegin=1692 CharacterOffsetEnd=1694 PartOfSpeech=VBP] [Text=all CharacterOffsetBegin=1695 CharacterOffsetEnd=1698 PartOfSpeech=DT] [Text=for CharacterOffsetBegin=1699 CharacterOffsetEnd=1702 PartOfSpeech=IN] [Text=redemption CharacterOffsetBegin=1703 CharacterOffsetEnd=1713 PartOfSpeech=NN] [Text=and CharacterOffsetBegin=1714 CharacterOffsetEnd=1717 PartOfSpeech=CC] [Text=forgiveness CharacterOffsetBegin=1718 CharacterOffsetEnd=1729 PartOfSpeech=NN] [Text=, CharacterOffsetBegin=1729 CharacterOffsetEnd=1730 PartOfSpeech=,] [Text=but CharacterOffsetBegin=1731 CharacterOffsetEnd=1734 PartOfSpeech=CC] [Text=there CharacterOffsetBegin=1735 CharacterOffsetEnd=1740 PartOfSpeech=EX] [Text=was CharacterOffsetBegin=1741 CharacterOffsetEnd=1744 PartOfSpeech=VBD] [Text=no CharacterOffsetBegin=1745 CharacterOffsetEnd=1747 PartOfSpeech=DT] [Text=point CharacterOffsetBegin=1748 CharacterOffsetEnd=1753 PartOfSpeech=NN] [Text=of CharacterOffsetBegin=1754 CharacterOffsetEnd=1756 PartOfSpeech=IN] [Text=redemption CharacterOffsetBegin=1757 CharacterOffsetEnd=1767 PartOfSpeech=NN] [Text=for CharacterOffsetBegin=1768 CharacterOffsetEnd=1771 PartOfSpeech=IN] [Text=Anastasia CharacterOffsetBegin=1772 CharacterOffsetEnd=1781 PartOfSpeech=NNP] [Text=in CharacterOffsetBegin=1782 CharacterOffsetEnd=1784 PartOfSpeech=IN] [Text=this CharacterOffsetBegin=1785 CharacterOffsetEnd=1789 PartOfSpeech=DT] [Text=movie CharacterOffsetBegin=1790 CharacterOffsetEnd=1795 PartOfSpeech=NN] [Text=. CharacterOffsetBegin=1795 CharacterOffsetEnd=1796 PartOfSpeech=.] 
root(ROOT-0, all-3)
nsubj(all-3, I-1)
cop(all-3, am-2)
prep(all-3, for-4)
pobj(for-4, redemption-5)
cc(redemption-5, and-6)
conj(redemption-5, forgiveness-7)
punct(all-3, ,-8)
cc(all-3, but-9)
expl(was-11, there-10)
conj(all-3, was-11)
det(point-13, no-12)
nsubj(was-11, point-13)
prep(point-13, of-14)
pobj(of-14, redemption-15)
prep(redemption-15, for-16)
pobj(for-16, Anastasia-17)
prep(Anastasia-17, in-18)
det(movie-20, this-19)
pobj(in-18, movie-20)
punct(all-3, .-21)

Sentence #21 (9 tokens):
In the first one, Anastasia was evil.
[Text=In CharacterOffsetBegin=1801 CharacterOffsetEnd=1803 PartOfSpeech=IN] [Text=the CharacterOffsetBegin=1804 CharacterOffsetEnd=1807 PartOfSpeech=DT] [Text=first CharacterOffsetBegin=1808 CharacterOffsetEnd=1813 PartOfSpeech=JJ] [Text=one CharacterOffsetBegin=1814 CharacterOffsetEnd=1817 PartOfSpeech=CD] [Text=, CharacterOffsetBegin=1817 CharacterOffsetEnd=1818 PartOfSpeech=,] [Text=Anastasia CharacterOffsetBegin=1819 CharacterOffsetEnd=1828 PartOfSpeech=NNP] [Text=was CharacterOffsetBegin=1829 CharacterOffsetEnd=1832 PartOfSpeech=VBD] [Text=evil CharacterOffsetBegin=1833 CharacterOffsetEnd=1837 PartOfSpeech=JJ] [Text=. CharacterOffsetBegin=1837 CharacterOffsetEnd=1838 PartOfSpeech=.] 
root(ROOT-0, evil-8)
prep(evil-8, In-1)
det(one-4, the-2)
amod(one-4, first-3)
pobj(In-1, one-4)
punct(evil-8, ,-5)
nsubj(evil-8, Anastasia-6)
cop(evil-8, was-7)
punct(evil-8, .-9)

Sentence #22 (9 tokens):
In the second one, she is good.
[Text=In CharacterOffsetBegin=1843 CharacterOffsetEnd=1845 PartOfSpeech=IN] [Text=the CharacterOffsetBegin=1846 CharacterOffsetEnd=1849 PartOfSpeech=DT] [Text=second CharacterOffsetBegin=1850 CharacterOffsetEnd=1856 PartOfSpeech=JJ] [Text=one CharacterOffsetBegin=1857 CharacterOffsetEnd=1860 PartOfSpeech=CD] [Text=, CharacterOffsetBegin=1860 CharacterOffsetEnd=1861 PartOfSpeech=,] [Text=she CharacterOffsetBegin=1862 CharacterOffsetEnd=1865 PartOfSpeech=PRP] [Text=is CharacterOffsetBegin=1866 CharacterOffsetEnd=1868 PartOfSpeech=VBZ] [Text=good CharacterOffsetBegin=1869 CharacterOffsetEnd=1873 PartOfSpeech=JJ] [Text=. CharacterOffsetBegin=1873 CharacterOffsetEnd=1874 PartOfSpeech=.] 
root(ROOT-0, good-8)
prep(good-8, In-1)
det(one-4, the-2)
amod(one-4, second-3)
pobj(In-1, one-4)
punct(good-8, ,-5)
nsubj(good-8, she-6)
cop(good-8, is-7)
punct(good-8, .-9)

Sentence #23 (10 tokens):
One just can't leave a story like this.
[Text=One CharacterOffsetBegin=1879 CharacterOffsetEnd=1882 PartOfSpeech=CD] [Text=just CharacterOffsetBegin=1883 CharacterOffsetEnd=1887 PartOfSpeech=RB] [Text=ca CharacterOffsetBegin=1888 CharacterOffsetEnd=1890 PartOfSpeech=MD] [Text=n't CharacterOffsetBegin=1890 CharacterOffsetEnd=1893 PartOfSpeech=RB] [Text=leave CharacterOffsetBegin=1894 CharacterOffsetEnd=1899 PartOfSpeech=VB] [Text=a CharacterOffsetBegin=1900 CharacterOffsetEnd=1901 PartOfSpeech=DT] [Text=story CharacterOffsetBegin=1902 CharacterOffsetEnd=1907 PartOfSpeech=NN] [Text=like CharacterOffsetBegin=1908 CharacterOffsetEnd=1912 PartOfSpeech=IN] [Text=this CharacterOffsetBegin=1913 CharacterOffsetEnd=1917 PartOfSpeech=DT] [Text=. CharacterOffsetBegin=1917 CharacterOffsetEnd=1918 PartOfSpeech=.] 
root(ROOT-0, leave-5)
nsubj(leave-5, One-1)
advmod(leave-5, just-2)
aux(leave-5, ca-3)
neg(leave-5, n't-4)
det(story-7, a-6)
dobj(leave-5, story-7)
prep(leave-5, like-8)
pobj(like-8, this-9)
punct(leave-5, .-10)

Sentence #24 (19 tokens):
I hope Disney realizes that this movie, among other movies, is shaming Walt Disney's name.
[Text=I CharacterOffsetBegin=1923 CharacterOffsetEnd=1924 PartOfSpeech=PRP] [Text=hope CharacterOffsetBegin=1925 CharacterOffsetEnd=1929 PartOfSpeech=VBP] [Text=Disney CharacterOffsetBegin=1930 CharacterOffsetEnd=1936 PartOfSpeech=NNP] [Text=realizes CharacterOffsetBegin=1937 CharacterOffsetEnd=1945 PartOfSpeech=VBZ] [Text=that CharacterOffsetBegin=1946 CharacterOffsetEnd=1950 PartOfSpeech=IN] [Text=this CharacterOffsetBegin=1951 CharacterOffsetEnd=1955 PartOfSpeech=DT] [Text=movie CharacterOffsetBegin=1956 CharacterOffsetEnd=1961 PartOfSpeech=NN] [Text=, CharacterOffsetBegin=1961 CharacterOffsetEnd=1962 PartOfSpeech=,] [Text=among CharacterOffsetBegin=1963 CharacterOffsetEnd=1968 PartOfSpeech=IN] [Text=other CharacterOffsetBegin=1969 CharacterOffsetEnd=1974 PartOfSpeech=JJ] [Text=movies CharacterOffsetBegin=1975 CharacterOffsetEnd=1981 PartOfSpeech=NNS] [Text=, CharacterOffsetBegin=1981 CharacterOffsetEnd=1982 PartOfSpeech=,] [Text=is CharacterOffsetBegin=1983 CharacterOffsetEnd=1985 PartOfSpeech=VBZ] [Text=shaming CharacterOffsetBegin=1986 CharacterOffsetEnd=1993 PartOfSpeech=VBG] [Text=Walt CharacterOffsetBegin=1994 CharacterOffsetEnd=1998 PartOfSpeech=NNP] [Text=Disney CharacterOffsetBegin=1999 CharacterOffsetEnd=2005 PartOfSpeech=NNP] [Text='s CharacterOffsetBegin=2005 CharacterOffsetEnd=2007 PartOfSpeech=POS] [Text=name CharacterOffsetBegin=2008 CharacterOffsetEnd=2012 PartOfSpeech=NN] [Text=. CharacterOffsetBegin=2012 CharacterOffsetEnd=2013 PartOfSpeech=.] 
root(ROOT-0, hope-2)
nsubj(hope-2, I-1)
nsubj(realizes-4, Disney-3)
ccomp(hope-2, realizes-4)
mark(shaming-14, that-5)
det(movie-7, this-6)
nsubj(shaming-14, movie-7)
punct(shaming-14, ,-8)
prep(shaming-14, among-9)
amod(movies-11, other-10)
pobj(among-9, movies-11)
punct(shaming-14, ,-12)
aux(shaming-14, is-13)
ccomp(realizes-4, shaming-14)
nn(Disney-16, Walt-15)
poss(name-18, Disney-16)
possessive(Disney-16, 's-17)
dobj(shaming-14, name-18)
punct(hope-2, .-19)

Sentence #25 (19 tokens):
Perhaps now that Michael Eisner is gone, things will start shaping up around the House of Mouse.
[Text=Perhaps CharacterOffsetBegin=2018 CharacterOffsetEnd=2025 PartOfSpeech=RB] [Text=now CharacterOffsetBegin=2026 CharacterOffsetEnd=2029 PartOfSpeech=RB] [Text=that CharacterOffsetBegin=2030 CharacterOffsetEnd=2034 PartOfSpeech=IN] [Text=Michael CharacterOffsetBegin=2035 CharacterOffsetEnd=2042 PartOfSpeech=NNP] [Text=Eisner CharacterOffsetBegin=2043 CharacterOffsetEnd=2049 PartOfSpeech=NNP] [Text=is CharacterOffsetBegin=2050 CharacterOffsetEnd=2052 PartOfSpeech=VBZ] [Text=gone CharacterOffsetBegin=2053 CharacterOffsetEnd=2057 PartOfSpeech=VBN] [Text=, CharacterOffsetBegin=2057 CharacterOffsetEnd=2058 PartOfSpeech=,] [Text=things CharacterOffsetBegin=2059 CharacterOffsetEnd=2065 PartOfSpeech=NNS] [Text=will CharacterOffsetBegin=2066 CharacterOffsetEnd=2070 PartOfSpeech=MD] [Text=start CharacterOffsetBegin=2071 CharacterOffsetEnd=2076 PartOfSpeech=VB] [Text=shaping CharacterOffsetBegin=2077 CharacterOffsetEnd=2084 PartOfSpeech=VBG] [Text=up CharacterOffsetBegin=2085 CharacterOffsetEnd=2087 PartOfSpeech=RP] [Text=around CharacterOffsetBegin=2088 CharacterOffsetEnd=2094 PartOfSpeech=IN] [Text=the CharacterOffsetBegin=2095 CharacterOffsetEnd=2098 PartOfSpeech=DT] [Text=House CharacterOffsetBegin=2099 CharacterOffsetEnd=2104 PartOfSpeech=NNP] [Text=of CharacterOffsetBegin=2105 CharacterOffsetEnd=2107 PartOfSpeech=IN] [Text=Mouse CharacterOffsetBegin=2108 CharacterOffsetEnd=2113 PartOfSpeech=NN] [Text=. CharacterOffsetBegin=2113 CharacterOffsetEnd=2114 PartOfSpeech=.] 
root(ROOT-0, start-11)
advmod(now-2, Perhaps-1)
advmod(start-11, now-2)
mark(gone-7, that-3)
nn(Eisner-5, Michael-4)
nsubjpass(gone-7, Eisner-5)
auxpass(gone-7, is-6)
ccomp(now-2, gone-7)
punct(start-11, ,-8)
nsubj(start-11, things-9)
aux(start-11, will-10)
xcomp(start-11, shaping-12)
prt(shaping-12, up-13)
prep(shaping-12, around-14)
det(House-16, the-15)
pobj(around-14, House-16)
prep(House-16, of-17)
pobj(of-17, Mouse-18)
punct(start-11, .-19)

