Sentence #1 (3 tokens):
Neat premise.
[Text=Neat CharacterOffsetBegin=4 CharacterOffsetEnd=8 PartOfSpeech=JJ] [Text=premise CharacterOffsetBegin=9 CharacterOffsetEnd=16 PartOfSpeech=NN] [Text=. CharacterOffsetBegin=16 CharacterOffsetEnd=17 PartOfSpeech=.] 
root(ROOT-0, premise-2)
amod(premise-2, Neat-1)
punct(premise-2, .-3)

Sentence #2 (3 tokens):
Very unrealistic.
[Text=Very CharacterOffsetBegin=22 CharacterOffsetEnd=26 PartOfSpeech=RB] [Text=unrealistic CharacterOffsetBegin=27 CharacterOffsetEnd=38 PartOfSpeech=JJ] [Text=. CharacterOffsetBegin=38 CharacterOffsetEnd=39 PartOfSpeech=.] 
root(ROOT-0, unrealistic-2)
advmod(unrealistic-2, Very-1)
punct(unrealistic-2, .-3)

Sentence #3 (28 tokens):
What I learned from this movie is that speeding crazily out of control to go to the weekend cabin may not be the best idea after all.
[Text=What CharacterOffsetBegin=44 CharacterOffsetEnd=48 PartOfSpeech=WP] [Text=I CharacterOffsetBegin=49 CharacterOffsetEnd=50 PartOfSpeech=PRP] [Text=learned CharacterOffsetBegin=51 CharacterOffsetEnd=58 PartOfSpeech=VBD] [Text=from CharacterOffsetBegin=59 CharacterOffsetEnd=63 PartOfSpeech=IN] [Text=this CharacterOffsetBegin=64 CharacterOffsetEnd=68 PartOfSpeech=DT] [Text=movie CharacterOffsetBegin=69 CharacterOffsetEnd=74 PartOfSpeech=NN] [Text=is CharacterOffsetBegin=75 CharacterOffsetEnd=77 PartOfSpeech=VBZ] [Text=that CharacterOffsetBegin=78 CharacterOffsetEnd=82 PartOfSpeech=IN] [Text=speeding CharacterOffsetBegin=83 CharacterOffsetEnd=91 PartOfSpeech=VBG] [Text=crazily CharacterOffsetBegin=92 CharacterOffsetEnd=99 PartOfSpeech=RB] [Text=out CharacterOffsetBegin=100 CharacterOffsetEnd=103 PartOfSpeech=IN] [Text=of CharacterOffsetBegin=104 CharacterOffsetEnd=106 PartOfSpeech=IN] [Text=control CharacterOffsetBegin=107 CharacterOffsetEnd=114 PartOfSpeech=NN] [Text=to CharacterOffsetBegin=115 CharacterOffsetEnd=117 PartOfSpeech=TO] [Text=go CharacterOffsetBegin=118 CharacterOffsetEnd=120 PartOfSpeech=VB] [Text=to CharacterOffsetBegin=121 CharacterOffsetEnd=123 PartOfSpeech=TO] [Text=the CharacterOffsetBegin=124 CharacterOffsetEnd=127 PartOfSpeech=DT] [Text=weekend CharacterOffsetBegin=128 CharacterOffsetEnd=135 PartOfSpeech=NN] [Text=cabin CharacterOffsetBegin=136 CharacterOffsetEnd=141 PartOfSpeech=NN] [Text=may CharacterOffsetBegin=142 CharacterOffsetEnd=145 PartOfSpeech=MD] [Text=not CharacterOffsetBegin=146 CharacterOffsetEnd=149 PartOfSpeech=RB] [Text=be CharacterOffsetBegin=150 CharacterOffsetEnd=152 PartOfSpeech=VB] [Text=the CharacterOffsetBegin=153 CharacterOffsetEnd=156 PartOfSpeech=DT] [Text=best CharacterOffsetBegin=157 CharacterOffsetEnd=161 PartOfSpeech=JJS] [Text=idea CharacterOffsetBegin=162 CharacterOffsetEnd=166 PartOfSpeech=NN] [Text=after CharacterOffsetBegin=167 CharacterOffsetEnd=172 PartOfSpeech=IN] [Text=all CharacterOffsetBegin=173 CharacterOffsetEnd=176 PartOfSpeech=DT] [Text=. CharacterOffsetBegin=176 CharacterOffsetEnd=177 PartOfSpeech=.] 
root(ROOT-0, is-7)
dobj(learned-3, What-1)
nsubj(learned-3, I-2)
csubj(is-7, learned-3)
prep(learned-3, from-4)
det(movie-6, this-5)
pobj(from-4, movie-6)
mark(idea-25, that-8)
csubj(idea-25, speeding-9)
advmod(out-11, crazily-10)
prep(speeding-9, out-11)
pcomp(out-11, of-12)
pobj(of-12, control-13)
aux(go-15, to-14)
xcomp(speeding-9, go-15)
prep(go-15, to-16)
det(cabin-19, the-17)
nn(cabin-19, weekend-18)
pobj(to-16, cabin-19)
aux(idea-25, may-20)
neg(idea-25, not-21)
cop(idea-25, be-22)
det(idea-25, the-23)
amod(idea-25, best-24)
ccomp(is-7, idea-25)
advmod(idea-25, after-26)
pobj(after-26, all-27)
punct(is-7, .-28)

Sentence #4 (20 tokens):
I loved how Bill conveniently rolls out of the car and down the hill with no injury at all!
[Text=I CharacterOffsetBegin=182 CharacterOffsetEnd=183 PartOfSpeech=PRP] [Text=loved CharacterOffsetBegin=184 CharacterOffsetEnd=189 PartOfSpeech=VBD] [Text=how CharacterOffsetBegin=190 CharacterOffsetEnd=193 PartOfSpeech=WRB] [Text=Bill CharacterOffsetBegin=194 CharacterOffsetEnd=198 PartOfSpeech=NNP] [Text=conveniently CharacterOffsetBegin=199 CharacterOffsetEnd=211 PartOfSpeech=RB] [Text=rolls CharacterOffsetBegin=212 CharacterOffsetEnd=217 PartOfSpeech=VBZ] [Text=out CharacterOffsetBegin=218 CharacterOffsetEnd=221 PartOfSpeech=IN] [Text=of CharacterOffsetBegin=222 CharacterOffsetEnd=224 PartOfSpeech=IN] [Text=the CharacterOffsetBegin=225 CharacterOffsetEnd=228 PartOfSpeech=DT] [Text=car CharacterOffsetBegin=229 CharacterOffsetEnd=232 PartOfSpeech=NN] [Text=and CharacterOffsetBegin=233 CharacterOffsetEnd=236 PartOfSpeech=CC] [Text=down CharacterOffsetBegin=237 CharacterOffsetEnd=241 PartOfSpeech=IN] [Text=the CharacterOffsetBegin=242 CharacterOffsetEnd=245 PartOfSpeech=DT] [Text=hill CharacterOffsetBegin=246 CharacterOffsetEnd=250 PartOfSpeech=NN] [Text=with CharacterOffsetBegin=251 CharacterOffsetEnd=255 PartOfSpeech=IN] [Text=no CharacterOffsetBegin=256 CharacterOffsetEnd=258 PartOfSpeech=DT] [Text=injury CharacterOffsetBegin=259 CharacterOffsetEnd=265 PartOfSpeech=NN] [Text=at CharacterOffsetBegin=266 CharacterOffsetEnd=268 PartOfSpeech=IN] [Text=all CharacterOffsetBegin=269 CharacterOffsetEnd=272 PartOfSpeech=DT] [Text=! CharacterOffsetBegin=272 CharacterOffsetEnd=273 PartOfSpeech=.] 
root(ROOT-0, loved-2)
nsubj(loved-2, I-1)
advmod(rolls-6, how-3)
nn(conveniently-5, Bill-4)
nsubj(rolls-6, conveniently-5)
ccomp(loved-2, rolls-6)
prt(rolls-6, out-7)
prep(rolls-6, of-8)
det(car-10, the-9)
pobj(of-8, car-10)
cc(rolls-6, and-11)
advmod(rolls-6, down-12)
det(hill-14, the-13)
pobj(down-12, hill-14)
prep(down-12, with-15)
det(injury-17, no-16)
pobj(with-15, injury-17)
advmod(injury-17, at-18)
pobj(at-18, all-19)
punct(loved-2, !-20)

Sentence #5 (12 tokens):
Unfortunately, the same can't be said for his gal.
[Text=Unfortunately CharacterOffsetBegin=278 CharacterOffsetEnd=291 PartOfSpeech=RB] [Text=, CharacterOffsetBegin=291 CharacterOffsetEnd=292 PartOfSpeech=,] [Text=the CharacterOffsetBegin=293 CharacterOffsetEnd=296 PartOfSpeech=DT] [Text=same CharacterOffsetBegin=297 CharacterOffsetEnd=301 PartOfSpeech=JJ] [Text=ca CharacterOffsetBegin=302 CharacterOffsetEnd=304 PartOfSpeech=MD] [Text=n't CharacterOffsetBegin=304 CharacterOffsetEnd=307 PartOfSpeech=RB] [Text=be CharacterOffsetBegin=308 CharacterOffsetEnd=310 PartOfSpeech=VB] [Text=said CharacterOffsetBegin=311 CharacterOffsetEnd=315 PartOfSpeech=VBN] [Text=for CharacterOffsetBegin=316 CharacterOffsetEnd=319 PartOfSpeech=IN] [Text=his CharacterOffsetBegin=320 CharacterOffsetEnd=323 PartOfSpeech=PRP$] [Text=gal CharacterOffsetBegin=324 CharacterOffsetEnd=327 PartOfSpeech=NN] [Text=. CharacterOffsetBegin=327 CharacterOffsetEnd=328 PartOfSpeech=.] 
root(ROOT-0, said-8)
advmod(said-8, Unfortunately-1)
punct(said-8, ,-2)
det(same-4, the-3)
nsubjpass(said-8, same-4)
aux(said-8, ca-5)
neg(said-8, n't-6)
auxpass(said-8, be-7)
prep(said-8, for-9)
poss(gal-11, his-10)
pobj(for-9, gal-11)
punct(said-8, .-12)

Sentence #6 (35 tokens):
Oh, and the police never seemed to find the car or trace the owner of the wreck.Lots of dragged out scenes including a plain stripper (still have nightmares from that scene).
[Text=Oh CharacterOffsetBegin=333 CharacterOffsetEnd=335 PartOfSpeech=UH] [Text=, CharacterOffsetBegin=335 CharacterOffsetEnd=336 PartOfSpeech=,] [Text=and CharacterOffsetBegin=337 CharacterOffsetEnd=340 PartOfSpeech=CC] [Text=the CharacterOffsetBegin=341 CharacterOffsetEnd=344 PartOfSpeech=DT] [Text=police CharacterOffsetBegin=345 CharacterOffsetEnd=351 PartOfSpeech=NN] [Text=never CharacterOffsetBegin=352 CharacterOffsetEnd=357 PartOfSpeech=RB] [Text=seemed CharacterOffsetBegin=358 CharacterOffsetEnd=364 PartOfSpeech=VBD] [Text=to CharacterOffsetBegin=365 CharacterOffsetEnd=367 PartOfSpeech=TO] [Text=find CharacterOffsetBegin=368 CharacterOffsetEnd=372 PartOfSpeech=VB] [Text=the CharacterOffsetBegin=373 CharacterOffsetEnd=376 PartOfSpeech=DT] [Text=car CharacterOffsetBegin=377 CharacterOffsetEnd=380 PartOfSpeech=NN] [Text=or CharacterOffsetBegin=381 CharacterOffsetEnd=383 PartOfSpeech=CC] [Text=trace CharacterOffsetBegin=384 CharacterOffsetEnd=389 PartOfSpeech=NN] [Text=the CharacterOffsetBegin=390 CharacterOffsetEnd=393 PartOfSpeech=DT] [Text=owner CharacterOffsetBegin=394 CharacterOffsetEnd=399 PartOfSpeech=NN] [Text=of CharacterOffsetBegin=400 CharacterOffsetEnd=402 PartOfSpeech=IN] [Text=the CharacterOffsetBegin=403 CharacterOffsetEnd=406 PartOfSpeech=DT] [Text=wreck.Lots CharacterOffsetBegin=407 CharacterOffsetEnd=417 PartOfSpeech=NNS] [Text=of CharacterOffsetBegin=418 CharacterOffsetEnd=420 PartOfSpeech=IN] [Text=dragged CharacterOffsetBegin=421 CharacterOffsetEnd=428 PartOfSpeech=VBN] [Text=out CharacterOffsetBegin=429 CharacterOffsetEnd=432 PartOfSpeech=RP] [Text=scenes CharacterOffsetBegin=433 CharacterOffsetEnd=439 PartOfSpeech=NNS] [Text=including CharacterOffsetBegin=440 CharacterOffsetEnd=449 PartOfSpeech=VBG] [Text=a CharacterOffsetBegin=450 CharacterOffsetEnd=451 PartOfSpeech=DT] [Text=plain CharacterOffsetBegin=452 CharacterOffsetEnd=457 PartOfSpeech=JJ] [Text=stripper CharacterOffsetBegin=458 CharacterOffsetEnd=466 PartOfSpeech=NN] [Text=-LRB- CharacterOffsetBegin=467 CharacterOffsetEnd=468 PartOfSpeech=-LRB-] [Text=still CharacterOffsetBegin=468 CharacterOffsetEnd=473 PartOfSpeech=RB] [Text=have CharacterOffsetBegin=474 CharacterOffsetEnd=478 PartOfSpeech=VBP] [Text=nightmares CharacterOffsetBegin=479 CharacterOffsetEnd=489 PartOfSpeech=NNS] [Text=from CharacterOffsetBegin=490 CharacterOffsetEnd=494 PartOfSpeech=IN] [Text=that CharacterOffsetBegin=495 CharacterOffsetEnd=499 PartOfSpeech=DT] [Text=scene CharacterOffsetBegin=500 CharacterOffsetEnd=505 PartOfSpeech=NN] [Text=-RRB- CharacterOffsetBegin=505 CharacterOffsetEnd=506 PartOfSpeech=-RRB-] [Text=. CharacterOffsetBegin=506 CharacterOffsetEnd=507 PartOfSpeech=.] 
root(ROOT-0, Oh-1)
punct(Oh-1, ,-2)
cc(Oh-1, and-3)
det(police-5, the-4)
nsubj(seemed-7, police-5)
neg(seemed-7, never-6)
conj(Oh-1, seemed-7)
aux(find-9, to-8)
xcomp(seemed-7, find-9)
det(car-11, the-10)
dobj(find-9, car-11)
cc(car-11, or-12)
conj(car-11, trace-13)
det(owner-15, the-14)
dep(car-11, owner-15)
prep(owner-15, of-16)
det(wreck.Lots-18, the-17)
pobj(of-16, wreck.Lots-18)
prep(wreck.Lots-18, of-19)
pcomp(of-19, dragged-20)
prt(dragged-20, out-21)
dobj(dragged-20, scenes-22)
prep(scenes-22, including-23)
det(stripper-26, a-24)
amod(stripper-26, plain-25)
pobj(including-23, stripper-26)
punct(have-29, -LRB--27)
advmod(have-29, still-28)
dep(stripper-26, have-29)
dobj(have-29, nightmares-30)
prep(nightmares-30, from-31)
det(scene-33, that-32)
pobj(from-31, scene-33)
punct(have-29, -RRB--34)
punct(Oh-1, .-35)

Sentence #7 (9 tokens):
Poor assistant guy and his crummy useless hand.
[Text=Poor CharacterOffsetBegin=512 CharacterOffsetEnd=516 PartOfSpeech=NNP] [Text=assistant CharacterOffsetBegin=517 CharacterOffsetEnd=526 PartOfSpeech=NN] [Text=guy CharacterOffsetBegin=527 CharacterOffsetEnd=530 PartOfSpeech=NN] [Text=and CharacterOffsetBegin=531 CharacterOffsetEnd=534 PartOfSpeech=CC] [Text=his CharacterOffsetBegin=535 CharacterOffsetEnd=538 PartOfSpeech=PRP$] [Text=crummy CharacterOffsetBegin=539 CharacterOffsetEnd=545 PartOfSpeech=JJ] [Text=useless CharacterOffsetBegin=546 CharacterOffsetEnd=553 PartOfSpeech=JJ] [Text=hand CharacterOffsetBegin=554 CharacterOffsetEnd=558 PartOfSpeech=NN] [Text=. CharacterOffsetBegin=558 CharacterOffsetEnd=559 PartOfSpeech=.] 
root(ROOT-0, guy-3)
nn(guy-3, Poor-1)
nn(guy-3, assistant-2)
cc(guy-3, and-4)
poss(hand-8, his-5)
amod(hand-8, crummy-6)
amod(hand-8, useless-7)
conj(guy-3, hand-8)
punct(guy-3, .-9)

Sentence #8 (27 tokens):
I admit I was intrigued to see what the mysterious "thing" was behind the door, but when it appeared, I just laughed.
[Text=I CharacterOffsetBegin=564 CharacterOffsetEnd=565 PartOfSpeech=PRP] [Text=admit CharacterOffsetBegin=566 CharacterOffsetEnd=571 PartOfSpeech=VBP] [Text=I CharacterOffsetBegin=572 CharacterOffsetEnd=573 PartOfSpeech=PRP] [Text=was CharacterOffsetBegin=574 CharacterOffsetEnd=577 PartOfSpeech=VBD] [Text=intrigued CharacterOffsetBegin=578 CharacterOffsetEnd=587 PartOfSpeech=VBN] [Text=to CharacterOffsetBegin=588 CharacterOffsetEnd=590 PartOfSpeech=TO] [Text=see CharacterOffsetBegin=591 CharacterOffsetEnd=594 PartOfSpeech=VB] [Text=what CharacterOffsetBegin=595 CharacterOffsetEnd=599 PartOfSpeech=WP] [Text=the CharacterOffsetBegin=600 CharacterOffsetEnd=603 PartOfSpeech=DT] [Text=mysterious CharacterOffsetBegin=604 CharacterOffsetEnd=614 PartOfSpeech=JJ] [Text=`` CharacterOffsetBegin=615 CharacterOffsetEnd=616 PartOfSpeech=``] [Text=thing CharacterOffsetBegin=616 CharacterOffsetEnd=621 PartOfSpeech=NN] [Text='' CharacterOffsetBegin=621 CharacterOffsetEnd=622 PartOfSpeech=''] [Text=was CharacterOffsetBegin=623 CharacterOffsetEnd=626 PartOfSpeech=VBD] [Text=behind CharacterOffsetBegin=627 CharacterOffsetEnd=633 PartOfSpeech=IN] [Text=the CharacterOffsetBegin=634 CharacterOffsetEnd=637 PartOfSpeech=DT] [Text=door CharacterOffsetBegin=638 CharacterOffsetEnd=642 PartOfSpeech=NN] [Text=, CharacterOffsetBegin=642 CharacterOffsetEnd=643 PartOfSpeech=,] [Text=but CharacterOffsetBegin=644 CharacterOffsetEnd=647 PartOfSpeech=CC] [Text=when CharacterOffsetBegin=648 CharacterOffsetEnd=652 PartOfSpeech=WRB] [Text=it CharacterOffsetBegin=653 CharacterOffsetEnd=655 PartOfSpeech=PRP] [Text=appeared CharacterOffsetBegin=656 CharacterOffsetEnd=664 PartOfSpeech=VBD] [Text=, CharacterOffsetBegin=664 CharacterOffsetEnd=665 PartOfSpeech=,] [Text=I CharacterOffsetBegin=666 CharacterOffsetEnd=667 PartOfSpeech=PRP] [Text=just CharacterOffsetBegin=668 CharacterOffsetEnd=672 PartOfSpeech=RB] [Text=laughed CharacterOffsetBegin=673 CharacterOffsetEnd=680 PartOfSpeech=VBD] [Text=. CharacterOffsetBegin=680 CharacterOffsetEnd=681 PartOfSpeech=.] 
root(ROOT-0, admit-2)
nsubj(admit-2, I-1)
nsubjpass(intrigued-5, I-3)
auxpass(intrigued-5, was-4)
ccomp(admit-2, intrigued-5)
aux(see-7, to-6)
xcomp(intrigued-5, see-7)
dobj(was-14, what-8)
det(thing-12, the-9)
amod(thing-12, mysterious-10)
punct(thing-12, ``-11)
nsubj(was-14, thing-12)
punct(thing-12, ''-13)
ccomp(see-7, was-14)
prep(was-14, behind-15)
det(door-17, the-16)
pobj(behind-15, door-17)
punct(intrigued-5, ,-18)
cc(intrigued-5, but-19)
advmod(appeared-22, when-20)
nsubj(appeared-22, it-21)
advcl(laughed-26, appeared-22)
punct(laughed-26, ,-23)
nsubj(laughed-26, I-24)
advmod(laughed-26, just-25)
conj(intrigued-5, laughed-26)
punct(admit-2, .-27)

Sentence #9 (4 tokens):
HA HA HA!!
[Text=HA CharacterOffsetBegin=686 CharacterOffsetEnd=688 PartOfSpeech=NNP] [Text=HA CharacterOffsetBegin=689 CharacterOffsetEnd=691 PartOfSpeech=NNP] [Text=HA CharacterOffsetBegin=692 CharacterOffsetEnd=694 PartOfSpeech=NNP] [Text=!! CharacterOffsetBegin=694 CharacterOffsetEnd=696 PartOfSpeech=IN] 
root(ROOT-0, HA-3)
nn(HA-3, HA-1)
nn(HA-3, HA-2)
dep(HA-3, !!-4)

Sentence #10 (10 tokens):
The girl really seemed sadistically angry about being revived.
[Text=The CharacterOffsetBegin=701 CharacterOffsetEnd=704 PartOfSpeech=DT] [Text=girl CharacterOffsetBegin=705 CharacterOffsetEnd=709 PartOfSpeech=NN] [Text=really CharacterOffsetBegin=710 CharacterOffsetEnd=716 PartOfSpeech=RB] [Text=seemed CharacterOffsetBegin=717 CharacterOffsetEnd=723 PartOfSpeech=VBD] [Text=sadistically CharacterOffsetBegin=724 CharacterOffsetEnd=736 PartOfSpeech=RB] [Text=angry CharacterOffsetBegin=737 CharacterOffsetEnd=742 PartOfSpeech=JJ] [Text=about CharacterOffsetBegin=743 CharacterOffsetEnd=748 PartOfSpeech=IN] [Text=being CharacterOffsetBegin=749 CharacterOffsetEnd=754 PartOfSpeech=VBG] [Text=revived CharacterOffsetBegin=755 CharacterOffsetEnd=762 PartOfSpeech=VBN] [Text=. CharacterOffsetBegin=762 CharacterOffsetEnd=763 PartOfSpeech=.] 
root(ROOT-0, angry-6)
det(girl-2, The-1)
nsubj(angry-6, girl-2)
advmod(angry-6, really-3)
cop(angry-6, seemed-4)
advmod(angry-6, sadistically-5)
prep(angry-6, about-7)
auxpass(revived-9, being-8)
pcomp(about-7, revived-9)
punct(angry-6, .-10)

Sentence #11 (16 tokens):
Personally, I really would want a new body after an excruciating experience like that!
[Text=Personally CharacterOffsetBegin=768 CharacterOffsetEnd=778 PartOfSpeech=RB] [Text=, CharacterOffsetBegin=778 CharacterOffsetEnd=779 PartOfSpeech=,] [Text=I CharacterOffsetBegin=780 CharacterOffsetEnd=781 PartOfSpeech=PRP] [Text=really CharacterOffsetBegin=782 CharacterOffsetEnd=788 PartOfSpeech=RB] [Text=would CharacterOffsetBegin=789 CharacterOffsetEnd=794 PartOfSpeech=MD] [Text=want CharacterOffsetBegin=795 CharacterOffsetEnd=799 PartOfSpeech=VB] [Text=a CharacterOffsetBegin=800 CharacterOffsetEnd=801 PartOfSpeech=DT] [Text=new CharacterOffsetBegin=802 CharacterOffsetEnd=805 PartOfSpeech=JJ] [Text=body CharacterOffsetBegin=806 CharacterOffsetEnd=810 PartOfSpeech=NN] [Text=after CharacterOffsetBegin=811 CharacterOffsetEnd=816 PartOfSpeech=IN] [Text=an CharacterOffsetBegin=817 CharacterOffsetEnd=819 PartOfSpeech=DT] [Text=excruciating CharacterOffsetBegin=820 CharacterOffsetEnd=832 PartOfSpeech=JJ] [Text=experience CharacterOffsetBegin=833 CharacterOffsetEnd=843 PartOfSpeech=NN] [Text=like CharacterOffsetBegin=844 CharacterOffsetEnd=848 PartOfSpeech=IN] [Text=that CharacterOffsetBegin=849 CharacterOffsetEnd=853 PartOfSpeech=DT] [Text=! CharacterOffsetBegin=853 CharacterOffsetEnd=854 PartOfSpeech=.] 
root(ROOT-0, want-6)
advmod(want-6, Personally-1)
punct(want-6, ,-2)
nsubj(want-6, I-3)
advmod(want-6, really-4)
aux(want-6, would-5)
det(body-9, a-7)
amod(body-9, new-8)
dobj(want-6, body-9)
prep(want-6, after-10)
det(experience-13, an-11)
amod(experience-13, excruciating-12)
pobj(after-10, experience-13)
prep(experience-13, like-14)
pobj(like-14, that-15)
punct(want-6, !-16)

