Sentence #1 (7 tokens):
This wasn't all that great.
[Text=This CharacterOffsetBegin=4 CharacterOffsetEnd=8 PartOfSpeech=DT] [Text=was CharacterOffsetBegin=9 CharacterOffsetEnd=12 PartOfSpeech=VBD] [Text=n't CharacterOffsetBegin=12 CharacterOffsetEnd=15 PartOfSpeech=RB] [Text=all CharacterOffsetBegin=16 CharacterOffsetEnd=19 PartOfSpeech=DT] [Text=that CharacterOffsetBegin=20 CharacterOffsetEnd=24 PartOfSpeech=DT] [Text=great CharacterOffsetBegin=25 CharacterOffsetEnd=30 PartOfSpeech=JJ] [Text=. CharacterOffsetBegin=30 CharacterOffsetEnd=31 PartOfSpeech=.] 
root(ROOT-0, all-4)
nsubj(all-4, This-1)
cop(all-4, was-2)
neg(all-4, n't-3)
det(great-6, that-5)
dep(all-4, great-6)
punct(all-4, .-7)

Sentence #2 (40 tokens):
Not terrible or hateful or anything, just forgettable.It had a sort of, um, hesitant, diluted air, like it never properly knew whether it wanted to go for laughs or for sweetness or for satire.
[Text=Not CharacterOffsetBegin=36 CharacterOffsetEnd=39 PartOfSpeech=RB] [Text=terrible CharacterOffsetBegin=40 CharacterOffsetEnd=48 PartOfSpeech=JJ] [Text=or CharacterOffsetBegin=49 CharacterOffsetEnd=51 PartOfSpeech=CC] [Text=hateful CharacterOffsetBegin=52 CharacterOffsetEnd=59 PartOfSpeech=JJ] [Text=or CharacterOffsetBegin=60 CharacterOffsetEnd=62 PartOfSpeech=CC] [Text=anything CharacterOffsetBegin=63 CharacterOffsetEnd=71 PartOfSpeech=NN] [Text=, CharacterOffsetBegin=71 CharacterOffsetEnd=72 PartOfSpeech=,] [Text=just CharacterOffsetBegin=73 CharacterOffsetEnd=77 PartOfSpeech=RB] [Text=forgettable.It CharacterOffsetBegin=78 CharacterOffsetEnd=92 PartOfSpeech=NN] [Text=had CharacterOffsetBegin=93 CharacterOffsetEnd=96 PartOfSpeech=VBD] [Text=a CharacterOffsetBegin=97 CharacterOffsetEnd=98 PartOfSpeech=DT] [Text=sort CharacterOffsetBegin=99 CharacterOffsetEnd=103 PartOfSpeech=NN] [Text=of CharacterOffsetBegin=104 CharacterOffsetEnd=106 PartOfSpeech=IN] [Text=, CharacterOffsetBegin=106 CharacterOffsetEnd=107 PartOfSpeech=,] [Text=um CharacterOffsetBegin=108 CharacterOffsetEnd=110 PartOfSpeech=NN] [Text=, CharacterOffsetBegin=110 CharacterOffsetEnd=111 PartOfSpeech=,] [Text=hesitant CharacterOffsetBegin=112 CharacterOffsetEnd=120 PartOfSpeech=JJ] [Text=, CharacterOffsetBegin=120 CharacterOffsetEnd=121 PartOfSpeech=,] [Text=diluted CharacterOffsetBegin=122 CharacterOffsetEnd=129 PartOfSpeech=JJ] [Text=air CharacterOffsetBegin=130 CharacterOffsetEnd=133 PartOfSpeech=NN] [Text=, CharacterOffsetBegin=133 CharacterOffsetEnd=134 PartOfSpeech=,] [Text=like CharacterOffsetBegin=135 CharacterOffsetEnd=139 PartOfSpeech=IN] [Text=it CharacterOffsetBegin=140 CharacterOffsetEnd=142 PartOfSpeech=PRP] [Text=never CharacterOffsetBegin=143 CharacterOffsetEnd=148 PartOfSpeech=RB] [Text=properly CharacterOffsetBegin=149 CharacterOffsetEnd=157 PartOfSpeech=RB] [Text=knew CharacterOffsetBegin=158 CharacterOffsetEnd=162 PartOfSpeech=VBD] [Text=whether CharacterOffsetBegin=163 CharacterOffsetEnd=170 PartOfSpeech=IN] [Text=it CharacterOffsetBegin=171 CharacterOffsetEnd=173 PartOfSpeech=PRP] [Text=wanted CharacterOffsetBegin=174 CharacterOffsetEnd=180 PartOfSpeech=VBD] [Text=to CharacterOffsetBegin=181 CharacterOffsetEnd=183 PartOfSpeech=TO] [Text=go CharacterOffsetBegin=184 CharacterOffsetEnd=186 PartOfSpeech=VB] [Text=for CharacterOffsetBegin=187 CharacterOffsetEnd=190 PartOfSpeech=IN] [Text=laughs CharacterOffsetBegin=191 CharacterOffsetEnd=197 PartOfSpeech=NNS] [Text=or CharacterOffsetBegin=198 CharacterOffsetEnd=200 PartOfSpeech=CC] [Text=for CharacterOffsetBegin=201 CharacterOffsetEnd=204 PartOfSpeech=IN] [Text=sweetness CharacterOffsetBegin=205 CharacterOffsetEnd=214 PartOfSpeech=NN] [Text=or CharacterOffsetBegin=215 CharacterOffsetEnd=217 PartOfSpeech=CC] [Text=for CharacterOffsetBegin=218 CharacterOffsetEnd=221 PartOfSpeech=IN] [Text=satire CharacterOffsetBegin=222 CharacterOffsetEnd=228 PartOfSpeech=NN] [Text=. CharacterOffsetBegin=228 CharacterOffsetEnd=229 PartOfSpeech=.] 
root(ROOT-0, knew-26)
neg(terrible-2, Not-1)
dep(knew-26, terrible-2)
cc(terrible-2, or-3)
conj(terrible-2, hateful-4)
cc(terrible-2, or-5)
conj(terrible-2, anything-6)
punct(terrible-2, ,-7)
advmod(forgettable.It-9, just-8)
nsubj(had-10, forgettable.It-9)
conj(terrible-2, had-10)
det(sort-12, a-11)
dobj(had-10, sort-12)
prep(sort-12, of-13)
punct(of-13, ,-14)
conj(of-13, um-15)
punct(of-13, ,-16)
conj(of-13, hesitant-17)
punct(terrible-2, ,-18)
amod(air-20, diluted-19)
conj(terrible-2, air-20)
punct(terrible-2, ,-21)
prep(terrible-2, like-22)
pobj(like-22, it-23)
neg(knew-26, never-24)
advmod(knew-26, properly-25)
mark(wanted-29, whether-27)
nsubj(wanted-29, it-28)
ccomp(knew-26, wanted-29)
aux(go-31, to-30)
xcomp(wanted-29, go-31)
prep(go-31, for-32)
pobj(for-32, laughs-33)
cc(laughs-33, or-34)
conj(laughs-33, for-35)
pobj(for-35, sweetness-36)
cc(sweetness-36, or-37)
conj(sweetness-36, for-38)
pobj(for-38, satire-39)
punct(knew-26, .-40)

Sentence #3 (11 tokens):
So we were left with weak mix of the three.
[Text=So CharacterOffsetBegin=234 CharacterOffsetEnd=236 PartOfSpeech=IN] [Text=we CharacterOffsetBegin=237 CharacterOffsetEnd=239 PartOfSpeech=PRP] [Text=were CharacterOffsetBegin=240 CharacterOffsetEnd=244 PartOfSpeech=VBD] [Text=left CharacterOffsetBegin=245 CharacterOffsetEnd=249 PartOfSpeech=VBN] [Text=with CharacterOffsetBegin=250 CharacterOffsetEnd=254 PartOfSpeech=IN] [Text=weak CharacterOffsetBegin=255 CharacterOffsetEnd=259 PartOfSpeech=JJ] [Text=mix CharacterOffsetBegin=260 CharacterOffsetEnd=263 PartOfSpeech=NN] [Text=of CharacterOffsetBegin=264 CharacterOffsetEnd=266 PartOfSpeech=IN] [Text=the CharacterOffsetBegin=267 CharacterOffsetEnd=270 PartOfSpeech=DT] [Text=three CharacterOffsetBegin=271 CharacterOffsetEnd=276 PartOfSpeech=CD] [Text=. CharacterOffsetBegin=276 CharacterOffsetEnd=277 PartOfSpeech=.] 
root(ROOT-0, left-4)
advmod(left-4, So-1)
nsubjpass(left-4, we-2)
auxpass(left-4, were-3)
prep(left-4, with-5)
amod(mix-7, weak-6)
pobj(with-5, mix-7)
prep(mix-7, of-8)
det(three-10, the-9)
pobj(of-8, three-10)
punct(left-4, .-11)

Sentence #4 (18 tokens):
The actors seemed kinda lost.Also, the ideas were really tired and recycled, almost zombified themselves.
[Text=The CharacterOffsetBegin=282 CharacterOffsetEnd=285 PartOfSpeech=DT] [Text=actors CharacterOffsetBegin=286 CharacterOffsetEnd=292 PartOfSpeech=NNS] [Text=seemed CharacterOffsetBegin=293 CharacterOffsetEnd=299 PartOfSpeech=VBD] [Text=kinda CharacterOffsetBegin=300 CharacterOffsetEnd=305 PartOfSpeech=NN] [Text=lost.Also CharacterOffsetBegin=306 CharacterOffsetEnd=315 PartOfSpeech=NN] [Text=, CharacterOffsetBegin=315 CharacterOffsetEnd=316 PartOfSpeech=,] [Text=the CharacterOffsetBegin=317 CharacterOffsetEnd=320 PartOfSpeech=DT] [Text=ideas CharacterOffsetBegin=321 CharacterOffsetEnd=326 PartOfSpeech=NNS] [Text=were CharacterOffsetBegin=327 CharacterOffsetEnd=331 PartOfSpeech=VBD] [Text=really CharacterOffsetBegin=332 CharacterOffsetEnd=338 PartOfSpeech=RB] [Text=tired CharacterOffsetBegin=339 CharacterOffsetEnd=344 PartOfSpeech=JJ] [Text=and CharacterOffsetBegin=345 CharacterOffsetEnd=348 PartOfSpeech=CC] [Text=recycled CharacterOffsetBegin=349 CharacterOffsetEnd=357 PartOfSpeech=JJ] [Text=, CharacterOffsetBegin=357 CharacterOffsetEnd=358 PartOfSpeech=,] [Text=almost CharacterOffsetBegin=359 CharacterOffsetEnd=365 PartOfSpeech=RB] [Text=zombified CharacterOffsetBegin=366 CharacterOffsetEnd=375 PartOfSpeech=VBD] [Text=themselves CharacterOffsetBegin=376 CharacterOffsetEnd=386 PartOfSpeech=PRP] [Text=. CharacterOffsetBegin=386 CharacterOffsetEnd=387 PartOfSpeech=.] 
root(ROOT-0, lost.Also-5)
det(actors-2, The-1)
nsubj(lost.Also-5, actors-2)
cop(lost.Also-5, seemed-3)
nn(lost.Also-5, kinda-4)
punct(lost.Also-5, ,-6)
det(ideas-8, the-7)
nsubj(tired-11, ideas-8)
cop(tired-11, were-9)
advmod(tired-11, really-10)
dep(lost.Also-5, tired-11)
cc(tired-11, and-12)
conj(tired-11, recycled-13)
punct(lost.Also-5, ,-14)
advmod(zombified-16, almost-15)
dep(lost.Also-5, zombified-16)
dobj(zombified-16, themselves-17)
punct(lost.Also-5, .-18)

Sentence #5 (25 tokens):
How many more times do we have to be told the 50's in the States were infected with a banal sense of conformity?
[Text=How CharacterOffsetBegin=392 CharacterOffsetEnd=395 PartOfSpeech=WRB] [Text=many CharacterOffsetBegin=396 CharacterOffsetEnd=400 PartOfSpeech=JJ] [Text=more CharacterOffsetBegin=401 CharacterOffsetEnd=405 PartOfSpeech=JJR] [Text=times CharacterOffsetBegin=406 CharacterOffsetEnd=411 PartOfSpeech=NNS] [Text=do CharacterOffsetBegin=412 CharacterOffsetEnd=414 PartOfSpeech=VBP] [Text=we CharacterOffsetBegin=415 CharacterOffsetEnd=417 PartOfSpeech=PRP] [Text=have CharacterOffsetBegin=418 CharacterOffsetEnd=422 PartOfSpeech=VBP] [Text=to CharacterOffsetBegin=423 CharacterOffsetEnd=425 PartOfSpeech=TO] [Text=be CharacterOffsetBegin=426 CharacterOffsetEnd=428 PartOfSpeech=VB] [Text=told CharacterOffsetBegin=429 CharacterOffsetEnd=433 PartOfSpeech=VBN] [Text=the CharacterOffsetBegin=434 CharacterOffsetEnd=437 PartOfSpeech=DT] [Text=50 CharacterOffsetBegin=438 CharacterOffsetEnd=440 PartOfSpeech=CD] [Text='s CharacterOffsetBegin=440 CharacterOffsetEnd=442 PartOfSpeech=POS] [Text=in CharacterOffsetBegin=443 CharacterOffsetEnd=445 PartOfSpeech=IN] [Text=the CharacterOffsetBegin=446 CharacterOffsetEnd=449 PartOfSpeech=DT] [Text=States CharacterOffsetBegin=450 CharacterOffsetEnd=456 PartOfSpeech=NNPS] [Text=were CharacterOffsetBegin=457 CharacterOffsetEnd=461 PartOfSpeech=VBD] [Text=infected CharacterOffsetBegin=462 CharacterOffsetEnd=470 PartOfSpeech=VBN] [Text=with CharacterOffsetBegin=471 CharacterOffsetEnd=475 PartOfSpeech=IN] [Text=a CharacterOffsetBegin=476 CharacterOffsetEnd=477 PartOfSpeech=DT] [Text=banal CharacterOffsetBegin=478 CharacterOffsetEnd=483 PartOfSpeech=JJ] [Text=sense CharacterOffsetBegin=484 CharacterOffsetEnd=489 PartOfSpeech=NN] [Text=of CharacterOffsetBegin=490 CharacterOffsetEnd=492 PartOfSpeech=IN] [Text=conformity CharacterOffsetBegin=493 CharacterOffsetEnd=503 PartOfSpeech=NN] [Text=? CharacterOffsetBegin=503 CharacterOffsetEnd=504 PartOfSpeech=.] 
root(ROOT-0, infected-18)
advmod(times-4, How-1)
amod(times-4, many-2)
amod(times-4, more-3)
dep(have-7, times-4)
aux(have-7, do-5)
nsubj(have-7, we-6)
nsubjpass(infected-18, have-7)
aux(told-10, to-8)
auxpass(told-10, be-9)
xcomp(have-7, told-10)
det(50-12, the-11)
dobj(told-10, 50-12)
possessive(50-12, 's-13)
prep(told-10, in-14)
det(States-16, the-15)
pobj(in-14, States-16)
auxpass(infected-18, were-17)
prep(infected-18, with-19)
det(sense-22, a-20)
amod(sense-22, banal-21)
pobj(with-19, sense-22)
prep(sense-22, of-23)
pobj(of-23, conformity-24)
punct(infected-18, ?-25)

Sentence #6 (9 tokens):
And that this was perpetuated by aggressive consumerism?
[Text=And CharacterOffsetBegin=509 CharacterOffsetEnd=512 PartOfSpeech=CC] [Text=that CharacterOffsetBegin=513 CharacterOffsetEnd=517 PartOfSpeech=IN] [Text=this CharacterOffsetBegin=518 CharacterOffsetEnd=522 PartOfSpeech=DT] [Text=was CharacterOffsetBegin=523 CharacterOffsetEnd=526 PartOfSpeech=VBD] [Text=perpetuated CharacterOffsetBegin=527 CharacterOffsetEnd=538 PartOfSpeech=VBN] [Text=by CharacterOffsetBegin=539 CharacterOffsetEnd=541 PartOfSpeech=IN] [Text=aggressive CharacterOffsetBegin=542 CharacterOffsetEnd=552 PartOfSpeech=JJ] [Text=consumerism CharacterOffsetBegin=553 CharacterOffsetEnd=564 PartOfSpeech=NN] [Text=? CharacterOffsetBegin=564 CharacterOffsetEnd=565 PartOfSpeech=.] 
root(ROOT-0, And-1)
mark(perpetuated-5, that-2)
nsubjpass(perpetuated-5, this-3)
auxpass(perpetuated-5, was-4)
dep(And-1, perpetuated-5)
prep(perpetuated-5, by-6)
amod(consumerism-8, aggressive-7)
pobj(by-6, consumerism-8)
punct(perpetuated-5, ?-9)

Sentence #7 (11 tokens):
And that emotional repression in men is a baaaaad thing?
[Text=And CharacterOffsetBegin=570 CharacterOffsetEnd=573 PartOfSpeech=CC] [Text=that CharacterOffsetBegin=574 CharacterOffsetEnd=578 PartOfSpeech=DT] [Text=emotional CharacterOffsetBegin=579 CharacterOffsetEnd=588 PartOfSpeech=JJ] [Text=repression CharacterOffsetBegin=589 CharacterOffsetEnd=599 PartOfSpeech=NN] [Text=in CharacterOffsetBegin=600 CharacterOffsetEnd=602 PartOfSpeech=IN] [Text=men CharacterOffsetBegin=603 CharacterOffsetEnd=606 PartOfSpeech=NNS] [Text=is CharacterOffsetBegin=607 CharacterOffsetEnd=609 PartOfSpeech=VBZ] [Text=a CharacterOffsetBegin=610 CharacterOffsetEnd=611 PartOfSpeech=DT] [Text=baaaaad CharacterOffsetBegin=612 CharacterOffsetEnd=619 PartOfSpeech=JJ] [Text=thing CharacterOffsetBegin=620 CharacterOffsetEnd=625 PartOfSpeech=NN] [Text=? CharacterOffsetBegin=625 CharacterOffsetEnd=626 PartOfSpeech=.] 
root(ROOT-0, thing-10)
cc(thing-10, And-1)
det(repression-4, that-2)
amod(repression-4, emotional-3)
nsubj(thing-10, repression-4)
prep(repression-4, in-5)
pobj(in-5, men-6)
cop(thing-10, is-7)
det(thing-10, a-8)
amod(thing-10, baaaaad-9)
punct(thing-10, ?-11)

Sentence #8 (17 tokens):
Old hat.Its biggest crime in my eyes though was just how detached from reality it was.
[Text=Old CharacterOffsetBegin=631 CharacterOffsetEnd=634 PartOfSpeech=JJ] [Text=hat.Its CharacterOffsetBegin=635 CharacterOffsetEnd=642 PartOfSpeech=NNS] [Text=biggest CharacterOffsetBegin=643 CharacterOffsetEnd=650 PartOfSpeech=JJS] [Text=crime CharacterOffsetBegin=651 CharacterOffsetEnd=656 PartOfSpeech=NN] [Text=in CharacterOffsetBegin=657 CharacterOffsetEnd=659 PartOfSpeech=IN] [Text=my CharacterOffsetBegin=660 CharacterOffsetEnd=662 PartOfSpeech=PRP$] [Text=eyes CharacterOffsetBegin=663 CharacterOffsetEnd=667 PartOfSpeech=NNS] [Text=though CharacterOffsetBegin=668 CharacterOffsetEnd=674 PartOfSpeech=IN] [Text=was CharacterOffsetBegin=675 CharacterOffsetEnd=678 PartOfSpeech=VBD] [Text=just CharacterOffsetBegin=679 CharacterOffsetEnd=683 PartOfSpeech=RB] [Text=how CharacterOffsetBegin=684 CharacterOffsetEnd=687 PartOfSpeech=WRB] [Text=detached CharacterOffsetBegin=688 CharacterOffsetEnd=696 PartOfSpeech=VBN] [Text=from CharacterOffsetBegin=697 CharacterOffsetEnd=701 PartOfSpeech=IN] [Text=reality CharacterOffsetBegin=702 CharacterOffsetEnd=709 PartOfSpeech=NN] [Text=it CharacterOffsetBegin=710 CharacterOffsetEnd=712 PartOfSpeech=PRP] [Text=was CharacterOffsetBegin=713 CharacterOffsetEnd=716 PartOfSpeech=VBD] [Text=. CharacterOffsetBegin=716 CharacterOffsetEnd=717 PartOfSpeech=.] 
root(ROOT-0, hat.Its-2)
amod(hat.Its-2, Old-1)
amod(crime-4, biggest-3)
dobj(hat.Its-2, crime-4)
prep(crime-4, in-5)
poss(eyes-7, my-6)
pobj(in-5, eyes-7)
mark(detached-12, though-8)
cop(detached-12, was-9)
advmod(detached-12, just-10)
advmod(detached-12, how-11)
dep(hat.Its-2, detached-12)
prep(was-16, from-13)
pobj(from-13, reality-14)
nsubj(was-16, it-15)
ccomp(detached-12, was-16)
punct(hat.Its-2, .-17)

Sentence #9 (51 tokens):
I know it was a comedy and all, but - especially in a full movie where you must keep the interest of an audience for a prolonged period - you still need some sort of emotional anchor, some relatable guide through the story, to make it engaging.
[Text=I CharacterOffsetBegin=722 CharacterOffsetEnd=723 PartOfSpeech=PRP] [Text=know CharacterOffsetBegin=724 CharacterOffsetEnd=728 PartOfSpeech=VBP] [Text=it CharacterOffsetBegin=729 CharacterOffsetEnd=731 PartOfSpeech=PRP] [Text=was CharacterOffsetBegin=732 CharacterOffsetEnd=735 PartOfSpeech=VBD] [Text=a CharacterOffsetBegin=736 CharacterOffsetEnd=737 PartOfSpeech=DT] [Text=comedy CharacterOffsetBegin=738 CharacterOffsetEnd=744 PartOfSpeech=NN] [Text=and CharacterOffsetBegin=745 CharacterOffsetEnd=748 PartOfSpeech=CC] [Text=all CharacterOffsetBegin=749 CharacterOffsetEnd=752 PartOfSpeech=DT] [Text=, CharacterOffsetBegin=752 CharacterOffsetEnd=753 PartOfSpeech=,] [Text=but CharacterOffsetBegin=754 CharacterOffsetEnd=757 PartOfSpeech=CC] [Text=- CharacterOffsetBegin=758 CharacterOffsetEnd=759 PartOfSpeech=:] [Text=especially CharacterOffsetBegin=760 CharacterOffsetEnd=770 PartOfSpeech=RB] [Text=in CharacterOffsetBegin=771 CharacterOffsetEnd=773 PartOfSpeech=IN] [Text=a CharacterOffsetBegin=774 CharacterOffsetEnd=775 PartOfSpeech=DT] [Text=full CharacterOffsetBegin=776 CharacterOffsetEnd=780 PartOfSpeech=JJ] [Text=movie CharacterOffsetBegin=781 CharacterOffsetEnd=786 PartOfSpeech=NN] [Text=where CharacterOffsetBegin=787 CharacterOffsetEnd=792 PartOfSpeech=WRB] [Text=you CharacterOffsetBegin=793 CharacterOffsetEnd=796 PartOfSpeech=PRP] [Text=must CharacterOffsetBegin=797 CharacterOffsetEnd=801 PartOfSpeech=MD] [Text=keep CharacterOffsetBegin=802 CharacterOffsetEnd=806 PartOfSpeech=VB] [Text=the CharacterOffsetBegin=807 CharacterOffsetEnd=810 PartOfSpeech=DT] [Text=interest CharacterOffsetBegin=811 CharacterOffsetEnd=819 PartOfSpeech=NN] [Text=of CharacterOffsetBegin=820 CharacterOffsetEnd=822 PartOfSpeech=IN] [Text=an CharacterOffsetBegin=823 CharacterOffsetEnd=825 PartOfSpeech=DT] [Text=audience CharacterOffsetBegin=826 CharacterOffsetEnd=834 PartOfSpeech=NN] [Text=for CharacterOffsetBegin=835 CharacterOffsetEnd=838 PartOfSpeech=IN] [Text=a CharacterOffsetBegin=839 CharacterOffsetEnd=840 PartOfSpeech=DT] [Text=prolonged CharacterOffsetBegin=841 CharacterOffsetEnd=850 PartOfSpeech=JJ] [Text=period CharacterOffsetBegin=851 CharacterOffsetEnd=857 PartOfSpeech=NN] [Text=- CharacterOffsetBegin=858 CharacterOffsetEnd=859 PartOfSpeech=:] [Text=you CharacterOffsetBegin=860 CharacterOffsetEnd=863 PartOfSpeech=PRP] [Text=still CharacterOffsetBegin=864 CharacterOffsetEnd=869 PartOfSpeech=RB] [Text=need CharacterOffsetBegin=870 CharacterOffsetEnd=874 PartOfSpeech=VBP] [Text=some CharacterOffsetBegin=875 CharacterOffsetEnd=879 PartOfSpeech=DT] [Text=sort CharacterOffsetBegin=880 CharacterOffsetEnd=884 PartOfSpeech=NN] [Text=of CharacterOffsetBegin=885 CharacterOffsetEnd=887 PartOfSpeech=IN] [Text=emotional CharacterOffsetBegin=888 CharacterOffsetEnd=897 PartOfSpeech=JJ] [Text=anchor CharacterOffsetBegin=898 CharacterOffsetEnd=904 PartOfSpeech=NN] [Text=, CharacterOffsetBegin=904 CharacterOffsetEnd=905 PartOfSpeech=,] [Text=some CharacterOffsetBegin=906 CharacterOffsetEnd=910 PartOfSpeech=DT] [Text=relatable CharacterOffsetBegin=911 CharacterOffsetEnd=920 PartOfSpeech=JJ] [Text=guide CharacterOffsetBegin=921 CharacterOffsetEnd=926 PartOfSpeech=NN] [Text=through CharacterOffsetBegin=927 CharacterOffsetEnd=934 PartOfSpeech=IN] [Text=the CharacterOffsetBegin=935 CharacterOffsetEnd=938 PartOfSpeech=DT] [Text=story CharacterOffsetBegin=939 CharacterOffsetEnd=944 PartOfSpeech=NN] [Text=, CharacterOffsetBegin=944 CharacterOffsetEnd=945 PartOfSpeech=,] [Text=to CharacterOffsetBegin=946 CharacterOffsetEnd=948 PartOfSpeech=TO] [Text=make CharacterOffsetBegin=949 CharacterOffsetEnd=953 PartOfSpeech=VB] [Text=it CharacterOffsetBegin=954 CharacterOffsetEnd=956 PartOfSpeech=PRP] [Text=engaging CharacterOffsetBegin=957 CharacterOffsetEnd=965 PartOfSpeech=JJ] [Text=. CharacterOffsetBegin=965 CharacterOffsetEnd=966 PartOfSpeech=.] 
root(ROOT-0, know-2)
nsubj(know-2, I-1)
nsubj(comedy-6, it-3)
cop(comedy-6, was-4)
det(comedy-6, a-5)
ccomp(know-2, comedy-6)
cc(comedy-6, and-7)
conj(comedy-6, all-8)
punct(know-2, ,-9)
cc(know-2, but-10)
punct(know-2, --11)
advmod(in-13, especially-12)
prep(know-2, in-13)
det(movie-16, a-14)
amod(movie-16, full-15)
pobj(in-13, movie-16)
advmod(keep-20, where-17)
nsubj(keep-20, you-18)
aux(keep-20, must-19)
rcmod(movie-16, keep-20)
det(interest-22, the-21)
dobj(keep-20, interest-22)
prep(interest-22, of-23)
det(audience-25, an-24)
pobj(of-23, audience-25)
prep(keep-20, for-26)
det(period-29, a-27)
amod(period-29, prolonged-28)
pobj(for-26, period-29)
punct(movie-16, --30)
nsubj(need-33, you-31)
advmod(need-33, still-32)
rcmod(movie-16, need-33)
det(sort-35, some-34)
dobj(need-33, sort-35)
prep(sort-35, of-36)
amod(anchor-38, emotional-37)
pobj(of-36, anchor-38)
punct(sort-35, ,-39)
det(guide-42, some-40)
amod(guide-42, relatable-41)
appos(sort-35, guide-42)
prep(guide-42, through-43)
det(story-45, the-44)
pobj(through-43, story-45)
punct(sort-35, ,-46)
aux(make-48, to-47)
xcomp(need-33, make-48)
nsubj(engaging-50, it-49)
xcomp(make-48, engaging-50)
punct(know-2, .-51)

Sentence #10 (62 tokens):
For the 'hero' kid to watch an old woman, two fellow school pupils and ultimately his father die painfully at the hands of zombies or whatever and for him to greet it all with a cheery smile and a shrug of the shoulders, then I just struggle to deal with that in any sort of positive way.
[Text=For CharacterOffsetBegin=971 CharacterOffsetEnd=974 PartOfSpeech=IN] [Text=the CharacterOffsetBegin=975 CharacterOffsetEnd=978 PartOfSpeech=DT] [Text=` CharacterOffsetBegin=979 CharacterOffsetEnd=980 PartOfSpeech=``] [Text=hero CharacterOffsetBegin=980 CharacterOffsetEnd=984 PartOfSpeech=NN] [Text=' CharacterOffsetBegin=984 CharacterOffsetEnd=985 PartOfSpeech=''] [Text=kid CharacterOffsetBegin=986 CharacterOffsetEnd=989 PartOfSpeech=NN] [Text=to CharacterOffsetBegin=990 CharacterOffsetEnd=992 PartOfSpeech=TO] [Text=watch CharacterOffsetBegin=993 CharacterOffsetEnd=998 PartOfSpeech=VB] [Text=an CharacterOffsetBegin=999 CharacterOffsetEnd=1001 PartOfSpeech=DT] [Text=old CharacterOffsetBegin=1002 CharacterOffsetEnd=1005 PartOfSpeech=JJ] [Text=woman CharacterOffsetBegin=1006 CharacterOffsetEnd=1011 PartOfSpeech=NN] [Text=, CharacterOffsetBegin=1011 CharacterOffsetEnd=1012 PartOfSpeech=,] [Text=two CharacterOffsetBegin=1013 CharacterOffsetEnd=1016 PartOfSpeech=CD] [Text=fellow CharacterOffsetBegin=1017 CharacterOffsetEnd=1023 PartOfSpeech=JJ] [Text=school CharacterOffsetBegin=1024 CharacterOffsetEnd=1030 PartOfSpeech=NN] [Text=pupils CharacterOffsetBegin=1031 CharacterOffsetEnd=1037 PartOfSpeech=NNS] [Text=and CharacterOffsetBegin=1038 CharacterOffsetEnd=1041 PartOfSpeech=CC] [Text=ultimately CharacterOffsetBegin=1042 CharacterOffsetEnd=1052 PartOfSpeech=RB] [Text=his CharacterOffsetBegin=1053 CharacterOffsetEnd=1056 PartOfSpeech=PRP$] [Text=father CharacterOffsetBegin=1057 CharacterOffsetEnd=1063 PartOfSpeech=NN] [Text=die CharacterOffsetBegin=1064 CharacterOffsetEnd=1067 PartOfSpeech=VB] [Text=painfully CharacterOffsetBegin=1068 CharacterOffsetEnd=1077 PartOfSpeech=RB] [Text=at CharacterOffsetBegin=1078 CharacterOffsetEnd=1080 PartOfSpeech=IN] [Text=the CharacterOffsetBegin=1081 CharacterOffsetEnd=1084 PartOfSpeech=DT] [Text=hands CharacterOffsetBegin=1085 CharacterOffsetEnd=1090 PartOfSpeech=NNS] [Text=of CharacterOffsetBegin=1091 CharacterOffsetEnd=1093 PartOfSpeech=IN] [Text=zombies CharacterOffsetBegin=1094 CharacterOffsetEnd=1101 PartOfSpeech=NNS] [Text=or CharacterOffsetBegin=1102 CharacterOffsetEnd=1104 PartOfSpeech=CC] [Text=whatever CharacterOffsetBegin=1105 CharacterOffsetEnd=1113 PartOfSpeech=WDT] [Text=and CharacterOffsetBegin=1114 CharacterOffsetEnd=1117 PartOfSpeech=CC] [Text=for CharacterOffsetBegin=1118 CharacterOffsetEnd=1121 PartOfSpeech=IN] [Text=him CharacterOffsetBegin=1122 CharacterOffsetEnd=1125 PartOfSpeech=PRP] [Text=to CharacterOffsetBegin=1126 CharacterOffsetEnd=1128 PartOfSpeech=TO] [Text=greet CharacterOffsetBegin=1129 CharacterOffsetEnd=1134 PartOfSpeech=VB] [Text=it CharacterOffsetBegin=1135 CharacterOffsetEnd=1137 PartOfSpeech=PRP] [Text=all CharacterOffsetBegin=1138 CharacterOffsetEnd=1141 PartOfSpeech=DT] [Text=with CharacterOffsetBegin=1142 CharacterOffsetEnd=1146 PartOfSpeech=IN] [Text=a CharacterOffsetBegin=1147 CharacterOffsetEnd=1148 PartOfSpeech=DT] [Text=cheery CharacterOffsetBegin=1149 CharacterOffsetEnd=1155 PartOfSpeech=JJ] [Text=smile CharacterOffsetBegin=1156 CharacterOffsetEnd=1161 PartOfSpeech=NN] [Text=and CharacterOffsetBegin=1162 CharacterOffsetEnd=1165 PartOfSpeech=CC] [Text=a CharacterOffsetBegin=1166 CharacterOffsetEnd=1167 PartOfSpeech=DT] [Text=shrug CharacterOffsetBegin=1168 CharacterOffsetEnd=1173 PartOfSpeech=VB] [Text=of CharacterOffsetBegin=1174 CharacterOffsetEnd=1176 PartOfSpeech=IN] [Text=the CharacterOffsetBegin=1177 CharacterOffsetEnd=1180 PartOfSpeech=DT] [Text=shoulders CharacterOffsetBegin=1181 CharacterOffsetEnd=1190 PartOfSpeech=NNS] [Text=, CharacterOffsetBegin=1190 CharacterOffsetEnd=1191 PartOfSpeech=,] [Text=then CharacterOffsetBegin=1192 CharacterOffsetEnd=1196 PartOfSpeech=RB] [Text=I CharacterOffsetBegin=1197 CharacterOffsetEnd=1198 PartOfSpeech=PRP] [Text=just CharacterOffsetBegin=1199 CharacterOffsetEnd=1203 PartOfSpeech=RB] [Text=struggle CharacterOffsetBegin=1204 CharacterOffsetEnd=1212 PartOfSpeech=VBP] [Text=to CharacterOffsetBegin=1213 CharacterOffsetEnd=1215 PartOfSpeech=TO] [Text=deal CharacterOffsetBegin=1216 CharacterOffsetEnd=1220 PartOfSpeech=VB] [Text=with CharacterOffsetBegin=1221 CharacterOffsetEnd=1225 PartOfSpeech=IN] [Text=that CharacterOffsetBegin=1226 CharacterOffsetEnd=1230 PartOfSpeech=DT] [Text=in CharacterOffsetBegin=1231 CharacterOffsetEnd=1233 PartOfSpeech=IN] [Text=any CharacterOffsetBegin=1234 CharacterOffsetEnd=1237 PartOfSpeech=DT] [Text=sort CharacterOffsetBegin=1238 CharacterOffsetEnd=1242 PartOfSpeech=NN] [Text=of CharacterOffsetBegin=1243 CharacterOffsetEnd=1245 PartOfSpeech=IN] [Text=positive CharacterOffsetBegin=1246 CharacterOffsetEnd=1254 PartOfSpeech=JJ] [Text=way CharacterOffsetBegin=1255 CharacterOffsetEnd=1258 PartOfSpeech=NN] [Text=. CharacterOffsetBegin=1258 CharacterOffsetEnd=1259 PartOfSpeech=.] 
root(ROOT-0, kid-6)
mark(kid-6, For-1)
det(hero-4, the-2)
punct(hero-4, `-3)
nsubj(kid-6, hero-4)
punct(hero-4, '-5)
aux(watch-8, to-7)
xcomp(kid-6, watch-8)
det(woman-11, an-9)
amod(woman-11, old-10)
dobj(watch-8, woman-11)
punct(woman-11, ,-12)
num(pupils-16, two-13)
amod(pupils-16, fellow-14)
nn(pupils-16, school-15)
appos(woman-11, pupils-16)
cc(pupils-16, and-17)
advmod(die-21, ultimately-18)
poss(father-20, his-19)
nsubj(die-21, father-20)
conj(pupils-16, die-21)
advmod(die-21, painfully-22)
prep(die-21, at-23)
det(hands-25, the-24)
pobj(at-23, hands-25)
prep(hands-25, of-26)
pobj(of-26, zombies-27)
cc(zombies-27, or-28)
conj(zombies-27, whatever-29)
cc(whatever-29, and-30)
mark(greet-34, for-31)
nsubj(greet-34, him-32)
aux(greet-34, to-33)
conj(whatever-29, greet-34)
dobj(greet-34, it-35)
dep(greet-34, all-36)
prep(all-36, with-37)
det(smile-40, a-38)
amod(smile-40, cheery-39)
pobj(with-37, smile-40)
cc(smile-40, and-41)
det(shrug-43, a-42)
conj(smile-40, shrug-43)
prep(shrug-43, of-44)
det(shoulders-46, the-45)
pobj(of-44, shoulders-46)
punct(greet-34, ,-47)
advmod(struggle-51, then-48)
nsubj(struggle-51, I-49)
advmod(struggle-51, just-50)
ccomp(greet-34, struggle-51)
aux(deal-53, to-52)
xcomp(struggle-51, deal-53)
prep(deal-53, with-54)
pobj(with-54, that-55)
prep(that-55, in-56)
det(sort-58, any-57)
pobj(in-56, sort-58)
prep(sort-58, of-59)
amod(way-61, positive-60)
pobj(of-59, way-61)
punct(kid-6, .-62)

Sentence #11 (6 tokens):
The mum was the same.
[Text=The CharacterOffsetBegin=1264 CharacterOffsetEnd=1267 PartOfSpeech=DT] [Text=mum CharacterOffsetBegin=1268 CharacterOffsetEnd=1271 PartOfSpeech=NN] [Text=was CharacterOffsetBegin=1272 CharacterOffsetEnd=1275 PartOfSpeech=VBD] [Text=the CharacterOffsetBegin=1276 CharacterOffsetEnd=1279 PartOfSpeech=DT] [Text=same CharacterOffsetBegin=1280 CharacterOffsetEnd=1284 PartOfSpeech=JJ] [Text=. CharacterOffsetBegin=1284 CharacterOffsetEnd=1285 PartOfSpeech=.] 
root(ROOT-0, same-5)
det(mum-2, The-1)
nsubj(same-5, mum-2)
cop(same-5, was-3)
det(same-5, the-4)
punct(same-5, .-6)

Sentence #12 (70 tokens):
If you make your two main characters so inhuman on that level, then you risk losing me and that's what happened.Biggest positive I can offer is that I love the look of that sort of apple pie suburbia and this captured it well enough, it was a handsome film, especially some of those wide angled shots of the street and inside the Robinsons' house.
[Text=If CharacterOffsetBegin=1290 CharacterOffsetEnd=1292 PartOfSpeech=IN] [Text=you CharacterOffsetBegin=1293 CharacterOffsetEnd=1296 PartOfSpeech=PRP] [Text=make CharacterOffsetBegin=1297 CharacterOffsetEnd=1301 PartOfSpeech=VBP] [Text=your CharacterOffsetBegin=1302 CharacterOffsetEnd=1306 PartOfSpeech=PRP$] [Text=two CharacterOffsetBegin=1307 CharacterOffsetEnd=1310 PartOfSpeech=CD] [Text=main CharacterOffsetBegin=1311 CharacterOffsetEnd=1315 PartOfSpeech=JJ] [Text=characters CharacterOffsetBegin=1316 CharacterOffsetEnd=1326 PartOfSpeech=NNS] [Text=so CharacterOffsetBegin=1327 CharacterOffsetEnd=1329 PartOfSpeech=RB] [Text=inhuman CharacterOffsetBegin=1330 CharacterOffsetEnd=1337 PartOfSpeech=JJ] [Text=on CharacterOffsetBegin=1338 CharacterOffsetEnd=1340 PartOfSpeech=IN] [Text=that CharacterOffsetBegin=1341 CharacterOffsetEnd=1345 PartOfSpeech=DT] [Text=level CharacterOffsetBegin=1346 CharacterOffsetEnd=1351 PartOfSpeech=NN] [Text=, CharacterOffsetBegin=1351 CharacterOffsetEnd=1352 PartOfSpeech=,] [Text=then CharacterOffsetBegin=1353 CharacterOffsetEnd=1357 PartOfSpeech=RB] [Text=you CharacterOffsetBegin=1358 CharacterOffsetEnd=1361 PartOfSpeech=PRP] [Text=risk CharacterOffsetBegin=1362 CharacterOffsetEnd=1366 PartOfSpeech=VB] [Text=losing CharacterOffsetBegin=1367 CharacterOffsetEnd=1373 PartOfSpeech=VBG] [Text=me CharacterOffsetBegin=1374 CharacterOffsetEnd=1376 PartOfSpeech=PRP] [Text=and CharacterOffsetBegin=1377 CharacterOffsetEnd=1380 PartOfSpeech=CC] [Text=that CharacterOffsetBegin=1381 CharacterOffsetEnd=1385 PartOfSpeech=DT] [Text='s CharacterOffsetBegin=1385 CharacterOffsetEnd=1387 PartOfSpeech=VBZ] [Text=what CharacterOffsetBegin=1388 CharacterOffsetEnd=1392 PartOfSpeech=WP] [Text=happened.Biggest CharacterOffsetBegin=1393 CharacterOffsetEnd=1409 PartOfSpeech=NNP] [Text=positive CharacterOffsetBegin=1410 CharacterOffsetEnd=1418 PartOfSpeech=JJ] [Text=I CharacterOffsetBegin=1419 CharacterOffsetEnd=1420 PartOfSpeech=PRP] [Text=can CharacterOffsetBegin=1421 CharacterOffsetEnd=1424 PartOfSpeech=MD] [Text=offer CharacterOffsetBegin=1425 CharacterOffsetEnd=1430 PartOfSpeech=VB] [Text=is CharacterOffsetBegin=1431 CharacterOffsetEnd=1433 PartOfSpeech=VBZ] [Text=that CharacterOffsetBegin=1434 CharacterOffsetEnd=1438 PartOfSpeech=IN] [Text=I CharacterOffsetBegin=1439 CharacterOffsetEnd=1440 PartOfSpeech=PRP] [Text=love CharacterOffsetBegin=1441 CharacterOffsetEnd=1445 PartOfSpeech=VBP] [Text=the CharacterOffsetBegin=1446 CharacterOffsetEnd=1449 PartOfSpeech=DT] [Text=look CharacterOffsetBegin=1450 CharacterOffsetEnd=1454 PartOfSpeech=NN] [Text=of CharacterOffsetBegin=1455 CharacterOffsetEnd=1457 PartOfSpeech=IN] [Text=that CharacterOffsetBegin=1458 CharacterOffsetEnd=1462 PartOfSpeech=DT] [Text=sort CharacterOffsetBegin=1463 CharacterOffsetEnd=1467 PartOfSpeech=NN] [Text=of CharacterOffsetBegin=1468 CharacterOffsetEnd=1470 PartOfSpeech=IN] [Text=apple CharacterOffsetBegin=1471 CharacterOffsetEnd=1476 PartOfSpeech=NN] [Text=pie CharacterOffsetBegin=1477 CharacterOffsetEnd=1480 PartOfSpeech=NN] [Text=suburbia CharacterOffsetBegin=1481 CharacterOffsetEnd=1489 PartOfSpeech=NN] [Text=and CharacterOffsetBegin=1490 CharacterOffsetEnd=1493 PartOfSpeech=CC] [Text=this CharacterOffsetBegin=1494 CharacterOffsetEnd=1498 PartOfSpeech=DT] [Text=captured CharacterOffsetBegin=1499 CharacterOffsetEnd=1507 PartOfSpeech=VBN] [Text=it CharacterOffsetBegin=1508 CharacterOffsetEnd=1510 PartOfSpeech=PRP] [Text=well CharacterOffsetBegin=1511 CharacterOffsetEnd=1515 PartOfSpeech=RB] [Text=enough CharacterOffsetBegin=1516 CharacterOffsetEnd=1522 PartOfSpeech=RB] [Text=, CharacterOffsetBegin=1522 CharacterOffsetEnd=1523 PartOfSpeech=,] [Text=it CharacterOffsetBegin=1524 CharacterOffsetEnd=1526 PartOfSpeech=PRP] [Text=was CharacterOffsetBegin=1527 CharacterOffsetEnd=1530 PartOfSpeech=VBD] [Text=a CharacterOffsetBegin=1531 CharacterOffsetEnd=1532 PartOfSpeech=DT] [Text=handsome CharacterOffsetBegin=1533 CharacterOffsetEnd=1541 PartOfSpeech=JJ] [Text=film CharacterOffsetBegin=1542 CharacterOffsetEnd=1546 PartOfSpeech=NN] [Text=, CharacterOffsetBegin=1546 CharacterOffsetEnd=1547 PartOfSpeech=,] [Text=especially CharacterOffsetBegin=1548 CharacterOffsetEnd=1558 PartOfSpeech=RB] [Text=some CharacterOffsetBegin=1559 CharacterOffsetEnd=1563 PartOfSpeech=DT] [Text=of CharacterOffsetBegin=1564 CharacterOffsetEnd=1566 PartOfSpeech=IN] [Text=those CharacterOffsetBegin=1567 CharacterOffsetEnd=1572 PartOfSpeech=DT] [Text=wide CharacterOffsetBegin=1573 CharacterOffsetEnd=1577 PartOfSpeech=JJ] [Text=angled CharacterOffsetBegin=1578 CharacterOffsetEnd=1584 PartOfSpeech=JJ] [Text=shots CharacterOffsetBegin=1585 CharacterOffsetEnd=1590 PartOfSpeech=NNS] [Text=of CharacterOffsetBegin=1591 CharacterOffsetEnd=1593 PartOfSpeech=IN] [Text=the CharacterOffsetBegin=1594 CharacterOffsetEnd=1597 PartOfSpeech=DT] [Text=street CharacterOffsetBegin=1598 CharacterOffsetEnd=1604 PartOfSpeech=NN] [Text=and CharacterOffsetBegin=1605 CharacterOffsetEnd=1608 PartOfSpeech=CC] [Text=inside CharacterOffsetBegin=1609 CharacterOffsetEnd=1615 PartOfSpeech=IN] [Text=the CharacterOffsetBegin=1616 CharacterOffsetEnd=1619 PartOfSpeech=DT] [Text=Robinsons CharacterOffsetBegin=1620 CharacterOffsetEnd=1629 PartOfSpeech=NNPS] [Text=' CharacterOffsetBegin=1629 CharacterOffsetEnd=1630 PartOfSpeech=POS] [Text=house CharacterOffsetBegin=1631 CharacterOffsetEnd=1636 PartOfSpeech=NN] [Text=. CharacterOffsetBegin=1636 CharacterOffsetEnd=1637 PartOfSpeech=.] 
root(ROOT-0, make-3)
mark(make-3, If-1)
nsubj(make-3, you-2)
poss(characters-7, your-4)
num(characters-7, two-5)
amod(characters-7, main-6)
dobj(make-3, characters-7)
advmod(inhuman-9, so-8)
xcomp(make-3, inhuman-9)
prep(inhuman-9, on-10)
det(level-12, that-11)
pobj(on-10, level-12)
punct(make-3, ,-13)
advmod(risk-16, then-14)
nsubj(risk-16, you-15)
ccomp(make-3, risk-16)
xcomp(risk-16, losing-17)
dobj(losing-17, me-18)
cc(losing-17, and-19)
nsubj('s-21, that-20)
conj(losing-17, 's-21)
det(offer-27, what-22)
nn(offer-27, happened.Biggest-23)
amod(offer-27, positive-24)
nsubj(offer-27, I-25)
aux(offer-27, can-26)
nsubj(is-28, offer-27)
ccomp('s-21, is-28)
mark(love-31, that-29)
nsubj(love-31, I-30)
ccomp(is-28, love-31)
det(look-33, the-32)
dobj(love-31, look-33)
prep(look-33, of-34)
det(sort-36, that-35)
pobj(of-34, sort-36)
prep(sort-36, of-37)
nn(suburbia-40, apple-38)
nn(suburbia-40, pie-39)
pobj(of-37, suburbia-40)
cc(love-31, and-41)
nsubj(captured-43, this-42)
conj(love-31, captured-43)
dobj(captured-43, it-44)
advmod(enough-46, well-45)
advmod(captured-43, enough-46)
punct(film-52, ,-47)
nsubj(film-52, it-48)
cop(film-52, was-49)
det(film-52, a-50)
amod(film-52, handsome-51)
dep(captured-43, film-52)
punct(film-52, ,-53)
advmod(film-52, especially-54)
dep(film-52, some-55)
prep(some-55, of-56)
det(shots-60, those-57)
amod(shots-60, wide-58)
amod(shots-60, angled-59)
pobj(of-56, shots-60)
prep(shots-60, of-61)
det(street-63, the-62)
pobj(of-61, street-63)
cc(film-52, and-64)
conj(film-52, inside-65)
det(Robinsons-67, the-66)
poss(house-69, Robinsons-67)
possessive(Robinsons-67, '-68)
pobj(inside-65, house-69)
punct(make-3, .-70)

Sentence #13 (38 tokens):
Also, the opening newsreel was cute, in a been-done-before-but-still-funny sort of way.And I thought Billy Connolly was OK and that comes from someone who isn't a big fan of Billy Connolly: Movie Star.
[Text=Also CharacterOffsetBegin=1642 CharacterOffsetEnd=1646 PartOfSpeech=RB] [Text=, CharacterOffsetBegin=1646 CharacterOffsetEnd=1647 PartOfSpeech=,] [Text=the CharacterOffsetBegin=1648 CharacterOffsetEnd=1651 PartOfSpeech=DT] [Text=opening CharacterOffsetBegin=1652 CharacterOffsetEnd=1659 PartOfSpeech=NN] [Text=newsreel CharacterOffsetBegin=1660 CharacterOffsetEnd=1668 PartOfSpeech=NN] [Text=was CharacterOffsetBegin=1669 CharacterOffsetEnd=1672 PartOfSpeech=VBD] [Text=cute CharacterOffsetBegin=1673 CharacterOffsetEnd=1677 PartOfSpeech=JJ] [Text=, CharacterOffsetBegin=1677 CharacterOffsetEnd=1678 PartOfSpeech=,] [Text=in CharacterOffsetBegin=1679 CharacterOffsetEnd=1681 PartOfSpeech=IN] [Text=a CharacterOffsetBegin=1682 CharacterOffsetEnd=1683 PartOfSpeech=DT] [Text=been-done-before-but-still-funny CharacterOffsetBegin=1684 CharacterOffsetEnd=1716 PartOfSpeech=JJ] [Text=sort CharacterOffsetBegin=1717 CharacterOffsetEnd=1721 PartOfSpeech=NN] [Text=of CharacterOffsetBegin=1722 CharacterOffsetEnd=1724 PartOfSpeech=IN] [Text=way.And CharacterOffsetBegin=1725 CharacterOffsetEnd=1732 PartOfSpeech=NN] [Text=I CharacterOffsetBegin=1733 CharacterOffsetEnd=1734 PartOfSpeech=PRP] [Text=thought CharacterOffsetBegin=1735 CharacterOffsetEnd=1742 PartOfSpeech=VBD] [Text=Billy CharacterOffsetBegin=1743 CharacterOffsetEnd=1748 PartOfSpeech=NNP] [Text=Connolly CharacterOffsetBegin=1749 CharacterOffsetEnd=1757 PartOfSpeech=NNP] [Text=was CharacterOffsetBegin=1758 CharacterOffsetEnd=1761 PartOfSpeech=VBD] [Text=OK CharacterOffsetBegin=1762 CharacterOffsetEnd=1764 PartOfSpeech=JJ] [Text=and CharacterOffsetBegin=1765 CharacterOffsetEnd=1768 PartOfSpeech=CC] [Text=that CharacterOffsetBegin=1769 CharacterOffsetEnd=1773 PartOfSpeech=IN] [Text=comes CharacterOffsetBegin=1774 CharacterOffsetEnd=1779 PartOfSpeech=VBZ] [Text=from CharacterOffsetBegin=1780 CharacterOffsetEnd=1784 PartOfSpeech=IN] [Text=someone CharacterOffsetBegin=1785 CharacterOffsetEnd=1792 PartOfSpeech=NN] [Text=who CharacterOffsetBegin=1793 CharacterOffsetEnd=1796 PartOfSpeech=WP] [Text=is CharacterOffsetBegin=1797 CharacterOffsetEnd=1799 PartOfSpeech=VBZ] [Text=n't CharacterOffsetBegin=1799 CharacterOffsetEnd=1802 PartOfSpeech=RB] [Text=a CharacterOffsetBegin=1803 CharacterOffsetEnd=1804 PartOfSpeech=DT] [Text=big CharacterOffsetBegin=1805 CharacterOffsetEnd=1808 PartOfSpeech=JJ] [Text=fan CharacterOffsetBegin=1809 CharacterOffsetEnd=1812 PartOfSpeech=NN] [Text=of CharacterOffsetBegin=1813 CharacterOffsetEnd=1815 PartOfSpeech=IN] [Text=Billy CharacterOffsetBegin=1816 CharacterOffsetEnd=1821 PartOfSpeech=NNP] [Text=Connolly CharacterOffsetBegin=1822 CharacterOffsetEnd=1830 PartOfSpeech=NNP] [Text=: CharacterOffsetBegin=1830 CharacterOffsetEnd=1831 PartOfSpeech=:] [Text=Movie CharacterOffsetBegin=1832 CharacterOffsetEnd=1837 PartOfSpeech=NNP] [Text=Star CharacterOffsetBegin=1838 CharacterOffsetEnd=1842 PartOfSpeech=NNP] [Text=. CharacterOffsetBegin=1842 CharacterOffsetEnd=1843 PartOfSpeech=.] 
root(ROOT-0, cute-7)
advmod(cute-7, Also-1)
punct(cute-7, ,-2)
det(newsreel-5, the-3)
nn(newsreel-5, opening-4)
nsubj(cute-7, newsreel-5)
cop(cute-7, was-6)
punct(cute-7, ,-8)
prep(cute-7, in-9)
det(sort-12, a-10)
amod(sort-12, been-done-before-but-still-funny-11)
pobj(in-9, sort-12)
prep(sort-12, of-13)
pobj(of-13, way.And-14)
nsubj(thought-16, I-15)
rcmod(way.And-14, thought-16)
nn(Connolly-18, Billy-17)
nsubj(OK-20, Connolly-18)
cop(OK-20, was-19)
ccomp(thought-16, OK-20)
cc(OK-20, and-21)
nsubj(comes-23, that-22)
conj(OK-20, comes-23)
prep(comes-23, from-24)
pobj(from-24, someone-25)
nsubj(fan-31, who-26)
cop(fan-31, is-27)
neg(fan-31, n't-28)
det(fan-31, a-29)
amod(fan-31, big-30)
rcmod(someone-25, fan-31)
prep(fan-31, of-32)
nn(Connolly-34, Billy-33)
pobj(of-32, Connolly-34)
punct(Connolly-34, :-35)
nn(Star-37, Movie-36)
dep(Connolly-34, Star-37)
punct(cute-7, .-38)

Sentence #14 (47 tokens):
I just had this fear he was going to be hamming it up and trying to steal every scene, but he played it pretty low-key for him and probably came out the most sympathetic character in the whole film.All in all, not great though.
[Text=I CharacterOffsetBegin=1848 CharacterOffsetEnd=1849 PartOfSpeech=PRP] [Text=just CharacterOffsetBegin=1850 CharacterOffsetEnd=1854 PartOfSpeech=RB] [Text=had CharacterOffsetBegin=1855 CharacterOffsetEnd=1858 PartOfSpeech=VBD] [Text=this CharacterOffsetBegin=1859 CharacterOffsetEnd=1863 PartOfSpeech=DT] [Text=fear CharacterOffsetBegin=1864 CharacterOffsetEnd=1868 PartOfSpeech=NN] [Text=he CharacterOffsetBegin=1869 CharacterOffsetEnd=1871 PartOfSpeech=PRP] [Text=was CharacterOffsetBegin=1872 CharacterOffsetEnd=1875 PartOfSpeech=VBD] [Text=going CharacterOffsetBegin=1876 CharacterOffsetEnd=1881 PartOfSpeech=VBG] [Text=to CharacterOffsetBegin=1882 CharacterOffsetEnd=1884 PartOfSpeech=TO] [Text=be CharacterOffsetBegin=1885 CharacterOffsetEnd=1887 PartOfSpeech=VB] [Text=hamming CharacterOffsetBegin=1888 CharacterOffsetEnd=1895 PartOfSpeech=VBG] [Text=it CharacterOffsetBegin=1896 CharacterOffsetEnd=1898 PartOfSpeech=PRP] [Text=up CharacterOffsetBegin=1899 CharacterOffsetEnd=1901 PartOfSpeech=RP] [Text=and CharacterOffsetBegin=1902 CharacterOffsetEnd=1905 PartOfSpeech=CC] [Text=trying CharacterOffsetBegin=1906 CharacterOffsetEnd=1912 PartOfSpeech=VBG] [Text=to CharacterOffsetBegin=1913 CharacterOffsetEnd=1915 PartOfSpeech=TO] [Text=steal CharacterOffsetBegin=1916 CharacterOffsetEnd=1921 PartOfSpeech=VB] [Text=every CharacterOffsetBegin=1922 CharacterOffsetEnd=1927 PartOfSpeech=DT] [Text=scene CharacterOffsetBegin=1928 CharacterOffsetEnd=1933 PartOfSpeech=NN] [Text=, CharacterOffsetBegin=1933 CharacterOffsetEnd=1934 PartOfSpeech=,] [Text=but CharacterOffsetBegin=1935 CharacterOffsetEnd=1938 PartOfSpeech=CC] [Text=he CharacterOffsetBegin=1939 CharacterOffsetEnd=1941 PartOfSpeech=PRP] [Text=played CharacterOffsetBegin=1942 CharacterOffsetEnd=1948 PartOfSpeech=VBD] [Text=it CharacterOffsetBegin=1949 CharacterOffsetEnd=1951 PartOfSpeech=PRP] [Text=pretty CharacterOffsetBegin=1952 CharacterOffsetEnd=1958 PartOfSpeech=RB] [Text=low-key CharacterOffsetBegin=1959 CharacterOffsetEnd=1966 PartOfSpeech=JJ] [Text=for CharacterOffsetBegin=1967 CharacterOffsetEnd=1970 PartOfSpeech=IN] [Text=him CharacterOffsetBegin=1971 CharacterOffsetEnd=1974 PartOfSpeech=PRP] [Text=and CharacterOffsetBegin=1975 CharacterOffsetEnd=1978 PartOfSpeech=CC] [Text=probably CharacterOffsetBegin=1979 CharacterOffsetEnd=1987 PartOfSpeech=RB] [Text=came CharacterOffsetBegin=1988 CharacterOffsetEnd=1992 PartOfSpeech=VBD] [Text=out CharacterOffsetBegin=1993 CharacterOffsetEnd=1996 PartOfSpeech=RP] [Text=the CharacterOffsetBegin=1997 CharacterOffsetEnd=2000 PartOfSpeech=DT] [Text=most CharacterOffsetBegin=2001 CharacterOffsetEnd=2005 PartOfSpeech=RBS] [Text=sympathetic CharacterOffsetBegin=2006 CharacterOffsetEnd=2017 PartOfSpeech=JJ] [Text=character CharacterOffsetBegin=2018 CharacterOffsetEnd=2027 PartOfSpeech=NN] [Text=in CharacterOffsetBegin=2028 CharacterOffsetEnd=2030 PartOfSpeech=IN] [Text=the CharacterOffsetBegin=2031 CharacterOffsetEnd=2034 PartOfSpeech=DT] [Text=whole CharacterOffsetBegin=2035 CharacterOffsetEnd=2040 PartOfSpeech=JJ] [Text=film.All CharacterOffsetBegin=2041 CharacterOffsetEnd=2049 PartOfSpeech=NN] [Text=in CharacterOffsetBegin=2050 CharacterOffsetEnd=2052 PartOfSpeech=IN] [Text=all CharacterOffsetBegin=2053 CharacterOffsetEnd=2056 PartOfSpeech=DT] [Text=, CharacterOffsetBegin=2056 CharacterOffsetEnd=2057 PartOfSpeech=,] [Text=not CharacterOffsetBegin=2058 CharacterOffsetEnd=2061 PartOfSpeech=RB] [Text=great CharacterOffsetBegin=2062 CharacterOffsetEnd=2067 PartOfSpeech=JJ] [Text=though CharacterOffsetBegin=2068 CharacterOffsetEnd=2074 PartOfSpeech=IN] [Text=. CharacterOffsetBegin=2074 CharacterOffsetEnd=2075 PartOfSpeech=.] 
root(ROOT-0, had-3)
nsubj(had-3, I-1)
advmod(had-3, just-2)
det(fear-5, this-4)
dobj(had-3, fear-5)
nsubj(going-8, he-6)
aux(going-8, was-7)
ccomp(had-3, going-8)
aux(hamming-11, to-9)
aux(hamming-11, be-10)
xcomp(going-8, hamming-11)
dobj(hamming-11, it-12)
prt(hamming-11, up-13)
cc(hamming-11, and-14)
conj(hamming-11, trying-15)
aux(steal-17, to-16)
xcomp(trying-15, steal-17)
det(scene-19, every-18)
dobj(steal-17, scene-19)
punct(had-3, ,-20)
cc(had-3, but-21)
nsubj(played-23, he-22)
conj(had-3, played-23)
nsubj(low-key-26, it-24)
advmod(low-key-26, pretty-25)
xcomp(played-23, low-key-26)
prep(low-key-26, for-27)
pobj(for-27, him-28)
cc(played-23, and-29)
advmod(came-31, probably-30)
conj(played-23, came-31)
prt(came-31, out-32)
det(character-36, the-33)
advmod(sympathetic-35, most-34)
amod(character-36, sympathetic-35)
dobj(came-31, character-36)
prep(character-36, in-37)
det(film.All-40, the-38)
amod(film.All-40, whole-39)
pobj(in-37, film.All-40)
prep(film.All-40, in-41)
pobj(in-41, all-42)
punct(character-36, ,-43)
neg(great-45, not-44)
amod(character-36, great-45)
dep(great-45, though-46)
punct(had-3, .-47)

