Sentence #1 (38 tokens):
I've seen enough of both Little Richard in interviews and in performances and enough of poor Leon pigeonholed into these 50s/60s musical bio pics to know that Leon was not the right actor for this role.
[Text=I CharacterOffsetBegin=4 CharacterOffsetEnd=5 PartOfSpeech=PRP] [Text='ve CharacterOffsetBegin=5 CharacterOffsetEnd=8 PartOfSpeech=VBP] [Text=seen CharacterOffsetBegin=9 CharacterOffsetEnd=13 PartOfSpeech=VBN] [Text=enough CharacterOffsetBegin=14 CharacterOffsetEnd=20 PartOfSpeech=RB] [Text=of CharacterOffsetBegin=21 CharacterOffsetEnd=23 PartOfSpeech=IN] [Text=both CharacterOffsetBegin=24 CharacterOffsetEnd=28 PartOfSpeech=DT] [Text=Little CharacterOffsetBegin=29 CharacterOffsetEnd=35 PartOfSpeech=JJ] [Text=Richard CharacterOffsetBegin=36 CharacterOffsetEnd=43 PartOfSpeech=NNP] [Text=in CharacterOffsetBegin=44 CharacterOffsetEnd=46 PartOfSpeech=IN] [Text=interviews CharacterOffsetBegin=47 CharacterOffsetEnd=57 PartOfSpeech=NNS] [Text=and CharacterOffsetBegin=58 CharacterOffsetEnd=61 PartOfSpeech=CC] [Text=in CharacterOffsetBegin=62 CharacterOffsetEnd=64 PartOfSpeech=IN] [Text=performances CharacterOffsetBegin=65 CharacterOffsetEnd=77 PartOfSpeech=NNS] [Text=and CharacterOffsetBegin=78 CharacterOffsetEnd=81 PartOfSpeech=CC] [Text=enough CharacterOffsetBegin=82 CharacterOffsetEnd=88 PartOfSpeech=RB] [Text=of CharacterOffsetBegin=89 CharacterOffsetEnd=91 PartOfSpeech=IN] [Text=poor CharacterOffsetBegin=92 CharacterOffsetEnd=96 PartOfSpeech=JJ] [Text=Leon CharacterOffsetBegin=97 CharacterOffsetEnd=101 PartOfSpeech=NNP] [Text=pigeonholed CharacterOffsetBegin=102 CharacterOffsetEnd=113 PartOfSpeech=VBD] [Text=into CharacterOffsetBegin=114 CharacterOffsetEnd=118 PartOfSpeech=IN] [Text=these CharacterOffsetBegin=119 CharacterOffsetEnd=124 PartOfSpeech=DT] [Text=50s/60s CharacterOffsetBegin=125 CharacterOffsetEnd=132 PartOfSpeech=NNS] [Text=musical CharacterOffsetBegin=133 CharacterOffsetEnd=140 PartOfSpeech=JJ] [Text=bio CharacterOffsetBegin=141 CharacterOffsetEnd=144 PartOfSpeech=NN] [Text=pics CharacterOffsetBegin=145 CharacterOffsetEnd=149 PartOfSpeech=NNS] [Text=to CharacterOffsetBegin=150 CharacterOffsetEnd=152 PartOfSpeech=TO] [Text=know CharacterOffsetBegin=153 CharacterOffsetEnd=157 PartOfSpeech=VB] [Text=that CharacterOffsetBegin=158 CharacterOffsetEnd=162 PartOfSpeech=DT] [Text=Leon CharacterOffsetBegin=163 CharacterOffsetEnd=167 PartOfSpeech=NNP] [Text=was CharacterOffsetBegin=168 CharacterOffsetEnd=171 PartOfSpeech=VBD] [Text=not CharacterOffsetBegin=172 CharacterOffsetEnd=175 PartOfSpeech=RB] [Text=the CharacterOffsetBegin=176 CharacterOffsetEnd=179 PartOfSpeech=DT] [Text=right CharacterOffsetBegin=180 CharacterOffsetEnd=185 PartOfSpeech=JJ] [Text=actor CharacterOffsetBegin=186 CharacterOffsetEnd=191 PartOfSpeech=NN] [Text=for CharacterOffsetBegin=192 CharacterOffsetEnd=195 PartOfSpeech=IN] [Text=this CharacterOffsetBegin=196 CharacterOffsetEnd=200 PartOfSpeech=DT] [Text=role CharacterOffsetBegin=201 CharacterOffsetEnd=205 PartOfSpeech=NN] [Text=. CharacterOffsetBegin=205 CharacterOffsetEnd=206 PartOfSpeech=.] 
root(ROOT-0, seen-3)
nsubj(seen-3, I-1)
aux(seen-3, 've-2)
advmod(seen-3, enough-4)
prep(enough-4, of-5)
preconj(Richard-8, both-6)
amod(Richard-8, Little-7)
pobj(of-5, Richard-8)
prep(Richard-8, in-9)
pobj(in-9, interviews-10)
cc(seen-3, and-11)
conj(seen-3, in-12)
pobj(in-12, performances-13)
cc(in-12, and-14)
conj(in-12, enough-15)
prep(enough-15, of-16)
amod(Leon-18, poor-17)
pobj(of-16, Leon-18)
pcomp(in-12, pigeonholed-19)
prep(pigeonholed-19, into-20)
det(pics-25, these-21)
amod(pics-25, 50s/60s-22)
amod(pics-25, musical-23)
nn(pics-25, bio-24)
pobj(into-20, pics-25)
aux(know-27, to-26)
xcomp(pigeonholed-19, know-27)
mark(actor-34, that-28)
nsubj(actor-34, Leon-29)
cop(actor-34, was-30)
neg(actor-34, not-31)
det(actor-34, the-32)
amod(actor-34, right-33)
ccomp(know-27, actor-34)
prep(actor-34, for-35)
det(role-37, this-36)
pobj(for-35, role-37)
punct(seen-3, .-38)

Sentence #2 (25 tokens):
Leon was so right as David Ruffin in The Temptations, but fails utterly to capture the essence of Little Richard in this film.
[Text=Leon CharacterOffsetBegin=211 CharacterOffsetEnd=215 PartOfSpeech=NNP] [Text=was CharacterOffsetBegin=216 CharacterOffsetEnd=219 PartOfSpeech=VBD] [Text=so CharacterOffsetBegin=220 CharacterOffsetEnd=222 PartOfSpeech=RB] [Text=right CharacterOffsetBegin=223 CharacterOffsetEnd=228 PartOfSpeech=JJ] [Text=as CharacterOffsetBegin=229 CharacterOffsetEnd=231 PartOfSpeech=IN] [Text=David CharacterOffsetBegin=232 CharacterOffsetEnd=237 PartOfSpeech=NNP] [Text=Ruffin CharacterOffsetBegin=238 CharacterOffsetEnd=244 PartOfSpeech=NNP] [Text=in CharacterOffsetBegin=245 CharacterOffsetEnd=247 PartOfSpeech=IN] [Text=The CharacterOffsetBegin=248 CharacterOffsetEnd=251 PartOfSpeech=DT] [Text=Temptations CharacterOffsetBegin=252 CharacterOffsetEnd=263 PartOfSpeech=NNS] [Text=, CharacterOffsetBegin=263 CharacterOffsetEnd=264 PartOfSpeech=,] [Text=but CharacterOffsetBegin=265 CharacterOffsetEnd=268 PartOfSpeech=CC] [Text=fails CharacterOffsetBegin=269 CharacterOffsetEnd=274 PartOfSpeech=VBZ] [Text=utterly CharacterOffsetBegin=275 CharacterOffsetEnd=282 PartOfSpeech=RB] [Text=to CharacterOffsetBegin=283 CharacterOffsetEnd=285 PartOfSpeech=TO] [Text=capture CharacterOffsetBegin=286 CharacterOffsetEnd=293 PartOfSpeech=VB] [Text=the CharacterOffsetBegin=294 CharacterOffsetEnd=297 PartOfSpeech=DT] [Text=essence CharacterOffsetBegin=298 CharacterOffsetEnd=305 PartOfSpeech=NN] [Text=of CharacterOffsetBegin=306 CharacterOffsetEnd=308 PartOfSpeech=IN] [Text=Little CharacterOffsetBegin=309 CharacterOffsetEnd=315 PartOfSpeech=JJ] [Text=Richard CharacterOffsetBegin=316 CharacterOffsetEnd=323 PartOfSpeech=NNP] [Text=in CharacterOffsetBegin=324 CharacterOffsetEnd=326 PartOfSpeech=IN] [Text=this CharacterOffsetBegin=327 CharacterOffsetEnd=331 PartOfSpeech=DT] [Text=film CharacterOffsetBegin=332 CharacterOffsetEnd=336 PartOfSpeech=NN] [Text=. CharacterOffsetBegin=336 CharacterOffsetEnd=337 PartOfSpeech=.] 
root(ROOT-0, right-4)
nsubj(right-4, Leon-1)
cop(right-4, was-2)
advmod(right-4, so-3)
prep(right-4, as-5)
nn(Ruffin-7, David-6)
pobj(as-5, Ruffin-7)
prep(Ruffin-7, in-8)
det(Temptations-10, The-9)
pobj(in-8, Temptations-10)
punct(right-4, ,-11)
cc(right-4, but-12)
conj(right-4, fails-13)
dobj(fails-13, utterly-14)
aux(capture-16, to-15)
infmod(utterly-14, capture-16)
det(essence-18, the-17)
dobj(capture-16, essence-18)
prep(essence-18, of-19)
amod(Richard-21, Little-20)
pobj(of-19, Richard-21)
prep(capture-16, in-22)
det(film-24, this-23)
pobj(in-22, film-24)
punct(right-4, .-25)

Sentence #3 (17 tokens):
Actor Miguel Nez who played Little Richard in "Why Do Fools Fall in Love?"
[Text=Actor CharacterOffsetBegin=342 CharacterOffsetEnd=347 PartOfSpeech=NN] [Text=Miguel CharacterOffsetBegin=348 CharacterOffsetEnd=354 PartOfSpeech=NNP] [Text=Nez CharacterOffsetBegin=355 CharacterOffsetEnd=358 PartOfSpeech=NNP] [Text=who CharacterOffsetBegin=359 CharacterOffsetEnd=362 PartOfSpeech=WP] [Text=played CharacterOffsetBegin=363 CharacterOffsetEnd=369 PartOfSpeech=VBD] [Text=Little CharacterOffsetBegin=370 CharacterOffsetEnd=376 PartOfSpeech=JJ] [Text=Richard CharacterOffsetBegin=377 CharacterOffsetEnd=384 PartOfSpeech=NNP] [Text=in CharacterOffsetBegin=385 CharacterOffsetEnd=387 PartOfSpeech=IN] [Text=`` CharacterOffsetBegin=388 CharacterOffsetEnd=389 PartOfSpeech=``] [Text=Why CharacterOffsetBegin=389 CharacterOffsetEnd=392 PartOfSpeech=WRB] [Text=Do CharacterOffsetBegin=393 CharacterOffsetEnd=395 PartOfSpeech=VBP] [Text=Fools CharacterOffsetBegin=396 CharacterOffsetEnd=401 PartOfSpeech=NNS] [Text=Fall CharacterOffsetBegin=402 CharacterOffsetEnd=406 PartOfSpeech=NN] [Text=in CharacterOffsetBegin=407 CharacterOffsetEnd=409 PartOfSpeech=IN] [Text=Love CharacterOffsetBegin=410 CharacterOffsetEnd=414 PartOfSpeech=NNP] [Text=? CharacterOffsetBegin=414 CharacterOffsetEnd=415 PartOfSpeech=.] [Text='' CharacterOffsetBegin=415 CharacterOffsetEnd=416 PartOfSpeech=''] 
root(ROOT-0, Nez-3)
nn(Nez-3, Actor-1)
nn(Nez-3, Miguel-2)
nsubj(played-5, who-4)
rcmod(Nez-3, played-5)
amod(Richard-7, Little-6)
dobj(played-5, Richard-7)
prep(played-5, in-8)
punct(in-8, ``-9)
dep(in-8, Why-10)
dep(Why-10, Do-11)
dep(Do-11, Fools-12)
dep(Fools-12, Fall-13)
prep(Fall-13, in-14)
pobj(in-14, Love-15)
punct(Nez-3, ?-16)
punct(Nez-3, ''-17)

Sentence #4 (18 tokens):
was a much more suitable choice, having pulled off the musician's powerful but effeminate persona.
[Text=was CharacterOffsetBegin=421 CharacterOffsetEnd=424 PartOfSpeech=VBD] [Text=a CharacterOffsetBegin=425 CharacterOffsetEnd=426 PartOfSpeech=DT] [Text=much CharacterOffsetBegin=427 CharacterOffsetEnd=431 PartOfSpeech=RB] [Text=more CharacterOffsetBegin=432 CharacterOffsetEnd=436 PartOfSpeech=RBR] [Text=suitable CharacterOffsetBegin=437 CharacterOffsetEnd=445 PartOfSpeech=JJ] [Text=choice CharacterOffsetBegin=446 CharacterOffsetEnd=452 PartOfSpeech=NN] [Text=, CharacterOffsetBegin=452 CharacterOffsetEnd=453 PartOfSpeech=,] [Text=having CharacterOffsetBegin=454 CharacterOffsetEnd=460 PartOfSpeech=VBG] [Text=pulled CharacterOffsetBegin=461 CharacterOffsetEnd=467 PartOfSpeech=VBN] [Text=off CharacterOffsetBegin=468 CharacterOffsetEnd=471 PartOfSpeech=RP] [Text=the CharacterOffsetBegin=472 CharacterOffsetEnd=475 PartOfSpeech=DT] [Text=musician CharacterOffsetBegin=476 CharacterOffsetEnd=484 PartOfSpeech=NN] [Text='s CharacterOffsetBegin=484 CharacterOffsetEnd=486 PartOfSpeech=POS] [Text=powerful CharacterOffsetBegin=487 CharacterOffsetEnd=495 PartOfSpeech=JJ] [Text=but CharacterOffsetBegin=496 CharacterOffsetEnd=499 PartOfSpeech=CC] [Text=effeminate CharacterOffsetBegin=500 CharacterOffsetEnd=510 PartOfSpeech=JJ] [Text=persona CharacterOffsetBegin=511 CharacterOffsetEnd=518 PartOfSpeech=NN] [Text=. CharacterOffsetBegin=518 CharacterOffsetEnd=519 PartOfSpeech=.] 
root(ROOT-0, choice-6)
cop(choice-6, was-1)
det(choice-6, a-2)
advmod(more-4, much-3)
advmod(suitable-5, more-4)
amod(choice-6, suitable-5)
punct(choice-6, ,-7)
aux(pulled-9, having-8)
partmod(choice-6, pulled-9)
prt(pulled-9, off-10)
det(musician-12, the-11)
poss(persona-17, musician-12)
possessive(musician-12, 's-13)
amod(persona-17, powerful-14)
cc(powerful-14, but-15)
conj(powerful-14, effeminate-16)
dobj(pulled-9, persona-17)
punct(choice-6, .-18)

Sentence #5 (13 tokens):
If the performances are unconvincing then the film will be as well.
[Text=If CharacterOffsetBegin=524 CharacterOffsetEnd=526 PartOfSpeech=IN] [Text=the CharacterOffsetBegin=527 CharacterOffsetEnd=530 PartOfSpeech=DT] [Text=performances CharacterOffsetBegin=531 CharacterOffsetEnd=543 PartOfSpeech=NNS] [Text=are CharacterOffsetBegin=544 CharacterOffsetEnd=547 PartOfSpeech=VBP] [Text=unconvincing CharacterOffsetBegin=548 CharacterOffsetEnd=560 PartOfSpeech=JJ] [Text=then CharacterOffsetBegin=561 CharacterOffsetEnd=565 PartOfSpeech=RB] [Text=the CharacterOffsetBegin=566 CharacterOffsetEnd=569 PartOfSpeech=DT] [Text=film CharacterOffsetBegin=570 CharacterOffsetEnd=574 PartOfSpeech=NN] [Text=will CharacterOffsetBegin=575 CharacterOffsetEnd=579 PartOfSpeech=MD] [Text=be CharacterOffsetBegin=580 CharacterOffsetEnd=582 PartOfSpeech=VB] [Text=as CharacterOffsetBegin=583 CharacterOffsetEnd=585 PartOfSpeech=RB] [Text=well CharacterOffsetBegin=586 CharacterOffsetEnd=590 PartOfSpeech=RB] [Text=. CharacterOffsetBegin=590 CharacterOffsetEnd=591 PartOfSpeech=.] 
root(ROOT-0, be-10)
mark(unconvincing-5, If-1)
det(performances-3, the-2)
nsubj(unconvincing-5, performances-3)
cop(unconvincing-5, are-4)
advcl(be-10, unconvincing-5)
advmod(unconvincing-5, then-6)
det(film-8, the-7)
nsubj(be-10, film-8)
aux(be-10, will-9)
advmod(well-12, as-11)
advmod(be-10, well-12)
punct(be-10, .-13)

Sentence #6 (8 tokens):
And this is what has happened here.
[Text=And CharacterOffsetBegin=596 CharacterOffsetEnd=599 PartOfSpeech=CC] [Text=this CharacterOffsetBegin=600 CharacterOffsetEnd=604 PartOfSpeech=DT] [Text=is CharacterOffsetBegin=605 CharacterOffsetEnd=607 PartOfSpeech=VBZ] [Text=what CharacterOffsetBegin=608 CharacterOffsetEnd=612 PartOfSpeech=WP] [Text=has CharacterOffsetBegin=613 CharacterOffsetEnd=616 PartOfSpeech=VBZ] [Text=happened CharacterOffsetBegin=617 CharacterOffsetEnd=625 PartOfSpeech=VBN] [Text=here CharacterOffsetBegin=626 CharacterOffsetEnd=630 PartOfSpeech=RB] [Text=. CharacterOffsetBegin=630 CharacterOffsetEnd=631 PartOfSpeech=.] 
root(ROOT-0, is-3)
cc(is-3, And-1)
nsubj(is-3, this-2)
nsubj(happened-6, what-4)
aux(happened-6, has-5)
ccomp(is-3, happened-6)
advmod(happened-6, here-7)
punct(is-3, .-8)

Sentence #7 (14 tokens):
Glossed over or missed entirely are LR's forays into homosexuality and voyeurism.
[Text=Glossed CharacterOffsetBegin=636 CharacterOffsetEnd=643 PartOfSpeech=VBN] [Text=over CharacterOffsetBegin=644 CharacterOffsetEnd=648 PartOfSpeech=IN] [Text=or CharacterOffsetBegin=649 CharacterOffsetEnd=651 PartOfSpeech=CC] [Text=missed CharacterOffsetBegin=652 CharacterOffsetEnd=658 PartOfSpeech=VBN] [Text=entirely CharacterOffsetBegin=659 CharacterOffsetEnd=667 PartOfSpeech=RB] [Text=are CharacterOffsetBegin=668 CharacterOffsetEnd=671 PartOfSpeech=VBP] [Text=LR CharacterOffsetBegin=672 CharacterOffsetEnd=674 PartOfSpeech=NNP] [Text='s CharacterOffsetBegin=674 CharacterOffsetEnd=676 PartOfSpeech=POS] [Text=forays CharacterOffsetBegin=677 CharacterOffsetEnd=683 PartOfSpeech=NNS] [Text=into CharacterOffsetBegin=684 CharacterOffsetEnd=688 PartOfSpeech=IN] [Text=homosexuality CharacterOffsetBegin=689 CharacterOffsetEnd=702 PartOfSpeech=NN] [Text=and CharacterOffsetBegin=703 CharacterOffsetEnd=706 PartOfSpeech=CC] [Text=voyeurism CharacterOffsetBegin=707 CharacterOffsetEnd=716 PartOfSpeech=NN] [Text=. CharacterOffsetBegin=716 CharacterOffsetEnd=717 PartOfSpeech=.] 
root(ROOT-0, forays-9)
amod(forays-9, Glossed-1)
advmod(forays-9, over-2)
cc(over-2, or-3)
conj(over-2, missed-4)
advmod(forays-9, entirely-5)
cop(forays-9, are-6)
poss(forays-9, LR-7)
possessive(LR-7, 's-8)
prep(forays-9, into-10)
pobj(into-10, homosexuality-11)
cc(homosexuality-11, and-12)
conj(homosexuality-11, voyeurism-13)
punct(forays-9, .-14)

Sentence #8 (46 tokens):
What "The Temptations" did so well in capturing the rise of the group, warts and all, this film misses by a wide mark.What is going on with director Robert Townsend who started off so well with "The Hollywood Shuffle"?
[Text=What CharacterOffsetBegin=722 CharacterOffsetEnd=726 PartOfSpeech=WDT] [Text=`` CharacterOffsetBegin=727 CharacterOffsetEnd=728 PartOfSpeech=``] [Text=The CharacterOffsetBegin=728 CharacterOffsetEnd=731 PartOfSpeech=DT] [Text=Temptations CharacterOffsetBegin=732 CharacterOffsetEnd=743 PartOfSpeech=NNPS] [Text='' CharacterOffsetBegin=743 CharacterOffsetEnd=744 PartOfSpeech=''] [Text=did CharacterOffsetBegin=745 CharacterOffsetEnd=748 PartOfSpeech=VBD] [Text=so CharacterOffsetBegin=749 CharacterOffsetEnd=751 PartOfSpeech=RB] [Text=well CharacterOffsetBegin=752 CharacterOffsetEnd=756 PartOfSpeech=RB] [Text=in CharacterOffsetBegin=757 CharacterOffsetEnd=759 PartOfSpeech=IN] [Text=capturing CharacterOffsetBegin=760 CharacterOffsetEnd=769 PartOfSpeech=VBG] [Text=the CharacterOffsetBegin=770 CharacterOffsetEnd=773 PartOfSpeech=DT] [Text=rise CharacterOffsetBegin=774 CharacterOffsetEnd=778 PartOfSpeech=NN] [Text=of CharacterOffsetBegin=779 CharacterOffsetEnd=781 PartOfSpeech=IN] [Text=the CharacterOffsetBegin=782 CharacterOffsetEnd=785 PartOfSpeech=DT] [Text=group CharacterOffsetBegin=786 CharacterOffsetEnd=791 PartOfSpeech=NN] [Text=, CharacterOffsetBegin=791 CharacterOffsetEnd=792 PartOfSpeech=,] [Text=warts CharacterOffsetBegin=793 CharacterOffsetEnd=798 PartOfSpeech=NNS] [Text=and CharacterOffsetBegin=799 CharacterOffsetEnd=802 PartOfSpeech=CC] [Text=all CharacterOffsetBegin=803 CharacterOffsetEnd=806 PartOfSpeech=DT] [Text=, CharacterOffsetBegin=806 CharacterOffsetEnd=807 PartOfSpeech=,] [Text=this CharacterOffsetBegin=808 CharacterOffsetEnd=812 PartOfSpeech=DT] [Text=film CharacterOffsetBegin=813 CharacterOffsetEnd=817 PartOfSpeech=NN] [Text=misses CharacterOffsetBegin=818 CharacterOffsetEnd=824 PartOfSpeech=VBZ] [Text=by CharacterOffsetBegin=825 CharacterOffsetEnd=827 PartOfSpeech=IN] [Text=a CharacterOffsetBegin=828 CharacterOffsetEnd=829 PartOfSpeech=DT] [Text=wide CharacterOffsetBegin=830 CharacterOffsetEnd=834 PartOfSpeech=JJ] [Text=mark.What CharacterOffsetBegin=835 CharacterOffsetEnd=844 PartOfSpeech=NN] [Text=is CharacterOffsetBegin=845 CharacterOffsetEnd=847 PartOfSpeech=VBZ] [Text=going CharacterOffsetBegin=848 CharacterOffsetEnd=853 PartOfSpeech=VBG] [Text=on CharacterOffsetBegin=854 CharacterOffsetEnd=856 PartOfSpeech=RP] [Text=with CharacterOffsetBegin=857 CharacterOffsetEnd=861 PartOfSpeech=IN] [Text=director CharacterOffsetBegin=862 CharacterOffsetEnd=870 PartOfSpeech=NN] [Text=Robert CharacterOffsetBegin=871 CharacterOffsetEnd=877 PartOfSpeech=NNP] [Text=Townsend CharacterOffsetBegin=878 CharacterOffsetEnd=886 PartOfSpeech=NNP] [Text=who CharacterOffsetBegin=887 CharacterOffsetEnd=890 PartOfSpeech=WP] [Text=started CharacterOffsetBegin=891 CharacterOffsetEnd=898 PartOfSpeech=VBD] [Text=off CharacterOffsetBegin=899 CharacterOffsetEnd=902 PartOfSpeech=RP] [Text=so CharacterOffsetBegin=903 CharacterOffsetEnd=905 PartOfSpeech=RB] [Text=well CharacterOffsetBegin=906 CharacterOffsetEnd=910 PartOfSpeech=RB] [Text=with CharacterOffsetBegin=911 CharacterOffsetEnd=915 PartOfSpeech=IN] [Text=`` CharacterOffsetBegin=916 CharacterOffsetEnd=917 PartOfSpeech=``] [Text=The CharacterOffsetBegin=917 CharacterOffsetEnd=920 PartOfSpeech=DT] [Text=Hollywood CharacterOffsetBegin=921 CharacterOffsetEnd=930 PartOfSpeech=NNP] [Text=Shuffle CharacterOffsetBegin=931 CharacterOffsetEnd=938 PartOfSpeech=NNP] [Text='' CharacterOffsetBegin=938 CharacterOffsetEnd=939 PartOfSpeech=''] [Text=? CharacterOffsetBegin=939 CharacterOffsetEnd=940 PartOfSpeech=.] 
root(ROOT-0, going-29)
dep(Temptations-4, What-1)
punct(Temptations-4, ``-2)
det(Temptations-4, The-3)
dep(did-6, Temptations-4)
punct(Temptations-4, ''-5)
dep(going-29, did-6)
advmod(well-8, so-7)
advmod(did-6, well-8)
prep(did-6, in-9)
pcomp(in-9, capturing-10)
det(rise-12, the-11)
dobj(capturing-10, rise-12)
prep(rise-12, of-13)
det(group-15, the-14)
pobj(of-13, group-15)
punct(group-15, ,-16)
conj(group-15, warts-17)
cc(group-15, and-18)
conj(group-15, all-19)
punct(did-6, ,-20)
det(film-22, this-21)
nsubj(misses-23, film-22)
ccomp(did-6, misses-23)
prep(misses-23, by-24)
det(mark.What-27, a-25)
amod(mark.What-27, wide-26)
pobj(by-24, mark.What-27)
aux(going-29, is-28)
prt(going-29, on-30)
prep(going-29, with-31)
nn(Townsend-34, director-32)
nn(Townsend-34, Robert-33)
pobj(with-31, Townsend-34)
nsubj(started-36, who-35)
rcmod(Townsend-34, started-36)
prt(started-36, off-37)
advmod(well-39, so-38)
advmod(started-36, well-39)
prep(started-36, with-40)
punct(with-40, ``-41)
det(Shuffle-44, The-42)
nn(Shuffle-44, Hollywood-43)
dep(with-40, Shuffle-44)
punct(Shuffle-44, ''-45)
punct(going-29, ?-46)

Sentence #9 (17 tokens):
He's a talented, funny guy but hasn't delivered anything near that first effort.
[Text=He CharacterOffsetBegin=945 CharacterOffsetEnd=947 PartOfSpeech=PRP] [Text='s CharacterOffsetBegin=947 CharacterOffsetEnd=949 PartOfSpeech=VBZ] [Text=a CharacterOffsetBegin=950 CharacterOffsetEnd=951 PartOfSpeech=DT] [Text=talented CharacterOffsetBegin=952 CharacterOffsetEnd=960 PartOfSpeech=JJ] [Text=, CharacterOffsetBegin=960 CharacterOffsetEnd=961 PartOfSpeech=,] [Text=funny CharacterOffsetBegin=962 CharacterOffsetEnd=967 PartOfSpeech=JJ] [Text=guy CharacterOffsetBegin=968 CharacterOffsetEnd=971 PartOfSpeech=NN] [Text=but CharacterOffsetBegin=972 CharacterOffsetEnd=975 PartOfSpeech=CC] [Text=has CharacterOffsetBegin=976 CharacterOffsetEnd=979 PartOfSpeech=VBZ] [Text=n't CharacterOffsetBegin=979 CharacterOffsetEnd=982 PartOfSpeech=RB] [Text=delivered CharacterOffsetBegin=983 CharacterOffsetEnd=992 PartOfSpeech=VBN] [Text=anything CharacterOffsetBegin=993 CharacterOffsetEnd=1001 PartOfSpeech=NN] [Text=near CharacterOffsetBegin=1002 CharacterOffsetEnd=1006 PartOfSpeech=IN] [Text=that CharacterOffsetBegin=1007 CharacterOffsetEnd=1011 PartOfSpeech=DT] [Text=first CharacterOffsetBegin=1012 CharacterOffsetEnd=1017 PartOfSpeech=JJ] [Text=effort CharacterOffsetBegin=1018 CharacterOffsetEnd=1024 PartOfSpeech=NN] [Text=. CharacterOffsetBegin=1024 CharacterOffsetEnd=1025 PartOfSpeech=.] 
root(ROOT-0, guy-7)
nsubj(guy-7, He-1)
cop(guy-7, 's-2)
det(guy-7, a-3)
amod(guy-7, talented-4)
punct(guy-7, ,-5)
amod(guy-7, funny-6)
cc(guy-7, but-8)
aux(delivered-11, has-9)
neg(delivered-11, n't-10)
conj(guy-7, delivered-11)
dobj(delivered-11, anything-12)
prep(anything-12, near-13)
det(effort-16, that-14)
amod(effort-16, first-15)
pobj(near-13, effort-16)
punct(guy-7, .-17)

