Sentence #1 (2 tokens):
Bad.
[Text=Bad CharacterOffsetBegin=4 CharacterOffsetEnd=7 PartOfSpeech=JJ] [Text=. CharacterOffsetBegin=7 CharacterOffsetEnd=8 PartOfSpeech=.] 
root(ROOT-0, Bad-1)
punct(Bad-1, .-2)

Sentence #2 (2 tokens):
Bad.
[Text=Bad CharacterOffsetBegin=13 CharacterOffsetEnd=16 PartOfSpeech=JJ] [Text=. CharacterOffsetBegin=16 CharacterOffsetEnd=17 PartOfSpeech=.] 
root(ROOT-0, Bad-1)
punct(Bad-1, .-2)

Sentence #3 (2 tokens):
Bad.
[Text=Bad CharacterOffsetBegin=22 CharacterOffsetEnd=25 PartOfSpeech=JJ] [Text=. CharacterOffsetBegin=25 CharacterOffsetEnd=26 PartOfSpeech=.] 
root(ROOT-0, Bad-1)
punct(Bad-1, .-2)

Sentence #4 (2 tokens):
Bad.
[Text=Bad CharacterOffsetBegin=31 CharacterOffsetEnd=34 PartOfSpeech=JJ] [Text=. CharacterOffsetBegin=34 CharacterOffsetEnd=35 PartOfSpeech=.] 
root(ROOT-0, Bad-1)
punct(Bad-1, .-2)

Sentence #5 (2 tokens):
Bad.
[Text=Bad CharacterOffsetBegin=40 CharacterOffsetEnd=43 PartOfSpeech=JJ] [Text=. CharacterOffsetBegin=43 CharacterOffsetEnd=44 PartOfSpeech=.] 
root(ROOT-0, Bad-1)
punct(Bad-1, .-2)

Sentence #6 (6 tokens):
What else can I say.
[Text=What CharacterOffsetBegin=49 CharacterOffsetEnd=53 PartOfSpeech=WP] [Text=else CharacterOffsetBegin=54 CharacterOffsetEnd=58 PartOfSpeech=RB] [Text=can CharacterOffsetBegin=59 CharacterOffsetEnd=62 PartOfSpeech=MD] [Text=I CharacterOffsetBegin=63 CharacterOffsetEnd=64 PartOfSpeech=PRP] [Text=say CharacterOffsetBegin=65 CharacterOffsetEnd=68 PartOfSpeech=VB] [Text=. CharacterOffsetBegin=68 CharacterOffsetEnd=69 PartOfSpeech=.] 
root(ROOT-0, say-5)
dobj(say-5, What-1)
advmod(What-1, else-2)
aux(say-5, can-3)
nsubj(say-5, I-4)
punct(say-5, .-6)

Sentence #7 (9 tokens):
Kate Jackson must have been desperate to direct.
[Text=Kate CharacterOffsetBegin=74 CharacterOffsetEnd=78 PartOfSpeech=NNP] [Text=Jackson CharacterOffsetBegin=79 CharacterOffsetEnd=86 PartOfSpeech=NNP] [Text=must CharacterOffsetBegin=87 CharacterOffsetEnd=91 PartOfSpeech=MD] [Text=have CharacterOffsetBegin=92 CharacterOffsetEnd=96 PartOfSpeech=VB] [Text=been CharacterOffsetBegin=97 CharacterOffsetEnd=101 PartOfSpeech=VBN] [Text=desperate CharacterOffsetBegin=102 CharacterOffsetEnd=111 PartOfSpeech=JJ] [Text=to CharacterOffsetBegin=112 CharacterOffsetEnd=114 PartOfSpeech=TO] [Text=direct CharacterOffsetBegin=115 CharacterOffsetEnd=121 PartOfSpeech=VB] [Text=. CharacterOffsetBegin=121 CharacterOffsetEnd=122 PartOfSpeech=.] 
root(ROOT-0, desperate-6)
nn(Jackson-2, Kate-1)
nsubj(desperate-6, Jackson-2)
aux(desperate-6, must-3)
aux(desperate-6, have-4)
cop(desperate-6, been-5)
aux(direct-8, to-7)
xcomp(desperate-6, direct-8)
punct(desperate-6, .-9)

Sentence #8 (19 tokens):
May be she should go back to acting...on second thought she was a bad actress to.
[Text=May CharacterOffsetBegin=127 CharacterOffsetEnd=130 PartOfSpeech=MD] [Text=be CharacterOffsetBegin=131 CharacterOffsetEnd=133 PartOfSpeech=VB] [Text=she CharacterOffsetBegin=134 CharacterOffsetEnd=137 PartOfSpeech=PRP] [Text=should CharacterOffsetBegin=138 CharacterOffsetEnd=144 PartOfSpeech=MD] [Text=go CharacterOffsetBegin=145 CharacterOffsetEnd=147 PartOfSpeech=VB] [Text=back CharacterOffsetBegin=148 CharacterOffsetEnd=152 PartOfSpeech=RB] [Text=to CharacterOffsetBegin=153 CharacterOffsetEnd=155 PartOfSpeech=TO] [Text=acting CharacterOffsetBegin=156 CharacterOffsetEnd=162 PartOfSpeech=VBG] [Text=... CharacterOffsetBegin=162 CharacterOffsetEnd=165 PartOfSpeech=:] [Text=on CharacterOffsetBegin=165 CharacterOffsetEnd=167 PartOfSpeech=IN] [Text=second CharacterOffsetBegin=168 CharacterOffsetEnd=174 PartOfSpeech=JJ] [Text=thought CharacterOffsetBegin=175 CharacterOffsetEnd=182 PartOfSpeech=NN] [Text=she CharacterOffsetBegin=183 CharacterOffsetEnd=186 PartOfSpeech=PRP] [Text=was CharacterOffsetBegin=187 CharacterOffsetEnd=190 PartOfSpeech=VBD] [Text=a CharacterOffsetBegin=191 CharacterOffsetEnd=192 PartOfSpeech=DT] [Text=bad CharacterOffsetBegin=193 CharacterOffsetEnd=196 PartOfSpeech=JJ] [Text=actress CharacterOffsetBegin=197 CharacterOffsetEnd=204 PartOfSpeech=NN] [Text=to CharacterOffsetBegin=205 CharacterOffsetEnd=207 PartOfSpeech=TO] [Text=. CharacterOffsetBegin=207 CharacterOffsetEnd=208 PartOfSpeech=.] 
root(ROOT-0, go-5)
aux(go-5, May-1)
aux(go-5, be-2)
nsubj(go-5, she-3)
aux(go-5, should-4)
advmod(go-5, back-6)
prep(go-5, to-7)
pobj(to-7, acting-8)
punct(go-5, ...-9)
prep(go-5, on-10)
amod(thought-12, second-11)
pobj(on-10, thought-12)
nsubj(actress-17, she-13)
cop(actress-17, was-14)
det(actress-17, a-15)
amod(actress-17, bad-16)
ccomp(thought-12, actress-17)
dep(actress-17, to-18)
punct(go-5, .-19)

Sentence #9 (11 tokens):
Who would put money in to producing something this bad.
[Text=Who CharacterOffsetBegin=213 CharacterOffsetEnd=216 PartOfSpeech=WP] [Text=would CharacterOffsetBegin=217 CharacterOffsetEnd=222 PartOfSpeech=MD] [Text=put CharacterOffsetBegin=223 CharacterOffsetEnd=226 PartOfSpeech=VB] [Text=money CharacterOffsetBegin=227 CharacterOffsetEnd=232 PartOfSpeech=NN] [Text=in CharacterOffsetBegin=233 CharacterOffsetEnd=235 PartOfSpeech=IN] [Text=to CharacterOffsetBegin=236 CharacterOffsetEnd=238 PartOfSpeech=TO] [Text=producing CharacterOffsetBegin=239 CharacterOffsetEnd=248 PartOfSpeech=VBG] [Text=something CharacterOffsetBegin=249 CharacterOffsetEnd=258 PartOfSpeech=NN] [Text=this CharacterOffsetBegin=259 CharacterOffsetEnd=263 PartOfSpeech=DT] [Text=bad CharacterOffsetBegin=264 CharacterOffsetEnd=267 PartOfSpeech=JJ] [Text=. CharacterOffsetBegin=267 CharacterOffsetEnd=268 PartOfSpeech=.] 
root(ROOT-0, put-3)
nsubj(put-3, Who-1)
aux(put-3, would-2)
dobj(put-3, money-4)
prep(put-3, in-5)
prep(put-3, to-6)
pcomp(to-6, producing-7)
dobj(producing-7, something-8)
det(bad-10, this-9)
dep(something-8, bad-10)
punct(put-3, .-11)

Sentence #10 (23 tokens):
I like anti-Christ movies and usually have a good laugh and the odd scare but this one is just Bad Bad Bad.
[Text=I CharacterOffsetBegin=273 CharacterOffsetEnd=274 PartOfSpeech=PRP] [Text=like CharacterOffsetBegin=275 CharacterOffsetEnd=279 PartOfSpeech=VBP] [Text=anti-Christ CharacterOffsetBegin=280 CharacterOffsetEnd=291 PartOfSpeech=JJ] [Text=movies CharacterOffsetBegin=292 CharacterOffsetEnd=298 PartOfSpeech=NNS] [Text=and CharacterOffsetBegin=299 CharacterOffsetEnd=302 PartOfSpeech=CC] [Text=usually CharacterOffsetBegin=303 CharacterOffsetEnd=310 PartOfSpeech=RB] [Text=have CharacterOffsetBegin=311 CharacterOffsetEnd=315 PartOfSpeech=VBP] [Text=a CharacterOffsetBegin=316 CharacterOffsetEnd=317 PartOfSpeech=DT] [Text=good CharacterOffsetBegin=318 CharacterOffsetEnd=322 PartOfSpeech=JJ] [Text=laugh CharacterOffsetBegin=323 CharacterOffsetEnd=328 PartOfSpeech=NN] [Text=and CharacterOffsetBegin=329 CharacterOffsetEnd=332 PartOfSpeech=CC] [Text=the CharacterOffsetBegin=333 CharacterOffsetEnd=336 PartOfSpeech=DT] [Text=odd CharacterOffsetBegin=337 CharacterOffsetEnd=340 PartOfSpeech=JJ] [Text=scare CharacterOffsetBegin=341 CharacterOffsetEnd=346 PartOfSpeech=NN] [Text=but CharacterOffsetBegin=347 CharacterOffsetEnd=350 PartOfSpeech=CC] [Text=this CharacterOffsetBegin=351 CharacterOffsetEnd=355 PartOfSpeech=DT] [Text=one CharacterOffsetBegin=356 CharacterOffsetEnd=359 PartOfSpeech=CD] [Text=is CharacterOffsetBegin=360 CharacterOffsetEnd=362 PartOfSpeech=VBZ] [Text=just CharacterOffsetBegin=363 CharacterOffsetEnd=367 PartOfSpeech=RB] [Text=Bad CharacterOffsetBegin=368 CharacterOffsetEnd=371 PartOfSpeech=JJ] [Text=Bad CharacterOffsetBegin=372 CharacterOffsetEnd=375 PartOfSpeech=NNP] [Text=Bad CharacterOffsetBegin=376 CharacterOffsetEnd=379 PartOfSpeech=NNP] [Text=. CharacterOffsetBegin=379 CharacterOffsetEnd=380 PartOfSpeech=.] 
root(ROOT-0, like-2)
nsubj(like-2, I-1)
amod(movies-4, anti-Christ-3)
dobj(like-2, movies-4)
cc(movies-4, and-5)
advmod(have-7, usually-6)
conj(movies-4, have-7)
det(laugh-10, a-8)
amod(laugh-10, good-9)
dobj(have-7, laugh-10)
cc(laugh-10, and-11)
det(scare-14, the-12)
amod(scare-14, odd-13)
conj(laugh-10, scare-14)
cc(movies-4, but-15)
det(one-17, this-16)
nsubj(Bad-22, one-17)
cop(Bad-22, is-18)
advmod(Bad-20, just-19)
amod(Bad-22, Bad-20)
nn(Bad-22, Bad-21)
conj(movies-4, Bad-22)
punct(like-2, .-23)

Sentence #11 (16 tokens):
The acting by the stars was worse than what you find on a soap opera.
[Text=The CharacterOffsetBegin=385 CharacterOffsetEnd=388 PartOfSpeech=DT] [Text=acting CharacterOffsetBegin=389 CharacterOffsetEnd=395 PartOfSpeech=VBG] [Text=by CharacterOffsetBegin=396 CharacterOffsetEnd=398 PartOfSpeech=IN] [Text=the CharacterOffsetBegin=399 CharacterOffsetEnd=402 PartOfSpeech=DT] [Text=stars CharacterOffsetBegin=403 CharacterOffsetEnd=408 PartOfSpeech=NNS] [Text=was CharacterOffsetBegin=409 CharacterOffsetEnd=412 PartOfSpeech=VBD] [Text=worse CharacterOffsetBegin=413 CharacterOffsetEnd=418 PartOfSpeech=JJR] [Text=than CharacterOffsetBegin=419 CharacterOffsetEnd=423 PartOfSpeech=IN] [Text=what CharacterOffsetBegin=424 CharacterOffsetEnd=428 PartOfSpeech=WP] [Text=you CharacterOffsetBegin=429 CharacterOffsetEnd=432 PartOfSpeech=PRP] [Text=find CharacterOffsetBegin=433 CharacterOffsetEnd=437 PartOfSpeech=VBP] [Text=on CharacterOffsetBegin=438 CharacterOffsetEnd=440 PartOfSpeech=IN] [Text=a CharacterOffsetBegin=441 CharacterOffsetEnd=442 PartOfSpeech=DT] [Text=soap CharacterOffsetBegin=443 CharacterOffsetEnd=447 PartOfSpeech=NN] [Text=opera CharacterOffsetBegin=448 CharacterOffsetEnd=453 PartOfSpeech=NN] [Text=. CharacterOffsetBegin=453 CharacterOffsetEnd=454 PartOfSpeech=.] 
root(ROOT-0, worse-7)
det(acting-2, The-1)
nsubj(worse-7, acting-2)
prep(acting-2, by-3)
det(stars-5, the-4)
pobj(by-3, stars-5)
cop(worse-7, was-6)
prep(worse-7, than-8)
dobj(find-11, what-9)
nsubj(find-11, you-10)
pcomp(than-8, find-11)
prep(find-11, on-12)
det(opera-15, a-13)
amod(opera-15, soap-14)
pobj(on-12, opera-15)
punct(worse-7, .-16)

Sentence #12 (14 tokens):
The special effects, if you can call them that, where laughable.
[Text=The CharacterOffsetBegin=459 CharacterOffsetEnd=462 PartOfSpeech=DT] [Text=special CharacterOffsetBegin=463 CharacterOffsetEnd=470 PartOfSpeech=JJ] [Text=effects CharacterOffsetBegin=471 CharacterOffsetEnd=478 PartOfSpeech=NNS] [Text=, CharacterOffsetBegin=478 CharacterOffsetEnd=479 PartOfSpeech=,] [Text=if CharacterOffsetBegin=480 CharacterOffsetEnd=482 PartOfSpeech=IN] [Text=you CharacterOffsetBegin=483 CharacterOffsetEnd=486 PartOfSpeech=PRP] [Text=can CharacterOffsetBegin=487 CharacterOffsetEnd=490 PartOfSpeech=MD] [Text=call CharacterOffsetBegin=491 CharacterOffsetEnd=495 PartOfSpeech=VB] [Text=them CharacterOffsetBegin=496 CharacterOffsetEnd=500 PartOfSpeech=PRP] [Text=that CharacterOffsetBegin=501 CharacterOffsetEnd=505 PartOfSpeech=IN] [Text=, CharacterOffsetBegin=505 CharacterOffsetEnd=506 PartOfSpeech=,] [Text=where CharacterOffsetBegin=507 CharacterOffsetEnd=512 PartOfSpeech=WRB] [Text=laughable CharacterOffsetBegin=513 CharacterOffsetEnd=522 PartOfSpeech=JJ] [Text=. CharacterOffsetBegin=522 CharacterOffsetEnd=523 PartOfSpeech=.] 
root(ROOT-0, effects-3)
det(effects-3, The-1)
amod(effects-3, special-2)
punct(effects-3, ,-4)
mark(call-8, if-5)
nsubj(call-8, you-6)
aux(call-8, can-7)
dep(effects-3, call-8)
dobj(call-8, them-9)
mark(laughable-13, that-10)
punct(laughable-13, ,-11)
advmod(laughable-13, where-12)
ccomp(call-8, laughable-13)
punct(effects-3, .-14)

Sentence #13 (24 tokens):
I would not be surprised if you played the scenes in slow motion you would see the tubes the blood shoots out of.
[Text=I CharacterOffsetBegin=528 CharacterOffsetEnd=529 PartOfSpeech=PRP] [Text=would CharacterOffsetBegin=530 CharacterOffsetEnd=535 PartOfSpeech=MD] [Text=not CharacterOffsetBegin=536 CharacterOffsetEnd=539 PartOfSpeech=RB] [Text=be CharacterOffsetBegin=540 CharacterOffsetEnd=542 PartOfSpeech=VB] [Text=surprised CharacterOffsetBegin=543 CharacterOffsetEnd=552 PartOfSpeech=VBN] [Text=if CharacterOffsetBegin=553 CharacterOffsetEnd=555 PartOfSpeech=IN] [Text=you CharacterOffsetBegin=556 CharacterOffsetEnd=559 PartOfSpeech=PRP] [Text=played CharacterOffsetBegin=560 CharacterOffsetEnd=566 PartOfSpeech=VBD] [Text=the CharacterOffsetBegin=567 CharacterOffsetEnd=570 PartOfSpeech=DT] [Text=scenes CharacterOffsetBegin=571 CharacterOffsetEnd=577 PartOfSpeech=NNS] [Text=in CharacterOffsetBegin=578 CharacterOffsetEnd=580 PartOfSpeech=IN] [Text=slow CharacterOffsetBegin=581 CharacterOffsetEnd=585 PartOfSpeech=JJ] [Text=motion CharacterOffsetBegin=586 CharacterOffsetEnd=592 PartOfSpeech=NN] [Text=you CharacterOffsetBegin=593 CharacterOffsetEnd=596 PartOfSpeech=PRP] [Text=would CharacterOffsetBegin=597 CharacterOffsetEnd=602 PartOfSpeech=MD] [Text=see CharacterOffsetBegin=603 CharacterOffsetEnd=606 PartOfSpeech=VB] [Text=the CharacterOffsetBegin=607 CharacterOffsetEnd=610 PartOfSpeech=DT] [Text=tubes CharacterOffsetBegin=611 CharacterOffsetEnd=616 PartOfSpeech=NNS] [Text=the CharacterOffsetBegin=617 CharacterOffsetEnd=620 PartOfSpeech=DT] [Text=blood CharacterOffsetBegin=621 CharacterOffsetEnd=626 PartOfSpeech=NN] [Text=shoots CharacterOffsetBegin=627 CharacterOffsetEnd=633 PartOfSpeech=VBZ] [Text=out CharacterOffsetBegin=634 CharacterOffsetEnd=637 PartOfSpeech=IN] [Text=of CharacterOffsetBegin=638 CharacterOffsetEnd=640 PartOfSpeech=IN] [Text=. CharacterOffsetBegin=640 CharacterOffsetEnd=641 PartOfSpeech=.] 
root(ROOT-0, surprised-5)
nsubjpass(surprised-5, I-1)
aux(surprised-5, would-2)
neg(surprised-5, not-3)
auxpass(surprised-5, be-4)
mark(played-8, if-6)
nsubj(played-8, you-7)
advcl(see-16, played-8)
det(scenes-10, the-9)
dobj(played-8, scenes-10)
prep(played-8, in-11)
amod(motion-13, slow-12)
pobj(in-11, motion-13)
nsubj(see-16, you-14)
aux(see-16, would-15)
ccomp(surprised-5, see-16)
det(tubes-18, the-17)
dobj(see-16, tubes-18)
det(blood-20, the-19)
nsubj(shoots-21, blood-20)
rcmod(tubes-18, shoots-21)
prep(shoots-21, out-22)
pcomp(out-22, of-23)
punct(surprised-5, .-24)

Sentence #14 (12 tokens):
We had to turn the disc off after only 30 minutes.
[Text=We CharacterOffsetBegin=646 CharacterOffsetEnd=648 PartOfSpeech=PRP] [Text=had CharacterOffsetBegin=649 CharacterOffsetEnd=652 PartOfSpeech=VBD] [Text=to CharacterOffsetBegin=653 CharacterOffsetEnd=655 PartOfSpeech=TO] [Text=turn CharacterOffsetBegin=656 CharacterOffsetEnd=660 PartOfSpeech=VB] [Text=the CharacterOffsetBegin=661 CharacterOffsetEnd=664 PartOfSpeech=DT] [Text=disc CharacterOffsetBegin=665 CharacterOffsetEnd=669 PartOfSpeech=NN] [Text=off CharacterOffsetBegin=670 CharacterOffsetEnd=673 PartOfSpeech=RP] [Text=after CharacterOffsetBegin=674 CharacterOffsetEnd=679 PartOfSpeech=IN] [Text=only CharacterOffsetBegin=680 CharacterOffsetEnd=684 PartOfSpeech=RB] [Text=30 CharacterOffsetBegin=685 CharacterOffsetEnd=687 PartOfSpeech=CD] [Text=minutes CharacterOffsetBegin=688 CharacterOffsetEnd=695 PartOfSpeech=NNS] [Text=. CharacterOffsetBegin=695 CharacterOffsetEnd=696 PartOfSpeech=.] 
root(ROOT-0, had-2)
nsubj(had-2, We-1)
aux(turn-4, to-3)
xcomp(had-2, turn-4)
det(disc-6, the-5)
dobj(turn-4, disc-6)
prt(turn-4, off-7)
prep(turn-4, after-8)
quantmod(30-10, only-9)
num(minutes-11, 30-10)
pobj(after-8, minutes-11)
punct(had-2, .-12)

Sentence #15 (40 tokens):
This so called movies original prints should be destroyed, all disc' and tapes destroyed and all the people associated with the making of the movie have to pay back money to the people that rented the movie.
[Text=This CharacterOffsetBegin=701 CharacterOffsetEnd=705 PartOfSpeech=DT] [Text=so CharacterOffsetBegin=706 CharacterOffsetEnd=708 PartOfSpeech=RB] [Text=called CharacterOffsetBegin=709 CharacterOffsetEnd=715 PartOfSpeech=VBN] [Text=movies CharacterOffsetBegin=716 CharacterOffsetEnd=722 PartOfSpeech=NNS] [Text=original CharacterOffsetBegin=723 CharacterOffsetEnd=731 PartOfSpeech=JJ] [Text=prints CharacterOffsetBegin=732 CharacterOffsetEnd=738 PartOfSpeech=NNS] [Text=should CharacterOffsetBegin=739 CharacterOffsetEnd=745 PartOfSpeech=MD] [Text=be CharacterOffsetBegin=746 CharacterOffsetEnd=748 PartOfSpeech=VB] [Text=destroyed CharacterOffsetBegin=749 CharacterOffsetEnd=758 PartOfSpeech=VBN] [Text=, CharacterOffsetBegin=758 CharacterOffsetEnd=759 PartOfSpeech=,] [Text=all CharacterOffsetBegin=760 CharacterOffsetEnd=763 PartOfSpeech=DT] [Text=disc CharacterOffsetBegin=764 CharacterOffsetEnd=768 PartOfSpeech=NN] [Text=' CharacterOffsetBegin=768 CharacterOffsetEnd=769 PartOfSpeech=''] [Text=and CharacterOffsetBegin=770 CharacterOffsetEnd=773 PartOfSpeech=CC] [Text=tapes CharacterOffsetBegin=774 CharacterOffsetEnd=779 PartOfSpeech=NNS] [Text=destroyed CharacterOffsetBegin=780 CharacterOffsetEnd=789 PartOfSpeech=VBN] [Text=and CharacterOffsetBegin=790 CharacterOffsetEnd=793 PartOfSpeech=CC] [Text=all CharacterOffsetBegin=794 CharacterOffsetEnd=797 PartOfSpeech=PDT] [Text=the CharacterOffsetBegin=798 CharacterOffsetEnd=801 PartOfSpeech=DT] [Text=people CharacterOffsetBegin=802 CharacterOffsetEnd=808 PartOfSpeech=NNS] [Text=associated CharacterOffsetBegin=809 CharacterOffsetEnd=819 PartOfSpeech=VBN] [Text=with CharacterOffsetBegin=820 CharacterOffsetEnd=824 PartOfSpeech=IN] [Text=the CharacterOffsetBegin=825 CharacterOffsetEnd=828 PartOfSpeech=DT] [Text=making CharacterOffsetBegin=829 CharacterOffsetEnd=835 PartOfSpeech=NN] [Text=of CharacterOffsetBegin=836 CharacterOffsetEnd=838 PartOfSpeech=IN] [Text=the CharacterOffsetBegin=839 CharacterOffsetEnd=842 PartOfSpeech=DT] [Text=movie CharacterOffsetBegin=843 CharacterOffsetEnd=848 PartOfSpeech=NN] [Text=have CharacterOffsetBegin=849 CharacterOffsetEnd=853 PartOfSpeech=VBP] [Text=to CharacterOffsetBegin=854 CharacterOffsetEnd=856 PartOfSpeech=TO] [Text=pay CharacterOffsetBegin=857 CharacterOffsetEnd=860 PartOfSpeech=VB] [Text=back CharacterOffsetBegin=861 CharacterOffsetEnd=865 PartOfSpeech=RP] [Text=money CharacterOffsetBegin=866 CharacterOffsetEnd=871 PartOfSpeech=NN] [Text=to CharacterOffsetBegin=872 CharacterOffsetEnd=874 PartOfSpeech=TO] [Text=the CharacterOffsetBegin=875 CharacterOffsetEnd=878 PartOfSpeech=DT] [Text=people CharacterOffsetBegin=879 CharacterOffsetEnd=885 PartOfSpeech=NNS] [Text=that CharacterOffsetBegin=886 CharacterOffsetEnd=890 PartOfSpeech=WDT] [Text=rented CharacterOffsetBegin=891 CharacterOffsetEnd=897 PartOfSpeech=VBD] [Text=the CharacterOffsetBegin=898 CharacterOffsetEnd=901 PartOfSpeech=DT] [Text=movie CharacterOffsetBegin=902 CharacterOffsetEnd=907 PartOfSpeech=NN] [Text=. CharacterOffsetBegin=907 CharacterOffsetEnd=908 PartOfSpeech=.] 
root(ROOT-0, destroyed-16)
nsubj(destroyed-16, This-1)
advmod(called-3, so-2)
partmod(This-1, called-3)
dep(called-3, movies-4)
amod(prints-6, original-5)
nsubjpass(destroyed-9, prints-6)
aux(destroyed-9, should-7)
auxpass(destroyed-9, be-8)
ccomp(movies-4, destroyed-9)
punct(This-1, ,-10)
det(disc-12, all-11)
conj(This-1, disc-12)
punct(disc-12, '-13)
cc(This-1, and-14)
conj(This-1, tapes-15)
cc(destroyed-16, and-17)
predet(people-20, all-18)
det(people-20, the-19)
nsubj(have-28, people-20)
partmod(people-20, associated-21)
prep(associated-21, with-22)
det(making-24, the-23)
pobj(with-22, making-24)
prep(making-24, of-25)
det(movie-27, the-26)
pobj(of-25, movie-27)
conj(destroyed-16, have-28)
aux(pay-30, to-29)
xcomp(have-28, pay-30)
prt(pay-30, back-31)
dobj(pay-30, money-32)
prep(pay-30, to-33)
det(people-35, the-34)
pobj(to-33, people-35)
nsubj(rented-37, that-36)
rcmod(people-35, rented-37)
det(movie-39, the-38)
dobj(rented-37, movie-39)
punct(destroyed-16, .-40)

Sentence #16 (21 tokens):
Then those people should never be allowed to act, direct or film any thing but their own home movies.
[Text=Then CharacterOffsetBegin=913 CharacterOffsetEnd=917 PartOfSpeech=RB] [Text=those CharacterOffsetBegin=918 CharacterOffsetEnd=923 PartOfSpeech=DT] [Text=people CharacterOffsetBegin=924 CharacterOffsetEnd=930 PartOfSpeech=NNS] [Text=should CharacterOffsetBegin=931 CharacterOffsetEnd=937 PartOfSpeech=MD] [Text=never CharacterOffsetBegin=938 CharacterOffsetEnd=943 PartOfSpeech=RB] [Text=be CharacterOffsetBegin=944 CharacterOffsetEnd=946 PartOfSpeech=VB] [Text=allowed CharacterOffsetBegin=947 CharacterOffsetEnd=954 PartOfSpeech=VBN] [Text=to CharacterOffsetBegin=955 CharacterOffsetEnd=957 PartOfSpeech=TO] [Text=act CharacterOffsetBegin=958 CharacterOffsetEnd=961 PartOfSpeech=VB] [Text=, CharacterOffsetBegin=961 CharacterOffsetEnd=962 PartOfSpeech=,] [Text=direct CharacterOffsetBegin=963 CharacterOffsetEnd=969 PartOfSpeech=JJ] [Text=or CharacterOffsetBegin=970 CharacterOffsetEnd=972 PartOfSpeech=CC] [Text=film CharacterOffsetBegin=973 CharacterOffsetEnd=977 PartOfSpeech=NN] [Text=any CharacterOffsetBegin=978 CharacterOffsetEnd=981 PartOfSpeech=DT] [Text=thing CharacterOffsetBegin=982 CharacterOffsetEnd=987 PartOfSpeech=NN] [Text=but CharacterOffsetBegin=988 CharacterOffsetEnd=991 PartOfSpeech=CC] [Text=their CharacterOffsetBegin=992 CharacterOffsetEnd=997 PartOfSpeech=PRP$] [Text=own CharacterOffsetBegin=998 CharacterOffsetEnd=1001 PartOfSpeech=JJ] [Text=home CharacterOffsetBegin=1002 CharacterOffsetEnd=1006 PartOfSpeech=NN] [Text=movies CharacterOffsetBegin=1007 CharacterOffsetEnd=1013 PartOfSpeech=NNS] [Text=. CharacterOffsetBegin=1013 CharacterOffsetEnd=1014 PartOfSpeech=.] 
root(ROOT-0, allowed-7)
advmod(allowed-7, Then-1)
det(people-3, those-2)
nsubjpass(allowed-7, people-3)
aux(allowed-7, should-4)
neg(allowed-7, never-5)
auxpass(allowed-7, be-6)
aux(act-9, to-8)
xcomp(allowed-7, act-9)
punct(act-9, ,-10)
conj(act-9, direct-11)
cc(act-9, or-12)
conj(act-9, film-13)
det(thing-15, any-14)
dobj(act-9, thing-15)
cc(allowed-7, but-16)
poss(movies-20, their-17)
amod(movies-20, own-18)
nn(movies-20, home-19)
conj(allowed-7, movies-20)
punct(allowed-7, .-21)

