Sentence #1 (8 tokens):
This movie provided NOTHING new or worthwhile.
[Text=This CharacterOffsetBegin=4 CharacterOffsetEnd=8 PartOfSpeech=DT] [Text=movie CharacterOffsetBegin=9 CharacterOffsetEnd=14 PartOfSpeech=NN] [Text=provided CharacterOffsetBegin=15 CharacterOffsetEnd=23 PartOfSpeech=VBN] [Text=NOTHING CharacterOffsetBegin=24 CharacterOffsetEnd=31 PartOfSpeech=NNP] [Text=new CharacterOffsetBegin=32 CharacterOffsetEnd=35 PartOfSpeech=JJ] [Text=or CharacterOffsetBegin=36 CharacterOffsetEnd=38 PartOfSpeech=CC] [Text=worthwhile CharacterOffsetBegin=39 CharacterOffsetEnd=49 PartOfSpeech=JJ] [Text=. CharacterOffsetBegin=49 CharacterOffsetEnd=50 PartOfSpeech=.] 
root(ROOT-0, movie-2)
det(movie-2, This-1)
partmod(movie-2, provided-3)
dobj(provided-3, NOTHING-4)
amod(NOTHING-4, new-5)
cc(new-5, or-6)
conj(new-5, worthwhile-7)
punct(movie-2, .-8)

Sentence #2 (27 tokens):
After seeing it, my wife and I both agreed that the studio simply churned this out and could have cared less if it was entertaining.
[Text=After CharacterOffsetBegin=55 CharacterOffsetEnd=60 PartOfSpeech=IN] [Text=seeing CharacterOffsetBegin=61 CharacterOffsetEnd=67 PartOfSpeech=VBG] [Text=it CharacterOffsetBegin=68 CharacterOffsetEnd=70 PartOfSpeech=PRP] [Text=, CharacterOffsetBegin=70 CharacterOffsetEnd=71 PartOfSpeech=,] [Text=my CharacterOffsetBegin=72 CharacterOffsetEnd=74 PartOfSpeech=PRP$] [Text=wife CharacterOffsetBegin=75 CharacterOffsetEnd=79 PartOfSpeech=NN] [Text=and CharacterOffsetBegin=80 CharacterOffsetEnd=83 PartOfSpeech=CC] [Text=I CharacterOffsetBegin=84 CharacterOffsetEnd=85 PartOfSpeech=PRP] [Text=both CharacterOffsetBegin=86 CharacterOffsetEnd=90 PartOfSpeech=DT] [Text=agreed CharacterOffsetBegin=91 CharacterOffsetEnd=97 PartOfSpeech=VBD] [Text=that CharacterOffsetBegin=98 CharacterOffsetEnd=102 PartOfSpeech=IN] [Text=the CharacterOffsetBegin=103 CharacterOffsetEnd=106 PartOfSpeech=DT] [Text=studio CharacterOffsetBegin=107 CharacterOffsetEnd=113 PartOfSpeech=NN] [Text=simply CharacterOffsetBegin=114 CharacterOffsetEnd=120 PartOfSpeech=RB] [Text=churned CharacterOffsetBegin=121 CharacterOffsetEnd=128 PartOfSpeech=VBD] [Text=this CharacterOffsetBegin=129 CharacterOffsetEnd=133 PartOfSpeech=DT] [Text=out CharacterOffsetBegin=134 CharacterOffsetEnd=137 PartOfSpeech=RP] [Text=and CharacterOffsetBegin=138 CharacterOffsetEnd=141 PartOfSpeech=CC] [Text=could CharacterOffsetBegin=142 CharacterOffsetEnd=147 PartOfSpeech=MD] [Text=have CharacterOffsetBegin=148 CharacterOffsetEnd=152 PartOfSpeech=VB] [Text=cared CharacterOffsetBegin=153 CharacterOffsetEnd=158 PartOfSpeech=VBN] [Text=less CharacterOffsetBegin=159 CharacterOffsetEnd=163 PartOfSpeech=RBR] [Text=if CharacterOffsetBegin=164 CharacterOffsetEnd=166 PartOfSpeech=IN] [Text=it CharacterOffsetBegin=167 CharacterOffsetEnd=169 PartOfSpeech=PRP] [Text=was CharacterOffsetBegin=170 CharacterOffsetEnd=173 PartOfSpeech=VBD] [Text=entertaining CharacterOffsetBegin=174 CharacterOffsetEnd=186 PartOfSpeech=JJ] [Text=. CharacterOffsetBegin=186 CharacterOffsetEnd=187 PartOfSpeech=.] 
root(ROOT-0, agreed-10)
prep(agreed-10, After-1)
pcomp(After-1, seeing-2)
dobj(seeing-2, it-3)
punct(agreed-10, ,-4)
poss(wife-6, my-5)
nsubj(agreed-10, wife-6)
cc(wife-6, and-7)
conj(wife-6, I-8)
nsubj(agreed-10, both-9)
mark(churned-15, that-11)
det(studio-13, the-12)
nsubj(churned-15, studio-13)
advmod(churned-15, simply-14)
ccomp(agreed-10, churned-15)
dobj(churned-15, this-16)
prt(churned-15, out-17)
cc(churned-15, and-18)
aux(cared-21, could-19)
aux(cared-21, have-20)
conj(churned-15, cared-21)
advmod(cared-21, less-22)
mark(entertaining-26, if-23)
nsubj(entertaining-26, it-24)
cop(entertaining-26, was-25)
advcl(churned-15, entertaining-26)
punct(agreed-10, .-27)

Sentence #3 (53 tokens):
This is a good example of a "concept only" film--they have a concept about a film and the other details are unimportant because execs KNOW it will make $$ just based on the initial concept.The movie starts with Cruella getting out of prison and going on parole.
[Text=This CharacterOffsetBegin=192 CharacterOffsetEnd=196 PartOfSpeech=DT] [Text=is CharacterOffsetBegin=197 CharacterOffsetEnd=199 PartOfSpeech=VBZ] [Text=a CharacterOffsetBegin=200 CharacterOffsetEnd=201 PartOfSpeech=DT] [Text=good CharacterOffsetBegin=202 CharacterOffsetEnd=206 PartOfSpeech=JJ] [Text=example CharacterOffsetBegin=207 CharacterOffsetEnd=214 PartOfSpeech=NN] [Text=of CharacterOffsetBegin=215 CharacterOffsetEnd=217 PartOfSpeech=IN] [Text=a CharacterOffsetBegin=218 CharacterOffsetEnd=219 PartOfSpeech=DT] [Text=`` CharacterOffsetBegin=220 CharacterOffsetEnd=221 PartOfSpeech=``] [Text=concept CharacterOffsetBegin=221 CharacterOffsetEnd=228 PartOfSpeech=NN] [Text=only CharacterOffsetBegin=229 CharacterOffsetEnd=233 PartOfSpeech=RB] [Text='' CharacterOffsetBegin=233 CharacterOffsetEnd=234 PartOfSpeech=''] [Text=film CharacterOffsetBegin=235 CharacterOffsetEnd=239 PartOfSpeech=NN] [Text=-- CharacterOffsetBegin=239 CharacterOffsetEnd=241 PartOfSpeech=:] [Text=they CharacterOffsetBegin=241 CharacterOffsetEnd=245 PartOfSpeech=PRP] [Text=have CharacterOffsetBegin=246 CharacterOffsetEnd=250 PartOfSpeech=VBP] [Text=a CharacterOffsetBegin=251 CharacterOffsetEnd=252 PartOfSpeech=DT] [Text=concept CharacterOffsetBegin=253 CharacterOffsetEnd=260 PartOfSpeech=NN] [Text=about CharacterOffsetBegin=261 CharacterOffsetEnd=266 PartOfSpeech=IN] [Text=a CharacterOffsetBegin=267 CharacterOffsetEnd=268 PartOfSpeech=DT] [Text=film CharacterOffsetBegin=269 CharacterOffsetEnd=273 PartOfSpeech=NN] [Text=and CharacterOffsetBegin=274 CharacterOffsetEnd=277 PartOfSpeech=CC] [Text=the CharacterOffsetBegin=278 CharacterOffsetEnd=281 PartOfSpeech=DT] [Text=other CharacterOffsetBegin=282 CharacterOffsetEnd=287 PartOfSpeech=JJ] [Text=details CharacterOffsetBegin=288 CharacterOffsetEnd=295 PartOfSpeech=NNS] [Text=are CharacterOffsetBegin=296 CharacterOffsetEnd=299 PartOfSpeech=VBP] [Text=unimportant CharacterOffsetBegin=300 CharacterOffsetEnd=311 PartOfSpeech=JJ] [Text=because CharacterOffsetBegin=312 CharacterOffsetEnd=319 PartOfSpeech=IN] [Text=execs CharacterOffsetBegin=320 CharacterOffsetEnd=325 PartOfSpeech=NNS] [Text=KNOW CharacterOffsetBegin=326 CharacterOffsetEnd=330 PartOfSpeech=VBP] [Text=it CharacterOffsetBegin=331 CharacterOffsetEnd=333 PartOfSpeech=PRP] [Text=will CharacterOffsetBegin=334 CharacterOffsetEnd=338 PartOfSpeech=MD] [Text=make CharacterOffsetBegin=339 CharacterOffsetEnd=343 PartOfSpeech=VB] [Text=$ CharacterOffsetBegin=344 CharacterOffsetEnd=345 PartOfSpeech=$] [Text=$ CharacterOffsetBegin=345 CharacterOffsetEnd=346 PartOfSpeech=$] [Text=just CharacterOffsetBegin=347 CharacterOffsetEnd=351 PartOfSpeech=RB] [Text=based CharacterOffsetBegin=352 CharacterOffsetEnd=357 PartOfSpeech=VBN] [Text=on CharacterOffsetBegin=358 CharacterOffsetEnd=360 PartOfSpeech=IN] [Text=the CharacterOffsetBegin=361 CharacterOffsetEnd=364 PartOfSpeech=DT] [Text=initial CharacterOffsetBegin=365 CharacterOffsetEnd=372 PartOfSpeech=JJ] [Text=concept.The CharacterOffsetBegin=373 CharacterOffsetEnd=384 PartOfSpeech=NN] [Text=movie CharacterOffsetBegin=385 CharacterOffsetEnd=390 PartOfSpeech=NN] [Text=starts CharacterOffsetBegin=391 CharacterOffsetEnd=397 PartOfSpeech=VBZ] [Text=with CharacterOffsetBegin=398 CharacterOffsetEnd=402 PartOfSpeech=IN] [Text=Cruella CharacterOffsetBegin=403 CharacterOffsetEnd=410 PartOfSpeech=NNP] [Text=getting CharacterOffsetBegin=411 CharacterOffsetEnd=418 PartOfSpeech=VBG] [Text=out CharacterOffsetBegin=419 CharacterOffsetEnd=422 PartOfSpeech=IN] [Text=of CharacterOffsetBegin=423 CharacterOffsetEnd=425 PartOfSpeech=IN] [Text=prison CharacterOffsetBegin=426 CharacterOffsetEnd=432 PartOfSpeech=NN] [Text=and CharacterOffsetBegin=433 CharacterOffsetEnd=436 PartOfSpeech=CC] [Text=going CharacterOffsetBegin=437 CharacterOffsetEnd=442 PartOfSpeech=VBG] [Text=on CharacterOffsetBegin=443 CharacterOffsetEnd=445 PartOfSpeech=IN] [Text=parole CharacterOffsetBegin=446 CharacterOffsetEnd=452 PartOfSpeech=NN] [Text=. CharacterOffsetBegin=452 CharacterOffsetEnd=453 PartOfSpeech=.] 
root(ROOT-0, example-5)
nsubj(example-5, This-1)
cop(example-5, is-2)
det(example-5, a-3)
amod(example-5, good-4)
prep(example-5, of-6)
det(concept-9, a-7)
punct(concept-9, ``-8)
pobj(of-6, concept-9)
amod(film-12, only-10)
punct(film-12, ''-11)
nsubj(unimportant-26, film-12)
punct(film-12, ---13)
nsubj(have-15, they-14)
rcmod(film-12, have-15)
det(concept-17, a-16)
dobj(have-15, concept-17)
prep(concept-17, about-18)
det(film-20, a-19)
pobj(about-18, film-20)
cc(film-20, and-21)
det(details-24, the-22)
amod(details-24, other-23)
conj(film-20, details-24)
cop(unimportant-26, are-25)
rcmod(concept-9, unimportant-26)
mark(KNOW-29, because-27)
nsubj(KNOW-29, execs-28)
advcl(unimportant-26, KNOW-29)
nsubj(make-32, it-30)
aux(make-32, will-31)
ccomp(KNOW-29, make-32)
dobj(make-32, $-33)
num($-33, $-34)
advmod(based-36, just-35)
csubj(starts-42, based-36)
prep(based-36, on-37)
det(movie-41, the-38)
amod(movie-41, initial-39)
nn(movie-41, concept.The-40)
pobj(on-37, movie-41)
xcomp(make-32, starts-42)
prep(starts-42, with-43)
nsubj(getting-45, Cruella-44)
pcomp(with-43, getting-45)
prep(getting-45, out-46)
pcomp(out-46, of-47)
pobj(of-47, prison-48)
cc(getting-45, and-49)
conj(getting-45, going-50)
prep(going-50, on-51)
pobj(on-51, parole-52)
punct(example-5, .-53)

Sentence #4 (21 tokens):
She no longer hates puppies but has been programmed to adore them--she simply couldn't hurt a flea.
[Text=She CharacterOffsetBegin=458 CharacterOffsetEnd=461 PartOfSpeech=PRP] [Text=no CharacterOffsetBegin=462 CharacterOffsetEnd=464 PartOfSpeech=RB] [Text=longer CharacterOffsetBegin=465 CharacterOffsetEnd=471 PartOfSpeech=RBR] [Text=hates CharacterOffsetBegin=472 CharacterOffsetEnd=477 PartOfSpeech=VBZ] [Text=puppies CharacterOffsetBegin=478 CharacterOffsetEnd=485 PartOfSpeech=NNS] [Text=but CharacterOffsetBegin=486 CharacterOffsetEnd=489 PartOfSpeech=CC] [Text=has CharacterOffsetBegin=490 CharacterOffsetEnd=493 PartOfSpeech=VBZ] [Text=been CharacterOffsetBegin=494 CharacterOffsetEnd=498 PartOfSpeech=VBN] [Text=programmed CharacterOffsetBegin=499 CharacterOffsetEnd=509 PartOfSpeech=VBN] [Text=to CharacterOffsetBegin=510 CharacterOffsetEnd=512 PartOfSpeech=TO] [Text=adore CharacterOffsetBegin=513 CharacterOffsetEnd=518 PartOfSpeech=VB] [Text=them CharacterOffsetBegin=519 CharacterOffsetEnd=523 PartOfSpeech=PRP] [Text=-- CharacterOffsetBegin=523 CharacterOffsetEnd=525 PartOfSpeech=:] [Text=she CharacterOffsetBegin=525 CharacterOffsetEnd=528 PartOfSpeech=PRP] [Text=simply CharacterOffsetBegin=529 CharacterOffsetEnd=535 PartOfSpeech=RB] [Text=could CharacterOffsetBegin=536 CharacterOffsetEnd=541 PartOfSpeech=MD] [Text=n't CharacterOffsetBegin=541 CharacterOffsetEnd=544 PartOfSpeech=RB] [Text=hurt CharacterOffsetBegin=545 CharacterOffsetEnd=549 PartOfSpeech=VB] [Text=a CharacterOffsetBegin=550 CharacterOffsetEnd=551 PartOfSpeech=DT] [Text=flea CharacterOffsetBegin=552 CharacterOffsetEnd=556 PartOfSpeech=NN] [Text=. CharacterOffsetBegin=556 CharacterOffsetEnd=557 PartOfSpeech=.] 
root(ROOT-0, hates-4)
nsubj(hates-4, She-1)
advmod(longer-3, no-2)
advmod(hates-4, longer-3)
dobj(hates-4, puppies-5)
cc(hates-4, but-6)
aux(programmed-9, has-7)
auxpass(programmed-9, been-8)
conj(hates-4, programmed-9)
aux(adore-11, to-10)
xcomp(programmed-9, adore-11)
dobj(adore-11, them-12)
punct(programmed-9, ---13)
nsubj(hurt-18, she-14)
advmod(hurt-18, simply-15)
aux(hurt-18, could-16)
neg(hurt-18, n't-17)
parataxis(programmed-9, hurt-18)
det(flea-20, a-19)
dobj(hurt-18, flea-20)
punct(hates-4, .-21)

Sentence #5 (18 tokens):
This doesn't last too long after her release and she's back to her old ways.
[Text=This CharacterOffsetBegin=562 CharacterOffsetEnd=566 PartOfSpeech=DT] [Text=does CharacterOffsetBegin=567 CharacterOffsetEnd=571 PartOfSpeech=VBZ] [Text=n't CharacterOffsetBegin=571 CharacterOffsetEnd=574 PartOfSpeech=RB] [Text=last CharacterOffsetBegin=575 CharacterOffsetEnd=579 PartOfSpeech=JJ] [Text=too CharacterOffsetBegin=580 CharacterOffsetEnd=583 PartOfSpeech=RB] [Text=long CharacterOffsetBegin=584 CharacterOffsetEnd=588 PartOfSpeech=RB] [Text=after CharacterOffsetBegin=589 CharacterOffsetEnd=594 PartOfSpeech=IN] [Text=her CharacterOffsetBegin=595 CharacterOffsetEnd=598 PartOfSpeech=PRP$] [Text=release CharacterOffsetBegin=599 CharacterOffsetEnd=606 PartOfSpeech=NN] [Text=and CharacterOffsetBegin=607 CharacterOffsetEnd=610 PartOfSpeech=CC] [Text=she CharacterOffsetBegin=611 CharacterOffsetEnd=614 PartOfSpeech=PRP] [Text='s CharacterOffsetBegin=614 CharacterOffsetEnd=616 PartOfSpeech=VBZ] [Text=back CharacterOffsetBegin=617 CharacterOffsetEnd=621 PartOfSpeech=RB] [Text=to CharacterOffsetBegin=622 CharacterOffsetEnd=624 PartOfSpeech=TO] [Text=her CharacterOffsetBegin=625 CharacterOffsetEnd=628 PartOfSpeech=PRP$] [Text=old CharacterOffsetBegin=629 CharacterOffsetEnd=632 PartOfSpeech=JJ] [Text=ways CharacterOffsetBegin=633 CharacterOffsetEnd=637 PartOfSpeech=NNS] [Text=. CharacterOffsetBegin=637 CharacterOffsetEnd=638 PartOfSpeech=.] 
root(ROOT-0, last-4)
nsubj(last-4, This-1)
aux(last-4, does-2)
neg(last-4, n't-3)
advmod(long-6, too-5)
advmod(last-4, long-6)
prep(long-6, after-7)
poss(release-9, her-8)
pobj(after-7, release-9)
cc(last-4, and-10)
nsubj('s-12, she-11)
conj(last-4, 's-12)
advmod('s-12, back-13)
prep(back-13, to-14)
poss(ways-17, her-15)
amod(ways-17, old-16)
pobj(to-14, ways-17)
punct(last-4, .-18)

Sentence #6 (12 tokens):
Period.The most annoying aspects of the movie were the supporting characters.
[Text=Period.The CharacterOffsetBegin=643 CharacterOffsetEnd=653 PartOfSpeech=NNP] [Text=most CharacterOffsetBegin=654 CharacterOffsetEnd=658 PartOfSpeech=RBS] [Text=annoying CharacterOffsetBegin=659 CharacterOffsetEnd=667 PartOfSpeech=JJ] [Text=aspects CharacterOffsetBegin=668 CharacterOffsetEnd=675 PartOfSpeech=NNS] [Text=of CharacterOffsetBegin=676 CharacterOffsetEnd=678 PartOfSpeech=IN] [Text=the CharacterOffsetBegin=679 CharacterOffsetEnd=682 PartOfSpeech=DT] [Text=movie CharacterOffsetBegin=683 CharacterOffsetEnd=688 PartOfSpeech=NN] [Text=were CharacterOffsetBegin=689 CharacterOffsetEnd=693 PartOfSpeech=VBD] [Text=the CharacterOffsetBegin=694 CharacterOffsetEnd=697 PartOfSpeech=DT] [Text=supporting CharacterOffsetBegin=698 CharacterOffsetEnd=708 PartOfSpeech=VBG] [Text=characters CharacterOffsetBegin=709 CharacterOffsetEnd=719 PartOfSpeech=NNS] [Text=. CharacterOffsetBegin=719 CharacterOffsetEnd=720 PartOfSpeech=.] 
root(ROOT-0, characters-11)
nn(aspects-4, Period.The-1)
advmod(annoying-3, most-2)
amod(aspects-4, annoying-3)
nsubj(characters-11, aspects-4)
prep(aspects-4, of-5)
det(movie-7, the-6)
pobj(of-5, movie-7)
cop(characters-11, were-8)
det(characters-11, the-9)
amod(characters-11, supporting-10)
punct(characters-11, .-12)

Sentence #7 (26 tokens):
Eric Idle as the voice of Waddlesworth the bird made me HATE him--and that is TOUGH considering I am a die-hard Python fan.
[Text=Eric CharacterOffsetBegin=725 CharacterOffsetEnd=729 PartOfSpeech=NNP] [Text=Idle CharacterOffsetBegin=730 CharacterOffsetEnd=734 PartOfSpeech=NNP] [Text=as CharacterOffsetBegin=735 CharacterOffsetEnd=737 PartOfSpeech=IN] [Text=the CharacterOffsetBegin=738 CharacterOffsetEnd=741 PartOfSpeech=DT] [Text=voice CharacterOffsetBegin=742 CharacterOffsetEnd=747 PartOfSpeech=NN] [Text=of CharacterOffsetBegin=748 CharacterOffsetEnd=750 PartOfSpeech=IN] [Text=Waddlesworth CharacterOffsetBegin=751 CharacterOffsetEnd=763 PartOfSpeech=NNP] [Text=the CharacterOffsetBegin=764 CharacterOffsetEnd=767 PartOfSpeech=DT] [Text=bird CharacterOffsetBegin=768 CharacterOffsetEnd=772 PartOfSpeech=NN] [Text=made CharacterOffsetBegin=773 CharacterOffsetEnd=777 PartOfSpeech=VBD] [Text=me CharacterOffsetBegin=778 CharacterOffsetEnd=780 PartOfSpeech=PRP] [Text=HATE CharacterOffsetBegin=781 CharacterOffsetEnd=785 PartOfSpeech=VB] [Text=him CharacterOffsetBegin=786 CharacterOffsetEnd=789 PartOfSpeech=PRP] [Text=-- CharacterOffsetBegin=789 CharacterOffsetEnd=791 PartOfSpeech=:] [Text=and CharacterOffsetBegin=791 CharacterOffsetEnd=794 PartOfSpeech=CC] [Text=that CharacterOffsetBegin=795 CharacterOffsetEnd=799 PartOfSpeech=DT] [Text=is CharacterOffsetBegin=800 CharacterOffsetEnd=802 PartOfSpeech=VBZ] [Text=TOUGH CharacterOffsetBegin=803 CharacterOffsetEnd=808 PartOfSpeech=JJ] [Text=considering CharacterOffsetBegin=809 CharacterOffsetEnd=820 PartOfSpeech=VBG] [Text=I CharacterOffsetBegin=821 CharacterOffsetEnd=822 PartOfSpeech=PRP] [Text=am CharacterOffsetBegin=823 CharacterOffsetEnd=825 PartOfSpeech=VBP] [Text=a CharacterOffsetBegin=826 CharacterOffsetEnd=827 PartOfSpeech=DT] [Text=die-hard CharacterOffsetBegin=828 CharacterOffsetEnd=836 PartOfSpeech=JJ] [Text=Python CharacterOffsetBegin=837 CharacterOffsetEnd=843 PartOfSpeech=NNP] [Text=fan CharacterOffsetBegin=844 CharacterOffsetEnd=847 PartOfSpeech=NN] [Text=. CharacterOffsetBegin=847 CharacterOffsetEnd=848 PartOfSpeech=.] 
root(ROOT-0, TOUGH-18)
nn(Idle-2, Eric-1)
nsubj(TOUGH-18, Idle-2)
prep(Idle-2, as-3)
det(voice-5, the-4)
pobj(as-3, voice-5)
prep(voice-5, of-6)
pobj(of-6, Waddlesworth-7)
det(bird-9, the-8)
nsubj(made-10, bird-9)
rcmod(Waddlesworth-7, made-10)
nsubj(HATE-12, me-11)
xcomp(made-10, HATE-12)
dobj(HATE-12, him-13)
punct(Idle-2, ---14)
cc(Idle-2, and-15)
conj(Idle-2, that-16)
cop(TOUGH-18, is-17)
xcomp(TOUGH-18, considering-19)
nsubj(fan-25, I-20)
cop(fan-25, am-21)
det(fan-25, a-22)
amod(fan-25, die-hard-23)
nn(fan-25, Python-24)
ccomp(considering-19, fan-25)
punct(TOUGH-18, .-26)

Sentence #8 (23 tokens):
It was obvious he did this because they gave him lots of money (there can't be any other reason).
[Text=It CharacterOffsetBegin=853 CharacterOffsetEnd=855 PartOfSpeech=PRP] [Text=was CharacterOffsetBegin=856 CharacterOffsetEnd=859 PartOfSpeech=VBD] [Text=obvious CharacterOffsetBegin=860 CharacterOffsetEnd=867 PartOfSpeech=JJ] [Text=he CharacterOffsetBegin=868 CharacterOffsetEnd=870 PartOfSpeech=PRP] [Text=did CharacterOffsetBegin=871 CharacterOffsetEnd=874 PartOfSpeech=VBD] [Text=this CharacterOffsetBegin=875 CharacterOffsetEnd=879 PartOfSpeech=DT] [Text=because CharacterOffsetBegin=880 CharacterOffsetEnd=887 PartOfSpeech=IN] [Text=they CharacterOffsetBegin=888 CharacterOffsetEnd=892 PartOfSpeech=PRP] [Text=gave CharacterOffsetBegin=893 CharacterOffsetEnd=897 PartOfSpeech=VBD] [Text=him CharacterOffsetBegin=898 CharacterOffsetEnd=901 PartOfSpeech=PRP] [Text=lots CharacterOffsetBegin=902 CharacterOffsetEnd=906 PartOfSpeech=NNS] [Text=of CharacterOffsetBegin=907 CharacterOffsetEnd=909 PartOfSpeech=IN] [Text=money CharacterOffsetBegin=910 CharacterOffsetEnd=915 PartOfSpeech=NN] [Text=-LRB- CharacterOffsetBegin=916 CharacterOffsetEnd=917 PartOfSpeech=-LRB-] [Text=there CharacterOffsetBegin=917 CharacterOffsetEnd=922 PartOfSpeech=EX] [Text=ca CharacterOffsetBegin=923 CharacterOffsetEnd=925 PartOfSpeech=MD] [Text=n't CharacterOffsetBegin=925 CharacterOffsetEnd=928 PartOfSpeech=RB] [Text=be CharacterOffsetBegin=929 CharacterOffsetEnd=931 PartOfSpeech=VB] [Text=any CharacterOffsetBegin=932 CharacterOffsetEnd=935 PartOfSpeech=DT] [Text=other CharacterOffsetBegin=936 CharacterOffsetEnd=941 PartOfSpeech=JJ] [Text=reason CharacterOffsetBegin=942 CharacterOffsetEnd=948 PartOfSpeech=NN] [Text=-RRB- CharacterOffsetBegin=948 CharacterOffsetEnd=949 PartOfSpeech=-RRB-] [Text=. CharacterOffsetBegin=949 CharacterOffsetEnd=950 PartOfSpeech=.] 
root(ROOT-0, obvious-3)
nsubj(obvious-3, It-1)
cop(obvious-3, was-2)
nsubj(did-5, he-4)
ccomp(obvious-3, did-5)
dobj(did-5, this-6)
mark(gave-9, because-7)
nsubj(gave-9, they-8)
advcl(obvious-3, gave-9)
iobj(gave-9, him-10)
dobj(gave-9, lots-11)
prep(lots-11, of-12)
pobj(of-12, money-13)
punct(reason-21, -LRB--14)
expl(reason-21, there-15)
aux(reason-21, ca-16)
neg(reason-21, n't-17)
cop(reason-21, be-18)
det(reason-21, any-19)
amod(reason-21, other-20)
appos(lots-11, reason-21)
punct(reason-21, -RRB--22)
punct(obvious-3, .-23)

Sentence #9 (25 tokens):
Cruella's low self-esteem servant, Tim McInnerny, was funny in the Black Adder shows but here he is totally wasted and unfunny.
[Text=Cruella CharacterOffsetBegin=955 CharacterOffsetEnd=962 PartOfSpeech=NNP] [Text='s CharacterOffsetBegin=962 CharacterOffsetEnd=964 PartOfSpeech=POS] [Text=low CharacterOffsetBegin=965 CharacterOffsetEnd=968 PartOfSpeech=JJ] [Text=self-esteem CharacterOffsetBegin=969 CharacterOffsetEnd=980 PartOfSpeech=NN] [Text=servant CharacterOffsetBegin=981 CharacterOffsetEnd=988 PartOfSpeech=NN] [Text=, CharacterOffsetBegin=988 CharacterOffsetEnd=989 PartOfSpeech=,] [Text=Tim CharacterOffsetBegin=990 CharacterOffsetEnd=993 PartOfSpeech=NNP] [Text=McInnerny CharacterOffsetBegin=994 CharacterOffsetEnd=1003 PartOfSpeech=NNP] [Text=, CharacterOffsetBegin=1003 CharacterOffsetEnd=1004 PartOfSpeech=,] [Text=was CharacterOffsetBegin=1005 CharacterOffsetEnd=1008 PartOfSpeech=VBD] [Text=funny CharacterOffsetBegin=1009 CharacterOffsetEnd=1014 PartOfSpeech=JJ] [Text=in CharacterOffsetBegin=1015 CharacterOffsetEnd=1017 PartOfSpeech=IN] [Text=the CharacterOffsetBegin=1018 CharacterOffsetEnd=1021 PartOfSpeech=DT] [Text=Black CharacterOffsetBegin=1022 CharacterOffsetEnd=1027 PartOfSpeech=JJ] [Text=Adder CharacterOffsetBegin=1028 CharacterOffsetEnd=1033 PartOfSpeech=NN] [Text=shows CharacterOffsetBegin=1034 CharacterOffsetEnd=1039 PartOfSpeech=NNS] [Text=but CharacterOffsetBegin=1040 CharacterOffsetEnd=1043 PartOfSpeech=CC] [Text=here CharacterOffsetBegin=1044 CharacterOffsetEnd=1048 PartOfSpeech=RB] [Text=he CharacterOffsetBegin=1049 CharacterOffsetEnd=1051 PartOfSpeech=PRP] [Text=is CharacterOffsetBegin=1052 CharacterOffsetEnd=1054 PartOfSpeech=VBZ] [Text=totally CharacterOffsetBegin=1055 CharacterOffsetEnd=1062 PartOfSpeech=RB] [Text=wasted CharacterOffsetBegin=1063 CharacterOffsetEnd=1069 PartOfSpeech=VBN] [Text=and CharacterOffsetBegin=1070 CharacterOffsetEnd=1073 PartOfSpeech=CC] [Text=unfunny CharacterOffsetBegin=1074 CharacterOffsetEnd=1081 PartOfSpeech=JJ] [Text=. CharacterOffsetBegin=1081 CharacterOffsetEnd=1082 PartOfSpeech=.] 
root(ROOT-0, funny-11)
poss(servant-5, Cruella-1)
possessive(Cruella-1, 's-2)
amod(servant-5, low-3)
nn(servant-5, self-esteem-4)
nsubj(funny-11, servant-5)
punct(servant-5, ,-6)
nn(McInnerny-8, Tim-7)
appos(servant-5, McInnerny-8)
punct(servant-5, ,-9)
cop(funny-11, was-10)
prep(funny-11, in-12)
det(Adder-15, the-13)
amod(Adder-15, Black-14)
nsubj(shows-16, Adder-15)
pobj(in-12, shows-16)
cc(funny-11, but-17)
advmod(wasted-22, here-18)
nsubjpass(wasted-22, he-19)
auxpass(wasted-22, is-20)
advmod(wasted-22, totally-21)
conj(funny-11, wasted-22)
cc(wasted-22, and-23)
conj(wasted-22, unfunny-24)
punct(funny-11, .-25)

Sentence #10 (20 tokens):
And it must have cost a few bucks to get Grard Depardieu but he was utterly wasted as well.
[Text=And CharacterOffsetBegin=1087 CharacterOffsetEnd=1090 PartOfSpeech=CC] [Text=it CharacterOffsetBegin=1091 CharacterOffsetEnd=1093 PartOfSpeech=PRP] [Text=must CharacterOffsetBegin=1094 CharacterOffsetEnd=1098 PartOfSpeech=MD] [Text=have CharacterOffsetBegin=1099 CharacterOffsetEnd=1103 PartOfSpeech=VB] [Text=cost CharacterOffsetBegin=1104 CharacterOffsetEnd=1108 PartOfSpeech=VBN] [Text=a CharacterOffsetBegin=1109 CharacterOffsetEnd=1110 PartOfSpeech=DT] [Text=few CharacterOffsetBegin=1111 CharacterOffsetEnd=1114 PartOfSpeech=JJ] [Text=bucks CharacterOffsetBegin=1115 CharacterOffsetEnd=1120 PartOfSpeech=NNS] [Text=to CharacterOffsetBegin=1121 CharacterOffsetEnd=1123 PartOfSpeech=TO] [Text=get CharacterOffsetBegin=1124 CharacterOffsetEnd=1127 PartOfSpeech=VB] [Text=Grard CharacterOffsetBegin=1128 CharacterOffsetEnd=1133 PartOfSpeech=NNP] [Text=Depardieu CharacterOffsetBegin=1134 CharacterOffsetEnd=1143 PartOfSpeech=NNP] [Text=but CharacterOffsetBegin=1144 CharacterOffsetEnd=1147 PartOfSpeech=CC] [Text=he CharacterOffsetBegin=1148 CharacterOffsetEnd=1150 PartOfSpeech=PRP] [Text=was CharacterOffsetBegin=1151 CharacterOffsetEnd=1154 PartOfSpeech=VBD] [Text=utterly CharacterOffsetBegin=1155 CharacterOffsetEnd=1162 PartOfSpeech=RB] [Text=wasted CharacterOffsetBegin=1163 CharacterOffsetEnd=1169 PartOfSpeech=VBN] [Text=as CharacterOffsetBegin=1170 CharacterOffsetEnd=1172 PartOfSpeech=RB] [Text=well CharacterOffsetBegin=1173 CharacterOffsetEnd=1177 PartOfSpeech=RB] [Text=. CharacterOffsetBegin=1177 CharacterOffsetEnd=1178 PartOfSpeech=.] 
root(ROOT-0, cost-5)
cc(cost-5, And-1)
nsubj(cost-5, it-2)
aux(cost-5, must-3)
aux(cost-5, have-4)
det(bucks-8, a-6)
amod(bucks-8, few-7)
dobj(cost-5, bucks-8)
aux(get-10, to-9)
xcomp(cost-5, get-10)
nn(Depardieu-12, Grard-11)
dobj(get-10, Depardieu-12)
cc(cost-5, but-13)
nsubjpass(wasted-17, he-14)
auxpass(wasted-17, was-15)
advmod(wasted-17, utterly-16)
conj(cost-5, wasted-17)
advmod(well-19, as-18)
advmod(wasted-17, well-19)
punct(cost-5, .-20)

Sentence #11 (47 tokens):
There were some other supporting actors as well but given how poorly written the characters were, I am trying to block them out of my mind.Overall, you'd be better just to let your kids watch television than bother letting them see this drivel.
[Text=There CharacterOffsetBegin=1183 CharacterOffsetEnd=1188 PartOfSpeech=EX] [Text=were CharacterOffsetBegin=1189 CharacterOffsetEnd=1193 PartOfSpeech=VBD] [Text=some CharacterOffsetBegin=1194 CharacterOffsetEnd=1198 PartOfSpeech=DT] [Text=other CharacterOffsetBegin=1199 CharacterOffsetEnd=1204 PartOfSpeech=JJ] [Text=supporting CharacterOffsetBegin=1205 CharacterOffsetEnd=1215 PartOfSpeech=VBG] [Text=actors CharacterOffsetBegin=1216 CharacterOffsetEnd=1222 PartOfSpeech=NNS] [Text=as CharacterOffsetBegin=1223 CharacterOffsetEnd=1225 PartOfSpeech=RB] [Text=well CharacterOffsetBegin=1226 CharacterOffsetEnd=1230 PartOfSpeech=RB] [Text=but CharacterOffsetBegin=1231 CharacterOffsetEnd=1234 PartOfSpeech=CC] [Text=given CharacterOffsetBegin=1235 CharacterOffsetEnd=1240 PartOfSpeech=VBN] [Text=how CharacterOffsetBegin=1241 CharacterOffsetEnd=1244 PartOfSpeech=WRB] [Text=poorly CharacterOffsetBegin=1245 CharacterOffsetEnd=1251 PartOfSpeech=RB] [Text=written CharacterOffsetBegin=1252 CharacterOffsetEnd=1259 PartOfSpeech=VBN] [Text=the CharacterOffsetBegin=1260 CharacterOffsetEnd=1263 PartOfSpeech=DT] [Text=characters CharacterOffsetBegin=1264 CharacterOffsetEnd=1274 PartOfSpeech=NNS] [Text=were CharacterOffsetBegin=1275 CharacterOffsetEnd=1279 PartOfSpeech=VBD] [Text=, CharacterOffsetBegin=1279 CharacterOffsetEnd=1280 PartOfSpeech=,] [Text=I CharacterOffsetBegin=1281 CharacterOffsetEnd=1282 PartOfSpeech=PRP] [Text=am CharacterOffsetBegin=1283 CharacterOffsetEnd=1285 PartOfSpeech=VBP] [Text=trying CharacterOffsetBegin=1286 CharacterOffsetEnd=1292 PartOfSpeech=VBG] [Text=to CharacterOffsetBegin=1293 CharacterOffsetEnd=1295 PartOfSpeech=TO] [Text=block CharacterOffsetBegin=1296 CharacterOffsetEnd=1301 PartOfSpeech=VB] [Text=them CharacterOffsetBegin=1302 CharacterOffsetEnd=1306 PartOfSpeech=PRP] [Text=out CharacterOffsetBegin=1307 CharacterOffsetEnd=1310 PartOfSpeech=IN] [Text=of CharacterOffsetBegin=1311 CharacterOffsetEnd=1313 PartOfSpeech=IN] [Text=my CharacterOffsetBegin=1314 CharacterOffsetEnd=1316 PartOfSpeech=PRP$] [Text=mind.Overall CharacterOffsetBegin=1317 CharacterOffsetEnd=1329 PartOfSpeech=NN] [Text=, CharacterOffsetBegin=1329 CharacterOffsetEnd=1330 PartOfSpeech=,] [Text=you CharacterOffsetBegin=1331 CharacterOffsetEnd=1334 PartOfSpeech=PRP] [Text='d CharacterOffsetBegin=1334 CharacterOffsetEnd=1336 PartOfSpeech=MD] [Text=be CharacterOffsetBegin=1337 CharacterOffsetEnd=1339 PartOfSpeech=VB] [Text=better CharacterOffsetBegin=1340 CharacterOffsetEnd=1346 PartOfSpeech=RB] [Text=just CharacterOffsetBegin=1347 CharacterOffsetEnd=1351 PartOfSpeech=RB] [Text=to CharacterOffsetBegin=1352 CharacterOffsetEnd=1354 PartOfSpeech=TO] [Text=let CharacterOffsetBegin=1355 CharacterOffsetEnd=1358 PartOfSpeech=VB] [Text=your CharacterOffsetBegin=1359 CharacterOffsetEnd=1363 PartOfSpeech=PRP$] [Text=kids CharacterOffsetBegin=1364 CharacterOffsetEnd=1368 PartOfSpeech=NNS] [Text=watch CharacterOffsetBegin=1369 CharacterOffsetEnd=1374 PartOfSpeech=VBP] [Text=television CharacterOffsetBegin=1375 CharacterOffsetEnd=1385 PartOfSpeech=NN] [Text=than CharacterOffsetBegin=1386 CharacterOffsetEnd=1390 PartOfSpeech=IN] [Text=bother CharacterOffsetBegin=1391 CharacterOffsetEnd=1397 PartOfSpeech=VB] [Text=letting CharacterOffsetBegin=1398 CharacterOffsetEnd=1405 PartOfSpeech=VBG] [Text=them CharacterOffsetBegin=1406 CharacterOffsetEnd=1410 PartOfSpeech=PRP] [Text=see CharacterOffsetBegin=1411 CharacterOffsetEnd=1414 PartOfSpeech=VB] [Text=this CharacterOffsetBegin=1415 CharacterOffsetEnd=1419 PartOfSpeech=DT] [Text=drivel CharacterOffsetBegin=1420 CharacterOffsetEnd=1426 PartOfSpeech=NN] [Text=. CharacterOffsetBegin=1426 CharacterOffsetEnd=1427 PartOfSpeech=.] 
root(ROOT-0, were-2)
expl(were-2, There-1)
det(actors-6, some-3)
amod(actors-6, other-4)
amod(actors-6, supporting-5)
nsubj(were-2, actors-6)
advmod(well-8, as-7)
advmod(actors-6, well-8)
cc(well-8, but-9)
conj(well-8, given-10)
advmod(written-13, how-11)
advmod(written-13, poorly-12)
dep(well-8, written-13)
det(characters-15, the-14)
nsubj(were-16, characters-15)
ccomp(written-13, were-16)
punct(actors-6, ,-17)
nsubj(trying-20, I-18)
aux(trying-20, am-19)
rcmod(actors-6, trying-20)
aux(block-22, to-21)
xcomp(trying-20, block-22)
dobj(block-22, them-23)
prep(block-22, out-24)
pcomp(out-24, of-25)
poss(mind.Overall-27, my-26)
pobj(of-25, mind.Overall-27)
punct(actors-6, ,-28)
nsubj(better-32, you-29)
aux(better-32, 'd-30)
cop(better-32, be-31)
rcmod(actors-6, better-32)
advmod(let-35, just-33)
aux(let-35, to-34)
xcomp(better-32, let-35)
poss(kids-37, your-36)
nsubj(watch-38, kids-37)
ccomp(let-35, watch-38)
dobj(watch-38, television-39)
prep(television-39, than-40)
pcomp(than-40, bother-41)
xcomp(bother-41, letting-42)
nsubj(see-44, them-43)
ccomp(letting-42, see-44)
det(drivel-46, this-45)
dobj(see-44, drivel-46)
punct(were-2, .-47)

