Sentence #1 (13 tokens):
Evidently when you offer a actor enough money they will do anything.
[Text=Evidently CharacterOffsetBegin=4 CharacterOffsetEnd=13 PartOfSpeech=RB] [Text=when CharacterOffsetBegin=14 CharacterOffsetEnd=18 PartOfSpeech=WRB] [Text=you CharacterOffsetBegin=19 CharacterOffsetEnd=22 PartOfSpeech=PRP] [Text=offer CharacterOffsetBegin=23 CharacterOffsetEnd=28 PartOfSpeech=VBP] [Text=a CharacterOffsetBegin=29 CharacterOffsetEnd=30 PartOfSpeech=DT] [Text=actor CharacterOffsetBegin=31 CharacterOffsetEnd=36 PartOfSpeech=NN] [Text=enough CharacterOffsetBegin=37 CharacterOffsetEnd=43 PartOfSpeech=JJ] [Text=money CharacterOffsetBegin=44 CharacterOffsetEnd=49 PartOfSpeech=NN] [Text=they CharacterOffsetBegin=50 CharacterOffsetEnd=54 PartOfSpeech=PRP] [Text=will CharacterOffsetBegin=55 CharacterOffsetEnd=59 PartOfSpeech=MD] [Text=do CharacterOffsetBegin=60 CharacterOffsetEnd=62 PartOfSpeech=VB] [Text=anything CharacterOffsetBegin=63 CharacterOffsetEnd=71 PartOfSpeech=NN] [Text=. CharacterOffsetBegin=71 CharacterOffsetEnd=72 PartOfSpeech=.] 
root(ROOT-0, Evidently-1)
advmod(offer-4, when-2)
nsubj(offer-4, you-3)
dep(Evidently-1, offer-4)
det(actor-6, a-5)
dobj(offer-4, actor-6)
amod(money-8, enough-7)
dobj(actor-6, money-8)
nsubj(do-11, they-9)
aux(do-11, will-10)
rcmod(money-8, do-11)
dobj(do-11, anything-12)
punct(Evidently-1, .-13)

Sentence #2 (35 tokens):
I am not sure how much John Rys-Daves got, but most of the money he made should go to his fans as an apology for even being associated with such a ROTTEN movie.
[Text=I CharacterOffsetBegin=77 CharacterOffsetEnd=78 PartOfSpeech=PRP] [Text=am CharacterOffsetBegin=79 CharacterOffsetEnd=81 PartOfSpeech=VBP] [Text=not CharacterOffsetBegin=82 CharacterOffsetEnd=85 PartOfSpeech=RB] [Text=sure CharacterOffsetBegin=86 CharacterOffsetEnd=90 PartOfSpeech=JJ] [Text=how CharacterOffsetBegin=91 CharacterOffsetEnd=94 PartOfSpeech=WRB] [Text=much CharacterOffsetBegin=95 CharacterOffsetEnd=99 PartOfSpeech=JJ] [Text=John CharacterOffsetBegin=100 CharacterOffsetEnd=104 PartOfSpeech=NNP] [Text=Rys-Daves CharacterOffsetBegin=105 CharacterOffsetEnd=114 PartOfSpeech=NNP] [Text=got CharacterOffsetBegin=115 CharacterOffsetEnd=118 PartOfSpeech=VBD] [Text=, CharacterOffsetBegin=118 CharacterOffsetEnd=119 PartOfSpeech=,] [Text=but CharacterOffsetBegin=120 CharacterOffsetEnd=123 PartOfSpeech=CC] [Text=most CharacterOffsetBegin=124 CharacterOffsetEnd=128 PartOfSpeech=JJS] [Text=of CharacterOffsetBegin=129 CharacterOffsetEnd=131 PartOfSpeech=IN] [Text=the CharacterOffsetBegin=132 CharacterOffsetEnd=135 PartOfSpeech=DT] [Text=money CharacterOffsetBegin=136 CharacterOffsetEnd=141 PartOfSpeech=NN] [Text=he CharacterOffsetBegin=142 CharacterOffsetEnd=144 PartOfSpeech=PRP] [Text=made CharacterOffsetBegin=145 CharacterOffsetEnd=149 PartOfSpeech=VBD] [Text=should CharacterOffsetBegin=150 CharacterOffsetEnd=156 PartOfSpeech=MD] [Text=go CharacterOffsetBegin=157 CharacterOffsetEnd=159 PartOfSpeech=VB] [Text=to CharacterOffsetBegin=160 CharacterOffsetEnd=162 PartOfSpeech=TO] [Text=his CharacterOffsetBegin=163 CharacterOffsetEnd=166 PartOfSpeech=PRP$] [Text=fans CharacterOffsetBegin=167 CharacterOffsetEnd=171 PartOfSpeech=NNS] [Text=as CharacterOffsetBegin=172 CharacterOffsetEnd=174 PartOfSpeech=IN] [Text=an CharacterOffsetBegin=175 CharacterOffsetEnd=177 PartOfSpeech=DT] [Text=apology CharacterOffsetBegin=178 CharacterOffsetEnd=185 PartOfSpeech=NN] [Text=for CharacterOffsetBegin=186 CharacterOffsetEnd=189 PartOfSpeech=IN] [Text=even CharacterOffsetBegin=190 CharacterOffsetEnd=194 PartOfSpeech=RB] [Text=being CharacterOffsetBegin=195 CharacterOffsetEnd=200 PartOfSpeech=VBG] [Text=associated CharacterOffsetBegin=201 CharacterOffsetEnd=211 PartOfSpeech=VBN] [Text=with CharacterOffsetBegin=212 CharacterOffsetEnd=216 PartOfSpeech=IN] [Text=such CharacterOffsetBegin=217 CharacterOffsetEnd=221 PartOfSpeech=JJ] [Text=a CharacterOffsetBegin=222 CharacterOffsetEnd=223 PartOfSpeech=DT] [Text=ROTTEN CharacterOffsetBegin=224 CharacterOffsetEnd=230 PartOfSpeech=JJ] [Text=movie CharacterOffsetBegin=231 CharacterOffsetEnd=236 PartOfSpeech=NN] [Text=. CharacterOffsetBegin=236 CharacterOffsetEnd=237 PartOfSpeech=.] 
root(ROOT-0, sure-4)
nsubj(sure-4, I-1)
cop(sure-4, am-2)
neg(sure-4, not-3)
advmod(much-6, how-5)
advmod(got-9, much-6)
nn(Rys-Daves-8, John-7)
nsubj(got-9, Rys-Daves-8)
ccomp(sure-4, got-9)
punct(sure-4, ,-10)
cc(sure-4, but-11)
dobj(made-17, most-12)
prep(most-12, of-13)
det(money-15, the-14)
pobj(of-13, money-15)
nsubj(made-17, he-16)
conj(sure-4, made-17)
aux(go-19, should-18)
ccomp(made-17, go-19)
prep(go-19, to-20)
poss(fans-22, his-21)
pobj(to-20, fans-22)
prep(go-19, as-23)
det(apology-25, an-24)
pobj(as-23, apology-25)
prep(apology-25, for-26)
advmod(associated-29, even-27)
auxpass(associated-29, being-28)
pcomp(for-26, associated-29)
prep(associated-29, with-30)
amod(movie-34, such-31)
det(movie-34, a-32)
amod(movie-34, ROTTEN-33)
pobj(with-30, movie-34)
punct(sure-4, .-35)

Sentence #3 (26 tokens):
The special effects were worse then effects from the 1950's B movies and the acting of the rest of the cast was even worse.
[Text=The CharacterOffsetBegin=242 CharacterOffsetEnd=245 PartOfSpeech=DT] [Text=special CharacterOffsetBegin=246 CharacterOffsetEnd=253 PartOfSpeech=JJ] [Text=effects CharacterOffsetBegin=254 CharacterOffsetEnd=261 PartOfSpeech=NNS] [Text=were CharacterOffsetBegin=262 CharacterOffsetEnd=266 PartOfSpeech=VBD] [Text=worse CharacterOffsetBegin=267 CharacterOffsetEnd=272 PartOfSpeech=JJR] [Text=then CharacterOffsetBegin=273 CharacterOffsetEnd=277 PartOfSpeech=RB] [Text=effects CharacterOffsetBegin=278 CharacterOffsetEnd=285 PartOfSpeech=NNS] [Text=from CharacterOffsetBegin=286 CharacterOffsetEnd=290 PartOfSpeech=IN] [Text=the CharacterOffsetBegin=291 CharacterOffsetEnd=294 PartOfSpeech=DT] [Text=1950 CharacterOffsetBegin=295 CharacterOffsetEnd=299 PartOfSpeech=CD] [Text='s CharacterOffsetBegin=299 CharacterOffsetEnd=301 PartOfSpeech=POS] [Text=B CharacterOffsetBegin=302 CharacterOffsetEnd=303 PartOfSpeech=NN] [Text=movies CharacterOffsetBegin=304 CharacterOffsetEnd=310 PartOfSpeech=NNS] [Text=and CharacterOffsetBegin=311 CharacterOffsetEnd=314 PartOfSpeech=CC] [Text=the CharacterOffsetBegin=315 CharacterOffsetEnd=318 PartOfSpeech=DT] [Text=acting CharacterOffsetBegin=319 CharacterOffsetEnd=325 PartOfSpeech=NN] [Text=of CharacterOffsetBegin=326 CharacterOffsetEnd=328 PartOfSpeech=IN] [Text=the CharacterOffsetBegin=329 CharacterOffsetEnd=332 PartOfSpeech=DT] [Text=rest CharacterOffsetBegin=333 CharacterOffsetEnd=337 PartOfSpeech=NN] [Text=of CharacterOffsetBegin=338 CharacterOffsetEnd=340 PartOfSpeech=IN] [Text=the CharacterOffsetBegin=341 CharacterOffsetEnd=344 PartOfSpeech=DT] [Text=cast CharacterOffsetBegin=345 CharacterOffsetEnd=349 PartOfSpeech=NN] [Text=was CharacterOffsetBegin=350 CharacterOffsetEnd=353 PartOfSpeech=VBD] [Text=even CharacterOffsetBegin=354 CharacterOffsetEnd=358 PartOfSpeech=RB] [Text=worse CharacterOffsetBegin=359 CharacterOffsetEnd=364 PartOfSpeech=JJR] [Text=. CharacterOffsetBegin=364 CharacterOffsetEnd=365 PartOfSpeech=.] 
root(ROOT-0, worse-25)
det(effects-3, The-1)
amod(effects-3, special-2)
nsubj(worse-5, effects-3)
cop(worse-5, were-4)
nsubj(worse-25, worse-5)
advmod(effects-7, then-6)
dobj(worse-5, effects-7)
prep(effects-7, from-8)
det(1950-10, the-9)
poss(movies-13, 1950-10)
possessive(1950-10, 's-11)
nn(movies-13, B-12)
pobj(from-8, movies-13)
cc(movies-13, and-14)
det(acting-16, the-15)
conj(movies-13, acting-16)
prep(acting-16, of-17)
det(rest-19, the-18)
pobj(of-17, rest-19)
prep(rest-19, of-20)
det(cast-22, the-21)
pobj(of-20, cast-22)
cop(worse-25, was-23)
advmod(worse-25, even-24)
punct(worse-25, .-26)

Sentence #4 (18 tokens):
As to how bad the acting was a child gave the second best performance in my opinion.
[Text=As CharacterOffsetBegin=370 CharacterOffsetEnd=372 PartOfSpeech=IN] [Text=to CharacterOffsetBegin=373 CharacterOffsetEnd=375 PartOfSpeech=TO] [Text=how CharacterOffsetBegin=376 CharacterOffsetEnd=379 PartOfSpeech=WRB] [Text=bad CharacterOffsetBegin=380 CharacterOffsetEnd=383 PartOfSpeech=JJ] [Text=the CharacterOffsetBegin=384 CharacterOffsetEnd=387 PartOfSpeech=DT] [Text=acting CharacterOffsetBegin=388 CharacterOffsetEnd=394 PartOfSpeech=NN] [Text=was CharacterOffsetBegin=395 CharacterOffsetEnd=398 PartOfSpeech=VBD] [Text=a CharacterOffsetBegin=399 CharacterOffsetEnd=400 PartOfSpeech=DT] [Text=child CharacterOffsetBegin=401 CharacterOffsetEnd=406 PartOfSpeech=NN] [Text=gave CharacterOffsetBegin=407 CharacterOffsetEnd=411 PartOfSpeech=VBD] [Text=the CharacterOffsetBegin=412 CharacterOffsetEnd=415 PartOfSpeech=DT] [Text=second CharacterOffsetBegin=416 CharacterOffsetEnd=422 PartOfSpeech=JJ] [Text=best CharacterOffsetBegin=423 CharacterOffsetEnd=427 PartOfSpeech=JJS] [Text=performance CharacterOffsetBegin=428 CharacterOffsetEnd=439 PartOfSpeech=NN] [Text=in CharacterOffsetBegin=440 CharacterOffsetEnd=442 PartOfSpeech=IN] [Text=my CharacterOffsetBegin=443 CharacterOffsetEnd=445 PartOfSpeech=PRP$] [Text=opinion CharacterOffsetBegin=446 CharacterOffsetEnd=453 PartOfSpeech=NN] [Text=. CharacterOffsetBegin=453 CharacterOffsetEnd=454 PartOfSpeech=.] 
root(ROOT-0, gave-10)
prep(gave-10, As-1)
pcomp(As-1, to-2)
advmod(bad-4, how-3)
dep(child-9, bad-4)
det(acting-6, the-5)
nsubj(child-9, acting-6)
cop(child-9, was-7)
det(child-9, a-8)
pcomp(to-2, child-9)
det(performance-14, the-11)
amod(performance-14, second-12)
amod(performance-14, best-13)
dobj(gave-10, performance-14)
prep(gave-10, in-15)
poss(opinion-17, my-16)
pobj(in-15, opinion-17)
punct(gave-10, .-18)

Sentence #5 (41 tokens):
The English was terribly accented and I think no one could really even speak English they just memorized how the words should sound instead of memorizing the script and trying to make their character both "life-like" and real.
[Text=The CharacterOffsetBegin=459 CharacterOffsetEnd=462 PartOfSpeech=DT] [Text=English CharacterOffsetBegin=463 CharacterOffsetEnd=470 PartOfSpeech=NNP] [Text=was CharacterOffsetBegin=471 CharacterOffsetEnd=474 PartOfSpeech=VBD] [Text=terribly CharacterOffsetBegin=475 CharacterOffsetEnd=483 PartOfSpeech=RB] [Text=accented CharacterOffsetBegin=484 CharacterOffsetEnd=492 PartOfSpeech=JJ] [Text=and CharacterOffsetBegin=493 CharacterOffsetEnd=496 PartOfSpeech=CC] [Text=I CharacterOffsetBegin=497 CharacterOffsetEnd=498 PartOfSpeech=PRP] [Text=think CharacterOffsetBegin=499 CharacterOffsetEnd=504 PartOfSpeech=VBP] [Text=no CharacterOffsetBegin=505 CharacterOffsetEnd=507 PartOfSpeech=DT] [Text=one CharacterOffsetBegin=508 CharacterOffsetEnd=511 PartOfSpeech=NN] [Text=could CharacterOffsetBegin=512 CharacterOffsetEnd=517 PartOfSpeech=MD] [Text=really CharacterOffsetBegin=518 CharacterOffsetEnd=524 PartOfSpeech=RB] [Text=even CharacterOffsetBegin=525 CharacterOffsetEnd=529 PartOfSpeech=RB] [Text=speak CharacterOffsetBegin=530 CharacterOffsetEnd=535 PartOfSpeech=VB] [Text=English CharacterOffsetBegin=536 CharacterOffsetEnd=543 PartOfSpeech=NNP] [Text=they CharacterOffsetBegin=544 CharacterOffsetEnd=548 PartOfSpeech=PRP] [Text=just CharacterOffsetBegin=549 CharacterOffsetEnd=553 PartOfSpeech=RB] [Text=memorized CharacterOffsetBegin=554 CharacterOffsetEnd=563 PartOfSpeech=VBD] [Text=how CharacterOffsetBegin=564 CharacterOffsetEnd=567 PartOfSpeech=WRB] [Text=the CharacterOffsetBegin=568 CharacterOffsetEnd=571 PartOfSpeech=DT] [Text=words CharacterOffsetBegin=572 CharacterOffsetEnd=577 PartOfSpeech=NNS] [Text=should CharacterOffsetBegin=578 CharacterOffsetEnd=584 PartOfSpeech=MD] [Text=sound CharacterOffsetBegin=585 CharacterOffsetEnd=590 PartOfSpeech=VB] [Text=instead CharacterOffsetBegin=591 CharacterOffsetEnd=598 PartOfSpeech=RB] [Text=of CharacterOffsetBegin=599 CharacterOffsetEnd=601 PartOfSpeech=IN] [Text=memorizing CharacterOffsetBegin=602 CharacterOffsetEnd=612 PartOfSpeech=VBG] [Text=the CharacterOffsetBegin=613 CharacterOffsetEnd=616 PartOfSpeech=DT] [Text=script CharacterOffsetBegin=617 CharacterOffsetEnd=623 PartOfSpeech=NN] [Text=and CharacterOffsetBegin=624 CharacterOffsetEnd=627 PartOfSpeech=CC] [Text=trying CharacterOffsetBegin=628 CharacterOffsetEnd=634 PartOfSpeech=VBG] [Text=to CharacterOffsetBegin=635 CharacterOffsetEnd=637 PartOfSpeech=TO] [Text=make CharacterOffsetBegin=638 CharacterOffsetEnd=642 PartOfSpeech=VB] [Text=their CharacterOffsetBegin=643 CharacterOffsetEnd=648 PartOfSpeech=PRP$] [Text=character CharacterOffsetBegin=649 CharacterOffsetEnd=658 PartOfSpeech=NN] [Text=both CharacterOffsetBegin=659 CharacterOffsetEnd=663 PartOfSpeech=CC] [Text=`` CharacterOffsetBegin=664 CharacterOffsetEnd=665 PartOfSpeech=``] [Text=life-like CharacterOffsetBegin=665 CharacterOffsetEnd=674 PartOfSpeech=JJ] [Text='' CharacterOffsetBegin=674 CharacterOffsetEnd=675 PartOfSpeech=''] [Text=and CharacterOffsetBegin=676 CharacterOffsetEnd=679 PartOfSpeech=CC] [Text=real CharacterOffsetBegin=680 CharacterOffsetEnd=684 PartOfSpeech=JJ] [Text=. CharacterOffsetBegin=684 CharacterOffsetEnd=685 PartOfSpeech=.] 
root(ROOT-0, accented-5)
det(English-2, The-1)
nsubj(accented-5, English-2)
cop(accented-5, was-3)
advmod(accented-5, terribly-4)
cc(accented-5, and-6)
nsubj(think-8, I-7)
conj(accented-5, think-8)
det(one-10, no-9)
nsubj(speak-14, one-10)
aux(speak-14, could-11)
advmod(speak-14, really-12)
advmod(speak-14, even-13)
ccomp(think-8, speak-14)
dobj(speak-14, English-15)
nsubj(memorized-18, they-16)
advmod(memorized-18, just-17)
rcmod(English-15, memorized-18)
advmod(sound-23, how-19)
det(words-21, the-20)
nsubj(sound-23, words-21)
aux(sound-23, should-22)
dep(memorized-18, sound-23)
advmod(of-25, instead-24)
prep(sound-23, of-25)
pobj(of-25, memorizing-26)
det(script-28, the-27)
dobj(memorizing-26, script-28)
cc(memorizing-26, and-29)
conj(memorizing-26, trying-30)
aux(make-32, to-31)
xcomp(trying-30, make-32)
poss(character-34, their-33)
dobj(make-32, character-34)
cc(sound-23, both-35)
punct(sound-23, ``-36)
conj(sound-23, life-like-37)
punct(sound-23, ''-38)
cc(sound-23, and-39)
conj(sound-23, real-40)
punct(accented-5, .-41)

