Sentence #1 (34 tokens):
Michael Caine has always claimed that Ashanti was "the only film (he) did purely for the money" as well as "the worst film he ever starred in".
[Text=Michael CharacterOffsetBegin=4 CharacterOffsetEnd=11 PartOfSpeech=NNP] [Text=Caine CharacterOffsetBegin=12 CharacterOffsetEnd=17 PartOfSpeech=NNP] [Text=has CharacterOffsetBegin=18 CharacterOffsetEnd=21 PartOfSpeech=VBZ] [Text=always CharacterOffsetBegin=22 CharacterOffsetEnd=28 PartOfSpeech=RB] [Text=claimed CharacterOffsetBegin=29 CharacterOffsetEnd=36 PartOfSpeech=VBN] [Text=that CharacterOffsetBegin=37 CharacterOffsetEnd=41 PartOfSpeech=IN] [Text=Ashanti CharacterOffsetBegin=42 CharacterOffsetEnd=49 PartOfSpeech=NNP] [Text=was CharacterOffsetBegin=50 CharacterOffsetEnd=53 PartOfSpeech=VBD] [Text=`` CharacterOffsetBegin=54 CharacterOffsetEnd=55 PartOfSpeech=``] [Text=the CharacterOffsetBegin=55 CharacterOffsetEnd=58 PartOfSpeech=DT] [Text=only CharacterOffsetBegin=59 CharacterOffsetEnd=63 PartOfSpeech=JJ] [Text=film CharacterOffsetBegin=64 CharacterOffsetEnd=68 PartOfSpeech=NN] [Text=-LRB- CharacterOffsetBegin=69 CharacterOffsetEnd=70 PartOfSpeech=-LRB-] [Text=he CharacterOffsetBegin=70 CharacterOffsetEnd=72 PartOfSpeech=PRP] [Text=-RRB- CharacterOffsetBegin=72 CharacterOffsetEnd=73 PartOfSpeech=-RRB-] [Text=did CharacterOffsetBegin=74 CharacterOffsetEnd=77 PartOfSpeech=VBD] [Text=purely CharacterOffsetBegin=78 CharacterOffsetEnd=84 PartOfSpeech=RB] [Text=for CharacterOffsetBegin=85 CharacterOffsetEnd=88 PartOfSpeech=IN] [Text=the CharacterOffsetBegin=89 CharacterOffsetEnd=92 PartOfSpeech=DT] [Text=money CharacterOffsetBegin=93 CharacterOffsetEnd=98 PartOfSpeech=NN] [Text='' CharacterOffsetBegin=98 CharacterOffsetEnd=99 PartOfSpeech=''] [Text=as CharacterOffsetBegin=100 CharacterOffsetEnd=102 PartOfSpeech=RB] [Text=well CharacterOffsetBegin=103 CharacterOffsetEnd=107 PartOfSpeech=RB] [Text=as CharacterOffsetBegin=108 CharacterOffsetEnd=110 PartOfSpeech=IN] [Text=`` CharacterOffsetBegin=111 CharacterOffsetEnd=112 PartOfSpeech=``] [Text=the CharacterOffsetBegin=112 CharacterOffsetEnd=115 PartOfSpeech=DT] [Text=worst CharacterOffsetBegin=116 CharacterOffsetEnd=121 PartOfSpeech=JJS] [Text=film CharacterOffsetBegin=122 CharacterOffsetEnd=126 PartOfSpeech=NN] [Text=he CharacterOffsetBegin=127 CharacterOffsetEnd=129 PartOfSpeech=PRP] [Text=ever CharacterOffsetBegin=130 CharacterOffsetEnd=134 PartOfSpeech=RB] [Text=starred CharacterOffsetBegin=135 CharacterOffsetEnd=142 PartOfSpeech=VBD] [Text=in CharacterOffsetBegin=143 CharacterOffsetEnd=145 PartOfSpeech=IN] [Text='' CharacterOffsetBegin=145 CharacterOffsetEnd=146 PartOfSpeech=''] [Text=. CharacterOffsetBegin=146 CharacterOffsetEnd=147 PartOfSpeech=.] 
root(ROOT-0, claimed-5)
nn(Caine-2, Michael-1)
nsubj(claimed-5, Caine-2)
aux(claimed-5, has-3)
advmod(claimed-5, always-4)
mark(film-12, that-6)
nsubj(film-12, Ashanti-7)
cop(film-12, was-8)
punct(film-12, ``-9)
det(film-12, the-10)
amod(film-12, only-11)
ccomp(claimed-5, film-12)
punct(did-16, -LRB--13)
nsubj(did-16, he-14)
punct(did-16, -RRB--15)
dep(film-12, did-16)
dep(did-16, purely-17)
prep(purely-17, for-18)
det(money-20, the-19)
pobj(for-18, money-20)
punct(money-20, ''-21)
advmod(well-23, as-22)
cc(money-20, well-23)
mwe(well-23, as-24)
punct(film-28, ``-25)
det(film-28, the-26)
amod(film-28, worst-27)
conj(money-20, film-28)
nsubj(starred-31, he-29)
advmod(starred-31, ever-30)
rcmod(film-28, starred-31)
prep(starred-31, in-32)
punct(in-32, ''-33)
punct(claimed-5, .-34)

Sentence #2 (15 tokens):
Hold on, Michael, weren't you in The Swarm and Hurry Sundown?
[Text=Hold CharacterOffsetBegin=152 CharacterOffsetEnd=156 PartOfSpeech=VB] [Text=on CharacterOffsetBegin=157 CharacterOffsetEnd=159 PartOfSpeech=IN] [Text=, CharacterOffsetBegin=159 CharacterOffsetEnd=160 PartOfSpeech=,] [Text=Michael CharacterOffsetBegin=161 CharacterOffsetEnd=168 PartOfSpeech=NNP] [Text=, CharacterOffsetBegin=168 CharacterOffsetEnd=169 PartOfSpeech=,] [Text=were CharacterOffsetBegin=170 CharacterOffsetEnd=174 PartOfSpeech=VBD] [Text=n't CharacterOffsetBegin=174 CharacterOffsetEnd=177 PartOfSpeech=RB] [Text=you CharacterOffsetBegin=178 CharacterOffsetEnd=181 PartOfSpeech=PRP] [Text=in CharacterOffsetBegin=182 CharacterOffsetEnd=184 PartOfSpeech=IN] [Text=The CharacterOffsetBegin=185 CharacterOffsetEnd=188 PartOfSpeech=DT] [Text=Swarm CharacterOffsetBegin=189 CharacterOffsetEnd=194 PartOfSpeech=NN] [Text=and CharacterOffsetBegin=195 CharacterOffsetEnd=198 PartOfSpeech=CC] [Text=Hurry CharacterOffsetBegin=199 CharacterOffsetEnd=204 PartOfSpeech=NNP] [Text=Sundown CharacterOffsetBegin=205 CharacterOffsetEnd=212 PartOfSpeech=NNP] [Text=? CharacterOffsetBegin=212 CharacterOffsetEnd=213 PartOfSpeech=.] 
root(ROOT-0, Hold-1)
prt(Hold-1, on-2)
punct(Hold-1, ,-3)
dobj(Hold-1, Michael-4)
punct(Hold-1, ,-5)
cop(you-8, were-6)
neg(you-8, n't-7)
dep(Hold-1, you-8)
prep(you-8, in-9)
det(Swarm-11, The-10)
pobj(in-9, Swarm-11)
cc(Swarm-11, and-12)
nn(Sundown-14, Hurry-13)
conj(Swarm-11, Sundown-14)
punct(Hold-1, ?-15)

Sentence #3 (14 tokens):
And weren't both of those films a good deal worse than Ashanti?
[Text=And CharacterOffsetBegin=218 CharacterOffsetEnd=221 PartOfSpeech=CC] [Text=were CharacterOffsetBegin=222 CharacterOffsetEnd=226 PartOfSpeech=VBD] [Text=n't CharacterOffsetBegin=226 CharacterOffsetEnd=229 PartOfSpeech=RB] [Text=both CharacterOffsetBegin=230 CharacterOffsetEnd=234 PartOfSpeech=DT] [Text=of CharacterOffsetBegin=235 CharacterOffsetEnd=237 PartOfSpeech=IN] [Text=those CharacterOffsetBegin=238 CharacterOffsetEnd=243 PartOfSpeech=DT] [Text=films CharacterOffsetBegin=244 CharacterOffsetEnd=249 PartOfSpeech=NNS] [Text=a CharacterOffsetBegin=250 CharacterOffsetEnd=251 PartOfSpeech=DT] [Text=good CharacterOffsetBegin=252 CharacterOffsetEnd=256 PartOfSpeech=JJ] [Text=deal CharacterOffsetBegin=257 CharacterOffsetEnd=261 PartOfSpeech=NN] [Text=worse CharacterOffsetBegin=262 CharacterOffsetEnd=267 PartOfSpeech=JJR] [Text=than CharacterOffsetBegin=268 CharacterOffsetEnd=272 PartOfSpeech=IN] [Text=Ashanti CharacterOffsetBegin=273 CharacterOffsetEnd=280 PartOfSpeech=NNP] [Text=? CharacterOffsetBegin=280 CharacterOffsetEnd=281 PartOfSpeech=.] 
root(ROOT-0, worse-11)
cc(both-4, And-1)
cop(both-4, were-2)
neg(both-4, n't-3)
dep(worse-11, both-4)
prep(both-4, of-5)
det(films-7, those-6)
pobj(of-5, films-7)
det(deal-10, a-8)
amod(deal-10, good-9)
npadvmod(worse-11, deal-10)
prep(worse-11, than-12)
pobj(than-12, Ashanti-13)
punct(worse-11, ?-14)

Sentence #4 (40 tokens):
Perhaps Caine remembers only too begrudgingly the physically punishing demands of filming an action film in searing 130 degrees Fahrenheit temperatures (the director, Richard Fleischer, was hospitalised as a result of sun-stroke during the shoot).
[Text=Perhaps CharacterOffsetBegin=286 CharacterOffsetEnd=293 PartOfSpeech=RB] [Text=Caine CharacterOffsetBegin=294 CharacterOffsetEnd=299 PartOfSpeech=NNP] [Text=remembers CharacterOffsetBegin=300 CharacterOffsetEnd=309 PartOfSpeech=VBZ] [Text=only CharacterOffsetBegin=310 CharacterOffsetEnd=314 PartOfSpeech=RB] [Text=too CharacterOffsetBegin=315 CharacterOffsetEnd=318 PartOfSpeech=RB] [Text=begrudgingly CharacterOffsetBegin=319 CharacterOffsetEnd=331 PartOfSpeech=RB] [Text=the CharacterOffsetBegin=332 CharacterOffsetEnd=335 PartOfSpeech=DT] [Text=physically CharacterOffsetBegin=336 CharacterOffsetEnd=346 PartOfSpeech=RB] [Text=punishing CharacterOffsetBegin=347 CharacterOffsetEnd=356 PartOfSpeech=VBG] [Text=demands CharacterOffsetBegin=357 CharacterOffsetEnd=364 PartOfSpeech=NNS] [Text=of CharacterOffsetBegin=365 CharacterOffsetEnd=367 PartOfSpeech=IN] [Text=filming CharacterOffsetBegin=368 CharacterOffsetEnd=375 PartOfSpeech=VBG] [Text=an CharacterOffsetBegin=376 CharacterOffsetEnd=378 PartOfSpeech=DT] [Text=action CharacterOffsetBegin=379 CharacterOffsetEnd=385 PartOfSpeech=NN] [Text=film CharacterOffsetBegin=386 CharacterOffsetEnd=390 PartOfSpeech=NN] [Text=in CharacterOffsetBegin=391 CharacterOffsetEnd=393 PartOfSpeech=IN] [Text=searing CharacterOffsetBegin=394 CharacterOffsetEnd=401 PartOfSpeech=JJ] [Text=130 CharacterOffsetBegin=402 CharacterOffsetEnd=405 PartOfSpeech=CD] [Text=degrees CharacterOffsetBegin=406 CharacterOffsetEnd=413 PartOfSpeech=NNS] [Text=Fahrenheit CharacterOffsetBegin=414 CharacterOffsetEnd=424 PartOfSpeech=NN] [Text=temperatures CharacterOffsetBegin=425 CharacterOffsetEnd=437 PartOfSpeech=NNS] [Text=-LRB- CharacterOffsetBegin=438 CharacterOffsetEnd=439 PartOfSpeech=-LRB-] [Text=the CharacterOffsetBegin=439 CharacterOffsetEnd=442 PartOfSpeech=DT] [Text=director CharacterOffsetBegin=443 CharacterOffsetEnd=451 PartOfSpeech=NN] [Text=, CharacterOffsetBegin=451 CharacterOffsetEnd=452 PartOfSpeech=,] [Text=Richard CharacterOffsetBegin=453 CharacterOffsetEnd=460 PartOfSpeech=NNP] [Text=Fleischer CharacterOffsetBegin=461 CharacterOffsetEnd=470 PartOfSpeech=NNP] [Text=, CharacterOffsetBegin=470 CharacterOffsetEnd=471 PartOfSpeech=,] [Text=was CharacterOffsetBegin=472 CharacterOffsetEnd=475 PartOfSpeech=VBD] [Text=hospitalised CharacterOffsetBegin=476 CharacterOffsetEnd=488 PartOfSpeech=VBN] [Text=as CharacterOffsetBegin=489 CharacterOffsetEnd=491 PartOfSpeech=IN] [Text=a CharacterOffsetBegin=492 CharacterOffsetEnd=493 PartOfSpeech=DT] [Text=result CharacterOffsetBegin=494 CharacterOffsetEnd=500 PartOfSpeech=NN] [Text=of CharacterOffsetBegin=501 CharacterOffsetEnd=503 PartOfSpeech=IN] [Text=sun-stroke CharacterOffsetBegin=504 CharacterOffsetEnd=514 PartOfSpeech=NN] [Text=during CharacterOffsetBegin=515 CharacterOffsetEnd=521 PartOfSpeech=IN] [Text=the CharacterOffsetBegin=522 CharacterOffsetEnd=525 PartOfSpeech=DT] [Text=shoot CharacterOffsetBegin=526 CharacterOffsetEnd=531 PartOfSpeech=NN] [Text=-RRB- CharacterOffsetBegin=531 CharacterOffsetEnd=532 PartOfSpeech=-RRB-] [Text=. CharacterOffsetBegin=532 CharacterOffsetEnd=533 PartOfSpeech=.] 
root(ROOT-0, remembers-3)
advmod(remembers-3, Perhaps-1)
nsubj(remembers-3, Caine-2)
advmod(begrudgingly-6, only-4)
advmod(begrudgingly-6, too-5)
dobj(remembers-3, begrudgingly-6)
det(demands-10, the-7)
amod(demands-10, physically-8)
nn(demands-10, punishing-9)
dep(begrudgingly-6, demands-10)
prep(demands-10, of-11)
pcomp(of-11, filming-12)
det(film-15, an-13)
nn(film-15, action-14)
dobj(filming-12, film-15)
prep(film-15, in-16)
pobj(in-16, searing-17)
num(degrees-19, 130-18)
dobj(searing-17, degrees-19)
nn(temperatures-21, Fahrenheit-20)
appos(degrees-19, temperatures-21)
punct(director-24, -LRB--22)
det(director-24, the-23)
nsubjpass(hospitalised-30, director-24)
punct(director-24, ,-25)
nn(Fleischer-27, Richard-26)
appos(director-24, Fleischer-27)
punct(director-24, ,-28)
auxpass(hospitalised-30, was-29)
rcmod(temperatures-21, hospitalised-30)
prep(hospitalised-30, as-31)
det(result-33, a-32)
pobj(as-31, result-33)
prep(result-33, of-34)
pobj(of-34, sun-stroke-35)
prep(hospitalised-30, during-36)
det(shoot-38, the-37)
pobj(during-36, shoot-38)
punct(temperatures-21, -RRB--39)
punct(remembers-3, .-40)

Sentence #5 (14 tokens):
What Ashanti actually emerges as is not the career low-point of Michael Caine.
[Text=What CharacterOffsetBegin=538 CharacterOffsetEnd=542 PartOfSpeech=WDT] [Text=Ashanti CharacterOffsetBegin=543 CharacterOffsetEnd=550 PartOfSpeech=NNP] [Text=actually CharacterOffsetBegin=551 CharacterOffsetEnd=559 PartOfSpeech=RB] [Text=emerges CharacterOffsetBegin=560 CharacterOffsetEnd=567 PartOfSpeech=VBZ] [Text=as CharacterOffsetBegin=568 CharacterOffsetEnd=570 PartOfSpeech=IN] [Text=is CharacterOffsetBegin=571 CharacterOffsetEnd=573 PartOfSpeech=VBZ] [Text=not CharacterOffsetBegin=574 CharacterOffsetEnd=577 PartOfSpeech=RB] [Text=the CharacterOffsetBegin=578 CharacterOffsetEnd=581 PartOfSpeech=DT] [Text=career CharacterOffsetBegin=582 CharacterOffsetEnd=588 PartOfSpeech=NN] [Text=low-point CharacterOffsetBegin=589 CharacterOffsetEnd=598 PartOfSpeech=NN] [Text=of CharacterOffsetBegin=599 CharacterOffsetEnd=601 PartOfSpeech=IN] [Text=Michael CharacterOffsetBegin=602 CharacterOffsetEnd=609 PartOfSpeech=NNP] [Text=Caine CharacterOffsetBegin=610 CharacterOffsetEnd=615 PartOfSpeech=NNP] [Text=. CharacterOffsetBegin=615 CharacterOffsetEnd=616 PartOfSpeech=.] 
root(ROOT-0, emerges-4)
dobj(emerges-4, What-1)
nsubj(emerges-4, Ashanti-2)
advmod(emerges-4, actually-3)
mark(career-9, as-5)
cop(career-9, is-6)
neg(career-9, not-7)
det(career-9, the-8)
advcl(emerges-4, career-9)
dep(career-9, low-point-10)
prep(low-point-10, of-11)
nn(Caine-13, Michael-12)
pobj(of-11, Caine-13)
punct(emerges-4, .-14)

Sentence #6 (25 tokens):
Instead, it is a very average chase thriller with a talented cast, exotic locations, boring stretches and a highly formulaic storyline.Dr.
[Text=Instead CharacterOffsetBegin=621 CharacterOffsetEnd=628 PartOfSpeech=RB] [Text=, CharacterOffsetBegin=628 CharacterOffsetEnd=629 PartOfSpeech=,] [Text=it CharacterOffsetBegin=630 CharacterOffsetEnd=632 PartOfSpeech=PRP] [Text=is CharacterOffsetBegin=633 CharacterOffsetEnd=635 PartOfSpeech=VBZ] [Text=a CharacterOffsetBegin=636 CharacterOffsetEnd=637 PartOfSpeech=DT] [Text=very CharacterOffsetBegin=638 CharacterOffsetEnd=642 PartOfSpeech=RB] [Text=average CharacterOffsetBegin=643 CharacterOffsetEnd=650 PartOfSpeech=JJ] [Text=chase CharacterOffsetBegin=651 CharacterOffsetEnd=656 PartOfSpeech=NN] [Text=thriller CharacterOffsetBegin=657 CharacterOffsetEnd=665 PartOfSpeech=NN] [Text=with CharacterOffsetBegin=666 CharacterOffsetEnd=670 PartOfSpeech=IN] [Text=a CharacterOffsetBegin=671 CharacterOffsetEnd=672 PartOfSpeech=DT] [Text=talented CharacterOffsetBegin=673 CharacterOffsetEnd=681 PartOfSpeech=JJ] [Text=cast CharacterOffsetBegin=682 CharacterOffsetEnd=686 PartOfSpeech=NN] [Text=, CharacterOffsetBegin=686 CharacterOffsetEnd=687 PartOfSpeech=,] [Text=exotic CharacterOffsetBegin=688 CharacterOffsetEnd=694 PartOfSpeech=JJ] [Text=locations CharacterOffsetBegin=695 CharacterOffsetEnd=704 PartOfSpeech=NNS] [Text=, CharacterOffsetBegin=704 CharacterOffsetEnd=705 PartOfSpeech=,] [Text=boring CharacterOffsetBegin=706 CharacterOffsetEnd=712 PartOfSpeech=JJ] [Text=stretches CharacterOffsetBegin=713 CharacterOffsetEnd=722 PartOfSpeech=NNS] [Text=and CharacterOffsetBegin=723 CharacterOffsetEnd=726 PartOfSpeech=CC] [Text=a CharacterOffsetBegin=727 CharacterOffsetEnd=728 PartOfSpeech=DT] [Text=highly CharacterOffsetBegin=729 CharacterOffsetEnd=735 PartOfSpeech=RB] [Text=formulaic CharacterOffsetBegin=736 CharacterOffsetEnd=745 PartOfSpeech=JJ] [Text=storyline.Dr CharacterOffsetBegin=746 CharacterOffsetEnd=758 PartOfSpeech=NN] [Text=. CharacterOffsetBegin=758 CharacterOffsetEnd=759 PartOfSpeech=.] 
root(ROOT-0, chase-8)
advmod(chase-8, Instead-1)
punct(chase-8, ,-2)
nsubj(chase-8, it-3)
cop(chase-8, is-4)
det(chase-8, a-5)
advmod(average-7, very-6)
amod(chase-8, average-7)
dobj(chase-8, thriller-9)
prep(chase-8, with-10)
det(cast-13, a-11)
amod(cast-13, talented-12)
pobj(with-10, cast-13)
punct(cast-13, ,-14)
amod(locations-16, exotic-15)
conj(cast-13, locations-16)
punct(cast-13, ,-17)
amod(stretches-19, boring-18)
conj(cast-13, stretches-19)
cc(cast-13, and-20)
det(storyline.Dr-24, a-21)
advmod(formulaic-23, highly-22)
amod(storyline.Dr-24, formulaic-23)
conj(cast-13, storyline.Dr-24)
punct(chase-8, .-25)

Sentence #7 (34 tokens):
David Linderby (Caine) is a W.H.O medic who is left devastated when his black wife Anansa (Beverly Johnson) goes missing during an aid trip to an African tribal village.
[Text=David CharacterOffsetBegin=764 CharacterOffsetEnd=769 PartOfSpeech=NNP] [Text=Linderby CharacterOffsetBegin=770 CharacterOffsetEnd=778 PartOfSpeech=NNP] [Text=-LRB- CharacterOffsetBegin=779 CharacterOffsetEnd=780 PartOfSpeech=-LRB-] [Text=Caine CharacterOffsetBegin=780 CharacterOffsetEnd=785 PartOfSpeech=NNP] [Text=-RRB- CharacterOffsetBegin=785 CharacterOffsetEnd=786 PartOfSpeech=-RRB-] [Text=is CharacterOffsetBegin=787 CharacterOffsetEnd=789 PartOfSpeech=VBZ] [Text=a CharacterOffsetBegin=790 CharacterOffsetEnd=791 PartOfSpeech=DT] [Text=W.H.O CharacterOffsetBegin=792 CharacterOffsetEnd=797 PartOfSpeech=NN] [Text=medic CharacterOffsetBegin=798 CharacterOffsetEnd=803 PartOfSpeech=NN] [Text=who CharacterOffsetBegin=804 CharacterOffsetEnd=807 PartOfSpeech=WP] [Text=is CharacterOffsetBegin=808 CharacterOffsetEnd=810 PartOfSpeech=VBZ] [Text=left CharacterOffsetBegin=811 CharacterOffsetEnd=815 PartOfSpeech=VBN] [Text=devastated CharacterOffsetBegin=816 CharacterOffsetEnd=826 PartOfSpeech=VBN] [Text=when CharacterOffsetBegin=827 CharacterOffsetEnd=831 PartOfSpeech=WRB] [Text=his CharacterOffsetBegin=832 CharacterOffsetEnd=835 PartOfSpeech=PRP$] [Text=black CharacterOffsetBegin=836 CharacterOffsetEnd=841 PartOfSpeech=JJ] [Text=wife CharacterOffsetBegin=842 CharacterOffsetEnd=846 PartOfSpeech=NN] [Text=Anansa CharacterOffsetBegin=847 CharacterOffsetEnd=853 PartOfSpeech=NNP] [Text=-LRB- CharacterOffsetBegin=854 CharacterOffsetEnd=855 PartOfSpeech=-LRB-] [Text=Beverly CharacterOffsetBegin=855 CharacterOffsetEnd=862 PartOfSpeech=NNP] [Text=Johnson CharacterOffsetBegin=863 CharacterOffsetEnd=870 PartOfSpeech=NNP] [Text=-RRB- CharacterOffsetBegin=870 CharacterOffsetEnd=871 PartOfSpeech=-RRB-] [Text=goes CharacterOffsetBegin=872 CharacterOffsetEnd=876 PartOfSpeech=VBZ] [Text=missing CharacterOffsetBegin=877 CharacterOffsetEnd=884 PartOfSpeech=VBG] [Text=during CharacterOffsetBegin=885 CharacterOffsetEnd=891 PartOfSpeech=IN] [Text=an CharacterOffsetBegin=892 CharacterOffsetEnd=894 PartOfSpeech=DT] [Text=aid CharacterOffsetBegin=895 CharacterOffsetEnd=898 PartOfSpeech=NN] [Text=trip CharacterOffsetBegin=899 CharacterOffsetEnd=903 PartOfSpeech=NN] [Text=to CharacterOffsetBegin=904 CharacterOffsetEnd=906 PartOfSpeech=TO] [Text=an CharacterOffsetBegin=907 CharacterOffsetEnd=909 PartOfSpeech=DT] [Text=African CharacterOffsetBegin=910 CharacterOffsetEnd=917 PartOfSpeech=JJ] [Text=tribal CharacterOffsetBegin=918 CharacterOffsetEnd=924 PartOfSpeech=JJ] [Text=village CharacterOffsetBegin=925 CharacterOffsetEnd=932 PartOfSpeech=NN] [Text=. CharacterOffsetBegin=932 CharacterOffsetEnd=933 PartOfSpeech=.] 
root(ROOT-0, medic-9)
nn(Linderby-2, David-1)
nsubj(medic-9, Linderby-2)
punct(Caine-4, -LRB--3)
appos(Linderby-2, Caine-4)
punct(Caine-4, -RRB--5)
cop(medic-9, is-6)
det(medic-9, a-7)
nn(medic-9, W.H.O-8)
nsubjpass(left-12, who-10)
auxpass(left-12, is-11)
rcmod(medic-9, left-12)
xcomp(left-12, devastated-13)
advmod(goes-23, when-14)
poss(wife-17, his-15)
amod(wife-17, black-16)
nsubj(goes-23, wife-17)
dep(goes-23, Anansa-18)
punct(Johnson-21, -LRB--19)
nn(Johnson-21, Beverly-20)
nsubj(goes-23, Johnson-21)
punct(goes-23, -RRB--22)
advcl(devastated-13, goes-23)
xcomp(goes-23, missing-24)
prep(missing-24, during-25)
det(trip-28, an-26)
nn(trip-28, aid-27)
pobj(during-25, trip-28)
prep(trip-28, to-29)
det(village-33, an-30)
amod(village-33, African-31)
amod(village-33, tribal-32)
pobj(to-29, village-33)
punct(medic-9, .-34)

Sentence #8 (50 tokens):
Linderby gradually realises that his wife has been snatched by slave traders - led by Suleiman (Peter Ustinov) - and he sets off on a continent-wide pursuit which eventually leads to the Middle East.Along the way, big stars pop in for ineffective and superfluous guest roles.
[Text=Linderby CharacterOffsetBegin=938 CharacterOffsetEnd=946 PartOfSpeech=NNP] [Text=gradually CharacterOffsetBegin=947 CharacterOffsetEnd=956 PartOfSpeech=RB] [Text=realises CharacterOffsetBegin=957 CharacterOffsetEnd=965 PartOfSpeech=VBZ] [Text=that CharacterOffsetBegin=966 CharacterOffsetEnd=970 PartOfSpeech=IN] [Text=his CharacterOffsetBegin=971 CharacterOffsetEnd=974 PartOfSpeech=PRP$] [Text=wife CharacterOffsetBegin=975 CharacterOffsetEnd=979 PartOfSpeech=NN] [Text=has CharacterOffsetBegin=980 CharacterOffsetEnd=983 PartOfSpeech=VBZ] [Text=been CharacterOffsetBegin=984 CharacterOffsetEnd=988 PartOfSpeech=VBN] [Text=snatched CharacterOffsetBegin=989 CharacterOffsetEnd=997 PartOfSpeech=VBN] [Text=by CharacterOffsetBegin=998 CharacterOffsetEnd=1000 PartOfSpeech=IN] [Text=slave CharacterOffsetBegin=1001 CharacterOffsetEnd=1006 PartOfSpeech=NN] [Text=traders CharacterOffsetBegin=1007 CharacterOffsetEnd=1014 PartOfSpeech=NNS] [Text=- CharacterOffsetBegin=1015 CharacterOffsetEnd=1016 PartOfSpeech=:] [Text=led CharacterOffsetBegin=1017 CharacterOffsetEnd=1020 PartOfSpeech=VBN] [Text=by CharacterOffsetBegin=1021 CharacterOffsetEnd=1023 PartOfSpeech=IN] [Text=Suleiman CharacterOffsetBegin=1024 CharacterOffsetEnd=1032 PartOfSpeech=NNP] [Text=-LRB- CharacterOffsetBegin=1033 CharacterOffsetEnd=1034 PartOfSpeech=-LRB-] [Text=Peter CharacterOffsetBegin=1034 CharacterOffsetEnd=1039 PartOfSpeech=NNP] [Text=Ustinov CharacterOffsetBegin=1040 CharacterOffsetEnd=1047 PartOfSpeech=NNP] [Text=-RRB- CharacterOffsetBegin=1047 CharacterOffsetEnd=1048 PartOfSpeech=-RRB-] [Text=- CharacterOffsetBegin=1049 CharacterOffsetEnd=1050 PartOfSpeech=:] [Text=and CharacterOffsetBegin=1051 CharacterOffsetEnd=1054 PartOfSpeech=CC] [Text=he CharacterOffsetBegin=1055 CharacterOffsetEnd=1057 PartOfSpeech=PRP] [Text=sets CharacterOffsetBegin=1058 CharacterOffsetEnd=1062 PartOfSpeech=VBZ] [Text=off CharacterOffsetBegin=1063 CharacterOffsetEnd=1066 PartOfSpeech=RP] [Text=on CharacterOffsetBegin=1067 CharacterOffsetEnd=1069 PartOfSpeech=IN] [Text=a CharacterOffsetBegin=1070 CharacterOffsetEnd=1071 PartOfSpeech=DT] [Text=continent-wide CharacterOffsetBegin=1072 CharacterOffsetEnd=1086 PartOfSpeech=JJ] [Text=pursuit CharacterOffsetBegin=1087 CharacterOffsetEnd=1094 PartOfSpeech=NN] [Text=which CharacterOffsetBegin=1095 CharacterOffsetEnd=1100 PartOfSpeech=WDT] [Text=eventually CharacterOffsetBegin=1101 CharacterOffsetEnd=1111 PartOfSpeech=RB] [Text=leads CharacterOffsetBegin=1112 CharacterOffsetEnd=1117 PartOfSpeech=VBZ] [Text=to CharacterOffsetBegin=1118 CharacterOffsetEnd=1120 PartOfSpeech=TO] [Text=the CharacterOffsetBegin=1121 CharacterOffsetEnd=1124 PartOfSpeech=DT] [Text=Middle CharacterOffsetBegin=1125 CharacterOffsetEnd=1131 PartOfSpeech=NNP] [Text=East.Along CharacterOffsetBegin=1132 CharacterOffsetEnd=1142 PartOfSpeech=NNP] [Text=the CharacterOffsetBegin=1143 CharacterOffsetEnd=1146 PartOfSpeech=DT] [Text=way CharacterOffsetBegin=1147 CharacterOffsetEnd=1150 PartOfSpeech=NN] [Text=, CharacterOffsetBegin=1150 CharacterOffsetEnd=1151 PartOfSpeech=,] [Text=big CharacterOffsetBegin=1152 CharacterOffsetEnd=1155 PartOfSpeech=JJ] [Text=stars CharacterOffsetBegin=1156 CharacterOffsetEnd=1161 PartOfSpeech=NNS] [Text=pop CharacterOffsetBegin=1162 CharacterOffsetEnd=1165 PartOfSpeech=VBP] [Text=in CharacterOffsetBegin=1166 CharacterOffsetEnd=1168 PartOfSpeech=IN] [Text=for CharacterOffsetBegin=1169 CharacterOffsetEnd=1172 PartOfSpeech=IN] [Text=ineffective CharacterOffsetBegin=1173 CharacterOffsetEnd=1184 PartOfSpeech=JJ] [Text=and CharacterOffsetBegin=1185 CharacterOffsetEnd=1188 PartOfSpeech=CC] [Text=superfluous CharacterOffsetBegin=1189 CharacterOffsetEnd=1200 PartOfSpeech=JJ] [Text=guest CharacterOffsetBegin=1201 CharacterOffsetEnd=1206 PartOfSpeech=NN] [Text=roles CharacterOffsetBegin=1207 CharacterOffsetEnd=1212 PartOfSpeech=NNS] [Text=. CharacterOffsetBegin=1212 CharacterOffsetEnd=1213 PartOfSpeech=.] 
root(ROOT-0, realises-3)
nsubj(realises-3, Linderby-1)
advmod(realises-3, gradually-2)
mark(snatched-9, that-4)
poss(wife-6, his-5)
nsubjpass(snatched-9, wife-6)
aux(snatched-9, has-7)
auxpass(snatched-9, been-8)
ccomp(realises-3, snatched-9)
prep(snatched-9, by-10)
nn(traders-12, slave-11)
pobj(by-10, traders-12)
punct(snatched-9, --13)
dep(snatched-9, led-14)
prep(led-14, by-15)
pobj(by-15, Suleiman-16)
punct(Ustinov-19, -LRB--17)
nn(Ustinov-19, Peter-18)
appos(Suleiman-16, Ustinov-19)
punct(Ustinov-19, -RRB--20)
punct(Suleiman-16, --21)
cc(led-14, and-22)
nsubj(sets-24, he-23)
conj(led-14, sets-24)
prt(sets-24, off-25)
prep(sets-24, on-26)
det(pursuit-29, a-27)
amod(pursuit-29, continent-wide-28)
pobj(on-26, pursuit-29)
nsubj(leads-32, which-30)
advmod(leads-32, eventually-31)
rcmod(pursuit-29, leads-32)
prep(leads-32, to-33)
det(East.Along-36, the-34)
nn(East.Along-36, Middle-35)
pobj(to-33, East.Along-36)
det(way-38, the-37)
dep(East.Along-36, way-38)
punct(way-38, ,-39)
amod(stars-41, big-40)
nsubj(pop-42, stars-41)
rcmod(way-38, pop-42)
prep(pop-42, in-43)
pcomp(in-43, for-44)
amod(roles-49, ineffective-45)
cc(ineffective-45, and-46)
conj(ineffective-45, superfluous-47)
nn(roles-49, guest-48)
pobj(for-44, roles-49)
punct(realises-3, .-50)

Sentence #9 (47 tokens):
William Holden has a poor cameo as a chopper pilot; Omar Sharif displays little of his customary charm or grace as a pampered Arab millionaire; Rex Harrison looks rightfully bored during his brief role as a helpful contact who assists Caine in his quest.
[Text=William CharacterOffsetBegin=1218 CharacterOffsetEnd=1225 PartOfSpeech=NNP] [Text=Holden CharacterOffsetBegin=1226 CharacterOffsetEnd=1232 PartOfSpeech=NNP] [Text=has CharacterOffsetBegin=1233 CharacterOffsetEnd=1236 PartOfSpeech=VBZ] [Text=a CharacterOffsetBegin=1237 CharacterOffsetEnd=1238 PartOfSpeech=DT] [Text=poor CharacterOffsetBegin=1239 CharacterOffsetEnd=1243 PartOfSpeech=JJ] [Text=cameo CharacterOffsetBegin=1244 CharacterOffsetEnd=1249 PartOfSpeech=NN] [Text=as CharacterOffsetBegin=1250 CharacterOffsetEnd=1252 PartOfSpeech=IN] [Text=a CharacterOffsetBegin=1253 CharacterOffsetEnd=1254 PartOfSpeech=DT] [Text=chopper CharacterOffsetBegin=1255 CharacterOffsetEnd=1262 PartOfSpeech=NN] [Text=pilot CharacterOffsetBegin=1263 CharacterOffsetEnd=1268 PartOfSpeech=NN] [Text=; CharacterOffsetBegin=1268 CharacterOffsetEnd=1269 PartOfSpeech=:] [Text=Omar CharacterOffsetBegin=1270 CharacterOffsetEnd=1274 PartOfSpeech=NNP] [Text=Sharif CharacterOffsetBegin=1275 CharacterOffsetEnd=1281 PartOfSpeech=NNP] [Text=displays CharacterOffsetBegin=1282 CharacterOffsetEnd=1290 PartOfSpeech=VBZ] [Text=little CharacterOffsetBegin=1291 CharacterOffsetEnd=1297 PartOfSpeech=JJ] [Text=of CharacterOffsetBegin=1298 CharacterOffsetEnd=1300 PartOfSpeech=IN] [Text=his CharacterOffsetBegin=1301 CharacterOffsetEnd=1304 PartOfSpeech=PRP$] [Text=customary CharacterOffsetBegin=1305 CharacterOffsetEnd=1314 PartOfSpeech=JJ] [Text=charm CharacterOffsetBegin=1315 CharacterOffsetEnd=1320 PartOfSpeech=NN] [Text=or CharacterOffsetBegin=1321 CharacterOffsetEnd=1323 PartOfSpeech=CC] [Text=grace CharacterOffsetBegin=1324 CharacterOffsetEnd=1329 PartOfSpeech=NN] [Text=as CharacterOffsetBegin=1330 CharacterOffsetEnd=1332 PartOfSpeech=IN] [Text=a CharacterOffsetBegin=1333 CharacterOffsetEnd=1334 PartOfSpeech=DT] [Text=pampered CharacterOffsetBegin=1335 CharacterOffsetEnd=1343 PartOfSpeech=JJ] [Text=Arab CharacterOffsetBegin=1344 CharacterOffsetEnd=1348 PartOfSpeech=NNP] [Text=millionaire CharacterOffsetBegin=1349 CharacterOffsetEnd=1360 PartOfSpeech=NN] [Text=; CharacterOffsetBegin=1360 CharacterOffsetEnd=1361 PartOfSpeech=:] [Text=Rex CharacterOffsetBegin=1362 CharacterOffsetEnd=1365 PartOfSpeech=NNP] [Text=Harrison CharacterOffsetBegin=1366 CharacterOffsetEnd=1374 PartOfSpeech=NNP] [Text=looks CharacterOffsetBegin=1375 CharacterOffsetEnd=1380 PartOfSpeech=VBZ] [Text=rightfully CharacterOffsetBegin=1381 CharacterOffsetEnd=1391 PartOfSpeech=RB] [Text=bored CharacterOffsetBegin=1392 CharacterOffsetEnd=1397 PartOfSpeech=VBN] [Text=during CharacterOffsetBegin=1398 CharacterOffsetEnd=1404 PartOfSpeech=IN] [Text=his CharacterOffsetBegin=1405 CharacterOffsetEnd=1408 PartOfSpeech=PRP$] [Text=brief CharacterOffsetBegin=1409 CharacterOffsetEnd=1414 PartOfSpeech=JJ] [Text=role CharacterOffsetBegin=1415 CharacterOffsetEnd=1419 PartOfSpeech=NN] [Text=as CharacterOffsetBegin=1420 CharacterOffsetEnd=1422 PartOfSpeech=IN] [Text=a CharacterOffsetBegin=1423 CharacterOffsetEnd=1424 PartOfSpeech=DT] [Text=helpful CharacterOffsetBegin=1425 CharacterOffsetEnd=1432 PartOfSpeech=JJ] [Text=contact CharacterOffsetBegin=1433 CharacterOffsetEnd=1440 PartOfSpeech=NN] [Text=who CharacterOffsetBegin=1441 CharacterOffsetEnd=1444 PartOfSpeech=WP] [Text=assists CharacterOffsetBegin=1445 CharacterOffsetEnd=1452 PartOfSpeech=VBZ] [Text=Caine CharacterOffsetBegin=1453 CharacterOffsetEnd=1458 PartOfSpeech=NNP] [Text=in CharacterOffsetBegin=1459 CharacterOffsetEnd=1461 PartOfSpeech=IN] [Text=his CharacterOffsetBegin=1462 CharacterOffsetEnd=1465 PartOfSpeech=PRP$] [Text=quest CharacterOffsetBegin=1466 CharacterOffsetEnd=1471 PartOfSpeech=NN] [Text=. CharacterOffsetBegin=1471 CharacterOffsetEnd=1472 PartOfSpeech=.] 
root(ROOT-0, has-3)
nn(Holden-2, William-1)
nsubj(has-3, Holden-2)
det(cameo-6, a-4)
amod(cameo-6, poor-5)
dobj(has-3, cameo-6)
prep(has-3, as-7)
det(pilot-10, a-8)
nn(pilot-10, chopper-9)
pobj(as-7, pilot-10)
punct(has-3, ;-11)
nn(Sharif-13, Omar-12)
nsubj(displays-14, Sharif-13)
conj(has-3, displays-14)
dobj(displays-14, little-15)
prep(little-15, of-16)
poss(charm-19, his-17)
amod(charm-19, customary-18)
pobj(of-16, charm-19)
cc(charm-19, or-20)
conj(charm-19, grace-21)
prep(displays-14, as-22)
det(millionaire-26, a-23)
amod(millionaire-26, pampered-24)
nn(millionaire-26, Arab-25)
pobj(as-22, millionaire-26)
punct(has-3, ;-27)
nn(Harrison-29, Rex-28)
nsubj(looks-30, Harrison-29)
parataxis(has-3, looks-30)
advmod(bored-32, rightfully-31)
ccomp(looks-30, bored-32)
prep(bored-32, during-33)
poss(role-36, his-34)
amod(role-36, brief-35)
pobj(during-33, role-36)
prep(role-36, as-37)
det(contact-40, a-38)
amod(contact-40, helpful-39)
pobj(as-37, contact-40)
nsubj(assists-42, who-41)
rcmod(contact-40, assists-42)
dobj(assists-42, Caine-43)
prep(assists-42, in-44)
poss(quest-46, his-45)
pobj(in-44, quest-46)
punct(has-3, .-47)

Sentence #10 (33 tokens):
The film is based on a best-seller entitled Ebano, by the little-known author Alberto Vasquez-Figueroa, but the suspense that made the book so popular is largely absent in this adaptation.
[Text=The CharacterOffsetBegin=1477 CharacterOffsetEnd=1480 PartOfSpeech=DT] [Text=film CharacterOffsetBegin=1481 CharacterOffsetEnd=1485 PartOfSpeech=NN] [Text=is CharacterOffsetBegin=1486 CharacterOffsetEnd=1488 PartOfSpeech=VBZ] [Text=based CharacterOffsetBegin=1489 CharacterOffsetEnd=1494 PartOfSpeech=VBN] [Text=on CharacterOffsetBegin=1495 CharacterOffsetEnd=1497 PartOfSpeech=IN] [Text=a CharacterOffsetBegin=1498 CharacterOffsetEnd=1499 PartOfSpeech=DT] [Text=best-seller CharacterOffsetBegin=1500 CharacterOffsetEnd=1511 PartOfSpeech=NN] [Text=entitled CharacterOffsetBegin=1512 CharacterOffsetEnd=1520 PartOfSpeech=VBN] [Text=Ebano CharacterOffsetBegin=1521 CharacterOffsetEnd=1526 PartOfSpeech=NNP] [Text=, CharacterOffsetBegin=1526 CharacterOffsetEnd=1527 PartOfSpeech=,] [Text=by CharacterOffsetBegin=1528 CharacterOffsetEnd=1530 PartOfSpeech=IN] [Text=the CharacterOffsetBegin=1531 CharacterOffsetEnd=1534 PartOfSpeech=DT] [Text=little-known CharacterOffsetBegin=1535 CharacterOffsetEnd=1547 PartOfSpeech=JJ] [Text=author CharacterOffsetBegin=1548 CharacterOffsetEnd=1554 PartOfSpeech=NN] [Text=Alberto CharacterOffsetBegin=1555 CharacterOffsetEnd=1562 PartOfSpeech=NNP] [Text=Vasquez-Figueroa CharacterOffsetBegin=1563 CharacterOffsetEnd=1579 PartOfSpeech=NNP] [Text=, CharacterOffsetBegin=1579 CharacterOffsetEnd=1580 PartOfSpeech=,] [Text=but CharacterOffsetBegin=1581 CharacterOffsetEnd=1584 PartOfSpeech=CC] [Text=the CharacterOffsetBegin=1585 CharacterOffsetEnd=1588 PartOfSpeech=DT] [Text=suspense CharacterOffsetBegin=1589 CharacterOffsetEnd=1597 PartOfSpeech=NN] [Text=that CharacterOffsetBegin=1598 CharacterOffsetEnd=1602 PartOfSpeech=WDT] [Text=made CharacterOffsetBegin=1603 CharacterOffsetEnd=1607 PartOfSpeech=VBD] [Text=the CharacterOffsetBegin=1608 CharacterOffsetEnd=1611 PartOfSpeech=DT] [Text=book CharacterOffsetBegin=1612 CharacterOffsetEnd=1616 PartOfSpeech=NN] [Text=so CharacterOffsetBegin=1617 CharacterOffsetEnd=1619 PartOfSpeech=RB] [Text=popular CharacterOffsetBegin=1620 CharacterOffsetEnd=1627 PartOfSpeech=JJ] [Text=is CharacterOffsetBegin=1628 CharacterOffsetEnd=1630 PartOfSpeech=VBZ] [Text=largely CharacterOffsetBegin=1631 CharacterOffsetEnd=1638 PartOfSpeech=RB] [Text=absent CharacterOffsetBegin=1639 CharacterOffsetEnd=1645 PartOfSpeech=JJ] [Text=in CharacterOffsetBegin=1646 CharacterOffsetEnd=1648 PartOfSpeech=IN] [Text=this CharacterOffsetBegin=1649 CharacterOffsetEnd=1653 PartOfSpeech=DT] [Text=adaptation CharacterOffsetBegin=1654 CharacterOffsetEnd=1664 PartOfSpeech=NN] [Text=. CharacterOffsetBegin=1664 CharacterOffsetEnd=1665 PartOfSpeech=.] 
root(ROOT-0, based-4)
det(film-2, The-1)
nsubjpass(based-4, film-2)
auxpass(based-4, is-3)
prep(based-4, on-5)
det(best-seller-7, a-6)
pobj(on-5, best-seller-7)
partmod(best-seller-7, entitled-8)
dep(entitled-8, Ebano-9)
punct(based-4, ,-10)
prep(based-4, by-11)
det(Vasquez-Figueroa-16, the-12)
amod(Vasquez-Figueroa-16, little-known-13)
nn(Vasquez-Figueroa-16, author-14)
nn(Vasquez-Figueroa-16, Alberto-15)
pobj(by-11, Vasquez-Figueroa-16)
punct(based-4, ,-17)
cc(based-4, but-18)
det(suspense-20, the-19)
nsubj(absent-29, suspense-20)
nsubj(made-22, that-21)
rcmod(suspense-20, made-22)
det(book-24, the-23)
nsubj(popular-26, book-24)
advmod(popular-26, so-25)
xcomp(made-22, popular-26)
cop(absent-29, is-27)
advmod(absent-29, largely-28)
conj(based-4, absent-29)
prep(absent-29, in-30)
det(adaptation-32, this-31)
pobj(in-30, adaptation-32)
punct(based-4, .-33)

Sentence #11 (40 tokens):
Ustinov is charismatic as the slaver (he seems in all his movies to be incapable of giving bad performances), and Caine generates believable anguish as the man who thinks he'll never see his wife again.
[Text=Ustinov CharacterOffsetBegin=1670 CharacterOffsetEnd=1677 PartOfSpeech=NNP] [Text=is CharacterOffsetBegin=1678 CharacterOffsetEnd=1680 PartOfSpeech=VBZ] [Text=charismatic CharacterOffsetBegin=1681 CharacterOffsetEnd=1692 PartOfSpeech=JJ] [Text=as CharacterOffsetBegin=1693 CharacterOffsetEnd=1695 PartOfSpeech=IN] [Text=the CharacterOffsetBegin=1696 CharacterOffsetEnd=1699 PartOfSpeech=DT] [Text=slaver CharacterOffsetBegin=1700 CharacterOffsetEnd=1706 PartOfSpeech=NN] [Text=-LRB- CharacterOffsetBegin=1707 CharacterOffsetEnd=1708 PartOfSpeech=-LRB-] [Text=he CharacterOffsetBegin=1708 CharacterOffsetEnd=1710 PartOfSpeech=PRP] [Text=seems CharacterOffsetBegin=1711 CharacterOffsetEnd=1716 PartOfSpeech=VBZ] [Text=in CharacterOffsetBegin=1717 CharacterOffsetEnd=1719 PartOfSpeech=IN] [Text=all CharacterOffsetBegin=1720 CharacterOffsetEnd=1723 PartOfSpeech=DT] [Text=his CharacterOffsetBegin=1724 CharacterOffsetEnd=1727 PartOfSpeech=PRP$] [Text=movies CharacterOffsetBegin=1728 CharacterOffsetEnd=1734 PartOfSpeech=NNS] [Text=to CharacterOffsetBegin=1735 CharacterOffsetEnd=1737 PartOfSpeech=TO] [Text=be CharacterOffsetBegin=1738 CharacterOffsetEnd=1740 PartOfSpeech=VB] [Text=incapable CharacterOffsetBegin=1741 CharacterOffsetEnd=1750 PartOfSpeech=JJ] [Text=of CharacterOffsetBegin=1751 CharacterOffsetEnd=1753 PartOfSpeech=IN] [Text=giving CharacterOffsetBegin=1754 CharacterOffsetEnd=1760 PartOfSpeech=VBG] [Text=bad CharacterOffsetBegin=1761 CharacterOffsetEnd=1764 PartOfSpeech=JJ] [Text=performances CharacterOffsetBegin=1765 CharacterOffsetEnd=1777 PartOfSpeech=NNS] [Text=-RRB- CharacterOffsetBegin=1777 CharacterOffsetEnd=1778 PartOfSpeech=-RRB-] [Text=, CharacterOffsetBegin=1778 CharacterOffsetEnd=1779 PartOfSpeech=,] [Text=and CharacterOffsetBegin=1780 CharacterOffsetEnd=1783 PartOfSpeech=CC] [Text=Caine CharacterOffsetBegin=1784 CharacterOffsetEnd=1789 PartOfSpeech=NNP] [Text=generates CharacterOffsetBegin=1790 CharacterOffsetEnd=1799 PartOfSpeech=VBZ] [Text=believable CharacterOffsetBegin=1800 CharacterOffsetEnd=1810 PartOfSpeech=JJ] [Text=anguish CharacterOffsetBegin=1811 CharacterOffsetEnd=1818 PartOfSpeech=NN] [Text=as CharacterOffsetBegin=1819 CharacterOffsetEnd=1821 PartOfSpeech=IN] [Text=the CharacterOffsetBegin=1822 CharacterOffsetEnd=1825 PartOfSpeech=DT] [Text=man CharacterOffsetBegin=1826 CharacterOffsetEnd=1829 PartOfSpeech=NN] [Text=who CharacterOffsetBegin=1830 CharacterOffsetEnd=1833 PartOfSpeech=WP] [Text=thinks CharacterOffsetBegin=1834 CharacterOffsetEnd=1840 PartOfSpeech=VBZ] [Text=he CharacterOffsetBegin=1841 CharacterOffsetEnd=1843 PartOfSpeech=PRP] [Text='ll CharacterOffsetBegin=1843 CharacterOffsetEnd=1846 PartOfSpeech=MD] [Text=never CharacterOffsetBegin=1847 CharacterOffsetEnd=1852 PartOfSpeech=RB] [Text=see CharacterOffsetBegin=1853 CharacterOffsetEnd=1856 PartOfSpeech=VB] [Text=his CharacterOffsetBegin=1857 CharacterOffsetEnd=1860 PartOfSpeech=PRP$] [Text=wife CharacterOffsetBegin=1861 CharacterOffsetEnd=1865 PartOfSpeech=NN] [Text=again CharacterOffsetBegin=1866 CharacterOffsetEnd=1871 PartOfSpeech=RB] [Text=. CharacterOffsetBegin=1871 CharacterOffsetEnd=1872 PartOfSpeech=.] 
root(ROOT-0, charismatic-3)
nsubj(charismatic-3, Ustinov-1)
cop(charismatic-3, is-2)
prep(charismatic-3, as-4)
det(slaver-6, the-5)
pobj(as-4, slaver-6)
punct(seems-9, -LRB--7)
nsubj(seems-9, he-8)
rcmod(slaver-6, seems-9)
prep(seems-9, in-10)
predet(movies-13, all-11)
poss(movies-13, his-12)
pobj(in-10, movies-13)
aux(incapable-16, to-14)
cop(incapable-16, be-15)
xcomp(seems-9, incapable-16)
prep(incapable-16, of-17)
pcomp(of-17, giving-18)
amod(performances-20, bad-19)
dobj(giving-18, performances-20)
punct(giving-18, -RRB--21)
punct(incapable-16, ,-22)
cc(incapable-16, and-23)
nsubj(generates-25, Caine-24)
conj(incapable-16, generates-25)
amod(anguish-27, believable-26)
dobj(generates-25, anguish-27)
prep(generates-25, as-28)
det(man-30, the-29)
pobj(as-28, man-30)
nsubj(thinks-32, who-31)
rcmod(man-30, thinks-32)
nsubj(see-36, he-33)
aux(see-36, 'll-34)
neg(see-36, never-35)
ccomp(thinks-32, see-36)
poss(wife-38, his-37)
dobj(see-36, wife-38)
advmod(see-36, again-39)
punct(charismatic-3, .-40)

Sentence #12 (16 tokens):
There are occasional flashes of action, but on the whole Ashanti is quite slow-moving.
[Text=There CharacterOffsetBegin=1877 CharacterOffsetEnd=1882 PartOfSpeech=EX] [Text=are CharacterOffsetBegin=1883 CharacterOffsetEnd=1886 PartOfSpeech=VBP] [Text=occasional CharacterOffsetBegin=1887 CharacterOffsetEnd=1897 PartOfSpeech=JJ] [Text=flashes CharacterOffsetBegin=1898 CharacterOffsetEnd=1905 PartOfSpeech=NNS] [Text=of CharacterOffsetBegin=1906 CharacterOffsetEnd=1908 PartOfSpeech=IN] [Text=action CharacterOffsetBegin=1909 CharacterOffsetEnd=1915 PartOfSpeech=NN] [Text=, CharacterOffsetBegin=1915 CharacterOffsetEnd=1916 PartOfSpeech=,] [Text=but CharacterOffsetBegin=1917 CharacterOffsetEnd=1920 PartOfSpeech=CC] [Text=on CharacterOffsetBegin=1921 CharacterOffsetEnd=1923 PartOfSpeech=IN] [Text=the CharacterOffsetBegin=1924 CharacterOffsetEnd=1927 PartOfSpeech=DT] [Text=whole CharacterOffsetBegin=1928 CharacterOffsetEnd=1933 PartOfSpeech=JJ] [Text=Ashanti CharacterOffsetBegin=1934 CharacterOffsetEnd=1941 PartOfSpeech=NNP] [Text=is CharacterOffsetBegin=1942 CharacterOffsetEnd=1944 PartOfSpeech=VBZ] [Text=quite CharacterOffsetBegin=1945 CharacterOffsetEnd=1950 PartOfSpeech=RB] [Text=slow-moving CharacterOffsetBegin=1951 CharacterOffsetEnd=1962 PartOfSpeech=JJ] [Text=. CharacterOffsetBegin=1962 CharacterOffsetEnd=1963 PartOfSpeech=.] 
root(ROOT-0, are-2)
expl(are-2, There-1)
amod(flashes-4, occasional-3)
nsubj(are-2, flashes-4)
prep(flashes-4, of-5)
pobj(of-5, action-6)
punct(are-2, ,-7)
cc(are-2, but-8)
prep(slow-moving-15, on-9)
det(Ashanti-12, the-10)
amod(Ashanti-12, whole-11)
pobj(on-9, Ashanti-12)
cop(slow-moving-15, is-13)
advmod(slow-moving-15, quite-14)
conj(are-2, slow-moving-15)
punct(are-2, .-16)

Sentence #13 (41 tokens):
All in all, it is a resistible piece of action hokum - not by any stretch as awful as Caine has frequently suggested, but not a very inspiring film and certainly a let-down from all the talent involved.
[Text=All CharacterOffsetBegin=1968 CharacterOffsetEnd=1971 PartOfSpeech=DT] [Text=in CharacterOffsetBegin=1972 CharacterOffsetEnd=1974 PartOfSpeech=IN] [Text=all CharacterOffsetBegin=1975 CharacterOffsetEnd=1978 PartOfSpeech=DT] [Text=, CharacterOffsetBegin=1978 CharacterOffsetEnd=1979 PartOfSpeech=,] [Text=it CharacterOffsetBegin=1980 CharacterOffsetEnd=1982 PartOfSpeech=PRP] [Text=is CharacterOffsetBegin=1983 CharacterOffsetEnd=1985 PartOfSpeech=VBZ] [Text=a CharacterOffsetBegin=1986 CharacterOffsetEnd=1987 PartOfSpeech=DT] [Text=resistible CharacterOffsetBegin=1988 CharacterOffsetEnd=1998 PartOfSpeech=JJ] [Text=piece CharacterOffsetBegin=1999 CharacterOffsetEnd=2004 PartOfSpeech=NN] [Text=of CharacterOffsetBegin=2005 CharacterOffsetEnd=2007 PartOfSpeech=IN] [Text=action CharacterOffsetBegin=2008 CharacterOffsetEnd=2014 PartOfSpeech=NN] [Text=hokum CharacterOffsetBegin=2015 CharacterOffsetEnd=2020 PartOfSpeech=NN] [Text=- CharacterOffsetBegin=2021 CharacterOffsetEnd=2022 PartOfSpeech=:] [Text=not CharacterOffsetBegin=2023 CharacterOffsetEnd=2026 PartOfSpeech=RB] [Text=by CharacterOffsetBegin=2027 CharacterOffsetEnd=2029 PartOfSpeech=IN] [Text=any CharacterOffsetBegin=2030 CharacterOffsetEnd=2033 PartOfSpeech=DT] [Text=stretch CharacterOffsetBegin=2034 CharacterOffsetEnd=2041 PartOfSpeech=NN] [Text=as CharacterOffsetBegin=2042 CharacterOffsetEnd=2044 PartOfSpeech=IN] [Text=awful CharacterOffsetBegin=2045 CharacterOffsetEnd=2050 PartOfSpeech=JJ] [Text=as CharacterOffsetBegin=2051 CharacterOffsetEnd=2053 PartOfSpeech=IN] [Text=Caine CharacterOffsetBegin=2054 CharacterOffsetEnd=2059 PartOfSpeech=NNP] [Text=has CharacterOffsetBegin=2060 CharacterOffsetEnd=2063 PartOfSpeech=VBZ] [Text=frequently CharacterOffsetBegin=2064 CharacterOffsetEnd=2074 PartOfSpeech=RB] [Text=suggested CharacterOffsetBegin=2075 CharacterOffsetEnd=2084 PartOfSpeech=VBN] [Text=, CharacterOffsetBegin=2084 CharacterOffsetEnd=2085 PartOfSpeech=,] [Text=but CharacterOffsetBegin=2086 CharacterOffsetEnd=2089 PartOfSpeech=CC] [Text=not CharacterOffsetBegin=2090 CharacterOffsetEnd=2093 PartOfSpeech=RB] [Text=a CharacterOffsetBegin=2094 CharacterOffsetEnd=2095 PartOfSpeech=DT] [Text=very CharacterOffsetBegin=2096 CharacterOffsetEnd=2100 PartOfSpeech=RB] [Text=inspiring CharacterOffsetBegin=2101 CharacterOffsetEnd=2110 PartOfSpeech=JJ] [Text=film CharacterOffsetBegin=2111 CharacterOffsetEnd=2115 PartOfSpeech=NN] [Text=and CharacterOffsetBegin=2116 CharacterOffsetEnd=2119 PartOfSpeech=CC] [Text=certainly CharacterOffsetBegin=2120 CharacterOffsetEnd=2129 PartOfSpeech=RB] [Text=a CharacterOffsetBegin=2130 CharacterOffsetEnd=2131 PartOfSpeech=DT] [Text=let-down CharacterOffsetBegin=2132 CharacterOffsetEnd=2140 PartOfSpeech=NN] [Text=from CharacterOffsetBegin=2141 CharacterOffsetEnd=2145 PartOfSpeech=IN] [Text=all CharacterOffsetBegin=2146 CharacterOffsetEnd=2149 PartOfSpeech=PDT] [Text=the CharacterOffsetBegin=2150 CharacterOffsetEnd=2153 PartOfSpeech=DT] [Text=talent CharacterOffsetBegin=2154 CharacterOffsetEnd=2160 PartOfSpeech=NN] [Text=involved CharacterOffsetBegin=2161 CharacterOffsetEnd=2169 PartOfSpeech=VBN] [Text=. CharacterOffsetBegin=2169 CharacterOffsetEnd=2170 PartOfSpeech=.] 
root(ROOT-0, piece-9)
advmod(piece-9, All-1)
prep(All-1, in-2)
pobj(in-2, all-3)
punct(piece-9, ,-4)
nsubj(piece-9, it-5)
cop(piece-9, is-6)
det(piece-9, a-7)
amod(piece-9, resistible-8)
prep(piece-9, of-10)
pobj(of-10, action-11)
partmod(action-11, hokum-12)
punct(hokum-12, --13)
neg(by-15, not-14)
prep(hokum-12, by-15)
det(stretch-17, any-16)
pobj(by-15, stretch-17)
prep(hokum-12, as-18)
pobj(as-18, awful-19)
mark(suggested-24, as-20)
nsubj(suggested-24, Caine-21)
aux(suggested-24, has-22)
advmod(suggested-24, frequently-23)
advcl(hokum-12, suggested-24)
punct(suggested-24, ,-25)
cc(suggested-24, but-26)
neg(film-31, not-27)
det(film-31, a-28)
advmod(inspiring-30, very-29)
amod(film-31, inspiring-30)
conj(suggested-24, film-31)
cc(film-31, and-32)
advmod(film-31, certainly-33)
det(let-down-35, a-34)
conj(film-31, let-down-35)
prep(let-down-35, from-36)
predet(talent-39, all-37)
det(talent-39, the-38)
pobj(from-36, talent-39)
partmod(talent-39, involved-40)
punct(piece-9, .-41)

