Sentence #1 (16 tokens):
This is actually an insult to the victims and their families of the BTK killer.
[Text=This CharacterOffsetBegin=4 CharacterOffsetEnd=8 PartOfSpeech=DT] [Text=is CharacterOffsetBegin=9 CharacterOffsetEnd=11 PartOfSpeech=VBZ] [Text=actually CharacterOffsetBegin=12 CharacterOffsetEnd=20 PartOfSpeech=RB] [Text=an CharacterOffsetBegin=21 CharacterOffsetEnd=23 PartOfSpeech=DT] [Text=insult CharacterOffsetBegin=24 CharacterOffsetEnd=30 PartOfSpeech=NN] [Text=to CharacterOffsetBegin=31 CharacterOffsetEnd=33 PartOfSpeech=TO] [Text=the CharacterOffsetBegin=34 CharacterOffsetEnd=37 PartOfSpeech=DT] [Text=victims CharacterOffsetBegin=38 CharacterOffsetEnd=45 PartOfSpeech=NNS] [Text=and CharacterOffsetBegin=46 CharacterOffsetEnd=49 PartOfSpeech=CC] [Text=their CharacterOffsetBegin=50 CharacterOffsetEnd=55 PartOfSpeech=PRP$] [Text=families CharacterOffsetBegin=56 CharacterOffsetEnd=64 PartOfSpeech=NNS] [Text=of CharacterOffsetBegin=65 CharacterOffsetEnd=67 PartOfSpeech=IN] [Text=the CharacterOffsetBegin=68 CharacterOffsetEnd=71 PartOfSpeech=DT] [Text=BTK CharacterOffsetBegin=72 CharacterOffsetEnd=75 PartOfSpeech=NNP] [Text=killer CharacterOffsetBegin=76 CharacterOffsetEnd=82 PartOfSpeech=NN] [Text=. CharacterOffsetBegin=82 CharacterOffsetEnd=83 PartOfSpeech=.] 
root(ROOT-0, insult-5)
nsubj(insult-5, This-1)
cop(insult-5, is-2)
advmod(insult-5, actually-3)
det(insult-5, an-4)
prep(insult-5, to-6)
det(victims-8, the-7)
pobj(to-6, victims-8)
cc(insult-5, and-9)
poss(families-11, their-10)
conj(insult-5, families-11)
prep(families-11, of-12)
det(killer-15, the-13)
nn(killer-15, BTK-14)
pobj(of-12, killer-15)
punct(insult-5, .-16)

Sentence #2 (13 tokens):
The events in this movie are not even close to the truth.
[Text=The CharacterOffsetBegin=88 CharacterOffsetEnd=91 PartOfSpeech=DT] [Text=events CharacterOffsetBegin=92 CharacterOffsetEnd=98 PartOfSpeech=NNS] [Text=in CharacterOffsetBegin=99 CharacterOffsetEnd=101 PartOfSpeech=IN] [Text=this CharacterOffsetBegin=102 CharacterOffsetEnd=106 PartOfSpeech=DT] [Text=movie CharacterOffsetBegin=107 CharacterOffsetEnd=112 PartOfSpeech=NN] [Text=are CharacterOffsetBegin=113 CharacterOffsetEnd=116 PartOfSpeech=VBP] [Text=not CharacterOffsetBegin=117 CharacterOffsetEnd=120 PartOfSpeech=RB] [Text=even CharacterOffsetBegin=121 CharacterOffsetEnd=125 PartOfSpeech=RB] [Text=close CharacterOffsetBegin=126 CharacterOffsetEnd=131 PartOfSpeech=VB] [Text=to CharacterOffsetBegin=132 CharacterOffsetEnd=134 PartOfSpeech=TO] [Text=the CharacterOffsetBegin=135 CharacterOffsetEnd=138 PartOfSpeech=DT] [Text=truth CharacterOffsetBegin=139 CharacterOffsetEnd=144 PartOfSpeech=NN] [Text=. CharacterOffsetBegin=144 CharacterOffsetEnd=145 PartOfSpeech=.] 
root(ROOT-0, close-9)
det(events-2, The-1)
nsubj(close-9, events-2)
prep(events-2, in-3)
det(movie-5, this-4)
pobj(in-3, movie-5)
cop(close-9, are-6)
neg(close-9, not-7)
advmod(close-9, even-8)
prep(close-9, to-10)
det(truth-12, the-11)
pobj(to-10, truth-12)
punct(close-9, .-13)

Sentence #3 (29 tokens):
Why they couldn't make a movie of the real events doesn't make any sense since the real events are more interesting then this made up farce.
[Text=Why CharacterOffsetBegin=150 CharacterOffsetEnd=153 PartOfSpeech=WRB] [Text=they CharacterOffsetBegin=154 CharacterOffsetEnd=158 PartOfSpeech=PRP] [Text=could CharacterOffsetBegin=159 CharacterOffsetEnd=164 PartOfSpeech=MD] [Text=n't CharacterOffsetBegin=164 CharacterOffsetEnd=167 PartOfSpeech=RB] [Text=make CharacterOffsetBegin=168 CharacterOffsetEnd=172 PartOfSpeech=VB] [Text=a CharacterOffsetBegin=173 CharacterOffsetEnd=174 PartOfSpeech=DT] [Text=movie CharacterOffsetBegin=175 CharacterOffsetEnd=180 PartOfSpeech=NN] [Text=of CharacterOffsetBegin=181 CharacterOffsetEnd=183 PartOfSpeech=IN] [Text=the CharacterOffsetBegin=184 CharacterOffsetEnd=187 PartOfSpeech=DT] [Text=real CharacterOffsetBegin=188 CharacterOffsetEnd=192 PartOfSpeech=JJ] [Text=events CharacterOffsetBegin=193 CharacterOffsetEnd=199 PartOfSpeech=NNS] [Text=does CharacterOffsetBegin=200 CharacterOffsetEnd=204 PartOfSpeech=VBZ] [Text=n't CharacterOffsetBegin=204 CharacterOffsetEnd=207 PartOfSpeech=RB] [Text=make CharacterOffsetBegin=208 CharacterOffsetEnd=212 PartOfSpeech=VB] [Text=any CharacterOffsetBegin=213 CharacterOffsetEnd=216 PartOfSpeech=DT] [Text=sense CharacterOffsetBegin=217 CharacterOffsetEnd=222 PartOfSpeech=NN] [Text=since CharacterOffsetBegin=223 CharacterOffsetEnd=228 PartOfSpeech=IN] [Text=the CharacterOffsetBegin=229 CharacterOffsetEnd=232 PartOfSpeech=DT] [Text=real CharacterOffsetBegin=233 CharacterOffsetEnd=237 PartOfSpeech=JJ] [Text=events CharacterOffsetBegin=238 CharacterOffsetEnd=244 PartOfSpeech=NNS] [Text=are CharacterOffsetBegin=245 CharacterOffsetEnd=248 PartOfSpeech=VBP] [Text=more CharacterOffsetBegin=249 CharacterOffsetEnd=253 PartOfSpeech=RBR] [Text=interesting CharacterOffsetBegin=254 CharacterOffsetEnd=265 PartOfSpeech=JJ] [Text=then CharacterOffsetBegin=266 CharacterOffsetEnd=270 PartOfSpeech=RB] [Text=this CharacterOffsetBegin=271 CharacterOffsetEnd=275 PartOfSpeech=DT] [Text=made CharacterOffsetBegin=276 CharacterOffsetEnd=280 PartOfSpeech=VBN] [Text=up CharacterOffsetBegin=281 CharacterOffsetEnd=283 PartOfSpeech=RP] [Text=farce CharacterOffsetBegin=284 CharacterOffsetEnd=289 PartOfSpeech=NN] [Text=. CharacterOffsetBegin=289 CharacterOffsetEnd=290 PartOfSpeech=.] 
root(ROOT-0, make-14)
advmod(make-5, Why-1)
nsubj(make-5, they-2)
aux(make-5, could-3)
neg(make-5, n't-4)
csubj(make-14, make-5)
det(movie-7, a-6)
dobj(make-5, movie-7)
prep(movie-7, of-8)
det(events-11, the-9)
amod(events-11, real-10)
pobj(of-8, events-11)
aux(make-14, does-12)
neg(make-14, n't-13)
det(sense-16, any-15)
dobj(make-14, sense-16)
mark(interesting-23, since-17)
det(events-20, the-18)
amod(events-20, real-19)
nsubj(interesting-23, events-20)
cop(interesting-23, are-21)
advmod(interesting-23, more-22)
advcl(make-14, interesting-23)
advmod(interesting-23, then-24)
nsubj(made-26, this-25)
dep(interesting-23, made-26)
prt(made-26, up-27)
dobj(made-26, farce-28)
punct(make-14, .-29)

Sentence #4 (11 tokens):
Don't even waste your time watching this for free.
[Text=Do CharacterOffsetBegin=295 CharacterOffsetEnd=297 PartOfSpeech=VBP] [Text=n't CharacterOffsetBegin=297 CharacterOffsetEnd=300 PartOfSpeech=RB] [Text=even CharacterOffsetBegin=301 CharacterOffsetEnd=305 PartOfSpeech=RB] [Text=waste CharacterOffsetBegin=306 CharacterOffsetEnd=311 PartOfSpeech=VB] [Text=your CharacterOffsetBegin=312 CharacterOffsetEnd=316 PartOfSpeech=PRP$] [Text=time CharacterOffsetBegin=317 CharacterOffsetEnd=321 PartOfSpeech=NN] [Text=watching CharacterOffsetBegin=322 CharacterOffsetEnd=330 PartOfSpeech=VBG] [Text=this CharacterOffsetBegin=331 CharacterOffsetEnd=335 PartOfSpeech=DT] [Text=for CharacterOffsetBegin=336 CharacterOffsetEnd=339 PartOfSpeech=IN] [Text=free CharacterOffsetBegin=340 CharacterOffsetEnd=344 PartOfSpeech=JJ] [Text=. CharacterOffsetBegin=344 CharacterOffsetEnd=345 PartOfSpeech=.] 
root(ROOT-0, waste-4)
aux(waste-4, Do-1)
neg(waste-4, n't-2)
advmod(waste-4, even-3)
poss(time-6, your-5)
dobj(waste-4, time-6)
xcomp(waste-4, watching-7)
dobj(watching-7, this-8)
prep(watching-7, for-9)
pobj(for-9, free-10)
punct(waste-4, .-11)

Sentence #5 (26 tokens):
Low budget and a shameful depiction of the events which should not be made a joke of, which is really what this movie did.
[Text=Low CharacterOffsetBegin=350 CharacterOffsetEnd=353 PartOfSpeech=JJ] [Text=budget CharacterOffsetBegin=354 CharacterOffsetEnd=360 PartOfSpeech=NN] [Text=and CharacterOffsetBegin=361 CharacterOffsetEnd=364 PartOfSpeech=CC] [Text=a CharacterOffsetBegin=365 CharacterOffsetEnd=366 PartOfSpeech=DT] [Text=shameful CharacterOffsetBegin=367 CharacterOffsetEnd=375 PartOfSpeech=JJ] [Text=depiction CharacterOffsetBegin=376 CharacterOffsetEnd=385 PartOfSpeech=NN] [Text=of CharacterOffsetBegin=386 CharacterOffsetEnd=388 PartOfSpeech=IN] [Text=the CharacterOffsetBegin=389 CharacterOffsetEnd=392 PartOfSpeech=DT] [Text=events CharacterOffsetBegin=393 CharacterOffsetEnd=399 PartOfSpeech=NNS] [Text=which CharacterOffsetBegin=400 CharacterOffsetEnd=405 PartOfSpeech=WDT] [Text=should CharacterOffsetBegin=406 CharacterOffsetEnd=412 PartOfSpeech=MD] [Text=not CharacterOffsetBegin=413 CharacterOffsetEnd=416 PartOfSpeech=RB] [Text=be CharacterOffsetBegin=417 CharacterOffsetEnd=419 PartOfSpeech=VB] [Text=made CharacterOffsetBegin=420 CharacterOffsetEnd=424 PartOfSpeech=VBN] [Text=a CharacterOffsetBegin=425 CharacterOffsetEnd=426 PartOfSpeech=DT] [Text=joke CharacterOffsetBegin=427 CharacterOffsetEnd=431 PartOfSpeech=NN] [Text=of CharacterOffsetBegin=432 CharacterOffsetEnd=434 PartOfSpeech=IN] [Text=, CharacterOffsetBegin=434 CharacterOffsetEnd=435 PartOfSpeech=,] [Text=which CharacterOffsetBegin=436 CharacterOffsetEnd=441 PartOfSpeech=WDT] [Text=is CharacterOffsetBegin=442 CharacterOffsetEnd=444 PartOfSpeech=VBZ] [Text=really CharacterOffsetBegin=445 CharacterOffsetEnd=451 PartOfSpeech=RB] [Text=what CharacterOffsetBegin=452 CharacterOffsetEnd=456 PartOfSpeech=WP] [Text=this CharacterOffsetBegin=457 CharacterOffsetEnd=461 PartOfSpeech=DT] [Text=movie CharacterOffsetBegin=462 CharacterOffsetEnd=467 PartOfSpeech=NN] [Text=did CharacterOffsetBegin=468 CharacterOffsetEnd=471 PartOfSpeech=VBD] [Text=. CharacterOffsetBegin=471 CharacterOffsetEnd=472 PartOfSpeech=.] 
root(ROOT-0, did-25)
amod(budget-2, Low-1)
nsubj(did-25, budget-2)
cc(budget-2, and-3)
det(depiction-6, a-4)
amod(depiction-6, shameful-5)
conj(budget-2, depiction-6)
prep(depiction-6, of-7)
det(events-9, the-8)
pobj(of-7, events-9)
nsubj(made-14, which-10)
aux(made-14, should-11)
neg(made-14, not-12)
auxpass(made-14, be-13)
rcmod(events-9, made-14)
det(joke-16, a-15)
dobj(made-14, joke-16)
prep(joke-16, of-17)
punct(of-17, ,-18)
pobj(of-17, which-19)
dep(did-25, is-20)
advmod(what-22, really-21)
dobj(did-25, what-22)
det(movie-24, this-23)
nsubj(did-25, movie-24)
punct(did-25, .-26)

Sentence #6 (15 tokens):
If they would allow me to give a -10 to this movie I would.
[Text=If CharacterOffsetBegin=477 CharacterOffsetEnd=479 PartOfSpeech=IN] [Text=they CharacterOffsetBegin=480 CharacterOffsetEnd=484 PartOfSpeech=PRP] [Text=would CharacterOffsetBegin=485 CharacterOffsetEnd=490 PartOfSpeech=MD] [Text=allow CharacterOffsetBegin=491 CharacterOffsetEnd=496 PartOfSpeech=VB] [Text=me CharacterOffsetBegin=497 CharacterOffsetEnd=499 PartOfSpeech=PRP] [Text=to CharacterOffsetBegin=500 CharacterOffsetEnd=502 PartOfSpeech=TO] [Text=give CharacterOffsetBegin=503 CharacterOffsetEnd=507 PartOfSpeech=VB] [Text=a CharacterOffsetBegin=508 CharacterOffsetEnd=509 PartOfSpeech=DT] [Text=-10 CharacterOffsetBegin=510 CharacterOffsetEnd=513 PartOfSpeech=CD] [Text=to CharacterOffsetBegin=514 CharacterOffsetEnd=516 PartOfSpeech=TO] [Text=this CharacterOffsetBegin=517 CharacterOffsetEnd=521 PartOfSpeech=DT] [Text=movie CharacterOffsetBegin=522 CharacterOffsetEnd=527 PartOfSpeech=NN] [Text=I CharacterOffsetBegin=528 CharacterOffsetEnd=529 PartOfSpeech=PRP] [Text=would CharacterOffsetBegin=530 CharacterOffsetEnd=535 PartOfSpeech=MD] [Text=. CharacterOffsetBegin=535 CharacterOffsetEnd=536 PartOfSpeech=.] 
root(ROOT-0, allow-4)
mark(allow-4, If-1)
nsubj(allow-4, they-2)
aux(allow-4, would-3)
nsubj(give-7, me-5)
aux(give-7, to-6)
xcomp(allow-4, give-7)
det(-10-9, a-8)
dobj(give-7, -10-9)
prep(give-7, to-10)
det(movie-12, this-11)
pobj(to-10, movie-12)
nsubj(would-14, I-13)
dep(give-7, would-14)
punct(allow-4, .-15)

Sentence #7 (20 tokens):
The acting sucked and it looks like it was shot on an old VHS video camera from the 80s.
[Text=The CharacterOffsetBegin=541 CharacterOffsetEnd=544 PartOfSpeech=DT] [Text=acting CharacterOffsetBegin=545 CharacterOffsetEnd=551 PartOfSpeech=VBG] [Text=sucked CharacterOffsetBegin=552 CharacterOffsetEnd=558 PartOfSpeech=VBN] [Text=and CharacterOffsetBegin=559 CharacterOffsetEnd=562 PartOfSpeech=CC] [Text=it CharacterOffsetBegin=563 CharacterOffsetEnd=565 PartOfSpeech=PRP] [Text=looks CharacterOffsetBegin=566 CharacterOffsetEnd=571 PartOfSpeech=VBZ] [Text=like CharacterOffsetBegin=572 CharacterOffsetEnd=576 PartOfSpeech=IN] [Text=it CharacterOffsetBegin=577 CharacterOffsetEnd=579 PartOfSpeech=PRP] [Text=was CharacterOffsetBegin=580 CharacterOffsetEnd=583 PartOfSpeech=VBD] [Text=shot CharacterOffsetBegin=584 CharacterOffsetEnd=588 PartOfSpeech=VBN] [Text=on CharacterOffsetBegin=589 CharacterOffsetEnd=591 PartOfSpeech=IN] [Text=an CharacterOffsetBegin=592 CharacterOffsetEnd=594 PartOfSpeech=DT] [Text=old CharacterOffsetBegin=595 CharacterOffsetEnd=598 PartOfSpeech=JJ] [Text=VHS CharacterOffsetBegin=599 CharacterOffsetEnd=602 PartOfSpeech=NNP] [Text=video CharacterOffsetBegin=603 CharacterOffsetEnd=608 PartOfSpeech=NN] [Text=camera CharacterOffsetBegin=609 CharacterOffsetEnd=615 PartOfSpeech=NN] [Text=from CharacterOffsetBegin=616 CharacterOffsetEnd=620 PartOfSpeech=IN] [Text=the CharacterOffsetBegin=621 CharacterOffsetEnd=624 PartOfSpeech=DT] [Text=80s CharacterOffsetBegin=625 CharacterOffsetEnd=628 PartOfSpeech=CD] [Text=. CharacterOffsetBegin=628 CharacterOffsetEnd=629 PartOfSpeech=.] 
root(ROOT-0, sucked-3)
det(sucked-3, The-1)
amod(sucked-3, acting-2)
cc(sucked-3, and-4)
nsubj(looks-6, it-5)
conj(sucked-3, looks-6)
mark(shot-10, like-7)
nsubjpass(shot-10, it-8)
auxpass(shot-10, was-9)
advcl(looks-6, shot-10)
prep(shot-10, on-11)
det(camera-16, an-12)
amod(camera-16, old-13)
nn(camera-16, VHS-14)
nn(camera-16, video-15)
pobj(on-11, camera-16)
prep(shot-10, from-17)
det(80s-19, the-18)
pobj(from-17, 80s-19)
punct(sucked-3, .-20)

Sentence #8 (11 tokens):
Save your time and money by not watching this movie.
[Text=Save CharacterOffsetBegin=634 CharacterOffsetEnd=638 PartOfSpeech=VB] [Text=your CharacterOffsetBegin=639 CharacterOffsetEnd=643 PartOfSpeech=PRP$] [Text=time CharacterOffsetBegin=644 CharacterOffsetEnd=648 PartOfSpeech=NN] [Text=and CharacterOffsetBegin=649 CharacterOffsetEnd=652 PartOfSpeech=CC] [Text=money CharacterOffsetBegin=653 CharacterOffsetEnd=658 PartOfSpeech=NN] [Text=by CharacterOffsetBegin=659 CharacterOffsetEnd=661 PartOfSpeech=IN] [Text=not CharacterOffsetBegin=662 CharacterOffsetEnd=665 PartOfSpeech=RB] [Text=watching CharacterOffsetBegin=666 CharacterOffsetEnd=674 PartOfSpeech=VBG] [Text=this CharacterOffsetBegin=675 CharacterOffsetEnd=679 PartOfSpeech=DT] [Text=movie CharacterOffsetBegin=680 CharacterOffsetEnd=685 PartOfSpeech=NN] [Text=. CharacterOffsetBegin=685 CharacterOffsetEnd=686 PartOfSpeech=.] 
root(ROOT-0, Save-1)
poss(time-3, your-2)
dobj(Save-1, time-3)
cc(time-3, and-4)
conj(time-3, money-5)
prep(Save-1, by-6)
neg(watching-8, not-7)
pcomp(by-6, watching-8)
det(movie-10, this-9)
dobj(watching-8, movie-10)
punct(Save-1, .-11)

