Sentence #1 (34 tokens):
No matter what anyone tells you, there is a mere fact to the word "possession" in film circles -- such as "what possessed you to greenlight this film?"
[Text=No CharacterOffsetBegin=4 CharacterOffsetEnd=6 PartOfSpeech=DT] [Text=matter CharacterOffsetBegin=7 CharacterOffsetEnd=13 PartOfSpeech=NN] [Text=what CharacterOffsetBegin=14 CharacterOffsetEnd=18 PartOfSpeech=WDT] [Text=anyone CharacterOffsetBegin=19 CharacterOffsetEnd=25 PartOfSpeech=NN] [Text=tells CharacterOffsetBegin=26 CharacterOffsetEnd=31 PartOfSpeech=VBZ] [Text=you CharacterOffsetBegin=32 CharacterOffsetEnd=35 PartOfSpeech=PRP] [Text=, CharacterOffsetBegin=35 CharacterOffsetEnd=36 PartOfSpeech=,] [Text=there CharacterOffsetBegin=37 CharacterOffsetEnd=42 PartOfSpeech=EX] [Text=is CharacterOffsetBegin=43 CharacterOffsetEnd=45 PartOfSpeech=VBZ] [Text=a CharacterOffsetBegin=46 CharacterOffsetEnd=47 PartOfSpeech=DT] [Text=mere CharacterOffsetBegin=48 CharacterOffsetEnd=52 PartOfSpeech=JJ] [Text=fact CharacterOffsetBegin=53 CharacterOffsetEnd=57 PartOfSpeech=NN] [Text=to CharacterOffsetBegin=58 CharacterOffsetEnd=60 PartOfSpeech=TO] [Text=the CharacterOffsetBegin=61 CharacterOffsetEnd=64 PartOfSpeech=DT] [Text=word CharacterOffsetBegin=65 CharacterOffsetEnd=69 PartOfSpeech=NN] [Text=`` CharacterOffsetBegin=70 CharacterOffsetEnd=71 PartOfSpeech=``] [Text=possession CharacterOffsetBegin=71 CharacterOffsetEnd=81 PartOfSpeech=NN] [Text='' CharacterOffsetBegin=81 CharacterOffsetEnd=82 PartOfSpeech=''] [Text=in CharacterOffsetBegin=83 CharacterOffsetEnd=85 PartOfSpeech=IN] [Text=film CharacterOffsetBegin=86 CharacterOffsetEnd=90 PartOfSpeech=NN] [Text=circles CharacterOffsetBegin=91 CharacterOffsetEnd=98 PartOfSpeech=NNS] [Text=-- CharacterOffsetBegin=99 CharacterOffsetEnd=101 PartOfSpeech=:] [Text=such CharacterOffsetBegin=102 CharacterOffsetEnd=106 PartOfSpeech=JJ] [Text=as CharacterOffsetBegin=107 CharacterOffsetEnd=109 PartOfSpeech=IN] [Text=`` CharacterOffsetBegin=110 CharacterOffsetEnd=111 PartOfSpeech=``] [Text=what CharacterOffsetBegin=111 CharacterOffsetEnd=115 PartOfSpeech=WP] [Text=possessed CharacterOffsetBegin=116 CharacterOffsetEnd=125 PartOfSpeech=VBD] [Text=you CharacterOffsetBegin=126 CharacterOffsetEnd=129 PartOfSpeech=PRP] [Text=to CharacterOffsetBegin=130 CharacterOffsetEnd=132 PartOfSpeech=TO] [Text=greenlight CharacterOffsetBegin=133 CharacterOffsetEnd=143 PartOfSpeech=VB] [Text=this CharacterOffsetBegin=144 CharacterOffsetEnd=148 PartOfSpeech=DT] [Text=film CharacterOffsetBegin=149 CharacterOffsetEnd=153 PartOfSpeech=NN] [Text=? CharacterOffsetBegin=153 CharacterOffsetEnd=154 PartOfSpeech=.] [Text='' CharacterOffsetBegin=154 CharacterOffsetEnd=155 PartOfSpeech=''] 
root(ROOT-0, fact-12)
det(matter-2, No-1)
dep(is-9, matter-2)
dobj(tells-5, what-3)
nsubj(tells-5, anyone-4)
rcmod(matter-2, tells-5)
dobj(tells-5, you-6)
punct(is-9, ,-7)
expl(is-9, there-8)
cop(fact-12, is-9)
det(fact-12, a-10)
amod(fact-12, mere-11)
prep(fact-12, to-13)
det(word-15, the-14)
pobj(to-13, word-15)
punct(possession-17, ``-16)
dep(word-15, possession-17)
punct(possession-17, ''-18)
prep(possession-17, in-19)
nn(circles-21, film-20)
pobj(in-19, circles-21)
punct(possession-17, ---22)
mwe(as-24, such-23)
prep(possession-17, as-24)
punct(possessed-27, ``-25)
nsubj(possessed-27, what-26)
pcomp(as-24, possessed-27)
dobj(possessed-27, you-28)
aux(greenlight-30, to-29)
xcomp(possessed-27, greenlight-30)
det(film-32, this-31)
dobj(greenlight-30, film-32)
punct(fact-12, ?-33)
punct(fact-12, ''-34)

Sentence #2 (15 tokens):
Religion doesn't have anything to do with it, but common sense does.
[Text=Religion CharacterOffsetBegin=160 CharacterOffsetEnd=168 PartOfSpeech=NNP] [Text=does CharacterOffsetBegin=169 CharacterOffsetEnd=173 PartOfSpeech=VBZ] [Text=n't CharacterOffsetBegin=173 CharacterOffsetEnd=176 PartOfSpeech=RB] [Text=have CharacterOffsetBegin=177 CharacterOffsetEnd=181 PartOfSpeech=VB] [Text=anything CharacterOffsetBegin=182 CharacterOffsetEnd=190 PartOfSpeech=NN] [Text=to CharacterOffsetBegin=191 CharacterOffsetEnd=193 PartOfSpeech=TO] [Text=do CharacterOffsetBegin=194 CharacterOffsetEnd=196 PartOfSpeech=VB] [Text=with CharacterOffsetBegin=197 CharacterOffsetEnd=201 PartOfSpeech=IN] [Text=it CharacterOffsetBegin=202 CharacterOffsetEnd=204 PartOfSpeech=PRP] [Text=, CharacterOffsetBegin=204 CharacterOffsetEnd=205 PartOfSpeech=,] [Text=but CharacterOffsetBegin=206 CharacterOffsetEnd=209 PartOfSpeech=CC] [Text=common CharacterOffsetBegin=210 CharacterOffsetEnd=216 PartOfSpeech=JJ] [Text=sense CharacterOffsetBegin=217 CharacterOffsetEnd=222 PartOfSpeech=NN] [Text=does CharacterOffsetBegin=223 CharacterOffsetEnd=227 PartOfSpeech=VBZ] [Text=. CharacterOffsetBegin=227 CharacterOffsetEnd=228 PartOfSpeech=.] 
root(ROOT-0, have-4)
nsubj(have-4, Religion-1)
aux(have-4, does-2)
neg(have-4, n't-3)
dobj(have-4, anything-5)
aux(do-7, to-6)
infmod(anything-5, do-7)
prep(do-7, with-8)
pobj(with-8, it-9)
punct(have-4, ,-10)
cc(have-4, but-11)
amod(sense-13, common-12)
nsubj(does-14, sense-13)
conj(have-4, does-14)
punct(have-4, .-15)

Sentence #3 (37 tokens):
That is, if your head is clear and you are of sound mind to make a judgment.On many levels I tried to rationalize where this film would entertain....or even interest the average consumer.
[Text=That CharacterOffsetBegin=233 CharacterOffsetEnd=237 PartOfSpeech=DT] [Text=is CharacterOffsetBegin=238 CharacterOffsetEnd=240 PartOfSpeech=VBZ] [Text=, CharacterOffsetBegin=240 CharacterOffsetEnd=241 PartOfSpeech=,] [Text=if CharacterOffsetBegin=242 CharacterOffsetEnd=244 PartOfSpeech=IN] [Text=your CharacterOffsetBegin=245 CharacterOffsetEnd=249 PartOfSpeech=PRP$] [Text=head CharacterOffsetBegin=250 CharacterOffsetEnd=254 PartOfSpeech=NN] [Text=is CharacterOffsetBegin=255 CharacterOffsetEnd=257 PartOfSpeech=VBZ] [Text=clear CharacterOffsetBegin=258 CharacterOffsetEnd=263 PartOfSpeech=JJ] [Text=and CharacterOffsetBegin=264 CharacterOffsetEnd=267 PartOfSpeech=CC] [Text=you CharacterOffsetBegin=268 CharacterOffsetEnd=271 PartOfSpeech=PRP] [Text=are CharacterOffsetBegin=272 CharacterOffsetEnd=275 PartOfSpeech=VBP] [Text=of CharacterOffsetBegin=276 CharacterOffsetEnd=278 PartOfSpeech=IN] [Text=sound CharacterOffsetBegin=279 CharacterOffsetEnd=284 PartOfSpeech=JJ] [Text=mind CharacterOffsetBegin=285 CharacterOffsetEnd=289 PartOfSpeech=NN] [Text=to CharacterOffsetBegin=290 CharacterOffsetEnd=292 PartOfSpeech=TO] [Text=make CharacterOffsetBegin=293 CharacterOffsetEnd=297 PartOfSpeech=VB] [Text=a CharacterOffsetBegin=298 CharacterOffsetEnd=299 PartOfSpeech=DT] [Text=judgment.On CharacterOffsetBegin=300 CharacterOffsetEnd=311 PartOfSpeech=NN] [Text=many CharacterOffsetBegin=312 CharacterOffsetEnd=316 PartOfSpeech=JJ] [Text=levels CharacterOffsetBegin=317 CharacterOffsetEnd=323 PartOfSpeech=NNS] [Text=I CharacterOffsetBegin=324 CharacterOffsetEnd=325 PartOfSpeech=PRP] [Text=tried CharacterOffsetBegin=326 CharacterOffsetEnd=331 PartOfSpeech=VBD] [Text=to CharacterOffsetBegin=332 CharacterOffsetEnd=334 PartOfSpeech=TO] [Text=rationalize CharacterOffsetBegin=335 CharacterOffsetEnd=346 PartOfSpeech=VB] [Text=where CharacterOffsetBegin=347 CharacterOffsetEnd=352 PartOfSpeech=WRB] [Text=this CharacterOffsetBegin=353 CharacterOffsetEnd=357 PartOfSpeech=DT] [Text=film CharacterOffsetBegin=358 CharacterOffsetEnd=362 PartOfSpeech=NN] [Text=would CharacterOffsetBegin=363 CharacterOffsetEnd=368 PartOfSpeech=MD] [Text=entertain CharacterOffsetBegin=369 CharacterOffsetEnd=378 PartOfSpeech=VB] [Text=... CharacterOffsetBegin=378 CharacterOffsetEnd=382 PartOfSpeech=:] [Text=or CharacterOffsetBegin=382 CharacterOffsetEnd=384 PartOfSpeech=CC] [Text=even CharacterOffsetBegin=385 CharacterOffsetEnd=389 PartOfSpeech=RB] [Text=interest CharacterOffsetBegin=390 CharacterOffsetEnd=398 PartOfSpeech=NN] [Text=the CharacterOffsetBegin=399 CharacterOffsetEnd=402 PartOfSpeech=DT] [Text=average CharacterOffsetBegin=403 CharacterOffsetEnd=410 PartOfSpeech=JJ] [Text=consumer CharacterOffsetBegin=411 CharacterOffsetEnd=419 PartOfSpeech=NN] [Text=. CharacterOffsetBegin=419 CharacterOffsetEnd=420 PartOfSpeech=.] 
root(ROOT-0, is-2)
nsubj(is-2, That-1)
punct(is-2, ,-3)
mark(clear-8, if-4)
poss(head-6, your-5)
nsubj(clear-8, head-6)
cop(clear-8, is-7)
advcl(is-2, clear-8)
cc(clear-8, and-9)
nsubj(are-11, you-10)
conj(clear-8, are-11)
prep(are-11, of-12)
amod(mind-14, sound-13)
pobj(of-12, mind-14)
aux(make-16, to-15)
xcomp(are-11, make-16)
det(judgment.On-18, a-17)
dobj(make-16, judgment.On-18)
amod(levels-20, many-19)
dep(judgment.On-18, levels-20)
nsubj(tried-22, I-21)
rcmod(levels-20, tried-22)
aux(rationalize-24, to-23)
xcomp(tried-22, rationalize-24)
advmod(entertain-29, where-25)
det(film-27, this-26)
nsubj(entertain-29, film-27)
aux(entertain-29, would-28)
advcl(rationalize-24, entertain-29)
punct(entertain-29, ...-30)
cc(entertain-29, or-31)
advmod(interest-33, even-32)
conj(entertain-29, interest-33)
det(consumer-36, the-34)
amod(consumer-36, average-35)
dobj(interest-33, consumer-36)
punct(is-2, .-37)

Sentence #4 (3 tokens):
The star?
[Text=The CharacterOffsetBegin=425 CharacterOffsetEnd=428 PartOfSpeech=DT] [Text=star CharacterOffsetBegin=429 CharacterOffsetEnd=433 PartOfSpeech=NN] [Text=? CharacterOffsetBegin=433 CharacterOffsetEnd=434 PartOfSpeech=.] 
root(ROOT-0, star-2)
det(star-2, The-1)
punct(star-2, ?-3)

Sentence #5 (3 tokens):
The story?
[Text=The CharacterOffsetBegin=439 CharacterOffsetEnd=442 PartOfSpeech=DT] [Text=story CharacterOffsetBegin=443 CharacterOffsetEnd=448 PartOfSpeech=NN] [Text=? CharacterOffsetBegin=448 CharacterOffsetEnd=449 PartOfSpeech=.] 
root(ROOT-0, story-2)
det(story-2, The-1)
punct(story-2, ?-3)

Sentence #6 (4 tokens):
The unique idea?
[Text=The CharacterOffsetBegin=454 CharacterOffsetEnd=457 PartOfSpeech=DT] [Text=unique CharacterOffsetBegin=458 CharacterOffsetEnd=464 PartOfSpeech=JJ] [Text=idea CharacterOffsetBegin=465 CharacterOffsetEnd=469 PartOfSpeech=NN] [Text=? CharacterOffsetBegin=469 CharacterOffsetEnd=470 PartOfSpeech=.] 
root(ROOT-0, idea-3)
det(idea-3, The-1)
amod(idea-3, unique-2)
punct(idea-3, ?-4)

Sentence #7 (15 tokens):
A buddy movie that kids would love with a dinosaur and a black woman?
[Text=A CharacterOffsetBegin=475 CharacterOffsetEnd=476 PartOfSpeech=DT] [Text=buddy CharacterOffsetBegin=477 CharacterOffsetEnd=482 PartOfSpeech=NN] [Text=movie CharacterOffsetBegin=483 CharacterOffsetEnd=488 PartOfSpeech=NN] [Text=that CharacterOffsetBegin=489 CharacterOffsetEnd=493 PartOfSpeech=WDT] [Text=kids CharacterOffsetBegin=494 CharacterOffsetEnd=498 PartOfSpeech=NNS] [Text=would CharacterOffsetBegin=499 CharacterOffsetEnd=504 PartOfSpeech=MD] [Text=love CharacterOffsetBegin=505 CharacterOffsetEnd=509 PartOfSpeech=VB] [Text=with CharacterOffsetBegin=510 CharacterOffsetEnd=514 PartOfSpeech=IN] [Text=a CharacterOffsetBegin=515 CharacterOffsetEnd=516 PartOfSpeech=DT] [Text=dinosaur CharacterOffsetBegin=517 CharacterOffsetEnd=525 PartOfSpeech=NN] [Text=and CharacterOffsetBegin=526 CharacterOffsetEnd=529 PartOfSpeech=CC] [Text=a CharacterOffsetBegin=530 CharacterOffsetEnd=531 PartOfSpeech=DT] [Text=black CharacterOffsetBegin=532 CharacterOffsetEnd=537 PartOfSpeech=JJ] [Text=woman CharacterOffsetBegin=538 CharacterOffsetEnd=543 PartOfSpeech=NN] [Text=? CharacterOffsetBegin=543 CharacterOffsetEnd=544 PartOfSpeech=.] 
root(ROOT-0, movie-3)
det(movie-3, A-1)
nn(movie-3, buddy-2)
dobj(love-7, that-4)
nsubj(love-7, kids-5)
aux(love-7, would-6)
rcmod(movie-3, love-7)
prep(love-7, with-8)
det(dinosaur-10, a-9)
pobj(with-8, dinosaur-10)
cc(dinosaur-10, and-11)
det(woman-14, a-12)
amod(woman-14, black-13)
conj(dinosaur-10, woman-14)
punct(movie-3, ?-15)

Sentence #8 (5 tokens):
On, my goodness!
[Text=On CharacterOffsetBegin=549 CharacterOffsetEnd=551 PartOfSpeech=IN] [Text=, CharacterOffsetBegin=551 CharacterOffsetEnd=552 PartOfSpeech=,] [Text=my CharacterOffsetBegin=553 CharacterOffsetEnd=555 PartOfSpeech=PRP$] [Text=goodness CharacterOffsetBegin=556 CharacterOffsetEnd=564 PartOfSpeech=NN] [Text=! CharacterOffsetBegin=564 CharacterOffsetEnd=565 PartOfSpeech=.] 
root(ROOT-0, On-1)
punct(goodness-4, ,-2)
poss(goodness-4, my-3)
pobj(On-1, goodness-4)
punct(On-1, !-5)

Sentence #9 (15 tokens):
I am sure when this was an "idea", it sounded good.
[Text=I CharacterOffsetBegin=570 CharacterOffsetEnd=571 PartOfSpeech=PRP] [Text=am CharacterOffsetBegin=572 CharacterOffsetEnd=574 PartOfSpeech=VBP] [Text=sure CharacterOffsetBegin=575 CharacterOffsetEnd=579 PartOfSpeech=RB] [Text=when CharacterOffsetBegin=580 CharacterOffsetEnd=584 PartOfSpeech=WRB] [Text=this CharacterOffsetBegin=585 CharacterOffsetEnd=589 PartOfSpeech=DT] [Text=was CharacterOffsetBegin=590 CharacterOffsetEnd=593 PartOfSpeech=VBD] [Text=an CharacterOffsetBegin=594 CharacterOffsetEnd=596 PartOfSpeech=DT] [Text=`` CharacterOffsetBegin=597 CharacterOffsetEnd=598 PartOfSpeech=``] [Text=idea CharacterOffsetBegin=598 CharacterOffsetEnd=602 PartOfSpeech=NN] [Text='' CharacterOffsetBegin=602 CharacterOffsetEnd=603 PartOfSpeech=''] [Text=, CharacterOffsetBegin=603 CharacterOffsetEnd=604 PartOfSpeech=,] [Text=it CharacterOffsetBegin=605 CharacterOffsetEnd=607 PartOfSpeech=PRP] [Text=sounded CharacterOffsetBegin=608 CharacterOffsetEnd=615 PartOfSpeech=VBD] [Text=good CharacterOffsetBegin=616 CharacterOffsetEnd=620 PartOfSpeech=JJ] [Text=. CharacterOffsetBegin=620 CharacterOffsetEnd=621 PartOfSpeech=.] 
root(ROOT-0, sounded-13)
nsubj(sure-3, I-1)
cop(sure-3, am-2)
ccomp(sounded-13, sure-3)
advmod(idea-9, when-4)
nsubj(idea-9, this-5)
cop(idea-9, was-6)
det(idea-9, an-7)
punct(idea-9, ``-8)
dep(sure-3, idea-9)
punct(idea-9, ''-10)
punct(sounded-13, ,-11)
nsubj(sounded-13, it-12)
acomp(sounded-13, good-14)
punct(sounded-13, .-15)

Sentence #10 (63 tokens):
But somewhere during the course of development...someone should have pointed out where the idea could not translate into a piece of entertainment anyone would wish to watch or pay for...unless they were very much deeply under the influence of alcohol or drugs and saw something the rest of us could not see.Regardless, this is a complete mess.
[Text=But CharacterOffsetBegin=626 CharacterOffsetEnd=629 PartOfSpeech=CC] [Text=somewhere CharacterOffsetBegin=630 CharacterOffsetEnd=639 PartOfSpeech=RB] [Text=during CharacterOffsetBegin=640 CharacterOffsetEnd=646 PartOfSpeech=IN] [Text=the CharacterOffsetBegin=647 CharacterOffsetEnd=650 PartOfSpeech=DT] [Text=course CharacterOffsetBegin=651 CharacterOffsetEnd=657 PartOfSpeech=NN] [Text=of CharacterOffsetBegin=658 CharacterOffsetEnd=660 PartOfSpeech=IN] [Text=development CharacterOffsetBegin=661 CharacterOffsetEnd=672 PartOfSpeech=NN] [Text=... CharacterOffsetBegin=672 CharacterOffsetEnd=675 PartOfSpeech=:] [Text=someone CharacterOffsetBegin=675 CharacterOffsetEnd=682 PartOfSpeech=NN] [Text=should CharacterOffsetBegin=683 CharacterOffsetEnd=689 PartOfSpeech=MD] [Text=have CharacterOffsetBegin=690 CharacterOffsetEnd=694 PartOfSpeech=VB] [Text=pointed CharacterOffsetBegin=695 CharacterOffsetEnd=702 PartOfSpeech=VBN] [Text=out CharacterOffsetBegin=703 CharacterOffsetEnd=706 PartOfSpeech=RP] [Text=where CharacterOffsetBegin=707 CharacterOffsetEnd=712 PartOfSpeech=WRB] [Text=the CharacterOffsetBegin=713 CharacterOffsetEnd=716 PartOfSpeech=DT] [Text=idea CharacterOffsetBegin=717 CharacterOffsetEnd=721 PartOfSpeech=NN] [Text=could CharacterOffsetBegin=722 CharacterOffsetEnd=727 PartOfSpeech=MD] [Text=not CharacterOffsetBegin=728 CharacterOffsetEnd=731 PartOfSpeech=RB] [Text=translate CharacterOffsetBegin=732 CharacterOffsetEnd=741 PartOfSpeech=VB] [Text=into CharacterOffsetBegin=742 CharacterOffsetEnd=746 PartOfSpeech=IN] [Text=a CharacterOffsetBegin=747 CharacterOffsetEnd=748 PartOfSpeech=DT] [Text=piece CharacterOffsetBegin=749 CharacterOffsetEnd=754 PartOfSpeech=NN] [Text=of CharacterOffsetBegin=755 CharacterOffsetEnd=757 PartOfSpeech=IN] [Text=entertainment CharacterOffsetBegin=758 CharacterOffsetEnd=771 PartOfSpeech=NN] [Text=anyone CharacterOffsetBegin=772 CharacterOffsetEnd=778 PartOfSpeech=NN] [Text=would CharacterOffsetBegin=779 CharacterOffsetEnd=784 PartOfSpeech=MD] [Text=wish CharacterOffsetBegin=785 CharacterOffsetEnd=789 PartOfSpeech=VB] [Text=to CharacterOffsetBegin=790 CharacterOffsetEnd=792 PartOfSpeech=TO] [Text=watch CharacterOffsetBegin=793 CharacterOffsetEnd=798 PartOfSpeech=VB] [Text=or CharacterOffsetBegin=799 CharacterOffsetEnd=801 PartOfSpeech=CC] [Text=pay CharacterOffsetBegin=802 CharacterOffsetEnd=805 PartOfSpeech=VB] [Text=for CharacterOffsetBegin=806 CharacterOffsetEnd=809 PartOfSpeech=IN] [Text=... CharacterOffsetBegin=809 CharacterOffsetEnd=812 PartOfSpeech=:] [Text=unless CharacterOffsetBegin=812 CharacterOffsetEnd=818 PartOfSpeech=IN] [Text=they CharacterOffsetBegin=819 CharacterOffsetEnd=823 PartOfSpeech=PRP] [Text=were CharacterOffsetBegin=824 CharacterOffsetEnd=828 PartOfSpeech=VBD] [Text=very CharacterOffsetBegin=829 CharacterOffsetEnd=833 PartOfSpeech=RB] [Text=much CharacterOffsetBegin=834 CharacterOffsetEnd=838 PartOfSpeech=JJ] [Text=deeply CharacterOffsetBegin=839 CharacterOffsetEnd=845 PartOfSpeech=RB] [Text=under CharacterOffsetBegin=846 CharacterOffsetEnd=851 PartOfSpeech=IN] [Text=the CharacterOffsetBegin=852 CharacterOffsetEnd=855 PartOfSpeech=DT] [Text=influence CharacterOffsetBegin=856 CharacterOffsetEnd=865 PartOfSpeech=NN] [Text=of CharacterOffsetBegin=866 CharacterOffsetEnd=868 PartOfSpeech=IN] [Text=alcohol CharacterOffsetBegin=869 CharacterOffsetEnd=876 PartOfSpeech=NN] [Text=or CharacterOffsetBegin=877 CharacterOffsetEnd=879 PartOfSpeech=CC] [Text=drugs CharacterOffsetBegin=880 CharacterOffsetEnd=885 PartOfSpeech=NNS] [Text=and CharacterOffsetBegin=886 CharacterOffsetEnd=889 PartOfSpeech=CC] [Text=saw CharacterOffsetBegin=890 CharacterOffsetEnd=893 PartOfSpeech=VBD] [Text=something CharacterOffsetBegin=894 CharacterOffsetEnd=903 PartOfSpeech=NN] [Text=the CharacterOffsetBegin=904 CharacterOffsetEnd=907 PartOfSpeech=DT] [Text=rest CharacterOffsetBegin=908 CharacterOffsetEnd=912 PartOfSpeech=NN] [Text=of CharacterOffsetBegin=913 CharacterOffsetEnd=915 PartOfSpeech=IN] [Text=us CharacterOffsetBegin=916 CharacterOffsetEnd=918 PartOfSpeech=PRP] [Text=could CharacterOffsetBegin=919 CharacterOffsetEnd=924 PartOfSpeech=MD] [Text=not CharacterOffsetBegin=925 CharacterOffsetEnd=928 PartOfSpeech=RB] [Text=see.Regardless CharacterOffsetBegin=929 CharacterOffsetEnd=943 PartOfSpeech=VB] [Text=, CharacterOffsetBegin=943 CharacterOffsetEnd=944 PartOfSpeech=,] [Text=this CharacterOffsetBegin=945 CharacterOffsetEnd=949 PartOfSpeech=DT] [Text=is CharacterOffsetBegin=950 CharacterOffsetEnd=952 PartOfSpeech=VBZ] [Text=a CharacterOffsetBegin=953 CharacterOffsetEnd=954 PartOfSpeech=DT] [Text=complete CharacterOffsetBegin=955 CharacterOffsetEnd=963 PartOfSpeech=JJ] [Text=mess CharacterOffsetBegin=964 CharacterOffsetEnd=968 PartOfSpeech=NN] [Text=. CharacterOffsetBegin=968 CharacterOffsetEnd=969 PartOfSpeech=.] 
root(ROOT-0, pointed-12)
cc(pointed-12, But-1)
advmod(during-3, somewhere-2)
prep(pointed-12, during-3)
det(course-5, the-4)
pobj(during-3, course-5)
prep(course-5, of-6)
pobj(of-6, development-7)
punct(pointed-12, ...-8)
nsubj(pointed-12, someone-9)
aux(pointed-12, should-10)
aux(pointed-12, have-11)
prt(pointed-12, out-13)
advmod(translate-19, where-14)
det(idea-16, the-15)
nsubj(translate-19, idea-16)
aux(translate-19, could-17)
neg(translate-19, not-18)
advcl(pointed-12, translate-19)
prep(translate-19, into-20)
det(piece-22, a-21)
pobj(into-20, piece-22)
prep(piece-22, of-23)
pobj(of-23, entertainment-24)
nsubj(wish-27, anyone-25)
aux(wish-27, would-26)
ccomp(translate-19, wish-27)
aux(watch-29, to-28)
xcomp(wish-27, watch-29)
cc(watch-29, or-30)
conj(watch-29, pay-31)
prep(watch-29, for-32)
punct(pointed-12, ...-33)
mark(much-38, unless-34)
nsubj(much-38, they-35)
cop(much-38, were-36)
advmod(much-38, very-37)
advcl(mess-62, much-38)
advmod(under-40, deeply-39)
prep(much-38, under-40)
det(influence-42, the-41)
pobj(under-40, influence-42)
prep(influence-42, of-43)
pobj(of-43, alcohol-44)
cc(alcohol-44, or-45)
conj(alcohol-44, drugs-46)
cc(much-38, and-47)
conj(much-38, saw-48)
dobj(saw-48, something-49)
det(rest-51, the-50)
nsubj(see.Regardless-56, rest-51)
prep(rest-51, of-52)
pobj(of-52, us-53)
aux(see.Regardless-56, could-54)
neg(see.Regardless-56, not-55)
rcmod(something-49, see.Regardless-56)
punct(mess-62, ,-57)
nsubj(mess-62, this-58)
cop(mess-62, is-59)
det(mess-62, a-60)
amod(mess-62, complete-61)
parataxis(pointed-12, mess-62)
punct(pointed-12, .-63)

Sentence #11 (17 tokens):
Mess, mess - sin and a mess.Who cares about the plot (what plot?)
[Text=Mess CharacterOffsetBegin=974 CharacterOffsetEnd=978 PartOfSpeech=NN] [Text=, CharacterOffsetBegin=978 CharacterOffsetEnd=979 PartOfSpeech=,] [Text=mess CharacterOffsetBegin=980 CharacterOffsetEnd=984 PartOfSpeech=NN] [Text=- CharacterOffsetBegin=985 CharacterOffsetEnd=986 PartOfSpeech=:] [Text=sin CharacterOffsetBegin=987 CharacterOffsetEnd=990 PartOfSpeech=NN] [Text=and CharacterOffsetBegin=991 CharacterOffsetEnd=994 PartOfSpeech=CC] [Text=a CharacterOffsetBegin=995 CharacterOffsetEnd=996 PartOfSpeech=DT] [Text=mess.Who CharacterOffsetBegin=997 CharacterOffsetEnd=1005 PartOfSpeech=NN] [Text=cares CharacterOffsetBegin=1006 CharacterOffsetEnd=1011 PartOfSpeech=VBZ] [Text=about CharacterOffsetBegin=1012 CharacterOffsetEnd=1017 PartOfSpeech=IN] [Text=the CharacterOffsetBegin=1018 CharacterOffsetEnd=1021 PartOfSpeech=DT] [Text=plot CharacterOffsetBegin=1022 CharacterOffsetEnd=1026 PartOfSpeech=NN] [Text=-LRB- CharacterOffsetBegin=1027 CharacterOffsetEnd=1028 PartOfSpeech=-LRB-] [Text=what CharacterOffsetBegin=1028 CharacterOffsetEnd=1032 PartOfSpeech=WP] [Text=plot CharacterOffsetBegin=1033 CharacterOffsetEnd=1037 PartOfSpeech=NN] [Text=? CharacterOffsetBegin=1037 CharacterOffsetEnd=1038 PartOfSpeech=.] [Text=-RRB- CharacterOffsetBegin=1038 CharacterOffsetEnd=1039 PartOfSpeech=-RRB-] 
root(ROOT-0, mess-3)
nn(mess-3, Mess-1)
punct(mess-3, ,-2)
punct(mess-3, --4)
dep(mess-3, sin-5)
cc(mess-3, and-6)
det(mess.Who-8, a-7)
nsubj(cares-9, mess.Who-8)
conj(mess-3, cares-9)
prep(cares-9, about-10)
det(plot-12, the-11)
pobj(about-10, plot-12)
punct(plot-15, -LRB--13)
det(plot-15, what-14)
dep(plot-12, plot-15)
punct(plot-15, ?-16)
punct(mess-3, -RRB--17)

Sentence #12 (3 tokens):
et al.
[Text=et CharacterOffsetBegin=1044 CharacterOffsetEnd=1046 PartOfSpeech=FW] [Text=al. CharacterOffsetBegin=1047 CharacterOffsetEnd=1049 PartOfSpeech=FW] [Text=. CharacterOffsetBegin=1049 CharacterOffsetEnd=1050 PartOfSpeech=.] 
root(ROOT-0, al.-2)
nn(al.-2, et-1)
punct(al.-2, .-3)

Sentence #13 (15 tokens):
Whoopie got a paycheck, but I would have been embarrassed to take it.
[Text=Whoopie CharacterOffsetBegin=1055 CharacterOffsetEnd=1062 PartOfSpeech=NNP] [Text=got CharacterOffsetBegin=1063 CharacterOffsetEnd=1066 PartOfSpeech=VBD] [Text=a CharacterOffsetBegin=1067 CharacterOffsetEnd=1068 PartOfSpeech=DT] [Text=paycheck CharacterOffsetBegin=1069 CharacterOffsetEnd=1077 PartOfSpeech=NN] [Text=, CharacterOffsetBegin=1077 CharacterOffsetEnd=1078 PartOfSpeech=,] [Text=but CharacterOffsetBegin=1079 CharacterOffsetEnd=1082 PartOfSpeech=CC] [Text=I CharacterOffsetBegin=1083 CharacterOffsetEnd=1084 PartOfSpeech=PRP] [Text=would CharacterOffsetBegin=1085 CharacterOffsetEnd=1090 PartOfSpeech=MD] [Text=have CharacterOffsetBegin=1091 CharacterOffsetEnd=1095 PartOfSpeech=VB] [Text=been CharacterOffsetBegin=1096 CharacterOffsetEnd=1100 PartOfSpeech=VBN] [Text=embarrassed CharacterOffsetBegin=1101 CharacterOffsetEnd=1112 PartOfSpeech=VBN] [Text=to CharacterOffsetBegin=1113 CharacterOffsetEnd=1115 PartOfSpeech=TO] [Text=take CharacterOffsetBegin=1116 CharacterOffsetEnd=1120 PartOfSpeech=VB] [Text=it CharacterOffsetBegin=1121 CharacterOffsetEnd=1123 PartOfSpeech=PRP] [Text=. CharacterOffsetBegin=1123 CharacterOffsetEnd=1124 PartOfSpeech=.] 
root(ROOT-0, got-2)
nsubj(got-2, Whoopie-1)
det(paycheck-4, a-3)
dobj(got-2, paycheck-4)
punct(got-2, ,-5)
cc(got-2, but-6)
nsubj(embarrassed-11, I-7)
aux(embarrassed-11, would-8)
aux(embarrassed-11, have-9)
auxpass(embarrassed-11, been-10)
conj(got-2, embarrassed-11)
aux(take-13, to-12)
xcomp(embarrassed-11, take-13)
dobj(take-13, it-14)
punct(got-2, .-15)

Sentence #14 (12 tokens):
I sure hope she fired her agent/manager/publicist over this career move.
[Text=I CharacterOffsetBegin=1129 CharacterOffsetEnd=1130 PartOfSpeech=PRP] [Text=sure CharacterOffsetBegin=1131 CharacterOffsetEnd=1135 PartOfSpeech=RB] [Text=hope CharacterOffsetBegin=1136 CharacterOffsetEnd=1140 PartOfSpeech=VBP] [Text=she CharacterOffsetBegin=1141 CharacterOffsetEnd=1144 PartOfSpeech=PRP] [Text=fired CharacterOffsetBegin=1145 CharacterOffsetEnd=1150 PartOfSpeech=VBD] [Text=her CharacterOffsetBegin=1151 CharacterOffsetEnd=1154 PartOfSpeech=PRP$] [Text=agent/manager/publicist CharacterOffsetBegin=1155 CharacterOffsetEnd=1178 PartOfSpeech=NN] [Text=over CharacterOffsetBegin=1179 CharacterOffsetEnd=1183 PartOfSpeech=IN] [Text=this CharacterOffsetBegin=1184 CharacterOffsetEnd=1188 PartOfSpeech=DT] [Text=career CharacterOffsetBegin=1189 CharacterOffsetEnd=1195 PartOfSpeech=NN] [Text=move CharacterOffsetBegin=1196 CharacterOffsetEnd=1200 PartOfSpeech=NN] [Text=. CharacterOffsetBegin=1200 CharacterOffsetEnd=1201 PartOfSpeech=.] 
root(ROOT-0, hope-3)
nsubj(hope-3, I-1)
advmod(hope-3, sure-2)
nsubj(fired-5, she-4)
ccomp(hope-3, fired-5)
poss(agent/manager/publicist-7, her-6)
dobj(fired-5, agent/manager/publicist-7)
prep(fired-5, over-8)
det(move-11, this-9)
nn(move-11, career-10)
pobj(over-8, move-11)
punct(hope-3, .-12)

Sentence #15 (12 tokens):
Obviously not, she went on to make more bad films.
[Text=Obviously CharacterOffsetBegin=1206 CharacterOffsetEnd=1215 PartOfSpeech=RB] [Text=not CharacterOffsetBegin=1216 CharacterOffsetEnd=1219 PartOfSpeech=RB] [Text=, CharacterOffsetBegin=1219 CharacterOffsetEnd=1220 PartOfSpeech=,] [Text=she CharacterOffsetBegin=1221 CharacterOffsetEnd=1224 PartOfSpeech=PRP] [Text=went CharacterOffsetBegin=1225 CharacterOffsetEnd=1229 PartOfSpeech=VBD] [Text=on CharacterOffsetBegin=1230 CharacterOffsetEnd=1232 PartOfSpeech=IN] [Text=to CharacterOffsetBegin=1233 CharacterOffsetEnd=1235 PartOfSpeech=TO] [Text=make CharacterOffsetBegin=1236 CharacterOffsetEnd=1240 PartOfSpeech=VB] [Text=more CharacterOffsetBegin=1241 CharacterOffsetEnd=1245 PartOfSpeech=JJR] [Text=bad CharacterOffsetBegin=1246 CharacterOffsetEnd=1249 PartOfSpeech=JJ] [Text=films CharacterOffsetBegin=1250 CharacterOffsetEnd=1255 PartOfSpeech=NNS] [Text=. CharacterOffsetBegin=1255 CharacterOffsetEnd=1256 PartOfSpeech=.] 
root(ROOT-0, went-5)
advmod(not-2, Obviously-1)
dep(went-5, not-2)
punct(went-5, ,-3)
nsubj(went-5, she-4)
prt(went-5, on-6)
aux(make-8, to-7)
xcomp(went-5, make-8)
amod(films-11, more-9)
amod(films-11, bad-10)
dobj(make-8, films-11)
punct(went-5, .-12)

Sentence #16 (5 tokens):
And more bad films.
[Text=And CharacterOffsetBegin=1261 CharacterOffsetEnd=1264 PartOfSpeech=CC] [Text=more CharacterOffsetBegin=1265 CharacterOffsetEnd=1269 PartOfSpeech=RBR] [Text=bad CharacterOffsetBegin=1270 CharacterOffsetEnd=1273 PartOfSpeech=JJ] [Text=films CharacterOffsetBegin=1274 CharacterOffsetEnd=1279 PartOfSpeech=NNS] [Text=. CharacterOffsetBegin=1279 CharacterOffsetEnd=1280 PartOfSpeech=.] 
root(ROOT-0, films-4)
cc(films-4, And-1)
advmod(bad-3, more-2)
amod(films-4, bad-3)
punct(films-4, .-5)

Sentence #17 (2 tokens):
Sad.
[Text=Sad CharacterOffsetBegin=1285 CharacterOffsetEnd=1288 PartOfSpeech=JJ] [Text=. CharacterOffsetBegin=1288 CharacterOffsetEnd=1289 PartOfSpeech=.] 
root(ROOT-0, Sad-1)
punct(Sad-1, .-2)

