Sentence #1 (37 tokens):
Trying to compare or represent this "swill" as anything "Hitchcockian" is an out-n-out attempt to mislead Hitchcock fans to waste $7 on this movie... Weak acting Weak story Weak script.
[Text=Trying CharacterOffsetBegin=4 CharacterOffsetEnd=10 PartOfSpeech=VBG] [Text=to CharacterOffsetBegin=11 CharacterOffsetEnd=13 PartOfSpeech=TO] [Text=compare CharacterOffsetBegin=14 CharacterOffsetEnd=21 PartOfSpeech=VB] [Text=or CharacterOffsetBegin=22 CharacterOffsetEnd=24 PartOfSpeech=CC] [Text=represent CharacterOffsetBegin=25 CharacterOffsetEnd=34 PartOfSpeech=VB] [Text=this CharacterOffsetBegin=35 CharacterOffsetEnd=39 PartOfSpeech=DT] [Text=`` CharacterOffsetBegin=40 CharacterOffsetEnd=41 PartOfSpeech=``] [Text=swill CharacterOffsetBegin=41 CharacterOffsetEnd=46 PartOfSpeech=NN] [Text='' CharacterOffsetBegin=46 CharacterOffsetEnd=47 PartOfSpeech=''] [Text=as CharacterOffsetBegin=48 CharacterOffsetEnd=50 PartOfSpeech=IN] [Text=anything CharacterOffsetBegin=51 CharacterOffsetEnd=59 PartOfSpeech=NN] [Text=`` CharacterOffsetBegin=60 CharacterOffsetEnd=61 PartOfSpeech=``] [Text=Hitchcockian CharacterOffsetBegin=61 CharacterOffsetEnd=73 PartOfSpeech=JJ] [Text='' CharacterOffsetBegin=73 CharacterOffsetEnd=74 PartOfSpeech=''] [Text=is CharacterOffsetBegin=75 CharacterOffsetEnd=77 PartOfSpeech=VBZ] [Text=an CharacterOffsetBegin=78 CharacterOffsetEnd=80 PartOfSpeech=DT] [Text=out-n-out CharacterOffsetBegin=81 CharacterOffsetEnd=90 PartOfSpeech=JJ] [Text=attempt CharacterOffsetBegin=91 CharacterOffsetEnd=98 PartOfSpeech=NN] [Text=to CharacterOffsetBegin=99 CharacterOffsetEnd=101 PartOfSpeech=TO] [Text=mislead CharacterOffsetBegin=102 CharacterOffsetEnd=109 PartOfSpeech=VB] [Text=Hitchcock CharacterOffsetBegin=110 CharacterOffsetEnd=119 PartOfSpeech=NNP] [Text=fans CharacterOffsetBegin=120 CharacterOffsetEnd=124 PartOfSpeech=NNS] [Text=to CharacterOffsetBegin=125 CharacterOffsetEnd=127 PartOfSpeech=TO] [Text=waste CharacterOffsetBegin=128 CharacterOffsetEnd=133 PartOfSpeech=VB] [Text=$ CharacterOffsetBegin=134 CharacterOffsetEnd=135 PartOfSpeech=$] [Text=7 CharacterOffsetBegin=135 CharacterOffsetEnd=136 PartOfSpeech=CD] [Text=on CharacterOffsetBegin=137 CharacterOffsetEnd=139 PartOfSpeech=IN] [Text=this CharacterOffsetBegin=140 CharacterOffsetEnd=144 PartOfSpeech=DT] [Text=movie CharacterOffsetBegin=145 CharacterOffsetEnd=150 PartOfSpeech=NN] [Text=... CharacterOffsetBegin=150 CharacterOffsetEnd=153 PartOfSpeech=:] [Text=Weak CharacterOffsetBegin=154 CharacterOffsetEnd=158 PartOfSpeech=JJ] [Text=acting CharacterOffsetBegin=159 CharacterOffsetEnd=165 PartOfSpeech=VBG] [Text=Weak CharacterOffsetBegin=166 CharacterOffsetEnd=170 PartOfSpeech=JJ] [Text=story CharacterOffsetBegin=171 CharacterOffsetEnd=176 PartOfSpeech=NN] [Text=Weak CharacterOffsetBegin=177 CharacterOffsetEnd=181 PartOfSpeech=JJ] [Text=script CharacterOffsetBegin=182 CharacterOffsetEnd=188 PartOfSpeech=NN] [Text=. CharacterOffsetBegin=188 CharacterOffsetEnd=189 PartOfSpeech=.] 
root(ROOT-0, attempt-18)
csubj(attempt-18, Trying-1)
aux(compare-3, to-2)
xcomp(Trying-1, compare-3)
cc(compare-3, or-4)
conj(compare-3, represent-5)
det(swill-8, this-6)
punct(swill-8, ``-7)
dobj(compare-3, swill-8)
punct(swill-8, ''-9)
prep(compare-3, as-10)
dep(Hitchcockian-13, anything-11)
punct(Hitchcockian-13, ``-12)
pobj(as-10, Hitchcockian-13)
punct(Hitchcockian-13, ''-14)
cop(attempt-18, is-15)
det(attempt-18, an-16)
amod(attempt-18, out-n-out-17)
aux(mislead-20, to-19)
infmod(attempt-18, mislead-20)
nn(fans-22, Hitchcock-21)
dobj(mislead-20, fans-22)
aux(waste-24, to-23)
xcomp(mislead-20, waste-24)
dobj(waste-24, $-25)
num($-25, 7-26)
prep(waste-24, on-27)
det(movie-29, this-28)
pobj(on-27, movie-29)
punct(attempt-18, ...-30)
amod(script-36, Weak-31)
amod(script-36, acting-32)
amod(script-36, Weak-33)
nn(script-36, story-34)
amod(script-36, Weak-35)
dep(attempt-18, script-36)
punct(attempt-18, .-37)

Sentence #2 (7 tokens):
No real suspense, no thrills.
[Text=No CharacterOffsetBegin=194 CharacterOffsetEnd=196 PartOfSpeech=DT] [Text=real CharacterOffsetBegin=197 CharacterOffsetEnd=201 PartOfSpeech=JJ] [Text=suspense CharacterOffsetBegin=202 CharacterOffsetEnd=210 PartOfSpeech=NN] [Text=, CharacterOffsetBegin=210 CharacterOffsetEnd=211 PartOfSpeech=,] [Text=no CharacterOffsetBegin=212 CharacterOffsetEnd=214 PartOfSpeech=DT] [Text=thrills CharacterOffsetBegin=215 CharacterOffsetEnd=222 PartOfSpeech=VBZ] [Text=. CharacterOffsetBegin=222 CharacterOffsetEnd=223 PartOfSpeech=.] 
root(ROOT-0, suspense-3)
det(suspense-3, No-1)
amod(suspense-3, real-2)
punct(suspense-3, ,-4)
det(thrills-6, no-5)
appos(suspense-3, thrills-6)
punct(suspense-3, .-7)

Sentence #3 (47 tokens):
You wait all through the weakness of this movie for the big payoff or even any payoff...You're left thinking, what the heck was that all about.And please, enough with the movement to make "alternative lifestyles" HIP and politically correct!
[Text=You CharacterOffsetBegin=228 CharacterOffsetEnd=231 PartOfSpeech=PRP] [Text=wait CharacterOffsetBegin=232 CharacterOffsetEnd=236 PartOfSpeech=VBP] [Text=all CharacterOffsetBegin=237 CharacterOffsetEnd=240 PartOfSpeech=DT] [Text=through CharacterOffsetBegin=241 CharacterOffsetEnd=248 PartOfSpeech=IN] [Text=the CharacterOffsetBegin=249 CharacterOffsetEnd=252 PartOfSpeech=DT] [Text=weakness CharacterOffsetBegin=253 CharacterOffsetEnd=261 PartOfSpeech=NN] [Text=of CharacterOffsetBegin=262 CharacterOffsetEnd=264 PartOfSpeech=IN] [Text=this CharacterOffsetBegin=265 CharacterOffsetEnd=269 PartOfSpeech=DT] [Text=movie CharacterOffsetBegin=270 CharacterOffsetEnd=275 PartOfSpeech=NN] [Text=for CharacterOffsetBegin=276 CharacterOffsetEnd=279 PartOfSpeech=IN] [Text=the CharacterOffsetBegin=280 CharacterOffsetEnd=283 PartOfSpeech=DT] [Text=big CharacterOffsetBegin=284 CharacterOffsetEnd=287 PartOfSpeech=JJ] [Text=payoff CharacterOffsetBegin=288 CharacterOffsetEnd=294 PartOfSpeech=NN] [Text=or CharacterOffsetBegin=295 CharacterOffsetEnd=297 PartOfSpeech=CC] [Text=even CharacterOffsetBegin=298 CharacterOffsetEnd=302 PartOfSpeech=RB] [Text=any CharacterOffsetBegin=303 CharacterOffsetEnd=306 PartOfSpeech=DT] [Text=payoff CharacterOffsetBegin=307 CharacterOffsetEnd=313 PartOfSpeech=NN] [Text=... CharacterOffsetBegin=313 CharacterOffsetEnd=316 PartOfSpeech=:] [Text=You CharacterOffsetBegin=316 CharacterOffsetEnd=319 PartOfSpeech=PRP] [Text='re CharacterOffsetBegin=319 CharacterOffsetEnd=322 PartOfSpeech=VBP] [Text=left CharacterOffsetBegin=323 CharacterOffsetEnd=327 PartOfSpeech=VBN] [Text=thinking CharacterOffsetBegin=328 CharacterOffsetEnd=336 PartOfSpeech=NN] [Text=, CharacterOffsetBegin=336 CharacterOffsetEnd=337 PartOfSpeech=,] [Text=what CharacterOffsetBegin=338 CharacterOffsetEnd=342 PartOfSpeech=WP] [Text=the CharacterOffsetBegin=343 CharacterOffsetEnd=346 PartOfSpeech=DT] [Text=heck CharacterOffsetBegin=347 CharacterOffsetEnd=351 PartOfSpeech=NN] [Text=was CharacterOffsetBegin=352 CharacterOffsetEnd=355 PartOfSpeech=VBD] [Text=that CharacterOffsetBegin=356 CharacterOffsetEnd=360 PartOfSpeech=IN] [Text=all CharacterOffsetBegin=361 CharacterOffsetEnd=364 PartOfSpeech=DT] [Text=about.And CharacterOffsetBegin=365 CharacterOffsetEnd=374 PartOfSpeech=NN] [Text=please CharacterOffsetBegin=375 CharacterOffsetEnd=381 PartOfSpeech=VB] [Text=, CharacterOffsetBegin=381 CharacterOffsetEnd=382 PartOfSpeech=,] [Text=enough CharacterOffsetBegin=383 CharacterOffsetEnd=389 PartOfSpeech=RB] [Text=with CharacterOffsetBegin=390 CharacterOffsetEnd=394 PartOfSpeech=IN] [Text=the CharacterOffsetBegin=395 CharacterOffsetEnd=398 PartOfSpeech=DT] [Text=movement CharacterOffsetBegin=399 CharacterOffsetEnd=407 PartOfSpeech=NN] [Text=to CharacterOffsetBegin=408 CharacterOffsetEnd=410 PartOfSpeech=TO] [Text=make CharacterOffsetBegin=411 CharacterOffsetEnd=415 PartOfSpeech=VB] [Text=`` CharacterOffsetBegin=416 CharacterOffsetEnd=417 PartOfSpeech=``] [Text=alternative CharacterOffsetBegin=417 CharacterOffsetEnd=428 PartOfSpeech=JJ] [Text=lifestyles CharacterOffsetBegin=429 CharacterOffsetEnd=439 PartOfSpeech=NNS] [Text='' CharacterOffsetBegin=439 CharacterOffsetEnd=440 PartOfSpeech=''] [Text=HIP CharacterOffsetBegin=441 CharacterOffsetEnd=444 PartOfSpeech=NN] [Text=and CharacterOffsetBegin=445 CharacterOffsetEnd=448 PartOfSpeech=CC] [Text=politically CharacterOffsetBegin=449 CharacterOffsetEnd=460 PartOfSpeech=RB] [Text=correct CharacterOffsetBegin=461 CharacterOffsetEnd=468 PartOfSpeech=JJ] [Text=! CharacterOffsetBegin=468 CharacterOffsetEnd=469 PartOfSpeech=.] 
root(ROOT-0, wait-2)
nsubj(wait-2, You-1)
dobj(wait-2, all-3)
prep(wait-2, through-4)
det(weakness-6, the-5)
pobj(through-4, weakness-6)
prep(weakness-6, of-7)
det(movie-9, this-8)
pobj(of-7, movie-9)
prep(weakness-6, for-10)
det(payoff-13, the-11)
amod(payoff-13, big-12)
pobj(for-10, payoff-13)
cc(payoff-13, or-14)
advmod(payoff-13, even-15)
det(payoff-17, any-16)
conj(payoff-13, payoff-17)
punct(wait-2, ...-18)
nsubjpass(left-21, You-19)
auxpass(left-21, 're-20)
parataxis(wait-2, left-21)
dobj(left-21, thinking-22)
punct(thinking-22, ,-23)
dobj(was-27, what-24)
det(heck-26, the-25)
nsubj(was-27, heck-26)
ccomp(thinking-22, was-27)
dep(was-27, that-28)
det(please-31, all-29)
nn(please-31, about.And-30)
dep(that-28, please-31)
punct(please-31, ,-32)
advmod(please-31, enough-33)
mark(make-38, with-34)
det(movement-36, the-35)
nsubj(make-38, movement-36)
aux(make-38, to-37)
ccomp(enough-33, make-38)
punct(HIP-43, ``-39)
amod(HIP-43, alternative-40)
nn(HIP-43, lifestyles-41)
punct(HIP-43, ''-42)
dobj(make-38, HIP-43)
cc(HIP-43, and-44)
advmod(correct-46, politically-45)
conj(HIP-43, correct-46)
punct(wait-2, !-47)

Sentence #4 (1 tokens):
!
[Text=! CharacterOffsetBegin=474 CharacterOffsetEnd=475 PartOfSpeech=.] 
root(ROOT-0, !-1)

Sentence #5 (18 tokens):
...I can't recommend this to anyone...Did I mention how weak the acting is?
[Text=... CharacterOffsetBegin=475 CharacterOffsetEnd=478 PartOfSpeech=:] [Text=I CharacterOffsetBegin=478 CharacterOffsetEnd=479 PartOfSpeech=PRP] [Text=ca CharacterOffsetBegin=480 CharacterOffsetEnd=482 PartOfSpeech=MD] [Text=n't CharacterOffsetBegin=482 CharacterOffsetEnd=485 PartOfSpeech=RB] [Text=recommend CharacterOffsetBegin=486 CharacterOffsetEnd=495 PartOfSpeech=VB] [Text=this CharacterOffsetBegin=496 CharacterOffsetEnd=500 PartOfSpeech=DT] [Text=to CharacterOffsetBegin=501 CharacterOffsetEnd=503 PartOfSpeech=TO] [Text=anyone CharacterOffsetBegin=504 CharacterOffsetEnd=510 PartOfSpeech=NN] [Text=... CharacterOffsetBegin=510 CharacterOffsetEnd=513 PartOfSpeech=:] [Text=Did CharacterOffsetBegin=513 CharacterOffsetEnd=516 PartOfSpeech=VBD] [Text=I CharacterOffsetBegin=517 CharacterOffsetEnd=518 PartOfSpeech=PRP] [Text=mention CharacterOffsetBegin=519 CharacterOffsetEnd=526 PartOfSpeech=VB] [Text=how CharacterOffsetBegin=527 CharacterOffsetEnd=530 PartOfSpeech=WRB] [Text=weak CharacterOffsetBegin=531 CharacterOffsetEnd=535 PartOfSpeech=JJ] [Text=the CharacterOffsetBegin=536 CharacterOffsetEnd=539 PartOfSpeech=DT] [Text=acting CharacterOffsetBegin=540 CharacterOffsetEnd=546 PartOfSpeech=NN] [Text=is CharacterOffsetBegin=547 CharacterOffsetEnd=549 PartOfSpeech=VBZ] [Text=? CharacterOffsetBegin=549 CharacterOffsetEnd=550 PartOfSpeech=.] 
root(ROOT-0, recommend-5)
punct(recommend-5, ...-1)
nsubj(recommend-5, I-2)
aux(recommend-5, ca-3)
neg(recommend-5, n't-4)
dobj(recommend-5, this-6)
prep(recommend-5, to-7)
pobj(to-7, anyone-8)
punct(recommend-5, ...-9)
aux(mention-12, Did-10)
nsubj(mention-12, I-11)
parataxis(recommend-5, mention-12)
advmod(weak-14, how-13)
dep(is-17, weak-14)
det(acting-16, the-15)
nsubj(is-17, acting-16)
ccomp(mention-12, is-17)
punct(recommend-5, ?-18)

Sentence #6 (13 tokens):
Williams did a better job as Peter Pan and "Mork".
[Text=Williams CharacterOffsetBegin=555 CharacterOffsetEnd=563 PartOfSpeech=NNP] [Text=did CharacterOffsetBegin=564 CharacterOffsetEnd=567 PartOfSpeech=VBD] [Text=a CharacterOffsetBegin=568 CharacterOffsetEnd=569 PartOfSpeech=DT] [Text=better CharacterOffsetBegin=570 CharacterOffsetEnd=576 PartOfSpeech=JJR] [Text=job CharacterOffsetBegin=577 CharacterOffsetEnd=580 PartOfSpeech=NN] [Text=as CharacterOffsetBegin=581 CharacterOffsetEnd=583 PartOfSpeech=IN] [Text=Peter CharacterOffsetBegin=584 CharacterOffsetEnd=589 PartOfSpeech=NNP] [Text=Pan CharacterOffsetBegin=590 CharacterOffsetEnd=593 PartOfSpeech=NNP] [Text=and CharacterOffsetBegin=594 CharacterOffsetEnd=597 PartOfSpeech=CC] [Text=`` CharacterOffsetBegin=598 CharacterOffsetEnd=599 PartOfSpeech=``] [Text=Mork CharacterOffsetBegin=599 CharacterOffsetEnd=603 PartOfSpeech=NNP] [Text='' CharacterOffsetBegin=603 CharacterOffsetEnd=604 PartOfSpeech=''] [Text=. CharacterOffsetBegin=604 CharacterOffsetEnd=605 PartOfSpeech=.] 
root(ROOT-0, did-2)
nsubj(did-2, Williams-1)
det(job-5, a-3)
amod(job-5, better-4)
dobj(did-2, job-5)
prep(job-5, as-6)
nn(Pan-8, Peter-7)
pobj(as-6, Pan-8)
cc(Pan-8, and-9)
punct(Pan-8, ``-10)
conj(Pan-8, Mork-11)
punct(Pan-8, ''-12)
punct(did-2, .-13)

Sentence #7 (10 tokens):
But those were MUCH more innocent times...........
[Text=But CharacterOffsetBegin=610 CharacterOffsetEnd=613 PartOfSpeech=CC] [Text=those CharacterOffsetBegin=614 CharacterOffsetEnd=619 PartOfSpeech=DT] [Text=were CharacterOffsetBegin=620 CharacterOffsetEnd=624 PartOfSpeech=VBD] [Text=MUCH CharacterOffsetBegin=625 CharacterOffsetEnd=629 PartOfSpeech=RB] [Text=more CharacterOffsetBegin=630 CharacterOffsetEnd=634 PartOfSpeech=RBR] [Text=innocent CharacterOffsetBegin=635 CharacterOffsetEnd=643 PartOfSpeech=JJ] [Text=times CharacterOffsetBegin=644 CharacterOffsetEnd=649 PartOfSpeech=NNS] [Text=... CharacterOffsetBegin=649 CharacterOffsetEnd=654 PartOfSpeech=:] [Text=... CharacterOffsetBegin=654 CharacterOffsetEnd=659 PartOfSpeech=:] [Text=. CharacterOffsetBegin=659 CharacterOffsetEnd=660 PartOfSpeech=.] 
root(ROOT-0, times-7)
cc(times-7, But-1)
nsubj(times-7, those-2)
cop(times-7, were-3)
advmod(times-7, MUCH-4)
advmod(times-7, more-5)
amod(times-7, innocent-6)
punct(times-7, ...-8)
punct(times-7, ...-9)
punct(times-7, .-10)

