Sentence #1 (46 tokens):
When I read the summary of the movie, something like what happens when a man gets powers of a God, and how he later learns that having supernatural powers requires giant responsibility and strength, I though that was clever and original concept.
[Text=When CharacterOffsetBegin=4 CharacterOffsetEnd=8 PartOfSpeech=WRB] [Text=I CharacterOffsetBegin=9 CharacterOffsetEnd=10 PartOfSpeech=PRP] [Text=read CharacterOffsetBegin=11 CharacterOffsetEnd=15 PartOfSpeech=VBP] [Text=the CharacterOffsetBegin=16 CharacterOffsetEnd=19 PartOfSpeech=DT] [Text=summary CharacterOffsetBegin=20 CharacterOffsetEnd=27 PartOfSpeech=NN] [Text=of CharacterOffsetBegin=28 CharacterOffsetEnd=30 PartOfSpeech=IN] [Text=the CharacterOffsetBegin=31 CharacterOffsetEnd=34 PartOfSpeech=DT] [Text=movie CharacterOffsetBegin=35 CharacterOffsetEnd=40 PartOfSpeech=NN] [Text=, CharacterOffsetBegin=40 CharacterOffsetEnd=41 PartOfSpeech=,] [Text=something CharacterOffsetBegin=42 CharacterOffsetEnd=51 PartOfSpeech=NN] [Text=like CharacterOffsetBegin=52 CharacterOffsetEnd=56 PartOfSpeech=IN] [Text=what CharacterOffsetBegin=57 CharacterOffsetEnd=61 PartOfSpeech=WP] [Text=happens CharacterOffsetBegin=62 CharacterOffsetEnd=69 PartOfSpeech=VBZ] [Text=when CharacterOffsetBegin=70 CharacterOffsetEnd=74 PartOfSpeech=WRB] [Text=a CharacterOffsetBegin=75 CharacterOffsetEnd=76 PartOfSpeech=DT] [Text=man CharacterOffsetBegin=77 CharacterOffsetEnd=80 PartOfSpeech=NN] [Text=gets CharacterOffsetBegin=81 CharacterOffsetEnd=85 PartOfSpeech=VBZ] [Text=powers CharacterOffsetBegin=86 CharacterOffsetEnd=92 PartOfSpeech=NNS] [Text=of CharacterOffsetBegin=93 CharacterOffsetEnd=95 PartOfSpeech=IN] [Text=a CharacterOffsetBegin=96 CharacterOffsetEnd=97 PartOfSpeech=DT] [Text=God CharacterOffsetBegin=98 CharacterOffsetEnd=101 PartOfSpeech=NNP] [Text=, CharacterOffsetBegin=101 CharacterOffsetEnd=102 PartOfSpeech=,] [Text=and CharacterOffsetBegin=103 CharacterOffsetEnd=106 PartOfSpeech=CC] [Text=how CharacterOffsetBegin=107 CharacterOffsetEnd=110 PartOfSpeech=WRB] [Text=he CharacterOffsetBegin=111 CharacterOffsetEnd=113 PartOfSpeech=PRP] [Text=later CharacterOffsetBegin=114 CharacterOffsetEnd=119 PartOfSpeech=RB] [Text=learns CharacterOffsetBegin=120 CharacterOffsetEnd=126 PartOfSpeech=VBZ] [Text=that CharacterOffsetBegin=127 CharacterOffsetEnd=131 PartOfSpeech=IN] [Text=having CharacterOffsetBegin=132 CharacterOffsetEnd=138 PartOfSpeech=VBG] [Text=supernatural CharacterOffsetBegin=139 CharacterOffsetEnd=151 PartOfSpeech=JJ] [Text=powers CharacterOffsetBegin=152 CharacterOffsetEnd=158 PartOfSpeech=NNS] [Text=requires CharacterOffsetBegin=159 CharacterOffsetEnd=167 PartOfSpeech=VBZ] [Text=giant CharacterOffsetBegin=168 CharacterOffsetEnd=173 PartOfSpeech=JJ] [Text=responsibility CharacterOffsetBegin=174 CharacterOffsetEnd=188 PartOfSpeech=NN] [Text=and CharacterOffsetBegin=189 CharacterOffsetEnd=192 PartOfSpeech=CC] [Text=strength CharacterOffsetBegin=193 CharacterOffsetEnd=201 PartOfSpeech=NN] [Text=, CharacterOffsetBegin=201 CharacterOffsetEnd=202 PartOfSpeech=,] [Text=I CharacterOffsetBegin=203 CharacterOffsetEnd=204 PartOfSpeech=PRP] [Text=though CharacterOffsetBegin=205 CharacterOffsetEnd=211 PartOfSpeech=IN] [Text=that CharacterOffsetBegin=212 CharacterOffsetEnd=216 PartOfSpeech=DT] [Text=was CharacterOffsetBegin=217 CharacterOffsetEnd=220 PartOfSpeech=VBD] [Text=clever CharacterOffsetBegin=221 CharacterOffsetEnd=227 PartOfSpeech=JJ] [Text=and CharacterOffsetBegin=228 CharacterOffsetEnd=231 PartOfSpeech=CC] [Text=original CharacterOffsetBegin=232 CharacterOffsetEnd=240 PartOfSpeech=JJ] [Text=concept CharacterOffsetBegin=241 CharacterOffsetEnd=248 PartOfSpeech=NN] [Text=. CharacterOffsetBegin=248 CharacterOffsetEnd=249 PartOfSpeech=.] 
root(ROOT-0, read-3)
advmod(read-3, When-1)
nsubj(read-3, I-2)
det(summary-5, the-4)
dobj(read-3, summary-5)
prep(summary-5, of-6)
det(movie-8, the-7)
pobj(of-6, movie-8)
punct(read-3, ,-9)
dep(,-9, something-10)
prep(something-10, like-11)
nsubj(happens-13, what-12)
pcomp(like-11, happens-13)
advmod(gets-17, when-14)
det(man-16, a-15)
nsubj(gets-17, man-16)
advcl(happens-13, gets-17)
dobj(gets-17, powers-18)
prep(powers-18, of-19)
det(God-21, a-20)
pobj(of-19, God-21)
punct(something-10, ,-22)
cc(something-10, and-23)
advmod(learns-27, how-24)
nsubj(learns-27, he-25)
advmod(learns-27, later-26)
conj(something-10, learns-27)
mark(requires-32, that-28)
csubj(requires-32, having-29)
amod(powers-31, supernatural-30)
dobj(having-29, powers-31)
ccomp(learns-27, requires-32)
amod(responsibility-34, giant-33)
dobj(requires-32, responsibility-34)
cc(responsibility-34, and-35)
conj(responsibility-34, strength-36)
punct(learns-27, ,-37)
dep(learns-27, I-38)
mark(clever-42, though-39)
nsubj(clever-42, that-40)
cop(clever-42, was-41)
advcl(I-38, clever-42)
cc(clever-42, and-43)
amod(concept-45, original-44)
conj(clever-42, concept-45)
punct(something-10, .-46)

Sentence #2 (33 tokens):
Casting was promising too, Carrey, Freeman, Aniston... How can movie with a good idea and good actors, not to mention costs of filming, can be bad?
[Text=Casting CharacterOffsetBegin=254 CharacterOffsetEnd=261 PartOfSpeech=VBG] [Text=was CharacterOffsetBegin=262 CharacterOffsetEnd=265 PartOfSpeech=VBD] [Text=promising CharacterOffsetBegin=266 CharacterOffsetEnd=275 PartOfSpeech=JJ] [Text=too CharacterOffsetBegin=276 CharacterOffsetEnd=279 PartOfSpeech=RB] [Text=, CharacterOffsetBegin=279 CharacterOffsetEnd=280 PartOfSpeech=,] [Text=Carrey CharacterOffsetBegin=281 CharacterOffsetEnd=287 PartOfSpeech=NNP] [Text=, CharacterOffsetBegin=287 CharacterOffsetEnd=288 PartOfSpeech=,] [Text=Freeman CharacterOffsetBegin=289 CharacterOffsetEnd=296 PartOfSpeech=NNP] [Text=, CharacterOffsetBegin=296 CharacterOffsetEnd=297 PartOfSpeech=,] [Text=Aniston CharacterOffsetBegin=298 CharacterOffsetEnd=305 PartOfSpeech=NNP] [Text=... CharacterOffsetBegin=305 CharacterOffsetEnd=308 PartOfSpeech=:] [Text=How CharacterOffsetBegin=309 CharacterOffsetEnd=312 PartOfSpeech=WRB] [Text=can CharacterOffsetBegin=313 CharacterOffsetEnd=316 PartOfSpeech=MD] [Text=movie CharacterOffsetBegin=317 CharacterOffsetEnd=322 PartOfSpeech=NN] [Text=with CharacterOffsetBegin=323 CharacterOffsetEnd=327 PartOfSpeech=IN] [Text=a CharacterOffsetBegin=328 CharacterOffsetEnd=329 PartOfSpeech=DT] [Text=good CharacterOffsetBegin=330 CharacterOffsetEnd=334 PartOfSpeech=JJ] [Text=idea CharacterOffsetBegin=335 CharacterOffsetEnd=339 PartOfSpeech=NN] [Text=and CharacterOffsetBegin=340 CharacterOffsetEnd=343 PartOfSpeech=CC] [Text=good CharacterOffsetBegin=344 CharacterOffsetEnd=348 PartOfSpeech=JJ] [Text=actors CharacterOffsetBegin=349 CharacterOffsetEnd=355 PartOfSpeech=NNS] [Text=, CharacterOffsetBegin=355 CharacterOffsetEnd=356 PartOfSpeech=,] [Text=not CharacterOffsetBegin=357 CharacterOffsetEnd=360 PartOfSpeech=RB] [Text=to CharacterOffsetBegin=361 CharacterOffsetEnd=363 PartOfSpeech=TO] [Text=mention CharacterOffsetBegin=364 CharacterOffsetEnd=371 PartOfSpeech=VB] [Text=costs CharacterOffsetBegin=372 CharacterOffsetEnd=377 PartOfSpeech=NNS] [Text=of CharacterOffsetBegin=378 CharacterOffsetEnd=380 PartOfSpeech=IN] [Text=filming CharacterOffsetBegin=381 CharacterOffsetEnd=388 PartOfSpeech=VBG] [Text=, CharacterOffsetBegin=388 CharacterOffsetEnd=389 PartOfSpeech=,] [Text=can CharacterOffsetBegin=390 CharacterOffsetEnd=393 PartOfSpeech=MD] [Text=be CharacterOffsetBegin=394 CharacterOffsetEnd=396 PartOfSpeech=VB] [Text=bad CharacterOffsetBegin=397 CharacterOffsetEnd=400 PartOfSpeech=JJ] [Text=? CharacterOffsetBegin=400 CharacterOffsetEnd=401 PartOfSpeech=.] 
root(ROOT-0, promising-3)
nsubj(promising-3, Casting-1)
cop(promising-3, was-2)
advmod(bad-32, too-4)
punct(bad-32, ,-5)
dep(bad-32, Carrey-6)
punct(bad-32, ,-7)
dep(bad-32, Freeman-8)
punct(Freeman-8, ,-9)
appos(Freeman-8, Aniston-10)
punct(Freeman-8, ...-11)
advmod(movie-14, How-12)
aux(movie-14, can-13)
nsubj(bad-32, movie-14)
prep(movie-14, with-15)
det(idea-18, a-16)
amod(idea-18, good-17)
pobj(with-15, idea-18)
cc(idea-18, and-19)
amod(actors-21, good-20)
conj(idea-18, actors-21)
punct(movie-14, ,-22)
neg(movie-14, not-23)
aux(mention-25, to-24)
dep(movie-14, mention-25)
dobj(mention-25, costs-26)
prep(costs-26, of-27)
pobj(of-27, filming-28)
punct(movie-14, ,-29)
aux(bad-32, can-30)
cop(bad-32, be-31)
acomp(promising-3, bad-32)
punct(promising-3, ?-33)

Sentence #3 (3 tokens):
It can.
[Text=It CharacterOffsetBegin=406 CharacterOffsetEnd=408 PartOfSpeech=PRP] [Text=can CharacterOffsetBegin=409 CharacterOffsetEnd=412 PartOfSpeech=MD] [Text=. CharacterOffsetBegin=412 CharacterOffsetEnd=413 PartOfSpeech=.] 
root(ROOT-0, can-2)
nsubj(can-2, It-1)
punct(can-2, .-3)

Sentence #4 (12 tokens):
Idea is good, but script and story itself is terrible.
[Text=Idea CharacterOffsetBegin=418 CharacterOffsetEnd=422 PartOfSpeech=NN] [Text=is CharacterOffsetBegin=423 CharacterOffsetEnd=425 PartOfSpeech=VBZ] [Text=good CharacterOffsetBegin=426 CharacterOffsetEnd=430 PartOfSpeech=JJ] [Text=, CharacterOffsetBegin=430 CharacterOffsetEnd=431 PartOfSpeech=,] [Text=but CharacterOffsetBegin=432 CharacterOffsetEnd=435 PartOfSpeech=CC] [Text=script CharacterOffsetBegin=436 CharacterOffsetEnd=442 PartOfSpeech=NN] [Text=and CharacterOffsetBegin=443 CharacterOffsetEnd=446 PartOfSpeech=CC] [Text=story CharacterOffsetBegin=447 CharacterOffsetEnd=452 PartOfSpeech=NN] [Text=itself CharacterOffsetBegin=453 CharacterOffsetEnd=459 PartOfSpeech=PRP] [Text=is CharacterOffsetBegin=460 CharacterOffsetEnd=462 PartOfSpeech=VBZ] [Text=terrible CharacterOffsetBegin=463 CharacterOffsetEnd=471 PartOfSpeech=JJ] [Text=. CharacterOffsetBegin=471 CharacterOffsetEnd=472 PartOfSpeech=.] 
root(ROOT-0, good-3)
nsubj(good-3, Idea-1)
cop(good-3, is-2)
punct(good-3, ,-4)
cc(good-3, but-5)
nsubj(terrible-11, script-6)
cc(script-6, and-7)
conj(script-6, story-8)
dep(script-6, itself-9)
cop(terrible-11, is-10)
conj(good-3, terrible-11)
punct(good-3, .-12)

Sentence #5 (42 tokens):
Bruce Nolan is, let's be honest, a pretty mediocre journalist, with not exactly great stories (like a story of a giant cookie, what a faux pas, and the Niagara report is complete fiasco!
    )
[Text=Bruce CharacterOffsetBegin=477 CharacterOffsetEnd=482 PartOfSpeech=NNP] [Text=Nolan CharacterOffsetBegin=483 CharacterOffsetEnd=488 PartOfSpeech=NNP] [Text=is CharacterOffsetBegin=489 CharacterOffsetEnd=491 PartOfSpeech=VBZ] [Text=, CharacterOffsetBegin=491 CharacterOffsetEnd=492 PartOfSpeech=,] [Text=let CharacterOffsetBegin=493 CharacterOffsetEnd=496 PartOfSpeech=VB] [Text='s CharacterOffsetBegin=496 CharacterOffsetEnd=498 PartOfSpeech=POS] [Text=be CharacterOffsetBegin=499 CharacterOffsetEnd=501 PartOfSpeech=VB] [Text=honest CharacterOffsetBegin=502 CharacterOffsetEnd=508 PartOfSpeech=JJ] [Text=, CharacterOffsetBegin=508 CharacterOffsetEnd=509 PartOfSpeech=,] [Text=a CharacterOffsetBegin=510 CharacterOffsetEnd=511 PartOfSpeech=DT] [Text=pretty CharacterOffsetBegin=512 CharacterOffsetEnd=518 PartOfSpeech=RB] [Text=mediocre CharacterOffsetBegin=519 CharacterOffsetEnd=527 PartOfSpeech=JJ] [Text=journalist CharacterOffsetBegin=528 CharacterOffsetEnd=538 PartOfSpeech=NN] [Text=, CharacterOffsetBegin=538 CharacterOffsetEnd=539 PartOfSpeech=,] [Text=with CharacterOffsetBegin=540 CharacterOffsetEnd=544 PartOfSpeech=IN] [Text=not CharacterOffsetBegin=545 CharacterOffsetEnd=548 PartOfSpeech=RB] [Text=exactly CharacterOffsetBegin=549 CharacterOffsetEnd=556 PartOfSpeech=RB] [Text=great CharacterOffsetBegin=557 CharacterOffsetEnd=562 PartOfSpeech=JJ] [Text=stories CharacterOffsetBegin=563 CharacterOffsetEnd=570 PartOfSpeech=NNS] [Text=-LRB- CharacterOffsetBegin=571 CharacterOffsetEnd=572 PartOfSpeech=-LRB-] [Text=like CharacterOffsetBegin=572 CharacterOffsetEnd=576 PartOfSpeech=IN] [Text=a CharacterOffsetBegin=577 CharacterOffsetEnd=578 PartOfSpeech=DT] [Text=story CharacterOffsetBegin=579 CharacterOffsetEnd=584 PartOfSpeech=NN] [Text=of CharacterOffsetBegin=585 CharacterOffsetEnd=587 PartOfSpeech=IN] [Text=a CharacterOffsetBegin=588 CharacterOffsetEnd=589 PartOfSpeech=DT] [Text=giant CharacterOffsetBegin=590 CharacterOffsetEnd=595 PartOfSpeech=JJ] [Text=cookie CharacterOffsetBegin=596 CharacterOffsetEnd=602 PartOfSpeech=NN] [Text=, CharacterOffsetBegin=602 CharacterOffsetEnd=603 PartOfSpeech=,] [Text=what CharacterOffsetBegin=604 CharacterOffsetEnd=608 PartOfSpeech=WP] [Text=a CharacterOffsetBegin=609 CharacterOffsetEnd=610 PartOfSpeech=DT] [Text=faux CharacterOffsetBegin=611 CharacterOffsetEnd=615 PartOfSpeech=JJ] [Text=pas CharacterOffsetBegin=616 CharacterOffsetEnd=619 PartOfSpeech=NN] [Text=, CharacterOffsetBegin=619 CharacterOffsetEnd=620 PartOfSpeech=,] [Text=and CharacterOffsetBegin=621 CharacterOffsetEnd=624 PartOfSpeech=CC] [Text=the CharacterOffsetBegin=625 CharacterOffsetEnd=628 PartOfSpeech=DT] [Text=Niagara CharacterOffsetBegin=629 CharacterOffsetEnd=636 PartOfSpeech=NNP] [Text=report CharacterOffsetBegin=637 CharacterOffsetEnd=643 PartOfSpeech=NN] [Text=is CharacterOffsetBegin=644 CharacterOffsetEnd=646 PartOfSpeech=VBZ] [Text=complete CharacterOffsetBegin=647 CharacterOffsetEnd=655 PartOfSpeech=JJ] [Text=fiasco CharacterOffsetBegin=656 CharacterOffsetEnd=662 PartOfSpeech=NN] [Text=! CharacterOffsetBegin=662 CharacterOffsetEnd=663 PartOfSpeech=.] [Text=-RRB- CharacterOffsetBegin=668 CharacterOffsetEnd=669 PartOfSpeech=-RRB-] 
root(ROOT-0, is-3)
nn(Nolan-2, Bruce-1)
nsubj(is-3, Nolan-2)
punct(is-3, ,-4)
xcomp(is-3, let-5)
nsubj(honest-8, 's-6)
cop(honest-8, be-7)
ccomp(let-5, honest-8)
punct(is-3, ,-9)
det(journalist-13, a-10)
advmod(mediocre-12, pretty-11)
amod(journalist-13, mediocre-12)
dep(is-3, journalist-13)
punct(journalist-13, ,-14)
prep(journalist-13, with-15)
neg(stories-19, not-16)
advmod(great-18, exactly-17)
amod(stories-19, great-18)
pobj(with-15, stories-19)
punct(like-21, -LRB--20)
prep(stories-19, like-21)
det(story-23, a-22)
pobj(like-21, story-23)
prep(story-23, of-24)
det(cookie-27, a-25)
amod(cookie-27, giant-26)
pobj(of-24, cookie-27)
punct(cookie-27, ,-28)
dobj(complete-39, what-29)
det(pas-32, a-30)
amod(pas-32, faux-31)
nsubj(complete-39, pas-32)
punct(pas-32, ,-33)
cc(pas-32, and-34)
det(report-37, the-35)
nn(report-37, Niagara-36)
conj(pas-32, report-37)
cop(complete-39, is-38)
rcmod(cookie-27, complete-39)
dep(complete-39, fiasco-40)
punct(journalist-13, !-41)
punct(is-3, -RRB--42)

Sentence #6 (42 tokens):
, he's a man with a job he completely DESERVES (he's not a good journalist, he's a comedian), considering his potentials, with a nice home, sugar sweet girlfriend, and OH HORROR!!!!
[Text=, CharacterOffsetBegin=669 CharacterOffsetEnd=670 PartOfSpeech=,] [Text=he CharacterOffsetBegin=671 CharacterOffsetEnd=673 PartOfSpeech=PRP] [Text='s CharacterOffsetBegin=673 CharacterOffsetEnd=675 PartOfSpeech=VBZ] [Text=a CharacterOffsetBegin=676 CharacterOffsetEnd=677 PartOfSpeech=DT] [Text=man CharacterOffsetBegin=678 CharacterOffsetEnd=681 PartOfSpeech=NN] [Text=with CharacterOffsetBegin=682 CharacterOffsetEnd=686 PartOfSpeech=IN] [Text=a CharacterOffsetBegin=687 CharacterOffsetEnd=688 PartOfSpeech=DT] [Text=job CharacterOffsetBegin=689 CharacterOffsetEnd=692 PartOfSpeech=NN] [Text=he CharacterOffsetBegin=693 CharacterOffsetEnd=695 PartOfSpeech=PRP] [Text=completely CharacterOffsetBegin=696 CharacterOffsetEnd=706 PartOfSpeech=RB] [Text=DESERVES CharacterOffsetBegin=707 CharacterOffsetEnd=715 PartOfSpeech=VBZ] [Text=-LRB- CharacterOffsetBegin=716 CharacterOffsetEnd=717 PartOfSpeech=-LRB-] [Text=he CharacterOffsetBegin=717 CharacterOffsetEnd=719 PartOfSpeech=PRP] [Text='s CharacterOffsetBegin=719 CharacterOffsetEnd=721 PartOfSpeech=VBZ] [Text=not CharacterOffsetBegin=722 CharacterOffsetEnd=725 PartOfSpeech=RB] [Text=a CharacterOffsetBegin=726 CharacterOffsetEnd=727 PartOfSpeech=DT] [Text=good CharacterOffsetBegin=728 CharacterOffsetEnd=732 PartOfSpeech=JJ] [Text=journalist CharacterOffsetBegin=733 CharacterOffsetEnd=743 PartOfSpeech=NN] [Text=, CharacterOffsetBegin=743 CharacterOffsetEnd=744 PartOfSpeech=,] [Text=he CharacterOffsetBegin=745 CharacterOffsetEnd=747 PartOfSpeech=PRP] [Text='s CharacterOffsetBegin=747 CharacterOffsetEnd=749 PartOfSpeech=VBZ] [Text=a CharacterOffsetBegin=750 CharacterOffsetEnd=751 PartOfSpeech=DT] [Text=comedian CharacterOffsetBegin=752 CharacterOffsetEnd=760 PartOfSpeech=NN] [Text=-RRB- CharacterOffsetBegin=760 CharacterOffsetEnd=761 PartOfSpeech=-RRB-] [Text=, CharacterOffsetBegin=761 CharacterOffsetEnd=762 PartOfSpeech=,] [Text=considering CharacterOffsetBegin=763 CharacterOffsetEnd=774 PartOfSpeech=VBG] [Text=his CharacterOffsetBegin=775 CharacterOffsetEnd=778 PartOfSpeech=PRP$] [Text=potentials CharacterOffsetBegin=779 CharacterOffsetEnd=789 PartOfSpeech=NNS] [Text=, CharacterOffsetBegin=789 CharacterOffsetEnd=790 PartOfSpeech=,] [Text=with CharacterOffsetBegin=791 CharacterOffsetEnd=795 PartOfSpeech=IN] [Text=a CharacterOffsetBegin=796 CharacterOffsetEnd=797 PartOfSpeech=DT] [Text=nice CharacterOffsetBegin=798 CharacterOffsetEnd=802 PartOfSpeech=JJ] [Text=home CharacterOffsetBegin=803 CharacterOffsetEnd=807 PartOfSpeech=NN] [Text=, CharacterOffsetBegin=807 CharacterOffsetEnd=808 PartOfSpeech=,] [Text=sugar CharacterOffsetBegin=809 CharacterOffsetEnd=814 PartOfSpeech=NN] [Text=sweet CharacterOffsetBegin=815 CharacterOffsetEnd=820 PartOfSpeech=JJ] [Text=girlfriend CharacterOffsetBegin=821 CharacterOffsetEnd=831 PartOfSpeech=NN] [Text=, CharacterOffsetBegin=831 CharacterOffsetEnd=832 PartOfSpeech=,] [Text=and CharacterOffsetBegin=833 CharacterOffsetEnd=836 PartOfSpeech=CC] [Text=OH CharacterOffsetBegin=837 CharacterOffsetEnd=839 PartOfSpeech=NN] [Text=HORROR CharacterOffsetBegin=840 CharacterOffsetEnd=846 PartOfSpeech=NN] [Text=!!!! CharacterOffsetBegin=846 CharacterOffsetEnd=850 PartOfSpeech=CD] 
root(ROOT-0, man-5)
punct(man-5, ,-1)
nsubj(man-5, he-2)
cop(man-5, 's-3)
det(man-5, a-4)
prep(man-5, with-6)
det(job-8, a-7)
pobj(with-6, job-8)
nsubj(DESERVES-11, he-9)
advmod(DESERVES-11, completely-10)
rcmod(job-8, DESERVES-11)
punct(journalist-18, -LRB--12)
nsubj(journalist-18, he-13)
cop(journalist-18, 's-14)
neg(journalist-18, not-15)
det(journalist-18, a-16)
amod(journalist-18, good-17)
dep(DESERVES-11, journalist-18)
punct(journalist-18, ,-19)
nsubj(comedian-23, he-20)
cop(comedian-23, 's-21)
det(comedian-23, a-22)
dep(journalist-18, comedian-23)
punct(journalist-18, -RRB--24)
punct(man-5, ,-25)
partmod(man-5, considering-26)
poss(potentials-28, his-27)
dobj(considering-26, potentials-28)
punct(man-5, ,-29)
prep(man-5, with-30)
det(home-33, a-31)
amod(home-33, nice-32)
pobj(with-30, home-33)
punct(home-33, ,-34)
nn(girlfriend-37, sugar-35)
amod(girlfriend-37, sweet-36)
conj(home-33, girlfriend-37)
punct(home-33, ,-38)
cc(home-33, and-39)
nn(HORROR-41, OH-40)
conj(home-33, HORROR-41)
num(home-33, !!!!-42)

Sentence #7 (7 tokens):
Dog who is not house trained!!!
[Text=Dog CharacterOffsetBegin=855 CharacterOffsetEnd=858 PartOfSpeech=NN] [Text=who CharacterOffsetBegin=859 CharacterOffsetEnd=862 PartOfSpeech=WP] [Text=is CharacterOffsetBegin=863 CharacterOffsetEnd=865 PartOfSpeech=VBZ] [Text=not CharacterOffsetBegin=866 CharacterOffsetEnd=869 PartOfSpeech=RB] [Text=house CharacterOffsetBegin=870 CharacterOffsetEnd=875 PartOfSpeech=VB] [Text=trained CharacterOffsetBegin=876 CharacterOffsetEnd=883 PartOfSpeech=JJ] [Text=!!! CharacterOffsetBegin=883 CharacterOffsetEnd=886 PartOfSpeech=NN] 
root(ROOT-0, Dog-1)
nsubj(house-5, who-2)
aux(house-5, is-3)
neg(house-5, not-4)
rcmod(Dog-1, house-5)
amod(!!!-7, trained-6)
dobj(house-5, !!!-7)

Sentence #8 (28 tokens):
Yes, as soon as Bruce, at the beginning of the movie starts addressing GOd in a "God, why do you hate me!"
[Text=Yes CharacterOffsetBegin=891 CharacterOffsetEnd=894 PartOfSpeech=UH] [Text=, CharacterOffsetBegin=894 CharacterOffsetEnd=895 PartOfSpeech=,] [Text=as CharacterOffsetBegin=896 CharacterOffsetEnd=898 PartOfSpeech=RB] [Text=soon CharacterOffsetBegin=899 CharacterOffsetEnd=903 PartOfSpeech=RB] [Text=as CharacterOffsetBegin=904 CharacterOffsetEnd=906 PartOfSpeech=IN] [Text=Bruce CharacterOffsetBegin=907 CharacterOffsetEnd=912 PartOfSpeech=NNP] [Text=, CharacterOffsetBegin=912 CharacterOffsetEnd=913 PartOfSpeech=,] [Text=at CharacterOffsetBegin=914 CharacterOffsetEnd=916 PartOfSpeech=IN] [Text=the CharacterOffsetBegin=917 CharacterOffsetEnd=920 PartOfSpeech=DT] [Text=beginning CharacterOffsetBegin=921 CharacterOffsetEnd=930 PartOfSpeech=NN] [Text=of CharacterOffsetBegin=931 CharacterOffsetEnd=933 PartOfSpeech=IN] [Text=the CharacterOffsetBegin=934 CharacterOffsetEnd=937 PartOfSpeech=DT] [Text=movie CharacterOffsetBegin=938 CharacterOffsetEnd=943 PartOfSpeech=NN] [Text=starts CharacterOffsetBegin=944 CharacterOffsetEnd=950 PartOfSpeech=VBZ] [Text=addressing CharacterOffsetBegin=951 CharacterOffsetEnd=961 PartOfSpeech=VBG] [Text=GOd CharacterOffsetBegin=962 CharacterOffsetEnd=965 PartOfSpeech=NN] [Text=in CharacterOffsetBegin=966 CharacterOffsetEnd=968 PartOfSpeech=IN] [Text=a CharacterOffsetBegin=969 CharacterOffsetEnd=970 PartOfSpeech=DT] [Text=`` CharacterOffsetBegin=971 CharacterOffsetEnd=972 PartOfSpeech=``] [Text=God CharacterOffsetBegin=972 CharacterOffsetEnd=975 PartOfSpeech=NNP] [Text=, CharacterOffsetBegin=975 CharacterOffsetEnd=976 PartOfSpeech=,] [Text=why CharacterOffsetBegin=977 CharacterOffsetEnd=980 PartOfSpeech=WRB] [Text=do CharacterOffsetBegin=981 CharacterOffsetEnd=983 PartOfSpeech=VBP] [Text=you CharacterOffsetBegin=984 CharacterOffsetEnd=987 PartOfSpeech=PRP] [Text=hate CharacterOffsetBegin=988 CharacterOffsetEnd=992 PartOfSpeech=VB] [Text=me CharacterOffsetBegin=993 CharacterOffsetEnd=995 PartOfSpeech=PRP] [Text=! CharacterOffsetBegin=995 CharacterOffsetEnd=996 PartOfSpeech=.] [Text='' CharacterOffsetBegin=996 CharacterOffsetEnd=997 PartOfSpeech=''] 
root(ROOT-0, Yes-1)
punct(Yes-1, ,-2)
advmod(soon-4, as-3)
advmod(,-2, soon-4)
mark(starts-14, as-5)
nsubj(starts-14, Bruce-6)
punct(Bruce-6, ,-7)
prep(Bruce-6, at-8)
det(beginning-10, the-9)
pobj(at-8, beginning-10)
prep(beginning-10, of-11)
det(movie-13, the-12)
pobj(of-11, movie-13)
ccomp(soon-4, starts-14)
xcomp(starts-14, addressing-15)
dobj(addressing-15, GOd-16)
prep(addressing-15, in-17)
det(God-20, a-18)
punct(God-20, ``-19)
pobj(in-17, God-20)
punct(God-20, ,-21)
advmod(hate-25, why-22)
aux(hate-25, do-23)
nsubj(hate-25, you-24)
rcmod(God-20, hate-25)
dobj(hate-25, me-26)
punct(soon-4, !-27)
punct(soon-4, ''-28)

Sentence #9 (20 tokens):
manner, average viewer must think: "Why, what's wrong with your life, Bruce?"
[Text=manner CharacterOffsetBegin=1002 CharacterOffsetEnd=1008 PartOfSpeech=NN] [Text=, CharacterOffsetBegin=1008 CharacterOffsetEnd=1009 PartOfSpeech=,] [Text=average CharacterOffsetBegin=1010 CharacterOffsetEnd=1017 PartOfSpeech=JJ] [Text=viewer CharacterOffsetBegin=1018 CharacterOffsetEnd=1024 PartOfSpeech=NN] [Text=must CharacterOffsetBegin=1025 CharacterOffsetEnd=1029 PartOfSpeech=MD] [Text=think CharacterOffsetBegin=1030 CharacterOffsetEnd=1035 PartOfSpeech=VB] [Text=: CharacterOffsetBegin=1035 CharacterOffsetEnd=1036 PartOfSpeech=:] [Text=`` CharacterOffsetBegin=1037 CharacterOffsetEnd=1038 PartOfSpeech=``] [Text=Why CharacterOffsetBegin=1038 CharacterOffsetEnd=1041 PartOfSpeech=WRB] [Text=, CharacterOffsetBegin=1041 CharacterOffsetEnd=1042 PartOfSpeech=,] [Text=what CharacterOffsetBegin=1043 CharacterOffsetEnd=1047 PartOfSpeech=WP] [Text='s CharacterOffsetBegin=1047 CharacterOffsetEnd=1049 PartOfSpeech=VBZ] [Text=wrong CharacterOffsetBegin=1050 CharacterOffsetEnd=1055 PartOfSpeech=JJ] [Text=with CharacterOffsetBegin=1056 CharacterOffsetEnd=1060 PartOfSpeech=IN] [Text=your CharacterOffsetBegin=1061 CharacterOffsetEnd=1065 PartOfSpeech=PRP$] [Text=life CharacterOffsetBegin=1066 CharacterOffsetEnd=1070 PartOfSpeech=NN] [Text=, CharacterOffsetBegin=1070 CharacterOffsetEnd=1071 PartOfSpeech=,] [Text=Bruce CharacterOffsetBegin=1072 CharacterOffsetEnd=1077 PartOfSpeech=NNP] [Text=? CharacterOffsetBegin=1077 CharacterOffsetEnd=1078 PartOfSpeech=.] [Text='' CharacterOffsetBegin=1078 CharacterOffsetEnd=1079 PartOfSpeech=''] 
root(ROOT-0, think-6)
dep(think-6, manner-1)
punct(think-6, ,-2)
amod(viewer-4, average-3)
nsubj(think-6, viewer-4)
aux(think-6, must-5)
punct(think-6, :-7)
punct(think-6, ``-8)
advmod(wrong-13, Why-9)
punct(wrong-13, ,-10)
nsubj(wrong-13, what-11)
cop(wrong-13, 's-12)
ccomp(think-6, wrong-13)
prep(wrong-13, with-14)
poss(life-16, your-15)
pobj(with-14, life-16)
punct(wrong-13, ,-17)
dep(wrong-13, Bruce-18)
punct(think-6, ?-19)
punct(think-6, ''-20)

Sentence #10 (1 tokens):
.
[Text=. CharacterOffsetBegin=1079 CharacterOffsetEnd=1080 PartOfSpeech=.] 
root(ROOT-0, .-1)

Sentence #11 (15 tokens):
Bruce is not, and definitely NOT the man with real problems in life.
[Text=Bruce CharacterOffsetBegin=1085 CharacterOffsetEnd=1090 PartOfSpeech=NNP] [Text=is CharacterOffsetBegin=1091 CharacterOffsetEnd=1093 PartOfSpeech=VBZ] [Text=not CharacterOffsetBegin=1094 CharacterOffsetEnd=1097 PartOfSpeech=RB] [Text=, CharacterOffsetBegin=1097 CharacterOffsetEnd=1098 PartOfSpeech=,] [Text=and CharacterOffsetBegin=1099 CharacterOffsetEnd=1102 PartOfSpeech=CC] [Text=definitely CharacterOffsetBegin=1103 CharacterOffsetEnd=1113 PartOfSpeech=RB] [Text=NOT CharacterOffsetBegin=1114 CharacterOffsetEnd=1117 PartOfSpeech=RB] [Text=the CharacterOffsetBegin=1118 CharacterOffsetEnd=1121 PartOfSpeech=DT] [Text=man CharacterOffsetBegin=1122 CharacterOffsetEnd=1125 PartOfSpeech=NN] [Text=with CharacterOffsetBegin=1126 CharacterOffsetEnd=1130 PartOfSpeech=IN] [Text=real CharacterOffsetBegin=1131 CharacterOffsetEnd=1135 PartOfSpeech=JJ] [Text=problems CharacterOffsetBegin=1136 CharacterOffsetEnd=1144 PartOfSpeech=NNS] [Text=in CharacterOffsetBegin=1145 CharacterOffsetEnd=1147 PartOfSpeech=IN] [Text=life CharacterOffsetBegin=1148 CharacterOffsetEnd=1152 PartOfSpeech=NN] [Text=. CharacterOffsetBegin=1152 CharacterOffsetEnd=1153 PartOfSpeech=.] 
root(ROOT-0, is-2)
nsubj(is-2, Bruce-1)
neg(is-2, not-3)
punct(is-2, ,-4)
cc(is-2, and-5)
advmod(NOT-7, definitely-6)
conj(is-2, NOT-7)
det(man-9, the-8)
dep(NOT-7, man-9)
prep(man-9, with-10)
amod(problems-12, real-11)
pobj(with-10, problems-12)
prep(problems-12, in-13)
pobj(in-13, life-14)
punct(is-2, .-15)

Sentence #12 (33 tokens):
Most the troubles that happen to him are minor and not really worth of all that fuss he makes, and some of them are really only the result of his stupidity.
[Text=Most CharacterOffsetBegin=1158 CharacterOffsetEnd=1162 PartOfSpeech=JJS] [Text=the CharacterOffsetBegin=1163 CharacterOffsetEnd=1166 PartOfSpeech=DT] [Text=troubles CharacterOffsetBegin=1167 CharacterOffsetEnd=1175 PartOfSpeech=NNS] [Text=that CharacterOffsetBegin=1176 CharacterOffsetEnd=1180 PartOfSpeech=WDT] [Text=happen CharacterOffsetBegin=1181 CharacterOffsetEnd=1187 PartOfSpeech=VBP] [Text=to CharacterOffsetBegin=1188 CharacterOffsetEnd=1190 PartOfSpeech=TO] [Text=him CharacterOffsetBegin=1191 CharacterOffsetEnd=1194 PartOfSpeech=PRP] [Text=are CharacterOffsetBegin=1195 CharacterOffsetEnd=1198 PartOfSpeech=VBP] [Text=minor CharacterOffsetBegin=1199 CharacterOffsetEnd=1204 PartOfSpeech=JJ] [Text=and CharacterOffsetBegin=1205 CharacterOffsetEnd=1208 PartOfSpeech=CC] [Text=not CharacterOffsetBegin=1209 CharacterOffsetEnd=1212 PartOfSpeech=RB] [Text=really CharacterOffsetBegin=1213 CharacterOffsetEnd=1219 PartOfSpeech=RB] [Text=worth CharacterOffsetBegin=1220 CharacterOffsetEnd=1225 PartOfSpeech=JJ] [Text=of CharacterOffsetBegin=1226 CharacterOffsetEnd=1228 PartOfSpeech=IN] [Text=all CharacterOffsetBegin=1229 CharacterOffsetEnd=1232 PartOfSpeech=DT] [Text=that CharacterOffsetBegin=1233 CharacterOffsetEnd=1237 PartOfSpeech=IN] [Text=fuss CharacterOffsetBegin=1238 CharacterOffsetEnd=1242 PartOfSpeech=NN] [Text=he CharacterOffsetBegin=1243 CharacterOffsetEnd=1245 PartOfSpeech=PRP] [Text=makes CharacterOffsetBegin=1246 CharacterOffsetEnd=1251 PartOfSpeech=VBZ] [Text=, CharacterOffsetBegin=1251 CharacterOffsetEnd=1252 PartOfSpeech=,] [Text=and CharacterOffsetBegin=1253 CharacterOffsetEnd=1256 PartOfSpeech=CC] [Text=some CharacterOffsetBegin=1257 CharacterOffsetEnd=1261 PartOfSpeech=DT] [Text=of CharacterOffsetBegin=1262 CharacterOffsetEnd=1264 PartOfSpeech=IN] [Text=them CharacterOffsetBegin=1265 CharacterOffsetEnd=1269 PartOfSpeech=PRP] [Text=are CharacterOffsetBegin=1270 CharacterOffsetEnd=1273 PartOfSpeech=VBP] [Text=really CharacterOffsetBegin=1274 CharacterOffsetEnd=1280 PartOfSpeech=RB] [Text=only CharacterOffsetBegin=1281 CharacterOffsetEnd=1285 PartOfSpeech=RB] [Text=the CharacterOffsetBegin=1286 CharacterOffsetEnd=1289 PartOfSpeech=DT] [Text=result CharacterOffsetBegin=1290 CharacterOffsetEnd=1296 PartOfSpeech=NN] [Text=of CharacterOffsetBegin=1297 CharacterOffsetEnd=1299 PartOfSpeech=IN] [Text=his CharacterOffsetBegin=1300 CharacterOffsetEnd=1303 PartOfSpeech=PRP$] [Text=stupidity CharacterOffsetBegin=1304 CharacterOffsetEnd=1313 PartOfSpeech=NN] [Text=. CharacterOffsetBegin=1313 CharacterOffsetEnd=1314 PartOfSpeech=.] 
root(ROOT-0, minor-9)
predet(troubles-3, Most-1)
det(troubles-3, the-2)
nsubj(minor-9, troubles-3)
nsubj(happen-5, that-4)
rcmod(troubles-3, happen-5)
prep(happen-5, to-6)
pobj(to-6, him-7)
cop(minor-9, are-8)
cc(minor-9, and-10)
neg(worth-13, not-11)
advmod(worth-13, really-12)
conj(minor-9, worth-13)
prep(worth-13, of-14)
pobj(of-14, all-15)
dep(all-15, that-16)
dep(that-16, fuss-17)
nsubj(makes-19, he-18)
rcmod(fuss-17, makes-19)
punct(fuss-17, ,-20)
cc(fuss-17, and-21)
nsubj(result-29, some-22)
prep(some-22, of-23)
pobj(of-23, them-24)
cop(result-29, are-25)
advmod(only-27, really-26)
advmod(result-29, only-27)
det(result-29, the-28)
conj(fuss-17, result-29)
prep(result-29, of-30)
poss(stupidity-32, his-31)
pobj(of-30, stupidity-32)
punct(minor-9, .-33)

Sentence #13 (48 tokens):
Most people have really big problems, worth of attention, most people are more worth of attention that Bruce, who doesn't seem too human after all, doesn't look even realistic, too goofy and neurotic, but God still addresses to him.
[Text=Most CharacterOffsetBegin=1319 CharacterOffsetEnd=1323 PartOfSpeech=JJS] [Text=people CharacterOffsetBegin=1324 CharacterOffsetEnd=1330 PartOfSpeech=NNS] [Text=have CharacterOffsetBegin=1331 CharacterOffsetEnd=1335 PartOfSpeech=VBP] [Text=really CharacterOffsetBegin=1336 CharacterOffsetEnd=1342 PartOfSpeech=RB] [Text=big CharacterOffsetBegin=1343 CharacterOffsetEnd=1346 PartOfSpeech=JJ] [Text=problems CharacterOffsetBegin=1347 CharacterOffsetEnd=1355 PartOfSpeech=NNS] [Text=, CharacterOffsetBegin=1355 CharacterOffsetEnd=1356 PartOfSpeech=,] [Text=worth CharacterOffsetBegin=1357 CharacterOffsetEnd=1362 PartOfSpeech=NN] [Text=of CharacterOffsetBegin=1363 CharacterOffsetEnd=1365 PartOfSpeech=IN] [Text=attention CharacterOffsetBegin=1366 CharacterOffsetEnd=1375 PartOfSpeech=NN] [Text=, CharacterOffsetBegin=1375 CharacterOffsetEnd=1376 PartOfSpeech=,] [Text=most CharacterOffsetBegin=1377 CharacterOffsetEnd=1381 PartOfSpeech=JJS] [Text=people CharacterOffsetBegin=1382 CharacterOffsetEnd=1388 PartOfSpeech=NNS] [Text=are CharacterOffsetBegin=1389 CharacterOffsetEnd=1392 PartOfSpeech=VBP] [Text=more CharacterOffsetBegin=1393 CharacterOffsetEnd=1397 PartOfSpeech=RBR] [Text=worth CharacterOffsetBegin=1398 CharacterOffsetEnd=1403 PartOfSpeech=JJ] [Text=of CharacterOffsetBegin=1404 CharacterOffsetEnd=1406 PartOfSpeech=IN] [Text=attention CharacterOffsetBegin=1407 CharacterOffsetEnd=1416 PartOfSpeech=NN] [Text=that CharacterOffsetBegin=1417 CharacterOffsetEnd=1421 PartOfSpeech=WDT] [Text=Bruce CharacterOffsetBegin=1422 CharacterOffsetEnd=1427 PartOfSpeech=NNP] [Text=, CharacterOffsetBegin=1427 CharacterOffsetEnd=1428 PartOfSpeech=,] [Text=who CharacterOffsetBegin=1429 CharacterOffsetEnd=1432 PartOfSpeech=WP] [Text=does CharacterOffsetBegin=1433 CharacterOffsetEnd=1437 PartOfSpeech=VBZ] [Text=n't CharacterOffsetBegin=1437 CharacterOffsetEnd=1440 PartOfSpeech=RB] [Text=seem CharacterOffsetBegin=1441 CharacterOffsetEnd=1445 PartOfSpeech=VB] [Text=too CharacterOffsetBegin=1446 CharacterOffsetEnd=1449 PartOfSpeech=RB] [Text=human CharacterOffsetBegin=1450 CharacterOffsetEnd=1455 PartOfSpeech=JJ] [Text=after CharacterOffsetBegin=1456 CharacterOffsetEnd=1461 PartOfSpeech=IN] [Text=all CharacterOffsetBegin=1462 CharacterOffsetEnd=1465 PartOfSpeech=DT] [Text=, CharacterOffsetBegin=1465 CharacterOffsetEnd=1466 PartOfSpeech=,] [Text=does CharacterOffsetBegin=1467 CharacterOffsetEnd=1471 PartOfSpeech=VBZ] [Text=n't CharacterOffsetBegin=1471 CharacterOffsetEnd=1474 PartOfSpeech=RB] [Text=look CharacterOffsetBegin=1475 CharacterOffsetEnd=1479 PartOfSpeech=VB] [Text=even CharacterOffsetBegin=1480 CharacterOffsetEnd=1484 PartOfSpeech=RB] [Text=realistic CharacterOffsetBegin=1485 CharacterOffsetEnd=1494 PartOfSpeech=JJ] [Text=, CharacterOffsetBegin=1494 CharacterOffsetEnd=1495 PartOfSpeech=,] [Text=too CharacterOffsetBegin=1496 CharacterOffsetEnd=1499 PartOfSpeech=RB] [Text=goofy CharacterOffsetBegin=1500 CharacterOffsetEnd=1505 PartOfSpeech=JJ] [Text=and CharacterOffsetBegin=1506 CharacterOffsetEnd=1509 PartOfSpeech=CC] [Text=neurotic CharacterOffsetBegin=1510 CharacterOffsetEnd=1518 PartOfSpeech=JJ] [Text=, CharacterOffsetBegin=1518 CharacterOffsetEnd=1519 PartOfSpeech=,] [Text=but CharacterOffsetBegin=1520 CharacterOffsetEnd=1523 PartOfSpeech=CC] [Text=God CharacterOffsetBegin=1524 CharacterOffsetEnd=1527 PartOfSpeech=NNP] [Text=still CharacterOffsetBegin=1528 CharacterOffsetEnd=1533 PartOfSpeech=RB] [Text=addresses CharacterOffsetBegin=1534 CharacterOffsetEnd=1543 PartOfSpeech=VBZ] [Text=to CharacterOffsetBegin=1544 CharacterOffsetEnd=1546 PartOfSpeech=TO] [Text=him CharacterOffsetBegin=1547 CharacterOffsetEnd=1550 PartOfSpeech=PRP] [Text=. CharacterOffsetBegin=1550 CharacterOffsetEnd=1551 PartOfSpeech=.] 
root(ROOT-0, problems-6)
amod(people-2, Most-1)
nsubj(problems-6, people-2)
aux(problems-6, have-3)
advmod(problems-6, really-4)
amod(problems-6, big-5)
punct(problems-6, ,-7)
dep(problems-6, worth-8)
prep(worth-8, of-9)
pobj(of-9, attention-10)
punct(problems-6, ,-11)
amod(people-13, most-12)
nsubj(worth-16, people-13)
cop(worth-16, are-14)
advmod(worth-16, more-15)
dep(problems-6, worth-16)
prep(worth-16, of-17)
pobj(of-17, attention-18)
dobj(look-33, that-19)
nsubj(look-33, Bruce-20)
punct(Bruce-20, ,-21)
nsubj(human-27, who-22)
aux(human-27, does-23)
neg(human-27, n't-24)
cop(human-27, seem-25)
advmod(human-27, too-26)
rcmod(Bruce-20, human-27)
advmod(human-27, after-28)
pobj(after-28, all-29)
punct(Bruce-20, ,-30)
aux(look-33, does-31)
neg(look-33, n't-32)
rcmod(attention-18, look-33)
advmod(realistic-35, even-34)
acomp(look-33, realistic-35)
punct(problems-6, ,-36)
advmod(goofy-38, too-37)
dep(problems-6, goofy-38)
cc(goofy-38, and-39)
conj(goofy-38, neurotic-40)
punct(problems-6, ,-41)
cc(problems-6, but-42)
nsubj(addresses-45, God-43)
advmod(addresses-45, still-44)
conj(problems-6, addresses-45)
prep(addresses-45, to-46)
pobj(to-46, him-47)
punct(problems-6, .-48)

Sentence #14 (2 tokens):
Why?
[Text=Why CharacterOffsetBegin=1556 CharacterOffsetEnd=1559 PartOfSpeech=WRB] [Text=? CharacterOffsetBegin=1559 CharacterOffsetEnd=1560 PartOfSpeech=.] 
root(ROOT-0, Why-1)
punct(Why-1, ?-2)

Sentence #15 (26 tokens):
Though Morgan Freeman looks nice as a God, I can't help but to ask what is he doing in this particularly bad movie.
[Text=Though CharacterOffsetBegin=1565 CharacterOffsetEnd=1571 PartOfSpeech=IN] [Text=Morgan CharacterOffsetBegin=1572 CharacterOffsetEnd=1578 PartOfSpeech=NNP] [Text=Freeman CharacterOffsetBegin=1579 CharacterOffsetEnd=1586 PartOfSpeech=NNP] [Text=looks CharacterOffsetBegin=1587 CharacterOffsetEnd=1592 PartOfSpeech=VBZ] [Text=nice CharacterOffsetBegin=1593 CharacterOffsetEnd=1597 PartOfSpeech=JJ] [Text=as CharacterOffsetBegin=1598 CharacterOffsetEnd=1600 PartOfSpeech=IN] [Text=a CharacterOffsetBegin=1601 CharacterOffsetEnd=1602 PartOfSpeech=DT] [Text=God CharacterOffsetBegin=1603 CharacterOffsetEnd=1606 PartOfSpeech=NNP] [Text=, CharacterOffsetBegin=1606 CharacterOffsetEnd=1607 PartOfSpeech=,] [Text=I CharacterOffsetBegin=1608 CharacterOffsetEnd=1609 PartOfSpeech=PRP] [Text=ca CharacterOffsetBegin=1610 CharacterOffsetEnd=1612 PartOfSpeech=MD] [Text=n't CharacterOffsetBegin=1612 CharacterOffsetEnd=1615 PartOfSpeech=RB] [Text=help CharacterOffsetBegin=1616 CharacterOffsetEnd=1620 PartOfSpeech=VB] [Text=but CharacterOffsetBegin=1621 CharacterOffsetEnd=1624 PartOfSpeech=CC] [Text=to CharacterOffsetBegin=1625 CharacterOffsetEnd=1627 PartOfSpeech=TO] [Text=ask CharacterOffsetBegin=1628 CharacterOffsetEnd=1631 PartOfSpeech=VB] [Text=what CharacterOffsetBegin=1632 CharacterOffsetEnd=1636 PartOfSpeech=WP] [Text=is CharacterOffsetBegin=1637 CharacterOffsetEnd=1639 PartOfSpeech=VBZ] [Text=he CharacterOffsetBegin=1640 CharacterOffsetEnd=1642 PartOfSpeech=PRP] [Text=doing CharacterOffsetBegin=1643 CharacterOffsetEnd=1648 PartOfSpeech=VBG] [Text=in CharacterOffsetBegin=1649 CharacterOffsetEnd=1651 PartOfSpeech=IN] [Text=this CharacterOffsetBegin=1652 CharacterOffsetEnd=1656 PartOfSpeech=DT] [Text=particularly CharacterOffsetBegin=1657 CharacterOffsetEnd=1669 PartOfSpeech=RB] [Text=bad CharacterOffsetBegin=1670 CharacterOffsetEnd=1673 PartOfSpeech=JJ] [Text=movie CharacterOffsetBegin=1674 CharacterOffsetEnd=1679 PartOfSpeech=NN] [Text=. CharacterOffsetBegin=1679 CharacterOffsetEnd=1680 PartOfSpeech=.] 
root(ROOT-0, help-13)
mark(looks-4, Though-1)
nn(Freeman-3, Morgan-2)
nsubj(looks-4, Freeman-3)
advcl(help-13, looks-4)
acomp(looks-4, nice-5)
prep(looks-4, as-6)
det(God-8, a-7)
pobj(as-6, God-8)
punct(help-13, ,-9)
nsubj(help-13, I-10)
aux(help-13, ca-11)
neg(help-13, n't-12)
cc(help-13, but-14)
aux(ask-16, to-15)
conj(help-13, ask-16)
dobj(doing-20, what-17)
aux(doing-20, is-18)
nsubj(doing-20, he-19)
ccomp(ask-16, doing-20)
prep(doing-20, in-21)
det(movie-25, this-22)
advmod(bad-24, particularly-23)
amod(movie-25, bad-24)
pobj(in-21, movie-25)
punct(help-13, .-26)

Sentence #16 (12 tokens):
And what does Bruce do when God gives him his powers?
[Text=And CharacterOffsetBegin=1685 CharacterOffsetEnd=1688 PartOfSpeech=CC] [Text=what CharacterOffsetBegin=1689 CharacterOffsetEnd=1693 PartOfSpeech=WP] [Text=does CharacterOffsetBegin=1694 CharacterOffsetEnd=1698 PartOfSpeech=VBZ] [Text=Bruce CharacterOffsetBegin=1699 CharacterOffsetEnd=1704 PartOfSpeech=NNP] [Text=do CharacterOffsetBegin=1705 CharacterOffsetEnd=1707 PartOfSpeech=VB] [Text=when CharacterOffsetBegin=1708 CharacterOffsetEnd=1712 PartOfSpeech=WRB] [Text=God CharacterOffsetBegin=1713 CharacterOffsetEnd=1716 PartOfSpeech=NNP] [Text=gives CharacterOffsetBegin=1717 CharacterOffsetEnd=1722 PartOfSpeech=VBZ] [Text=him CharacterOffsetBegin=1723 CharacterOffsetEnd=1726 PartOfSpeech=PRP] [Text=his CharacterOffsetBegin=1727 CharacterOffsetEnd=1730 PartOfSpeech=PRP$] [Text=powers CharacterOffsetBegin=1731 CharacterOffsetEnd=1737 PartOfSpeech=NNS] [Text=? CharacterOffsetBegin=1737 CharacterOffsetEnd=1738 PartOfSpeech=.] 
root(ROOT-0, And-1)
dobj(do-5, what-2)
aux(do-5, does-3)
nsubj(do-5, Bruce-4)
ccomp(And-1, do-5)
advmod(gives-8, when-6)
nsubj(gives-8, God-7)
advcl(do-5, gives-8)
iobj(gives-8, him-9)
poss(powers-11, his-10)
dobj(gives-8, powers-11)
punct(And-1, ?-12)

Sentence #17 (24 tokens):
God in this movie could as easily give his powers to a 5 year old kid and there hardly would be any difference.
[Text=God CharacterOffsetBegin=1743 CharacterOffsetEnd=1746 PartOfSpeech=NNP] [Text=in CharacterOffsetBegin=1747 CharacterOffsetEnd=1749 PartOfSpeech=IN] [Text=this CharacterOffsetBegin=1750 CharacterOffsetEnd=1754 PartOfSpeech=DT] [Text=movie CharacterOffsetBegin=1755 CharacterOffsetEnd=1760 PartOfSpeech=NN] [Text=could CharacterOffsetBegin=1761 CharacterOffsetEnd=1766 PartOfSpeech=MD] [Text=as CharacterOffsetBegin=1767 CharacterOffsetEnd=1769 PartOfSpeech=RB] [Text=easily CharacterOffsetBegin=1770 CharacterOffsetEnd=1776 PartOfSpeech=RB] [Text=give CharacterOffsetBegin=1777 CharacterOffsetEnd=1781 PartOfSpeech=VB] [Text=his CharacterOffsetBegin=1782 CharacterOffsetEnd=1785 PartOfSpeech=PRP$] [Text=powers CharacterOffsetBegin=1786 CharacterOffsetEnd=1792 PartOfSpeech=NNS] [Text=to CharacterOffsetBegin=1793 CharacterOffsetEnd=1795 PartOfSpeech=TO] [Text=a CharacterOffsetBegin=1796 CharacterOffsetEnd=1797 PartOfSpeech=DT] [Text=5 CharacterOffsetBegin=1798 CharacterOffsetEnd=1799 PartOfSpeech=CD] [Text=year CharacterOffsetBegin=1800 CharacterOffsetEnd=1804 PartOfSpeech=NN] [Text=old CharacterOffsetBegin=1805 CharacterOffsetEnd=1808 PartOfSpeech=JJ] [Text=kid CharacterOffsetBegin=1809 CharacterOffsetEnd=1812 PartOfSpeech=NN] [Text=and CharacterOffsetBegin=1813 CharacterOffsetEnd=1816 PartOfSpeech=CC] [Text=there CharacterOffsetBegin=1817 CharacterOffsetEnd=1822 PartOfSpeech=EX] [Text=hardly CharacterOffsetBegin=1823 CharacterOffsetEnd=1829 PartOfSpeech=RB] [Text=would CharacterOffsetBegin=1830 CharacterOffsetEnd=1835 PartOfSpeech=MD] [Text=be CharacterOffsetBegin=1836 CharacterOffsetEnd=1838 PartOfSpeech=VB] [Text=any CharacterOffsetBegin=1839 CharacterOffsetEnd=1842 PartOfSpeech=DT] [Text=difference CharacterOffsetBegin=1843 CharacterOffsetEnd=1853 PartOfSpeech=NN] [Text=. CharacterOffsetBegin=1853 CharacterOffsetEnd=1854 PartOfSpeech=.] 
root(ROOT-0, give-8)
nsubj(give-8, God-1)
prep(God-1, in-2)
det(movie-4, this-3)
pobj(in-2, movie-4)
aux(give-8, could-5)
advmod(easily-7, as-6)
advmod(give-8, easily-7)
poss(powers-10, his-9)
dobj(give-8, powers-10)
prep(give-8, to-11)
det(year-14, a-12)
num(year-14, 5-13)
npadvmod(old-15, year-14)
amod(kid-16, old-15)
pobj(to-11, kid-16)
cc(give-8, and-17)
expl(difference-23, there-18)
advmod(difference-23, hardly-19)
aux(difference-23, would-20)
cop(difference-23, be-21)
det(difference-23, any-22)
conj(give-8, difference-23)
punct(give-8, .-24)

Sentence #18 (17 tokens):
No, wait, a smart kid would probably use his God powers better than Bruce.
[Text=No CharacterOffsetBegin=1859 CharacterOffsetEnd=1861 PartOfSpeech=DT] [Text=, CharacterOffsetBegin=1861 CharacterOffsetEnd=1862 PartOfSpeech=,] [Text=wait CharacterOffsetBegin=1863 CharacterOffsetEnd=1867 PartOfSpeech=VB] [Text=, CharacterOffsetBegin=1867 CharacterOffsetEnd=1868 PartOfSpeech=,] [Text=a CharacterOffsetBegin=1869 CharacterOffsetEnd=1870 PartOfSpeech=DT] [Text=smart CharacterOffsetBegin=1871 CharacterOffsetEnd=1876 PartOfSpeech=JJ] [Text=kid CharacterOffsetBegin=1877 CharacterOffsetEnd=1880 PartOfSpeech=NN] [Text=would CharacterOffsetBegin=1881 CharacterOffsetEnd=1886 PartOfSpeech=MD] [Text=probably CharacterOffsetBegin=1887 CharacterOffsetEnd=1895 PartOfSpeech=RB] [Text=use CharacterOffsetBegin=1896 CharacterOffsetEnd=1899 PartOfSpeech=VB] [Text=his CharacterOffsetBegin=1900 CharacterOffsetEnd=1903 PartOfSpeech=PRP$] [Text=God CharacterOffsetBegin=1904 CharacterOffsetEnd=1907 PartOfSpeech=NNP] [Text=powers CharacterOffsetBegin=1908 CharacterOffsetEnd=1914 PartOfSpeech=NNS] [Text=better CharacterOffsetBegin=1915 CharacterOffsetEnd=1921 PartOfSpeech=JJR] [Text=than CharacterOffsetBegin=1922 CharacterOffsetEnd=1926 PartOfSpeech=IN] [Text=Bruce CharacterOffsetBegin=1927 CharacterOffsetEnd=1932 PartOfSpeech=NNP] [Text=. CharacterOffsetBegin=1932 CharacterOffsetEnd=1933 PartOfSpeech=.] 
root(ROOT-0, use-10)
dep(use-10, No-1)
punct(No-1, ,-2)
conj(No-1, wait-3)
punct(No-1, ,-4)
det(kid-7, a-5)
amod(kid-7, smart-6)
nsubj(use-10, kid-7)
aux(use-10, would-8)
advmod(use-10, probably-9)
poss(powers-13, his-11)
nn(powers-13, God-12)
dobj(use-10, powers-13)
advmod(use-10, better-14)
prep(better-14, than-15)
pobj(than-15, Bruce-16)
punct(use-10, .-17)

Sentence #19 (5 tokens):
What does Bruce do?
[Text=What CharacterOffsetBegin=1938 CharacterOffsetEnd=1942 PartOfSpeech=WP] [Text=does CharacterOffsetBegin=1943 CharacterOffsetEnd=1947 PartOfSpeech=VBZ] [Text=Bruce CharacterOffsetBegin=1948 CharacterOffsetEnd=1953 PartOfSpeech=NNP] [Text=do CharacterOffsetBegin=1954 CharacterOffsetEnd=1956 PartOfSpeech=VB] [Text=? CharacterOffsetBegin=1956 CharacterOffsetEnd=1957 PartOfSpeech=.] 
root(ROOT-0, do-4)
dobj(do-4, What-1)
aux(do-4, does-2)
nsubj(do-4, Bruce-3)
punct(do-4, ?-5)

Sentence #20 (39 tokens):
Pulls the moon closer to earth to create romantic atmosphere, parts the red soup, lifts up a pretty woman's dress on the street, answers prayers via e-mail and make all of them come true!!!!
[Text=Pulls CharacterOffsetBegin=1962 CharacterOffsetEnd=1967 PartOfSpeech=VBZ] [Text=the CharacterOffsetBegin=1968 CharacterOffsetEnd=1971 PartOfSpeech=DT] [Text=moon CharacterOffsetBegin=1972 CharacterOffsetEnd=1976 PartOfSpeech=NN] [Text=closer CharacterOffsetBegin=1977 CharacterOffsetEnd=1983 PartOfSpeech=RBR] [Text=to CharacterOffsetBegin=1984 CharacterOffsetEnd=1986 PartOfSpeech=TO] [Text=earth CharacterOffsetBegin=1987 CharacterOffsetEnd=1992 PartOfSpeech=NN] [Text=to CharacterOffsetBegin=1993 CharacterOffsetEnd=1995 PartOfSpeech=TO] [Text=create CharacterOffsetBegin=1996 CharacterOffsetEnd=2002 PartOfSpeech=VB] [Text=romantic CharacterOffsetBegin=2003 CharacterOffsetEnd=2011 PartOfSpeech=JJ] [Text=atmosphere CharacterOffsetBegin=2012 CharacterOffsetEnd=2022 PartOfSpeech=NN] [Text=, CharacterOffsetBegin=2022 CharacterOffsetEnd=2023 PartOfSpeech=,] [Text=parts CharacterOffsetBegin=2024 CharacterOffsetEnd=2029 PartOfSpeech=NNS] [Text=the CharacterOffsetBegin=2030 CharacterOffsetEnd=2033 PartOfSpeech=DT] [Text=red CharacterOffsetBegin=2034 CharacterOffsetEnd=2037 PartOfSpeech=JJ] [Text=soup CharacterOffsetBegin=2038 CharacterOffsetEnd=2042 PartOfSpeech=NN] [Text=, CharacterOffsetBegin=2042 CharacterOffsetEnd=2043 PartOfSpeech=,] [Text=lifts CharacterOffsetBegin=2044 CharacterOffsetEnd=2049 PartOfSpeech=VBZ] [Text=up CharacterOffsetBegin=2050 CharacterOffsetEnd=2052 PartOfSpeech=RP] [Text=a CharacterOffsetBegin=2053 CharacterOffsetEnd=2054 PartOfSpeech=DT] [Text=pretty CharacterOffsetBegin=2055 CharacterOffsetEnd=2061 PartOfSpeech=RB] [Text=woman CharacterOffsetBegin=2062 CharacterOffsetEnd=2067 PartOfSpeech=NN] [Text='s CharacterOffsetBegin=2067 CharacterOffsetEnd=2069 PartOfSpeech=POS] [Text=dress CharacterOffsetBegin=2070 CharacterOffsetEnd=2075 PartOfSpeech=NN] [Text=on CharacterOffsetBegin=2076 CharacterOffsetEnd=2078 PartOfSpeech=IN] [Text=the CharacterOffsetBegin=2079 CharacterOffsetEnd=2082 PartOfSpeech=DT] [Text=street CharacterOffsetBegin=2083 CharacterOffsetEnd=2089 PartOfSpeech=NN] [Text=, CharacterOffsetBegin=2089 CharacterOffsetEnd=2090 PartOfSpeech=,] [Text=answers CharacterOffsetBegin=2091 CharacterOffsetEnd=2098 PartOfSpeech=NNS] [Text=prayers CharacterOffsetBegin=2099 CharacterOffsetEnd=2106 PartOfSpeech=NNS] [Text=via CharacterOffsetBegin=2107 CharacterOffsetEnd=2110 PartOfSpeech=IN] [Text=e-mail CharacterOffsetBegin=2111 CharacterOffsetEnd=2117 PartOfSpeech=NN] [Text=and CharacterOffsetBegin=2118 CharacterOffsetEnd=2121 PartOfSpeech=CC] [Text=make CharacterOffsetBegin=2122 CharacterOffsetEnd=2126 PartOfSpeech=VB] [Text=all CharacterOffsetBegin=2127 CharacterOffsetEnd=2130 PartOfSpeech=DT] [Text=of CharacterOffsetBegin=2131 CharacterOffsetEnd=2133 PartOfSpeech=IN] [Text=them CharacterOffsetBegin=2134 CharacterOffsetEnd=2138 PartOfSpeech=PRP] [Text=come CharacterOffsetBegin=2139 CharacterOffsetEnd=2143 PartOfSpeech=VBP] [Text=true CharacterOffsetBegin=2144 CharacterOffsetEnd=2148 PartOfSpeech=JJ] [Text=!!!! CharacterOffsetBegin=2148 CharacterOffsetEnd=2152 PartOfSpeech=RB] 
root(ROOT-0, lifts-17)
partmod(lifts-17, Pulls-1)
det(moon-3, the-2)
dobj(Pulls-1, moon-3)
advmod(moon-3, closer-4)
prep(closer-4, to-5)
pobj(to-5, earth-6)
aux(create-8, to-7)
infmod(moon-3, create-8)
amod(atmosphere-10, romantic-9)
dobj(create-8, atmosphere-10)
punct(lifts-17, ,-11)
dep(lifts-17, parts-12)
det(soup-15, the-13)
amod(soup-15, red-14)
nsubj(lifts-17, soup-15)
punct(soup-15, ,-16)
prt(lifts-17, up-18)
det(woman-21, a-19)
amod(woman-21, pretty-20)
poss(dress-23, woman-21)
possessive(woman-21, 's-22)
dobj(lifts-17, dress-23)
prep(dress-23, on-24)
det(street-26, the-25)
pobj(on-24, street-26)
punct(lifts-17, ,-27)
conj(lifts-17, answers-28)
dep(answers-28, prayers-29)
prep(prayers-29, via-30)
pobj(via-30, e-mail-31)
cc(lifts-17, and-32)
conj(lifts-17, make-33)
nsubj(come-37, all-34)
prep(all-34, of-35)
pobj(of-35, them-36)
ccomp(make-33, come-37)
amod(!!!!-39, true-38)
advmod(come-37, !!!!-39)

Sentence #21 (7 tokens):
No more, Bruce, please!
[Text=No CharacterOffsetBegin=2157 CharacterOffsetEnd=2159 PartOfSpeech=DT] [Text=more CharacterOffsetBegin=2160 CharacterOffsetEnd=2164 PartOfSpeech=RBR] [Text=, CharacterOffsetBegin=2164 CharacterOffsetEnd=2165 PartOfSpeech=,] [Text=Bruce CharacterOffsetBegin=2166 CharacterOffsetEnd=2171 PartOfSpeech=NNP] [Text=, CharacterOffsetBegin=2171 CharacterOffsetEnd=2172 PartOfSpeech=,] [Text=please CharacterOffsetBegin=2173 CharacterOffsetEnd=2179 PartOfSpeech=VB] [Text=! CharacterOffsetBegin=2179 CharacterOffsetEnd=2180 PartOfSpeech=.] 
root(ROOT-0, please-6)
dep(more-2, No-1)
advmod(please-6, more-2)
punct(please-6, ,-3)
nsubj(please-6, Bruce-4)
punct(Bruce-4, ,-5)
punct(please-6, !-7)

Sentence #22 (39 tokens):
What Bruce did could actually end the world, but in the movie, that doesn't happen, because this is "nice, family, little movie" and doesn't make any sense at all!!!
[Text=What CharacterOffsetBegin=2185 CharacterOffsetEnd=2189 PartOfSpeech=WDT] [Text=Bruce CharacterOffsetBegin=2190 CharacterOffsetEnd=2195 PartOfSpeech=NNP] [Text=did CharacterOffsetBegin=2196 CharacterOffsetEnd=2199 PartOfSpeech=VBD] [Text=could CharacterOffsetBegin=2200 CharacterOffsetEnd=2205 PartOfSpeech=MD] [Text=actually CharacterOffsetBegin=2206 CharacterOffsetEnd=2214 PartOfSpeech=RB] [Text=end CharacterOffsetBegin=2215 CharacterOffsetEnd=2218 PartOfSpeech=VB] [Text=the CharacterOffsetBegin=2219 CharacterOffsetEnd=2222 PartOfSpeech=DT] [Text=world CharacterOffsetBegin=2223 CharacterOffsetEnd=2228 PartOfSpeech=NN] [Text=, CharacterOffsetBegin=2228 CharacterOffsetEnd=2229 PartOfSpeech=,] [Text=but CharacterOffsetBegin=2230 CharacterOffsetEnd=2233 PartOfSpeech=CC] [Text=in CharacterOffsetBegin=2234 CharacterOffsetEnd=2236 PartOfSpeech=IN] [Text=the CharacterOffsetBegin=2237 CharacterOffsetEnd=2240 PartOfSpeech=DT] [Text=movie CharacterOffsetBegin=2241 CharacterOffsetEnd=2246 PartOfSpeech=NN] [Text=, CharacterOffsetBegin=2246 CharacterOffsetEnd=2247 PartOfSpeech=,] [Text=that CharacterOffsetBegin=2248 CharacterOffsetEnd=2252 PartOfSpeech=WDT] [Text=does CharacterOffsetBegin=2253 CharacterOffsetEnd=2257 PartOfSpeech=VBZ] [Text=n't CharacterOffsetBegin=2257 CharacterOffsetEnd=2260 PartOfSpeech=RB] [Text=happen CharacterOffsetBegin=2261 CharacterOffsetEnd=2267 PartOfSpeech=VB] [Text=, CharacterOffsetBegin=2267 CharacterOffsetEnd=2268 PartOfSpeech=,] [Text=because CharacterOffsetBegin=2269 CharacterOffsetEnd=2276 PartOfSpeech=IN] [Text=this CharacterOffsetBegin=2277 CharacterOffsetEnd=2281 PartOfSpeech=DT] [Text=is CharacterOffsetBegin=2282 CharacterOffsetEnd=2284 PartOfSpeech=VBZ] [Text=`` CharacterOffsetBegin=2285 CharacterOffsetEnd=2286 PartOfSpeech=``] [Text=nice CharacterOffsetBegin=2286 CharacterOffsetEnd=2290 PartOfSpeech=JJ] [Text=, CharacterOffsetBegin=2290 CharacterOffsetEnd=2291 PartOfSpeech=,] [Text=family CharacterOffsetBegin=2292 CharacterOffsetEnd=2298 PartOfSpeech=NN] [Text=, CharacterOffsetBegin=2298 CharacterOffsetEnd=2299 PartOfSpeech=,] [Text=little CharacterOffsetBegin=2300 CharacterOffsetEnd=2306 PartOfSpeech=JJ] [Text=movie CharacterOffsetBegin=2307 CharacterOffsetEnd=2312 PartOfSpeech=NN] [Text='' CharacterOffsetBegin=2312 CharacterOffsetEnd=2313 PartOfSpeech=''] [Text=and CharacterOffsetBegin=2314 CharacterOffsetEnd=2317 PartOfSpeech=CC] [Text=does CharacterOffsetBegin=2318 CharacterOffsetEnd=2322 PartOfSpeech=VBZ] [Text=n't CharacterOffsetBegin=2322 CharacterOffsetEnd=2325 PartOfSpeech=RB] [Text=make CharacterOffsetBegin=2326 CharacterOffsetEnd=2330 PartOfSpeech=VB] [Text=any CharacterOffsetBegin=2331 CharacterOffsetEnd=2334 PartOfSpeech=DT] [Text=sense CharacterOffsetBegin=2335 CharacterOffsetEnd=2340 PartOfSpeech=NN] [Text=at CharacterOffsetBegin=2341 CharacterOffsetEnd=2343 PartOfSpeech=IN] [Text=all CharacterOffsetBegin=2344 CharacterOffsetEnd=2347 PartOfSpeech=DT] [Text=!!! CharacterOffsetBegin=2347 CharacterOffsetEnd=2350 PartOfSpeech=CD] 
root(ROOT-0, end-6)
dep(did-3, What-1)
nn(did-3, Bruce-2)
aux(end-6, did-3)
aux(end-6, could-4)
advmod(end-6, actually-5)
det(world-8, the-7)
dobj(end-6, world-8)
punct(end-6, ,-9)
cc(end-6, but-10)
prep(happen-18, in-11)
det(movie-13, the-12)
pobj(in-11, movie-13)
punct(happen-18, ,-14)
nsubj(happen-18, that-15)
aux(happen-18, does-16)
neg(happen-18, n't-17)
conj(end-6, happen-18)
punct(happen-18, ,-19)
mark(nice-24, because-20)
nsubj(nice-24, this-21)
cop(nice-24, is-22)
punct(nice-24, ``-23)
advcl(happen-18, nice-24)
punct(happen-18, ,-25)
conj(happen-18, family-26)
punct(family-26, ,-27)
amod(movie-29, little-28)
conj(family-26, movie-29)
punct(family-26, ''-30)
cc(happen-18, and-31)
aux(make-34, does-32)
neg(make-34, n't-33)
conj(happen-18, make-34)
det(sense-36, any-35)
dobj(make-34, sense-36)
prep(make-34, at-37)
det(!!!-39, all-38)
pobj(at-37, !!!-39)

Sentence #23 (20 tokens):
Not a hint of sarcasm, of real humor, of wittiness, of some dirty humor at least!!!
[Text=Not CharacterOffsetBegin=2355 CharacterOffsetEnd=2358 PartOfSpeech=RB] [Text=a CharacterOffsetBegin=2359 CharacterOffsetEnd=2360 PartOfSpeech=DT] [Text=hint CharacterOffsetBegin=2361 CharacterOffsetEnd=2365 PartOfSpeech=NN] [Text=of CharacterOffsetBegin=2366 CharacterOffsetEnd=2368 PartOfSpeech=IN] [Text=sarcasm CharacterOffsetBegin=2369 CharacterOffsetEnd=2376 PartOfSpeech=NN] [Text=, CharacterOffsetBegin=2376 CharacterOffsetEnd=2377 PartOfSpeech=,] [Text=of CharacterOffsetBegin=2378 CharacterOffsetEnd=2380 PartOfSpeech=IN] [Text=real CharacterOffsetBegin=2381 CharacterOffsetEnd=2385 PartOfSpeech=JJ] [Text=humor CharacterOffsetBegin=2386 CharacterOffsetEnd=2391 PartOfSpeech=NN] [Text=, CharacterOffsetBegin=2391 CharacterOffsetEnd=2392 PartOfSpeech=,] [Text=of CharacterOffsetBegin=2393 CharacterOffsetEnd=2395 PartOfSpeech=IN] [Text=wittiness CharacterOffsetBegin=2396 CharacterOffsetEnd=2405 PartOfSpeech=NN] [Text=, CharacterOffsetBegin=2405 CharacterOffsetEnd=2406 PartOfSpeech=,] [Text=of CharacterOffsetBegin=2407 CharacterOffsetEnd=2409 PartOfSpeech=IN] [Text=some CharacterOffsetBegin=2410 CharacterOffsetEnd=2414 PartOfSpeech=DT] [Text=dirty CharacterOffsetBegin=2415 CharacterOffsetEnd=2420 PartOfSpeech=JJ] [Text=humor CharacterOffsetBegin=2421 CharacterOffsetEnd=2426 PartOfSpeech=NN] [Text=at CharacterOffsetBegin=2427 CharacterOffsetEnd=2429 PartOfSpeech=IN] [Text=least CharacterOffsetBegin=2430 CharacterOffsetEnd=2435 PartOfSpeech=JJS] [Text=!!! CharacterOffsetBegin=2435 CharacterOffsetEnd=2438 PartOfSpeech=CD] 
root(ROOT-0, hint-3)
neg(hint-3, Not-1)
det(hint-3, a-2)
prep(hint-3, of-4)
pobj(of-4, sarcasm-5)
punct(sarcasm-5, ,-6)
prep(sarcasm-5, of-7)
amod(humor-9, real-8)
pobj(of-7, humor-9)
punct(sarcasm-5, ,-10)
prep(sarcasm-5, of-11)
pobj(of-11, wittiness-12)
punct(sarcasm-5, ,-13)
prep(sarcasm-5, of-14)
det(humor-17, some-15)
amod(humor-17, dirty-16)
pobj(of-14, humor-17)
quantmod(!!!-20, at-18)
mwe(at-18, least-19)
dep(sarcasm-5, !!!-20)

Sentence #24 (2 tokens):
Nothing.
[Text=Nothing CharacterOffsetBegin=2443 CharacterOffsetEnd=2450 PartOfSpeech=NN] [Text=. CharacterOffsetBegin=2450 CharacterOffsetEnd=2451 PartOfSpeech=.] 
root(ROOT-0, Nothing-1)
punct(Nothing-1, .-2)

Sentence #25 (16 tokens):
Just Carrey playing silly, which is starting to look pathetic on middle aged actor.
[Text=Just CharacterOffsetBegin=2456 CharacterOffsetEnd=2460 PartOfSpeech=RB] [Text=Carrey CharacterOffsetBegin=2461 CharacterOffsetEnd=2467 PartOfSpeech=NNP] [Text=playing CharacterOffsetBegin=2468 CharacterOffsetEnd=2475 PartOfSpeech=VBG] [Text=silly CharacterOffsetBegin=2476 CharacterOffsetEnd=2481 PartOfSpeech=RB] [Text=, CharacterOffsetBegin=2481 CharacterOffsetEnd=2482 PartOfSpeech=,] [Text=which CharacterOffsetBegin=2483 CharacterOffsetEnd=2488 PartOfSpeech=WDT] [Text=is CharacterOffsetBegin=2489 CharacterOffsetEnd=2491 PartOfSpeech=VBZ] [Text=starting CharacterOffsetBegin=2492 CharacterOffsetEnd=2500 PartOfSpeech=VBG] [Text=to CharacterOffsetBegin=2501 CharacterOffsetEnd=2503 PartOfSpeech=TO] [Text=look CharacterOffsetBegin=2504 CharacterOffsetEnd=2508 PartOfSpeech=VB] [Text=pathetic CharacterOffsetBegin=2509 CharacterOffsetEnd=2517 PartOfSpeech=JJ] [Text=on CharacterOffsetBegin=2518 CharacterOffsetEnd=2520 PartOfSpeech=IN] [Text=middle CharacterOffsetBegin=2521 CharacterOffsetEnd=2527 PartOfSpeech=JJ] [Text=aged CharacterOffsetBegin=2528 CharacterOffsetEnd=2532 PartOfSpeech=JJ] [Text=actor CharacterOffsetBegin=2533 CharacterOffsetEnd=2538 PartOfSpeech=NN] [Text=. CharacterOffsetBegin=2538 CharacterOffsetEnd=2539 PartOfSpeech=.] 
root(ROOT-0, Carrey-2)
advmod(Carrey-2, Just-1)
partmod(Carrey-2, playing-3)
advmod(playing-3, silly-4)
punct(Carrey-2, ,-5)
nsubj(starting-8, which-6)
aux(starting-8, is-7)
rcmod(Carrey-2, starting-8)
aux(look-10, to-9)
xcomp(starting-8, look-10)
acomp(look-10, pathetic-11)
prep(look-10, on-12)
amod(actor-15, middle-13)
amod(actor-15, aged-14)
pobj(on-12, actor-15)
punct(Carrey-2, .-16)

Sentence #26 (5 tokens):
Aniston here is understated.
[Text=Aniston CharacterOffsetBegin=2544 CharacterOffsetEnd=2551 PartOfSpeech=NNP] [Text=here CharacterOffsetBegin=2552 CharacterOffsetEnd=2556 PartOfSpeech=RB] [Text=is CharacterOffsetBegin=2557 CharacterOffsetEnd=2559 PartOfSpeech=VBZ] [Text=understated CharacterOffsetBegin=2560 CharacterOffsetEnd=2571 PartOfSpeech=VBN] [Text=. CharacterOffsetBegin=2571 CharacterOffsetEnd=2572 PartOfSpeech=.] 
root(ROOT-0, understated-4)
nsubjpass(understated-4, Aniston-1)
advmod(Aniston-1, here-2)
auxpass(understated-4, is-3)
punct(understated-4, .-5)

Sentence #27 (20 tokens):
She plays pale, undeveloped character of Bruce's girlfriend Grace, and stays completely forgettable in this movie.
[Text=She CharacterOffsetBegin=2577 CharacterOffsetEnd=2580 PartOfSpeech=PRP] [Text=plays CharacterOffsetBegin=2581 CharacterOffsetEnd=2586 PartOfSpeech=VBZ] [Text=pale CharacterOffsetBegin=2587 CharacterOffsetEnd=2591 PartOfSpeech=JJ] [Text=, CharacterOffsetBegin=2591 CharacterOffsetEnd=2592 PartOfSpeech=,] [Text=undeveloped CharacterOffsetBegin=2593 CharacterOffsetEnd=2604 PartOfSpeech=JJ] [Text=character CharacterOffsetBegin=2605 CharacterOffsetEnd=2614 PartOfSpeech=NN] [Text=of CharacterOffsetBegin=2615 CharacterOffsetEnd=2617 PartOfSpeech=IN] [Text=Bruce CharacterOffsetBegin=2618 CharacterOffsetEnd=2623 PartOfSpeech=NNP] [Text='s CharacterOffsetBegin=2623 CharacterOffsetEnd=2625 PartOfSpeech=POS] [Text=girlfriend CharacterOffsetBegin=2626 CharacterOffsetEnd=2636 PartOfSpeech=NN] [Text=Grace CharacterOffsetBegin=2637 CharacterOffsetEnd=2642 PartOfSpeech=NN] [Text=, CharacterOffsetBegin=2642 CharacterOffsetEnd=2643 PartOfSpeech=,] [Text=and CharacterOffsetBegin=2644 CharacterOffsetEnd=2647 PartOfSpeech=CC] [Text=stays CharacterOffsetBegin=2648 CharacterOffsetEnd=2653 PartOfSpeech=VBZ] [Text=completely CharacterOffsetBegin=2654 CharacterOffsetEnd=2664 PartOfSpeech=RB] [Text=forgettable CharacterOffsetBegin=2665 CharacterOffsetEnd=2676 PartOfSpeech=JJ] [Text=in CharacterOffsetBegin=2677 CharacterOffsetEnd=2679 PartOfSpeech=IN] [Text=this CharacterOffsetBegin=2680 CharacterOffsetEnd=2684 PartOfSpeech=DT] [Text=movie CharacterOffsetBegin=2685 CharacterOffsetEnd=2690 PartOfSpeech=NN] [Text=. CharacterOffsetBegin=2690 CharacterOffsetEnd=2691 PartOfSpeech=.] 
root(ROOT-0, plays-2)
nsubj(plays-2, She-1)
dobj(plays-2, pale-3)
punct(pale-3, ,-4)
amod(character-6, undeveloped-5)
conj(pale-3, character-6)
prep(character-6, of-7)
poss(Grace-11, Bruce-8)
possessive(Bruce-8, 's-9)
nn(Grace-11, girlfriend-10)
pobj(of-7, Grace-11)
punct(plays-2, ,-12)
cc(plays-2, and-13)
cop(forgettable-16, stays-14)
advmod(forgettable-16, completely-15)
conj(plays-2, forgettable-16)
prep(forgettable-16, in-17)
det(movie-19, this-18)
pobj(in-17, movie-19)
punct(plays-2, .-20)

Sentence #28 (18 tokens):
Nobody in the right mind would believe that this two have any chemistry at all between them.
[Text=Nobody CharacterOffsetBegin=2696 CharacterOffsetEnd=2702 PartOfSpeech=NN] [Text=in CharacterOffsetBegin=2703 CharacterOffsetEnd=2705 PartOfSpeech=IN] [Text=the CharacterOffsetBegin=2706 CharacterOffsetEnd=2709 PartOfSpeech=DT] [Text=right CharacterOffsetBegin=2710 CharacterOffsetEnd=2715 PartOfSpeech=JJ] [Text=mind CharacterOffsetBegin=2716 CharacterOffsetEnd=2720 PartOfSpeech=NN] [Text=would CharacterOffsetBegin=2721 CharacterOffsetEnd=2726 PartOfSpeech=MD] [Text=believe CharacterOffsetBegin=2727 CharacterOffsetEnd=2734 PartOfSpeech=VB] [Text=that CharacterOffsetBegin=2735 CharacterOffsetEnd=2739 PartOfSpeech=IN] [Text=this CharacterOffsetBegin=2740 CharacterOffsetEnd=2744 PartOfSpeech=DT] [Text=two CharacterOffsetBegin=2745 CharacterOffsetEnd=2748 PartOfSpeech=CD] [Text=have CharacterOffsetBegin=2749 CharacterOffsetEnd=2753 PartOfSpeech=VBP] [Text=any CharacterOffsetBegin=2754 CharacterOffsetEnd=2757 PartOfSpeech=DT] [Text=chemistry CharacterOffsetBegin=2758 CharacterOffsetEnd=2767 PartOfSpeech=NN] [Text=at CharacterOffsetBegin=2768 CharacterOffsetEnd=2770 PartOfSpeech=IN] [Text=all CharacterOffsetBegin=2771 CharacterOffsetEnd=2774 PartOfSpeech=DT] [Text=between CharacterOffsetBegin=2775 CharacterOffsetEnd=2782 PartOfSpeech=IN] [Text=them CharacterOffsetBegin=2783 CharacterOffsetEnd=2787 PartOfSpeech=PRP] [Text=. CharacterOffsetBegin=2787 CharacterOffsetEnd=2788 PartOfSpeech=.] 
root(ROOT-0, believe-7)
nsubj(believe-7, Nobody-1)
prep(Nobody-1, in-2)
det(mind-5, the-3)
amod(mind-5, right-4)
pobj(in-2, mind-5)
aux(believe-7, would-6)
mark(have-11, that-8)
det(two-10, this-9)
nsubj(have-11, two-10)
ccomp(believe-7, have-11)
det(chemistry-13, any-12)
dobj(have-11, chemistry-13)
advmod(have-11, at-14)
pobj(at-14, all-15)
prep(all-15, between-16)
pobj(between-16, them-17)
punct(believe-7, .-18)

Sentence #29 (18 tokens):
When Grace says prayer for Bruce it sounds not only lame and pathetic, but completely false.
[Text=When CharacterOffsetBegin=2793 CharacterOffsetEnd=2797 PartOfSpeech=WRB] [Text=Grace CharacterOffsetBegin=2798 CharacterOffsetEnd=2803 PartOfSpeech=NNP] [Text=says CharacterOffsetBegin=2804 CharacterOffsetEnd=2808 PartOfSpeech=VBZ] [Text=prayer CharacterOffsetBegin=2809 CharacterOffsetEnd=2815 PartOfSpeech=NN] [Text=for CharacterOffsetBegin=2816 CharacterOffsetEnd=2819 PartOfSpeech=IN] [Text=Bruce CharacterOffsetBegin=2820 CharacterOffsetEnd=2825 PartOfSpeech=NNP] [Text=it CharacterOffsetBegin=2826 CharacterOffsetEnd=2828 PartOfSpeech=PRP] [Text=sounds CharacterOffsetBegin=2829 CharacterOffsetEnd=2835 PartOfSpeech=VBZ] [Text=not CharacterOffsetBegin=2836 CharacterOffsetEnd=2839 PartOfSpeech=RB] [Text=only CharacterOffsetBegin=2840 CharacterOffsetEnd=2844 PartOfSpeech=RB] [Text=lame CharacterOffsetBegin=2845 CharacterOffsetEnd=2849 PartOfSpeech=JJ] [Text=and CharacterOffsetBegin=2850 CharacterOffsetEnd=2853 PartOfSpeech=CC] [Text=pathetic CharacterOffsetBegin=2854 CharacterOffsetEnd=2862 PartOfSpeech=JJ] [Text=, CharacterOffsetBegin=2862 CharacterOffsetEnd=2863 PartOfSpeech=,] [Text=but CharacterOffsetBegin=2864 CharacterOffsetEnd=2867 PartOfSpeech=CC] [Text=completely CharacterOffsetBegin=2868 CharacterOffsetEnd=2878 PartOfSpeech=RB] [Text=false CharacterOffsetBegin=2879 CharacterOffsetEnd=2884 PartOfSpeech=JJ] [Text=. CharacterOffsetBegin=2884 CharacterOffsetEnd=2885 PartOfSpeech=.] 
root(ROOT-0, says-3)
advmod(says-3, When-1)
nsubj(says-3, Grace-2)
ccomp(says-3, prayer-4)
prep(prayer-4, for-5)
nn(sounds-8, Bruce-6)
nsubj(sounds-8, it-7)
pobj(for-5, sounds-8)
neg(lame-11, not-9)
advmod(lame-11, only-10)
dep(sounds-8, lame-11)
cc(lame-11, and-12)
conj(lame-11, pathetic-13)
punct(lame-11, ,-14)
cc(lame-11, but-15)
advmod(false-17, completely-16)
conj(lame-11, false-17)
punct(says-3, .-18)

Sentence #30 (9 tokens):
These two are not meant to be together.
[Text=These CharacterOffsetBegin=2890 CharacterOffsetEnd=2895 PartOfSpeech=DT] [Text=two CharacterOffsetBegin=2896 CharacterOffsetEnd=2899 PartOfSpeech=CD] [Text=are CharacterOffsetBegin=2900 CharacterOffsetEnd=2903 PartOfSpeech=VBP] [Text=not CharacterOffsetBegin=2904 CharacterOffsetEnd=2907 PartOfSpeech=RB] [Text=meant CharacterOffsetBegin=2908 CharacterOffsetEnd=2913 PartOfSpeech=VBN] [Text=to CharacterOffsetBegin=2914 CharacterOffsetEnd=2916 PartOfSpeech=TO] [Text=be CharacterOffsetBegin=2917 CharacterOffsetEnd=2919 PartOfSpeech=VB] [Text=together CharacterOffsetBegin=2920 CharacterOffsetEnd=2928 PartOfSpeech=RB] [Text=. CharacterOffsetBegin=2928 CharacterOffsetEnd=2929 PartOfSpeech=.] 
root(ROOT-0, meant-5)
det(two-2, These-1)
nsubjpass(meant-5, two-2)
auxpass(meant-5, are-3)
neg(meant-5, not-4)
aux(be-7, to-6)
xcomp(meant-5, be-7)
advmod(be-7, together-8)
punct(meant-5, .-9)

Sentence #31 (14 tokens):
I would give three stars, but I doubt movie deserves a one.
[Text=I CharacterOffsetBegin=2934 CharacterOffsetEnd=2935 PartOfSpeech=PRP] [Text=would CharacterOffsetBegin=2936 CharacterOffsetEnd=2941 PartOfSpeech=MD] [Text=give CharacterOffsetBegin=2942 CharacterOffsetEnd=2946 PartOfSpeech=VB] [Text=three CharacterOffsetBegin=2947 CharacterOffsetEnd=2952 PartOfSpeech=CD] [Text=stars CharacterOffsetBegin=2953 CharacterOffsetEnd=2958 PartOfSpeech=NNS] [Text=, CharacterOffsetBegin=2958 CharacterOffsetEnd=2959 PartOfSpeech=,] [Text=but CharacterOffsetBegin=2960 CharacterOffsetEnd=2963 PartOfSpeech=CC] [Text=I CharacterOffsetBegin=2964 CharacterOffsetEnd=2965 PartOfSpeech=PRP] [Text=doubt CharacterOffsetBegin=2966 CharacterOffsetEnd=2971 PartOfSpeech=VBP] [Text=movie CharacterOffsetBegin=2972 CharacterOffsetEnd=2977 PartOfSpeech=NN] [Text=deserves CharacterOffsetBegin=2978 CharacterOffsetEnd=2986 PartOfSpeech=VBZ] [Text=a CharacterOffsetBegin=2987 CharacterOffsetEnd=2988 PartOfSpeech=DT] [Text=one CharacterOffsetBegin=2989 CharacterOffsetEnd=2992 PartOfSpeech=CD] [Text=. CharacterOffsetBegin=2992 CharacterOffsetEnd=2993 PartOfSpeech=.] 
root(ROOT-0, give-3)
nsubj(give-3, I-1)
aux(give-3, would-2)
num(stars-5, three-4)
dobj(give-3, stars-5)
punct(give-3, ,-6)
cc(give-3, but-7)
nsubj(doubt-9, I-8)
conj(give-3, doubt-9)
nsubj(deserves-11, movie-10)
ccomp(doubt-9, deserves-11)
det(one-13, a-12)
dobj(deserves-11, one-13)
punct(give-3, .-14)

Sentence #32 (45 tokens):
Bad script, lame dialogs, lack of real humor, wittiness and any sophistication, as well as undeveloped characters and understated Freeman's and Aniston's roles, total lack of boldness and sarcasm, it all makes movie hardly worth ***.
[Text=Bad CharacterOffsetBegin=2998 CharacterOffsetEnd=3001 PartOfSpeech=JJ] [Text=script CharacterOffsetBegin=3002 CharacterOffsetEnd=3008 PartOfSpeech=NN] [Text=, CharacterOffsetBegin=3008 CharacterOffsetEnd=3009 PartOfSpeech=,] [Text=lame CharacterOffsetBegin=3010 CharacterOffsetEnd=3014 PartOfSpeech=JJ] [Text=dialogs CharacterOffsetBegin=3015 CharacterOffsetEnd=3022 PartOfSpeech=NNS] [Text=, CharacterOffsetBegin=3022 CharacterOffsetEnd=3023 PartOfSpeech=,] [Text=lack CharacterOffsetBegin=3024 CharacterOffsetEnd=3028 PartOfSpeech=NN] [Text=of CharacterOffsetBegin=3029 CharacterOffsetEnd=3031 PartOfSpeech=IN] [Text=real CharacterOffsetBegin=3032 CharacterOffsetEnd=3036 PartOfSpeech=JJ] [Text=humor CharacterOffsetBegin=3037 CharacterOffsetEnd=3042 PartOfSpeech=NN] [Text=, CharacterOffsetBegin=3042 CharacterOffsetEnd=3043 PartOfSpeech=,] [Text=wittiness CharacterOffsetBegin=3044 CharacterOffsetEnd=3053 PartOfSpeech=NN] [Text=and CharacterOffsetBegin=3054 CharacterOffsetEnd=3057 PartOfSpeech=CC] [Text=any CharacterOffsetBegin=3058 CharacterOffsetEnd=3061 PartOfSpeech=DT] [Text=sophistication CharacterOffsetBegin=3062 CharacterOffsetEnd=3076 PartOfSpeech=NN] [Text=, CharacterOffsetBegin=3076 CharacterOffsetEnd=3077 PartOfSpeech=,] [Text=as CharacterOffsetBegin=3078 CharacterOffsetEnd=3080 PartOfSpeech=RB] [Text=well CharacterOffsetBegin=3081 CharacterOffsetEnd=3085 PartOfSpeech=RB] [Text=as CharacterOffsetBegin=3086 CharacterOffsetEnd=3088 PartOfSpeech=IN] [Text=undeveloped CharacterOffsetBegin=3089 CharacterOffsetEnd=3100 PartOfSpeech=JJ] [Text=characters CharacterOffsetBegin=3101 CharacterOffsetEnd=3111 PartOfSpeech=NNS] [Text=and CharacterOffsetBegin=3112 CharacterOffsetEnd=3115 PartOfSpeech=CC] [Text=understated CharacterOffsetBegin=3116 CharacterOffsetEnd=3127 PartOfSpeech=VBD] [Text=Freeman CharacterOffsetBegin=3128 CharacterOffsetEnd=3135 PartOfSpeech=NNP] [Text='s CharacterOffsetBegin=3135 CharacterOffsetEnd=3137 PartOfSpeech=POS] [Text=and CharacterOffsetBegin=3138 CharacterOffsetEnd=3141 PartOfSpeech=CC] [Text=Aniston CharacterOffsetBegin=3142 CharacterOffsetEnd=3149 PartOfSpeech=NNP] [Text='s CharacterOffsetBegin=3149 CharacterOffsetEnd=3151 PartOfSpeech=POS] [Text=roles CharacterOffsetBegin=3152 CharacterOffsetEnd=3157 PartOfSpeech=NNS] [Text=, CharacterOffsetBegin=3157 CharacterOffsetEnd=3158 PartOfSpeech=,] [Text=total CharacterOffsetBegin=3159 CharacterOffsetEnd=3164 PartOfSpeech=JJ] [Text=lack CharacterOffsetBegin=3165 CharacterOffsetEnd=3169 PartOfSpeech=NN] [Text=of CharacterOffsetBegin=3170 CharacterOffsetEnd=3172 PartOfSpeech=IN] [Text=boldness CharacterOffsetBegin=3173 CharacterOffsetEnd=3181 PartOfSpeech=NN] [Text=and CharacterOffsetBegin=3182 CharacterOffsetEnd=3185 PartOfSpeech=CC] [Text=sarcasm CharacterOffsetBegin=3186 CharacterOffsetEnd=3193 PartOfSpeech=NN] [Text=, CharacterOffsetBegin=3193 CharacterOffsetEnd=3194 PartOfSpeech=,] [Text=it CharacterOffsetBegin=3195 CharacterOffsetEnd=3197 PartOfSpeech=PRP] [Text=all CharacterOffsetBegin=3198 CharacterOffsetEnd=3201 PartOfSpeech=DT] [Text=makes CharacterOffsetBegin=3202 CharacterOffsetEnd=3207 PartOfSpeech=VBZ] [Text=movie CharacterOffsetBegin=3208 CharacterOffsetEnd=3213 PartOfSpeech=NN] [Text=hardly CharacterOffsetBegin=3214 CharacterOffsetEnd=3220 PartOfSpeech=RB] [Text=worth CharacterOffsetBegin=3221 CharacterOffsetEnd=3226 PartOfSpeech=JJ] [Text=*** CharacterOffsetBegin=3227 CharacterOffsetEnd=3230 PartOfSpeech=NN] [Text=. CharacterOffsetBegin=3230 CharacterOffsetEnd=3231 PartOfSpeech=.] 
root(ROOT-0, script-2)
amod(script-2, Bad-1)
punct(script-2, ,-3)
amod(dialogs-5, lame-4)
appos(script-2, dialogs-5)
punct(script-2, ,-6)
appos(script-2, lack-7)
prep(lack-7, of-8)
amod(humor-10, real-9)
pobj(of-8, humor-10)
punct(humor-10, ,-11)
conj(humor-10, wittiness-12)
cc(humor-10, and-13)
det(sophistication-15, any-14)
conj(humor-10, sophistication-15)
punct(script-2, ,-16)
advmod(well-18, as-17)
cc(script-2, well-18)
mwe(well-18, as-19)
amod(characters-21, undeveloped-20)
conj(script-2, characters-21)
cc(script-2, and-22)
conj(script-2, understated-23)
dobj(understated-23, Freeman-24)
possessive(Freeman-24, 's-25)
cc(Freeman-24, and-26)
poss(roles-29, Aniston-27)
possessive(Aniston-27, 's-28)
conj(Freeman-24, roles-29)
punct(Freeman-24, ,-30)
amod(lack-32, total-31)
conj(Freeman-24, lack-32)
prep(lack-32, of-33)
pobj(of-33, boldness-34)
cc(boldness-34, and-35)
conj(boldness-34, sarcasm-36)
punct(Freeman-24, ,-37)
nsubj(makes-40, it-38)
dep(makes-40, all-39)
rcmod(Freeman-24, makes-40)
dobj(makes-40, movie-41)
advmod(worth-43, hardly-42)
amod(movie-41, worth-43)
dep(worth-43, ***-44)
punct(script-2, .-45)

Sentence #33 (26 tokens):
But OK, there were few funny moments, and Freeman is always nice to see in any movie so, lets leave three stars.
[Text=But CharacterOffsetBegin=3236 CharacterOffsetEnd=3239 PartOfSpeech=CC] [Text=OK CharacterOffsetBegin=3240 CharacterOffsetEnd=3242 PartOfSpeech=UH] [Text=, CharacterOffsetBegin=3242 CharacterOffsetEnd=3243 PartOfSpeech=,] [Text=there CharacterOffsetBegin=3244 CharacterOffsetEnd=3249 PartOfSpeech=EX] [Text=were CharacterOffsetBegin=3250 CharacterOffsetEnd=3254 PartOfSpeech=VBD] [Text=few CharacterOffsetBegin=3255 CharacterOffsetEnd=3258 PartOfSpeech=JJ] [Text=funny CharacterOffsetBegin=3259 CharacterOffsetEnd=3264 PartOfSpeech=JJ] [Text=moments CharacterOffsetBegin=3265 CharacterOffsetEnd=3272 PartOfSpeech=NNS] [Text=, CharacterOffsetBegin=3272 CharacterOffsetEnd=3273 PartOfSpeech=,] [Text=and CharacterOffsetBegin=3274 CharacterOffsetEnd=3277 PartOfSpeech=CC] [Text=Freeman CharacterOffsetBegin=3278 CharacterOffsetEnd=3285 PartOfSpeech=NNP] [Text=is CharacterOffsetBegin=3286 CharacterOffsetEnd=3288 PartOfSpeech=VBZ] [Text=always CharacterOffsetBegin=3289 CharacterOffsetEnd=3295 PartOfSpeech=RB] [Text=nice CharacterOffsetBegin=3296 CharacterOffsetEnd=3300 PartOfSpeech=JJ] [Text=to CharacterOffsetBegin=3301 CharacterOffsetEnd=3303 PartOfSpeech=TO] [Text=see CharacterOffsetBegin=3304 CharacterOffsetEnd=3307 PartOfSpeech=VB] [Text=in CharacterOffsetBegin=3308 CharacterOffsetEnd=3310 PartOfSpeech=IN] [Text=any CharacterOffsetBegin=3311 CharacterOffsetEnd=3314 PartOfSpeech=DT] [Text=movie CharacterOffsetBegin=3315 CharacterOffsetEnd=3320 PartOfSpeech=NN] [Text=so CharacterOffsetBegin=3321 CharacterOffsetEnd=3323 PartOfSpeech=RB] [Text=, CharacterOffsetBegin=3323 CharacterOffsetEnd=3324 PartOfSpeech=,] [Text=lets CharacterOffsetBegin=3325 CharacterOffsetEnd=3329 PartOfSpeech=VBZ] [Text=leave CharacterOffsetBegin=3330 CharacterOffsetEnd=3335 PartOfSpeech=NN] [Text=three CharacterOffsetBegin=3336 CharacterOffsetEnd=3341 PartOfSpeech=CD] [Text=stars CharacterOffsetBegin=3342 CharacterOffsetEnd=3347 PartOfSpeech=NNS] [Text=. CharacterOffsetBegin=3347 CharacterOffsetEnd=3348 PartOfSpeech=.] 
root(ROOT-0, were-5)
cc(were-5, But-1)
advmod(were-5, OK-2)
punct(were-5, ,-3)
expl(were-5, there-4)
amod(moments-8, few-6)
amod(moments-8, funny-7)
nsubj(were-5, moments-8)
punct(were-5, ,-9)
cc(were-5, and-10)
nsubj(nice-14, Freeman-11)
cop(nice-14, is-12)
advmod(nice-14, always-13)
conj(were-5, nice-14)
aux(see-16, to-15)
xcomp(nice-14, see-16)
prep(see-16, in-17)
det(movie-19, any-18)
pobj(in-17, movie-19)
advmod(see-16, so-20)
punct(were-5, ,-21)
aux(leave-23, lets-22)
conj(were-5, leave-23)
num(stars-25, three-24)
dobj(leave-23, stars-25)
punct(were-5, .-26)

