Sentence #1 (33 tokens):
I caught this movie on FX last night, and as I was sitting there watching it, it occurred to me that it could quite possibly be the worst movie ever.
[Text=I CharacterOffsetBegin=4 CharacterOffsetEnd=5 PartOfSpeech=PRP] [Text=caught CharacterOffsetBegin=6 CharacterOffsetEnd=12 PartOfSpeech=VBD] [Text=this CharacterOffsetBegin=13 CharacterOffsetEnd=17 PartOfSpeech=DT] [Text=movie CharacterOffsetBegin=18 CharacterOffsetEnd=23 PartOfSpeech=NN] [Text=on CharacterOffsetBegin=24 CharacterOffsetEnd=26 PartOfSpeech=IN] [Text=FX CharacterOffsetBegin=27 CharacterOffsetEnd=29 PartOfSpeech=NNP] [Text=last CharacterOffsetBegin=30 CharacterOffsetEnd=34 PartOfSpeech=JJ] [Text=night CharacterOffsetBegin=35 CharacterOffsetEnd=40 PartOfSpeech=NN] [Text=, CharacterOffsetBegin=40 CharacterOffsetEnd=41 PartOfSpeech=,] [Text=and CharacterOffsetBegin=42 CharacterOffsetEnd=45 PartOfSpeech=CC] [Text=as CharacterOffsetBegin=46 CharacterOffsetEnd=48 PartOfSpeech=IN] [Text=I CharacterOffsetBegin=49 CharacterOffsetEnd=50 PartOfSpeech=PRP] [Text=was CharacterOffsetBegin=51 CharacterOffsetEnd=54 PartOfSpeech=VBD] [Text=sitting CharacterOffsetBegin=55 CharacterOffsetEnd=62 PartOfSpeech=VBG] [Text=there CharacterOffsetBegin=63 CharacterOffsetEnd=68 PartOfSpeech=RB] [Text=watching CharacterOffsetBegin=69 CharacterOffsetEnd=77 PartOfSpeech=VBG] [Text=it CharacterOffsetBegin=78 CharacterOffsetEnd=80 PartOfSpeech=PRP] [Text=, CharacterOffsetBegin=80 CharacterOffsetEnd=81 PartOfSpeech=,] [Text=it CharacterOffsetBegin=82 CharacterOffsetEnd=84 PartOfSpeech=PRP] [Text=occurred CharacterOffsetBegin=85 CharacterOffsetEnd=93 PartOfSpeech=VBD] [Text=to CharacterOffsetBegin=94 CharacterOffsetEnd=96 PartOfSpeech=TO] [Text=me CharacterOffsetBegin=97 CharacterOffsetEnd=99 PartOfSpeech=PRP] [Text=that CharacterOffsetBegin=100 CharacterOffsetEnd=104 PartOfSpeech=IN] [Text=it CharacterOffsetBegin=105 CharacterOffsetEnd=107 PartOfSpeech=PRP] [Text=could CharacterOffsetBegin=108 CharacterOffsetEnd=113 PartOfSpeech=MD] [Text=quite CharacterOffsetBegin=114 CharacterOffsetEnd=119 PartOfSpeech=RB] [Text=possibly CharacterOffsetBegin=120 CharacterOffsetEnd=128 PartOfSpeech=RB] [Text=be CharacterOffsetBegin=129 CharacterOffsetEnd=131 PartOfSpeech=VB] [Text=the CharacterOffsetBegin=132 CharacterOffsetEnd=135 PartOfSpeech=DT] [Text=worst CharacterOffsetBegin=136 CharacterOffsetEnd=141 PartOfSpeech=JJS] [Text=movie CharacterOffsetBegin=142 CharacterOffsetEnd=147 PartOfSpeech=NN] [Text=ever CharacterOffsetBegin=148 CharacterOffsetEnd=152 PartOfSpeech=RB] [Text=. CharacterOffsetBegin=152 CharacterOffsetEnd=153 PartOfSpeech=.] 
root(ROOT-0, caught-2)
nsubj(caught-2, I-1)
det(movie-4, this-3)
dobj(caught-2, movie-4)
prep(caught-2, on-5)
pobj(on-5, FX-6)
amod(night-8, last-7)
tmod(caught-2, night-8)
punct(caught-2, ,-9)
cc(caught-2, and-10)
mark(sitting-14, as-11)
nsubj(sitting-14, I-12)
aux(sitting-14, was-13)
conj(caught-2, sitting-14)
advmod(sitting-14, there-15)
xcomp(sitting-14, watching-16)
dobj(watching-16, it-17)
punct(caught-2, ,-18)
nsubj(occurred-20, it-19)
ccomp(caught-2, occurred-20)
prep(occurred-20, to-21)
pobj(to-21, me-22)
mark(movie-31, that-23)
nsubj(movie-31, it-24)
aux(movie-31, could-25)
advmod(possibly-27, quite-26)
advmod(movie-31, possibly-27)
cop(movie-31, be-28)
det(movie-31, the-29)
amod(movie-31, worst-30)
ccomp(occurred-20, movie-31)
advmod(movie-31, ever-32)
punct(caught-2, .-33)

Sentence #2 (17 tokens):
Bad acting, bad cinematography, bad sound, totally unbelievable fight sequences, stupid characters.
[Text=Bad CharacterOffsetBegin=158 CharacterOffsetEnd=161 PartOfSpeech=JJ] [Text=acting CharacterOffsetBegin=162 CharacterOffsetEnd=168 PartOfSpeech=NN] [Text=, CharacterOffsetBegin=168 CharacterOffsetEnd=169 PartOfSpeech=,] [Text=bad CharacterOffsetBegin=170 CharacterOffsetEnd=173 PartOfSpeech=JJ] [Text=cinematography CharacterOffsetBegin=174 CharacterOffsetEnd=188 PartOfSpeech=NN] [Text=, CharacterOffsetBegin=188 CharacterOffsetEnd=189 PartOfSpeech=,] [Text=bad CharacterOffsetBegin=190 CharacterOffsetEnd=193 PartOfSpeech=JJ] [Text=sound CharacterOffsetBegin=194 CharacterOffsetEnd=199 PartOfSpeech=NN] [Text=, CharacterOffsetBegin=199 CharacterOffsetEnd=200 PartOfSpeech=,] [Text=totally CharacterOffsetBegin=201 CharacterOffsetEnd=208 PartOfSpeech=RB] [Text=unbelievable CharacterOffsetBegin=209 CharacterOffsetEnd=221 PartOfSpeech=JJ] [Text=fight CharacterOffsetBegin=222 CharacterOffsetEnd=227 PartOfSpeech=NN] [Text=sequences CharacterOffsetBegin=228 CharacterOffsetEnd=237 PartOfSpeech=NNS] [Text=, CharacterOffsetBegin=237 CharacterOffsetEnd=238 PartOfSpeech=,] [Text=stupid CharacterOffsetBegin=239 CharacterOffsetEnd=245 PartOfSpeech=JJ] [Text=characters CharacterOffsetBegin=246 CharacterOffsetEnd=256 PartOfSpeech=NNS] [Text=. CharacterOffsetBegin=256 CharacterOffsetEnd=257 PartOfSpeech=.] 
root(ROOT-0, sound-8)
amod(acting-2, Bad-1)
amod(sound-8, acting-2)
punct(acting-2, ,-3)
amod(cinematography-5, bad-4)
appos(acting-2, cinematography-5)
punct(acting-2, ,-6)
amod(sound-8, bad-7)
punct(sound-8, ,-9)
advmod(unbelievable-11, totally-10)
amod(sound-8, unbelievable-11)
dep(unbelievable-11, fight-12)
dobj(fight-12, sequences-13)
punct(sequences-13, ,-14)
amod(characters-16, stupid-15)
appos(sequences-13, characters-16)
punct(sound-8, .-17)

Sentence #3 (17 tokens):
All these made it up to be the most laughably bad movie I've ever seen.
[Text=All CharacterOffsetBegin=262 CharacterOffsetEnd=265 PartOfSpeech=DT] [Text=these CharacterOffsetBegin=266 CharacterOffsetEnd=271 PartOfSpeech=DT] [Text=made CharacterOffsetBegin=272 CharacterOffsetEnd=276 PartOfSpeech=VBN] [Text=it CharacterOffsetBegin=277 CharacterOffsetEnd=279 PartOfSpeech=PRP] [Text=up CharacterOffsetBegin=280 CharacterOffsetEnd=282 PartOfSpeech=RP] [Text=to CharacterOffsetBegin=283 CharacterOffsetEnd=285 PartOfSpeech=TO] [Text=be CharacterOffsetBegin=286 CharacterOffsetEnd=288 PartOfSpeech=VB] [Text=the CharacterOffsetBegin=289 CharacterOffsetEnd=292 PartOfSpeech=DT] [Text=most CharacterOffsetBegin=293 CharacterOffsetEnd=297 PartOfSpeech=RBS] [Text=laughably CharacterOffsetBegin=298 CharacterOffsetEnd=307 PartOfSpeech=RB] [Text=bad CharacterOffsetBegin=308 CharacterOffsetEnd=311 PartOfSpeech=JJ] [Text=movie CharacterOffsetBegin=312 CharacterOffsetEnd=317 PartOfSpeech=NN] [Text=I CharacterOffsetBegin=318 CharacterOffsetEnd=319 PartOfSpeech=PRP] [Text='ve CharacterOffsetBegin=319 CharacterOffsetEnd=322 PartOfSpeech=VBP] [Text=ever CharacterOffsetBegin=323 CharacterOffsetEnd=327 PartOfSpeech=RB] [Text=seen CharacterOffsetBegin=328 CharacterOffsetEnd=332 PartOfSpeech=VBN] [Text=. CharacterOffsetBegin=332 CharacterOffsetEnd=333 PartOfSpeech=.] 
root(ROOT-0, made-3)
dep(made-3, All-1)
nsubj(made-3, these-2)
dobj(made-3, it-4)
prt(made-3, up-5)
aux(movie-12, to-6)
cop(movie-12, be-7)
det(movie-12, the-8)
advmod(laughably-10, most-9)
amod(movie-12, laughably-10)
amod(movie-12, bad-11)
xcomp(made-3, movie-12)
nsubj(seen-16, I-13)
aux(seen-16, 've-14)
advmod(seen-16, ever-15)
rcmod(movie-12, seen-16)
punct(made-3, .-17)

Sentence #4 (29 tokens):
It was so bad, I was enthralled by it's sheer lack of anything semi-competent that I had to keep watching... and they made a sequel!
[Text=It CharacterOffsetBegin=338 CharacterOffsetEnd=340 PartOfSpeech=PRP] [Text=was CharacterOffsetBegin=341 CharacterOffsetEnd=344 PartOfSpeech=VBD] [Text=so CharacterOffsetBegin=345 CharacterOffsetEnd=347 PartOfSpeech=RB] [Text=bad CharacterOffsetBegin=348 CharacterOffsetEnd=351 PartOfSpeech=JJ] [Text=, CharacterOffsetBegin=351 CharacterOffsetEnd=352 PartOfSpeech=,] [Text=I CharacterOffsetBegin=353 CharacterOffsetEnd=354 PartOfSpeech=PRP] [Text=was CharacterOffsetBegin=355 CharacterOffsetEnd=358 PartOfSpeech=VBD] [Text=enthralled CharacterOffsetBegin=359 CharacterOffsetEnd=369 PartOfSpeech=VBN] [Text=by CharacterOffsetBegin=370 CharacterOffsetEnd=372 PartOfSpeech=IN] [Text=it CharacterOffsetBegin=373 CharacterOffsetEnd=375 PartOfSpeech=PRP] [Text='s CharacterOffsetBegin=375 CharacterOffsetEnd=377 PartOfSpeech=VBZ] [Text=sheer CharacterOffsetBegin=378 CharacterOffsetEnd=383 PartOfSpeech=JJ] [Text=lack CharacterOffsetBegin=384 CharacterOffsetEnd=388 PartOfSpeech=NN] [Text=of CharacterOffsetBegin=389 CharacterOffsetEnd=391 PartOfSpeech=IN] [Text=anything CharacterOffsetBegin=392 CharacterOffsetEnd=400 PartOfSpeech=NN] [Text=semi-competent CharacterOffsetBegin=401 CharacterOffsetEnd=415 PartOfSpeech=JJ] [Text=that CharacterOffsetBegin=416 CharacterOffsetEnd=420 PartOfSpeech=IN] [Text=I CharacterOffsetBegin=421 CharacterOffsetEnd=422 PartOfSpeech=PRP] [Text=had CharacterOffsetBegin=423 CharacterOffsetEnd=426 PartOfSpeech=VBD] [Text=to CharacterOffsetBegin=427 CharacterOffsetEnd=429 PartOfSpeech=TO] [Text=keep CharacterOffsetBegin=430 CharacterOffsetEnd=434 PartOfSpeech=VB] [Text=watching CharacterOffsetBegin=435 CharacterOffsetEnd=443 PartOfSpeech=VBG] [Text=... CharacterOffsetBegin=443 CharacterOffsetEnd=446 PartOfSpeech=:] [Text=and CharacterOffsetBegin=447 CharacterOffsetEnd=450 PartOfSpeech=CC] [Text=they CharacterOffsetBegin=451 CharacterOffsetEnd=455 PartOfSpeech=PRP] [Text=made CharacterOffsetBegin=456 CharacterOffsetEnd=460 PartOfSpeech=VBD] [Text=a CharacterOffsetBegin=461 CharacterOffsetEnd=462 PartOfSpeech=DT] [Text=sequel CharacterOffsetBegin=463 CharacterOffsetEnd=469 PartOfSpeech=NN] [Text=! CharacterOffsetBegin=469 CharacterOffsetEnd=470 PartOfSpeech=.] 
root(ROOT-0, bad-4)
nsubj(bad-4, It-1)
cop(bad-4, was-2)
advmod(bad-4, so-3)
punct(bad-4, ,-5)
nsubjpass(enthralled-8, I-6)
auxpass(enthralled-8, was-7)
conj(bad-4, enthralled-8)
mark(lack-13, by-9)
nsubj(lack-13, it-10)
cop(lack-13, 's-11)
amod(lack-13, sheer-12)
advcl(enthralled-8, lack-13)
prep(lack-13, of-14)
pobj(of-14, anything-15)
amod(anything-15, semi-competent-16)
dobj(had-19, that-17)
nsubj(had-19, I-18)
rcmod(semi-competent-16, had-19)
aux(keep-21, to-20)
xcomp(had-19, keep-21)
xcomp(keep-21, watching-22)
punct(bad-4, ...-23)
cc(bad-4, and-24)
nsubj(made-26, they-25)
conj(bad-4, made-26)
det(sequel-28, a-27)
dobj(made-26, sequel-28)
punct(bad-4, !-29)

