Sentence #1 (35 tokens):
Once again, like Charlie's Angels, Inspector Gadget and Thunderbirds, a TV series is turned into a full length film and gets ruined for all the hundreds of people that watched.
[Text=Once CharacterOffsetBegin=4 CharacterOffsetEnd=8 PartOfSpeech=RB] [Text=again CharacterOffsetBegin=9 CharacterOffsetEnd=14 PartOfSpeech=RB] [Text=, CharacterOffsetBegin=14 CharacterOffsetEnd=15 PartOfSpeech=,] [Text=like CharacterOffsetBegin=16 CharacterOffsetEnd=20 PartOfSpeech=IN] [Text=Charlie CharacterOffsetBegin=21 CharacterOffsetEnd=28 PartOfSpeech=NNP] [Text='s CharacterOffsetBegin=28 CharacterOffsetEnd=30 PartOfSpeech=POS] [Text=Angels CharacterOffsetBegin=31 CharacterOffsetEnd=37 PartOfSpeech=NNPS] [Text=, CharacterOffsetBegin=37 CharacterOffsetEnd=38 PartOfSpeech=,] [Text=Inspector CharacterOffsetBegin=39 CharacterOffsetEnd=48 PartOfSpeech=NNP] [Text=Gadget CharacterOffsetBegin=49 CharacterOffsetEnd=55 PartOfSpeech=NNP] [Text=and CharacterOffsetBegin=56 CharacterOffsetEnd=59 PartOfSpeech=CC] [Text=Thunderbirds CharacterOffsetBegin=60 CharacterOffsetEnd=72 PartOfSpeech=NNPS] [Text=, CharacterOffsetBegin=72 CharacterOffsetEnd=73 PartOfSpeech=,] [Text=a CharacterOffsetBegin=74 CharacterOffsetEnd=75 PartOfSpeech=DT] [Text=TV CharacterOffsetBegin=76 CharacterOffsetEnd=78 PartOfSpeech=NN] [Text=series CharacterOffsetBegin=79 CharacterOffsetEnd=85 PartOfSpeech=NN] [Text=is CharacterOffsetBegin=86 CharacterOffsetEnd=88 PartOfSpeech=VBZ] [Text=turned CharacterOffsetBegin=89 CharacterOffsetEnd=95 PartOfSpeech=VBN] [Text=into CharacterOffsetBegin=96 CharacterOffsetEnd=100 PartOfSpeech=IN] [Text=a CharacterOffsetBegin=101 CharacterOffsetEnd=102 PartOfSpeech=DT] [Text=full CharacterOffsetBegin=103 CharacterOffsetEnd=107 PartOfSpeech=JJ] [Text=length CharacterOffsetBegin=108 CharacterOffsetEnd=114 PartOfSpeech=NN] [Text=film CharacterOffsetBegin=115 CharacterOffsetEnd=119 PartOfSpeech=NN] [Text=and CharacterOffsetBegin=120 CharacterOffsetEnd=123 PartOfSpeech=CC] [Text=gets CharacterOffsetBegin=124 CharacterOffsetEnd=128 PartOfSpeech=VBZ] [Text=ruined CharacterOffsetBegin=129 CharacterOffsetEnd=135 PartOfSpeech=VBN] [Text=for CharacterOffsetBegin=136 CharacterOffsetEnd=139 PartOfSpeech=IN] [Text=all CharacterOffsetBegin=140 CharacterOffsetEnd=143 PartOfSpeech=PDT] [Text=the CharacterOffsetBegin=144 CharacterOffsetEnd=147 PartOfSpeech=DT] [Text=hundreds CharacterOffsetBegin=148 CharacterOffsetEnd=156 PartOfSpeech=NNS] [Text=of CharacterOffsetBegin=157 CharacterOffsetEnd=159 PartOfSpeech=IN] [Text=people CharacterOffsetBegin=160 CharacterOffsetEnd=166 PartOfSpeech=NNS] [Text=that CharacterOffsetBegin=167 CharacterOffsetEnd=171 PartOfSpeech=WDT] [Text=watched CharacterOffsetBegin=172 CharacterOffsetEnd=179 PartOfSpeech=VBD] [Text=. CharacterOffsetBegin=179 CharacterOffsetEnd=180 PartOfSpeech=.] 
root(ROOT-0, again-2)
advmod(again-2, Once-1)
punct(again-2, ,-3)
dep(,-3, like-4)
poss(Angels-7, Charlie-5)
possessive(Charlie-5, 's-6)
pobj(like-4, Angels-7)
punct(Angels-7, ,-8)
nn(Gadget-10, Inspector-9)
conj(Angels-7, Gadget-10)
cc(Angels-7, and-11)
conj(Angels-7, Thunderbirds-12)
punct(Angels-7, ,-13)
det(series-16, a-14)
nn(series-16, TV-15)
nsubjpass(turned-18, series-16)
auxpass(turned-18, is-17)
rcmod(Angels-7, turned-18)
prep(turned-18, into-19)
det(film-23, a-20)
amod(film-23, full-21)
nn(film-23, length-22)
pobj(into-19, film-23)
cc(turned-18, and-24)
conj(turned-18, gets-25)
dep(gets-25, ruined-26)
prep(ruined-26, for-27)
predet(hundreds-30, all-28)
det(hundreds-30, the-29)
pobj(for-27, hundreds-30)
prep(hundreds-30, of-31)
pobj(of-31, people-32)
nsubj(watched-34, that-33)
rcmod(people-32, watched-34)
punct(like-4, .-35)

Sentence #2 (36 tokens):
Basically the Duke cousins, Luke (Johnny Knoxville) and Bo (Seann William Scott) in Hazzard County, spend a lot of time driving very fast in "The General Lee".
[Text=Basically CharacterOffsetBegin=185 CharacterOffsetEnd=194 PartOfSpeech=RB] [Text=the CharacterOffsetBegin=195 CharacterOffsetEnd=198 PartOfSpeech=DT] [Text=Duke CharacterOffsetBegin=199 CharacterOffsetEnd=203 PartOfSpeech=NNP] [Text=cousins CharacterOffsetBegin=204 CharacterOffsetEnd=211 PartOfSpeech=NNS] [Text=, CharacterOffsetBegin=211 CharacterOffsetEnd=212 PartOfSpeech=,] [Text=Luke CharacterOffsetBegin=213 CharacterOffsetEnd=217 PartOfSpeech=NNP] [Text=-LRB- CharacterOffsetBegin=218 CharacterOffsetEnd=219 PartOfSpeech=-LRB-] [Text=Johnny CharacterOffsetBegin=219 CharacterOffsetEnd=225 PartOfSpeech=NNP] [Text=Knoxville CharacterOffsetBegin=226 CharacterOffsetEnd=235 PartOfSpeech=NNP] [Text=-RRB- CharacterOffsetBegin=235 CharacterOffsetEnd=236 PartOfSpeech=-RRB-] [Text=and CharacterOffsetBegin=237 CharacterOffsetEnd=240 PartOfSpeech=CC] [Text=Bo CharacterOffsetBegin=241 CharacterOffsetEnd=243 PartOfSpeech=NNP] [Text=-LRB- CharacterOffsetBegin=244 CharacterOffsetEnd=245 PartOfSpeech=-LRB-] [Text=Seann CharacterOffsetBegin=245 CharacterOffsetEnd=250 PartOfSpeech=NNP] [Text=William CharacterOffsetBegin=251 CharacterOffsetEnd=258 PartOfSpeech=NNP] [Text=Scott CharacterOffsetBegin=259 CharacterOffsetEnd=264 PartOfSpeech=NNP] [Text=-RRB- CharacterOffsetBegin=264 CharacterOffsetEnd=265 PartOfSpeech=-RRB-] [Text=in CharacterOffsetBegin=266 CharacterOffsetEnd=268 PartOfSpeech=IN] [Text=Hazzard CharacterOffsetBegin=269 CharacterOffsetEnd=276 PartOfSpeech=NNP] [Text=County CharacterOffsetBegin=277 CharacterOffsetEnd=283 PartOfSpeech=NNP] [Text=, CharacterOffsetBegin=283 CharacterOffsetEnd=284 PartOfSpeech=,] [Text=spend CharacterOffsetBegin=285 CharacterOffsetEnd=290 PartOfSpeech=VBP] [Text=a CharacterOffsetBegin=291 CharacterOffsetEnd=292 PartOfSpeech=DT] [Text=lot CharacterOffsetBegin=293 CharacterOffsetEnd=296 PartOfSpeech=NN] [Text=of CharacterOffsetBegin=297 CharacterOffsetEnd=299 PartOfSpeech=IN] [Text=time CharacterOffsetBegin=300 CharacterOffsetEnd=304 PartOfSpeech=NN] [Text=driving CharacterOffsetBegin=305 CharacterOffsetEnd=312 PartOfSpeech=VBG] [Text=very CharacterOffsetBegin=313 CharacterOffsetEnd=317 PartOfSpeech=RB] [Text=fast CharacterOffsetBegin=318 CharacterOffsetEnd=322 PartOfSpeech=RB] [Text=in CharacterOffsetBegin=323 CharacterOffsetEnd=325 PartOfSpeech=IN] [Text=`` CharacterOffsetBegin=326 CharacterOffsetEnd=327 PartOfSpeech=``] [Text=The CharacterOffsetBegin=327 CharacterOffsetEnd=330 PartOfSpeech=DT] [Text=General CharacterOffsetBegin=331 CharacterOffsetEnd=338 PartOfSpeech=NNP] [Text=Lee CharacterOffsetBegin=339 CharacterOffsetEnd=342 PartOfSpeech=NNP] [Text='' CharacterOffsetBegin=342 CharacterOffsetEnd=343 PartOfSpeech=''] [Text=. CharacterOffsetBegin=343 CharacterOffsetEnd=344 PartOfSpeech=.] 
root(ROOT-0, spend-22)
advmod(cousins-4, Basically-1)
det(cousins-4, the-2)
nn(cousins-4, Duke-3)
nsubj(spend-22, cousins-4)
punct(cousins-4, ,-5)
conj(cousins-4, Luke-6)
punct(Knoxville-9, -LRB--7)
nn(Knoxville-9, Johnny-8)
appos(Luke-6, Knoxville-9)
punct(Knoxville-9, -RRB--10)
cc(cousins-4, and-11)
conj(cousins-4, Bo-12)
punct(Scott-16, -LRB--13)
nn(Scott-16, Seann-14)
nn(Scott-16, William-15)
appos(Bo-12, Scott-16)
punct(Scott-16, -RRB--17)
prep(Bo-12, in-18)
nn(County-20, Hazzard-19)
pobj(in-18, County-20)
punct(cousins-4, ,-21)
det(lot-24, a-23)
dobj(spend-22, lot-24)
prep(lot-24, of-25)
pobj(of-25, time-26)
xcomp(spend-22, driving-27)
advmod(fast-29, very-28)
advmod(driving-27, fast-29)
prep(driving-27, in-30)
punct(in-30, ``-31)
det(Lee-34, The-32)
nn(Lee-34, General-33)
pobj(in-30, Lee-34)
punct(in-30, ''-35)
punct(spend-22, .-36)

Sentence #3 (44 tokens):
But they need to get their act together and stop their family farm being destroyed along with almost the whole town by nasty Jefferson Davis 'Boss' Hogg (Razzie nominated Burt Reynolds) to make way for a huge coal mine.
[Text=But CharacterOffsetBegin=349 CharacterOffsetEnd=352 PartOfSpeech=CC] [Text=they CharacterOffsetBegin=353 CharacterOffsetEnd=357 PartOfSpeech=PRP] [Text=need CharacterOffsetBegin=358 CharacterOffsetEnd=362 PartOfSpeech=VBP] [Text=to CharacterOffsetBegin=363 CharacterOffsetEnd=365 PartOfSpeech=TO] [Text=get CharacterOffsetBegin=366 CharacterOffsetEnd=369 PartOfSpeech=VB] [Text=their CharacterOffsetBegin=370 CharacterOffsetEnd=375 PartOfSpeech=PRP$] [Text=act CharacterOffsetBegin=376 CharacterOffsetEnd=379 PartOfSpeech=NN] [Text=together CharacterOffsetBegin=380 CharacterOffsetEnd=388 PartOfSpeech=RB] [Text=and CharacterOffsetBegin=389 CharacterOffsetEnd=392 PartOfSpeech=CC] [Text=stop CharacterOffsetBegin=393 CharacterOffsetEnd=397 PartOfSpeech=VB] [Text=their CharacterOffsetBegin=398 CharacterOffsetEnd=403 PartOfSpeech=PRP$] [Text=family CharacterOffsetBegin=404 CharacterOffsetEnd=410 PartOfSpeech=NN] [Text=farm CharacterOffsetBegin=411 CharacterOffsetEnd=415 PartOfSpeech=NN] [Text=being CharacterOffsetBegin=416 CharacterOffsetEnd=421 PartOfSpeech=VBG] [Text=destroyed CharacterOffsetBegin=422 CharacterOffsetEnd=431 PartOfSpeech=VBN] [Text=along CharacterOffsetBegin=432 CharacterOffsetEnd=437 PartOfSpeech=IN] [Text=with CharacterOffsetBegin=438 CharacterOffsetEnd=442 PartOfSpeech=IN] [Text=almost CharacterOffsetBegin=443 CharacterOffsetEnd=449 PartOfSpeech=RB] [Text=the CharacterOffsetBegin=450 CharacterOffsetEnd=453 PartOfSpeech=DT] [Text=whole CharacterOffsetBegin=454 CharacterOffsetEnd=459 PartOfSpeech=JJ] [Text=town CharacterOffsetBegin=460 CharacterOffsetEnd=464 PartOfSpeech=NN] [Text=by CharacterOffsetBegin=465 CharacterOffsetEnd=467 PartOfSpeech=IN] [Text=nasty CharacterOffsetBegin=468 CharacterOffsetEnd=473 PartOfSpeech=JJ] [Text=Jefferson CharacterOffsetBegin=474 CharacterOffsetEnd=483 PartOfSpeech=NNP] [Text=Davis CharacterOffsetBegin=484 CharacterOffsetEnd=489 PartOfSpeech=NNP] [Text=` CharacterOffsetBegin=490 CharacterOffsetEnd=491 PartOfSpeech=``] [Text=Boss CharacterOffsetBegin=491 CharacterOffsetEnd=495 PartOfSpeech=NNP] [Text=' CharacterOffsetBegin=495 CharacterOffsetEnd=496 PartOfSpeech=''] [Text=Hogg CharacterOffsetBegin=497 CharacterOffsetEnd=501 PartOfSpeech=NNP] [Text=-LRB- CharacterOffsetBegin=502 CharacterOffsetEnd=503 PartOfSpeech=-LRB-] [Text=Razzie CharacterOffsetBegin=503 CharacterOffsetEnd=509 PartOfSpeech=NNP] [Text=nominated CharacterOffsetBegin=510 CharacterOffsetEnd=519 PartOfSpeech=VBD] [Text=Burt CharacterOffsetBegin=520 CharacterOffsetEnd=524 PartOfSpeech=NNP] [Text=Reynolds CharacterOffsetBegin=525 CharacterOffsetEnd=533 PartOfSpeech=NNP] [Text=-RRB- CharacterOffsetBegin=533 CharacterOffsetEnd=534 PartOfSpeech=-RRB-] [Text=to CharacterOffsetBegin=535 CharacterOffsetEnd=537 PartOfSpeech=TO] [Text=make CharacterOffsetBegin=538 CharacterOffsetEnd=542 PartOfSpeech=VB] [Text=way CharacterOffsetBegin=543 CharacterOffsetEnd=546 PartOfSpeech=NN] [Text=for CharacterOffsetBegin=547 CharacterOffsetEnd=550 PartOfSpeech=IN] [Text=a CharacterOffsetBegin=551 CharacterOffsetEnd=552 PartOfSpeech=DT] [Text=huge CharacterOffsetBegin=553 CharacterOffsetEnd=557 PartOfSpeech=JJ] [Text=coal CharacterOffsetBegin=558 CharacterOffsetEnd=562 PartOfSpeech=NN] [Text=mine CharacterOffsetBegin=563 CharacterOffsetEnd=567 PartOfSpeech=NN] [Text=. CharacterOffsetBegin=567 CharacterOffsetEnd=568 PartOfSpeech=.] 
root(ROOT-0, need-3)
cc(need-3, But-1)
nsubj(need-3, they-2)
aux(get-5, to-4)
xcomp(need-3, get-5)
poss(act-7, their-6)
dobj(get-5, act-7)
advmod(get-5, together-8)
cc(get-5, and-9)
conj(get-5, stop-10)
poss(farm-13, their-11)
nn(farm-13, family-12)
nsubjpass(destroyed-15, farm-13)
auxpass(destroyed-15, being-14)
dep(stop-10, destroyed-15)
prep(destroyed-15, along-16)
pcomp(along-16, with-17)
advmod(town-21, almost-18)
det(town-21, the-19)
amod(town-21, whole-20)
pobj(with-17, town-21)
prep(destroyed-15, by-22)
amod(Davis-25, nasty-23)
nn(Davis-25, Jefferson-24)
pobj(by-22, Davis-25)
punct(nominated-32, `-26)
nsubj(nominated-32, Boss-27)
punct(nominated-32, '-28)
dep(nominated-32, Hogg-29)
punct(Razzie-31, -LRB--30)
nsubj(nominated-32, Razzie-31)
dep(Davis-25, nominated-32)
nn(Reynolds-34, Burt-33)
dobj(nominated-32, Reynolds-34)
punct(nominated-32, -RRB--35)
aux(make-37, to-36)
xcomp(destroyed-15, make-37)
dobj(make-37, way-38)
prep(way-38, for-39)
det(mine-43, a-40)
amod(mine-43, huge-41)
nn(mine-43, coal-42)
pobj(for-39, mine-43)
punct(need-3, .-44)

Sentence #4 (45 tokens):
They get help along the way from their sexy cousin Daisy (Razzie nominated Jessica Simpson) and Uncle Jesse (Willie Nelson), while being chased by equally mean Sheriff Rosco P. Coltrane (Lost's M.C.
    Gainey) and the police.
[Text=They CharacterOffsetBegin=573 CharacterOffsetEnd=577 PartOfSpeech=PRP] [Text=get CharacterOffsetBegin=578 CharacterOffsetEnd=581 PartOfSpeech=VBP] [Text=help CharacterOffsetBegin=582 CharacterOffsetEnd=586 PartOfSpeech=VB] [Text=along CharacterOffsetBegin=587 CharacterOffsetEnd=592 PartOfSpeech=IN] [Text=the CharacterOffsetBegin=593 CharacterOffsetEnd=596 PartOfSpeech=DT] [Text=way CharacterOffsetBegin=597 CharacterOffsetEnd=600 PartOfSpeech=NN] [Text=from CharacterOffsetBegin=601 CharacterOffsetEnd=605 PartOfSpeech=IN] [Text=their CharacterOffsetBegin=606 CharacterOffsetEnd=611 PartOfSpeech=PRP$] [Text=sexy CharacterOffsetBegin=612 CharacterOffsetEnd=616 PartOfSpeech=JJ] [Text=cousin CharacterOffsetBegin=617 CharacterOffsetEnd=623 PartOfSpeech=NN] [Text=Daisy CharacterOffsetBegin=624 CharacterOffsetEnd=629 PartOfSpeech=NNP] [Text=-LRB- CharacterOffsetBegin=630 CharacterOffsetEnd=631 PartOfSpeech=-LRB-] [Text=Razzie CharacterOffsetBegin=631 CharacterOffsetEnd=637 PartOfSpeech=NNP] [Text=nominated CharacterOffsetBegin=638 CharacterOffsetEnd=647 PartOfSpeech=VBD] [Text=Jessica CharacterOffsetBegin=648 CharacterOffsetEnd=655 PartOfSpeech=NNP] [Text=Simpson CharacterOffsetBegin=656 CharacterOffsetEnd=663 PartOfSpeech=NNP] [Text=-RRB- CharacterOffsetBegin=663 CharacterOffsetEnd=664 PartOfSpeech=-RRB-] [Text=and CharacterOffsetBegin=665 CharacterOffsetEnd=668 PartOfSpeech=CC] [Text=Uncle CharacterOffsetBegin=669 CharacterOffsetEnd=674 PartOfSpeech=NNP] [Text=Jesse CharacterOffsetBegin=675 CharacterOffsetEnd=680 PartOfSpeech=NNP] [Text=-LRB- CharacterOffsetBegin=681 CharacterOffsetEnd=682 PartOfSpeech=-LRB-] [Text=Willie CharacterOffsetBegin=682 CharacterOffsetEnd=688 PartOfSpeech=NNP] [Text=Nelson CharacterOffsetBegin=689 CharacterOffsetEnd=695 PartOfSpeech=NNP] [Text=-RRB- CharacterOffsetBegin=695 CharacterOffsetEnd=696 PartOfSpeech=-RRB-] [Text=, CharacterOffsetBegin=696 CharacterOffsetEnd=697 PartOfSpeech=,] [Text=while CharacterOffsetBegin=698 CharacterOffsetEnd=703 PartOfSpeech=IN] [Text=being CharacterOffsetBegin=704 CharacterOffsetEnd=709 PartOfSpeech=VBG] [Text=chased CharacterOffsetBegin=710 CharacterOffsetEnd=716 PartOfSpeech=VBN] [Text=by CharacterOffsetBegin=717 CharacterOffsetEnd=719 PartOfSpeech=IN] [Text=equally CharacterOffsetBegin=720 CharacterOffsetEnd=727 PartOfSpeech=RB] [Text=mean CharacterOffsetBegin=728 CharacterOffsetEnd=732 PartOfSpeech=JJ] [Text=Sheriff CharacterOffsetBegin=733 CharacterOffsetEnd=740 PartOfSpeech=NNP] [Text=Rosco CharacterOffsetBegin=741 CharacterOffsetEnd=746 PartOfSpeech=NNP] [Text=P. CharacterOffsetBegin=747 CharacterOffsetEnd=749 PartOfSpeech=NNP] [Text=Coltrane CharacterOffsetBegin=750 CharacterOffsetEnd=758 PartOfSpeech=NNP] [Text=-LRB- CharacterOffsetBegin=759 CharacterOffsetEnd=760 PartOfSpeech=-LRB-] [Text=Lost CharacterOffsetBegin=760 CharacterOffsetEnd=764 PartOfSpeech=NNP] [Text='s CharacterOffsetBegin=764 CharacterOffsetEnd=766 PartOfSpeech=POS] [Text=M.C. CharacterOffsetBegin=767 CharacterOffsetEnd=771 PartOfSpeech=NNP] [Text=Gainey CharacterOffsetBegin=776 CharacterOffsetEnd=782 PartOfSpeech=NNP] [Text=-RRB- CharacterOffsetBegin=782 CharacterOffsetEnd=783 PartOfSpeech=-RRB-] [Text=and CharacterOffsetBegin=784 CharacterOffsetEnd=787 PartOfSpeech=CC] [Text=the CharacterOffsetBegin=788 CharacterOffsetEnd=791 PartOfSpeech=DT] [Text=police CharacterOffsetBegin=792 CharacterOffsetEnd=798 PartOfSpeech=NN] [Text=. CharacterOffsetBegin=798 CharacterOffsetEnd=799 PartOfSpeech=.] 
root(ROOT-0, get-2)
nsubj(get-2, They-1)
dobj(get-2, help-3)
mark(nominated-14, along-4)
det(way-6, the-5)
dep(nominated-14, way-6)
prep(way-6, from-7)
poss(cousin-10, their-8)
amod(cousin-10, sexy-9)
pobj(from-7, cousin-10)
dep(nominated-14, Daisy-11)
punct(Razzie-13, -LRB--12)
nsubj(nominated-14, Razzie-13)
dep(help-3, nominated-14)
nn(Simpson-16, Jessica-15)
dobj(nominated-14, Simpson-16)
punct(nominated-14, -RRB--17)
cc(help-3, and-18)
conj(help-3, Uncle-19)
dobj(Uncle-19, Jesse-20)
punct(Nelson-23, -LRB--21)
nn(Nelson-23, Willie-22)
appos(Jesse-20, Nelson-23)
punct(Nelson-23, -RRB--24)
punct(Uncle-19, ,-25)
mark(chased-28, while-26)
auxpass(chased-28, being-27)
advcl(Uncle-19, chased-28)
prep(chased-28, by-29)
advmod(mean-31, equally-30)
pobj(by-29, mean-31)
nn(Coltrane-35, Sheriff-32)
nn(Coltrane-35, Rosco-33)
nn(Coltrane-35, P.-34)
dep(mean-31, Coltrane-35)
punct(Gainey-40, -LRB--36)
poss(Gainey-40, Lost-37)
possessive(Lost-37, 's-38)
nn(Gainey-40, M.C.-39)
dep(Coltrane-35, Gainey-40)
punct(Gainey-40, -RRB--41)
cc(Coltrane-35, and-42)
det(police-44, the-43)
conj(Coltrane-35, police-44)
punct(get-2, .-45)

Sentence #5 (35 tokens):
Also starring Joe Don Baker as Governor Jim Applewhite, Jack Polick as Deputy Cletus Hogg, David Koechner as Cooter Davenport, Michael Weston as Deputy Enos Strate and Lynda Carter as Pauline.
[Text=Also CharacterOffsetBegin=804 CharacterOffsetEnd=808 PartOfSpeech=RB] [Text=starring CharacterOffsetBegin=809 CharacterOffsetEnd=817 PartOfSpeech=VBG] [Text=Joe CharacterOffsetBegin=818 CharacterOffsetEnd=821 PartOfSpeech=NNP] [Text=Don CharacterOffsetBegin=822 CharacterOffsetEnd=825 PartOfSpeech=NNP] [Text=Baker CharacterOffsetBegin=826 CharacterOffsetEnd=831 PartOfSpeech=NNP] [Text=as CharacterOffsetBegin=832 CharacterOffsetEnd=834 PartOfSpeech=IN] [Text=Governor CharacterOffsetBegin=835 CharacterOffsetEnd=843 PartOfSpeech=NNP] [Text=Jim CharacterOffsetBegin=844 CharacterOffsetEnd=847 PartOfSpeech=NNP] [Text=Applewhite CharacterOffsetBegin=848 CharacterOffsetEnd=858 PartOfSpeech=NNP] [Text=, CharacterOffsetBegin=858 CharacterOffsetEnd=859 PartOfSpeech=,] [Text=Jack CharacterOffsetBegin=860 CharacterOffsetEnd=864 PartOfSpeech=NNP] [Text=Polick CharacterOffsetBegin=865 CharacterOffsetEnd=871 PartOfSpeech=NNP] [Text=as CharacterOffsetBegin=872 CharacterOffsetEnd=874 PartOfSpeech=IN] [Text=Deputy CharacterOffsetBegin=875 CharacterOffsetEnd=881 PartOfSpeech=NNP] [Text=Cletus CharacterOffsetBegin=882 CharacterOffsetEnd=888 PartOfSpeech=NNP] [Text=Hogg CharacterOffsetBegin=889 CharacterOffsetEnd=893 PartOfSpeech=NNP] [Text=, CharacterOffsetBegin=893 CharacterOffsetEnd=894 PartOfSpeech=,] [Text=David CharacterOffsetBegin=895 CharacterOffsetEnd=900 PartOfSpeech=NNP] [Text=Koechner CharacterOffsetBegin=901 CharacterOffsetEnd=909 PartOfSpeech=NNP] [Text=as CharacterOffsetBegin=910 CharacterOffsetEnd=912 PartOfSpeech=IN] [Text=Cooter CharacterOffsetBegin=913 CharacterOffsetEnd=919 PartOfSpeech=NNP] [Text=Davenport CharacterOffsetBegin=920 CharacterOffsetEnd=929 PartOfSpeech=NNP] [Text=, CharacterOffsetBegin=929 CharacterOffsetEnd=930 PartOfSpeech=,] [Text=Michael CharacterOffsetBegin=931 CharacterOffsetEnd=938 PartOfSpeech=NNP] [Text=Weston CharacterOffsetBegin=939 CharacterOffsetEnd=945 PartOfSpeech=NNP] [Text=as CharacterOffsetBegin=946 CharacterOffsetEnd=948 PartOfSpeech=IN] [Text=Deputy CharacterOffsetBegin=949 CharacterOffsetEnd=955 PartOfSpeech=NNP] [Text=Enos CharacterOffsetBegin=956 CharacterOffsetEnd=960 PartOfSpeech=NNP] [Text=Strate CharacterOffsetBegin=961 CharacterOffsetEnd=967 PartOfSpeech=NNP] [Text=and CharacterOffsetBegin=968 CharacterOffsetEnd=971 PartOfSpeech=CC] [Text=Lynda CharacterOffsetBegin=972 CharacterOffsetEnd=977 PartOfSpeech=NNP] [Text=Carter CharacterOffsetBegin=978 CharacterOffsetEnd=984 PartOfSpeech=NNP] [Text=as CharacterOffsetBegin=985 CharacterOffsetEnd=987 PartOfSpeech=IN] [Text=Pauline CharacterOffsetBegin=988 CharacterOffsetEnd=995 PartOfSpeech=NNP] [Text=. CharacterOffsetBegin=995 CharacterOffsetEnd=996 PartOfSpeech=.] 
root(ROOT-0, starring-2)
advmod(starring-2, Also-1)
nn(Baker-5, Joe-3)
nn(Baker-5, Don-4)
dobj(starring-2, Baker-5)
prep(Baker-5, as-6)
nn(Applewhite-9, Governor-7)
nn(Applewhite-9, Jim-8)
pobj(as-6, Applewhite-9)
punct(Baker-5, ,-10)
nn(Polick-12, Jack-11)
appos(Baker-5, Polick-12)
prep(Polick-12, as-13)
nn(Hogg-16, Deputy-14)
nn(Hogg-16, Cletus-15)
pobj(as-13, Hogg-16)
punct(Hogg-16, ,-17)
nn(Koechner-19, David-18)
appos(Hogg-16, Koechner-19)
prep(Koechner-19, as-20)
nn(Davenport-22, Cooter-21)
pobj(as-20, Davenport-22)
punct(Hogg-16, ,-23)
nn(Weston-25, Michael-24)
appos(Hogg-16, Weston-25)
prep(Weston-25, as-26)
nn(Strate-29, Deputy-27)
nn(Strate-29, Enos-28)
pobj(as-26, Strate-29)
cc(Strate-29, and-30)
nn(Carter-32, Lynda-31)
conj(Strate-29, Carter-32)
prep(Strate-29, as-33)
pobj(as-33, Pauline-34)
punct(starring-2, .-35)

Sentence #6 (46 tokens):
I think the only reason I give the film an extra star is because of a couple of impressive car stunts, and of course the gorgeous body of Simpson (I'll admit her legs aren't quite Catherine Bach, but still!
    )
[Text=I CharacterOffsetBegin=1001 CharacterOffsetEnd=1002 PartOfSpeech=PRP] [Text=think CharacterOffsetBegin=1003 CharacterOffsetEnd=1008 PartOfSpeech=VBP] [Text=the CharacterOffsetBegin=1009 CharacterOffsetEnd=1012 PartOfSpeech=DT] [Text=only CharacterOffsetBegin=1013 CharacterOffsetEnd=1017 PartOfSpeech=JJ] [Text=reason CharacterOffsetBegin=1018 CharacterOffsetEnd=1024 PartOfSpeech=NN] [Text=I CharacterOffsetBegin=1025 CharacterOffsetEnd=1026 PartOfSpeech=PRP] [Text=give CharacterOffsetBegin=1027 CharacterOffsetEnd=1031 PartOfSpeech=VBP] [Text=the CharacterOffsetBegin=1032 CharacterOffsetEnd=1035 PartOfSpeech=DT] [Text=film CharacterOffsetBegin=1036 CharacterOffsetEnd=1040 PartOfSpeech=NN] [Text=an CharacterOffsetBegin=1041 CharacterOffsetEnd=1043 PartOfSpeech=DT] [Text=extra CharacterOffsetBegin=1044 CharacterOffsetEnd=1049 PartOfSpeech=JJ] [Text=star CharacterOffsetBegin=1050 CharacterOffsetEnd=1054 PartOfSpeech=NN] [Text=is CharacterOffsetBegin=1055 CharacterOffsetEnd=1057 PartOfSpeech=VBZ] [Text=because CharacterOffsetBegin=1058 CharacterOffsetEnd=1065 PartOfSpeech=IN] [Text=of CharacterOffsetBegin=1066 CharacterOffsetEnd=1068 PartOfSpeech=IN] [Text=a CharacterOffsetBegin=1069 CharacterOffsetEnd=1070 PartOfSpeech=DT] [Text=couple CharacterOffsetBegin=1071 CharacterOffsetEnd=1077 PartOfSpeech=NN] [Text=of CharacterOffsetBegin=1078 CharacterOffsetEnd=1080 PartOfSpeech=IN] [Text=impressive CharacterOffsetBegin=1081 CharacterOffsetEnd=1091 PartOfSpeech=JJ] [Text=car CharacterOffsetBegin=1092 CharacterOffsetEnd=1095 PartOfSpeech=NN] [Text=stunts CharacterOffsetBegin=1096 CharacterOffsetEnd=1102 PartOfSpeech=NNS] [Text=, CharacterOffsetBegin=1102 CharacterOffsetEnd=1103 PartOfSpeech=,] [Text=and CharacterOffsetBegin=1104 CharacterOffsetEnd=1107 PartOfSpeech=CC] [Text=of CharacterOffsetBegin=1108 CharacterOffsetEnd=1110 PartOfSpeech=IN] [Text=course CharacterOffsetBegin=1111 CharacterOffsetEnd=1117 PartOfSpeech=NN] [Text=the CharacterOffsetBegin=1118 CharacterOffsetEnd=1121 PartOfSpeech=DT] [Text=gorgeous CharacterOffsetBegin=1122 CharacterOffsetEnd=1130 PartOfSpeech=JJ] [Text=body CharacterOffsetBegin=1131 CharacterOffsetEnd=1135 PartOfSpeech=NN] [Text=of CharacterOffsetBegin=1136 CharacterOffsetEnd=1138 PartOfSpeech=IN] [Text=Simpson CharacterOffsetBegin=1139 CharacterOffsetEnd=1146 PartOfSpeech=NNP] [Text=-LRB- CharacterOffsetBegin=1147 CharacterOffsetEnd=1148 PartOfSpeech=-LRB-] [Text=I CharacterOffsetBegin=1148 CharacterOffsetEnd=1149 PartOfSpeech=PRP] [Text='ll CharacterOffsetBegin=1149 CharacterOffsetEnd=1152 PartOfSpeech=MD] [Text=admit CharacterOffsetBegin=1153 CharacterOffsetEnd=1158 PartOfSpeech=VB] [Text=her CharacterOffsetBegin=1159 CharacterOffsetEnd=1162 PartOfSpeech=PRP$] [Text=legs CharacterOffsetBegin=1163 CharacterOffsetEnd=1167 PartOfSpeech=NNS] [Text=are CharacterOffsetBegin=1168 CharacterOffsetEnd=1171 PartOfSpeech=VBP] [Text=n't CharacterOffsetBegin=1171 CharacterOffsetEnd=1174 PartOfSpeech=RB] [Text=quite CharacterOffsetBegin=1175 CharacterOffsetEnd=1180 PartOfSpeech=RB] [Text=Catherine CharacterOffsetBegin=1181 CharacterOffsetEnd=1190 PartOfSpeech=NNP] [Text=Bach CharacterOffsetBegin=1191 CharacterOffsetEnd=1195 PartOfSpeech=NNP] [Text=, CharacterOffsetBegin=1195 CharacterOffsetEnd=1196 PartOfSpeech=,] [Text=but CharacterOffsetBegin=1197 CharacterOffsetEnd=1200 PartOfSpeech=CC] [Text=still CharacterOffsetBegin=1201 CharacterOffsetEnd=1206 PartOfSpeech=RB] [Text=! CharacterOffsetBegin=1206 CharacterOffsetEnd=1207 PartOfSpeech=.] [Text=-RRB- CharacterOffsetBegin=1212 CharacterOffsetEnd=1213 PartOfSpeech=-RRB-] 
root(ROOT-0, think-2)
nsubj(think-2, I-1)
det(reason-5, the-3)
amod(reason-5, only-4)
nsubj(is-13, reason-5)
nsubj(give-7, I-6)
rcmod(reason-5, give-7)
det(film-9, the-8)
iobj(give-7, film-9)
det(star-12, an-10)
amod(star-12, extra-11)
dobj(give-7, star-12)
ccomp(think-2, is-13)
mwe(of-15, because-14)
prep(is-13, of-15)
det(couple-17, a-16)
pobj(of-15, couple-17)
prep(couple-17, of-18)
amod(stunts-21, impressive-19)
nn(stunts-21, car-20)
pobj(of-18, stunts-21)
punct(think-2, ,-22)
cc(think-2, and-23)
conj(think-2, of-24)
pobj(of-24, course-25)
det(body-28, the-26)
amod(body-28, gorgeous-27)
dep(of-24, body-28)
prep(body-28, of-29)
pobj(of-29, Simpson-30)
punct(admit-34, -LRB--31)
nsubj(admit-34, I-32)
aux(admit-34, 'll-33)
dep(Simpson-30, admit-34)
poss(legs-36, her-35)
dobj(admit-34, legs-36)
cop(Bach-41, are-37)
neg(Bach-41, n't-38)
advmod(Bach-41, quite-39)
nn(Bach-41, Catherine-40)
dep(admit-34, Bach-41)
punct(admit-34, ,-42)
cc(admit-34, but-43)
advmod(admit-34, still-44)
punct(admit-34, !-45)
punct(body-28, -RRB--46)

Sentence #7 (9 tokens):
, but besides that it is pretty boring.
[Text=, CharacterOffsetBegin=1213 CharacterOffsetEnd=1214 PartOfSpeech=,] [Text=but CharacterOffsetBegin=1215 CharacterOffsetEnd=1218 PartOfSpeech=CC] [Text=besides CharacterOffsetBegin=1219 CharacterOffsetEnd=1226 PartOfSpeech=IN] [Text=that CharacterOffsetBegin=1227 CharacterOffsetEnd=1231 PartOfSpeech=DT] [Text=it CharacterOffsetBegin=1232 CharacterOffsetEnd=1234 PartOfSpeech=PRP] [Text=is CharacterOffsetBegin=1235 CharacterOffsetEnd=1237 PartOfSpeech=VBZ] [Text=pretty CharacterOffsetBegin=1238 CharacterOffsetEnd=1244 PartOfSpeech=RB] [Text=boring CharacterOffsetBegin=1245 CharacterOffsetEnd=1251 PartOfSpeech=JJ] [Text=. CharacterOffsetBegin=1251 CharacterOffsetEnd=1252 PartOfSpeech=.] 
root(ROOT-0, boring-8)
punct(besides-3, ,-1)
cc(besides-3, but-2)
prep(boring-8, besides-3)
pobj(besides-3, that-4)
nsubj(boring-8, it-5)
cop(boring-8, is-6)
advmod(boring-8, pretty-7)
punct(boring-8, .-9)

Sentence #8 (35 tokens):
It was nominated the Razzies for Worst Picture, Worst Director for Jay Chandrasekhar, Worst Remake or Sequel, Worst Screen Couple for Simpson & Her "Daisy Dukes" and Worst Screenplay.
[Text=It CharacterOffsetBegin=1257 CharacterOffsetEnd=1259 PartOfSpeech=PRP] [Text=was CharacterOffsetBegin=1260 CharacterOffsetEnd=1263 PartOfSpeech=VBD] [Text=nominated CharacterOffsetBegin=1264 CharacterOffsetEnd=1273 PartOfSpeech=VBN] [Text=the CharacterOffsetBegin=1274 CharacterOffsetEnd=1277 PartOfSpeech=DT] [Text=Razzies CharacterOffsetBegin=1278 CharacterOffsetEnd=1285 PartOfSpeech=NNPS] [Text=for CharacterOffsetBegin=1286 CharacterOffsetEnd=1289 PartOfSpeech=IN] [Text=Worst CharacterOffsetBegin=1290 CharacterOffsetEnd=1295 PartOfSpeech=JJS] [Text=Picture CharacterOffsetBegin=1296 CharacterOffsetEnd=1303 PartOfSpeech=NNP] [Text=, CharacterOffsetBegin=1303 CharacterOffsetEnd=1304 PartOfSpeech=,] [Text=Worst CharacterOffsetBegin=1305 CharacterOffsetEnd=1310 PartOfSpeech=JJS] [Text=Director CharacterOffsetBegin=1311 CharacterOffsetEnd=1319 PartOfSpeech=NN] [Text=for CharacterOffsetBegin=1320 CharacterOffsetEnd=1323 PartOfSpeech=IN] [Text=Jay CharacterOffsetBegin=1324 CharacterOffsetEnd=1327 PartOfSpeech=NNP] [Text=Chandrasekhar CharacterOffsetBegin=1328 CharacterOffsetEnd=1341 PartOfSpeech=NNP] [Text=, CharacterOffsetBegin=1341 CharacterOffsetEnd=1342 PartOfSpeech=,] [Text=Worst CharacterOffsetBegin=1343 CharacterOffsetEnd=1348 PartOfSpeech=JJS] [Text=Remake CharacterOffsetBegin=1349 CharacterOffsetEnd=1355 PartOfSpeech=NN] [Text=or CharacterOffsetBegin=1356 CharacterOffsetEnd=1358 PartOfSpeech=CC] [Text=Sequel CharacterOffsetBegin=1359 CharacterOffsetEnd=1365 PartOfSpeech=NN] [Text=, CharacterOffsetBegin=1365 CharacterOffsetEnd=1366 PartOfSpeech=,] [Text=Worst CharacterOffsetBegin=1367 CharacterOffsetEnd=1372 PartOfSpeech=JJS] [Text=Screen CharacterOffsetBegin=1373 CharacterOffsetEnd=1379 PartOfSpeech=NN] [Text=Couple CharacterOffsetBegin=1380 CharacterOffsetEnd=1386 PartOfSpeech=NN] [Text=for CharacterOffsetBegin=1387 CharacterOffsetEnd=1390 PartOfSpeech=IN] [Text=Simpson CharacterOffsetBegin=1391 CharacterOffsetEnd=1398 PartOfSpeech=NNP] [Text=& CharacterOffsetBegin=1399 CharacterOffsetEnd=1400 PartOfSpeech=CC] [Text=Her CharacterOffsetBegin=1401 CharacterOffsetEnd=1404 PartOfSpeech=PRP$] [Text=`` CharacterOffsetBegin=1405 CharacterOffsetEnd=1406 PartOfSpeech=``] [Text=Daisy CharacterOffsetBegin=1406 CharacterOffsetEnd=1411 PartOfSpeech=NNP] [Text=Dukes CharacterOffsetBegin=1412 CharacterOffsetEnd=1417 PartOfSpeech=NNP] [Text='' CharacterOffsetBegin=1417 CharacterOffsetEnd=1418 PartOfSpeech=''] [Text=and CharacterOffsetBegin=1419 CharacterOffsetEnd=1422 PartOfSpeech=CC] [Text=Worst CharacterOffsetBegin=1423 CharacterOffsetEnd=1428 PartOfSpeech=JJS] [Text=Screenplay CharacterOffsetBegin=1429 CharacterOffsetEnd=1439 PartOfSpeech=NN] [Text=. CharacterOffsetBegin=1439 CharacterOffsetEnd=1440 PartOfSpeech=.] 
root(ROOT-0, nominated-3)
nsubjpass(nominated-3, It-1)
auxpass(nominated-3, was-2)
det(Razzies-5, the-4)
dobj(nominated-3, Razzies-5)
prep(Razzies-5, for-6)
amod(Director-11, Worst-7)
nn(Director-11, Picture-8)
punct(Director-11, ,-9)
amod(Director-11, Worst-10)
pobj(for-6, Director-11)
prep(Director-11, for-12)
nn(Chandrasekhar-14, Jay-13)
pobj(for-12, Chandrasekhar-14)
punct(Chandrasekhar-14, ,-15)
amod(Remake-17, Worst-16)
appos(Chandrasekhar-14, Remake-17)
cc(Remake-17, or-18)
conj(Remake-17, Sequel-19)
punct(Chandrasekhar-14, ,-20)
amod(Couple-23, Worst-21)
nn(Couple-23, Screen-22)
appos(Chandrasekhar-14, Couple-23)
prep(Couple-23, for-24)
pobj(for-24, Simpson-25)
cc(Simpson-25, &-26)
conj(Simpson-25, Her-27)
punct(Simpson-25, ``-28)
nn(Dukes-30, Daisy-29)
conj(Simpson-25, Dukes-30)
punct(Simpson-25, ''-31)
cc(Simpson-25, and-32)
amod(Screenplay-34, Worst-33)
conj(Simpson-25, Screenplay-34)
punct(nominated-3, .-35)

Sentence #9 (3 tokens):
Pretty poor!
[Text=Pretty CharacterOffsetBegin=1445 CharacterOffsetEnd=1451 PartOfSpeech=NNP] [Text=poor CharacterOffsetBegin=1452 CharacterOffsetEnd=1456 PartOfSpeech=JJ] [Text=! CharacterOffsetBegin=1456 CharacterOffsetEnd=1457 PartOfSpeech=.] 
root(ROOT-0, poor-2)
nn(poor-2, Pretty-1)
punct(poor-2, !-3)

