Sentence #1 (21 tokens):
Stephen King is generally known for the morbid, and that's fine, but this story is too morbid.
[Text=Stephen CharacterOffsetBegin=4 CharacterOffsetEnd=11 PartOfSpeech=NNP] [Text=King CharacterOffsetBegin=12 CharacterOffsetEnd=16 PartOfSpeech=NNP] [Text=is CharacterOffsetBegin=17 CharacterOffsetEnd=19 PartOfSpeech=VBZ] [Text=generally CharacterOffsetBegin=20 CharacterOffsetEnd=29 PartOfSpeech=RB] [Text=known CharacterOffsetBegin=30 CharacterOffsetEnd=35 PartOfSpeech=VBN] [Text=for CharacterOffsetBegin=36 CharacterOffsetEnd=39 PartOfSpeech=IN] [Text=the CharacterOffsetBegin=40 CharacterOffsetEnd=43 PartOfSpeech=DT] [Text=morbid CharacterOffsetBegin=44 CharacterOffsetEnd=50 PartOfSpeech=JJ] [Text=, CharacterOffsetBegin=50 CharacterOffsetEnd=51 PartOfSpeech=,] [Text=and CharacterOffsetBegin=52 CharacterOffsetEnd=55 PartOfSpeech=CC] [Text=that CharacterOffsetBegin=56 CharacterOffsetEnd=60 PartOfSpeech=DT] [Text='s CharacterOffsetBegin=60 CharacterOffsetEnd=62 PartOfSpeech=VBZ] [Text=fine CharacterOffsetBegin=63 CharacterOffsetEnd=67 PartOfSpeech=JJ] [Text=, CharacterOffsetBegin=67 CharacterOffsetEnd=68 PartOfSpeech=,] [Text=but CharacterOffsetBegin=69 CharacterOffsetEnd=72 PartOfSpeech=CC] [Text=this CharacterOffsetBegin=73 CharacterOffsetEnd=77 PartOfSpeech=DT] [Text=story CharacterOffsetBegin=78 CharacterOffsetEnd=83 PartOfSpeech=NN] [Text=is CharacterOffsetBegin=84 CharacterOffsetEnd=86 PartOfSpeech=VBZ] [Text=too CharacterOffsetBegin=87 CharacterOffsetEnd=90 PartOfSpeech=RB] [Text=morbid CharacterOffsetBegin=91 CharacterOffsetEnd=97 PartOfSpeech=JJ] [Text=. CharacterOffsetBegin=97 CharacterOffsetEnd=98 PartOfSpeech=.] 
root(ROOT-0, known-5)
nn(King-2, Stephen-1)
nsubjpass(known-5, King-2)
auxpass(known-5, is-3)
advmod(known-5, generally-4)
prep(known-5, for-6)
det(morbid-8, the-7)
pobj(for-6, morbid-8)
punct(known-5, ,-9)
cc(known-5, and-10)
nsubj(fine-13, that-11)
cop(fine-13, 's-12)
conj(known-5, fine-13)
punct(known-5, ,-14)
cc(known-5, but-15)
det(story-17, this-16)
nsubj(morbid-20, story-17)
cop(morbid-20, is-18)
advmod(morbid-20, too-19)
conj(known-5, morbid-20)
punct(known-5, .-21)

Sentence #2 (26 tokens):
Some movies, by the end you feel sad for the characters or the situations they were put through...here you just feel depressed.
[Text=Some CharacterOffsetBegin=103 CharacterOffsetEnd=107 PartOfSpeech=DT] [Text=movies CharacterOffsetBegin=108 CharacterOffsetEnd=114 PartOfSpeech=NNS] [Text=, CharacterOffsetBegin=114 CharacterOffsetEnd=115 PartOfSpeech=,] [Text=by CharacterOffsetBegin=116 CharacterOffsetEnd=118 PartOfSpeech=IN] [Text=the CharacterOffsetBegin=119 CharacterOffsetEnd=122 PartOfSpeech=DT] [Text=end CharacterOffsetBegin=123 CharacterOffsetEnd=126 PartOfSpeech=NN] [Text=you CharacterOffsetBegin=127 CharacterOffsetEnd=130 PartOfSpeech=PRP] [Text=feel CharacterOffsetBegin=131 CharacterOffsetEnd=135 PartOfSpeech=VBP] [Text=sad CharacterOffsetBegin=136 CharacterOffsetEnd=139 PartOfSpeech=JJ] [Text=for CharacterOffsetBegin=140 CharacterOffsetEnd=143 PartOfSpeech=IN] [Text=the CharacterOffsetBegin=144 CharacterOffsetEnd=147 PartOfSpeech=DT] [Text=characters CharacterOffsetBegin=148 CharacterOffsetEnd=158 PartOfSpeech=NNS] [Text=or CharacterOffsetBegin=159 CharacterOffsetEnd=161 PartOfSpeech=CC] [Text=the CharacterOffsetBegin=162 CharacterOffsetEnd=165 PartOfSpeech=DT] [Text=situations CharacterOffsetBegin=166 CharacterOffsetEnd=176 PartOfSpeech=NNS] [Text=they CharacterOffsetBegin=177 CharacterOffsetEnd=181 PartOfSpeech=PRP] [Text=were CharacterOffsetBegin=182 CharacterOffsetEnd=186 PartOfSpeech=VBD] [Text=put CharacterOffsetBegin=187 CharacterOffsetEnd=190 PartOfSpeech=VBN] [Text=through CharacterOffsetBegin=191 CharacterOffsetEnd=198 PartOfSpeech=IN] [Text=... CharacterOffsetBegin=198 CharacterOffsetEnd=201 PartOfSpeech=:] [Text=here CharacterOffsetBegin=201 CharacterOffsetEnd=205 PartOfSpeech=RB] [Text=you CharacterOffsetBegin=206 CharacterOffsetEnd=209 PartOfSpeech=PRP] [Text=just CharacterOffsetBegin=210 CharacterOffsetEnd=214 PartOfSpeech=RB] [Text=feel CharacterOffsetBegin=215 CharacterOffsetEnd=219 PartOfSpeech=VBP] [Text=depressed CharacterOffsetBegin=220 CharacterOffsetEnd=229 PartOfSpeech=JJ] [Text=. CharacterOffsetBegin=229 CharacterOffsetEnd=230 PartOfSpeech=.] 
root(ROOT-0, movies-2)
det(movies-2, Some-1)
punct(movies-2, ,-3)
prep(movies-2, by-4)
det(end-6, the-5)
pobj(by-4, end-6)
nsubj(feel-8, you-7)
rcmod(movies-2, feel-8)
acomp(feel-8, sad-9)
prep(feel-8, for-10)
det(characters-12, the-11)
pobj(for-10, characters-12)
cc(characters-12, or-13)
det(situations-15, the-14)
conj(characters-12, situations-15)
nsubjpass(put-18, they-16)
auxpass(put-18, were-17)
rcmod(situations-15, put-18)
advmod(put-18, through-19)
punct(movies-2, ...-20)
advmod(feel-24, here-21)
nsubj(feel-24, you-22)
advmod(feel-24, just-23)
dep(movies-2, feel-24)
acomp(feel-24, depressed-25)
punct(movies-2, .-26)

Sentence #3 (41 tokens):
The movie has a nice feel to it (at first), with the family moving to the country, and creepy old Fred Gwyne greeting and warning them of the pet cemetery, but this plot leads nowhere.
[Text=The CharacterOffsetBegin=235 CharacterOffsetEnd=238 PartOfSpeech=DT] [Text=movie CharacterOffsetBegin=239 CharacterOffsetEnd=244 PartOfSpeech=NN] [Text=has CharacterOffsetBegin=245 CharacterOffsetEnd=248 PartOfSpeech=VBZ] [Text=a CharacterOffsetBegin=249 CharacterOffsetEnd=250 PartOfSpeech=DT] [Text=nice CharacterOffsetBegin=251 CharacterOffsetEnd=255 PartOfSpeech=JJ] [Text=feel CharacterOffsetBegin=256 CharacterOffsetEnd=260 PartOfSpeech=NN] [Text=to CharacterOffsetBegin=261 CharacterOffsetEnd=263 PartOfSpeech=TO] [Text=it CharacterOffsetBegin=264 CharacterOffsetEnd=266 PartOfSpeech=PRP] [Text=-LRB- CharacterOffsetBegin=267 CharacterOffsetEnd=268 PartOfSpeech=-LRB-] [Text=at CharacterOffsetBegin=268 CharacterOffsetEnd=270 PartOfSpeech=IN] [Text=first CharacterOffsetBegin=271 CharacterOffsetEnd=276 PartOfSpeech=JJ] [Text=-RRB- CharacterOffsetBegin=276 CharacterOffsetEnd=277 PartOfSpeech=-RRB-] [Text=, CharacterOffsetBegin=277 CharacterOffsetEnd=278 PartOfSpeech=,] [Text=with CharacterOffsetBegin=279 CharacterOffsetEnd=283 PartOfSpeech=IN] [Text=the CharacterOffsetBegin=284 CharacterOffsetEnd=287 PartOfSpeech=DT] [Text=family CharacterOffsetBegin=288 CharacterOffsetEnd=294 PartOfSpeech=NN] [Text=moving CharacterOffsetBegin=295 CharacterOffsetEnd=301 PartOfSpeech=VBG] [Text=to CharacterOffsetBegin=302 CharacterOffsetEnd=304 PartOfSpeech=TO] [Text=the CharacterOffsetBegin=305 CharacterOffsetEnd=308 PartOfSpeech=DT] [Text=country CharacterOffsetBegin=309 CharacterOffsetEnd=316 PartOfSpeech=NN] [Text=, CharacterOffsetBegin=316 CharacterOffsetEnd=317 PartOfSpeech=,] [Text=and CharacterOffsetBegin=318 CharacterOffsetEnd=321 PartOfSpeech=CC] [Text=creepy CharacterOffsetBegin=322 CharacterOffsetEnd=328 PartOfSpeech=JJ] [Text=old CharacterOffsetBegin=329 CharacterOffsetEnd=332 PartOfSpeech=JJ] [Text=Fred CharacterOffsetBegin=333 CharacterOffsetEnd=337 PartOfSpeech=NNP] [Text=Gwyne CharacterOffsetBegin=338 CharacterOffsetEnd=343 PartOfSpeech=NNP] [Text=greeting CharacterOffsetBegin=344 CharacterOffsetEnd=352 PartOfSpeech=VBG] [Text=and CharacterOffsetBegin=353 CharacterOffsetEnd=356 PartOfSpeech=CC] [Text=warning CharacterOffsetBegin=357 CharacterOffsetEnd=364 PartOfSpeech=VBG] [Text=them CharacterOffsetBegin=365 CharacterOffsetEnd=369 PartOfSpeech=PRP] [Text=of CharacterOffsetBegin=370 CharacterOffsetEnd=372 PartOfSpeech=IN] [Text=the CharacterOffsetBegin=373 CharacterOffsetEnd=376 PartOfSpeech=DT] [Text=pet CharacterOffsetBegin=377 CharacterOffsetEnd=380 PartOfSpeech=NN] [Text=cemetery CharacterOffsetBegin=381 CharacterOffsetEnd=389 PartOfSpeech=NN] [Text=, CharacterOffsetBegin=389 CharacterOffsetEnd=390 PartOfSpeech=,] [Text=but CharacterOffsetBegin=391 CharacterOffsetEnd=394 PartOfSpeech=CC] [Text=this CharacterOffsetBegin=395 CharacterOffsetEnd=399 PartOfSpeech=DT] [Text=plot CharacterOffsetBegin=400 CharacterOffsetEnd=404 PartOfSpeech=NN] [Text=leads CharacterOffsetBegin=405 CharacterOffsetEnd=410 PartOfSpeech=VBZ] [Text=nowhere CharacterOffsetBegin=411 CharacterOffsetEnd=418 PartOfSpeech=RB] [Text=. CharacterOffsetBegin=418 CharacterOffsetEnd=419 PartOfSpeech=.] 
root(ROOT-0, has-3)
det(movie-2, The-1)
nsubj(has-3, movie-2)
det(feel-6, a-4)
amod(feel-6, nice-5)
dobj(has-3, feel-6)
aux(leads-39, to-7)
nsubj(leads-39, it-8)
punct(leads-39, -LRB--9)
prep(leads-39, at-10)
advmod(old-24, first-11)
punct(old-24, -RRB--12)
punct(old-24, ,-13)
prep(old-24, with-14)
det(family-16, the-15)
nsubj(moving-17, family-16)
pcomp(with-14, moving-17)
prep(moving-17, to-18)
det(country-20, the-19)
pobj(to-18, country-20)
punct(old-24, ,-21)
cc(old-24, and-22)
conj(old-24, creepy-23)
pcomp(at-10, old-24)
nn(Gwyne-26, Fred-25)
nsubj(greeting-27, Gwyne-26)
ccomp(old-24, greeting-27)
cc(greeting-27, and-28)
conj(greeting-27, warning-29)
dobj(warning-29, them-30)
prep(them-30, of-31)
det(cemetery-34, the-32)
nn(cemetery-34, pet-33)
pobj(of-31, cemetery-34)
punct(leads-39, ,-35)
cc(leads-39, but-36)
det(plot-38, this-37)
nsubj(leads-39, plot-38)
infmod(feel-6, leads-39)
dobj(leads-39, nowhere-40)
punct(has-3, .-41)

Sentence #4 (63 tokens):
It starts with so much potential, but by the end, it loses the potential to be a good horror movie, and becomes corny, extremely stupid, and ultimately depressing.Louis (Dale Midkoff), his wife Rachel (Denise Crosby), their kids Ellie and Gage, and their cat move to a new home in Maine.
[Text=It CharacterOffsetBegin=424 CharacterOffsetEnd=426 PartOfSpeech=PRP] [Text=starts CharacterOffsetBegin=427 CharacterOffsetEnd=433 PartOfSpeech=VBZ] [Text=with CharacterOffsetBegin=434 CharacterOffsetEnd=438 PartOfSpeech=IN] [Text=so CharacterOffsetBegin=439 CharacterOffsetEnd=441 PartOfSpeech=RB] [Text=much CharacterOffsetBegin=442 CharacterOffsetEnd=446 PartOfSpeech=JJ] [Text=potential CharacterOffsetBegin=447 CharacterOffsetEnd=456 PartOfSpeech=NN] [Text=, CharacterOffsetBegin=456 CharacterOffsetEnd=457 PartOfSpeech=,] [Text=but CharacterOffsetBegin=458 CharacterOffsetEnd=461 PartOfSpeech=CC] [Text=by CharacterOffsetBegin=462 CharacterOffsetEnd=464 PartOfSpeech=IN] [Text=the CharacterOffsetBegin=465 CharacterOffsetEnd=468 PartOfSpeech=DT] [Text=end CharacterOffsetBegin=469 CharacterOffsetEnd=472 PartOfSpeech=NN] [Text=, CharacterOffsetBegin=472 CharacterOffsetEnd=473 PartOfSpeech=,] [Text=it CharacterOffsetBegin=474 CharacterOffsetEnd=476 PartOfSpeech=PRP] [Text=loses CharacterOffsetBegin=477 CharacterOffsetEnd=482 PartOfSpeech=VBZ] [Text=the CharacterOffsetBegin=483 CharacterOffsetEnd=486 PartOfSpeech=DT] [Text=potential CharacterOffsetBegin=487 CharacterOffsetEnd=496 PartOfSpeech=JJ] [Text=to CharacterOffsetBegin=497 CharacterOffsetEnd=499 PartOfSpeech=TO] [Text=be CharacterOffsetBegin=500 CharacterOffsetEnd=502 PartOfSpeech=VB] [Text=a CharacterOffsetBegin=503 CharacterOffsetEnd=504 PartOfSpeech=DT] [Text=good CharacterOffsetBegin=505 CharacterOffsetEnd=509 PartOfSpeech=JJ] [Text=horror CharacterOffsetBegin=510 CharacterOffsetEnd=516 PartOfSpeech=NN] [Text=movie CharacterOffsetBegin=517 CharacterOffsetEnd=522 PartOfSpeech=NN] [Text=, CharacterOffsetBegin=522 CharacterOffsetEnd=523 PartOfSpeech=,] [Text=and CharacterOffsetBegin=524 CharacterOffsetEnd=527 PartOfSpeech=CC] [Text=becomes CharacterOffsetBegin=528 CharacterOffsetEnd=535 PartOfSpeech=VBZ] [Text=corny CharacterOffsetBegin=536 CharacterOffsetEnd=541 PartOfSpeech=JJ] [Text=, CharacterOffsetBegin=541 CharacterOffsetEnd=542 PartOfSpeech=,] [Text=extremely CharacterOffsetBegin=543 CharacterOffsetEnd=552 PartOfSpeech=RB] [Text=stupid CharacterOffsetBegin=553 CharacterOffsetEnd=559 PartOfSpeech=JJ] [Text=, CharacterOffsetBegin=559 CharacterOffsetEnd=560 PartOfSpeech=,] [Text=and CharacterOffsetBegin=561 CharacterOffsetEnd=564 PartOfSpeech=CC] [Text=ultimately CharacterOffsetBegin=565 CharacterOffsetEnd=575 PartOfSpeech=RB] [Text=depressing.Louis CharacterOffsetBegin=576 CharacterOffsetEnd=592 PartOfSpeech=NN] [Text=-LRB- CharacterOffsetBegin=593 CharacterOffsetEnd=594 PartOfSpeech=-LRB-] [Text=Dale CharacterOffsetBegin=594 CharacterOffsetEnd=598 PartOfSpeech=NNP] [Text=Midkoff CharacterOffsetBegin=599 CharacterOffsetEnd=606 PartOfSpeech=NNP] [Text=-RRB- CharacterOffsetBegin=606 CharacterOffsetEnd=607 PartOfSpeech=-RRB-] [Text=, CharacterOffsetBegin=607 CharacterOffsetEnd=608 PartOfSpeech=,] [Text=his CharacterOffsetBegin=609 CharacterOffsetEnd=612 PartOfSpeech=PRP$] [Text=wife CharacterOffsetBegin=613 CharacterOffsetEnd=617 PartOfSpeech=NN] [Text=Rachel CharacterOffsetBegin=618 CharacterOffsetEnd=624 PartOfSpeech=NNP] [Text=-LRB- CharacterOffsetBegin=625 CharacterOffsetEnd=626 PartOfSpeech=-LRB-] [Text=Denise CharacterOffsetBegin=626 CharacterOffsetEnd=632 PartOfSpeech=NNP] [Text=Crosby CharacterOffsetBegin=633 CharacterOffsetEnd=639 PartOfSpeech=NNP] [Text=-RRB- CharacterOffsetBegin=639 CharacterOffsetEnd=640 PartOfSpeech=-RRB-] [Text=, CharacterOffsetBegin=640 CharacterOffsetEnd=641 PartOfSpeech=,] [Text=their CharacterOffsetBegin=642 CharacterOffsetEnd=647 PartOfSpeech=PRP$] [Text=kids CharacterOffsetBegin=648 CharacterOffsetEnd=652 PartOfSpeech=NNS] [Text=Ellie CharacterOffsetBegin=653 CharacterOffsetEnd=658 PartOfSpeech=NNP] [Text=and CharacterOffsetBegin=659 CharacterOffsetEnd=662 PartOfSpeech=CC] [Text=Gage CharacterOffsetBegin=663 CharacterOffsetEnd=667 PartOfSpeech=NNP] [Text=, CharacterOffsetBegin=667 CharacterOffsetEnd=668 PartOfSpeech=,] [Text=and CharacterOffsetBegin=669 CharacterOffsetEnd=672 PartOfSpeech=CC] [Text=their CharacterOffsetBegin=673 CharacterOffsetEnd=678 PartOfSpeech=PRP$] [Text=cat CharacterOffsetBegin=679 CharacterOffsetEnd=682 PartOfSpeech=NN] [Text=move CharacterOffsetBegin=683 CharacterOffsetEnd=687 PartOfSpeech=NN] [Text=to CharacterOffsetBegin=688 CharacterOffsetEnd=690 PartOfSpeech=TO] [Text=a CharacterOffsetBegin=691 CharacterOffsetEnd=692 PartOfSpeech=DT] [Text=new CharacterOffsetBegin=693 CharacterOffsetEnd=696 PartOfSpeech=JJ] [Text=home CharacterOffsetBegin=697 CharacterOffsetEnd=701 PartOfSpeech=NN] [Text=in CharacterOffsetBegin=702 CharacterOffsetEnd=704 PartOfSpeech=IN] [Text=Maine CharacterOffsetBegin=705 CharacterOffsetEnd=710 PartOfSpeech=NNP] [Text=. CharacterOffsetBegin=710 CharacterOffsetEnd=711 PartOfSpeech=.] 
root(ROOT-0, starts-2)
nsubj(starts-2, It-1)
prep(starts-2, with-3)
advmod(much-5, so-4)
amod(potential-6, much-5)
pobj(with-3, potential-6)
punct(starts-2, ,-7)
cc(starts-2, but-8)
prep(loses-14, by-9)
det(end-11, the-10)
pobj(by-9, end-11)
punct(loses-14, ,-12)
nsubj(loses-14, it-13)
conj(starts-2, loses-14)
det(potential-16, the-15)
dobj(loses-14, potential-16)
aux(movie-22, to-17)
cop(movie-22, be-18)
det(movie-22, a-19)
amod(movie-22, good-20)
nn(movie-22, horror-21)
infmod(potential-16, movie-22)
punct(movie-22, ,-23)
cc(movie-22, and-24)
cop(corny-26, becomes-25)
conj(movie-22, corny-26)
punct(movie-22, ,-27)
advmod(stupid-29, extremely-28)
conj(movie-22, stupid-29)
punct(movie-22, ,-30)
cc(movie-22, and-31)
advmod(movie-22, ultimately-32)
dep(ultimately-32, depressing.Louis-33)
punct(Midkoff-36, -LRB--34)
nn(Midkoff-36, Dale-35)
appos(depressing.Louis-33, Midkoff-36)
punct(Midkoff-36, -RRB--37)
punct(depressing.Louis-33, ,-38)
poss(wife-40, his-39)
appos(depressing.Louis-33, wife-40)
dep(wife-40, Rachel-41)
punct(Crosby-44, -LRB--42)
nn(Crosby-44, Denise-43)
appos(Rachel-41, Crosby-44)
punct(Crosby-44, -RRB--45)
punct(Rachel-41, ,-46)
poss(kids-48, their-47)
appos(Rachel-41, kids-48)
dep(kids-48, Ellie-49)
cc(Ellie-49, and-50)
conj(Ellie-49, Gage-51)
punct(Rachel-41, ,-52)
cc(wife-40, and-53)
poss(move-56, their-54)
nn(move-56, cat-55)
conj(wife-40, move-56)
prep(wife-40, to-57)
det(home-60, a-58)
amod(home-60, new-59)
pobj(to-57, home-60)
prep(home-60, in-61)
pobj(in-61, Maine-62)
punct(starts-2, .-63)

Sentence #5 (24 tokens):
They are warned by the loony farmer neighbor Jud (Fred Gwyne) about the local pet cemetery and how it is cursed.
[Text=They CharacterOffsetBegin=716 CharacterOffsetEnd=720 PartOfSpeech=PRP] [Text=are CharacterOffsetBegin=721 CharacterOffsetEnd=724 PartOfSpeech=VBP] [Text=warned CharacterOffsetBegin=725 CharacterOffsetEnd=731 PartOfSpeech=VBN] [Text=by CharacterOffsetBegin=732 CharacterOffsetEnd=734 PartOfSpeech=IN] [Text=the CharacterOffsetBegin=735 CharacterOffsetEnd=738 PartOfSpeech=DT] [Text=loony CharacterOffsetBegin=739 CharacterOffsetEnd=744 PartOfSpeech=JJ] [Text=farmer CharacterOffsetBegin=745 CharacterOffsetEnd=751 PartOfSpeech=NN] [Text=neighbor CharacterOffsetBegin=752 CharacterOffsetEnd=760 PartOfSpeech=NN] [Text=Jud CharacterOffsetBegin=761 CharacterOffsetEnd=764 PartOfSpeech=NN] [Text=-LRB- CharacterOffsetBegin=765 CharacterOffsetEnd=766 PartOfSpeech=-LRB-] [Text=Fred CharacterOffsetBegin=766 CharacterOffsetEnd=770 PartOfSpeech=NNP] [Text=Gwyne CharacterOffsetBegin=771 CharacterOffsetEnd=776 PartOfSpeech=NNP] [Text=-RRB- CharacterOffsetBegin=776 CharacterOffsetEnd=777 PartOfSpeech=-RRB-] [Text=about CharacterOffsetBegin=778 CharacterOffsetEnd=783 PartOfSpeech=IN] [Text=the CharacterOffsetBegin=784 CharacterOffsetEnd=787 PartOfSpeech=DT] [Text=local CharacterOffsetBegin=788 CharacterOffsetEnd=793 PartOfSpeech=JJ] [Text=pet CharacterOffsetBegin=794 CharacterOffsetEnd=797 PartOfSpeech=NN] [Text=cemetery CharacterOffsetBegin=798 CharacterOffsetEnd=806 PartOfSpeech=NN] [Text=and CharacterOffsetBegin=807 CharacterOffsetEnd=810 PartOfSpeech=CC] [Text=how CharacterOffsetBegin=811 CharacterOffsetEnd=814 PartOfSpeech=WRB] [Text=it CharacterOffsetBegin=815 CharacterOffsetEnd=817 PartOfSpeech=PRP] [Text=is CharacterOffsetBegin=818 CharacterOffsetEnd=820 PartOfSpeech=VBZ] [Text=cursed CharacterOffsetBegin=821 CharacterOffsetEnd=827 PartOfSpeech=VBN] [Text=. CharacterOffsetBegin=827 CharacterOffsetEnd=828 PartOfSpeech=.] 
root(ROOT-0, warned-3)
nsubjpass(warned-3, They-1)
auxpass(warned-3, are-2)
prep(warned-3, by-4)
pobj(by-4, the-5)
amod(the-5, loony-6)
dep(loony-6, farmer-7)
amod(farmer-7, neighbor-8)
dep(neighbor-8, Jud-9)
punct(Gwyne-12, -LRB--10)
nn(Gwyne-12, Fred-11)
appos(Jud-9, Gwyne-12)
punct(Gwyne-12, -RRB--13)
prep(Jud-9, about-14)
det(cemetery-18, the-15)
amod(cemetery-18, local-16)
nn(cemetery-18, pet-17)
pobj(about-14, cemetery-18)
cc(farmer-7, and-19)
advmod(cursed-23, how-20)
nsubj(cursed-23, it-21)
cop(cursed-23, is-22)
conj(farmer-7, cursed-23)
punct(warned-3, .-24)

Sentence #6 (16 tokens):
Louis thinks nothing of this and everything's fine until the family cat is killed.
[Text=Louis CharacterOffsetBegin=833 CharacterOffsetEnd=838 PartOfSpeech=NNP] [Text=thinks CharacterOffsetBegin=839 CharacterOffsetEnd=845 PartOfSpeech=VBZ] [Text=nothing CharacterOffsetBegin=846 CharacterOffsetEnd=853 PartOfSpeech=NN] [Text=of CharacterOffsetBegin=854 CharacterOffsetEnd=856 PartOfSpeech=IN] [Text=this CharacterOffsetBegin=857 CharacterOffsetEnd=861 PartOfSpeech=DT] [Text=and CharacterOffsetBegin=862 CharacterOffsetEnd=865 PartOfSpeech=CC] [Text=everything CharacterOffsetBegin=866 CharacterOffsetEnd=876 PartOfSpeech=NN] [Text='s CharacterOffsetBegin=876 CharacterOffsetEnd=878 PartOfSpeech=POS] [Text=fine CharacterOffsetBegin=879 CharacterOffsetEnd=883 PartOfSpeech=NN] [Text=until CharacterOffsetBegin=884 CharacterOffsetEnd=889 PartOfSpeech=IN] [Text=the CharacterOffsetBegin=890 CharacterOffsetEnd=893 PartOfSpeech=DT] [Text=family CharacterOffsetBegin=894 CharacterOffsetEnd=900 PartOfSpeech=NN] [Text=cat CharacterOffsetBegin=901 CharacterOffsetEnd=904 PartOfSpeech=NN] [Text=is CharacterOffsetBegin=905 CharacterOffsetEnd=907 PartOfSpeech=VBZ] [Text=killed CharacterOffsetBegin=908 CharacterOffsetEnd=914 PartOfSpeech=VBN] [Text=. CharacterOffsetBegin=914 CharacterOffsetEnd=915 PartOfSpeech=.] 
root(ROOT-0, thinks-2)
nsubj(thinks-2, Louis-1)
dobj(thinks-2, nothing-3)
prep(nothing-3, of-4)
pobj(of-4, this-5)
cc(this-5, and-6)
nsubj(fine-9, everything-7)
cop(fine-9, 's-8)
conj(this-5, fine-9)
mark(killed-15, until-10)
det(cat-13, the-11)
nn(cat-13, family-12)
nsubjpass(killed-15, cat-13)
auxpass(killed-15, is-14)
advcl(thinks-2, killed-15)
punct(thinks-2, .-16)

Sentence #7 (27 tokens):
He bury's it in the cursed cemetery and it comes back to life, constantly hissing at the family and wanting to be left alone.
[Text=He CharacterOffsetBegin=920 CharacterOffsetEnd=922 PartOfSpeech=PRP] [Text=bury CharacterOffsetBegin=923 CharacterOffsetEnd=927 PartOfSpeech=VBP] [Text='s CharacterOffsetBegin=927 CharacterOffsetEnd=929 PartOfSpeech=POS] [Text=it CharacterOffsetBegin=930 CharacterOffsetEnd=932 PartOfSpeech=PRP] [Text=in CharacterOffsetBegin=933 CharacterOffsetEnd=935 PartOfSpeech=IN] [Text=the CharacterOffsetBegin=936 CharacterOffsetEnd=939 PartOfSpeech=DT] [Text=cursed CharacterOffsetBegin=940 CharacterOffsetEnd=946 PartOfSpeech=JJ] [Text=cemetery CharacterOffsetBegin=947 CharacterOffsetEnd=955 PartOfSpeech=NN] [Text=and CharacterOffsetBegin=956 CharacterOffsetEnd=959 PartOfSpeech=CC] [Text=it CharacterOffsetBegin=960 CharacterOffsetEnd=962 PartOfSpeech=PRP] [Text=comes CharacterOffsetBegin=963 CharacterOffsetEnd=968 PartOfSpeech=VBZ] [Text=back CharacterOffsetBegin=969 CharacterOffsetEnd=973 PartOfSpeech=RB] [Text=to CharacterOffsetBegin=974 CharacterOffsetEnd=976 PartOfSpeech=TO] [Text=life CharacterOffsetBegin=977 CharacterOffsetEnd=981 PartOfSpeech=NN] [Text=, CharacterOffsetBegin=981 CharacterOffsetEnd=982 PartOfSpeech=,] [Text=constantly CharacterOffsetBegin=983 CharacterOffsetEnd=993 PartOfSpeech=RB] [Text=hissing CharacterOffsetBegin=994 CharacterOffsetEnd=1001 PartOfSpeech=VBG] [Text=at CharacterOffsetBegin=1002 CharacterOffsetEnd=1004 PartOfSpeech=IN] [Text=the CharacterOffsetBegin=1005 CharacterOffsetEnd=1008 PartOfSpeech=DT] [Text=family CharacterOffsetBegin=1009 CharacterOffsetEnd=1015 PartOfSpeech=NN] [Text=and CharacterOffsetBegin=1016 CharacterOffsetEnd=1019 PartOfSpeech=CC] [Text=wanting CharacterOffsetBegin=1020 CharacterOffsetEnd=1027 PartOfSpeech=VBG] [Text=to CharacterOffsetBegin=1028 CharacterOffsetEnd=1030 PartOfSpeech=TO] [Text=be CharacterOffsetBegin=1031 CharacterOffsetEnd=1033 PartOfSpeech=VB] [Text=left CharacterOffsetBegin=1034 CharacterOffsetEnd=1038 PartOfSpeech=VBN] [Text=alone CharacterOffsetBegin=1039 CharacterOffsetEnd=1044 PartOfSpeech=RB] [Text=. CharacterOffsetBegin=1044 CharacterOffsetEnd=1045 PartOfSpeech=.] 
root(ROOT-0, bury-2)
nsubj(bury-2, He-1)
dobj(bury-2, 's-3)
nsubj('s-3, it-4)
prep('s-3, in-5)
det(cemetery-8, the-6)
amod(cemetery-8, cursed-7)
pobj(in-5, cemetery-8)
cc(bury-2, and-9)
nsubj(comes-11, it-10)
conj(bury-2, comes-11)
advmod(comes-11, back-12)
prep(back-12, to-13)
pobj(to-13, life-14)
punct(bury-2, ,-15)
advmod(hissing-17, constantly-16)
conj(bury-2, hissing-17)
prep(hissing-17, at-18)
det(family-20, the-19)
pobj(at-18, family-20)
cc(bury-2, and-21)
conj(bury-2, wanting-22)
aux(left-25, to-23)
auxpass(left-25, be-24)
xcomp(wanting-22, left-25)
advmod(left-25, alone-26)
punct(bury-2, .-27)

Sentence #8 (31 tokens):
One day, infant Gage runs out in the road and is run over and killed by a truck, and Louis knows he must bury him in the cemetery.
[Text=One CharacterOffsetBegin=1050 CharacterOffsetEnd=1053 PartOfSpeech=CD] [Text=day CharacterOffsetBegin=1054 CharacterOffsetEnd=1057 PartOfSpeech=NN] [Text=, CharacterOffsetBegin=1057 CharacterOffsetEnd=1058 PartOfSpeech=,] [Text=infant CharacterOffsetBegin=1059 CharacterOffsetEnd=1065 PartOfSpeech=NN] [Text=Gage CharacterOffsetBegin=1066 CharacterOffsetEnd=1070 PartOfSpeech=NNP] [Text=runs CharacterOffsetBegin=1071 CharacterOffsetEnd=1075 PartOfSpeech=VBZ] [Text=out CharacterOffsetBegin=1076 CharacterOffsetEnd=1079 PartOfSpeech=RP] [Text=in CharacterOffsetBegin=1080 CharacterOffsetEnd=1082 PartOfSpeech=IN] [Text=the CharacterOffsetBegin=1083 CharacterOffsetEnd=1086 PartOfSpeech=DT] [Text=road CharacterOffsetBegin=1087 CharacterOffsetEnd=1091 PartOfSpeech=NN] [Text=and CharacterOffsetBegin=1092 CharacterOffsetEnd=1095 PartOfSpeech=CC] [Text=is CharacterOffsetBegin=1096 CharacterOffsetEnd=1098 PartOfSpeech=VBZ] [Text=run CharacterOffsetBegin=1099 CharacterOffsetEnd=1102 PartOfSpeech=VBN] [Text=over CharacterOffsetBegin=1103 CharacterOffsetEnd=1107 PartOfSpeech=IN] [Text=and CharacterOffsetBegin=1108 CharacterOffsetEnd=1111 PartOfSpeech=CC] [Text=killed CharacterOffsetBegin=1112 CharacterOffsetEnd=1118 PartOfSpeech=VBN] [Text=by CharacterOffsetBegin=1119 CharacterOffsetEnd=1121 PartOfSpeech=IN] [Text=a CharacterOffsetBegin=1122 CharacterOffsetEnd=1123 PartOfSpeech=DT] [Text=truck CharacterOffsetBegin=1124 CharacterOffsetEnd=1129 PartOfSpeech=NN] [Text=, CharacterOffsetBegin=1129 CharacterOffsetEnd=1130 PartOfSpeech=,] [Text=and CharacterOffsetBegin=1131 CharacterOffsetEnd=1134 PartOfSpeech=CC] [Text=Louis CharacterOffsetBegin=1135 CharacterOffsetEnd=1140 PartOfSpeech=NNP] [Text=knows CharacterOffsetBegin=1141 CharacterOffsetEnd=1146 PartOfSpeech=VBZ] [Text=he CharacterOffsetBegin=1147 CharacterOffsetEnd=1149 PartOfSpeech=PRP] [Text=must CharacterOffsetBegin=1150 CharacterOffsetEnd=1154 PartOfSpeech=MD] [Text=bury CharacterOffsetBegin=1155 CharacterOffsetEnd=1159 PartOfSpeech=VB] [Text=him CharacterOffsetBegin=1160 CharacterOffsetEnd=1163 PartOfSpeech=PRP] [Text=in CharacterOffsetBegin=1164 CharacterOffsetEnd=1166 PartOfSpeech=IN] [Text=the CharacterOffsetBegin=1167 CharacterOffsetEnd=1170 PartOfSpeech=DT] [Text=cemetery CharacterOffsetBegin=1171 CharacterOffsetEnd=1179 PartOfSpeech=NN] [Text=. CharacterOffsetBegin=1179 CharacterOffsetEnd=1180 PartOfSpeech=.] 
root(ROOT-0, runs-6)
num(day-2, One-1)
tmod(runs-6, day-2)
punct(runs-6, ,-3)
nn(Gage-5, infant-4)
nsubj(runs-6, Gage-5)
prt(runs-6, out-7)
prep(runs-6, in-8)
det(road-10, the-9)
pobj(in-8, road-10)
cc(runs-6, and-11)
auxpass(run-13, is-12)
conj(runs-6, run-13)
prep(run-13, over-14)
cc(over-14, and-15)
conj(over-14, killed-16)
prep(run-13, by-17)
det(truck-19, a-18)
pobj(by-17, truck-19)
punct(runs-6, ,-20)
cc(runs-6, and-21)
nsubj(knows-23, Louis-22)
conj(runs-6, knows-23)
nsubj(bury-26, he-24)
aux(bury-26, must-25)
ccomp(knows-23, bury-26)
dobj(bury-26, him-27)
prep(bury-26, in-28)
det(cemetery-30, the-29)
pobj(in-28, cemetery-30)
punct(runs-6, .-31)

Sentence #9 (35 tokens):
When Gage comes back to life, he is changed and wants to murder.With many of Stephen King's works that don't translate well into films, I blame the directors and screenwriters.
[Text=When CharacterOffsetBegin=1185 CharacterOffsetEnd=1189 PartOfSpeech=WRB] [Text=Gage CharacterOffsetBegin=1190 CharacterOffsetEnd=1194 PartOfSpeech=NN] [Text=comes CharacterOffsetBegin=1195 CharacterOffsetEnd=1200 PartOfSpeech=VBZ] [Text=back CharacterOffsetBegin=1201 CharacterOffsetEnd=1205 PartOfSpeech=RB] [Text=to CharacterOffsetBegin=1206 CharacterOffsetEnd=1208 PartOfSpeech=TO] [Text=life CharacterOffsetBegin=1209 CharacterOffsetEnd=1213 PartOfSpeech=NN] [Text=, CharacterOffsetBegin=1213 CharacterOffsetEnd=1214 PartOfSpeech=,] [Text=he CharacterOffsetBegin=1215 CharacterOffsetEnd=1217 PartOfSpeech=PRP] [Text=is CharacterOffsetBegin=1218 CharacterOffsetEnd=1220 PartOfSpeech=VBZ] [Text=changed CharacterOffsetBegin=1221 CharacterOffsetEnd=1228 PartOfSpeech=VBN] [Text=and CharacterOffsetBegin=1229 CharacterOffsetEnd=1232 PartOfSpeech=CC] [Text=wants CharacterOffsetBegin=1233 CharacterOffsetEnd=1238 PartOfSpeech=VBZ] [Text=to CharacterOffsetBegin=1239 CharacterOffsetEnd=1241 PartOfSpeech=TO] [Text=murder.With CharacterOffsetBegin=1242 CharacterOffsetEnd=1253 PartOfSpeech=NNP] [Text=many CharacterOffsetBegin=1254 CharacterOffsetEnd=1258 PartOfSpeech=JJ] [Text=of CharacterOffsetBegin=1259 CharacterOffsetEnd=1261 PartOfSpeech=IN] [Text=Stephen CharacterOffsetBegin=1262 CharacterOffsetEnd=1269 PartOfSpeech=NNP] [Text=King CharacterOffsetBegin=1270 CharacterOffsetEnd=1274 PartOfSpeech=NNP] [Text='s CharacterOffsetBegin=1274 CharacterOffsetEnd=1276 PartOfSpeech=POS] [Text=works CharacterOffsetBegin=1277 CharacterOffsetEnd=1282 PartOfSpeech=NNS] [Text=that CharacterOffsetBegin=1283 CharacterOffsetEnd=1287 PartOfSpeech=WDT] [Text=do CharacterOffsetBegin=1288 CharacterOffsetEnd=1290 PartOfSpeech=VBP] [Text=n't CharacterOffsetBegin=1290 CharacterOffsetEnd=1293 PartOfSpeech=RB] [Text=translate CharacterOffsetBegin=1294 CharacterOffsetEnd=1303 PartOfSpeech=VB] [Text=well CharacterOffsetBegin=1304 CharacterOffsetEnd=1308 PartOfSpeech=RB] [Text=into CharacterOffsetBegin=1309 CharacterOffsetEnd=1313 PartOfSpeech=IN] [Text=films CharacterOffsetBegin=1314 CharacterOffsetEnd=1319 PartOfSpeech=NNS] [Text=, CharacterOffsetBegin=1319 CharacterOffsetEnd=1320 PartOfSpeech=,] [Text=I CharacterOffsetBegin=1321 CharacterOffsetEnd=1322 PartOfSpeech=PRP] [Text=blame CharacterOffsetBegin=1323 CharacterOffsetEnd=1328 PartOfSpeech=VBP] [Text=the CharacterOffsetBegin=1329 CharacterOffsetEnd=1332 PartOfSpeech=DT] [Text=directors CharacterOffsetBegin=1333 CharacterOffsetEnd=1342 PartOfSpeech=NNS] [Text=and CharacterOffsetBegin=1343 CharacterOffsetEnd=1346 PartOfSpeech=CC] [Text=screenwriters CharacterOffsetBegin=1347 CharacterOffsetEnd=1360 PartOfSpeech=NNS] [Text=. CharacterOffsetBegin=1360 CharacterOffsetEnd=1361 PartOfSpeech=.] 
root(ROOT-0, blame-30)
advmod(comes-3, When-1)
nsubj(comes-3, Gage-2)
advcl(changed-10, comes-3)
advmod(comes-3, back-4)
prep(comes-3, to-5)
pobj(to-5, life-6)
punct(changed-10, ,-7)
nsubjpass(changed-10, he-8)
auxpass(changed-10, is-9)
ccomp(blame-30, changed-10)
cc(changed-10, and-11)
conj(changed-10, wants-12)
prep(wants-12, to-13)
pobj(to-13, murder.With-14)
amod(murder.With-14, many-15)
prep(many-15, of-16)
nn(King-18, Stephen-17)
poss(works-20, King-18)
possessive(King-18, 's-19)
pobj(of-16, works-20)
nsubj(translate-24, that-21)
aux(translate-24, do-22)
neg(translate-24, n't-23)
rcmod(works-20, translate-24)
advmod(translate-24, well-25)
prep(translate-24, into-26)
pobj(into-26, films-27)
punct(blame-30, ,-28)
nsubj(blame-30, I-29)
det(directors-32, the-31)
dobj(blame-30, directors-32)
cc(directors-32, and-33)
conj(directors-32, screenwriters-34)
punct(blame-30, .-35)

Sentence #10 (22 tokens):
In this case, Mr. King was the screenwriter, but I'm going to blame him for his awful story.
[Text=In CharacterOffsetBegin=1366 CharacterOffsetEnd=1368 PartOfSpeech=IN] [Text=this CharacterOffsetBegin=1369 CharacterOffsetEnd=1373 PartOfSpeech=DT] [Text=case CharacterOffsetBegin=1374 CharacterOffsetEnd=1378 PartOfSpeech=NN] [Text=, CharacterOffsetBegin=1378 CharacterOffsetEnd=1379 PartOfSpeech=,] [Text=Mr. CharacterOffsetBegin=1380 CharacterOffsetEnd=1383 PartOfSpeech=NNP] [Text=King CharacterOffsetBegin=1384 CharacterOffsetEnd=1388 PartOfSpeech=NNP] [Text=was CharacterOffsetBegin=1389 CharacterOffsetEnd=1392 PartOfSpeech=VBD] [Text=the CharacterOffsetBegin=1393 CharacterOffsetEnd=1396 PartOfSpeech=DT] [Text=screenwriter CharacterOffsetBegin=1397 CharacterOffsetEnd=1409 PartOfSpeech=NN] [Text=, CharacterOffsetBegin=1409 CharacterOffsetEnd=1410 PartOfSpeech=,] [Text=but CharacterOffsetBegin=1411 CharacterOffsetEnd=1414 PartOfSpeech=CC] [Text=I CharacterOffsetBegin=1415 CharacterOffsetEnd=1416 PartOfSpeech=PRP] [Text='m CharacterOffsetBegin=1416 CharacterOffsetEnd=1418 PartOfSpeech=VBP] [Text=going CharacterOffsetBegin=1419 CharacterOffsetEnd=1424 PartOfSpeech=VBG] [Text=to CharacterOffsetBegin=1425 CharacterOffsetEnd=1427 PartOfSpeech=TO] [Text=blame CharacterOffsetBegin=1428 CharacterOffsetEnd=1433 PartOfSpeech=VB] [Text=him CharacterOffsetBegin=1434 CharacterOffsetEnd=1437 PartOfSpeech=PRP] [Text=for CharacterOffsetBegin=1438 CharacterOffsetEnd=1441 PartOfSpeech=IN] [Text=his CharacterOffsetBegin=1442 CharacterOffsetEnd=1445 PartOfSpeech=PRP$] [Text=awful CharacterOffsetBegin=1446 CharacterOffsetEnd=1451 PartOfSpeech=JJ] [Text=story CharacterOffsetBegin=1452 CharacterOffsetEnd=1457 PartOfSpeech=NN] [Text=. CharacterOffsetBegin=1457 CharacterOffsetEnd=1458 PartOfSpeech=.] 
root(ROOT-0, screenwriter-9)
prep(screenwriter-9, In-1)
det(case-3, this-2)
pobj(In-1, case-3)
punct(screenwriter-9, ,-4)
nn(King-6, Mr.-5)
nsubj(screenwriter-9, King-6)
cop(screenwriter-9, was-7)
det(screenwriter-9, the-8)
punct(screenwriter-9, ,-10)
cc(screenwriter-9, but-11)
nsubj(going-14, I-12)
aux(going-14, 'm-13)
conj(screenwriter-9, going-14)
aux(blame-16, to-15)
xcomp(going-14, blame-16)
dobj(blame-16, him-17)
prep(blame-16, for-18)
poss(story-21, his-19)
amod(story-21, awful-20)
pobj(for-18, story-21)
punct(screenwriter-9, .-22)

Sentence #11 (17 tokens):
By the end it's so pointless, and though unfunny, the premise is laughable.
[Text=By CharacterOffsetBegin=1463 CharacterOffsetEnd=1465 PartOfSpeech=IN] [Text=the CharacterOffsetBegin=1466 CharacterOffsetEnd=1469 PartOfSpeech=DT] [Text=end CharacterOffsetBegin=1470 CharacterOffsetEnd=1473 PartOfSpeech=NN] [Text=it CharacterOffsetBegin=1474 CharacterOffsetEnd=1476 PartOfSpeech=PRP] [Text='s CharacterOffsetBegin=1476 CharacterOffsetEnd=1478 PartOfSpeech=VBZ] [Text=so CharacterOffsetBegin=1479 CharacterOffsetEnd=1481 PartOfSpeech=RB] [Text=pointless CharacterOffsetBegin=1482 CharacterOffsetEnd=1491 PartOfSpeech=JJ] [Text=, CharacterOffsetBegin=1491 CharacterOffsetEnd=1492 PartOfSpeech=,] [Text=and CharacterOffsetBegin=1493 CharacterOffsetEnd=1496 PartOfSpeech=CC] [Text=though CharacterOffsetBegin=1497 CharacterOffsetEnd=1503 PartOfSpeech=IN] [Text=unfunny CharacterOffsetBegin=1504 CharacterOffsetEnd=1511 PartOfSpeech=JJ] [Text=, CharacterOffsetBegin=1511 CharacterOffsetEnd=1512 PartOfSpeech=,] [Text=the CharacterOffsetBegin=1513 CharacterOffsetEnd=1516 PartOfSpeech=DT] [Text=premise CharacterOffsetBegin=1517 CharacterOffsetEnd=1524 PartOfSpeech=NN] [Text=is CharacterOffsetBegin=1525 CharacterOffsetEnd=1527 PartOfSpeech=VBZ] [Text=laughable CharacterOffsetBegin=1528 CharacterOffsetEnd=1537 PartOfSpeech=JJ] [Text=. CharacterOffsetBegin=1537 CharacterOffsetEnd=1538 PartOfSpeech=.] 
root(ROOT-0, pointless-7)
prep(pointless-7, By-1)
det(end-3, the-2)
pobj(By-1, end-3)
nsubj(pointless-7, it-4)
cop(pointless-7, 's-5)
advmod(pointless-7, so-6)
punct(pointless-7, ,-8)
cc(pointless-7, and-9)
mark(laughable-16, though-10)
amod(laughable-16, unfunny-11)
punct(laughable-16, ,-12)
det(premise-14, the-13)
nsubj(laughable-16, premise-14)
cop(laughable-16, is-15)
conj(pointless-7, laughable-16)
punct(pointless-7, .-17)

Sentence #12 (48 tokens):
A little boy comes back from the dead and manages to kill people with what looks like a tiny scalpel, and not only that, but he manages to lift their bodies and in one case, carry a body from the ground to the attic!
[Text=A CharacterOffsetBegin=1543 CharacterOffsetEnd=1544 PartOfSpeech=DT] [Text=little CharacterOffsetBegin=1545 CharacterOffsetEnd=1551 PartOfSpeech=JJ] [Text=boy CharacterOffsetBegin=1552 CharacterOffsetEnd=1555 PartOfSpeech=NN] [Text=comes CharacterOffsetBegin=1556 CharacterOffsetEnd=1561 PartOfSpeech=VBZ] [Text=back CharacterOffsetBegin=1562 CharacterOffsetEnd=1566 PartOfSpeech=RB] [Text=from CharacterOffsetBegin=1567 CharacterOffsetEnd=1571 PartOfSpeech=IN] [Text=the CharacterOffsetBegin=1572 CharacterOffsetEnd=1575 PartOfSpeech=DT] [Text=dead CharacterOffsetBegin=1576 CharacterOffsetEnd=1580 PartOfSpeech=JJ] [Text=and CharacterOffsetBegin=1581 CharacterOffsetEnd=1584 PartOfSpeech=CC] [Text=manages CharacterOffsetBegin=1585 CharacterOffsetEnd=1592 PartOfSpeech=VBZ] [Text=to CharacterOffsetBegin=1593 CharacterOffsetEnd=1595 PartOfSpeech=TO] [Text=kill CharacterOffsetBegin=1596 CharacterOffsetEnd=1600 PartOfSpeech=VB] [Text=people CharacterOffsetBegin=1601 CharacterOffsetEnd=1607 PartOfSpeech=NNS] [Text=with CharacterOffsetBegin=1608 CharacterOffsetEnd=1612 PartOfSpeech=IN] [Text=what CharacterOffsetBegin=1613 CharacterOffsetEnd=1617 PartOfSpeech=WP] [Text=looks CharacterOffsetBegin=1618 CharacterOffsetEnd=1623 PartOfSpeech=VBZ] [Text=like CharacterOffsetBegin=1624 CharacterOffsetEnd=1628 PartOfSpeech=IN] [Text=a CharacterOffsetBegin=1629 CharacterOffsetEnd=1630 PartOfSpeech=DT] [Text=tiny CharacterOffsetBegin=1631 CharacterOffsetEnd=1635 PartOfSpeech=JJ] [Text=scalpel CharacterOffsetBegin=1636 CharacterOffsetEnd=1643 PartOfSpeech=NN] [Text=, CharacterOffsetBegin=1643 CharacterOffsetEnd=1644 PartOfSpeech=,] [Text=and CharacterOffsetBegin=1645 CharacterOffsetEnd=1648 PartOfSpeech=CC] [Text=not CharacterOffsetBegin=1649 CharacterOffsetEnd=1652 PartOfSpeech=RB] [Text=only CharacterOffsetBegin=1653 CharacterOffsetEnd=1657 PartOfSpeech=RB] [Text=that CharacterOffsetBegin=1658 CharacterOffsetEnd=1662 PartOfSpeech=IN] [Text=, CharacterOffsetBegin=1662 CharacterOffsetEnd=1663 PartOfSpeech=,] [Text=but CharacterOffsetBegin=1664 CharacterOffsetEnd=1667 PartOfSpeech=CC] [Text=he CharacterOffsetBegin=1668 CharacterOffsetEnd=1670 PartOfSpeech=PRP] [Text=manages CharacterOffsetBegin=1671 CharacterOffsetEnd=1678 PartOfSpeech=VBZ] [Text=to CharacterOffsetBegin=1679 CharacterOffsetEnd=1681 PartOfSpeech=TO] [Text=lift CharacterOffsetBegin=1682 CharacterOffsetEnd=1686 PartOfSpeech=VB] [Text=their CharacterOffsetBegin=1687 CharacterOffsetEnd=1692 PartOfSpeech=PRP$] [Text=bodies CharacterOffsetBegin=1693 CharacterOffsetEnd=1699 PartOfSpeech=NNS] [Text=and CharacterOffsetBegin=1700 CharacterOffsetEnd=1703 PartOfSpeech=CC] [Text=in CharacterOffsetBegin=1704 CharacterOffsetEnd=1706 PartOfSpeech=IN] [Text=one CharacterOffsetBegin=1707 CharacterOffsetEnd=1710 PartOfSpeech=CD] [Text=case CharacterOffsetBegin=1711 CharacterOffsetEnd=1715 PartOfSpeech=NN] [Text=, CharacterOffsetBegin=1715 CharacterOffsetEnd=1716 PartOfSpeech=,] [Text=carry CharacterOffsetBegin=1717 CharacterOffsetEnd=1722 PartOfSpeech=VBP] [Text=a CharacterOffsetBegin=1723 CharacterOffsetEnd=1724 PartOfSpeech=DT] [Text=body CharacterOffsetBegin=1725 CharacterOffsetEnd=1729 PartOfSpeech=NN] [Text=from CharacterOffsetBegin=1730 CharacterOffsetEnd=1734 PartOfSpeech=IN] [Text=the CharacterOffsetBegin=1735 CharacterOffsetEnd=1738 PartOfSpeech=DT] [Text=ground CharacterOffsetBegin=1739 CharacterOffsetEnd=1745 PartOfSpeech=NN] [Text=to CharacterOffsetBegin=1746 CharacterOffsetEnd=1748 PartOfSpeech=TO] [Text=the CharacterOffsetBegin=1749 CharacterOffsetEnd=1752 PartOfSpeech=DT] [Text=attic CharacterOffsetBegin=1753 CharacterOffsetEnd=1758 PartOfSpeech=NN] [Text=! CharacterOffsetBegin=1758 CharacterOffsetEnd=1759 PartOfSpeech=.] 
root(ROOT-0, comes-4)
det(boy-3, A-1)
amod(boy-3, little-2)
nsubj(comes-4, boy-3)
advmod(comes-4, back-5)
prep(back-5, from-6)
det(dead-8, the-7)
pobj(from-6, dead-8)
cc(comes-4, and-9)
conj(comes-4, manages-10)
aux(kill-12, to-11)
xcomp(manages-10, kill-12)
dobj(kill-12, people-13)
prep(kill-12, with-14)
nsubj(looks-16, what-15)
pcomp(with-14, looks-16)
prep(looks-16, like-17)
det(scalpel-20, a-18)
amod(scalpel-20, tiny-19)
pobj(like-17, scalpel-20)
punct(comes-4, ,-21)
cc(comes-4, and-22)
neg(only-24, not-23)
preconj(that-25, only-24)
conj(comes-4, that-25)
punct(that-25, ,-26)
cc(that-25, but-27)
nsubj(manages-29, he-28)
conj(that-25, manages-29)
aux(lift-31, to-30)
xcomp(manages-29, lift-31)
poss(bodies-33, their-32)
dobj(lift-31, bodies-33)
cc(lift-31, and-34)
conj(lift-31, in-35)
num(case-37, one-36)
pobj(in-35, case-37)
punct(manages-29, ,-38)
dep(manages-29, carry-39)
det(body-41, a-40)
dobj(carry-39, body-41)
prep(carry-39, from-42)
det(ground-44, the-43)
pobj(from-42, ground-44)
prep(carry-39, to-45)
det(attic-47, the-46)
pobj(to-45, attic-47)
punct(manages-29, !-48)

Sentence #13 (3 tokens):
(?)
[Text=-LRB- CharacterOffsetBegin=1759 CharacterOffsetEnd=1760 PartOfSpeech=-LRB-] [Text=? CharacterOffsetBegin=1760 CharacterOffsetEnd=1761 PartOfSpeech=.] [Text=-RRB- CharacterOffsetBegin=1761 CharacterOffsetEnd=1762 PartOfSpeech=-RRB-] 
root(ROOT-0, -LRB--1)
punct(-LRB--1, ?-2)
punct(?-2, -RRB--3)

Sentence #14 (17 tokens):
I know this isn't set in reality but seriously, how stupid can this get?
[Text=I CharacterOffsetBegin=1767 CharacterOffsetEnd=1768 PartOfSpeech=PRP] [Text=know CharacterOffsetBegin=1769 CharacterOffsetEnd=1773 PartOfSpeech=VBP] [Text=this CharacterOffsetBegin=1774 CharacterOffsetEnd=1778 PartOfSpeech=DT] [Text=is CharacterOffsetBegin=1779 CharacterOffsetEnd=1781 PartOfSpeech=VBZ] [Text=n't CharacterOffsetBegin=1781 CharacterOffsetEnd=1784 PartOfSpeech=RB] [Text=set CharacterOffsetBegin=1785 CharacterOffsetEnd=1788 PartOfSpeech=VBN] [Text=in CharacterOffsetBegin=1789 CharacterOffsetEnd=1791 PartOfSpeech=IN] [Text=reality CharacterOffsetBegin=1792 CharacterOffsetEnd=1799 PartOfSpeech=NN] [Text=but CharacterOffsetBegin=1800 CharacterOffsetEnd=1803 PartOfSpeech=CC] [Text=seriously CharacterOffsetBegin=1804 CharacterOffsetEnd=1813 PartOfSpeech=RB] [Text=, CharacterOffsetBegin=1813 CharacterOffsetEnd=1814 PartOfSpeech=,] [Text=how CharacterOffsetBegin=1815 CharacterOffsetEnd=1818 PartOfSpeech=WRB] [Text=stupid CharacterOffsetBegin=1819 CharacterOffsetEnd=1825 PartOfSpeech=JJ] [Text=can CharacterOffsetBegin=1826 CharacterOffsetEnd=1829 PartOfSpeech=MD] [Text=this CharacterOffsetBegin=1830 CharacterOffsetEnd=1834 PartOfSpeech=DT] [Text=get CharacterOffsetBegin=1835 CharacterOffsetEnd=1838 PartOfSpeech=VB] [Text=? CharacterOffsetBegin=1838 CharacterOffsetEnd=1839 PartOfSpeech=.] 
root(ROOT-0, know-2)
nsubj(know-2, I-1)
nsubjpass(set-6, this-3)
auxpass(set-6, is-4)
neg(set-6, n't-5)
dep(know-2, set-6)
prep(set-6, in-7)
pobj(in-7, reality-8)
cc(set-6, but-9)
advmod(get-16, seriously-10)
punct(get-16, ,-11)
advmod(stupid-13, how-12)
dep(get-16, stupid-13)
aux(get-16, can-14)
nsubj(get-16, this-15)
conj(set-6, get-16)
punct(know-2, ?-17)

Sentence #15 (27 tokens):
The scene where Louis injects his deceased, now living again cat to kill it is strangely sad, because the cat did not deserve this.
[Text=The CharacterOffsetBegin=1844 CharacterOffsetEnd=1847 PartOfSpeech=DT] [Text=scene CharacterOffsetBegin=1848 CharacterOffsetEnd=1853 PartOfSpeech=NN] [Text=where CharacterOffsetBegin=1854 CharacterOffsetEnd=1859 PartOfSpeech=WRB] [Text=Louis CharacterOffsetBegin=1860 CharacterOffsetEnd=1865 PartOfSpeech=NNP] [Text=injects CharacterOffsetBegin=1866 CharacterOffsetEnd=1873 PartOfSpeech=VBZ] [Text=his CharacterOffsetBegin=1874 CharacterOffsetEnd=1877 PartOfSpeech=PRP$] [Text=deceased CharacterOffsetBegin=1878 CharacterOffsetEnd=1886 PartOfSpeech=JJ] [Text=, CharacterOffsetBegin=1886 CharacterOffsetEnd=1887 PartOfSpeech=,] [Text=now CharacterOffsetBegin=1888 CharacterOffsetEnd=1891 PartOfSpeech=RB] [Text=living CharacterOffsetBegin=1892 CharacterOffsetEnd=1898 PartOfSpeech=VBG] [Text=again CharacterOffsetBegin=1899 CharacterOffsetEnd=1904 PartOfSpeech=RB] [Text=cat CharacterOffsetBegin=1905 CharacterOffsetEnd=1908 PartOfSpeech=NN] [Text=to CharacterOffsetBegin=1909 CharacterOffsetEnd=1911 PartOfSpeech=TO] [Text=kill CharacterOffsetBegin=1912 CharacterOffsetEnd=1916 PartOfSpeech=VB] [Text=it CharacterOffsetBegin=1917 CharacterOffsetEnd=1919 PartOfSpeech=PRP] [Text=is CharacterOffsetBegin=1920 CharacterOffsetEnd=1922 PartOfSpeech=VBZ] [Text=strangely CharacterOffsetBegin=1923 CharacterOffsetEnd=1932 PartOfSpeech=RB] [Text=sad CharacterOffsetBegin=1933 CharacterOffsetEnd=1936 PartOfSpeech=JJ] [Text=, CharacterOffsetBegin=1936 CharacterOffsetEnd=1937 PartOfSpeech=,] [Text=because CharacterOffsetBegin=1938 CharacterOffsetEnd=1945 PartOfSpeech=IN] [Text=the CharacterOffsetBegin=1946 CharacterOffsetEnd=1949 PartOfSpeech=DT] [Text=cat CharacterOffsetBegin=1950 CharacterOffsetEnd=1953 PartOfSpeech=NN] [Text=did CharacterOffsetBegin=1954 CharacterOffsetEnd=1957 PartOfSpeech=VBD] [Text=not CharacterOffsetBegin=1958 CharacterOffsetEnd=1961 PartOfSpeech=RB] [Text=deserve CharacterOffsetBegin=1962 CharacterOffsetEnd=1969 PartOfSpeech=VB] [Text=this CharacterOffsetBegin=1970 CharacterOffsetEnd=1974 PartOfSpeech=DT] [Text=. CharacterOffsetBegin=1974 CharacterOffsetEnd=1975 PartOfSpeech=.] 
root(ROOT-0, sad-18)
det(scene-2, The-1)
nsubj(sad-18, scene-2)
advmod(injects-5, where-3)
nsubj(injects-5, Louis-4)
rcmod(scene-2, injects-5)
poss(deceased-7, his-6)
dobj(injects-5, deceased-7)
punct(scene-2, ,-8)
advmod(living-10, now-9)
partmod(scene-2, living-10)
advmod(living-10, again-11)
dobj(living-10, cat-12)
aux(kill-14, to-13)
infmod(cat-12, kill-14)
dobj(kill-14, it-15)
cop(sad-18, is-16)
advmod(sad-18, strangely-17)
punct(sad-18, ,-19)
mark(deserve-25, because-20)
det(cat-22, the-21)
nsubj(deserve-25, cat-22)
aux(deserve-25, did-23)
neg(deserve-25, not-24)
advcl(sad-18, deserve-25)
dobj(deserve-25, this-26)
punct(sad-18, .-27)

Sentence #16 (16 tokens):
All it did was go around minding it's own business and he killed it.
[Text=All CharacterOffsetBegin=1980 CharacterOffsetEnd=1983 PartOfSpeech=DT] [Text=it CharacterOffsetBegin=1984 CharacterOffsetEnd=1986 PartOfSpeech=PRP] [Text=did CharacterOffsetBegin=1987 CharacterOffsetEnd=1990 PartOfSpeech=VBD] [Text=was CharacterOffsetBegin=1991 CharacterOffsetEnd=1994 PartOfSpeech=VBD] [Text=go CharacterOffsetBegin=1995 CharacterOffsetEnd=1997 PartOfSpeech=VB] [Text=around CharacterOffsetBegin=1998 CharacterOffsetEnd=2004 PartOfSpeech=IN] [Text=minding CharacterOffsetBegin=2005 CharacterOffsetEnd=2012 PartOfSpeech=VBG] [Text=it CharacterOffsetBegin=2013 CharacterOffsetEnd=2015 PartOfSpeech=PRP] [Text='s CharacterOffsetBegin=2015 CharacterOffsetEnd=2017 PartOfSpeech=VBZ] [Text=own CharacterOffsetBegin=2018 CharacterOffsetEnd=2021 PartOfSpeech=JJ] [Text=business CharacterOffsetBegin=2022 CharacterOffsetEnd=2030 PartOfSpeech=NN] [Text=and CharacterOffsetBegin=2031 CharacterOffsetEnd=2034 PartOfSpeech=CC] [Text=he CharacterOffsetBegin=2035 CharacterOffsetEnd=2037 PartOfSpeech=PRP] [Text=killed CharacterOffsetBegin=2038 CharacterOffsetEnd=2044 PartOfSpeech=VBD] [Text=it CharacterOffsetBegin=2045 CharacterOffsetEnd=2047 PartOfSpeech=PRP] [Text=. CharacterOffsetBegin=2047 CharacterOffsetEnd=2048 PartOfSpeech=.] 
root(ROOT-0, go-5)
dep(go-5, All-1)
nsubj(go-5, it-2)
aux(go-5, did-3)
aux(go-5, was-4)
prep(go-5, around-6)
pcomp(around-6, minding-7)
nsubj(business-11, it-8)
cop(business-11, 's-9)
amod(business-11, own-10)
dep(minding-7, business-11)
cc(business-11, and-12)
nsubj(killed-14, he-13)
conj(business-11, killed-14)
dobj(killed-14, it-15)
punct(go-5, .-16)

Sentence #17 (13 tokens):
The scene where he injects his own infant son is almost unbearable.
[Text=The CharacterOffsetBegin=2053 CharacterOffsetEnd=2056 PartOfSpeech=DT] [Text=scene CharacterOffsetBegin=2057 CharacterOffsetEnd=2062 PartOfSpeech=NN] [Text=where CharacterOffsetBegin=2063 CharacterOffsetEnd=2068 PartOfSpeech=WRB] [Text=he CharacterOffsetBegin=2069 CharacterOffsetEnd=2071 PartOfSpeech=PRP] [Text=injects CharacterOffsetBegin=2072 CharacterOffsetEnd=2079 PartOfSpeech=VBZ] [Text=his CharacterOffsetBegin=2080 CharacterOffsetEnd=2083 PartOfSpeech=PRP$] [Text=own CharacterOffsetBegin=2084 CharacterOffsetEnd=2087 PartOfSpeech=JJ] [Text=infant CharacterOffsetBegin=2088 CharacterOffsetEnd=2094 PartOfSpeech=NN] [Text=son CharacterOffsetBegin=2095 CharacterOffsetEnd=2098 PartOfSpeech=NN] [Text=is CharacterOffsetBegin=2099 CharacterOffsetEnd=2101 PartOfSpeech=VBZ] [Text=almost CharacterOffsetBegin=2102 CharacterOffsetEnd=2108 PartOfSpeech=RB] [Text=unbearable CharacterOffsetBegin=2109 CharacterOffsetEnd=2119 PartOfSpeech=JJ] [Text=. CharacterOffsetBegin=2119 CharacterOffsetEnd=2120 PartOfSpeech=.] 
root(ROOT-0, unbearable-12)
det(scene-2, The-1)
nsubj(unbearable-12, scene-2)
advmod(injects-5, where-3)
nsubj(injects-5, he-4)
rcmod(scene-2, injects-5)
poss(son-9, his-6)
amod(son-9, own-7)
nn(son-9, infant-8)
dobj(injects-5, son-9)
cop(unbearable-12, is-10)
advmod(unbearable-12, almost-11)
punct(unbearable-12, .-13)

Sentence #18 (15 tokens):
Not unbearably sad, but the whole situation is just awful to think of.
[Text=Not CharacterOffsetBegin=2125 CharacterOffsetEnd=2128 PartOfSpeech=RB] [Text=unbearably CharacterOffsetBegin=2129 CharacterOffsetEnd=2139 PartOfSpeech=RB] [Text=sad CharacterOffsetBegin=2140 CharacterOffsetEnd=2143 PartOfSpeech=JJ] [Text=, CharacterOffsetBegin=2143 CharacterOffsetEnd=2144 PartOfSpeech=,] [Text=but CharacterOffsetBegin=2145 CharacterOffsetEnd=2148 PartOfSpeech=CC] [Text=the CharacterOffsetBegin=2149 CharacterOffsetEnd=2152 PartOfSpeech=DT] [Text=whole CharacterOffsetBegin=2153 CharacterOffsetEnd=2158 PartOfSpeech=JJ] [Text=situation CharacterOffsetBegin=2159 CharacterOffsetEnd=2168 PartOfSpeech=NN] [Text=is CharacterOffsetBegin=2169 CharacterOffsetEnd=2171 PartOfSpeech=VBZ] [Text=just CharacterOffsetBegin=2172 CharacterOffsetEnd=2176 PartOfSpeech=RB] [Text=awful CharacterOffsetBegin=2177 CharacterOffsetEnd=2182 PartOfSpeech=JJ] [Text=to CharacterOffsetBegin=2183 CharacterOffsetEnd=2185 PartOfSpeech=TO] [Text=think CharacterOffsetBegin=2186 CharacterOffsetEnd=2191 PartOfSpeech=VB] [Text=of CharacterOffsetBegin=2192 CharacterOffsetEnd=2194 PartOfSpeech=IN] [Text=. CharacterOffsetBegin=2194 CharacterOffsetEnd=2195 PartOfSpeech=.] 
root(ROOT-0, sad-3)
neg(sad-3, Not-1)
advmod(sad-3, unbearably-2)
punct(sad-3, ,-4)
cc(sad-3, but-5)
det(situation-8, the-6)
amod(situation-8, whole-7)
nsubj(awful-11, situation-8)
cop(awful-11, is-9)
advmod(awful-11, just-10)
conj(sad-3, awful-11)
aux(think-13, to-12)
xcomp(awful-11, think-13)
prep(think-13, of-14)
punct(sad-3, .-15)

Sentence #19 (28 tokens):
After being injected Gage staggers drunkenly around before falling down dead....why did they need to make a movie ending with the death of an infant?
[Text=After CharacterOffsetBegin=2200 CharacterOffsetEnd=2205 PartOfSpeech=IN] [Text=being CharacterOffsetBegin=2206 CharacterOffsetEnd=2211 PartOfSpeech=VBG] [Text=injected CharacterOffsetBegin=2212 CharacterOffsetEnd=2220 PartOfSpeech=VBD] [Text=Gage CharacterOffsetBegin=2221 CharacterOffsetEnd=2225 PartOfSpeech=NNP] [Text=staggers CharacterOffsetBegin=2226 CharacterOffsetEnd=2234 PartOfSpeech=VBZ] [Text=drunkenly CharacterOffsetBegin=2235 CharacterOffsetEnd=2244 PartOfSpeech=RB] [Text=around CharacterOffsetBegin=2245 CharacterOffsetEnd=2251 PartOfSpeech=IN] [Text=before CharacterOffsetBegin=2252 CharacterOffsetEnd=2258 PartOfSpeech=IN] [Text=falling CharacterOffsetBegin=2259 CharacterOffsetEnd=2266 PartOfSpeech=VBG] [Text=down CharacterOffsetBegin=2267 CharacterOffsetEnd=2271 PartOfSpeech=RP] [Text=dead CharacterOffsetBegin=2272 CharacterOffsetEnd=2276 PartOfSpeech=JJ] [Text=... CharacterOffsetBegin=2276 CharacterOffsetEnd=2280 PartOfSpeech=:] [Text=why CharacterOffsetBegin=2280 CharacterOffsetEnd=2283 PartOfSpeech=WRB] [Text=did CharacterOffsetBegin=2284 CharacterOffsetEnd=2287 PartOfSpeech=VBD] [Text=they CharacterOffsetBegin=2288 CharacterOffsetEnd=2292 PartOfSpeech=PRP] [Text=need CharacterOffsetBegin=2293 CharacterOffsetEnd=2297 PartOfSpeech=VBP] [Text=to CharacterOffsetBegin=2298 CharacterOffsetEnd=2300 PartOfSpeech=TO] [Text=make CharacterOffsetBegin=2301 CharacterOffsetEnd=2305 PartOfSpeech=VB] [Text=a CharacterOffsetBegin=2306 CharacterOffsetEnd=2307 PartOfSpeech=DT] [Text=movie CharacterOffsetBegin=2308 CharacterOffsetEnd=2313 PartOfSpeech=NN] [Text=ending CharacterOffsetBegin=2314 CharacterOffsetEnd=2320 PartOfSpeech=VBG] [Text=with CharacterOffsetBegin=2321 CharacterOffsetEnd=2325 PartOfSpeech=IN] [Text=the CharacterOffsetBegin=2326 CharacterOffsetEnd=2329 PartOfSpeech=DT] [Text=death CharacterOffsetBegin=2330 CharacterOffsetEnd=2335 PartOfSpeech=NN] [Text=of CharacterOffsetBegin=2336 CharacterOffsetEnd=2338 PartOfSpeech=IN] [Text=an CharacterOffsetBegin=2339 CharacterOffsetEnd=2341 PartOfSpeech=DT] [Text=infant CharacterOffsetBegin=2342 CharacterOffsetEnd=2348 PartOfSpeech=NN] [Text=? CharacterOffsetBegin=2348 CharacterOffsetEnd=2349 PartOfSpeech=.] 
root(ROOT-0, need-16)
prep(need-16, After-1)
auxpass(injected-3, being-2)
pcomp(After-1, injected-3)
nsubj(staggers-5, Gage-4)
ccomp(injected-3, staggers-5)
advmod(around-7, drunkenly-6)
advmod(staggers-5, around-7)
prep(staggers-5, before-8)
pcomp(before-8, falling-9)
prt(falling-9, down-10)
acomp(falling-9, dead-11)
punct(need-16, ...-12)
advmod(need-16, why-13)
aux(need-16, did-14)
nsubj(need-16, they-15)
aux(make-18, to-17)
xcomp(need-16, make-18)
det(movie-20, a-19)
dobj(make-18, movie-20)
partmod(movie-20, ending-21)
prep(ending-21, with-22)
det(death-24, the-23)
pobj(with-22, death-24)
prep(death-24, of-25)
det(infant-27, an-26)
pobj(of-25, infant-27)
punct(need-16, ?-28)

Sentence #20 (37 tokens):
But...even worse, the actual ending of them film involving Louis burying someone else (Not going to give away who) in the cemetery after Gage kills them....what did he expect?
[Text=But CharacterOffsetBegin=2354 CharacterOffsetEnd=2357 PartOfSpeech=CC] [Text=... CharacterOffsetBegin=2357 CharacterOffsetEnd=2360 PartOfSpeech=:] [Text=even CharacterOffsetBegin=2360 CharacterOffsetEnd=2364 PartOfSpeech=RB] [Text=worse CharacterOffsetBegin=2365 CharacterOffsetEnd=2370 PartOfSpeech=JJR] [Text=, CharacterOffsetBegin=2370 CharacterOffsetEnd=2371 PartOfSpeech=,] [Text=the CharacterOffsetBegin=2372 CharacterOffsetEnd=2375 PartOfSpeech=DT] [Text=actual CharacterOffsetBegin=2376 CharacterOffsetEnd=2382 PartOfSpeech=JJ] [Text=ending CharacterOffsetBegin=2383 CharacterOffsetEnd=2389 PartOfSpeech=NN] [Text=of CharacterOffsetBegin=2390 CharacterOffsetEnd=2392 PartOfSpeech=IN] [Text=them CharacterOffsetBegin=2393 CharacterOffsetEnd=2397 PartOfSpeech=PRP] [Text=film CharacterOffsetBegin=2398 CharacterOffsetEnd=2402 PartOfSpeech=NN] [Text=involving CharacterOffsetBegin=2403 CharacterOffsetEnd=2412 PartOfSpeech=VBG] [Text=Louis CharacterOffsetBegin=2413 CharacterOffsetEnd=2418 PartOfSpeech=NNP] [Text=burying CharacterOffsetBegin=2419 CharacterOffsetEnd=2426 PartOfSpeech=VBG] [Text=someone CharacterOffsetBegin=2427 CharacterOffsetEnd=2434 PartOfSpeech=NN] [Text=else CharacterOffsetBegin=2435 CharacterOffsetEnd=2439 PartOfSpeech=RB] [Text=-LRB- CharacterOffsetBegin=2440 CharacterOffsetEnd=2441 PartOfSpeech=-LRB-] [Text=Not CharacterOffsetBegin=2441 CharacterOffsetEnd=2444 PartOfSpeech=RB] [Text=going CharacterOffsetBegin=2445 CharacterOffsetEnd=2450 PartOfSpeech=VBG] [Text=to CharacterOffsetBegin=2451 CharacterOffsetEnd=2453 PartOfSpeech=TO] [Text=give CharacterOffsetBegin=2454 CharacterOffsetEnd=2458 PartOfSpeech=VB] [Text=away CharacterOffsetBegin=2459 CharacterOffsetEnd=2463 PartOfSpeech=RP] [Text=who CharacterOffsetBegin=2464 CharacterOffsetEnd=2467 PartOfSpeech=WP] [Text=-RRB- CharacterOffsetBegin=2467 CharacterOffsetEnd=2468 PartOfSpeech=-RRB-] [Text=in CharacterOffsetBegin=2469 CharacterOffsetEnd=2471 PartOfSpeech=IN] [Text=the CharacterOffsetBegin=2472 CharacterOffsetEnd=2475 PartOfSpeech=DT] [Text=cemetery CharacterOffsetBegin=2476 CharacterOffsetEnd=2484 PartOfSpeech=NN] [Text=after CharacterOffsetBegin=2485 CharacterOffsetEnd=2490 PartOfSpeech=IN] [Text=Gage CharacterOffsetBegin=2491 CharacterOffsetEnd=2495 PartOfSpeech=NNP] [Text=kills CharacterOffsetBegin=2496 CharacterOffsetEnd=2501 PartOfSpeech=VBZ] [Text=them CharacterOffsetBegin=2502 CharacterOffsetEnd=2506 PartOfSpeech=PRP] [Text=... CharacterOffsetBegin=2506 CharacterOffsetEnd=2510 PartOfSpeech=:] [Text=what CharacterOffsetBegin=2510 CharacterOffsetEnd=2514 PartOfSpeech=WP] [Text=did CharacterOffsetBegin=2515 CharacterOffsetEnd=2518 PartOfSpeech=VBD] [Text=he CharacterOffsetBegin=2519 CharacterOffsetEnd=2521 PartOfSpeech=PRP] [Text=expect CharacterOffsetBegin=2522 CharacterOffsetEnd=2528 PartOfSpeech=VB] [Text=? CharacterOffsetBegin=2528 CharacterOffsetEnd=2529 PartOfSpeech=.] 
root(ROOT-0, worse-4)
cc(worse-4, But-1)
punct(worse-4, ...-2)
advmod(worse-4, even-3)
punct(worse-4, ,-5)
det(ending-8, the-6)
amod(ending-8, actual-7)
dep(worse-4, ending-8)
prep(ending-8, of-9)
pobj(of-9, them-10)
dep(them-10, film-11)
partmod(film-11, involving-12)
dobj(involving-12, Louis-13)
partmod(Louis-13, burying-14)
dobj(burying-14, someone-15)
advmod(going-19, else-16)
punct(going-19, -LRB--17)
neg(going-19, Not-18)
partmod(someone-15, going-19)
aux(give-21, to-20)
xcomp(going-19, give-21)
prt(give-21, away-22)
nsubj(kills-30, who-23)
punct(kills-30, -RRB--24)
prep(after-28, in-25)
det(cemetery-27, the-26)
pobj(in-25, cemetery-27)
mark(kills-30, after-28)
nsubj(kills-30, Gage-29)
dep(give-21, kills-30)
dobj(kills-30, them-31)
punct(kills-30, ...-32)
dobj(expect-36, what-33)
aux(expect-36, did-34)
nsubj(expect-36, he-35)
dep(kills-30, expect-36)
punct(worse-4, ?-37)

Sentence #21 (17 tokens):
Why did Mr. King write this horrible story and why was it made into a movie?
[Text=Why CharacterOffsetBegin=2534 CharacterOffsetEnd=2537 PartOfSpeech=WRB] [Text=did CharacterOffsetBegin=2538 CharacterOffsetEnd=2541 PartOfSpeech=VBD] [Text=Mr. CharacterOffsetBegin=2542 CharacterOffsetEnd=2545 PartOfSpeech=NNP] [Text=King CharacterOffsetBegin=2546 CharacterOffsetEnd=2550 PartOfSpeech=NNP] [Text=write CharacterOffsetBegin=2551 CharacterOffsetEnd=2556 PartOfSpeech=VB] [Text=this CharacterOffsetBegin=2557 CharacterOffsetEnd=2561 PartOfSpeech=DT] [Text=horrible CharacterOffsetBegin=2562 CharacterOffsetEnd=2570 PartOfSpeech=JJ] [Text=story CharacterOffsetBegin=2571 CharacterOffsetEnd=2576 PartOfSpeech=NN] [Text=and CharacterOffsetBegin=2577 CharacterOffsetEnd=2580 PartOfSpeech=CC] [Text=why CharacterOffsetBegin=2581 CharacterOffsetEnd=2584 PartOfSpeech=WRB] [Text=was CharacterOffsetBegin=2585 CharacterOffsetEnd=2588 PartOfSpeech=VBD] [Text=it CharacterOffsetBegin=2589 CharacterOffsetEnd=2591 PartOfSpeech=PRP] [Text=made CharacterOffsetBegin=2592 CharacterOffsetEnd=2596 PartOfSpeech=VBD] [Text=into CharacterOffsetBegin=2597 CharacterOffsetEnd=2601 PartOfSpeech=IN] [Text=a CharacterOffsetBegin=2602 CharacterOffsetEnd=2603 PartOfSpeech=DT] [Text=movie CharacterOffsetBegin=2604 CharacterOffsetEnd=2609 PartOfSpeech=NN] [Text=? CharacterOffsetBegin=2609 CharacterOffsetEnd=2610 PartOfSpeech=.] 
root(ROOT-0, write-5)
advmod(write-5, Why-1)
aux(write-5, did-2)
nn(King-4, Mr.-3)
nsubj(write-5, King-4)
det(story-8, this-6)
amod(story-8, horrible-7)
dobj(write-5, story-8)
cc(write-5, and-9)
advmod(made-13, why-10)
auxpass(made-13, was-11)
nsubj(made-13, it-12)
conj(write-5, made-13)
prep(made-13, into-14)
det(movie-16, a-15)
pobj(into-14, movie-16)
punct(write-5, ?-17)

Sentence #22 (12 tokens):
It's depressing and pointless!My rating: * out of ****.
[Text=It CharacterOffsetBegin=2615 CharacterOffsetEnd=2617 PartOfSpeech=PRP] [Text='s CharacterOffsetBegin=2617 CharacterOffsetEnd=2619 PartOfSpeech=VBZ] [Text=depressing CharacterOffsetBegin=2620 CharacterOffsetEnd=2630 PartOfSpeech=JJ] [Text=and CharacterOffsetBegin=2631 CharacterOffsetEnd=2634 PartOfSpeech=CC] [Text=pointless!My CharacterOffsetBegin=2635 CharacterOffsetEnd=2647 PartOfSpeech=NN] [Text=rating CharacterOffsetBegin=2648 CharacterOffsetEnd=2654 PartOfSpeech=NN] [Text=: CharacterOffsetBegin=2654 CharacterOffsetEnd=2655 PartOfSpeech=:] [Text=* CharacterOffsetBegin=2656 CharacterOffsetEnd=2657 PartOfSpeech=SYM] [Text=out CharacterOffsetBegin=2658 CharacterOffsetEnd=2661 PartOfSpeech=IN] [Text=of CharacterOffsetBegin=2662 CharacterOffsetEnd=2664 PartOfSpeech=IN] [Text=**** CharacterOffsetBegin=2665 CharacterOffsetEnd=2669 PartOfSpeech=CD] [Text=. CharacterOffsetBegin=2669 CharacterOffsetEnd=2670 PartOfSpeech=.] 
root(ROOT-0, depressing-3)
nsubj(depressing-3, It-1)
cop(depressing-3, 's-2)
cc(depressing-3, and-4)
nn(rating-6, pointless!My-5)
conj(depressing-3, rating-6)
punct(depressing-3, :-7)
dep(depressing-3, *-8)
prep(*-8, out-9)
pcomp(out-9, of-10)
pobj(of-10, ****-11)
punct(depressing-3, .-12)

Sentence #23 (3 tokens):
90 mins.
[Text=90 CharacterOffsetBegin=2675 CharacterOffsetEnd=2677 PartOfSpeech=CD] [Text=mins CharacterOffsetBegin=2678 CharacterOffsetEnd=2682 PartOfSpeech=NNS] [Text=. CharacterOffsetBegin=2682 CharacterOffsetEnd=2683 PartOfSpeech=.] 
root(ROOT-0, mins-2)
num(mins-2, 90-1)
punct(mins-2, .-3)

Sentence #24 (4 tokens):
R for violence.
[Text=R CharacterOffsetBegin=2688 CharacterOffsetEnd=2689 PartOfSpeech=NN] [Text=for CharacterOffsetBegin=2690 CharacterOffsetEnd=2693 PartOfSpeech=IN] [Text=violence CharacterOffsetBegin=2694 CharacterOffsetEnd=2702 PartOfSpeech=NN] [Text=. CharacterOffsetBegin=2702 CharacterOffsetEnd=2703 PartOfSpeech=.] 
root(ROOT-0, R-1)
prep(R-1, for-2)
pobj(for-2, violence-3)
punct(R-1, .-4)

