Sentence #1 (35 tokens):
Even when I saw this movie at a teenager, I wondered just how ironic it was that Pia Zadora starred in a movie about an artist who slept her way to the top.
[Text=Even CharacterOffsetBegin=4 CharacterOffsetEnd=8 PartOfSpeech=RB] [Text=when CharacterOffsetBegin=9 CharacterOffsetEnd=13 PartOfSpeech=WRB] [Text=I CharacterOffsetBegin=14 CharacterOffsetEnd=15 PartOfSpeech=PRP] [Text=saw CharacterOffsetBegin=16 CharacterOffsetEnd=19 PartOfSpeech=VBD] [Text=this CharacterOffsetBegin=20 CharacterOffsetEnd=24 PartOfSpeech=DT] [Text=movie CharacterOffsetBegin=25 CharacterOffsetEnd=30 PartOfSpeech=NN] [Text=at CharacterOffsetBegin=31 CharacterOffsetEnd=33 PartOfSpeech=IN] [Text=a CharacterOffsetBegin=34 CharacterOffsetEnd=35 PartOfSpeech=DT] [Text=teenager CharacterOffsetBegin=36 CharacterOffsetEnd=44 PartOfSpeech=NN] [Text=, CharacterOffsetBegin=44 CharacterOffsetEnd=45 PartOfSpeech=,] [Text=I CharacterOffsetBegin=46 CharacterOffsetEnd=47 PartOfSpeech=PRP] [Text=wondered CharacterOffsetBegin=48 CharacterOffsetEnd=56 PartOfSpeech=VBD] [Text=just CharacterOffsetBegin=57 CharacterOffsetEnd=61 PartOfSpeech=RB] [Text=how CharacterOffsetBegin=62 CharacterOffsetEnd=65 PartOfSpeech=WRB] [Text=ironic CharacterOffsetBegin=66 CharacterOffsetEnd=72 PartOfSpeech=JJ] [Text=it CharacterOffsetBegin=73 CharacterOffsetEnd=75 PartOfSpeech=PRP] [Text=was CharacterOffsetBegin=76 CharacterOffsetEnd=79 PartOfSpeech=VBD] [Text=that CharacterOffsetBegin=80 CharacterOffsetEnd=84 PartOfSpeech=IN] [Text=Pia CharacterOffsetBegin=85 CharacterOffsetEnd=88 PartOfSpeech=NNP] [Text=Zadora CharacterOffsetBegin=89 CharacterOffsetEnd=95 PartOfSpeech=NNP] [Text=starred CharacterOffsetBegin=96 CharacterOffsetEnd=103 PartOfSpeech=VBD] [Text=in CharacterOffsetBegin=104 CharacterOffsetEnd=106 PartOfSpeech=IN] [Text=a CharacterOffsetBegin=107 CharacterOffsetEnd=108 PartOfSpeech=DT] [Text=movie CharacterOffsetBegin=109 CharacterOffsetEnd=114 PartOfSpeech=NN] [Text=about CharacterOffsetBegin=115 CharacterOffsetEnd=120 PartOfSpeech=IN] [Text=an CharacterOffsetBegin=121 CharacterOffsetEnd=123 PartOfSpeech=DT] [Text=artist CharacterOffsetBegin=124 CharacterOffsetEnd=130 PartOfSpeech=NN] [Text=who CharacterOffsetBegin=131 CharacterOffsetEnd=134 PartOfSpeech=WP] [Text=slept CharacterOffsetBegin=135 CharacterOffsetEnd=140 PartOfSpeech=VBD] [Text=her CharacterOffsetBegin=141 CharacterOffsetEnd=144 PartOfSpeech=PRP$] [Text=way CharacterOffsetBegin=145 CharacterOffsetEnd=148 PartOfSpeech=NN] [Text=to CharacterOffsetBegin=149 CharacterOffsetEnd=151 PartOfSpeech=TO] [Text=the CharacterOffsetBegin=152 CharacterOffsetEnd=155 PartOfSpeech=DT] [Text=top CharacterOffsetBegin=156 CharacterOffsetEnd=159 PartOfSpeech=NN] [Text=. CharacterOffsetBegin=159 CharacterOffsetEnd=160 PartOfSpeech=.] 
root(ROOT-0, wondered-12)
advmod(when-2, Even-1)
advmod(saw-4, when-2)
nsubj(saw-4, I-3)
advcl(wondered-12, saw-4)
det(movie-6, this-5)
dobj(saw-4, movie-6)
prep(saw-4, at-7)
det(teenager-9, a-8)
pobj(at-7, teenager-9)
punct(wondered-12, ,-10)
nsubj(wondered-12, I-11)
advmod(ironic-15, just-13)
advmod(ironic-15, how-14)
dep(was-17, ironic-15)
nsubj(was-17, it-16)
ccomp(wondered-12, was-17)
mark(starred-21, that-18)
nn(Zadora-20, Pia-19)
nsubj(starred-21, Zadora-20)
ccomp(was-17, starred-21)
prep(starred-21, in-22)
det(movie-24, a-23)
pobj(in-22, movie-24)
prep(movie-24, about-25)
det(artist-27, an-26)
pobj(about-25, artist-27)
nsubj(slept-29, who-28)
rcmod(artist-27, slept-29)
poss(way-31, her-30)
dobj(slept-29, way-31)
prep(slept-29, to-32)
det(top-34, the-33)
pobj(to-32, top-34)
punct(wondered-12, .-35)

Sentence #2 (23 tokens):
As beautiful and sexy as Ms. Zadora is, even she couldn't keep this sorry-ass excuse of a movie from tanking.
[Text=As CharacterOffsetBegin=165 CharacterOffsetEnd=167 PartOfSpeech=IN] [Text=beautiful CharacterOffsetBegin=168 CharacterOffsetEnd=177 PartOfSpeech=JJ] [Text=and CharacterOffsetBegin=178 CharacterOffsetEnd=181 PartOfSpeech=CC] [Text=sexy CharacterOffsetBegin=182 CharacterOffsetEnd=186 PartOfSpeech=JJ] [Text=as CharacterOffsetBegin=187 CharacterOffsetEnd=189 PartOfSpeech=IN] [Text=Ms. CharacterOffsetBegin=190 CharacterOffsetEnd=193 PartOfSpeech=NNP] [Text=Zadora CharacterOffsetBegin=194 CharacterOffsetEnd=200 PartOfSpeech=NNP] [Text=is CharacterOffsetBegin=201 CharacterOffsetEnd=203 PartOfSpeech=VBZ] [Text=, CharacterOffsetBegin=203 CharacterOffsetEnd=204 PartOfSpeech=,] [Text=even CharacterOffsetBegin=205 CharacterOffsetEnd=209 PartOfSpeech=RB] [Text=she CharacterOffsetBegin=210 CharacterOffsetEnd=213 PartOfSpeech=PRP] [Text=could CharacterOffsetBegin=214 CharacterOffsetEnd=219 PartOfSpeech=MD] [Text=n't CharacterOffsetBegin=219 CharacterOffsetEnd=222 PartOfSpeech=RB] [Text=keep CharacterOffsetBegin=223 CharacterOffsetEnd=227 PartOfSpeech=VB] [Text=this CharacterOffsetBegin=228 CharacterOffsetEnd=232 PartOfSpeech=DT] [Text=sorry-ass CharacterOffsetBegin=233 CharacterOffsetEnd=242 PartOfSpeech=JJ] [Text=excuse CharacterOffsetBegin=243 CharacterOffsetEnd=249 PartOfSpeech=NN] [Text=of CharacterOffsetBegin=250 CharacterOffsetEnd=252 PartOfSpeech=IN] [Text=a CharacterOffsetBegin=253 CharacterOffsetEnd=254 PartOfSpeech=DT] [Text=movie CharacterOffsetBegin=255 CharacterOffsetEnd=260 PartOfSpeech=NN] [Text=from CharacterOffsetBegin=261 CharacterOffsetEnd=265 PartOfSpeech=IN] [Text=tanking CharacterOffsetBegin=266 CharacterOffsetEnd=273 PartOfSpeech=VBG] [Text=. CharacterOffsetBegin=273 CharacterOffsetEnd=274 PartOfSpeech=.] 
root(ROOT-0, keep-14)
prep(keep-14, As-1)
pobj(As-1, beautiful-2)
cc(beautiful-2, and-3)
conj(beautiful-2, sexy-4)
mark(is-8, as-5)
nn(Zadora-7, Ms.-6)
nsubj(is-8, Zadora-7)
advcl(keep-14, is-8)
punct(keep-14, ,-9)
advmod(keep-14, even-10)
nsubj(keep-14, she-11)
aux(keep-14, could-12)
neg(keep-14, n't-13)
det(excuse-17, this-15)
amod(excuse-17, sorry-ass-16)
dobj(keep-14, excuse-17)
prep(excuse-17, of-18)
det(movie-20, a-19)
pobj(of-18, movie-20)
prep(movie-20, from-21)
pobj(from-21, tanking-22)
punct(keep-14, .-23)

Sentence #3 (30 tokens):
Not even her photoshoot for Penthouse, in which "The Lonely Lady" was promoted "back in the day," could keep this movie from tanking.
[Text=Not CharacterOffsetBegin=279 CharacterOffsetEnd=282 PartOfSpeech=RB] [Text=even CharacterOffsetBegin=283 CharacterOffsetEnd=287 PartOfSpeech=RB] [Text=her CharacterOffsetBegin=288 CharacterOffsetEnd=291 PartOfSpeech=PRP$] [Text=photoshoot CharacterOffsetBegin=292 CharacterOffsetEnd=302 PartOfSpeech=NN] [Text=for CharacterOffsetBegin=303 CharacterOffsetEnd=306 PartOfSpeech=IN] [Text=Penthouse CharacterOffsetBegin=307 CharacterOffsetEnd=316 PartOfSpeech=NNP] [Text=, CharacterOffsetBegin=316 CharacterOffsetEnd=317 PartOfSpeech=,] [Text=in CharacterOffsetBegin=318 CharacterOffsetEnd=320 PartOfSpeech=IN] [Text=which CharacterOffsetBegin=321 CharacterOffsetEnd=326 PartOfSpeech=WDT] [Text=`` CharacterOffsetBegin=327 CharacterOffsetEnd=328 PartOfSpeech=``] [Text=The CharacterOffsetBegin=328 CharacterOffsetEnd=331 PartOfSpeech=DT] [Text=Lonely CharacterOffsetBegin=332 CharacterOffsetEnd=338 PartOfSpeech=JJ] [Text=Lady CharacterOffsetBegin=339 CharacterOffsetEnd=343 PartOfSpeech=NN] [Text='' CharacterOffsetBegin=343 CharacterOffsetEnd=344 PartOfSpeech=''] [Text=was CharacterOffsetBegin=345 CharacterOffsetEnd=348 PartOfSpeech=VBD] [Text=promoted CharacterOffsetBegin=349 CharacterOffsetEnd=357 PartOfSpeech=VBN] [Text=`` CharacterOffsetBegin=358 CharacterOffsetEnd=359 PartOfSpeech=``] [Text=back CharacterOffsetBegin=359 CharacterOffsetEnd=363 PartOfSpeech=RB] [Text=in CharacterOffsetBegin=364 CharacterOffsetEnd=366 PartOfSpeech=IN] [Text=the CharacterOffsetBegin=367 CharacterOffsetEnd=370 PartOfSpeech=DT] [Text=day CharacterOffsetBegin=371 CharacterOffsetEnd=374 PartOfSpeech=NN] [Text=, CharacterOffsetBegin=374 CharacterOffsetEnd=375 PartOfSpeech=,] [Text='' CharacterOffsetBegin=375 CharacterOffsetEnd=376 PartOfSpeech=''] [Text=could CharacterOffsetBegin=377 CharacterOffsetEnd=382 PartOfSpeech=MD] [Text=keep CharacterOffsetBegin=383 CharacterOffsetEnd=387 PartOfSpeech=VB] [Text=this CharacterOffsetBegin=388 CharacterOffsetEnd=392 PartOfSpeech=DT] [Text=movie CharacterOffsetBegin=393 CharacterOffsetEnd=398 PartOfSpeech=NN] [Text=from CharacterOffsetBegin=399 CharacterOffsetEnd=403 PartOfSpeech=IN] [Text=tanking CharacterOffsetBegin=404 CharacterOffsetEnd=411 PartOfSpeech=VBG] [Text=. CharacterOffsetBegin=411 CharacterOffsetEnd=412 PartOfSpeech=.] 
root(ROOT-0, keep-25)
neg(photoshoot-4, Not-1)
advmod(photoshoot-4, even-2)
poss(photoshoot-4, her-3)
nsubj(keep-25, photoshoot-4)
prep(photoshoot-4, for-5)
pobj(for-5, Penthouse-6)
punct(Penthouse-6, ,-7)
prep(promoted-16, in-8)
pobj(in-8, which-9)
punct(promoted-16, ``-10)
det(Lady-13, The-11)
amod(Lady-13, Lonely-12)
nsubjpass(promoted-16, Lady-13)
punct(Lady-13, ''-14)
auxpass(promoted-16, was-15)
rcmod(Penthouse-6, promoted-16)
punct(promoted-16, ``-17)
advmod(promoted-16, back-18)
prep(back-18, in-19)
det(day-21, the-20)
pobj(in-19, day-21)
punct(photoshoot-4, ,-22)
punct(photoshoot-4, ''-23)
aux(keep-25, could-24)
det(movie-27, this-26)
dobj(keep-25, movie-27)
prep(keep-25, from-28)
pobj(from-28, tanking-29)
punct(keep-25, .-30)

Sentence #4 (10 tokens):
The only thing that could have saved this movie?
[Text=The CharacterOffsetBegin=417 CharacterOffsetEnd=420 PartOfSpeech=DT] [Text=only CharacterOffsetBegin=421 CharacterOffsetEnd=425 PartOfSpeech=JJ] [Text=thing CharacterOffsetBegin=426 CharacterOffsetEnd=431 PartOfSpeech=NN] [Text=that CharacterOffsetBegin=432 CharacterOffsetEnd=436 PartOfSpeech=WDT] [Text=could CharacterOffsetBegin=437 CharacterOffsetEnd=442 PartOfSpeech=MD] [Text=have CharacterOffsetBegin=443 CharacterOffsetEnd=447 PartOfSpeech=VB] [Text=saved CharacterOffsetBegin=448 CharacterOffsetEnd=453 PartOfSpeech=VBN] [Text=this CharacterOffsetBegin=454 CharacterOffsetEnd=458 PartOfSpeech=DT] [Text=movie CharacterOffsetBegin=459 CharacterOffsetEnd=464 PartOfSpeech=NN] [Text=? CharacterOffsetBegin=464 CharacterOffsetEnd=465 PartOfSpeech=.] 
root(ROOT-0, thing-3)
det(thing-3, The-1)
amod(thing-3, only-2)
nsubj(saved-7, that-4)
aux(saved-7, could-5)
aux(saved-7, have-6)
rcmod(thing-3, saved-7)
det(movie-9, this-8)
dobj(saved-7, movie-9)
punct(thing-3, ?-10)

Sentence #5 (5 tokens):
A completely different script.
[Text=A CharacterOffsetBegin=470 CharacterOffsetEnd=471 PartOfSpeech=DT] [Text=completely CharacterOffsetBegin=472 CharacterOffsetEnd=482 PartOfSpeech=RB] [Text=different CharacterOffsetBegin=483 CharacterOffsetEnd=492 PartOfSpeech=JJ] [Text=script CharacterOffsetBegin=493 CharacterOffsetEnd=499 PartOfSpeech=NN] [Text=. CharacterOffsetBegin=499 CharacterOffsetEnd=500 PartOfSpeech=.] 
root(ROOT-0, script-4)
det(script-4, A-1)
advmod(different-3, completely-2)
amod(script-4, different-3)
punct(script-4, .-5)

Sentence #6 (6 tokens):
Give this one a miss.
[Text=Give CharacterOffsetBegin=505 CharacterOffsetEnd=509 PartOfSpeech=VB] [Text=this CharacterOffsetBegin=510 CharacterOffsetEnd=514 PartOfSpeech=DT] [Text=one CharacterOffsetBegin=515 CharacterOffsetEnd=518 PartOfSpeech=CD] [Text=a CharacterOffsetBegin=519 CharacterOffsetEnd=520 PartOfSpeech=DT] [Text=miss CharacterOffsetBegin=521 CharacterOffsetEnd=525 PartOfSpeech=VBP] [Text=. CharacterOffsetBegin=525 CharacterOffsetEnd=526 PartOfSpeech=.] 
root(ROOT-0, miss-5)
dep(miss-5, Give-1)
det(one-3, this-2)
nsubj(miss-5, one-3)
det(miss-5, a-4)
punct(miss-5, .-6)

