Sentence #1 (18 tokens):
Poorly written conspiracy drama/mystery about the possibility that AIDS was introduced to the public by the government.
[Text=Poorly CharacterOffsetBegin=4 CharacterOffsetEnd=10 PartOfSpeech=RB] [Text=written CharacterOffsetBegin=11 CharacterOffsetEnd=18 PartOfSpeech=VBN] [Text=conspiracy CharacterOffsetBegin=19 CharacterOffsetEnd=29 PartOfSpeech=NN] [Text=drama/mystery CharacterOffsetBegin=30 CharacterOffsetEnd=43 PartOfSpeech=NN] [Text=about CharacterOffsetBegin=44 CharacterOffsetEnd=49 PartOfSpeech=IN] [Text=the CharacterOffsetBegin=50 CharacterOffsetEnd=53 PartOfSpeech=DT] [Text=possibility CharacterOffsetBegin=54 CharacterOffsetEnd=65 PartOfSpeech=NN] [Text=that CharacterOffsetBegin=66 CharacterOffsetEnd=70 PartOfSpeech=IN] [Text=AIDS CharacterOffsetBegin=71 CharacterOffsetEnd=75 PartOfSpeech=NN] [Text=was CharacterOffsetBegin=76 CharacterOffsetEnd=79 PartOfSpeech=VBD] [Text=introduced CharacterOffsetBegin=80 CharacterOffsetEnd=90 PartOfSpeech=VBN] [Text=to CharacterOffsetBegin=91 CharacterOffsetEnd=93 PartOfSpeech=TO] [Text=the CharacterOffsetBegin=94 CharacterOffsetEnd=97 PartOfSpeech=DT] [Text=public CharacterOffsetBegin=98 CharacterOffsetEnd=104 PartOfSpeech=NN] [Text=by CharacterOffsetBegin=105 CharacterOffsetEnd=107 PartOfSpeech=IN] [Text=the CharacterOffsetBegin=108 CharacterOffsetEnd=111 PartOfSpeech=DT] [Text=government CharacterOffsetBegin=112 CharacterOffsetEnd=122 PartOfSpeech=NN] [Text=. CharacterOffsetBegin=122 CharacterOffsetEnd=123 PartOfSpeech=.] 
root(ROOT-0, written-2)
advmod(written-2, Poorly-1)
nn(drama/mystery-4, conspiracy-3)
dobj(written-2, drama/mystery-4)
prep(drama/mystery-4, about-5)
det(possibility-7, the-6)
pobj(about-5, possibility-7)
mark(introduced-11, that-8)
nsubjpass(introduced-11, AIDS-9)
auxpass(introduced-11, was-10)
ccomp(possibility-7, introduced-11)
prep(introduced-11, to-12)
det(public-14, the-13)
pobj(to-12, public-14)
prep(introduced-11, by-15)
det(government-17, the-16)
pobj(by-15, government-17)
punct(written-2, .-18)

Sentence #2 (22 tokens):
Wlaschiha plays a gay researcher looking for answers--that within this foggy plot would be hard for anyone to find.
[Text=Wlaschiha CharacterOffsetBegin=128 CharacterOffsetEnd=137 PartOfSpeech=NNP] [Text=plays CharacterOffsetBegin=138 CharacterOffsetEnd=143 PartOfSpeech=VBZ] [Text=a CharacterOffsetBegin=144 CharacterOffsetEnd=145 PartOfSpeech=DT] [Text=gay CharacterOffsetBegin=146 CharacterOffsetEnd=149 PartOfSpeech=JJ] [Text=researcher CharacterOffsetBegin=150 CharacterOffsetEnd=160 PartOfSpeech=NN] [Text=looking CharacterOffsetBegin=161 CharacterOffsetEnd=168 PartOfSpeech=VBG] [Text=for CharacterOffsetBegin=169 CharacterOffsetEnd=172 PartOfSpeech=IN] [Text=answers CharacterOffsetBegin=173 CharacterOffsetEnd=180 PartOfSpeech=NNS] [Text=-- CharacterOffsetBegin=180 CharacterOffsetEnd=182 PartOfSpeech=:] [Text=that CharacterOffsetBegin=182 CharacterOffsetEnd=186 PartOfSpeech=IN] [Text=within CharacterOffsetBegin=187 CharacterOffsetEnd=193 PartOfSpeech=IN] [Text=this CharacterOffsetBegin=194 CharacterOffsetEnd=198 PartOfSpeech=DT] [Text=foggy CharacterOffsetBegin=199 CharacterOffsetEnd=204 PartOfSpeech=JJ] [Text=plot CharacterOffsetBegin=205 CharacterOffsetEnd=209 PartOfSpeech=NN] [Text=would CharacterOffsetBegin=210 CharacterOffsetEnd=215 PartOfSpeech=MD] [Text=be CharacterOffsetBegin=216 CharacterOffsetEnd=218 PartOfSpeech=VB] [Text=hard CharacterOffsetBegin=219 CharacterOffsetEnd=223 PartOfSpeech=JJ] [Text=for CharacterOffsetBegin=224 CharacterOffsetEnd=227 PartOfSpeech=IN] [Text=anyone CharacterOffsetBegin=228 CharacterOffsetEnd=234 PartOfSpeech=NN] [Text=to CharacterOffsetBegin=235 CharacterOffsetEnd=237 PartOfSpeech=TO] [Text=find CharacterOffsetBegin=238 CharacterOffsetEnd=242 PartOfSpeech=VB] [Text=. CharacterOffsetBegin=242 CharacterOffsetEnd=243 PartOfSpeech=.] 
root(ROOT-0, plays-2)
nsubj(plays-2, Wlaschiha-1)
det(researcher-5, a-3)
amod(researcher-5, gay-4)
dobj(plays-2, researcher-5)
partmod(researcher-5, looking-6)
prep(looking-6, for-7)
pobj(for-7, answers-8)
punct(plays-2, ---9)
mark(hard-17, that-10)
prep(hard-17, within-11)
det(plot-14, this-12)
amod(plot-14, foggy-13)
pobj(within-11, plot-14)
aux(hard-17, would-15)
cop(hard-17, be-16)
ccomp(plays-2, hard-17)
mark(find-21, for-18)
nsubj(find-21, anyone-19)
aux(find-21, to-20)
advcl(hard-17, find-21)
punct(plays-2, .-22)

Sentence #3 (28 tokens):
Despite the cinematography itself being commendable, the camera hungers for characters of true depth instead of the shallow, amateur acting it unfortunately has to convey.
[Text=Despite CharacterOffsetBegin=248 CharacterOffsetEnd=255 PartOfSpeech=IN] [Text=the CharacterOffsetBegin=256 CharacterOffsetEnd=259 PartOfSpeech=DT] [Text=cinematography CharacterOffsetBegin=260 CharacterOffsetEnd=274 PartOfSpeech=NN] [Text=itself CharacterOffsetBegin=275 CharacterOffsetEnd=281 PartOfSpeech=PRP] [Text=being CharacterOffsetBegin=282 CharacterOffsetEnd=287 PartOfSpeech=VBG] [Text=commendable CharacterOffsetBegin=288 CharacterOffsetEnd=299 PartOfSpeech=JJ] [Text=, CharacterOffsetBegin=299 CharacterOffsetEnd=300 PartOfSpeech=,] [Text=the CharacterOffsetBegin=301 CharacterOffsetEnd=304 PartOfSpeech=DT] [Text=camera CharacterOffsetBegin=305 CharacterOffsetEnd=311 PartOfSpeech=NN] [Text=hungers CharacterOffsetBegin=312 CharacterOffsetEnd=319 PartOfSpeech=VBZ] [Text=for CharacterOffsetBegin=320 CharacterOffsetEnd=323 PartOfSpeech=IN] [Text=characters CharacterOffsetBegin=324 CharacterOffsetEnd=334 PartOfSpeech=NNS] [Text=of CharacterOffsetBegin=335 CharacterOffsetEnd=337 PartOfSpeech=IN] [Text=true CharacterOffsetBegin=338 CharacterOffsetEnd=342 PartOfSpeech=JJ] [Text=depth CharacterOffsetBegin=343 CharacterOffsetEnd=348 PartOfSpeech=NN] [Text=instead CharacterOffsetBegin=349 CharacterOffsetEnd=356 PartOfSpeech=RB] [Text=of CharacterOffsetBegin=357 CharacterOffsetEnd=359 PartOfSpeech=IN] [Text=the CharacterOffsetBegin=360 CharacterOffsetEnd=363 PartOfSpeech=DT] [Text=shallow CharacterOffsetBegin=364 CharacterOffsetEnd=371 PartOfSpeech=JJ] [Text=, CharacterOffsetBegin=371 CharacterOffsetEnd=372 PartOfSpeech=,] [Text=amateur CharacterOffsetBegin=373 CharacterOffsetEnd=380 PartOfSpeech=JJ] [Text=acting CharacterOffsetBegin=381 CharacterOffsetEnd=387 PartOfSpeech=VBG] [Text=it CharacterOffsetBegin=388 CharacterOffsetEnd=390 PartOfSpeech=PRP] [Text=unfortunately CharacterOffsetBegin=391 CharacterOffsetEnd=404 PartOfSpeech=RB] [Text=has CharacterOffsetBegin=405 CharacterOffsetEnd=408 PartOfSpeech=VBZ] [Text=to CharacterOffsetBegin=409 CharacterOffsetEnd=411 PartOfSpeech=TO] [Text=convey CharacterOffsetBegin=412 CharacterOffsetEnd=418 PartOfSpeech=VB] [Text=. CharacterOffsetBegin=418 CharacterOffsetEnd=419 PartOfSpeech=.] 
root(ROOT-0, Despite-1)
det(cinematography-3, the-2)
pobj(Despite-1, cinematography-3)
nsubj(commendable-6, itself-4)
cop(commendable-6, being-5)
rcmod(cinematography-3, commendable-6)
punct(commendable-6, ,-7)
det(camera-9, the-8)
nsubj(hungers-10, camera-9)
ccomp(commendable-6, hungers-10)
prep(hungers-10, for-11)
pobj(for-11, characters-12)
prep(characters-12, of-13)
amod(depth-15, true-14)
pobj(of-13, depth-15)
advmod(of-17, instead-16)
prep(characters-12, of-17)
pobj(of-17, the-18)
discourse(has-25, shallow-19)
punct(has-25, ,-20)
nsubj(has-25, amateur-21)
partmod(amateur-21, acting-22)
dobj(acting-22, it-23)
advmod(acting-22, unfortunately-24)
rcmod(the-18, has-25)
aux(convey-27, to-26)
xcomp(has-25, convey-27)
punct(Despite-1, .-28)

Sentence #4 (4 tokens):
Grade: D+
[Text=Grade CharacterOffsetBegin=424 CharacterOffsetEnd=429 PartOfSpeech=NNP] [Text=: CharacterOffsetBegin=429 CharacterOffsetEnd=430 PartOfSpeech=:] [Text=D CharacterOffsetBegin=431 CharacterOffsetEnd=432 PartOfSpeech=NN] [Text=+ CharacterOffsetBegin=432 CharacterOffsetEnd=433 PartOfSpeech=CC] 
root(ROOT-0, Grade-1)
punct(Grade-1, :-2)
dep(Grade-1, D-3)
cc(Grade-1, +-4)

