Sentence #1 (19 tokens):
I found a DVD of "I Dream Of Jeanie" in the $1.00 bin at Wal-Mart.
[Text=I CharacterOffsetBegin=4 CharacterOffsetEnd=5 PartOfSpeech=PRP] [Text=found CharacterOffsetBegin=6 CharacterOffsetEnd=11 PartOfSpeech=VBD] [Text=a CharacterOffsetBegin=12 CharacterOffsetEnd=13 PartOfSpeech=DT] [Text=DVD CharacterOffsetBegin=14 CharacterOffsetEnd=17 PartOfSpeech=NN] [Text=of CharacterOffsetBegin=18 CharacterOffsetEnd=20 PartOfSpeech=IN] [Text=`` CharacterOffsetBegin=21 CharacterOffsetEnd=22 PartOfSpeech=``] [Text=I CharacterOffsetBegin=22 CharacterOffsetEnd=23 PartOfSpeech=PRP] [Text=Dream CharacterOffsetBegin=24 CharacterOffsetEnd=29 PartOfSpeech=VB] [Text=Of CharacterOffsetBegin=30 CharacterOffsetEnd=32 PartOfSpeech=IN] [Text=Jeanie CharacterOffsetBegin=33 CharacterOffsetEnd=39 PartOfSpeech=NNP] [Text='' CharacterOffsetBegin=39 CharacterOffsetEnd=40 PartOfSpeech=''] [Text=in CharacterOffsetBegin=41 CharacterOffsetEnd=43 PartOfSpeech=IN] [Text=the CharacterOffsetBegin=44 CharacterOffsetEnd=47 PartOfSpeech=DT] [Text=$ CharacterOffsetBegin=48 CharacterOffsetEnd=49 PartOfSpeech=$] [Text=1.00 CharacterOffsetBegin=49 CharacterOffsetEnd=53 PartOfSpeech=CD] [Text=bin CharacterOffsetBegin=54 CharacterOffsetEnd=57 PartOfSpeech=NN] [Text=at CharacterOffsetBegin=58 CharacterOffsetEnd=60 PartOfSpeech=IN] [Text=Wal-Mart CharacterOffsetBegin=61 CharacterOffsetEnd=69 PartOfSpeech=NNP] [Text=. CharacterOffsetBegin=69 CharacterOffsetEnd=70 PartOfSpeech=.] 
root(ROOT-0, found-2)
nsubj(found-2, I-1)
det(DVD-4, a-3)
dobj(found-2, DVD-4)
prep(DVD-4, of-5)
punct(of-5, ``-6)
pobj(of-5, I-7)
dep(I-7, Dream-8)
prep(Dream-8, Of-9)
pobj(Of-9, Jeanie-10)
punct(Dream-8, ''-11)
prep(Dream-8, in-12)
det(bin-16, the-13)
amod(bin-16, $-14)
number($-14, 1.00-15)
pobj(in-12, bin-16)
prep(bin-16, at-17)
pobj(at-17, Wal-Mart-18)
punct(found-2, .-19)

Sentence #2 (27 tokens):
When I saw that it was the "story of Stephen Foster", being a musician and music educator, I had to see it.
[Text=When CharacterOffsetBegin=75 CharacterOffsetEnd=79 PartOfSpeech=WRB] [Text=I CharacterOffsetBegin=80 CharacterOffsetEnd=81 PartOfSpeech=PRP] [Text=saw CharacterOffsetBegin=82 CharacterOffsetEnd=85 PartOfSpeech=VBD] [Text=that CharacterOffsetBegin=86 CharacterOffsetEnd=90 PartOfSpeech=IN] [Text=it CharacterOffsetBegin=91 CharacterOffsetEnd=93 PartOfSpeech=PRP] [Text=was CharacterOffsetBegin=94 CharacterOffsetEnd=97 PartOfSpeech=VBD] [Text=the CharacterOffsetBegin=98 CharacterOffsetEnd=101 PartOfSpeech=DT] [Text=`` CharacterOffsetBegin=102 CharacterOffsetEnd=103 PartOfSpeech=``] [Text=story CharacterOffsetBegin=103 CharacterOffsetEnd=108 PartOfSpeech=NN] [Text=of CharacterOffsetBegin=109 CharacterOffsetEnd=111 PartOfSpeech=IN] [Text=Stephen CharacterOffsetBegin=112 CharacterOffsetEnd=119 PartOfSpeech=NNP] [Text=Foster CharacterOffsetBegin=120 CharacterOffsetEnd=126 PartOfSpeech=NNP] [Text='' CharacterOffsetBegin=126 CharacterOffsetEnd=127 PartOfSpeech=''] [Text=, CharacterOffsetBegin=127 CharacterOffsetEnd=128 PartOfSpeech=,] [Text=being CharacterOffsetBegin=129 CharacterOffsetEnd=134 PartOfSpeech=VBG] [Text=a CharacterOffsetBegin=135 CharacterOffsetEnd=136 PartOfSpeech=DT] [Text=musician CharacterOffsetBegin=137 CharacterOffsetEnd=145 PartOfSpeech=NN] [Text=and CharacterOffsetBegin=146 CharacterOffsetEnd=149 PartOfSpeech=CC] [Text=music CharacterOffsetBegin=150 CharacterOffsetEnd=155 PartOfSpeech=NN] [Text=educator CharacterOffsetBegin=156 CharacterOffsetEnd=164 PartOfSpeech=NN] [Text=, CharacterOffsetBegin=164 CharacterOffsetEnd=165 PartOfSpeech=,] [Text=I CharacterOffsetBegin=166 CharacterOffsetEnd=167 PartOfSpeech=PRP] [Text=had CharacterOffsetBegin=168 CharacterOffsetEnd=171 PartOfSpeech=VBD] [Text=to CharacterOffsetBegin=172 CharacterOffsetEnd=174 PartOfSpeech=TO] [Text=see CharacterOffsetBegin=175 CharacterOffsetEnd=178 PartOfSpeech=VB] [Text=it CharacterOffsetBegin=179 CharacterOffsetEnd=181 PartOfSpeech=PRP] [Text=. CharacterOffsetBegin=181 CharacterOffsetEnd=182 PartOfSpeech=.] 
root(ROOT-0, had-23)
advmod(saw-3, When-1)
nsubj(saw-3, I-2)
advcl(had-23, saw-3)
mark(story-9, that-4)
nsubj(story-9, it-5)
cop(story-9, was-6)
det(story-9, the-7)
punct(story-9, ``-8)
ccomp(saw-3, story-9)
prep(story-9, of-10)
nn(Foster-12, Stephen-11)
pobj(of-10, Foster-12)
punct(Foster-12, ''-13)
punct(saw-3, ,-14)
cop(musician-17, being-15)
det(musician-17, a-16)
xcomp(saw-3, musician-17)
cc(musician-17, and-18)
nn(educator-20, music-19)
conj(musician-17, educator-20)
punct(had-23, ,-21)
nsubj(had-23, I-22)
aux(see-25, to-24)
xcomp(had-23, see-25)
dobj(see-25, it-26)
punct(had-23, .-27)

Sentence #3 (32 tokens):
I had no idea what year it was made for it did not say on the cover, just that it was a remake of 1939's "Sewanee River".
[Text=I CharacterOffsetBegin=187 CharacterOffsetEnd=188 PartOfSpeech=PRP] [Text=had CharacterOffsetBegin=189 CharacterOffsetEnd=192 PartOfSpeech=VBD] [Text=no CharacterOffsetBegin=193 CharacterOffsetEnd=195 PartOfSpeech=DT] [Text=idea CharacterOffsetBegin=196 CharacterOffsetEnd=200 PartOfSpeech=NN] [Text=what CharacterOffsetBegin=201 CharacterOffsetEnd=205 PartOfSpeech=WDT] [Text=year CharacterOffsetBegin=206 CharacterOffsetEnd=210 PartOfSpeech=NN] [Text=it CharacterOffsetBegin=211 CharacterOffsetEnd=213 PartOfSpeech=PRP] [Text=was CharacterOffsetBegin=214 CharacterOffsetEnd=217 PartOfSpeech=VBD] [Text=made CharacterOffsetBegin=218 CharacterOffsetEnd=222 PartOfSpeech=VBN] [Text=for CharacterOffsetBegin=223 CharacterOffsetEnd=226 PartOfSpeech=IN] [Text=it CharacterOffsetBegin=227 CharacterOffsetEnd=229 PartOfSpeech=PRP] [Text=did CharacterOffsetBegin=230 CharacterOffsetEnd=233 PartOfSpeech=VBD] [Text=not CharacterOffsetBegin=234 CharacterOffsetEnd=237 PartOfSpeech=RB] [Text=say CharacterOffsetBegin=238 CharacterOffsetEnd=241 PartOfSpeech=VB] [Text=on CharacterOffsetBegin=242 CharacterOffsetEnd=244 PartOfSpeech=IN] [Text=the CharacterOffsetBegin=245 CharacterOffsetEnd=248 PartOfSpeech=DT] [Text=cover CharacterOffsetBegin=249 CharacterOffsetEnd=254 PartOfSpeech=NN] [Text=, CharacterOffsetBegin=254 CharacterOffsetEnd=255 PartOfSpeech=,] [Text=just CharacterOffsetBegin=256 CharacterOffsetEnd=260 PartOfSpeech=RB] [Text=that CharacterOffsetBegin=261 CharacterOffsetEnd=265 PartOfSpeech=IN] [Text=it CharacterOffsetBegin=266 CharacterOffsetEnd=268 PartOfSpeech=PRP] [Text=was CharacterOffsetBegin=269 CharacterOffsetEnd=272 PartOfSpeech=VBD] [Text=a CharacterOffsetBegin=273 CharacterOffsetEnd=274 PartOfSpeech=DT] [Text=remake CharacterOffsetBegin=275 CharacterOffsetEnd=281 PartOfSpeech=NN] [Text=of CharacterOffsetBegin=282 CharacterOffsetEnd=284 PartOfSpeech=IN] [Text=1939 CharacterOffsetBegin=285 CharacterOffsetEnd=289 PartOfSpeech=CD] [Text='s CharacterOffsetBegin=289 CharacterOffsetEnd=291 PartOfSpeech=POS] [Text=`` CharacterOffsetBegin=292 CharacterOffsetEnd=293 PartOfSpeech=``] [Text=Sewanee CharacterOffsetBegin=293 CharacterOffsetEnd=300 PartOfSpeech=NNP] [Text=River CharacterOffsetBegin=301 CharacterOffsetEnd=306 PartOfSpeech=NNP] [Text='' CharacterOffsetBegin=306 CharacterOffsetEnd=307 PartOfSpeech=''] [Text=. CharacterOffsetBegin=307 CharacterOffsetEnd=308 PartOfSpeech=.] 
root(ROOT-0, say-14)
nsubj(had-2, I-1)
csubj(say-14, had-2)
det(idea-4, no-3)
dobj(had-2, idea-4)
det(year-6, what-5)
dobj(made-9, year-6)
nsubjpass(made-9, it-7)
auxpass(made-9, was-8)
rcmod(idea-4, made-9)
prep(made-9, for-10)
pobj(for-10, it-11)
aux(say-14, did-12)
neg(say-14, not-13)
prep(say-14, on-15)
det(cover-17, the-16)
pobj(on-15, cover-17)
punct(say-14, ,-18)
advmod(remake-24, just-19)
mark(remake-24, that-20)
nsubj(remake-24, it-21)
cop(remake-24, was-22)
det(remake-24, a-23)
advcl(say-14, remake-24)
prep(remake-24, of-25)
poss(River-30, 1939-26)
possessive(1939-26, 's-27)
punct(River-30, ``-28)
nn(River-30, Sewanee-29)
pobj(of-25, River-30)
punct(River-30, ''-31)
punct(say-14, .-32)

Sentence #4 (14 tokens):
Bill Shirley's portrayal of the composer is sometimes painful, sometimes laughable.
[Text=Bill CharacterOffsetBegin=313 CharacterOffsetEnd=317 PartOfSpeech=NNP] [Text=Shirley CharacterOffsetBegin=318 CharacterOffsetEnd=325 PartOfSpeech=NNP] [Text='s CharacterOffsetBegin=325 CharacterOffsetEnd=327 PartOfSpeech=POS] [Text=portrayal CharacterOffsetBegin=328 CharacterOffsetEnd=337 PartOfSpeech=NN] [Text=of CharacterOffsetBegin=338 CharacterOffsetEnd=340 PartOfSpeech=IN] [Text=the CharacterOffsetBegin=341 CharacterOffsetEnd=344 PartOfSpeech=DT] [Text=composer CharacterOffsetBegin=345 CharacterOffsetEnd=353 PartOfSpeech=NN] [Text=is CharacterOffsetBegin=354 CharacterOffsetEnd=356 PartOfSpeech=VBZ] [Text=sometimes CharacterOffsetBegin=357 CharacterOffsetEnd=366 PartOfSpeech=RB] [Text=painful CharacterOffsetBegin=367 CharacterOffsetEnd=374 PartOfSpeech=JJ] [Text=, CharacterOffsetBegin=374 CharacterOffsetEnd=375 PartOfSpeech=,] [Text=sometimes CharacterOffsetBegin=376 CharacterOffsetEnd=385 PartOfSpeech=RB] [Text=laughable CharacterOffsetBegin=386 CharacterOffsetEnd=395 PartOfSpeech=JJ] [Text=. CharacterOffsetBegin=395 CharacterOffsetEnd=396 PartOfSpeech=.] 
root(ROOT-0, painful-10)
nn(Shirley-2, Bill-1)
poss(portrayal-4, Shirley-2)
possessive(Shirley-2, 's-3)
nsubj(painful-10, portrayal-4)
prep(portrayal-4, of-5)
det(composer-7, the-6)
pobj(of-5, composer-7)
cop(painful-10, is-8)
advmod(painful-10, sometimes-9)
punct(painful-10, ,-11)
advmod(laughable-13, sometimes-12)
dep(painful-10, laughable-13)
punct(painful-10, .-14)

Sentence #5 (14 tokens):
The man has NO testosterone and is a wimp all the way through!
[Text=The CharacterOffsetBegin=401 CharacterOffsetEnd=404 PartOfSpeech=DT] [Text=man CharacterOffsetBegin=405 CharacterOffsetEnd=408 PartOfSpeech=NN] [Text=has CharacterOffsetBegin=409 CharacterOffsetEnd=412 PartOfSpeech=VBZ] [Text=NO CharacterOffsetBegin=413 CharacterOffsetEnd=415 PartOfSpeech=NN] [Text=testosterone CharacterOffsetBegin=416 CharacterOffsetEnd=428 PartOfSpeech=NN] [Text=and CharacterOffsetBegin=429 CharacterOffsetEnd=432 PartOfSpeech=CC] [Text=is CharacterOffsetBegin=433 CharacterOffsetEnd=435 PartOfSpeech=VBZ] [Text=a CharacterOffsetBegin=436 CharacterOffsetEnd=437 PartOfSpeech=DT] [Text=wimp CharacterOffsetBegin=438 CharacterOffsetEnd=442 PartOfSpeech=VB] [Text=all CharacterOffsetBegin=443 CharacterOffsetEnd=446 PartOfSpeech=PDT] [Text=the CharacterOffsetBegin=447 CharacterOffsetEnd=450 PartOfSpeech=DT] [Text=way CharacterOffsetBegin=451 CharacterOffsetEnd=454 PartOfSpeech=NN] [Text=through CharacterOffsetBegin=455 CharacterOffsetEnd=462 PartOfSpeech=IN] [Text=! CharacterOffsetBegin=462 CharacterOffsetEnd=463 PartOfSpeech=.] 
root(ROOT-0, has-3)
det(man-2, The-1)
nsubj(has-3, man-2)
nn(testosterone-5, NO-4)
dobj(has-3, testosterone-5)
cc(has-3, and-6)
cop(wimp-9, is-7)
det(wimp-9, a-8)
conj(has-3, wimp-9)
predet(way-12, all-10)
det(way-12, the-11)
dep(wimp-9, way-12)
dep(way-12, through-13)
punct(has-3, !-14)

Sentence #6 (27 tokens):
I have a difficult time believing Stephen Foster thought music publishers were doing him a favor by publishing his songs...without paying him for them!
[Text=I CharacterOffsetBegin=468 CharacterOffsetEnd=469 PartOfSpeech=PRP] [Text=have CharacterOffsetBegin=470 CharacterOffsetEnd=474 PartOfSpeech=VBP] [Text=a CharacterOffsetBegin=475 CharacterOffsetEnd=476 PartOfSpeech=DT] [Text=difficult CharacterOffsetBegin=477 CharacterOffsetEnd=486 PartOfSpeech=JJ] [Text=time CharacterOffsetBegin=487 CharacterOffsetEnd=491 PartOfSpeech=NN] [Text=believing CharacterOffsetBegin=492 CharacterOffsetEnd=501 PartOfSpeech=VBG] [Text=Stephen CharacterOffsetBegin=502 CharacterOffsetEnd=509 PartOfSpeech=NNP] [Text=Foster CharacterOffsetBegin=510 CharacterOffsetEnd=516 PartOfSpeech=NNP] [Text=thought CharacterOffsetBegin=517 CharacterOffsetEnd=524 PartOfSpeech=VBD] [Text=music CharacterOffsetBegin=525 CharacterOffsetEnd=530 PartOfSpeech=NN] [Text=publishers CharacterOffsetBegin=531 CharacterOffsetEnd=541 PartOfSpeech=NNS] [Text=were CharacterOffsetBegin=542 CharacterOffsetEnd=546 PartOfSpeech=VBD] [Text=doing CharacterOffsetBegin=547 CharacterOffsetEnd=552 PartOfSpeech=VBG] [Text=him CharacterOffsetBegin=553 CharacterOffsetEnd=556 PartOfSpeech=PRP] [Text=a CharacterOffsetBegin=557 CharacterOffsetEnd=558 PartOfSpeech=DT] [Text=favor CharacterOffsetBegin=559 CharacterOffsetEnd=564 PartOfSpeech=NN] [Text=by CharacterOffsetBegin=565 CharacterOffsetEnd=567 PartOfSpeech=IN] [Text=publishing CharacterOffsetBegin=568 CharacterOffsetEnd=578 PartOfSpeech=VBG] [Text=his CharacterOffsetBegin=579 CharacterOffsetEnd=582 PartOfSpeech=PRP$] [Text=songs CharacterOffsetBegin=583 CharacterOffsetEnd=588 PartOfSpeech=NNS] [Text=... CharacterOffsetBegin=588 CharacterOffsetEnd=591 PartOfSpeech=:] [Text=without CharacterOffsetBegin=591 CharacterOffsetEnd=598 PartOfSpeech=IN] [Text=paying CharacterOffsetBegin=599 CharacterOffsetEnd=605 PartOfSpeech=VBG] [Text=him CharacterOffsetBegin=606 CharacterOffsetEnd=609 PartOfSpeech=PRP] [Text=for CharacterOffsetBegin=610 CharacterOffsetEnd=613 PartOfSpeech=IN] [Text=them CharacterOffsetBegin=614 CharacterOffsetEnd=618 PartOfSpeech=PRP] [Text=! CharacterOffsetBegin=618 CharacterOffsetEnd=619 PartOfSpeech=.] 
root(ROOT-0, have-2)
nsubj(have-2, I-1)
det(time-5, a-3)
amod(time-5, difficult-4)
dobj(have-2, time-5)
partmod(time-5, believing-6)
nn(Foster-8, Stephen-7)
nsubj(thought-9, Foster-8)
ccomp(believing-6, thought-9)
nn(publishers-11, music-10)
nsubj(doing-13, publishers-11)
aux(doing-13, were-12)
ccomp(thought-9, doing-13)
iobj(doing-13, him-14)
det(favor-16, a-15)
dobj(doing-13, favor-16)
prep(doing-13, by-17)
pcomp(by-17, publishing-18)
poss(songs-20, his-19)
dobj(publishing-18, songs-20)
punct(have-2, ...-21)
prep(have-2, without-22)
pcomp(without-22, paying-23)
dobj(paying-23, him-24)
prep(paying-23, for-25)
pobj(for-25, them-26)
punct(have-2, !-27)

Sentence #7 (40 tokens):
In addition to that ridiculous notion, there is a nearly 20 minute segment of Ray Middleton and his black-faced "Christy Minstrels" performing Stephen Foster's songs that was difficult to watch, to say the least.
[Text=In CharacterOffsetBegin=624 CharacterOffsetEnd=626 PartOfSpeech=IN] [Text=addition CharacterOffsetBegin=627 CharacterOffsetEnd=635 PartOfSpeech=NN] [Text=to CharacterOffsetBegin=636 CharacterOffsetEnd=638 PartOfSpeech=TO] [Text=that CharacterOffsetBegin=639 CharacterOffsetEnd=643 PartOfSpeech=DT] [Text=ridiculous CharacterOffsetBegin=644 CharacterOffsetEnd=654 PartOfSpeech=JJ] [Text=notion CharacterOffsetBegin=655 CharacterOffsetEnd=661 PartOfSpeech=NN] [Text=, CharacterOffsetBegin=661 CharacterOffsetEnd=662 PartOfSpeech=,] [Text=there CharacterOffsetBegin=663 CharacterOffsetEnd=668 PartOfSpeech=EX] [Text=is CharacterOffsetBegin=669 CharacterOffsetEnd=671 PartOfSpeech=VBZ] [Text=a CharacterOffsetBegin=672 CharacterOffsetEnd=673 PartOfSpeech=DT] [Text=nearly CharacterOffsetBegin=674 CharacterOffsetEnd=680 PartOfSpeech=RB] [Text=20 CharacterOffsetBegin=681 CharacterOffsetEnd=683 PartOfSpeech=CD] [Text=minute CharacterOffsetBegin=684 CharacterOffsetEnd=690 PartOfSpeech=NN] [Text=segment CharacterOffsetBegin=691 CharacterOffsetEnd=698 PartOfSpeech=NN] [Text=of CharacterOffsetBegin=699 CharacterOffsetEnd=701 PartOfSpeech=IN] [Text=Ray CharacterOffsetBegin=702 CharacterOffsetEnd=705 PartOfSpeech=NNP] [Text=Middleton CharacterOffsetBegin=706 CharacterOffsetEnd=715 PartOfSpeech=NNP] [Text=and CharacterOffsetBegin=716 CharacterOffsetEnd=719 PartOfSpeech=CC] [Text=his CharacterOffsetBegin=720 CharacterOffsetEnd=723 PartOfSpeech=PRP$] [Text=black-faced CharacterOffsetBegin=724 CharacterOffsetEnd=735 PartOfSpeech=JJ] [Text=`` CharacterOffsetBegin=736 CharacterOffsetEnd=737 PartOfSpeech=``] [Text=Christy CharacterOffsetBegin=737 CharacterOffsetEnd=744 PartOfSpeech=NNP] [Text=Minstrels CharacterOffsetBegin=745 CharacterOffsetEnd=754 PartOfSpeech=NNP] [Text='' CharacterOffsetBegin=754 CharacterOffsetEnd=755 PartOfSpeech=''] [Text=performing CharacterOffsetBegin=756 CharacterOffsetEnd=766 PartOfSpeech=VBG] [Text=Stephen CharacterOffsetBegin=767 CharacterOffsetEnd=774 PartOfSpeech=NNP] [Text=Foster CharacterOffsetBegin=775 CharacterOffsetEnd=781 PartOfSpeech=NNP] [Text='s CharacterOffsetBegin=781 CharacterOffsetEnd=783 PartOfSpeech=POS] [Text=songs CharacterOffsetBegin=784 CharacterOffsetEnd=789 PartOfSpeech=NNS] [Text=that CharacterOffsetBegin=790 CharacterOffsetEnd=794 PartOfSpeech=WDT] [Text=was CharacterOffsetBegin=795 CharacterOffsetEnd=798 PartOfSpeech=VBD] [Text=difficult CharacterOffsetBegin=799 CharacterOffsetEnd=808 PartOfSpeech=JJ] [Text=to CharacterOffsetBegin=809 CharacterOffsetEnd=811 PartOfSpeech=TO] [Text=watch CharacterOffsetBegin=812 CharacterOffsetEnd=817 PartOfSpeech=VB] [Text=, CharacterOffsetBegin=817 CharacterOffsetEnd=818 PartOfSpeech=,] [Text=to CharacterOffsetBegin=819 CharacterOffsetEnd=821 PartOfSpeech=TO] [Text=say CharacterOffsetBegin=822 CharacterOffsetEnd=825 PartOfSpeech=VB] [Text=the CharacterOffsetBegin=826 CharacterOffsetEnd=829 PartOfSpeech=DT] [Text=least CharacterOffsetBegin=830 CharacterOffsetEnd=835 PartOfSpeech=JJS] [Text=. CharacterOffsetBegin=835 CharacterOffsetEnd=836 PartOfSpeech=.] 
root(ROOT-0, is-9)
prep(is-9, In-1)
pobj(In-1, addition-2)
prep(addition-2, to-3)
det(notion-6, that-4)
amod(notion-6, ridiculous-5)
pobj(to-3, notion-6)
punct(is-9, ,-7)
expl(is-9, there-8)
det(segment-14, a-10)
quantmod(20-12, nearly-11)
num(segment-14, 20-12)
amod(segment-14, minute-13)
nsubj(is-9, segment-14)
prep(segment-14, of-15)
nn(Middleton-17, Ray-16)
pobj(of-15, Middleton-17)
cc(Middleton-17, and-18)
conj(Middleton-17, his-19)
dep(his-19, black-faced-20)
punct(black-faced-20, ``-21)
dep(``-21, Christy-22)
nsubj(performing-25, Minstrels-23)
punct(performing-25, ''-24)
rcmod(Christy-22, performing-25)
nn(Foster-27, Stephen-26)
poss(songs-29, Foster-27)
possessive(Foster-27, 's-28)
dobj(performing-25, songs-29)
nsubj(difficult-32, that-30)
cop(difficult-32, was-31)
rcmod(songs-29, difficult-32)
aux(watch-34, to-33)
xcomp(difficult-32, watch-34)
punct(watch-34, ,-35)
aux(say-37, to-36)
xcomp(watch-34, say-37)
det(least-39, the-38)
dobj(say-37, least-39)
punct(Christy-22, .-40)

Sentence #8 (17 tokens):
I can hardly believe anyone would consider this movie appropriate to resurrect in our current time.
[Text=I CharacterOffsetBegin=841 CharacterOffsetEnd=842 PartOfSpeech=PRP] [Text=can CharacterOffsetBegin=843 CharacterOffsetEnd=846 PartOfSpeech=MD] [Text=hardly CharacterOffsetBegin=847 CharacterOffsetEnd=853 PartOfSpeech=RB] [Text=believe CharacterOffsetBegin=854 CharacterOffsetEnd=861 PartOfSpeech=VB] [Text=anyone CharacterOffsetBegin=862 CharacterOffsetEnd=868 PartOfSpeech=NN] [Text=would CharacterOffsetBegin=869 CharacterOffsetEnd=874 PartOfSpeech=MD] [Text=consider CharacterOffsetBegin=875 CharacterOffsetEnd=883 PartOfSpeech=VB] [Text=this CharacterOffsetBegin=884 CharacterOffsetEnd=888 PartOfSpeech=DT] [Text=movie CharacterOffsetBegin=889 CharacterOffsetEnd=894 PartOfSpeech=NN] [Text=appropriate CharacterOffsetBegin=895 CharacterOffsetEnd=906 PartOfSpeech=JJ] [Text=to CharacterOffsetBegin=907 CharacterOffsetEnd=909 PartOfSpeech=TO] [Text=resurrect CharacterOffsetBegin=910 CharacterOffsetEnd=919 PartOfSpeech=VB] [Text=in CharacterOffsetBegin=920 CharacterOffsetEnd=922 PartOfSpeech=IN] [Text=our CharacterOffsetBegin=923 CharacterOffsetEnd=926 PartOfSpeech=PRP$] [Text=current CharacterOffsetBegin=927 CharacterOffsetEnd=934 PartOfSpeech=JJ] [Text=time CharacterOffsetBegin=935 CharacterOffsetEnd=939 PartOfSpeech=NN] [Text=. CharacterOffsetBegin=939 CharacterOffsetEnd=940 PartOfSpeech=.] 
root(ROOT-0, believe-4)
nsubj(believe-4, I-1)
aux(believe-4, can-2)
advmod(believe-4, hardly-3)
nsubj(consider-7, anyone-5)
aux(consider-7, would-6)
ccomp(believe-4, consider-7)
det(movie-9, this-8)
nsubj(resurrect-12, movie-9)
dep(resurrect-12, appropriate-10)
aux(resurrect-12, to-11)
xcomp(consider-7, resurrect-12)
prep(resurrect-12, in-13)
poss(time-16, our-14)
amod(time-16, current-15)
pobj(in-13, time-16)
punct(believe-4, .-17)

Sentence #9 (9 tokens):
It is an embarrassment and should remain forgotten.
[Text=It CharacterOffsetBegin=945 CharacterOffsetEnd=947 PartOfSpeech=PRP] [Text=is CharacterOffsetBegin=948 CharacterOffsetEnd=950 PartOfSpeech=VBZ] [Text=an CharacterOffsetBegin=951 CharacterOffsetEnd=953 PartOfSpeech=DT] [Text=embarrassment CharacterOffsetBegin=954 CharacterOffsetEnd=967 PartOfSpeech=NN] [Text=and CharacterOffsetBegin=968 CharacterOffsetEnd=971 PartOfSpeech=CC] [Text=should CharacterOffsetBegin=972 CharacterOffsetEnd=978 PartOfSpeech=MD] [Text=remain CharacterOffsetBegin=979 CharacterOffsetEnd=985 PartOfSpeech=VB] [Text=forgotten CharacterOffsetBegin=986 CharacterOffsetEnd=995 PartOfSpeech=VBN] [Text=. CharacterOffsetBegin=995 CharacterOffsetEnd=996 PartOfSpeech=.] 
root(ROOT-0, embarrassment-4)
nsubj(embarrassment-4, It-1)
cop(embarrassment-4, is-2)
det(embarrassment-4, an-3)
cc(embarrassment-4, and-5)
aux(forgotten-8, should-6)
auxpass(forgotten-8, remain-7)
conj(embarrassment-4, forgotten-8)
punct(embarrassment-4, .-9)

Sentence #10 (32 tokens):
Fortunately, Stephen Foster's songs will NEVER be forgotten....also, Eileen Christy's portrayal of Jeanie was certainly the highest point in this lowest point of Hollywood history.
[Text=Fortunately CharacterOffsetBegin=1001 CharacterOffsetEnd=1012 PartOfSpeech=RB] [Text=, CharacterOffsetBegin=1012 CharacterOffsetEnd=1013 PartOfSpeech=,] [Text=Stephen CharacterOffsetBegin=1014 CharacterOffsetEnd=1021 PartOfSpeech=NNP] [Text=Foster CharacterOffsetBegin=1022 CharacterOffsetEnd=1028 PartOfSpeech=NNP] [Text='s CharacterOffsetBegin=1028 CharacterOffsetEnd=1030 PartOfSpeech=POS] [Text=songs CharacterOffsetBegin=1031 CharacterOffsetEnd=1036 PartOfSpeech=NNS] [Text=will CharacterOffsetBegin=1037 CharacterOffsetEnd=1041 PartOfSpeech=MD] [Text=NEVER CharacterOffsetBegin=1042 CharacterOffsetEnd=1047 PartOfSpeech=RB] [Text=be CharacterOffsetBegin=1048 CharacterOffsetEnd=1050 PartOfSpeech=VB] [Text=forgotten CharacterOffsetBegin=1051 CharacterOffsetEnd=1060 PartOfSpeech=VBN] [Text=... CharacterOffsetBegin=1060 CharacterOffsetEnd=1064 PartOfSpeech=:] [Text=also CharacterOffsetBegin=1064 CharacterOffsetEnd=1068 PartOfSpeech=RB] [Text=, CharacterOffsetBegin=1068 CharacterOffsetEnd=1069 PartOfSpeech=,] [Text=Eileen CharacterOffsetBegin=1070 CharacterOffsetEnd=1076 PartOfSpeech=NNP] [Text=Christy CharacterOffsetBegin=1077 CharacterOffsetEnd=1084 PartOfSpeech=NNP] [Text='s CharacterOffsetBegin=1084 CharacterOffsetEnd=1086 PartOfSpeech=POS] [Text=portrayal CharacterOffsetBegin=1087 CharacterOffsetEnd=1096 PartOfSpeech=NN] [Text=of CharacterOffsetBegin=1097 CharacterOffsetEnd=1099 PartOfSpeech=IN] [Text=Jeanie CharacterOffsetBegin=1100 CharacterOffsetEnd=1106 PartOfSpeech=NNP] [Text=was CharacterOffsetBegin=1107 CharacterOffsetEnd=1110 PartOfSpeech=VBD] [Text=certainly CharacterOffsetBegin=1111 CharacterOffsetEnd=1120 PartOfSpeech=RB] [Text=the CharacterOffsetBegin=1121 CharacterOffsetEnd=1124 PartOfSpeech=DT] [Text=highest CharacterOffsetBegin=1125 CharacterOffsetEnd=1132 PartOfSpeech=JJS] [Text=point CharacterOffsetBegin=1133 CharacterOffsetEnd=1138 PartOfSpeech=NN] [Text=in CharacterOffsetBegin=1139 CharacterOffsetEnd=1141 PartOfSpeech=IN] [Text=this CharacterOffsetBegin=1142 CharacterOffsetEnd=1146 PartOfSpeech=DT] [Text=lowest CharacterOffsetBegin=1147 CharacterOffsetEnd=1153 PartOfSpeech=JJS] [Text=point CharacterOffsetBegin=1154 CharacterOffsetEnd=1159 PartOfSpeech=NN] [Text=of CharacterOffsetBegin=1160 CharacterOffsetEnd=1162 PartOfSpeech=IN] [Text=Hollywood CharacterOffsetBegin=1163 CharacterOffsetEnd=1172 PartOfSpeech=NNP] [Text=history CharacterOffsetBegin=1173 CharacterOffsetEnd=1180 PartOfSpeech=NN] [Text=. CharacterOffsetBegin=1180 CharacterOffsetEnd=1181 PartOfSpeech=.] 
root(ROOT-0, forgotten-10)
advmod(forgotten-10, Fortunately-1)
punct(forgotten-10, ,-2)
nn(Foster-4, Stephen-3)
poss(songs-6, Foster-4)
possessive(Foster-4, 's-5)
nsubj(forgotten-10, songs-6)
aux(forgotten-10, will-7)
advmod(forgotten-10, NEVER-8)
auxpass(forgotten-10, be-9)
punct(forgotten-10, ...-11)
advmod(forgotten-10, also-12)
punct(forgotten-10, ,-13)
nn(Christy-15, Eileen-14)
poss(portrayal-17, Christy-15)
possessive(Christy-15, 's-16)
nsubj(point-24, portrayal-17)
prep(portrayal-17, of-18)
pobj(of-18, Jeanie-19)
cop(point-24, was-20)
advmod(point-24, certainly-21)
det(point-24, the-22)
amod(point-24, highest-23)
ccomp(forgotten-10, point-24)
prep(point-24, in-25)
det(point-28, this-26)
amod(point-28, lowest-27)
pobj(in-25, point-28)
prep(point-28, of-29)
nn(history-31, Hollywood-30)
pobj(of-29, history-31)
punct(forgotten-10, .-32)

