Sentence #1 (16 tokens):
Disney has now made straight-to-video sequels to a good bunch of their many animated features.
[Text=Disney CharacterOffsetBegin=4 CharacterOffsetEnd=10 PartOfSpeech=NNP] [Text=has CharacterOffsetBegin=11 CharacterOffsetEnd=14 PartOfSpeech=VBZ] [Text=now CharacterOffsetBegin=15 CharacterOffsetEnd=18 PartOfSpeech=RB] [Text=made CharacterOffsetBegin=19 CharacterOffsetEnd=23 PartOfSpeech=VBN] [Text=straight-to-video CharacterOffsetBegin=24 CharacterOffsetEnd=41 PartOfSpeech=JJ] [Text=sequels CharacterOffsetBegin=42 CharacterOffsetEnd=49 PartOfSpeech=NNS] [Text=to CharacterOffsetBegin=50 CharacterOffsetEnd=52 PartOfSpeech=TO] [Text=a CharacterOffsetBegin=53 CharacterOffsetEnd=54 PartOfSpeech=DT] [Text=good CharacterOffsetBegin=55 CharacterOffsetEnd=59 PartOfSpeech=JJ] [Text=bunch CharacterOffsetBegin=60 CharacterOffsetEnd=65 PartOfSpeech=NN] [Text=of CharacterOffsetBegin=66 CharacterOffsetEnd=68 PartOfSpeech=IN] [Text=their CharacterOffsetBegin=69 CharacterOffsetEnd=74 PartOfSpeech=PRP$] [Text=many CharacterOffsetBegin=75 CharacterOffsetEnd=79 PartOfSpeech=JJ] [Text=animated CharacterOffsetBegin=80 CharacterOffsetEnd=88 PartOfSpeech=JJ] [Text=features CharacterOffsetBegin=89 CharacterOffsetEnd=97 PartOfSpeech=NNS] [Text=. CharacterOffsetBegin=97 CharacterOffsetEnd=98 PartOfSpeech=.] 
root(ROOT-0, made-4)
nsubj(made-4, Disney-1)
aux(made-4, has-2)
advmod(made-4, now-3)
amod(sequels-6, straight-to-video-5)
dobj(made-4, sequels-6)
prep(made-4, to-7)
det(bunch-10, a-8)
amod(bunch-10, good-9)
pobj(to-7, bunch-10)
prep(bunch-10, of-11)
poss(features-15, their-12)
amod(features-15, many-13)
amod(features-15, animated-14)
pobj(of-11, features-15)
punct(made-4, .-16)

Sentence #2 (17 tokens):
Two of these were made for their 1991 classic, "Beauty and the Beast".
[Text=Two CharacterOffsetBegin=103 CharacterOffsetEnd=106 PartOfSpeech=CD] [Text=of CharacterOffsetBegin=107 CharacterOffsetEnd=109 PartOfSpeech=IN] [Text=these CharacterOffsetBegin=110 CharacterOffsetEnd=115 PartOfSpeech=DT] [Text=were CharacterOffsetBegin=116 CharacterOffsetEnd=120 PartOfSpeech=VBD] [Text=made CharacterOffsetBegin=121 CharacterOffsetEnd=125 PartOfSpeech=VBN] [Text=for CharacterOffsetBegin=126 CharacterOffsetEnd=129 PartOfSpeech=IN] [Text=their CharacterOffsetBegin=130 CharacterOffsetEnd=135 PartOfSpeech=PRP$] [Text=1991 CharacterOffsetBegin=136 CharacterOffsetEnd=140 PartOfSpeech=CD] [Text=classic CharacterOffsetBegin=141 CharacterOffsetEnd=148 PartOfSpeech=JJ] [Text=, CharacterOffsetBegin=148 CharacterOffsetEnd=149 PartOfSpeech=,] [Text=`` CharacterOffsetBegin=150 CharacterOffsetEnd=151 PartOfSpeech=``] [Text=Beauty CharacterOffsetBegin=151 CharacterOffsetEnd=157 PartOfSpeech=NN] [Text=and CharacterOffsetBegin=158 CharacterOffsetEnd=161 PartOfSpeech=CC] [Text=the CharacterOffsetBegin=162 CharacterOffsetEnd=165 PartOfSpeech=DT] [Text=Beast CharacterOffsetBegin=166 CharacterOffsetEnd=171 PartOfSpeech=NN] [Text='' CharacterOffsetBegin=171 CharacterOffsetEnd=172 PartOfSpeech=''] [Text=. CharacterOffsetBegin=172 CharacterOffsetEnd=173 PartOfSpeech=.] 
root(ROOT-0, made-5)
nsubjpass(made-5, Two-1)
prep(Two-1, of-2)
pobj(of-2, these-3)
auxpass(made-5, were-4)
prep(made-5, for-6)
poss(classic-9, their-7)
num(classic-9, 1991-8)
pobj(for-6, classic-9)
punct(classic-9, ,-10)
punct(classic-9, ``-11)
dep(classic-9, Beauty-12)
cc(Beauty-12, and-13)
det(Beast-15, the-14)
conj(Beauty-12, Beast-15)
punct(classic-9, ''-16)
punct(made-5, .-17)

Sentence #3 (23 tokens):
Well, these ones aren't really sequels, as they are both set in between the events of the first film.
[Text=Well CharacterOffsetBegin=178 CharacterOffsetEnd=182 PartOfSpeech=RB] [Text=, CharacterOffsetBegin=182 CharacterOffsetEnd=183 PartOfSpeech=,] [Text=these CharacterOffsetBegin=184 CharacterOffsetEnd=189 PartOfSpeech=DT] [Text=ones CharacterOffsetBegin=190 CharacterOffsetEnd=194 PartOfSpeech=NNS] [Text=are CharacterOffsetBegin=195 CharacterOffsetEnd=198 PartOfSpeech=VBP] [Text=n't CharacterOffsetBegin=198 CharacterOffsetEnd=201 PartOfSpeech=RB] [Text=really CharacterOffsetBegin=202 CharacterOffsetEnd=208 PartOfSpeech=RB] [Text=sequels CharacterOffsetBegin=209 CharacterOffsetEnd=216 PartOfSpeech=NNS] [Text=, CharacterOffsetBegin=216 CharacterOffsetEnd=217 PartOfSpeech=,] [Text=as CharacterOffsetBegin=218 CharacterOffsetEnd=220 PartOfSpeech=IN] [Text=they CharacterOffsetBegin=221 CharacterOffsetEnd=225 PartOfSpeech=PRP] [Text=are CharacterOffsetBegin=226 CharacterOffsetEnd=229 PartOfSpeech=VBP] [Text=both CharacterOffsetBegin=230 CharacterOffsetEnd=234 PartOfSpeech=DT] [Text=set CharacterOffsetBegin=235 CharacterOffsetEnd=238 PartOfSpeech=VBN] [Text=in CharacterOffsetBegin=239 CharacterOffsetEnd=241 PartOfSpeech=IN] [Text=between CharacterOffsetBegin=242 CharacterOffsetEnd=249 PartOfSpeech=IN] [Text=the CharacterOffsetBegin=250 CharacterOffsetEnd=253 PartOfSpeech=DT] [Text=events CharacterOffsetBegin=254 CharacterOffsetEnd=260 PartOfSpeech=NNS] [Text=of CharacterOffsetBegin=261 CharacterOffsetEnd=263 PartOfSpeech=IN] [Text=the CharacterOffsetBegin=264 CharacterOffsetEnd=267 PartOfSpeech=DT] [Text=first CharacterOffsetBegin=268 CharacterOffsetEnd=273 PartOfSpeech=JJ] [Text=film CharacterOffsetBegin=274 CharacterOffsetEnd=278 PartOfSpeech=NN] [Text=. CharacterOffsetBegin=278 CharacterOffsetEnd=279 PartOfSpeech=.] 
root(ROOT-0, sequels-8)
advmod(sequels-8, Well-1)
punct(sequels-8, ,-2)
det(ones-4, these-3)
nsubj(sequels-8, ones-4)
cop(sequels-8, are-5)
neg(sequels-8, n't-6)
advmod(sequels-8, really-7)
punct(sequels-8, ,-9)
mark(set-14, as-10)
nsubjpass(set-14, they-11)
auxpass(set-14, are-12)
dep(set-14, both-13)
advcl(sequels-8, set-14)
prep(set-14, in-15)
pcomp(in-15, between-16)
det(events-18, the-17)
pobj(between-16, events-18)
prep(events-18, of-19)
det(film-22, the-20)
amod(film-22, first-21)
pobj(of-19, film-22)
punct(sequels-8, .-23)

Sentence #4 (45 tokens):
The first of these two straight-to-video films was "Beauty and the Beast: The Enchanted Christmas", which seems to be disliked by quite a few fans of its theatrical predecessor, but I think that can usually be expected with sequels.
[Text=The CharacterOffsetBegin=284 CharacterOffsetEnd=287 PartOfSpeech=DT] [Text=first CharacterOffsetBegin=288 CharacterOffsetEnd=293 PartOfSpeech=JJ] [Text=of CharacterOffsetBegin=294 CharacterOffsetEnd=296 PartOfSpeech=IN] [Text=these CharacterOffsetBegin=297 CharacterOffsetEnd=302 PartOfSpeech=DT] [Text=two CharacterOffsetBegin=303 CharacterOffsetEnd=306 PartOfSpeech=CD] [Text=straight-to-video CharacterOffsetBegin=307 CharacterOffsetEnd=324 PartOfSpeech=JJ] [Text=films CharacterOffsetBegin=325 CharacterOffsetEnd=330 PartOfSpeech=NNS] [Text=was CharacterOffsetBegin=331 CharacterOffsetEnd=334 PartOfSpeech=VBD] [Text=`` CharacterOffsetBegin=335 CharacterOffsetEnd=336 PartOfSpeech=``] [Text=Beauty CharacterOffsetBegin=336 CharacterOffsetEnd=342 PartOfSpeech=NNP] [Text=and CharacterOffsetBegin=343 CharacterOffsetEnd=346 PartOfSpeech=CC] [Text=the CharacterOffsetBegin=347 CharacterOffsetEnd=350 PartOfSpeech=DT] [Text=Beast CharacterOffsetBegin=351 CharacterOffsetEnd=356 PartOfSpeech=NN] [Text=: CharacterOffsetBegin=356 CharacterOffsetEnd=357 PartOfSpeech=:] [Text=The CharacterOffsetBegin=358 CharacterOffsetEnd=361 PartOfSpeech=DT] [Text=Enchanted CharacterOffsetBegin=362 CharacterOffsetEnd=371 PartOfSpeech=JJ] [Text=Christmas CharacterOffsetBegin=372 CharacterOffsetEnd=381 PartOfSpeech=NNP] [Text='' CharacterOffsetBegin=381 CharacterOffsetEnd=382 PartOfSpeech=''] [Text=, CharacterOffsetBegin=382 CharacterOffsetEnd=383 PartOfSpeech=,] [Text=which CharacterOffsetBegin=384 CharacterOffsetEnd=389 PartOfSpeech=WDT] [Text=seems CharacterOffsetBegin=390 CharacterOffsetEnd=395 PartOfSpeech=VBZ] [Text=to CharacterOffsetBegin=396 CharacterOffsetEnd=398 PartOfSpeech=TO] [Text=be CharacterOffsetBegin=399 CharacterOffsetEnd=401 PartOfSpeech=VB] [Text=disliked CharacterOffsetBegin=402 CharacterOffsetEnd=410 PartOfSpeech=VBN] [Text=by CharacterOffsetBegin=411 CharacterOffsetEnd=413 PartOfSpeech=IN] [Text=quite CharacterOffsetBegin=414 CharacterOffsetEnd=419 PartOfSpeech=RB] [Text=a CharacterOffsetBegin=420 CharacterOffsetEnd=421 PartOfSpeech=DT] [Text=few CharacterOffsetBegin=422 CharacterOffsetEnd=425 PartOfSpeech=JJ] [Text=fans CharacterOffsetBegin=426 CharacterOffsetEnd=430 PartOfSpeech=NNS] [Text=of CharacterOffsetBegin=431 CharacterOffsetEnd=433 PartOfSpeech=IN] [Text=its CharacterOffsetBegin=434 CharacterOffsetEnd=437 PartOfSpeech=PRP$] [Text=theatrical CharacterOffsetBegin=438 CharacterOffsetEnd=448 PartOfSpeech=JJ] [Text=predecessor CharacterOffsetBegin=449 CharacterOffsetEnd=460 PartOfSpeech=NN] [Text=, CharacterOffsetBegin=460 CharacterOffsetEnd=461 PartOfSpeech=,] [Text=but CharacterOffsetBegin=462 CharacterOffsetEnd=465 PartOfSpeech=CC] [Text=I CharacterOffsetBegin=466 CharacterOffsetEnd=467 PartOfSpeech=PRP] [Text=think CharacterOffsetBegin=468 CharacterOffsetEnd=473 PartOfSpeech=VBP] [Text=that CharacterOffsetBegin=474 CharacterOffsetEnd=478 PartOfSpeech=IN] [Text=can CharacterOffsetBegin=479 CharacterOffsetEnd=482 PartOfSpeech=MD] [Text=usually CharacterOffsetBegin=483 CharacterOffsetEnd=490 PartOfSpeech=RB] [Text=be CharacterOffsetBegin=491 CharacterOffsetEnd=493 PartOfSpeech=VB] [Text=expected CharacterOffsetBegin=494 CharacterOffsetEnd=502 PartOfSpeech=VBN] [Text=with CharacterOffsetBegin=503 CharacterOffsetEnd=507 PartOfSpeech=IN] [Text=sequels CharacterOffsetBegin=508 CharacterOffsetEnd=515 PartOfSpeech=NNS] [Text=. CharacterOffsetBegin=515 CharacterOffsetEnd=516 PartOfSpeech=.] 
root(ROOT-0, Beauty-10)
det(first-2, The-1)
nsubj(Beauty-10, first-2)
prep(first-2, of-3)
det(films-7, these-4)
num(films-7, two-5)
amod(films-7, straight-to-video-6)
pobj(of-3, films-7)
cop(Beauty-10, was-8)
punct(Beauty-10, ``-9)
cc(Beauty-10, and-11)
det(Beast-13, the-12)
conj(Beauty-10, Beast-13)
punct(Beauty-10, :-14)
dep(Beauty-10, The-15)
amod(The-15, Enchanted-16)
dep(Enchanted-16, Christmas-17)
punct(Christmas-17, ''-18)
punct(Enchanted-16, ,-19)
nsubj(seems-21, which-20)
rcmod(Enchanted-16, seems-21)
aux(disliked-24, to-22)
auxpass(disliked-24, be-23)
xcomp(seems-21, disliked-24)
prep(disliked-24, by-25)
advmod(fans-29, quite-26)
det(fans-29, a-27)
amod(fans-29, few-28)
pobj(by-25, fans-29)
prep(fans-29, of-30)
poss(predecessor-33, its-31)
amod(predecessor-33, theatrical-32)
pobj(of-30, predecessor-33)
punct(Enchanted-16, ,-34)
cc(Enchanted-16, but-35)
nsubj(think-37, I-36)
conj(Enchanted-16, think-37)
nsubjpass(expected-42, that-38)
aux(expected-42, can-39)
advmod(expected-42, usually-40)
auxpass(expected-42, be-41)
ccomp(think-37, expected-42)
prep(expected-42, with-43)
pobj(with-43, sequels-44)
punct(Beauty-10, .-45)

Sentence #5 (45 tokens):
However, this second one, "Belle's Magical World", is definitely inferior.The film features three short stories, all of which take place while Belle is in the castle, and the place is under the spell of the enchantress.
[Text=However CharacterOffsetBegin=521 CharacterOffsetEnd=528 PartOfSpeech=RB] [Text=, CharacterOffsetBegin=528 CharacterOffsetEnd=529 PartOfSpeech=,] [Text=this CharacterOffsetBegin=530 CharacterOffsetEnd=534 PartOfSpeech=DT] [Text=second CharacterOffsetBegin=535 CharacterOffsetEnd=541 PartOfSpeech=JJ] [Text=one CharacterOffsetBegin=542 CharacterOffsetEnd=545 PartOfSpeech=CD] [Text=, CharacterOffsetBegin=545 CharacterOffsetEnd=546 PartOfSpeech=,] [Text=`` CharacterOffsetBegin=547 CharacterOffsetEnd=548 PartOfSpeech=``] [Text=Belle CharacterOffsetBegin=548 CharacterOffsetEnd=553 PartOfSpeech=NNP] [Text='s CharacterOffsetBegin=553 CharacterOffsetEnd=555 PartOfSpeech=POS] [Text=Magical CharacterOffsetBegin=556 CharacterOffsetEnd=563 PartOfSpeech=JJ] [Text=World CharacterOffsetBegin=564 CharacterOffsetEnd=569 PartOfSpeech=NN] [Text='' CharacterOffsetBegin=569 CharacterOffsetEnd=570 PartOfSpeech=''] [Text=, CharacterOffsetBegin=570 CharacterOffsetEnd=571 PartOfSpeech=,] [Text=is CharacterOffsetBegin=572 CharacterOffsetEnd=574 PartOfSpeech=VBZ] [Text=definitely CharacterOffsetBegin=575 CharacterOffsetEnd=585 PartOfSpeech=RB] [Text=inferior.The CharacterOffsetBegin=586 CharacterOffsetEnd=598 PartOfSpeech=NNP] [Text=film CharacterOffsetBegin=599 CharacterOffsetEnd=603 PartOfSpeech=NN] [Text=features CharacterOffsetBegin=604 CharacterOffsetEnd=612 PartOfSpeech=VBZ] [Text=three CharacterOffsetBegin=613 CharacterOffsetEnd=618 PartOfSpeech=CD] [Text=short CharacterOffsetBegin=619 CharacterOffsetEnd=624 PartOfSpeech=JJ] [Text=stories CharacterOffsetBegin=625 CharacterOffsetEnd=632 PartOfSpeech=NNS] [Text=, CharacterOffsetBegin=632 CharacterOffsetEnd=633 PartOfSpeech=,] [Text=all CharacterOffsetBegin=634 CharacterOffsetEnd=637 PartOfSpeech=DT] [Text=of CharacterOffsetBegin=638 CharacterOffsetEnd=640 PartOfSpeech=IN] [Text=which CharacterOffsetBegin=641 CharacterOffsetEnd=646 PartOfSpeech=WDT] [Text=take CharacterOffsetBegin=647 CharacterOffsetEnd=651 PartOfSpeech=VBP] [Text=place CharacterOffsetBegin=652 CharacterOffsetEnd=657 PartOfSpeech=NN] [Text=while CharacterOffsetBegin=658 CharacterOffsetEnd=663 PartOfSpeech=IN] [Text=Belle CharacterOffsetBegin=664 CharacterOffsetEnd=669 PartOfSpeech=NNP] [Text=is CharacterOffsetBegin=670 CharacterOffsetEnd=672 PartOfSpeech=VBZ] [Text=in CharacterOffsetBegin=673 CharacterOffsetEnd=675 PartOfSpeech=IN] [Text=the CharacterOffsetBegin=676 CharacterOffsetEnd=679 PartOfSpeech=DT] [Text=castle CharacterOffsetBegin=680 CharacterOffsetEnd=686 PartOfSpeech=NN] [Text=, CharacterOffsetBegin=686 CharacterOffsetEnd=687 PartOfSpeech=,] [Text=and CharacterOffsetBegin=688 CharacterOffsetEnd=691 PartOfSpeech=CC] [Text=the CharacterOffsetBegin=692 CharacterOffsetEnd=695 PartOfSpeech=DT] [Text=place CharacterOffsetBegin=696 CharacterOffsetEnd=701 PartOfSpeech=NN] [Text=is CharacterOffsetBegin=702 CharacterOffsetEnd=704 PartOfSpeech=VBZ] [Text=under CharacterOffsetBegin=705 CharacterOffsetEnd=710 PartOfSpeech=IN] [Text=the CharacterOffsetBegin=711 CharacterOffsetEnd=714 PartOfSpeech=DT] [Text=spell CharacterOffsetBegin=715 CharacterOffsetEnd=720 PartOfSpeech=NN] [Text=of CharacterOffsetBegin=721 CharacterOffsetEnd=723 PartOfSpeech=IN] [Text=the CharacterOffsetBegin=724 CharacterOffsetEnd=727 PartOfSpeech=DT] [Text=enchantress CharacterOffsetBegin=728 CharacterOffsetEnd=739 PartOfSpeech=NN] [Text=. CharacterOffsetBegin=739 CharacterOffsetEnd=740 PartOfSpeech=.] 
root(ROOT-0, features-18)
advmod(film-17, However-1)
punct(film-17, ,-2)
det(one-5, this-3)
amod(one-5, second-4)
nsubj(film-17, one-5)
punct(one-5, ,-6)
punct(one-5, ``-7)
poss(World-11, Belle-8)
possessive(Belle-8, 's-9)
amod(World-11, Magical-10)
dep(one-5, World-11)
punct(World-11, ''-12)
punct(one-5, ,-13)
cop(film-17, is-14)
advmod(film-17, definitely-15)
nn(film-17, inferior.The-16)
nsubj(features-18, film-17)
num(stories-21, three-19)
amod(stories-21, short-20)
dobj(features-18, stories-21)
punct(stories-21, ,-22)
nsubj(take-26, all-23)
prep(all-23, of-24)
pobj(of-24, which-25)
rcmod(stories-21, take-26)
dobj(take-26, place-27)
mark(is-30, while-28)
nsubj(is-30, Belle-29)
advcl(take-26, is-30)
prep(is-30, in-31)
det(castle-33, the-32)
pobj(in-31, castle-33)
punct(take-26, ,-34)
cc(take-26, and-35)
det(place-37, the-36)
nsubj(is-38, place-37)
conj(take-26, is-38)
prep(is-38, under-39)
det(spell-41, the-40)
pobj(under-39, spell-41)
prep(spell-41, of-42)
det(enchantress-44, the-43)
pobj(of-42, enchantress-44)
punct(features-18, .-45)

Sentence #6 (34 tokens):
The first is "The Perfect Word", where a misunderstanding at the table between Belle and the Beast leads to trouble, and neither wants to be the first to apologize.
[Text=The CharacterOffsetBegin=745 CharacterOffsetEnd=748 PartOfSpeech=DT] [Text=first CharacterOffsetBegin=749 CharacterOffsetEnd=754 PartOfSpeech=JJ] [Text=is CharacterOffsetBegin=755 CharacterOffsetEnd=757 PartOfSpeech=VBZ] [Text=`` CharacterOffsetBegin=758 CharacterOffsetEnd=759 PartOfSpeech=``] [Text=The CharacterOffsetBegin=759 CharacterOffsetEnd=762 PartOfSpeech=DT] [Text=Perfect CharacterOffsetBegin=763 CharacterOffsetEnd=770 PartOfSpeech=NNP] [Text=Word CharacterOffsetBegin=771 CharacterOffsetEnd=775 PartOfSpeech=NN] [Text='' CharacterOffsetBegin=775 CharacterOffsetEnd=776 PartOfSpeech=''] [Text=, CharacterOffsetBegin=776 CharacterOffsetEnd=777 PartOfSpeech=,] [Text=where CharacterOffsetBegin=778 CharacterOffsetEnd=783 PartOfSpeech=WRB] [Text=a CharacterOffsetBegin=784 CharacterOffsetEnd=785 PartOfSpeech=DT] [Text=misunderstanding CharacterOffsetBegin=786 CharacterOffsetEnd=802 PartOfSpeech=NN] [Text=at CharacterOffsetBegin=803 CharacterOffsetEnd=805 PartOfSpeech=IN] [Text=the CharacterOffsetBegin=806 CharacterOffsetEnd=809 PartOfSpeech=DT] [Text=table CharacterOffsetBegin=810 CharacterOffsetEnd=815 PartOfSpeech=NN] [Text=between CharacterOffsetBegin=816 CharacterOffsetEnd=823 PartOfSpeech=IN] [Text=Belle CharacterOffsetBegin=824 CharacterOffsetEnd=829 PartOfSpeech=NNP] [Text=and CharacterOffsetBegin=830 CharacterOffsetEnd=833 PartOfSpeech=CC] [Text=the CharacterOffsetBegin=834 CharacterOffsetEnd=837 PartOfSpeech=DT] [Text=Beast CharacterOffsetBegin=838 CharacterOffsetEnd=843 PartOfSpeech=NN] [Text=leads CharacterOffsetBegin=844 CharacterOffsetEnd=849 PartOfSpeech=VBZ] [Text=to CharacterOffsetBegin=850 CharacterOffsetEnd=852 PartOfSpeech=TO] [Text=trouble CharacterOffsetBegin=853 CharacterOffsetEnd=860 PartOfSpeech=NN] [Text=, CharacterOffsetBegin=860 CharacterOffsetEnd=861 PartOfSpeech=,] [Text=and CharacterOffsetBegin=862 CharacterOffsetEnd=865 PartOfSpeech=CC] [Text=neither CharacterOffsetBegin=866 CharacterOffsetEnd=873 PartOfSpeech=DT] [Text=wants CharacterOffsetBegin=874 CharacterOffsetEnd=879 PartOfSpeech=VBZ] [Text=to CharacterOffsetBegin=880 CharacterOffsetEnd=882 PartOfSpeech=TO] [Text=be CharacterOffsetBegin=883 CharacterOffsetEnd=885 PartOfSpeech=VB] [Text=the CharacterOffsetBegin=886 CharacterOffsetEnd=889 PartOfSpeech=DT] [Text=first CharacterOffsetBegin=890 CharacterOffsetEnd=895 PartOfSpeech=JJ] [Text=to CharacterOffsetBegin=896 CharacterOffsetEnd=898 PartOfSpeech=TO] [Text=apologize CharacterOffsetBegin=899 CharacterOffsetEnd=908 PartOfSpeech=VB] [Text=. CharacterOffsetBegin=908 CharacterOffsetEnd=909 PartOfSpeech=.] 
root(ROOT-0, Word-7)
det(first-2, The-1)
nsubj(Word-7, first-2)
cop(Word-7, is-3)
punct(Word-7, ``-4)
det(Word-7, The-5)
nn(Word-7, Perfect-6)
punct(Word-7, ''-8)
punct(Word-7, ,-9)
advmod(leads-21, where-10)
det(misunderstanding-12, a-11)
nsubj(leads-21, misunderstanding-12)
prep(misunderstanding-12, at-13)
det(table-15, the-14)
pobj(at-13, table-15)
prep(table-15, between-16)
pobj(between-16, Belle-17)
cc(Belle-17, and-18)
det(Beast-20, the-19)
conj(Belle-17, Beast-20)
rcmod(Word-7, leads-21)
prep(leads-21, to-22)
pobj(to-22, trouble-23)
punct(leads-21, ,-24)
cc(leads-21, and-25)
nsubj(wants-27, neither-26)
conj(leads-21, wants-27)
aux(first-31, to-28)
cop(first-31, be-29)
det(first-31, the-30)
xcomp(wants-27, first-31)
aux(apologize-33, to-32)
xcomp(first-31, apologize-33)
punct(Word-7, .-34)

Sentence #7 (31 tokens):
The next story is "Fifi's Folly", where Fifi and Lumiere's fifth anniversary is coming up, and Lumiere is unprepared, so Belle helps him.
[Text=The CharacterOffsetBegin=914 CharacterOffsetEnd=917 PartOfSpeech=DT] [Text=next CharacterOffsetBegin=918 CharacterOffsetEnd=922 PartOfSpeech=JJ] [Text=story CharacterOffsetBegin=923 CharacterOffsetEnd=928 PartOfSpeech=NN] [Text=is CharacterOffsetBegin=929 CharacterOffsetEnd=931 PartOfSpeech=VBZ] [Text=`` CharacterOffsetBegin=932 CharacterOffsetEnd=933 PartOfSpeech=``] [Text=Fifi CharacterOffsetBegin=933 CharacterOffsetEnd=937 PartOfSpeech=NNP] [Text='s CharacterOffsetBegin=937 CharacterOffsetEnd=939 PartOfSpeech=POS] [Text=Folly CharacterOffsetBegin=940 CharacterOffsetEnd=945 PartOfSpeech=NN] [Text='' CharacterOffsetBegin=945 CharacterOffsetEnd=946 PartOfSpeech=''] [Text=, CharacterOffsetBegin=946 CharacterOffsetEnd=947 PartOfSpeech=,] [Text=where CharacterOffsetBegin=948 CharacterOffsetEnd=953 PartOfSpeech=WRB] [Text=Fifi CharacterOffsetBegin=954 CharacterOffsetEnd=958 PartOfSpeech=NNP] [Text=and CharacterOffsetBegin=959 CharacterOffsetEnd=962 PartOfSpeech=CC] [Text=Lumiere CharacterOffsetBegin=963 CharacterOffsetEnd=970 PartOfSpeech=NNP] [Text='s CharacterOffsetBegin=970 CharacterOffsetEnd=972 PartOfSpeech=POS] [Text=fifth CharacterOffsetBegin=973 CharacterOffsetEnd=978 PartOfSpeech=JJ] [Text=anniversary CharacterOffsetBegin=979 CharacterOffsetEnd=990 PartOfSpeech=NN] [Text=is CharacterOffsetBegin=991 CharacterOffsetEnd=993 PartOfSpeech=VBZ] [Text=coming CharacterOffsetBegin=994 CharacterOffsetEnd=1000 PartOfSpeech=VBG] [Text=up CharacterOffsetBegin=1001 CharacterOffsetEnd=1003 PartOfSpeech=RP] [Text=, CharacterOffsetBegin=1003 CharacterOffsetEnd=1004 PartOfSpeech=,] [Text=and CharacterOffsetBegin=1005 CharacterOffsetEnd=1008 PartOfSpeech=CC] [Text=Lumiere CharacterOffsetBegin=1009 CharacterOffsetEnd=1016 PartOfSpeech=NNP] [Text=is CharacterOffsetBegin=1017 CharacterOffsetEnd=1019 PartOfSpeech=VBZ] [Text=unprepared CharacterOffsetBegin=1020 CharacterOffsetEnd=1030 PartOfSpeech=JJ] [Text=, CharacterOffsetBegin=1030 CharacterOffsetEnd=1031 PartOfSpeech=,] [Text=so CharacterOffsetBegin=1032 CharacterOffsetEnd=1034 PartOfSpeech=RB] [Text=Belle CharacterOffsetBegin=1035 CharacterOffsetEnd=1040 PartOfSpeech=NNP] [Text=helps CharacterOffsetBegin=1041 CharacterOffsetEnd=1046 PartOfSpeech=VBZ] [Text=him CharacterOffsetBegin=1047 CharacterOffsetEnd=1050 PartOfSpeech=PRP] [Text=. CharacterOffsetBegin=1050 CharacterOffsetEnd=1051 PartOfSpeech=.] 
root(ROOT-0, Folly-8)
det(story-3, The-1)
amod(story-3, next-2)
nsubj(Folly-8, story-3)
cop(Folly-8, is-4)
punct(Folly-8, ``-5)
poss(Folly-8, Fifi-6)
possessive(Fifi-6, 's-7)
punct(Folly-8, ''-9)
punct(Folly-8, ,-10)
advmod(coming-19, where-11)
nsubj(coming-19, Fifi-12)
cc(Fifi-12, and-13)
poss(anniversary-17, Lumiere-14)
possessive(Lumiere-14, 's-15)
amod(anniversary-17, fifth-16)
conj(Fifi-12, anniversary-17)
aux(coming-19, is-18)
rcmod(Folly-8, coming-19)
prt(coming-19, up-20)
punct(coming-19, ,-21)
cc(coming-19, and-22)
nsubj(unprepared-25, Lumiere-23)
cop(unprepared-25, is-24)
conj(coming-19, unprepared-25)
punct(coming-19, ,-26)
advmod(coming-19, so-27)
nsubj(helps-29, Belle-28)
ccomp(coming-19, helps-29)
dobj(helps-29, him-30)
punct(Folly-8, .-31)

Sentence #8 (18 tokens):
However, Fifi sees Lumiere practicing romance with Belle, and thinks they're actually in love.
[Text=However CharacterOffsetBegin=1056 CharacterOffsetEnd=1063 PartOfSpeech=RB] [Text=, CharacterOffsetBegin=1063 CharacterOffsetEnd=1064 PartOfSpeech=,] [Text=Fifi CharacterOffsetBegin=1065 CharacterOffsetEnd=1069 PartOfSpeech=NN] [Text=sees CharacterOffsetBegin=1070 CharacterOffsetEnd=1074 PartOfSpeech=VBZ] [Text=Lumiere CharacterOffsetBegin=1075 CharacterOffsetEnd=1082 PartOfSpeech=NNP] [Text=practicing CharacterOffsetBegin=1083 CharacterOffsetEnd=1093 PartOfSpeech=VBG] [Text=romance CharacterOffsetBegin=1094 CharacterOffsetEnd=1101 PartOfSpeech=NN] [Text=with CharacterOffsetBegin=1102 CharacterOffsetEnd=1106 PartOfSpeech=IN] [Text=Belle CharacterOffsetBegin=1107 CharacterOffsetEnd=1112 PartOfSpeech=NNP] [Text=, CharacterOffsetBegin=1112 CharacterOffsetEnd=1113 PartOfSpeech=,] [Text=and CharacterOffsetBegin=1114 CharacterOffsetEnd=1117 PartOfSpeech=CC] [Text=thinks CharacterOffsetBegin=1118 CharacterOffsetEnd=1124 PartOfSpeech=VBZ] [Text=they CharacterOffsetBegin=1125 CharacterOffsetEnd=1129 PartOfSpeech=PRP] [Text='re CharacterOffsetBegin=1129 CharacterOffsetEnd=1132 PartOfSpeech=VBP] [Text=actually CharacterOffsetBegin=1133 CharacterOffsetEnd=1141 PartOfSpeech=RB] [Text=in CharacterOffsetBegin=1142 CharacterOffsetEnd=1144 PartOfSpeech=IN] [Text=love CharacterOffsetBegin=1145 CharacterOffsetEnd=1149 PartOfSpeech=NN] [Text=. CharacterOffsetBegin=1149 CharacterOffsetEnd=1150 PartOfSpeech=.] 
root(ROOT-0, sees-4)
advmod(sees-4, However-1)
punct(sees-4, ,-2)
nsubj(sees-4, Fifi-3)
dobj(sees-4, Lumiere-5)
partmod(Lumiere-5, practicing-6)
dobj(practicing-6, romance-7)
prep(practicing-6, with-8)
pobj(with-8, Belle-9)
punct(sees-4, ,-10)
cc(sees-4, and-11)
conj(sees-4, thinks-12)
nsubj('re-14, they-13)
ccomp(thinks-12, 're-14)
advmod('re-14, actually-15)
prep('re-14, in-16)
pobj(in-16, love-17)
punct(sees-4, .-18)

Sentence #9 (10 tokens):
The film ends with "The Broken Wing".
[Text=The CharacterOffsetBegin=1155 CharacterOffsetEnd=1158 PartOfSpeech=DT] [Text=film CharacterOffsetBegin=1159 CharacterOffsetEnd=1163 PartOfSpeech=NN] [Text=ends CharacterOffsetBegin=1164 CharacterOffsetEnd=1168 PartOfSpeech=VBZ] [Text=with CharacterOffsetBegin=1169 CharacterOffsetEnd=1173 PartOfSpeech=IN] [Text=`` CharacterOffsetBegin=1174 CharacterOffsetEnd=1175 PartOfSpeech=``] [Text=The CharacterOffsetBegin=1175 CharacterOffsetEnd=1178 PartOfSpeech=DT] [Text=Broken CharacterOffsetBegin=1179 CharacterOffsetEnd=1185 PartOfSpeech=NNP] [Text=Wing CharacterOffsetBegin=1186 CharacterOffsetEnd=1190 PartOfSpeech=NN] [Text='' CharacterOffsetBegin=1190 CharacterOffsetEnd=1191 PartOfSpeech=''] [Text=. CharacterOffsetBegin=1191 CharacterOffsetEnd=1192 PartOfSpeech=.] 
root(ROOT-0, ends-3)
det(film-2, The-1)
nsubj(ends-3, film-2)
prep(ends-3, with-4)
punct(with-4, ``-5)
det(Wing-8, The-6)
nn(Wing-8, Broken-7)
pobj(with-4, Wing-8)
punct(with-4, ''-9)
punct(ends-3, .-10)

Sentence #10 (36 tokens):
In this story, Belle takes care of a bird with a broken wing, but a bird in the castle will probably mean trouble if the Beast finds out, as he hates birds!
[Text=In CharacterOffsetBegin=1197 CharacterOffsetEnd=1199 PartOfSpeech=IN] [Text=this CharacterOffsetBegin=1200 CharacterOffsetEnd=1204 PartOfSpeech=DT] [Text=story CharacterOffsetBegin=1205 CharacterOffsetEnd=1210 PartOfSpeech=NN] [Text=, CharacterOffsetBegin=1210 CharacterOffsetEnd=1211 PartOfSpeech=,] [Text=Belle CharacterOffsetBegin=1212 CharacterOffsetEnd=1217 PartOfSpeech=NNP] [Text=takes CharacterOffsetBegin=1218 CharacterOffsetEnd=1223 PartOfSpeech=VBZ] [Text=care CharacterOffsetBegin=1224 CharacterOffsetEnd=1228 PartOfSpeech=NN] [Text=of CharacterOffsetBegin=1229 CharacterOffsetEnd=1231 PartOfSpeech=IN] [Text=a CharacterOffsetBegin=1232 CharacterOffsetEnd=1233 PartOfSpeech=DT] [Text=bird CharacterOffsetBegin=1234 CharacterOffsetEnd=1238 PartOfSpeech=NN] [Text=with CharacterOffsetBegin=1239 CharacterOffsetEnd=1243 PartOfSpeech=IN] [Text=a CharacterOffsetBegin=1244 CharacterOffsetEnd=1245 PartOfSpeech=DT] [Text=broken CharacterOffsetBegin=1246 CharacterOffsetEnd=1252 PartOfSpeech=JJ] [Text=wing CharacterOffsetBegin=1253 CharacterOffsetEnd=1257 PartOfSpeech=NN] [Text=, CharacterOffsetBegin=1257 CharacterOffsetEnd=1258 PartOfSpeech=,] [Text=but CharacterOffsetBegin=1259 CharacterOffsetEnd=1262 PartOfSpeech=CC] [Text=a CharacterOffsetBegin=1263 CharacterOffsetEnd=1264 PartOfSpeech=DT] [Text=bird CharacterOffsetBegin=1265 CharacterOffsetEnd=1269 PartOfSpeech=NN] [Text=in CharacterOffsetBegin=1270 CharacterOffsetEnd=1272 PartOfSpeech=IN] [Text=the CharacterOffsetBegin=1273 CharacterOffsetEnd=1276 PartOfSpeech=DT] [Text=castle CharacterOffsetBegin=1277 CharacterOffsetEnd=1283 PartOfSpeech=NN] [Text=will CharacterOffsetBegin=1284 CharacterOffsetEnd=1288 PartOfSpeech=MD] [Text=probably CharacterOffsetBegin=1289 CharacterOffsetEnd=1297 PartOfSpeech=RB] [Text=mean CharacterOffsetBegin=1298 CharacterOffsetEnd=1302 PartOfSpeech=VB] [Text=trouble CharacterOffsetBegin=1303 CharacterOffsetEnd=1310 PartOfSpeech=NN] [Text=if CharacterOffsetBegin=1311 CharacterOffsetEnd=1313 PartOfSpeech=IN] [Text=the CharacterOffsetBegin=1314 CharacterOffsetEnd=1317 PartOfSpeech=DT] [Text=Beast CharacterOffsetBegin=1318 CharacterOffsetEnd=1323 PartOfSpeech=NN] [Text=finds CharacterOffsetBegin=1324 CharacterOffsetEnd=1329 PartOfSpeech=VBZ] [Text=out CharacterOffsetBegin=1330 CharacterOffsetEnd=1333 PartOfSpeech=RP] [Text=, CharacterOffsetBegin=1333 CharacterOffsetEnd=1334 PartOfSpeech=,] [Text=as CharacterOffsetBegin=1335 CharacterOffsetEnd=1337 PartOfSpeech=IN] [Text=he CharacterOffsetBegin=1338 CharacterOffsetEnd=1340 PartOfSpeech=PRP] [Text=hates CharacterOffsetBegin=1341 CharacterOffsetEnd=1346 PartOfSpeech=VBZ] [Text=birds CharacterOffsetBegin=1347 CharacterOffsetEnd=1352 PartOfSpeech=NNS] [Text=! CharacterOffsetBegin=1352 CharacterOffsetEnd=1353 PartOfSpeech=.] 
root(ROOT-0, takes-6)
prep(takes-6, In-1)
det(story-3, this-2)
pobj(In-1, story-3)
punct(takes-6, ,-4)
nsubj(takes-6, Belle-5)
dobj(takes-6, care-7)
prep(care-7, of-8)
det(bird-10, a-9)
pobj(of-8, bird-10)
prep(bird-10, with-11)
det(wing-14, a-12)
amod(wing-14, broken-13)
pobj(with-11, wing-14)
punct(takes-6, ,-15)
cc(takes-6, but-16)
det(bird-18, a-17)
nsubj(mean-24, bird-18)
prep(bird-18, in-19)
det(castle-21, the-20)
pobj(in-19, castle-21)
aux(mean-24, will-22)
advmod(mean-24, probably-23)
conj(takes-6, mean-24)
dobj(mean-24, trouble-25)
mark(finds-29, if-26)
det(Beast-28, the-27)
nsubj(finds-29, Beast-28)
advcl(mean-24, finds-29)
prt(finds-29, out-30)
punct(finds-29, ,-31)
mark(hates-34, as-32)
nsubj(hates-34, he-33)
dep(,-31, hates-34)
dobj(hates-34, birds-35)
punct(hates-34, !-36)

Sentence #11 (23 tokens):
The plot description I gave is for the original VHS version of Disney's third "Beauty and the Beast" movie.
[Text=The CharacterOffsetBegin=1358 CharacterOffsetEnd=1361 PartOfSpeech=DT] [Text=plot CharacterOffsetBegin=1362 CharacterOffsetEnd=1366 PartOfSpeech=NN] [Text=description CharacterOffsetBegin=1367 CharacterOffsetEnd=1378 PartOfSpeech=NN] [Text=I CharacterOffsetBegin=1379 CharacterOffsetEnd=1380 PartOfSpeech=PRP] [Text=gave CharacterOffsetBegin=1381 CharacterOffsetEnd=1385 PartOfSpeech=VBD] [Text=is CharacterOffsetBegin=1386 CharacterOffsetEnd=1388 PartOfSpeech=VBZ] [Text=for CharacterOffsetBegin=1389 CharacterOffsetEnd=1392 PartOfSpeech=IN] [Text=the CharacterOffsetBegin=1393 CharacterOffsetEnd=1396 PartOfSpeech=DT] [Text=original CharacterOffsetBegin=1397 CharacterOffsetEnd=1405 PartOfSpeech=JJ] [Text=VHS CharacterOffsetBegin=1406 CharacterOffsetEnd=1409 PartOfSpeech=NNP] [Text=version CharacterOffsetBegin=1410 CharacterOffsetEnd=1417 PartOfSpeech=NN] [Text=of CharacterOffsetBegin=1418 CharacterOffsetEnd=1420 PartOfSpeech=IN] [Text=Disney CharacterOffsetBegin=1421 CharacterOffsetEnd=1427 PartOfSpeech=NNP] [Text='s CharacterOffsetBegin=1427 CharacterOffsetEnd=1429 PartOfSpeech=POS] [Text=third CharacterOffsetBegin=1430 CharacterOffsetEnd=1435 PartOfSpeech=JJ] [Text=`` CharacterOffsetBegin=1436 CharacterOffsetEnd=1437 PartOfSpeech=``] [Text=Beauty CharacterOffsetBegin=1437 CharacterOffsetEnd=1443 PartOfSpeech=NN] [Text=and CharacterOffsetBegin=1444 CharacterOffsetEnd=1447 PartOfSpeech=CC] [Text=the CharacterOffsetBegin=1448 CharacterOffsetEnd=1451 PartOfSpeech=DT] [Text=Beast CharacterOffsetBegin=1452 CharacterOffsetEnd=1457 PartOfSpeech=NN] [Text='' CharacterOffsetBegin=1457 CharacterOffsetEnd=1458 PartOfSpeech=''] [Text=movie CharacterOffsetBegin=1459 CharacterOffsetEnd=1464 PartOfSpeech=NN] [Text=. CharacterOffsetBegin=1464 CharacterOffsetEnd=1465 PartOfSpeech=.] 
root(ROOT-0, plot-2)
det(plot-2, The-1)
nsubj(is-6, description-3)
nsubj(gave-5, I-4)
rcmod(description-3, gave-5)
rcmod(plot-2, is-6)
prep(is-6, for-7)
det(version-11, the-8)
amod(version-11, original-9)
nn(version-11, VHS-10)
pobj(for-7, version-11)
prep(version-11, of-12)
poss(Beauty-17, Disney-13)
possessive(Disney-13, 's-14)
amod(Beauty-17, third-15)
punct(Beauty-17, ``-16)
pobj(of-12, Beauty-17)
cc(Beauty-17, and-18)
det(movie-22, the-19)
nn(movie-22, Beast-20)
punct(movie-22, ''-21)
conj(Beauty-17, movie-22)
punct(plot-2, .-23)

Sentence #12 (29 tokens):
Apparently, in the DVD version, there is another story added called "Mrs. Potts's Party", but I've only seen the original version.
[Text=Apparently CharacterOffsetBegin=1470 CharacterOffsetEnd=1480 PartOfSpeech=RB] [Text=, CharacterOffsetBegin=1480 CharacterOffsetEnd=1481 PartOfSpeech=,] [Text=in CharacterOffsetBegin=1482 CharacterOffsetEnd=1484 PartOfSpeech=IN] [Text=the CharacterOffsetBegin=1485 CharacterOffsetEnd=1488 PartOfSpeech=DT] [Text=DVD CharacterOffsetBegin=1489 CharacterOffsetEnd=1492 PartOfSpeech=NN] [Text=version CharacterOffsetBegin=1493 CharacterOffsetEnd=1500 PartOfSpeech=NN] [Text=, CharacterOffsetBegin=1500 CharacterOffsetEnd=1501 PartOfSpeech=,] [Text=there CharacterOffsetBegin=1502 CharacterOffsetEnd=1507 PartOfSpeech=EX] [Text=is CharacterOffsetBegin=1508 CharacterOffsetEnd=1510 PartOfSpeech=VBZ] [Text=another CharacterOffsetBegin=1511 CharacterOffsetEnd=1518 PartOfSpeech=DT] [Text=story CharacterOffsetBegin=1519 CharacterOffsetEnd=1524 PartOfSpeech=NN] [Text=added CharacterOffsetBegin=1525 CharacterOffsetEnd=1530 PartOfSpeech=VBD] [Text=called CharacterOffsetBegin=1531 CharacterOffsetEnd=1537 PartOfSpeech=VBN] [Text=`` CharacterOffsetBegin=1538 CharacterOffsetEnd=1539 PartOfSpeech=``] [Text=Mrs. CharacterOffsetBegin=1539 CharacterOffsetEnd=1543 PartOfSpeech=NNP] [Text=Potts CharacterOffsetBegin=1544 CharacterOffsetEnd=1549 PartOfSpeech=NNP] [Text='s CharacterOffsetBegin=1549 CharacterOffsetEnd=1551 PartOfSpeech=POS] [Text=Party CharacterOffsetBegin=1552 CharacterOffsetEnd=1557 PartOfSpeech=NNP] [Text='' CharacterOffsetBegin=1557 CharacterOffsetEnd=1558 PartOfSpeech=''] [Text=, CharacterOffsetBegin=1558 CharacterOffsetEnd=1559 PartOfSpeech=,] [Text=but CharacterOffsetBegin=1560 CharacterOffsetEnd=1563 PartOfSpeech=CC] [Text=I CharacterOffsetBegin=1564 CharacterOffsetEnd=1565 PartOfSpeech=PRP] [Text='ve CharacterOffsetBegin=1565 CharacterOffsetEnd=1568 PartOfSpeech=VBP] [Text=only CharacterOffsetBegin=1569 CharacterOffsetEnd=1573 PartOfSpeech=RB] [Text=seen CharacterOffsetBegin=1574 CharacterOffsetEnd=1578 PartOfSpeech=VBN] [Text=the CharacterOffsetBegin=1579 CharacterOffsetEnd=1582 PartOfSpeech=DT] [Text=original CharacterOffsetBegin=1583 CharacterOffsetEnd=1591 PartOfSpeech=JJ] [Text=version CharacterOffsetBegin=1592 CharacterOffsetEnd=1599 PartOfSpeech=NN] [Text=. CharacterOffsetBegin=1599 CharacterOffsetEnd=1600 PartOfSpeech=.] 
root(ROOT-0, is-9)
advmod(is-9, Apparently-1)
punct(is-9, ,-2)
prep(is-9, in-3)
det(version-6, the-4)
nn(version-6, DVD-5)
pobj(in-3, version-6)
punct(is-9, ,-7)
expl(is-9, there-8)
det(story-11, another-10)
nsubj(is-9, story-11)
partmod(story-11, added-12)
dep(added-12, called-13)
dep(called-13, ``-14)
nn(Potts-16, Mrs.-15)
poss(Party-18, Potts-16)
possessive(Potts-16, 's-17)
dep(``-14, Party-18)
punct(Party-18, ''-19)
punct(Party-18, ,-20)
cc(Party-18, but-21)
nsubj(seen-25, I-22)
aux(seen-25, 've-23)
advmod(seen-25, only-24)
conj(Party-18, seen-25)
det(version-28, the-26)
amod(version-28, original-27)
dobj(seen-25, version-28)
punct(Party-18, .-29)

Sentence #13 (29 tokens):
However, since I highly doubt that one story would stand out as a classic over the rest, I see no point in watching the special edition.
[Text=However CharacterOffsetBegin=1605 CharacterOffsetEnd=1612 PartOfSpeech=RB] [Text=, CharacterOffsetBegin=1612 CharacterOffsetEnd=1613 PartOfSpeech=,] [Text=since CharacterOffsetBegin=1614 CharacterOffsetEnd=1619 PartOfSpeech=IN] [Text=I CharacterOffsetBegin=1620 CharacterOffsetEnd=1621 PartOfSpeech=PRP] [Text=highly CharacterOffsetBegin=1622 CharacterOffsetEnd=1628 PartOfSpeech=RB] [Text=doubt CharacterOffsetBegin=1629 CharacterOffsetEnd=1634 PartOfSpeech=VBP] [Text=that CharacterOffsetBegin=1635 CharacterOffsetEnd=1639 PartOfSpeech=IN] [Text=one CharacterOffsetBegin=1640 CharacterOffsetEnd=1643 PartOfSpeech=CD] [Text=story CharacterOffsetBegin=1644 CharacterOffsetEnd=1649 PartOfSpeech=NN] [Text=would CharacterOffsetBegin=1650 CharacterOffsetEnd=1655 PartOfSpeech=MD] [Text=stand CharacterOffsetBegin=1656 CharacterOffsetEnd=1661 PartOfSpeech=VB] [Text=out CharacterOffsetBegin=1662 CharacterOffsetEnd=1665 PartOfSpeech=RP] [Text=as CharacterOffsetBegin=1666 CharacterOffsetEnd=1668 PartOfSpeech=IN] [Text=a CharacterOffsetBegin=1669 CharacterOffsetEnd=1670 PartOfSpeech=DT] [Text=classic CharacterOffsetBegin=1671 CharacterOffsetEnd=1678 PartOfSpeech=JJ] [Text=over CharacterOffsetBegin=1679 CharacterOffsetEnd=1683 PartOfSpeech=IN] [Text=the CharacterOffsetBegin=1684 CharacterOffsetEnd=1687 PartOfSpeech=DT] [Text=rest CharacterOffsetBegin=1688 CharacterOffsetEnd=1692 PartOfSpeech=NN] [Text=, CharacterOffsetBegin=1692 CharacterOffsetEnd=1693 PartOfSpeech=,] [Text=I CharacterOffsetBegin=1694 CharacterOffsetEnd=1695 PartOfSpeech=PRP] [Text=see CharacterOffsetBegin=1696 CharacterOffsetEnd=1699 PartOfSpeech=VBP] [Text=no CharacterOffsetBegin=1700 CharacterOffsetEnd=1702 PartOfSpeech=DT] [Text=point CharacterOffsetBegin=1703 CharacterOffsetEnd=1708 PartOfSpeech=NN] [Text=in CharacterOffsetBegin=1709 CharacterOffsetEnd=1711 PartOfSpeech=IN] [Text=watching CharacterOffsetBegin=1712 CharacterOffsetEnd=1720 PartOfSpeech=VBG] [Text=the CharacterOffsetBegin=1721 CharacterOffsetEnd=1724 PartOfSpeech=DT] [Text=special CharacterOffsetBegin=1725 CharacterOffsetEnd=1732 PartOfSpeech=JJ] [Text=edition CharacterOffsetBegin=1733 CharacterOffsetEnd=1740 PartOfSpeech=NN] [Text=. CharacterOffsetBegin=1740 CharacterOffsetEnd=1741 PartOfSpeech=.] 
root(ROOT-0, see-21)
advmod(see-21, However-1)
punct(see-21, ,-2)
mark(doubt-6, since-3)
nsubj(doubt-6, I-4)
advmod(doubt-6, highly-5)
advcl(see-21, doubt-6)
mark(stand-11, that-7)
num(story-9, one-8)
nsubj(stand-11, story-9)
aux(stand-11, would-10)
ccomp(doubt-6, stand-11)
prt(stand-11, out-12)
prep(stand-11, as-13)
det(classic-15, a-14)
pobj(as-13, classic-15)
prep(classic-15, over-16)
det(rest-18, the-17)
pobj(over-16, rest-18)
punct(see-21, ,-19)
nsubj(see-21, I-20)
det(point-23, no-22)
dobj(see-21, point-23)
prep(see-21, in-24)
pcomp(in-24, watching-25)
det(edition-28, the-26)
amod(edition-28, special-27)
dobj(watching-25, edition-28)
punct(see-21, .-29)

Sentence #14 (39 tokens):
Anyway, the first thing I will say about "Belle's Magical World" is that the animation is very 2-dimensional compared to what we're used to from Disney, which would obviously disappoint many people.
[Text=Anyway CharacterOffsetBegin=1746 CharacterOffsetEnd=1752 PartOfSpeech=RB] [Text=, CharacterOffsetBegin=1752 CharacterOffsetEnd=1753 PartOfSpeech=,] [Text=the CharacterOffsetBegin=1754 CharacterOffsetEnd=1757 PartOfSpeech=DT] [Text=first CharacterOffsetBegin=1758 CharacterOffsetEnd=1763 PartOfSpeech=JJ] [Text=thing CharacterOffsetBegin=1764 CharacterOffsetEnd=1769 PartOfSpeech=NN] [Text=I CharacterOffsetBegin=1770 CharacterOffsetEnd=1771 PartOfSpeech=PRP] [Text=will CharacterOffsetBegin=1772 CharacterOffsetEnd=1776 PartOfSpeech=MD] [Text=say CharacterOffsetBegin=1777 CharacterOffsetEnd=1780 PartOfSpeech=VB] [Text=about CharacterOffsetBegin=1781 CharacterOffsetEnd=1786 PartOfSpeech=IN] [Text=`` CharacterOffsetBegin=1787 CharacterOffsetEnd=1788 PartOfSpeech=``] [Text=Belle CharacterOffsetBegin=1788 CharacterOffsetEnd=1793 PartOfSpeech=NNP] [Text='s CharacterOffsetBegin=1793 CharacterOffsetEnd=1795 PartOfSpeech=POS] [Text=Magical CharacterOffsetBegin=1796 CharacterOffsetEnd=1803 PartOfSpeech=JJ] [Text=World CharacterOffsetBegin=1804 CharacterOffsetEnd=1809 PartOfSpeech=NN] [Text='' CharacterOffsetBegin=1809 CharacterOffsetEnd=1810 PartOfSpeech=''] [Text=is CharacterOffsetBegin=1811 CharacterOffsetEnd=1813 PartOfSpeech=VBZ] [Text=that CharacterOffsetBegin=1814 CharacterOffsetEnd=1818 PartOfSpeech=IN] [Text=the CharacterOffsetBegin=1819 CharacterOffsetEnd=1822 PartOfSpeech=DT] [Text=animation CharacterOffsetBegin=1823 CharacterOffsetEnd=1832 PartOfSpeech=NN] [Text=is CharacterOffsetBegin=1833 CharacterOffsetEnd=1835 PartOfSpeech=VBZ] [Text=very CharacterOffsetBegin=1836 CharacterOffsetEnd=1840 PartOfSpeech=RB] [Text=2-dimensional CharacterOffsetBegin=1841 CharacterOffsetEnd=1854 PartOfSpeech=JJ] [Text=compared CharacterOffsetBegin=1855 CharacterOffsetEnd=1863 PartOfSpeech=VBN] [Text=to CharacterOffsetBegin=1864 CharacterOffsetEnd=1866 PartOfSpeech=TO] [Text=what CharacterOffsetBegin=1867 CharacterOffsetEnd=1871 PartOfSpeech=WP] [Text=we CharacterOffsetBegin=1872 CharacterOffsetEnd=1874 PartOfSpeech=PRP] [Text='re CharacterOffsetBegin=1874 CharacterOffsetEnd=1877 PartOfSpeech=VBP] [Text=used CharacterOffsetBegin=1878 CharacterOffsetEnd=1882 PartOfSpeech=VBN] [Text=to CharacterOffsetBegin=1883 CharacterOffsetEnd=1885 PartOfSpeech=TO] [Text=from CharacterOffsetBegin=1886 CharacterOffsetEnd=1890 PartOfSpeech=IN] [Text=Disney CharacterOffsetBegin=1891 CharacterOffsetEnd=1897 PartOfSpeech=NNP] [Text=, CharacterOffsetBegin=1897 CharacterOffsetEnd=1898 PartOfSpeech=,] [Text=which CharacterOffsetBegin=1899 CharacterOffsetEnd=1904 PartOfSpeech=WDT] [Text=would CharacterOffsetBegin=1905 CharacterOffsetEnd=1910 PartOfSpeech=MD] [Text=obviously CharacterOffsetBegin=1911 CharacterOffsetEnd=1920 PartOfSpeech=RB] [Text=disappoint CharacterOffsetBegin=1921 CharacterOffsetEnd=1931 PartOfSpeech=VB] [Text=many CharacterOffsetBegin=1932 CharacterOffsetEnd=1936 PartOfSpeech=JJ] [Text=people CharacterOffsetBegin=1937 CharacterOffsetEnd=1943 PartOfSpeech=NNS] [Text=. CharacterOffsetBegin=1943 CharacterOffsetEnd=1944 PartOfSpeech=.] 
root(ROOT-0, is-16)
advmod(is-16, Anyway-1)
punct(is-16, ,-2)
det(thing-5, the-3)
amod(thing-5, first-4)
nsubj(is-16, thing-5)
nsubj(say-8, I-6)
aux(say-8, will-7)
rcmod(thing-5, say-8)
prep(say-8, about-9)
punct(about-9, ``-10)
poss(World-14, Belle-11)
possessive(Belle-11, 's-12)
amod(World-14, Magical-13)
pobj(about-9, World-14)
punct(about-9, ''-15)
mark(2-dimensional-22, that-17)
det(animation-19, the-18)
nsubj(2-dimensional-22, animation-19)
cop(2-dimensional-22, is-20)
advmod(2-dimensional-22, very-21)
ccomp(is-16, 2-dimensional-22)
prep(2-dimensional-22, compared-23)
pcomp(compared-23, to-24)
dobj(used-28, what-25)
nsubjpass(used-28, we-26)
auxpass(used-28, 're-27)
pcomp(to-24, used-28)
prep(used-28, to-29)
pcomp(to-29, from-30)
pobj(from-30, Disney-31)
punct(Disney-31, ,-32)
nsubj(disappoint-36, which-33)
aux(disappoint-36, would-34)
advmod(disappoint-36, obviously-35)
rcmod(Disney-31, disappoint-36)
amod(people-38, many-37)
dobj(disappoint-36, people-38)
punct(is-16, .-39)

Sentence #15 (29 tokens):
I didn't like "Beauty and the Beast: The Enchanted Christmas" that much, but you certainly can't say the same about its animation.
[Text=I CharacterOffsetBegin=1949 CharacterOffsetEnd=1950 PartOfSpeech=PRP] [Text=did CharacterOffsetBegin=1951 CharacterOffsetEnd=1954 PartOfSpeech=VBD] [Text=n't CharacterOffsetBegin=1954 CharacterOffsetEnd=1957 PartOfSpeech=RB] [Text=like CharacterOffsetBegin=1958 CharacterOffsetEnd=1962 PartOfSpeech=IN] [Text=`` CharacterOffsetBegin=1963 CharacterOffsetEnd=1964 PartOfSpeech=``] [Text=Beauty CharacterOffsetBegin=1964 CharacterOffsetEnd=1970 PartOfSpeech=NNP] [Text=and CharacterOffsetBegin=1971 CharacterOffsetEnd=1974 PartOfSpeech=CC] [Text=the CharacterOffsetBegin=1975 CharacterOffsetEnd=1978 PartOfSpeech=DT] [Text=Beast CharacterOffsetBegin=1979 CharacterOffsetEnd=1984 PartOfSpeech=NN] [Text=: CharacterOffsetBegin=1984 CharacterOffsetEnd=1985 PartOfSpeech=:] [Text=The CharacterOffsetBegin=1986 CharacterOffsetEnd=1989 PartOfSpeech=DT] [Text=Enchanted CharacterOffsetBegin=1990 CharacterOffsetEnd=1999 PartOfSpeech=JJ] [Text=Christmas CharacterOffsetBegin=2000 CharacterOffsetEnd=2009 PartOfSpeech=NNP] [Text='' CharacterOffsetBegin=2009 CharacterOffsetEnd=2010 PartOfSpeech=''] [Text=that CharacterOffsetBegin=2011 CharacterOffsetEnd=2015 PartOfSpeech=WDT] [Text=much CharacterOffsetBegin=2016 CharacterOffsetEnd=2020 PartOfSpeech=RB] [Text=, CharacterOffsetBegin=2020 CharacterOffsetEnd=2021 PartOfSpeech=,] [Text=but CharacterOffsetBegin=2022 CharacterOffsetEnd=2025 PartOfSpeech=CC] [Text=you CharacterOffsetBegin=2026 CharacterOffsetEnd=2029 PartOfSpeech=PRP] [Text=certainly CharacterOffsetBegin=2030 CharacterOffsetEnd=2039 PartOfSpeech=RB] [Text=ca CharacterOffsetBegin=2040 CharacterOffsetEnd=2042 PartOfSpeech=MD] [Text=n't CharacterOffsetBegin=2042 CharacterOffsetEnd=2045 PartOfSpeech=RB] [Text=say CharacterOffsetBegin=2046 CharacterOffsetEnd=2049 PartOfSpeech=VB] [Text=the CharacterOffsetBegin=2050 CharacterOffsetEnd=2053 PartOfSpeech=DT] [Text=same CharacterOffsetBegin=2054 CharacterOffsetEnd=2058 PartOfSpeech=JJ] [Text=about CharacterOffsetBegin=2059 CharacterOffsetEnd=2064 PartOfSpeech=IN] [Text=its CharacterOffsetBegin=2065 CharacterOffsetEnd=2068 PartOfSpeech=PRP$] [Text=animation CharacterOffsetBegin=2069 CharacterOffsetEnd=2078 PartOfSpeech=NN] [Text=. CharacterOffsetBegin=2078 CharacterOffsetEnd=2079 PartOfSpeech=.] 
root(ROOT-0, did-2)
nsubj(did-2, I-1)
neg(like-4, n't-3)
prep(did-2, like-4)
punct(like-4, ``-5)
dep(like-4, Beauty-6)
cc(Beauty-6, and-7)
det(Beast-9, the-8)
conj(Beauty-6, Beast-9)
punct(Beauty-6, :-10)
det(Christmas-13, The-11)
amod(Christmas-13, Enchanted-12)
dep(Beauty-6, Christmas-13)
punct(Christmas-13, ''-14)
advmod(much-16, that-15)
dep(Christmas-13, much-16)
punct(Christmas-13, ,-17)
cc(Christmas-13, but-18)
nsubj(say-23, you-19)
advmod(say-23, certainly-20)
aux(say-23, ca-21)
neg(say-23, n't-22)
conj(Christmas-13, say-23)
det(same-25, the-24)
dobj(say-23, same-25)
prep(same-25, about-26)
poss(animation-28, its-27)
pobj(about-26, animation-28)
punct(did-2, .-29)

Sentence #16 (42 tokens):
I'm sure the stories in "Belle's Magical World" could entertain many kids (mostly younger ones, I think), and each story has a moral, so they could also teach them some valuable lessons.
[Text=I CharacterOffsetBegin=2084 CharacterOffsetEnd=2085 PartOfSpeech=PRP] [Text='m CharacterOffsetBegin=2085 CharacterOffsetEnd=2087 PartOfSpeech=VBP] [Text=sure CharacterOffsetBegin=2088 CharacterOffsetEnd=2092 PartOfSpeech=JJ] [Text=the CharacterOffsetBegin=2093 CharacterOffsetEnd=2096 PartOfSpeech=DT] [Text=stories CharacterOffsetBegin=2097 CharacterOffsetEnd=2104 PartOfSpeech=NNS] [Text=in CharacterOffsetBegin=2105 CharacterOffsetEnd=2107 PartOfSpeech=IN] [Text=`` CharacterOffsetBegin=2108 CharacterOffsetEnd=2109 PartOfSpeech=``] [Text=Belle CharacterOffsetBegin=2109 CharacterOffsetEnd=2114 PartOfSpeech=NNP] [Text='s CharacterOffsetBegin=2114 CharacterOffsetEnd=2116 PartOfSpeech=POS] [Text=Magical CharacterOffsetBegin=2117 CharacterOffsetEnd=2124 PartOfSpeech=JJ] [Text=World CharacterOffsetBegin=2125 CharacterOffsetEnd=2130 PartOfSpeech=NN] [Text='' CharacterOffsetBegin=2130 CharacterOffsetEnd=2131 PartOfSpeech=''] [Text=could CharacterOffsetBegin=2132 CharacterOffsetEnd=2137 PartOfSpeech=MD] [Text=entertain CharacterOffsetBegin=2138 CharacterOffsetEnd=2147 PartOfSpeech=VB] [Text=many CharacterOffsetBegin=2148 CharacterOffsetEnd=2152 PartOfSpeech=JJ] [Text=kids CharacterOffsetBegin=2153 CharacterOffsetEnd=2157 PartOfSpeech=NNS] [Text=-LRB- CharacterOffsetBegin=2158 CharacterOffsetEnd=2159 PartOfSpeech=-LRB-] [Text=mostly CharacterOffsetBegin=2159 CharacterOffsetEnd=2165 PartOfSpeech=RB] [Text=younger CharacterOffsetBegin=2166 CharacterOffsetEnd=2173 PartOfSpeech=JJR] [Text=ones CharacterOffsetBegin=2174 CharacterOffsetEnd=2178 PartOfSpeech=NNS] [Text=, CharacterOffsetBegin=2178 CharacterOffsetEnd=2179 PartOfSpeech=,] [Text=I CharacterOffsetBegin=2180 CharacterOffsetEnd=2181 PartOfSpeech=PRP] [Text=think CharacterOffsetBegin=2182 CharacterOffsetEnd=2187 PartOfSpeech=VBP] [Text=-RRB- CharacterOffsetBegin=2187 CharacterOffsetEnd=2188 PartOfSpeech=-RRB-] [Text=, CharacterOffsetBegin=2188 CharacterOffsetEnd=2189 PartOfSpeech=,] [Text=and CharacterOffsetBegin=2190 CharacterOffsetEnd=2193 PartOfSpeech=CC] [Text=each CharacterOffsetBegin=2194 CharacterOffsetEnd=2198 PartOfSpeech=DT] [Text=story CharacterOffsetBegin=2199 CharacterOffsetEnd=2204 PartOfSpeech=NN] [Text=has CharacterOffsetBegin=2205 CharacterOffsetEnd=2208 PartOfSpeech=VBZ] [Text=a CharacterOffsetBegin=2209 CharacterOffsetEnd=2210 PartOfSpeech=DT] [Text=moral CharacterOffsetBegin=2211 CharacterOffsetEnd=2216 PartOfSpeech=JJ] [Text=, CharacterOffsetBegin=2216 CharacterOffsetEnd=2217 PartOfSpeech=,] [Text=so CharacterOffsetBegin=2218 CharacterOffsetEnd=2220 PartOfSpeech=IN] [Text=they CharacterOffsetBegin=2221 CharacterOffsetEnd=2225 PartOfSpeech=PRP] [Text=could CharacterOffsetBegin=2226 CharacterOffsetEnd=2231 PartOfSpeech=MD] [Text=also CharacterOffsetBegin=2232 CharacterOffsetEnd=2236 PartOfSpeech=RB] [Text=teach CharacterOffsetBegin=2237 CharacterOffsetEnd=2242 PartOfSpeech=VB] [Text=them CharacterOffsetBegin=2243 CharacterOffsetEnd=2247 PartOfSpeech=PRP] [Text=some CharacterOffsetBegin=2248 CharacterOffsetEnd=2252 PartOfSpeech=DT] [Text=valuable CharacterOffsetBegin=2253 CharacterOffsetEnd=2261 PartOfSpeech=JJ] [Text=lessons CharacterOffsetBegin=2262 CharacterOffsetEnd=2269 PartOfSpeech=NNS] [Text=. CharacterOffsetBegin=2269 CharacterOffsetEnd=2270 PartOfSpeech=.] 
root(ROOT-0, sure-3)
nsubj(sure-3, I-1)
cop(sure-3, 'm-2)
det(stories-5, the-4)
nsubj(entertain-14, stories-5)
prep(stories-5, in-6)
punct(in-6, ``-7)
poss(World-11, Belle-8)
possessive(Belle-8, 's-9)
amod(World-11, Magical-10)
pobj(in-6, World-11)
punct(in-6, ''-12)
aux(entertain-14, could-13)
ccomp(sure-3, entertain-14)
amod(kids-16, many-15)
dobj(entertain-14, kids-16)
punct(ones-20, -LRB--17)
advmod(younger-19, mostly-18)
amod(ones-20, younger-19)
dep(kids-16, ones-20)
punct(think-23, ,-21)
nsubj(think-23, I-22)
dep(ones-20, think-23)
punct(think-23, -RRB--24)
punct(ones-20, ,-25)
cc(ones-20, and-26)
det(story-28, each-27)
nsubj(has-29, story-28)
conj(ones-20, has-29)
det(moral-31, a-30)
dobj(has-29, moral-31)
punct(sure-3, ,-32)
dep(sure-3, so-33)
nsubj(teach-37, they-34)
aux(teach-37, could-35)
advmod(teach-37, also-36)
ccomp(sure-3, teach-37)
iobj(teach-37, them-38)
det(lessons-41, some-39)
amod(lessons-41, valuable-40)
dobj(teach-37, lessons-41)
punct(sure-3, .-42)

Sentence #17 (14 tokens):
However, for adults, the film really doesn't have a lot.
[Text=However CharacterOffsetBegin=2275 CharacterOffsetEnd=2282 PartOfSpeech=RB] [Text=, CharacterOffsetBegin=2282 CharacterOffsetEnd=2283 PartOfSpeech=,] [Text=for CharacterOffsetBegin=2284 CharacterOffsetEnd=2287 PartOfSpeech=IN] [Text=adults CharacterOffsetBegin=2288 CharacterOffsetEnd=2294 PartOfSpeech=NNS] [Text=, CharacterOffsetBegin=2294 CharacterOffsetEnd=2295 PartOfSpeech=,] [Text=the CharacterOffsetBegin=2296 CharacterOffsetEnd=2299 PartOfSpeech=DT] [Text=film CharacterOffsetBegin=2300 CharacterOffsetEnd=2304 PartOfSpeech=NN] [Text=really CharacterOffsetBegin=2305 CharacterOffsetEnd=2311 PartOfSpeech=RB] [Text=does CharacterOffsetBegin=2312 CharacterOffsetEnd=2316 PartOfSpeech=VBZ] [Text=n't CharacterOffsetBegin=2316 CharacterOffsetEnd=2319 PartOfSpeech=RB] [Text=have CharacterOffsetBegin=2320 CharacterOffsetEnd=2324 PartOfSpeech=VB] [Text=a CharacterOffsetBegin=2325 CharacterOffsetEnd=2326 PartOfSpeech=DT] [Text=lot CharacterOffsetBegin=2327 CharacterOffsetEnd=2330 PartOfSpeech=NN] [Text=. CharacterOffsetBegin=2330 CharacterOffsetEnd=2331 PartOfSpeech=.] 
root(ROOT-0, have-11)
advmod(have-11, However-1)
punct(have-11, ,-2)
prep(have-11, for-3)
pobj(for-3, adults-4)
punct(have-11, ,-5)
det(film-7, the-6)
nsubj(have-11, film-7)
advmod(have-11, really-8)
aux(have-11, does-9)
neg(have-11, n't-10)
det(lot-13, a-12)
dobj(have-11, lot-13)
punct(have-11, .-14)

Sentence #18 (47 tokens):
I personally didn't find any good humour in it, found that the constant conflict between Belle and the Beast got tiring, and the stories did not impress me too much at all in any way (they're not very well written).
[Text=I CharacterOffsetBegin=2336 CharacterOffsetEnd=2337 PartOfSpeech=PRP] [Text=personally CharacterOffsetBegin=2338 CharacterOffsetEnd=2348 PartOfSpeech=RB] [Text=did CharacterOffsetBegin=2349 CharacterOffsetEnd=2352 PartOfSpeech=VBD] [Text=n't CharacterOffsetBegin=2352 CharacterOffsetEnd=2355 PartOfSpeech=RB] [Text=find CharacterOffsetBegin=2356 CharacterOffsetEnd=2360 PartOfSpeech=VB] [Text=any CharacterOffsetBegin=2361 CharacterOffsetEnd=2364 PartOfSpeech=DT] [Text=good CharacterOffsetBegin=2365 CharacterOffsetEnd=2369 PartOfSpeech=JJ] [Text=humour CharacterOffsetBegin=2370 CharacterOffsetEnd=2376 PartOfSpeech=NN] [Text=in CharacterOffsetBegin=2377 CharacterOffsetEnd=2379 PartOfSpeech=IN] [Text=it CharacterOffsetBegin=2380 CharacterOffsetEnd=2382 PartOfSpeech=PRP] [Text=, CharacterOffsetBegin=2382 CharacterOffsetEnd=2383 PartOfSpeech=,] [Text=found CharacterOffsetBegin=2384 CharacterOffsetEnd=2389 PartOfSpeech=VBD] [Text=that CharacterOffsetBegin=2390 CharacterOffsetEnd=2394 PartOfSpeech=IN] [Text=the CharacterOffsetBegin=2395 CharacterOffsetEnd=2398 PartOfSpeech=DT] [Text=constant CharacterOffsetBegin=2399 CharacterOffsetEnd=2407 PartOfSpeech=JJ] [Text=conflict CharacterOffsetBegin=2408 CharacterOffsetEnd=2416 PartOfSpeech=NN] [Text=between CharacterOffsetBegin=2417 CharacterOffsetEnd=2424 PartOfSpeech=IN] [Text=Belle CharacterOffsetBegin=2425 CharacterOffsetEnd=2430 PartOfSpeech=NNP] [Text=and CharacterOffsetBegin=2431 CharacterOffsetEnd=2434 PartOfSpeech=CC] [Text=the CharacterOffsetBegin=2435 CharacterOffsetEnd=2438 PartOfSpeech=DT] [Text=Beast CharacterOffsetBegin=2439 CharacterOffsetEnd=2444 PartOfSpeech=NN] [Text=got CharacterOffsetBegin=2445 CharacterOffsetEnd=2448 PartOfSpeech=VBD] [Text=tiring CharacterOffsetBegin=2449 CharacterOffsetEnd=2455 PartOfSpeech=JJ] [Text=, CharacterOffsetBegin=2455 CharacterOffsetEnd=2456 PartOfSpeech=,] [Text=and CharacterOffsetBegin=2457 CharacterOffsetEnd=2460 PartOfSpeech=CC] [Text=the CharacterOffsetBegin=2461 CharacterOffsetEnd=2464 PartOfSpeech=DT] [Text=stories CharacterOffsetBegin=2465 CharacterOffsetEnd=2472 PartOfSpeech=NNS] [Text=did CharacterOffsetBegin=2473 CharacterOffsetEnd=2476 PartOfSpeech=VBD] [Text=not CharacterOffsetBegin=2477 CharacterOffsetEnd=2480 PartOfSpeech=RB] [Text=impress CharacterOffsetBegin=2481 CharacterOffsetEnd=2488 PartOfSpeech=VB] [Text=me CharacterOffsetBegin=2489 CharacterOffsetEnd=2491 PartOfSpeech=PRP] [Text=too CharacterOffsetBegin=2492 CharacterOffsetEnd=2495 PartOfSpeech=RB] [Text=much CharacterOffsetBegin=2496 CharacterOffsetEnd=2500 PartOfSpeech=RB] [Text=at CharacterOffsetBegin=2501 CharacterOffsetEnd=2503 PartOfSpeech=IN] [Text=all CharacterOffsetBegin=2504 CharacterOffsetEnd=2507 PartOfSpeech=DT] [Text=in CharacterOffsetBegin=2508 CharacterOffsetEnd=2510 PartOfSpeech=IN] [Text=any CharacterOffsetBegin=2511 CharacterOffsetEnd=2514 PartOfSpeech=DT] [Text=way CharacterOffsetBegin=2515 CharacterOffsetEnd=2518 PartOfSpeech=NN] [Text=-LRB- CharacterOffsetBegin=2519 CharacterOffsetEnd=2520 PartOfSpeech=-LRB-] [Text=they CharacterOffsetBegin=2520 CharacterOffsetEnd=2524 PartOfSpeech=PRP] [Text='re CharacterOffsetBegin=2524 CharacterOffsetEnd=2527 PartOfSpeech=VBP] [Text=not CharacterOffsetBegin=2528 CharacterOffsetEnd=2531 PartOfSpeech=RB] [Text=very CharacterOffsetBegin=2532 CharacterOffsetEnd=2536 PartOfSpeech=RB] [Text=well CharacterOffsetBegin=2537 CharacterOffsetEnd=2541 PartOfSpeech=RB] [Text=written CharacterOffsetBegin=2542 CharacterOffsetEnd=2549 PartOfSpeech=VBN] [Text=-RRB- CharacterOffsetBegin=2549 CharacterOffsetEnd=2550 PartOfSpeech=-RRB-] [Text=. CharacterOffsetBegin=2550 CharacterOffsetEnd=2551 PartOfSpeech=.] 
root(ROOT-0, find-5)
nsubj(find-5, I-1)
advmod(find-5, personally-2)
aux(find-5, did-3)
neg(find-5, n't-4)
det(humour-8, any-6)
amod(humour-8, good-7)
dobj(find-5, humour-8)
prep(find-5, in-9)
pobj(in-9, it-10)
punct(find-5, ,-11)
partmod(find-5, found-12)
mark(tiring-23, that-13)
det(conflict-16, the-14)
amod(conflict-16, constant-15)
nsubj(tiring-23, conflict-16)
prep(conflict-16, between-17)
pobj(between-17, Belle-18)
cc(Belle-18, and-19)
det(Beast-21, the-20)
conj(Belle-18, Beast-21)
dep(tiring-23, got-22)
ccomp(found-12, tiring-23)
punct(tiring-23, ,-24)
cc(tiring-23, and-25)
det(stories-27, the-26)
nsubj(impress-30, stories-27)
aux(impress-30, did-28)
neg(impress-30, not-29)
conj(tiring-23, impress-30)
dobj(impress-30, me-31)
advmod(much-33, too-32)
advmod(impress-30, much-33)
prep(impress-30, at-34)
pobj(at-34, all-35)
prep(all-35, in-36)
det(way-38, any-37)
pobj(in-36, way-38)
punct(written-45, -LRB--39)
nsubjpass(written-45, they-40)
auxpass(written-45, 're-41)
neg(written-45, not-42)
advmod(well-44, very-43)
advmod(written-45, well-44)
rcmod(all-35, written-45)
punct(written-45, -RRB--46)
punct(find-5, .-47)

Sentence #19 (25 tokens):
In "The Perfect Word", the way Belle says to the Beast, "You're acting rude... and foolish!"
[Text=In CharacterOffsetBegin=2556 CharacterOffsetEnd=2558 PartOfSpeech=IN] [Text=`` CharacterOffsetBegin=2559 CharacterOffsetEnd=2560 PartOfSpeech=``] [Text=The CharacterOffsetBegin=2560 CharacterOffsetEnd=2563 PartOfSpeech=DT] [Text=Perfect CharacterOffsetBegin=2564 CharacterOffsetEnd=2571 PartOfSpeech=NNP] [Text=Word CharacterOffsetBegin=2572 CharacterOffsetEnd=2576 PartOfSpeech=NN] [Text='' CharacterOffsetBegin=2576 CharacterOffsetEnd=2577 PartOfSpeech=''] [Text=, CharacterOffsetBegin=2577 CharacterOffsetEnd=2578 PartOfSpeech=,] [Text=the CharacterOffsetBegin=2579 CharacterOffsetEnd=2582 PartOfSpeech=DT] [Text=way CharacterOffsetBegin=2583 CharacterOffsetEnd=2586 PartOfSpeech=NN] [Text=Belle CharacterOffsetBegin=2587 CharacterOffsetEnd=2592 PartOfSpeech=NNP] [Text=says CharacterOffsetBegin=2593 CharacterOffsetEnd=2597 PartOfSpeech=VBZ] [Text=to CharacterOffsetBegin=2598 CharacterOffsetEnd=2600 PartOfSpeech=TO] [Text=the CharacterOffsetBegin=2601 CharacterOffsetEnd=2604 PartOfSpeech=DT] [Text=Beast CharacterOffsetBegin=2605 CharacterOffsetEnd=2610 PartOfSpeech=NN] [Text=, CharacterOffsetBegin=2610 CharacterOffsetEnd=2611 PartOfSpeech=,] [Text=`` CharacterOffsetBegin=2612 CharacterOffsetEnd=2613 PartOfSpeech=``] [Text=You CharacterOffsetBegin=2613 CharacterOffsetEnd=2616 PartOfSpeech=PRP] [Text='re CharacterOffsetBegin=2616 CharacterOffsetEnd=2619 PartOfSpeech=VBP] [Text=acting CharacterOffsetBegin=2620 CharacterOffsetEnd=2626 PartOfSpeech=VBG] [Text=rude CharacterOffsetBegin=2627 CharacterOffsetEnd=2631 PartOfSpeech=JJ] [Text=... CharacterOffsetBegin=2631 CharacterOffsetEnd=2634 PartOfSpeech=:] [Text=and CharacterOffsetBegin=2635 CharacterOffsetEnd=2638 PartOfSpeech=CC] [Text=foolish CharacterOffsetBegin=2639 CharacterOffsetEnd=2646 PartOfSpeech=JJ] [Text=! CharacterOffsetBegin=2646 CharacterOffsetEnd=2647 PartOfSpeech=.] [Text='' CharacterOffsetBegin=2647 CharacterOffsetEnd=2648 PartOfSpeech=''] 
root(ROOT-0, acting-19)
prep(acting-19, In-1)
punct(Word-5, ``-2)
det(Word-5, The-3)
nn(Word-5, Perfect-4)
pobj(In-1, Word-5)
punct(Word-5, ''-6)
punct(acting-19, ,-7)
det(way-9, the-8)
nsubj(acting-19, way-9)
nsubj(says-11, Belle-10)
rcmod(way-9, says-11)
prep(says-11, to-12)
det(Beast-14, the-13)
pobj(to-12, Beast-14)
punct(acting-19, ,-15)
punct(acting-19, ``-16)
nsubj(acting-19, You-17)
aux(acting-19, 're-18)
dobj(acting-19, rude-20)
punct(acting-19, ...-21)
cc(acting-19, and-22)
conj(acting-19, foolish-23)
punct(acting-19, !-24)
punct(acting-19, ''-25)

Sentence #20 (37 tokens):
is a bit cheesy, and I think there are quite a few other cheesy moments in these stories.By the time this straight-to-video movie first came out, I was around eleven or twelve years old.
[Text=is CharacterOffsetBegin=2653 CharacterOffsetEnd=2655 PartOfSpeech=VBZ] [Text=a CharacterOffsetBegin=2656 CharacterOffsetEnd=2657 PartOfSpeech=DT] [Text=bit CharacterOffsetBegin=2658 CharacterOffsetEnd=2661 PartOfSpeech=NN] [Text=cheesy CharacterOffsetBegin=2662 CharacterOffsetEnd=2668 PartOfSpeech=JJ] [Text=, CharacterOffsetBegin=2668 CharacterOffsetEnd=2669 PartOfSpeech=,] [Text=and CharacterOffsetBegin=2670 CharacterOffsetEnd=2673 PartOfSpeech=CC] [Text=I CharacterOffsetBegin=2674 CharacterOffsetEnd=2675 PartOfSpeech=PRP] [Text=think CharacterOffsetBegin=2676 CharacterOffsetEnd=2681 PartOfSpeech=VBP] [Text=there CharacterOffsetBegin=2682 CharacterOffsetEnd=2687 PartOfSpeech=EX] [Text=are CharacterOffsetBegin=2688 CharacterOffsetEnd=2691 PartOfSpeech=VBP] [Text=quite CharacterOffsetBegin=2692 CharacterOffsetEnd=2697 PartOfSpeech=RB] [Text=a CharacterOffsetBegin=2698 CharacterOffsetEnd=2699 PartOfSpeech=DT] [Text=few CharacterOffsetBegin=2700 CharacterOffsetEnd=2703 PartOfSpeech=JJ] [Text=other CharacterOffsetBegin=2704 CharacterOffsetEnd=2709 PartOfSpeech=JJ] [Text=cheesy CharacterOffsetBegin=2710 CharacterOffsetEnd=2716 PartOfSpeech=JJ] [Text=moments CharacterOffsetBegin=2717 CharacterOffsetEnd=2724 PartOfSpeech=NNS] [Text=in CharacterOffsetBegin=2725 CharacterOffsetEnd=2727 PartOfSpeech=IN] [Text=these CharacterOffsetBegin=2728 CharacterOffsetEnd=2733 PartOfSpeech=DT] [Text=stories.By CharacterOffsetBegin=2734 CharacterOffsetEnd=2744 PartOfSpeech=NN] [Text=the CharacterOffsetBegin=2745 CharacterOffsetEnd=2748 PartOfSpeech=DT] [Text=time CharacterOffsetBegin=2749 CharacterOffsetEnd=2753 PartOfSpeech=NN] [Text=this CharacterOffsetBegin=2754 CharacterOffsetEnd=2758 PartOfSpeech=DT] [Text=straight-to-video CharacterOffsetBegin=2759 CharacterOffsetEnd=2776 PartOfSpeech=JJ] [Text=movie CharacterOffsetBegin=2777 CharacterOffsetEnd=2782 PartOfSpeech=NN] [Text=first CharacterOffsetBegin=2783 CharacterOffsetEnd=2788 PartOfSpeech=RB] [Text=came CharacterOffsetBegin=2789 CharacterOffsetEnd=2793 PartOfSpeech=VBD] [Text=out CharacterOffsetBegin=2794 CharacterOffsetEnd=2797 PartOfSpeech=RP] [Text=, CharacterOffsetBegin=2797 CharacterOffsetEnd=2798 PartOfSpeech=,] [Text=I CharacterOffsetBegin=2799 CharacterOffsetEnd=2800 PartOfSpeech=PRP] [Text=was CharacterOffsetBegin=2801 CharacterOffsetEnd=2804 PartOfSpeech=VBD] [Text=around CharacterOffsetBegin=2805 CharacterOffsetEnd=2811 PartOfSpeech=IN] [Text=eleven CharacterOffsetBegin=2812 CharacterOffsetEnd=2818 PartOfSpeech=NNS] [Text=or CharacterOffsetBegin=2819 CharacterOffsetEnd=2821 PartOfSpeech=CC] [Text=twelve CharacterOffsetBegin=2822 CharacterOffsetEnd=2828 PartOfSpeech=CD] [Text=years CharacterOffsetBegin=2829 CharacterOffsetEnd=2834 PartOfSpeech=NNS] [Text=old CharacterOffsetBegin=2835 CharacterOffsetEnd=2838 PartOfSpeech=JJ] [Text=. CharacterOffsetBegin=2838 CharacterOffsetEnd=2839 PartOfSpeech=.] 
root(ROOT-0, cheesy-4)
cop(cheesy-4, is-1)
det(cheesy-4, a-2)
nn(cheesy-4, bit-3)
punct(cheesy-4, ,-5)
cc(cheesy-4, and-6)
nsubj(think-8, I-7)
conj(cheesy-4, think-8)
expl(are-10, there-9)
ccomp(think-8, are-10)
advmod(moments-16, quite-11)
det(moments-16, a-12)
amod(moments-16, few-13)
amod(moments-16, other-14)
amod(moments-16, cheesy-15)
nsubj(are-10, moments-16)
prep(moments-16, in-17)
det(stories.By-19, these-18)
pobj(in-17, stories.By-19)
det(time-21, the-20)
tmod(moments-16, time-21)
det(movie-24, this-22)
amod(movie-24, straight-to-video-23)
nsubj(came-26, movie-24)
advmod(came-26, first-25)
rcmod(time-21, came-26)
prt(came-26, out-27)
punct(was-30, ,-28)
nsubj(was-30, I-29)
dep(time-21, was-30)
prep(was-30, around-31)
pobj(around-31, eleven-32)
cc(eleven-32, or-33)
num(years-35, twelve-34)
npadvmod(old-36, years-35)
conj(eleven-32, old-36)
punct(cheesy-4, .-37)

Sentence #21 (40 tokens):
I don't know what I would have thought of it at the time, as I had lost interest in Disney by then, and it would be years before I would gain any of that interest back.
[Text=I CharacterOffsetBegin=2844 CharacterOffsetEnd=2845 PartOfSpeech=PRP] [Text=do CharacterOffsetBegin=2846 CharacterOffsetEnd=2848 PartOfSpeech=VBP] [Text=n't CharacterOffsetBegin=2848 CharacterOffsetEnd=2851 PartOfSpeech=RB] [Text=know CharacterOffsetBegin=2852 CharacterOffsetEnd=2856 PartOfSpeech=VB] [Text=what CharacterOffsetBegin=2857 CharacterOffsetEnd=2861 PartOfSpeech=WP] [Text=I CharacterOffsetBegin=2862 CharacterOffsetEnd=2863 PartOfSpeech=PRP] [Text=would CharacterOffsetBegin=2864 CharacterOffsetEnd=2869 PartOfSpeech=MD] [Text=have CharacterOffsetBegin=2870 CharacterOffsetEnd=2874 PartOfSpeech=VB] [Text=thought CharacterOffsetBegin=2875 CharacterOffsetEnd=2882 PartOfSpeech=VBN] [Text=of CharacterOffsetBegin=2883 CharacterOffsetEnd=2885 PartOfSpeech=IN] [Text=it CharacterOffsetBegin=2886 CharacterOffsetEnd=2888 PartOfSpeech=PRP] [Text=at CharacterOffsetBegin=2889 CharacterOffsetEnd=2891 PartOfSpeech=IN] [Text=the CharacterOffsetBegin=2892 CharacterOffsetEnd=2895 PartOfSpeech=DT] [Text=time CharacterOffsetBegin=2896 CharacterOffsetEnd=2900 PartOfSpeech=NN] [Text=, CharacterOffsetBegin=2900 CharacterOffsetEnd=2901 PartOfSpeech=,] [Text=as CharacterOffsetBegin=2902 CharacterOffsetEnd=2904 PartOfSpeech=IN] [Text=I CharacterOffsetBegin=2905 CharacterOffsetEnd=2906 PartOfSpeech=PRP] [Text=had CharacterOffsetBegin=2907 CharacterOffsetEnd=2910 PartOfSpeech=VBD] [Text=lost CharacterOffsetBegin=2911 CharacterOffsetEnd=2915 PartOfSpeech=VBN] [Text=interest CharacterOffsetBegin=2916 CharacterOffsetEnd=2924 PartOfSpeech=NN] [Text=in CharacterOffsetBegin=2925 CharacterOffsetEnd=2927 PartOfSpeech=IN] [Text=Disney CharacterOffsetBegin=2928 CharacterOffsetEnd=2934 PartOfSpeech=NNP] [Text=by CharacterOffsetBegin=2935 CharacterOffsetEnd=2937 PartOfSpeech=IN] [Text=then CharacterOffsetBegin=2938 CharacterOffsetEnd=2942 PartOfSpeech=RB] [Text=, CharacterOffsetBegin=2942 CharacterOffsetEnd=2943 PartOfSpeech=,] [Text=and CharacterOffsetBegin=2944 CharacterOffsetEnd=2947 PartOfSpeech=CC] [Text=it CharacterOffsetBegin=2948 CharacterOffsetEnd=2950 PartOfSpeech=PRP] [Text=would CharacterOffsetBegin=2951 CharacterOffsetEnd=2956 PartOfSpeech=MD] [Text=be CharacterOffsetBegin=2957 CharacterOffsetEnd=2959 PartOfSpeech=VB] [Text=years CharacterOffsetBegin=2960 CharacterOffsetEnd=2965 PartOfSpeech=NNS] [Text=before CharacterOffsetBegin=2966 CharacterOffsetEnd=2972 PartOfSpeech=IN] [Text=I CharacterOffsetBegin=2973 CharacterOffsetEnd=2974 PartOfSpeech=PRP] [Text=would CharacterOffsetBegin=2975 CharacterOffsetEnd=2980 PartOfSpeech=MD] [Text=gain CharacterOffsetBegin=2981 CharacterOffsetEnd=2985 PartOfSpeech=VB] [Text=any CharacterOffsetBegin=2986 CharacterOffsetEnd=2989 PartOfSpeech=DT] [Text=of CharacterOffsetBegin=2990 CharacterOffsetEnd=2992 PartOfSpeech=IN] [Text=that CharacterOffsetBegin=2993 CharacterOffsetEnd=2997 PartOfSpeech=DT] [Text=interest CharacterOffsetBegin=2998 CharacterOffsetEnd=3006 PartOfSpeech=NN] [Text=back CharacterOffsetBegin=3007 CharacterOffsetEnd=3011 PartOfSpeech=RB] [Text=. CharacterOffsetBegin=3011 CharacterOffsetEnd=3012 PartOfSpeech=.] 
root(ROOT-0, know-4)
nsubj(know-4, I-1)
aux(know-4, do-2)
neg(know-4, n't-3)
dobj(thought-9, what-5)
nsubj(thought-9, I-6)
aux(thought-9, would-7)
aux(thought-9, have-8)
ccomp(know-4, thought-9)
prep(thought-9, of-10)
pobj(of-10, it-11)
prep(thought-9, at-12)
det(time-14, the-13)
pobj(at-12, time-14)
punct(know-4, ,-15)
mark(lost-19, as-16)
nsubj(lost-19, I-17)
aux(lost-19, had-18)
advcl(know-4, lost-19)
dobj(lost-19, interest-20)
prep(interest-20, in-21)
pobj(in-21, Disney-22)
prep(lost-19, by-23)
pcomp(by-23, then-24)
punct(know-4, ,-25)
cc(know-4, and-26)
nsubj(years-30, it-27)
aux(years-30, would-28)
cop(years-30, be-29)
conj(know-4, years-30)
mark(gain-34, before-31)
nsubj(gain-34, I-32)
aux(gain-34, would-33)
advcl(years-30, gain-34)
dobj(gain-34, any-35)
prep(any-35, of-36)
det(interest-38, that-37)
pobj(of-36, interest-38)
advmod(interest-38, back-39)
punct(know-4, .-40)

Sentence #22 (23 tokens):
Even when this movie was first released, I think I was a bit past the age group it was aimed at.
[Text=Even CharacterOffsetBegin=3017 CharacterOffsetEnd=3021 PartOfSpeech=RB] [Text=when CharacterOffsetBegin=3022 CharacterOffsetEnd=3026 PartOfSpeech=WRB] [Text=this CharacterOffsetBegin=3027 CharacterOffsetEnd=3031 PartOfSpeech=DT] [Text=movie CharacterOffsetBegin=3032 CharacterOffsetEnd=3037 PartOfSpeech=NN] [Text=was CharacterOffsetBegin=3038 CharacterOffsetEnd=3041 PartOfSpeech=VBD] [Text=first CharacterOffsetBegin=3042 CharacterOffsetEnd=3047 PartOfSpeech=JJ] [Text=released CharacterOffsetBegin=3048 CharacterOffsetEnd=3056 PartOfSpeech=VBN] [Text=, CharacterOffsetBegin=3056 CharacterOffsetEnd=3057 PartOfSpeech=,] [Text=I CharacterOffsetBegin=3058 CharacterOffsetEnd=3059 PartOfSpeech=PRP] [Text=think CharacterOffsetBegin=3060 CharacterOffsetEnd=3065 PartOfSpeech=VBP] [Text=I CharacterOffsetBegin=3066 CharacterOffsetEnd=3067 PartOfSpeech=PRP] [Text=was CharacterOffsetBegin=3068 CharacterOffsetEnd=3071 PartOfSpeech=VBD] [Text=a CharacterOffsetBegin=3072 CharacterOffsetEnd=3073 PartOfSpeech=DT] [Text=bit CharacterOffsetBegin=3074 CharacterOffsetEnd=3077 PartOfSpeech=NN] [Text=past CharacterOffsetBegin=3078 CharacterOffsetEnd=3082 PartOfSpeech=IN] [Text=the CharacterOffsetBegin=3083 CharacterOffsetEnd=3086 PartOfSpeech=DT] [Text=age CharacterOffsetBegin=3087 CharacterOffsetEnd=3090 PartOfSpeech=NN] [Text=group CharacterOffsetBegin=3091 CharacterOffsetEnd=3096 PartOfSpeech=NN] [Text=it CharacterOffsetBegin=3097 CharacterOffsetEnd=3099 PartOfSpeech=PRP] [Text=was CharacterOffsetBegin=3100 CharacterOffsetEnd=3103 PartOfSpeech=VBD] [Text=aimed CharacterOffsetBegin=3104 CharacterOffsetEnd=3109 PartOfSpeech=VBN] [Text=at CharacterOffsetBegin=3110 CharacterOffsetEnd=3112 PartOfSpeech=IN] [Text=. CharacterOffsetBegin=3112 CharacterOffsetEnd=3113 PartOfSpeech=.] 
root(ROOT-0, think-10)
advmod(when-2, Even-1)
advmod(released-7, when-2)
det(movie-4, this-3)
nsubjpass(released-7, movie-4)
auxpass(released-7, was-5)
advmod(released-7, first-6)
advcl(think-10, released-7)
punct(think-10, ,-8)
nsubj(think-10, I-9)
nsubj(bit-14, I-11)
cop(bit-14, was-12)
det(bit-14, a-13)
ccomp(think-10, bit-14)
prep(bit-14, past-15)
det(group-18, the-16)
nn(group-18, age-17)
pobj(past-15, group-18)
nsubjpass(aimed-21, it-19)
auxpass(aimed-21, was-20)
rcmod(group-18, aimed-21)
advmod(aimed-21, at-22)
punct(think-10, .-23)

Sentence #23 (48 tokens):
I never saw "Beauty and the Beast: The Enchanted Christmas" until a couple months ago, but unlike that film, I never even heard of this one until recently, I think just after seeing the first sequel to Disney's 1991 hit.
[Text=I CharacterOffsetBegin=3118 CharacterOffsetEnd=3119 PartOfSpeech=PRP] [Text=never CharacterOffsetBegin=3120 CharacterOffsetEnd=3125 PartOfSpeech=RB] [Text=saw CharacterOffsetBegin=3126 CharacterOffsetEnd=3129 PartOfSpeech=VBD] [Text=`` CharacterOffsetBegin=3130 CharacterOffsetEnd=3131 PartOfSpeech=``] [Text=Beauty CharacterOffsetBegin=3131 CharacterOffsetEnd=3137 PartOfSpeech=NNP] [Text=and CharacterOffsetBegin=3138 CharacterOffsetEnd=3141 PartOfSpeech=CC] [Text=the CharacterOffsetBegin=3142 CharacterOffsetEnd=3145 PartOfSpeech=DT] [Text=Beast CharacterOffsetBegin=3146 CharacterOffsetEnd=3151 PartOfSpeech=NN] [Text=: CharacterOffsetBegin=3151 CharacterOffsetEnd=3152 PartOfSpeech=:] [Text=The CharacterOffsetBegin=3153 CharacterOffsetEnd=3156 PartOfSpeech=DT] [Text=Enchanted CharacterOffsetBegin=3157 CharacterOffsetEnd=3166 PartOfSpeech=JJ] [Text=Christmas CharacterOffsetBegin=3167 CharacterOffsetEnd=3176 PartOfSpeech=NNP] [Text='' CharacterOffsetBegin=3176 CharacterOffsetEnd=3177 PartOfSpeech=''] [Text=until CharacterOffsetBegin=3178 CharacterOffsetEnd=3183 PartOfSpeech=IN] [Text=a CharacterOffsetBegin=3184 CharacterOffsetEnd=3185 PartOfSpeech=DT] [Text=couple CharacterOffsetBegin=3186 CharacterOffsetEnd=3192 PartOfSpeech=NN] [Text=months CharacterOffsetBegin=3193 CharacterOffsetEnd=3199 PartOfSpeech=NNS] [Text=ago CharacterOffsetBegin=3200 CharacterOffsetEnd=3203 PartOfSpeech=RB] [Text=, CharacterOffsetBegin=3203 CharacterOffsetEnd=3204 PartOfSpeech=,] [Text=but CharacterOffsetBegin=3205 CharacterOffsetEnd=3208 PartOfSpeech=CC] [Text=unlike CharacterOffsetBegin=3209 CharacterOffsetEnd=3215 PartOfSpeech=IN] [Text=that CharacterOffsetBegin=3216 CharacterOffsetEnd=3220 PartOfSpeech=DT] [Text=film CharacterOffsetBegin=3221 CharacterOffsetEnd=3225 PartOfSpeech=NN] [Text=, CharacterOffsetBegin=3225 CharacterOffsetEnd=3226 PartOfSpeech=,] [Text=I CharacterOffsetBegin=3227 CharacterOffsetEnd=3228 PartOfSpeech=PRP] [Text=never CharacterOffsetBegin=3229 CharacterOffsetEnd=3234 PartOfSpeech=RB] [Text=even CharacterOffsetBegin=3235 CharacterOffsetEnd=3239 PartOfSpeech=RB] [Text=heard CharacterOffsetBegin=3240 CharacterOffsetEnd=3245 PartOfSpeech=VBN] [Text=of CharacterOffsetBegin=3246 CharacterOffsetEnd=3248 PartOfSpeech=IN] [Text=this CharacterOffsetBegin=3249 CharacterOffsetEnd=3253 PartOfSpeech=DT] [Text=one CharacterOffsetBegin=3254 CharacterOffsetEnd=3257 PartOfSpeech=CD] [Text=until CharacterOffsetBegin=3258 CharacterOffsetEnd=3263 PartOfSpeech=IN] [Text=recently CharacterOffsetBegin=3264 CharacterOffsetEnd=3272 PartOfSpeech=RB] [Text=, CharacterOffsetBegin=3272 CharacterOffsetEnd=3273 PartOfSpeech=,] [Text=I CharacterOffsetBegin=3274 CharacterOffsetEnd=3275 PartOfSpeech=PRP] [Text=think CharacterOffsetBegin=3276 CharacterOffsetEnd=3281 PartOfSpeech=VBP] [Text=just CharacterOffsetBegin=3282 CharacterOffsetEnd=3286 PartOfSpeech=RB] [Text=after CharacterOffsetBegin=3287 CharacterOffsetEnd=3292 PartOfSpeech=IN] [Text=seeing CharacterOffsetBegin=3293 CharacterOffsetEnd=3299 PartOfSpeech=VBG] [Text=the CharacterOffsetBegin=3300 CharacterOffsetEnd=3303 PartOfSpeech=DT] [Text=first CharacterOffsetBegin=3304 CharacterOffsetEnd=3309 PartOfSpeech=JJ] [Text=sequel CharacterOffsetBegin=3310 CharacterOffsetEnd=3316 PartOfSpeech=NN] [Text=to CharacterOffsetBegin=3317 CharacterOffsetEnd=3319 PartOfSpeech=TO] [Text=Disney CharacterOffsetBegin=3320 CharacterOffsetEnd=3326 PartOfSpeech=NNP] [Text='s CharacterOffsetBegin=3326 CharacterOffsetEnd=3328 PartOfSpeech=POS] [Text=1991 CharacterOffsetBegin=3329 CharacterOffsetEnd=3333 PartOfSpeech=CD] [Text=hit CharacterOffsetBegin=3334 CharacterOffsetEnd=3337 PartOfSpeech=NN] [Text=. CharacterOffsetBegin=3337 CharacterOffsetEnd=3338 PartOfSpeech=.] 
root(ROOT-0, saw-3)
nsubj(saw-3, I-1)
neg(saw-3, never-2)
punct(saw-3, ``-4)
dobj(saw-3, Beauty-5)
cc(Beauty-5, and-6)
det(Beast-8, the-7)
conj(Beauty-5, Beast-8)
punct(Beauty-5, :-9)
det(Christmas-12, The-10)
amod(Christmas-12, Enchanted-11)
dep(Beauty-5, Christmas-12)
punct(Christmas-12, ''-13)
prep(Christmas-12, until-14)
det(months-17, a-15)
nn(months-17, couple-16)
npadvmod(ago-18, months-17)
pcomp(until-14, ago-18)
punct(Christmas-12, ,-19)
cc(Christmas-12, but-20)
conj(Christmas-12, unlike-21)
det(film-23, that-22)
pobj(unlike-21, film-23)
punct(Christmas-12, ,-24)
nsubj(heard-28, I-25)
neg(heard-28, never-26)
advmod(heard-28, even-27)
rcmod(Christmas-12, heard-28)
prep(heard-28, of-29)
det(one-31, this-30)
pobj(of-29, one-31)
prep(heard-28, until-32)
pcomp(until-32, recently-33)
punct(Christmas-12, ,-34)
nsubj(think-36, I-35)
rcmod(Christmas-12, think-36)
advmod(after-38, just-37)
prep(think-36, after-38)
pcomp(after-38, seeing-39)
det(sequel-42, the-40)
amod(sequel-42, first-41)
dobj(seeing-39, sequel-42)
prep(sequel-42, to-43)
poss(hit-47, Disney-44)
possessive(Disney-44, 's-45)
num(hit-47, 1991-46)
pobj(to-43, hit-47)
punct(saw-3, .-48)

Sentence #24 (29 tokens):
Well, as much as I like the theatrical original, I wouldn't have been missing much if I never became aware of this film's existence.
[Text=Well CharacterOffsetBegin=3343 CharacterOffsetEnd=3347 PartOfSpeech=RB] [Text=, CharacterOffsetBegin=3347 CharacterOffsetEnd=3348 PartOfSpeech=,] [Text=as CharacterOffsetBegin=3349 CharacterOffsetEnd=3351 PartOfSpeech=RB] [Text=much CharacterOffsetBegin=3352 CharacterOffsetEnd=3356 PartOfSpeech=RB] [Text=as CharacterOffsetBegin=3357 CharacterOffsetEnd=3359 PartOfSpeech=IN] [Text=I CharacterOffsetBegin=3360 CharacterOffsetEnd=3361 PartOfSpeech=PRP] [Text=like CharacterOffsetBegin=3362 CharacterOffsetEnd=3366 PartOfSpeech=VBP] [Text=the CharacterOffsetBegin=3367 CharacterOffsetEnd=3370 PartOfSpeech=DT] [Text=theatrical CharacterOffsetBegin=3371 CharacterOffsetEnd=3381 PartOfSpeech=JJ] [Text=original CharacterOffsetBegin=3382 CharacterOffsetEnd=3390 PartOfSpeech=JJ] [Text=, CharacterOffsetBegin=3390 CharacterOffsetEnd=3391 PartOfSpeech=,] [Text=I CharacterOffsetBegin=3392 CharacterOffsetEnd=3393 PartOfSpeech=PRP] [Text=would CharacterOffsetBegin=3394 CharacterOffsetEnd=3399 PartOfSpeech=MD] [Text=n't CharacterOffsetBegin=3399 CharacterOffsetEnd=3402 PartOfSpeech=RB] [Text=have CharacterOffsetBegin=3403 CharacterOffsetEnd=3407 PartOfSpeech=VB] [Text=been CharacterOffsetBegin=3408 CharacterOffsetEnd=3412 PartOfSpeech=VBN] [Text=missing CharacterOffsetBegin=3413 CharacterOffsetEnd=3420 PartOfSpeech=VBG] [Text=much CharacterOffsetBegin=3421 CharacterOffsetEnd=3425 PartOfSpeech=RB] [Text=if CharacterOffsetBegin=3426 CharacterOffsetEnd=3428 PartOfSpeech=IN] [Text=I CharacterOffsetBegin=3429 CharacterOffsetEnd=3430 PartOfSpeech=PRP] [Text=never CharacterOffsetBegin=3431 CharacterOffsetEnd=3436 PartOfSpeech=RB] [Text=became CharacterOffsetBegin=3437 CharacterOffsetEnd=3443 PartOfSpeech=VBD] [Text=aware CharacterOffsetBegin=3444 CharacterOffsetEnd=3449 PartOfSpeech=JJ] [Text=of CharacterOffsetBegin=3450 CharacterOffsetEnd=3452 PartOfSpeech=IN] [Text=this CharacterOffsetBegin=3453 CharacterOffsetEnd=3457 PartOfSpeech=DT] [Text=film CharacterOffsetBegin=3458 CharacterOffsetEnd=3462 PartOfSpeech=NN] [Text='s CharacterOffsetBegin=3462 CharacterOffsetEnd=3464 PartOfSpeech=POS] [Text=existence CharacterOffsetBegin=3465 CharacterOffsetEnd=3474 PartOfSpeech=NN] [Text=. CharacterOffsetBegin=3474 CharacterOffsetEnd=3475 PartOfSpeech=.] 
root(ROOT-0, missing-17)
advmod(missing-17, Well-1)
punct(missing-17, ,-2)
advmod(much-4, as-3)
advcl(missing-17, much-4)
mark(like-7, as-5)
nsubj(like-7, I-6)
dep(much-4, like-7)
det(original-10, the-8)
amod(original-10, theatrical-9)
dobj(like-7, original-10)
punct(missing-17, ,-11)
nsubj(missing-17, I-12)
aux(missing-17, would-13)
neg(missing-17, n't-14)
aux(missing-17, have-15)
aux(missing-17, been-16)
dobj(missing-17, much-18)
mark(aware-23, if-19)
nsubj(aware-23, I-20)
neg(aware-23, never-21)
cop(aware-23, became-22)
advcl(missing-17, aware-23)
prep(aware-23, of-24)
det(film-26, this-25)
poss(existence-28, film-26)
possessive(film-26, 's-27)
pobj(of-24, existence-28)
punct(missing-17, .-29)

Sentence #25 (37 tokens):
For little kids, I'm sure "Belle's Magical World" can be highly entertaining, and probably somewhat educational with its morals, but I do not recommend it for adult Disney fans.
[Text=For CharacterOffsetBegin=3480 CharacterOffsetEnd=3483 PartOfSpeech=IN] [Text=little CharacterOffsetBegin=3484 CharacterOffsetEnd=3490 PartOfSpeech=JJ] [Text=kids CharacterOffsetBegin=3491 CharacterOffsetEnd=3495 PartOfSpeech=NNS] [Text=, CharacterOffsetBegin=3495 CharacterOffsetEnd=3496 PartOfSpeech=,] [Text=I CharacterOffsetBegin=3497 CharacterOffsetEnd=3498 PartOfSpeech=PRP] [Text='m CharacterOffsetBegin=3498 CharacterOffsetEnd=3500 PartOfSpeech=VBP] [Text=sure CharacterOffsetBegin=3501 CharacterOffsetEnd=3505 PartOfSpeech=JJ] [Text=`` CharacterOffsetBegin=3506 CharacterOffsetEnd=3507 PartOfSpeech=``] [Text=Belle CharacterOffsetBegin=3507 CharacterOffsetEnd=3512 PartOfSpeech=NNP] [Text='s CharacterOffsetBegin=3512 CharacterOffsetEnd=3514 PartOfSpeech=POS] [Text=Magical CharacterOffsetBegin=3515 CharacterOffsetEnd=3522 PartOfSpeech=JJ] [Text=World CharacterOffsetBegin=3523 CharacterOffsetEnd=3528 PartOfSpeech=NN] [Text='' CharacterOffsetBegin=3528 CharacterOffsetEnd=3529 PartOfSpeech=''] [Text=can CharacterOffsetBegin=3530 CharacterOffsetEnd=3533 PartOfSpeech=MD] [Text=be CharacterOffsetBegin=3534 CharacterOffsetEnd=3536 PartOfSpeech=VB] [Text=highly CharacterOffsetBegin=3537 CharacterOffsetEnd=3543 PartOfSpeech=RB] [Text=entertaining CharacterOffsetBegin=3544 CharacterOffsetEnd=3556 PartOfSpeech=JJ] [Text=, CharacterOffsetBegin=3556 CharacterOffsetEnd=3557 PartOfSpeech=,] [Text=and CharacterOffsetBegin=3558 CharacterOffsetEnd=3561 PartOfSpeech=CC] [Text=probably CharacterOffsetBegin=3562 CharacterOffsetEnd=3570 PartOfSpeech=RB] [Text=somewhat CharacterOffsetBegin=3571 CharacterOffsetEnd=3579 PartOfSpeech=RB] [Text=educational CharacterOffsetBegin=3580 CharacterOffsetEnd=3591 PartOfSpeech=JJ] [Text=with CharacterOffsetBegin=3592 CharacterOffsetEnd=3596 PartOfSpeech=IN] [Text=its CharacterOffsetBegin=3597 CharacterOffsetEnd=3600 PartOfSpeech=PRP$] [Text=morals CharacterOffsetBegin=3601 CharacterOffsetEnd=3607 PartOfSpeech=NNS] [Text=, CharacterOffsetBegin=3607 CharacterOffsetEnd=3608 PartOfSpeech=,] [Text=but CharacterOffsetBegin=3609 CharacterOffsetEnd=3612 PartOfSpeech=CC] [Text=I CharacterOffsetBegin=3613 CharacterOffsetEnd=3614 PartOfSpeech=PRP] [Text=do CharacterOffsetBegin=3615 CharacterOffsetEnd=3617 PartOfSpeech=VBP] [Text=not CharacterOffsetBegin=3618 CharacterOffsetEnd=3621 PartOfSpeech=RB] [Text=recommend CharacterOffsetBegin=3622 CharacterOffsetEnd=3631 PartOfSpeech=VB] [Text=it CharacterOffsetBegin=3632 CharacterOffsetEnd=3634 PartOfSpeech=PRP] [Text=for CharacterOffsetBegin=3635 CharacterOffsetEnd=3638 PartOfSpeech=IN] [Text=adult CharacterOffsetBegin=3639 CharacterOffsetEnd=3644 PartOfSpeech=JJ] [Text=Disney CharacterOffsetBegin=3645 CharacterOffsetEnd=3651 PartOfSpeech=NNP] [Text=fans CharacterOffsetBegin=3652 CharacterOffsetEnd=3656 PartOfSpeech=NNS] [Text=. CharacterOffsetBegin=3656 CharacterOffsetEnd=3657 PartOfSpeech=.] 
root(ROOT-0, sure-7)
prep(sure-7, For-1)
amod(kids-3, little-2)
pobj(For-1, kids-3)
punct(sure-7, ,-4)
nsubj(sure-7, I-5)
cop(sure-7, 'm-6)
punct(sure-7, ``-8)
poss(World-12, Belle-9)
possessive(Belle-9, 's-10)
amod(World-12, Magical-11)
nsubj(entertaining-17, World-12)
punct(World-12, ''-13)
aux(entertaining-17, can-14)
cop(entertaining-17, be-15)
advmod(entertaining-17, highly-16)
ccomp(sure-7, entertaining-17)
punct(entertaining-17, ,-18)
cc(entertaining-17, and-19)
advmod(educational-22, probably-20)
advmod(educational-22, somewhat-21)
conj(entertaining-17, educational-22)
prep(educational-22, with-23)
poss(morals-25, its-24)
pobj(with-23, morals-25)
punct(sure-7, ,-26)
cc(sure-7, but-27)
nsubj(recommend-31, I-28)
aux(recommend-31, do-29)
neg(recommend-31, not-30)
conj(sure-7, recommend-31)
dobj(recommend-31, it-32)
prep(recommend-31, for-33)
amod(fans-36, adult-34)
nn(fans-36, Disney-35)
pobj(for-33, fans-36)
punct(sure-7, .-37)

