Sentence #1 (37 tokens):
A half-hearted attempt to bring Elvis Presley into the modern day, but despite a sexy little shower scene and a pseudo-Playboy magazine subplot, Presley is surrounded by the same old coy, winking clichs.
[Text=A CharacterOffsetBegin=4 CharacterOffsetEnd=5 PartOfSpeech=DT] [Text=half-hearted CharacterOffsetBegin=6 CharacterOffsetEnd=18 PartOfSpeech=JJ] [Text=attempt CharacterOffsetBegin=19 CharacterOffsetEnd=26 PartOfSpeech=NN] [Text=to CharacterOffsetBegin=27 CharacterOffsetEnd=29 PartOfSpeech=TO] [Text=bring CharacterOffsetBegin=30 CharacterOffsetEnd=35 PartOfSpeech=VB] [Text=Elvis CharacterOffsetBegin=36 CharacterOffsetEnd=41 PartOfSpeech=NNP] [Text=Presley CharacterOffsetBegin=42 CharacterOffsetEnd=49 PartOfSpeech=NNP] [Text=into CharacterOffsetBegin=50 CharacterOffsetEnd=54 PartOfSpeech=IN] [Text=the CharacterOffsetBegin=55 CharacterOffsetEnd=58 PartOfSpeech=DT] [Text=modern CharacterOffsetBegin=59 CharacterOffsetEnd=65 PartOfSpeech=JJ] [Text=day CharacterOffsetBegin=66 CharacterOffsetEnd=69 PartOfSpeech=NN] [Text=, CharacterOffsetBegin=69 CharacterOffsetEnd=70 PartOfSpeech=,] [Text=but CharacterOffsetBegin=71 CharacterOffsetEnd=74 PartOfSpeech=CC] [Text=despite CharacterOffsetBegin=75 CharacterOffsetEnd=82 PartOfSpeech=IN] [Text=a CharacterOffsetBegin=83 CharacterOffsetEnd=84 PartOfSpeech=DT] [Text=sexy CharacterOffsetBegin=85 CharacterOffsetEnd=89 PartOfSpeech=JJ] [Text=little CharacterOffsetBegin=90 CharacterOffsetEnd=96 PartOfSpeech=JJ] [Text=shower CharacterOffsetBegin=97 CharacterOffsetEnd=103 PartOfSpeech=NN] [Text=scene CharacterOffsetBegin=104 CharacterOffsetEnd=109 PartOfSpeech=NN] [Text=and CharacterOffsetBegin=110 CharacterOffsetEnd=113 PartOfSpeech=CC] [Text=a CharacterOffsetBegin=114 CharacterOffsetEnd=115 PartOfSpeech=DT] [Text=pseudo-Playboy CharacterOffsetBegin=116 CharacterOffsetEnd=130 PartOfSpeech=JJ] [Text=magazine CharacterOffsetBegin=131 CharacterOffsetEnd=139 PartOfSpeech=NN] [Text=subplot CharacterOffsetBegin=140 CharacterOffsetEnd=147 PartOfSpeech=NNS] [Text=, CharacterOffsetBegin=147 CharacterOffsetEnd=148 PartOfSpeech=,] [Text=Presley CharacterOffsetBegin=149 CharacterOffsetEnd=156 PartOfSpeech=NNP] [Text=is CharacterOffsetBegin=157 CharacterOffsetEnd=159 PartOfSpeech=VBZ] [Text=surrounded CharacterOffsetBegin=160 CharacterOffsetEnd=170 PartOfSpeech=VBN] [Text=by CharacterOffsetBegin=171 CharacterOffsetEnd=173 PartOfSpeech=IN] [Text=the CharacterOffsetBegin=174 CharacterOffsetEnd=177 PartOfSpeech=DT] [Text=same CharacterOffsetBegin=178 CharacterOffsetEnd=182 PartOfSpeech=JJ] [Text=old CharacterOffsetBegin=183 CharacterOffsetEnd=186 PartOfSpeech=JJ] [Text=coy CharacterOffsetBegin=187 CharacterOffsetEnd=190 PartOfSpeech=JJ] [Text=, CharacterOffsetBegin=190 CharacterOffsetEnd=191 PartOfSpeech=,] [Text=winking CharacterOffsetBegin=192 CharacterOffsetEnd=199 PartOfSpeech=VBG] [Text=clichs CharacterOffsetBegin=200 CharacterOffsetEnd=206 PartOfSpeech=NNS] [Text=. CharacterOffsetBegin=206 CharacterOffsetEnd=207 PartOfSpeech=.] 
root(ROOT-0, attempt-3)
det(attempt-3, A-1)
amod(attempt-3, half-hearted-2)
aux(bring-5, to-4)
infmod(attempt-3, bring-5)
nn(Presley-7, Elvis-6)
dobj(bring-5, Presley-7)
prep(bring-5, into-8)
det(day-11, the-9)
amod(day-11, modern-10)
pobj(into-8, day-11)
punct(attempt-3, ,-12)
cc(attempt-3, but-13)
prep(surrounded-28, despite-14)
det(scene-19, a-15)
amod(scene-19, sexy-16)
amod(scene-19, little-17)
nn(scene-19, shower-18)
pobj(despite-14, scene-19)
cc(scene-19, and-20)
det(subplot-24, a-21)
amod(subplot-24, pseudo-Playboy-22)
nn(subplot-24, magazine-23)
conj(scene-19, subplot-24)
punct(surrounded-28, ,-25)
nsubjpass(surrounded-28, Presley-26)
auxpass(surrounded-28, is-27)
conj(attempt-3, surrounded-28)
prep(surrounded-28, by-29)
det(coy-33, the-30)
amod(coy-33, same-31)
amod(coy-33, old-32)
pobj(by-29, coy-33)
punct(surrounded-28, ,-34)
xcomp(surrounded-28, winking-35)
dobj(winking-35, clichs-36)
punct(attempt-3, .-37)

Sentence #2 (25 tokens):
A woman picks E.P.
    up on the beach and then proceeds to take over his life--and he doesn't seem to care!
[Text=A CharacterOffsetBegin=212 CharacterOffsetEnd=213 PartOfSpeech=DT] [Text=woman CharacterOffsetBegin=214 CharacterOffsetEnd=219 PartOfSpeech=NN] [Text=picks CharacterOffsetBegin=220 CharacterOffsetEnd=225 PartOfSpeech=VBZ] [Text=E.P. CharacterOffsetBegin=226 CharacterOffsetEnd=230 PartOfSpeech=NNP] [Text=up CharacterOffsetBegin=235 CharacterOffsetEnd=237 PartOfSpeech=RP] [Text=on CharacterOffsetBegin=238 CharacterOffsetEnd=240 PartOfSpeech=IN] [Text=the CharacterOffsetBegin=241 CharacterOffsetEnd=244 PartOfSpeech=DT] [Text=beach CharacterOffsetBegin=245 CharacterOffsetEnd=250 PartOfSpeech=NN] [Text=and CharacterOffsetBegin=251 CharacterOffsetEnd=254 PartOfSpeech=CC] [Text=then CharacterOffsetBegin=255 CharacterOffsetEnd=259 PartOfSpeech=RB] [Text=proceeds CharacterOffsetBegin=260 CharacterOffsetEnd=268 PartOfSpeech=VBZ] [Text=to CharacterOffsetBegin=269 CharacterOffsetEnd=271 PartOfSpeech=TO] [Text=take CharacterOffsetBegin=272 CharacterOffsetEnd=276 PartOfSpeech=VB] [Text=over CharacterOffsetBegin=277 CharacterOffsetEnd=281 PartOfSpeech=RP] [Text=his CharacterOffsetBegin=282 CharacterOffsetEnd=285 PartOfSpeech=PRP$] [Text=life CharacterOffsetBegin=286 CharacterOffsetEnd=290 PartOfSpeech=NN] [Text=-- CharacterOffsetBegin=290 CharacterOffsetEnd=292 PartOfSpeech=:] [Text=and CharacterOffsetBegin=292 CharacterOffsetEnd=295 PartOfSpeech=CC] [Text=he CharacterOffsetBegin=296 CharacterOffsetEnd=298 PartOfSpeech=PRP] [Text=does CharacterOffsetBegin=299 CharacterOffsetEnd=303 PartOfSpeech=VBZ] [Text=n't CharacterOffsetBegin=303 CharacterOffsetEnd=306 PartOfSpeech=RB] [Text=seem CharacterOffsetBegin=307 CharacterOffsetEnd=311 PartOfSpeech=VB] [Text=to CharacterOffsetBegin=312 CharacterOffsetEnd=314 PartOfSpeech=TO] [Text=care CharacterOffsetBegin=315 CharacterOffsetEnd=319 PartOfSpeech=VB] [Text=! CharacterOffsetBegin=319 CharacterOffsetEnd=320 PartOfSpeech=.] 
root(ROOT-0, picks-3)
det(woman-2, A-1)
nsubj(picks-3, woman-2)
dobj(picks-3, E.P.-4)
prt(picks-3, up-5)
prep(picks-3, on-6)
det(beach-8, the-7)
pobj(on-6, beach-8)
cc(picks-3, and-9)
advmod(picks-3, then-10)
conj(picks-3, proceeds-11)
aux(take-13, to-12)
xcomp(proceeds-11, take-13)
prt(take-13, over-14)
poss(life-16, his-15)
dobj(take-13, life-16)
punct(picks-3, ---17)
cc(picks-3, and-18)
nsubj(seem-22, he-19)
aux(seem-22, does-20)
neg(seem-22, n't-21)
conj(picks-3, seem-22)
aux(care-24, to-23)
xcomp(seem-22, care-24)
punct(picks-3, !-25)

Sentence #3 (17 tokens):
Dick Sargent is grueling in another sidebar, but Don Porter and Rudy Vallee (!)
[Text=Dick CharacterOffsetBegin=325 CharacterOffsetEnd=329 PartOfSpeech=NNP] [Text=Sargent CharacterOffsetBegin=330 CharacterOffsetEnd=337 PartOfSpeech=NNP] [Text=is CharacterOffsetBegin=338 CharacterOffsetEnd=340 PartOfSpeech=VBZ] [Text=grueling CharacterOffsetBegin=341 CharacterOffsetEnd=349 PartOfSpeech=VBG] [Text=in CharacterOffsetBegin=350 CharacterOffsetEnd=352 PartOfSpeech=IN] [Text=another CharacterOffsetBegin=353 CharacterOffsetEnd=360 PartOfSpeech=DT] [Text=sidebar CharacterOffsetBegin=361 CharacterOffsetEnd=368 PartOfSpeech=JJ] [Text=, CharacterOffsetBegin=368 CharacterOffsetEnd=369 PartOfSpeech=,] [Text=but CharacterOffsetBegin=370 CharacterOffsetEnd=373 PartOfSpeech=CC] [Text=Don CharacterOffsetBegin=374 CharacterOffsetEnd=377 PartOfSpeech=NNP] [Text=Porter CharacterOffsetBegin=378 CharacterOffsetEnd=384 PartOfSpeech=NNP] [Text=and CharacterOffsetBegin=385 CharacterOffsetEnd=388 PartOfSpeech=CC] [Text=Rudy CharacterOffsetBegin=389 CharacterOffsetEnd=393 PartOfSpeech=NNP] [Text=Vallee CharacterOffsetBegin=394 CharacterOffsetEnd=400 PartOfSpeech=NNP] [Text=-LRB- CharacterOffsetBegin=401 CharacterOffsetEnd=402 PartOfSpeech=-LRB-] [Text=! CharacterOffsetBegin=402 CharacterOffsetEnd=403 PartOfSpeech=.] [Text=-RRB- CharacterOffsetBegin=403 CharacterOffsetEnd=404 PartOfSpeech=-RRB-] 
root(ROOT-0, grueling-4)
nn(Sargent-2, Dick-1)
nsubj(grueling-4, Sargent-2)
aux(grueling-4, is-3)
prep(grueling-4, in-5)
det(sidebar-7, another-6)
pobj(in-5, sidebar-7)
punct(grueling-4, ,-8)
cc(grueling-4, but-9)
nn(Porter-11, Don-10)
conj(grueling-4, Porter-11)
cc(Porter-11, and-12)
conj(Porter-11, Rudy-13)
appos(Rudy-13, Vallee-14)
punct(-RRB--17, -LRB--15)
punct(-RRB--17, !-16)
punct(Vallee-14, -RRB--17)

Sentence #4 (16 tokens):
try hard as Elvis' two bosses (he's moonlighting, you see).
[Text=try CharacterOffsetBegin=409 CharacterOffsetEnd=412 PartOfSpeech=VB] [Text=hard CharacterOffsetBegin=413 CharacterOffsetEnd=417 PartOfSpeech=RB] [Text=as CharacterOffsetBegin=418 CharacterOffsetEnd=420 PartOfSpeech=IN] [Text=Elvis CharacterOffsetBegin=421 CharacterOffsetEnd=426 PartOfSpeech=NNP] [Text=' CharacterOffsetBegin=426 CharacterOffsetEnd=427 PartOfSpeech=POS] [Text=two CharacterOffsetBegin=428 CharacterOffsetEnd=431 PartOfSpeech=CD] [Text=bosses CharacterOffsetBegin=432 CharacterOffsetEnd=438 PartOfSpeech=NNS] [Text=-LRB- CharacterOffsetBegin=439 CharacterOffsetEnd=440 PartOfSpeech=-LRB-] [Text=he CharacterOffsetBegin=440 CharacterOffsetEnd=442 PartOfSpeech=PRP] [Text='s CharacterOffsetBegin=442 CharacterOffsetEnd=444 PartOfSpeech=VBZ] [Text=moonlighting CharacterOffsetBegin=445 CharacterOffsetEnd=457 PartOfSpeech=VBG] [Text=, CharacterOffsetBegin=457 CharacterOffsetEnd=458 PartOfSpeech=,] [Text=you CharacterOffsetBegin=459 CharacterOffsetEnd=462 PartOfSpeech=PRP] [Text=see CharacterOffsetBegin=463 CharacterOffsetEnd=466 PartOfSpeech=VBP] [Text=-RRB- CharacterOffsetBegin=466 CharacterOffsetEnd=467 PartOfSpeech=-RRB-] [Text=. CharacterOffsetBegin=467 CharacterOffsetEnd=468 PartOfSpeech=.] 
root(ROOT-0, try-1)
advmod(try-1, hard-2)
mark(see-14, as-3)
poss(bosses-7, Elvis-4)
possessive(Elvis-4, '-5)
num(bosses-7, two-6)
nsubj(see-14, bosses-7)
punct(moonlighting-11, -LRB--8)
nsubj(moonlighting-11, he-9)
aux(moonlighting-11, 's-10)
dep(see-14, moonlighting-11)
punct(see-14, ,-12)
nsubj(see-14, you-13)
advcl(try-1, see-14)
punct(see-14, -RRB--15)
punct(try-1, .-16)

Sentence #5 (33 tokens):
Some of the songs are quite good, especially "Almost in Love", but if you want to see a looser, hipper, updated Elvis sex-comedy--look elsewhere.
[Text=Some CharacterOffsetBegin=473 CharacterOffsetEnd=477 PartOfSpeech=DT] [Text=of CharacterOffsetBegin=478 CharacterOffsetEnd=480 PartOfSpeech=IN] [Text=the CharacterOffsetBegin=481 CharacterOffsetEnd=484 PartOfSpeech=DT] [Text=songs CharacterOffsetBegin=485 CharacterOffsetEnd=490 PartOfSpeech=NNS] [Text=are CharacterOffsetBegin=491 CharacterOffsetEnd=494 PartOfSpeech=VBP] [Text=quite CharacterOffsetBegin=495 CharacterOffsetEnd=500 PartOfSpeech=RB] [Text=good CharacterOffsetBegin=501 CharacterOffsetEnd=505 PartOfSpeech=JJ] [Text=, CharacterOffsetBegin=505 CharacterOffsetEnd=506 PartOfSpeech=,] [Text=especially CharacterOffsetBegin=507 CharacterOffsetEnd=517 PartOfSpeech=RB] [Text=`` CharacterOffsetBegin=518 CharacterOffsetEnd=519 PartOfSpeech=``] [Text=Almost CharacterOffsetBegin=519 CharacterOffsetEnd=525 PartOfSpeech=RB] [Text=in CharacterOffsetBegin=526 CharacterOffsetEnd=528 PartOfSpeech=IN] [Text=Love CharacterOffsetBegin=529 CharacterOffsetEnd=533 PartOfSpeech=NNP] [Text='' CharacterOffsetBegin=533 CharacterOffsetEnd=534 PartOfSpeech=''] [Text=, CharacterOffsetBegin=534 CharacterOffsetEnd=535 PartOfSpeech=,] [Text=but CharacterOffsetBegin=536 CharacterOffsetEnd=539 PartOfSpeech=CC] [Text=if CharacterOffsetBegin=540 CharacterOffsetEnd=542 PartOfSpeech=IN] [Text=you CharacterOffsetBegin=543 CharacterOffsetEnd=546 PartOfSpeech=PRP] [Text=want CharacterOffsetBegin=547 CharacterOffsetEnd=551 PartOfSpeech=VBP] [Text=to CharacterOffsetBegin=552 CharacterOffsetEnd=554 PartOfSpeech=TO] [Text=see CharacterOffsetBegin=555 CharacterOffsetEnd=558 PartOfSpeech=VB] [Text=a CharacterOffsetBegin=559 CharacterOffsetEnd=560 PartOfSpeech=DT] [Text=looser CharacterOffsetBegin=561 CharacterOffsetEnd=567 PartOfSpeech=JJR] [Text=, CharacterOffsetBegin=567 CharacterOffsetEnd=568 PartOfSpeech=,] [Text=hipper CharacterOffsetBegin=569 CharacterOffsetEnd=575 PartOfSpeech=JJ] [Text=, CharacterOffsetBegin=575 CharacterOffsetEnd=576 PartOfSpeech=,] [Text=updated CharacterOffsetBegin=577 CharacterOffsetEnd=584 PartOfSpeech=VBN] [Text=Elvis CharacterOffsetBegin=585 CharacterOffsetEnd=590 PartOfSpeech=NNP] [Text=sex-comedy CharacterOffsetBegin=591 CharacterOffsetEnd=601 PartOfSpeech=JJ] [Text=-- CharacterOffsetBegin=601 CharacterOffsetEnd=603 PartOfSpeech=:] [Text=look CharacterOffsetBegin=603 CharacterOffsetEnd=607 PartOfSpeech=VB] [Text=elsewhere CharacterOffsetBegin=608 CharacterOffsetEnd=617 PartOfSpeech=RB] [Text=. CharacterOffsetBegin=617 CharacterOffsetEnd=618 PartOfSpeech=.] 
root(ROOT-0, good-7)
nsubj(good-7, Some-1)
prep(Some-1, of-2)
det(songs-4, the-3)
pobj(of-2, songs-4)
cop(good-7, are-5)
advmod(good-7, quite-6)
punct(good-7, ,-8)
advmod(good-7, especially-9)
punct(good-7, ``-10)
advmod(in-12, Almost-11)
prep(good-7, in-12)
pobj(in-12, Love-13)
punct(good-7, ''-14)
punct(good-7, ,-15)
cc(good-7, but-16)
mark(want-19, if-17)
nsubj(want-19, you-18)
conj(good-7, want-19)
aux(see-21, to-20)
xcomp(want-19, see-21)
det(hipper-25, a-22)
amod(hipper-25, looser-23)
punct(hipper-25, ,-24)
dobj(see-21, hipper-25)
punct(hipper-25, ,-26)
amod(sex-comedy-29, updated-27)
nn(sex-comedy-29, Elvis-28)
dep(hipper-25, sex-comedy-29)
punct(sex-comedy-29, ---30)
dep(sex-comedy-29, look-31)
advmod(look-31, elsewhere-32)
punct(good-7, .-33)

Sentence #6 (21 tokens):
When Elvis and his Fatal Attraction get into bed together, there's actually a wooden board in between them!
[Text=When CharacterOffsetBegin=623 CharacterOffsetEnd=627 PartOfSpeech=WRB] [Text=Elvis CharacterOffsetBegin=628 CharacterOffsetEnd=633 PartOfSpeech=NNP] [Text=and CharacterOffsetBegin=634 CharacterOffsetEnd=637 PartOfSpeech=CC] [Text=his CharacterOffsetBegin=638 CharacterOffsetEnd=641 PartOfSpeech=PRP$] [Text=Fatal CharacterOffsetBegin=642 CharacterOffsetEnd=647 PartOfSpeech=JJ] [Text=Attraction CharacterOffsetBegin=648 CharacterOffsetEnd=658 PartOfSpeech=NN] [Text=get CharacterOffsetBegin=659 CharacterOffsetEnd=662 PartOfSpeech=VB] [Text=into CharacterOffsetBegin=663 CharacterOffsetEnd=667 PartOfSpeech=IN] [Text=bed CharacterOffsetBegin=668 CharacterOffsetEnd=671 PartOfSpeech=NN] [Text=together CharacterOffsetBegin=672 CharacterOffsetEnd=680 PartOfSpeech=RB] [Text=, CharacterOffsetBegin=680 CharacterOffsetEnd=681 PartOfSpeech=,] [Text=there CharacterOffsetBegin=682 CharacterOffsetEnd=687 PartOfSpeech=EX] [Text='s CharacterOffsetBegin=687 CharacterOffsetEnd=689 PartOfSpeech=VBZ] [Text=actually CharacterOffsetBegin=690 CharacterOffsetEnd=698 PartOfSpeech=RB] [Text=a CharacterOffsetBegin=699 CharacterOffsetEnd=700 PartOfSpeech=DT] [Text=wooden CharacterOffsetBegin=701 CharacterOffsetEnd=707 PartOfSpeech=JJ] [Text=board CharacterOffsetBegin=708 CharacterOffsetEnd=713 PartOfSpeech=NN] [Text=in CharacterOffsetBegin=714 CharacterOffsetEnd=716 PartOfSpeech=IN] [Text=between CharacterOffsetBegin=717 CharacterOffsetEnd=724 PartOfSpeech=IN] [Text=them CharacterOffsetBegin=725 CharacterOffsetEnd=729 PartOfSpeech=PRP] [Text=! CharacterOffsetBegin=729 CharacterOffsetEnd=730 PartOfSpeech=.] 
root(ROOT-0, 's-13)
advmod(get-7, When-1)
nsubj(get-7, Elvis-2)
cc(Elvis-2, and-3)
poss(Attraction-6, his-4)
amod(Attraction-6, Fatal-5)
conj(Elvis-2, Attraction-6)
advcl('s-13, get-7)
prep(get-7, into-8)
pobj(into-8, bed-9)
advmod(get-7, together-10)
punct('s-13, ,-11)
expl('s-13, there-12)
advmod(board-17, actually-14)
det(board-17, a-15)
amod(board-17, wooden-16)
nsubj('s-13, board-17)
prep('s-13, in-18)
pcomp(in-18, between-19)
pobj(between-19, them-20)
punct('s-13, !-21)

Sentence #7 (3 tokens):
Get real.
[Text=Get CharacterOffsetBegin=735 CharacterOffsetEnd=738 PartOfSpeech=VB] [Text=real CharacterOffsetBegin=739 CharacterOffsetEnd=743 PartOfSpeech=RB] [Text=. CharacterOffsetBegin=743 CharacterOffsetEnd=744 PartOfSpeech=.] 
root(ROOT-0, Get-1)
advmod(Get-1, real-2)
punct(Get-1, .-3)

Sentence #8 (3 tokens):
** from ****
[Text=** CharacterOffsetBegin=749 CharacterOffsetEnd=751 PartOfSpeech=SYM] [Text=from CharacterOffsetBegin=752 CharacterOffsetEnd=756 PartOfSpeech=IN] [Text=**** CharacterOffsetBegin=757 CharacterOffsetEnd=761 PartOfSpeech=CD] 
root(ROOT-0, **-1)
prep(**-1, from-2)
pobj(from-2, ****-3)

