Sentence #1 (80 tokens):
i rate this movie with 3 skulls, only coz the girls knew how to scream, this could've been a better movie, if actors were better, the twins were OK, i believed they were evil, but the eldest and youngest brother, they sucked really bad, it seemed like they were reading the scripts instead of acting them.... spoiler: if they're vampire's why do they freeze the blood?
[Text=i CharacterOffsetBegin=4 CharacterOffsetEnd=5 PartOfSpeech=LS] [Text=rate CharacterOffsetBegin=6 CharacterOffsetEnd=10 PartOfSpeech=NN] [Text=this CharacterOffsetBegin=11 CharacterOffsetEnd=15 PartOfSpeech=DT] [Text=movie CharacterOffsetBegin=16 CharacterOffsetEnd=21 PartOfSpeech=NN] [Text=with CharacterOffsetBegin=22 CharacterOffsetEnd=26 PartOfSpeech=IN] [Text=3 CharacterOffsetBegin=27 CharacterOffsetEnd=28 PartOfSpeech=CD] [Text=skulls CharacterOffsetBegin=29 CharacterOffsetEnd=35 PartOfSpeech=NNS] [Text=, CharacterOffsetBegin=35 CharacterOffsetEnd=36 PartOfSpeech=,] [Text=only CharacterOffsetBegin=37 CharacterOffsetEnd=41 PartOfSpeech=RB] [Text=coz CharacterOffsetBegin=42 CharacterOffsetEnd=45 PartOfSpeech=VBP] [Text=the CharacterOffsetBegin=46 CharacterOffsetEnd=49 PartOfSpeech=DT] [Text=girls CharacterOffsetBegin=50 CharacterOffsetEnd=55 PartOfSpeech=NNS] [Text=knew CharacterOffsetBegin=56 CharacterOffsetEnd=60 PartOfSpeech=VBD] [Text=how CharacterOffsetBegin=61 CharacterOffsetEnd=64 PartOfSpeech=WRB] [Text=to CharacterOffsetBegin=65 CharacterOffsetEnd=67 PartOfSpeech=TO] [Text=scream CharacterOffsetBegin=68 CharacterOffsetEnd=74 PartOfSpeech=VB] [Text=, CharacterOffsetBegin=74 CharacterOffsetEnd=75 PartOfSpeech=,] [Text=this CharacterOffsetBegin=76 CharacterOffsetEnd=80 PartOfSpeech=DT] [Text=could CharacterOffsetBegin=81 CharacterOffsetEnd=86 PartOfSpeech=MD] [Text='ve CharacterOffsetBegin=86 CharacterOffsetEnd=89 PartOfSpeech=VB] [Text=been CharacterOffsetBegin=90 CharacterOffsetEnd=94 PartOfSpeech=VBN] [Text=a CharacterOffsetBegin=95 CharacterOffsetEnd=96 PartOfSpeech=DT] [Text=better CharacterOffsetBegin=97 CharacterOffsetEnd=103 PartOfSpeech=JJR] [Text=movie CharacterOffsetBegin=104 CharacterOffsetEnd=109 PartOfSpeech=NN] [Text=, CharacterOffsetBegin=109 CharacterOffsetEnd=110 PartOfSpeech=,] [Text=if CharacterOffsetBegin=111 CharacterOffsetEnd=113 PartOfSpeech=IN] [Text=actors CharacterOffsetBegin=114 CharacterOffsetEnd=120 PartOfSpeech=NNS] [Text=were CharacterOffsetBegin=121 CharacterOffsetEnd=125 PartOfSpeech=VBD] [Text=better CharacterOffsetBegin=126 CharacterOffsetEnd=132 PartOfSpeech=RB] [Text=, CharacterOffsetBegin=132 CharacterOffsetEnd=133 PartOfSpeech=,] [Text=the CharacterOffsetBegin=134 CharacterOffsetEnd=137 PartOfSpeech=DT] [Text=twins CharacterOffsetBegin=138 CharacterOffsetEnd=143 PartOfSpeech=NNS] [Text=were CharacterOffsetBegin=144 CharacterOffsetEnd=148 PartOfSpeech=VBD] [Text=OK CharacterOffsetBegin=149 CharacterOffsetEnd=151 PartOfSpeech=JJ] [Text=, CharacterOffsetBegin=151 CharacterOffsetEnd=152 PartOfSpeech=,] [Text=i CharacterOffsetBegin=153 CharacterOffsetEnd=154 PartOfSpeech=FW] [Text=believed CharacterOffsetBegin=155 CharacterOffsetEnd=163 PartOfSpeech=VBN] [Text=they CharacterOffsetBegin=164 CharacterOffsetEnd=168 PartOfSpeech=PRP] [Text=were CharacterOffsetBegin=169 CharacterOffsetEnd=173 PartOfSpeech=VBD] [Text=evil CharacterOffsetBegin=174 CharacterOffsetEnd=178 PartOfSpeech=JJ] [Text=, CharacterOffsetBegin=178 CharacterOffsetEnd=179 PartOfSpeech=,] [Text=but CharacterOffsetBegin=180 CharacterOffsetEnd=183 PartOfSpeech=CC] [Text=the CharacterOffsetBegin=184 CharacterOffsetEnd=187 PartOfSpeech=DT] [Text=eldest CharacterOffsetBegin=188 CharacterOffsetEnd=194 PartOfSpeech=NN] [Text=and CharacterOffsetBegin=195 CharacterOffsetEnd=198 PartOfSpeech=CC] [Text=youngest CharacterOffsetBegin=199 CharacterOffsetEnd=207 PartOfSpeech=JJS] [Text=brother CharacterOffsetBegin=208 CharacterOffsetEnd=215 PartOfSpeech=NN] [Text=, CharacterOffsetBegin=215 CharacterOffsetEnd=216 PartOfSpeech=,] [Text=they CharacterOffsetBegin=217 CharacterOffsetEnd=221 PartOfSpeech=PRP] [Text=sucked CharacterOffsetBegin=222 CharacterOffsetEnd=228 PartOfSpeech=VBD] [Text=really CharacterOffsetBegin=229 CharacterOffsetEnd=235 PartOfSpeech=RB] [Text=bad CharacterOffsetBegin=236 CharacterOffsetEnd=239 PartOfSpeech=JJ] [Text=, CharacterOffsetBegin=239 CharacterOffsetEnd=240 PartOfSpeech=,] [Text=it CharacterOffsetBegin=241 CharacterOffsetEnd=243 PartOfSpeech=PRP] [Text=seemed CharacterOffsetBegin=244 CharacterOffsetEnd=250 PartOfSpeech=VBD] [Text=like CharacterOffsetBegin=251 CharacterOffsetEnd=255 PartOfSpeech=IN] [Text=they CharacterOffsetBegin=256 CharacterOffsetEnd=260 PartOfSpeech=PRP] [Text=were CharacterOffsetBegin=261 CharacterOffsetEnd=265 PartOfSpeech=VBD] [Text=reading CharacterOffsetBegin=266 CharacterOffsetEnd=273 PartOfSpeech=VBG] [Text=the CharacterOffsetBegin=274 CharacterOffsetEnd=277 PartOfSpeech=DT] [Text=scripts CharacterOffsetBegin=278 CharacterOffsetEnd=285 PartOfSpeech=NNS] [Text=instead CharacterOffsetBegin=286 CharacterOffsetEnd=293 PartOfSpeech=RB] [Text=of CharacterOffsetBegin=294 CharacterOffsetEnd=296 PartOfSpeech=IN] [Text=acting CharacterOffsetBegin=297 CharacterOffsetEnd=303 PartOfSpeech=VBG] [Text=them CharacterOffsetBegin=304 CharacterOffsetEnd=308 PartOfSpeech=PRP] [Text=... CharacterOffsetBegin=308 CharacterOffsetEnd=312 PartOfSpeech=:] [Text=spoiler CharacterOffsetBegin=313 CharacterOffsetEnd=320 PartOfSpeech=NN] [Text=: CharacterOffsetBegin=320 CharacterOffsetEnd=321 PartOfSpeech=:] [Text=if CharacterOffsetBegin=322 CharacterOffsetEnd=324 PartOfSpeech=IN] [Text=they CharacterOffsetBegin=325 CharacterOffsetEnd=329 PartOfSpeech=PRP] [Text='re CharacterOffsetBegin=329 CharacterOffsetEnd=332 PartOfSpeech=VBP] [Text=vampire CharacterOffsetBegin=333 CharacterOffsetEnd=340 PartOfSpeech=NN] [Text='s CharacterOffsetBegin=340 CharacterOffsetEnd=342 PartOfSpeech=POS] [Text=why CharacterOffsetBegin=343 CharacterOffsetEnd=346 PartOfSpeech=WRB] [Text=do CharacterOffsetBegin=347 CharacterOffsetEnd=349 PartOfSpeech=VBP] [Text=they CharacterOffsetBegin=350 CharacterOffsetEnd=354 PartOfSpeech=PRP] [Text=freeze CharacterOffsetBegin=355 CharacterOffsetEnd=361 PartOfSpeech=VB] [Text=the CharacterOffsetBegin=362 CharacterOffsetEnd=365 PartOfSpeech=DT] [Text=blood CharacterOffsetBegin=366 CharacterOffsetEnd=371 PartOfSpeech=NN] [Text=? CharacterOffsetBegin=371 CharacterOffsetEnd=372 PartOfSpeech=.] 
root(ROOT-0, rate-2)
nn(rate-2, i-1)
det(movie-4, this-3)
dobj(rate-2, movie-4)
prep(rate-2, with-5)
num(skulls-7, 3-6)
pobj(with-5, skulls-7)
punct(rate-2, ,-8)
advmod(coz-10, only-9)
appos(rate-2, coz-10)
det(girls-12, the-11)
nsubj(knew-13, girls-12)
ccomp(coz-10, knew-13)
advmod(scream-16, how-14)
aux(scream-16, to-15)
ccomp(knew-13, scream-16)
punct(rate-2, ,-17)
nsubj(movie-24, this-18)
aux(movie-24, could-19)
aux(movie-24, 've-20)
cop(movie-24, been-21)
det(movie-24, a-22)
amod(movie-24, better-23)
rcmod(rate-2, movie-24)
punct(rate-2, ,-25)
mark(better-29, if-26)
nsubj(better-29, actors-27)
cop(better-29, were-28)
dep(rate-2, better-29)
punct(rate-2, ,-30)
det(twins-32, the-31)
nsubj(OK-34, twins-32)
cop(OK-34, were-33)
rcmod(rate-2, OK-34)
punct(rate-2, ,-35)
appos(rate-2, i-36)
partmod(i-36, believed-37)
nsubj(evil-40, they-38)
cop(evil-40, were-39)
ccomp(believed-37, evil-40)
punct(rate-2, ,-41)
cc(rate-2, but-42)
det(eldest-44, the-43)
conj(rate-2, eldest-44)
cc(eldest-44, and-45)
amod(brother-47, youngest-46)
conj(eldest-44, brother-47)
punct(rate-2, ,-48)
nsubj(bad-52, they-49)
aux(bad-52, sucked-50)
advmod(bad-52, really-51)
rcmod(rate-2, bad-52)
punct(rate-2, ,-53)
nsubj(seemed-55, it-54)
rcmod(rate-2, seemed-55)
mark(reading-59, like-56)
nsubj(reading-59, they-57)
aux(reading-59, were-58)
ccomp(seemed-55, reading-59)
det(scripts-61, the-60)
dobj(reading-59, scripts-61)
advmod(of-63, instead-62)
prep(reading-59, of-63)
pcomp(of-63, acting-64)
dobj(acting-64, them-65)
punct(rate-2, ...-66)
dep(rate-2, spoiler-67)
punct(rate-2, :-68)
dep(rate-2, if-69)
dep(if-69, they-70)
dep(they-70, 're-71)
nsubj('re-71, vampire-72)
possessive(vampire-72, 's-73)
advmod(freeze-77, why-74)
aux(freeze-77, do-75)
nsubj(freeze-77, they-76)
rcmod(vampire-72, freeze-77)
det(blood-79, the-78)
dobj(freeze-77, blood-79)
punct(rate-2, ?-80)

Sentence #2 (42 tokens):
vampires can't drink frozen blood, the sister in the movie says let's drink her while she is alive....but then when they're moving to another house, they take on a cooler they're frozen blood.
[Text=vampires CharacterOffsetBegin=377 CharacterOffsetEnd=385 PartOfSpeech=NNS] [Text=ca CharacterOffsetBegin=386 CharacterOffsetEnd=388 PartOfSpeech=MD] [Text=n't CharacterOffsetBegin=388 CharacterOffsetEnd=391 PartOfSpeech=RB] [Text=drink CharacterOffsetBegin=392 CharacterOffsetEnd=397 PartOfSpeech=VB] [Text=frozen CharacterOffsetBegin=398 CharacterOffsetEnd=404 PartOfSpeech=JJ] [Text=blood CharacterOffsetBegin=405 CharacterOffsetEnd=410 PartOfSpeech=NN] [Text=, CharacterOffsetBegin=410 CharacterOffsetEnd=411 PartOfSpeech=,] [Text=the CharacterOffsetBegin=412 CharacterOffsetEnd=415 PartOfSpeech=DT] [Text=sister CharacterOffsetBegin=416 CharacterOffsetEnd=422 PartOfSpeech=NN] [Text=in CharacterOffsetBegin=423 CharacterOffsetEnd=425 PartOfSpeech=IN] [Text=the CharacterOffsetBegin=426 CharacterOffsetEnd=429 PartOfSpeech=DT] [Text=movie CharacterOffsetBegin=430 CharacterOffsetEnd=435 PartOfSpeech=NN] [Text=says CharacterOffsetBegin=436 CharacterOffsetEnd=440 PartOfSpeech=VBZ] [Text=let CharacterOffsetBegin=441 CharacterOffsetEnd=444 PartOfSpeech=VB] [Text='s CharacterOffsetBegin=444 CharacterOffsetEnd=446 PartOfSpeech=POS] [Text=drink CharacterOffsetBegin=447 CharacterOffsetEnd=452 PartOfSpeech=VB] [Text=her CharacterOffsetBegin=453 CharacterOffsetEnd=456 PartOfSpeech=PRP] [Text=while CharacterOffsetBegin=457 CharacterOffsetEnd=462 PartOfSpeech=IN] [Text=she CharacterOffsetBegin=463 CharacterOffsetEnd=466 PartOfSpeech=PRP] [Text=is CharacterOffsetBegin=467 CharacterOffsetEnd=469 PartOfSpeech=VBZ] [Text=alive CharacterOffsetBegin=470 CharacterOffsetEnd=475 PartOfSpeech=JJ] [Text=... CharacterOffsetBegin=475 CharacterOffsetEnd=479 PartOfSpeech=:] [Text=but CharacterOffsetBegin=479 CharacterOffsetEnd=482 PartOfSpeech=CC] [Text=then CharacterOffsetBegin=483 CharacterOffsetEnd=487 PartOfSpeech=RB] [Text=when CharacterOffsetBegin=488 CharacterOffsetEnd=492 PartOfSpeech=WRB] [Text=they CharacterOffsetBegin=493 CharacterOffsetEnd=497 PartOfSpeech=PRP] [Text='re CharacterOffsetBegin=497 CharacterOffsetEnd=500 PartOfSpeech=VBP] [Text=moving CharacterOffsetBegin=501 CharacterOffsetEnd=507 PartOfSpeech=VBG] [Text=to CharacterOffsetBegin=508 CharacterOffsetEnd=510 PartOfSpeech=TO] [Text=another CharacterOffsetBegin=511 CharacterOffsetEnd=518 PartOfSpeech=DT] [Text=house CharacterOffsetBegin=519 CharacterOffsetEnd=524 PartOfSpeech=NN] [Text=, CharacterOffsetBegin=524 CharacterOffsetEnd=525 PartOfSpeech=,] [Text=they CharacterOffsetBegin=526 CharacterOffsetEnd=530 PartOfSpeech=PRP] [Text=take CharacterOffsetBegin=531 CharacterOffsetEnd=535 PartOfSpeech=VBP] [Text=on CharacterOffsetBegin=536 CharacterOffsetEnd=538 PartOfSpeech=RP] [Text=a CharacterOffsetBegin=539 CharacterOffsetEnd=540 PartOfSpeech=DT] [Text=cooler CharacterOffsetBegin=541 CharacterOffsetEnd=547 PartOfSpeech=JJR] [Text=they CharacterOffsetBegin=548 CharacterOffsetEnd=552 PartOfSpeech=PRP] [Text='re CharacterOffsetBegin=552 CharacterOffsetEnd=555 PartOfSpeech=VBP] [Text=frozen CharacterOffsetBegin=556 CharacterOffsetEnd=562 PartOfSpeech=VBN] [Text=blood CharacterOffsetBegin=563 CharacterOffsetEnd=568 PartOfSpeech=NN] [Text=. CharacterOffsetBegin=568 CharacterOffsetEnd=569 PartOfSpeech=.] 
root(ROOT-0, drink-4)
nsubj(drink-4, vampires-1)
aux(drink-4, ca-2)
neg(drink-4, n't-3)
amod(blood-6, frozen-5)
dobj(drink-4, blood-6)
punct(drink-4, ,-7)
det(sister-9, the-8)
nsubj(says-13, sister-9)
prep(sister-9, in-10)
det(movie-12, the-11)
pobj(in-10, movie-12)
ccomp(drink-4, says-13)
poss(drink-16, let-14)
possessive(let-14, 's-15)
ccomp(says-13, drink-16)
dobj(drink-16, her-17)
mark(alive-21, while-18)
nsubj(alive-21, she-19)
cop(alive-21, is-20)
advcl(drink-16, alive-21)
punct(drink-4, ...-22)
cc(drink-4, but-23)
advmod(drink-4, then-24)
advmod(moving-28, when-25)
nsubj(moving-28, they-26)
aux(moving-28, 're-27)
advcl(take-34, moving-28)
prep(moving-28, to-29)
det(house-31, another-30)
pobj(to-29, house-31)
punct(take-34, ,-32)
nsubj(take-34, they-33)
dep(drink-4, take-34)
prt(take-34, on-35)
det(cooler-37, a-36)
dobj(take-34, cooler-37)
nsubj(blood-41, they-38)
cop(blood-41, 're-39)
amod(blood-41, frozen-40)
rcmod(cooler-37, blood-41)
punct(drink-4, .-42)

Sentence #3 (46 tokens):
end of spoilerit was a huge waste of time, and that made me mad coz i read all the reviews of how this movie was great, how many awards this movie won, and this movie was f****ing s**t!!!
[Text=end CharacterOffsetBegin=574 CharacterOffsetEnd=577 PartOfSpeech=NN] [Text=of CharacterOffsetBegin=578 CharacterOffsetEnd=580 PartOfSpeech=IN] [Text=spoilerit CharacterOffsetBegin=581 CharacterOffsetEnd=590 PartOfSpeech=NN] [Text=was CharacterOffsetBegin=591 CharacterOffsetEnd=594 PartOfSpeech=VBD] [Text=a CharacterOffsetBegin=595 CharacterOffsetEnd=596 PartOfSpeech=DT] [Text=huge CharacterOffsetBegin=597 CharacterOffsetEnd=601 PartOfSpeech=JJ] [Text=waste CharacterOffsetBegin=602 CharacterOffsetEnd=607 PartOfSpeech=NN] [Text=of CharacterOffsetBegin=608 CharacterOffsetEnd=610 PartOfSpeech=IN] [Text=time CharacterOffsetBegin=611 CharacterOffsetEnd=615 PartOfSpeech=NN] [Text=, CharacterOffsetBegin=615 CharacterOffsetEnd=616 PartOfSpeech=,] [Text=and CharacterOffsetBegin=617 CharacterOffsetEnd=620 PartOfSpeech=CC] [Text=that CharacterOffsetBegin=621 CharacterOffsetEnd=625 PartOfSpeech=IN] [Text=made CharacterOffsetBegin=626 CharacterOffsetEnd=630 PartOfSpeech=VBN] [Text=me CharacterOffsetBegin=631 CharacterOffsetEnd=633 PartOfSpeech=PRP] [Text=mad CharacterOffsetBegin=634 CharacterOffsetEnd=637 PartOfSpeech=JJ] [Text=coz CharacterOffsetBegin=638 CharacterOffsetEnd=641 PartOfSpeech=NN] [Text=i CharacterOffsetBegin=642 CharacterOffsetEnd=643 PartOfSpeech=FW] [Text=read CharacterOffsetBegin=644 CharacterOffsetEnd=648 PartOfSpeech=VB] [Text=all CharacterOffsetBegin=649 CharacterOffsetEnd=652 PartOfSpeech=PDT] [Text=the CharacterOffsetBegin=653 CharacterOffsetEnd=656 PartOfSpeech=DT] [Text=reviews CharacterOffsetBegin=657 CharacterOffsetEnd=664 PartOfSpeech=NNS] [Text=of CharacterOffsetBegin=665 CharacterOffsetEnd=667 PartOfSpeech=IN] [Text=how CharacterOffsetBegin=668 CharacterOffsetEnd=671 PartOfSpeech=WRB] [Text=this CharacterOffsetBegin=672 CharacterOffsetEnd=676 PartOfSpeech=DT] [Text=movie CharacterOffsetBegin=677 CharacterOffsetEnd=682 PartOfSpeech=NN] [Text=was CharacterOffsetBegin=683 CharacterOffsetEnd=686 PartOfSpeech=VBD] [Text=great CharacterOffsetBegin=687 CharacterOffsetEnd=692 PartOfSpeech=JJ] [Text=, CharacterOffsetBegin=692 CharacterOffsetEnd=693 PartOfSpeech=,] [Text=how CharacterOffsetBegin=694 CharacterOffsetEnd=697 PartOfSpeech=WRB] [Text=many CharacterOffsetBegin=698 CharacterOffsetEnd=702 PartOfSpeech=JJ] [Text=awards CharacterOffsetBegin=703 CharacterOffsetEnd=709 PartOfSpeech=NNS] [Text=this CharacterOffsetBegin=710 CharacterOffsetEnd=714 PartOfSpeech=DT] [Text=movie CharacterOffsetBegin=715 CharacterOffsetEnd=720 PartOfSpeech=NN] [Text=won CharacterOffsetBegin=721 CharacterOffsetEnd=724 PartOfSpeech=VBD] [Text=, CharacterOffsetBegin=724 CharacterOffsetEnd=725 PartOfSpeech=,] [Text=and CharacterOffsetBegin=726 CharacterOffsetEnd=729 PartOfSpeech=CC] [Text=this CharacterOffsetBegin=730 CharacterOffsetEnd=734 PartOfSpeech=DT] [Text=movie CharacterOffsetBegin=735 CharacterOffsetEnd=740 PartOfSpeech=NN] [Text=was CharacterOffsetBegin=741 CharacterOffsetEnd=744 PartOfSpeech=VBD] [Text=f CharacterOffsetBegin=745 CharacterOffsetEnd=746 PartOfSpeech=SYM] [Text=**** CharacterOffsetBegin=746 CharacterOffsetEnd=750 PartOfSpeech=CD] [Text=ing CharacterOffsetBegin=750 CharacterOffsetEnd=753 PartOfSpeech=NN] [Text=s CharacterOffsetBegin=754 CharacterOffsetEnd=755 PartOfSpeech=NNS] [Text=** CharacterOffsetBegin=755 CharacterOffsetEnd=757 PartOfSpeech=SYM] [Text=t CharacterOffsetBegin=757 CharacterOffsetEnd=758 PartOfSpeech=NN] [Text=!!! CharacterOffsetBegin=758 CharacterOffsetEnd=761 PartOfSpeech=CD] 
root(ROOT-0, waste-7)
nsubj(waste-7, end-1)
prep(end-1, of-2)
pobj(of-2, spoilerit-3)
cop(waste-7, was-4)
det(waste-7, a-5)
amod(waste-7, huge-6)
prep(waste-7, of-8)
pobj(of-8, time-9)
punct(waste-7, ,-10)
cc(waste-7, and-11)
nsubj(made-13, that-12)
conj(waste-7, made-13)
nsubj(read-18, me-14)
amod(i-17, mad-15)
nn(i-17, coz-16)
nsubj(read-18, i-17)
xcomp(made-13, read-18)
predet(reviews-21, all-19)
det(reviews-21, the-20)
dobj(read-18, reviews-21)
prep(reviews-21, of-22)
advmod(great-27, how-23)
det(movie-25, this-24)
nsubj(great-27, movie-25)
cop(great-27, was-26)
pcomp(of-22, great-27)
punct(great-27, ,-28)
advmod(many-30, how-29)
amod(awards-31, many-30)
dobj(won-34, awards-31)
det(movie-33, this-32)
nsubj(won-34, movie-33)
conj(great-27, won-34)
punct(great-27, ,-35)
cc(great-27, and-36)
det(movie-38, this-37)
nsubj(t-45, movie-38)
cop(t-45, was-39)
dep(****-41, f-40)
dep(t-45, ****-41)
dep(t-45, ing-42)
nn(t-45, s-43)
dep(t-45, **-44)
conj(great-27, t-45)
num(t-45, !!!-46)

Sentence #4 (1 tokens):
!
[Text=! CharacterOffsetBegin=766 CharacterOffsetEnd=767 PartOfSpeech=.] 
root(ROOT-0, !-1)

