Sentence #1 (19 tokens):
The '60s is an occasionally entertaining film, most of this entertainment is from laughing at the film.
[Text=The CharacterOffsetBegin=4 CharacterOffsetEnd=7 PartOfSpeech=DT] [Text='60s CharacterOffsetBegin=8 CharacterOffsetEnd=12 PartOfSpeech=CD] [Text=is CharacterOffsetBegin=13 CharacterOffsetEnd=15 PartOfSpeech=VBZ] [Text=an CharacterOffsetBegin=16 CharacterOffsetEnd=18 PartOfSpeech=DT] [Text=occasionally CharacterOffsetBegin=19 CharacterOffsetEnd=31 PartOfSpeech=RB] [Text=entertaining CharacterOffsetBegin=32 CharacterOffsetEnd=44 PartOfSpeech=JJ] [Text=film CharacterOffsetBegin=45 CharacterOffsetEnd=49 PartOfSpeech=NN] [Text=, CharacterOffsetBegin=49 CharacterOffsetEnd=50 PartOfSpeech=,] [Text=most CharacterOffsetBegin=51 CharacterOffsetEnd=55 PartOfSpeech=JJS] [Text=of CharacterOffsetBegin=56 CharacterOffsetEnd=58 PartOfSpeech=IN] [Text=this CharacterOffsetBegin=59 CharacterOffsetEnd=63 PartOfSpeech=DT] [Text=entertainment CharacterOffsetBegin=64 CharacterOffsetEnd=77 PartOfSpeech=NN] [Text=is CharacterOffsetBegin=78 CharacterOffsetEnd=80 PartOfSpeech=VBZ] [Text=from CharacterOffsetBegin=81 CharacterOffsetEnd=85 PartOfSpeech=IN] [Text=laughing CharacterOffsetBegin=86 CharacterOffsetEnd=94 PartOfSpeech=VBG] [Text=at CharacterOffsetBegin=95 CharacterOffsetEnd=97 PartOfSpeech=IN] [Text=the CharacterOffsetBegin=98 CharacterOffsetEnd=101 PartOfSpeech=DT] [Text=film CharacterOffsetBegin=102 CharacterOffsetEnd=106 PartOfSpeech=NN] [Text=. CharacterOffsetBegin=106 CharacterOffsetEnd=107 PartOfSpeech=.] 
root(ROOT-0, film-7)
det('60s-2, The-1)
nsubj(film-7, '60s-2)
cop(film-7, is-3)
det(film-7, an-4)
advmod(entertaining-6, occasionally-5)
amod(film-7, entertaining-6)
punct(film-7, ,-8)
nsubj(is-13, most-9)
prep(most-9, of-10)
det(entertainment-12, this-11)
pobj(of-10, entertainment-12)
rcmod(film-7, is-13)
prep(is-13, from-14)
pcomp(from-14, laughing-15)
prep(laughing-15, at-16)
det(film-18, the-17)
pobj(at-16, film-18)
punct(film-7, .-19)

Sentence #2 (11 tokens):
It is extremely uneven, and includes many annoying elements.
[Text=It CharacterOffsetBegin=112 CharacterOffsetEnd=114 PartOfSpeech=PRP] [Text=is CharacterOffsetBegin=115 CharacterOffsetEnd=117 PartOfSpeech=VBZ] [Text=extremely CharacterOffsetBegin=118 CharacterOffsetEnd=127 PartOfSpeech=RB] [Text=uneven CharacterOffsetBegin=128 CharacterOffsetEnd=134 PartOfSpeech=JJ] [Text=, CharacterOffsetBegin=134 CharacterOffsetEnd=135 PartOfSpeech=,] [Text=and CharacterOffsetBegin=136 CharacterOffsetEnd=139 PartOfSpeech=CC] [Text=includes CharacterOffsetBegin=140 CharacterOffsetEnd=148 PartOfSpeech=VBZ] [Text=many CharacterOffsetBegin=149 CharacterOffsetEnd=153 PartOfSpeech=JJ] [Text=annoying CharacterOffsetBegin=154 CharacterOffsetEnd=162 PartOfSpeech=JJ] [Text=elements CharacterOffsetBegin=163 CharacterOffsetEnd=171 PartOfSpeech=NNS] [Text=. CharacterOffsetBegin=171 CharacterOffsetEnd=172 PartOfSpeech=.] 
root(ROOT-0, uneven-4)
nsubj(uneven-4, It-1)
cop(uneven-4, is-2)
advmod(uneven-4, extremely-3)
punct(uneven-4, ,-5)
cc(uneven-4, and-6)
conj(uneven-4, includes-7)
amod(elements-10, many-8)
amod(elements-10, annoying-9)
dobj(includes-7, elements-10)
punct(uneven-4, .-11)

Sentence #3 (13 tokens):
Take for instance the switch between black & white, and color.
[Text=Take CharacterOffsetBegin=177 CharacterOffsetEnd=181 PartOfSpeech=VB] [Text=for CharacterOffsetBegin=182 CharacterOffsetEnd=185 PartOfSpeech=IN] [Text=instance CharacterOffsetBegin=186 CharacterOffsetEnd=194 PartOfSpeech=NN] [Text=the CharacterOffsetBegin=195 CharacterOffsetEnd=198 PartOfSpeech=DT] [Text=switch CharacterOffsetBegin=199 CharacterOffsetEnd=205 PartOfSpeech=NN] [Text=between CharacterOffsetBegin=206 CharacterOffsetEnd=213 PartOfSpeech=IN] [Text=black CharacterOffsetBegin=214 CharacterOffsetEnd=219 PartOfSpeech=JJ] [Text=& CharacterOffsetBegin=220 CharacterOffsetEnd=221 PartOfSpeech=CC] [Text=white CharacterOffsetBegin=222 CharacterOffsetEnd=227 PartOfSpeech=JJ] [Text=, CharacterOffsetBegin=227 CharacterOffsetEnd=228 PartOfSpeech=,] [Text=and CharacterOffsetBegin=229 CharacterOffsetEnd=232 PartOfSpeech=CC] [Text=color CharacterOffsetBegin=233 CharacterOffsetEnd=238 PartOfSpeech=NN] [Text=. CharacterOffsetBegin=238 CharacterOffsetEnd=239 PartOfSpeech=.] 
root(ROOT-0, Take-1)
prep(Take-1, for-2)
pobj(for-2, instance-3)
det(switch-5, the-4)
dobj(Take-1, switch-5)
prep(switch-5, between-6)
pobj(between-6, black-7)
cc(black-7, &-8)
conj(black-7, white-9)
punct(black-7, ,-10)
cc(black-7, and-11)
conj(black-7, color-12)
punct(Take-1, .-13)

Sentence #4 (43 tokens):
If done right, this could of been fairly effective, but because it was done poorly , it turned into a nuisance and only detracted from the already bad experience; much of the film had an odd feel to it.
[Text=If CharacterOffsetBegin=244 CharacterOffsetEnd=246 PartOfSpeech=IN] [Text=done CharacterOffsetBegin=247 CharacterOffsetEnd=251 PartOfSpeech=VBN] [Text=right CharacterOffsetBegin=252 CharacterOffsetEnd=257 PartOfSpeech=NN] [Text=, CharacterOffsetBegin=257 CharacterOffsetEnd=258 PartOfSpeech=,] [Text=this CharacterOffsetBegin=259 CharacterOffsetEnd=263 PartOfSpeech=DT] [Text=could CharacterOffsetBegin=264 CharacterOffsetEnd=269 PartOfSpeech=MD] [Text=of CharacterOffsetBegin=270 CharacterOffsetEnd=272 PartOfSpeech=IN] [Text=been CharacterOffsetBegin=273 CharacterOffsetEnd=277 PartOfSpeech=VBN] [Text=fairly CharacterOffsetBegin=278 CharacterOffsetEnd=284 PartOfSpeech=RB] [Text=effective CharacterOffsetBegin=285 CharacterOffsetEnd=294 PartOfSpeech=JJ] [Text=, CharacterOffsetBegin=294 CharacterOffsetEnd=295 PartOfSpeech=,] [Text=but CharacterOffsetBegin=296 CharacterOffsetEnd=299 PartOfSpeech=CC] [Text=because CharacterOffsetBegin=300 CharacterOffsetEnd=307 PartOfSpeech=IN] [Text=it CharacterOffsetBegin=308 CharacterOffsetEnd=310 PartOfSpeech=PRP] [Text=was CharacterOffsetBegin=311 CharacterOffsetEnd=314 PartOfSpeech=VBD] [Text=done CharacterOffsetBegin=315 CharacterOffsetEnd=319 PartOfSpeech=VBN] [Text=poorly CharacterOffsetBegin=320 CharacterOffsetEnd=326 PartOfSpeech=RB] [Text=, CharacterOffsetBegin=327 CharacterOffsetEnd=328 PartOfSpeech=,] [Text=it CharacterOffsetBegin=329 CharacterOffsetEnd=331 PartOfSpeech=PRP] [Text=turned CharacterOffsetBegin=332 CharacterOffsetEnd=338 PartOfSpeech=VBD] [Text=into CharacterOffsetBegin=339 CharacterOffsetEnd=343 PartOfSpeech=IN] [Text=a CharacterOffsetBegin=344 CharacterOffsetEnd=345 PartOfSpeech=DT] [Text=nuisance CharacterOffsetBegin=346 CharacterOffsetEnd=354 PartOfSpeech=NN] [Text=and CharacterOffsetBegin=355 CharacterOffsetEnd=358 PartOfSpeech=CC] [Text=only CharacterOffsetBegin=359 CharacterOffsetEnd=363 PartOfSpeech=RB] [Text=detracted CharacterOffsetBegin=364 CharacterOffsetEnd=373 PartOfSpeech=VBD] [Text=from CharacterOffsetBegin=374 CharacterOffsetEnd=378 PartOfSpeech=IN] [Text=the CharacterOffsetBegin=379 CharacterOffsetEnd=382 PartOfSpeech=DT] [Text=already CharacterOffsetBegin=383 CharacterOffsetEnd=390 PartOfSpeech=RB] [Text=bad CharacterOffsetBegin=391 CharacterOffsetEnd=394 PartOfSpeech=JJ] [Text=experience CharacterOffsetBegin=395 CharacterOffsetEnd=405 PartOfSpeech=NN] [Text=; CharacterOffsetBegin=405 CharacterOffsetEnd=406 PartOfSpeech=:] [Text=much CharacterOffsetBegin=407 CharacterOffsetEnd=411 PartOfSpeech=RB] [Text=of CharacterOffsetBegin=412 CharacterOffsetEnd=414 PartOfSpeech=IN] [Text=the CharacterOffsetBegin=415 CharacterOffsetEnd=418 PartOfSpeech=DT] [Text=film CharacterOffsetBegin=419 CharacterOffsetEnd=423 PartOfSpeech=NN] [Text=had CharacterOffsetBegin=424 CharacterOffsetEnd=427 PartOfSpeech=VBD] [Text=an CharacterOffsetBegin=428 CharacterOffsetEnd=430 PartOfSpeech=DT] [Text=odd CharacterOffsetBegin=431 CharacterOffsetEnd=434 PartOfSpeech=JJ] [Text=feel CharacterOffsetBegin=435 CharacterOffsetEnd=439 PartOfSpeech=NN] [Text=to CharacterOffsetBegin=440 CharacterOffsetEnd=442 PartOfSpeech=TO] [Text=it CharacterOffsetBegin=443 CharacterOffsetEnd=445 PartOfSpeech=PRP] [Text=. CharacterOffsetBegin=445 CharacterOffsetEnd=446 PartOfSpeech=.] 
root(ROOT-0, effective-10)
mark(done-2, If-1)
advcl(effective-10, done-2)
dobj(done-2, right-3)
punct(effective-10, ,-4)
nsubj(effective-10, this-5)
aux(effective-10, could-6)
advmod(effective-10, of-7)
cop(effective-10, been-8)
advmod(effective-10, fairly-9)
punct(effective-10, ,-11)
cc(effective-10, but-12)
mark(done-16, because-13)
nsubjpass(done-16, it-14)
auxpass(done-16, was-15)
advcl(turned-20, done-16)
advmod(done-16, poorly-17)
punct(turned-20, ,-18)
nsubj(turned-20, it-19)
conj(effective-10, turned-20)
prep(turned-20, into-21)
det(nuisance-23, a-22)
pobj(into-21, nuisance-23)
cc(effective-10, and-24)
advmod(detracted-26, only-25)
conj(effective-10, detracted-26)
prep(detracted-26, from-27)
det(experience-31, the-28)
advmod(bad-30, already-29)
amod(experience-31, bad-30)
pobj(from-27, experience-31)
punct(effective-10, ;-32)
advmod(had-37, much-33)
prep(much-33, of-34)
det(film-36, the-35)
pobj(of-34, film-36)
conj(effective-10, had-37)
det(feel-40, an-38)
amod(feel-40, odd-39)
dobj(had-37, feel-40)
prep(feel-40, to-41)
pobj(to-41, it-42)
punct(effective-10, .-43)

Sentence #5 (24 tokens):
The acting wasn't extremely bad for a made for TV flick, but then again it was downright embarrassing at other times.
[Text=The CharacterOffsetBegin=451 CharacterOffsetEnd=454 PartOfSpeech=DT] [Text=acting CharacterOffsetBegin=455 CharacterOffsetEnd=461 PartOfSpeech=NN] [Text=was CharacterOffsetBegin=462 CharacterOffsetEnd=465 PartOfSpeech=VBD] [Text=n't CharacterOffsetBegin=465 CharacterOffsetEnd=468 PartOfSpeech=RB] [Text=extremely CharacterOffsetBegin=469 CharacterOffsetEnd=478 PartOfSpeech=RB] [Text=bad CharacterOffsetBegin=479 CharacterOffsetEnd=482 PartOfSpeech=JJ] [Text=for CharacterOffsetBegin=483 CharacterOffsetEnd=486 PartOfSpeech=IN] [Text=a CharacterOffsetBegin=487 CharacterOffsetEnd=488 PartOfSpeech=DT] [Text=made CharacterOffsetBegin=489 CharacterOffsetEnd=493 PartOfSpeech=VBN] [Text=for CharacterOffsetBegin=494 CharacterOffsetEnd=497 PartOfSpeech=IN] [Text=TV CharacterOffsetBegin=498 CharacterOffsetEnd=500 PartOfSpeech=NN] [Text=flick CharacterOffsetBegin=501 CharacterOffsetEnd=506 PartOfSpeech=NN] [Text=, CharacterOffsetBegin=506 CharacterOffsetEnd=507 PartOfSpeech=,] [Text=but CharacterOffsetBegin=508 CharacterOffsetEnd=511 PartOfSpeech=CC] [Text=then CharacterOffsetBegin=512 CharacterOffsetEnd=516 PartOfSpeech=RB] [Text=again CharacterOffsetBegin=517 CharacterOffsetEnd=522 PartOfSpeech=RB] [Text=it CharacterOffsetBegin=523 CharacterOffsetEnd=525 PartOfSpeech=PRP] [Text=was CharacterOffsetBegin=526 CharacterOffsetEnd=529 PartOfSpeech=VBD] [Text=downright CharacterOffsetBegin=530 CharacterOffsetEnd=539 PartOfSpeech=RB] [Text=embarrassing CharacterOffsetBegin=540 CharacterOffsetEnd=552 PartOfSpeech=JJ] [Text=at CharacterOffsetBegin=553 CharacterOffsetEnd=555 PartOfSpeech=IN] [Text=other CharacterOffsetBegin=556 CharacterOffsetEnd=561 PartOfSpeech=JJ] [Text=times CharacterOffsetBegin=562 CharacterOffsetEnd=567 PartOfSpeech=NNS] [Text=. CharacterOffsetBegin=567 CharacterOffsetEnd=568 PartOfSpeech=.] 
root(ROOT-0, bad-6)
det(acting-2, The-1)
nsubj(bad-6, acting-2)
cop(bad-6, was-3)
neg(bad-6, n't-4)
advmod(bad-6, extremely-5)
prep(bad-6, for-7)
pobj(for-7, a-8)
partmod(a-8, made-9)
prep(made-9, for-10)
nn(flick-12, TV-11)
pobj(for-10, flick-12)
punct(bad-6, ,-13)
cc(bad-6, but-14)
advmod(again-16, then-15)
advmod(embarrassing-20, again-16)
nsubj(embarrassing-20, it-17)
cop(embarrassing-20, was-18)
advmod(embarrassing-20, downright-19)
conj(bad-6, embarrassing-20)
prep(embarrassing-20, at-21)
amod(times-23, other-22)
pobj(at-21, times-23)
punct(bad-6, .-24)

Sentence #6 (14 tokens):
Many of the events were not coherent, and ending up being confusing.
[Text=Many CharacterOffsetBegin=573 CharacterOffsetEnd=577 PartOfSpeech=JJ] [Text=of CharacterOffsetBegin=578 CharacterOffsetEnd=580 PartOfSpeech=IN] [Text=the CharacterOffsetBegin=581 CharacterOffsetEnd=584 PartOfSpeech=DT] [Text=events CharacterOffsetBegin=585 CharacterOffsetEnd=591 PartOfSpeech=NNS] [Text=were CharacterOffsetBegin=592 CharacterOffsetEnd=596 PartOfSpeech=VBD] [Text=not CharacterOffsetBegin=597 CharacterOffsetEnd=600 PartOfSpeech=RB] [Text=coherent CharacterOffsetBegin=601 CharacterOffsetEnd=609 PartOfSpeech=JJ] [Text=, CharacterOffsetBegin=609 CharacterOffsetEnd=610 PartOfSpeech=,] [Text=and CharacterOffsetBegin=611 CharacterOffsetEnd=614 PartOfSpeech=CC] [Text=ending CharacterOffsetBegin=615 CharacterOffsetEnd=621 PartOfSpeech=VBG] [Text=up CharacterOffsetBegin=622 CharacterOffsetEnd=624 PartOfSpeech=RP] [Text=being CharacterOffsetBegin=625 CharacterOffsetEnd=630 PartOfSpeech=VBG] [Text=confusing CharacterOffsetBegin=631 CharacterOffsetEnd=640 PartOfSpeech=JJ] [Text=. CharacterOffsetBegin=640 CharacterOffsetEnd=641 PartOfSpeech=.] 
root(ROOT-0, coherent-7)
nsubj(coherent-7, Many-1)
prep(Many-1, of-2)
det(events-4, the-3)
pobj(of-2, events-4)
cop(coherent-7, were-5)
neg(coherent-7, not-6)
punct(coherent-7, ,-8)
cc(coherent-7, and-9)
conj(coherent-7, ending-10)
prt(ending-10, up-11)
cop(confusing-13, being-12)
xcomp(ending-10, confusing-13)
punct(coherent-7, .-14)

Sentence #7 (19 tokens):
How did this family somehow end up being at many of the big events during the 1960's?
[Text=How CharacterOffsetBegin=646 CharacterOffsetEnd=649 PartOfSpeech=WRB] [Text=did CharacterOffsetBegin=650 CharacterOffsetEnd=653 PartOfSpeech=VBD] [Text=this CharacterOffsetBegin=654 CharacterOffsetEnd=658 PartOfSpeech=DT] [Text=family CharacterOffsetBegin=659 CharacterOffsetEnd=665 PartOfSpeech=NN] [Text=somehow CharacterOffsetBegin=666 CharacterOffsetEnd=673 PartOfSpeech=RB] [Text=end CharacterOffsetBegin=674 CharacterOffsetEnd=677 PartOfSpeech=VB] [Text=up CharacterOffsetBegin=678 CharacterOffsetEnd=680 PartOfSpeech=RP] [Text=being CharacterOffsetBegin=681 CharacterOffsetEnd=686 PartOfSpeech=VBG] [Text=at CharacterOffsetBegin=687 CharacterOffsetEnd=689 PartOfSpeech=IN] [Text=many CharacterOffsetBegin=690 CharacterOffsetEnd=694 PartOfSpeech=JJ] [Text=of CharacterOffsetBegin=695 CharacterOffsetEnd=697 PartOfSpeech=IN] [Text=the CharacterOffsetBegin=698 CharacterOffsetEnd=701 PartOfSpeech=DT] [Text=big CharacterOffsetBegin=702 CharacterOffsetEnd=705 PartOfSpeech=JJ] [Text=events CharacterOffsetBegin=706 CharacterOffsetEnd=712 PartOfSpeech=NNS] [Text=during CharacterOffsetBegin=713 CharacterOffsetEnd=719 PartOfSpeech=IN] [Text=the CharacterOffsetBegin=720 CharacterOffsetEnd=723 PartOfSpeech=DT] [Text=1960 CharacterOffsetBegin=724 CharacterOffsetEnd=728 PartOfSpeech=CD] [Text='s CharacterOffsetBegin=728 CharacterOffsetEnd=730 PartOfSpeech=POS] [Text=? CharacterOffsetBegin=730 CharacterOffsetEnd=731 PartOfSpeech=.] 
root(ROOT-0, end-6)
advmod(end-6, How-1)
aux(end-6, did-2)
det(family-4, this-3)
nsubj(end-6, family-4)
advmod(end-6, somehow-5)
prt(end-6, up-7)
xcomp(end-6, being-8)
prep(being-8, at-9)
pobj(at-9, many-10)
prep(many-10, of-11)
det(events-14, the-12)
amod(events-14, big-13)
pobj(of-11, events-14)
prep(events-14, during-15)
det(1960-17, the-16)
pobj(during-15, 1960-17)
possessive(1960-17, 's-18)
punct(end-6, ?-19)

Sentence #8 (25 tokens):
The ending was much too sappy for my tastes; because it was hollywoodized, everything had to turn out right in the end.
[Text=The CharacterOffsetBegin=736 CharacterOffsetEnd=739 PartOfSpeech=DT] [Text=ending CharacterOffsetBegin=740 CharacterOffsetEnd=746 PartOfSpeech=NN] [Text=was CharacterOffsetBegin=747 CharacterOffsetEnd=750 PartOfSpeech=VBD] [Text=much CharacterOffsetBegin=751 CharacterOffsetEnd=755 PartOfSpeech=RB] [Text=too CharacterOffsetBegin=756 CharacterOffsetEnd=759 PartOfSpeech=RB] [Text=sappy CharacterOffsetBegin=760 CharacterOffsetEnd=765 PartOfSpeech=JJ] [Text=for CharacterOffsetBegin=766 CharacterOffsetEnd=769 PartOfSpeech=IN] [Text=my CharacterOffsetBegin=770 CharacterOffsetEnd=772 PartOfSpeech=PRP$] [Text=tastes CharacterOffsetBegin=773 CharacterOffsetEnd=779 PartOfSpeech=NNS] [Text=; CharacterOffsetBegin=779 CharacterOffsetEnd=780 PartOfSpeech=:] [Text=because CharacterOffsetBegin=781 CharacterOffsetEnd=788 PartOfSpeech=IN] [Text=it CharacterOffsetBegin=789 CharacterOffsetEnd=791 PartOfSpeech=PRP] [Text=was CharacterOffsetBegin=792 CharacterOffsetEnd=795 PartOfSpeech=VBD] [Text=hollywoodized CharacterOffsetBegin=796 CharacterOffsetEnd=809 PartOfSpeech=JJ] [Text=, CharacterOffsetBegin=809 CharacterOffsetEnd=810 PartOfSpeech=,] [Text=everything CharacterOffsetBegin=811 CharacterOffsetEnd=821 PartOfSpeech=NN] [Text=had CharacterOffsetBegin=822 CharacterOffsetEnd=825 PartOfSpeech=VBD] [Text=to CharacterOffsetBegin=826 CharacterOffsetEnd=828 PartOfSpeech=TO] [Text=turn CharacterOffsetBegin=829 CharacterOffsetEnd=833 PartOfSpeech=VB] [Text=out CharacterOffsetBegin=834 CharacterOffsetEnd=837 PartOfSpeech=RP] [Text=right CharacterOffsetBegin=838 CharacterOffsetEnd=843 PartOfSpeech=RB] [Text=in CharacterOffsetBegin=844 CharacterOffsetEnd=846 PartOfSpeech=IN] [Text=the CharacterOffsetBegin=847 CharacterOffsetEnd=850 PartOfSpeech=DT] [Text=end CharacterOffsetBegin=851 CharacterOffsetEnd=854 PartOfSpeech=NN] [Text=. CharacterOffsetBegin=854 CharacterOffsetEnd=855 PartOfSpeech=.] 
root(ROOT-0, sappy-6)
det(ending-2, The-1)
nsubj(sappy-6, ending-2)
cop(sappy-6, was-3)
advmod(sappy-6, much-4)
advmod(sappy-6, too-5)
prep(sappy-6, for-7)
poss(tastes-9, my-8)
pobj(for-7, tastes-9)
punct(sappy-6, ;-10)
mark(hollywoodized-14, because-11)
nsubj(hollywoodized-14, it-12)
cop(hollywoodized-14, was-13)
parataxis(sappy-6, hollywoodized-14)
punct(hollywoodized-14, ,-15)
dep(hollywoodized-14, everything-16)
partmod(everything-16, had-17)
aux(turn-19, to-18)
xcomp(had-17, turn-19)
prt(turn-19, out-20)
advmod(in-22, right-21)
prep(turn-19, in-22)
det(end-24, the-23)
pobj(in-22, end-24)
punct(sappy-6, .-25)

Sentence #9 (20 tokens):
I would advise you to not waste your time on The '60s and do something else with your time.
[Text=I CharacterOffsetBegin=860 CharacterOffsetEnd=861 PartOfSpeech=PRP] [Text=would CharacterOffsetBegin=862 CharacterOffsetEnd=867 PartOfSpeech=MD] [Text=advise CharacterOffsetBegin=868 CharacterOffsetEnd=874 PartOfSpeech=VB] [Text=you CharacterOffsetBegin=875 CharacterOffsetEnd=878 PartOfSpeech=PRP] [Text=to CharacterOffsetBegin=879 CharacterOffsetEnd=881 PartOfSpeech=TO] [Text=not CharacterOffsetBegin=882 CharacterOffsetEnd=885 PartOfSpeech=RB] [Text=waste CharacterOffsetBegin=886 CharacterOffsetEnd=891 PartOfSpeech=VB] [Text=your CharacterOffsetBegin=892 CharacterOffsetEnd=896 PartOfSpeech=PRP$] [Text=time CharacterOffsetBegin=897 CharacterOffsetEnd=901 PartOfSpeech=NN] [Text=on CharacterOffsetBegin=902 CharacterOffsetEnd=904 PartOfSpeech=IN] [Text=The CharacterOffsetBegin=905 CharacterOffsetEnd=908 PartOfSpeech=DT] [Text='60s CharacterOffsetBegin=909 CharacterOffsetEnd=913 PartOfSpeech=NNS] [Text=and CharacterOffsetBegin=914 CharacterOffsetEnd=917 PartOfSpeech=CC] [Text=do CharacterOffsetBegin=918 CharacterOffsetEnd=920 PartOfSpeech=VBP] [Text=something CharacterOffsetBegin=921 CharacterOffsetEnd=930 PartOfSpeech=NN] [Text=else CharacterOffsetBegin=931 CharacterOffsetEnd=935 PartOfSpeech=RB] [Text=with CharacterOffsetBegin=936 CharacterOffsetEnd=940 PartOfSpeech=IN] [Text=your CharacterOffsetBegin=941 CharacterOffsetEnd=945 PartOfSpeech=PRP$] [Text=time CharacterOffsetBegin=946 CharacterOffsetEnd=950 PartOfSpeech=NN] [Text=. CharacterOffsetBegin=950 CharacterOffsetEnd=951 PartOfSpeech=.] 
root(ROOT-0, advise-3)
nsubj(advise-3, I-1)
aux(advise-3, would-2)
dobj(advise-3, you-4)
aux(waste-7, to-5)
neg(waste-7, not-6)
xcomp(advise-3, waste-7)
poss(time-9, your-8)
dobj(waste-7, time-9)
prep(waste-7, on-10)
det('60s-12, The-11)
pobj(on-10, '60s-12)
cc(advise-3, and-13)
conj(advise-3, do-14)
dobj(do-14, something-15)
advmod(something-15, else-16)
prep(do-14, with-17)
poss(time-19, your-18)
pobj(with-17, time-19)
punct(advise-3, .-20)

Sentence #10 (16 tokens):
I'm glad I watched this in class, and not on my own time.
[Text=I CharacterOffsetBegin=956 CharacterOffsetEnd=957 PartOfSpeech=PRP] [Text='m CharacterOffsetBegin=957 CharacterOffsetEnd=959 PartOfSpeech=VBP] [Text=glad CharacterOffsetBegin=960 CharacterOffsetEnd=964 PartOfSpeech=JJ] [Text=I CharacterOffsetBegin=965 CharacterOffsetEnd=966 PartOfSpeech=PRP] [Text=watched CharacterOffsetBegin=967 CharacterOffsetEnd=974 PartOfSpeech=VBD] [Text=this CharacterOffsetBegin=975 CharacterOffsetEnd=979 PartOfSpeech=DT] [Text=in CharacterOffsetBegin=980 CharacterOffsetEnd=982 PartOfSpeech=IN] [Text=class CharacterOffsetBegin=983 CharacterOffsetEnd=988 PartOfSpeech=NN] [Text=, CharacterOffsetBegin=988 CharacterOffsetEnd=989 PartOfSpeech=,] [Text=and CharacterOffsetBegin=990 CharacterOffsetEnd=993 PartOfSpeech=CC] [Text=not CharacterOffsetBegin=994 CharacterOffsetEnd=997 PartOfSpeech=RB] [Text=on CharacterOffsetBegin=998 CharacterOffsetEnd=1000 PartOfSpeech=IN] [Text=my CharacterOffsetBegin=1001 CharacterOffsetEnd=1003 PartOfSpeech=PRP$] [Text=own CharacterOffsetBegin=1004 CharacterOffsetEnd=1007 PartOfSpeech=JJ] [Text=time CharacterOffsetBegin=1008 CharacterOffsetEnd=1012 PartOfSpeech=NN] [Text=. CharacterOffsetBegin=1012 CharacterOffsetEnd=1013 PartOfSpeech=.] 
root(ROOT-0, glad-3)
nsubj(glad-3, I-1)
cop(glad-3, 'm-2)
nsubj(watched-5, I-4)
ccomp(glad-3, watched-5)
dobj(watched-5, this-6)
prep(this-6, in-7)
pobj(in-7, class-8)
punct(in-7, ,-9)
cc(in-7, and-10)
conj(in-7, not-11)
dep(in-7, on-12)
poss(time-15, my-13)
amod(time-15, own-14)
pobj(on-12, time-15)
punct(glad-3, .-16)

Sentence #11 (22 tokens):
I think I can safely say that the best part of the movie was the inclusion of Bob Dylan's music.
[Text=I CharacterOffsetBegin=1018 CharacterOffsetEnd=1019 PartOfSpeech=PRP] [Text=think CharacterOffsetBegin=1020 CharacterOffsetEnd=1025 PartOfSpeech=VBP] [Text=I CharacterOffsetBegin=1026 CharacterOffsetEnd=1027 PartOfSpeech=PRP] [Text=can CharacterOffsetBegin=1028 CharacterOffsetEnd=1031 PartOfSpeech=MD] [Text=safely CharacterOffsetBegin=1032 CharacterOffsetEnd=1038 PartOfSpeech=RB] [Text=say CharacterOffsetBegin=1039 CharacterOffsetEnd=1042 PartOfSpeech=VB] [Text=that CharacterOffsetBegin=1043 CharacterOffsetEnd=1047 PartOfSpeech=IN] [Text=the CharacterOffsetBegin=1048 CharacterOffsetEnd=1051 PartOfSpeech=DT] [Text=best CharacterOffsetBegin=1052 CharacterOffsetEnd=1056 PartOfSpeech=JJS] [Text=part CharacterOffsetBegin=1057 CharacterOffsetEnd=1061 PartOfSpeech=NN] [Text=of CharacterOffsetBegin=1062 CharacterOffsetEnd=1064 PartOfSpeech=IN] [Text=the CharacterOffsetBegin=1065 CharacterOffsetEnd=1068 PartOfSpeech=DT] [Text=movie CharacterOffsetBegin=1069 CharacterOffsetEnd=1074 PartOfSpeech=NN] [Text=was CharacterOffsetBegin=1075 CharacterOffsetEnd=1078 PartOfSpeech=VBD] [Text=the CharacterOffsetBegin=1079 CharacterOffsetEnd=1082 PartOfSpeech=DT] [Text=inclusion CharacterOffsetBegin=1083 CharacterOffsetEnd=1092 PartOfSpeech=NN] [Text=of CharacterOffsetBegin=1093 CharacterOffsetEnd=1095 PartOfSpeech=IN] [Text=Bob CharacterOffsetBegin=1096 CharacterOffsetEnd=1099 PartOfSpeech=NNP] [Text=Dylan CharacterOffsetBegin=1100 CharacterOffsetEnd=1105 PartOfSpeech=NNP] [Text='s CharacterOffsetBegin=1105 CharacterOffsetEnd=1107 PartOfSpeech=POS] [Text=music CharacterOffsetBegin=1108 CharacterOffsetEnd=1113 PartOfSpeech=NN] [Text=. CharacterOffsetBegin=1113 CharacterOffsetEnd=1114 PartOfSpeech=.] 
root(ROOT-0, think-2)
nsubj(think-2, I-1)
nsubj(say-6, I-3)
aux(say-6, can-4)
advmod(say-6, safely-5)
ccomp(think-2, say-6)
mark(inclusion-16, that-7)
det(part-10, the-8)
amod(part-10, best-9)
nsubj(inclusion-16, part-10)
prep(part-10, of-11)
det(movie-13, the-12)
pobj(of-11, movie-13)
cop(inclusion-16, was-14)
det(inclusion-16, the-15)
ccomp(say-6, inclusion-16)
prep(inclusion-16, of-17)
nn(Dylan-19, Bob-18)
poss(music-21, Dylan-19)
possessive(Dylan-19, 's-20)
pobj(of-17, music-21)
punct(think-2, .-22)

Sentence #12 (10 tokens):
Those are just my rambling thoughts on the flick.
[Text=Those CharacterOffsetBegin=1119 CharacterOffsetEnd=1124 PartOfSpeech=DT] [Text=are CharacterOffsetBegin=1125 CharacterOffsetEnd=1128 PartOfSpeech=VBP] [Text=just CharacterOffsetBegin=1129 CharacterOffsetEnd=1133 PartOfSpeech=RB] [Text=my CharacterOffsetBegin=1134 CharacterOffsetEnd=1136 PartOfSpeech=PRP$] [Text=rambling CharacterOffsetBegin=1137 CharacterOffsetEnd=1145 PartOfSpeech=JJ] [Text=thoughts CharacterOffsetBegin=1146 CharacterOffsetEnd=1154 PartOfSpeech=NNS] [Text=on CharacterOffsetBegin=1155 CharacterOffsetEnd=1157 PartOfSpeech=IN] [Text=the CharacterOffsetBegin=1158 CharacterOffsetEnd=1161 PartOfSpeech=DT] [Text=flick CharacterOffsetBegin=1162 CharacterOffsetEnd=1167 PartOfSpeech=NN] [Text=. CharacterOffsetBegin=1167 CharacterOffsetEnd=1168 PartOfSpeech=.] 
root(ROOT-0, thoughts-6)
nsubj(thoughts-6, Those-1)
cop(thoughts-6, are-2)
advmod(thoughts-6, just-3)
poss(thoughts-6, my-4)
amod(thoughts-6, rambling-5)
prep(thoughts-6, on-7)
det(flick-9, the-8)
pobj(on-7, flick-9)
punct(thoughts-6, .-10)

Sentence #13 (13 tokens):
I hope you take my advice, and stay away from this.
[Text=I CharacterOffsetBegin=1173 CharacterOffsetEnd=1174 PartOfSpeech=PRP] [Text=hope CharacterOffsetBegin=1175 CharacterOffsetEnd=1179 PartOfSpeech=VBP] [Text=you CharacterOffsetBegin=1180 CharacterOffsetEnd=1183 PartOfSpeech=PRP] [Text=take CharacterOffsetBegin=1184 CharacterOffsetEnd=1188 PartOfSpeech=VB] [Text=my CharacterOffsetBegin=1189 CharacterOffsetEnd=1191 PartOfSpeech=PRP$] [Text=advice CharacterOffsetBegin=1192 CharacterOffsetEnd=1198 PartOfSpeech=NN] [Text=, CharacterOffsetBegin=1198 CharacterOffsetEnd=1199 PartOfSpeech=,] [Text=and CharacterOffsetBegin=1200 CharacterOffsetEnd=1203 PartOfSpeech=CC] [Text=stay CharacterOffsetBegin=1204 CharacterOffsetEnd=1208 PartOfSpeech=VB] [Text=away CharacterOffsetBegin=1209 CharacterOffsetEnd=1213 PartOfSpeech=RB] [Text=from CharacterOffsetBegin=1214 CharacterOffsetEnd=1218 PartOfSpeech=IN] [Text=this CharacterOffsetBegin=1219 CharacterOffsetEnd=1223 PartOfSpeech=DT] [Text=. CharacterOffsetBegin=1223 CharacterOffsetEnd=1224 PartOfSpeech=.] 
root(ROOT-0, hope-2)
nsubj(hope-2, I-1)
nsubj(take-4, you-3)
ccomp(hope-2, take-4)
poss(advice-6, my-5)
dobj(take-4, advice-6)
punct(hope-2, ,-7)
cc(hope-2, and-8)
cop(away-10, stay-9)
conj(hope-2, away-10)
prep(away-10, from-11)
pobj(from-11, this-12)
punct(hope-2, .-13)

