Sentence #1 (10 tokens):
I believe Shakespeare explained what I just read beautifully.
[Text=I CharacterOffsetBegin=4 CharacterOffsetEnd=5 PartOfSpeech=PRP] [Text=believe CharacterOffsetBegin=6 CharacterOffsetEnd=13 PartOfSpeech=VBP] [Text=Shakespeare CharacterOffsetBegin=14 CharacterOffsetEnd=25 PartOfSpeech=NNP] [Text=explained CharacterOffsetBegin=26 CharacterOffsetEnd=35 PartOfSpeech=VBD] [Text=what CharacterOffsetBegin=36 CharacterOffsetEnd=40 PartOfSpeech=WP] [Text=I CharacterOffsetBegin=41 CharacterOffsetEnd=42 PartOfSpeech=PRP] [Text=just CharacterOffsetBegin=43 CharacterOffsetEnd=47 PartOfSpeech=RB] [Text=read CharacterOffsetBegin=48 CharacterOffsetEnd=52 PartOfSpeech=VBD] [Text=beautifully CharacterOffsetBegin=53 CharacterOffsetEnd=64 PartOfSpeech=RB] [Text=. CharacterOffsetBegin=64 CharacterOffsetEnd=65 PartOfSpeech=.] 
root(ROOT-0, believe-2)
nsubj(believe-2, I-1)
nsubj(explained-4, Shakespeare-3)
ccomp(believe-2, explained-4)
dobj(read-8, what-5)
nsubj(read-8, I-6)
advmod(read-8, just-7)
ccomp(explained-4, read-8)
advmod(read-8, beautifully-9)
punct(believe-2, .-10)

Sentence #2 (12 tokens):
Me thinks he (the lady) doth protest too much.
[Text=Me CharacterOffsetBegin=70 CharacterOffsetEnd=72 PartOfSpeech=PRP] [Text=thinks CharacterOffsetBegin=73 CharacterOffsetEnd=79 PartOfSpeech=VBZ] [Text=he CharacterOffsetBegin=80 CharacterOffsetEnd=82 PartOfSpeech=PRP] [Text=-LRB- CharacterOffsetBegin=83 CharacterOffsetEnd=84 PartOfSpeech=-LRB-] [Text=the CharacterOffsetBegin=84 CharacterOffsetEnd=87 PartOfSpeech=DT] [Text=lady CharacterOffsetBegin=88 CharacterOffsetEnd=92 PartOfSpeech=NN] [Text=-RRB- CharacterOffsetBegin=92 CharacterOffsetEnd=93 PartOfSpeech=-RRB-] [Text=doth CharacterOffsetBegin=94 CharacterOffsetEnd=98 PartOfSpeech=NN] [Text=protest CharacterOffsetBegin=99 CharacterOffsetEnd=106 PartOfSpeech=NN] [Text=too CharacterOffsetBegin=107 CharacterOffsetEnd=110 PartOfSpeech=RB] [Text=much CharacterOffsetBegin=111 CharacterOffsetEnd=115 PartOfSpeech=RB] [Text=. CharacterOffsetBegin=115 CharacterOffsetEnd=116 PartOfSpeech=.] 
root(ROOT-0, thinks-2)
nsubj(thinks-2, Me-1)
nsubj(protest-9, he-3)
punct(lady-6, -LRB--4)
det(lady-6, the-5)
dep(protest-9, lady-6)
punct(lady-6, -RRB--7)
nn(protest-9, doth-8)
ccomp(thinks-2, protest-9)
advmod(much-11, too-10)
advmod(protest-9, much-11)
punct(thinks-2, .-12)

Sentence #3 (16 tokens):
The whole thing sounded to me as if the author was trying to convince himself!
[Text=The CharacterOffsetBegin=121 CharacterOffsetEnd=124 PartOfSpeech=DT] [Text=whole CharacterOffsetBegin=125 CharacterOffsetEnd=130 PartOfSpeech=JJ] [Text=thing CharacterOffsetBegin=131 CharacterOffsetEnd=136 PartOfSpeech=NN] [Text=sounded CharacterOffsetBegin=137 CharacterOffsetEnd=144 PartOfSpeech=VBD] [Text=to CharacterOffsetBegin=145 CharacterOffsetEnd=147 PartOfSpeech=TO] [Text=me CharacterOffsetBegin=148 CharacterOffsetEnd=150 PartOfSpeech=PRP] [Text=as CharacterOffsetBegin=151 CharacterOffsetEnd=153 PartOfSpeech=IN] [Text=if CharacterOffsetBegin=154 CharacterOffsetEnd=156 PartOfSpeech=IN] [Text=the CharacterOffsetBegin=157 CharacterOffsetEnd=160 PartOfSpeech=DT] [Text=author CharacterOffsetBegin=161 CharacterOffsetEnd=167 PartOfSpeech=NN] [Text=was CharacterOffsetBegin=168 CharacterOffsetEnd=171 PartOfSpeech=VBD] [Text=trying CharacterOffsetBegin=172 CharacterOffsetEnd=178 PartOfSpeech=VBG] [Text=to CharacterOffsetBegin=179 CharacterOffsetEnd=181 PartOfSpeech=TO] [Text=convince CharacterOffsetBegin=182 CharacterOffsetEnd=190 PartOfSpeech=VB] [Text=himself CharacterOffsetBegin=191 CharacterOffsetEnd=198 PartOfSpeech=PRP] [Text=! CharacterOffsetBegin=198 CharacterOffsetEnd=199 PartOfSpeech=.] 
root(ROOT-0, sounded-4)
det(thing-3, The-1)
amod(thing-3, whole-2)
nsubj(sounded-4, thing-3)
prep(sounded-4, to-5)
pobj(to-5, me-6)
mark(trying-12, as-7)
mark(trying-12, if-8)
det(author-10, the-9)
nsubj(trying-12, author-10)
aux(trying-12, was-11)
advcl(sounded-4, trying-12)
aux(convince-14, to-13)
xcomp(trying-12, convince-14)
dobj(convince-14, himself-15)
punct(sounded-4, !-16)

Sentence #4 (48 tokens):
He sites profane literature (writings from the same time period but not connected with the bible) a number of times however I can think of at least three references off the top of my head which lend historical accuracy to events contained in the bible.
[Text=He CharacterOffsetBegin=204 CharacterOffsetEnd=206 PartOfSpeech=PRP] [Text=sites CharacterOffsetBegin=207 CharacterOffsetEnd=212 PartOfSpeech=NNS] [Text=profane CharacterOffsetBegin=213 CharacterOffsetEnd=220 PartOfSpeech=JJ] [Text=literature CharacterOffsetBegin=221 CharacterOffsetEnd=231 PartOfSpeech=NN] [Text=-LRB- CharacterOffsetBegin=232 CharacterOffsetEnd=233 PartOfSpeech=-LRB-] [Text=writings CharacterOffsetBegin=233 CharacterOffsetEnd=241 PartOfSpeech=NNS] [Text=from CharacterOffsetBegin=242 CharacterOffsetEnd=246 PartOfSpeech=IN] [Text=the CharacterOffsetBegin=247 CharacterOffsetEnd=250 PartOfSpeech=DT] [Text=same CharacterOffsetBegin=251 CharacterOffsetEnd=255 PartOfSpeech=JJ] [Text=time CharacterOffsetBegin=256 CharacterOffsetEnd=260 PartOfSpeech=NN] [Text=period CharacterOffsetBegin=261 CharacterOffsetEnd=267 PartOfSpeech=NN] [Text=but CharacterOffsetBegin=268 CharacterOffsetEnd=271 PartOfSpeech=CC] [Text=not CharacterOffsetBegin=272 CharacterOffsetEnd=275 PartOfSpeech=RB] [Text=connected CharacterOffsetBegin=276 CharacterOffsetEnd=285 PartOfSpeech=VBN] [Text=with CharacterOffsetBegin=286 CharacterOffsetEnd=290 PartOfSpeech=IN] [Text=the CharacterOffsetBegin=291 CharacterOffsetEnd=294 PartOfSpeech=DT] [Text=bible CharacterOffsetBegin=295 CharacterOffsetEnd=300 PartOfSpeech=NN] [Text=-RRB- CharacterOffsetBegin=300 CharacterOffsetEnd=301 PartOfSpeech=-RRB-] [Text=a CharacterOffsetBegin=302 CharacterOffsetEnd=303 PartOfSpeech=DT] [Text=number CharacterOffsetBegin=304 CharacterOffsetEnd=310 PartOfSpeech=NN] [Text=of CharacterOffsetBegin=311 CharacterOffsetEnd=313 PartOfSpeech=IN] [Text=times CharacterOffsetBegin=314 CharacterOffsetEnd=319 PartOfSpeech=NNS] [Text=however CharacterOffsetBegin=320 CharacterOffsetEnd=327 PartOfSpeech=RB] [Text=I CharacterOffsetBegin=328 CharacterOffsetEnd=329 PartOfSpeech=PRP] [Text=can CharacterOffsetBegin=330 CharacterOffsetEnd=333 PartOfSpeech=MD] [Text=think CharacterOffsetBegin=334 CharacterOffsetEnd=339 PartOfSpeech=VB] [Text=of CharacterOffsetBegin=340 CharacterOffsetEnd=342 PartOfSpeech=IN] [Text=at CharacterOffsetBegin=343 CharacterOffsetEnd=345 PartOfSpeech=IN] [Text=least CharacterOffsetBegin=346 CharacterOffsetEnd=351 PartOfSpeech=JJS] [Text=three CharacterOffsetBegin=352 CharacterOffsetEnd=357 PartOfSpeech=CD] [Text=references CharacterOffsetBegin=358 CharacterOffsetEnd=368 PartOfSpeech=NNS] [Text=off CharacterOffsetBegin=369 CharacterOffsetEnd=372 PartOfSpeech=IN] [Text=the CharacterOffsetBegin=373 CharacterOffsetEnd=376 PartOfSpeech=DT] [Text=top CharacterOffsetBegin=377 CharacterOffsetEnd=380 PartOfSpeech=NN] [Text=of CharacterOffsetBegin=381 CharacterOffsetEnd=383 PartOfSpeech=IN] [Text=my CharacterOffsetBegin=384 CharacterOffsetEnd=386 PartOfSpeech=PRP$] [Text=head CharacterOffsetBegin=387 CharacterOffsetEnd=391 PartOfSpeech=NN] [Text=which CharacterOffsetBegin=392 CharacterOffsetEnd=397 PartOfSpeech=WDT] [Text=lend CharacterOffsetBegin=398 CharacterOffsetEnd=402 PartOfSpeech=VBP] [Text=historical CharacterOffsetBegin=403 CharacterOffsetEnd=413 PartOfSpeech=JJ] [Text=accuracy CharacterOffsetBegin=414 CharacterOffsetEnd=422 PartOfSpeech=NN] [Text=to CharacterOffsetBegin=423 CharacterOffsetEnd=425 PartOfSpeech=TO] [Text=events CharacterOffsetBegin=426 CharacterOffsetEnd=432 PartOfSpeech=NNS] [Text=contained CharacterOffsetBegin=433 CharacterOffsetEnd=442 PartOfSpeech=VBN] [Text=in CharacterOffsetBegin=443 CharacterOffsetEnd=445 PartOfSpeech=IN] [Text=the CharacterOffsetBegin=446 CharacterOffsetEnd=449 PartOfSpeech=DT] [Text=bible CharacterOffsetBegin=450 CharacterOffsetEnd=455 PartOfSpeech=NN] [Text=. CharacterOffsetBegin=455 CharacterOffsetEnd=456 PartOfSpeech=.] 
root(ROOT-0, writings-6)
nsubj(writings-6, He-1)
nn(writings-6, sites-2)
amod(writings-6, profane-3)
nn(writings-6, literature-4)
punct(writings-6, -LRB--5)
prep(writings-6, from-7)
det(period-11, the-8)
amod(period-11, same-9)
nn(period-11, time-10)
pobj(from-7, period-11)
cc(writings-6, but-12)
neg(connected-14, not-13)
conj(writings-6, connected-14)
prep(connected-14, with-15)
det(bible-17, the-16)
pobj(with-15, bible-17)
punct(connected-14, -RRB--18)
det(number-20, a-19)
dobj(connected-14, number-20)
prep(number-20, of-21)
pobj(of-21, times-22)
advmod(think-26, however-23)
nsubj(think-26, I-24)
aux(think-26, can-25)
rcmod(number-20, think-26)
prep(think-26, of-27)
quantmod(three-30, at-28)
mwe(at-28, least-29)
num(references-31, three-30)
pobj(of-27, references-31)
prep(references-31, off-32)
det(top-34, the-33)
pobj(off-32, top-34)
prep(top-34, of-35)
poss(head-37, my-36)
pobj(of-35, head-37)
nsubj(lend-39, which-38)
rcmod(head-37, lend-39)
amod(accuracy-41, historical-40)
dobj(lend-39, accuracy-41)
prep(lend-39, to-42)
pobj(to-42, events-43)
partmod(events-43, contained-44)
prep(contained-44, in-45)
det(bible-47, the-46)
pobj(in-45, bible-47)
punct(writings-6, .-48)

Sentence #5 (17 tokens):
Anyone can skew data & prove anything they like but it doesn't make it true.
[Text=Anyone CharacterOffsetBegin=461 CharacterOffsetEnd=467 PartOfSpeech=NN] [Text=can CharacterOffsetBegin=468 CharacterOffsetEnd=471 PartOfSpeech=MD] [Text=skew CharacterOffsetBegin=472 CharacterOffsetEnd=476 PartOfSpeech=VB] [Text=data CharacterOffsetBegin=477 CharacterOffsetEnd=481 PartOfSpeech=NNS] [Text=& CharacterOffsetBegin=482 CharacterOffsetEnd=483 PartOfSpeech=CC] [Text=prove CharacterOffsetBegin=484 CharacterOffsetEnd=489 PartOfSpeech=VB] [Text=anything CharacterOffsetBegin=490 CharacterOffsetEnd=498 PartOfSpeech=NN] [Text=they CharacterOffsetBegin=499 CharacterOffsetEnd=503 PartOfSpeech=PRP] [Text=like CharacterOffsetBegin=504 CharacterOffsetEnd=508 PartOfSpeech=VBP] [Text=but CharacterOffsetBegin=509 CharacterOffsetEnd=512 PartOfSpeech=CC] [Text=it CharacterOffsetBegin=513 CharacterOffsetEnd=515 PartOfSpeech=PRP] [Text=does CharacterOffsetBegin=516 CharacterOffsetEnd=520 PartOfSpeech=VBZ] [Text=n't CharacterOffsetBegin=520 CharacterOffsetEnd=523 PartOfSpeech=RB] [Text=make CharacterOffsetBegin=524 CharacterOffsetEnd=528 PartOfSpeech=VB] [Text=it CharacterOffsetBegin=529 CharacterOffsetEnd=531 PartOfSpeech=PRP] [Text=true CharacterOffsetBegin=532 CharacterOffsetEnd=536 PartOfSpeech=JJ] [Text=. CharacterOffsetBegin=536 CharacterOffsetEnd=537 PartOfSpeech=.] 
root(ROOT-0, skew-3)
nsubj(skew-3, Anyone-1)
aux(skew-3, can-2)
dobj(skew-3, data-4)
cc(skew-3, &-5)
conj(skew-3, prove-6)
dobj(prove-6, anything-7)
nsubj(like-9, they-8)
rcmod(anything-7, like-9)
cc(skew-3, but-10)
nsubj(make-14, it-11)
aux(make-14, does-12)
neg(make-14, n't-13)
conj(skew-3, make-14)
nsubj(true-16, it-15)
xcomp(make-14, true-16)
punct(skew-3, .-17)

Sentence #6 (35 tokens):
Customs change, word definitions change over time (look at English & German where it is very obviously a common root) nothing stays the same, it's always growing and changing.
[Text=Customs CharacterOffsetBegin=542 CharacterOffsetEnd=549 PartOfSpeech=NNP] [Text=change CharacterOffsetBegin=550 CharacterOffsetEnd=556 PartOfSpeech=NN] [Text=, CharacterOffsetBegin=556 CharacterOffsetEnd=557 PartOfSpeech=,] [Text=word CharacterOffsetBegin=558 CharacterOffsetEnd=562 PartOfSpeech=NN] [Text=definitions CharacterOffsetBegin=563 CharacterOffsetEnd=574 PartOfSpeech=NNS] [Text=change CharacterOffsetBegin=575 CharacterOffsetEnd=581 PartOfSpeech=VBP] [Text=over CharacterOffsetBegin=582 CharacterOffsetEnd=586 PartOfSpeech=IN] [Text=time CharacterOffsetBegin=587 CharacterOffsetEnd=591 PartOfSpeech=NN] [Text=-LRB- CharacterOffsetBegin=592 CharacterOffsetEnd=593 PartOfSpeech=-LRB-] [Text=look CharacterOffsetBegin=593 CharacterOffsetEnd=597 PartOfSpeech=NN] [Text=at CharacterOffsetBegin=598 CharacterOffsetEnd=600 PartOfSpeech=IN] [Text=English CharacterOffsetBegin=601 CharacterOffsetEnd=608 PartOfSpeech=NNP] [Text=& CharacterOffsetBegin=609 CharacterOffsetEnd=610 PartOfSpeech=CC] [Text=German CharacterOffsetBegin=611 CharacterOffsetEnd=617 PartOfSpeech=NNP] [Text=where CharacterOffsetBegin=618 CharacterOffsetEnd=623 PartOfSpeech=WRB] [Text=it CharacterOffsetBegin=624 CharacterOffsetEnd=626 PartOfSpeech=PRP] [Text=is CharacterOffsetBegin=627 CharacterOffsetEnd=629 PartOfSpeech=VBZ] [Text=very CharacterOffsetBegin=630 CharacterOffsetEnd=634 PartOfSpeech=RB] [Text=obviously CharacterOffsetBegin=635 CharacterOffsetEnd=644 PartOfSpeech=RB] [Text=a CharacterOffsetBegin=645 CharacterOffsetEnd=646 PartOfSpeech=DT] [Text=common CharacterOffsetBegin=647 CharacterOffsetEnd=653 PartOfSpeech=JJ] [Text=root CharacterOffsetBegin=654 CharacterOffsetEnd=658 PartOfSpeech=NN] [Text=-RRB- CharacterOffsetBegin=658 CharacterOffsetEnd=659 PartOfSpeech=-RRB-] [Text=nothing CharacterOffsetBegin=660 CharacterOffsetEnd=667 PartOfSpeech=NN] [Text=stays CharacterOffsetBegin=668 CharacterOffsetEnd=673 PartOfSpeech=VBZ] [Text=the CharacterOffsetBegin=674 CharacterOffsetEnd=677 PartOfSpeech=DT] [Text=same CharacterOffsetBegin=678 CharacterOffsetEnd=682 PartOfSpeech=JJ] [Text=, CharacterOffsetBegin=682 CharacterOffsetEnd=683 PartOfSpeech=,] [Text=it CharacterOffsetBegin=684 CharacterOffsetEnd=686 PartOfSpeech=PRP] [Text='s CharacterOffsetBegin=686 CharacterOffsetEnd=688 PartOfSpeech=VBZ] [Text=always CharacterOffsetBegin=689 CharacterOffsetEnd=695 PartOfSpeech=RB] [Text=growing CharacterOffsetBegin=696 CharacterOffsetEnd=703 PartOfSpeech=VBG] [Text=and CharacterOffsetBegin=704 CharacterOffsetEnd=707 PartOfSpeech=CC] [Text=changing CharacterOffsetBegin=708 CharacterOffsetEnd=716 PartOfSpeech=VBG] [Text=. CharacterOffsetBegin=716 CharacterOffsetEnd=717 PartOfSpeech=.] 
root(ROOT-0, change-2)
nn(change-2, Customs-1)
punct(change-2, ,-3)
nn(definitions-5, word-4)
nsubj(change-6, definitions-5)
rcmod(change-2, change-6)
prep(change-6, over-7)
pobj(over-7, time-8)
punct(look-10, -LRB--9)
dep(nothing-24, look-10)
prep(look-10, at-11)
pobj(at-11, English-12)
cc(English-12, &-13)
conj(English-12, German-14)
advmod(root-22, where-15)
nsubj(root-22, it-16)
cop(root-22, is-17)
advmod(obviously-19, very-18)
advmod(root-22, obviously-19)
det(root-22, a-20)
amod(root-22, common-21)
dep(look-10, root-22)
punct(look-10, -RRB--23)
nsubj(same-27, nothing-24)
cop(same-27, stays-25)
det(same-27, the-26)
dep(change-6, same-27)
punct(same-27, ,-28)
nsubj(growing-32, it-29)
aux(growing-32, 's-30)
advmod(growing-32, always-31)
conj(same-27, growing-32)
cc(same-27, and-33)
conj(same-27, changing-34)
punct(change-2, .-35)

Sentence #7 (30 tokens):
The bible has many different translations but the King James version is the one I've found to be the best when it comes to any kind of research.
[Text=The CharacterOffsetBegin=722 CharacterOffsetEnd=725 PartOfSpeech=DT] [Text=bible CharacterOffsetBegin=726 CharacterOffsetEnd=731 PartOfSpeech=NN] [Text=has CharacterOffsetBegin=732 CharacterOffsetEnd=735 PartOfSpeech=VBZ] [Text=many CharacterOffsetBegin=736 CharacterOffsetEnd=740 PartOfSpeech=JJ] [Text=different CharacterOffsetBegin=741 CharacterOffsetEnd=750 PartOfSpeech=JJ] [Text=translations CharacterOffsetBegin=751 CharacterOffsetEnd=763 PartOfSpeech=NNS] [Text=but CharacterOffsetBegin=764 CharacterOffsetEnd=767 PartOfSpeech=CC] [Text=the CharacterOffsetBegin=768 CharacterOffsetEnd=771 PartOfSpeech=DT] [Text=King CharacterOffsetBegin=772 CharacterOffsetEnd=776 PartOfSpeech=NNP] [Text=James CharacterOffsetBegin=777 CharacterOffsetEnd=782 PartOfSpeech=NNP] [Text=version CharacterOffsetBegin=783 CharacterOffsetEnd=790 PartOfSpeech=NN] [Text=is CharacterOffsetBegin=791 CharacterOffsetEnd=793 PartOfSpeech=VBZ] [Text=the CharacterOffsetBegin=794 CharacterOffsetEnd=797 PartOfSpeech=DT] [Text=one CharacterOffsetBegin=798 CharacterOffsetEnd=801 PartOfSpeech=CD] [Text=I CharacterOffsetBegin=802 CharacterOffsetEnd=803 PartOfSpeech=PRP] [Text='ve CharacterOffsetBegin=803 CharacterOffsetEnd=806 PartOfSpeech=VBP] [Text=found CharacterOffsetBegin=807 CharacterOffsetEnd=812 PartOfSpeech=VBN] [Text=to CharacterOffsetBegin=813 CharacterOffsetEnd=815 PartOfSpeech=TO] [Text=be CharacterOffsetBegin=816 CharacterOffsetEnd=818 PartOfSpeech=VB] [Text=the CharacterOffsetBegin=819 CharacterOffsetEnd=822 PartOfSpeech=DT] [Text=best CharacterOffsetBegin=823 CharacterOffsetEnd=827 PartOfSpeech=JJS] [Text=when CharacterOffsetBegin=828 CharacterOffsetEnd=832 PartOfSpeech=WRB] [Text=it CharacterOffsetBegin=833 CharacterOffsetEnd=835 PartOfSpeech=PRP] [Text=comes CharacterOffsetBegin=836 CharacterOffsetEnd=841 PartOfSpeech=VBZ] [Text=to CharacterOffsetBegin=842 CharacterOffsetEnd=844 PartOfSpeech=TO] [Text=any CharacterOffsetBegin=845 CharacterOffsetEnd=848 PartOfSpeech=DT] [Text=kind CharacterOffsetBegin=849 CharacterOffsetEnd=853 PartOfSpeech=NN] [Text=of CharacterOffsetBegin=854 CharacterOffsetEnd=856 PartOfSpeech=IN] [Text=research CharacterOffsetBegin=857 CharacterOffsetEnd=865 PartOfSpeech=NN] [Text=. CharacterOffsetBegin=865 CharacterOffsetEnd=866 PartOfSpeech=.] 
root(ROOT-0, has-3)
det(bible-2, The-1)
nsubj(has-3, bible-2)
amod(translations-6, many-4)
amod(translations-6, different-5)
dobj(has-3, translations-6)
cc(has-3, but-7)
det(version-11, the-8)
nn(version-11, King-9)
nn(version-11, James-10)
nsubj(one-14, version-11)
cop(one-14, is-12)
det(one-14, the-13)
conj(has-3, one-14)
nsubj(found-17, I-15)
aux(found-17, 've-16)
rcmod(one-14, found-17)
aux(best-21, to-18)
cop(best-21, be-19)
det(best-21, the-20)
xcomp(found-17, best-21)
advmod(comes-24, when-22)
nsubj(comes-24, it-23)
advcl(best-21, comes-24)
prep(comes-24, to-25)
det(kind-27, any-26)
pobj(to-25, kind-27)
prep(kind-27, of-28)
pobj(of-28, research-29)
punct(has-3, .-30)

Sentence #8 (16 tokens):
In the King James version you will notice there are certain words written in italics.
[Text=In CharacterOffsetBegin=871 CharacterOffsetEnd=873 PartOfSpeech=IN] [Text=the CharacterOffsetBegin=874 CharacterOffsetEnd=877 PartOfSpeech=DT] [Text=King CharacterOffsetBegin=878 CharacterOffsetEnd=882 PartOfSpeech=NNP] [Text=James CharacterOffsetBegin=883 CharacterOffsetEnd=888 PartOfSpeech=NNP] [Text=version CharacterOffsetBegin=889 CharacterOffsetEnd=896 PartOfSpeech=NN] [Text=you CharacterOffsetBegin=897 CharacterOffsetEnd=900 PartOfSpeech=PRP] [Text=will CharacterOffsetBegin=901 CharacterOffsetEnd=905 PartOfSpeech=MD] [Text=notice CharacterOffsetBegin=906 CharacterOffsetEnd=912 PartOfSpeech=VB] [Text=there CharacterOffsetBegin=913 CharacterOffsetEnd=918 PartOfSpeech=EX] [Text=are CharacterOffsetBegin=919 CharacterOffsetEnd=922 PartOfSpeech=VBP] [Text=certain CharacterOffsetBegin=923 CharacterOffsetEnd=930 PartOfSpeech=JJ] [Text=words CharacterOffsetBegin=931 CharacterOffsetEnd=936 PartOfSpeech=NNS] [Text=written CharacterOffsetBegin=937 CharacterOffsetEnd=944 PartOfSpeech=VBN] [Text=in CharacterOffsetBegin=945 CharacterOffsetEnd=947 PartOfSpeech=IN] [Text=italics CharacterOffsetBegin=948 CharacterOffsetEnd=955 PartOfSpeech=NNS] [Text=. CharacterOffsetBegin=955 CharacterOffsetEnd=956 PartOfSpeech=.] 
root(ROOT-0, notice-8)
prep(notice-8, In-1)
det(version-5, the-2)
nn(version-5, King-3)
nn(version-5, James-4)
pobj(In-1, version-5)
nsubj(notice-8, you-6)
aux(notice-8, will-7)
expl(are-10, there-9)
ccomp(notice-8, are-10)
amod(words-12, certain-11)
nsubj(are-10, words-12)
partmod(words-12, written-13)
prep(written-13, in-14)
pobj(in-14, italics-15)
punct(notice-8, .-16)

Sentence #9 (21 tokens):
These words have been added by the translators and can be dropped & the mean of the entire verse changes.
[Text=These CharacterOffsetBegin=961 CharacterOffsetEnd=966 PartOfSpeech=DT] [Text=words CharacterOffsetBegin=967 CharacterOffsetEnd=972 PartOfSpeech=NNS] [Text=have CharacterOffsetBegin=973 CharacterOffsetEnd=977 PartOfSpeech=VBP] [Text=been CharacterOffsetBegin=978 CharacterOffsetEnd=982 PartOfSpeech=VBN] [Text=added CharacterOffsetBegin=983 CharacterOffsetEnd=988 PartOfSpeech=VBN] [Text=by CharacterOffsetBegin=989 CharacterOffsetEnd=991 PartOfSpeech=IN] [Text=the CharacterOffsetBegin=992 CharacterOffsetEnd=995 PartOfSpeech=DT] [Text=translators CharacterOffsetBegin=996 CharacterOffsetEnd=1007 PartOfSpeech=NNS] [Text=and CharacterOffsetBegin=1008 CharacterOffsetEnd=1011 PartOfSpeech=CC] [Text=can CharacterOffsetBegin=1012 CharacterOffsetEnd=1015 PartOfSpeech=MD] [Text=be CharacterOffsetBegin=1016 CharacterOffsetEnd=1018 PartOfSpeech=VB] [Text=dropped CharacterOffsetBegin=1019 CharacterOffsetEnd=1026 PartOfSpeech=VBN] [Text=& CharacterOffsetBegin=1027 CharacterOffsetEnd=1028 PartOfSpeech=CC] [Text=the CharacterOffsetBegin=1029 CharacterOffsetEnd=1032 PartOfSpeech=DT] [Text=mean CharacterOffsetBegin=1033 CharacterOffsetEnd=1037 PartOfSpeech=NN] [Text=of CharacterOffsetBegin=1038 CharacterOffsetEnd=1040 PartOfSpeech=IN] [Text=the CharacterOffsetBegin=1041 CharacterOffsetEnd=1044 PartOfSpeech=DT] [Text=entire CharacterOffsetBegin=1045 CharacterOffsetEnd=1051 PartOfSpeech=JJ] [Text=verse CharacterOffsetBegin=1052 CharacterOffsetEnd=1057 PartOfSpeech=NN] [Text=changes CharacterOffsetBegin=1058 CharacterOffsetEnd=1065 PartOfSpeech=NNS] [Text=. CharacterOffsetBegin=1065 CharacterOffsetEnd=1066 PartOfSpeech=.] 
root(ROOT-0, added-5)
det(words-2, These-1)
nsubjpass(added-5, words-2)
aux(added-5, have-3)
auxpass(added-5, been-4)
prep(added-5, by-6)
det(translators-8, the-7)
pobj(by-6, translators-8)
cc(added-5, and-9)
aux(dropped-12, can-10)
auxpass(dropped-12, be-11)
conj(added-5, dropped-12)
cc(dropped-12, &-13)
det(mean-15, the-14)
conj(dropped-12, mean-15)
prep(mean-15, of-16)
det(changes-20, the-17)
amod(changes-20, entire-18)
nn(changes-20, verse-19)
pobj(of-16, changes-20)
punct(added-5, .-21)

Sentence #10 (22 tokens):
Writings from around the time of Christ were written without spaces, without punctuation, without paragraphs & without numeric verses.
[Text=Writings CharacterOffsetBegin=1071 CharacterOffsetEnd=1079 PartOfSpeech=NNS] [Text=from CharacterOffsetBegin=1080 CharacterOffsetEnd=1084 PartOfSpeech=IN] [Text=around CharacterOffsetBegin=1085 CharacterOffsetEnd=1091 PartOfSpeech=IN] [Text=the CharacterOffsetBegin=1092 CharacterOffsetEnd=1095 PartOfSpeech=DT] [Text=time CharacterOffsetBegin=1096 CharacterOffsetEnd=1100 PartOfSpeech=NN] [Text=of CharacterOffsetBegin=1101 CharacterOffsetEnd=1103 PartOfSpeech=IN] [Text=Christ CharacterOffsetBegin=1104 CharacterOffsetEnd=1110 PartOfSpeech=NNP] [Text=were CharacterOffsetBegin=1111 CharacterOffsetEnd=1115 PartOfSpeech=VBD] [Text=written CharacterOffsetBegin=1116 CharacterOffsetEnd=1123 PartOfSpeech=VBN] [Text=without CharacterOffsetBegin=1124 CharacterOffsetEnd=1131 PartOfSpeech=IN] [Text=spaces CharacterOffsetBegin=1132 CharacterOffsetEnd=1138 PartOfSpeech=NNS] [Text=, CharacterOffsetBegin=1138 CharacterOffsetEnd=1139 PartOfSpeech=,] [Text=without CharacterOffsetBegin=1140 CharacterOffsetEnd=1147 PartOfSpeech=IN] [Text=punctuation CharacterOffsetBegin=1148 CharacterOffsetEnd=1159 PartOfSpeech=NN] [Text=, CharacterOffsetBegin=1159 CharacterOffsetEnd=1160 PartOfSpeech=,] [Text=without CharacterOffsetBegin=1161 CharacterOffsetEnd=1168 PartOfSpeech=IN] [Text=paragraphs CharacterOffsetBegin=1169 CharacterOffsetEnd=1179 PartOfSpeech=NNS] [Text=& CharacterOffsetBegin=1180 CharacterOffsetEnd=1181 PartOfSpeech=CC] [Text=without CharacterOffsetBegin=1182 CharacterOffsetEnd=1189 PartOfSpeech=IN] [Text=numeric CharacterOffsetBegin=1190 CharacterOffsetEnd=1197 PartOfSpeech=JJ] [Text=verses CharacterOffsetBegin=1198 CharacterOffsetEnd=1204 PartOfSpeech=NNS] [Text=. CharacterOffsetBegin=1204 CharacterOffsetEnd=1205 PartOfSpeech=.] 
root(ROOT-0, written-9)
nsubjpass(written-9, Writings-1)
prep(Writings-1, from-2)
pcomp(from-2, around-3)
det(time-5, the-4)
pobj(around-3, time-5)
prep(time-5, of-6)
pobj(of-6, Christ-7)
auxpass(written-9, were-8)
prep(written-9, without-10)
pobj(without-10, spaces-11)
punct(written-9, ,-12)
prep(written-9, without-13)
pobj(without-13, punctuation-14)
punct(written-9, ,-15)
prep(written-9, without-16)
pobj(without-16, paragraphs-17)
cc(paragraphs-17, &-18)
conj(paragraphs-17, without-19)
amod(verses-21, numeric-20)
pobj(without-19, verses-21)
punct(written-9, .-22)

Sentence #11 (16 tokens):
These writings look like one long word & the translators added all of the above.
[Text=These CharacterOffsetBegin=1210 CharacterOffsetEnd=1215 PartOfSpeech=DT] [Text=writings CharacterOffsetBegin=1216 CharacterOffsetEnd=1224 PartOfSpeech=NNS] [Text=look CharacterOffsetBegin=1225 CharacterOffsetEnd=1229 PartOfSpeech=VBP] [Text=like CharacterOffsetBegin=1230 CharacterOffsetEnd=1234 PartOfSpeech=IN] [Text=one CharacterOffsetBegin=1235 CharacterOffsetEnd=1238 PartOfSpeech=CD] [Text=long CharacterOffsetBegin=1239 CharacterOffsetEnd=1243 PartOfSpeech=JJ] [Text=word CharacterOffsetBegin=1244 CharacterOffsetEnd=1248 PartOfSpeech=NN] [Text=& CharacterOffsetBegin=1249 CharacterOffsetEnd=1250 PartOfSpeech=CC] [Text=the CharacterOffsetBegin=1251 CharacterOffsetEnd=1254 PartOfSpeech=DT] [Text=translators CharacterOffsetBegin=1255 CharacterOffsetEnd=1266 PartOfSpeech=NNS] [Text=added CharacterOffsetBegin=1267 CharacterOffsetEnd=1272 PartOfSpeech=VBD] [Text=all CharacterOffsetBegin=1273 CharacterOffsetEnd=1276 PartOfSpeech=DT] [Text=of CharacterOffsetBegin=1277 CharacterOffsetEnd=1279 PartOfSpeech=IN] [Text=the CharacterOffsetBegin=1280 CharacterOffsetEnd=1283 PartOfSpeech=DT] [Text=above CharacterOffsetBegin=1284 CharacterOffsetEnd=1289 PartOfSpeech=JJ] [Text=. CharacterOffsetBegin=1289 CharacterOffsetEnd=1290 PartOfSpeech=.] 
root(ROOT-0, look-3)
det(writings-2, These-1)
nsubj(look-3, writings-2)
mark(added-11, like-4)
num(word-7, one-5)
amod(word-7, long-6)
nsubj(added-11, word-7)
cc(word-7, &-8)
det(translators-10, the-9)
conj(word-7, translators-10)
advcl(look-3, added-11)
dobj(added-11, all-12)
prep(all-12, of-13)
det(above-15, the-14)
pobj(of-13, above-15)
punct(look-3, .-16)

Sentence #12 (28 tokens):
For example how would you read this: GODISNOWHERE do you read it as God is nowhere or do you read it as God is now here?
[Text=For CharacterOffsetBegin=1295 CharacterOffsetEnd=1298 PartOfSpeech=IN] [Text=example CharacterOffsetBegin=1299 CharacterOffsetEnd=1306 PartOfSpeech=NN] [Text=how CharacterOffsetBegin=1307 CharacterOffsetEnd=1310 PartOfSpeech=WRB] [Text=would CharacterOffsetBegin=1311 CharacterOffsetEnd=1316 PartOfSpeech=MD] [Text=you CharacterOffsetBegin=1317 CharacterOffsetEnd=1320 PartOfSpeech=PRP] [Text=read CharacterOffsetBegin=1321 CharacterOffsetEnd=1325 PartOfSpeech=VB] [Text=this CharacterOffsetBegin=1326 CharacterOffsetEnd=1330 PartOfSpeech=DT] [Text=: CharacterOffsetBegin=1330 CharacterOffsetEnd=1331 PartOfSpeech=:] [Text=GODISNOWHERE CharacterOffsetBegin=1332 CharacterOffsetEnd=1344 PartOfSpeech=NN] [Text=do CharacterOffsetBegin=1345 CharacterOffsetEnd=1347 PartOfSpeech=VBP] [Text=you CharacterOffsetBegin=1348 CharacterOffsetEnd=1351 PartOfSpeech=PRP] [Text=read CharacterOffsetBegin=1352 CharacterOffsetEnd=1356 PartOfSpeech=VB] [Text=it CharacterOffsetBegin=1357 CharacterOffsetEnd=1359 PartOfSpeech=PRP] [Text=as CharacterOffsetBegin=1360 CharacterOffsetEnd=1362 PartOfSpeech=IN] [Text=God CharacterOffsetBegin=1363 CharacterOffsetEnd=1366 PartOfSpeech=NNP] [Text=is CharacterOffsetBegin=1367 CharacterOffsetEnd=1369 PartOfSpeech=VBZ] [Text=nowhere CharacterOffsetBegin=1370 CharacterOffsetEnd=1377 PartOfSpeech=RB] [Text=or CharacterOffsetBegin=1378 CharacterOffsetEnd=1380 PartOfSpeech=CC] [Text=do CharacterOffsetBegin=1381 CharacterOffsetEnd=1383 PartOfSpeech=VB] [Text=you CharacterOffsetBegin=1384 CharacterOffsetEnd=1387 PartOfSpeech=PRP] [Text=read CharacterOffsetBegin=1388 CharacterOffsetEnd=1392 PartOfSpeech=VB] [Text=it CharacterOffsetBegin=1393 CharacterOffsetEnd=1395 PartOfSpeech=PRP] [Text=as CharacterOffsetBegin=1396 CharacterOffsetEnd=1398 PartOfSpeech=IN] [Text=God CharacterOffsetBegin=1399 CharacterOffsetEnd=1402 PartOfSpeech=NNP] [Text=is CharacterOffsetBegin=1403 CharacterOffsetEnd=1405 PartOfSpeech=VBZ] [Text=now CharacterOffsetBegin=1406 CharacterOffsetEnd=1409 PartOfSpeech=RB] [Text=here CharacterOffsetBegin=1410 CharacterOffsetEnd=1414 PartOfSpeech=RB] [Text=? CharacterOffsetBegin=1414 CharacterOffsetEnd=1415 PartOfSpeech=.] 
root(ROOT-0, read-6)
prep(read-6, For-1)
pobj(For-1, example-2)
advmod(read-6, how-3)
aux(read-6, would-4)
nsubj(read-6, you-5)
dobj(read-6, this-7)
punct(read-6, :-8)
nsubj(read-12, GODISNOWHERE-9)
aux(read-12, do-10)
nsubj(read-12, you-11)
parataxis(read-6, read-12)
dobj(read-12, it-13)
mark(nowhere-17, as-14)
nsubj(nowhere-17, God-15)
cop(nowhere-17, is-16)
advcl(read-12, nowhere-17)
cc(nowhere-17, or-18)
aux(read-21, do-19)
nsubj(read-21, you-20)
conj(nowhere-17, read-21)
dobj(read-21, it-22)
mark(is-25, as-23)
nsubj(is-25, God-24)
advcl(read-21, is-25)
advmod(is-25, now-26)
advmod(is-25, here-27)
punct(read-6, ?-28)

Sentence #13 (9 tokens):
Same string of letters two entirely different meanings.
[Text=Same CharacterOffsetBegin=1420 CharacterOffsetEnd=1424 PartOfSpeech=JJ] [Text=string CharacterOffsetBegin=1425 CharacterOffsetEnd=1431 PartOfSpeech=NN] [Text=of CharacterOffsetBegin=1432 CharacterOffsetEnd=1434 PartOfSpeech=IN] [Text=letters CharacterOffsetBegin=1435 CharacterOffsetEnd=1442 PartOfSpeech=NNS] [Text=two CharacterOffsetBegin=1443 CharacterOffsetEnd=1446 PartOfSpeech=CD] [Text=entirely CharacterOffsetBegin=1447 CharacterOffsetEnd=1455 PartOfSpeech=RB] [Text=different CharacterOffsetBegin=1456 CharacterOffsetEnd=1465 PartOfSpeech=JJ] [Text=meanings CharacterOffsetBegin=1466 CharacterOffsetEnd=1474 PartOfSpeech=NNS] [Text=. CharacterOffsetBegin=1474 CharacterOffsetEnd=1475 PartOfSpeech=.] 
root(ROOT-0, string-2)
amod(string-2, Same-1)
prep(string-2, of-3)
pobj(of-3, letters-4)
num(meanings-8, two-5)
advmod(different-7, entirely-6)
amod(meanings-8, different-7)
dep(letters-4, meanings-8)
punct(string-2, .-9)

Sentence #14 (44 tokens):
This is why many biblical researchers use a 'Lexicon' to assist them in translation as it provides a word for word translation from the original Arabic, Greek or Hebrew depending on the language in which the scripture was originally written.
[Text=This CharacterOffsetBegin=1480 CharacterOffsetEnd=1484 PartOfSpeech=DT] [Text=is CharacterOffsetBegin=1485 CharacterOffsetEnd=1487 PartOfSpeech=VBZ] [Text=why CharacterOffsetBegin=1488 CharacterOffsetEnd=1491 PartOfSpeech=WRB] [Text=many CharacterOffsetBegin=1492 CharacterOffsetEnd=1496 PartOfSpeech=JJ] [Text=biblical CharacterOffsetBegin=1497 CharacterOffsetEnd=1505 PartOfSpeech=JJ] [Text=researchers CharacterOffsetBegin=1506 CharacterOffsetEnd=1517 PartOfSpeech=NNS] [Text=use CharacterOffsetBegin=1518 CharacterOffsetEnd=1521 PartOfSpeech=VBP] [Text=a CharacterOffsetBegin=1522 CharacterOffsetEnd=1523 PartOfSpeech=DT] [Text=` CharacterOffsetBegin=1524 CharacterOffsetEnd=1525 PartOfSpeech=``] [Text=Lexicon CharacterOffsetBegin=1525 CharacterOffsetEnd=1532 PartOfSpeech=NN] [Text=' CharacterOffsetBegin=1532 CharacterOffsetEnd=1533 PartOfSpeech=''] [Text=to CharacterOffsetBegin=1534 CharacterOffsetEnd=1536 PartOfSpeech=TO] [Text=assist CharacterOffsetBegin=1537 CharacterOffsetEnd=1543 PartOfSpeech=VB] [Text=them CharacterOffsetBegin=1544 CharacterOffsetEnd=1548 PartOfSpeech=PRP] [Text=in CharacterOffsetBegin=1549 CharacterOffsetEnd=1551 PartOfSpeech=IN] [Text=translation CharacterOffsetBegin=1552 CharacterOffsetEnd=1563 PartOfSpeech=NN] [Text=as CharacterOffsetBegin=1564 CharacterOffsetEnd=1566 PartOfSpeech=IN] [Text=it CharacterOffsetBegin=1567 CharacterOffsetEnd=1569 PartOfSpeech=PRP] [Text=provides CharacterOffsetBegin=1570 CharacterOffsetEnd=1578 PartOfSpeech=VBZ] [Text=a CharacterOffsetBegin=1579 CharacterOffsetEnd=1580 PartOfSpeech=DT] [Text=word CharacterOffsetBegin=1581 CharacterOffsetEnd=1585 PartOfSpeech=NN] [Text=for CharacterOffsetBegin=1586 CharacterOffsetEnd=1589 PartOfSpeech=IN] [Text=word CharacterOffsetBegin=1590 CharacterOffsetEnd=1594 PartOfSpeech=NN] [Text=translation CharacterOffsetBegin=1595 CharacterOffsetEnd=1606 PartOfSpeech=NN] [Text=from CharacterOffsetBegin=1607 CharacterOffsetEnd=1611 PartOfSpeech=IN] [Text=the CharacterOffsetBegin=1612 CharacterOffsetEnd=1615 PartOfSpeech=DT] [Text=original CharacterOffsetBegin=1616 CharacterOffsetEnd=1624 PartOfSpeech=JJ] [Text=Arabic CharacterOffsetBegin=1625 CharacterOffsetEnd=1631 PartOfSpeech=NNP] [Text=, CharacterOffsetBegin=1631 CharacterOffsetEnd=1632 PartOfSpeech=,] [Text=Greek CharacterOffsetBegin=1633 CharacterOffsetEnd=1638 PartOfSpeech=JJ] [Text=or CharacterOffsetBegin=1639 CharacterOffsetEnd=1641 PartOfSpeech=CC] [Text=Hebrew CharacterOffsetBegin=1642 CharacterOffsetEnd=1648 PartOfSpeech=JJ] [Text=depending CharacterOffsetBegin=1649 CharacterOffsetEnd=1658 PartOfSpeech=VBG] [Text=on CharacterOffsetBegin=1659 CharacterOffsetEnd=1661 PartOfSpeech=IN] [Text=the CharacterOffsetBegin=1662 CharacterOffsetEnd=1665 PartOfSpeech=DT] [Text=language CharacterOffsetBegin=1666 CharacterOffsetEnd=1674 PartOfSpeech=NN] [Text=in CharacterOffsetBegin=1675 CharacterOffsetEnd=1677 PartOfSpeech=IN] [Text=which CharacterOffsetBegin=1678 CharacterOffsetEnd=1683 PartOfSpeech=WDT] [Text=the CharacterOffsetBegin=1684 CharacterOffsetEnd=1687 PartOfSpeech=DT] [Text=scripture CharacterOffsetBegin=1688 CharacterOffsetEnd=1697 PartOfSpeech=NN] [Text=was CharacterOffsetBegin=1698 CharacterOffsetEnd=1701 PartOfSpeech=VBD] [Text=originally CharacterOffsetBegin=1702 CharacterOffsetEnd=1712 PartOfSpeech=RB] [Text=written CharacterOffsetBegin=1713 CharacterOffsetEnd=1720 PartOfSpeech=VBN] [Text=. CharacterOffsetBegin=1720 CharacterOffsetEnd=1721 PartOfSpeech=.] 
root(ROOT-0, is-2)
nsubj(is-2, This-1)
advmod(use-7, why-3)
amod(researchers-6, many-4)
amod(researchers-6, biblical-5)
nsubj(use-7, researchers-6)
advcl(is-2, use-7)
det(Lexicon-10, a-8)
punct(Lexicon-10, `-9)
dobj(use-7, Lexicon-10)
punct(Lexicon-10, '-11)
aux(assist-13, to-12)
infmod(Lexicon-10, assist-13)
dobj(assist-13, them-14)
prep(Lexicon-10, in-15)
pobj(in-15, translation-16)
mark(provides-19, as-17)
nsubj(provides-19, it-18)
advcl(use-7, provides-19)
det(word-21, a-20)
dobj(provides-19, word-21)
prep(word-21, for-22)
nn(translation-24, word-23)
pobj(for-22, translation-24)
prep(provides-19, from-25)
det(Arabic-28, the-26)
amod(Arabic-28, original-27)
pobj(from-25, Arabic-28)
punct(Arabic-28, ,-29)
amod(depending-33, Greek-30)
cc(Greek-30, or-31)
conj(Greek-30, Hebrew-32)
prep(Arabic-28, depending-33)
pcomp(depending-33, on-34)
det(language-36, the-35)
pobj(on-34, language-36)
prep(written-43, in-37)
pobj(in-37, which-38)
det(scripture-40, the-39)
nsubjpass(written-43, scripture-40)
auxpass(written-43, was-41)
advmod(written-43, originally-42)
rcmod(language-36, written-43)
punct(is-2, .-44)

Sentence #15 (27 tokens):
It's also interesting to note that when translated into symbolic logic you can prove God exists but you can not prove He doesn't exist!
[Text=It CharacterOffsetBegin=1726 CharacterOffsetEnd=1728 PartOfSpeech=PRP] [Text='s CharacterOffsetBegin=1728 CharacterOffsetEnd=1730 PartOfSpeech=VBZ] [Text=also CharacterOffsetBegin=1731 CharacterOffsetEnd=1735 PartOfSpeech=RB] [Text=interesting CharacterOffsetBegin=1736 CharacterOffsetEnd=1747 PartOfSpeech=JJ] [Text=to CharacterOffsetBegin=1748 CharacterOffsetEnd=1750 PartOfSpeech=TO] [Text=note CharacterOffsetBegin=1751 CharacterOffsetEnd=1755 PartOfSpeech=VB] [Text=that CharacterOffsetBegin=1756 CharacterOffsetEnd=1760 PartOfSpeech=IN] [Text=when CharacterOffsetBegin=1761 CharacterOffsetEnd=1765 PartOfSpeech=WRB] [Text=translated CharacterOffsetBegin=1766 CharacterOffsetEnd=1776 PartOfSpeech=VBN] [Text=into CharacterOffsetBegin=1777 CharacterOffsetEnd=1781 PartOfSpeech=IN] [Text=symbolic CharacterOffsetBegin=1782 CharacterOffsetEnd=1790 PartOfSpeech=JJ] [Text=logic CharacterOffsetBegin=1791 CharacterOffsetEnd=1796 PartOfSpeech=NN] [Text=you CharacterOffsetBegin=1797 CharacterOffsetEnd=1800 PartOfSpeech=PRP] [Text=can CharacterOffsetBegin=1801 CharacterOffsetEnd=1804 PartOfSpeech=MD] [Text=prove CharacterOffsetBegin=1805 CharacterOffsetEnd=1810 PartOfSpeech=VB] [Text=God CharacterOffsetBegin=1811 CharacterOffsetEnd=1814 PartOfSpeech=NNP] [Text=exists CharacterOffsetBegin=1815 CharacterOffsetEnd=1821 PartOfSpeech=VBZ] [Text=but CharacterOffsetBegin=1822 CharacterOffsetEnd=1825 PartOfSpeech=CC] [Text=you CharacterOffsetBegin=1826 CharacterOffsetEnd=1829 PartOfSpeech=PRP] [Text=can CharacterOffsetBegin=1830 CharacterOffsetEnd=1833 PartOfSpeech=MD] [Text=not CharacterOffsetBegin=1834 CharacterOffsetEnd=1837 PartOfSpeech=RB] [Text=prove CharacterOffsetBegin=1838 CharacterOffsetEnd=1843 PartOfSpeech=VB] [Text=He CharacterOffsetBegin=1844 CharacterOffsetEnd=1846 PartOfSpeech=PRP] [Text=does CharacterOffsetBegin=1847 CharacterOffsetEnd=1851 PartOfSpeech=VBZ] [Text=n't CharacterOffsetBegin=1851 CharacterOffsetEnd=1854 PartOfSpeech=RB] [Text=exist CharacterOffsetBegin=1855 CharacterOffsetEnd=1860 PartOfSpeech=VB] [Text=! CharacterOffsetBegin=1860 CharacterOffsetEnd=1861 PartOfSpeech=.] 
root(ROOT-0, interesting-4)
nsubj(interesting-4, It-1)
cop(interesting-4, 's-2)
advmod(interesting-4, also-3)
aux(note-6, to-5)
xcomp(interesting-4, note-6)
mark(prove-15, that-7)
advmod(translated-9, when-8)
advcl(prove-15, translated-9)
prep(translated-9, into-10)
amod(logic-12, symbolic-11)
pobj(into-10, logic-12)
nsubj(prove-15, you-13)
aux(prove-15, can-14)
ccomp(note-6, prove-15)
dobj(prove-15, God-16)
dep(interesting-4, exists-17)
cc(prove-22, but-18)
nsubj(prove-22, you-19)
aux(prove-22, can-20)
neg(prove-22, not-21)
ccomp(exists-17, prove-22)
nsubj(exist-26, He-23)
aux(exist-26, does-24)
neg(exist-26, n't-25)
ccomp(prove-22, exist-26)
punct(interesting-4, !-27)

Sentence #16 (24 tokens):
In the end I just love listening to people who think they are so smart that they are qualified to judge the almighty.
[Text=In CharacterOffsetBegin=1866 CharacterOffsetEnd=1868 PartOfSpeech=IN] [Text=the CharacterOffsetBegin=1869 CharacterOffsetEnd=1872 PartOfSpeech=DT] [Text=end CharacterOffsetBegin=1873 CharacterOffsetEnd=1876 PartOfSpeech=NN] [Text=I CharacterOffsetBegin=1877 CharacterOffsetEnd=1878 PartOfSpeech=PRP] [Text=just CharacterOffsetBegin=1879 CharacterOffsetEnd=1883 PartOfSpeech=RB] [Text=love CharacterOffsetBegin=1884 CharacterOffsetEnd=1888 PartOfSpeech=VBP] [Text=listening CharacterOffsetBegin=1889 CharacterOffsetEnd=1898 PartOfSpeech=VBG] [Text=to CharacterOffsetBegin=1899 CharacterOffsetEnd=1901 PartOfSpeech=TO] [Text=people CharacterOffsetBegin=1902 CharacterOffsetEnd=1908 PartOfSpeech=NNS] [Text=who CharacterOffsetBegin=1909 CharacterOffsetEnd=1912 PartOfSpeech=WP] [Text=think CharacterOffsetBegin=1913 CharacterOffsetEnd=1918 PartOfSpeech=VBP] [Text=they CharacterOffsetBegin=1919 CharacterOffsetEnd=1923 PartOfSpeech=PRP] [Text=are CharacterOffsetBegin=1924 CharacterOffsetEnd=1927 PartOfSpeech=VBP] [Text=so CharacterOffsetBegin=1928 CharacterOffsetEnd=1930 PartOfSpeech=RB] [Text=smart CharacterOffsetBegin=1931 CharacterOffsetEnd=1936 PartOfSpeech=JJ] [Text=that CharacterOffsetBegin=1937 CharacterOffsetEnd=1941 PartOfSpeech=IN] [Text=they CharacterOffsetBegin=1942 CharacterOffsetEnd=1946 PartOfSpeech=PRP] [Text=are CharacterOffsetBegin=1947 CharacterOffsetEnd=1950 PartOfSpeech=VBP] [Text=qualified CharacterOffsetBegin=1951 CharacterOffsetEnd=1960 PartOfSpeech=VBN] [Text=to CharacterOffsetBegin=1961 CharacterOffsetEnd=1963 PartOfSpeech=TO] [Text=judge CharacterOffsetBegin=1964 CharacterOffsetEnd=1969 PartOfSpeech=VB] [Text=the CharacterOffsetBegin=1970 CharacterOffsetEnd=1973 PartOfSpeech=DT] [Text=almighty CharacterOffsetBegin=1974 CharacterOffsetEnd=1982 PartOfSpeech=NN] [Text=. CharacterOffsetBegin=1982 CharacterOffsetEnd=1983 PartOfSpeech=.] 
root(ROOT-0, love-6)
prep(love-6, In-1)
det(end-3, the-2)
pobj(In-1, end-3)
nsubj(love-6, I-4)
advmod(love-6, just-5)
xcomp(love-6, listening-7)
prep(listening-7, to-8)
pobj(to-8, people-9)
nsubj(think-11, who-10)
rcmod(people-9, think-11)
nsubj(smart-15, they-12)
cop(smart-15, are-13)
advmod(smart-15, so-14)
ccomp(think-11, smart-15)
mark(qualified-19, that-16)
nsubjpass(qualified-19, they-17)
auxpass(qualified-19, are-18)
ccomp(smart-15, qualified-19)
aux(judge-21, to-20)
xcomp(qualified-19, judge-21)
det(almighty-23, the-22)
dobj(judge-21, almighty-23)
punct(love-6, .-24)

Sentence #17 (4 tokens):
Talk about ego!
[Text=Talk CharacterOffsetBegin=1988 CharacterOffsetEnd=1992 PartOfSpeech=NN] [Text=about CharacterOffsetBegin=1993 CharacterOffsetEnd=1998 PartOfSpeech=IN] [Text=ego CharacterOffsetBegin=1999 CharacterOffsetEnd=2002 PartOfSpeech=NN] [Text=! CharacterOffsetBegin=2002 CharacterOffsetEnd=2003 PartOfSpeech=.] 
root(ROOT-0, Talk-1)
prep(Talk-1, about-2)
pobj(about-2, ego-3)
punct(Talk-1, !-4)

Sentence #18 (7 tokens):
Putting soapbox away, God Bless Maegi
[Text=Putting CharacterOffsetBegin=2008 CharacterOffsetEnd=2015 PartOfSpeech=VBG] [Text=soapbox CharacterOffsetBegin=2016 CharacterOffsetEnd=2023 PartOfSpeech=NN] [Text=away CharacterOffsetBegin=2024 CharacterOffsetEnd=2028 PartOfSpeech=RB] [Text=, CharacterOffsetBegin=2028 CharacterOffsetEnd=2029 PartOfSpeech=,] [Text=God CharacterOffsetBegin=2030 CharacterOffsetEnd=2033 PartOfSpeech=NNP] [Text=Bless CharacterOffsetBegin=2034 CharacterOffsetEnd=2039 PartOfSpeech=NNP] [Text=Maegi CharacterOffsetBegin=2040 CharacterOffsetEnd=2045 PartOfSpeech=NNP] 
root(ROOT-0, Maegi-7)
partmod(Maegi-7, Putting-1)
dobj(Putting-1, soapbox-2)
advmod(Putting-1, away-3)
punct(Maegi-7, ,-4)
nn(Maegi-7, God-5)
nn(Maegi-7, Bless-6)

