Sentence #1 (28 tokens):
Jane Russell proved to be a delightful musical-comedy performer in the similarly titled "Gentlemen Prefer Blondes" but, sadly, this film squanders those skills.
[Text=Jane CharacterOffsetBegin=4 CharacterOffsetEnd=8 PartOfSpeech=NNP] [Text=Russell CharacterOffsetBegin=9 CharacterOffsetEnd=16 PartOfSpeech=NNP] [Text=proved CharacterOffsetBegin=17 CharacterOffsetEnd=23 PartOfSpeech=VBD] [Text=to CharacterOffsetBegin=24 CharacterOffsetEnd=26 PartOfSpeech=TO] [Text=be CharacterOffsetBegin=27 CharacterOffsetEnd=29 PartOfSpeech=VB] [Text=a CharacterOffsetBegin=30 CharacterOffsetEnd=31 PartOfSpeech=DT] [Text=delightful CharacterOffsetBegin=32 CharacterOffsetEnd=42 PartOfSpeech=JJ] [Text=musical-comedy CharacterOffsetBegin=43 CharacterOffsetEnd=57 PartOfSpeech=JJ] [Text=performer CharacterOffsetBegin=58 CharacterOffsetEnd=67 PartOfSpeech=NN] [Text=in CharacterOffsetBegin=68 CharacterOffsetEnd=70 PartOfSpeech=IN] [Text=the CharacterOffsetBegin=71 CharacterOffsetEnd=74 PartOfSpeech=DT] [Text=similarly CharacterOffsetBegin=75 CharacterOffsetEnd=84 PartOfSpeech=RB] [Text=titled CharacterOffsetBegin=85 CharacterOffsetEnd=91 PartOfSpeech=VBN] [Text=`` CharacterOffsetBegin=92 CharacterOffsetEnd=93 PartOfSpeech=``] [Text=Gentlemen CharacterOffsetBegin=93 CharacterOffsetEnd=102 PartOfSpeech=NNP] [Text=Prefer CharacterOffsetBegin=103 CharacterOffsetEnd=109 PartOfSpeech=NNP] [Text=Blondes CharacterOffsetBegin=110 CharacterOffsetEnd=117 PartOfSpeech=NNPS] [Text='' CharacterOffsetBegin=117 CharacterOffsetEnd=118 PartOfSpeech=''] [Text=but CharacterOffsetBegin=119 CharacterOffsetEnd=122 PartOfSpeech=CC] [Text=, CharacterOffsetBegin=122 CharacterOffsetEnd=123 PartOfSpeech=,] [Text=sadly CharacterOffsetBegin=124 CharacterOffsetEnd=129 PartOfSpeech=RB] [Text=, CharacterOffsetBegin=129 CharacterOffsetEnd=130 PartOfSpeech=,] [Text=this CharacterOffsetBegin=131 CharacterOffsetEnd=135 PartOfSpeech=DT] [Text=film CharacterOffsetBegin=136 CharacterOffsetEnd=140 PartOfSpeech=NN] [Text=squanders CharacterOffsetBegin=141 CharacterOffsetEnd=150 PartOfSpeech=VBZ] [Text=those CharacterOffsetBegin=151 CharacterOffsetEnd=156 PartOfSpeech=DT] [Text=skills CharacterOffsetBegin=157 CharacterOffsetEnd=163 PartOfSpeech=NNS] [Text=. CharacterOffsetBegin=163 CharacterOffsetEnd=164 PartOfSpeech=.] 
root(ROOT-0, proved-3)
nn(Russell-2, Jane-1)
nsubj(proved-3, Russell-2)
aux(performer-9, to-4)
cop(performer-9, be-5)
det(performer-9, a-6)
amod(performer-9, delightful-7)
amod(performer-9, musical-comedy-8)
xcomp(proved-3, performer-9)
prep(performer-9, in-10)
pobj(in-10, the-11)
advmod(the-11, similarly-12)
dep(similarly-12, titled-13)
punct(Blondes-17, ``-14)
nn(Blondes-17, Gentlemen-15)
nn(Blondes-17, Prefer-16)
dep(titled-13, Blondes-17)
punct(Blondes-17, ''-18)
cc(Blondes-17, but-19)
punct(Blondes-17, ,-20)
conj(Blondes-17, sadly-21)
punct(Blondes-17, ,-22)
det(film-24, this-23)
nsubj(squanders-25, film-24)
rcmod(Blondes-17, squanders-25)
det(skills-27, those-26)
dobj(squanders-25, skills-27)
punct(proved-3, .-28)

Sentence #2 (18 tokens):
There is a budget, and nice Paris photography, but the film just doesn't work.
[Text=There CharacterOffsetBegin=169 CharacterOffsetEnd=174 PartOfSpeech=EX] [Text=is CharacterOffsetBegin=175 CharacterOffsetEnd=177 PartOfSpeech=VBZ] [Text=a CharacterOffsetBegin=178 CharacterOffsetEnd=179 PartOfSpeech=DT] [Text=budget CharacterOffsetBegin=180 CharacterOffsetEnd=186 PartOfSpeech=NN] [Text=, CharacterOffsetBegin=186 CharacterOffsetEnd=187 PartOfSpeech=,] [Text=and CharacterOffsetBegin=188 CharacterOffsetEnd=191 PartOfSpeech=CC] [Text=nice CharacterOffsetBegin=192 CharacterOffsetEnd=196 PartOfSpeech=JJ] [Text=Paris CharacterOffsetBegin=197 CharacterOffsetEnd=202 PartOfSpeech=NNP] [Text=photography CharacterOffsetBegin=203 CharacterOffsetEnd=214 PartOfSpeech=NN] [Text=, CharacterOffsetBegin=214 CharacterOffsetEnd=215 PartOfSpeech=,] [Text=but CharacterOffsetBegin=216 CharacterOffsetEnd=219 PartOfSpeech=CC] [Text=the CharacterOffsetBegin=220 CharacterOffsetEnd=223 PartOfSpeech=DT] [Text=film CharacterOffsetBegin=224 CharacterOffsetEnd=228 PartOfSpeech=NN] [Text=just CharacterOffsetBegin=229 CharacterOffsetEnd=233 PartOfSpeech=RB] [Text=does CharacterOffsetBegin=234 CharacterOffsetEnd=238 PartOfSpeech=VBZ] [Text=n't CharacterOffsetBegin=238 CharacterOffsetEnd=241 PartOfSpeech=RB] [Text=work CharacterOffsetBegin=242 CharacterOffsetEnd=246 PartOfSpeech=VB] [Text=. CharacterOffsetBegin=246 CharacterOffsetEnd=247 PartOfSpeech=.] 
root(ROOT-0, is-2)
expl(is-2, There-1)
det(budget-4, a-3)
nsubj(is-2, budget-4)
punct(is-2, ,-5)
cc(is-2, and-6)
amod(photography-9, nice-7)
nn(photography-9, Paris-8)
conj(is-2, photography-9)
punct(is-2, ,-10)
cc(is-2, but-11)
det(film-13, the-12)
nsubj(work-17, film-13)
advmod(work-17, just-14)
aux(work-17, does-15)
neg(work-17, n't-16)
conj(is-2, work-17)
punct(is-2, .-18)

Sentence #3 (9 tokens):
Ms. Russell seems to be playing Marilyn Monroe.
[Text=Ms. CharacterOffsetBegin=252 CharacterOffsetEnd=255 PartOfSpeech=NNP] [Text=Russell CharacterOffsetBegin=256 CharacterOffsetEnd=263 PartOfSpeech=NNP] [Text=seems CharacterOffsetBegin=264 CharacterOffsetEnd=269 PartOfSpeech=VBZ] [Text=to CharacterOffsetBegin=270 CharacterOffsetEnd=272 PartOfSpeech=TO] [Text=be CharacterOffsetBegin=273 CharacterOffsetEnd=275 PartOfSpeech=VB] [Text=playing CharacterOffsetBegin=276 CharacterOffsetEnd=283 PartOfSpeech=VBG] [Text=Marilyn CharacterOffsetBegin=284 CharacterOffsetEnd=291 PartOfSpeech=NNP] [Text=Monroe CharacterOffsetBegin=292 CharacterOffsetEnd=298 PartOfSpeech=NNP] [Text=. CharacterOffsetBegin=298 CharacterOffsetEnd=299 PartOfSpeech=.] 
root(ROOT-0, seems-3)
nn(Russell-2, Ms.-1)
nsubj(seems-3, Russell-2)
aux(playing-6, to-4)
aux(playing-6, be-5)
xcomp(seems-3, playing-6)
nn(Monroe-8, Marilyn-7)
dobj(playing-6, Monroe-8)
punct(seems-3, .-9)

Sentence #4 (9 tokens):
That leaves nobody to adequately play Jane Russell.
[Text=That CharacterOffsetBegin=304 CharacterOffsetEnd=308 PartOfSpeech=DT] [Text=leaves CharacterOffsetBegin=309 CharacterOffsetEnd=315 PartOfSpeech=VBZ] [Text=nobody CharacterOffsetBegin=316 CharacterOffsetEnd=322 PartOfSpeech=NN] [Text=to CharacterOffsetBegin=323 CharacterOffsetEnd=325 PartOfSpeech=TO] [Text=adequately CharacterOffsetBegin=326 CharacterOffsetEnd=336 PartOfSpeech=RB] [Text=play CharacterOffsetBegin=337 CharacterOffsetEnd=341 PartOfSpeech=VB] [Text=Jane CharacterOffsetBegin=342 CharacterOffsetEnd=346 PartOfSpeech=NNP] [Text=Russell CharacterOffsetBegin=347 CharacterOffsetEnd=354 PartOfSpeech=NNP] [Text=. CharacterOffsetBegin=354 CharacterOffsetEnd=355 PartOfSpeech=.] 
root(ROOT-0, leaves-2)
nsubj(leaves-2, That-1)
nsubj(play-6, nobody-3)
aux(play-6, to-4)
advmod(play-6, adequately-5)
xcomp(leaves-2, play-6)
nn(Russell-8, Jane-7)
dobj(play-6, Russell-8)
punct(leaves-2, .-9)

Sentence #5 (61 tokens):
Some of the other players are WAY out of their element.There are several embarrassing scenes; most of all, be warned: there is a musical number where boneheaded African cannibals "cook" the brunettes in a pot, after Alan Young sings in a gorilla suit.This is an interesting, at times embarrassing, waste of resources.
[Text=Some CharacterOffsetBegin=360 CharacterOffsetEnd=364 PartOfSpeech=DT] [Text=of CharacterOffsetBegin=365 CharacterOffsetEnd=367 PartOfSpeech=IN] [Text=the CharacterOffsetBegin=368 CharacterOffsetEnd=371 PartOfSpeech=DT] [Text=other CharacterOffsetBegin=372 CharacterOffsetEnd=377 PartOfSpeech=JJ] [Text=players CharacterOffsetBegin=378 CharacterOffsetEnd=385 PartOfSpeech=NNS] [Text=are CharacterOffsetBegin=386 CharacterOffsetEnd=389 PartOfSpeech=VBP] [Text=WAY CharacterOffsetBegin=390 CharacterOffsetEnd=393 PartOfSpeech=NNP] [Text=out CharacterOffsetBegin=394 CharacterOffsetEnd=397 PartOfSpeech=IN] [Text=of CharacterOffsetBegin=398 CharacterOffsetEnd=400 PartOfSpeech=IN] [Text=their CharacterOffsetBegin=401 CharacterOffsetEnd=406 PartOfSpeech=PRP$] [Text=element.There CharacterOffsetBegin=407 CharacterOffsetEnd=420 PartOfSpeech=NNP] [Text=are CharacterOffsetBegin=421 CharacterOffsetEnd=424 PartOfSpeech=VBP] [Text=several CharacterOffsetBegin=425 CharacterOffsetEnd=432 PartOfSpeech=JJ] [Text=embarrassing CharacterOffsetBegin=433 CharacterOffsetEnd=445 PartOfSpeech=JJ] [Text=scenes CharacterOffsetBegin=446 CharacterOffsetEnd=452 PartOfSpeech=NNS] [Text=; CharacterOffsetBegin=452 CharacterOffsetEnd=453 PartOfSpeech=:] [Text=most CharacterOffsetBegin=454 CharacterOffsetEnd=458 PartOfSpeech=JJS] [Text=of CharacterOffsetBegin=459 CharacterOffsetEnd=461 PartOfSpeech=IN] [Text=all CharacterOffsetBegin=462 CharacterOffsetEnd=465 PartOfSpeech=DT] [Text=, CharacterOffsetBegin=465 CharacterOffsetEnd=466 PartOfSpeech=,] [Text=be CharacterOffsetBegin=467 CharacterOffsetEnd=469 PartOfSpeech=VB] [Text=warned CharacterOffsetBegin=470 CharacterOffsetEnd=476 PartOfSpeech=VBN] [Text=: CharacterOffsetBegin=476 CharacterOffsetEnd=477 PartOfSpeech=:] [Text=there CharacterOffsetBegin=478 CharacterOffsetEnd=483 PartOfSpeech=EX] [Text=is CharacterOffsetBegin=484 CharacterOffsetEnd=486 PartOfSpeech=VBZ] [Text=a CharacterOffsetBegin=487 CharacterOffsetEnd=488 PartOfSpeech=DT] [Text=musical CharacterOffsetBegin=489 CharacterOffsetEnd=496 PartOfSpeech=JJ] [Text=number CharacterOffsetBegin=497 CharacterOffsetEnd=503 PartOfSpeech=NN] [Text=where CharacterOffsetBegin=504 CharacterOffsetEnd=509 PartOfSpeech=WRB] [Text=boneheaded CharacterOffsetBegin=510 CharacterOffsetEnd=520 PartOfSpeech=JJ] [Text=African CharacterOffsetBegin=521 CharacterOffsetEnd=528 PartOfSpeech=JJ] [Text=cannibals CharacterOffsetBegin=529 CharacterOffsetEnd=538 PartOfSpeech=NNS] [Text=`` CharacterOffsetBegin=539 CharacterOffsetEnd=540 PartOfSpeech=``] [Text=cook CharacterOffsetBegin=540 CharacterOffsetEnd=544 PartOfSpeech=NN] [Text='' CharacterOffsetBegin=544 CharacterOffsetEnd=545 PartOfSpeech=''] [Text=the CharacterOffsetBegin=546 CharacterOffsetEnd=549 PartOfSpeech=DT] [Text=brunettes CharacterOffsetBegin=550 CharacterOffsetEnd=559 PartOfSpeech=NNS] [Text=in CharacterOffsetBegin=560 CharacterOffsetEnd=562 PartOfSpeech=IN] [Text=a CharacterOffsetBegin=563 CharacterOffsetEnd=564 PartOfSpeech=DT] [Text=pot CharacterOffsetBegin=565 CharacterOffsetEnd=568 PartOfSpeech=NN] [Text=, CharacterOffsetBegin=568 CharacterOffsetEnd=569 PartOfSpeech=,] [Text=after CharacterOffsetBegin=570 CharacterOffsetEnd=575 PartOfSpeech=IN] [Text=Alan CharacterOffsetBegin=576 CharacterOffsetEnd=580 PartOfSpeech=NNP] [Text=Young CharacterOffsetBegin=581 CharacterOffsetEnd=586 PartOfSpeech=NNP] [Text=sings CharacterOffsetBegin=587 CharacterOffsetEnd=592 PartOfSpeech=VBZ] [Text=in CharacterOffsetBegin=593 CharacterOffsetEnd=595 PartOfSpeech=IN] [Text=a CharacterOffsetBegin=596 CharacterOffsetEnd=597 PartOfSpeech=DT] [Text=gorilla CharacterOffsetBegin=598 CharacterOffsetEnd=605 PartOfSpeech=NN] [Text=suit.This CharacterOffsetBegin=606 CharacterOffsetEnd=615 PartOfSpeech=NN] [Text=is CharacterOffsetBegin=616 CharacterOffsetEnd=618 PartOfSpeech=VBZ] [Text=an CharacterOffsetBegin=619 CharacterOffsetEnd=621 PartOfSpeech=DT] [Text=interesting CharacterOffsetBegin=622 CharacterOffsetEnd=633 PartOfSpeech=JJ] [Text=, CharacterOffsetBegin=633 CharacterOffsetEnd=634 PartOfSpeech=,] [Text=at CharacterOffsetBegin=635 CharacterOffsetEnd=637 PartOfSpeech=IN] [Text=times CharacterOffsetBegin=638 CharacterOffsetEnd=643 PartOfSpeech=NNS] [Text=embarrassing CharacterOffsetBegin=644 CharacterOffsetEnd=656 PartOfSpeech=JJ] [Text=, CharacterOffsetBegin=656 CharacterOffsetEnd=657 PartOfSpeech=,] [Text=waste CharacterOffsetBegin=658 CharacterOffsetEnd=663 PartOfSpeech=NN] [Text=of CharacterOffsetBegin=664 CharacterOffsetEnd=666 PartOfSpeech=IN] [Text=resources CharacterOffsetBegin=667 CharacterOffsetEnd=676 PartOfSpeech=NNS] [Text=. CharacterOffsetBegin=676 CharacterOffsetEnd=677 PartOfSpeech=.] 
root(ROOT-0, scenes-15)
nsubj(WAY-7, Some-1)
prep(Some-1, of-2)
det(players-5, the-3)
amod(players-5, other-4)
pobj(of-2, players-5)
cop(WAY-7, are-6)
nsubj(scenes-15, WAY-7)
prep(WAY-7, out-8)
pcomp(out-8, of-9)
poss(element.There-11, their-10)
pobj(of-9, element.There-11)
cop(scenes-15, are-12)
amod(scenes-15, several-13)
amod(scenes-15, embarrassing-14)
punct(scenes-15, ;-16)
nsubjpass(warned-22, most-17)
prep(most-17, of-18)
pobj(of-18, all-19)
punct(warned-22, ,-20)
auxpass(warned-22, be-21)
parataxis(scenes-15, warned-22)
punct(warned-22, :-23)
expl(is-25, there-24)
parataxis(warned-22, is-25)
det(number-28, a-26)
amod(number-28, musical-27)
nsubj(is-25, number-28)
advmod(cook-34, where-29)
amod(cannibals-32, boneheaded-30)
amod(cannibals-32, African-31)
dep(cook-34, cannibals-32)
punct(cook-34, ``-33)
rcmod(number-28, cook-34)
punct(cook-34, ''-35)
det(brunettes-37, the-36)
dep(cook-34, brunettes-37)
prep(brunettes-37, in-38)
det(pot-40, a-39)
pobj(in-38, pot-40)
punct(is-25, ,-41)
mark(sings-45, after-42)
nn(Young-44, Alan-43)
nsubj(sings-45, Young-44)
advcl(is-25, sings-45)
prep(sings-45, in-46)
det(suit.This-49, a-47)
nn(suit.This-49, gorilla-48)
pobj(in-46, suit.This-49)
dep(sings-45, is-50)
nsubj(is-50, an-51)
amod(an-51, interesting-52)
punct(interesting-52, ,-53)
prep(interesting-52, at-54)
dep(embarrassing-56, times-55)
amod(waste-58, embarrassing-56)
punct(waste-58, ,-57)
pobj(at-54, waste-58)
prep(waste-58, of-59)
pobj(of-59, resources-60)
punct(scenes-15, .-61)

Sentence #6 (21 tokens):
*** Gentlemen Marry Brunettes (10/29/55) Richard Sale ~ Jane Russell, Jeanne Crain, Alan Young, Scott Brady
[Text=*** CharacterOffsetBegin=682 CharacterOffsetEnd=685 PartOfSpeech=CD] [Text=Gentlemen CharacterOffsetBegin=686 CharacterOffsetEnd=695 PartOfSpeech=NNS] [Text=Marry CharacterOffsetBegin=696 CharacterOffsetEnd=701 PartOfSpeech=VB] [Text=Brunettes CharacterOffsetBegin=702 CharacterOffsetEnd=711 PartOfSpeech=NNS] [Text=-LRB- CharacterOffsetBegin=712 CharacterOffsetEnd=713 PartOfSpeech=-LRB-] [Text=10/29/55 CharacterOffsetBegin=713 CharacterOffsetEnd=721 PartOfSpeech=CD] [Text=-RRB- CharacterOffsetBegin=721 CharacterOffsetEnd=722 PartOfSpeech=-RRB-] [Text=Richard CharacterOffsetBegin=723 CharacterOffsetEnd=730 PartOfSpeech=NNP] [Text=Sale CharacterOffsetBegin=731 CharacterOffsetEnd=735 PartOfSpeech=NNP] [Text=~ CharacterOffsetBegin=736 CharacterOffsetEnd=737 PartOfSpeech=NNP] [Text=Jane CharacterOffsetBegin=738 CharacterOffsetEnd=742 PartOfSpeech=NNP] [Text=Russell CharacterOffsetBegin=743 CharacterOffsetEnd=750 PartOfSpeech=NNP] [Text=, CharacterOffsetBegin=750 CharacterOffsetEnd=751 PartOfSpeech=,] [Text=Jeanne CharacterOffsetBegin=752 CharacterOffsetEnd=758 PartOfSpeech=NNP] [Text=Crain CharacterOffsetBegin=759 CharacterOffsetEnd=764 PartOfSpeech=NNP] [Text=, CharacterOffsetBegin=764 CharacterOffsetEnd=765 PartOfSpeech=,] [Text=Alan CharacterOffsetBegin=766 CharacterOffsetEnd=770 PartOfSpeech=NNP] [Text=Young CharacterOffsetBegin=771 CharacterOffsetEnd=776 PartOfSpeech=NNP] [Text=, CharacterOffsetBegin=776 CharacterOffsetEnd=777 PartOfSpeech=,] [Text=Scott CharacterOffsetBegin=778 CharacterOffsetEnd=783 PartOfSpeech=NNP] [Text=Brady CharacterOffsetBegin=784 CharacterOffsetEnd=789 PartOfSpeech=NNP] 
root(ROOT-0, Gentlemen-2)
num(Gentlemen-2, ***-1)
dep(Gentlemen-2, Marry-3)
nn(Russell-12, Brunettes-4)
punct(10/29/55-6, -LRB--5)
dep(Russell-12, 10/29/55-6)
punct(10/29/55-6, -RRB--7)
nn(Russell-12, Richard-8)
nn(Russell-12, Sale-9)
nn(Russell-12, ~-10)
nn(Russell-12, Jane-11)
dep(Marry-3, Russell-12)
punct(Russell-12, ,-13)
nn(Crain-15, Jeanne-14)
appos(Russell-12, Crain-15)
punct(Russell-12, ,-16)
nn(Young-18, Alan-17)
appos(Russell-12, Young-18)
punct(Young-18, ,-19)
nn(Brady-21, Scott-20)
appos(Young-18, Brady-21)

