Sentence #1 (29 tokens):
Not exactly my genre, this straight-to-DVD street fight action is one I only encountered due to a friend putting it on whilst we had a few beers.
[Text=Not CharacterOffsetBegin=4 CharacterOffsetEnd=7 PartOfSpeech=RB] [Text=exactly CharacterOffsetBegin=8 CharacterOffsetEnd=15 PartOfSpeech=RB] [Text=my CharacterOffsetBegin=16 CharacterOffsetEnd=18 PartOfSpeech=PRP$] [Text=genre CharacterOffsetBegin=19 CharacterOffsetEnd=24 PartOfSpeech=NN] [Text=, CharacterOffsetBegin=24 CharacterOffsetEnd=25 PartOfSpeech=,] [Text=this CharacterOffsetBegin=26 CharacterOffsetEnd=30 PartOfSpeech=DT] [Text=straight-to-DVD CharacterOffsetBegin=31 CharacterOffsetEnd=46 PartOfSpeech=JJ] [Text=street CharacterOffsetBegin=47 CharacterOffsetEnd=53 PartOfSpeech=NN] [Text=fight CharacterOffsetBegin=54 CharacterOffsetEnd=59 PartOfSpeech=NN] [Text=action CharacterOffsetBegin=60 CharacterOffsetEnd=66 PartOfSpeech=NN] [Text=is CharacterOffsetBegin=67 CharacterOffsetEnd=69 PartOfSpeech=VBZ] [Text=one CharacterOffsetBegin=70 CharacterOffsetEnd=73 PartOfSpeech=CD] [Text=I CharacterOffsetBegin=74 CharacterOffsetEnd=75 PartOfSpeech=PRP] [Text=only CharacterOffsetBegin=76 CharacterOffsetEnd=80 PartOfSpeech=RB] [Text=encountered CharacterOffsetBegin=81 CharacterOffsetEnd=92 PartOfSpeech=VBD] [Text=due CharacterOffsetBegin=93 CharacterOffsetEnd=96 PartOfSpeech=JJ] [Text=to CharacterOffsetBegin=97 CharacterOffsetEnd=99 PartOfSpeech=TO] [Text=a CharacterOffsetBegin=100 CharacterOffsetEnd=101 PartOfSpeech=DT] [Text=friend CharacterOffsetBegin=102 CharacterOffsetEnd=108 PartOfSpeech=NN] [Text=putting CharacterOffsetBegin=109 CharacterOffsetEnd=116 PartOfSpeech=VBG] [Text=it CharacterOffsetBegin=117 CharacterOffsetEnd=119 PartOfSpeech=PRP] [Text=on CharacterOffsetBegin=120 CharacterOffsetEnd=122 PartOfSpeech=IN] [Text=whilst CharacterOffsetBegin=123 CharacterOffsetEnd=129 PartOfSpeech=IN] [Text=we CharacterOffsetBegin=130 CharacterOffsetEnd=132 PartOfSpeech=PRP] [Text=had CharacterOffsetBegin=133 CharacterOffsetEnd=136 PartOfSpeech=VBD] [Text=a CharacterOffsetBegin=137 CharacterOffsetEnd=138 PartOfSpeech=DT] [Text=few CharacterOffsetBegin=139 CharacterOffsetEnd=142 PartOfSpeech=JJ] [Text=beers CharacterOffsetBegin=143 CharacterOffsetEnd=148 PartOfSpeech=NNS] [Text=. CharacterOffsetBegin=148 CharacterOffsetEnd=149 PartOfSpeech=.] 
root(ROOT-0, genre-4)
neg(genre-4, Not-1)
advmod(genre-4, exactly-2)
poss(genre-4, my-3)
punct(genre-4, ,-5)
det(action-10, this-6)
amod(action-10, straight-to-DVD-7)
nn(action-10, street-8)
nn(action-10, fight-9)
nsubj(one-12, action-10)
cop(one-12, is-11)
rcmod(genre-4, one-12)
nsubj(encountered-15, I-13)
advmod(encountered-15, only-14)
rcmod(one-12, encountered-15)
advmod(encountered-15, due-16)
prep(due-16, to-17)
det(friend-19, a-18)
pobj(to-17, friend-19)
partmod(friend-19, putting-20)
dobj(putting-20, it-21)
prep(putting-20, on-22)
pobj(on-22, whilst-23)
nsubj(had-25, we-24)
rcmod(whilst-23, had-25)
det(beers-28, a-26)
amod(beers-28, few-27)
dobj(had-25, beers-28)
punct(genre-4, .-29)

Sentence #2 (49 tokens):
I'm relatively open minded, and quite a fan of Eamonn Walker, so I sat back ready to enjoy myself.Blood and Bone is the story of Isiah Bone, an ex-con who becomes a street fighter for unclear reasons which eventually unfold as the film progresses.
[Text=I CharacterOffsetBegin=154 CharacterOffsetEnd=155 PartOfSpeech=PRP] [Text='m CharacterOffsetBegin=155 CharacterOffsetEnd=157 PartOfSpeech=VBP] [Text=relatively CharacterOffsetBegin=158 CharacterOffsetEnd=168 PartOfSpeech=RB] [Text=open CharacterOffsetBegin=169 CharacterOffsetEnd=173 PartOfSpeech=JJ] [Text=minded CharacterOffsetBegin=174 CharacterOffsetEnd=180 PartOfSpeech=VBN] [Text=, CharacterOffsetBegin=180 CharacterOffsetEnd=181 PartOfSpeech=,] [Text=and CharacterOffsetBegin=182 CharacterOffsetEnd=185 PartOfSpeech=CC] [Text=quite CharacterOffsetBegin=186 CharacterOffsetEnd=191 PartOfSpeech=RB] [Text=a CharacterOffsetBegin=192 CharacterOffsetEnd=193 PartOfSpeech=DT] [Text=fan CharacterOffsetBegin=194 CharacterOffsetEnd=197 PartOfSpeech=NN] [Text=of CharacterOffsetBegin=198 CharacterOffsetEnd=200 PartOfSpeech=IN] [Text=Eamonn CharacterOffsetBegin=201 CharacterOffsetEnd=207 PartOfSpeech=NNP] [Text=Walker CharacterOffsetBegin=208 CharacterOffsetEnd=214 PartOfSpeech=NNP] [Text=, CharacterOffsetBegin=214 CharacterOffsetEnd=215 PartOfSpeech=,] [Text=so CharacterOffsetBegin=216 CharacterOffsetEnd=218 PartOfSpeech=IN] [Text=I CharacterOffsetBegin=219 CharacterOffsetEnd=220 PartOfSpeech=PRP] [Text=sat CharacterOffsetBegin=221 CharacterOffsetEnd=224 PartOfSpeech=VBD] [Text=back CharacterOffsetBegin=225 CharacterOffsetEnd=229 PartOfSpeech=RB] [Text=ready CharacterOffsetBegin=230 CharacterOffsetEnd=235 PartOfSpeech=JJ] [Text=to CharacterOffsetBegin=236 CharacterOffsetEnd=238 PartOfSpeech=TO] [Text=enjoy CharacterOffsetBegin=239 CharacterOffsetEnd=244 PartOfSpeech=VB] [Text=myself.Blood CharacterOffsetBegin=245 CharacterOffsetEnd=257 PartOfSpeech=NN] [Text=and CharacterOffsetBegin=258 CharacterOffsetEnd=261 PartOfSpeech=CC] [Text=Bone CharacterOffsetBegin=262 CharacterOffsetEnd=266 PartOfSpeech=NN] [Text=is CharacterOffsetBegin=267 CharacterOffsetEnd=269 PartOfSpeech=VBZ] [Text=the CharacterOffsetBegin=270 CharacterOffsetEnd=273 PartOfSpeech=DT] [Text=story CharacterOffsetBegin=274 CharacterOffsetEnd=279 PartOfSpeech=NN] [Text=of CharacterOffsetBegin=280 CharacterOffsetEnd=282 PartOfSpeech=IN] [Text=Isiah CharacterOffsetBegin=283 CharacterOffsetEnd=288 PartOfSpeech=NNP] [Text=Bone CharacterOffsetBegin=289 CharacterOffsetEnd=293 PartOfSpeech=NNP] [Text=, CharacterOffsetBegin=293 CharacterOffsetEnd=294 PartOfSpeech=,] [Text=an CharacterOffsetBegin=295 CharacterOffsetEnd=297 PartOfSpeech=DT] [Text=ex-con CharacterOffsetBegin=298 CharacterOffsetEnd=304 PartOfSpeech=NN] [Text=who CharacterOffsetBegin=305 CharacterOffsetEnd=308 PartOfSpeech=WP] [Text=becomes CharacterOffsetBegin=309 CharacterOffsetEnd=316 PartOfSpeech=VBZ] [Text=a CharacterOffsetBegin=317 CharacterOffsetEnd=318 PartOfSpeech=DT] [Text=street CharacterOffsetBegin=319 CharacterOffsetEnd=325 PartOfSpeech=NN] [Text=fighter CharacterOffsetBegin=326 CharacterOffsetEnd=333 PartOfSpeech=NN] [Text=for CharacterOffsetBegin=334 CharacterOffsetEnd=337 PartOfSpeech=IN] [Text=unclear CharacterOffsetBegin=338 CharacterOffsetEnd=345 PartOfSpeech=JJ] [Text=reasons CharacterOffsetBegin=346 CharacterOffsetEnd=353 PartOfSpeech=NNS] [Text=which CharacterOffsetBegin=354 CharacterOffsetEnd=359 PartOfSpeech=WDT] [Text=eventually CharacterOffsetBegin=360 CharacterOffsetEnd=370 PartOfSpeech=RB] [Text=unfold CharacterOffsetBegin=371 CharacterOffsetEnd=377 PartOfSpeech=VBP] [Text=as CharacterOffsetBegin=378 CharacterOffsetEnd=380 PartOfSpeech=IN] [Text=the CharacterOffsetBegin=381 CharacterOffsetEnd=384 PartOfSpeech=DT] [Text=film CharacterOffsetBegin=385 CharacterOffsetEnd=389 PartOfSpeech=NN] [Text=progresses CharacterOffsetBegin=390 CharacterOffsetEnd=400 PartOfSpeech=VBZ] [Text=. CharacterOffsetBegin=400 CharacterOffsetEnd=401 PartOfSpeech=.] 
root(ROOT-0, open-4)
nsubj(open-4, I-1)
cop(open-4, 'm-2)
advmod(open-4, relatively-3)
dobj(open-4, minded-5)
punct(minded-5, ,-6)
cc(minded-5, and-7)
advmod(fan-10, quite-8)
det(fan-10, a-9)
conj(minded-5, fan-10)
prep(fan-10, of-11)
nn(Walker-13, Eamonn-12)
pobj(of-11, Walker-13)
punct(open-4, ,-14)
dep(open-4, so-15)
nsubj(sat-17, I-16)
parataxis(open-4, sat-17)
advmod(sat-17, back-18)
dep(sat-17, ready-19)
aux(enjoy-21, to-20)
xcomp(ready-19, enjoy-21)
dobj(enjoy-21, myself.Blood-22)
cc(sat-17, and-23)
nsubj(story-27, Bone-24)
cop(story-27, is-25)
det(story-27, the-26)
conj(sat-17, story-27)
prep(story-27, of-28)
nn(Bone-30, Isiah-29)
pobj(of-28, Bone-30)
punct(Bone-30, ,-31)
det(ex-con-33, an-32)
appos(Bone-30, ex-con-33)
nsubj(fighter-38, who-34)
cop(fighter-38, becomes-35)
det(fighter-38, a-36)
nn(fighter-38, street-37)
rcmod(ex-con-33, fighter-38)
prep(fighter-38, for-39)
amod(reasons-41, unclear-40)
pobj(for-39, reasons-41)
nsubj(unfold-44, which-42)
advmod(unfold-44, eventually-43)
rcmod(reasons-41, unfold-44)
mark(progresses-48, as-45)
det(film-47, the-46)
nsubj(progresses-48, film-47)
advcl(unfold-44, progresses-48)
punct(open-4, .-49)

Sentence #3 (7 tokens):
Blah blah blah.What a tedious film.
[Text=Blah CharacterOffsetBegin=406 CharacterOffsetEnd=410 PartOfSpeech=RB] [Text=blah CharacterOffsetBegin=411 CharacterOffsetEnd=415 PartOfSpeech=JJ] [Text=blah.What CharacterOffsetBegin=416 CharacterOffsetEnd=425 PartOfSpeech=NN] [Text=a CharacterOffsetBegin=426 CharacterOffsetEnd=427 PartOfSpeech=DT] [Text=tedious CharacterOffsetBegin=428 CharacterOffsetEnd=435 PartOfSpeech=JJ] [Text=film CharacterOffsetBegin=436 CharacterOffsetEnd=440 PartOfSpeech=NN] [Text=. CharacterOffsetBegin=440 CharacterOffsetEnd=441 PartOfSpeech=.] 
root(ROOT-0, blah.What-3)
advmod(blah.What-3, Blah-1)
amod(blah.What-3, blah-2)
det(film-6, a-4)
amod(film-6, tedious-5)
dobj(blah.What-3, film-6)
punct(blah.What-3, .-7)

Sentence #4 (30 tokens):
I understand that films like this don't rely hugely on plot, but do they have to stuff in such a silly, predictable and entirely stupid storyline?
[Text=I CharacterOffsetBegin=446 CharacterOffsetEnd=447 PartOfSpeech=PRP] [Text=understand CharacterOffsetBegin=448 CharacterOffsetEnd=458 PartOfSpeech=VBP] [Text=that CharacterOffsetBegin=459 CharacterOffsetEnd=463 PartOfSpeech=IN] [Text=films CharacterOffsetBegin=464 CharacterOffsetEnd=469 PartOfSpeech=NNS] [Text=like CharacterOffsetBegin=470 CharacterOffsetEnd=474 PartOfSpeech=IN] [Text=this CharacterOffsetBegin=475 CharacterOffsetEnd=479 PartOfSpeech=DT] [Text=do CharacterOffsetBegin=480 CharacterOffsetEnd=482 PartOfSpeech=VBP] [Text=n't CharacterOffsetBegin=482 CharacterOffsetEnd=485 PartOfSpeech=RB] [Text=rely CharacterOffsetBegin=486 CharacterOffsetEnd=490 PartOfSpeech=VB] [Text=hugely CharacterOffsetBegin=491 CharacterOffsetEnd=497 PartOfSpeech=RB] [Text=on CharacterOffsetBegin=498 CharacterOffsetEnd=500 PartOfSpeech=IN] [Text=plot CharacterOffsetBegin=501 CharacterOffsetEnd=505 PartOfSpeech=NN] [Text=, CharacterOffsetBegin=505 CharacterOffsetEnd=506 PartOfSpeech=,] [Text=but CharacterOffsetBegin=507 CharacterOffsetEnd=510 PartOfSpeech=CC] [Text=do CharacterOffsetBegin=511 CharacterOffsetEnd=513 PartOfSpeech=VBP] [Text=they CharacterOffsetBegin=514 CharacterOffsetEnd=518 PartOfSpeech=PRP] [Text=have CharacterOffsetBegin=519 CharacterOffsetEnd=523 PartOfSpeech=VBP] [Text=to CharacterOffsetBegin=524 CharacterOffsetEnd=526 PartOfSpeech=TO] [Text=stuff CharacterOffsetBegin=527 CharacterOffsetEnd=532 PartOfSpeech=NN] [Text=in CharacterOffsetBegin=533 CharacterOffsetEnd=535 PartOfSpeech=IN] [Text=such CharacterOffsetBegin=536 CharacterOffsetEnd=540 PartOfSpeech=JJ] [Text=a CharacterOffsetBegin=541 CharacterOffsetEnd=542 PartOfSpeech=DT] [Text=silly CharacterOffsetBegin=543 CharacterOffsetEnd=548 PartOfSpeech=JJ] [Text=, CharacterOffsetBegin=548 CharacterOffsetEnd=549 PartOfSpeech=,] [Text=predictable CharacterOffsetBegin=550 CharacterOffsetEnd=561 PartOfSpeech=JJ] [Text=and CharacterOffsetBegin=562 CharacterOffsetEnd=565 PartOfSpeech=CC] [Text=entirely CharacterOffsetBegin=566 CharacterOffsetEnd=574 PartOfSpeech=RB] [Text=stupid CharacterOffsetBegin=575 CharacterOffsetEnd=581 PartOfSpeech=JJ] [Text=storyline CharacterOffsetBegin=582 CharacterOffsetEnd=591 PartOfSpeech=NN] [Text=? CharacterOffsetBegin=591 CharacterOffsetEnd=592 PartOfSpeech=.] 
root(ROOT-0, understand-2)
nsubj(understand-2, I-1)
mark(rely-9, that-3)
nsubj(rely-9, films-4)
prep(films-4, like-5)
pobj(like-5, this-6)
aux(rely-9, do-7)
neg(rely-9, n't-8)
ccomp(understand-2, rely-9)
advmod(rely-9, hugely-10)
prep(rely-9, on-11)
pobj(on-11, plot-12)
punct(understand-2, ,-13)
cc(understand-2, but-14)
aux(have-17, do-15)
nsubj(have-17, they-16)
conj(understand-2, have-17)
aux(stuff-19, to-18)
xcomp(have-17, stuff-19)
prep(stuff-19, in-20)
amod(predictable-25, such-21)
dep(predictable-25, a-22)
amod(predictable-25, silly-23)
punct(predictable-25, ,-24)
pobj(in-20, predictable-25)
cc(predictable-25, and-26)
advmod(stupid-28, entirely-27)
amod(storyline-29, stupid-28)
conj(predictable-25, storyline-29)
punct(understand-2, ?-30)

Sentence #5 (15 tokens):
It may not be important, but by golly gum does it annoy me.
[Text=It CharacterOffsetBegin=597 CharacterOffsetEnd=599 PartOfSpeech=PRP] [Text=may CharacterOffsetBegin=600 CharacterOffsetEnd=603 PartOfSpeech=MD] [Text=not CharacterOffsetBegin=604 CharacterOffsetEnd=607 PartOfSpeech=RB] [Text=be CharacterOffsetBegin=608 CharacterOffsetEnd=610 PartOfSpeech=VB] [Text=important CharacterOffsetBegin=611 CharacterOffsetEnd=620 PartOfSpeech=JJ] [Text=, CharacterOffsetBegin=620 CharacterOffsetEnd=621 PartOfSpeech=,] [Text=but CharacterOffsetBegin=622 CharacterOffsetEnd=625 PartOfSpeech=CC] [Text=by CharacterOffsetBegin=626 CharacterOffsetEnd=628 PartOfSpeech=IN] [Text=golly CharacterOffsetBegin=629 CharacterOffsetEnd=634 PartOfSpeech=JJ] [Text=gum CharacterOffsetBegin=635 CharacterOffsetEnd=638 PartOfSpeech=NN] [Text=does CharacterOffsetBegin=639 CharacterOffsetEnd=643 PartOfSpeech=VBZ] [Text=it CharacterOffsetBegin=644 CharacterOffsetEnd=646 PartOfSpeech=PRP] [Text=annoy CharacterOffsetBegin=647 CharacterOffsetEnd=652 PartOfSpeech=VB] [Text=me CharacterOffsetBegin=653 CharacterOffsetEnd=655 PartOfSpeech=PRP] [Text=. CharacterOffsetBegin=655 CharacterOffsetEnd=656 PartOfSpeech=.] 
root(ROOT-0, important-5)
nsubj(important-5, It-1)
aux(important-5, may-2)
neg(important-5, not-3)
cop(important-5, be-4)
punct(important-5, ,-6)
cc(important-5, but-7)
prep(annoy-13, by-8)
amod(gum-10, golly-9)
pobj(by-8, gum-10)
aux(annoy-13, does-11)
nsubj(annoy-13, it-12)
conj(important-5, annoy-13)
dobj(annoy-13, me-14)
punct(important-5, .-15)

Sentence #6 (15 tokens):
Better no plot and pure action than a clche-ridden fleabag mongrel of a narrative.
[Text=Better CharacterOffsetBegin=661 CharacterOffsetEnd=667 PartOfSpeech=RBR] [Text=no CharacterOffsetBegin=668 CharacterOffsetEnd=670 PartOfSpeech=DT] [Text=plot CharacterOffsetBegin=671 CharacterOffsetEnd=675 PartOfSpeech=NN] [Text=and CharacterOffsetBegin=676 CharacterOffsetEnd=679 PartOfSpeech=CC] [Text=pure CharacterOffsetBegin=680 CharacterOffsetEnd=684 PartOfSpeech=JJ] [Text=action CharacterOffsetBegin=685 CharacterOffsetEnd=691 PartOfSpeech=NN] [Text=than CharacterOffsetBegin=692 CharacterOffsetEnd=696 PartOfSpeech=IN] [Text=a CharacterOffsetBegin=697 CharacterOffsetEnd=698 PartOfSpeech=DT] [Text=clche-ridden CharacterOffsetBegin=699 CharacterOffsetEnd=711 PartOfSpeech=JJ] [Text=fleabag CharacterOffsetBegin=712 CharacterOffsetEnd=719 PartOfSpeech=NN] [Text=mongrel CharacterOffsetBegin=720 CharacterOffsetEnd=727 PartOfSpeech=NN] [Text=of CharacterOffsetBegin=728 CharacterOffsetEnd=730 PartOfSpeech=IN] [Text=a CharacterOffsetBegin=731 CharacterOffsetEnd=732 PartOfSpeech=DT] [Text=narrative CharacterOffsetBegin=733 CharacterOffsetEnd=742 PartOfSpeech=NN] [Text=. CharacterOffsetBegin=742 CharacterOffsetEnd=743 PartOfSpeech=.] 
root(ROOT-0, plot-3)
advmod(plot-3, Better-1)
det(plot-3, no-2)
cc(plot-3, and-4)
amod(action-6, pure-5)
conj(plot-3, action-6)
prep(plot-3, than-7)
det(mongrel-11, a-8)
amod(mongrel-11, clche-ridden-9)
nn(mongrel-11, fleabag-10)
pobj(than-7, mongrel-11)
prep(mongrel-11, of-12)
det(narrative-14, a-13)
pobj(of-12, narrative-14)
punct(plot-3, .-15)

Sentence #7 (23 tokens):
Infused with entirely unfounded and unachieving sentimental drivel, it is the cinematic equivalent of a thin-skinned turkey stuffed with rotten innards.
[Text=Infused CharacterOffsetBegin=748 CharacterOffsetEnd=755 PartOfSpeech=VBN] [Text=with CharacterOffsetBegin=756 CharacterOffsetEnd=760 PartOfSpeech=IN] [Text=entirely CharacterOffsetBegin=761 CharacterOffsetEnd=769 PartOfSpeech=RB] [Text=unfounded CharacterOffsetBegin=770 CharacterOffsetEnd=779 PartOfSpeech=JJ] [Text=and CharacterOffsetBegin=780 CharacterOffsetEnd=783 PartOfSpeech=CC] [Text=unachieving CharacterOffsetBegin=784 CharacterOffsetEnd=795 PartOfSpeech=JJ] [Text=sentimental CharacterOffsetBegin=796 CharacterOffsetEnd=807 PartOfSpeech=JJ] [Text=drivel CharacterOffsetBegin=808 CharacterOffsetEnd=814 PartOfSpeech=NN] [Text=, CharacterOffsetBegin=814 CharacterOffsetEnd=815 PartOfSpeech=,] [Text=it CharacterOffsetBegin=816 CharacterOffsetEnd=818 PartOfSpeech=PRP] [Text=is CharacterOffsetBegin=819 CharacterOffsetEnd=821 PartOfSpeech=VBZ] [Text=the CharacterOffsetBegin=822 CharacterOffsetEnd=825 PartOfSpeech=DT] [Text=cinematic CharacterOffsetBegin=826 CharacterOffsetEnd=835 PartOfSpeech=JJ] [Text=equivalent CharacterOffsetBegin=836 CharacterOffsetEnd=846 PartOfSpeech=NN] [Text=of CharacterOffsetBegin=847 CharacterOffsetEnd=849 PartOfSpeech=IN] [Text=a CharacterOffsetBegin=850 CharacterOffsetEnd=851 PartOfSpeech=DT] [Text=thin-skinned CharacterOffsetBegin=852 CharacterOffsetEnd=864 PartOfSpeech=JJ] [Text=turkey CharacterOffsetBegin=865 CharacterOffsetEnd=871 PartOfSpeech=NN] [Text=stuffed CharacterOffsetBegin=872 CharacterOffsetEnd=879 PartOfSpeech=VBN] [Text=with CharacterOffsetBegin=880 CharacterOffsetEnd=884 PartOfSpeech=IN] [Text=rotten CharacterOffsetBegin=885 CharacterOffsetEnd=891 PartOfSpeech=JJ] [Text=innards CharacterOffsetBegin=892 CharacterOffsetEnd=899 PartOfSpeech=NNS] [Text=. CharacterOffsetBegin=899 CharacterOffsetEnd=900 PartOfSpeech=.] 
root(ROOT-0, equivalent-14)
partmod(equivalent-14, Infused-1)
prep(Infused-1, with-2)
advmod(unfounded-4, entirely-3)
pobj(with-2, unfounded-4)
cc(unfounded-4, and-5)
amod(drivel-8, unachieving-6)
amod(drivel-8, sentimental-7)
conj(unfounded-4, drivel-8)
punct(equivalent-14, ,-9)
nsubj(equivalent-14, it-10)
cop(equivalent-14, is-11)
det(equivalent-14, the-12)
amod(equivalent-14, cinematic-13)
prep(equivalent-14, of-15)
det(turkey-18, a-16)
amod(turkey-18, thin-skinned-17)
pobj(of-15, turkey-18)
partmod(turkey-18, stuffed-19)
prep(stuffed-19, with-20)
amod(innards-22, rotten-21)
pobj(with-20, innards-22)
punct(equivalent-14, .-23)

Sentence #8 (22 tokens):
I should probably at this point mention what is, of course, the film's drawing point: the fighting.
[Text=I CharacterOffsetBegin=905 CharacterOffsetEnd=906 PartOfSpeech=PRP] [Text=should CharacterOffsetBegin=907 CharacterOffsetEnd=913 PartOfSpeech=MD] [Text=probably CharacterOffsetBegin=914 CharacterOffsetEnd=922 PartOfSpeech=RB] [Text=at CharacterOffsetBegin=923 CharacterOffsetEnd=925 PartOfSpeech=IN] [Text=this CharacterOffsetBegin=926 CharacterOffsetEnd=930 PartOfSpeech=DT] [Text=point CharacterOffsetBegin=931 CharacterOffsetEnd=936 PartOfSpeech=NN] [Text=mention CharacterOffsetBegin=937 CharacterOffsetEnd=944 PartOfSpeech=VB] [Text=what CharacterOffsetBegin=945 CharacterOffsetEnd=949 PartOfSpeech=WP] [Text=is CharacterOffsetBegin=950 CharacterOffsetEnd=952 PartOfSpeech=VBZ] [Text=, CharacterOffsetBegin=952 CharacterOffsetEnd=953 PartOfSpeech=,] [Text=of CharacterOffsetBegin=954 CharacterOffsetEnd=956 PartOfSpeech=IN] [Text=course CharacterOffsetBegin=957 CharacterOffsetEnd=963 PartOfSpeech=NN] [Text=, CharacterOffsetBegin=963 CharacterOffsetEnd=964 PartOfSpeech=,] [Text=the CharacterOffsetBegin=965 CharacterOffsetEnd=968 PartOfSpeech=DT] [Text=film CharacterOffsetBegin=969 CharacterOffsetEnd=973 PartOfSpeech=NN] [Text='s CharacterOffsetBegin=973 CharacterOffsetEnd=975 PartOfSpeech=POS] [Text=drawing CharacterOffsetBegin=976 CharacterOffsetEnd=983 PartOfSpeech=NN] [Text=point CharacterOffsetBegin=984 CharacterOffsetEnd=989 PartOfSpeech=NN] [Text=: CharacterOffsetBegin=989 CharacterOffsetEnd=990 PartOfSpeech=:] [Text=the CharacterOffsetBegin=991 CharacterOffsetEnd=994 PartOfSpeech=DT] [Text=fighting CharacterOffsetBegin=995 CharacterOffsetEnd=1003 PartOfSpeech=NN] [Text=. CharacterOffsetBegin=1003 CharacterOffsetEnd=1004 PartOfSpeech=.] 
root(ROOT-0, at-4)
nsubj(at-4, I-1)
aux(at-4, should-2)
advmod(at-4, probably-3)
det(point-6, this-5)
pobj(at-4, point-6)
dep(point-6, mention-7)
dep(mention-7, what-8)
dep(what-8, is-9)
punct(is-9, ,-10)
dep(,-10, of-11)
pobj(of-11, course-12)
punct(of-11, ,-13)
det(film-15, the-14)
poss(point-18, film-15)
possessive(film-15, 's-16)
nn(point-18, drawing-17)
dep(,-13, point-18)
punct(point-18, :-19)
det(fighting-21, the-20)
dep(point-18, fighting-21)
punct(point-18, .-22)

Sentence #9 (10 tokens):
Even in itself, the fighting is rather poor.
[Text=Even CharacterOffsetBegin=1009 CharacterOffsetEnd=1013 PartOfSpeech=RB] [Text=in CharacterOffsetBegin=1014 CharacterOffsetEnd=1016 PartOfSpeech=IN] [Text=itself CharacterOffsetBegin=1017 CharacterOffsetEnd=1023 PartOfSpeech=PRP] [Text=, CharacterOffsetBegin=1023 CharacterOffsetEnd=1024 PartOfSpeech=,] [Text=the CharacterOffsetBegin=1025 CharacterOffsetEnd=1028 PartOfSpeech=DT] [Text=fighting CharacterOffsetBegin=1029 CharacterOffsetEnd=1037 PartOfSpeech=NN] [Text=is CharacterOffsetBegin=1038 CharacterOffsetEnd=1040 PartOfSpeech=VBZ] [Text=rather CharacterOffsetBegin=1041 CharacterOffsetEnd=1047 PartOfSpeech=RB] [Text=poor CharacterOffsetBegin=1048 CharacterOffsetEnd=1052 PartOfSpeech=JJ] [Text=. CharacterOffsetBegin=1052 CharacterOffsetEnd=1053 PartOfSpeech=.] 
root(ROOT-0, poor-9)
advmod(in-2, Even-1)
prep(poor-9, in-2)
pobj(in-2, itself-3)
punct(poor-9, ,-4)
det(fighting-6, the-5)
nsubj(poor-9, fighting-6)
cop(poor-9, is-7)
advmod(poor-9, rather-8)
punct(poor-9, .-10)

Sentence #10 (47 tokens):
Bone manages to take out well established tough-man street fighters in single punches (a large oaf or two is the filmmakers' laughworthy attempt to rectify this inconsistency); fighters who never seem to conclude that attacking one by one is a foolish ploy.
[Text=Bone CharacterOffsetBegin=1058 CharacterOffsetEnd=1062 PartOfSpeech=NN] [Text=manages CharacterOffsetBegin=1063 CharacterOffsetEnd=1070 PartOfSpeech=VBZ] [Text=to CharacterOffsetBegin=1071 CharacterOffsetEnd=1073 PartOfSpeech=TO] [Text=take CharacterOffsetBegin=1074 CharacterOffsetEnd=1078 PartOfSpeech=VB] [Text=out CharacterOffsetBegin=1079 CharacterOffsetEnd=1082 PartOfSpeech=RP] [Text=well CharacterOffsetBegin=1083 CharacterOffsetEnd=1087 PartOfSpeech=RB] [Text=established CharacterOffsetBegin=1088 CharacterOffsetEnd=1099 PartOfSpeech=VBN] [Text=tough-man CharacterOffsetBegin=1100 CharacterOffsetEnd=1109 PartOfSpeech=JJ] [Text=street CharacterOffsetBegin=1110 CharacterOffsetEnd=1116 PartOfSpeech=NN] [Text=fighters CharacterOffsetBegin=1117 CharacterOffsetEnd=1125 PartOfSpeech=NNS] [Text=in CharacterOffsetBegin=1126 CharacterOffsetEnd=1128 PartOfSpeech=IN] [Text=single CharacterOffsetBegin=1129 CharacterOffsetEnd=1135 PartOfSpeech=JJ] [Text=punches CharacterOffsetBegin=1136 CharacterOffsetEnd=1143 PartOfSpeech=NNS] [Text=-LRB- CharacterOffsetBegin=1144 CharacterOffsetEnd=1145 PartOfSpeech=-LRB-] [Text=a CharacterOffsetBegin=1145 CharacterOffsetEnd=1146 PartOfSpeech=DT] [Text=large CharacterOffsetBegin=1147 CharacterOffsetEnd=1152 PartOfSpeech=JJ] [Text=oaf CharacterOffsetBegin=1153 CharacterOffsetEnd=1156 PartOfSpeech=NN] [Text=or CharacterOffsetBegin=1157 CharacterOffsetEnd=1159 PartOfSpeech=CC] [Text=two CharacterOffsetBegin=1160 CharacterOffsetEnd=1163 PartOfSpeech=CD] [Text=is CharacterOffsetBegin=1164 CharacterOffsetEnd=1166 PartOfSpeech=VBZ] [Text=the CharacterOffsetBegin=1167 CharacterOffsetEnd=1170 PartOfSpeech=DT] [Text=filmmakers CharacterOffsetBegin=1171 CharacterOffsetEnd=1181 PartOfSpeech=NNS] [Text=' CharacterOffsetBegin=1181 CharacterOffsetEnd=1182 PartOfSpeech=POS] [Text=laughworthy CharacterOffsetBegin=1183 CharacterOffsetEnd=1194 PartOfSpeech=NN] [Text=attempt CharacterOffsetBegin=1195 CharacterOffsetEnd=1202 PartOfSpeech=NN] [Text=to CharacterOffsetBegin=1203 CharacterOffsetEnd=1205 PartOfSpeech=TO] [Text=rectify CharacterOffsetBegin=1206 CharacterOffsetEnd=1213 PartOfSpeech=VB] [Text=this CharacterOffsetBegin=1214 CharacterOffsetEnd=1218 PartOfSpeech=DT] [Text=inconsistency CharacterOffsetBegin=1219 CharacterOffsetEnd=1232 PartOfSpeech=NN] [Text=-RRB- CharacterOffsetBegin=1232 CharacterOffsetEnd=1233 PartOfSpeech=-RRB-] [Text=; CharacterOffsetBegin=1233 CharacterOffsetEnd=1234 PartOfSpeech=:] [Text=fighters CharacterOffsetBegin=1235 CharacterOffsetEnd=1243 PartOfSpeech=NNS] [Text=who CharacterOffsetBegin=1244 CharacterOffsetEnd=1247 PartOfSpeech=WP] [Text=never CharacterOffsetBegin=1248 CharacterOffsetEnd=1253 PartOfSpeech=RB] [Text=seem CharacterOffsetBegin=1254 CharacterOffsetEnd=1258 PartOfSpeech=VBP] [Text=to CharacterOffsetBegin=1259 CharacterOffsetEnd=1261 PartOfSpeech=TO] [Text=conclude CharacterOffsetBegin=1262 CharacterOffsetEnd=1270 PartOfSpeech=VB] [Text=that CharacterOffsetBegin=1271 CharacterOffsetEnd=1275 PartOfSpeech=IN] [Text=attacking CharacterOffsetBegin=1276 CharacterOffsetEnd=1285 PartOfSpeech=VBG] [Text=one CharacterOffsetBegin=1286 CharacterOffsetEnd=1289 PartOfSpeech=CD] [Text=by CharacterOffsetBegin=1290 CharacterOffsetEnd=1292 PartOfSpeech=IN] [Text=one CharacterOffsetBegin=1293 CharacterOffsetEnd=1296 PartOfSpeech=CD] [Text=is CharacterOffsetBegin=1297 CharacterOffsetEnd=1299 PartOfSpeech=VBZ] [Text=a CharacterOffsetBegin=1300 CharacterOffsetEnd=1301 PartOfSpeech=DT] [Text=foolish CharacterOffsetBegin=1302 CharacterOffsetEnd=1309 PartOfSpeech=JJ] [Text=ploy CharacterOffsetBegin=1310 CharacterOffsetEnd=1314 PartOfSpeech=NN] [Text=. CharacterOffsetBegin=1314 CharacterOffsetEnd=1315 PartOfSpeech=.] 
root(ROOT-0, manages-2)
nsubj(manages-2, Bone-1)
aux(take-4, to-3)
xcomp(manages-2, take-4)
prt(take-4, out-5)
advmod(established-7, well-6)
amod(fighters-10, established-7)
amod(fighters-10, tough-man-8)
nn(fighters-10, street-9)
dobj(take-4, fighters-10)
prep(take-4, in-11)
amod(punches-13, single-12)
pobj(in-11, punches-13)
punct(oaf-17, -LRB--14)
det(oaf-17, a-15)
amod(oaf-17, large-16)
nsubj(attempt-25, oaf-17)
cc(oaf-17, or-18)
conj(oaf-17, two-19)
cop(attempt-25, is-20)
det(filmmakers-22, the-21)
poss(attempt-25, filmmakers-22)
possessive(filmmakers-22, '-23)
amod(attempt-25, laughworthy-24)
rcmod(punches-13, attempt-25)
aux(rectify-27, to-26)
infmod(attempt-25, rectify-27)
det(inconsistency-29, this-28)
dep(rectify-27, inconsistency-29)
punct(inconsistency-29, -RRB--30)
punct(manages-2, ;-31)
parataxis(manages-2, fighters-32)
nsubj(seem-35, who-33)
neg(seem-35, never-34)
rcmod(fighters-32, seem-35)
aux(conclude-37, to-36)
xcomp(seem-35, conclude-37)
mark(ploy-46, that-38)
csubj(ploy-46, attacking-39)
dobj(attacking-39, one-40)
prep(attacking-39, by-41)
pobj(by-41, one-42)
cop(ploy-46, is-43)
det(ploy-46, a-44)
amod(ploy-46, foolish-45)
ccomp(conclude-37, ploy-46)
punct(manages-2, .-47)

Sentence #11 (55 tokens):
Even this is repetitive and stupid, arms broken and faces kicked with a steady alacrity that we get to see time and time again.A run of the mill, film-by-numbers movie which fully deserves its straight to DVD status, doing absolutely nothing new and everything we've seen time and time again.
[Text=Even CharacterOffsetBegin=1320 CharacterOffsetEnd=1324 PartOfSpeech=RB] [Text=this CharacterOffsetBegin=1325 CharacterOffsetEnd=1329 PartOfSpeech=DT] [Text=is CharacterOffsetBegin=1330 CharacterOffsetEnd=1332 PartOfSpeech=VBZ] [Text=repetitive CharacterOffsetBegin=1333 CharacterOffsetEnd=1343 PartOfSpeech=JJ] [Text=and CharacterOffsetBegin=1344 CharacterOffsetEnd=1347 PartOfSpeech=CC] [Text=stupid CharacterOffsetBegin=1348 CharacterOffsetEnd=1354 PartOfSpeech=JJ] [Text=, CharacterOffsetBegin=1354 CharacterOffsetEnd=1355 PartOfSpeech=,] [Text=arms CharacterOffsetBegin=1356 CharacterOffsetEnd=1360 PartOfSpeech=NNS] [Text=broken CharacterOffsetBegin=1361 CharacterOffsetEnd=1367 PartOfSpeech=VBN] [Text=and CharacterOffsetBegin=1368 CharacterOffsetEnd=1371 PartOfSpeech=CC] [Text=faces CharacterOffsetBegin=1372 CharacterOffsetEnd=1377 PartOfSpeech=VBZ] [Text=kicked CharacterOffsetBegin=1378 CharacterOffsetEnd=1384 PartOfSpeech=VBN] [Text=with CharacterOffsetBegin=1385 CharacterOffsetEnd=1389 PartOfSpeech=IN] [Text=a CharacterOffsetBegin=1390 CharacterOffsetEnd=1391 PartOfSpeech=DT] [Text=steady CharacterOffsetBegin=1392 CharacterOffsetEnd=1398 PartOfSpeech=JJ] [Text=alacrity CharacterOffsetBegin=1399 CharacterOffsetEnd=1407 PartOfSpeech=NN] [Text=that CharacterOffsetBegin=1408 CharacterOffsetEnd=1412 PartOfSpeech=IN] [Text=we CharacterOffsetBegin=1413 CharacterOffsetEnd=1415 PartOfSpeech=PRP] [Text=get CharacterOffsetBegin=1416 CharacterOffsetEnd=1419 PartOfSpeech=VBP] [Text=to CharacterOffsetBegin=1420 CharacterOffsetEnd=1422 PartOfSpeech=TO] [Text=see CharacterOffsetBegin=1423 CharacterOffsetEnd=1426 PartOfSpeech=VB] [Text=time CharacterOffsetBegin=1427 CharacterOffsetEnd=1431 PartOfSpeech=NN] [Text=and CharacterOffsetBegin=1432 CharacterOffsetEnd=1435 PartOfSpeech=CC] [Text=time CharacterOffsetBegin=1436 CharacterOffsetEnd=1440 PartOfSpeech=NN] [Text=again.A CharacterOffsetBegin=1441 CharacterOffsetEnd=1448 PartOfSpeech=NN] [Text=run CharacterOffsetBegin=1449 CharacterOffsetEnd=1452 PartOfSpeech=NN] [Text=of CharacterOffsetBegin=1453 CharacterOffsetEnd=1455 PartOfSpeech=IN] [Text=the CharacterOffsetBegin=1456 CharacterOffsetEnd=1459 PartOfSpeech=DT] [Text=mill CharacterOffsetBegin=1460 CharacterOffsetEnd=1464 PartOfSpeech=NN] [Text=, CharacterOffsetBegin=1464 CharacterOffsetEnd=1465 PartOfSpeech=,] [Text=film-by-numbers CharacterOffsetBegin=1466 CharacterOffsetEnd=1481 PartOfSpeech=NNS] [Text=movie CharacterOffsetBegin=1482 CharacterOffsetEnd=1487 PartOfSpeech=NN] [Text=which CharacterOffsetBegin=1488 CharacterOffsetEnd=1493 PartOfSpeech=WDT] [Text=fully CharacterOffsetBegin=1494 CharacterOffsetEnd=1499 PartOfSpeech=RB] [Text=deserves CharacterOffsetBegin=1500 CharacterOffsetEnd=1508 PartOfSpeech=VBZ] [Text=its CharacterOffsetBegin=1509 CharacterOffsetEnd=1512 PartOfSpeech=PRP$] [Text=straight CharacterOffsetBegin=1513 CharacterOffsetEnd=1521 PartOfSpeech=JJ] [Text=to CharacterOffsetBegin=1522 CharacterOffsetEnd=1524 PartOfSpeech=TO] [Text=DVD CharacterOffsetBegin=1525 CharacterOffsetEnd=1528 PartOfSpeech=NN] [Text=status CharacterOffsetBegin=1529 CharacterOffsetEnd=1535 PartOfSpeech=NN] [Text=, CharacterOffsetBegin=1535 CharacterOffsetEnd=1536 PartOfSpeech=,] [Text=doing CharacterOffsetBegin=1537 CharacterOffsetEnd=1542 PartOfSpeech=VBG] [Text=absolutely CharacterOffsetBegin=1543 CharacterOffsetEnd=1553 PartOfSpeech=RB] [Text=nothing CharacterOffsetBegin=1554 CharacterOffsetEnd=1561 PartOfSpeech=NN] [Text=new CharacterOffsetBegin=1562 CharacterOffsetEnd=1565 PartOfSpeech=JJ] [Text=and CharacterOffsetBegin=1566 CharacterOffsetEnd=1569 PartOfSpeech=CC] [Text=everything CharacterOffsetBegin=1570 CharacterOffsetEnd=1580 PartOfSpeech=NN] [Text=we CharacterOffsetBegin=1581 CharacterOffsetEnd=1583 PartOfSpeech=PRP] [Text='ve CharacterOffsetBegin=1583 CharacterOffsetEnd=1586 PartOfSpeech=VBP] [Text=seen CharacterOffsetBegin=1587 CharacterOffsetEnd=1591 PartOfSpeech=VBN] [Text=time CharacterOffsetBegin=1592 CharacterOffsetEnd=1596 PartOfSpeech=NN] [Text=and CharacterOffsetBegin=1597 CharacterOffsetEnd=1600 PartOfSpeech=CC] [Text=time CharacterOffsetBegin=1601 CharacterOffsetEnd=1605 PartOfSpeech=NN] [Text=again CharacterOffsetBegin=1606 CharacterOffsetEnd=1611 PartOfSpeech=RB] [Text=. CharacterOffsetBegin=1611 CharacterOffsetEnd=1612 PartOfSpeech=.] 
root(ROOT-0, repetitive-4)
advmod(this-2, Even-1)
nsubj(repetitive-4, this-2)
cop(repetitive-4, is-3)
cc(repetitive-4, and-5)
conj(repetitive-4, stupid-6)
punct(repetitive-4, ,-7)
nn(broken-9, arms-8)
conj(repetitive-4, broken-9)
cc(repetitive-4, and-10)
conj(repetitive-4, faces-11)
partmod(faces-11, kicked-12)
prep(kicked-12, with-13)
det(alacrity-16, a-14)
amod(alacrity-16, steady-15)
pobj(with-13, alacrity-16)
dobj(get-19, that-17)
nsubj(get-19, we-18)
rcmod(alacrity-16, get-19)
aux(see-21, to-20)
xcomp(get-19, see-21)
dobj(see-21, time-22)
cc(time-22, and-23)
nn(run-26, time-24)
nn(run-26, again.A-25)
conj(time-22, run-26)
prep(time-22, of-27)
det(mill-29, the-28)
pobj(of-27, mill-29)
punct(alacrity-16, ,-30)
nn(movie-32, film-by-numbers-31)
appos(alacrity-16, movie-32)
nsubj(deserves-35, which-33)
advmod(deserves-35, fully-34)
rcmod(movie-32, deserves-35)
dobj(deserves-35, its-36)
dep(doing-42, straight-37)
prep(straight-37, to-38)
nn(status-40, DVD-39)
pobj(to-38, status-40)
punct(doing-42, ,-41)
dep(its-36, doing-42)
advmod(nothing-44, absolutely-43)
dobj(doing-42, nothing-44)
amod(nothing-44, new-45)
cc(new-45, and-46)
conj(new-45, everything-47)
nsubj(seen-50, we-48)
aux(seen-50, 've-49)
ccomp(new-45, seen-50)
dobj(seen-50, time-51)
cc(time-51, and-52)
conj(time-51, time-53)
advmod(seen-50, again-54)
punct(repetitive-4, .-55)

Sentence #12 (6 tokens):
And not even particularly well.
[Text=And CharacterOffsetBegin=1617 CharacterOffsetEnd=1620 PartOfSpeech=CC] [Text=not CharacterOffsetBegin=1621 CharacterOffsetEnd=1624 PartOfSpeech=RB] [Text=even CharacterOffsetBegin=1625 CharacterOffsetEnd=1629 PartOfSpeech=RB] [Text=particularly CharacterOffsetBegin=1630 CharacterOffsetEnd=1642 PartOfSpeech=RB] [Text=well CharacterOffsetBegin=1643 CharacterOffsetEnd=1647 PartOfSpeech=RB] [Text=. CharacterOffsetBegin=1647 CharacterOffsetEnd=1648 PartOfSpeech=.] 
root(ROOT-0, well-5)
cc(well-5, And-1)
dep(well-5, not-2)
advmod(particularly-4, even-3)
advmod(well-5, particularly-4)
punct(well-5, .-6)

