Sentence #1 (75 tokens):
I'm not sure if users ought to be allowed to review films after only sitting through half, but I'm afraid I just couldn't stand another minute.If this abject excuse for a film doesn't have the late, great GP spinning like a wheel in his grave, then I doubt anything will.The excellent review above 'Not a film for Parsons fans' sums up most of my feelings.
[Text=I CharacterOffsetBegin=4 CharacterOffsetEnd=5 PartOfSpeech=PRP] [Text='m CharacterOffsetBegin=5 CharacterOffsetEnd=7 PartOfSpeech=VBP] [Text=not CharacterOffsetBegin=8 CharacterOffsetEnd=11 PartOfSpeech=RB] [Text=sure CharacterOffsetBegin=12 CharacterOffsetEnd=16 PartOfSpeech=JJ] [Text=if CharacterOffsetBegin=17 CharacterOffsetEnd=19 PartOfSpeech=IN] [Text=users CharacterOffsetBegin=20 CharacterOffsetEnd=25 PartOfSpeech=NNS] [Text=ought CharacterOffsetBegin=26 CharacterOffsetEnd=31 PartOfSpeech=MD] [Text=to CharacterOffsetBegin=32 CharacterOffsetEnd=34 PartOfSpeech=TO] [Text=be CharacterOffsetBegin=35 CharacterOffsetEnd=37 PartOfSpeech=VB] [Text=allowed CharacterOffsetBegin=38 CharacterOffsetEnd=45 PartOfSpeech=VBN] [Text=to CharacterOffsetBegin=46 CharacterOffsetEnd=48 PartOfSpeech=TO] [Text=review CharacterOffsetBegin=49 CharacterOffsetEnd=55 PartOfSpeech=VB] [Text=films CharacterOffsetBegin=56 CharacterOffsetEnd=61 PartOfSpeech=NNS] [Text=after CharacterOffsetBegin=62 CharacterOffsetEnd=67 PartOfSpeech=IN] [Text=only CharacterOffsetBegin=68 CharacterOffsetEnd=72 PartOfSpeech=RB] [Text=sitting CharacterOffsetBegin=73 CharacterOffsetEnd=80 PartOfSpeech=VBG] [Text=through CharacterOffsetBegin=81 CharacterOffsetEnd=88 PartOfSpeech=IN] [Text=half CharacterOffsetBegin=89 CharacterOffsetEnd=93 PartOfSpeech=NN] [Text=, CharacterOffsetBegin=93 CharacterOffsetEnd=94 PartOfSpeech=,] [Text=but CharacterOffsetBegin=95 CharacterOffsetEnd=98 PartOfSpeech=CC] [Text=I CharacterOffsetBegin=99 CharacterOffsetEnd=100 PartOfSpeech=PRP] [Text='m CharacterOffsetBegin=100 CharacterOffsetEnd=102 PartOfSpeech=VBP] [Text=afraid CharacterOffsetBegin=103 CharacterOffsetEnd=109 PartOfSpeech=JJ] [Text=I CharacterOffsetBegin=110 CharacterOffsetEnd=111 PartOfSpeech=PRP] [Text=just CharacterOffsetBegin=112 CharacterOffsetEnd=116 PartOfSpeech=RB] [Text=could CharacterOffsetBegin=117 CharacterOffsetEnd=122 PartOfSpeech=MD] [Text=n't CharacterOffsetBegin=122 CharacterOffsetEnd=125 PartOfSpeech=RB] [Text=stand CharacterOffsetBegin=126 CharacterOffsetEnd=131 PartOfSpeech=VB] [Text=another CharacterOffsetBegin=132 CharacterOffsetEnd=139 PartOfSpeech=DT] [Text=minute.If CharacterOffsetBegin=140 CharacterOffsetEnd=149 PartOfSpeech=NN] [Text=this CharacterOffsetBegin=150 CharacterOffsetEnd=154 PartOfSpeech=DT] [Text=abject CharacterOffsetBegin=155 CharacterOffsetEnd=161 PartOfSpeech=JJ] [Text=excuse CharacterOffsetBegin=162 CharacterOffsetEnd=168 PartOfSpeech=NN] [Text=for CharacterOffsetBegin=169 CharacterOffsetEnd=172 PartOfSpeech=IN] [Text=a CharacterOffsetBegin=173 CharacterOffsetEnd=174 PartOfSpeech=DT] [Text=film CharacterOffsetBegin=175 CharacterOffsetEnd=179 PartOfSpeech=NN] [Text=does CharacterOffsetBegin=180 CharacterOffsetEnd=184 PartOfSpeech=VBZ] [Text=n't CharacterOffsetBegin=184 CharacterOffsetEnd=187 PartOfSpeech=RB] [Text=have CharacterOffsetBegin=188 CharacterOffsetEnd=192 PartOfSpeech=VB] [Text=the CharacterOffsetBegin=193 CharacterOffsetEnd=196 PartOfSpeech=DT] [Text=late CharacterOffsetBegin=197 CharacterOffsetEnd=201 PartOfSpeech=JJ] [Text=, CharacterOffsetBegin=201 CharacterOffsetEnd=202 PartOfSpeech=,] [Text=great CharacterOffsetBegin=203 CharacterOffsetEnd=208 PartOfSpeech=JJ] [Text=GP CharacterOffsetBegin=209 CharacterOffsetEnd=211 PartOfSpeech=NN] [Text=spinning CharacterOffsetBegin=212 CharacterOffsetEnd=220 PartOfSpeech=VBG] [Text=like CharacterOffsetBegin=221 CharacterOffsetEnd=225 PartOfSpeech=IN] [Text=a CharacterOffsetBegin=226 CharacterOffsetEnd=227 PartOfSpeech=DT] [Text=wheel CharacterOffsetBegin=228 CharacterOffsetEnd=233 PartOfSpeech=NN] [Text=in CharacterOffsetBegin=234 CharacterOffsetEnd=236 PartOfSpeech=IN] [Text=his CharacterOffsetBegin=237 CharacterOffsetEnd=240 PartOfSpeech=PRP$] [Text=grave CharacterOffsetBegin=241 CharacterOffsetEnd=246 PartOfSpeech=NN] [Text=, CharacterOffsetBegin=246 CharacterOffsetEnd=247 PartOfSpeech=,] [Text=then CharacterOffsetBegin=248 CharacterOffsetEnd=252 PartOfSpeech=RB] [Text=I CharacterOffsetBegin=253 CharacterOffsetEnd=254 PartOfSpeech=PRP] [Text=doubt CharacterOffsetBegin=255 CharacterOffsetEnd=260 PartOfSpeech=VBP] [Text=anything CharacterOffsetBegin=261 CharacterOffsetEnd=269 PartOfSpeech=NN] [Text=will.The CharacterOffsetBegin=270 CharacterOffsetEnd=278 PartOfSpeech=JJ] [Text=excellent CharacterOffsetBegin=279 CharacterOffsetEnd=288 PartOfSpeech=JJ] [Text=review CharacterOffsetBegin=289 CharacterOffsetEnd=295 PartOfSpeech=NN] [Text=above CharacterOffsetBegin=296 CharacterOffsetEnd=301 PartOfSpeech=IN] [Text=` CharacterOffsetBegin=302 CharacterOffsetEnd=303 PartOfSpeech=``] [Text=Not CharacterOffsetBegin=303 CharacterOffsetEnd=306 PartOfSpeech=RB] [Text=a CharacterOffsetBegin=307 CharacterOffsetEnd=308 PartOfSpeech=DT] [Text=film CharacterOffsetBegin=309 CharacterOffsetEnd=313 PartOfSpeech=NN] [Text=for CharacterOffsetBegin=314 CharacterOffsetEnd=317 PartOfSpeech=IN] [Text=Parsons CharacterOffsetBegin=318 CharacterOffsetEnd=325 PartOfSpeech=NNP] [Text=fans CharacterOffsetBegin=326 CharacterOffsetEnd=330 PartOfSpeech=NNS] [Text=' CharacterOffsetBegin=330 CharacterOffsetEnd=331 PartOfSpeech=POS] [Text=sums CharacterOffsetBegin=332 CharacterOffsetEnd=336 PartOfSpeech=NNS] [Text=up CharacterOffsetBegin=337 CharacterOffsetEnd=339 PartOfSpeech=IN] [Text=most CharacterOffsetBegin=340 CharacterOffsetEnd=344 PartOfSpeech=JJS] [Text=of CharacterOffsetBegin=345 CharacterOffsetEnd=347 PartOfSpeech=IN] [Text=my CharacterOffsetBegin=348 CharacterOffsetEnd=350 PartOfSpeech=PRP$] [Text=feelings CharacterOffsetBegin=351 CharacterOffsetEnd=359 PartOfSpeech=NNS] [Text=. CharacterOffsetBegin=359 CharacterOffsetEnd=360 PartOfSpeech=.] 
root(ROOT-0, sure-4)
nsubj(sure-4, I-1)
cop(sure-4, 'm-2)
neg(sure-4, not-3)
mark(ought-7, if-5)
nsubj(ought-7, users-6)
advcl(sure-4, ought-7)
aux(allowed-10, to-8)
auxpass(allowed-10, be-9)
xcomp(ought-7, allowed-10)
aux(review-12, to-11)
xcomp(allowed-10, review-12)
dobj(review-12, films-13)
prep(review-12, after-14)
advmod(sitting-16, only-15)
pcomp(after-14, sitting-16)
prep(sitting-16, through-17)
pobj(through-17, half-18)
punct(sure-4, ,-19)
cc(sure-4, but-20)
nsubj(afraid-23, I-21)
cop(afraid-23, 'm-22)
conj(sure-4, afraid-23)
nsubj(stand-28, I-24)
advmod(stand-28, just-25)
aux(stand-28, could-26)
neg(stand-28, n't-27)
ccomp(afraid-23, stand-28)
det(minute.If-30, another-29)
dobj(stand-28, minute.If-30)
det(excuse-33, this-31)
amod(excuse-33, abject-32)
nsubj(have-39, excuse-33)
prep(excuse-33, for-34)
det(film-36, a-35)
pobj(for-34, film-36)
aux(have-39, does-37)
neg(have-39, n't-38)
ccomp(stand-28, have-39)
det(spinning-45, the-40)
amod(spinning-45, late-41)
punct(spinning-45, ,-42)
amod(spinning-45, great-43)
nn(spinning-45, GP-44)
dobj(have-39, spinning-45)
prep(spinning-45, like-46)
det(wheel-48, a-47)
pobj(like-46, wheel-48)
prep(wheel-48, in-49)
poss(grave-51, his-50)
pobj(in-49, grave-51)
punct(spinning-45, ,-52)
advmod(spinning-45, then-53)
nsubj(doubt-55, I-54)
dep(spinning-45, doubt-55)
dobj(doubt-55, anything-56)
amod(review-59, will.The-57)
amod(review-59, excellent-58)
dep(anything-56, review-59)
prep(review-59, above-60)
punct(above-60, `-61)
neg(film-64, Not-62)
det(film-64, a-63)
pobj(above-60, film-64)
prep(film-64, for-65)
nn(fans-67, Parsons-66)
poss(sums-69, fans-67)
possessive(fans-67, '-68)
pobj(for-65, sums-69)
advmod(sums-69, up-70)
pobj(up-70, most-71)
prep(most-71, of-72)
poss(feelings-74, my-73)
pobj(of-72, feelings-74)
punct(sure-4, .-75)

Sentence #2 (22 tokens):
How dare a (second rate) director and writer attempt something to which they're so clearly incapable of delivering.
[Text=How CharacterOffsetBegin=365 CharacterOffsetEnd=368 PartOfSpeech=WRB] [Text=dare CharacterOffsetBegin=369 CharacterOffsetEnd=373 PartOfSpeech=VBP] [Text=a CharacterOffsetBegin=374 CharacterOffsetEnd=375 PartOfSpeech=DT] [Text=-LRB- CharacterOffsetBegin=376 CharacterOffsetEnd=377 PartOfSpeech=-LRB-] [Text=second CharacterOffsetBegin=377 CharacterOffsetEnd=383 PartOfSpeech=JJ] [Text=rate CharacterOffsetBegin=384 CharacterOffsetEnd=388 PartOfSpeech=NN] [Text=-RRB- CharacterOffsetBegin=388 CharacterOffsetEnd=389 PartOfSpeech=-RRB-] [Text=director CharacterOffsetBegin=390 CharacterOffsetEnd=398 PartOfSpeech=NN] [Text=and CharacterOffsetBegin=399 CharacterOffsetEnd=402 PartOfSpeech=CC] [Text=writer CharacterOffsetBegin=403 CharacterOffsetEnd=409 PartOfSpeech=NN] [Text=attempt CharacterOffsetBegin=410 CharacterOffsetEnd=417 PartOfSpeech=NN] [Text=something CharacterOffsetBegin=418 CharacterOffsetEnd=427 PartOfSpeech=NN] [Text=to CharacterOffsetBegin=428 CharacterOffsetEnd=430 PartOfSpeech=TO] [Text=which CharacterOffsetBegin=431 CharacterOffsetEnd=436 PartOfSpeech=WDT] [Text=they CharacterOffsetBegin=437 CharacterOffsetEnd=441 PartOfSpeech=PRP] [Text='re CharacterOffsetBegin=441 CharacterOffsetEnd=444 PartOfSpeech=VBP] [Text=so CharacterOffsetBegin=445 CharacterOffsetEnd=447 PartOfSpeech=RB] [Text=clearly CharacterOffsetBegin=448 CharacterOffsetEnd=455 PartOfSpeech=RB] [Text=incapable CharacterOffsetBegin=456 CharacterOffsetEnd=465 PartOfSpeech=JJ] [Text=of CharacterOffsetBegin=466 CharacterOffsetEnd=468 PartOfSpeech=IN] [Text=delivering CharacterOffsetBegin=469 CharacterOffsetEnd=479 PartOfSpeech=VBG] [Text=. CharacterOffsetBegin=479 CharacterOffsetEnd=480 PartOfSpeech=.] 
root(ROOT-0, dare-2)
advmod(dare-2, How-1)
det(director-8, a-3)
punct(rate-6, -LRB--4)
amod(rate-6, second-5)
nn(director-8, rate-6)
punct(director-8, -RRB--7)
dobj(dare-2, director-8)
cc(director-8, and-9)
nsubj(attempt-11, writer-10)
conj(director-8, attempt-11)
dobj(attempt-11, something-12)
prep(incapable-19, to-13)
pobj(to-13, which-14)
nsubj(incapable-19, they-15)
cop(incapable-19, 're-16)
advmod(incapable-19, so-17)
advmod(incapable-19, clearly-18)
rcmod(something-12, incapable-19)
prep(incapable-19, of-20)
pcomp(of-20, delivering-21)
punct(dare-2, .-22)

Sentence #3 (5 tokens):
What were they thinking?
[Text=What CharacterOffsetBegin=485 CharacterOffsetEnd=489 PartOfSpeech=WP] [Text=were CharacterOffsetBegin=490 CharacterOffsetEnd=494 PartOfSpeech=VBD] [Text=they CharacterOffsetBegin=495 CharacterOffsetEnd=499 PartOfSpeech=PRP] [Text=thinking CharacterOffsetBegin=500 CharacterOffsetEnd=508 PartOfSpeech=VBG] [Text=? CharacterOffsetBegin=508 CharacterOffsetEnd=509 PartOfSpeech=.] 
root(ROOT-0, thinking-4)
dobj(thinking-4, What-1)
aux(thinking-4, were-2)
nsubj(thinking-4, they-3)
punct(thinking-4, ?-5)

Sentence #4 (17 tokens):
Where to start?THE SCRIPT: I thought I'd be getting a slice of bittersweet Americana.
[Text=Where CharacterOffsetBegin=514 CharacterOffsetEnd=519 PartOfSpeech=WRB] [Text=to CharacterOffsetBegin=520 CharacterOffsetEnd=522 PartOfSpeech=TO] [Text=start?THE CharacterOffsetBegin=523 CharacterOffsetEnd=532 PartOfSpeech=VB] [Text=SCRIPT CharacterOffsetBegin=533 CharacterOffsetEnd=539 PartOfSpeech=NN] [Text=: CharacterOffsetBegin=539 CharacterOffsetEnd=540 PartOfSpeech=:] [Text=I CharacterOffsetBegin=541 CharacterOffsetEnd=542 PartOfSpeech=PRP] [Text=thought CharacterOffsetBegin=543 CharacterOffsetEnd=550 PartOfSpeech=VBD] [Text=I CharacterOffsetBegin=551 CharacterOffsetEnd=552 PartOfSpeech=PRP] [Text='d CharacterOffsetBegin=552 CharacterOffsetEnd=554 PartOfSpeech=MD] [Text=be CharacterOffsetBegin=555 CharacterOffsetEnd=557 PartOfSpeech=VB] [Text=getting CharacterOffsetBegin=558 CharacterOffsetEnd=565 PartOfSpeech=VBG] [Text=a CharacterOffsetBegin=566 CharacterOffsetEnd=567 PartOfSpeech=DT] [Text=slice CharacterOffsetBegin=568 CharacterOffsetEnd=573 PartOfSpeech=NN] [Text=of CharacterOffsetBegin=574 CharacterOffsetEnd=576 PartOfSpeech=IN] [Text=bittersweet CharacterOffsetBegin=577 CharacterOffsetEnd=588 PartOfSpeech=JJ] [Text=Americana CharacterOffsetBegin=589 CharacterOffsetEnd=598 PartOfSpeech=NNS] [Text=. CharacterOffsetBegin=598 CharacterOffsetEnd=599 PartOfSpeech=.] 
root(ROOT-0, start?THE-3)
advmod(start?THE-3, Where-1)
aux(start?THE-3, to-2)
dobj(start?THE-3, SCRIPT-4)
punct(start?THE-3, :-5)
nsubj(thought-7, I-6)
parataxis(start?THE-3, thought-7)
nsubj(getting-11, I-8)
aux(getting-11, 'd-9)
aux(getting-11, be-10)
ccomp(thought-7, getting-11)
det(slice-13, a-12)
dobj(getting-11, slice-13)
prep(slice-13, of-14)
amod(Americana-16, bittersweet-15)
pobj(of-14, Americana-16)
punct(start?THE-3, .-17)

Sentence #5 (13 tokens):
What I got was poorly executed slapstick with no clich left unturned.
[Text=What CharacterOffsetBegin=604 CharacterOffsetEnd=608 PartOfSpeech=WP] [Text=I CharacterOffsetBegin=609 CharacterOffsetEnd=610 PartOfSpeech=PRP] [Text=got CharacterOffsetBegin=611 CharacterOffsetEnd=614 PartOfSpeech=VBD] [Text=was CharacterOffsetBegin=615 CharacterOffsetEnd=618 PartOfSpeech=VBD] [Text=poorly CharacterOffsetBegin=619 CharacterOffsetEnd=625 PartOfSpeech=RB] [Text=executed CharacterOffsetBegin=626 CharacterOffsetEnd=634 PartOfSpeech=VBN] [Text=slapstick CharacterOffsetBegin=635 CharacterOffsetEnd=644 PartOfSpeech=NN] [Text=with CharacterOffsetBegin=645 CharacterOffsetEnd=649 PartOfSpeech=IN] [Text=no CharacterOffsetBegin=650 CharacterOffsetEnd=652 PartOfSpeech=DT] [Text=clich CharacterOffsetBegin=653 CharacterOffsetEnd=658 PartOfSpeech=NN] [Text=left CharacterOffsetBegin=659 CharacterOffsetEnd=663 PartOfSpeech=VBD] [Text=unturned CharacterOffsetBegin=664 CharacterOffsetEnd=672 PartOfSpeech=JJ] [Text=. CharacterOffsetBegin=672 CharacterOffsetEnd=673 PartOfSpeech=.] 
root(ROOT-0, executed-6)
dobj(got-3, What-1)
nsubj(got-3, I-2)
csubjpass(executed-6, got-3)
auxpass(executed-6, was-4)
advmod(executed-6, poorly-5)
dep(executed-6, slapstick-7)
prep(slapstick-7, with-8)
det(clich-10, no-9)
nsubj(left-11, clich-10)
pcomp(with-8, left-11)
dobj(left-11, unturned-12)
punct(executed-6, .-13)

Sentence #6 (3 tokens):
Stupid hippy?
[Text=Stupid CharacterOffsetBegin=678 CharacterOffsetEnd=684 PartOfSpeech=JJ] [Text=hippy CharacterOffsetBegin=685 CharacterOffsetEnd=690 PartOfSpeech=NN] [Text=? CharacterOffsetBegin=690 CharacterOffsetEnd=691 PartOfSpeech=.] 
root(ROOT-0, hippy-2)
amod(hippy-2, Stupid-1)
punct(hippy-2, ?-3)

Sentence #7 (2 tokens):
Check.
[Text=Check CharacterOffsetBegin=696 CharacterOffsetEnd=701 PartOfSpeech=VB] [Text=. CharacterOffsetBegin=701 CharacterOffsetEnd=702 PartOfSpeech=.] 
root(ROOT-0, Check-1)
punct(Check-1, .-2)

Sentence #8 (4 tokens):
Stupid fat cop?
[Text=Stupid CharacterOffsetBegin=707 CharacterOffsetEnd=713 PartOfSpeech=JJ] [Text=fat CharacterOffsetBegin=714 CharacterOffsetEnd=717 PartOfSpeech=JJ] [Text=cop CharacterOffsetBegin=718 CharacterOffsetEnd=721 PartOfSpeech=NN] [Text=? CharacterOffsetBegin=721 CharacterOffsetEnd=722 PartOfSpeech=.] 
root(ROOT-0, cop-3)
amod(cop-3, Stupid-1)
amod(cop-3, fat-2)
punct(cop-3, ?-4)

Sentence #9 (2 tokens):
Check.
[Text=Check CharacterOffsetBegin=727 CharacterOffsetEnd=732 PartOfSpeech=VB] [Text=. CharacterOffsetBegin=732 CharacterOffsetEnd=733 PartOfSpeech=.] 
root(ROOT-0, Check-1)
punct(Check-1, .-2)

Sentence #10 (4 tokens):
Awful plot contrivances?
[Text=Awful CharacterOffsetBegin=738 CharacterOffsetEnd=743 PartOfSpeech=JJ] [Text=plot CharacterOffsetBegin=744 CharacterOffsetEnd=748 PartOfSpeech=NN] [Text=contrivances CharacterOffsetBegin=749 CharacterOffsetEnd=761 PartOfSpeech=NNS] [Text=? CharacterOffsetBegin=761 CharacterOffsetEnd=762 PartOfSpeech=.] 
root(ROOT-0, contrivances-3)
amod(contrivances-3, Awful-1)
nn(contrivances-3, plot-2)
punct(contrivances-3, ?-4)

Sentence #11 (2 tokens):
Check.
[Text=Check CharacterOffsetBegin=767 CharacterOffsetEnd=772 PartOfSpeech=VB] [Text=. CharacterOffsetBegin=772 CharacterOffsetEnd=773 PartOfSpeech=.] 
root(ROOT-0, Check-1)
punct(Check-1, .-2)

Sentence #12 (5 tokens):
Embarrassingly written female characters?
[Text=Embarrassingly CharacterOffsetBegin=778 CharacterOffsetEnd=792 PartOfSpeech=RB] [Text=written CharacterOffsetBegin=793 CharacterOffsetEnd=800 PartOfSpeech=VBN] [Text=female CharacterOffsetBegin=801 CharacterOffsetEnd=807 PartOfSpeech=JJ] [Text=characters CharacterOffsetBegin=808 CharacterOffsetEnd=818 PartOfSpeech=NNS] [Text=? CharacterOffsetBegin=818 CharacterOffsetEnd=819 PartOfSpeech=.] 
root(ROOT-0, characters-4)
advmod(written-2, Embarrassingly-1)
amod(characters-4, written-2)
amod(characters-4, female-3)
punct(characters-4, ?-5)

Sentence #13 (3 tokens):
Double check.
[Text=Double CharacterOffsetBegin=824 CharacterOffsetEnd=830 PartOfSpeech=JJ] [Text=check CharacterOffsetBegin=831 CharacterOffsetEnd=836 PartOfSpeech=NN] [Text=. CharacterOffsetBegin=836 CharacterOffsetEnd=837 PartOfSpeech=.] 
root(ROOT-0, check-2)
amod(check-2, Double-1)
punct(check-2, .-3)

Sentence #14 (12 tokens):
Total disregard for the story which you're trying to portray?
[Text=Total CharacterOffsetBegin=842 CharacterOffsetEnd=847 PartOfSpeech=JJ] [Text=disregard CharacterOffsetBegin=848 CharacterOffsetEnd=857 PartOfSpeech=NN] [Text=for CharacterOffsetBegin=858 CharacterOffsetEnd=861 PartOfSpeech=IN] [Text=the CharacterOffsetBegin=862 CharacterOffsetEnd=865 PartOfSpeech=DT] [Text=story CharacterOffsetBegin=866 CharacterOffsetEnd=871 PartOfSpeech=NN] [Text=which CharacterOffsetBegin=872 CharacterOffsetEnd=877 PartOfSpeech=WDT] [Text=you CharacterOffsetBegin=878 CharacterOffsetEnd=881 PartOfSpeech=PRP] [Text='re CharacterOffsetBegin=881 CharacterOffsetEnd=884 PartOfSpeech=VBP] [Text=trying CharacterOffsetBegin=885 CharacterOffsetEnd=891 PartOfSpeech=VBG] [Text=to CharacterOffsetBegin=892 CharacterOffsetEnd=894 PartOfSpeech=TO] [Text=portray CharacterOffsetBegin=895 CharacterOffsetEnd=902 PartOfSpeech=VB] [Text=? CharacterOffsetBegin=902 CharacterOffsetEnd=903 PartOfSpeech=.] 
root(ROOT-0, disregard-2)
amod(disregard-2, Total-1)
prep(disregard-2, for-3)
det(story-5, the-4)
pobj(for-3, story-5)
dobj(trying-9, which-6)
nsubj(trying-9, you-7)
aux(trying-9, 're-8)
rcmod(story-5, trying-9)
aux(portray-11, to-10)
xcomp(trying-9, portray-11)
punct(disregard-2, ?-12)

Sentence #15 (24 tokens):
Check.After a while, you realize that what you're watching is a soap and not a very well written one at that.
[Text=Check.After CharacterOffsetBegin=908 CharacterOffsetEnd=919 PartOfSpeech=NN] [Text=a CharacterOffsetBegin=920 CharacterOffsetEnd=921 PartOfSpeech=DT] [Text=while CharacterOffsetBegin=922 CharacterOffsetEnd=927 PartOfSpeech=NN] [Text=, CharacterOffsetBegin=927 CharacterOffsetEnd=928 PartOfSpeech=,] [Text=you CharacterOffsetBegin=929 CharacterOffsetEnd=932 PartOfSpeech=PRP] [Text=realize CharacterOffsetBegin=933 CharacterOffsetEnd=940 PartOfSpeech=VBP] [Text=that CharacterOffsetBegin=941 CharacterOffsetEnd=945 PartOfSpeech=IN] [Text=what CharacterOffsetBegin=946 CharacterOffsetEnd=950 PartOfSpeech=WP] [Text=you CharacterOffsetBegin=951 CharacterOffsetEnd=954 PartOfSpeech=PRP] [Text='re CharacterOffsetBegin=954 CharacterOffsetEnd=957 PartOfSpeech=VBP] [Text=watching CharacterOffsetBegin=958 CharacterOffsetEnd=966 PartOfSpeech=VBG] [Text=is CharacterOffsetBegin=967 CharacterOffsetEnd=969 PartOfSpeech=VBZ] [Text=a CharacterOffsetBegin=970 CharacterOffsetEnd=971 PartOfSpeech=DT] [Text=soap CharacterOffsetBegin=972 CharacterOffsetEnd=976 PartOfSpeech=NN] [Text=and CharacterOffsetBegin=977 CharacterOffsetEnd=980 PartOfSpeech=CC] [Text=not CharacterOffsetBegin=981 CharacterOffsetEnd=984 PartOfSpeech=RB] [Text=a CharacterOffsetBegin=985 CharacterOffsetEnd=986 PartOfSpeech=DT] [Text=very CharacterOffsetBegin=987 CharacterOffsetEnd=991 PartOfSpeech=RB] [Text=well CharacterOffsetBegin=992 CharacterOffsetEnd=996 PartOfSpeech=RB] [Text=written CharacterOffsetBegin=997 CharacterOffsetEnd=1004 PartOfSpeech=VBN] [Text=one CharacterOffsetBegin=1005 CharacterOffsetEnd=1008 PartOfSpeech=CD] [Text=at CharacterOffsetBegin=1009 CharacterOffsetEnd=1011 PartOfSpeech=IN] [Text=that CharacterOffsetBegin=1012 CharacterOffsetEnd=1016 PartOfSpeech=DT] [Text=. CharacterOffsetBegin=1016 CharacterOffsetEnd=1017 PartOfSpeech=.] 
root(ROOT-0, realize-6)
prep(realize-6, Check.After-1)
det(while-3, a-2)
npadvmod(Check.After-1, while-3)
punct(realize-6, ,-4)
nsubj(realize-6, you-5)
mark(soap-14, that-7)
dobj(watching-11, what-8)
nsubj(watching-11, you-9)
aux(watching-11, 're-10)
csubj(soap-14, watching-11)
cop(soap-14, is-12)
det(soap-14, a-13)
ccomp(realize-6, soap-14)
cc(soap-14, and-15)
conj(soap-14, not-16)
det(one-21, a-17)
advmod(well-19, very-18)
advmod(written-20, well-19)
amod(one-21, written-20)
dep(soap-14, one-21)
prep(one-21, at-22)
pobj(at-22, that-23)
punct(realize-6, .-24)

Sentence #16 (4 tokens):
Scene with Knoxville.
[Text=Scene CharacterOffsetBegin=1022 CharacterOffsetEnd=1027 PartOfSpeech=NN] [Text=with CharacterOffsetBegin=1028 CharacterOffsetEnd=1032 PartOfSpeech=IN] [Text=Knoxville CharacterOffsetBegin=1033 CharacterOffsetEnd=1042 PartOfSpeech=NNP] [Text=. CharacterOffsetBegin=1042 CharacterOffsetEnd=1043 PartOfSpeech=.] 
root(ROOT-0, Scene-1)
prep(Scene-1, with-2)
pobj(with-2, Knoxville-3)
punct(Scene-1, .-4)

Sentence #17 (5 tokens):
Scene with Ex girlfriend.
[Text=Scene CharacterOffsetBegin=1048 CharacterOffsetEnd=1053 PartOfSpeech=NN] [Text=with CharacterOffsetBegin=1054 CharacterOffsetEnd=1058 PartOfSpeech=IN] [Text=Ex CharacterOffsetBegin=1059 CharacterOffsetEnd=1061 PartOfSpeech=FW] [Text=girlfriend CharacterOffsetBegin=1062 CharacterOffsetEnd=1072 PartOfSpeech=NN] [Text=. CharacterOffsetBegin=1072 CharacterOffsetEnd=1073 PartOfSpeech=.] 
root(ROOT-0, Scene-1)
prep(Scene-1, with-2)
nn(girlfriend-4, Ex-3)
pobj(with-2, girlfriend-4)
punct(Scene-1, .-5)

Sentence #18 (10 tokens):
Scene with Knoxville which hasn't moved on much.
[Text=Scene CharacterOffsetBegin=1078 CharacterOffsetEnd=1083 PartOfSpeech=NN] [Text=with CharacterOffsetBegin=1084 CharacterOffsetEnd=1088 PartOfSpeech=IN] [Text=Knoxville CharacterOffsetBegin=1089 CharacterOffsetEnd=1098 PartOfSpeech=NNP] [Text=which CharacterOffsetBegin=1099 CharacterOffsetEnd=1104 PartOfSpeech=WDT] [Text=has CharacterOffsetBegin=1105 CharacterOffsetEnd=1108 PartOfSpeech=VBZ] [Text=n't CharacterOffsetBegin=1108 CharacterOffsetEnd=1111 PartOfSpeech=RB] [Text=moved CharacterOffsetBegin=1112 CharacterOffsetEnd=1117 PartOfSpeech=VBN] [Text=on CharacterOffsetBegin=1118 CharacterOffsetEnd=1120 PartOfSpeech=RB] [Text=much CharacterOffsetBegin=1121 CharacterOffsetEnd=1125 PartOfSpeech=RB] [Text=. CharacterOffsetBegin=1125 CharacterOffsetEnd=1126 PartOfSpeech=.] 
root(ROOT-0, Scene-1)
prep(Scene-1, with-2)
pobj(with-2, Knoxville-3)
nsubj(moved-7, which-4)
aux(moved-7, has-5)
neg(moved-7, n't-6)
rcmod(Knoxville-3, moved-7)
advmod(moved-7, on-8)
pobj(on-8, much-9)
punct(Scene-1, .-10)

Sentence #19 (13 tokens):
Scene with Ex girlfriend which was a bit like the last one.
[Text=Scene CharacterOffsetBegin=1131 CharacterOffsetEnd=1136 PartOfSpeech=NN] [Text=with CharacterOffsetBegin=1137 CharacterOffsetEnd=1141 PartOfSpeech=IN] [Text=Ex CharacterOffsetBegin=1142 CharacterOffsetEnd=1144 PartOfSpeech=FW] [Text=girlfriend CharacterOffsetBegin=1145 CharacterOffsetEnd=1155 PartOfSpeech=NN] [Text=which CharacterOffsetBegin=1156 CharacterOffsetEnd=1161 PartOfSpeech=WDT] [Text=was CharacterOffsetBegin=1162 CharacterOffsetEnd=1165 PartOfSpeech=VBD] [Text=a CharacterOffsetBegin=1166 CharacterOffsetEnd=1167 PartOfSpeech=DT] [Text=bit CharacterOffsetBegin=1168 CharacterOffsetEnd=1171 PartOfSpeech=NN] [Text=like CharacterOffsetBegin=1172 CharacterOffsetEnd=1176 PartOfSpeech=IN] [Text=the CharacterOffsetBegin=1177 CharacterOffsetEnd=1180 PartOfSpeech=DT] [Text=last CharacterOffsetBegin=1181 CharacterOffsetEnd=1185 PartOfSpeech=JJ] [Text=one CharacterOffsetBegin=1186 CharacterOffsetEnd=1189 PartOfSpeech=CD] [Text=. CharacterOffsetBegin=1189 CharacterOffsetEnd=1190 PartOfSpeech=.] 
root(ROOT-0, Scene-1)
prep(Scene-1, with-2)
nn(girlfriend-4, Ex-3)
pobj(with-2, girlfriend-4)
nsubj(bit-8, which-5)
cop(bit-8, was-6)
det(bit-8, a-7)
rcmod(girlfriend-4, bit-8)
prep(bit-8, like-9)
det(one-12, the-10)
amod(one-12, last-11)
pobj(like-9, one-12)
punct(Scene-1, .-13)

Sentence #20 (38 tokens):
And so on...THE DIRECTION: My friends and I decided, after some consideration, that watching this was like watching a bad episode of Quincy, or maybe a particularly poor Dukes of Hazzard.
[Text=And CharacterOffsetBegin=1195 CharacterOffsetEnd=1198 PartOfSpeech=CC] [Text=so CharacterOffsetBegin=1199 CharacterOffsetEnd=1201 PartOfSpeech=RB] [Text=on CharacterOffsetBegin=1202 CharacterOffsetEnd=1204 PartOfSpeech=IN] [Text=... CharacterOffsetBegin=1204 CharacterOffsetEnd=1207 PartOfSpeech=:] [Text=THE CharacterOffsetBegin=1207 CharacterOffsetEnd=1210 PartOfSpeech=DT] [Text=DIRECTION CharacterOffsetBegin=1211 CharacterOffsetEnd=1220 PartOfSpeech=NN] [Text=: CharacterOffsetBegin=1220 CharacterOffsetEnd=1221 PartOfSpeech=:] [Text=My CharacterOffsetBegin=1222 CharacterOffsetEnd=1224 PartOfSpeech=PRP$] [Text=friends CharacterOffsetBegin=1225 CharacterOffsetEnd=1232 PartOfSpeech=NNS] [Text=and CharacterOffsetBegin=1233 CharacterOffsetEnd=1236 PartOfSpeech=CC] [Text=I CharacterOffsetBegin=1237 CharacterOffsetEnd=1238 PartOfSpeech=PRP] [Text=decided CharacterOffsetBegin=1239 CharacterOffsetEnd=1246 PartOfSpeech=VBD] [Text=, CharacterOffsetBegin=1246 CharacterOffsetEnd=1247 PartOfSpeech=,] [Text=after CharacterOffsetBegin=1248 CharacterOffsetEnd=1253 PartOfSpeech=IN] [Text=some CharacterOffsetBegin=1254 CharacterOffsetEnd=1258 PartOfSpeech=DT] [Text=consideration CharacterOffsetBegin=1259 CharacterOffsetEnd=1272 PartOfSpeech=NN] [Text=, CharacterOffsetBegin=1272 CharacterOffsetEnd=1273 PartOfSpeech=,] [Text=that CharacterOffsetBegin=1274 CharacterOffsetEnd=1278 PartOfSpeech=WDT] [Text=watching CharacterOffsetBegin=1279 CharacterOffsetEnd=1287 PartOfSpeech=VBG] [Text=this CharacterOffsetBegin=1288 CharacterOffsetEnd=1292 PartOfSpeech=DT] [Text=was CharacterOffsetBegin=1293 CharacterOffsetEnd=1296 PartOfSpeech=VBD] [Text=like CharacterOffsetBegin=1297 CharacterOffsetEnd=1301 PartOfSpeech=IN] [Text=watching CharacterOffsetBegin=1302 CharacterOffsetEnd=1310 PartOfSpeech=VBG] [Text=a CharacterOffsetBegin=1311 CharacterOffsetEnd=1312 PartOfSpeech=DT] [Text=bad CharacterOffsetBegin=1313 CharacterOffsetEnd=1316 PartOfSpeech=JJ] [Text=episode CharacterOffsetBegin=1317 CharacterOffsetEnd=1324 PartOfSpeech=NN] [Text=of CharacterOffsetBegin=1325 CharacterOffsetEnd=1327 PartOfSpeech=IN] [Text=Quincy CharacterOffsetBegin=1328 CharacterOffsetEnd=1334 PartOfSpeech=NNP] [Text=, CharacterOffsetBegin=1334 CharacterOffsetEnd=1335 PartOfSpeech=,] [Text=or CharacterOffsetBegin=1336 CharacterOffsetEnd=1338 PartOfSpeech=CC] [Text=maybe CharacterOffsetBegin=1339 CharacterOffsetEnd=1344 PartOfSpeech=RB] [Text=a CharacterOffsetBegin=1345 CharacterOffsetEnd=1346 PartOfSpeech=DT] [Text=particularly CharacterOffsetBegin=1347 CharacterOffsetEnd=1359 PartOfSpeech=RB] [Text=poor CharacterOffsetBegin=1360 CharacterOffsetEnd=1364 PartOfSpeech=JJ] [Text=Dukes CharacterOffsetBegin=1365 CharacterOffsetEnd=1370 PartOfSpeech=NNS] [Text=of CharacterOffsetBegin=1371 CharacterOffsetEnd=1373 PartOfSpeech=IN] [Text=Hazzard CharacterOffsetBegin=1374 CharacterOffsetEnd=1381 PartOfSpeech=NNP] [Text=. CharacterOffsetBegin=1381 CharacterOffsetEnd=1382 PartOfSpeech=.] 
root(ROOT-0, on-3)
cc(on-3, And-1)
advmod(on-3, so-2)
punct(on-3, ...-4)
det(DIRECTION-6, THE-5)
dep(on-3, DIRECTION-6)
punct(DIRECTION-6, :-7)
poss(friends-9, My-8)
nsubj(decided-12, friends-9)
cc(friends-9, and-10)
conj(friends-9, I-11)
dep(DIRECTION-6, decided-12)
punct(decided-12, ,-13)
prep(decided-12, after-14)
det(consideration-16, some-15)
pobj(after-14, consideration-16)
punct(decided-12, ,-17)
nsubj(watching-19, that-18)
ccomp(decided-12, watching-19)
nsubj(was-21, this-20)
ccomp(watching-19, was-21)
prep(was-21, like-22)
pcomp(like-22, watching-23)
det(episode-26, a-24)
amod(episode-26, bad-25)
dobj(watching-23, episode-26)
prep(episode-26, of-27)
pobj(of-27, Quincy-28)
punct(Quincy-28, ,-29)
cc(Quincy-28, or-30)
advmod(Dukes-35, maybe-31)
det(Dukes-35, a-32)
advmod(poor-34, particularly-33)
amod(Dukes-35, poor-34)
conj(Quincy-28, Dukes-35)
prep(Dukes-35, of-36)
pobj(of-36, Hazzard-37)
punct(on-3, .-38)

Sentence #21 (8 tokens):
That's how bad the direction was.
[Text=That CharacterOffsetBegin=1387 CharacterOffsetEnd=1391 PartOfSpeech=DT] [Text='s CharacterOffsetBegin=1391 CharacterOffsetEnd=1393 PartOfSpeech=VBZ] [Text=how CharacterOffsetBegin=1394 CharacterOffsetEnd=1397 PartOfSpeech=WRB] [Text=bad CharacterOffsetBegin=1398 CharacterOffsetEnd=1401 PartOfSpeech=JJ] [Text=the CharacterOffsetBegin=1402 CharacterOffsetEnd=1405 PartOfSpeech=DT] [Text=direction CharacterOffsetBegin=1406 CharacterOffsetEnd=1415 PartOfSpeech=NN] [Text=was CharacterOffsetBegin=1416 CharacterOffsetEnd=1419 PartOfSpeech=VBD] [Text=. CharacterOffsetBegin=1419 CharacterOffsetEnd=1420 PartOfSpeech=.] 
root(ROOT-0, 's-2)
nsubj('s-2, That-1)
advmod(bad-4, how-3)
dep(was-7, bad-4)
det(direction-6, the-5)
nsubj(was-7, direction-6)
ccomp('s-2, was-7)
punct('s-2, .-8)

Sentence #22 (15 tokens):
Terrible jump cuts, awful camera work, clunky ins and outs to scenes.
[Text=Terrible CharacterOffsetBegin=1425 CharacterOffsetEnd=1433 PartOfSpeech=JJ] [Text=jump CharacterOffsetBegin=1434 CharacterOffsetEnd=1438 PartOfSpeech=NN] [Text=cuts CharacterOffsetBegin=1439 CharacterOffsetEnd=1443 PartOfSpeech=NNS] [Text=, CharacterOffsetBegin=1443 CharacterOffsetEnd=1444 PartOfSpeech=,] [Text=awful CharacterOffsetBegin=1445 CharacterOffsetEnd=1450 PartOfSpeech=JJ] [Text=camera CharacterOffsetBegin=1451 CharacterOffsetEnd=1457 PartOfSpeech=NN] [Text=work CharacterOffsetBegin=1458 CharacterOffsetEnd=1462 PartOfSpeech=NN] [Text=, CharacterOffsetBegin=1462 CharacterOffsetEnd=1463 PartOfSpeech=,] [Text=clunky CharacterOffsetBegin=1464 CharacterOffsetEnd=1470 PartOfSpeech=JJ] [Text=ins CharacterOffsetBegin=1471 CharacterOffsetEnd=1474 PartOfSpeech=NNS] [Text=and CharacterOffsetBegin=1475 CharacterOffsetEnd=1478 PartOfSpeech=CC] [Text=outs CharacterOffsetBegin=1479 CharacterOffsetEnd=1483 PartOfSpeech=NNS] [Text=to CharacterOffsetBegin=1484 CharacterOffsetEnd=1486 PartOfSpeech=TO] [Text=scenes CharacterOffsetBegin=1487 CharacterOffsetEnd=1493 PartOfSpeech=NNS] [Text=. CharacterOffsetBegin=1493 CharacterOffsetEnd=1494 PartOfSpeech=.] 
root(ROOT-0, cuts-3)
amod(cuts-3, Terrible-1)
nn(cuts-3, jump-2)
punct(cuts-3, ,-4)
amod(work-7, awful-5)
nn(work-7, camera-6)
conj(cuts-3, work-7)
punct(cuts-3, ,-8)
amod(ins-10, clunky-9)
conj(cuts-3, ins-10)
cc(cuts-3, and-11)
conj(cuts-3, outs-12)
prep(outs-12, to-13)
pobj(to-13, scenes-14)
punct(cuts-3, .-15)

Sentence #23 (6 tokens):
God, it was cringeworthy.
[Text=God CharacterOffsetBegin=1499 CharacterOffsetEnd=1502 PartOfSpeech=NNP] [Text=, CharacterOffsetBegin=1502 CharacterOffsetEnd=1503 PartOfSpeech=,] [Text=it CharacterOffsetBegin=1504 CharacterOffsetEnd=1506 PartOfSpeech=PRP] [Text=was CharacterOffsetBegin=1507 CharacterOffsetEnd=1510 PartOfSpeech=VBD] [Text=cringeworthy CharacterOffsetBegin=1511 CharacterOffsetEnd=1523 PartOfSpeech=NN] [Text=. CharacterOffsetBegin=1523 CharacterOffsetEnd=1524 PartOfSpeech=.] 
root(ROOT-0, God-1)
punct(God-1, ,-2)
nsubj(cringeworthy-5, it-3)
cop(cringeworthy-5, was-4)
rcmod(God-1, cringeworthy-5)
punct(God-1, .-6)

Sentence #24 (40 tokens):
And then I discovered the director was an Irishman who's most noteworthy recent work is a really lousy BBC Sunday night drama called Monarch of the Glen (trust me, it's lowest common denominator TV).
[Text=And CharacterOffsetBegin=1529 CharacterOffsetEnd=1532 PartOfSpeech=CC] [Text=then CharacterOffsetBegin=1533 CharacterOffsetEnd=1537 PartOfSpeech=RB] [Text=I CharacterOffsetBegin=1538 CharacterOffsetEnd=1539 PartOfSpeech=PRP] [Text=discovered CharacterOffsetBegin=1540 CharacterOffsetEnd=1550 PartOfSpeech=VBD] [Text=the CharacterOffsetBegin=1551 CharacterOffsetEnd=1554 PartOfSpeech=DT] [Text=director CharacterOffsetBegin=1555 CharacterOffsetEnd=1563 PartOfSpeech=NN] [Text=was CharacterOffsetBegin=1564 CharacterOffsetEnd=1567 PartOfSpeech=VBD] [Text=an CharacterOffsetBegin=1568 CharacterOffsetEnd=1570 PartOfSpeech=DT] [Text=Irishman CharacterOffsetBegin=1571 CharacterOffsetEnd=1579 PartOfSpeech=NN] [Text=who CharacterOffsetBegin=1580 CharacterOffsetEnd=1583 PartOfSpeech=WP] [Text='s CharacterOffsetBegin=1583 CharacterOffsetEnd=1585 PartOfSpeech=VBZ] [Text=most CharacterOffsetBegin=1586 CharacterOffsetEnd=1590 PartOfSpeech=RBS] [Text=noteworthy CharacterOffsetBegin=1591 CharacterOffsetEnd=1601 PartOfSpeech=JJ] [Text=recent CharacterOffsetBegin=1602 CharacterOffsetEnd=1608 PartOfSpeech=JJ] [Text=work CharacterOffsetBegin=1609 CharacterOffsetEnd=1613 PartOfSpeech=NN] [Text=is CharacterOffsetBegin=1614 CharacterOffsetEnd=1616 PartOfSpeech=VBZ] [Text=a CharacterOffsetBegin=1617 CharacterOffsetEnd=1618 PartOfSpeech=DT] [Text=really CharacterOffsetBegin=1619 CharacterOffsetEnd=1625 PartOfSpeech=RB] [Text=lousy CharacterOffsetBegin=1626 CharacterOffsetEnd=1631 PartOfSpeech=JJ] [Text=BBC CharacterOffsetBegin=1632 CharacterOffsetEnd=1635 PartOfSpeech=NNP] [Text=Sunday CharacterOffsetBegin=1636 CharacterOffsetEnd=1642 PartOfSpeech=NNP] [Text=night CharacterOffsetBegin=1643 CharacterOffsetEnd=1648 PartOfSpeech=NN] [Text=drama CharacterOffsetBegin=1649 CharacterOffsetEnd=1654 PartOfSpeech=NN] [Text=called CharacterOffsetBegin=1655 CharacterOffsetEnd=1661 PartOfSpeech=VBN] [Text=Monarch CharacterOffsetBegin=1662 CharacterOffsetEnd=1669 PartOfSpeech=NNP] [Text=of CharacterOffsetBegin=1670 CharacterOffsetEnd=1672 PartOfSpeech=IN] [Text=the CharacterOffsetBegin=1673 CharacterOffsetEnd=1676 PartOfSpeech=DT] [Text=Glen CharacterOffsetBegin=1677 CharacterOffsetEnd=1681 PartOfSpeech=NNP] [Text=-LRB- CharacterOffsetBegin=1682 CharacterOffsetEnd=1683 PartOfSpeech=-LRB-] [Text=trust CharacterOffsetBegin=1683 CharacterOffsetEnd=1688 PartOfSpeech=NN] [Text=me CharacterOffsetBegin=1689 CharacterOffsetEnd=1691 PartOfSpeech=PRP] [Text=, CharacterOffsetBegin=1691 CharacterOffsetEnd=1692 PartOfSpeech=,] [Text=it CharacterOffsetBegin=1693 CharacterOffsetEnd=1695 PartOfSpeech=PRP] [Text='s CharacterOffsetBegin=1695 CharacterOffsetEnd=1697 PartOfSpeech=VBZ] [Text=lowest CharacterOffsetBegin=1698 CharacterOffsetEnd=1704 PartOfSpeech=JJS] [Text=common CharacterOffsetBegin=1705 CharacterOffsetEnd=1711 PartOfSpeech=JJ] [Text=denominator CharacterOffsetBegin=1712 CharacterOffsetEnd=1723 PartOfSpeech=NN] [Text=TV CharacterOffsetBegin=1724 CharacterOffsetEnd=1726 PartOfSpeech=NN] [Text=-RRB- CharacterOffsetBegin=1726 CharacterOffsetEnd=1727 PartOfSpeech=-RRB-] [Text=. CharacterOffsetBegin=1727 CharacterOffsetEnd=1728 PartOfSpeech=.] 
root(ROOT-0, discovered-4)
cc(discovered-4, And-1)
advmod(discovered-4, then-2)
nsubj(discovered-4, I-3)
det(director-6, the-5)
nsubj(Irishman-9, director-6)
cop(Irishman-9, was-7)
det(Irishman-9, an-8)
ccomp(discovered-4, Irishman-9)
nsubj(work-15, who-10)
cop(work-15, 's-11)
advmod(noteworthy-13, most-12)
amod(work-15, noteworthy-13)
amod(work-15, recent-14)
rcmod(Irishman-9, work-15)
cop(drama-23, is-16)
det(drama-23, a-17)
advmod(lousy-19, really-18)
amod(drama-23, lousy-19)
nn(drama-23, BBC-20)
nn(drama-23, Sunday-21)
nn(drama-23, night-22)
dep(work-15, drama-23)
partmod(drama-23, called-24)
dep(called-24, Monarch-25)
prep(called-24, of-26)
pobj(of-26, the-27)
dep(the-27, Glen-28)
punct(trust-30, -LRB--29)
dep(Glen-28, trust-30)
dobj(trust-30, me-31)
punct(trust-30, ,-32)
dep(trust-30, it-33)
dep(it-33, 's-34)
nsubj('s-34, lowest-35)
amod(lowest-35, common-36)
dep(common-36, denominator-37)
dep(denominator-37, TV-38)
punct(TV-38, -RRB--39)
punct(discovered-4, .-40)

Sentence #25 (45 tokens):
And then it all made sense...THE ACTING: Are we now so critical that when some random guy from the TV decides to give acting a go, if he's not so bad, he stinks, we applaud his efforts?
[Text=And CharacterOffsetBegin=1733 CharacterOffsetEnd=1736 PartOfSpeech=CC] [Text=then CharacterOffsetBegin=1737 CharacterOffsetEnd=1741 PartOfSpeech=RB] [Text=it CharacterOffsetBegin=1742 CharacterOffsetEnd=1744 PartOfSpeech=PRP] [Text=all CharacterOffsetBegin=1745 CharacterOffsetEnd=1748 PartOfSpeech=DT] [Text=made CharacterOffsetBegin=1749 CharacterOffsetEnd=1753 PartOfSpeech=VBD] [Text=sense CharacterOffsetBegin=1754 CharacterOffsetEnd=1759 PartOfSpeech=NN] [Text=... CharacterOffsetBegin=1759 CharacterOffsetEnd=1762 PartOfSpeech=:] [Text=THE CharacterOffsetBegin=1762 CharacterOffsetEnd=1765 PartOfSpeech=DT] [Text=ACTING CharacterOffsetBegin=1766 CharacterOffsetEnd=1772 PartOfSpeech=VBG] [Text=: CharacterOffsetBegin=1772 CharacterOffsetEnd=1773 PartOfSpeech=:] [Text=Are CharacterOffsetBegin=1774 CharacterOffsetEnd=1777 PartOfSpeech=VBP] [Text=we CharacterOffsetBegin=1778 CharacterOffsetEnd=1780 PartOfSpeech=PRP] [Text=now CharacterOffsetBegin=1781 CharacterOffsetEnd=1784 PartOfSpeech=RB] [Text=so CharacterOffsetBegin=1785 CharacterOffsetEnd=1787 PartOfSpeech=RB] [Text=critical CharacterOffsetBegin=1788 CharacterOffsetEnd=1796 PartOfSpeech=JJ] [Text=that CharacterOffsetBegin=1797 CharacterOffsetEnd=1801 PartOfSpeech=IN] [Text=when CharacterOffsetBegin=1802 CharacterOffsetEnd=1806 PartOfSpeech=WRB] [Text=some CharacterOffsetBegin=1807 CharacterOffsetEnd=1811 PartOfSpeech=DT] [Text=random CharacterOffsetBegin=1812 CharacterOffsetEnd=1818 PartOfSpeech=JJ] [Text=guy CharacterOffsetBegin=1819 CharacterOffsetEnd=1822 PartOfSpeech=NN] [Text=from CharacterOffsetBegin=1823 CharacterOffsetEnd=1827 PartOfSpeech=IN] [Text=the CharacterOffsetBegin=1828 CharacterOffsetEnd=1831 PartOfSpeech=DT] [Text=TV CharacterOffsetBegin=1832 CharacterOffsetEnd=1834 PartOfSpeech=NN] [Text=decides CharacterOffsetBegin=1835 CharacterOffsetEnd=1842 PartOfSpeech=VBZ] [Text=to CharacterOffsetBegin=1843 CharacterOffsetEnd=1845 PartOfSpeech=TO] [Text=give CharacterOffsetBegin=1846 CharacterOffsetEnd=1850 PartOfSpeech=VB] [Text=acting CharacterOffsetBegin=1851 CharacterOffsetEnd=1857 PartOfSpeech=VBG] [Text=a CharacterOffsetBegin=1858 CharacterOffsetEnd=1859 PartOfSpeech=DT] [Text=go CharacterOffsetBegin=1860 CharacterOffsetEnd=1862 PartOfSpeech=NN] [Text=, CharacterOffsetBegin=1862 CharacterOffsetEnd=1863 PartOfSpeech=,] [Text=if CharacterOffsetBegin=1864 CharacterOffsetEnd=1866 PartOfSpeech=IN] [Text=he CharacterOffsetBegin=1867 CharacterOffsetEnd=1869 PartOfSpeech=PRP] [Text='s CharacterOffsetBegin=1869 CharacterOffsetEnd=1871 PartOfSpeech=VBZ] [Text=not CharacterOffsetBegin=1872 CharacterOffsetEnd=1875 PartOfSpeech=RB] [Text=so CharacterOffsetBegin=1876 CharacterOffsetEnd=1878 PartOfSpeech=RB] [Text=bad CharacterOffsetBegin=1879 CharacterOffsetEnd=1882 PartOfSpeech=JJ] [Text=, CharacterOffsetBegin=1882 CharacterOffsetEnd=1883 PartOfSpeech=,] [Text=he CharacterOffsetBegin=1884 CharacterOffsetEnd=1886 PartOfSpeech=PRP] [Text=stinks CharacterOffsetBegin=1887 CharacterOffsetEnd=1893 PartOfSpeech=VBZ] [Text=, CharacterOffsetBegin=1893 CharacterOffsetEnd=1894 PartOfSpeech=,] [Text=we CharacterOffsetBegin=1895 CharacterOffsetEnd=1897 PartOfSpeech=PRP] [Text=applaud CharacterOffsetBegin=1898 CharacterOffsetEnd=1905 PartOfSpeech=VBP] [Text=his CharacterOffsetBegin=1906 CharacterOffsetEnd=1909 PartOfSpeech=PRP$] [Text=efforts CharacterOffsetBegin=1910 CharacterOffsetEnd=1917 PartOfSpeech=NNS] [Text=? CharacterOffsetBegin=1917 CharacterOffsetEnd=1918 PartOfSpeech=.] 
root(ROOT-0, made-5)
cc(made-5, And-1)
advmod(made-5, then-2)
nsubj(made-5, it-3)
det(it-3, all-4)
dobj(made-5, sense-6)
punct(made-5, ...-7)
det(ACTING-9, THE-8)
dep(made-5, ACTING-9)
punct(made-5, :-10)
cop(critical-15, Are-11)
nsubj(critical-15, we-12)
advmod(critical-15, now-13)
advmod(critical-15, so-14)
parataxis(made-5, critical-15)
mark(applaud-42, that-16)
advmod(decides-24, when-17)
det(guy-20, some-18)
amod(guy-20, random-19)
nsubj(decides-24, guy-20)
prep(guy-20, from-21)
det(TV-23, the-22)
pobj(from-21, TV-23)
advcl(applaud-42, decides-24)
aux(give-26, to-25)
xcomp(decides-24, give-26)
dep(give-26, acting-27)
det(go-29, a-28)
dobj(acting-27, go-29)
punct(decides-24, ,-30)
mark(bad-36, if-31)
nsubj(bad-36, he-32)
cop(bad-36, 's-33)
neg(bad-36, not-34)
advmod(bad-36, so-35)
advcl(decides-24, bad-36)
punct(stinks-39, ,-37)
nsubj(stinks-39, he-38)
parataxis(applaud-42, stinks-39)
punct(stinks-39, ,-40)
nsubj(applaud-42, we-41)
ccomp(critical-15, applaud-42)
poss(efforts-44, his-43)
dobj(applaud-42, efforts-44)
punct(made-5, ?-45)

Sentence #26 (10 tokens):
Knoxville JUST ABOUT manages to get through every scene.
[Text=Knoxville CharacterOffsetBegin=1923 CharacterOffsetEnd=1932 PartOfSpeech=NNP] [Text=JUST CharacterOffsetBegin=1933 CharacterOffsetEnd=1937 PartOfSpeech=RB] [Text=ABOUT CharacterOffsetBegin=1938 CharacterOffsetEnd=1943 PartOfSpeech=IN] [Text=manages CharacterOffsetBegin=1944 CharacterOffsetEnd=1951 PartOfSpeech=VBZ] [Text=to CharacterOffsetBegin=1952 CharacterOffsetEnd=1954 PartOfSpeech=TO] [Text=get CharacterOffsetBegin=1955 CharacterOffsetEnd=1958 PartOfSpeech=VB] [Text=through CharacterOffsetBegin=1959 CharacterOffsetEnd=1966 PartOfSpeech=IN] [Text=every CharacterOffsetBegin=1967 CharacterOffsetEnd=1972 PartOfSpeech=DT] [Text=scene CharacterOffsetBegin=1973 CharacterOffsetEnd=1978 PartOfSpeech=NN] [Text=. CharacterOffsetBegin=1978 CharacterOffsetEnd=1979 PartOfSpeech=.] 
root(ROOT-0, manages-4)
nsubj(manages-4, Knoxville-1)
advmod(manages-4, JUST-2)
nsubj(manages-4, ABOUT-3)
aux(get-6, to-5)
xcomp(manages-4, get-6)
prep(get-6, through-7)
det(scene-9, every-8)
pobj(through-7, scene-9)
punct(manages-4, .-10)

Sentence #27 (8 tokens):
Poor Christina A. has no such luck.
[Text=Poor CharacterOffsetBegin=1984 CharacterOffsetEnd=1988 PartOfSpeech=NNP] [Text=Christina CharacterOffsetBegin=1989 CharacterOffsetEnd=1998 PartOfSpeech=NNP] [Text=A. CharacterOffsetBegin=1999 CharacterOffsetEnd=2001 PartOfSpeech=NN] [Text=has CharacterOffsetBegin=2002 CharacterOffsetEnd=2005 PartOfSpeech=VBZ] [Text=no CharacterOffsetBegin=2006 CharacterOffsetEnd=2008 PartOfSpeech=DT] [Text=such CharacterOffsetBegin=2009 CharacterOffsetEnd=2013 PartOfSpeech=JJ] [Text=luck CharacterOffsetBegin=2014 CharacterOffsetEnd=2018 PartOfSpeech=NN] [Text=. CharacterOffsetBegin=2018 CharacterOffsetEnd=2019 PartOfSpeech=.] 
root(ROOT-0, has-4)
nn(A.-3, Poor-1)
nn(A.-3, Christina-2)
nsubj(has-4, A.-3)
det(luck-7, no-5)
amod(luck-7, such-6)
dobj(has-4, luck-7)
punct(has-4, .-8)

Sentence #28 (21 tokens):
Her performance is a car crash (though what you do with those lines, I don't know).
[Text=Her CharacterOffsetBegin=2024 CharacterOffsetEnd=2027 PartOfSpeech=PRP$] [Text=performance CharacterOffsetBegin=2028 CharacterOffsetEnd=2039 PartOfSpeech=NN] [Text=is CharacterOffsetBegin=2040 CharacterOffsetEnd=2042 PartOfSpeech=VBZ] [Text=a CharacterOffsetBegin=2043 CharacterOffsetEnd=2044 PartOfSpeech=DT] [Text=car CharacterOffsetBegin=2045 CharacterOffsetEnd=2048 PartOfSpeech=NN] [Text=crash CharacterOffsetBegin=2049 CharacterOffsetEnd=2054 PartOfSpeech=NN] [Text=-LRB- CharacterOffsetBegin=2055 CharacterOffsetEnd=2056 PartOfSpeech=-LRB-] [Text=though CharacterOffsetBegin=2056 CharacterOffsetEnd=2062 PartOfSpeech=IN] [Text=what CharacterOffsetBegin=2063 CharacterOffsetEnd=2067 PartOfSpeech=WP] [Text=you CharacterOffsetBegin=2068 CharacterOffsetEnd=2071 PartOfSpeech=PRP] [Text=do CharacterOffsetBegin=2072 CharacterOffsetEnd=2074 PartOfSpeech=VBP] [Text=with CharacterOffsetBegin=2075 CharacterOffsetEnd=2079 PartOfSpeech=IN] [Text=those CharacterOffsetBegin=2080 CharacterOffsetEnd=2085 PartOfSpeech=DT] [Text=lines CharacterOffsetBegin=2086 CharacterOffsetEnd=2091 PartOfSpeech=NNS] [Text=, CharacterOffsetBegin=2091 CharacterOffsetEnd=2092 PartOfSpeech=,] [Text=I CharacterOffsetBegin=2093 CharacterOffsetEnd=2094 PartOfSpeech=PRP] [Text=do CharacterOffsetBegin=2095 CharacterOffsetEnd=2097 PartOfSpeech=VBP] [Text=n't CharacterOffsetBegin=2097 CharacterOffsetEnd=2100 PartOfSpeech=RB] [Text=know CharacterOffsetBegin=2101 CharacterOffsetEnd=2105 PartOfSpeech=VB] [Text=-RRB- CharacterOffsetBegin=2105 CharacterOffsetEnd=2106 PartOfSpeech=-RRB-] [Text=. CharacterOffsetBegin=2106 CharacterOffsetEnd=2107 PartOfSpeech=.] 
root(ROOT-0, crash-6)
poss(performance-2, Her-1)
nsubj(crash-6, performance-2)
cop(crash-6, is-3)
det(crash-6, a-4)
nn(crash-6, car-5)
punct(though-8, -LRB--7)
prep(know-19, though-8)
dobj(do-11, what-9)
nsubj(do-11, you-10)
pcomp(though-8, do-11)
prep(do-11, with-12)
det(lines-14, those-13)
pobj(with-12, lines-14)
punct(know-19, ,-15)
nsubj(know-19, I-16)
aux(know-19, do-17)
neg(know-19, n't-18)
rcmod(crash-6, know-19)
punct(know-19, -RRB--20)
punct(crash-6, .-21)

Sentence #29 (17 tokens):
The 'hippy' in the hearse: oh dear, oh dear, oh dear.
[Text=The CharacterOffsetBegin=2112 CharacterOffsetEnd=2115 PartOfSpeech=DT] [Text=` CharacterOffsetBegin=2116 CharacterOffsetEnd=2117 PartOfSpeech=``] [Text=hippy CharacterOffsetBegin=2117 CharacterOffsetEnd=2122 PartOfSpeech=NN] [Text=' CharacterOffsetBegin=2122 CharacterOffsetEnd=2123 PartOfSpeech=''] [Text=in CharacterOffsetBegin=2124 CharacterOffsetEnd=2126 PartOfSpeech=IN] [Text=the CharacterOffsetBegin=2127 CharacterOffsetEnd=2130 PartOfSpeech=DT] [Text=hearse CharacterOffsetBegin=2131 CharacterOffsetEnd=2137 PartOfSpeech=NN] [Text=: CharacterOffsetBegin=2137 CharacterOffsetEnd=2138 PartOfSpeech=:] [Text=oh CharacterOffsetBegin=2139 CharacterOffsetEnd=2141 PartOfSpeech=UH] [Text=dear CharacterOffsetBegin=2142 CharacterOffsetEnd=2146 PartOfSpeech=RB] [Text=, CharacterOffsetBegin=2146 CharacterOffsetEnd=2147 PartOfSpeech=,] [Text=oh CharacterOffsetBegin=2148 CharacterOffsetEnd=2150 PartOfSpeech=UH] [Text=dear CharacterOffsetBegin=2151 CharacterOffsetEnd=2155 PartOfSpeech=RB] [Text=, CharacterOffsetBegin=2155 CharacterOffsetEnd=2156 PartOfSpeech=,] [Text=oh CharacterOffsetBegin=2157 CharacterOffsetEnd=2159 PartOfSpeech=UH] [Text=dear CharacterOffsetBegin=2160 CharacterOffsetEnd=2164 PartOfSpeech=RB] [Text=. CharacterOffsetBegin=2164 CharacterOffsetEnd=2165 PartOfSpeech=.] 
root(ROOT-0, hippy-3)
det(hippy-3, The-1)
punct(hippy-3, `-2)
punct(hippy-3, '-4)
prep(hippy-3, in-5)
det(hearse-7, the-6)
pobj(in-5, hearse-7)
punct(hippy-3, :-8)
advmod(dear-10, oh-9)
dep(hippy-3, dear-10)
punct(dear-10, ,-11)
advmod(dear-13, oh-12)
appos(dear-10, dear-13)
punct(dear-10, ,-14)
advmod(dear-16, oh-15)
appos(dear-10, dear-16)
punct(hippy-3, .-17)

Sentence #30 (21 tokens):
Have we not moved on since Cheech and Chong?I could go on, but I think you get my drift.
[Text=Have CharacterOffsetBegin=2170 CharacterOffsetEnd=2174 PartOfSpeech=VBP] [Text=we CharacterOffsetBegin=2175 CharacterOffsetEnd=2177 PartOfSpeech=PRP] [Text=not CharacterOffsetBegin=2178 CharacterOffsetEnd=2181 PartOfSpeech=RB] [Text=moved CharacterOffsetBegin=2182 CharacterOffsetEnd=2187 PartOfSpeech=VBD] [Text=on CharacterOffsetBegin=2188 CharacterOffsetEnd=2190 PartOfSpeech=IN] [Text=since CharacterOffsetBegin=2191 CharacterOffsetEnd=2196 PartOfSpeech=IN] [Text=Cheech CharacterOffsetBegin=2197 CharacterOffsetEnd=2203 PartOfSpeech=NNP] [Text=and CharacterOffsetBegin=2204 CharacterOffsetEnd=2207 PartOfSpeech=CC] [Text=Chong?I CharacterOffsetBegin=2208 CharacterOffsetEnd=2215 PartOfSpeech=NNP] [Text=could CharacterOffsetBegin=2216 CharacterOffsetEnd=2221 PartOfSpeech=MD] [Text=go CharacterOffsetBegin=2222 CharacterOffsetEnd=2224 PartOfSpeech=VB] [Text=on CharacterOffsetBegin=2225 CharacterOffsetEnd=2227 PartOfSpeech=IN] [Text=, CharacterOffsetBegin=2227 CharacterOffsetEnd=2228 PartOfSpeech=,] [Text=but CharacterOffsetBegin=2229 CharacterOffsetEnd=2232 PartOfSpeech=CC] [Text=I CharacterOffsetBegin=2233 CharacterOffsetEnd=2234 PartOfSpeech=PRP] [Text=think CharacterOffsetBegin=2235 CharacterOffsetEnd=2240 PartOfSpeech=VBP] [Text=you CharacterOffsetBegin=2241 CharacterOffsetEnd=2244 PartOfSpeech=PRP] [Text=get CharacterOffsetBegin=2245 CharacterOffsetEnd=2248 PartOfSpeech=VB] [Text=my CharacterOffsetBegin=2249 CharacterOffsetEnd=2251 PartOfSpeech=PRP$] [Text=drift CharacterOffsetBegin=2252 CharacterOffsetEnd=2257 PartOfSpeech=NN] [Text=. CharacterOffsetBegin=2257 CharacterOffsetEnd=2258 PartOfSpeech=.] 
root(ROOT-0, moved-4)
aux(moved-4, Have-1)
nsubj(moved-4, we-2)
neg(moved-4, not-3)
prep(moved-4, on-5)
mark(go-11, since-6)
nsubj(go-11, Cheech-7)
cc(Cheech-7, and-8)
conj(Cheech-7, Chong?I-9)
aux(go-11, could-10)
pcomp(on-5, go-11)
prt(go-11, on-12)
punct(go-11, ,-13)
cc(go-11, but-14)
nsubj(think-16, I-15)
conj(go-11, think-16)
nsubj(get-18, you-17)
ccomp(think-16, get-18)
poss(drift-20, my-19)
dobj(get-18, drift-20)
punct(moved-4, .-21)

Sentence #31 (37 tokens):
What I would say is that, as other reviews have mentioned, no one on this film clearly gives a flying damn for The Byrds, The Flying Burrito Brothers or Gram's solo work.
[Text=What CharacterOffsetBegin=2263 CharacterOffsetEnd=2267 PartOfSpeech=WP] [Text=I CharacterOffsetBegin=2268 CharacterOffsetEnd=2269 PartOfSpeech=PRP] [Text=would CharacterOffsetBegin=2270 CharacterOffsetEnd=2275 PartOfSpeech=MD] [Text=say CharacterOffsetBegin=2276 CharacterOffsetEnd=2279 PartOfSpeech=VB] [Text=is CharacterOffsetBegin=2280 CharacterOffsetEnd=2282 PartOfSpeech=VBZ] [Text=that CharacterOffsetBegin=2283 CharacterOffsetEnd=2287 PartOfSpeech=IN] [Text=, CharacterOffsetBegin=2287 CharacterOffsetEnd=2288 PartOfSpeech=,] [Text=as CharacterOffsetBegin=2289 CharacterOffsetEnd=2291 PartOfSpeech=IN] [Text=other CharacterOffsetBegin=2292 CharacterOffsetEnd=2297 PartOfSpeech=JJ] [Text=reviews CharacterOffsetBegin=2298 CharacterOffsetEnd=2305 PartOfSpeech=NNS] [Text=have CharacterOffsetBegin=2306 CharacterOffsetEnd=2310 PartOfSpeech=VBP] [Text=mentioned CharacterOffsetBegin=2311 CharacterOffsetEnd=2320 PartOfSpeech=VBN] [Text=, CharacterOffsetBegin=2320 CharacterOffsetEnd=2321 PartOfSpeech=,] [Text=no CharacterOffsetBegin=2322 CharacterOffsetEnd=2324 PartOfSpeech=DT] [Text=one CharacterOffsetBegin=2325 CharacterOffsetEnd=2328 PartOfSpeech=NN] [Text=on CharacterOffsetBegin=2329 CharacterOffsetEnd=2331 PartOfSpeech=IN] [Text=this CharacterOffsetBegin=2332 CharacterOffsetEnd=2336 PartOfSpeech=DT] [Text=film CharacterOffsetBegin=2337 CharacterOffsetEnd=2341 PartOfSpeech=NN] [Text=clearly CharacterOffsetBegin=2342 CharacterOffsetEnd=2349 PartOfSpeech=RB] [Text=gives CharacterOffsetBegin=2350 CharacterOffsetEnd=2355 PartOfSpeech=VBZ] [Text=a CharacterOffsetBegin=2356 CharacterOffsetEnd=2357 PartOfSpeech=DT] [Text=flying CharacterOffsetBegin=2358 CharacterOffsetEnd=2364 PartOfSpeech=VBG] [Text=damn CharacterOffsetBegin=2365 CharacterOffsetEnd=2369 PartOfSpeech=NN] [Text=for CharacterOffsetBegin=2370 CharacterOffsetEnd=2373 PartOfSpeech=IN] [Text=The CharacterOffsetBegin=2374 CharacterOffsetEnd=2377 PartOfSpeech=DT] [Text=Byrds CharacterOffsetBegin=2378 CharacterOffsetEnd=2383 PartOfSpeech=NNPS] [Text=, CharacterOffsetBegin=2383 CharacterOffsetEnd=2384 PartOfSpeech=,] [Text=The CharacterOffsetBegin=2385 CharacterOffsetEnd=2388 PartOfSpeech=DT] [Text=Flying CharacterOffsetBegin=2389 CharacterOffsetEnd=2395 PartOfSpeech=NNP] [Text=Burrito CharacterOffsetBegin=2396 CharacterOffsetEnd=2403 PartOfSpeech=NNP] [Text=Brothers CharacterOffsetBegin=2404 CharacterOffsetEnd=2412 PartOfSpeech=NNPS] [Text=or CharacterOffsetBegin=2413 CharacterOffsetEnd=2415 PartOfSpeech=CC] [Text=Gram CharacterOffsetBegin=2416 CharacterOffsetEnd=2420 PartOfSpeech=NNP] [Text='s CharacterOffsetBegin=2420 CharacterOffsetEnd=2422 PartOfSpeech=POS] [Text=solo CharacterOffsetBegin=2423 CharacterOffsetEnd=2427 PartOfSpeech=NN] [Text=work CharacterOffsetBegin=2428 CharacterOffsetEnd=2432 PartOfSpeech=NN] [Text=. CharacterOffsetBegin=2432 CharacterOffsetEnd=2433 PartOfSpeech=.] 
root(ROOT-0, say-4)
dobj(say-4, What-1)
nsubj(say-4, I-2)
aux(say-4, would-3)
ccomp(say-4, is-5)
mark(gives-20, that-6)
punct(gives-20, ,-7)
mark(mentioned-12, as-8)
amod(reviews-10, other-9)
nsubjpass(mentioned-12, reviews-10)
aux(mentioned-12, have-11)
advcl(gives-20, mentioned-12)
punct(gives-20, ,-13)
det(one-15, no-14)
nsubj(gives-20, one-15)
prep(one-15, on-16)
det(film-18, this-17)
pobj(on-16, film-18)
advmod(gives-20, clearly-19)
ccomp(is-5, gives-20)
det(damn-23, a-21)
amod(damn-23, flying-22)
dobj(gives-20, damn-23)
prep(damn-23, for-24)
det(Byrds-26, The-25)
pobj(for-24, Byrds-26)
punct(gives-20, ,-27)
det(Brothers-31, The-28)
nn(Brothers-31, Flying-29)
nn(Brothers-31, Burrito-30)
dobj(gives-20, Brothers-31)
cc(Brothers-31, or-32)
poss(work-36, Gram-33)
possessive(Gram-33, 's-34)
nn(work-36, solo-35)
conj(Brothers-31, work-36)
punct(say-4, .-37)

Sentence #32 (28 tokens):
They knew nothing about the American road movie and they certainly give a damn about trying to do anything with an admittedly decent story from rock mythology.
[Text=They CharacterOffsetBegin=2438 CharacterOffsetEnd=2442 PartOfSpeech=PRP] [Text=knew CharacterOffsetBegin=2443 CharacterOffsetEnd=2447 PartOfSpeech=VBD] [Text=nothing CharacterOffsetBegin=2448 CharacterOffsetEnd=2455 PartOfSpeech=NN] [Text=about CharacterOffsetBegin=2456 CharacterOffsetEnd=2461 PartOfSpeech=IN] [Text=the CharacterOffsetBegin=2462 CharacterOffsetEnd=2465 PartOfSpeech=DT] [Text=American CharacterOffsetBegin=2466 CharacterOffsetEnd=2474 PartOfSpeech=JJ] [Text=road CharacterOffsetBegin=2475 CharacterOffsetEnd=2479 PartOfSpeech=NN] [Text=movie CharacterOffsetBegin=2480 CharacterOffsetEnd=2485 PartOfSpeech=NN] [Text=and CharacterOffsetBegin=2486 CharacterOffsetEnd=2489 PartOfSpeech=CC] [Text=they CharacterOffsetBegin=2490 CharacterOffsetEnd=2494 PartOfSpeech=PRP] [Text=certainly CharacterOffsetBegin=2495 CharacterOffsetEnd=2504 PartOfSpeech=RB] [Text=give CharacterOffsetBegin=2505 CharacterOffsetEnd=2509 PartOfSpeech=VBP] [Text=a CharacterOffsetBegin=2510 CharacterOffsetEnd=2511 PartOfSpeech=DT] [Text=damn CharacterOffsetBegin=2512 CharacterOffsetEnd=2516 PartOfSpeech=NN] [Text=about CharacterOffsetBegin=2517 CharacterOffsetEnd=2522 PartOfSpeech=IN] [Text=trying CharacterOffsetBegin=2523 CharacterOffsetEnd=2529 PartOfSpeech=VBG] [Text=to CharacterOffsetBegin=2530 CharacterOffsetEnd=2532 PartOfSpeech=TO] [Text=do CharacterOffsetBegin=2533 CharacterOffsetEnd=2535 PartOfSpeech=VB] [Text=anything CharacterOffsetBegin=2536 CharacterOffsetEnd=2544 PartOfSpeech=NN] [Text=with CharacterOffsetBegin=2545 CharacterOffsetEnd=2549 PartOfSpeech=IN] [Text=an CharacterOffsetBegin=2550 CharacterOffsetEnd=2552 PartOfSpeech=DT] [Text=admittedly CharacterOffsetBegin=2553 CharacterOffsetEnd=2563 PartOfSpeech=RB] [Text=decent CharacterOffsetBegin=2564 CharacterOffsetEnd=2570 PartOfSpeech=JJ] [Text=story CharacterOffsetBegin=2571 CharacterOffsetEnd=2576 PartOfSpeech=NN] [Text=from CharacterOffsetBegin=2577 CharacterOffsetEnd=2581 PartOfSpeech=IN] [Text=rock CharacterOffsetBegin=2582 CharacterOffsetEnd=2586 PartOfSpeech=NN] [Text=mythology CharacterOffsetBegin=2587 CharacterOffsetEnd=2596 PartOfSpeech=NN] [Text=. CharacterOffsetBegin=2596 CharacterOffsetEnd=2597 PartOfSpeech=.] 
root(ROOT-0, knew-2)
nsubj(knew-2, They-1)
dobj(knew-2, nothing-3)
prep(nothing-3, about-4)
det(movie-8, the-5)
amod(movie-8, American-6)
nn(movie-8, road-7)
pobj(about-4, movie-8)
cc(knew-2, and-9)
nsubj(give-12, they-10)
advmod(give-12, certainly-11)
conj(knew-2, give-12)
det(damn-14, a-13)
dobj(give-12, damn-14)
prep(give-12, about-15)
pcomp(about-15, trying-16)
aux(do-18, to-17)
xcomp(trying-16, do-18)
dobj(do-18, anything-19)
prep(do-18, with-20)
det(story-24, an-21)
amod(story-24, admittedly-22)
amod(story-24, decent-23)
pobj(with-20, story-24)
prep(story-24, from-25)
nn(mythology-27, rock-26)
pobj(from-25, mythology-27)
punct(knew-2, .-28)

Sentence #33 (29 tokens):
This film was shallow, failed to explore anything and was jaw droppingly unfunny from beginning to...oh wait, I didn't quite make the end.
[Text=This CharacterOffsetBegin=2602 CharacterOffsetEnd=2606 PartOfSpeech=DT] [Text=film CharacterOffsetBegin=2607 CharacterOffsetEnd=2611 PartOfSpeech=NN] [Text=was CharacterOffsetBegin=2612 CharacterOffsetEnd=2615 PartOfSpeech=VBD] [Text=shallow CharacterOffsetBegin=2616 CharacterOffsetEnd=2623 PartOfSpeech=JJ] [Text=, CharacterOffsetBegin=2623 CharacterOffsetEnd=2624 PartOfSpeech=,] [Text=failed CharacterOffsetBegin=2625 CharacterOffsetEnd=2631 PartOfSpeech=VBD] [Text=to CharacterOffsetBegin=2632 CharacterOffsetEnd=2634 PartOfSpeech=TO] [Text=explore CharacterOffsetBegin=2635 CharacterOffsetEnd=2642 PartOfSpeech=VB] [Text=anything CharacterOffsetBegin=2643 CharacterOffsetEnd=2651 PartOfSpeech=NN] [Text=and CharacterOffsetBegin=2652 CharacterOffsetEnd=2655 PartOfSpeech=CC] [Text=was CharacterOffsetBegin=2656 CharacterOffsetEnd=2659 PartOfSpeech=VBD] [Text=jaw CharacterOffsetBegin=2660 CharacterOffsetEnd=2663 PartOfSpeech=NN] [Text=droppingly CharacterOffsetBegin=2664 CharacterOffsetEnd=2674 PartOfSpeech=RB] [Text=unfunny CharacterOffsetBegin=2675 CharacterOffsetEnd=2682 PartOfSpeech=JJ] [Text=from CharacterOffsetBegin=2683 CharacterOffsetEnd=2687 PartOfSpeech=IN] [Text=beginning CharacterOffsetBegin=2688 CharacterOffsetEnd=2697 PartOfSpeech=VBG] [Text=to CharacterOffsetBegin=2698 CharacterOffsetEnd=2700 PartOfSpeech=TO] [Text=... CharacterOffsetBegin=2700 CharacterOffsetEnd=2703 PartOfSpeech=:] [Text=oh CharacterOffsetBegin=2703 CharacterOffsetEnd=2705 PartOfSpeech=UH] [Text=wait CharacterOffsetBegin=2706 CharacterOffsetEnd=2710 PartOfSpeech=VB] [Text=, CharacterOffsetBegin=2710 CharacterOffsetEnd=2711 PartOfSpeech=,] [Text=I CharacterOffsetBegin=2712 CharacterOffsetEnd=2713 PartOfSpeech=PRP] [Text=did CharacterOffsetBegin=2714 CharacterOffsetEnd=2717 PartOfSpeech=VBD] [Text=n't CharacterOffsetBegin=2717 CharacterOffsetEnd=2720 PartOfSpeech=RB] [Text=quite CharacterOffsetBegin=2721 CharacterOffsetEnd=2726 PartOfSpeech=RB] [Text=make CharacterOffsetBegin=2727 CharacterOffsetEnd=2731 PartOfSpeech=VB] [Text=the CharacterOffsetBegin=2732 CharacterOffsetEnd=2735 PartOfSpeech=DT] [Text=end CharacterOffsetBegin=2736 CharacterOffsetEnd=2739 PartOfSpeech=NN] [Text=. CharacterOffsetBegin=2739 CharacterOffsetEnd=2740 PartOfSpeech=.] 
root(ROOT-0, shallow-4)
det(film-2, This-1)
nsubj(shallow-4, film-2)
cop(shallow-4, was-3)
punct(shallow-4, ,-5)
conj(shallow-4, failed-6)
aux(explore-8, to-7)
xcomp(failed-6, explore-8)
dobj(explore-8, anything-9)
cc(shallow-4, and-10)
cop(unfunny-14, was-11)
nn(unfunny-14, jaw-12)
advmod(unfunny-14, droppingly-13)
conj(shallow-4, unfunny-14)
prep(unfunny-14, from-15)
pcomp(from-15, beginning-16)
prep(beginning-16, to-17)
punct(shallow-4, ...-18)
advmod(wait-20, oh-19)
dep(shallow-4, wait-20)
punct(shallow-4, ,-21)
nsubj(make-26, I-22)
aux(make-26, did-23)
neg(make-26, n't-24)
advmod(make-26, quite-25)
dep(shallow-4, make-26)
det(end-28, the-27)
dobj(make-26, end-28)
punct(shallow-4, .-29)

Sentence #34 (8 tokens):
And I suggest you stay away too.
[Text=And CharacterOffsetBegin=2745 CharacterOffsetEnd=2748 PartOfSpeech=CC] [Text=I CharacterOffsetBegin=2749 CharacterOffsetEnd=2750 PartOfSpeech=PRP] [Text=suggest CharacterOffsetBegin=2751 CharacterOffsetEnd=2758 PartOfSpeech=VBP] [Text=you CharacterOffsetBegin=2759 CharacterOffsetEnd=2762 PartOfSpeech=PRP] [Text=stay CharacterOffsetBegin=2763 CharacterOffsetEnd=2767 PartOfSpeech=VB] [Text=away CharacterOffsetBegin=2768 CharacterOffsetEnd=2772 PartOfSpeech=RB] [Text=too CharacterOffsetBegin=2773 CharacterOffsetEnd=2776 PartOfSpeech=RB] [Text=. CharacterOffsetBegin=2776 CharacterOffsetEnd=2777 PartOfSpeech=.] 
root(ROOT-0, suggest-3)
cc(suggest-3, And-1)
nsubj(suggest-3, I-2)
nsubj(stay-5, you-4)
ccomp(suggest-3, stay-5)
advmod(stay-5, away-6)
advmod(stay-5, too-7)
punct(suggest-3, .-8)

