Sentence #1 (9 tokens):
All the ingredients of low-brow b-movie cult cinema.
[Text=All CharacterOffsetBegin=4 CharacterOffsetEnd=7 PartOfSpeech=PDT] [Text=the CharacterOffsetBegin=8 CharacterOffsetEnd=11 PartOfSpeech=DT] [Text=ingredients CharacterOffsetBegin=12 CharacterOffsetEnd=23 PartOfSpeech=NNS] [Text=of CharacterOffsetBegin=24 CharacterOffsetEnd=26 PartOfSpeech=IN] [Text=low-brow CharacterOffsetBegin=27 CharacterOffsetEnd=35 PartOfSpeech=JJ] [Text=b-movie CharacterOffsetBegin=36 CharacterOffsetEnd=43 PartOfSpeech=NN] [Text=cult CharacterOffsetBegin=44 CharacterOffsetEnd=48 PartOfSpeech=NN] [Text=cinema CharacterOffsetBegin=49 CharacterOffsetEnd=55 PartOfSpeech=NN] [Text=. CharacterOffsetBegin=55 CharacterOffsetEnd=56 PartOfSpeech=.] 
root(ROOT-0, ingredients-3)
predet(ingredients-3, All-1)
det(ingredients-3, the-2)
prep(ingredients-3, of-4)
amod(cinema-8, low-brow-5)
nn(cinema-8, b-movie-6)
nn(cinema-8, cult-7)
pobj(of-4, cinema-8)
punct(ingredients-3, .-9)

Sentence #2 (50 tokens):
Topless (and bottomless) girls, kung-fu kicking chefs, slave traders, evil Germans with mustaches, Cameron Mitchell and sword-wielding zombies.And, of course the breasts of Camille Keaton, who's best known display occurs in the feminist exploitation classic I Spit on Your Grave.
[Text=Topless CharacterOffsetBegin=61 CharacterOffsetEnd=68 PartOfSpeech=JJ] [Text=-LRB- CharacterOffsetBegin=69 CharacterOffsetEnd=70 PartOfSpeech=-LRB-] [Text=and CharacterOffsetBegin=70 CharacterOffsetEnd=73 PartOfSpeech=CC] [Text=bottomless CharacterOffsetBegin=74 CharacterOffsetEnd=84 PartOfSpeech=JJ] [Text=-RRB- CharacterOffsetBegin=84 CharacterOffsetEnd=85 PartOfSpeech=-RRB-] [Text=girls CharacterOffsetBegin=86 CharacterOffsetEnd=91 PartOfSpeech=NNS] [Text=, CharacterOffsetBegin=91 CharacterOffsetEnd=92 PartOfSpeech=,] [Text=kung-fu CharacterOffsetBegin=93 CharacterOffsetEnd=100 PartOfSpeech=NN] [Text=kicking CharacterOffsetBegin=101 CharacterOffsetEnd=108 PartOfSpeech=VBG] [Text=chefs CharacterOffsetBegin=109 CharacterOffsetEnd=114 PartOfSpeech=NNS] [Text=, CharacterOffsetBegin=114 CharacterOffsetEnd=115 PartOfSpeech=,] [Text=slave CharacterOffsetBegin=116 CharacterOffsetEnd=121 PartOfSpeech=NN] [Text=traders CharacterOffsetBegin=122 CharacterOffsetEnd=129 PartOfSpeech=NNS] [Text=, CharacterOffsetBegin=129 CharacterOffsetEnd=130 PartOfSpeech=,] [Text=evil CharacterOffsetBegin=131 CharacterOffsetEnd=135 PartOfSpeech=JJ] [Text=Germans CharacterOffsetBegin=136 CharacterOffsetEnd=143 PartOfSpeech=NNS] [Text=with CharacterOffsetBegin=144 CharacterOffsetEnd=148 PartOfSpeech=IN] [Text=mustaches CharacterOffsetBegin=149 CharacterOffsetEnd=158 PartOfSpeech=NNS] [Text=, CharacterOffsetBegin=158 CharacterOffsetEnd=159 PartOfSpeech=,] [Text=Cameron CharacterOffsetBegin=160 CharacterOffsetEnd=167 PartOfSpeech=NNP] [Text=Mitchell CharacterOffsetBegin=168 CharacterOffsetEnd=176 PartOfSpeech=NNP] [Text=and CharacterOffsetBegin=177 CharacterOffsetEnd=180 PartOfSpeech=CC] [Text=sword-wielding CharacterOffsetBegin=181 CharacterOffsetEnd=195 PartOfSpeech=JJ] [Text=zombies.And CharacterOffsetBegin=196 CharacterOffsetEnd=207 PartOfSpeech=NN] [Text=, CharacterOffsetBegin=207 CharacterOffsetEnd=208 PartOfSpeech=,] [Text=of CharacterOffsetBegin=209 CharacterOffsetEnd=211 PartOfSpeech=IN] [Text=course CharacterOffsetBegin=212 CharacterOffsetEnd=218 PartOfSpeech=NN] [Text=the CharacterOffsetBegin=219 CharacterOffsetEnd=222 PartOfSpeech=DT] [Text=breasts CharacterOffsetBegin=223 CharacterOffsetEnd=230 PartOfSpeech=NNS] [Text=of CharacterOffsetBegin=231 CharacterOffsetEnd=233 PartOfSpeech=IN] [Text=Camille CharacterOffsetBegin=234 CharacterOffsetEnd=241 PartOfSpeech=NNP] [Text=Keaton CharacterOffsetBegin=242 CharacterOffsetEnd=248 PartOfSpeech=NNP] [Text=, CharacterOffsetBegin=248 CharacterOffsetEnd=249 PartOfSpeech=,] [Text=who CharacterOffsetBegin=250 CharacterOffsetEnd=253 PartOfSpeech=WP] [Text='s CharacterOffsetBegin=253 CharacterOffsetEnd=255 PartOfSpeech=VBZ] [Text=best CharacterOffsetBegin=256 CharacterOffsetEnd=260 PartOfSpeech=RB] [Text=known CharacterOffsetBegin=261 CharacterOffsetEnd=266 PartOfSpeech=VBN] [Text=display CharacterOffsetBegin=267 CharacterOffsetEnd=274 PartOfSpeech=NN] [Text=occurs CharacterOffsetBegin=275 CharacterOffsetEnd=281 PartOfSpeech=VBZ] [Text=in CharacterOffsetBegin=282 CharacterOffsetEnd=284 PartOfSpeech=IN] [Text=the CharacterOffsetBegin=285 CharacterOffsetEnd=288 PartOfSpeech=DT] [Text=feminist CharacterOffsetBegin=289 CharacterOffsetEnd=297 PartOfSpeech=JJ] [Text=exploitation CharacterOffsetBegin=298 CharacterOffsetEnd=310 PartOfSpeech=NN] [Text=classic CharacterOffsetBegin=311 CharacterOffsetEnd=318 PartOfSpeech=NN] [Text=I CharacterOffsetBegin=319 CharacterOffsetEnd=320 PartOfSpeech=PRP] [Text=Spit CharacterOffsetBegin=321 CharacterOffsetEnd=325 PartOfSpeech=VBP] [Text=on CharacterOffsetBegin=326 CharacterOffsetEnd=328 PartOfSpeech=IN] [Text=Your CharacterOffsetBegin=329 CharacterOffsetEnd=333 PartOfSpeech=PRP$] [Text=Grave CharacterOffsetBegin=334 CharacterOffsetEnd=339 PartOfSpeech=NN] [Text=. CharacterOffsetBegin=339 CharacterOffsetEnd=340 PartOfSpeech=.] 
root(ROOT-0, girls-6)
amod(girls-6, Topless-1)
punct(bottomless-4, -LRB--2)
cc(bottomless-4, and-3)
dep(girls-6, bottomless-4)
punct(bottomless-4, -RRB--5)
punct(girls-6, ,-7)
nn(chefs-10, kung-fu-8)
nn(chefs-10, kicking-9)
appos(girls-6, chefs-10)
punct(girls-6, ,-11)
nn(traders-13, slave-12)
appos(girls-6, traders-13)
punct(traders-13, ,-14)
amod(Germans-16, evil-15)
appos(traders-13, Germans-16)
prep(Germans-16, with-17)
pobj(with-17, mustaches-18)
punct(traders-13, ,-19)
nn(Mitchell-21, Cameron-20)
appos(traders-13, Mitchell-21)
cc(Mitchell-21, and-22)
amod(zombies.And-24, sword-wielding-23)
conj(Mitchell-21, zombies.And-24)
punct(traders-13, ,-25)
prep(traders-13, of-26)
pobj(of-26, course-27)
det(breasts-29, the-28)
dep(traders-13, breasts-29)
prep(breasts-29, of-30)
nn(Keaton-32, Camille-31)
pobj(of-30, Keaton-32)
punct(Keaton-32, ,-33)
nsubjpass(known-37, who-34)
auxpass(known-37, 's-35)
advmod(known-37, best-36)
rcmod(Keaton-32, known-37)
nsubj(occurs-39, display-38)
ccomp(known-37, occurs-39)
prep(occurs-39, in-40)
pobj(in-40, the-41)
amod(the-41, feminist-42)
dep(feminist-42, exploitation-43)
dep(exploitation-43, classic-44)
nsubj(Spit-46, I-45)
rcmod(classic-44, Spit-46)
prep(Spit-46, on-47)
poss(Grave-49, Your-48)
pobj(on-47, Grave-49)
punct(girls-6, .-50)

Sentence #3 (128 tokens):
We also must mention the hooters of jewel Shepard, who play a hooker in the recent film The Cooler.Lots of blood and action with knives and swords and martial arts among topless dancers in a bar, in a whorehouse, and on a boat load of martial artists heading to some zombie island where bad martial artists go to die or something like that.Tops and bottoms come off easily and frequently as travelers are well lubricated thanks to the boat owner.Then disaster strikes as their boat is destroyed and they land on the zombie island where mas monks sacrifice young girls to the dead martial artists to bring them back to life.Just when you thought it had everything, there are piranhas in the water.
[Text=We CharacterOffsetBegin=345 CharacterOffsetEnd=347 PartOfSpeech=PRP] [Text=also CharacterOffsetBegin=348 CharacterOffsetEnd=352 PartOfSpeech=RB] [Text=must CharacterOffsetBegin=353 CharacterOffsetEnd=357 PartOfSpeech=MD] [Text=mention CharacterOffsetBegin=358 CharacterOffsetEnd=365 PartOfSpeech=VB] [Text=the CharacterOffsetBegin=366 CharacterOffsetEnd=369 PartOfSpeech=DT] [Text=hooters CharacterOffsetBegin=370 CharacterOffsetEnd=377 PartOfSpeech=NNS] [Text=of CharacterOffsetBegin=378 CharacterOffsetEnd=380 PartOfSpeech=IN] [Text=jewel CharacterOffsetBegin=381 CharacterOffsetEnd=386 PartOfSpeech=NN] [Text=Shepard CharacterOffsetBegin=387 CharacterOffsetEnd=394 PartOfSpeech=NNP] [Text=, CharacterOffsetBegin=394 CharacterOffsetEnd=395 PartOfSpeech=,] [Text=who CharacterOffsetBegin=396 CharacterOffsetEnd=399 PartOfSpeech=WP] [Text=play CharacterOffsetBegin=400 CharacterOffsetEnd=404 PartOfSpeech=VBP] [Text=a CharacterOffsetBegin=405 CharacterOffsetEnd=406 PartOfSpeech=DT] [Text=hooker CharacterOffsetBegin=407 CharacterOffsetEnd=413 PartOfSpeech=NN] [Text=in CharacterOffsetBegin=414 CharacterOffsetEnd=416 PartOfSpeech=IN] [Text=the CharacterOffsetBegin=417 CharacterOffsetEnd=420 PartOfSpeech=DT] [Text=recent CharacterOffsetBegin=421 CharacterOffsetEnd=427 PartOfSpeech=JJ] [Text=film CharacterOffsetBegin=428 CharacterOffsetEnd=432 PartOfSpeech=NN] [Text=The CharacterOffsetBegin=433 CharacterOffsetEnd=436 PartOfSpeech=DT] [Text=Cooler.Lots CharacterOffsetBegin=437 CharacterOffsetEnd=448 PartOfSpeech=NNS] [Text=of CharacterOffsetBegin=449 CharacterOffsetEnd=451 PartOfSpeech=IN] [Text=blood CharacterOffsetBegin=452 CharacterOffsetEnd=457 PartOfSpeech=NN] [Text=and CharacterOffsetBegin=458 CharacterOffsetEnd=461 PartOfSpeech=CC] [Text=action CharacterOffsetBegin=462 CharacterOffsetEnd=468 PartOfSpeech=NN] [Text=with CharacterOffsetBegin=469 CharacterOffsetEnd=473 PartOfSpeech=IN] [Text=knives CharacterOffsetBegin=474 CharacterOffsetEnd=480 PartOfSpeech=NNS] [Text=and CharacterOffsetBegin=481 CharacterOffsetEnd=484 PartOfSpeech=CC] [Text=swords CharacterOffsetBegin=485 CharacterOffsetEnd=491 PartOfSpeech=NNS] [Text=and CharacterOffsetBegin=492 CharacterOffsetEnd=495 PartOfSpeech=CC] [Text=martial CharacterOffsetBegin=496 CharacterOffsetEnd=503 PartOfSpeech=JJ] [Text=arts CharacterOffsetBegin=504 CharacterOffsetEnd=508 PartOfSpeech=NNS] [Text=among CharacterOffsetBegin=509 CharacterOffsetEnd=514 PartOfSpeech=IN] [Text=topless CharacterOffsetBegin=515 CharacterOffsetEnd=522 PartOfSpeech=JJ] [Text=dancers CharacterOffsetBegin=523 CharacterOffsetEnd=530 PartOfSpeech=NNS] [Text=in CharacterOffsetBegin=531 CharacterOffsetEnd=533 PartOfSpeech=IN] [Text=a CharacterOffsetBegin=534 CharacterOffsetEnd=535 PartOfSpeech=DT] [Text=bar CharacterOffsetBegin=536 CharacterOffsetEnd=539 PartOfSpeech=NN] [Text=, CharacterOffsetBegin=539 CharacterOffsetEnd=540 PartOfSpeech=,] [Text=in CharacterOffsetBegin=541 CharacterOffsetEnd=543 PartOfSpeech=IN] [Text=a CharacterOffsetBegin=544 CharacterOffsetEnd=545 PartOfSpeech=DT] [Text=whorehouse CharacterOffsetBegin=546 CharacterOffsetEnd=556 PartOfSpeech=NN] [Text=, CharacterOffsetBegin=556 CharacterOffsetEnd=557 PartOfSpeech=,] [Text=and CharacterOffsetBegin=558 CharacterOffsetEnd=561 PartOfSpeech=CC] [Text=on CharacterOffsetBegin=562 CharacterOffsetEnd=564 PartOfSpeech=IN] [Text=a CharacterOffsetBegin=565 CharacterOffsetEnd=566 PartOfSpeech=DT] [Text=boat CharacterOffsetBegin=567 CharacterOffsetEnd=571 PartOfSpeech=NN] [Text=load CharacterOffsetBegin=572 CharacterOffsetEnd=576 PartOfSpeech=NN] [Text=of CharacterOffsetBegin=577 CharacterOffsetEnd=579 PartOfSpeech=IN] [Text=martial CharacterOffsetBegin=580 CharacterOffsetEnd=587 PartOfSpeech=JJ] [Text=artists CharacterOffsetBegin=588 CharacterOffsetEnd=595 PartOfSpeech=NNS] [Text=heading CharacterOffsetBegin=596 CharacterOffsetEnd=603 PartOfSpeech=VBG] [Text=to CharacterOffsetBegin=604 CharacterOffsetEnd=606 PartOfSpeech=TO] [Text=some CharacterOffsetBegin=607 CharacterOffsetEnd=611 PartOfSpeech=DT] [Text=zombie CharacterOffsetBegin=612 CharacterOffsetEnd=618 PartOfSpeech=NN] [Text=island CharacterOffsetBegin=619 CharacterOffsetEnd=625 PartOfSpeech=NN] [Text=where CharacterOffsetBegin=626 CharacterOffsetEnd=631 PartOfSpeech=WRB] [Text=bad CharacterOffsetBegin=632 CharacterOffsetEnd=635 PartOfSpeech=JJ] [Text=martial CharacterOffsetBegin=636 CharacterOffsetEnd=643 PartOfSpeech=JJ] [Text=artists CharacterOffsetBegin=644 CharacterOffsetEnd=651 PartOfSpeech=NNS] [Text=go CharacterOffsetBegin=652 CharacterOffsetEnd=654 PartOfSpeech=VBP] [Text=to CharacterOffsetBegin=655 CharacterOffsetEnd=657 PartOfSpeech=TO] [Text=die CharacterOffsetBegin=658 CharacterOffsetEnd=661 PartOfSpeech=VB] [Text=or CharacterOffsetBegin=662 CharacterOffsetEnd=664 PartOfSpeech=CC] [Text=something CharacterOffsetBegin=665 CharacterOffsetEnd=674 PartOfSpeech=NN] [Text=like CharacterOffsetBegin=675 CharacterOffsetEnd=679 PartOfSpeech=IN] [Text=that.Tops CharacterOffsetBegin=680 CharacterOffsetEnd=689 PartOfSpeech=NNS] [Text=and CharacterOffsetBegin=690 CharacterOffsetEnd=693 PartOfSpeech=CC] [Text=bottoms CharacterOffsetBegin=694 CharacterOffsetEnd=701 PartOfSpeech=NNS] [Text=come CharacterOffsetBegin=702 CharacterOffsetEnd=706 PartOfSpeech=VBP] [Text=off CharacterOffsetBegin=707 CharacterOffsetEnd=710 PartOfSpeech=RP] [Text=easily CharacterOffsetBegin=711 CharacterOffsetEnd=717 PartOfSpeech=RB] [Text=and CharacterOffsetBegin=718 CharacterOffsetEnd=721 PartOfSpeech=CC] [Text=frequently CharacterOffsetBegin=722 CharacterOffsetEnd=732 PartOfSpeech=RB] [Text=as CharacterOffsetBegin=733 CharacterOffsetEnd=735 PartOfSpeech=IN] [Text=travelers CharacterOffsetBegin=736 CharacterOffsetEnd=745 PartOfSpeech=NNS] [Text=are CharacterOffsetBegin=746 CharacterOffsetEnd=749 PartOfSpeech=VBP] [Text=well CharacterOffsetBegin=750 CharacterOffsetEnd=754 PartOfSpeech=RB] [Text=lubricated CharacterOffsetBegin=755 CharacterOffsetEnd=765 PartOfSpeech=JJ] [Text=thanks CharacterOffsetBegin=766 CharacterOffsetEnd=772 PartOfSpeech=NNS] [Text=to CharacterOffsetBegin=773 CharacterOffsetEnd=775 PartOfSpeech=TO] [Text=the CharacterOffsetBegin=776 CharacterOffsetEnd=779 PartOfSpeech=DT] [Text=boat CharacterOffsetBegin=780 CharacterOffsetEnd=784 PartOfSpeech=NN] [Text=owner.Then CharacterOffsetBegin=785 CharacterOffsetEnd=795 PartOfSpeech=NN] [Text=disaster CharacterOffsetBegin=796 CharacterOffsetEnd=804 PartOfSpeech=NN] [Text=strikes CharacterOffsetBegin=805 CharacterOffsetEnd=812 PartOfSpeech=VBZ] [Text=as CharacterOffsetBegin=813 CharacterOffsetEnd=815 PartOfSpeech=IN] [Text=their CharacterOffsetBegin=816 CharacterOffsetEnd=821 PartOfSpeech=PRP$] [Text=boat CharacterOffsetBegin=822 CharacterOffsetEnd=826 PartOfSpeech=NN] [Text=is CharacterOffsetBegin=827 CharacterOffsetEnd=829 PartOfSpeech=VBZ] [Text=destroyed CharacterOffsetBegin=830 CharacterOffsetEnd=839 PartOfSpeech=VBN] [Text=and CharacterOffsetBegin=840 CharacterOffsetEnd=843 PartOfSpeech=CC] [Text=they CharacterOffsetBegin=844 CharacterOffsetEnd=848 PartOfSpeech=PRP] [Text=land CharacterOffsetBegin=849 CharacterOffsetEnd=853 PartOfSpeech=VBP] [Text=on CharacterOffsetBegin=854 CharacterOffsetEnd=856 PartOfSpeech=IN] [Text=the CharacterOffsetBegin=857 CharacterOffsetEnd=860 PartOfSpeech=DT] [Text=zombie CharacterOffsetBegin=861 CharacterOffsetEnd=867 PartOfSpeech=NN] [Text=island CharacterOffsetBegin=868 CharacterOffsetEnd=874 PartOfSpeech=NN] [Text=where CharacterOffsetBegin=875 CharacterOffsetEnd=880 PartOfSpeech=WRB] [Text=mas CharacterOffsetBegin=881 CharacterOffsetEnd=884 PartOfSpeech=NNS] [Text=monks CharacterOffsetBegin=885 CharacterOffsetEnd=890 PartOfSpeech=NNS] [Text=sacrifice CharacterOffsetBegin=891 CharacterOffsetEnd=900 PartOfSpeech=VBP] [Text=young CharacterOffsetBegin=901 CharacterOffsetEnd=906 PartOfSpeech=JJ] [Text=girls CharacterOffsetBegin=907 CharacterOffsetEnd=912 PartOfSpeech=NNS] [Text=to CharacterOffsetBegin=913 CharacterOffsetEnd=915 PartOfSpeech=TO] [Text=the CharacterOffsetBegin=916 CharacterOffsetEnd=919 PartOfSpeech=DT] [Text=dead CharacterOffsetBegin=920 CharacterOffsetEnd=924 PartOfSpeech=JJ] [Text=martial CharacterOffsetBegin=925 CharacterOffsetEnd=932 PartOfSpeech=NN] [Text=artists CharacterOffsetBegin=933 CharacterOffsetEnd=940 PartOfSpeech=NNS] [Text=to CharacterOffsetBegin=941 CharacterOffsetEnd=943 PartOfSpeech=TO] [Text=bring CharacterOffsetBegin=944 CharacterOffsetEnd=949 PartOfSpeech=VB] [Text=them CharacterOffsetBegin=950 CharacterOffsetEnd=954 PartOfSpeech=PRP] [Text=back CharacterOffsetBegin=955 CharacterOffsetEnd=959 PartOfSpeech=RB] [Text=to CharacterOffsetBegin=960 CharacterOffsetEnd=962 PartOfSpeech=TO] [Text=life.Just CharacterOffsetBegin=963 CharacterOffsetEnd=972 PartOfSpeech=NN] [Text=when CharacterOffsetBegin=973 CharacterOffsetEnd=977 PartOfSpeech=WRB] [Text=you CharacterOffsetBegin=978 CharacterOffsetEnd=981 PartOfSpeech=PRP] [Text=thought CharacterOffsetBegin=982 CharacterOffsetEnd=989 PartOfSpeech=VBD] [Text=it CharacterOffsetBegin=990 CharacterOffsetEnd=992 PartOfSpeech=PRP] [Text=had CharacterOffsetBegin=993 CharacterOffsetEnd=996 PartOfSpeech=VBD] [Text=everything CharacterOffsetBegin=997 CharacterOffsetEnd=1007 PartOfSpeech=NN] [Text=, CharacterOffsetBegin=1007 CharacterOffsetEnd=1008 PartOfSpeech=,] [Text=there CharacterOffsetBegin=1009 CharacterOffsetEnd=1014 PartOfSpeech=EX] [Text=are CharacterOffsetBegin=1015 CharacterOffsetEnd=1018 PartOfSpeech=VBP] [Text=piranhas CharacterOffsetBegin=1019 CharacterOffsetEnd=1027 PartOfSpeech=NNS] [Text=in CharacterOffsetBegin=1028 CharacterOffsetEnd=1030 PartOfSpeech=IN] [Text=the CharacterOffsetBegin=1031 CharacterOffsetEnd=1034 PartOfSpeech=DT] [Text=water CharacterOffsetBegin=1035 CharacterOffsetEnd=1040 PartOfSpeech=NN] [Text=. CharacterOffsetBegin=1040 CharacterOffsetEnd=1041 PartOfSpeech=.] 
root(ROOT-0, mention-4)
nsubj(mention-4, We-1)
advmod(mention-4, also-2)
aux(mention-4, must-3)
det(hooters-6, the-5)
dobj(mention-4, hooters-6)
prep(hooters-6, of-7)
nn(Shepard-9, jewel-8)
pobj(of-7, Shepard-9)
punct(Shepard-9, ,-10)
nsubj(play-12, who-11)
rcmod(Shepard-9, play-12)
det(hooker-14, a-13)
dobj(play-12, hooker-14)
prep(play-12, in-15)
det(film-18, the-16)
amod(film-18, recent-17)
pobj(in-15, film-18)
det(Cooler.Lots-20, The-19)
nsubj(come-69, Cooler.Lots-20)
prep(Cooler.Lots-20, of-21)
pobj(of-21, blood-22)
cc(blood-22, and-23)
conj(blood-22, action-24)
prep(Cooler.Lots-20, with-25)
pobj(with-25, knives-26)
cc(knives-26, and-27)
conj(knives-26, swords-28)
cc(knives-26, and-29)
amod(arts-31, martial-30)
conj(knives-26, arts-31)
prep(arts-31, among-32)
amod(dancers-34, topless-33)
pobj(among-32, dancers-34)
prep(dancers-34, in-35)
det(bar-37, a-36)
pobj(in-35, bar-37)
punct(Cooler.Lots-20, ,-38)
prep(Cooler.Lots-20, in-39)
det(whorehouse-41, a-40)
pobj(in-39, whorehouse-41)
punct(Cooler.Lots-20, ,-42)
cc(Cooler.Lots-20, and-43)
conj(Cooler.Lots-20, on-44)
det(load-47, a-45)
nn(load-47, boat-46)
pobj(on-44, load-47)
prep(load-47, of-48)
amod(artists-50, martial-49)
pobj(of-48, artists-50)
partmod(load-47, heading-51)
prep(heading-51, to-52)
det(island-55, some-53)
nn(island-55, zombie-54)
pobj(to-52, island-55)
advmod(go-60, where-56)
amod(artists-59, bad-57)
amod(artists-59, martial-58)
nsubj(go-60, artists-59)
rcmod(island-55, go-60)
aux(die-62, to-61)
xcomp(go-60, die-62)
cc(die-62, or-63)
conj(die-62, something-64)
prep(something-64, like-65)
pobj(like-65, that.Tops-66)
cc(that.Tops-66, and-67)
conj(that.Tops-66, bottoms-68)
rcmod(film-18, come-69)
prt(come-69, off-70)
advmod(come-69, easily-71)
cc(come-69, and-72)
advmod(lubricated-78, frequently-73)
mark(lubricated-78, as-74)
nsubj(lubricated-78, travelers-75)
cop(lubricated-78, are-76)
advmod(lubricated-78, well-77)
conj(come-69, lubricated-78)
nsubj(strikes-85, thanks-79)
prep(thanks-79, to-80)
det(disaster-84, the-81)
nn(disaster-84, boat-82)
nn(disaster-84, owner.Then-83)
pobj(to-80, disaster-84)
ccomp(lubricated-78, strikes-85)
mark(destroyed-90, as-86)
poss(boat-88, their-87)
nsubjpass(destroyed-90, boat-88)
auxpass(destroyed-90, is-89)
advcl(strikes-85, destroyed-90)
cc(destroyed-90, and-91)
nsubj(land-93, they-92)
conj(destroyed-90, land-93)
prep(land-93, on-94)
det(island-97, the-95)
nn(island-97, zombie-96)
pobj(on-94, island-97)
advmod(sacrifice-101, where-98)
nn(monks-100, mas-99)
nsubj(sacrifice-101, monks-100)
rcmod(island-97, sacrifice-101)
amod(girls-103, young-102)
dobj(sacrifice-101, girls-103)
prep(sacrifice-101, to-104)
det(artists-108, the-105)
amod(artists-108, dead-106)
nn(artists-108, martial-107)
pobj(to-104, artists-108)
aux(bring-110, to-109)
xcomp(land-93, bring-110)
dobj(bring-110, them-111)
advmod(bring-110, back-112)
prep(bring-110, to-113)
pobj(to-113, life.Just-114)
advmod(thought-117, when-115)
nsubj(thought-117, you-116)
advcl(bring-110, thought-117)
nsubj(had-119, it-118)
ccomp(thought-117, had-119)
dobj(had-119, everything-120)
punct(mention-4, ,-121)
expl(are-123, there-122)
ccomp(mention-4, are-123)
nsubj(are-123, piranhas-124)
prep(piranhas-124, in-125)
det(water-127, the-126)
pobj(in-125, water-127)
punct(mention-4, .-128)

Sentence #4 (16 tokens):
Yum Yum A big fat German for dinner.Just the thing for your next zombie fest.
[Text=Yum CharacterOffsetBegin=1046 CharacterOffsetEnd=1049 PartOfSpeech=NNP] [Text=Yum CharacterOffsetBegin=1050 CharacterOffsetEnd=1053 PartOfSpeech=NNP] [Text=A CharacterOffsetBegin=1054 CharacterOffsetEnd=1055 PartOfSpeech=NNP] [Text=big CharacterOffsetBegin=1056 CharacterOffsetEnd=1059 PartOfSpeech=JJ] [Text=fat CharacterOffsetBegin=1060 CharacterOffsetEnd=1063 PartOfSpeech=JJ] [Text=German CharacterOffsetBegin=1064 CharacterOffsetEnd=1070 PartOfSpeech=JJ] [Text=for CharacterOffsetBegin=1071 CharacterOffsetEnd=1074 PartOfSpeech=IN] [Text=dinner.Just CharacterOffsetBegin=1075 CharacterOffsetEnd=1086 PartOfSpeech=NN] [Text=the CharacterOffsetBegin=1087 CharacterOffsetEnd=1090 PartOfSpeech=DT] [Text=thing CharacterOffsetBegin=1091 CharacterOffsetEnd=1096 PartOfSpeech=NN] [Text=for CharacterOffsetBegin=1097 CharacterOffsetEnd=1100 PartOfSpeech=IN] [Text=your CharacterOffsetBegin=1101 CharacterOffsetEnd=1105 PartOfSpeech=PRP$] [Text=next CharacterOffsetBegin=1106 CharacterOffsetEnd=1110 PartOfSpeech=JJ] [Text=zombie CharacterOffsetBegin=1111 CharacterOffsetEnd=1117 PartOfSpeech=NN] [Text=fest CharacterOffsetBegin=1118 CharacterOffsetEnd=1122 PartOfSpeech=JJS] [Text=. CharacterOffsetBegin=1122 CharacterOffsetEnd=1123 PartOfSpeech=.] 
root(ROOT-0, Yum-1)
dep(Yum-1, Yum-2)
det(German-6, A-3)
amod(German-6, big-4)
amod(German-6, fat-5)
dep(Yum-2, German-6)
prep(German-6, for-7)
nn(thing-10, dinner.Just-8)
det(thing-10, the-9)
pobj(for-7, thing-10)
prep(thing-10, for-11)
poss(fest-15, your-12)
amod(fest-15, next-13)
nn(fest-15, zombie-14)
pobj(for-11, fest-15)
punct(Yum-1, .-16)

