Sentence #1 (40 tokens):
I agree with those reviews I have read here, and I have no words to define such a turkey like this, but despite everything, I still can find a reason for movies like this to exist.
[Text=I CharacterOffsetBegin=4 CharacterOffsetEnd=5 PartOfSpeech=PRP] [Text=agree CharacterOffsetBegin=6 CharacterOffsetEnd=11 PartOfSpeech=VBP] [Text=with CharacterOffsetBegin=12 CharacterOffsetEnd=16 PartOfSpeech=IN] [Text=those CharacterOffsetBegin=17 CharacterOffsetEnd=22 PartOfSpeech=DT] [Text=reviews CharacterOffsetBegin=23 CharacterOffsetEnd=30 PartOfSpeech=NNS] [Text=I CharacterOffsetBegin=31 CharacterOffsetEnd=32 PartOfSpeech=PRP] [Text=have CharacterOffsetBegin=33 CharacterOffsetEnd=37 PartOfSpeech=VBP] [Text=read CharacterOffsetBegin=38 CharacterOffsetEnd=42 PartOfSpeech=VBN] [Text=here CharacterOffsetBegin=43 CharacterOffsetEnd=47 PartOfSpeech=RB] [Text=, CharacterOffsetBegin=47 CharacterOffsetEnd=48 PartOfSpeech=,] [Text=and CharacterOffsetBegin=49 CharacterOffsetEnd=52 PartOfSpeech=CC] [Text=I CharacterOffsetBegin=53 CharacterOffsetEnd=54 PartOfSpeech=PRP] [Text=have CharacterOffsetBegin=55 CharacterOffsetEnd=59 PartOfSpeech=VBP] [Text=no CharacterOffsetBegin=60 CharacterOffsetEnd=62 PartOfSpeech=DT] [Text=words CharacterOffsetBegin=63 CharacterOffsetEnd=68 PartOfSpeech=NNS] [Text=to CharacterOffsetBegin=69 CharacterOffsetEnd=71 PartOfSpeech=TO] [Text=define CharacterOffsetBegin=72 CharacterOffsetEnd=78 PartOfSpeech=VB] [Text=such CharacterOffsetBegin=79 CharacterOffsetEnd=83 PartOfSpeech=PDT] [Text=a CharacterOffsetBegin=84 CharacterOffsetEnd=85 PartOfSpeech=DT] [Text=turkey CharacterOffsetBegin=86 CharacterOffsetEnd=92 PartOfSpeech=NN] [Text=like CharacterOffsetBegin=93 CharacterOffsetEnd=97 PartOfSpeech=IN] [Text=this CharacterOffsetBegin=98 CharacterOffsetEnd=102 PartOfSpeech=DT] [Text=, CharacterOffsetBegin=102 CharacterOffsetEnd=103 PartOfSpeech=,] [Text=but CharacterOffsetBegin=104 CharacterOffsetEnd=107 PartOfSpeech=CC] [Text=despite CharacterOffsetBegin=108 CharacterOffsetEnd=115 PartOfSpeech=IN] [Text=everything CharacterOffsetBegin=116 CharacterOffsetEnd=126 PartOfSpeech=NN] [Text=, CharacterOffsetBegin=126 CharacterOffsetEnd=127 PartOfSpeech=,] [Text=I CharacterOffsetBegin=128 CharacterOffsetEnd=129 PartOfSpeech=PRP] [Text=still CharacterOffsetBegin=130 CharacterOffsetEnd=135 PartOfSpeech=RB] [Text=can CharacterOffsetBegin=136 CharacterOffsetEnd=139 PartOfSpeech=MD] [Text=find CharacterOffsetBegin=140 CharacterOffsetEnd=144 PartOfSpeech=VB] [Text=a CharacterOffsetBegin=145 CharacterOffsetEnd=146 PartOfSpeech=DT] [Text=reason CharacterOffsetBegin=147 CharacterOffsetEnd=153 PartOfSpeech=NN] [Text=for CharacterOffsetBegin=154 CharacterOffsetEnd=157 PartOfSpeech=IN] [Text=movies CharacterOffsetBegin=158 CharacterOffsetEnd=164 PartOfSpeech=NNS] [Text=like CharacterOffsetBegin=165 CharacterOffsetEnd=169 PartOfSpeech=IN] [Text=this CharacterOffsetBegin=170 CharacterOffsetEnd=174 PartOfSpeech=DT] [Text=to CharacterOffsetBegin=175 CharacterOffsetEnd=177 PartOfSpeech=TO] [Text=exist CharacterOffsetBegin=178 CharacterOffsetEnd=183 PartOfSpeech=VB] [Text=. CharacterOffsetBegin=183 CharacterOffsetEnd=184 PartOfSpeech=.] 
root(ROOT-0, agree-2)
nsubj(agree-2, I-1)
prep(agree-2, with-3)
det(reviews-5, those-4)
pobj(with-3, reviews-5)
nsubj(read-8, I-6)
aux(read-8, have-7)
ccomp(agree-2, read-8)
advmod(read-8, here-9)
punct(agree-2, ,-10)
cc(agree-2, and-11)
nsubj(have-13, I-12)
conj(agree-2, have-13)
det(words-15, no-14)
dobj(have-13, words-15)
aux(define-17, to-16)
infmod(words-15, define-17)
predet(turkey-20, such-18)
det(turkey-20, a-19)
dobj(define-17, turkey-20)
prep(turkey-20, like-21)
pobj(like-21, this-22)
punct(agree-2, ,-23)
cc(agree-2, but-24)
prep(find-31, despite-25)
pobj(despite-25, everything-26)
punct(find-31, ,-27)
nsubj(find-31, I-28)
advmod(find-31, still-29)
aux(find-31, can-30)
conj(agree-2, find-31)
det(reason-33, a-32)
dobj(find-31, reason-33)
prep(reason-33, for-34)
pobj(for-34, movies-35)
mark(exist-39, like-36)
nsubj(exist-39, this-37)
aux(exist-39, to-38)
ccomp(movies-35, exist-39)
punct(agree-2, .-40)

Sentence #2 (34 tokens):
Do you remenber those happy days in which video was a prosperous business, and a lot of movies were made with the only reason of filling the shelves of the video stores?
[Text=Do CharacterOffsetBegin=189 CharacterOffsetEnd=191 PartOfSpeech=VB] [Text=you CharacterOffsetBegin=192 CharacterOffsetEnd=195 PartOfSpeech=PRP] [Text=remenber CharacterOffsetBegin=196 CharacterOffsetEnd=204 PartOfSpeech=VB] [Text=those CharacterOffsetBegin=205 CharacterOffsetEnd=210 PartOfSpeech=DT] [Text=happy CharacterOffsetBegin=211 CharacterOffsetEnd=216 PartOfSpeech=JJ] [Text=days CharacterOffsetBegin=217 CharacterOffsetEnd=221 PartOfSpeech=NNS] [Text=in CharacterOffsetBegin=222 CharacterOffsetEnd=224 PartOfSpeech=IN] [Text=which CharacterOffsetBegin=225 CharacterOffsetEnd=230 PartOfSpeech=WDT] [Text=video CharacterOffsetBegin=231 CharacterOffsetEnd=236 PartOfSpeech=NN] [Text=was CharacterOffsetBegin=237 CharacterOffsetEnd=240 PartOfSpeech=VBD] [Text=a CharacterOffsetBegin=241 CharacterOffsetEnd=242 PartOfSpeech=DT] [Text=prosperous CharacterOffsetBegin=243 CharacterOffsetEnd=253 PartOfSpeech=JJ] [Text=business CharacterOffsetBegin=254 CharacterOffsetEnd=262 PartOfSpeech=NN] [Text=, CharacterOffsetBegin=262 CharacterOffsetEnd=263 PartOfSpeech=,] [Text=and CharacterOffsetBegin=264 CharacterOffsetEnd=267 PartOfSpeech=CC] [Text=a CharacterOffsetBegin=268 CharacterOffsetEnd=269 PartOfSpeech=DT] [Text=lot CharacterOffsetBegin=270 CharacterOffsetEnd=273 PartOfSpeech=NN] [Text=of CharacterOffsetBegin=274 CharacterOffsetEnd=276 PartOfSpeech=IN] [Text=movies CharacterOffsetBegin=277 CharacterOffsetEnd=283 PartOfSpeech=NNS] [Text=were CharacterOffsetBegin=284 CharacterOffsetEnd=288 PartOfSpeech=VBD] [Text=made CharacterOffsetBegin=289 CharacterOffsetEnd=293 PartOfSpeech=VBN] [Text=with CharacterOffsetBegin=294 CharacterOffsetEnd=298 PartOfSpeech=IN] [Text=the CharacterOffsetBegin=299 CharacterOffsetEnd=302 PartOfSpeech=DT] [Text=only CharacterOffsetBegin=303 CharacterOffsetEnd=307 PartOfSpeech=JJ] [Text=reason CharacterOffsetBegin=308 CharacterOffsetEnd=314 PartOfSpeech=NN] [Text=of CharacterOffsetBegin=315 CharacterOffsetEnd=317 PartOfSpeech=IN] [Text=filling CharacterOffsetBegin=318 CharacterOffsetEnd=325 PartOfSpeech=VBG] [Text=the CharacterOffsetBegin=326 CharacterOffsetEnd=329 PartOfSpeech=DT] [Text=shelves CharacterOffsetBegin=330 CharacterOffsetEnd=337 PartOfSpeech=NNS] [Text=of CharacterOffsetBegin=338 CharacterOffsetEnd=340 PartOfSpeech=IN] [Text=the CharacterOffsetBegin=341 CharacterOffsetEnd=344 PartOfSpeech=DT] [Text=video CharacterOffsetBegin=345 CharacterOffsetEnd=350 PartOfSpeech=NN] [Text=stores CharacterOffsetBegin=351 CharacterOffsetEnd=357 PartOfSpeech=NNS] [Text=? CharacterOffsetBegin=357 CharacterOffsetEnd=358 PartOfSpeech=.] 
root(ROOT-0, remenber-3)
aux(remenber-3, Do-1)
nsubj(remenber-3, you-2)
det(days-6, those-4)
amod(days-6, happy-5)
dobj(remenber-3, days-6)
prep(business-13, in-7)
pobj(in-7, which-8)
nsubj(business-13, video-9)
cop(business-13, was-10)
det(business-13, a-11)
amod(business-13, prosperous-12)
rcmod(days-6, business-13)
punct(remenber-3, ,-14)
cc(remenber-3, and-15)
det(lot-17, a-16)
nsubjpass(made-21, lot-17)
prep(lot-17, of-18)
pobj(of-18, movies-19)
auxpass(made-21, were-20)
conj(remenber-3, made-21)
prep(made-21, with-22)
det(reason-25, the-23)
amod(reason-25, only-24)
pobj(with-22, reason-25)
prep(reason-25, of-26)
pcomp(of-26, filling-27)
det(shelves-29, the-28)
dobj(filling-27, shelves-29)
prep(shelves-29, of-30)
det(stores-33, the-31)
nn(stores-33, video-32)
pobj(of-30, stores-33)
punct(remenber-3, ?-34)

Sentence #3 (33 tokens):
this movie comes from that period and I can imagine that was the only reason for which it was produced and the same happened with many, many, many other stinkers.
[Text=this CharacterOffsetBegin=363 CharacterOffsetEnd=367 PartOfSpeech=DT] [Text=movie CharacterOffsetBegin=368 CharacterOffsetEnd=373 PartOfSpeech=NN] [Text=comes CharacterOffsetBegin=374 CharacterOffsetEnd=379 PartOfSpeech=VBZ] [Text=from CharacterOffsetBegin=380 CharacterOffsetEnd=384 PartOfSpeech=IN] [Text=that CharacterOffsetBegin=385 CharacterOffsetEnd=389 PartOfSpeech=DT] [Text=period CharacterOffsetBegin=390 CharacterOffsetEnd=396 PartOfSpeech=NN] [Text=and CharacterOffsetBegin=397 CharacterOffsetEnd=400 PartOfSpeech=CC] [Text=I CharacterOffsetBegin=401 CharacterOffsetEnd=402 PartOfSpeech=PRP] [Text=can CharacterOffsetBegin=403 CharacterOffsetEnd=406 PartOfSpeech=MD] [Text=imagine CharacterOffsetBegin=407 CharacterOffsetEnd=414 PartOfSpeech=VB] [Text=that CharacterOffsetBegin=415 CharacterOffsetEnd=419 PartOfSpeech=DT] [Text=was CharacterOffsetBegin=420 CharacterOffsetEnd=423 PartOfSpeech=VBD] [Text=the CharacterOffsetBegin=424 CharacterOffsetEnd=427 PartOfSpeech=DT] [Text=only CharacterOffsetBegin=428 CharacterOffsetEnd=432 PartOfSpeech=JJ] [Text=reason CharacterOffsetBegin=433 CharacterOffsetEnd=439 PartOfSpeech=NN] [Text=for CharacterOffsetBegin=440 CharacterOffsetEnd=443 PartOfSpeech=IN] [Text=which CharacterOffsetBegin=444 CharacterOffsetEnd=449 PartOfSpeech=WDT] [Text=it CharacterOffsetBegin=450 CharacterOffsetEnd=452 PartOfSpeech=PRP] [Text=was CharacterOffsetBegin=453 CharacterOffsetEnd=456 PartOfSpeech=VBD] [Text=produced CharacterOffsetBegin=457 CharacterOffsetEnd=465 PartOfSpeech=VBN] [Text=and CharacterOffsetBegin=466 CharacterOffsetEnd=469 PartOfSpeech=CC] [Text=the CharacterOffsetBegin=470 CharacterOffsetEnd=473 PartOfSpeech=DT] [Text=same CharacterOffsetBegin=474 CharacterOffsetEnd=478 PartOfSpeech=JJ] [Text=happened CharacterOffsetBegin=479 CharacterOffsetEnd=487 PartOfSpeech=VBN] [Text=with CharacterOffsetBegin=488 CharacterOffsetEnd=492 PartOfSpeech=IN] [Text=many CharacterOffsetBegin=493 CharacterOffsetEnd=497 PartOfSpeech=JJ] [Text=, CharacterOffsetBegin=497 CharacterOffsetEnd=498 PartOfSpeech=,] [Text=many CharacterOffsetBegin=499 CharacterOffsetEnd=503 PartOfSpeech=JJ] [Text=, CharacterOffsetBegin=503 CharacterOffsetEnd=504 PartOfSpeech=,] [Text=many CharacterOffsetBegin=505 CharacterOffsetEnd=509 PartOfSpeech=JJ] [Text=other CharacterOffsetBegin=510 CharacterOffsetEnd=515 PartOfSpeech=JJ] [Text=stinkers CharacterOffsetBegin=516 CharacterOffsetEnd=524 PartOfSpeech=NNS] [Text=. CharacterOffsetBegin=524 CharacterOffsetEnd=525 PartOfSpeech=.] 
root(ROOT-0, comes-3)
det(movie-2, this-1)
nsubj(comes-3, movie-2)
prep(comes-3, from-4)
det(period-6, that-5)
pobj(from-4, period-6)
cc(comes-3, and-7)
nsubj(imagine-10, I-8)
aux(imagine-10, can-9)
conj(comes-3, imagine-10)
nsubj(reason-15, that-11)
cop(reason-15, was-12)
det(reason-15, the-13)
amod(reason-15, only-14)
ccomp(imagine-10, reason-15)
prep(produced-20, for-16)
pobj(for-16, which-17)
nsubjpass(produced-20, it-18)
auxpass(produced-20, was-19)
rcmod(reason-15, produced-20)
cc(produced-20, and-21)
det(same-23, the-22)
conj(produced-20, same-23)
dep(same-23, happened-24)
prep(happened-24, with-25)
amod(stinkers-32, many-26)
punct(stinkers-32, ,-27)
amod(stinkers-32, many-28)
punct(stinkers-32, ,-29)
amod(stinkers-32, many-30)
amod(stinkers-32, other-31)
pobj(with-25, stinkers-32)
punct(comes-3, .-33)

Sentence #4 (8 tokens):
Do you remember "Rambo" imitations?
[Text=Do CharacterOffsetBegin=530 CharacterOffsetEnd=532 PartOfSpeech=VB] [Text=you CharacterOffsetBegin=533 CharacterOffsetEnd=536 PartOfSpeech=PRP] [Text=remember CharacterOffsetBegin=537 CharacterOffsetEnd=545 PartOfSpeech=VB] [Text=`` CharacterOffsetBegin=546 CharacterOffsetEnd=547 PartOfSpeech=``] [Text=Rambo CharacterOffsetBegin=547 CharacterOffsetEnd=552 PartOfSpeech=NNP] [Text='' CharacterOffsetBegin=552 CharacterOffsetEnd=553 PartOfSpeech=''] [Text=imitations CharacterOffsetBegin=554 CharacterOffsetEnd=564 PartOfSpeech=NNS] [Text=? CharacterOffsetBegin=564 CharacterOffsetEnd=565 PartOfSpeech=.] 
root(ROOT-0, remember-3)
aux(remember-3, Do-1)
nsubj(remember-3, you-2)
punct(imitations-7, ``-4)
nn(imitations-7, Rambo-5)
punct(imitations-7, ''-6)
dobj(remember-3, imitations-7)
punct(remember-3, ?-8)

Sentence #5 (8 tokens):
and so many slashers of Z grade?
[Text=and CharacterOffsetBegin=570 CharacterOffsetEnd=573 PartOfSpeech=CC] [Text=so CharacterOffsetBegin=574 CharacterOffsetEnd=576 PartOfSpeech=RB] [Text=many CharacterOffsetBegin=577 CharacterOffsetEnd=581 PartOfSpeech=JJ] [Text=slashers CharacterOffsetBegin=582 CharacterOffsetEnd=590 PartOfSpeech=NNS] [Text=of CharacterOffsetBegin=591 CharacterOffsetEnd=593 PartOfSpeech=IN] [Text=Z CharacterOffsetBegin=594 CharacterOffsetEnd=595 PartOfSpeech=NN] [Text=grade CharacterOffsetBegin=596 CharacterOffsetEnd=601 PartOfSpeech=NN] [Text=? CharacterOffsetBegin=601 CharacterOffsetEnd=602 PartOfSpeech=.] 
root(ROOT-0, many-3)
cc(many-3, and-1)
advmod(many-3, so-2)
dep(many-3, slashers-4)
prep(slashers-4, of-5)
nn(grade-7, Z-6)
pobj(of-5, grade-7)
punct(many-3, ?-8)

Sentence #6 (65 tokens):
, I still feel nostalgia for that period.About this movie I can say I didnt waste my time watching it because I pressed the fast forward button after the first fifteen minutes, just to find a very funny scene in which a guy was pushing an axe against heads which exploded because, as you perfectly notice, they were made of plastic.
[Text=, CharacterOffsetBegin=602 CharacterOffsetEnd=603 PartOfSpeech=,] [Text=I CharacterOffsetBegin=604 CharacterOffsetEnd=605 PartOfSpeech=PRP] [Text=still CharacterOffsetBegin=606 CharacterOffsetEnd=611 PartOfSpeech=RB] [Text=feel CharacterOffsetBegin=612 CharacterOffsetEnd=616 PartOfSpeech=VBP] [Text=nostalgia CharacterOffsetBegin=617 CharacterOffsetEnd=626 PartOfSpeech=NN] [Text=for CharacterOffsetBegin=627 CharacterOffsetEnd=630 PartOfSpeech=IN] [Text=that CharacterOffsetBegin=631 CharacterOffsetEnd=635 PartOfSpeech=DT] [Text=period.About CharacterOffsetBegin=636 CharacterOffsetEnd=648 PartOfSpeech=NN] [Text=this CharacterOffsetBegin=649 CharacterOffsetEnd=653 PartOfSpeech=DT] [Text=movie CharacterOffsetBegin=654 CharacterOffsetEnd=659 PartOfSpeech=NN] [Text=I CharacterOffsetBegin=660 CharacterOffsetEnd=661 PartOfSpeech=PRP] [Text=can CharacterOffsetBegin=662 CharacterOffsetEnd=665 PartOfSpeech=MD] [Text=say CharacterOffsetBegin=666 CharacterOffsetEnd=669 PartOfSpeech=VB] [Text=I CharacterOffsetBegin=670 CharacterOffsetEnd=671 PartOfSpeech=PRP] [Text=didnt CharacterOffsetBegin=672 CharacterOffsetEnd=677 PartOfSpeech=JJ] [Text=waste CharacterOffsetBegin=678 CharacterOffsetEnd=683 PartOfSpeech=NN] [Text=my CharacterOffsetBegin=684 CharacterOffsetEnd=686 PartOfSpeech=PRP$] [Text=time CharacterOffsetBegin=687 CharacterOffsetEnd=691 PartOfSpeech=NN] [Text=watching CharacterOffsetBegin=692 CharacterOffsetEnd=700 PartOfSpeech=VBG] [Text=it CharacterOffsetBegin=701 CharacterOffsetEnd=703 PartOfSpeech=PRP] [Text=because CharacterOffsetBegin=704 CharacterOffsetEnd=711 PartOfSpeech=IN] [Text=I CharacterOffsetBegin=712 CharacterOffsetEnd=713 PartOfSpeech=PRP] [Text=pressed CharacterOffsetBegin=714 CharacterOffsetEnd=721 PartOfSpeech=VBD] [Text=the CharacterOffsetBegin=722 CharacterOffsetEnd=725 PartOfSpeech=DT] [Text=fast CharacterOffsetBegin=726 CharacterOffsetEnd=730 PartOfSpeech=JJ] [Text=forward CharacterOffsetBegin=731 CharacterOffsetEnd=738 PartOfSpeech=RB] [Text=button CharacterOffsetBegin=739 CharacterOffsetEnd=745 PartOfSpeech=NN] [Text=after CharacterOffsetBegin=746 CharacterOffsetEnd=751 PartOfSpeech=IN] [Text=the CharacterOffsetBegin=752 CharacterOffsetEnd=755 PartOfSpeech=DT] [Text=first CharacterOffsetBegin=756 CharacterOffsetEnd=761 PartOfSpeech=JJ] [Text=fifteen CharacterOffsetBegin=762 CharacterOffsetEnd=769 PartOfSpeech=CD] [Text=minutes CharacterOffsetBegin=770 CharacterOffsetEnd=777 PartOfSpeech=NNS] [Text=, CharacterOffsetBegin=777 CharacterOffsetEnd=778 PartOfSpeech=,] [Text=just CharacterOffsetBegin=779 CharacterOffsetEnd=783 PartOfSpeech=RB] [Text=to CharacterOffsetBegin=784 CharacterOffsetEnd=786 PartOfSpeech=TO] [Text=find CharacterOffsetBegin=787 CharacterOffsetEnd=791 PartOfSpeech=VB] [Text=a CharacterOffsetBegin=792 CharacterOffsetEnd=793 PartOfSpeech=DT] [Text=very CharacterOffsetBegin=794 CharacterOffsetEnd=798 PartOfSpeech=RB] [Text=funny CharacterOffsetBegin=799 CharacterOffsetEnd=804 PartOfSpeech=JJ] [Text=scene CharacterOffsetBegin=805 CharacterOffsetEnd=810 PartOfSpeech=NN] [Text=in CharacterOffsetBegin=811 CharacterOffsetEnd=813 PartOfSpeech=IN] [Text=which CharacterOffsetBegin=814 CharacterOffsetEnd=819 PartOfSpeech=WDT] [Text=a CharacterOffsetBegin=820 CharacterOffsetEnd=821 PartOfSpeech=DT] [Text=guy CharacterOffsetBegin=822 CharacterOffsetEnd=825 PartOfSpeech=NN] [Text=was CharacterOffsetBegin=826 CharacterOffsetEnd=829 PartOfSpeech=VBD] [Text=pushing CharacterOffsetBegin=830 CharacterOffsetEnd=837 PartOfSpeech=VBG] [Text=an CharacterOffsetBegin=838 CharacterOffsetEnd=840 PartOfSpeech=DT] [Text=axe CharacterOffsetBegin=841 CharacterOffsetEnd=844 PartOfSpeech=NN] [Text=against CharacterOffsetBegin=845 CharacterOffsetEnd=852 PartOfSpeech=IN] [Text=heads CharacterOffsetBegin=853 CharacterOffsetEnd=858 PartOfSpeech=NNS] [Text=which CharacterOffsetBegin=859 CharacterOffsetEnd=864 PartOfSpeech=WDT] [Text=exploded CharacterOffsetBegin=865 CharacterOffsetEnd=873 PartOfSpeech=VBD] [Text=because CharacterOffsetBegin=874 CharacterOffsetEnd=881 PartOfSpeech=RB] [Text=, CharacterOffsetBegin=881 CharacterOffsetEnd=882 PartOfSpeech=,] [Text=as CharacterOffsetBegin=883 CharacterOffsetEnd=885 PartOfSpeech=IN] [Text=you CharacterOffsetBegin=886 CharacterOffsetEnd=889 PartOfSpeech=PRP] [Text=perfectly CharacterOffsetBegin=890 CharacterOffsetEnd=899 PartOfSpeech=RB] [Text=notice CharacterOffsetBegin=900 CharacterOffsetEnd=906 PartOfSpeech=VBP] [Text=, CharacterOffsetBegin=906 CharacterOffsetEnd=907 PartOfSpeech=,] [Text=they CharacterOffsetBegin=908 CharacterOffsetEnd=912 PartOfSpeech=PRP] [Text=were CharacterOffsetBegin=913 CharacterOffsetEnd=917 PartOfSpeech=VBD] [Text=made CharacterOffsetBegin=918 CharacterOffsetEnd=922 PartOfSpeech=VBN] [Text=of CharacterOffsetBegin=923 CharacterOffsetEnd=925 PartOfSpeech=IN] [Text=plastic CharacterOffsetBegin=926 CharacterOffsetEnd=933 PartOfSpeech=NN] [Text=. CharacterOffsetBegin=933 CharacterOffsetEnd=934 PartOfSpeech=.] 
root(ROOT-0, feel-4)
punct(feel-4, ,-1)
nsubj(feel-4, I-2)
advmod(feel-4, still-3)
acomp(feel-4, nostalgia-5)
prep(nostalgia-5, for-6)
pobj(for-6, that-7)
dep(that-7, period.About-8)
det(movie-10, this-9)
dobj(period.About-8, movie-10)
nsubj(say-13, I-11)
aux(say-13, can-12)
rcmod(movie-10, say-13)
nsubj(waste-16, I-14)
amod(waste-16, didnt-15)
ccomp(say-13, waste-16)
poss(time-18, my-17)
dobj(waste-16, time-18)
partmod(time-18, watching-19)
dobj(watching-19, it-20)
mark(pressed-23, because-21)
nsubj(pressed-23, I-22)
advcl(waste-16, pressed-23)
det(button-27, the-24)
amod(button-27, fast-25)
nn(button-27, forward-26)
dobj(pressed-23, button-27)
prep(pressed-23, after-28)
det(minutes-32, the-29)
amod(minutes-32, first-30)
num(minutes-32, fifteen-31)
pobj(after-28, minutes-32)
punct(pressed-23, ,-33)
advmod(find-36, just-34)
aux(find-36, to-35)
xcomp(pressed-23, find-36)
det(scene-40, a-37)
advmod(funny-39, very-38)
amod(scene-40, funny-39)
dobj(find-36, scene-40)
prep(pushing-46, in-41)
pobj(in-41, which-42)
det(guy-44, a-43)
nsubj(pushing-46, guy-44)
aux(pushing-46, was-45)
rcmod(scene-40, pushing-46)
det(axe-48, an-47)
dobj(pushing-46, axe-48)
prep(axe-48, against-49)
pobj(against-49, heads-50)
nsubj(exploded-52, which-51)
rcmod(heads-50, exploded-52)
advmod(made-62, because-53)
punct(made-62, ,-54)
mark(notice-58, as-55)
nsubj(notice-58, you-56)
advmod(notice-58, perfectly-57)
advcl(made-62, notice-58)
punct(made-62, ,-59)
nsubjpass(made-62, they-60)
auxpass(made-62, were-61)
advcl(exploded-52, made-62)
prep(made-62, of-63)
pobj(of-63, plastic-64)
punct(feel-4, .-65)

Sentence #7 (19 tokens):
And about the end, well, it was so badly filmed I could not understand what happened.
[Text=And CharacterOffsetBegin=939 CharacterOffsetEnd=942 PartOfSpeech=CC] [Text=about CharacterOffsetBegin=943 CharacterOffsetEnd=948 PartOfSpeech=IN] [Text=the CharacterOffsetBegin=949 CharacterOffsetEnd=952 PartOfSpeech=DT] [Text=end CharacterOffsetBegin=953 CharacterOffsetEnd=956 PartOfSpeech=NN] [Text=, CharacterOffsetBegin=956 CharacterOffsetEnd=957 PartOfSpeech=,] [Text=well CharacterOffsetBegin=958 CharacterOffsetEnd=962 PartOfSpeech=RB] [Text=, CharacterOffsetBegin=962 CharacterOffsetEnd=963 PartOfSpeech=,] [Text=it CharacterOffsetBegin=964 CharacterOffsetEnd=966 PartOfSpeech=PRP] [Text=was CharacterOffsetBegin=967 CharacterOffsetEnd=970 PartOfSpeech=VBD] [Text=so CharacterOffsetBegin=971 CharacterOffsetEnd=973 PartOfSpeech=RB] [Text=badly CharacterOffsetBegin=974 CharacterOffsetEnd=979 PartOfSpeech=RB] [Text=filmed CharacterOffsetBegin=980 CharacterOffsetEnd=986 PartOfSpeech=VBN] [Text=I CharacterOffsetBegin=987 CharacterOffsetEnd=988 PartOfSpeech=PRP] [Text=could CharacterOffsetBegin=989 CharacterOffsetEnd=994 PartOfSpeech=MD] [Text=not CharacterOffsetBegin=995 CharacterOffsetEnd=998 PartOfSpeech=RB] [Text=understand CharacterOffsetBegin=999 CharacterOffsetEnd=1009 PartOfSpeech=VB] [Text=what CharacterOffsetBegin=1010 CharacterOffsetEnd=1014 PartOfSpeech=WP] [Text=happened CharacterOffsetBegin=1015 CharacterOffsetEnd=1023 PartOfSpeech=VBD] [Text=. CharacterOffsetBegin=1023 CharacterOffsetEnd=1024 PartOfSpeech=.] 
root(ROOT-0, filmed-12)
cc(filmed-12, And-1)
prep(filmed-12, about-2)
det(end-4, the-3)
pobj(about-2, end-4)
punct(filmed-12, ,-5)
advmod(filmed-12, well-6)
punct(filmed-12, ,-7)
nsubj(filmed-12, it-8)
cop(filmed-12, was-9)
advmod(badly-11, so-10)
advmod(filmed-12, badly-11)
nsubj(understand-16, I-13)
aux(understand-16, could-14)
neg(understand-16, not-15)
ccomp(filmed-12, understand-16)
nsubj(happened-18, what-17)
ccomp(understand-16, happened-18)
punct(filmed-12, .-19)

Sentence #8 (14 tokens):
Thats the same, I had not followed the non-existing plot at all.
[Text=Thats CharacterOffsetBegin=1029 CharacterOffsetEnd=1034 PartOfSpeech=VBZ] [Text=the CharacterOffsetBegin=1035 CharacterOffsetEnd=1038 PartOfSpeech=DT] [Text=same CharacterOffsetBegin=1039 CharacterOffsetEnd=1043 PartOfSpeech=JJ] [Text=, CharacterOffsetBegin=1043 CharacterOffsetEnd=1044 PartOfSpeech=,] [Text=I CharacterOffsetBegin=1045 CharacterOffsetEnd=1046 PartOfSpeech=PRP] [Text=had CharacterOffsetBegin=1047 CharacterOffsetEnd=1050 PartOfSpeech=VBD] [Text=not CharacterOffsetBegin=1051 CharacterOffsetEnd=1054 PartOfSpeech=RB] [Text=followed CharacterOffsetBegin=1055 CharacterOffsetEnd=1063 PartOfSpeech=VBN] [Text=the CharacterOffsetBegin=1064 CharacterOffsetEnd=1067 PartOfSpeech=DT] [Text=non-existing CharacterOffsetBegin=1068 CharacterOffsetEnd=1080 PartOfSpeech=JJ] [Text=plot CharacterOffsetBegin=1081 CharacterOffsetEnd=1085 PartOfSpeech=NN] [Text=at CharacterOffsetBegin=1086 CharacterOffsetEnd=1088 PartOfSpeech=IN] [Text=all CharacterOffsetBegin=1089 CharacterOffsetEnd=1092 PartOfSpeech=DT] [Text=. CharacterOffsetBegin=1092 CharacterOffsetEnd=1093 PartOfSpeech=.] 
root(ROOT-0, followed-8)
dep(same-3, Thats-1)
det(same-3, the-2)
advmod(followed-8, same-3)
punct(followed-8, ,-4)
nsubj(followed-8, I-5)
aux(followed-8, had-6)
neg(followed-8, not-7)
det(plot-11, the-9)
amod(plot-11, non-existing-10)
dobj(followed-8, plot-11)
advmod(followed-8, at-12)
pobj(at-12, all-13)
punct(followed-8, .-14)

Sentence #9 (13 tokens):
But boy, Video-age was a great age despite movies like this.
[Text=But CharacterOffsetBegin=1098 CharacterOffsetEnd=1101 PartOfSpeech=CC] [Text=boy CharacterOffsetBegin=1102 CharacterOffsetEnd=1105 PartOfSpeech=NN] [Text=, CharacterOffsetBegin=1105 CharacterOffsetEnd=1106 PartOfSpeech=,] [Text=Video-age CharacterOffsetBegin=1107 CharacterOffsetEnd=1116 PartOfSpeech=NN] [Text=was CharacterOffsetBegin=1117 CharacterOffsetEnd=1120 PartOfSpeech=VBD] [Text=a CharacterOffsetBegin=1121 CharacterOffsetEnd=1122 PartOfSpeech=DT] [Text=great CharacterOffsetBegin=1123 CharacterOffsetEnd=1128 PartOfSpeech=JJ] [Text=age CharacterOffsetBegin=1129 CharacterOffsetEnd=1132 PartOfSpeech=NN] [Text=despite CharacterOffsetBegin=1133 CharacterOffsetEnd=1140 PartOfSpeech=IN] [Text=movies CharacterOffsetBegin=1141 CharacterOffsetEnd=1147 PartOfSpeech=NNS] [Text=like CharacterOffsetBegin=1148 CharacterOffsetEnd=1152 PartOfSpeech=IN] [Text=this CharacterOffsetBegin=1153 CharacterOffsetEnd=1157 PartOfSpeech=DT] [Text=. CharacterOffsetBegin=1157 CharacterOffsetEnd=1158 PartOfSpeech=.] 
root(ROOT-0, age-8)
cc(age-8, But-1)
nn(age-8, boy-2)
punct(age-8, ,-3)
nsubj(age-8, Video-age-4)
cop(age-8, was-5)
det(age-8, a-6)
amod(age-8, great-7)
prep(age-8, despite-9)
pobj(despite-9, movies-10)
prep(movies-10, like-11)
pobj(like-11, this-12)
punct(age-8, .-13)

