Sentence #1 (35 tokens):
Suffice to say that - despite the odd ludicrous panegyric to his soi disant "abilities" posted here - the director of this inept, odious tosh hasn't made a film since.
[Text=Suffice CharacterOffsetBegin=4 CharacterOffsetEnd=11 PartOfSpeech=NNP] [Text=to CharacterOffsetBegin=12 CharacterOffsetEnd=14 PartOfSpeech=TO] [Text=say CharacterOffsetBegin=15 CharacterOffsetEnd=18 PartOfSpeech=VB] [Text=that CharacterOffsetBegin=19 CharacterOffsetEnd=23 PartOfSpeech=IN] [Text=- CharacterOffsetBegin=24 CharacterOffsetEnd=25 PartOfSpeech=:] [Text=despite CharacterOffsetBegin=26 CharacterOffsetEnd=33 PartOfSpeech=IN] [Text=the CharacterOffsetBegin=34 CharacterOffsetEnd=37 PartOfSpeech=DT] [Text=odd CharacterOffsetBegin=38 CharacterOffsetEnd=41 PartOfSpeech=JJ] [Text=ludicrous CharacterOffsetBegin=42 CharacterOffsetEnd=51 PartOfSpeech=JJ] [Text=panegyric CharacterOffsetBegin=52 CharacterOffsetEnd=61 PartOfSpeech=NN] [Text=to CharacterOffsetBegin=62 CharacterOffsetEnd=64 PartOfSpeech=TO] [Text=his CharacterOffsetBegin=65 CharacterOffsetEnd=68 PartOfSpeech=PRP$] [Text=soi CharacterOffsetBegin=69 CharacterOffsetEnd=72 PartOfSpeech=NN] [Text=disant CharacterOffsetBegin=73 CharacterOffsetEnd=79 PartOfSpeech=NN] [Text=`` CharacterOffsetBegin=80 CharacterOffsetEnd=81 PartOfSpeech=``] [Text=abilities CharacterOffsetBegin=81 CharacterOffsetEnd=90 PartOfSpeech=NNS] [Text='' CharacterOffsetBegin=90 CharacterOffsetEnd=91 PartOfSpeech=''] [Text=posted CharacterOffsetBegin=92 CharacterOffsetEnd=98 PartOfSpeech=VBN] [Text=here CharacterOffsetBegin=99 CharacterOffsetEnd=103 PartOfSpeech=RB] [Text=- CharacterOffsetBegin=104 CharacterOffsetEnd=105 PartOfSpeech=:] [Text=the CharacterOffsetBegin=106 CharacterOffsetEnd=109 PartOfSpeech=DT] [Text=director CharacterOffsetBegin=110 CharacterOffsetEnd=118 PartOfSpeech=NN] [Text=of CharacterOffsetBegin=119 CharacterOffsetEnd=121 PartOfSpeech=IN] [Text=this CharacterOffsetBegin=122 CharacterOffsetEnd=126 PartOfSpeech=DT] [Text=inept CharacterOffsetBegin=127 CharacterOffsetEnd=132 PartOfSpeech=JJ] [Text=, CharacterOffsetBegin=132 CharacterOffsetEnd=133 PartOfSpeech=,] [Text=odious CharacterOffsetBegin=134 CharacterOffsetEnd=140 PartOfSpeech=JJ] [Text=tosh CharacterOffsetBegin=141 CharacterOffsetEnd=145 PartOfSpeech=NN] [Text=has CharacterOffsetBegin=146 CharacterOffsetEnd=149 PartOfSpeech=VBZ] [Text=n't CharacterOffsetBegin=149 CharacterOffsetEnd=152 PartOfSpeech=RB] [Text=made CharacterOffsetBegin=153 CharacterOffsetEnd=157 PartOfSpeech=VBN] [Text=a CharacterOffsetBegin=158 CharacterOffsetEnd=159 PartOfSpeech=DT] [Text=film CharacterOffsetBegin=160 CharacterOffsetEnd=164 PartOfSpeech=NN] [Text=since CharacterOffsetBegin=165 CharacterOffsetEnd=170 PartOfSpeech=IN] [Text=. CharacterOffsetBegin=170 CharacterOffsetEnd=171 PartOfSpeech=.] 
root(ROOT-0, say-3)
nsubj(say-3, Suffice-1)
aux(say-3, to-2)
dep(say-3, that-4)
punct(despite-6, --5)
dep(that-4, despite-6)
det(panegyric-10, the-7)
amod(panegyric-10, odd-8)
amod(panegyric-10, ludicrous-9)
pobj(despite-6, panegyric-10)
prep(panegyric-10, to-11)
poss(abilities-16, his-12)
dep(abilities-16, soi-13)
dep(abilities-16, disant-14)
punct(abilities-16, ``-15)
pobj(to-11, abilities-16)
punct(abilities-16, ''-17)
partmod(abilities-16, posted-18)
advmod(posted-18, here-19)
punct(panegyric-10, --20)
det(director-22, the-21)
dep(panegyric-10, director-22)
prep(director-22, of-23)
pobj(of-23, this-24)
advmod(made-31, inept-25)
punct(made-31, ,-26)
amod(tosh-28, odious-27)
nsubj(made-31, tosh-28)
aux(made-31, has-29)
neg(made-31, n't-30)
partmod(this-24, made-31)
det(film-33, a-32)
dobj(made-31, film-33)
advmod(made-31, since-34)
punct(say-3, .-35)

Sentence #2 (76 tokens):
Well that is excellent news as far as I'm concerned.Dead Babies has all of the bile of its creator, but lacks the wit and technical proficiency that make Martin Amis the novelist readable.When will the British film industry wake up and realise that if it wants to regain the status it once had it should stop producing rubbish like this and make something real people will actually want to watch?Avoid like the plague.
[Text=Well CharacterOffsetBegin=176 CharacterOffsetEnd=180 PartOfSpeech=RB] [Text=that CharacterOffsetBegin=181 CharacterOffsetEnd=185 PartOfSpeech=DT] [Text=is CharacterOffsetBegin=186 CharacterOffsetEnd=188 PartOfSpeech=VBZ] [Text=excellent CharacterOffsetBegin=189 CharacterOffsetEnd=198 PartOfSpeech=JJ] [Text=news CharacterOffsetBegin=199 CharacterOffsetEnd=203 PartOfSpeech=NN] [Text=as CharacterOffsetBegin=204 CharacterOffsetEnd=206 PartOfSpeech=IN] [Text=far CharacterOffsetBegin=207 CharacterOffsetEnd=210 PartOfSpeech=RB] [Text=as CharacterOffsetBegin=211 CharacterOffsetEnd=213 PartOfSpeech=IN] [Text=I CharacterOffsetBegin=214 CharacterOffsetEnd=215 PartOfSpeech=PRP] [Text='m CharacterOffsetBegin=215 CharacterOffsetEnd=217 PartOfSpeech=VBP] [Text=concerned.Dead CharacterOffsetBegin=218 CharacterOffsetEnd=232 PartOfSpeech=NNP] [Text=Babies CharacterOffsetBegin=233 CharacterOffsetEnd=239 PartOfSpeech=NNS] [Text=has CharacterOffsetBegin=240 CharacterOffsetEnd=243 PartOfSpeech=VBZ] [Text=all CharacterOffsetBegin=244 CharacterOffsetEnd=247 PartOfSpeech=DT] [Text=of CharacterOffsetBegin=248 CharacterOffsetEnd=250 PartOfSpeech=IN] [Text=the CharacterOffsetBegin=251 CharacterOffsetEnd=254 PartOfSpeech=DT] [Text=bile CharacterOffsetBegin=255 CharacterOffsetEnd=259 PartOfSpeech=NN] [Text=of CharacterOffsetBegin=260 CharacterOffsetEnd=262 PartOfSpeech=IN] [Text=its CharacterOffsetBegin=263 CharacterOffsetEnd=266 PartOfSpeech=PRP$] [Text=creator CharacterOffsetBegin=267 CharacterOffsetEnd=274 PartOfSpeech=NN] [Text=, CharacterOffsetBegin=274 CharacterOffsetEnd=275 PartOfSpeech=,] [Text=but CharacterOffsetBegin=276 CharacterOffsetEnd=279 PartOfSpeech=CC] [Text=lacks CharacterOffsetBegin=280 CharacterOffsetEnd=285 PartOfSpeech=VBZ] [Text=the CharacterOffsetBegin=286 CharacterOffsetEnd=289 PartOfSpeech=DT] [Text=wit CharacterOffsetBegin=290 CharacterOffsetEnd=293 PartOfSpeech=NN] [Text=and CharacterOffsetBegin=294 CharacterOffsetEnd=297 PartOfSpeech=CC] [Text=technical CharacterOffsetBegin=298 CharacterOffsetEnd=307 PartOfSpeech=JJ] [Text=proficiency CharacterOffsetBegin=308 CharacterOffsetEnd=319 PartOfSpeech=NN] [Text=that CharacterOffsetBegin=320 CharacterOffsetEnd=324 PartOfSpeech=WDT] [Text=make CharacterOffsetBegin=325 CharacterOffsetEnd=329 PartOfSpeech=VBP] [Text=Martin CharacterOffsetBegin=330 CharacterOffsetEnd=336 PartOfSpeech=NNP] [Text=Amis CharacterOffsetBegin=337 CharacterOffsetEnd=341 PartOfSpeech=NNP] [Text=the CharacterOffsetBegin=342 CharacterOffsetEnd=345 PartOfSpeech=DT] [Text=novelist CharacterOffsetBegin=346 CharacterOffsetEnd=354 PartOfSpeech=NN] [Text=readable.When CharacterOffsetBegin=355 CharacterOffsetEnd=368 PartOfSpeech=NN] [Text=will CharacterOffsetBegin=369 CharacterOffsetEnd=373 PartOfSpeech=MD] [Text=the CharacterOffsetBegin=374 CharacterOffsetEnd=377 PartOfSpeech=DT] [Text=British CharacterOffsetBegin=378 CharacterOffsetEnd=385 PartOfSpeech=JJ] [Text=film CharacterOffsetBegin=386 CharacterOffsetEnd=390 PartOfSpeech=NN] [Text=industry CharacterOffsetBegin=391 CharacterOffsetEnd=399 PartOfSpeech=NN] [Text=wake CharacterOffsetBegin=400 CharacterOffsetEnd=404 PartOfSpeech=VBP] [Text=up CharacterOffsetBegin=405 CharacterOffsetEnd=407 PartOfSpeech=RB] [Text=and CharacterOffsetBegin=408 CharacterOffsetEnd=411 PartOfSpeech=CC] [Text=realise CharacterOffsetBegin=412 CharacterOffsetEnd=419 PartOfSpeech=VB] [Text=that CharacterOffsetBegin=420 CharacterOffsetEnd=424 PartOfSpeech=IN] [Text=if CharacterOffsetBegin=425 CharacterOffsetEnd=427 PartOfSpeech=IN] [Text=it CharacterOffsetBegin=428 CharacterOffsetEnd=430 PartOfSpeech=PRP] [Text=wants CharacterOffsetBegin=431 CharacterOffsetEnd=436 PartOfSpeech=VBZ] [Text=to CharacterOffsetBegin=437 CharacterOffsetEnd=439 PartOfSpeech=TO] [Text=regain CharacterOffsetBegin=440 CharacterOffsetEnd=446 PartOfSpeech=VB] [Text=the CharacterOffsetBegin=447 CharacterOffsetEnd=450 PartOfSpeech=DT] [Text=status CharacterOffsetBegin=451 CharacterOffsetEnd=457 PartOfSpeech=NN] [Text=it CharacterOffsetBegin=458 CharacterOffsetEnd=460 PartOfSpeech=PRP] [Text=once CharacterOffsetBegin=461 CharacterOffsetEnd=465 PartOfSpeech=RB] [Text=had CharacterOffsetBegin=466 CharacterOffsetEnd=469 PartOfSpeech=VBD] [Text=it CharacterOffsetBegin=470 CharacterOffsetEnd=472 PartOfSpeech=PRP] [Text=should CharacterOffsetBegin=473 CharacterOffsetEnd=479 PartOfSpeech=MD] [Text=stop CharacterOffsetBegin=480 CharacterOffsetEnd=484 PartOfSpeech=VB] [Text=producing CharacterOffsetBegin=485 CharacterOffsetEnd=494 PartOfSpeech=VBG] [Text=rubbish CharacterOffsetBegin=495 CharacterOffsetEnd=502 PartOfSpeech=JJ] [Text=like CharacterOffsetBegin=503 CharacterOffsetEnd=507 PartOfSpeech=IN] [Text=this CharacterOffsetBegin=508 CharacterOffsetEnd=512 PartOfSpeech=DT] [Text=and CharacterOffsetBegin=513 CharacterOffsetEnd=516 PartOfSpeech=CC] [Text=make CharacterOffsetBegin=517 CharacterOffsetEnd=521 PartOfSpeech=VB] [Text=something CharacterOffsetBegin=522 CharacterOffsetEnd=531 PartOfSpeech=NN] [Text=real CharacterOffsetBegin=532 CharacterOffsetEnd=536 PartOfSpeech=JJ] [Text=people CharacterOffsetBegin=537 CharacterOffsetEnd=543 PartOfSpeech=NNS] [Text=will CharacterOffsetBegin=544 CharacterOffsetEnd=548 PartOfSpeech=MD] [Text=actually CharacterOffsetBegin=549 CharacterOffsetEnd=557 PartOfSpeech=RB] [Text=want CharacterOffsetBegin=558 CharacterOffsetEnd=562 PartOfSpeech=VB] [Text=to CharacterOffsetBegin=563 CharacterOffsetEnd=565 PartOfSpeech=TO] [Text=watch?Avoid CharacterOffsetBegin=566 CharacterOffsetEnd=577 PartOfSpeech=NN] [Text=like CharacterOffsetBegin=578 CharacterOffsetEnd=582 PartOfSpeech=IN] [Text=the CharacterOffsetBegin=583 CharacterOffsetEnd=586 PartOfSpeech=DT] [Text=plague CharacterOffsetBegin=587 CharacterOffsetEnd=593 PartOfSpeech=VBP] [Text=. CharacterOffsetBegin=593 CharacterOffsetEnd=594 PartOfSpeech=.] 
root(ROOT-0, news-5)
advmod(news-5, Well-1)
nsubj(news-5, that-2)
cop(news-5, is-3)
amod(news-5, excellent-4)
prep(news-5, as-6)
advmod(Babies-12, far-7)
mark(Babies-12, as-8)
nsubj(Babies-12, I-9)
cop(Babies-12, 'm-10)
nn(Babies-12, concerned.Dead-11)
pobj(as-6, Babies-12)
conj(Babies-12, has-13)
dobj(has-13, all-14)
prep(all-14, of-15)
det(bile-17, the-16)
pobj(of-15, bile-17)
prep(bile-17, of-18)
poss(creator-20, its-19)
pobj(of-18, creator-20)
punct(news-5, ,-21)
cc(news-5, but-22)
conj(news-5, lacks-23)
det(proficiency-28, the-24)
nn(proficiency-28, wit-25)
cc(wit-25, and-26)
conj(wit-25, technical-27)
dobj(lacks-23, proficiency-28)
nsubj(make-30, that-29)
rcmod(proficiency-28, make-30)
nn(Amis-32, Martin-31)
nsubj(wake-41, Amis-32)
det(readable.When-35, the-33)
nn(readable.When-35, novelist-34)
nsubj(wake-41, readable.When-35)
aux(wake-41, will-36)
det(industry-40, the-37)
amod(industry-40, British-38)
nn(industry-40, film-39)
nsubj(wake-41, industry-40)
ccomp(make-30, wake-41)
prt(wake-41, up-42)
cc(wake-41, and-43)
conj(wake-41, realise-44)
dep(realise-44, that-45)
mark(wants-48, if-46)
nsubj(wants-48, it-47)
dep(that-45, wants-48)
aux(regain-50, to-49)
xcomp(wants-48, regain-50)
det(status-52, the-51)
dobj(regain-50, status-52)
nsubj(had-55, it-53)
advmod(had-55, once-54)
rcmod(status-52, had-55)
nsubj(stop-58, it-56)
aux(stop-58, should-57)
ccomp(had-55, stop-58)
xcomp(stop-58, producing-59)
dobj(producing-59, rubbish-60)
prep(rubbish-60, like-61)
pobj(like-61, this-62)
cc(regain-50, and-63)
conj(regain-50, make-64)
dobj(make-64, something-65)
amod(people-67, real-66)
nsubj(want-70, people-67)
aux(want-70, will-68)
advmod(want-70, actually-69)
rcmod(something-65, want-70)
prep(want-70, to-71)
pobj(to-71, watch?Avoid-72)
prep(watch?Avoid-72, like-73)
det(plague-75, the-74)
pobj(like-73, plague-75)
punct(news-5, .-76)

