Sentence #1 (5 tokens):
I am so disappointed.
[Text=I CharacterOffsetBegin=4 CharacterOffsetEnd=5 PartOfSpeech=PRP] [Text=am CharacterOffsetBegin=6 CharacterOffsetEnd=8 PartOfSpeech=VBP] [Text=so CharacterOffsetBegin=9 CharacterOffsetEnd=11 PartOfSpeech=RB] [Text=disappointed CharacterOffsetBegin=12 CharacterOffsetEnd=24 PartOfSpeech=JJ] [Text=. CharacterOffsetBegin=24 CharacterOffsetEnd=25 PartOfSpeech=.] 
root(ROOT-0, disappointed-4)
nsubj(disappointed-4, I-1)
cop(disappointed-4, am-2)
advmod(disappointed-4, so-3)
punct(disappointed-4, .-5)

Sentence #2 (14 tokens):
This movie left me feeling jipped out of my time and mental energy.
[Text=This CharacterOffsetBegin=30 CharacterOffsetEnd=34 PartOfSpeech=DT] [Text=movie CharacterOffsetBegin=35 CharacterOffsetEnd=40 PartOfSpeech=NN] [Text=left CharacterOffsetBegin=41 CharacterOffsetEnd=45 PartOfSpeech=VBD] [Text=me CharacterOffsetBegin=46 CharacterOffsetEnd=48 PartOfSpeech=PRP] [Text=feeling CharacterOffsetBegin=49 CharacterOffsetEnd=56 PartOfSpeech=VBG] [Text=jipped CharacterOffsetBegin=57 CharacterOffsetEnd=63 PartOfSpeech=VBN] [Text=out CharacterOffsetBegin=64 CharacterOffsetEnd=67 PartOfSpeech=IN] [Text=of CharacterOffsetBegin=68 CharacterOffsetEnd=70 PartOfSpeech=IN] [Text=my CharacterOffsetBegin=71 CharacterOffsetEnd=73 PartOfSpeech=PRP$] [Text=time CharacterOffsetBegin=74 CharacterOffsetEnd=78 PartOfSpeech=NN] [Text=and CharacterOffsetBegin=79 CharacterOffsetEnd=82 PartOfSpeech=CC] [Text=mental CharacterOffsetBegin=83 CharacterOffsetEnd=89 PartOfSpeech=JJ] [Text=energy CharacterOffsetBegin=90 CharacterOffsetEnd=96 PartOfSpeech=NN] [Text=. CharacterOffsetBegin=96 CharacterOffsetEnd=97 PartOfSpeech=.] 
root(ROOT-0, left-3)
det(movie-2, This-1)
nsubj(left-3, movie-2)
nsubj(feeling-5, me-4)
xcomp(left-3, feeling-5)
acomp(feeling-5, jipped-6)
prep(jipped-6, out-7)
pcomp(out-7, of-8)
poss(time-10, my-9)
pobj(of-8, time-10)
cc(time-10, and-11)
amod(energy-13, mental-12)
conj(time-10, energy-13)
punct(left-3, .-14)

Sentence #3 (26 tokens):
Here was the quintessential Woody Allen film all over again: the neurotic upper-class Manhattanites debating whether or not they will cheat on their spouses.
[Text=Here CharacterOffsetBegin=102 CharacterOffsetEnd=106 PartOfSpeech=RB] [Text=was CharacterOffsetBegin=107 CharacterOffsetEnd=110 PartOfSpeech=VBD] [Text=the CharacterOffsetBegin=111 CharacterOffsetEnd=114 PartOfSpeech=DT] [Text=quintessential CharacterOffsetBegin=115 CharacterOffsetEnd=129 PartOfSpeech=JJ] [Text=Woody CharacterOffsetBegin=130 CharacterOffsetEnd=135 PartOfSpeech=NNP] [Text=Allen CharacterOffsetBegin=136 CharacterOffsetEnd=141 PartOfSpeech=NNP] [Text=film CharacterOffsetBegin=142 CharacterOffsetEnd=146 PartOfSpeech=NN] [Text=all CharacterOffsetBegin=147 CharacterOffsetEnd=150 PartOfSpeech=DT] [Text=over CharacterOffsetBegin=151 CharacterOffsetEnd=155 PartOfSpeech=IN] [Text=again CharacterOffsetBegin=156 CharacterOffsetEnd=161 PartOfSpeech=RB] [Text=: CharacterOffsetBegin=161 CharacterOffsetEnd=162 PartOfSpeech=:] [Text=the CharacterOffsetBegin=163 CharacterOffsetEnd=166 PartOfSpeech=DT] [Text=neurotic CharacterOffsetBegin=167 CharacterOffsetEnd=175 PartOfSpeech=JJ] [Text=upper-class CharacterOffsetBegin=176 CharacterOffsetEnd=187 PartOfSpeech=JJ] [Text=Manhattanites CharacterOffsetBegin=188 CharacterOffsetEnd=201 PartOfSpeech=NNPS] [Text=debating CharacterOffsetBegin=202 CharacterOffsetEnd=210 PartOfSpeech=VBG] [Text=whether CharacterOffsetBegin=211 CharacterOffsetEnd=218 PartOfSpeech=IN] [Text=or CharacterOffsetBegin=219 CharacterOffsetEnd=221 PartOfSpeech=CC] [Text=not CharacterOffsetBegin=222 CharacterOffsetEnd=225 PartOfSpeech=RB] [Text=they CharacterOffsetBegin=226 CharacterOffsetEnd=230 PartOfSpeech=PRP] [Text=will CharacterOffsetBegin=231 CharacterOffsetEnd=235 PartOfSpeech=MD] [Text=cheat CharacterOffsetBegin=236 CharacterOffsetEnd=241 PartOfSpeech=VB] [Text=on CharacterOffsetBegin=242 CharacterOffsetEnd=244 PartOfSpeech=IN] [Text=their CharacterOffsetBegin=245 CharacterOffsetEnd=250 PartOfSpeech=PRP$] [Text=spouses CharacterOffsetBegin=251 CharacterOffsetEnd=258 PartOfSpeech=NNS] [Text=. CharacterOffsetBegin=258 CharacterOffsetEnd=259 PartOfSpeech=.] 
root(ROOT-0, was-2)
advmod(was-2, Here-1)
det(film-7, the-3)
amod(film-7, quintessential-4)
nn(film-7, Woody-5)
nn(film-7, Allen-6)
nsubj(was-2, film-7)
advmod(over-9, all-8)
advmod(film-7, over-9)
advmod(over-9, again-10)
punct(film-7, :-11)
dep(film-7, the-12)
dep(debating-16, neurotic-13)
dep(debating-16, upper-class-14)
nsubj(debating-16, Manhattanites-15)
amod(the-12, debating-16)
mark(cheat-22, whether-17)
cc(whether-17, or-18)
conj(whether-17, not-19)
nsubj(cheat-22, they-20)
aux(cheat-22, will-21)
ccomp(debating-16, cheat-22)
prep(cheat-22, on-23)
poss(spouses-25, their-24)
pobj(on-23, spouses-25)
punct(was-2, .-26)

Sentence #4 (20 tokens):
Woody, I've seen these characters already, I've seen the storyline from you ten times already.
[Text=Woody CharacterOffsetBegin=264 CharacterOffsetEnd=269 PartOfSpeech=NNP] [Text=, CharacterOffsetBegin=269 CharacterOffsetEnd=270 PartOfSpeech=,] [Text=I CharacterOffsetBegin=271 CharacterOffsetEnd=272 PartOfSpeech=PRP] [Text='ve CharacterOffsetBegin=272 CharacterOffsetEnd=275 PartOfSpeech=VBP] [Text=seen CharacterOffsetBegin=276 CharacterOffsetEnd=280 PartOfSpeech=VBN] [Text=these CharacterOffsetBegin=281 CharacterOffsetEnd=286 PartOfSpeech=DT] [Text=characters CharacterOffsetBegin=287 CharacterOffsetEnd=297 PartOfSpeech=NNS] [Text=already CharacterOffsetBegin=298 CharacterOffsetEnd=305 PartOfSpeech=RB] [Text=, CharacterOffsetBegin=305 CharacterOffsetEnd=306 PartOfSpeech=,] [Text=I CharacterOffsetBegin=307 CharacterOffsetEnd=308 PartOfSpeech=PRP] [Text='ve CharacterOffsetBegin=308 CharacterOffsetEnd=311 PartOfSpeech=VBP] [Text=seen CharacterOffsetBegin=312 CharacterOffsetEnd=316 PartOfSpeech=VBN] [Text=the CharacterOffsetBegin=317 CharacterOffsetEnd=320 PartOfSpeech=DT] [Text=storyline CharacterOffsetBegin=321 CharacterOffsetEnd=330 PartOfSpeech=NN] [Text=from CharacterOffsetBegin=331 CharacterOffsetEnd=335 PartOfSpeech=IN] [Text=you CharacterOffsetBegin=336 CharacterOffsetEnd=339 PartOfSpeech=PRP] [Text=ten CharacterOffsetBegin=340 CharacterOffsetEnd=343 PartOfSpeech=CD] [Text=times CharacterOffsetBegin=344 CharacterOffsetEnd=349 PartOfSpeech=NNS] [Text=already CharacterOffsetBegin=350 CharacterOffsetEnd=357 PartOfSpeech=RB] [Text=. CharacterOffsetBegin=357 CharacterOffsetEnd=358 PartOfSpeech=.] 
root(ROOT-0, Woody-1)
punct(Woody-1, ,-2)
nsubj(seen-5, I-3)
aux(seen-5, 've-4)
rcmod(Woody-1, seen-5)
det(characters-7, these-6)
dobj(seen-5, characters-7)
advmod(seen-5, already-8)
punct(Woody-1, ,-9)
nsubj(seen-12, I-10)
aux(seen-12, 've-11)
rcmod(Woody-1, seen-12)
det(storyline-14, the-13)
dobj(seen-12, storyline-14)
prep(seen-12, from-15)
pobj(from-15, you-16)
num(times-18, ten-17)
dep(you-16, times-18)
advmod(times-18, already-19)
punct(Woody-1, .-20)

Sentence #5 (6 tokens):
Where did your creativity go???
[Text=Where CharacterOffsetBegin=363 CharacterOffsetEnd=368 PartOfSpeech=WRB] [Text=did CharacterOffsetBegin=369 CharacterOffsetEnd=372 PartOfSpeech=VBD] [Text=your CharacterOffsetBegin=373 CharacterOffsetEnd=377 PartOfSpeech=PRP$] [Text=creativity CharacterOffsetBegin=378 CharacterOffsetEnd=388 PartOfSpeech=NN] [Text=go CharacterOffsetBegin=389 CharacterOffsetEnd=391 PartOfSpeech=VB] [Text=??? CharacterOffsetBegin=391 CharacterOffsetEnd=394 PartOfSpeech=CD] 
root(ROOT-0, go-5)
advmod(go-5, Where-1)
aux(go-5, did-2)
poss(creativity-4, your-3)
nsubj(go-5, creativity-4)
dep(go-5, ???-6)

Sentence #6 (11 tokens):
You need to open your eyes and look around you.
[Text=You CharacterOffsetBegin=399 CharacterOffsetEnd=402 PartOfSpeech=PRP] [Text=need CharacterOffsetBegin=403 CharacterOffsetEnd=407 PartOfSpeech=VBP] [Text=to CharacterOffsetBegin=408 CharacterOffsetEnd=410 PartOfSpeech=TO] [Text=open CharacterOffsetBegin=411 CharacterOffsetEnd=415 PartOfSpeech=VB] [Text=your CharacterOffsetBegin=416 CharacterOffsetEnd=420 PartOfSpeech=PRP$] [Text=eyes CharacterOffsetBegin=421 CharacterOffsetEnd=425 PartOfSpeech=NNS] [Text=and CharacterOffsetBegin=426 CharacterOffsetEnd=429 PartOfSpeech=CC] [Text=look CharacterOffsetBegin=430 CharacterOffsetEnd=434 PartOfSpeech=VB] [Text=around CharacterOffsetBegin=435 CharacterOffsetEnd=441 PartOfSpeech=IN] [Text=you CharacterOffsetBegin=442 CharacterOffsetEnd=445 PartOfSpeech=PRP] [Text=. CharacterOffsetBegin=445 CharacterOffsetEnd=446 PartOfSpeech=.] 
root(ROOT-0, need-2)
nsubj(need-2, You-1)
aux(open-4, to-3)
xcomp(need-2, open-4)
poss(eyes-6, your-5)
dobj(open-4, eyes-6)
cc(open-4, and-7)
conj(open-4, look-8)
prep(look-8, around-9)
pobj(around-9, you-10)
punct(need-2, .-11)

Sentence #7 (97 tokens):
The world has changed dramatically since Annie Hall - and you need to change along with it.There are far more interesting and funny scenarios to which you can apply your brand of angst and neuroticism - why not try them out instead of rehashing the same old slop over and over and over again.When I hear that Woody Allen has a new project coming out, it does nothing for me - because now I've come to expect his old standby: the couple who are growing tired of each other and end up cheating.
[Text=The CharacterOffsetBegin=451 CharacterOffsetEnd=454 PartOfSpeech=DT] [Text=world CharacterOffsetBegin=455 CharacterOffsetEnd=460 PartOfSpeech=NN] [Text=has CharacterOffsetBegin=461 CharacterOffsetEnd=464 PartOfSpeech=VBZ] [Text=changed CharacterOffsetBegin=465 CharacterOffsetEnd=472 PartOfSpeech=VBN] [Text=dramatically CharacterOffsetBegin=473 CharacterOffsetEnd=485 PartOfSpeech=RB] [Text=since CharacterOffsetBegin=486 CharacterOffsetEnd=491 PartOfSpeech=IN] [Text=Annie CharacterOffsetBegin=492 CharacterOffsetEnd=497 PartOfSpeech=NNP] [Text=Hall CharacterOffsetBegin=498 CharacterOffsetEnd=502 PartOfSpeech=NNP] [Text=- CharacterOffsetBegin=503 CharacterOffsetEnd=504 PartOfSpeech=:] [Text=and CharacterOffsetBegin=505 CharacterOffsetEnd=508 PartOfSpeech=CC] [Text=you CharacterOffsetBegin=509 CharacterOffsetEnd=512 PartOfSpeech=PRP] [Text=need CharacterOffsetBegin=513 CharacterOffsetEnd=517 PartOfSpeech=VBP] [Text=to CharacterOffsetBegin=518 CharacterOffsetEnd=520 PartOfSpeech=TO] [Text=change CharacterOffsetBegin=521 CharacterOffsetEnd=527 PartOfSpeech=VB] [Text=along CharacterOffsetBegin=528 CharacterOffsetEnd=533 PartOfSpeech=RP] [Text=with CharacterOffsetBegin=534 CharacterOffsetEnd=538 PartOfSpeech=IN] [Text=it.There CharacterOffsetBegin=539 CharacterOffsetEnd=547 PartOfSpeech=NNP] [Text=are CharacterOffsetBegin=548 CharacterOffsetEnd=551 PartOfSpeech=VBP] [Text=far CharacterOffsetBegin=552 CharacterOffsetEnd=555 PartOfSpeech=RB] [Text=more CharacterOffsetBegin=556 CharacterOffsetEnd=560 PartOfSpeech=RBR] [Text=interesting CharacterOffsetBegin=561 CharacterOffsetEnd=572 PartOfSpeech=JJ] [Text=and CharacterOffsetBegin=573 CharacterOffsetEnd=576 PartOfSpeech=CC] [Text=funny CharacterOffsetBegin=577 CharacterOffsetEnd=582 PartOfSpeech=JJ] [Text=scenarios CharacterOffsetBegin=583 CharacterOffsetEnd=592 PartOfSpeech=NNS] [Text=to CharacterOffsetBegin=593 CharacterOffsetEnd=595 PartOfSpeech=TO] [Text=which CharacterOffsetBegin=596 CharacterOffsetEnd=601 PartOfSpeech=WDT] [Text=you CharacterOffsetBegin=602 CharacterOffsetEnd=605 PartOfSpeech=PRP] [Text=can CharacterOffsetBegin=606 CharacterOffsetEnd=609 PartOfSpeech=MD] [Text=apply CharacterOffsetBegin=610 CharacterOffsetEnd=615 PartOfSpeech=VB] [Text=your CharacterOffsetBegin=616 CharacterOffsetEnd=620 PartOfSpeech=PRP$] [Text=brand CharacterOffsetBegin=621 CharacterOffsetEnd=626 PartOfSpeech=NN] [Text=of CharacterOffsetBegin=627 CharacterOffsetEnd=629 PartOfSpeech=IN] [Text=angst CharacterOffsetBegin=630 CharacterOffsetEnd=635 PartOfSpeech=NN] [Text=and CharacterOffsetBegin=636 CharacterOffsetEnd=639 PartOfSpeech=CC] [Text=neuroticism CharacterOffsetBegin=640 CharacterOffsetEnd=651 PartOfSpeech=NN] [Text=- CharacterOffsetBegin=652 CharacterOffsetEnd=653 PartOfSpeech=:] [Text=why CharacterOffsetBegin=654 CharacterOffsetEnd=657 PartOfSpeech=WRB] [Text=not CharacterOffsetBegin=658 CharacterOffsetEnd=661 PartOfSpeech=RB] [Text=try CharacterOffsetBegin=662 CharacterOffsetEnd=665 PartOfSpeech=VB] [Text=them CharacterOffsetBegin=666 CharacterOffsetEnd=670 PartOfSpeech=PRP] [Text=out CharacterOffsetBegin=671 CharacterOffsetEnd=674 PartOfSpeech=RP] [Text=instead CharacterOffsetBegin=675 CharacterOffsetEnd=682 PartOfSpeech=RB] [Text=of CharacterOffsetBegin=683 CharacterOffsetEnd=685 PartOfSpeech=IN] [Text=rehashing CharacterOffsetBegin=686 CharacterOffsetEnd=695 PartOfSpeech=VBG] [Text=the CharacterOffsetBegin=696 CharacterOffsetEnd=699 PartOfSpeech=DT] [Text=same CharacterOffsetBegin=700 CharacterOffsetEnd=704 PartOfSpeech=JJ] [Text=old CharacterOffsetBegin=705 CharacterOffsetEnd=708 PartOfSpeech=JJ] [Text=slop CharacterOffsetBegin=709 CharacterOffsetEnd=713 PartOfSpeech=NN] [Text=over CharacterOffsetBegin=714 CharacterOffsetEnd=718 PartOfSpeech=IN] [Text=and CharacterOffsetBegin=719 CharacterOffsetEnd=722 PartOfSpeech=CC] [Text=over CharacterOffsetBegin=723 CharacterOffsetEnd=727 PartOfSpeech=IN] [Text=and CharacterOffsetBegin=728 CharacterOffsetEnd=731 PartOfSpeech=CC] [Text=over CharacterOffsetBegin=732 CharacterOffsetEnd=736 PartOfSpeech=IN] [Text=again.When CharacterOffsetBegin=737 CharacterOffsetEnd=747 PartOfSpeech=NN] [Text=I CharacterOffsetBegin=748 CharacterOffsetEnd=749 PartOfSpeech=PRP] [Text=hear CharacterOffsetBegin=750 CharacterOffsetEnd=754 PartOfSpeech=VBP] [Text=that CharacterOffsetBegin=755 CharacterOffsetEnd=759 PartOfSpeech=IN] [Text=Woody CharacterOffsetBegin=760 CharacterOffsetEnd=765 PartOfSpeech=NNP] [Text=Allen CharacterOffsetBegin=766 CharacterOffsetEnd=771 PartOfSpeech=NNP] [Text=has CharacterOffsetBegin=772 CharacterOffsetEnd=775 PartOfSpeech=VBZ] [Text=a CharacterOffsetBegin=776 CharacterOffsetEnd=777 PartOfSpeech=DT] [Text=new CharacterOffsetBegin=778 CharacterOffsetEnd=781 PartOfSpeech=JJ] [Text=project CharacterOffsetBegin=782 CharacterOffsetEnd=789 PartOfSpeech=NN] [Text=coming CharacterOffsetBegin=790 CharacterOffsetEnd=796 PartOfSpeech=VBG] [Text=out CharacterOffsetBegin=797 CharacterOffsetEnd=800 PartOfSpeech=RP] [Text=, CharacterOffsetBegin=800 CharacterOffsetEnd=801 PartOfSpeech=,] [Text=it CharacterOffsetBegin=802 CharacterOffsetEnd=804 PartOfSpeech=PRP] [Text=does CharacterOffsetBegin=805 CharacterOffsetEnd=809 PartOfSpeech=VBZ] [Text=nothing CharacterOffsetBegin=810 CharacterOffsetEnd=817 PartOfSpeech=NN] [Text=for CharacterOffsetBegin=818 CharacterOffsetEnd=821 PartOfSpeech=IN] [Text=me CharacterOffsetBegin=822 CharacterOffsetEnd=824 PartOfSpeech=PRP] [Text=- CharacterOffsetBegin=825 CharacterOffsetEnd=826 PartOfSpeech=:] [Text=because CharacterOffsetBegin=827 CharacterOffsetEnd=834 PartOfSpeech=IN] [Text=now CharacterOffsetBegin=835 CharacterOffsetEnd=838 PartOfSpeech=RB] [Text=I CharacterOffsetBegin=839 CharacterOffsetEnd=840 PartOfSpeech=PRP] [Text='ve CharacterOffsetBegin=840 CharacterOffsetEnd=843 PartOfSpeech=VBP] [Text=come CharacterOffsetBegin=844 CharacterOffsetEnd=848 PartOfSpeech=VBN] [Text=to CharacterOffsetBegin=849 CharacterOffsetEnd=851 PartOfSpeech=TO] [Text=expect CharacterOffsetBegin=852 CharacterOffsetEnd=858 PartOfSpeech=VB] [Text=his CharacterOffsetBegin=859 CharacterOffsetEnd=862 PartOfSpeech=PRP$] [Text=old CharacterOffsetBegin=863 CharacterOffsetEnd=866 PartOfSpeech=JJ] [Text=standby CharacterOffsetBegin=867 CharacterOffsetEnd=874 PartOfSpeech=NN] [Text=: CharacterOffsetBegin=874 CharacterOffsetEnd=875 PartOfSpeech=:] [Text=the CharacterOffsetBegin=876 CharacterOffsetEnd=879 PartOfSpeech=DT] [Text=couple CharacterOffsetBegin=880 CharacterOffsetEnd=886 PartOfSpeech=NN] [Text=who CharacterOffsetBegin=887 CharacterOffsetEnd=890 PartOfSpeech=WP] [Text=are CharacterOffsetBegin=891 CharacterOffsetEnd=894 PartOfSpeech=VBP] [Text=growing CharacterOffsetBegin=895 CharacterOffsetEnd=902 PartOfSpeech=VBG] [Text=tired CharacterOffsetBegin=903 CharacterOffsetEnd=908 PartOfSpeech=JJ] [Text=of CharacterOffsetBegin=909 CharacterOffsetEnd=911 PartOfSpeech=IN] [Text=each CharacterOffsetBegin=912 CharacterOffsetEnd=916 PartOfSpeech=DT] [Text=other CharacterOffsetBegin=917 CharacterOffsetEnd=922 PartOfSpeech=JJ] [Text=and CharacterOffsetBegin=923 CharacterOffsetEnd=926 PartOfSpeech=CC] [Text=end CharacterOffsetBegin=927 CharacterOffsetEnd=930 PartOfSpeech=VB] [Text=up CharacterOffsetBegin=931 CharacterOffsetEnd=933 PartOfSpeech=RP] [Text=cheating CharacterOffsetBegin=934 CharacterOffsetEnd=942 PartOfSpeech=NN] [Text=. CharacterOffsetBegin=942 CharacterOffsetEnd=943 PartOfSpeech=.] 
root(ROOT-0, does-68)
det(world-2, The-1)
nsubj(changed-4, world-2)
aux(changed-4, has-3)
csubj(interesting-21, changed-4)
advmod(changed-4, dramatically-5)
prep(changed-4, since-6)
nn(Hall-8, Annie-7)
pobj(since-6, Hall-8)
punct(changed-4, --9)
cc(changed-4, and-10)
nsubj(need-12, you-11)
conj(changed-4, need-12)
aux(change-14, to-13)
xcomp(need-12, change-14)
prt(change-14, along-15)
prep(change-14, with-16)
pobj(with-16, it.There-17)
cop(interesting-21, are-18)
advmod(more-20, far-19)
advmod(interesting-21, more-20)
ccomp(does-68, interesting-21)
cc(interesting-21, and-22)
amod(scenarios-24, funny-23)
conj(interesting-21, scenarios-24)
prep(apply-29, to-25)
pobj(to-25, which-26)
nsubj(apply-29, you-27)
aux(apply-29, can-28)
xcomp(interesting-21, apply-29)
poss(brand-31, your-30)
dobj(apply-29, brand-31)
prep(brand-31, of-32)
pobj(of-32, angst-33)
cc(angst-33, and-34)
conj(angst-33, neuroticism-35)
punct(brand-31, --36)
advmod(try-39, why-37)
neg(try-39, not-38)
advcl(apply-29, try-39)
dobj(try-39, them-40)
prt(try-39, out-41)
advmod(of-43, instead-42)
prep(try-39, of-43)
pcomp(of-43, rehashing-44)
det(slop-48, the-45)
amod(slop-48, same-46)
amod(slop-48, old-47)
dobj(rehashing-44, slop-48)
prep(rehashing-44, over-49)
cc(over-49, and-50)
conj(over-49, over-51)
cc(over-49, and-52)
conj(over-49, over-53)
pobj(over-53, again.When-54)
pobj(over-49, I-55)
conj(interesting-21, hear-56)
mark(has-60, that-57)
nn(Allen-59, Woody-58)
nsubj(has-60, Allen-59)
ccomp(hear-56, has-60)
det(project-63, a-61)
amod(project-63, new-62)
dobj(has-60, project-63)
partmod(project-63, coming-64)
prt(coming-64, out-65)
punct(does-68, ,-66)
nsubj(does-68, it-67)
dep(does-68, nothing-69)
prep(nothing-69, for-70)
pobj(for-70, me-71)
punct(nothing-69, --72)
mark(come-77, because-73)
advmod(come-77, now-74)
nsubj(come-77, I-75)
aux(come-77, 've-76)
advcl(does-68, come-77)
aux(expect-79, to-78)
xcomp(come-77, expect-79)
poss(standby-82, his-80)
amod(standby-82, old-81)
dobj(expect-79, standby-82)
punct(standby-82, :-83)
det(couple-85, the-84)
dep(standby-82, couple-85)
nsubj(growing-88, who-86)
aux(growing-88, are-87)
rcmod(couple-85, growing-88)
acomp(growing-88, tired-89)
prep(tired-89, of-90)
det(other-92, each-91)
pobj(of-90, other-92)
cc(couple-85, and-93)
conj(couple-85, end-94)
prt(end-94, up-95)
dobj(end-94, cheating-96)
punct(does-68, .-97)

Sentence #8 (35 tokens):
Depressing and same old, same old.If Woody wants to win his fans back, then he has to understand that our sense of humor and intelligence has to be stimulated - not insulted.
[Text=Depressing CharacterOffsetBegin=948 CharacterOffsetEnd=958 PartOfSpeech=JJ] [Text=and CharacterOffsetBegin=959 CharacterOffsetEnd=962 PartOfSpeech=CC] [Text=same CharacterOffsetBegin=963 CharacterOffsetEnd=967 PartOfSpeech=JJ] [Text=old CharacterOffsetBegin=968 CharacterOffsetEnd=971 PartOfSpeech=JJ] [Text=, CharacterOffsetBegin=971 CharacterOffsetEnd=972 PartOfSpeech=,] [Text=same CharacterOffsetBegin=973 CharacterOffsetEnd=977 PartOfSpeech=JJ] [Text=old.If CharacterOffsetBegin=978 CharacterOffsetEnd=984 PartOfSpeech=NNP] [Text=Woody CharacterOffsetBegin=985 CharacterOffsetEnd=990 PartOfSpeech=NNP] [Text=wants CharacterOffsetBegin=991 CharacterOffsetEnd=996 PartOfSpeech=VBZ] [Text=to CharacterOffsetBegin=997 CharacterOffsetEnd=999 PartOfSpeech=TO] [Text=win CharacterOffsetBegin=1000 CharacterOffsetEnd=1003 PartOfSpeech=VB] [Text=his CharacterOffsetBegin=1004 CharacterOffsetEnd=1007 PartOfSpeech=PRP$] [Text=fans CharacterOffsetBegin=1008 CharacterOffsetEnd=1012 PartOfSpeech=NNS] [Text=back CharacterOffsetBegin=1013 CharacterOffsetEnd=1017 PartOfSpeech=RB] [Text=, CharacterOffsetBegin=1017 CharacterOffsetEnd=1018 PartOfSpeech=,] [Text=then CharacterOffsetBegin=1019 CharacterOffsetEnd=1023 PartOfSpeech=RB] [Text=he CharacterOffsetBegin=1024 CharacterOffsetEnd=1026 PartOfSpeech=PRP] [Text=has CharacterOffsetBegin=1027 CharacterOffsetEnd=1030 PartOfSpeech=VBZ] [Text=to CharacterOffsetBegin=1031 CharacterOffsetEnd=1033 PartOfSpeech=TO] [Text=understand CharacterOffsetBegin=1034 CharacterOffsetEnd=1044 PartOfSpeech=VB] [Text=that CharacterOffsetBegin=1045 CharacterOffsetEnd=1049 PartOfSpeech=IN] [Text=our CharacterOffsetBegin=1050 CharacterOffsetEnd=1053 PartOfSpeech=PRP$] [Text=sense CharacterOffsetBegin=1054 CharacterOffsetEnd=1059 PartOfSpeech=NN] [Text=of CharacterOffsetBegin=1060 CharacterOffsetEnd=1062 PartOfSpeech=IN] [Text=humor CharacterOffsetBegin=1063 CharacterOffsetEnd=1068 PartOfSpeech=NN] [Text=and CharacterOffsetBegin=1069 CharacterOffsetEnd=1072 PartOfSpeech=CC] [Text=intelligence CharacterOffsetBegin=1073 CharacterOffsetEnd=1085 PartOfSpeech=NN] [Text=has CharacterOffsetBegin=1086 CharacterOffsetEnd=1089 PartOfSpeech=VBZ] [Text=to CharacterOffsetBegin=1090 CharacterOffsetEnd=1092 PartOfSpeech=TO] [Text=be CharacterOffsetBegin=1093 CharacterOffsetEnd=1095 PartOfSpeech=VB] [Text=stimulated CharacterOffsetBegin=1096 CharacterOffsetEnd=1106 PartOfSpeech=VBN] [Text=- CharacterOffsetBegin=1107 CharacterOffsetEnd=1108 PartOfSpeech=:] [Text=not CharacterOffsetBegin=1109 CharacterOffsetEnd=1112 PartOfSpeech=RB] [Text=insulted CharacterOffsetBegin=1113 CharacterOffsetEnd=1121 PartOfSpeech=VBN] [Text=. CharacterOffsetBegin=1121 CharacterOffsetEnd=1122 PartOfSpeech=.] 
root(ROOT-0, wants-9)
amod(old-4, Depressing-1)
cc(Depressing-1, and-2)
conj(Depressing-1, same-3)
ccomp(wants-9, old-4)
punct(wants-9, ,-5)
amod(Woody-8, same-6)
nn(Woody-8, old.If-7)
nsubj(wants-9, Woody-8)
aux(win-11, to-10)
xcomp(wants-9, win-11)
poss(fans-13, his-12)
dobj(win-11, fans-13)
advmod(win-11, back-14)
punct(wants-9, ,-15)
advmod(wants-9, then-16)
nsubj(has-18, he-17)
ccomp(wants-9, has-18)
aux(understand-20, to-19)
xcomp(has-18, understand-20)
mark(has-28, that-21)
poss(sense-23, our-22)
nsubj(has-28, sense-23)
prep(sense-23, of-24)
pobj(of-24, humor-25)
cc(humor-25, and-26)
conj(humor-25, intelligence-27)
ccomp(understand-20, has-28)
aux(stimulated-31, to-29)
auxpass(stimulated-31, be-30)
xcomp(has-28, stimulated-31)
punct(stimulated-31, --32)
neg(insulted-34, not-33)
dep(stimulated-31, insulted-34)
punct(wants-9, .-35)

