Sentence #1 (13 tokens):
I just got back from the film and I'm completely appalled.
[Text=I CharacterOffsetBegin=4 CharacterOffsetEnd=5 PartOfSpeech=PRP] [Text=just CharacterOffsetBegin=6 CharacterOffsetEnd=10 PartOfSpeech=RB] [Text=got CharacterOffsetBegin=11 CharacterOffsetEnd=14 PartOfSpeech=VBD] [Text=back CharacterOffsetBegin=15 CharacterOffsetEnd=19 PartOfSpeech=RB] [Text=from CharacterOffsetBegin=20 CharacterOffsetEnd=24 PartOfSpeech=IN] [Text=the CharacterOffsetBegin=25 CharacterOffsetEnd=28 PartOfSpeech=DT] [Text=film CharacterOffsetBegin=29 CharacterOffsetEnd=33 PartOfSpeech=NN] [Text=and CharacterOffsetBegin=34 CharacterOffsetEnd=37 PartOfSpeech=CC] [Text=I CharacterOffsetBegin=38 CharacterOffsetEnd=39 PartOfSpeech=PRP] [Text='m CharacterOffsetBegin=39 CharacterOffsetEnd=41 PartOfSpeech=VBP] [Text=completely CharacterOffsetBegin=42 CharacterOffsetEnd=52 PartOfSpeech=RB] [Text=appalled CharacterOffsetBegin=53 CharacterOffsetEnd=61 PartOfSpeech=VBN] [Text=. CharacterOffsetBegin=61 CharacterOffsetEnd=62 PartOfSpeech=.] 
root(ROOT-0, got-3)
nsubj(got-3, I-1)
advmod(got-3, just-2)
advmod(got-3, back-4)
prep(got-3, from-5)
det(film-7, the-6)
pobj(from-5, film-7)
cc(got-3, and-8)
nsubj(appalled-12, I-9)
cop(appalled-12, 'm-10)
advmod(appalled-12, completely-11)
conj(got-3, appalled-12)
punct(got-3, .-13)

Sentence #2 (11 tokens):
This movie is an absolute mockery to all of mankind.
[Text=This CharacterOffsetBegin=67 CharacterOffsetEnd=71 PartOfSpeech=DT] [Text=movie CharacterOffsetBegin=72 CharacterOffsetEnd=77 PartOfSpeech=NN] [Text=is CharacterOffsetBegin=78 CharacterOffsetEnd=80 PartOfSpeech=VBZ] [Text=an CharacterOffsetBegin=81 CharacterOffsetEnd=83 PartOfSpeech=DT] [Text=absolute CharacterOffsetBegin=84 CharacterOffsetEnd=92 PartOfSpeech=JJ] [Text=mockery CharacterOffsetBegin=93 CharacterOffsetEnd=100 PartOfSpeech=NN] [Text=to CharacterOffsetBegin=101 CharacterOffsetEnd=103 PartOfSpeech=TO] [Text=all CharacterOffsetBegin=104 CharacterOffsetEnd=107 PartOfSpeech=DT] [Text=of CharacterOffsetBegin=108 CharacterOffsetEnd=110 PartOfSpeech=IN] [Text=mankind CharacterOffsetBegin=111 CharacterOffsetEnd=118 PartOfSpeech=NN] [Text=. CharacterOffsetBegin=118 CharacterOffsetEnd=119 PartOfSpeech=.] 
root(ROOT-0, mockery-6)
det(movie-2, This-1)
nsubj(mockery-6, movie-2)
cop(mockery-6, is-3)
det(mockery-6, an-4)
amod(mockery-6, absolute-5)
prep(mockery-6, to-7)
pobj(to-7, all-8)
prep(all-8, of-9)
pobj(of-9, mankind-10)
punct(mockery-6, .-11)

Sentence #3 (11 tokens):
The theatre I was in maybe had 4 other people.
[Text=The CharacterOffsetBegin=124 CharacterOffsetEnd=127 PartOfSpeech=DT] [Text=theatre CharacterOffsetBegin=128 CharacterOffsetEnd=135 PartOfSpeech=NN] [Text=I CharacterOffsetBegin=136 CharacterOffsetEnd=137 PartOfSpeech=PRP] [Text=was CharacterOffsetBegin=138 CharacterOffsetEnd=141 PartOfSpeech=VBD] [Text=in CharacterOffsetBegin=142 CharacterOffsetEnd=144 PartOfSpeech=IN] [Text=maybe CharacterOffsetBegin=145 CharacterOffsetEnd=150 PartOfSpeech=RB] [Text=had CharacterOffsetBegin=151 CharacterOffsetEnd=154 PartOfSpeech=VBD] [Text=4 CharacterOffsetBegin=155 CharacterOffsetEnd=156 PartOfSpeech=CD] [Text=other CharacterOffsetBegin=157 CharacterOffsetEnd=162 PartOfSpeech=JJ] [Text=people CharacterOffsetBegin=163 CharacterOffsetEnd=169 PartOfSpeech=NNS] [Text=. CharacterOffsetBegin=169 CharacterOffsetEnd=170 PartOfSpeech=.] 
root(ROOT-0, theatre-2)
det(theatre-2, The-1)
nsubj(was-4, I-3)
rcmod(theatre-2, was-4)
prep(was-4, in-5)
advmod(had-7, maybe-6)
pcomp(in-5, had-7)
num(people-10, 4-8)
amod(people-10, other-9)
dobj(had-7, people-10)
punct(theatre-2, .-11)

Sentence #4 (17 tokens):
This movie was recommended to me and I couldn't believe that this person liked it.
[Text=This CharacterOffsetBegin=175 CharacterOffsetEnd=179 PartOfSpeech=DT] [Text=movie CharacterOffsetBegin=180 CharacterOffsetEnd=185 PartOfSpeech=NN] [Text=was CharacterOffsetBegin=186 CharacterOffsetEnd=189 PartOfSpeech=VBD] [Text=recommended CharacterOffsetBegin=190 CharacterOffsetEnd=201 PartOfSpeech=VBN] [Text=to CharacterOffsetBegin=202 CharacterOffsetEnd=204 PartOfSpeech=TO] [Text=me CharacterOffsetBegin=205 CharacterOffsetEnd=207 PartOfSpeech=PRP] [Text=and CharacterOffsetBegin=208 CharacterOffsetEnd=211 PartOfSpeech=CC] [Text=I CharacterOffsetBegin=212 CharacterOffsetEnd=213 PartOfSpeech=PRP] [Text=could CharacterOffsetBegin=214 CharacterOffsetEnd=219 PartOfSpeech=MD] [Text=n't CharacterOffsetBegin=219 CharacterOffsetEnd=222 PartOfSpeech=RB] [Text=believe CharacterOffsetBegin=223 CharacterOffsetEnd=230 PartOfSpeech=VB] [Text=that CharacterOffsetBegin=231 CharacterOffsetEnd=235 PartOfSpeech=IN] [Text=this CharacterOffsetBegin=236 CharacterOffsetEnd=240 PartOfSpeech=DT] [Text=person CharacterOffsetBegin=241 CharacterOffsetEnd=247 PartOfSpeech=NN] [Text=liked CharacterOffsetBegin=248 CharacterOffsetEnd=253 PartOfSpeech=VBD] [Text=it CharacterOffsetBegin=254 CharacterOffsetEnd=256 PartOfSpeech=PRP] [Text=. CharacterOffsetBegin=256 CharacterOffsetEnd=257 PartOfSpeech=.] 
root(ROOT-0, recommended-4)
det(movie-2, This-1)
nsubjpass(recommended-4, movie-2)
auxpass(recommended-4, was-3)
prep(recommended-4, to-5)
pobj(to-5, me-6)
cc(recommended-4, and-7)
nsubj(believe-11, I-8)
aux(believe-11, could-9)
neg(believe-11, n't-10)
conj(recommended-4, believe-11)
mark(liked-15, that-12)
det(person-14, this-13)
nsubj(liked-15, person-14)
ccomp(believe-11, liked-15)
dobj(liked-15, it-16)
punct(recommended-4, .-17)

Sentence #5 (12 tokens):
I can't believe that any sane human would like it.
[Text=I CharacterOffsetBegin=262 CharacterOffsetEnd=263 PartOfSpeech=PRP] [Text=ca CharacterOffsetBegin=264 CharacterOffsetEnd=266 PartOfSpeech=MD] [Text=n't CharacterOffsetBegin=266 CharacterOffsetEnd=269 PartOfSpeech=RB] [Text=believe CharacterOffsetBegin=270 CharacterOffsetEnd=277 PartOfSpeech=VB] [Text=that CharacterOffsetBegin=278 CharacterOffsetEnd=282 PartOfSpeech=IN] [Text=any CharacterOffsetBegin=283 CharacterOffsetEnd=286 PartOfSpeech=DT] [Text=sane CharacterOffsetBegin=287 CharacterOffsetEnd=291 PartOfSpeech=JJ] [Text=human CharacterOffsetBegin=292 CharacterOffsetEnd=297 PartOfSpeech=JJ] [Text=would CharacterOffsetBegin=298 CharacterOffsetEnd=303 PartOfSpeech=MD] [Text=like CharacterOffsetBegin=304 CharacterOffsetEnd=308 PartOfSpeech=VB] [Text=it CharacterOffsetBegin=309 CharacterOffsetEnd=311 PartOfSpeech=PRP] [Text=. CharacterOffsetBegin=311 CharacterOffsetEnd=312 PartOfSpeech=.] 
root(ROOT-0, believe-4)
nsubj(believe-4, I-1)
aux(believe-4, ca-2)
neg(believe-4, n't-3)
mark(like-10, that-5)
det(human-8, any-6)
amod(human-8, sane-7)
nsubj(like-10, human-8)
aux(like-10, would-9)
ccomp(believe-4, like-10)
dobj(like-10, it-11)
punct(believe-4, .-12)

Sentence #6 (9 tokens):
There was no plot NO PLOT AT ALL.
[Text=There CharacterOffsetBegin=317 CharacterOffsetEnd=322 PartOfSpeech=EX] [Text=was CharacterOffsetBegin=323 CharacterOffsetEnd=326 PartOfSpeech=VBD] [Text=no CharacterOffsetBegin=327 CharacterOffsetEnd=329 PartOfSpeech=DT] [Text=plot CharacterOffsetBegin=330 CharacterOffsetEnd=334 PartOfSpeech=NN] [Text=NO CharacterOffsetBegin=335 CharacterOffsetEnd=337 PartOfSpeech=NN] [Text=PLOT CharacterOffsetBegin=338 CharacterOffsetEnd=342 PartOfSpeech=NN] [Text=AT CharacterOffsetBegin=343 CharacterOffsetEnd=345 PartOfSpeech=IN] [Text=ALL CharacterOffsetBegin=346 CharacterOffsetEnd=349 PartOfSpeech=NN] [Text=. CharacterOffsetBegin=349 CharacterOffsetEnd=350 PartOfSpeech=.] 
root(ROOT-0, was-2)
expl(was-2, There-1)
det(ALL-8, no-3)
nn(ALL-8, plot-4)
nn(ALL-8, NO-5)
nn(ALL-8, PLOT-6)
amod(ALL-8, AT-7)
nsubj(was-2, ALL-8)
punct(was-2, .-9)

Sentence #7 (5 tokens):
It was a joke.
[Text=It CharacterOffsetBegin=355 CharacterOffsetEnd=357 PartOfSpeech=PRP] [Text=was CharacterOffsetBegin=358 CharacterOffsetEnd=361 PartOfSpeech=VBD] [Text=a CharacterOffsetBegin=362 CharacterOffsetEnd=363 PartOfSpeech=DT] [Text=joke CharacterOffsetBegin=364 CharacterOffsetEnd=368 PartOfSpeech=NN] [Text=. CharacterOffsetBegin=368 CharacterOffsetEnd=369 PartOfSpeech=.] 
root(ROOT-0, joke-4)
nsubj(joke-4, It-1)
cop(joke-4, was-2)
det(joke-4, a-3)
punct(joke-4, .-5)

Sentence #8 (9 tokens):
How can you make a movie about nothing.
[Text=How CharacterOffsetBegin=374 CharacterOffsetEnd=377 PartOfSpeech=WRB] [Text=can CharacterOffsetBegin=378 CharacterOffsetEnd=381 PartOfSpeech=MD] [Text=you CharacterOffsetBegin=382 CharacterOffsetEnd=385 PartOfSpeech=PRP] [Text=make CharacterOffsetBegin=386 CharacterOffsetEnd=390 PartOfSpeech=VB] [Text=a CharacterOffsetBegin=391 CharacterOffsetEnd=392 PartOfSpeech=DT] [Text=movie CharacterOffsetBegin=393 CharacterOffsetEnd=398 PartOfSpeech=NN] [Text=about CharacterOffsetBegin=399 CharacterOffsetEnd=404 PartOfSpeech=IN] [Text=nothing CharacterOffsetBegin=405 CharacterOffsetEnd=412 PartOfSpeech=NN] [Text=. CharacterOffsetBegin=412 CharacterOffsetEnd=413 PartOfSpeech=.] 
root(ROOT-0, make-4)
advmod(make-4, How-1)
aux(make-4, can-2)
nsubj(make-4, you-3)
det(movie-6, a-5)
dobj(make-4, movie-6)
prep(movie-6, about-7)
pobj(about-7, nothing-8)
punct(make-4, .-9)

Sentence #9 (14 tokens):
This movie only goes to show why Hollywood is in such a shambles.
[Text=This CharacterOffsetBegin=418 CharacterOffsetEnd=422 PartOfSpeech=DT] [Text=movie CharacterOffsetBegin=423 CharacterOffsetEnd=428 PartOfSpeech=NN] [Text=only CharacterOffsetBegin=429 CharacterOffsetEnd=433 PartOfSpeech=RB] [Text=goes CharacterOffsetBegin=434 CharacterOffsetEnd=438 PartOfSpeech=VBZ] [Text=to CharacterOffsetBegin=439 CharacterOffsetEnd=441 PartOfSpeech=TO] [Text=show CharacterOffsetBegin=442 CharacterOffsetEnd=446 PartOfSpeech=VB] [Text=why CharacterOffsetBegin=447 CharacterOffsetEnd=450 PartOfSpeech=WRB] [Text=Hollywood CharacterOffsetBegin=451 CharacterOffsetEnd=460 PartOfSpeech=NNP] [Text=is CharacterOffsetBegin=461 CharacterOffsetEnd=463 PartOfSpeech=VBZ] [Text=in CharacterOffsetBegin=464 CharacterOffsetEnd=466 PartOfSpeech=IN] [Text=such CharacterOffsetBegin=467 CharacterOffsetEnd=471 PartOfSpeech=JJ] [Text=a CharacterOffsetBegin=472 CharacterOffsetEnd=473 PartOfSpeech=DT] [Text=shambles CharacterOffsetBegin=474 CharacterOffsetEnd=482 PartOfSpeech=NN] [Text=. CharacterOffsetBegin=482 CharacterOffsetEnd=483 PartOfSpeech=.] 
root(ROOT-0, goes-4)
det(movie-2, This-1)
nsubj(goes-4, movie-2)
advmod(goes-4, only-3)
aux(show-6, to-5)
xcomp(goes-4, show-6)
advmod(is-9, why-7)
nsubj(is-9, Hollywood-8)
advcl(show-6, is-9)
prep(is-9, in-10)
predet(shambles-13, such-11)
det(shambles-13, a-12)
pobj(in-10, shambles-13)
punct(goes-4, .-14)

Sentence #10 (18 tokens):
I can only just look at the spiral of the "Horror Movie" industry and giggle.
[Text=I CharacterOffsetBegin=488 CharacterOffsetEnd=489 PartOfSpeech=PRP] [Text=can CharacterOffsetBegin=490 CharacterOffsetEnd=493 PartOfSpeech=MD] [Text=only CharacterOffsetBegin=494 CharacterOffsetEnd=498 PartOfSpeech=RB] [Text=just CharacterOffsetBegin=499 CharacterOffsetEnd=503 PartOfSpeech=RB] [Text=look CharacterOffsetBegin=504 CharacterOffsetEnd=508 PartOfSpeech=VB] [Text=at CharacterOffsetBegin=509 CharacterOffsetEnd=511 PartOfSpeech=IN] [Text=the CharacterOffsetBegin=512 CharacterOffsetEnd=515 PartOfSpeech=DT] [Text=spiral CharacterOffsetBegin=516 CharacterOffsetEnd=522 PartOfSpeech=NN] [Text=of CharacterOffsetBegin=523 CharacterOffsetEnd=525 PartOfSpeech=IN] [Text=the CharacterOffsetBegin=526 CharacterOffsetEnd=529 PartOfSpeech=DT] [Text=`` CharacterOffsetBegin=530 CharacterOffsetEnd=531 PartOfSpeech=``] [Text=Horror CharacterOffsetBegin=531 CharacterOffsetEnd=537 PartOfSpeech=NNP] [Text=Movie CharacterOffsetBegin=538 CharacterOffsetEnd=543 PartOfSpeech=NNP] [Text='' CharacterOffsetBegin=543 CharacterOffsetEnd=544 PartOfSpeech=''] [Text=industry CharacterOffsetBegin=545 CharacterOffsetEnd=553 PartOfSpeech=NN] [Text=and CharacterOffsetBegin=554 CharacterOffsetEnd=557 PartOfSpeech=CC] [Text=giggle CharacterOffsetBegin=558 CharacterOffsetEnd=564 PartOfSpeech=NN] [Text=. CharacterOffsetBegin=564 CharacterOffsetEnd=565 PartOfSpeech=.] 
root(ROOT-0, look-5)
nsubj(look-5, I-1)
aux(look-5, can-2)
advmod(look-5, only-3)
advmod(look-5, just-4)
prep(look-5, at-6)
det(spiral-8, the-7)
pobj(at-6, spiral-8)
prep(spiral-8, of-9)
det(industry-15, the-10)
punct(industry-15, ``-11)
nn(industry-15, Horror-12)
nn(industry-15, Movie-13)
punct(industry-15, ''-14)
pobj(of-9, industry-15)
cc(industry-15, and-16)
conj(industry-15, giggle-17)
punct(look-5, .-18)

Sentence #11 (28 tokens):
What a travesty to all filmaking, this is true of all the new "teen horror flicks" Grudge,Boogeyman,Ring,Saw series.
[Text=What CharacterOffsetBegin=570 CharacterOffsetEnd=574 PartOfSpeech=WP] [Text=a CharacterOffsetBegin=575 CharacterOffsetEnd=576 PartOfSpeech=DT] [Text=travesty CharacterOffsetBegin=577 CharacterOffsetEnd=585 PartOfSpeech=NN] [Text=to CharacterOffsetBegin=586 CharacterOffsetEnd=588 PartOfSpeech=TO] [Text=all CharacterOffsetBegin=589 CharacterOffsetEnd=592 PartOfSpeech=DT] [Text=filmaking CharacterOffsetBegin=593 CharacterOffsetEnd=602 PartOfSpeech=NN] [Text=, CharacterOffsetBegin=602 CharacterOffsetEnd=603 PartOfSpeech=,] [Text=this CharacterOffsetBegin=604 CharacterOffsetEnd=608 PartOfSpeech=DT] [Text=is CharacterOffsetBegin=609 CharacterOffsetEnd=611 PartOfSpeech=VBZ] [Text=true CharacterOffsetBegin=612 CharacterOffsetEnd=616 PartOfSpeech=JJ] [Text=of CharacterOffsetBegin=617 CharacterOffsetEnd=619 PartOfSpeech=IN] [Text=all CharacterOffsetBegin=620 CharacterOffsetEnd=623 PartOfSpeech=PDT] [Text=the CharacterOffsetBegin=624 CharacterOffsetEnd=627 PartOfSpeech=DT] [Text=new CharacterOffsetBegin=628 CharacterOffsetEnd=631 PartOfSpeech=JJ] [Text=`` CharacterOffsetBegin=632 CharacterOffsetEnd=633 PartOfSpeech=``] [Text=teen CharacterOffsetBegin=633 CharacterOffsetEnd=637 PartOfSpeech=JJ] [Text=horror CharacterOffsetBegin=638 CharacterOffsetEnd=644 PartOfSpeech=NN] [Text=flicks CharacterOffsetBegin=645 CharacterOffsetEnd=651 PartOfSpeech=NNS] [Text='' CharacterOffsetBegin=651 CharacterOffsetEnd=652 PartOfSpeech=''] [Text=Grudge CharacterOffsetBegin=653 CharacterOffsetEnd=659 PartOfSpeech=NNP] [Text=, CharacterOffsetBegin=659 CharacterOffsetEnd=660 PartOfSpeech=,] [Text=Boogeyman CharacterOffsetBegin=660 CharacterOffsetEnd=669 PartOfSpeech=NNP] [Text=, CharacterOffsetBegin=669 CharacterOffsetEnd=670 PartOfSpeech=,] [Text=Ring CharacterOffsetBegin=670 CharacterOffsetEnd=674 PartOfSpeech=NNP] [Text=, CharacterOffsetBegin=674 CharacterOffsetEnd=675 PartOfSpeech=,] [Text=Saw CharacterOffsetBegin=675 CharacterOffsetEnd=678 PartOfSpeech=VBD] [Text=series CharacterOffsetBegin=679 CharacterOffsetEnd=685 PartOfSpeech=NN] [Text=. CharacterOffsetBegin=685 CharacterOffsetEnd=686 PartOfSpeech=.] 
root(ROOT-0, What-1)
det(travesty-3, a-2)
dep(What-1, travesty-3)
prep(travesty-3, to-4)
det(filmaking-6, all-5)
pobj(to-4, filmaking-6)
punct(travesty-3, ,-7)
nsubj(true-10, this-8)
cop(true-10, is-9)
rcmod(travesty-3, true-10)
prep(true-10, of-11)
pobj(of-11, all-12)
dep(all-12, the-13)
dep(the-13, new-14)
punct(new-14, ``-15)
dep(``-15, teen-16)
nn(flicks-18, horror-17)
dobj(teen-16, flicks-18)
punct(flicks-18, ''-19)
dep(flicks-18, Grudge-20)
punct(Grudge-20, ,-21)
conj(Grudge-20, Boogeyman-22)
punct(Grudge-20, ,-23)
conj(Grudge-20, Ring-24)
punct(Grudge-20, ,-25)
nn(series-27, Saw-26)
appos(Grudge-20, series-27)
punct(teen-16, .-28)

Sentence #12 (6 tokens):
It is all such trash.
[Text=It CharacterOffsetBegin=691 CharacterOffsetEnd=693 PartOfSpeech=PRP] [Text=is CharacterOffsetBegin=694 CharacterOffsetEnd=696 PartOfSpeech=VBZ] [Text=all CharacterOffsetBegin=697 CharacterOffsetEnd=700 PartOfSpeech=DT] [Text=such CharacterOffsetBegin=701 CharacterOffsetEnd=705 PartOfSpeech=JJ] [Text=trash CharacterOffsetBegin=706 CharacterOffsetEnd=711 PartOfSpeech=NN] [Text=. CharacterOffsetBegin=711 CharacterOffsetEnd=712 PartOfSpeech=.] 
root(ROOT-0, trash-5)
nsubj(trash-5, It-1)
cop(trash-5, is-2)
det(trash-5, all-3)
amod(trash-5, such-4)
punct(trash-5, .-6)

Sentence #13 (8 tokens):
Don't support this kind of hogwash!
[Text=Do CharacterOffsetBegin=717 CharacterOffsetEnd=719 PartOfSpeech=VBP] [Text=n't CharacterOffsetBegin=719 CharacterOffsetEnd=722 PartOfSpeech=RB] [Text=support CharacterOffsetBegin=723 CharacterOffsetEnd=730 PartOfSpeech=VB] [Text=this CharacterOffsetBegin=731 CharacterOffsetEnd=735 PartOfSpeech=DT] [Text=kind CharacterOffsetBegin=736 CharacterOffsetEnd=740 PartOfSpeech=NN] [Text=of CharacterOffsetBegin=741 CharacterOffsetEnd=743 PartOfSpeech=IN] [Text=hogwash CharacterOffsetBegin=744 CharacterOffsetEnd=751 PartOfSpeech=NN] [Text=! CharacterOffsetBegin=751 CharacterOffsetEnd=752 PartOfSpeech=.] 
root(ROOT-0, support-3)
aux(support-3, Do-1)
neg(support-3, n't-2)
det(kind-5, this-4)
dobj(support-3, kind-5)
prep(kind-5, of-6)
pobj(of-6, hogwash-7)
punct(support-3, !-8)

