Sentence #1 (39 tokens):
With no affinity towards any type of filmmaking, and a healthy appreciation of documentaries, I can honestly say I was angry at myself for bothering to sit through the entire length of "20 Dates".
[Text=With CharacterOffsetBegin=4 CharacterOffsetEnd=8 PartOfSpeech=IN] [Text=no CharacterOffsetBegin=9 CharacterOffsetEnd=11 PartOfSpeech=DT] [Text=affinity CharacterOffsetBegin=12 CharacterOffsetEnd=20 PartOfSpeech=NN] [Text=towards CharacterOffsetBegin=21 CharacterOffsetEnd=28 PartOfSpeech=IN] [Text=any CharacterOffsetBegin=29 CharacterOffsetEnd=32 PartOfSpeech=DT] [Text=type CharacterOffsetBegin=33 CharacterOffsetEnd=37 PartOfSpeech=NN] [Text=of CharacterOffsetBegin=38 CharacterOffsetEnd=40 PartOfSpeech=IN] [Text=filmmaking CharacterOffsetBegin=41 CharacterOffsetEnd=51 PartOfSpeech=NN] [Text=, CharacterOffsetBegin=51 CharacterOffsetEnd=52 PartOfSpeech=,] [Text=and CharacterOffsetBegin=53 CharacterOffsetEnd=56 PartOfSpeech=CC] [Text=a CharacterOffsetBegin=57 CharacterOffsetEnd=58 PartOfSpeech=DT] [Text=healthy CharacterOffsetBegin=59 CharacterOffsetEnd=66 PartOfSpeech=JJ] [Text=appreciation CharacterOffsetBegin=67 CharacterOffsetEnd=79 PartOfSpeech=NN] [Text=of CharacterOffsetBegin=80 CharacterOffsetEnd=82 PartOfSpeech=IN] [Text=documentaries CharacterOffsetBegin=83 CharacterOffsetEnd=96 PartOfSpeech=NNS] [Text=, CharacterOffsetBegin=96 CharacterOffsetEnd=97 PartOfSpeech=,] [Text=I CharacterOffsetBegin=98 CharacterOffsetEnd=99 PartOfSpeech=PRP] [Text=can CharacterOffsetBegin=100 CharacterOffsetEnd=103 PartOfSpeech=MD] [Text=honestly CharacterOffsetBegin=104 CharacterOffsetEnd=112 PartOfSpeech=RB] [Text=say CharacterOffsetBegin=113 CharacterOffsetEnd=116 PartOfSpeech=VB] [Text=I CharacterOffsetBegin=117 CharacterOffsetEnd=118 PartOfSpeech=PRP] [Text=was CharacterOffsetBegin=119 CharacterOffsetEnd=122 PartOfSpeech=VBD] [Text=angry CharacterOffsetBegin=123 CharacterOffsetEnd=128 PartOfSpeech=JJ] [Text=at CharacterOffsetBegin=129 CharacterOffsetEnd=131 PartOfSpeech=IN] [Text=myself CharacterOffsetBegin=132 CharacterOffsetEnd=138 PartOfSpeech=PRP] [Text=for CharacterOffsetBegin=139 CharacterOffsetEnd=142 PartOfSpeech=IN] [Text=bothering CharacterOffsetBegin=143 CharacterOffsetEnd=152 PartOfSpeech=VBG] [Text=to CharacterOffsetBegin=153 CharacterOffsetEnd=155 PartOfSpeech=TO] [Text=sit CharacterOffsetBegin=156 CharacterOffsetEnd=159 PartOfSpeech=VB] [Text=through CharacterOffsetBegin=160 CharacterOffsetEnd=167 PartOfSpeech=IN] [Text=the CharacterOffsetBegin=168 CharacterOffsetEnd=171 PartOfSpeech=DT] [Text=entire CharacterOffsetBegin=172 CharacterOffsetEnd=178 PartOfSpeech=JJ] [Text=length CharacterOffsetBegin=179 CharacterOffsetEnd=185 PartOfSpeech=NN] [Text=of CharacterOffsetBegin=186 CharacterOffsetEnd=188 PartOfSpeech=IN] [Text=`` CharacterOffsetBegin=189 CharacterOffsetEnd=190 PartOfSpeech=``] [Text=20 CharacterOffsetBegin=190 CharacterOffsetEnd=192 PartOfSpeech=CD] [Text=Dates CharacterOffsetBegin=193 CharacterOffsetEnd=198 PartOfSpeech=NNS] [Text='' CharacterOffsetBegin=198 CharacterOffsetEnd=199 PartOfSpeech=''] [Text=. CharacterOffsetBegin=199 CharacterOffsetEnd=200 PartOfSpeech=.] 
root(ROOT-0, say-20)
dep(say-20, With-1)
det(affinity-3, no-2)
pobj(With-1, affinity-3)
prep(affinity-3, towards-4)
det(type-6, any-5)
pobj(towards-4, type-6)
prep(type-6, of-7)
pobj(of-7, filmmaking-8)
punct(With-1, ,-9)
cc(With-1, and-10)
det(appreciation-13, a-11)
amod(appreciation-13, healthy-12)
conj(With-1, appreciation-13)
prep(appreciation-13, of-14)
pobj(of-14, documentaries-15)
punct(say-20, ,-16)
nsubj(say-20, I-17)
aux(say-20, can-18)
advmod(say-20, honestly-19)
nsubj(angry-23, I-21)
cop(angry-23, was-22)
ccomp(say-20, angry-23)
prep(angry-23, at-24)
pobj(at-24, myself-25)
prep(angry-23, for-26)
pcomp(for-26, bothering-27)
aux(sit-29, to-28)
xcomp(bothering-27, sit-29)
prep(sit-29, through-30)
det(length-33, the-31)
amod(length-33, entire-32)
pobj(through-30, length-33)
prep(length-33, of-34)
punct(Dates-37, ``-35)
num(Dates-37, 20-36)
pobj(of-34, Dates-37)
punct(Dates-37, ''-38)
punct(say-20, .-39)

Sentence #2 (16 tokens):
I won't waste your time with the plot, you may read other reviews.
[Text=I CharacterOffsetBegin=205 CharacterOffsetEnd=206 PartOfSpeech=PRP] [Text=wo CharacterOffsetBegin=207 CharacterOffsetEnd=209 PartOfSpeech=MD] [Text=n't CharacterOffsetBegin=209 CharacterOffsetEnd=212 PartOfSpeech=RB] [Text=waste CharacterOffsetBegin=213 CharacterOffsetEnd=218 PartOfSpeech=VB] [Text=your CharacterOffsetBegin=219 CharacterOffsetEnd=223 PartOfSpeech=PRP$] [Text=time CharacterOffsetBegin=224 CharacterOffsetEnd=228 PartOfSpeech=NN] [Text=with CharacterOffsetBegin=229 CharacterOffsetEnd=233 PartOfSpeech=IN] [Text=the CharacterOffsetBegin=234 CharacterOffsetEnd=237 PartOfSpeech=DT] [Text=plot CharacterOffsetBegin=238 CharacterOffsetEnd=242 PartOfSpeech=NN] [Text=, CharacterOffsetBegin=242 CharacterOffsetEnd=243 PartOfSpeech=,] [Text=you CharacterOffsetBegin=244 CharacterOffsetEnd=247 PartOfSpeech=PRP] [Text=may CharacterOffsetBegin=248 CharacterOffsetEnd=251 PartOfSpeech=MD] [Text=read CharacterOffsetBegin=252 CharacterOffsetEnd=256 PartOfSpeech=VB] [Text=other CharacterOffsetBegin=257 CharacterOffsetEnd=262 PartOfSpeech=JJ] [Text=reviews CharacterOffsetBegin=263 CharacterOffsetEnd=270 PartOfSpeech=NNS] [Text=. CharacterOffsetBegin=270 CharacterOffsetEnd=271 PartOfSpeech=.] 
root(ROOT-0, waste-4)
nsubj(waste-4, I-1)
aux(waste-4, wo-2)
neg(waste-4, n't-3)
poss(time-6, your-5)
dobj(waste-4, time-6)
prep(waste-4, with-7)
det(plot-9, the-8)
pobj(with-7, plot-9)
punct(waste-4, ,-10)
nsubj(read-13, you-11)
aux(read-13, may-12)
ccomp(waste-4, read-13)
amod(reviews-15, other-14)
dobj(read-13, reviews-15)
punct(waste-4, .-16)

Sentence #3 (16 tokens):
I will say though that Berkowitz's hyper, Woody Allen-style narration was extremely annoying.
[Text=I CharacterOffsetBegin=276 CharacterOffsetEnd=277 PartOfSpeech=PRP] [Text=will CharacterOffsetBegin=278 CharacterOffsetEnd=282 PartOfSpeech=MD] [Text=say CharacterOffsetBegin=283 CharacterOffsetEnd=286 PartOfSpeech=VB] [Text=though CharacterOffsetBegin=287 CharacterOffsetEnd=293 PartOfSpeech=IN] [Text=that CharacterOffsetBegin=294 CharacterOffsetEnd=298 PartOfSpeech=DT] [Text=Berkowitz CharacterOffsetBegin=299 CharacterOffsetEnd=308 PartOfSpeech=NNP] [Text='s CharacterOffsetBegin=308 CharacterOffsetEnd=310 PartOfSpeech=POS] [Text=hyper CharacterOffsetBegin=311 CharacterOffsetEnd=316 PartOfSpeech=NN] [Text=, CharacterOffsetBegin=316 CharacterOffsetEnd=317 PartOfSpeech=,] [Text=Woody CharacterOffsetBegin=318 CharacterOffsetEnd=323 PartOfSpeech=NNP] [Text=Allen-style CharacterOffsetBegin=324 CharacterOffsetEnd=335 PartOfSpeech=NNP] [Text=narration CharacterOffsetBegin=336 CharacterOffsetEnd=345 PartOfSpeech=NN] [Text=was CharacterOffsetBegin=346 CharacterOffsetEnd=349 PartOfSpeech=VBD] [Text=extremely CharacterOffsetBegin=350 CharacterOffsetEnd=359 PartOfSpeech=RB] [Text=annoying CharacterOffsetBegin=360 CharacterOffsetEnd=368 PartOfSpeech=JJ] [Text=. CharacterOffsetBegin=368 CharacterOffsetEnd=369 PartOfSpeech=.] 
root(ROOT-0, say-3)
nsubj(say-3, I-1)
aux(say-3, will-2)
mark(annoying-15, though-4)
mark(annoying-15, that-5)
poss(hyper-8, Berkowitz-6)
possessive(Berkowitz-6, 's-7)
nsubj(annoying-15, hyper-8)
punct(hyper-8, ,-9)
nn(narration-12, Woody-10)
nn(narration-12, Allen-style-11)
appos(hyper-8, narration-12)
cop(annoying-15, was-13)
advmod(annoying-15, extremely-14)
advcl(say-3, annoying-15)
punct(say-3, .-16)

Sentence #4 (14 tokens):
You either wished he'd lay off the coffee or ingest some tranquilizers.
[Text=You CharacterOffsetBegin=374 CharacterOffsetEnd=377 PartOfSpeech=PRP] [Text=either CharacterOffsetBegin=378 CharacterOffsetEnd=384 PartOfSpeech=RB] [Text=wished CharacterOffsetBegin=385 CharacterOffsetEnd=391 PartOfSpeech=VBD] [Text=he CharacterOffsetBegin=392 CharacterOffsetEnd=394 PartOfSpeech=PRP] [Text='d CharacterOffsetBegin=394 CharacterOffsetEnd=396 PartOfSpeech=MD] [Text=lay CharacterOffsetBegin=397 CharacterOffsetEnd=400 PartOfSpeech=VB] [Text=off CharacterOffsetBegin=401 CharacterOffsetEnd=404 PartOfSpeech=RP] [Text=the CharacterOffsetBegin=405 CharacterOffsetEnd=408 PartOfSpeech=DT] [Text=coffee CharacterOffsetBegin=409 CharacterOffsetEnd=415 PartOfSpeech=NN] [Text=or CharacterOffsetBegin=416 CharacterOffsetEnd=418 PartOfSpeech=CC] [Text=ingest CharacterOffsetBegin=419 CharacterOffsetEnd=425 PartOfSpeech=VB] [Text=some CharacterOffsetBegin=426 CharacterOffsetEnd=430 PartOfSpeech=DT] [Text=tranquilizers CharacterOffsetBegin=431 CharacterOffsetEnd=444 PartOfSpeech=NNS] [Text=. CharacterOffsetBegin=444 CharacterOffsetEnd=445 PartOfSpeech=.] 
root(ROOT-0, wished-3)
nsubj(wished-3, You-1)
advmod(wished-3, either-2)
nsubj(lay-6, he-4)
aux(lay-6, 'd-5)
ccomp(wished-3, lay-6)
prt(lay-6, off-7)
det(coffee-9, the-8)
dobj(lay-6, coffee-9)
cc(lay-6, or-10)
conj(lay-6, ingest-11)
det(tranquilizers-13, some-12)
dobj(ingest-11, tranquilizers-13)
punct(wished-3, .-14)

Sentence #5 (28 tokens):
And it's potentially apparent to Berkowitz himself that this film was a bad idea, as parts of it details his trials to finance the documentary.
[Text=And CharacterOffsetBegin=450 CharacterOffsetEnd=453 PartOfSpeech=CC] [Text=it CharacterOffsetBegin=454 CharacterOffsetEnd=456 PartOfSpeech=PRP] [Text='s CharacterOffsetBegin=456 CharacterOffsetEnd=458 PartOfSpeech=VBZ] [Text=potentially CharacterOffsetBegin=459 CharacterOffsetEnd=470 PartOfSpeech=RB] [Text=apparent CharacterOffsetBegin=471 CharacterOffsetEnd=479 PartOfSpeech=JJ] [Text=to CharacterOffsetBegin=480 CharacterOffsetEnd=482 PartOfSpeech=TO] [Text=Berkowitz CharacterOffsetBegin=483 CharacterOffsetEnd=492 PartOfSpeech=NNP] [Text=himself CharacterOffsetBegin=493 CharacterOffsetEnd=500 PartOfSpeech=PRP] [Text=that CharacterOffsetBegin=501 CharacterOffsetEnd=505 PartOfSpeech=IN] [Text=this CharacterOffsetBegin=506 CharacterOffsetEnd=510 PartOfSpeech=DT] [Text=film CharacterOffsetBegin=511 CharacterOffsetEnd=515 PartOfSpeech=NN] [Text=was CharacterOffsetBegin=516 CharacterOffsetEnd=519 PartOfSpeech=VBD] [Text=a CharacterOffsetBegin=520 CharacterOffsetEnd=521 PartOfSpeech=DT] [Text=bad CharacterOffsetBegin=522 CharacterOffsetEnd=525 PartOfSpeech=JJ] [Text=idea CharacterOffsetBegin=526 CharacterOffsetEnd=530 PartOfSpeech=NN] [Text=, CharacterOffsetBegin=530 CharacterOffsetEnd=531 PartOfSpeech=,] [Text=as CharacterOffsetBegin=532 CharacterOffsetEnd=534 PartOfSpeech=IN] [Text=parts CharacterOffsetBegin=535 CharacterOffsetEnd=540 PartOfSpeech=NNS] [Text=of CharacterOffsetBegin=541 CharacterOffsetEnd=543 PartOfSpeech=IN] [Text=it CharacterOffsetBegin=544 CharacterOffsetEnd=546 PartOfSpeech=PRP] [Text=details CharacterOffsetBegin=547 CharacterOffsetEnd=554 PartOfSpeech=NNS] [Text=his CharacterOffsetBegin=555 CharacterOffsetEnd=558 PartOfSpeech=PRP$] [Text=trials CharacterOffsetBegin=559 CharacterOffsetEnd=565 PartOfSpeech=NNS] [Text=to CharacterOffsetBegin=566 CharacterOffsetEnd=568 PartOfSpeech=TO] [Text=finance CharacterOffsetBegin=569 CharacterOffsetEnd=576 PartOfSpeech=VB] [Text=the CharacterOffsetBegin=577 CharacterOffsetEnd=580 PartOfSpeech=DT] [Text=documentary CharacterOffsetBegin=581 CharacterOffsetEnd=592 PartOfSpeech=NN] [Text=. CharacterOffsetBegin=592 CharacterOffsetEnd=593 PartOfSpeech=.] 
root(ROOT-0, apparent-5)
cc(apparent-5, And-1)
nsubj(apparent-5, it-2)
cop(apparent-5, 's-3)
advmod(apparent-5, potentially-4)
prep(apparent-5, to-6)
pobj(to-6, Berkowitz-7)
dep(Berkowitz-7, himself-8)
mark(idea-15, that-9)
det(film-11, this-10)
nsubj(idea-15, film-11)
cop(idea-15, was-12)
det(idea-15, a-13)
amod(idea-15, bad-14)
ccomp(Berkowitz-7, idea-15)
punct(idea-15, ,-16)
mark(details-21, as-17)
nsubj(details-21, parts-18)
prep(parts-18, of-19)
pobj(of-19, it-20)
advcl(idea-15, details-21)
poss(trials-23, his-22)
dobj(details-21, trials-23)
aux(finance-25, to-24)
infmod(trials-23, finance-25)
det(documentary-27, the-26)
dobj(finance-25, documentary-27)
punct(apparent-5, .-28)

Sentence #6 (31 tokens):
Forgive me for disguising insults as compliments, but I'll give credit to Berkowitz for having the skills to convince some idiot to finance this horrid piece of ****.
[Text=Forgive CharacterOffsetBegin=598 CharacterOffsetEnd=605 PartOfSpeech=VB] [Text=me CharacterOffsetBegin=606 CharacterOffsetEnd=608 PartOfSpeech=PRP] [Text=for CharacterOffsetBegin=609 CharacterOffsetEnd=612 PartOfSpeech=IN] [Text=disguising CharacterOffsetBegin=613 CharacterOffsetEnd=623 PartOfSpeech=VBG] [Text=insults CharacterOffsetBegin=624 CharacterOffsetEnd=631 PartOfSpeech=NNS] [Text=as CharacterOffsetBegin=632 CharacterOffsetEnd=634 PartOfSpeech=IN] [Text=compliments CharacterOffsetBegin=635 CharacterOffsetEnd=646 PartOfSpeech=NNS] [Text=, CharacterOffsetBegin=646 CharacterOffsetEnd=647 PartOfSpeech=,] [Text=but CharacterOffsetBegin=648 CharacterOffsetEnd=651 PartOfSpeech=CC] [Text=I CharacterOffsetBegin=652 CharacterOffsetEnd=653 PartOfSpeech=PRP] [Text='ll CharacterOffsetBegin=653 CharacterOffsetEnd=656 PartOfSpeech=MD] [Text=give CharacterOffsetBegin=657 CharacterOffsetEnd=661 PartOfSpeech=VB] [Text=credit CharacterOffsetBegin=662 CharacterOffsetEnd=668 PartOfSpeech=NN] [Text=to CharacterOffsetBegin=669 CharacterOffsetEnd=671 PartOfSpeech=TO] [Text=Berkowitz CharacterOffsetBegin=672 CharacterOffsetEnd=681 PartOfSpeech=NNP] [Text=for CharacterOffsetBegin=682 CharacterOffsetEnd=685 PartOfSpeech=IN] [Text=having CharacterOffsetBegin=686 CharacterOffsetEnd=692 PartOfSpeech=VBG] [Text=the CharacterOffsetBegin=693 CharacterOffsetEnd=696 PartOfSpeech=DT] [Text=skills CharacterOffsetBegin=697 CharacterOffsetEnd=703 PartOfSpeech=NNS] [Text=to CharacterOffsetBegin=704 CharacterOffsetEnd=706 PartOfSpeech=TO] [Text=convince CharacterOffsetBegin=707 CharacterOffsetEnd=715 PartOfSpeech=VB] [Text=some CharacterOffsetBegin=716 CharacterOffsetEnd=720 PartOfSpeech=DT] [Text=idiot CharacterOffsetBegin=721 CharacterOffsetEnd=726 PartOfSpeech=NN] [Text=to CharacterOffsetBegin=727 CharacterOffsetEnd=729 PartOfSpeech=TO] [Text=finance CharacterOffsetBegin=730 CharacterOffsetEnd=737 PartOfSpeech=VB] [Text=this CharacterOffsetBegin=738 CharacterOffsetEnd=742 PartOfSpeech=DT] [Text=horrid CharacterOffsetBegin=743 CharacterOffsetEnd=749 PartOfSpeech=JJ] [Text=piece CharacterOffsetBegin=750 CharacterOffsetEnd=755 PartOfSpeech=NN] [Text=of CharacterOffsetBegin=756 CharacterOffsetEnd=758 PartOfSpeech=IN] [Text=**** CharacterOffsetBegin=759 CharacterOffsetEnd=763 PartOfSpeech=CD] [Text=. CharacterOffsetBegin=763 CharacterOffsetEnd=764 PartOfSpeech=.] 
root(ROOT-0, Forgive-1)
dobj(Forgive-1, me-2)
prep(Forgive-1, for-3)
nn(insults-5, disguising-4)
pobj(for-3, insults-5)
prep(insults-5, as-6)
pobj(as-6, compliments-7)
punct(Forgive-1, ,-8)
cc(Forgive-1, but-9)
nsubj(give-12, I-10)
aux(give-12, 'll-11)
conj(Forgive-1, give-12)
dobj(give-12, credit-13)
prep(give-12, to-14)
pobj(to-14, Berkowitz-15)
prep(give-12, for-16)
pcomp(for-16, having-17)
det(skills-19, the-18)
dobj(having-17, skills-19)
aux(convince-21, to-20)
infmod(skills-19, convince-21)
det(idiot-23, some-22)
dobj(convince-21, idiot-23)
aux(finance-25, to-24)
infmod(idiot-23, finance-25)
det(piece-28, this-26)
amod(piece-28, horrid-27)
dobj(finance-25, piece-28)
prep(piece-28, of-29)
pobj(of-29, ****-30)
punct(Forgive-1, .-31)

Sentence #7 (31 tokens):
I appreciate the boundaries & intentions of the film here, but even when regarding the standards Berkowitz sets for himself, he fires off and misses on all levels.
[Text=I CharacterOffsetBegin=769 CharacterOffsetEnd=770 PartOfSpeech=PRP] [Text=appreciate CharacterOffsetBegin=771 CharacterOffsetEnd=781 PartOfSpeech=VBP] [Text=the CharacterOffsetBegin=782 CharacterOffsetEnd=785 PartOfSpeech=DT] [Text=boundaries CharacterOffsetBegin=786 CharacterOffsetEnd=796 PartOfSpeech=NNS] [Text=& CharacterOffsetBegin=797 CharacterOffsetEnd=798 PartOfSpeech=CC] [Text=intentions CharacterOffsetBegin=799 CharacterOffsetEnd=809 PartOfSpeech=NNS] [Text=of CharacterOffsetBegin=810 CharacterOffsetEnd=812 PartOfSpeech=IN] [Text=the CharacterOffsetBegin=813 CharacterOffsetEnd=816 PartOfSpeech=DT] [Text=film CharacterOffsetBegin=817 CharacterOffsetEnd=821 PartOfSpeech=NN] [Text=here CharacterOffsetBegin=822 CharacterOffsetEnd=826 PartOfSpeech=RB] [Text=, CharacterOffsetBegin=826 CharacterOffsetEnd=827 PartOfSpeech=,] [Text=but CharacterOffsetBegin=828 CharacterOffsetEnd=831 PartOfSpeech=CC] [Text=even CharacterOffsetBegin=832 CharacterOffsetEnd=836 PartOfSpeech=RB] [Text=when CharacterOffsetBegin=837 CharacterOffsetEnd=841 PartOfSpeech=WRB] [Text=regarding CharacterOffsetBegin=842 CharacterOffsetEnd=851 PartOfSpeech=VBG] [Text=the CharacterOffsetBegin=852 CharacterOffsetEnd=855 PartOfSpeech=DT] [Text=standards CharacterOffsetBegin=856 CharacterOffsetEnd=865 PartOfSpeech=NNS] [Text=Berkowitz CharacterOffsetBegin=866 CharacterOffsetEnd=875 PartOfSpeech=NNP] [Text=sets CharacterOffsetBegin=876 CharacterOffsetEnd=880 PartOfSpeech=VBZ] [Text=for CharacterOffsetBegin=881 CharacterOffsetEnd=884 PartOfSpeech=IN] [Text=himself CharacterOffsetBegin=885 CharacterOffsetEnd=892 PartOfSpeech=PRP] [Text=, CharacterOffsetBegin=892 CharacterOffsetEnd=893 PartOfSpeech=,] [Text=he CharacterOffsetBegin=894 CharacterOffsetEnd=896 PartOfSpeech=PRP] [Text=fires CharacterOffsetBegin=897 CharacterOffsetEnd=902 PartOfSpeech=VBZ] [Text=off CharacterOffsetBegin=903 CharacterOffsetEnd=906 PartOfSpeech=RP] [Text=and CharacterOffsetBegin=907 CharacterOffsetEnd=910 PartOfSpeech=CC] [Text=misses CharacterOffsetBegin=911 CharacterOffsetEnd=917 PartOfSpeech=VBZ] [Text=on CharacterOffsetBegin=918 CharacterOffsetEnd=920 PartOfSpeech=IN] [Text=all CharacterOffsetBegin=921 CharacterOffsetEnd=924 PartOfSpeech=DT] [Text=levels CharacterOffsetBegin=925 CharacterOffsetEnd=931 PartOfSpeech=NNS] [Text=. CharacterOffsetBegin=931 CharacterOffsetEnd=932 PartOfSpeech=.] 
root(ROOT-0, appreciate-2)
nsubj(appreciate-2, I-1)
det(boundaries-4, the-3)
dobj(appreciate-2, boundaries-4)
cc(boundaries-4, &-5)
conj(boundaries-4, intentions-6)
prep(boundaries-4, of-7)
det(film-9, the-8)
pobj(of-7, film-9)
advmod(film-9, here-10)
punct(appreciate-2, ,-11)
cc(appreciate-2, but-12)
advmod(when-14, even-13)
advmod(fires-24, when-14)
prep(fires-24, regarding-15)
det(standards-17, the-16)
pobj(regarding-15, standards-17)
nsubj(sets-19, Berkowitz-18)
rcmod(standards-17, sets-19)
prep(sets-19, for-20)
pobj(for-20, himself-21)
punct(fires-24, ,-22)
nsubj(fires-24, he-23)
conj(appreciate-2, fires-24)
prt(fires-24, off-25)
cc(fires-24, and-26)
conj(fires-24, misses-27)
prep(misses-27, on-28)
det(levels-30, all-29)
pobj(on-28, levels-30)
punct(appreciate-2, .-31)

Sentence #8 (36 tokens):
In closing, I'm sure many of these female companions were not at ease going on a date with a twitchy wanna-be filmmaker, and therefore I question the film's sense of authenticity.
[Text=In CharacterOffsetBegin=937 CharacterOffsetEnd=939 PartOfSpeech=IN] [Text=closing CharacterOffsetBegin=940 CharacterOffsetEnd=947 PartOfSpeech=NN] [Text=, CharacterOffsetBegin=947 CharacterOffsetEnd=948 PartOfSpeech=,] [Text=I CharacterOffsetBegin=949 CharacterOffsetEnd=950 PartOfSpeech=PRP] [Text='m CharacterOffsetBegin=950 CharacterOffsetEnd=952 PartOfSpeech=VBP] [Text=sure CharacterOffsetBegin=953 CharacterOffsetEnd=957 PartOfSpeech=JJ] [Text=many CharacterOffsetBegin=958 CharacterOffsetEnd=962 PartOfSpeech=JJ] [Text=of CharacterOffsetBegin=963 CharacterOffsetEnd=965 PartOfSpeech=IN] [Text=these CharacterOffsetBegin=966 CharacterOffsetEnd=971 PartOfSpeech=DT] [Text=female CharacterOffsetBegin=972 CharacterOffsetEnd=978 PartOfSpeech=JJ] [Text=companions CharacterOffsetBegin=979 CharacterOffsetEnd=989 PartOfSpeech=NNS] [Text=were CharacterOffsetBegin=990 CharacterOffsetEnd=994 PartOfSpeech=VBD] [Text=not CharacterOffsetBegin=995 CharacterOffsetEnd=998 PartOfSpeech=RB] [Text=at CharacterOffsetBegin=999 CharacterOffsetEnd=1001 PartOfSpeech=IN] [Text=ease CharacterOffsetBegin=1002 CharacterOffsetEnd=1006 PartOfSpeech=NN] [Text=going CharacterOffsetBegin=1007 CharacterOffsetEnd=1012 PartOfSpeech=VBG] [Text=on CharacterOffsetBegin=1013 CharacterOffsetEnd=1015 PartOfSpeech=IN] [Text=a CharacterOffsetBegin=1016 CharacterOffsetEnd=1017 PartOfSpeech=DT] [Text=date CharacterOffsetBegin=1018 CharacterOffsetEnd=1022 PartOfSpeech=NN] [Text=with CharacterOffsetBegin=1023 CharacterOffsetEnd=1027 PartOfSpeech=IN] [Text=a CharacterOffsetBegin=1028 CharacterOffsetEnd=1029 PartOfSpeech=DT] [Text=twitchy CharacterOffsetBegin=1030 CharacterOffsetEnd=1037 PartOfSpeech=JJ] [Text=wanna-be CharacterOffsetBegin=1038 CharacterOffsetEnd=1046 PartOfSpeech=NN] [Text=filmmaker CharacterOffsetBegin=1047 CharacterOffsetEnd=1056 PartOfSpeech=NN] [Text=, CharacterOffsetBegin=1056 CharacterOffsetEnd=1057 PartOfSpeech=,] [Text=and CharacterOffsetBegin=1058 CharacterOffsetEnd=1061 PartOfSpeech=CC] [Text=therefore CharacterOffsetBegin=1062 CharacterOffsetEnd=1071 PartOfSpeech=RB] [Text=I CharacterOffsetBegin=1072 CharacterOffsetEnd=1073 PartOfSpeech=PRP] [Text=question CharacterOffsetBegin=1074 CharacterOffsetEnd=1082 PartOfSpeech=VBP] [Text=the CharacterOffsetBegin=1083 CharacterOffsetEnd=1086 PartOfSpeech=DT] [Text=film CharacterOffsetBegin=1087 CharacterOffsetEnd=1091 PartOfSpeech=NN] [Text='s CharacterOffsetBegin=1091 CharacterOffsetEnd=1093 PartOfSpeech=POS] [Text=sense CharacterOffsetBegin=1094 CharacterOffsetEnd=1099 PartOfSpeech=NN] [Text=of CharacterOffsetBegin=1100 CharacterOffsetEnd=1102 PartOfSpeech=IN] [Text=authenticity CharacterOffsetBegin=1103 CharacterOffsetEnd=1115 PartOfSpeech=NN] [Text=. CharacterOffsetBegin=1115 CharacterOffsetEnd=1116 PartOfSpeech=.] 
root(ROOT-0, sure-6)
prep(sure-6, In-1)
pobj(In-1, closing-2)
punct(sure-6, ,-3)
nsubj(sure-6, I-4)
cop(sure-6, 'm-5)
nsubj(were-12, many-7)
prep(many-7, of-8)
det(companions-11, these-9)
amod(companions-11, female-10)
pobj(of-8, companions-11)
ccomp(sure-6, were-12)
neg(were-12, not-13)
prep(were-12, at-14)
pobj(at-14, ease-15)
partmod(ease-15, going-16)
prep(going-16, on-17)
det(date-19, a-18)
pobj(on-17, date-19)
prep(going-16, with-20)
det(filmmaker-24, a-21)
amod(filmmaker-24, twitchy-22)
nn(filmmaker-24, wanna-be-23)
pobj(with-20, filmmaker-24)
punct(sure-6, ,-25)
cc(sure-6, and-26)
advmod(question-29, therefore-27)
nsubj(question-29, I-28)
conj(sure-6, question-29)
det(film-31, the-30)
poss(sense-33, film-31)
possessive(film-31, 's-32)
dobj(question-29, sense-33)
prep(sense-33, of-34)
pobj(of-34, authenticity-35)
punct(sure-6, .-36)

Sentence #9 (34 tokens):
Hey Myles, I loved your film the first time I saw it... when it appeared as an episode of Seinfeld or was a film directed by Woody Allen or Kevin Smith.
[Text=Hey CharacterOffsetBegin=1121 CharacterOffsetEnd=1124 PartOfSpeech=UH] [Text=Myles CharacterOffsetBegin=1125 CharacterOffsetEnd=1130 PartOfSpeech=NNPS] [Text=, CharacterOffsetBegin=1130 CharacterOffsetEnd=1131 PartOfSpeech=,] [Text=I CharacterOffsetBegin=1132 CharacterOffsetEnd=1133 PartOfSpeech=PRP] [Text=loved CharacterOffsetBegin=1134 CharacterOffsetEnd=1139 PartOfSpeech=VBD] [Text=your CharacterOffsetBegin=1140 CharacterOffsetEnd=1144 PartOfSpeech=PRP$] [Text=film CharacterOffsetBegin=1145 CharacterOffsetEnd=1149 PartOfSpeech=NN] [Text=the CharacterOffsetBegin=1150 CharacterOffsetEnd=1153 PartOfSpeech=DT] [Text=first CharacterOffsetBegin=1154 CharacterOffsetEnd=1159 PartOfSpeech=JJ] [Text=time CharacterOffsetBegin=1160 CharacterOffsetEnd=1164 PartOfSpeech=NN] [Text=I CharacterOffsetBegin=1165 CharacterOffsetEnd=1166 PartOfSpeech=PRP] [Text=saw CharacterOffsetBegin=1167 CharacterOffsetEnd=1170 PartOfSpeech=VBD] [Text=it CharacterOffsetBegin=1171 CharacterOffsetEnd=1173 PartOfSpeech=PRP] [Text=... CharacterOffsetBegin=1173 CharacterOffsetEnd=1176 PartOfSpeech=:] [Text=when CharacterOffsetBegin=1177 CharacterOffsetEnd=1181 PartOfSpeech=WRB] [Text=it CharacterOffsetBegin=1182 CharacterOffsetEnd=1184 PartOfSpeech=PRP] [Text=appeared CharacterOffsetBegin=1185 CharacterOffsetEnd=1193 PartOfSpeech=VBD] [Text=as CharacterOffsetBegin=1194 CharacterOffsetEnd=1196 PartOfSpeech=IN] [Text=an CharacterOffsetBegin=1197 CharacterOffsetEnd=1199 PartOfSpeech=DT] [Text=episode CharacterOffsetBegin=1200 CharacterOffsetEnd=1207 PartOfSpeech=NN] [Text=of CharacterOffsetBegin=1208 CharacterOffsetEnd=1210 PartOfSpeech=IN] [Text=Seinfeld CharacterOffsetBegin=1211 CharacterOffsetEnd=1219 PartOfSpeech=NNP] [Text=or CharacterOffsetBegin=1220 CharacterOffsetEnd=1222 PartOfSpeech=CC] [Text=was CharacterOffsetBegin=1223 CharacterOffsetEnd=1226 PartOfSpeech=VBD] [Text=a CharacterOffsetBegin=1227 CharacterOffsetEnd=1228 PartOfSpeech=DT] [Text=film CharacterOffsetBegin=1229 CharacterOffsetEnd=1233 PartOfSpeech=NN] [Text=directed CharacterOffsetBegin=1234 CharacterOffsetEnd=1242 PartOfSpeech=VBN] [Text=by CharacterOffsetBegin=1243 CharacterOffsetEnd=1245 PartOfSpeech=IN] [Text=Woody CharacterOffsetBegin=1246 CharacterOffsetEnd=1251 PartOfSpeech=NNP] [Text=Allen CharacterOffsetBegin=1252 CharacterOffsetEnd=1257 PartOfSpeech=NNP] [Text=or CharacterOffsetBegin=1258 CharacterOffsetEnd=1260 PartOfSpeech=CC] [Text=Kevin CharacterOffsetBegin=1261 CharacterOffsetEnd=1266 PartOfSpeech=NNP] [Text=Smith CharacterOffsetBegin=1267 CharacterOffsetEnd=1272 PartOfSpeech=NNP] [Text=. CharacterOffsetBegin=1272 CharacterOffsetEnd=1273 PartOfSpeech=.] 
root(ROOT-0, Myles-2)
nn(Myles-2, Hey-1)
punct(Myles-2, ,-3)
nsubj(loved-5, I-4)
rcmod(Myles-2, loved-5)
poss(film-7, your-6)
dobj(loved-5, film-7)
det(time-10, the-8)
amod(time-10, first-9)
npadvmod(loved-5, time-10)
nsubj(saw-12, I-11)
rcmod(time-10, saw-12)
dobj(saw-12, it-13)
punct(Myles-2, ...-14)
advmod(appeared-17, when-15)
nsubj(appeared-17, it-16)
rcmod(Myles-2, appeared-17)
prep(appeared-17, as-18)
det(episode-20, an-19)
pobj(as-18, episode-20)
prep(episode-20, of-21)
pobj(of-21, Seinfeld-22)
cc(appeared-17, or-23)
cop(film-26, was-24)
det(film-26, a-25)
conj(appeared-17, film-26)
partmod(film-26, directed-27)
prep(directed-27, by-28)
nn(Allen-30, Woody-29)
pobj(by-28, Allen-30)
cc(Allen-30, or-31)
nn(Smith-33, Kevin-32)
conj(Allen-30, Smith-33)
punct(Myles-2, .-34)

