Sentence #1 (19 tokens):
If I could give this film a real rating, it would likely be in the minus numbers.
[Text=If CharacterOffsetBegin=4 CharacterOffsetEnd=6 PartOfSpeech=IN] [Text=I CharacterOffsetBegin=7 CharacterOffsetEnd=8 PartOfSpeech=PRP] [Text=could CharacterOffsetBegin=9 CharacterOffsetEnd=14 PartOfSpeech=MD] [Text=give CharacterOffsetBegin=15 CharacterOffsetEnd=19 PartOfSpeech=VB] [Text=this CharacterOffsetBegin=20 CharacterOffsetEnd=24 PartOfSpeech=DT] [Text=film CharacterOffsetBegin=25 CharacterOffsetEnd=29 PartOfSpeech=NN] [Text=a CharacterOffsetBegin=30 CharacterOffsetEnd=31 PartOfSpeech=DT] [Text=real CharacterOffsetBegin=32 CharacterOffsetEnd=36 PartOfSpeech=JJ] [Text=rating CharacterOffsetBegin=37 CharacterOffsetEnd=43 PartOfSpeech=NN] [Text=, CharacterOffsetBegin=43 CharacterOffsetEnd=44 PartOfSpeech=,] [Text=it CharacterOffsetBegin=45 CharacterOffsetEnd=47 PartOfSpeech=PRP] [Text=would CharacterOffsetBegin=48 CharacterOffsetEnd=53 PartOfSpeech=MD] [Text=likely CharacterOffsetBegin=54 CharacterOffsetEnd=60 PartOfSpeech=RB] [Text=be CharacterOffsetBegin=61 CharacterOffsetEnd=63 PartOfSpeech=VB] [Text=in CharacterOffsetBegin=64 CharacterOffsetEnd=66 PartOfSpeech=IN] [Text=the CharacterOffsetBegin=67 CharacterOffsetEnd=70 PartOfSpeech=DT] [Text=minus CharacterOffsetBegin=71 CharacterOffsetEnd=76 PartOfSpeech=NN] [Text=numbers CharacterOffsetBegin=77 CharacterOffsetEnd=84 PartOfSpeech=NNS] [Text=. CharacterOffsetBegin=84 CharacterOffsetEnd=85 PartOfSpeech=.] 
root(ROOT-0, be-14)
mark(give-4, If-1)
nsubj(give-4, I-2)
aux(give-4, could-3)
advcl(be-14, give-4)
det(film-6, this-5)
iobj(give-4, film-6)
det(rating-9, a-7)
amod(rating-9, real-8)
dobj(give-4, rating-9)
punct(be-14, ,-10)
nsubj(be-14, it-11)
aux(be-14, would-12)
advmod(be-14, likely-13)
prep(be-14, in-15)
det(numbers-18, the-16)
amod(numbers-18, minus-17)
pobj(in-15, numbers-18)
punct(be-14, .-19)

Sentence #2 (76 tokens):
While I respect the fact that somebody has to keep making these terrible "horror" films, seriously, people, buying a ticket for this film is a waste of money you could be spending on something far more worth your time.Despite it being a horror film, there is nothing scary about it, unless the idea of seeing how many horror clich's you can fit in one movie scares you.
[Text=While CharacterOffsetBegin=90 CharacterOffsetEnd=95 PartOfSpeech=IN] [Text=I CharacterOffsetBegin=96 CharacterOffsetEnd=97 PartOfSpeech=PRP] [Text=respect CharacterOffsetBegin=98 CharacterOffsetEnd=105 PartOfSpeech=VBP] [Text=the CharacterOffsetBegin=106 CharacterOffsetEnd=109 PartOfSpeech=DT] [Text=fact CharacterOffsetBegin=110 CharacterOffsetEnd=114 PartOfSpeech=NN] [Text=that CharacterOffsetBegin=115 CharacterOffsetEnd=119 PartOfSpeech=IN] [Text=somebody CharacterOffsetBegin=120 CharacterOffsetEnd=128 PartOfSpeech=NN] [Text=has CharacterOffsetBegin=129 CharacterOffsetEnd=132 PartOfSpeech=VBZ] [Text=to CharacterOffsetBegin=133 CharacterOffsetEnd=135 PartOfSpeech=TO] [Text=keep CharacterOffsetBegin=136 CharacterOffsetEnd=140 PartOfSpeech=VB] [Text=making CharacterOffsetBegin=141 CharacterOffsetEnd=147 PartOfSpeech=VBG] [Text=these CharacterOffsetBegin=148 CharacterOffsetEnd=153 PartOfSpeech=DT] [Text=terrible CharacterOffsetBegin=154 CharacterOffsetEnd=162 PartOfSpeech=JJ] [Text=`` CharacterOffsetBegin=163 CharacterOffsetEnd=164 PartOfSpeech=``] [Text=horror CharacterOffsetBegin=164 CharacterOffsetEnd=170 PartOfSpeech=NN] [Text='' CharacterOffsetBegin=170 CharacterOffsetEnd=171 PartOfSpeech=''] [Text=films CharacterOffsetBegin=172 CharacterOffsetEnd=177 PartOfSpeech=NNS] [Text=, CharacterOffsetBegin=177 CharacterOffsetEnd=178 PartOfSpeech=,] [Text=seriously CharacterOffsetBegin=179 CharacterOffsetEnd=188 PartOfSpeech=RB] [Text=, CharacterOffsetBegin=188 CharacterOffsetEnd=189 PartOfSpeech=,] [Text=people CharacterOffsetBegin=190 CharacterOffsetEnd=196 PartOfSpeech=NNS] [Text=, CharacterOffsetBegin=196 CharacterOffsetEnd=197 PartOfSpeech=,] [Text=buying CharacterOffsetBegin=198 CharacterOffsetEnd=204 PartOfSpeech=VBG] [Text=a CharacterOffsetBegin=205 CharacterOffsetEnd=206 PartOfSpeech=DT] [Text=ticket CharacterOffsetBegin=207 CharacterOffsetEnd=213 PartOfSpeech=NN] [Text=for CharacterOffsetBegin=214 CharacterOffsetEnd=217 PartOfSpeech=IN] [Text=this CharacterOffsetBegin=218 CharacterOffsetEnd=222 PartOfSpeech=DT] [Text=film CharacterOffsetBegin=223 CharacterOffsetEnd=227 PartOfSpeech=NN] [Text=is CharacterOffsetBegin=228 CharacterOffsetEnd=230 PartOfSpeech=VBZ] [Text=a CharacterOffsetBegin=231 CharacterOffsetEnd=232 PartOfSpeech=DT] [Text=waste CharacterOffsetBegin=233 CharacterOffsetEnd=238 PartOfSpeech=NN] [Text=of CharacterOffsetBegin=239 CharacterOffsetEnd=241 PartOfSpeech=IN] [Text=money CharacterOffsetBegin=242 CharacterOffsetEnd=247 PartOfSpeech=NN] [Text=you CharacterOffsetBegin=248 CharacterOffsetEnd=251 PartOfSpeech=PRP] [Text=could CharacterOffsetBegin=252 CharacterOffsetEnd=257 PartOfSpeech=MD] [Text=be CharacterOffsetBegin=258 CharacterOffsetEnd=260 PartOfSpeech=VB] [Text=spending CharacterOffsetBegin=261 CharacterOffsetEnd=269 PartOfSpeech=VBG] [Text=on CharacterOffsetBegin=270 CharacterOffsetEnd=272 PartOfSpeech=IN] [Text=something CharacterOffsetBegin=273 CharacterOffsetEnd=282 PartOfSpeech=NN] [Text=far CharacterOffsetBegin=283 CharacterOffsetEnd=286 PartOfSpeech=RB] [Text=more CharacterOffsetBegin=287 CharacterOffsetEnd=291 PartOfSpeech=RBR] [Text=worth CharacterOffsetBegin=292 CharacterOffsetEnd=297 PartOfSpeech=JJ] [Text=your CharacterOffsetBegin=298 CharacterOffsetEnd=302 PartOfSpeech=PRP$] [Text=time.Despite CharacterOffsetBegin=303 CharacterOffsetEnd=315 PartOfSpeech=NN] [Text=it CharacterOffsetBegin=316 CharacterOffsetEnd=318 PartOfSpeech=PRP] [Text=being CharacterOffsetBegin=319 CharacterOffsetEnd=324 PartOfSpeech=VBG] [Text=a CharacterOffsetBegin=325 CharacterOffsetEnd=326 PartOfSpeech=DT] [Text=horror CharacterOffsetBegin=327 CharacterOffsetEnd=333 PartOfSpeech=NN] [Text=film CharacterOffsetBegin=334 CharacterOffsetEnd=338 PartOfSpeech=NN] [Text=, CharacterOffsetBegin=338 CharacterOffsetEnd=339 PartOfSpeech=,] [Text=there CharacterOffsetBegin=340 CharacterOffsetEnd=345 PartOfSpeech=EX] [Text=is CharacterOffsetBegin=346 CharacterOffsetEnd=348 PartOfSpeech=VBZ] [Text=nothing CharacterOffsetBegin=349 CharacterOffsetEnd=356 PartOfSpeech=NN] [Text=scary CharacterOffsetBegin=357 CharacterOffsetEnd=362 PartOfSpeech=JJ] [Text=about CharacterOffsetBegin=363 CharacterOffsetEnd=368 PartOfSpeech=IN] [Text=it CharacterOffsetBegin=369 CharacterOffsetEnd=371 PartOfSpeech=PRP] [Text=, CharacterOffsetBegin=371 CharacterOffsetEnd=372 PartOfSpeech=,] [Text=unless CharacterOffsetBegin=373 CharacterOffsetEnd=379 PartOfSpeech=IN] [Text=the CharacterOffsetBegin=380 CharacterOffsetEnd=383 PartOfSpeech=DT] [Text=idea CharacterOffsetBegin=384 CharacterOffsetEnd=388 PartOfSpeech=NN] [Text=of CharacterOffsetBegin=389 CharacterOffsetEnd=391 PartOfSpeech=IN] [Text=seeing CharacterOffsetBegin=392 CharacterOffsetEnd=398 PartOfSpeech=VBG] [Text=how CharacterOffsetBegin=399 CharacterOffsetEnd=402 PartOfSpeech=WRB] [Text=many CharacterOffsetBegin=403 CharacterOffsetEnd=407 PartOfSpeech=JJ] [Text=horror CharacterOffsetBegin=408 CharacterOffsetEnd=414 PartOfSpeech=NN] [Text=clich CharacterOffsetBegin=415 CharacterOffsetEnd=420 PartOfSpeech=NN] [Text='s CharacterOffsetBegin=420 CharacterOffsetEnd=422 PartOfSpeech=POS] [Text=you CharacterOffsetBegin=423 CharacterOffsetEnd=426 PartOfSpeech=PRP] [Text=can CharacterOffsetBegin=427 CharacterOffsetEnd=430 PartOfSpeech=MD] [Text=fit CharacterOffsetBegin=431 CharacterOffsetEnd=434 PartOfSpeech=VB] [Text=in CharacterOffsetBegin=435 CharacterOffsetEnd=437 PartOfSpeech=IN] [Text=one CharacterOffsetBegin=438 CharacterOffsetEnd=441 PartOfSpeech=CD] [Text=movie CharacterOffsetBegin=442 CharacterOffsetEnd=447 PartOfSpeech=NN] [Text=scares CharacterOffsetBegin=448 CharacterOffsetEnd=454 PartOfSpeech=VBZ] [Text=you CharacterOffsetBegin=455 CharacterOffsetEnd=458 PartOfSpeech=PRP] [Text=. CharacterOffsetBegin=458 CharacterOffsetEnd=459 PartOfSpeech=.] 
root(ROOT-0, is-52)
mark(respect-3, While-1)
nsubj(respect-3, I-2)
advcl(is-52, respect-3)
det(fact-5, the-4)
dobj(respect-3, fact-5)
mark(has-8, that-6)
nsubj(has-8, somebody-7)
ccomp(fact-5, has-8)
aux(keep-10, to-9)
xcomp(has-8, keep-10)
xcomp(keep-10, making-11)
det(films-17, these-12)
amod(films-17, terrible-13)
punct(films-17, ``-14)
nn(films-17, horror-15)
punct(films-17, ''-16)
dobj(making-11, films-17)
punct(making-11, ,-18)
advmod(making-11, seriously-19)
punct(making-11, ,-20)
nsubj(waste-31, people-21)
punct(people-21, ,-22)
partmod(people-21, buying-23)
det(ticket-25, a-24)
dobj(buying-23, ticket-25)
prep(ticket-25, for-26)
det(film-28, this-27)
pobj(for-26, film-28)
cop(waste-31, is-29)
det(waste-31, a-30)
ccomp(making-11, waste-31)
prep(waste-31, of-32)
pobj(of-32, money-33)
nsubj(spending-37, you-34)
aux(spending-37, could-35)
aux(spending-37, be-36)
dep(waste-31, spending-37)
prep(spending-37, on-38)
pobj(on-38, something-39)
advmod(more-41, far-40)
advmod(worth-42, more-41)
amod(something-39, worth-42)
poss(time.Despite-44, your-43)
dep(worth-42, time.Despite-44)
nsubj(film-49, it-45)
cop(film-49, being-46)
det(film-49, a-47)
amod(film-49, horror-48)
rcmod(time.Despite-44, film-49)
punct(is-52, ,-50)
expl(is-52, there-51)
nsubj(is-52, nothing-53)
amod(nothing-53, scary-54)
prep(scary-54, about-55)
pobj(about-55, it-56)
punct(nothing-53, ,-57)
prep(nothing-53, unless-58)
det(idea-60, the-59)
pobj(unless-58, idea-60)
prep(idea-60, of-61)
pcomp(of-61, seeing-62)
advmod(many-64, how-63)
amod(clich-66, many-64)
nn(clich-66, horror-65)
poss(you-68, clich-66)
possessive(clich-66, 's-67)
nsubj(fit-70, you-68)
aux(fit-70, can-69)
ccomp(seeing-62, fit-70)
prep(fit-70, in-71)
num(movie-73, one-72)
pobj(in-71, movie-73)
dep(fit-70, scares-74)
dobj(scares-74, you-75)
punct(is-52, .-76)

Sentence #3 (33 tokens):
If the rating had been higher, it probably would have made for a better film in the long run.Whoever made this version of "Prom Night", you screwed up.
[Text=If CharacterOffsetBegin=464 CharacterOffsetEnd=466 PartOfSpeech=IN] [Text=the CharacterOffsetBegin=467 CharacterOffsetEnd=470 PartOfSpeech=DT] [Text=rating CharacterOffsetBegin=471 CharacterOffsetEnd=477 PartOfSpeech=NN] [Text=had CharacterOffsetBegin=478 CharacterOffsetEnd=481 PartOfSpeech=VBD] [Text=been CharacterOffsetBegin=482 CharacterOffsetEnd=486 PartOfSpeech=VBN] [Text=higher CharacterOffsetBegin=487 CharacterOffsetEnd=493 PartOfSpeech=JJR] [Text=, CharacterOffsetBegin=493 CharacterOffsetEnd=494 PartOfSpeech=,] [Text=it CharacterOffsetBegin=495 CharacterOffsetEnd=497 PartOfSpeech=PRP] [Text=probably CharacterOffsetBegin=498 CharacterOffsetEnd=506 PartOfSpeech=RB] [Text=would CharacterOffsetBegin=507 CharacterOffsetEnd=512 PartOfSpeech=MD] [Text=have CharacterOffsetBegin=513 CharacterOffsetEnd=517 PartOfSpeech=VB] [Text=made CharacterOffsetBegin=518 CharacterOffsetEnd=522 PartOfSpeech=VBN] [Text=for CharacterOffsetBegin=523 CharacterOffsetEnd=526 PartOfSpeech=IN] [Text=a CharacterOffsetBegin=527 CharacterOffsetEnd=528 PartOfSpeech=DT] [Text=better CharacterOffsetBegin=529 CharacterOffsetEnd=535 PartOfSpeech=JJR] [Text=film CharacterOffsetBegin=536 CharacterOffsetEnd=540 PartOfSpeech=NN] [Text=in CharacterOffsetBegin=541 CharacterOffsetEnd=543 PartOfSpeech=IN] [Text=the CharacterOffsetBegin=544 CharacterOffsetEnd=547 PartOfSpeech=DT] [Text=long CharacterOffsetBegin=548 CharacterOffsetEnd=552 PartOfSpeech=JJ] [Text=run.Whoever CharacterOffsetBegin=553 CharacterOffsetEnd=564 PartOfSpeech=NN] [Text=made CharacterOffsetBegin=565 CharacterOffsetEnd=569 PartOfSpeech=VBD] [Text=this CharacterOffsetBegin=570 CharacterOffsetEnd=574 PartOfSpeech=DT] [Text=version CharacterOffsetBegin=575 CharacterOffsetEnd=582 PartOfSpeech=NN] [Text=of CharacterOffsetBegin=583 CharacterOffsetEnd=585 PartOfSpeech=IN] [Text=`` CharacterOffsetBegin=586 CharacterOffsetEnd=587 PartOfSpeech=``] [Text=Prom CharacterOffsetBegin=587 CharacterOffsetEnd=591 PartOfSpeech=NNP] [Text=Night CharacterOffsetBegin=592 CharacterOffsetEnd=597 PartOfSpeech=NNP] [Text='' CharacterOffsetBegin=597 CharacterOffsetEnd=598 PartOfSpeech=''] [Text=, CharacterOffsetBegin=598 CharacterOffsetEnd=599 PartOfSpeech=,] [Text=you CharacterOffsetBegin=600 CharacterOffsetEnd=603 PartOfSpeech=PRP] [Text=screwed CharacterOffsetBegin=604 CharacterOffsetEnd=611 PartOfSpeech=VBD] [Text=up CharacterOffsetBegin=612 CharacterOffsetEnd=614 PartOfSpeech=RP] [Text=. CharacterOffsetBegin=614 CharacterOffsetEnd=615 PartOfSpeech=.] 
root(ROOT-0, made-12)
mark(higher-6, If-1)
det(rating-3, the-2)
nsubj(higher-6, rating-3)
aux(higher-6, had-4)
cop(higher-6, been-5)
advcl(made-12, higher-6)
punct(made-12, ,-7)
nsubjpass(made-12, it-8)
advmod(made-12, probably-9)
aux(made-12, would-10)
aux(made-12, have-11)
prep(made-12, for-13)
det(film-16, a-14)
amod(film-16, better-15)
pobj(for-13, film-16)
prep(film-16, in-17)
det(run.Whoever-20, the-18)
amod(run.Whoever-20, long-19)
pobj(in-17, run.Whoever-20)
xcomp(made-12, made-21)
det(version-23, this-22)
dobj(made-21, version-23)
prep(version-23, of-24)
punct(Night-27, ``-25)
nn(Night-27, Prom-26)
pobj(of-24, Night-27)
punct(Night-27, ''-28)
punct(Night-27, ,-29)
nsubj(screwed-31, you-30)
rcmod(Night-27, screwed-31)
prt(screwed-31, up-32)
punct(made-12, .-33)

Sentence #4 (18 tokens):
The actors could probably have done a decent job if it weren't for the questionable scripting.
[Text=The CharacterOffsetBegin=620 CharacterOffsetEnd=623 PartOfSpeech=DT] [Text=actors CharacterOffsetBegin=624 CharacterOffsetEnd=630 PartOfSpeech=NNS] [Text=could CharacterOffsetBegin=631 CharacterOffsetEnd=636 PartOfSpeech=MD] [Text=probably CharacterOffsetBegin=637 CharacterOffsetEnd=645 PartOfSpeech=RB] [Text=have CharacterOffsetBegin=646 CharacterOffsetEnd=650 PartOfSpeech=VB] [Text=done CharacterOffsetBegin=651 CharacterOffsetEnd=655 PartOfSpeech=VBN] [Text=a CharacterOffsetBegin=656 CharacterOffsetEnd=657 PartOfSpeech=DT] [Text=decent CharacterOffsetBegin=658 CharacterOffsetEnd=664 PartOfSpeech=JJ] [Text=job CharacterOffsetBegin=665 CharacterOffsetEnd=668 PartOfSpeech=NN] [Text=if CharacterOffsetBegin=669 CharacterOffsetEnd=671 PartOfSpeech=IN] [Text=it CharacterOffsetBegin=672 CharacterOffsetEnd=674 PartOfSpeech=PRP] [Text=were CharacterOffsetBegin=675 CharacterOffsetEnd=679 PartOfSpeech=VBD] [Text=n't CharacterOffsetBegin=679 CharacterOffsetEnd=682 PartOfSpeech=RB] [Text=for CharacterOffsetBegin=683 CharacterOffsetEnd=686 PartOfSpeech=IN] [Text=the CharacterOffsetBegin=687 CharacterOffsetEnd=690 PartOfSpeech=DT] [Text=questionable CharacterOffsetBegin=691 CharacterOffsetEnd=703 PartOfSpeech=JJ] [Text=scripting CharacterOffsetBegin=704 CharacterOffsetEnd=713 PartOfSpeech=NN] [Text=. CharacterOffsetBegin=713 CharacterOffsetEnd=714 PartOfSpeech=.] 
root(ROOT-0, done-6)
det(actors-2, The-1)
nsubj(done-6, actors-2)
aux(done-6, could-3)
advmod(done-6, probably-4)
aux(done-6, have-5)
det(job-9, a-7)
amod(job-9, decent-8)
dobj(done-6, job-9)
mark(were-12, if-10)
nsubj(were-12, it-11)
advcl(done-6, were-12)
neg(were-12, n't-13)
prep(were-12, for-14)
det(scripting-17, the-15)
amod(scripting-17, questionable-16)
pobj(for-14, scripting-17)
punct(done-6, .-18)

Sentence #5 (10 tokens):
This was a terrible waste of a cinema trip.
[Text=This CharacterOffsetBegin=719 CharacterOffsetEnd=723 PartOfSpeech=DT] [Text=was CharacterOffsetBegin=724 CharacterOffsetEnd=727 PartOfSpeech=VBD] [Text=a CharacterOffsetBegin=728 CharacterOffsetEnd=729 PartOfSpeech=DT] [Text=terrible CharacterOffsetBegin=730 CharacterOffsetEnd=738 PartOfSpeech=JJ] [Text=waste CharacterOffsetBegin=739 CharacterOffsetEnd=744 PartOfSpeech=NN] [Text=of CharacterOffsetBegin=745 CharacterOffsetEnd=747 PartOfSpeech=IN] [Text=a CharacterOffsetBegin=748 CharacterOffsetEnd=749 PartOfSpeech=DT] [Text=cinema CharacterOffsetBegin=750 CharacterOffsetEnd=756 PartOfSpeech=NN] [Text=trip CharacterOffsetBegin=757 CharacterOffsetEnd=761 PartOfSpeech=NN] [Text=. CharacterOffsetBegin=761 CharacterOffsetEnd=762 PartOfSpeech=.] 
root(ROOT-0, waste-5)
nsubj(waste-5, This-1)
cop(waste-5, was-2)
det(waste-5, a-3)
amod(waste-5, terrible-4)
prep(waste-5, of-6)
det(trip-9, a-7)
nn(trip-9, cinema-8)
pobj(of-6, trip-9)
punct(waste-5, .-10)

Sentence #6 (20 tokens):
I'd sooner go and see "One Missed Call" again, at least that had some plot.
[Text=I CharacterOffsetBegin=767 CharacterOffsetEnd=768 PartOfSpeech=PRP] [Text='d CharacterOffsetBegin=768 CharacterOffsetEnd=770 PartOfSpeech=MD] [Text=sooner CharacterOffsetBegin=771 CharacterOffsetEnd=777 PartOfSpeech=RB] [Text=go CharacterOffsetBegin=778 CharacterOffsetEnd=780 PartOfSpeech=VB] [Text=and CharacterOffsetBegin=781 CharacterOffsetEnd=784 PartOfSpeech=CC] [Text=see CharacterOffsetBegin=785 CharacterOffsetEnd=788 PartOfSpeech=VB] [Text=`` CharacterOffsetBegin=789 CharacterOffsetEnd=790 PartOfSpeech=``] [Text=One CharacterOffsetBegin=790 CharacterOffsetEnd=793 PartOfSpeech=CD] [Text=Missed CharacterOffsetBegin=794 CharacterOffsetEnd=800 PartOfSpeech=VBN] [Text=Call CharacterOffsetBegin=801 CharacterOffsetEnd=805 PartOfSpeech=NN] [Text='' CharacterOffsetBegin=805 CharacterOffsetEnd=806 PartOfSpeech=''] [Text=again CharacterOffsetBegin=807 CharacterOffsetEnd=812 PartOfSpeech=RB] [Text=, CharacterOffsetBegin=812 CharacterOffsetEnd=813 PartOfSpeech=,] [Text=at CharacterOffsetBegin=814 CharacterOffsetEnd=816 PartOfSpeech=IN] [Text=least CharacterOffsetBegin=817 CharacterOffsetEnd=822 PartOfSpeech=JJS] [Text=that CharacterOffsetBegin=823 CharacterOffsetEnd=827 PartOfSpeech=WDT] [Text=had CharacterOffsetBegin=828 CharacterOffsetEnd=831 PartOfSpeech=VBD] [Text=some CharacterOffsetBegin=832 CharacterOffsetEnd=836 PartOfSpeech=DT] [Text=plot CharacterOffsetBegin=837 CharacterOffsetEnd=841 PartOfSpeech=NN] [Text=. CharacterOffsetBegin=841 CharacterOffsetEnd=842 PartOfSpeech=.] 
root(ROOT-0, go-4)
nsubj(go-4, I-1)
aux(go-4, 'd-2)
advmod(go-4, sooner-3)
cc(go-4, and-5)
conj(go-4, see-6)
punct(Call-10, ``-7)
num(Call-10, One-8)
nn(Call-10, Missed-9)
dep(see-6, Call-10)
punct(Call-10, ''-11)
advmod(Call-10, again-12)
punct(Call-10, ,-13)
advmod(had-17, at-14)
pobj(at-14, least-15)
nsubj(had-17, that-16)
dep(Call-10, had-17)
det(plot-19, some-18)
dobj(had-17, plot-19)
punct(go-4, .-20)

