Sentence #1 (2 tokens):
Yowza!
[Text=Yowza CharacterOffsetBegin=4 CharacterOffsetEnd=9 PartOfSpeech=NNP] [Text=! CharacterOffsetBegin=9 CharacterOffsetEnd=10 PartOfSpeech=.] 
root(ROOT-0, Yowza-1)
punct(Yowza-1, !-2)

Sentence #2 (25 tokens):
If anyone who loves Laurel and Hardy can watch this movie and feel good about it, you're a better person than me!
[Text=If CharacterOffsetBegin=15 CharacterOffsetEnd=17 PartOfSpeech=IN] [Text=anyone CharacterOffsetBegin=18 CharacterOffsetEnd=24 PartOfSpeech=NN] [Text=who CharacterOffsetBegin=25 CharacterOffsetEnd=28 PartOfSpeech=WP] [Text=loves CharacterOffsetBegin=29 CharacterOffsetEnd=34 PartOfSpeech=VBZ] [Text=Laurel CharacterOffsetBegin=35 CharacterOffsetEnd=41 PartOfSpeech=NNP] [Text=and CharacterOffsetBegin=42 CharacterOffsetEnd=45 PartOfSpeech=CC] [Text=Hardy CharacterOffsetBegin=46 CharacterOffsetEnd=51 PartOfSpeech=NNP] [Text=can CharacterOffsetBegin=52 CharacterOffsetEnd=55 PartOfSpeech=MD] [Text=watch CharacterOffsetBegin=56 CharacterOffsetEnd=61 PartOfSpeech=VB] [Text=this CharacterOffsetBegin=62 CharacterOffsetEnd=66 PartOfSpeech=DT] [Text=movie CharacterOffsetBegin=67 CharacterOffsetEnd=72 PartOfSpeech=NN] [Text=and CharacterOffsetBegin=73 CharacterOffsetEnd=76 PartOfSpeech=CC] [Text=feel CharacterOffsetBegin=77 CharacterOffsetEnd=81 PartOfSpeech=VB] [Text=good CharacterOffsetBegin=82 CharacterOffsetEnd=86 PartOfSpeech=JJ] [Text=about CharacterOffsetBegin=87 CharacterOffsetEnd=92 PartOfSpeech=IN] [Text=it CharacterOffsetBegin=93 CharacterOffsetEnd=95 PartOfSpeech=PRP] [Text=, CharacterOffsetBegin=95 CharacterOffsetEnd=96 PartOfSpeech=,] [Text=you CharacterOffsetBegin=97 CharacterOffsetEnd=100 PartOfSpeech=PRP] [Text='re CharacterOffsetBegin=100 CharacterOffsetEnd=103 PartOfSpeech=VBP] [Text=a CharacterOffsetBegin=104 CharacterOffsetEnd=105 PartOfSpeech=DT] [Text=better CharacterOffsetBegin=106 CharacterOffsetEnd=112 PartOfSpeech=JJR] [Text=person CharacterOffsetBegin=113 CharacterOffsetEnd=119 PartOfSpeech=NN] [Text=than CharacterOffsetBegin=120 CharacterOffsetEnd=124 PartOfSpeech=IN] [Text=me CharacterOffsetBegin=125 CharacterOffsetEnd=127 PartOfSpeech=PRP] [Text=! CharacterOffsetBegin=127 CharacterOffsetEnd=128 PartOfSpeech=.] 
root(ROOT-0, person-22)
mark(watch-9, If-1)
nsubj(watch-9, anyone-2)
nsubj(loves-4, who-3)
rcmod(anyone-2, loves-4)
dobj(loves-4, Laurel-5)
cc(Laurel-5, and-6)
conj(Laurel-5, Hardy-7)
aux(watch-9, can-8)
advcl(person-22, watch-9)
det(movie-11, this-10)
dobj(watch-9, movie-11)
cc(watch-9, and-12)
conj(watch-9, feel-13)
acomp(feel-13, good-14)
prep(feel-13, about-15)
pobj(about-15, it-16)
punct(person-22, ,-17)
nsubj(person-22, you-18)
cop(person-22, 're-19)
det(person-22, a-20)
amod(person-22, better-21)
prep(person-22, than-23)
pobj(than-23, me-24)
punct(person-22, !-25)

Sentence #3 (37 tokens):
This movie, while a great attempt at 'imitating' Laurel and Hardy through appearance, sound and routine, falls very short of honoring them, or even being a movie of any substance.
[Text=This CharacterOffsetBegin=133 CharacterOffsetEnd=137 PartOfSpeech=DT] [Text=movie CharacterOffsetBegin=138 CharacterOffsetEnd=143 PartOfSpeech=NN] [Text=, CharacterOffsetBegin=143 CharacterOffsetEnd=144 PartOfSpeech=,] [Text=while CharacterOffsetBegin=145 CharacterOffsetEnd=150 PartOfSpeech=IN] [Text=a CharacterOffsetBegin=151 CharacterOffsetEnd=152 PartOfSpeech=DT] [Text=great CharacterOffsetBegin=153 CharacterOffsetEnd=158 PartOfSpeech=JJ] [Text=attempt CharacterOffsetBegin=159 CharacterOffsetEnd=166 PartOfSpeech=NN] [Text=at CharacterOffsetBegin=167 CharacterOffsetEnd=169 PartOfSpeech=IN] [Text=` CharacterOffsetBegin=170 CharacterOffsetEnd=171 PartOfSpeech=``] [Text=imitating CharacterOffsetBegin=171 CharacterOffsetEnd=180 PartOfSpeech=VBG] [Text=' CharacterOffsetBegin=180 CharacterOffsetEnd=181 PartOfSpeech=''] [Text=Laurel CharacterOffsetBegin=182 CharacterOffsetEnd=188 PartOfSpeech=NNP] [Text=and CharacterOffsetBegin=189 CharacterOffsetEnd=192 PartOfSpeech=CC] [Text=Hardy CharacterOffsetBegin=193 CharacterOffsetEnd=198 PartOfSpeech=NNP] [Text=through CharacterOffsetBegin=199 CharacterOffsetEnd=206 PartOfSpeech=IN] [Text=appearance CharacterOffsetBegin=207 CharacterOffsetEnd=217 PartOfSpeech=NN] [Text=, CharacterOffsetBegin=217 CharacterOffsetEnd=218 PartOfSpeech=,] [Text=sound CharacterOffsetBegin=219 CharacterOffsetEnd=224 PartOfSpeech=NN] [Text=and CharacterOffsetBegin=225 CharacterOffsetEnd=228 PartOfSpeech=CC] [Text=routine CharacterOffsetBegin=229 CharacterOffsetEnd=236 PartOfSpeech=JJ] [Text=, CharacterOffsetBegin=236 CharacterOffsetEnd=237 PartOfSpeech=,] [Text=falls CharacterOffsetBegin=238 CharacterOffsetEnd=243 PartOfSpeech=VBZ] [Text=very CharacterOffsetBegin=244 CharacterOffsetEnd=248 PartOfSpeech=RB] [Text=short CharacterOffsetBegin=249 CharacterOffsetEnd=254 PartOfSpeech=JJ] [Text=of CharacterOffsetBegin=255 CharacterOffsetEnd=257 PartOfSpeech=IN] [Text=honoring CharacterOffsetBegin=258 CharacterOffsetEnd=266 PartOfSpeech=VBG] [Text=them CharacterOffsetBegin=267 CharacterOffsetEnd=271 PartOfSpeech=PRP] [Text=, CharacterOffsetBegin=271 CharacterOffsetEnd=272 PartOfSpeech=,] [Text=or CharacterOffsetBegin=273 CharacterOffsetEnd=275 PartOfSpeech=CC] [Text=even CharacterOffsetBegin=276 CharacterOffsetEnd=280 PartOfSpeech=RB] [Text=being CharacterOffsetBegin=281 CharacterOffsetEnd=286 PartOfSpeech=VBG] [Text=a CharacterOffsetBegin=287 CharacterOffsetEnd=288 PartOfSpeech=DT] [Text=movie CharacterOffsetBegin=289 CharacterOffsetEnd=294 PartOfSpeech=NN] [Text=of CharacterOffsetBegin=295 CharacterOffsetEnd=297 PartOfSpeech=IN] [Text=any CharacterOffsetBegin=298 CharacterOffsetEnd=301 PartOfSpeech=DT] [Text=substance CharacterOffsetBegin=302 CharacterOffsetEnd=311 PartOfSpeech=NN] [Text=. CharacterOffsetBegin=311 CharacterOffsetEnd=312 PartOfSpeech=.] 
root(ROOT-0, movie-2)
det(movie-2, This-1)
punct(movie-2, ,-3)
mark(falls-22, while-4)
det(attempt-7, a-5)
amod(attempt-7, great-6)
nsubj(falls-22, attempt-7)
prep(attempt-7, at-8)
punct(Laurel-12, `-9)
nn(Laurel-12, imitating-10)
punct(Laurel-12, '-11)
pobj(at-8, Laurel-12)
cc(Laurel-12, and-13)
conj(Laurel-12, Hardy-14)
prep(attempt-7, through-15)
pobj(through-15, appearance-16)
punct(appearance-16, ,-17)
conj(appearance-16, sound-18)
cc(appearance-16, and-19)
conj(appearance-16, routine-20)
punct(attempt-7, ,-21)
advcl(movie-2, falls-22)
advmod(short-24, very-23)
advmod(falls-22, short-24)
prep(short-24, of-25)
pobj(of-25, honoring-26)
dobj(honoring-26, them-27)
punct(honoring-26, ,-28)
cc(honoring-26, or-29)
advmod(movie-33, even-30)
cop(movie-33, being-31)
det(movie-33, a-32)
conj(honoring-26, movie-33)
prep(movie-33, of-34)
det(substance-36, any-35)
pobj(of-34, substance-36)
punct(movie-2, .-37)

Sentence #4 (5 tokens):
I blame Larry Harmon.
[Text=I CharacterOffsetBegin=317 CharacterOffsetEnd=318 PartOfSpeech=PRP] [Text=blame CharacterOffsetBegin=319 CharacterOffsetEnd=324 PartOfSpeech=VBP] [Text=Larry CharacterOffsetBegin=325 CharacterOffsetEnd=330 PartOfSpeech=NNP] [Text=Harmon CharacterOffsetBegin=331 CharacterOffsetEnd=337 PartOfSpeech=NNP] [Text=. CharacterOffsetBegin=337 CharacterOffsetEnd=338 PartOfSpeech=.] 
root(ROOT-0, blame-2)
nsubj(blame-2, I-1)
nn(Harmon-4, Larry-3)
dobj(blame-2, Harmon-4)
punct(blame-2, .-5)

Sentence #5 (59 tokens):
Dialogue is torn from old L+H movies and planted in unrealistically, the plot is muddled with useless characterization of the other needless co-stars, Pinchot's accent was bizarre for Stan, and while Sartain did an excellent job with Ollie's accent, he tried too hard to create the wonderful mix that was Mr. Hardy.
[Text=Dialogue CharacterOffsetBegin=343 CharacterOffsetEnd=351 PartOfSpeech=NN] [Text=is CharacterOffsetBegin=352 CharacterOffsetEnd=354 PartOfSpeech=VBZ] [Text=torn CharacterOffsetBegin=355 CharacterOffsetEnd=359 PartOfSpeech=VBN] [Text=from CharacterOffsetBegin=360 CharacterOffsetEnd=364 PartOfSpeech=IN] [Text=old CharacterOffsetBegin=365 CharacterOffsetEnd=368 PartOfSpeech=JJ] [Text=L+H CharacterOffsetBegin=369 CharacterOffsetEnd=372 PartOfSpeech=NN] [Text=movies CharacterOffsetBegin=373 CharacterOffsetEnd=379 PartOfSpeech=NNS] [Text=and CharacterOffsetBegin=380 CharacterOffsetEnd=383 PartOfSpeech=CC] [Text=planted CharacterOffsetBegin=384 CharacterOffsetEnd=391 PartOfSpeech=VBN] [Text=in CharacterOffsetBegin=392 CharacterOffsetEnd=394 PartOfSpeech=IN] [Text=unrealistically CharacterOffsetBegin=395 CharacterOffsetEnd=410 PartOfSpeech=RB] [Text=, CharacterOffsetBegin=410 CharacterOffsetEnd=411 PartOfSpeech=,] [Text=the CharacterOffsetBegin=412 CharacterOffsetEnd=415 PartOfSpeech=DT] [Text=plot CharacterOffsetBegin=416 CharacterOffsetEnd=420 PartOfSpeech=NN] [Text=is CharacterOffsetBegin=421 CharacterOffsetEnd=423 PartOfSpeech=VBZ] [Text=muddled CharacterOffsetBegin=424 CharacterOffsetEnd=431 PartOfSpeech=VBN] [Text=with CharacterOffsetBegin=432 CharacterOffsetEnd=436 PartOfSpeech=IN] [Text=useless CharacterOffsetBegin=437 CharacterOffsetEnd=444 PartOfSpeech=JJ] [Text=characterization CharacterOffsetBegin=445 CharacterOffsetEnd=461 PartOfSpeech=NN] [Text=of CharacterOffsetBegin=462 CharacterOffsetEnd=464 PartOfSpeech=IN] [Text=the CharacterOffsetBegin=465 CharacterOffsetEnd=468 PartOfSpeech=DT] [Text=other CharacterOffsetBegin=469 CharacterOffsetEnd=474 PartOfSpeech=JJ] [Text=needless CharacterOffsetBegin=475 CharacterOffsetEnd=483 PartOfSpeech=JJ] [Text=co-stars CharacterOffsetBegin=484 CharacterOffsetEnd=492 PartOfSpeech=NNS] [Text=, CharacterOffsetBegin=492 CharacterOffsetEnd=493 PartOfSpeech=,] [Text=Pinchot CharacterOffsetBegin=494 CharacterOffsetEnd=501 PartOfSpeech=NNP] [Text='s CharacterOffsetBegin=501 CharacterOffsetEnd=503 PartOfSpeech=POS] [Text=accent CharacterOffsetBegin=504 CharacterOffsetEnd=510 PartOfSpeech=NN] [Text=was CharacterOffsetBegin=511 CharacterOffsetEnd=514 PartOfSpeech=VBD] [Text=bizarre CharacterOffsetBegin=515 CharacterOffsetEnd=522 PartOfSpeech=JJ] [Text=for CharacterOffsetBegin=523 CharacterOffsetEnd=526 PartOfSpeech=IN] [Text=Stan CharacterOffsetBegin=527 CharacterOffsetEnd=531 PartOfSpeech=NNP] [Text=, CharacterOffsetBegin=531 CharacterOffsetEnd=532 PartOfSpeech=,] [Text=and CharacterOffsetBegin=533 CharacterOffsetEnd=536 PartOfSpeech=CC] [Text=while CharacterOffsetBegin=537 CharacterOffsetEnd=542 PartOfSpeech=IN] [Text=Sartain CharacterOffsetBegin=543 CharacterOffsetEnd=550 PartOfSpeech=NNP] [Text=did CharacterOffsetBegin=551 CharacterOffsetEnd=554 PartOfSpeech=VBD] [Text=an CharacterOffsetBegin=555 CharacterOffsetEnd=557 PartOfSpeech=DT] [Text=excellent CharacterOffsetBegin=558 CharacterOffsetEnd=567 PartOfSpeech=JJ] [Text=job CharacterOffsetBegin=568 CharacterOffsetEnd=571 PartOfSpeech=NN] [Text=with CharacterOffsetBegin=572 CharacterOffsetEnd=576 PartOfSpeech=IN] [Text=Ollie CharacterOffsetBegin=577 CharacterOffsetEnd=582 PartOfSpeech=NNP] [Text='s CharacterOffsetBegin=582 CharacterOffsetEnd=584 PartOfSpeech=POS] [Text=accent CharacterOffsetBegin=585 CharacterOffsetEnd=591 PartOfSpeech=NN] [Text=, CharacterOffsetBegin=591 CharacterOffsetEnd=592 PartOfSpeech=,] [Text=he CharacterOffsetBegin=593 CharacterOffsetEnd=595 PartOfSpeech=PRP] [Text=tried CharacterOffsetBegin=596 CharacterOffsetEnd=601 PartOfSpeech=VBD] [Text=too CharacterOffsetBegin=602 CharacterOffsetEnd=605 PartOfSpeech=RB] [Text=hard CharacterOffsetBegin=606 CharacterOffsetEnd=610 PartOfSpeech=JJ] [Text=to CharacterOffsetBegin=611 CharacterOffsetEnd=613 PartOfSpeech=TO] [Text=create CharacterOffsetBegin=614 CharacterOffsetEnd=620 PartOfSpeech=VB] [Text=the CharacterOffsetBegin=621 CharacterOffsetEnd=624 PartOfSpeech=DT] [Text=wonderful CharacterOffsetBegin=625 CharacterOffsetEnd=634 PartOfSpeech=JJ] [Text=mix CharacterOffsetBegin=635 CharacterOffsetEnd=638 PartOfSpeech=NN] [Text=that CharacterOffsetBegin=639 CharacterOffsetEnd=643 PartOfSpeech=WDT] [Text=was CharacterOffsetBegin=644 CharacterOffsetEnd=647 PartOfSpeech=VBD] [Text=Mr. CharacterOffsetBegin=648 CharacterOffsetEnd=651 PartOfSpeech=NNP] [Text=Hardy CharacterOffsetBegin=652 CharacterOffsetEnd=657 PartOfSpeech=NNP] [Text=. CharacterOffsetBegin=657 CharacterOffsetEnd=658 PartOfSpeech=.] 
root(ROOT-0, muddled-16)
nsubjpass(torn-3, Dialogue-1)
auxpass(torn-3, is-2)
partmod(muddled-16, torn-3)
prep(torn-3, from-4)
amod(movies-7, old-5)
nn(movies-7, L+H-6)
pobj(from-4, movies-7)
cc(movies-7, and-8)
conj(movies-7, planted-9)
prep(planted-9, in-10)
pobj(in-10, unrealistically-11)
punct(muddled-16, ,-12)
det(plot-14, the-13)
nsubjpass(muddled-16, plot-14)
auxpass(muddled-16, is-15)
prep(muddled-16, with-17)
amod(characterization-19, useless-18)
pobj(with-17, characterization-19)
prep(characterization-19, of-20)
det(co-stars-24, the-21)
amod(co-stars-24, other-22)
amod(co-stars-24, needless-23)
pobj(of-20, co-stars-24)
punct(muddled-16, ,-25)
poss(accent-28, Pinchot-26)
possessive(Pinchot-26, 's-27)
nsubj(bizarre-30, accent-28)
cop(bizarre-30, was-29)
conj(muddled-16, bizarre-30)
prep(bizarre-30, for-31)
pobj(for-31, Stan-32)
punct(muddled-16, ,-33)
cc(muddled-16, and-34)
mark(did-37, while-35)
nsubj(did-37, Sartain-36)
advcl(tried-47, did-37)
det(job-40, an-38)
amod(job-40, excellent-39)
dobj(did-37, job-40)
prep(job-40, with-41)
poss(accent-44, Ollie-42)
possessive(Ollie-42, 's-43)
pobj(with-41, accent-44)
punct(tried-47, ,-45)
nsubj(tried-47, he-46)
conj(muddled-16, tried-47)
advmod(hard-49, too-48)
advmod(tried-47, hard-49)
aux(create-51, to-50)
xcomp(tried-47, create-51)
det(mix-54, the-52)
amod(mix-54, wonderful-53)
dobj(create-51, mix-54)
nsubj(Hardy-58, that-55)
cop(Hardy-58, was-56)
nn(Hardy-58, Mr.-57)
rcmod(mix-54, Hardy-58)
punct(muddled-16, .-59)

Sentence #6 (9 tokens):
Where was a (good) musical number?
[Text=Where CharacterOffsetBegin=663 CharacterOffsetEnd=668 PartOfSpeech=WRB] [Text=was CharacterOffsetBegin=669 CharacterOffsetEnd=672 PartOfSpeech=VBD] [Text=a CharacterOffsetBegin=673 CharacterOffsetEnd=674 PartOfSpeech=DT] [Text=-LRB- CharacterOffsetBegin=675 CharacterOffsetEnd=676 PartOfSpeech=-LRB-] [Text=good CharacterOffsetBegin=676 CharacterOffsetEnd=680 PartOfSpeech=JJ] [Text=-RRB- CharacterOffsetBegin=680 CharacterOffsetEnd=681 PartOfSpeech=-RRB-] [Text=musical CharacterOffsetBegin=682 CharacterOffsetEnd=689 PartOfSpeech=JJ] [Text=number CharacterOffsetBegin=690 CharacterOffsetEnd=696 PartOfSpeech=NN] [Text=? CharacterOffsetBegin=696 CharacterOffsetEnd=697 PartOfSpeech=.] 
root(ROOT-0, number-8)
advmod(number-8, Where-1)
cop(number-8, was-2)
det(number-8, a-3)
punct(good-5, -LRB--4)
amod(number-8, good-5)
punct(good-5, -RRB--6)
amod(number-8, musical-7)
punct(number-8, ?-9)

Sentence #7 (33 tokens):
Editing is choppy, acting is stiff, lines are horrid, physics are -implausable- (although perhaps they were TRYING to give it that feel of cheap sets?
    )
[Text=Editing CharacterOffsetBegin=702 CharacterOffsetEnd=709 PartOfSpeech=NN] [Text=is CharacterOffsetBegin=710 CharacterOffsetEnd=712 PartOfSpeech=VBZ] [Text=choppy CharacterOffsetBegin=713 CharacterOffsetEnd=719 PartOfSpeech=JJ] [Text=, CharacterOffsetBegin=719 CharacterOffsetEnd=720 PartOfSpeech=,] [Text=acting CharacterOffsetBegin=721 CharacterOffsetEnd=727 PartOfSpeech=VBG] [Text=is CharacterOffsetBegin=728 CharacterOffsetEnd=730 PartOfSpeech=VBZ] [Text=stiff CharacterOffsetBegin=731 CharacterOffsetEnd=736 PartOfSpeech=JJ] [Text=, CharacterOffsetBegin=736 CharacterOffsetEnd=737 PartOfSpeech=,] [Text=lines CharacterOffsetBegin=738 CharacterOffsetEnd=743 PartOfSpeech=NNS] [Text=are CharacterOffsetBegin=744 CharacterOffsetEnd=747 PartOfSpeech=VBP] [Text=horrid CharacterOffsetBegin=748 CharacterOffsetEnd=754 PartOfSpeech=JJ] [Text=, CharacterOffsetBegin=754 CharacterOffsetEnd=755 PartOfSpeech=,] [Text=physics CharacterOffsetBegin=756 CharacterOffsetEnd=763 PartOfSpeech=NNS] [Text=are CharacterOffsetBegin=764 CharacterOffsetEnd=767 PartOfSpeech=VBP] [Text=- CharacterOffsetBegin=768 CharacterOffsetEnd=769 PartOfSpeech=:] [Text=implausable CharacterOffsetBegin=769 CharacterOffsetEnd=780 PartOfSpeech=JJ] [Text=- CharacterOffsetBegin=780 CharacterOffsetEnd=781 PartOfSpeech=:] [Text=-LRB- CharacterOffsetBegin=782 CharacterOffsetEnd=783 PartOfSpeech=-LRB-] [Text=although CharacterOffsetBegin=783 CharacterOffsetEnd=791 PartOfSpeech=IN] [Text=perhaps CharacterOffsetBegin=792 CharacterOffsetEnd=799 PartOfSpeech=RB] [Text=they CharacterOffsetBegin=800 CharacterOffsetEnd=804 PartOfSpeech=PRP] [Text=were CharacterOffsetBegin=805 CharacterOffsetEnd=809 PartOfSpeech=VBD] [Text=TRYING CharacterOffsetBegin=810 CharacterOffsetEnd=816 PartOfSpeech=VBG] [Text=to CharacterOffsetBegin=817 CharacterOffsetEnd=819 PartOfSpeech=TO] [Text=give CharacterOffsetBegin=820 CharacterOffsetEnd=824 PartOfSpeech=VB] [Text=it CharacterOffsetBegin=825 CharacterOffsetEnd=827 PartOfSpeech=PRP] [Text=that CharacterOffsetBegin=828 CharacterOffsetEnd=832 PartOfSpeech=IN] [Text=feel CharacterOffsetBegin=833 CharacterOffsetEnd=837 PartOfSpeech=NN] [Text=of CharacterOffsetBegin=838 CharacterOffsetEnd=840 PartOfSpeech=IN] [Text=cheap CharacterOffsetBegin=841 CharacterOffsetEnd=846 PartOfSpeech=JJ] [Text=sets CharacterOffsetBegin=847 CharacterOffsetEnd=851 PartOfSpeech=NNS] [Text=? CharacterOffsetBegin=851 CharacterOffsetEnd=852 PartOfSpeech=.] [Text=-RRB- CharacterOffsetBegin=857 CharacterOffsetEnd=858 PartOfSpeech=-RRB-] 
root(ROOT-0, choppy-3)
nsubj(choppy-3, Editing-1)
cop(choppy-3, is-2)
punct(choppy-3, ,-4)
nsubj(stiff-7, acting-5)
cop(stiff-7, is-6)
ccomp(choppy-3, stiff-7)
punct(choppy-3, ,-8)
nsubj(horrid-11, lines-9)
cop(horrid-11, are-10)
ccomp(choppy-3, horrid-11)
punct(choppy-3, ,-12)
nsubj(implausable-16, physics-13)
cop(implausable-16, are-14)
punct(implausable-16, --15)
dep(choppy-3, implausable-16)
punct(choppy-3, --17)
punct(choppy-3, -LRB--18)
mark(TRYING-23, although-19)
advmod(TRYING-23, perhaps-20)
nsubj(TRYING-23, they-21)
aux(TRYING-23, were-22)
advcl(choppy-3, TRYING-23)
aux(give-25, to-24)
xcomp(TRYING-23, give-25)
dobj(give-25, it-26)
dep(give-25, that-27)
dep(that-27, feel-28)
prep(feel-28, of-29)
amod(sets-31, cheap-30)
pobj(of-29, sets-31)
punct(feel-28, ?-32)
punct(choppy-3, -RRB--33)

Sentence #8 (11 tokens):
, and overall it's a terrible thing to witness.
[Text=, CharacterOffsetBegin=858 CharacterOffsetEnd=859 PartOfSpeech=,] [Text=and CharacterOffsetBegin=860 CharacterOffsetEnd=863 PartOfSpeech=CC] [Text=overall CharacterOffsetBegin=864 CharacterOffsetEnd=871 PartOfSpeech=JJ] [Text=it CharacterOffsetBegin=872 CharacterOffsetEnd=874 PartOfSpeech=PRP] [Text='s CharacterOffsetBegin=874 CharacterOffsetEnd=876 PartOfSpeech=VBZ] [Text=a CharacterOffsetBegin=877 CharacterOffsetEnd=878 PartOfSpeech=DT] [Text=terrible CharacterOffsetBegin=879 CharacterOffsetEnd=887 PartOfSpeech=JJ] [Text=thing CharacterOffsetBegin=888 CharacterOffsetEnd=893 PartOfSpeech=NN] [Text=to CharacterOffsetBegin=894 CharacterOffsetEnd=896 PartOfSpeech=TO] [Text=witness CharacterOffsetBegin=897 CharacterOffsetEnd=904 PartOfSpeech=NN] [Text=. CharacterOffsetBegin=904 CharacterOffsetEnd=905 PartOfSpeech=.] 
root(ROOT-0, thing-8)
punct(overall-3, ,-1)
cc(overall-3, and-2)
dep(thing-8, overall-3)
nsubj(thing-8, it-4)
cop(thing-8, 's-5)
det(thing-8, a-6)
amod(thing-8, terrible-7)
prep(thing-8, to-9)
pobj(to-9, witness-10)
punct(thing-8, .-11)

Sentence #9 (28 tokens):
It's even more painful to watch than ATOLL K, where the legendary duo did their last film in awful 1950's era writing and photography.
[Text=It CharacterOffsetBegin=910 CharacterOffsetEnd=912 PartOfSpeech=PRP] [Text='s CharacterOffsetBegin=912 CharacterOffsetEnd=914 PartOfSpeech=VBZ] [Text=even CharacterOffsetBegin=915 CharacterOffsetEnd=919 PartOfSpeech=RB] [Text=more CharacterOffsetBegin=920 CharacterOffsetEnd=924 PartOfSpeech=RBR] [Text=painful CharacterOffsetBegin=925 CharacterOffsetEnd=932 PartOfSpeech=JJ] [Text=to CharacterOffsetBegin=933 CharacterOffsetEnd=935 PartOfSpeech=TO] [Text=watch CharacterOffsetBegin=936 CharacterOffsetEnd=941 PartOfSpeech=VB] [Text=than CharacterOffsetBegin=942 CharacterOffsetEnd=946 PartOfSpeech=IN] [Text=ATOLL CharacterOffsetBegin=947 CharacterOffsetEnd=952 PartOfSpeech=NN] [Text=K CharacterOffsetBegin=953 CharacterOffsetEnd=954 PartOfSpeech=NN] [Text=, CharacterOffsetBegin=954 CharacterOffsetEnd=955 PartOfSpeech=,] [Text=where CharacterOffsetBegin=956 CharacterOffsetEnd=961 PartOfSpeech=WRB] [Text=the CharacterOffsetBegin=962 CharacterOffsetEnd=965 PartOfSpeech=DT] [Text=legendary CharacterOffsetBegin=966 CharacterOffsetEnd=975 PartOfSpeech=JJ] [Text=duo CharacterOffsetBegin=976 CharacterOffsetEnd=979 PartOfSpeech=NN] [Text=did CharacterOffsetBegin=980 CharacterOffsetEnd=983 PartOfSpeech=VBD] [Text=their CharacterOffsetBegin=984 CharacterOffsetEnd=989 PartOfSpeech=PRP$] [Text=last CharacterOffsetBegin=990 CharacterOffsetEnd=994 PartOfSpeech=JJ] [Text=film CharacterOffsetBegin=995 CharacterOffsetEnd=999 PartOfSpeech=NN] [Text=in CharacterOffsetBegin=1000 CharacterOffsetEnd=1002 PartOfSpeech=IN] [Text=awful CharacterOffsetBegin=1003 CharacterOffsetEnd=1008 PartOfSpeech=JJ] [Text=1950 CharacterOffsetBegin=1009 CharacterOffsetEnd=1013 PartOfSpeech=CD] [Text='s CharacterOffsetBegin=1013 CharacterOffsetEnd=1015 PartOfSpeech=POS] [Text=era CharacterOffsetBegin=1016 CharacterOffsetEnd=1019 PartOfSpeech=NN] [Text=writing CharacterOffsetBegin=1020 CharacterOffsetEnd=1027 PartOfSpeech=NN] [Text=and CharacterOffsetBegin=1028 CharacterOffsetEnd=1031 PartOfSpeech=CC] [Text=photography CharacterOffsetBegin=1032 CharacterOffsetEnd=1043 PartOfSpeech=NN] [Text=. CharacterOffsetBegin=1043 CharacterOffsetEnd=1044 PartOfSpeech=.] 
root(ROOT-0, painful-5)
nsubj(painful-5, It-1)
cop(painful-5, 's-2)
advmod(more-4, even-3)
advmod(painful-5, more-4)
aux(watch-7, to-6)
xcomp(painful-5, watch-7)
prep(watch-7, than-8)
nn(K-10, ATOLL-9)
pobj(than-8, K-10)
punct(K-10, ,-11)
advmod(did-16, where-12)
det(duo-15, the-13)
amod(duo-15, legendary-14)
nsubj(did-16, duo-15)
rcmod(K-10, did-16)
poss(film-19, their-17)
amod(film-19, last-18)
dobj(did-16, film-19)
prep(did-16, in-20)
amod(1950-22, awful-21)
poss(writing-25, 1950-22)
possessive(1950-22, 's-23)
nn(writing-25, era-24)
pobj(in-20, writing-25)
cc(writing-25, and-26)
conj(writing-25, photography-27)
punct(painful-5, .-28)

Sentence #10 (25 tokens):
Do yourself a favor and watch as much of the ORIGINAL Laurel and Hardy films as you can, and learn how things WERE.
[Text=Do CharacterOffsetBegin=1049 CharacterOffsetEnd=1051 PartOfSpeech=VB] [Text=yourself CharacterOffsetBegin=1052 CharacterOffsetEnd=1060 PartOfSpeech=PRP] [Text=a CharacterOffsetBegin=1061 CharacterOffsetEnd=1062 PartOfSpeech=DT] [Text=favor CharacterOffsetBegin=1063 CharacterOffsetEnd=1068 PartOfSpeech=NN] [Text=and CharacterOffsetBegin=1069 CharacterOffsetEnd=1072 PartOfSpeech=CC] [Text=watch CharacterOffsetBegin=1073 CharacterOffsetEnd=1078 PartOfSpeech=NN] [Text=as CharacterOffsetBegin=1079 CharacterOffsetEnd=1081 PartOfSpeech=RB] [Text=much CharacterOffsetBegin=1082 CharacterOffsetEnd=1086 PartOfSpeech=JJ] [Text=of CharacterOffsetBegin=1087 CharacterOffsetEnd=1089 PartOfSpeech=IN] [Text=the CharacterOffsetBegin=1090 CharacterOffsetEnd=1093 PartOfSpeech=DT] [Text=ORIGINAL CharacterOffsetBegin=1094 CharacterOffsetEnd=1102 PartOfSpeech=NNP] [Text=Laurel CharacterOffsetBegin=1103 CharacterOffsetEnd=1109 PartOfSpeech=NNP] [Text=and CharacterOffsetBegin=1110 CharacterOffsetEnd=1113 PartOfSpeech=CC] [Text=Hardy CharacterOffsetBegin=1114 CharacterOffsetEnd=1119 PartOfSpeech=NNP] [Text=films CharacterOffsetBegin=1120 CharacterOffsetEnd=1125 PartOfSpeech=NNS] [Text=as CharacterOffsetBegin=1126 CharacterOffsetEnd=1128 PartOfSpeech=IN] [Text=you CharacterOffsetBegin=1129 CharacterOffsetEnd=1132 PartOfSpeech=PRP] [Text=can CharacterOffsetBegin=1133 CharacterOffsetEnd=1136 PartOfSpeech=MD] [Text=, CharacterOffsetBegin=1136 CharacterOffsetEnd=1137 PartOfSpeech=,] [Text=and CharacterOffsetBegin=1138 CharacterOffsetEnd=1141 PartOfSpeech=CC] [Text=learn CharacterOffsetBegin=1142 CharacterOffsetEnd=1147 PartOfSpeech=VB] [Text=how CharacterOffsetBegin=1148 CharacterOffsetEnd=1151 PartOfSpeech=WRB] [Text=things CharacterOffsetBegin=1152 CharacterOffsetEnd=1158 PartOfSpeech=NNS] [Text=WERE CharacterOffsetBegin=1159 CharacterOffsetEnd=1163 PartOfSpeech=VBP] [Text=. CharacterOffsetBegin=1163 CharacterOffsetEnd=1164 PartOfSpeech=.] 
root(ROOT-0, Do-1)
nsubj(favor-4, yourself-2)
det(favor-4, a-3)
ccomp(Do-1, favor-4)
cc(favor-4, and-5)
conj(favor-4, watch-6)
advmod(much-8, as-7)
amod(favor-4, much-8)
prep(much-8, of-9)
det(Laurel-12, the-10)
nn(Laurel-12, ORIGINAL-11)
pobj(of-9, Laurel-12)
cc(Laurel-12, and-13)
nn(films-15, Hardy-14)
conj(Laurel-12, films-15)
mark(can-18, as-16)
nsubj(can-18, you-17)
ccomp(much-8, can-18)
punct(Do-1, ,-19)
cc(Do-1, and-20)
conj(Do-1, learn-21)
advmod(WERE-24, how-22)
nsubj(WERE-24, things-23)
ccomp(learn-21, WERE-24)
punct(Do-1, .-25)

Sentence #11 (11 tokens):
You know what a MAGNATE is, don't you?
[Text=You CharacterOffsetBegin=1169 CharacterOffsetEnd=1172 PartOfSpeech=PRP] [Text=know CharacterOffsetBegin=1173 CharacterOffsetEnd=1177 PartOfSpeech=VBP] [Text=what CharacterOffsetBegin=1178 CharacterOffsetEnd=1182 PartOfSpeech=WP] [Text=a CharacterOffsetBegin=1183 CharacterOffsetEnd=1184 PartOfSpeech=DT] [Text=MAGNATE CharacterOffsetBegin=1185 CharacterOffsetEnd=1192 PartOfSpeech=NN] [Text=is CharacterOffsetBegin=1193 CharacterOffsetEnd=1195 PartOfSpeech=VBZ] [Text=, CharacterOffsetBegin=1195 CharacterOffsetEnd=1196 PartOfSpeech=,] [Text=do CharacterOffsetBegin=1197 CharacterOffsetEnd=1199 PartOfSpeech=VBP] [Text=n't CharacterOffsetBegin=1199 CharacterOffsetEnd=1202 PartOfSpeech=RB] [Text=you CharacterOffsetBegin=1203 CharacterOffsetEnd=1206 PartOfSpeech=PRP] [Text=? CharacterOffsetBegin=1206 CharacterOffsetEnd=1207 PartOfSpeech=.] 
root(ROOT-0, know-2)
nsubj(know-2, You-1)
dobj(is-6, what-3)
det(MAGNATE-5, a-4)
nsubj(is-6, MAGNATE-5)
ccomp(know-2, is-6)
punct(know-2, ,-7)
dep(know-2, do-8)
neg(you-10, n't-9)
dobj(do-8, you-10)
punct(know-2, ?-11)

Sentence #12 (26 tokens):
Stan Laurel did not perpetually reply with semi-moronic quips at every sentence.I pity anyone who thinks that THIS was a decent update/honor of the boys.
[Text=Stan CharacterOffsetBegin=1212 CharacterOffsetEnd=1216 PartOfSpeech=NNP] [Text=Laurel CharacterOffsetBegin=1217 CharacterOffsetEnd=1223 PartOfSpeech=NNP] [Text=did CharacterOffsetBegin=1224 CharacterOffsetEnd=1227 PartOfSpeech=VBD] [Text=not CharacterOffsetBegin=1228 CharacterOffsetEnd=1231 PartOfSpeech=RB] [Text=perpetually CharacterOffsetBegin=1232 CharacterOffsetEnd=1243 PartOfSpeech=RB] [Text=reply CharacterOffsetBegin=1244 CharacterOffsetEnd=1249 PartOfSpeech=VB] [Text=with CharacterOffsetBegin=1250 CharacterOffsetEnd=1254 PartOfSpeech=IN] [Text=semi-moronic CharacterOffsetBegin=1255 CharacterOffsetEnd=1267 PartOfSpeech=JJ] [Text=quips CharacterOffsetBegin=1268 CharacterOffsetEnd=1273 PartOfSpeech=NNS] [Text=at CharacterOffsetBegin=1274 CharacterOffsetEnd=1276 PartOfSpeech=IN] [Text=every CharacterOffsetBegin=1277 CharacterOffsetEnd=1282 PartOfSpeech=DT] [Text=sentence.I CharacterOffsetBegin=1283 CharacterOffsetEnd=1293 PartOfSpeech=NN] [Text=pity CharacterOffsetBegin=1294 CharacterOffsetEnd=1298 PartOfSpeech=NN] [Text=anyone CharacterOffsetBegin=1299 CharacterOffsetEnd=1305 PartOfSpeech=NN] [Text=who CharacterOffsetBegin=1306 CharacterOffsetEnd=1309 PartOfSpeech=WP] [Text=thinks CharacterOffsetBegin=1310 CharacterOffsetEnd=1316 PartOfSpeech=VBZ] [Text=that CharacterOffsetBegin=1317 CharacterOffsetEnd=1321 PartOfSpeech=IN] [Text=THIS CharacterOffsetBegin=1322 CharacterOffsetEnd=1326 PartOfSpeech=NN] [Text=was CharacterOffsetBegin=1327 CharacterOffsetEnd=1330 PartOfSpeech=VBD] [Text=a CharacterOffsetBegin=1331 CharacterOffsetEnd=1332 PartOfSpeech=DT] [Text=decent CharacterOffsetBegin=1333 CharacterOffsetEnd=1339 PartOfSpeech=JJ] [Text=update/honor CharacterOffsetBegin=1340 CharacterOffsetEnd=1352 PartOfSpeech=NN] [Text=of CharacterOffsetBegin=1353 CharacterOffsetEnd=1355 PartOfSpeech=IN] [Text=the CharacterOffsetBegin=1356 CharacterOffsetEnd=1359 PartOfSpeech=DT] [Text=boys CharacterOffsetBegin=1360 CharacterOffsetEnd=1364 PartOfSpeech=NNS] [Text=. CharacterOffsetBegin=1364 CharacterOffsetEnd=1365 PartOfSpeech=.] 
root(ROOT-0, reply-6)
nn(Laurel-2, Stan-1)
nsubj(reply-6, Laurel-2)
aux(reply-6, did-3)
neg(reply-6, not-4)
advmod(reply-6, perpetually-5)
prep(reply-6, with-7)
amod(quips-9, semi-moronic-8)
pobj(with-7, quips-9)
prep(quips-9, at-10)
det(anyone-14, every-11)
nn(anyone-14, sentence.I-12)
nn(anyone-14, pity-13)
pobj(at-10, anyone-14)
nsubj(thinks-16, who-15)
rcmod(anyone-14, thinks-16)
mark(update/honor-22, that-17)
nsubj(update/honor-22, THIS-18)
cop(update/honor-22, was-19)
det(update/honor-22, a-20)
amod(update/honor-22, decent-21)
ccomp(thinks-16, update/honor-22)
prep(update/honor-22, of-23)
det(boys-25, the-24)
pobj(of-23, boys-25)
punct(reply-6, .-26)

Sentence #13 (7 tokens):
Where was THE CLASSIC THEME SONG?!?
[Text=Where CharacterOffsetBegin=1370 CharacterOffsetEnd=1375 PartOfSpeech=WRB] [Text=was CharacterOffsetBegin=1376 CharacterOffsetEnd=1379 PartOfSpeech=VBD] [Text=THE CharacterOffsetBegin=1380 CharacterOffsetEnd=1383 PartOfSpeech=DT] [Text=CLASSIC CharacterOffsetBegin=1384 CharacterOffsetEnd=1391 PartOfSpeech=NN] [Text=THEME CharacterOffsetBegin=1392 CharacterOffsetEnd=1397 PartOfSpeech=NN] [Text=SONG CharacterOffsetBegin=1398 CharacterOffsetEnd=1402 PartOfSpeech=NNP] [Text=?!? CharacterOffsetBegin=1402 CharacterOffsetEnd=1405 PartOfSpeech=CD] 
root(ROOT-0, SONG-6)
advmod(SONG-6, Where-1)
cop(SONG-6, was-2)
det(SONG-6, THE-3)
nn(SONG-6, CLASSIC-4)
nn(SONG-6, THEME-5)
num(SONG-6, ?!?-7)

Sentence #14 (10 tokens):
Why ruin 'Here's another fine mess'?
[Text=Why CharacterOffsetBegin=1410 CharacterOffsetEnd=1413 PartOfSpeech=WRB] [Text=ruin CharacterOffsetBegin=1414 CharacterOffsetEnd=1418 PartOfSpeech=VBP] [Text=` CharacterOffsetBegin=1419 CharacterOffsetEnd=1420 PartOfSpeech=``] [Text=Here CharacterOffsetBegin=1420 CharacterOffsetEnd=1424 PartOfSpeech=RB] [Text='s CharacterOffsetBegin=1424 CharacterOffsetEnd=1426 PartOfSpeech=POS] [Text=another CharacterOffsetBegin=1427 CharacterOffsetEnd=1434 PartOfSpeech=DT] [Text=fine CharacterOffsetBegin=1435 CharacterOffsetEnd=1439 PartOfSpeech=JJ] [Text=mess CharacterOffsetBegin=1440 CharacterOffsetEnd=1444 PartOfSpeech=NN] [Text=' CharacterOffsetBegin=1444 CharacterOffsetEnd=1445 PartOfSpeech=''] [Text=? CharacterOffsetBegin=1445 CharacterOffsetEnd=1446 PartOfSpeech=.] 
root(ROOT-0, ruin-2)
advmod(ruin-2, Why-1)
punct(ruin-2, `-3)
advmod('s-5, Here-4)
dobj(ruin-2, 's-5)
det(mess-8, another-6)
amod(mess-8, fine-7)
nsubj('s-5, mess-8)
punct(ruin-2, '-9)
punct(ruin-2, ?-10)

Sentence #15 (8 tokens):
Why skip 'any the wiser'?
[Text=Why CharacterOffsetBegin=1451 CharacterOffsetEnd=1454 PartOfSpeech=WRB] [Text=skip CharacterOffsetBegin=1455 CharacterOffsetEnd=1459 PartOfSpeech=VBP] [Text=` CharacterOffsetBegin=1460 CharacterOffsetEnd=1461 PartOfSpeech=``] [Text=any CharacterOffsetBegin=1461 CharacterOffsetEnd=1464 PartOfSpeech=DT] [Text=the CharacterOffsetBegin=1465 CharacterOffsetEnd=1468 PartOfSpeech=DT] [Text=wiser CharacterOffsetBegin=1469 CharacterOffsetEnd=1474 PartOfSpeech=JJR] [Text=' CharacterOffsetBegin=1474 CharacterOffsetEnd=1475 PartOfSpeech=''] [Text=? CharacterOffsetBegin=1475 CharacterOffsetEnd=1476 PartOfSpeech=.] 
root(ROOT-0, skip-2)
advmod(skip-2, Why-1)
punct(skip-2, `-3)
dobj(skip-2, any-4)
det(wiser-6, the-5)
dep(any-4, wiser-6)
punct(wiser-6, '-7)
punct(skip-2, ?-8)

Sentence #16 (9 tokens):
Why was there a pointless gaggle of co-stars?!
[Text=Why CharacterOffsetBegin=1481 CharacterOffsetEnd=1484 PartOfSpeech=WRB] [Text=was CharacterOffsetBegin=1485 CharacterOffsetEnd=1488 PartOfSpeech=VBD] [Text=there CharacterOffsetBegin=1489 CharacterOffsetEnd=1494 PartOfSpeech=EX] [Text=a CharacterOffsetBegin=1495 CharacterOffsetEnd=1496 PartOfSpeech=DT] [Text=pointless CharacterOffsetBegin=1497 CharacterOffsetEnd=1506 PartOfSpeech=JJ] [Text=gaggle CharacterOffsetBegin=1507 CharacterOffsetEnd=1513 PartOfSpeech=NN] [Text=of CharacterOffsetBegin=1514 CharacterOffsetEnd=1516 PartOfSpeech=IN] [Text=co-stars CharacterOffsetBegin=1517 CharacterOffsetEnd=1525 PartOfSpeech=NNS] [Text=?! CharacterOffsetBegin=1525 CharacterOffsetEnd=1527 PartOfSpeech=VBP] 
root(ROOT-0, ?!-9)
advmod(gaggle-6, Why-1)
cop(gaggle-6, was-2)
expl(gaggle-6, there-3)
det(gaggle-6, a-4)
amod(gaggle-6, pointless-5)
nsubj(?!-9, gaggle-6)
prep(gaggle-6, of-7)
pobj(of-7, co-stars-8)

Sentence #17 (9 tokens):
WHY MISS GULCH FROM THE WIZARD OF OZ????
[Text=WHY CharacterOffsetBegin=1532 CharacterOffsetEnd=1535 PartOfSpeech=WRB] [Text=MISS CharacterOffsetBegin=1536 CharacterOffsetEnd=1540 PartOfSpeech=NNP] [Text=GULCH CharacterOffsetBegin=1541 CharacterOffsetEnd=1546 PartOfSpeech=NNP] [Text=FROM CharacterOffsetBegin=1547 CharacterOffsetEnd=1551 PartOfSpeech=NNP] [Text=THE CharacterOffsetBegin=1552 CharacterOffsetEnd=1555 PartOfSpeech=DT] [Text=WIZARD CharacterOffsetBegin=1556 CharacterOffsetEnd=1562 PartOfSpeech=NNP] [Text=OF CharacterOffsetBegin=1563 CharacterOffsetEnd=1565 PartOfSpeech=IN] [Text=OZ CharacterOffsetBegin=1566 CharacterOffsetEnd=1568 PartOfSpeech=NNP] [Text=???? CharacterOffsetBegin=1568 CharacterOffsetEnd=1572 PartOfSpeech=CD] 
root(ROOT-0, WHY-1)
nn(FROM-4, MISS-2)
nn(FROM-4, GULCH-3)
dep(WHY-1, FROM-4)
det(WIZARD-6, THE-5)
dep(FROM-4, WIZARD-6)
prep(WIZARD-6, OF-7)
pobj(OF-7, OZ-8)
num(OZ-8, ????-9)

Sentence #18 (8 tokens):
WHY MUST LARRY HARMON BE IN IT?
[Text=WHY CharacterOffsetBegin=1577 CharacterOffsetEnd=1580 PartOfSpeech=WRB] [Text=MUST CharacterOffsetBegin=1581 CharacterOffsetEnd=1585 PartOfSpeech=NNP] [Text=LARRY CharacterOffsetBegin=1586 CharacterOffsetEnd=1591 PartOfSpeech=NNP] [Text=HARMON CharacterOffsetBegin=1592 CharacterOffsetEnd=1598 PartOfSpeech=NNP] [Text=BE CharacterOffsetBegin=1599 CharacterOffsetEnd=1601 PartOfSpeech=VB] [Text=IN CharacterOffsetBegin=1602 CharacterOffsetEnd=1604 PartOfSpeech=IN] [Text=IT CharacterOffsetBegin=1605 CharacterOffsetEnd=1607 PartOfSpeech=PRP] [Text=? CharacterOffsetBegin=1607 CharacterOffsetEnd=1608 PartOfSpeech=.] 
root(ROOT-0, WHY-1)
dep(WHY-1, MUST-2)
dep(MUST-2, LARRY-3)
dep(LARRY-3, HARMON-4)
dep(HARMON-4, BE-5)
prep(BE-5, IN-6)
pobj(IN-6, IT-7)
punct(WHY-1, ?-8)

Sentence #19 (3 tokens):
WHY BOZO!?
[Text=WHY CharacterOffsetBegin=1613 CharacterOffsetEnd=1616 PartOfSpeech=WRB] [Text=BOZO CharacterOffsetBegin=1617 CharacterOffsetEnd=1621 PartOfSpeech=NNP] [Text=!? CharacterOffsetBegin=1621 CharacterOffsetEnd=1623 PartOfSpeech=VBD] 
root(ROOT-0, !?-3)
advmod(BOZO-2, WHY-1)
nsubj(!?-3, BOZO-2)

Sentence #20 (13 tokens):
And did THE LEARNING CHANNEL help fund the thing?I mean, really.
[Text=And CharacterOffsetBegin=1628 CharacterOffsetEnd=1631 PartOfSpeech=CC] [Text=did CharacterOffsetBegin=1632 CharacterOffsetEnd=1635 PartOfSpeech=VBD] [Text=THE CharacterOffsetBegin=1636 CharacterOffsetEnd=1639 PartOfSpeech=DT] [Text=LEARNING CharacterOffsetBegin=1640 CharacterOffsetEnd=1648 PartOfSpeech=VBG] [Text=CHANNEL CharacterOffsetBegin=1649 CharacterOffsetEnd=1656 PartOfSpeech=NN] [Text=help CharacterOffsetBegin=1657 CharacterOffsetEnd=1661 PartOfSpeech=NN] [Text=fund CharacterOffsetBegin=1662 CharacterOffsetEnd=1666 PartOfSpeech=VB] [Text=the CharacterOffsetBegin=1667 CharacterOffsetEnd=1670 PartOfSpeech=DT] [Text=thing?I CharacterOffsetBegin=1671 CharacterOffsetEnd=1678 PartOfSpeech=NNP] [Text=mean CharacterOffsetBegin=1679 CharacterOffsetEnd=1683 PartOfSpeech=NN] [Text=, CharacterOffsetBegin=1683 CharacterOffsetEnd=1684 PartOfSpeech=,] [Text=really CharacterOffsetBegin=1685 CharacterOffsetEnd=1691 PartOfSpeech=RB] [Text=. CharacterOffsetBegin=1691 CharacterOffsetEnd=1692 PartOfSpeech=.] 
root(ROOT-0, And-1)
dep(And-1, did-2)
dep(did-2, THE-3)
dep(THE-3, LEARNING-4)
dobj(LEARNING-4, CHANNEL-5)
dobj(CHANNEL-5, help-6)
ccomp(help-6, fund-7)
det(mean-10, the-8)
nn(mean-10, thing?I-9)
dobj(fund-7, mean-10)
punct(fund-7, ,-11)
advmod(fund-7, really-12)
punct(And-1, .-13)

Sentence #21 (9 tokens):
Fart jokes, for God's sake.FART JOKES.
[Text=Fart CharacterOffsetBegin=1697 CharacterOffsetEnd=1701 PartOfSpeech=NNP] [Text=jokes CharacterOffsetBegin=1702 CharacterOffsetEnd=1707 PartOfSpeech=NNS] [Text=, CharacterOffsetBegin=1707 CharacterOffsetEnd=1708 PartOfSpeech=,] [Text=for CharacterOffsetBegin=1709 CharacterOffsetEnd=1712 PartOfSpeech=IN] [Text=God CharacterOffsetBegin=1713 CharacterOffsetEnd=1716 PartOfSpeech=NNP] [Text='s CharacterOffsetBegin=1716 CharacterOffsetEnd=1718 PartOfSpeech=POS] [Text=sake.FART CharacterOffsetBegin=1719 CharacterOffsetEnd=1728 PartOfSpeech=NNP] [Text=JOKES CharacterOffsetBegin=1729 CharacterOffsetEnd=1734 PartOfSpeech=NNP] [Text=. CharacterOffsetBegin=1734 CharacterOffsetEnd=1735 PartOfSpeech=.] 
root(ROOT-0, jokes-2)
nn(jokes-2, Fart-1)
punct(jokes-2, ,-3)
prep(jokes-2, for-4)
poss(JOKES-8, God-5)
possessive(God-5, 's-6)
nn(JOKES-8, sake.FART-7)
pobj(for-4, JOKES-8)
punct(jokes-2, .-9)

