Sentence #1 (26 tokens):
In a movie that follows a struggling actor, played, evidently, by a struggling actor, this does no favours for Chris Klein.
[Text=In CharacterOffsetBegin=4 CharacterOffsetEnd=6 PartOfSpeech=IN] [Text=a CharacterOffsetBegin=7 CharacterOffsetEnd=8 PartOfSpeech=DT] [Text=movie CharacterOffsetBegin=9 CharacterOffsetEnd=14 PartOfSpeech=NN] [Text=that CharacterOffsetBegin=15 CharacterOffsetEnd=19 PartOfSpeech=WDT] [Text=follows CharacterOffsetBegin=20 CharacterOffsetEnd=27 PartOfSpeech=VBZ] [Text=a CharacterOffsetBegin=28 CharacterOffsetEnd=29 PartOfSpeech=DT] [Text=struggling CharacterOffsetBegin=30 CharacterOffsetEnd=40 PartOfSpeech=VBG] [Text=actor CharacterOffsetBegin=41 CharacterOffsetEnd=46 PartOfSpeech=NN] [Text=, CharacterOffsetBegin=46 CharacterOffsetEnd=47 PartOfSpeech=,] [Text=played CharacterOffsetBegin=48 CharacterOffsetEnd=54 PartOfSpeech=VBD] [Text=, CharacterOffsetBegin=54 CharacterOffsetEnd=55 PartOfSpeech=,] [Text=evidently CharacterOffsetBegin=56 CharacterOffsetEnd=65 PartOfSpeech=RB] [Text=, CharacterOffsetBegin=65 CharacterOffsetEnd=66 PartOfSpeech=,] [Text=by CharacterOffsetBegin=67 CharacterOffsetEnd=69 PartOfSpeech=IN] [Text=a CharacterOffsetBegin=70 CharacterOffsetEnd=71 PartOfSpeech=DT] [Text=struggling CharacterOffsetBegin=72 CharacterOffsetEnd=82 PartOfSpeech=VBG] [Text=actor CharacterOffsetBegin=83 CharacterOffsetEnd=88 PartOfSpeech=NN] [Text=, CharacterOffsetBegin=88 CharacterOffsetEnd=89 PartOfSpeech=,] [Text=this CharacterOffsetBegin=90 CharacterOffsetEnd=94 PartOfSpeech=DT] [Text=does CharacterOffsetBegin=95 CharacterOffsetEnd=99 PartOfSpeech=VBZ] [Text=no CharacterOffsetBegin=100 CharacterOffsetEnd=102 PartOfSpeech=DT] [Text=favours CharacterOffsetBegin=103 CharacterOffsetEnd=110 PartOfSpeech=NNS] [Text=for CharacterOffsetBegin=111 CharacterOffsetEnd=114 PartOfSpeech=IN] [Text=Chris CharacterOffsetBegin=115 CharacterOffsetEnd=120 PartOfSpeech=NNP] [Text=Klein CharacterOffsetBegin=121 CharacterOffsetEnd=126 PartOfSpeech=NNP] [Text=. CharacterOffsetBegin=126 CharacterOffsetEnd=127 PartOfSpeech=.] 
root(ROOT-0, played-10)
prep(played-10, In-1)
det(movie-3, a-2)
pobj(In-1, movie-3)
nsubj(follows-5, that-4)
rcmod(movie-3, follows-5)
det(actor-8, a-6)
amod(actor-8, struggling-7)
dobj(follows-5, actor-8)
punct(played-10, ,-9)
punct(played-10, ,-11)
advmod(played-10, evidently-12)
punct(played-10, ,-13)
prep(played-10, by-14)
det(actor-17, a-15)
amod(actor-17, struggling-16)
pobj(by-14, actor-17)
punct(played-10, ,-18)
nsubj(does-20, this-19)
ccomp(played-10, does-20)
det(favours-22, no-21)
dobj(does-20, favours-22)
prep(favours-22, for-23)
nn(Klein-25, Chris-24)
pobj(for-23, Klein-25)
punct(played-10, .-26)

Sentence #2 (32 tokens):
He struggles to bring anything memorable to the role and meanders on through the shallow script managing to display, what could only be described as, a bland leading man.
[Text=He CharacterOffsetBegin=132 CharacterOffsetEnd=134 PartOfSpeech=PRP] [Text=struggles CharacterOffsetBegin=135 CharacterOffsetEnd=144 PartOfSpeech=VBZ] [Text=to CharacterOffsetBegin=145 CharacterOffsetEnd=147 PartOfSpeech=TO] [Text=bring CharacterOffsetBegin=148 CharacterOffsetEnd=153 PartOfSpeech=VB] [Text=anything CharacterOffsetBegin=154 CharacterOffsetEnd=162 PartOfSpeech=NN] [Text=memorable CharacterOffsetBegin=163 CharacterOffsetEnd=172 PartOfSpeech=JJ] [Text=to CharacterOffsetBegin=173 CharacterOffsetEnd=175 PartOfSpeech=TO] [Text=the CharacterOffsetBegin=176 CharacterOffsetEnd=179 PartOfSpeech=DT] [Text=role CharacterOffsetBegin=180 CharacterOffsetEnd=184 PartOfSpeech=NN] [Text=and CharacterOffsetBegin=185 CharacterOffsetEnd=188 PartOfSpeech=CC] [Text=meanders CharacterOffsetBegin=189 CharacterOffsetEnd=197 PartOfSpeech=VBZ] [Text=on CharacterOffsetBegin=198 CharacterOffsetEnd=200 PartOfSpeech=IN] [Text=through CharacterOffsetBegin=201 CharacterOffsetEnd=208 PartOfSpeech=IN] [Text=the CharacterOffsetBegin=209 CharacterOffsetEnd=212 PartOfSpeech=DT] [Text=shallow CharacterOffsetBegin=213 CharacterOffsetEnd=220 PartOfSpeech=JJ] [Text=script CharacterOffsetBegin=221 CharacterOffsetEnd=227 PartOfSpeech=NN] [Text=managing CharacterOffsetBegin=228 CharacterOffsetEnd=236 PartOfSpeech=VBG] [Text=to CharacterOffsetBegin=237 CharacterOffsetEnd=239 PartOfSpeech=TO] [Text=display CharacterOffsetBegin=240 CharacterOffsetEnd=247 PartOfSpeech=VB] [Text=, CharacterOffsetBegin=247 CharacterOffsetEnd=248 PartOfSpeech=,] [Text=what CharacterOffsetBegin=249 CharacterOffsetEnd=253 PartOfSpeech=WP] [Text=could CharacterOffsetBegin=254 CharacterOffsetEnd=259 PartOfSpeech=MD] [Text=only CharacterOffsetBegin=260 CharacterOffsetEnd=264 PartOfSpeech=RB] [Text=be CharacterOffsetBegin=265 CharacterOffsetEnd=267 PartOfSpeech=VB] [Text=described CharacterOffsetBegin=268 CharacterOffsetEnd=277 PartOfSpeech=VBN] [Text=as CharacterOffsetBegin=278 CharacterOffsetEnd=280 PartOfSpeech=IN] [Text=, CharacterOffsetBegin=280 CharacterOffsetEnd=281 PartOfSpeech=,] [Text=a CharacterOffsetBegin=282 CharacterOffsetEnd=283 PartOfSpeech=DT] [Text=bland CharacterOffsetBegin=284 CharacterOffsetEnd=289 PartOfSpeech=JJ] [Text=leading CharacterOffsetBegin=290 CharacterOffsetEnd=297 PartOfSpeech=VBG] [Text=man CharacterOffsetBegin=298 CharacterOffsetEnd=301 PartOfSpeech=NN] [Text=. CharacterOffsetBegin=301 CharacterOffsetEnd=302 PartOfSpeech=.] 
root(ROOT-0, struggles-2)
nsubj(struggles-2, He-1)
aux(bring-4, to-3)
xcomp(struggles-2, bring-4)
dobj(bring-4, anything-5)
amod(anything-5, memorable-6)
prep(memorable-6, to-7)
det(role-9, the-8)
pobj(to-7, role-9)
cc(struggles-2, and-10)
conj(struggles-2, meanders-11)
prep(meanders-11, on-12)
pcomp(on-12, through-13)
det(script-16, the-14)
amod(script-16, shallow-15)
pobj(through-13, script-16)
partmod(script-16, managing-17)
aux(display-19, to-18)
xcomp(managing-17, display-19)
punct(display-19, ,-20)
nsubjpass(described-25, what-21)
aux(described-25, could-22)
advmod(described-25, only-23)
auxpass(described-25, be-24)
ccomp(display-19, described-25)
prep(described-25, as-26)
punct(as-26, ,-27)
det(man-31, a-28)
amod(man-31, bland-29)
amod(man-31, leading-30)
pobj(as-26, man-31)
punct(struggles-2, .-32)

Sentence #3 (79 tokens):
The story exists, but that is all, and fails to show any basic start, middle and end and the viewer is left shrugging his shoulders feeling as though nothing in the past hour and three quarters has really happened.One bright light in the midst of this is Fred Durst, who manages to stand out above his seemingly averagely talented co-stars and does a semi-decent job of bringing the backward character of Legde to life.
[Text=The CharacterOffsetBegin=307 CharacterOffsetEnd=310 PartOfSpeech=DT] [Text=story CharacterOffsetBegin=311 CharacterOffsetEnd=316 PartOfSpeech=NN] [Text=exists CharacterOffsetBegin=317 CharacterOffsetEnd=323 PartOfSpeech=VBZ] [Text=, CharacterOffsetBegin=323 CharacterOffsetEnd=324 PartOfSpeech=,] [Text=but CharacterOffsetBegin=325 CharacterOffsetEnd=328 PartOfSpeech=CC] [Text=that CharacterOffsetBegin=329 CharacterOffsetEnd=333 PartOfSpeech=DT] [Text=is CharacterOffsetBegin=334 CharacterOffsetEnd=336 PartOfSpeech=VBZ] [Text=all CharacterOffsetBegin=337 CharacterOffsetEnd=340 PartOfSpeech=RB] [Text=, CharacterOffsetBegin=340 CharacterOffsetEnd=341 PartOfSpeech=,] [Text=and CharacterOffsetBegin=342 CharacterOffsetEnd=345 PartOfSpeech=CC] [Text=fails CharacterOffsetBegin=346 CharacterOffsetEnd=351 PartOfSpeech=VBZ] [Text=to CharacterOffsetBegin=352 CharacterOffsetEnd=354 PartOfSpeech=TO] [Text=show CharacterOffsetBegin=355 CharacterOffsetEnd=359 PartOfSpeech=VB] [Text=any CharacterOffsetBegin=360 CharacterOffsetEnd=363 PartOfSpeech=DT] [Text=basic CharacterOffsetBegin=364 CharacterOffsetEnd=369 PartOfSpeech=JJ] [Text=start CharacterOffsetBegin=370 CharacterOffsetEnd=375 PartOfSpeech=NN] [Text=, CharacterOffsetBegin=375 CharacterOffsetEnd=376 PartOfSpeech=,] [Text=middle CharacterOffsetBegin=377 CharacterOffsetEnd=383 PartOfSpeech=JJ] [Text=and CharacterOffsetBegin=384 CharacterOffsetEnd=387 PartOfSpeech=CC] [Text=end CharacterOffsetBegin=388 CharacterOffsetEnd=391 PartOfSpeech=NN] [Text=and CharacterOffsetBegin=392 CharacterOffsetEnd=395 PartOfSpeech=CC] [Text=the CharacterOffsetBegin=396 CharacterOffsetEnd=399 PartOfSpeech=DT] [Text=viewer CharacterOffsetBegin=400 CharacterOffsetEnd=406 PartOfSpeech=NN] [Text=is CharacterOffsetBegin=407 CharacterOffsetEnd=409 PartOfSpeech=VBZ] [Text=left CharacterOffsetBegin=410 CharacterOffsetEnd=414 PartOfSpeech=VBN] [Text=shrugging CharacterOffsetBegin=415 CharacterOffsetEnd=424 PartOfSpeech=VBG] [Text=his CharacterOffsetBegin=425 CharacterOffsetEnd=428 PartOfSpeech=PRP$] [Text=shoulders CharacterOffsetBegin=429 CharacterOffsetEnd=438 PartOfSpeech=NNS] [Text=feeling CharacterOffsetBegin=439 CharacterOffsetEnd=446 PartOfSpeech=VBG] [Text=as CharacterOffsetBegin=447 CharacterOffsetEnd=449 PartOfSpeech=IN] [Text=though CharacterOffsetBegin=450 CharacterOffsetEnd=456 PartOfSpeech=IN] [Text=nothing CharacterOffsetBegin=457 CharacterOffsetEnd=464 PartOfSpeech=NN] [Text=in CharacterOffsetBegin=465 CharacterOffsetEnd=467 PartOfSpeech=IN] [Text=the CharacterOffsetBegin=468 CharacterOffsetEnd=471 PartOfSpeech=DT] [Text=past CharacterOffsetBegin=472 CharacterOffsetEnd=476 PartOfSpeech=JJ] [Text=hour CharacterOffsetBegin=477 CharacterOffsetEnd=481 PartOfSpeech=NN] [Text=and CharacterOffsetBegin=482 CharacterOffsetEnd=485 PartOfSpeech=CC] [Text=three CharacterOffsetBegin=486 CharacterOffsetEnd=491 PartOfSpeech=CD] [Text=quarters CharacterOffsetBegin=492 CharacterOffsetEnd=500 PartOfSpeech=NNS] [Text=has CharacterOffsetBegin=501 CharacterOffsetEnd=504 PartOfSpeech=VBZ] [Text=really CharacterOffsetBegin=505 CharacterOffsetEnd=511 PartOfSpeech=RB] [Text=happened.One CharacterOffsetBegin=512 CharacterOffsetEnd=524 PartOfSpeech=JJ] [Text=bright CharacterOffsetBegin=525 CharacterOffsetEnd=531 PartOfSpeech=JJ] [Text=light CharacterOffsetBegin=532 CharacterOffsetEnd=537 PartOfSpeech=NN] [Text=in CharacterOffsetBegin=538 CharacterOffsetEnd=540 PartOfSpeech=IN] [Text=the CharacterOffsetBegin=541 CharacterOffsetEnd=544 PartOfSpeech=DT] [Text=midst CharacterOffsetBegin=545 CharacterOffsetEnd=550 PartOfSpeech=NN] [Text=of CharacterOffsetBegin=551 CharacterOffsetEnd=553 PartOfSpeech=IN] [Text=this CharacterOffsetBegin=554 CharacterOffsetEnd=558 PartOfSpeech=DT] [Text=is CharacterOffsetBegin=559 CharacterOffsetEnd=561 PartOfSpeech=VBZ] [Text=Fred CharacterOffsetBegin=562 CharacterOffsetEnd=566 PartOfSpeech=NNP] [Text=Durst CharacterOffsetBegin=567 CharacterOffsetEnd=572 PartOfSpeech=NNP] [Text=, CharacterOffsetBegin=572 CharacterOffsetEnd=573 PartOfSpeech=,] [Text=who CharacterOffsetBegin=574 CharacterOffsetEnd=577 PartOfSpeech=WP] [Text=manages CharacterOffsetBegin=578 CharacterOffsetEnd=585 PartOfSpeech=VBZ] [Text=to CharacterOffsetBegin=586 CharacterOffsetEnd=588 PartOfSpeech=TO] [Text=stand CharacterOffsetBegin=589 CharacterOffsetEnd=594 PartOfSpeech=VB] [Text=out CharacterOffsetBegin=595 CharacterOffsetEnd=598 PartOfSpeech=RP] [Text=above CharacterOffsetBegin=599 CharacterOffsetEnd=604 PartOfSpeech=IN] [Text=his CharacterOffsetBegin=605 CharacterOffsetEnd=608 PartOfSpeech=PRP$] [Text=seemingly CharacterOffsetBegin=609 CharacterOffsetEnd=618 PartOfSpeech=RB] [Text=averagely CharacterOffsetBegin=619 CharacterOffsetEnd=628 PartOfSpeech=RB] [Text=talented CharacterOffsetBegin=629 CharacterOffsetEnd=637 PartOfSpeech=JJ] [Text=co-stars CharacterOffsetBegin=638 CharacterOffsetEnd=646 PartOfSpeech=NNS] [Text=and CharacterOffsetBegin=647 CharacterOffsetEnd=650 PartOfSpeech=CC] [Text=does CharacterOffsetBegin=651 CharacterOffsetEnd=655 PartOfSpeech=VBZ] [Text=a CharacterOffsetBegin=656 CharacterOffsetEnd=657 PartOfSpeech=DT] [Text=semi-decent CharacterOffsetBegin=658 CharacterOffsetEnd=669 PartOfSpeech=JJ] [Text=job CharacterOffsetBegin=670 CharacterOffsetEnd=673 PartOfSpeech=NN] [Text=of CharacterOffsetBegin=674 CharacterOffsetEnd=676 PartOfSpeech=IN] [Text=bringing CharacterOffsetBegin=677 CharacterOffsetEnd=685 PartOfSpeech=VBG] [Text=the CharacterOffsetBegin=686 CharacterOffsetEnd=689 PartOfSpeech=DT] [Text=backward CharacterOffsetBegin=690 CharacterOffsetEnd=698 PartOfSpeech=RB] [Text=character CharacterOffsetBegin=699 CharacterOffsetEnd=708 PartOfSpeech=NN] [Text=of CharacterOffsetBegin=709 CharacterOffsetEnd=711 PartOfSpeech=IN] [Text=Legde CharacterOffsetBegin=712 CharacterOffsetEnd=717 PartOfSpeech=NNP] [Text=to CharacterOffsetBegin=718 CharacterOffsetEnd=720 PartOfSpeech=TO] [Text=life CharacterOffsetBegin=721 CharacterOffsetEnd=725 PartOfSpeech=NN] [Text=. CharacterOffsetBegin=725 CharacterOffsetEnd=726 PartOfSpeech=.] 
root(ROOT-0, exists-3)
det(story-2, The-1)
nsubj(exists-3, story-2)
punct(exists-3, ,-4)
cc(exists-3, but-5)
nsubj(all-8, that-6)
cop(all-8, is-7)
nsubj(Durst-52, all-8)
punct(all-8, ,-9)
cc(all-8, and-10)
conj(all-8, fails-11)
aux(show-13, to-12)
xcomp(fails-11, show-13)
det(start-16, any-14)
amod(start-16, basic-15)
dobj(show-13, start-16)
punct(start-16, ,-17)
conj(start-16, middle-18)
cc(start-16, and-19)
conj(start-16, end-20)
cc(start-16, and-21)
det(viewer-23, the-22)
nsubjpass(left-25, viewer-23)
auxpass(left-25, is-24)
conj(start-16, left-25)
xcomp(left-25, shrugging-26)
poss(shoulders-28, his-27)
nsubj(feeling-29, shoulders-28)
xcomp(shrugging-26, feeling-29)
mark(happened.One-42, as-30)
mark(happened.One-42, though-31)
nsubj(happened.One-42, nothing-32)
prep(nothing-32, in-33)
det(hour-36, the-34)
amod(hour-36, past-35)
pobj(in-33, hour-36)
cc(hour-36, and-37)
num(quarters-39, three-38)
conj(hour-36, quarters-39)
aux(happened.One-42, has-40)
advmod(happened.One-42, really-41)
advcl(feeling-29, happened.One-42)
amod(light-44, bright-43)
dobj(happened.One-42, light-44)
prep(feeling-29, in-45)
det(midst-47, the-46)
pobj(in-45, midst-47)
prep(midst-47, of-48)
pobj(of-48, this-49)
cop(Durst-52, is-50)
nn(Durst-52, Fred-51)
conj(exists-3, Durst-52)
punct(Durst-52, ,-53)
nsubj(manages-55, who-54)
rcmod(Durst-52, manages-55)
aux(stand-57, to-56)
xcomp(manages-55, stand-57)
prt(stand-57, out-58)
prep(stand-57, above-59)
poss(co-stars-64, his-60)
advmod(averagely-62, seemingly-61)
amod(co-stars-64, averagely-62)
amod(co-stars-64, talented-63)
pobj(above-59, co-stars-64)
cc(manages-55, and-65)
conj(manages-55, does-66)
det(job-69, a-67)
amod(job-69, semi-decent-68)
dobj(does-66, job-69)
prep(job-69, of-70)
pcomp(of-70, bringing-71)
det(character-74, the-72)
amod(character-74, backward-73)
dobj(bringing-71, character-74)
prep(character-74, of-75)
pobj(of-75, Legde-76)
prep(bringing-71, to-77)
pobj(to-77, life-78)
punct(exists-3, .-79)

Sentence #4 (29 tokens):
Whether Fred can re-create this when working with a higher calibre of cast remains to be seen but I'l be watching out for him in future.
[Text=Whether CharacterOffsetBegin=731 CharacterOffsetEnd=738 PartOfSpeech=IN] [Text=Fred CharacterOffsetBegin=739 CharacterOffsetEnd=743 PartOfSpeech=NNP] [Text=can CharacterOffsetBegin=744 CharacterOffsetEnd=747 PartOfSpeech=MD] [Text=re-create CharacterOffsetBegin=748 CharacterOffsetEnd=757 PartOfSpeech=VB] [Text=this CharacterOffsetBegin=758 CharacterOffsetEnd=762 PartOfSpeech=DT] [Text=when CharacterOffsetBegin=763 CharacterOffsetEnd=767 PartOfSpeech=WRB] [Text=working CharacterOffsetBegin=768 CharacterOffsetEnd=775 PartOfSpeech=VBG] [Text=with CharacterOffsetBegin=776 CharacterOffsetEnd=780 PartOfSpeech=IN] [Text=a CharacterOffsetBegin=781 CharacterOffsetEnd=782 PartOfSpeech=DT] [Text=higher CharacterOffsetBegin=783 CharacterOffsetEnd=789 PartOfSpeech=JJR] [Text=calibre CharacterOffsetBegin=790 CharacterOffsetEnd=797 PartOfSpeech=NN] [Text=of CharacterOffsetBegin=798 CharacterOffsetEnd=800 PartOfSpeech=IN] [Text=cast CharacterOffsetBegin=801 CharacterOffsetEnd=805 PartOfSpeech=NN] [Text=remains CharacterOffsetBegin=806 CharacterOffsetEnd=813 PartOfSpeech=VBZ] [Text=to CharacterOffsetBegin=814 CharacterOffsetEnd=816 PartOfSpeech=TO] [Text=be CharacterOffsetBegin=817 CharacterOffsetEnd=819 PartOfSpeech=VB] [Text=seen CharacterOffsetBegin=820 CharacterOffsetEnd=824 PartOfSpeech=VBN] [Text=but CharacterOffsetBegin=825 CharacterOffsetEnd=828 PartOfSpeech=CC] [Text=I CharacterOffsetBegin=829 CharacterOffsetEnd=830 PartOfSpeech=PRP] [Text=' CharacterOffsetBegin=830 CharacterOffsetEnd=831 PartOfSpeech=''] [Text=l CharacterOffsetBegin=831 CharacterOffsetEnd=832 PartOfSpeech=NN] [Text=be CharacterOffsetBegin=833 CharacterOffsetEnd=835 PartOfSpeech=VB] [Text=watching CharacterOffsetBegin=836 CharacterOffsetEnd=844 PartOfSpeech=VBG] [Text=out CharacterOffsetBegin=845 CharacterOffsetEnd=848 PartOfSpeech=RP] [Text=for CharacterOffsetBegin=849 CharacterOffsetEnd=852 PartOfSpeech=IN] [Text=him CharacterOffsetBegin=853 CharacterOffsetEnd=856 PartOfSpeech=PRP] [Text=in CharacterOffsetBegin=857 CharacterOffsetEnd=859 PartOfSpeech=IN] [Text=future CharacterOffsetBegin=860 CharacterOffsetEnd=866 PartOfSpeech=NN] [Text=. CharacterOffsetBegin=866 CharacterOffsetEnd=867 PartOfSpeech=.] 
root(ROOT-0, re-create-4)
mark(re-create-4, Whether-1)
nsubj(re-create-4, Fred-2)
aux(re-create-4, can-3)
dobj(re-create-4, this-5)
advmod(working-7, when-6)
advcl(re-create-4, working-7)
prep(working-7, with-8)
det(calibre-11, a-9)
amod(calibre-11, higher-10)
pobj(with-8, calibre-11)
prep(calibre-11, of-12)
pobj(of-12, cast-13)
dep(re-create-4, remains-14)
aux(seen-17, to-15)
auxpass(seen-17, be-16)
xcomp(remains-14, seen-17)
cc(seen-17, but-18)
nsubj(watching-23, I-19)
punct(I-19, '-20)
aux(watching-23, l-21)
aux(watching-23, be-22)
conj(seen-17, watching-23)
prt(watching-23, out-24)
prep(watching-23, for-25)
pobj(for-25, him-26)
prep(watching-23, in-27)
pobj(in-27, future-28)
punct(re-create-4, .-29)

