Sentence #1 (26 tokens):
There is a bit of a spoiler below, which could ruin the surprise of the ONE unexpected and truly funny scene in this film.
[Text=There CharacterOffsetBegin=4 CharacterOffsetEnd=9 PartOfSpeech=EX] [Text=is CharacterOffsetBegin=10 CharacterOffsetEnd=12 PartOfSpeech=VBZ] [Text=a CharacterOffsetBegin=13 CharacterOffsetEnd=14 PartOfSpeech=DT] [Text=bit CharacterOffsetBegin=15 CharacterOffsetEnd=18 PartOfSpeech=NN] [Text=of CharacterOffsetBegin=19 CharacterOffsetEnd=21 PartOfSpeech=IN] [Text=a CharacterOffsetBegin=22 CharacterOffsetEnd=23 PartOfSpeech=DT] [Text=spoiler CharacterOffsetBegin=24 CharacterOffsetEnd=31 PartOfSpeech=NN] [Text=below CharacterOffsetBegin=32 CharacterOffsetEnd=37 PartOfSpeech=IN] [Text=, CharacterOffsetBegin=37 CharacterOffsetEnd=38 PartOfSpeech=,] [Text=which CharacterOffsetBegin=39 CharacterOffsetEnd=44 PartOfSpeech=WDT] [Text=could CharacterOffsetBegin=45 CharacterOffsetEnd=50 PartOfSpeech=MD] [Text=ruin CharacterOffsetBegin=51 CharacterOffsetEnd=55 PartOfSpeech=VB] [Text=the CharacterOffsetBegin=56 CharacterOffsetEnd=59 PartOfSpeech=DT] [Text=surprise CharacterOffsetBegin=60 CharacterOffsetEnd=68 PartOfSpeech=NN] [Text=of CharacterOffsetBegin=69 CharacterOffsetEnd=71 PartOfSpeech=IN] [Text=the CharacterOffsetBegin=72 CharacterOffsetEnd=75 PartOfSpeech=DT] [Text=ONE CharacterOffsetBegin=76 CharacterOffsetEnd=79 PartOfSpeech=CD] [Text=unexpected CharacterOffsetBegin=80 CharacterOffsetEnd=90 PartOfSpeech=JJ] [Text=and CharacterOffsetBegin=91 CharacterOffsetEnd=94 PartOfSpeech=CC] [Text=truly CharacterOffsetBegin=95 CharacterOffsetEnd=100 PartOfSpeech=RB] [Text=funny CharacterOffsetBegin=101 CharacterOffsetEnd=106 PartOfSpeech=JJ] [Text=scene CharacterOffsetBegin=107 CharacterOffsetEnd=112 PartOfSpeech=NN] [Text=in CharacterOffsetBegin=113 CharacterOffsetEnd=115 PartOfSpeech=IN] [Text=this CharacterOffsetBegin=116 CharacterOffsetEnd=120 PartOfSpeech=DT] [Text=film CharacterOffsetBegin=121 CharacterOffsetEnd=125 PartOfSpeech=NN] [Text=. CharacterOffsetBegin=125 CharacterOffsetEnd=126 PartOfSpeech=.] 
root(ROOT-0, is-2)
expl(is-2, There-1)
det(bit-4, a-3)
nsubj(is-2, bit-4)
prep(bit-4, of-5)
det(spoiler-7, a-6)
pobj(of-5, spoiler-7)
advmod(spoiler-7, below-8)
punct(bit-4, ,-9)
nsubj(ruin-12, which-10)
aux(ruin-12, could-11)
rcmod(bit-4, ruin-12)
det(surprise-14, the-13)
dobj(ruin-12, surprise-14)
prep(surprise-14, of-15)
det(scene-22, the-16)
num(scene-22, ONE-17)
amod(scene-22, unexpected-18)
cc(unexpected-18, and-19)
advmod(funny-21, truly-20)
conj(unexpected-18, funny-21)
pobj(of-15, scene-22)
prep(scene-22, in-23)
det(film-25, this-24)
pobj(in-23, film-25)
punct(is-2, .-26)

Sentence #2 (27 tokens):
There is also information about the first film in this series.I caught this film on DVD, which someone gave as a gift to my roommate.
[Text=There CharacterOffsetBegin=131 CharacterOffsetEnd=136 PartOfSpeech=EX] [Text=is CharacterOffsetBegin=137 CharacterOffsetEnd=139 PartOfSpeech=VBZ] [Text=also CharacterOffsetBegin=140 CharacterOffsetEnd=144 PartOfSpeech=RB] [Text=information CharacterOffsetBegin=145 CharacterOffsetEnd=156 PartOfSpeech=NN] [Text=about CharacterOffsetBegin=157 CharacterOffsetEnd=162 PartOfSpeech=IN] [Text=the CharacterOffsetBegin=163 CharacterOffsetEnd=166 PartOfSpeech=DT] [Text=first CharacterOffsetBegin=167 CharacterOffsetEnd=172 PartOfSpeech=JJ] [Text=film CharacterOffsetBegin=173 CharacterOffsetEnd=177 PartOfSpeech=NN] [Text=in CharacterOffsetBegin=178 CharacterOffsetEnd=180 PartOfSpeech=IN] [Text=this CharacterOffsetBegin=181 CharacterOffsetEnd=185 PartOfSpeech=DT] [Text=series.I CharacterOffsetBegin=186 CharacterOffsetEnd=194 PartOfSpeech=NN] [Text=caught CharacterOffsetBegin=195 CharacterOffsetEnd=201 PartOfSpeech=VBD] [Text=this CharacterOffsetBegin=202 CharacterOffsetEnd=206 PartOfSpeech=DT] [Text=film CharacterOffsetBegin=207 CharacterOffsetEnd=211 PartOfSpeech=NN] [Text=on CharacterOffsetBegin=212 CharacterOffsetEnd=214 PartOfSpeech=IN] [Text=DVD CharacterOffsetBegin=215 CharacterOffsetEnd=218 PartOfSpeech=NN] [Text=, CharacterOffsetBegin=218 CharacterOffsetEnd=219 PartOfSpeech=,] [Text=which CharacterOffsetBegin=220 CharacterOffsetEnd=225 PartOfSpeech=WDT] [Text=someone CharacterOffsetBegin=226 CharacterOffsetEnd=233 PartOfSpeech=NN] [Text=gave CharacterOffsetBegin=234 CharacterOffsetEnd=238 PartOfSpeech=VBD] [Text=as CharacterOffsetBegin=239 CharacterOffsetEnd=241 PartOfSpeech=IN] [Text=a CharacterOffsetBegin=242 CharacterOffsetEnd=243 PartOfSpeech=DT] [Text=gift CharacterOffsetBegin=244 CharacterOffsetEnd=248 PartOfSpeech=NN] [Text=to CharacterOffsetBegin=249 CharacterOffsetEnd=251 PartOfSpeech=TO] [Text=my CharacterOffsetBegin=252 CharacterOffsetEnd=254 PartOfSpeech=PRP$] [Text=roommate CharacterOffsetBegin=255 CharacterOffsetEnd=263 PartOfSpeech=NN] [Text=. CharacterOffsetBegin=263 CharacterOffsetEnd=264 PartOfSpeech=.] 
root(ROOT-0, is-2)
expl(is-2, There-1)
advmod(is-2, also-3)
nsubj(caught-12, information-4)
prep(information-4, about-5)
det(film-8, the-6)
amod(film-8, first-7)
pobj(about-5, film-8)
prep(film-8, in-9)
det(series.I-11, this-10)
pobj(in-9, series.I-11)
dep(is-2, caught-12)
det(film-14, this-13)
dobj(caught-12, film-14)
prep(caught-12, on-15)
pobj(on-15, DVD-16)
punct(DVD-16, ,-17)
dobj(gave-20, which-18)
nsubj(gave-20, someone-19)
rcmod(DVD-16, gave-20)
prep(gave-20, as-21)
det(gift-23, a-22)
pobj(as-21, gift-23)
prep(gift-23, to-24)
poss(roommate-26, my-25)
pobj(to-24, roommate-26)
punct(is-2, .-27)

Sentence #3 (34 tokens):
It came as a set together with the first film in the "Blind Dead" series.This movie was certainly much worse than the first, "La Noche del Terror Ciego".
[Text=It CharacterOffsetBegin=269 CharacterOffsetEnd=271 PartOfSpeech=PRP] [Text=came CharacterOffsetBegin=272 CharacterOffsetEnd=276 PartOfSpeech=VBD] [Text=as CharacterOffsetBegin=277 CharacterOffsetEnd=279 PartOfSpeech=IN] [Text=a CharacterOffsetBegin=280 CharacterOffsetEnd=281 PartOfSpeech=DT] [Text=set CharacterOffsetBegin=282 CharacterOffsetEnd=285 PartOfSpeech=VBN] [Text=together CharacterOffsetBegin=286 CharacterOffsetEnd=294 PartOfSpeech=RP] [Text=with CharacterOffsetBegin=295 CharacterOffsetEnd=299 PartOfSpeech=IN] [Text=the CharacterOffsetBegin=300 CharacterOffsetEnd=303 PartOfSpeech=DT] [Text=first CharacterOffsetBegin=304 CharacterOffsetEnd=309 PartOfSpeech=JJ] [Text=film CharacterOffsetBegin=310 CharacterOffsetEnd=314 PartOfSpeech=NN] [Text=in CharacterOffsetBegin=315 CharacterOffsetEnd=317 PartOfSpeech=IN] [Text=the CharacterOffsetBegin=318 CharacterOffsetEnd=321 PartOfSpeech=DT] [Text=`` CharacterOffsetBegin=322 CharacterOffsetEnd=323 PartOfSpeech=``] [Text=Blind CharacterOffsetBegin=323 CharacterOffsetEnd=328 PartOfSpeech=NNP] [Text=Dead CharacterOffsetBegin=329 CharacterOffsetEnd=333 PartOfSpeech=NNP] [Text='' CharacterOffsetBegin=333 CharacterOffsetEnd=334 PartOfSpeech=''] [Text=series.This CharacterOffsetBegin=335 CharacterOffsetEnd=346 PartOfSpeech=NNP] [Text=movie CharacterOffsetBegin=347 CharacterOffsetEnd=352 PartOfSpeech=NN] [Text=was CharacterOffsetBegin=353 CharacterOffsetEnd=356 PartOfSpeech=VBD] [Text=certainly CharacterOffsetBegin=357 CharacterOffsetEnd=366 PartOfSpeech=RB] [Text=much CharacterOffsetBegin=367 CharacterOffsetEnd=371 PartOfSpeech=RB] [Text=worse CharacterOffsetBegin=372 CharacterOffsetEnd=377 PartOfSpeech=JJR] [Text=than CharacterOffsetBegin=378 CharacterOffsetEnd=382 PartOfSpeech=IN] [Text=the CharacterOffsetBegin=383 CharacterOffsetEnd=386 PartOfSpeech=DT] [Text=first CharacterOffsetBegin=387 CharacterOffsetEnd=392 PartOfSpeech=JJ] [Text=, CharacterOffsetBegin=392 CharacterOffsetEnd=393 PartOfSpeech=,] [Text=`` CharacterOffsetBegin=394 CharacterOffsetEnd=395 PartOfSpeech=``] [Text=La CharacterOffsetBegin=395 CharacterOffsetEnd=397 PartOfSpeech=NNP] [Text=Noche CharacterOffsetBegin=398 CharacterOffsetEnd=403 PartOfSpeech=NNP] [Text=del CharacterOffsetBegin=404 CharacterOffsetEnd=407 PartOfSpeech=NNP] [Text=Terror CharacterOffsetBegin=408 CharacterOffsetEnd=414 PartOfSpeech=NN] [Text=Ciego CharacterOffsetBegin=415 CharacterOffsetEnd=420 PartOfSpeech=NNP] [Text='' CharacterOffsetBegin=420 CharacterOffsetEnd=421 PartOfSpeech=''] [Text=. CharacterOffsetBegin=421 CharacterOffsetEnd=422 PartOfSpeech=.] 
root(ROOT-0, came-2)
nsubj(came-2, It-1)
mark(worse-22, as-3)
nsubj(worse-22, a-4)
partmod(a-4, set-5)
prt(set-5, together-6)
prep(set-5, with-7)
det(film-10, the-8)
amod(film-10, first-9)
pobj(with-7, film-10)
prep(film-10, in-11)
det(movie-18, the-12)
punct(movie-18, ``-13)
nn(movie-18, Blind-14)
nn(movie-18, Dead-15)
punct(movie-18, ''-16)
nn(movie-18, series.This-17)
pobj(in-11, movie-18)
cop(worse-22, was-19)
advmod(worse-22, certainly-20)
advmod(worse-22, much-21)
advcl(came-2, worse-22)
prep(worse-22, than-23)
det(first-25, the-24)
pobj(than-23, first-25)
punct(came-2, ,-26)
punct(came-2, ``-27)
nn(Ciego-32, La-28)
nn(Ciego-32, Noche-29)
nn(Ciego-32, del-30)
nn(Ciego-32, Terror-31)
dep(came-2, Ciego-32)
punct(Ciego-32, ''-33)
punct(came-2, .-34)

Sentence #4 (15 tokens):
In addition, many of the features of the first movie were changed significantly.
[Text=In CharacterOffsetBegin=427 CharacterOffsetEnd=429 PartOfSpeech=IN] [Text=addition CharacterOffsetBegin=430 CharacterOffsetEnd=438 PartOfSpeech=NN] [Text=, CharacterOffsetBegin=438 CharacterOffsetEnd=439 PartOfSpeech=,] [Text=many CharacterOffsetBegin=440 CharacterOffsetEnd=444 PartOfSpeech=JJ] [Text=of CharacterOffsetBegin=445 CharacterOffsetEnd=447 PartOfSpeech=IN] [Text=the CharacterOffsetBegin=448 CharacterOffsetEnd=451 PartOfSpeech=DT] [Text=features CharacterOffsetBegin=452 CharacterOffsetEnd=460 PartOfSpeech=NNS] [Text=of CharacterOffsetBegin=461 CharacterOffsetEnd=463 PartOfSpeech=IN] [Text=the CharacterOffsetBegin=464 CharacterOffsetEnd=467 PartOfSpeech=DT] [Text=first CharacterOffsetBegin=468 CharacterOffsetEnd=473 PartOfSpeech=JJ] [Text=movie CharacterOffsetBegin=474 CharacterOffsetEnd=479 PartOfSpeech=NN] [Text=were CharacterOffsetBegin=480 CharacterOffsetEnd=484 PartOfSpeech=VBD] [Text=changed CharacterOffsetBegin=485 CharacterOffsetEnd=492 PartOfSpeech=VBN] [Text=significantly CharacterOffsetBegin=493 CharacterOffsetEnd=506 PartOfSpeech=RB] [Text=. CharacterOffsetBegin=506 CharacterOffsetEnd=507 PartOfSpeech=.] 
root(ROOT-0, changed-13)
prep(changed-13, In-1)
pobj(In-1, addition-2)
punct(changed-13, ,-3)
nsubjpass(changed-13, many-4)
prep(many-4, of-5)
det(features-7, the-6)
pobj(of-5, features-7)
prep(features-7, of-8)
det(movie-11, the-9)
amod(movie-11, first-10)
pobj(of-8, movie-11)
auxpass(changed-13, were-12)
advmod(changed-13, significantly-14)
punct(changed-13, .-15)

Sentence #5 (47 tokens):
To boot, the movie was dubbed in English (the first was subtitled), which I tend to find distracting.The concept behind the series is that in the distant past a local branch of the Knights Templar was involved in heinous and secret rituals.
[Text=To CharacterOffsetBegin=512 CharacterOffsetEnd=514 PartOfSpeech=TO] [Text=boot CharacterOffsetBegin=515 CharacterOffsetEnd=519 PartOfSpeech=NN] [Text=, CharacterOffsetBegin=519 CharacterOffsetEnd=520 PartOfSpeech=,] [Text=the CharacterOffsetBegin=521 CharacterOffsetEnd=524 PartOfSpeech=DT] [Text=movie CharacterOffsetBegin=525 CharacterOffsetEnd=530 PartOfSpeech=NN] [Text=was CharacterOffsetBegin=531 CharacterOffsetEnd=534 PartOfSpeech=VBD] [Text=dubbed CharacterOffsetBegin=535 CharacterOffsetEnd=541 PartOfSpeech=VBN] [Text=in CharacterOffsetBegin=542 CharacterOffsetEnd=544 PartOfSpeech=IN] [Text=English CharacterOffsetBegin=545 CharacterOffsetEnd=552 PartOfSpeech=NNP] [Text=-LRB- CharacterOffsetBegin=553 CharacterOffsetEnd=554 PartOfSpeech=-LRB-] [Text=the CharacterOffsetBegin=554 CharacterOffsetEnd=557 PartOfSpeech=DT] [Text=first CharacterOffsetBegin=558 CharacterOffsetEnd=563 PartOfSpeech=JJ] [Text=was CharacterOffsetBegin=564 CharacterOffsetEnd=567 PartOfSpeech=VBD] [Text=subtitled CharacterOffsetBegin=568 CharacterOffsetEnd=577 PartOfSpeech=VBN] [Text=-RRB- CharacterOffsetBegin=577 CharacterOffsetEnd=578 PartOfSpeech=-RRB-] [Text=, CharacterOffsetBegin=578 CharacterOffsetEnd=579 PartOfSpeech=,] [Text=which CharacterOffsetBegin=580 CharacterOffsetEnd=585 PartOfSpeech=WDT] [Text=I CharacterOffsetBegin=586 CharacterOffsetEnd=587 PartOfSpeech=PRP] [Text=tend CharacterOffsetBegin=588 CharacterOffsetEnd=592 PartOfSpeech=VBP] [Text=to CharacterOffsetBegin=593 CharacterOffsetEnd=595 PartOfSpeech=TO] [Text=find CharacterOffsetBegin=596 CharacterOffsetEnd=600 PartOfSpeech=VB] [Text=distracting.The CharacterOffsetBegin=601 CharacterOffsetEnd=616 PartOfSpeech=NN] [Text=concept CharacterOffsetBegin=617 CharacterOffsetEnd=624 PartOfSpeech=NN] [Text=behind CharacterOffsetBegin=625 CharacterOffsetEnd=631 PartOfSpeech=IN] [Text=the CharacterOffsetBegin=632 CharacterOffsetEnd=635 PartOfSpeech=DT] [Text=series CharacterOffsetBegin=636 CharacterOffsetEnd=642 PartOfSpeech=NN] [Text=is CharacterOffsetBegin=643 CharacterOffsetEnd=645 PartOfSpeech=VBZ] [Text=that CharacterOffsetBegin=646 CharacterOffsetEnd=650 PartOfSpeech=IN] [Text=in CharacterOffsetBegin=651 CharacterOffsetEnd=653 PartOfSpeech=IN] [Text=the CharacterOffsetBegin=654 CharacterOffsetEnd=657 PartOfSpeech=DT] [Text=distant CharacterOffsetBegin=658 CharacterOffsetEnd=665 PartOfSpeech=JJ] [Text=past CharacterOffsetBegin=666 CharacterOffsetEnd=670 PartOfSpeech=NN] [Text=a CharacterOffsetBegin=671 CharacterOffsetEnd=672 PartOfSpeech=DT] [Text=local CharacterOffsetBegin=673 CharacterOffsetEnd=678 PartOfSpeech=JJ] [Text=branch CharacterOffsetBegin=679 CharacterOffsetEnd=685 PartOfSpeech=NN] [Text=of CharacterOffsetBegin=686 CharacterOffsetEnd=688 PartOfSpeech=IN] [Text=the CharacterOffsetBegin=689 CharacterOffsetEnd=692 PartOfSpeech=DT] [Text=Knights CharacterOffsetBegin=693 CharacterOffsetEnd=700 PartOfSpeech=NNP] [Text=Templar CharacterOffsetBegin=701 CharacterOffsetEnd=708 PartOfSpeech=NNP] [Text=was CharacterOffsetBegin=709 CharacterOffsetEnd=712 PartOfSpeech=VBD] [Text=involved CharacterOffsetBegin=713 CharacterOffsetEnd=721 PartOfSpeech=VBN] [Text=in CharacterOffsetBegin=722 CharacterOffsetEnd=724 PartOfSpeech=IN] [Text=heinous CharacterOffsetBegin=725 CharacterOffsetEnd=732 PartOfSpeech=JJ] [Text=and CharacterOffsetBegin=733 CharacterOffsetEnd=736 PartOfSpeech=CC] [Text=secret CharacterOffsetBegin=737 CharacterOffsetEnd=743 PartOfSpeech=JJ] [Text=rituals CharacterOffsetBegin=744 CharacterOffsetEnd=751 PartOfSpeech=NNS] [Text=. CharacterOffsetBegin=751 CharacterOffsetEnd=752 PartOfSpeech=.] 
root(ROOT-0, is-27)
prep(dubbed-7, To-1)
pobj(To-1, boot-2)
punct(dubbed-7, ,-3)
det(movie-5, the-4)
nsubjpass(dubbed-7, movie-5)
auxpass(dubbed-7, was-6)
csubj(is-27, dubbed-7)
prep(dubbed-7, in-8)
pobj(in-8, English-9)
punct(subtitled-14, -LRB--10)
det(first-12, the-11)
nsubjpass(subtitled-14, first-12)
auxpass(subtitled-14, was-13)
dep(English-9, subtitled-14)
punct(subtitled-14, -RRB--15)
punct(English-9, ,-16)
dobj(tend-19, which-17)
nsubj(tend-19, I-18)
rcmod(English-9, tend-19)
aux(find-21, to-20)
xcomp(tend-19, find-21)
nn(concept-23, distracting.The-22)
dobj(find-21, concept-23)
prep(concept-23, behind-24)
det(series-26, the-25)
pobj(behind-24, series-26)
dep(is-27, that-28)
prep(that-28, in-29)
pobj(in-29, the-30)
dep(the-30, distant-31)
advmod(involved-41, past-32)
det(branch-35, a-33)
amod(branch-35, local-34)
nsubjpass(involved-41, branch-35)
prep(branch-35, of-36)
det(Templar-39, the-37)
nn(Templar-39, Knights-38)
pobj(of-36, Templar-39)
auxpass(involved-41, was-40)
dep(distant-31, involved-41)
prep(involved-41, in-42)
amod(rituals-46, heinous-43)
cc(heinous-43, and-44)
conj(heinous-43, secret-45)
pobj(in-42, rituals-46)
punct(is-27, .-47)

Sentence #6 (39 tokens):
Upon discovery of these crimes, the local peasantry put the Templars to death in such a manner that their eyes can no longer be used, thus preventing them from returning from Hell to exact their revenge.
[Text=Upon CharacterOffsetBegin=757 CharacterOffsetEnd=761 PartOfSpeech=IN] [Text=discovery CharacterOffsetBegin=762 CharacterOffsetEnd=771 PartOfSpeech=NN] [Text=of CharacterOffsetBegin=772 CharacterOffsetEnd=774 PartOfSpeech=IN] [Text=these CharacterOffsetBegin=775 CharacterOffsetEnd=780 PartOfSpeech=DT] [Text=crimes CharacterOffsetBegin=781 CharacterOffsetEnd=787 PartOfSpeech=NNS] [Text=, CharacterOffsetBegin=787 CharacterOffsetEnd=788 PartOfSpeech=,] [Text=the CharacterOffsetBegin=789 CharacterOffsetEnd=792 PartOfSpeech=DT] [Text=local CharacterOffsetBegin=793 CharacterOffsetEnd=798 PartOfSpeech=JJ] [Text=peasantry CharacterOffsetBegin=799 CharacterOffsetEnd=808 PartOfSpeech=NN] [Text=put CharacterOffsetBegin=809 CharacterOffsetEnd=812 PartOfSpeech=VBD] [Text=the CharacterOffsetBegin=813 CharacterOffsetEnd=816 PartOfSpeech=DT] [Text=Templars CharacterOffsetBegin=817 CharacterOffsetEnd=825 PartOfSpeech=NNPS] [Text=to CharacterOffsetBegin=826 CharacterOffsetEnd=828 PartOfSpeech=TO] [Text=death CharacterOffsetBegin=829 CharacterOffsetEnd=834 PartOfSpeech=NN] [Text=in CharacterOffsetBegin=835 CharacterOffsetEnd=837 PartOfSpeech=IN] [Text=such CharacterOffsetBegin=838 CharacterOffsetEnd=842 PartOfSpeech=JJ] [Text=a CharacterOffsetBegin=843 CharacterOffsetEnd=844 PartOfSpeech=DT] [Text=manner CharacterOffsetBegin=845 CharacterOffsetEnd=851 PartOfSpeech=NN] [Text=that CharacterOffsetBegin=852 CharacterOffsetEnd=856 PartOfSpeech=IN] [Text=their CharacterOffsetBegin=857 CharacterOffsetEnd=862 PartOfSpeech=PRP$] [Text=eyes CharacterOffsetBegin=863 CharacterOffsetEnd=867 PartOfSpeech=NNS] [Text=can CharacterOffsetBegin=868 CharacterOffsetEnd=871 PartOfSpeech=MD] [Text=no CharacterOffsetBegin=872 CharacterOffsetEnd=874 PartOfSpeech=RB] [Text=longer CharacterOffsetBegin=875 CharacterOffsetEnd=881 PartOfSpeech=RB] [Text=be CharacterOffsetBegin=882 CharacterOffsetEnd=884 PartOfSpeech=VB] [Text=used CharacterOffsetBegin=885 CharacterOffsetEnd=889 PartOfSpeech=VBN] [Text=, CharacterOffsetBegin=889 CharacterOffsetEnd=890 PartOfSpeech=,] [Text=thus CharacterOffsetBegin=891 CharacterOffsetEnd=895 PartOfSpeech=RB] [Text=preventing CharacterOffsetBegin=896 CharacterOffsetEnd=906 PartOfSpeech=VBG] [Text=them CharacterOffsetBegin=907 CharacterOffsetEnd=911 PartOfSpeech=PRP] [Text=from CharacterOffsetBegin=912 CharacterOffsetEnd=916 PartOfSpeech=IN] [Text=returning CharacterOffsetBegin=917 CharacterOffsetEnd=926 PartOfSpeech=VBG] [Text=from CharacterOffsetBegin=927 CharacterOffsetEnd=931 PartOfSpeech=IN] [Text=Hell CharacterOffsetBegin=932 CharacterOffsetEnd=936 PartOfSpeech=NNP] [Text=to CharacterOffsetBegin=937 CharacterOffsetEnd=939 PartOfSpeech=TO] [Text=exact CharacterOffsetBegin=940 CharacterOffsetEnd=945 PartOfSpeech=JJ] [Text=their CharacterOffsetBegin=946 CharacterOffsetEnd=951 PartOfSpeech=PRP$] [Text=revenge CharacterOffsetBegin=952 CharacterOffsetEnd=959 PartOfSpeech=NN] [Text=. CharacterOffsetBegin=959 CharacterOffsetEnd=960 PartOfSpeech=.] 
root(ROOT-0, put-10)
prep(put-10, Upon-1)
pobj(Upon-1, discovery-2)
prep(discovery-2, of-3)
det(crimes-5, these-4)
pobj(of-3, crimes-5)
punct(put-10, ,-6)
det(peasantry-9, the-7)
amod(peasantry-9, local-8)
nsubj(put-10, peasantry-9)
det(Templars-12, the-11)
dobj(put-10, Templars-12)
prep(put-10, to-13)
pobj(to-13, death-14)
prep(put-10, in-15)
amod(manner-18, such-16)
det(manner-18, a-17)
pobj(in-15, manner-18)
mark(used-26, that-19)
poss(eyes-21, their-20)
nsubjpass(used-26, eyes-21)
aux(used-26, can-22)
advmod(longer-24, no-23)
advmod(used-26, longer-24)
auxpass(used-26, be-25)
ccomp(manner-18, used-26)
punct(used-26, ,-27)
advmod(preventing-29, thus-28)
xcomp(used-26, preventing-29)
dobj(preventing-29, them-30)
prep(preventing-29, from-31)
pcomp(from-31, returning-32)
prep(returning-32, from-33)
pobj(from-33, Hell-34)
prep(returning-32, to-35)
amod(revenge-38, exact-36)
poss(revenge-38, their-37)
pobj(to-35, revenge-38)
punct(put-10, .-39)

Sentence #7 (35 tokens):
We then jump to modern times where because of some event, the Templars arise from the dead to exact their revenge upon the villagers whose ancestors messed them up in the first place.
[Text=We CharacterOffsetBegin=965 CharacterOffsetEnd=967 PartOfSpeech=PRP] [Text=then CharacterOffsetBegin=968 CharacterOffsetEnd=972 PartOfSpeech=RB] [Text=jump CharacterOffsetBegin=973 CharacterOffsetEnd=977 PartOfSpeech=VBP] [Text=to CharacterOffsetBegin=978 CharacterOffsetEnd=980 PartOfSpeech=TO] [Text=modern CharacterOffsetBegin=981 CharacterOffsetEnd=987 PartOfSpeech=JJ] [Text=times CharacterOffsetBegin=988 CharacterOffsetEnd=993 PartOfSpeech=NNS] [Text=where CharacterOffsetBegin=994 CharacterOffsetEnd=999 PartOfSpeech=WRB] [Text=because CharacterOffsetBegin=1000 CharacterOffsetEnd=1007 PartOfSpeech=IN] [Text=of CharacterOffsetBegin=1008 CharacterOffsetEnd=1010 PartOfSpeech=IN] [Text=some CharacterOffsetBegin=1011 CharacterOffsetEnd=1015 PartOfSpeech=DT] [Text=event CharacterOffsetBegin=1016 CharacterOffsetEnd=1021 PartOfSpeech=NN] [Text=, CharacterOffsetBegin=1021 CharacterOffsetEnd=1022 PartOfSpeech=,] [Text=the CharacterOffsetBegin=1023 CharacterOffsetEnd=1026 PartOfSpeech=DT] [Text=Templars CharacterOffsetBegin=1027 CharacterOffsetEnd=1035 PartOfSpeech=NNPS] [Text=arise CharacterOffsetBegin=1036 CharacterOffsetEnd=1041 PartOfSpeech=VBP] [Text=from CharacterOffsetBegin=1042 CharacterOffsetEnd=1046 PartOfSpeech=IN] [Text=the CharacterOffsetBegin=1047 CharacterOffsetEnd=1050 PartOfSpeech=DT] [Text=dead CharacterOffsetBegin=1051 CharacterOffsetEnd=1055 PartOfSpeech=JJ] [Text=to CharacterOffsetBegin=1056 CharacterOffsetEnd=1058 PartOfSpeech=TO] [Text=exact CharacterOffsetBegin=1059 CharacterOffsetEnd=1064 PartOfSpeech=JJ] [Text=their CharacterOffsetBegin=1065 CharacterOffsetEnd=1070 PartOfSpeech=PRP$] [Text=revenge CharacterOffsetBegin=1071 CharacterOffsetEnd=1078 PartOfSpeech=NN] [Text=upon CharacterOffsetBegin=1079 CharacterOffsetEnd=1083 PartOfSpeech=IN] [Text=the CharacterOffsetBegin=1084 CharacterOffsetEnd=1087 PartOfSpeech=DT] [Text=villagers CharacterOffsetBegin=1088 CharacterOffsetEnd=1097 PartOfSpeech=NNS] [Text=whose CharacterOffsetBegin=1098 CharacterOffsetEnd=1103 PartOfSpeech=WP$] [Text=ancestors CharacterOffsetBegin=1104 CharacterOffsetEnd=1113 PartOfSpeech=NNS] [Text=messed CharacterOffsetBegin=1114 CharacterOffsetEnd=1120 PartOfSpeech=VBD] [Text=them CharacterOffsetBegin=1121 CharacterOffsetEnd=1125 PartOfSpeech=PRP] [Text=up CharacterOffsetBegin=1126 CharacterOffsetEnd=1128 PartOfSpeech=RP] [Text=in CharacterOffsetBegin=1129 CharacterOffsetEnd=1131 PartOfSpeech=IN] [Text=the CharacterOffsetBegin=1132 CharacterOffsetEnd=1135 PartOfSpeech=DT] [Text=first CharacterOffsetBegin=1136 CharacterOffsetEnd=1141 PartOfSpeech=JJ] [Text=place CharacterOffsetBegin=1142 CharacterOffsetEnd=1147 PartOfSpeech=NN] [Text=. CharacterOffsetBegin=1147 CharacterOffsetEnd=1148 PartOfSpeech=.] 
root(ROOT-0, jump-3)
nsubj(jump-3, We-1)
advmod(jump-3, then-2)
prep(jump-3, to-4)
amod(times-6, modern-5)
pobj(to-4, times-6)
advmod(arise-15, where-7)
mwe(of-9, because-8)
prep(arise-15, of-9)
det(event-11, some-10)
pobj(of-9, event-11)
punct(arise-15, ,-12)
det(Templars-14, the-13)
nsubj(arise-15, Templars-14)
rcmod(times-6, arise-15)
prep(arise-15, from-16)
det(dead-18, the-17)
pobj(from-16, dead-18)
prep(jump-3, to-19)
pobj(to-19, exact-20)
poss(revenge-22, their-21)
dep(exact-20, revenge-22)
prep(revenge-22, upon-23)
det(villagers-25, the-24)
pobj(upon-23, villagers-25)
poss(ancestors-27, whose-26)
nsubj(messed-28, ancestors-27)
rcmod(villagers-25, messed-28)
dobj(messed-28, them-29)
prt(messed-28, up-30)
prep(messed-28, in-31)
det(place-34, the-32)
amod(place-34, first-33)
pobj(in-31, place-34)
punct(jump-3, .-35)

Sentence #8 (42 tokens):
Of course, since the undead knights have no eyes, they can only find their victims when they make some sort of noise.The Templars were a secretive order, from about the 12th century, coming out of the Crusades.
[Text=Of CharacterOffsetBegin=1153 CharacterOffsetEnd=1155 PartOfSpeech=IN] [Text=course CharacterOffsetBegin=1156 CharacterOffsetEnd=1162 PartOfSpeech=NN] [Text=, CharacterOffsetBegin=1162 CharacterOffsetEnd=1163 PartOfSpeech=,] [Text=since CharacterOffsetBegin=1164 CharacterOffsetEnd=1169 PartOfSpeech=IN] [Text=the CharacterOffsetBegin=1170 CharacterOffsetEnd=1173 PartOfSpeech=DT] [Text=undead CharacterOffsetBegin=1174 CharacterOffsetEnd=1180 PartOfSpeech=NN] [Text=knights CharacterOffsetBegin=1181 CharacterOffsetEnd=1188 PartOfSpeech=NNS] [Text=have CharacterOffsetBegin=1189 CharacterOffsetEnd=1193 PartOfSpeech=VBP] [Text=no CharacterOffsetBegin=1194 CharacterOffsetEnd=1196 PartOfSpeech=DT] [Text=eyes CharacterOffsetBegin=1197 CharacterOffsetEnd=1201 PartOfSpeech=NNS] [Text=, CharacterOffsetBegin=1201 CharacterOffsetEnd=1202 PartOfSpeech=,] [Text=they CharacterOffsetBegin=1203 CharacterOffsetEnd=1207 PartOfSpeech=PRP] [Text=can CharacterOffsetBegin=1208 CharacterOffsetEnd=1211 PartOfSpeech=MD] [Text=only CharacterOffsetBegin=1212 CharacterOffsetEnd=1216 PartOfSpeech=RB] [Text=find CharacterOffsetBegin=1217 CharacterOffsetEnd=1221 PartOfSpeech=VB] [Text=their CharacterOffsetBegin=1222 CharacterOffsetEnd=1227 PartOfSpeech=PRP$] [Text=victims CharacterOffsetBegin=1228 CharacterOffsetEnd=1235 PartOfSpeech=NNS] [Text=when CharacterOffsetBegin=1236 CharacterOffsetEnd=1240 PartOfSpeech=WRB] [Text=they CharacterOffsetBegin=1241 CharacterOffsetEnd=1245 PartOfSpeech=PRP] [Text=make CharacterOffsetBegin=1246 CharacterOffsetEnd=1250 PartOfSpeech=VBP] [Text=some CharacterOffsetBegin=1251 CharacterOffsetEnd=1255 PartOfSpeech=DT] [Text=sort CharacterOffsetBegin=1256 CharacterOffsetEnd=1260 PartOfSpeech=NN] [Text=of CharacterOffsetBegin=1261 CharacterOffsetEnd=1263 PartOfSpeech=IN] [Text=noise.The CharacterOffsetBegin=1264 CharacterOffsetEnd=1273 PartOfSpeech=NNP] [Text=Templars CharacterOffsetBegin=1274 CharacterOffsetEnd=1282 PartOfSpeech=NNPS] [Text=were CharacterOffsetBegin=1283 CharacterOffsetEnd=1287 PartOfSpeech=VBD] [Text=a CharacterOffsetBegin=1288 CharacterOffsetEnd=1289 PartOfSpeech=DT] [Text=secretive CharacterOffsetBegin=1290 CharacterOffsetEnd=1299 PartOfSpeech=JJ] [Text=order CharacterOffsetBegin=1300 CharacterOffsetEnd=1305 PartOfSpeech=NN] [Text=, CharacterOffsetBegin=1305 CharacterOffsetEnd=1306 PartOfSpeech=,] [Text=from CharacterOffsetBegin=1307 CharacterOffsetEnd=1311 PartOfSpeech=IN] [Text=about CharacterOffsetBegin=1312 CharacterOffsetEnd=1317 PartOfSpeech=IN] [Text=the CharacterOffsetBegin=1318 CharacterOffsetEnd=1321 PartOfSpeech=DT] [Text=12th CharacterOffsetBegin=1322 CharacterOffsetEnd=1326 PartOfSpeech=JJ] [Text=century CharacterOffsetBegin=1327 CharacterOffsetEnd=1334 PartOfSpeech=NN] [Text=, CharacterOffsetBegin=1334 CharacterOffsetEnd=1335 PartOfSpeech=,] [Text=coming CharacterOffsetBegin=1336 CharacterOffsetEnd=1342 PartOfSpeech=VBG] [Text=out CharacterOffsetBegin=1343 CharacterOffsetEnd=1346 PartOfSpeech=IN] [Text=of CharacterOffsetBegin=1347 CharacterOffsetEnd=1349 PartOfSpeech=IN] [Text=the CharacterOffsetBegin=1350 CharacterOffsetEnd=1353 PartOfSpeech=DT] [Text=Crusades CharacterOffsetBegin=1354 CharacterOffsetEnd=1362 PartOfSpeech=NNPS] [Text=. CharacterOffsetBegin=1362 CharacterOffsetEnd=1363 PartOfSpeech=.] 
root(ROOT-0, find-15)
prep(find-15, Of-1)
pobj(Of-1, course-2)
punct(find-15, ,-3)
mark(have-8, since-4)
det(knights-7, the-5)
nn(knights-7, undead-6)
nsubj(have-8, knights-7)
advcl(find-15, have-8)
det(eyes-10, no-9)
dobj(have-8, eyes-10)
punct(find-15, ,-11)
nsubj(find-15, they-12)
aux(find-15, can-13)
advmod(find-15, only-14)
poss(victims-17, their-16)
dobj(find-15, victims-17)
advmod(make-20, when-18)
nsubj(make-20, they-19)
advcl(find-15, make-20)
det(sort-22, some-21)
nsubj(order-29, sort-22)
prep(sort-22, of-23)
nn(Templars-25, noise.The-24)
pobj(of-23, Templars-25)
cop(order-29, were-26)
det(order-29, a-27)
amod(order-29, secretive-28)
ccomp(make-20, order-29)
punct(order-29, ,-30)
prep(order-29, from-31)
prep(from-31, about-32)
det(century-35, the-33)
amod(century-35, 12th-34)
pobj(about-32, century-35)
punct(from-31, ,-36)
pcomp(from-31, coming-37)
prep(coming-37, out-38)
pcomp(out-38, of-39)
det(Crusades-41, the-40)
pobj(of-39, Crusades-41)
punct(find-15, .-42)

Sentence #9 (23 tokens):
They were only around for about 150 years, before they were suppressed in the early 1300s by the Pope and others.
[Text=They CharacterOffsetBegin=1368 CharacterOffsetEnd=1372 PartOfSpeech=PRP] [Text=were CharacterOffsetBegin=1373 CharacterOffsetEnd=1377 PartOfSpeech=VBD] [Text=only CharacterOffsetBegin=1378 CharacterOffsetEnd=1382 PartOfSpeech=RB] [Text=around CharacterOffsetBegin=1383 CharacterOffsetEnd=1389 PartOfSpeech=RB] [Text=for CharacterOffsetBegin=1390 CharacterOffsetEnd=1393 PartOfSpeech=IN] [Text=about CharacterOffsetBegin=1394 CharacterOffsetEnd=1399 PartOfSpeech=RB] [Text=150 CharacterOffsetBegin=1400 CharacterOffsetEnd=1403 PartOfSpeech=CD] [Text=years CharacterOffsetBegin=1404 CharacterOffsetEnd=1409 PartOfSpeech=NNS] [Text=, CharacterOffsetBegin=1409 CharacterOffsetEnd=1410 PartOfSpeech=,] [Text=before CharacterOffsetBegin=1411 CharacterOffsetEnd=1417 PartOfSpeech=IN] [Text=they CharacterOffsetBegin=1418 CharacterOffsetEnd=1422 PartOfSpeech=PRP] [Text=were CharacterOffsetBegin=1423 CharacterOffsetEnd=1427 PartOfSpeech=VBD] [Text=suppressed CharacterOffsetBegin=1428 CharacterOffsetEnd=1438 PartOfSpeech=VBN] [Text=in CharacterOffsetBegin=1439 CharacterOffsetEnd=1441 PartOfSpeech=IN] [Text=the CharacterOffsetBegin=1442 CharacterOffsetEnd=1445 PartOfSpeech=DT] [Text=early CharacterOffsetBegin=1446 CharacterOffsetEnd=1451 PartOfSpeech=JJ] [Text=1300s CharacterOffsetBegin=1452 CharacterOffsetEnd=1457 PartOfSpeech=CD] [Text=by CharacterOffsetBegin=1458 CharacterOffsetEnd=1460 PartOfSpeech=IN] [Text=the CharacterOffsetBegin=1461 CharacterOffsetEnd=1464 PartOfSpeech=DT] [Text=Pope CharacterOffsetBegin=1465 CharacterOffsetEnd=1469 PartOfSpeech=NNP] [Text=and CharacterOffsetBegin=1470 CharacterOffsetEnd=1473 PartOfSpeech=CC] [Text=others CharacterOffsetBegin=1474 CharacterOffsetEnd=1480 PartOfSpeech=NNS] [Text=. CharacterOffsetBegin=1480 CharacterOffsetEnd=1481 PartOfSpeech=.] 
root(ROOT-0, around-4)
nsubj(around-4, They-1)
cop(around-4, were-2)
advmod(around-4, only-3)
prep(around-4, for-5)
quantmod(150-7, about-6)
num(years-8, 150-7)
pobj(for-5, years-8)
punct(around-4, ,-9)
mark(suppressed-13, before-10)
nsubjpass(suppressed-13, they-11)
auxpass(suppressed-13, were-12)
advcl(around-4, suppressed-13)
prep(suppressed-13, in-14)
det(1300s-17, the-15)
amod(1300s-17, early-16)
pobj(in-14, 1300s-17)
prep(suppressed-13, by-18)
det(Pope-20, the-19)
pobj(by-18, Pope-20)
cc(Pope-20, and-21)
conj(Pope-20, others-22)
punct(around-4, .-23)

Sentence #10 (17 tokens):
Because they were secretive, there were always rumors about their ceremonies, particularly for initiation.
[Text=Because CharacterOffsetBegin=1486 CharacterOffsetEnd=1493 PartOfSpeech=IN] [Text=they CharacterOffsetBegin=1494 CharacterOffsetEnd=1498 PartOfSpeech=PRP] [Text=were CharacterOffsetBegin=1499 CharacterOffsetEnd=1503 PartOfSpeech=VBD] [Text=secretive CharacterOffsetBegin=1504 CharacterOffsetEnd=1513 PartOfSpeech=JJ] [Text=, CharacterOffsetBegin=1513 CharacterOffsetEnd=1514 PartOfSpeech=,] [Text=there CharacterOffsetBegin=1515 CharacterOffsetEnd=1520 PartOfSpeech=EX] [Text=were CharacterOffsetBegin=1521 CharacterOffsetEnd=1525 PartOfSpeech=VBD] [Text=always CharacterOffsetBegin=1526 CharacterOffsetEnd=1532 PartOfSpeech=RB] [Text=rumors CharacterOffsetBegin=1533 CharacterOffsetEnd=1539 PartOfSpeech=NNS] [Text=about CharacterOffsetBegin=1540 CharacterOffsetEnd=1545 PartOfSpeech=IN] [Text=their CharacterOffsetBegin=1546 CharacterOffsetEnd=1551 PartOfSpeech=PRP$] [Text=ceremonies CharacterOffsetBegin=1552 CharacterOffsetEnd=1562 PartOfSpeech=NNS] [Text=, CharacterOffsetBegin=1562 CharacterOffsetEnd=1563 PartOfSpeech=,] [Text=particularly CharacterOffsetBegin=1564 CharacterOffsetEnd=1576 PartOfSpeech=RB] [Text=for CharacterOffsetBegin=1577 CharacterOffsetEnd=1580 PartOfSpeech=IN] [Text=initiation CharacterOffsetBegin=1581 CharacterOffsetEnd=1591 PartOfSpeech=NN] [Text=. CharacterOffsetBegin=1591 CharacterOffsetEnd=1592 PartOfSpeech=.] 
root(ROOT-0, were-7)
mark(secretive-4, Because-1)
nsubj(secretive-4, they-2)
cop(secretive-4, were-3)
advcl(were-7, secretive-4)
punct(were-7, ,-5)
expl(were-7, there-6)
advmod(rumors-9, always-8)
nsubj(were-7, rumors-9)
prep(rumors-9, about-10)
poss(ceremonies-12, their-11)
pobj(about-10, ceremonies-12)
punct(rumors-9, ,-13)
advmod(for-15, particularly-14)
prep(rumors-9, for-15)
pobj(for-15, initiation-16)
punct(were-7, .-17)

Sentence #11 (35 tokens):
Also, because of the way the society was organized, you didn't necessarily have church officials overseeing things, which meant they didn't have an inside man when things heated up.
[Text=Also CharacterOffsetBegin=1597 CharacterOffsetEnd=1601 PartOfSpeech=RB] [Text=, CharacterOffsetBegin=1601 CharacterOffsetEnd=1602 PartOfSpeech=,] [Text=because CharacterOffsetBegin=1603 CharacterOffsetEnd=1610 PartOfSpeech=IN] [Text=of CharacterOffsetBegin=1611 CharacterOffsetEnd=1613 PartOfSpeech=IN] [Text=the CharacterOffsetBegin=1614 CharacterOffsetEnd=1617 PartOfSpeech=DT] [Text=way CharacterOffsetBegin=1618 CharacterOffsetEnd=1621 PartOfSpeech=NN] [Text=the CharacterOffsetBegin=1622 CharacterOffsetEnd=1625 PartOfSpeech=DT] [Text=society CharacterOffsetBegin=1626 CharacterOffsetEnd=1633 PartOfSpeech=NN] [Text=was CharacterOffsetBegin=1634 CharacterOffsetEnd=1637 PartOfSpeech=VBD] [Text=organized CharacterOffsetBegin=1638 CharacterOffsetEnd=1647 PartOfSpeech=VBN] [Text=, CharacterOffsetBegin=1647 CharacterOffsetEnd=1648 PartOfSpeech=,] [Text=you CharacterOffsetBegin=1649 CharacterOffsetEnd=1652 PartOfSpeech=PRP] [Text=did CharacterOffsetBegin=1653 CharacterOffsetEnd=1656 PartOfSpeech=VBD] [Text=n't CharacterOffsetBegin=1656 CharacterOffsetEnd=1659 PartOfSpeech=RB] [Text=necessarily CharacterOffsetBegin=1660 CharacterOffsetEnd=1671 PartOfSpeech=RB] [Text=have CharacterOffsetBegin=1672 CharacterOffsetEnd=1676 PartOfSpeech=VB] [Text=church CharacterOffsetBegin=1677 CharacterOffsetEnd=1683 PartOfSpeech=NN] [Text=officials CharacterOffsetBegin=1684 CharacterOffsetEnd=1693 PartOfSpeech=NNS] [Text=overseeing CharacterOffsetBegin=1694 CharacterOffsetEnd=1704 PartOfSpeech=VBG] [Text=things CharacterOffsetBegin=1705 CharacterOffsetEnd=1711 PartOfSpeech=NNS] [Text=, CharacterOffsetBegin=1711 CharacterOffsetEnd=1712 PartOfSpeech=,] [Text=which CharacterOffsetBegin=1713 CharacterOffsetEnd=1718 PartOfSpeech=WDT] [Text=meant CharacterOffsetBegin=1719 CharacterOffsetEnd=1724 PartOfSpeech=VBD] [Text=they CharacterOffsetBegin=1725 CharacterOffsetEnd=1729 PartOfSpeech=PRP] [Text=did CharacterOffsetBegin=1730 CharacterOffsetEnd=1733 PartOfSpeech=VBD] [Text=n't CharacterOffsetBegin=1733 CharacterOffsetEnd=1736 PartOfSpeech=RB] [Text=have CharacterOffsetBegin=1737 CharacterOffsetEnd=1741 PartOfSpeech=VB] [Text=an CharacterOffsetBegin=1742 CharacterOffsetEnd=1744 PartOfSpeech=DT] [Text=inside CharacterOffsetBegin=1745 CharacterOffsetEnd=1751 PartOfSpeech=JJ] [Text=man CharacterOffsetBegin=1752 CharacterOffsetEnd=1755 PartOfSpeech=NN] [Text=when CharacterOffsetBegin=1756 CharacterOffsetEnd=1760 PartOfSpeech=WRB] [Text=things CharacterOffsetBegin=1761 CharacterOffsetEnd=1767 PartOfSpeech=NNS] [Text=heated CharacterOffsetBegin=1768 CharacterOffsetEnd=1774 PartOfSpeech=VBN] [Text=up CharacterOffsetBegin=1775 CharacterOffsetEnd=1777 PartOfSpeech=RP] [Text=. CharacterOffsetBegin=1777 CharacterOffsetEnd=1778 PartOfSpeech=.] 
root(ROOT-0, have-16)
advmod(have-16, Also-1)
punct(have-16, ,-2)
mwe(of-4, because-3)
prep(have-16, of-4)
det(way-6, the-5)
pobj(of-4, way-6)
det(society-8, the-7)
nsubjpass(organized-10, society-8)
auxpass(organized-10, was-9)
rcmod(way-6, organized-10)
punct(have-16, ,-11)
nsubj(have-16, you-12)
aux(have-16, did-13)
neg(have-16, n't-14)
advmod(have-16, necessarily-15)
nn(officials-18, church-17)
dobj(have-16, officials-18)
partmod(officials-18, overseeing-19)
dobj(overseeing-19, things-20)
punct(officials-18, ,-21)
nsubj(meant-23, which-22)
rcmod(officials-18, meant-23)
nsubj(have-27, they-24)
aux(have-27, did-25)
neg(have-27, n't-26)
ccomp(meant-23, have-27)
det(man-30, an-28)
amod(man-30, inside-29)
dobj(have-27, man-30)
advmod(heated-33, when-31)
nsubj(heated-33, things-32)
advcl(have-27, heated-33)
prt(heated-33, up-34)
punct(have-16, .-35)

Sentence #12 (16 tokens):
And, because of the nature of their trials, they were tortured into confessions.
[Text=And CharacterOffsetBegin=1783 CharacterOffsetEnd=1786 PartOfSpeech=CC] [Text=, CharacterOffsetBegin=1786 CharacterOffsetEnd=1787 PartOfSpeech=,] [Text=because CharacterOffsetBegin=1788 CharacterOffsetEnd=1795 PartOfSpeech=IN] [Text=of CharacterOffsetBegin=1796 CharacterOffsetEnd=1798 PartOfSpeech=IN] [Text=the CharacterOffsetBegin=1799 CharacterOffsetEnd=1802 PartOfSpeech=DT] [Text=nature CharacterOffsetBegin=1803 CharacterOffsetEnd=1809 PartOfSpeech=NN] [Text=of CharacterOffsetBegin=1810 CharacterOffsetEnd=1812 PartOfSpeech=IN] [Text=their CharacterOffsetBegin=1813 CharacterOffsetEnd=1818 PartOfSpeech=PRP$] [Text=trials CharacterOffsetBegin=1819 CharacterOffsetEnd=1825 PartOfSpeech=NNS] [Text=, CharacterOffsetBegin=1825 CharacterOffsetEnd=1826 PartOfSpeech=,] [Text=they CharacterOffsetBegin=1827 CharacterOffsetEnd=1831 PartOfSpeech=PRP] [Text=were CharacterOffsetBegin=1832 CharacterOffsetEnd=1836 PartOfSpeech=VBD] [Text=tortured CharacterOffsetBegin=1837 CharacterOffsetEnd=1845 PartOfSpeech=JJ] [Text=into CharacterOffsetBegin=1846 CharacterOffsetEnd=1850 PartOfSpeech=IN] [Text=confessions CharacterOffsetBegin=1851 CharacterOffsetEnd=1862 PartOfSpeech=NNS] [Text=. CharacterOffsetBegin=1862 CharacterOffsetEnd=1863 PartOfSpeech=.] 
root(ROOT-0, tortured-13)
cc(tortured-13, And-1)
punct(tortured-13, ,-2)
mwe(of-4, because-3)
prep(tortured-13, of-4)
det(nature-6, the-5)
pobj(of-4, nature-6)
prep(nature-6, of-7)
poss(trials-9, their-8)
pobj(of-7, trials-9)
punct(tortured-13, ,-10)
nsubj(tortured-13, they-11)
cop(tortured-13, were-12)
prep(tortured-13, into-14)
pobj(into-14, confessions-15)
punct(tortured-13, .-16)

Sentence #13 (88 tokens):
The order was strongest in France, but did exist in Portugal and Spain, where the movies take place.Where the first movie had a virgin sacrifice and knights drinking the blood directly from the body of the virgin (breast shots here, of course, this is a horror film after all), and then, once the knights come back to life, they attack their victims by eating them alive and sucking their blood; in this sequel, this all disappears.
[Text=The CharacterOffsetBegin=1868 CharacterOffsetEnd=1871 PartOfSpeech=DT] [Text=order CharacterOffsetBegin=1872 CharacterOffsetEnd=1877 PartOfSpeech=NN] [Text=was CharacterOffsetBegin=1878 CharacterOffsetEnd=1881 PartOfSpeech=VBD] [Text=strongest CharacterOffsetBegin=1882 CharacterOffsetEnd=1891 PartOfSpeech=JJS] [Text=in CharacterOffsetBegin=1892 CharacterOffsetEnd=1894 PartOfSpeech=IN] [Text=France CharacterOffsetBegin=1895 CharacterOffsetEnd=1901 PartOfSpeech=NNP] [Text=, CharacterOffsetBegin=1901 CharacterOffsetEnd=1902 PartOfSpeech=,] [Text=but CharacterOffsetBegin=1903 CharacterOffsetEnd=1906 PartOfSpeech=CC] [Text=did CharacterOffsetBegin=1907 CharacterOffsetEnd=1910 PartOfSpeech=VBD] [Text=exist CharacterOffsetBegin=1911 CharacterOffsetEnd=1916 PartOfSpeech=VB] [Text=in CharacterOffsetBegin=1917 CharacterOffsetEnd=1919 PartOfSpeech=IN] [Text=Portugal CharacterOffsetBegin=1920 CharacterOffsetEnd=1928 PartOfSpeech=NNP] [Text=and CharacterOffsetBegin=1929 CharacterOffsetEnd=1932 PartOfSpeech=CC] [Text=Spain CharacterOffsetBegin=1933 CharacterOffsetEnd=1938 PartOfSpeech=NNP] [Text=, CharacterOffsetBegin=1938 CharacterOffsetEnd=1939 PartOfSpeech=,] [Text=where CharacterOffsetBegin=1940 CharacterOffsetEnd=1945 PartOfSpeech=WRB] [Text=the CharacterOffsetBegin=1946 CharacterOffsetEnd=1949 PartOfSpeech=DT] [Text=movies CharacterOffsetBegin=1950 CharacterOffsetEnd=1956 PartOfSpeech=NNS] [Text=take CharacterOffsetBegin=1957 CharacterOffsetEnd=1961 PartOfSpeech=VBP] [Text=place.Where CharacterOffsetBegin=1962 CharacterOffsetEnd=1973 PartOfSpeech=NNP] [Text=the CharacterOffsetBegin=1974 CharacterOffsetEnd=1977 PartOfSpeech=DT] [Text=first CharacterOffsetBegin=1978 CharacterOffsetEnd=1983 PartOfSpeech=JJ] [Text=movie CharacterOffsetBegin=1984 CharacterOffsetEnd=1989 PartOfSpeech=NN] [Text=had CharacterOffsetBegin=1990 CharacterOffsetEnd=1993 PartOfSpeech=VBD] [Text=a CharacterOffsetBegin=1994 CharacterOffsetEnd=1995 PartOfSpeech=DT] [Text=virgin CharacterOffsetBegin=1996 CharacterOffsetEnd=2002 PartOfSpeech=JJ] [Text=sacrifice CharacterOffsetBegin=2003 CharacterOffsetEnd=2012 PartOfSpeech=NN] [Text=and CharacterOffsetBegin=2013 CharacterOffsetEnd=2016 PartOfSpeech=CC] [Text=knights CharacterOffsetBegin=2017 CharacterOffsetEnd=2024 PartOfSpeech=NNS] [Text=drinking CharacterOffsetBegin=2025 CharacterOffsetEnd=2033 PartOfSpeech=VBG] [Text=the CharacterOffsetBegin=2034 CharacterOffsetEnd=2037 PartOfSpeech=DT] [Text=blood CharacterOffsetBegin=2038 CharacterOffsetEnd=2043 PartOfSpeech=NN] [Text=directly CharacterOffsetBegin=2044 CharacterOffsetEnd=2052 PartOfSpeech=RB] [Text=from CharacterOffsetBegin=2053 CharacterOffsetEnd=2057 PartOfSpeech=IN] [Text=the CharacterOffsetBegin=2058 CharacterOffsetEnd=2061 PartOfSpeech=DT] [Text=body CharacterOffsetBegin=2062 CharacterOffsetEnd=2066 PartOfSpeech=NN] [Text=of CharacterOffsetBegin=2067 CharacterOffsetEnd=2069 PartOfSpeech=IN] [Text=the CharacterOffsetBegin=2070 CharacterOffsetEnd=2073 PartOfSpeech=DT] [Text=virgin CharacterOffsetBegin=2074 CharacterOffsetEnd=2080 PartOfSpeech=JJ] [Text=-LRB- CharacterOffsetBegin=2081 CharacterOffsetEnd=2082 PartOfSpeech=-LRB-] [Text=breast CharacterOffsetBegin=2082 CharacterOffsetEnd=2088 PartOfSpeech=NN] [Text=shots CharacterOffsetBegin=2089 CharacterOffsetEnd=2094 PartOfSpeech=NNS] [Text=here CharacterOffsetBegin=2095 CharacterOffsetEnd=2099 PartOfSpeech=RB] [Text=, CharacterOffsetBegin=2099 CharacterOffsetEnd=2100 PartOfSpeech=,] [Text=of CharacterOffsetBegin=2101 CharacterOffsetEnd=2103 PartOfSpeech=IN] [Text=course CharacterOffsetBegin=2104 CharacterOffsetEnd=2110 PartOfSpeech=NN] [Text=, CharacterOffsetBegin=2110 CharacterOffsetEnd=2111 PartOfSpeech=,] [Text=this CharacterOffsetBegin=2112 CharacterOffsetEnd=2116 PartOfSpeech=DT] [Text=is CharacterOffsetBegin=2117 CharacterOffsetEnd=2119 PartOfSpeech=VBZ] [Text=a CharacterOffsetBegin=2120 CharacterOffsetEnd=2121 PartOfSpeech=DT] [Text=horror CharacterOffsetBegin=2122 CharacterOffsetEnd=2128 PartOfSpeech=NN] [Text=film CharacterOffsetBegin=2129 CharacterOffsetEnd=2133 PartOfSpeech=NN] [Text=after CharacterOffsetBegin=2134 CharacterOffsetEnd=2139 PartOfSpeech=IN] [Text=all CharacterOffsetBegin=2140 CharacterOffsetEnd=2143 PartOfSpeech=DT] [Text=-RRB- CharacterOffsetBegin=2143 CharacterOffsetEnd=2144 PartOfSpeech=-RRB-] [Text=, CharacterOffsetBegin=2144 CharacterOffsetEnd=2145 PartOfSpeech=,] [Text=and CharacterOffsetBegin=2146 CharacterOffsetEnd=2149 PartOfSpeech=CC] [Text=then CharacterOffsetBegin=2150 CharacterOffsetEnd=2154 PartOfSpeech=RB] [Text=, CharacterOffsetBegin=2154 CharacterOffsetEnd=2155 PartOfSpeech=,] [Text=once CharacterOffsetBegin=2156 CharacterOffsetEnd=2160 PartOfSpeech=IN] [Text=the CharacterOffsetBegin=2161 CharacterOffsetEnd=2164 PartOfSpeech=DT] [Text=knights CharacterOffsetBegin=2165 CharacterOffsetEnd=2172 PartOfSpeech=NNS] [Text=come CharacterOffsetBegin=2173 CharacterOffsetEnd=2177 PartOfSpeech=VBP] [Text=back CharacterOffsetBegin=2178 CharacterOffsetEnd=2182 PartOfSpeech=RB] [Text=to CharacterOffsetBegin=2183 CharacterOffsetEnd=2185 PartOfSpeech=TO] [Text=life CharacterOffsetBegin=2186 CharacterOffsetEnd=2190 PartOfSpeech=NN] [Text=, CharacterOffsetBegin=2190 CharacterOffsetEnd=2191 PartOfSpeech=,] [Text=they CharacterOffsetBegin=2192 CharacterOffsetEnd=2196 PartOfSpeech=PRP] [Text=attack CharacterOffsetBegin=2197 CharacterOffsetEnd=2203 PartOfSpeech=VBP] [Text=their CharacterOffsetBegin=2204 CharacterOffsetEnd=2209 PartOfSpeech=PRP$] [Text=victims CharacterOffsetBegin=2210 CharacterOffsetEnd=2217 PartOfSpeech=NNS] [Text=by CharacterOffsetBegin=2218 CharacterOffsetEnd=2220 PartOfSpeech=IN] [Text=eating CharacterOffsetBegin=2221 CharacterOffsetEnd=2227 PartOfSpeech=VBG] [Text=them CharacterOffsetBegin=2228 CharacterOffsetEnd=2232 PartOfSpeech=PRP] [Text=alive CharacterOffsetBegin=2233 CharacterOffsetEnd=2238 PartOfSpeech=JJ] [Text=and CharacterOffsetBegin=2239 CharacterOffsetEnd=2242 PartOfSpeech=CC] [Text=sucking CharacterOffsetBegin=2243 CharacterOffsetEnd=2250 PartOfSpeech=VBG] [Text=their CharacterOffsetBegin=2251 CharacterOffsetEnd=2256 PartOfSpeech=PRP$] [Text=blood CharacterOffsetBegin=2257 CharacterOffsetEnd=2262 PartOfSpeech=NN] [Text=; CharacterOffsetBegin=2262 CharacterOffsetEnd=2263 PartOfSpeech=:] [Text=in CharacterOffsetBegin=2264 CharacterOffsetEnd=2266 PartOfSpeech=IN] [Text=this CharacterOffsetBegin=2267 CharacterOffsetEnd=2271 PartOfSpeech=DT] [Text=sequel CharacterOffsetBegin=2272 CharacterOffsetEnd=2278 PartOfSpeech=NN] [Text=, CharacterOffsetBegin=2278 CharacterOffsetEnd=2279 PartOfSpeech=,] [Text=this CharacterOffsetBegin=2280 CharacterOffsetEnd=2284 PartOfSpeech=DT] [Text=all CharacterOffsetBegin=2285 CharacterOffsetEnd=2288 PartOfSpeech=DT] [Text=disappears CharacterOffsetBegin=2289 CharacterOffsetEnd=2299 PartOfSpeech=VBZ] [Text=. CharacterOffsetBegin=2299 CharacterOffsetEnd=2300 PartOfSpeech=.] 
root(ROOT-0, attack-69)
det(order-2, The-1)
nsubj(strongest-4, order-2)
cop(strongest-4, was-3)
ccomp(attack-69, strongest-4)
prep(strongest-4, in-5)
pobj(in-5, France-6)
punct(strongest-4, ,-7)
cc(strongest-4, but-8)
aux(exist-10, did-9)
conj(strongest-4, exist-10)
prep(exist-10, in-11)
pobj(in-11, Portugal-12)
cc(Portugal-12, and-13)
conj(Portugal-12, Spain-14)
punct(Portugal-12, ,-15)
advmod(take-19, where-16)
det(movies-18, the-17)
nsubj(take-19, movies-18)
rcmod(Portugal-12, take-19)
dobj(take-19, place.Where-20)
det(movie-23, the-21)
amod(movie-23, first-22)
nsubj(had-24, movie-23)
rcmod(place.Where-20, had-24)
det(sacrifice-27, a-25)
amod(sacrifice-27, virgin-26)
dobj(had-24, sacrifice-27)
cc(had-24, and-28)
conj(had-24, knights-29)
partmod(knights-29, drinking-30)
det(blood-32, the-31)
dobj(drinking-30, blood-32)
advmod(drinking-30, directly-33)
prep(drinking-30, from-34)
det(body-36, the-35)
pobj(from-34, body-36)
prep(body-36, of-37)
det(shots-42, the-38)
amod(shots-42, virgin-39)
punct(shots-42, -LRB--40)
nn(shots-42, breast-41)
pobj(of-37, shots-42)
advmod(shots-42, here-43)
punct(Portugal-12, ,-44)
prep(Portugal-12, of-45)
pobj(of-45, course-46)
punct(Portugal-12, ,-47)
nsubj(film-52, this-48)
cop(film-52, is-49)
det(film-52, a-50)
amod(film-52, horror-51)
rcmod(Portugal-12, film-52)
advmod(film-52, after-53)
pobj(after-53, all-54)
punct(Portugal-12, -RRB--55)
punct(strongest-4, ,-56)
cc(strongest-4, and-57)
advmod(strongest-4, then-58)
punct(attack-69, ,-59)
mark(come-63, once-60)
det(knights-62, the-61)
nsubj(come-63, knights-62)
advcl(attack-69, come-63)
advmod(come-63, back-64)
prep(back-64, to-65)
pobj(to-65, life-66)
punct(attack-69, ,-67)
nsubj(attack-69, they-68)
poss(victims-71, their-70)
dobj(attack-69, victims-71)
prep(attack-69, by-72)
pcomp(by-72, eating-73)
dobj(eating-73, them-74)
advmod(eating-73, alive-75)
cc(alive-75, and-76)
conj(alive-75, sucking-77)
poss(blood-79, their-78)
dobj(sucking-77, blood-79)
punct(attack-69, ;-80)
prep(disappears-87, in-81)
det(sequel-83, this-82)
pobj(in-81, sequel-83)
punct(disappears-87, ,-84)
nsubj(disappears-87, this-85)
nsubj(disappears-87, all-86)
parataxis(attack-69, disappears-87)
punct(attack-69, .-88)

Sentence #14 (34 tokens):
You still have the same scene (redone, not the same footage) of them sacrificing the virgin, but they drain the blood into a bowl and drink it from that.
[Text=You CharacterOffsetBegin=2305 CharacterOffsetEnd=2308 PartOfSpeech=PRP] [Text=still CharacterOffsetBegin=2309 CharacterOffsetEnd=2314 PartOfSpeech=RB] [Text=have CharacterOffsetBegin=2315 CharacterOffsetEnd=2319 PartOfSpeech=VBP] [Text=the CharacterOffsetBegin=2320 CharacterOffsetEnd=2323 PartOfSpeech=DT] [Text=same CharacterOffsetBegin=2324 CharacterOffsetEnd=2328 PartOfSpeech=JJ] [Text=scene CharacterOffsetBegin=2329 CharacterOffsetEnd=2334 PartOfSpeech=NN] [Text=-LRB- CharacterOffsetBegin=2335 CharacterOffsetEnd=2336 PartOfSpeech=-LRB-] [Text=redone CharacterOffsetBegin=2336 CharacterOffsetEnd=2342 PartOfSpeech=NN] [Text=, CharacterOffsetBegin=2342 CharacterOffsetEnd=2343 PartOfSpeech=,] [Text=not CharacterOffsetBegin=2344 CharacterOffsetEnd=2347 PartOfSpeech=RB] [Text=the CharacterOffsetBegin=2348 CharacterOffsetEnd=2351 PartOfSpeech=DT] [Text=same CharacterOffsetBegin=2352 CharacterOffsetEnd=2356 PartOfSpeech=JJ] [Text=footage CharacterOffsetBegin=2357 CharacterOffsetEnd=2364 PartOfSpeech=NN] [Text=-RRB- CharacterOffsetBegin=2364 CharacterOffsetEnd=2365 PartOfSpeech=-RRB-] [Text=of CharacterOffsetBegin=2366 CharacterOffsetEnd=2368 PartOfSpeech=IN] [Text=them CharacterOffsetBegin=2369 CharacterOffsetEnd=2373 PartOfSpeech=PRP] [Text=sacrificing CharacterOffsetBegin=2374 CharacterOffsetEnd=2385 PartOfSpeech=VBG] [Text=the CharacterOffsetBegin=2386 CharacterOffsetEnd=2389 PartOfSpeech=DT] [Text=virgin CharacterOffsetBegin=2390 CharacterOffsetEnd=2396 PartOfSpeech=JJ] [Text=, CharacterOffsetBegin=2396 CharacterOffsetEnd=2397 PartOfSpeech=,] [Text=but CharacterOffsetBegin=2398 CharacterOffsetEnd=2401 PartOfSpeech=CC] [Text=they CharacterOffsetBegin=2402 CharacterOffsetEnd=2406 PartOfSpeech=PRP] [Text=drain CharacterOffsetBegin=2407 CharacterOffsetEnd=2412 PartOfSpeech=VBP] [Text=the CharacterOffsetBegin=2413 CharacterOffsetEnd=2416 PartOfSpeech=DT] [Text=blood CharacterOffsetBegin=2417 CharacterOffsetEnd=2422 PartOfSpeech=NN] [Text=into CharacterOffsetBegin=2423 CharacterOffsetEnd=2427 PartOfSpeech=IN] [Text=a CharacterOffsetBegin=2428 CharacterOffsetEnd=2429 PartOfSpeech=DT] [Text=bowl CharacterOffsetBegin=2430 CharacterOffsetEnd=2434 PartOfSpeech=NN] [Text=and CharacterOffsetBegin=2435 CharacterOffsetEnd=2438 PartOfSpeech=CC] [Text=drink CharacterOffsetBegin=2439 CharacterOffsetEnd=2444 PartOfSpeech=VB] [Text=it CharacterOffsetBegin=2445 CharacterOffsetEnd=2447 PartOfSpeech=PRP] [Text=from CharacterOffsetBegin=2448 CharacterOffsetEnd=2452 PartOfSpeech=IN] [Text=that CharacterOffsetBegin=2453 CharacterOffsetEnd=2457 PartOfSpeech=DT] [Text=. CharacterOffsetBegin=2457 CharacterOffsetEnd=2458 PartOfSpeech=.] 
root(ROOT-0, have-3)
nsubj(have-3, You-1)
advmod(have-3, still-2)
det(scene-6, the-4)
amod(scene-6, same-5)
dobj(have-3, scene-6)
punct(redone-8, -LRB--7)
dep(scene-6, redone-8)
punct(redone-8, ,-9)
neg(redone-8, not-10)
det(footage-13, the-11)
amod(footage-13, same-12)
dep(redone-8, footage-13)
punct(redone-8, -RRB--14)
prep(scene-6, of-15)
pobj(of-15, them-16)
xcomp(have-3, sacrificing-17)
det(virgin-19, the-18)
dobj(sacrificing-17, virgin-19)
punct(have-3, ,-20)
cc(have-3, but-21)
nsubj(drain-23, they-22)
conj(have-3, drain-23)
det(blood-25, the-24)
dobj(drain-23, blood-25)
prep(drain-23, into-26)
det(bowl-28, a-27)
pobj(into-26, bowl-28)
cc(drain-23, and-29)
conj(drain-23, drink-30)
dobj(drink-30, it-31)
prep(drink-30, from-32)
pobj(from-32, that-33)
punct(have-3, .-34)

Sentence #15 (37 tokens):
Thus, when they come back, they just hack people up with their swords or claw people to death, which I have to say is a much less effective means of disturbing your audience.
[Text=Thus CharacterOffsetBegin=2463 CharacterOffsetEnd=2467 PartOfSpeech=RB] [Text=, CharacterOffsetBegin=2467 CharacterOffsetEnd=2468 PartOfSpeech=,] [Text=when CharacterOffsetBegin=2469 CharacterOffsetEnd=2473 PartOfSpeech=WRB] [Text=they CharacterOffsetBegin=2474 CharacterOffsetEnd=2478 PartOfSpeech=PRP] [Text=come CharacterOffsetBegin=2479 CharacterOffsetEnd=2483 PartOfSpeech=VBP] [Text=back CharacterOffsetBegin=2484 CharacterOffsetEnd=2488 PartOfSpeech=RB] [Text=, CharacterOffsetBegin=2488 CharacterOffsetEnd=2489 PartOfSpeech=,] [Text=they CharacterOffsetBegin=2490 CharacterOffsetEnd=2494 PartOfSpeech=PRP] [Text=just CharacterOffsetBegin=2495 CharacterOffsetEnd=2499 PartOfSpeech=RB] [Text=hack CharacterOffsetBegin=2500 CharacterOffsetEnd=2504 PartOfSpeech=VBP] [Text=people CharacterOffsetBegin=2505 CharacterOffsetEnd=2511 PartOfSpeech=NNS] [Text=up CharacterOffsetBegin=2512 CharacterOffsetEnd=2514 PartOfSpeech=IN] [Text=with CharacterOffsetBegin=2515 CharacterOffsetEnd=2519 PartOfSpeech=IN] [Text=their CharacterOffsetBegin=2520 CharacterOffsetEnd=2525 PartOfSpeech=PRP$] [Text=swords CharacterOffsetBegin=2526 CharacterOffsetEnd=2532 PartOfSpeech=NNS] [Text=or CharacterOffsetBegin=2533 CharacterOffsetEnd=2535 PartOfSpeech=CC] [Text=claw CharacterOffsetBegin=2536 CharacterOffsetEnd=2540 PartOfSpeech=VB] [Text=people CharacterOffsetBegin=2541 CharacterOffsetEnd=2547 PartOfSpeech=NNS] [Text=to CharacterOffsetBegin=2548 CharacterOffsetEnd=2550 PartOfSpeech=TO] [Text=death CharacterOffsetBegin=2551 CharacterOffsetEnd=2556 PartOfSpeech=NN] [Text=, CharacterOffsetBegin=2556 CharacterOffsetEnd=2557 PartOfSpeech=,] [Text=which CharacterOffsetBegin=2558 CharacterOffsetEnd=2563 PartOfSpeech=WDT] [Text=I CharacterOffsetBegin=2564 CharacterOffsetEnd=2565 PartOfSpeech=PRP] [Text=have CharacterOffsetBegin=2566 CharacterOffsetEnd=2570 PartOfSpeech=VBP] [Text=to CharacterOffsetBegin=2571 CharacterOffsetEnd=2573 PartOfSpeech=TO] [Text=say CharacterOffsetBegin=2574 CharacterOffsetEnd=2577 PartOfSpeech=VB] [Text=is CharacterOffsetBegin=2578 CharacterOffsetEnd=2580 PartOfSpeech=VBZ] [Text=a CharacterOffsetBegin=2581 CharacterOffsetEnd=2582 PartOfSpeech=DT] [Text=much CharacterOffsetBegin=2583 CharacterOffsetEnd=2587 PartOfSpeech=RB] [Text=less CharacterOffsetBegin=2588 CharacterOffsetEnd=2592 PartOfSpeech=RBR] [Text=effective CharacterOffsetBegin=2593 CharacterOffsetEnd=2602 PartOfSpeech=JJ] [Text=means CharacterOffsetBegin=2603 CharacterOffsetEnd=2608 PartOfSpeech=NNS] [Text=of CharacterOffsetBegin=2609 CharacterOffsetEnd=2611 PartOfSpeech=IN] [Text=disturbing CharacterOffsetBegin=2612 CharacterOffsetEnd=2622 PartOfSpeech=JJ] [Text=your CharacterOffsetBegin=2623 CharacterOffsetEnd=2627 PartOfSpeech=PRP$] [Text=audience CharacterOffsetBegin=2628 CharacterOffsetEnd=2636 PartOfSpeech=NN] [Text=. CharacterOffsetBegin=2636 CharacterOffsetEnd=2637 PartOfSpeech=.] 
root(ROOT-0, hack-10)
advmod(hack-10, Thus-1)
punct(hack-10, ,-2)
advmod(come-5, when-3)
nsubj(come-5, they-4)
advcl(hack-10, come-5)
advmod(come-5, back-6)
punct(hack-10, ,-7)
nsubj(hack-10, they-8)
advmod(hack-10, just-9)
dobj(hack-10, people-11)
prep(hack-10, up-12)
pcomp(up-12, with-13)
poss(swords-15, their-14)
pobj(with-13, swords-15)
cc(hack-10, or-16)
conj(hack-10, claw-17)
dobj(claw-17, people-18)
prep(claw-17, to-19)
pobj(to-19, death-20)
punct(hack-10, ,-21)
dobj(have-24, which-22)
nsubj(have-24, I-23)
csubj(means-32, have-24)
aux(say-26, to-25)
xcomp(have-24, say-26)
cop(means-32, is-27)
det(means-32, a-28)
advmod(less-30, much-29)
advmod(effective-31, less-30)
amod(means-32, effective-31)
ccomp(hack-10, means-32)
prep(means-32, of-33)
pcomp(of-33, disturbing-34)
poss(audience-36, your-35)
dobj(disturbing-34, audience-36)
punct(hack-10, .-37)

Sentence #16 (48 tokens):
There's also a time problem: in the first film the dating is much closer to the Templars, where here they are now saying it is the 500 anniversary of the peasants burning these guys at the stake, which would date it around 1473.
[Text=There CharacterOffsetBegin=2642 CharacterOffsetEnd=2647 PartOfSpeech=EX] [Text='s CharacterOffsetBegin=2647 CharacterOffsetEnd=2649 PartOfSpeech=VBZ] [Text=also CharacterOffsetBegin=2650 CharacterOffsetEnd=2654 PartOfSpeech=RB] [Text=a CharacterOffsetBegin=2655 CharacterOffsetEnd=2656 PartOfSpeech=DT] [Text=time CharacterOffsetBegin=2657 CharacterOffsetEnd=2661 PartOfSpeech=NN] [Text=problem CharacterOffsetBegin=2662 CharacterOffsetEnd=2669 PartOfSpeech=NN] [Text=: CharacterOffsetBegin=2669 CharacterOffsetEnd=2670 PartOfSpeech=:] [Text=in CharacterOffsetBegin=2671 CharacterOffsetEnd=2673 PartOfSpeech=IN] [Text=the CharacterOffsetBegin=2674 CharacterOffsetEnd=2677 PartOfSpeech=DT] [Text=first CharacterOffsetBegin=2678 CharacterOffsetEnd=2683 PartOfSpeech=JJ] [Text=film CharacterOffsetBegin=2684 CharacterOffsetEnd=2688 PartOfSpeech=NN] [Text=the CharacterOffsetBegin=2689 CharacterOffsetEnd=2692 PartOfSpeech=DT] [Text=dating CharacterOffsetBegin=2693 CharacterOffsetEnd=2699 PartOfSpeech=VBG] [Text=is CharacterOffsetBegin=2700 CharacterOffsetEnd=2702 PartOfSpeech=VBZ] [Text=much CharacterOffsetBegin=2703 CharacterOffsetEnd=2707 PartOfSpeech=RB] [Text=closer CharacterOffsetBegin=2708 CharacterOffsetEnd=2714 PartOfSpeech=JJR] [Text=to CharacterOffsetBegin=2715 CharacterOffsetEnd=2717 PartOfSpeech=TO] [Text=the CharacterOffsetBegin=2718 CharacterOffsetEnd=2721 PartOfSpeech=DT] [Text=Templars CharacterOffsetBegin=2722 CharacterOffsetEnd=2730 PartOfSpeech=NNPS] [Text=, CharacterOffsetBegin=2730 CharacterOffsetEnd=2731 PartOfSpeech=,] [Text=where CharacterOffsetBegin=2732 CharacterOffsetEnd=2737 PartOfSpeech=WRB] [Text=here CharacterOffsetBegin=2738 CharacterOffsetEnd=2742 PartOfSpeech=RB] [Text=they CharacterOffsetBegin=2743 CharacterOffsetEnd=2747 PartOfSpeech=PRP] [Text=are CharacterOffsetBegin=2748 CharacterOffsetEnd=2751 PartOfSpeech=VBP] [Text=now CharacterOffsetBegin=2752 CharacterOffsetEnd=2755 PartOfSpeech=RB] [Text=saying CharacterOffsetBegin=2756 CharacterOffsetEnd=2762 PartOfSpeech=VBG] [Text=it CharacterOffsetBegin=2763 CharacterOffsetEnd=2765 PartOfSpeech=PRP] [Text=is CharacterOffsetBegin=2766 CharacterOffsetEnd=2768 PartOfSpeech=VBZ] [Text=the CharacterOffsetBegin=2769 CharacterOffsetEnd=2772 PartOfSpeech=DT] [Text=500 CharacterOffsetBegin=2773 CharacterOffsetEnd=2776 PartOfSpeech=CD] [Text=anniversary CharacterOffsetBegin=2777 CharacterOffsetEnd=2788 PartOfSpeech=NN] [Text=of CharacterOffsetBegin=2789 CharacterOffsetEnd=2791 PartOfSpeech=IN] [Text=the CharacterOffsetBegin=2792 CharacterOffsetEnd=2795 PartOfSpeech=DT] [Text=peasants CharacterOffsetBegin=2796 CharacterOffsetEnd=2804 PartOfSpeech=NNS] [Text=burning CharacterOffsetBegin=2805 CharacterOffsetEnd=2812 PartOfSpeech=VBG] [Text=these CharacterOffsetBegin=2813 CharacterOffsetEnd=2818 PartOfSpeech=DT] [Text=guys CharacterOffsetBegin=2819 CharacterOffsetEnd=2823 PartOfSpeech=NNS] [Text=at CharacterOffsetBegin=2824 CharacterOffsetEnd=2826 PartOfSpeech=IN] [Text=the CharacterOffsetBegin=2827 CharacterOffsetEnd=2830 PartOfSpeech=DT] [Text=stake CharacterOffsetBegin=2831 CharacterOffsetEnd=2836 PartOfSpeech=NN] [Text=, CharacterOffsetBegin=2836 CharacterOffsetEnd=2837 PartOfSpeech=,] [Text=which CharacterOffsetBegin=2838 CharacterOffsetEnd=2843 PartOfSpeech=WDT] [Text=would CharacterOffsetBegin=2844 CharacterOffsetEnd=2849 PartOfSpeech=MD] [Text=date CharacterOffsetBegin=2850 CharacterOffsetEnd=2854 PartOfSpeech=VB] [Text=it CharacterOffsetBegin=2855 CharacterOffsetEnd=2857 PartOfSpeech=PRP] [Text=around CharacterOffsetBegin=2858 CharacterOffsetEnd=2864 PartOfSpeech=IN] [Text=1473 CharacterOffsetBegin=2865 CharacterOffsetEnd=2869 PartOfSpeech=CD] [Text=. CharacterOffsetBegin=2869 CharacterOffsetEnd=2870 PartOfSpeech=.] 
root(ROOT-0, 's-2)
expl('s-2, There-1)
advmod('s-2, also-3)
det(problem-6, a-4)
nn(problem-6, time-5)
nsubj('s-2, problem-6)
punct('s-2, :-7)
prep(closer-16, in-8)
det(film-11, the-9)
amod(film-11, first-10)
pobj(in-8, film-11)
det(dating-13, the-12)
nsubj(closer-16, dating-13)
cop(closer-16, is-14)
advmod(closer-16, much-15)
dep('s-2, closer-16)
prep(closer-16, to-17)
det(Templars-19, the-18)
pobj(to-17, Templars-19)
punct(Templars-19, ,-20)
advmod(here-22, where-21)
rcmod(Templars-19, here-22)
nsubj(saying-26, they-23)
aux(saying-26, are-24)
advmod(saying-26, now-25)
ccomp(here-22, saying-26)
nsubj(anniversary-31, it-27)
cop(anniversary-31, is-28)
det(anniversary-31, the-29)
num(anniversary-31, 500-30)
ccomp(saying-26, anniversary-31)
prep(anniversary-31, of-32)
det(peasants-34, the-33)
pobj(of-32, peasants-34)
partmod(peasants-34, burning-35)
det(guys-37, these-36)
dobj(burning-35, guys-37)
prep(burning-35, at-38)
det(stake-40, the-39)
pobj(at-38, stake-40)
punct(stake-40, ,-41)
nsubj(date-44, which-42)
aux(date-44, would-43)
rcmod(stake-40, date-44)
dobj(date-44, it-45)
prep(date-44, around-46)
pobj(around-46, 1473-47)
punct('s-2, .-48)

Sentence #17 (16 tokens):
And the way that the Templars lose their eyes is much less interesting as well.
[Text=And CharacterOffsetBegin=2875 CharacterOffsetEnd=2878 PartOfSpeech=CC] [Text=the CharacterOffsetBegin=2879 CharacterOffsetEnd=2882 PartOfSpeech=DT] [Text=way CharacterOffsetBegin=2883 CharacterOffsetEnd=2886 PartOfSpeech=NN] [Text=that CharacterOffsetBegin=2887 CharacterOffsetEnd=2891 PartOfSpeech=IN] [Text=the CharacterOffsetBegin=2892 CharacterOffsetEnd=2895 PartOfSpeech=DT] [Text=Templars CharacterOffsetBegin=2896 CharacterOffsetEnd=2904 PartOfSpeech=NNPS] [Text=lose CharacterOffsetBegin=2905 CharacterOffsetEnd=2909 PartOfSpeech=VBP] [Text=their CharacterOffsetBegin=2910 CharacterOffsetEnd=2915 PartOfSpeech=PRP$] [Text=eyes CharacterOffsetBegin=2916 CharacterOffsetEnd=2920 PartOfSpeech=NNS] [Text=is CharacterOffsetBegin=2921 CharacterOffsetEnd=2923 PartOfSpeech=VBZ] [Text=much CharacterOffsetBegin=2924 CharacterOffsetEnd=2928 PartOfSpeech=RB] [Text=less CharacterOffsetBegin=2929 CharacterOffsetEnd=2933 PartOfSpeech=JJR] [Text=interesting CharacterOffsetBegin=2934 CharacterOffsetEnd=2945 PartOfSpeech=JJ] [Text=as CharacterOffsetBegin=2946 CharacterOffsetEnd=2948 PartOfSpeech=RB] [Text=well CharacterOffsetBegin=2949 CharacterOffsetEnd=2953 PartOfSpeech=RB] [Text=. CharacterOffsetBegin=2953 CharacterOffsetEnd=2954 PartOfSpeech=.] 
root(ROOT-0, is-10)
cc(is-10, And-1)
det(way-3, the-2)
nsubj(is-10, way-3)
mark(lose-7, that-4)
det(Templars-6, the-5)
nsubj(lose-7, Templars-6)
ccomp(way-3, lose-7)
poss(eyes-9, their-8)
dobj(lose-7, eyes-9)
advmod(less-12, much-11)
advmod(interesting-13, less-12)
advmod(is-10, interesting-13)
advmod(well-15, as-14)
advmod(interesting-13, well-15)
punct(is-10, .-16)

Sentence #18 (12 tokens):
In the first, they have them pecked out by crows.
[Text=In CharacterOffsetBegin=2959 CharacterOffsetEnd=2961 PartOfSpeech=IN] [Text=the CharacterOffsetBegin=2962 CharacterOffsetEnd=2965 PartOfSpeech=DT] [Text=first CharacterOffsetBegin=2966 CharacterOffsetEnd=2971 PartOfSpeech=JJ] [Text=, CharacterOffsetBegin=2971 CharacterOffsetEnd=2972 PartOfSpeech=,] [Text=they CharacterOffsetBegin=2973 CharacterOffsetEnd=2977 PartOfSpeech=PRP] [Text=have CharacterOffsetBegin=2978 CharacterOffsetEnd=2982 PartOfSpeech=VBP] [Text=them CharacterOffsetBegin=2983 CharacterOffsetEnd=2987 PartOfSpeech=PRP] [Text=pecked CharacterOffsetBegin=2988 CharacterOffsetEnd=2994 PartOfSpeech=VBN] [Text=out CharacterOffsetBegin=2995 CharacterOffsetEnd=2998 PartOfSpeech=RP] [Text=by CharacterOffsetBegin=2999 CharacterOffsetEnd=3001 PartOfSpeech=IN] [Text=crows CharacterOffsetBegin=3002 CharacterOffsetEnd=3007 PartOfSpeech=NNS] [Text=. CharacterOffsetBegin=3007 CharacterOffsetEnd=3008 PartOfSpeech=.] 
root(ROOT-0, have-6)
prep(have-6, In-1)
det(first-3, the-2)
pobj(In-1, first-3)
punct(have-6, ,-4)
nsubj(have-6, they-5)
nsubj(pecked-8, them-7)
xcomp(have-6, pecked-8)
prt(pecked-8, out-9)
prep(pecked-8, by-10)
pobj(by-10, crows-11)
punct(have-6, .-12)

Sentence #19 (45 tokens):
Now they are simply burned out, and in quite a ridiculous manner.Oh yeah, and maybe it was just me, but there seemed to be a lot of people from the first movie reappearing in this film (despite having died).
[Text=Now CharacterOffsetBegin=3013 CharacterOffsetEnd=3016 PartOfSpeech=RB] [Text=they CharacterOffsetBegin=3017 CharacterOffsetEnd=3021 PartOfSpeech=PRP] [Text=are CharacterOffsetBegin=3022 CharacterOffsetEnd=3025 PartOfSpeech=VBP] [Text=simply CharacterOffsetBegin=3026 CharacterOffsetEnd=3032 PartOfSpeech=RB] [Text=burned CharacterOffsetBegin=3033 CharacterOffsetEnd=3039 PartOfSpeech=VBN] [Text=out CharacterOffsetBegin=3040 CharacterOffsetEnd=3043 PartOfSpeech=RP] [Text=, CharacterOffsetBegin=3043 CharacterOffsetEnd=3044 PartOfSpeech=,] [Text=and CharacterOffsetBegin=3045 CharacterOffsetEnd=3048 PartOfSpeech=CC] [Text=in CharacterOffsetBegin=3049 CharacterOffsetEnd=3051 PartOfSpeech=IN] [Text=quite CharacterOffsetBegin=3052 CharacterOffsetEnd=3057 PartOfSpeech=RB] [Text=a CharacterOffsetBegin=3058 CharacterOffsetEnd=3059 PartOfSpeech=DT] [Text=ridiculous CharacterOffsetBegin=3060 CharacterOffsetEnd=3070 PartOfSpeech=JJ] [Text=manner.Oh CharacterOffsetBegin=3071 CharacterOffsetEnd=3080 PartOfSpeech=NN] [Text=yeah CharacterOffsetBegin=3081 CharacterOffsetEnd=3085 PartOfSpeech=NN] [Text=, CharacterOffsetBegin=3085 CharacterOffsetEnd=3086 PartOfSpeech=,] [Text=and CharacterOffsetBegin=3087 CharacterOffsetEnd=3090 PartOfSpeech=CC] [Text=maybe CharacterOffsetBegin=3091 CharacterOffsetEnd=3096 PartOfSpeech=RB] [Text=it CharacterOffsetBegin=3097 CharacterOffsetEnd=3099 PartOfSpeech=PRP] [Text=was CharacterOffsetBegin=3100 CharacterOffsetEnd=3103 PartOfSpeech=VBD] [Text=just CharacterOffsetBegin=3104 CharacterOffsetEnd=3108 PartOfSpeech=RB] [Text=me CharacterOffsetBegin=3109 CharacterOffsetEnd=3111 PartOfSpeech=PRP] [Text=, CharacterOffsetBegin=3111 CharacterOffsetEnd=3112 PartOfSpeech=,] [Text=but CharacterOffsetBegin=3113 CharacterOffsetEnd=3116 PartOfSpeech=CC] [Text=there CharacterOffsetBegin=3117 CharacterOffsetEnd=3122 PartOfSpeech=RB] [Text=seemed CharacterOffsetBegin=3123 CharacterOffsetEnd=3129 PartOfSpeech=VBD] [Text=to CharacterOffsetBegin=3130 CharacterOffsetEnd=3132 PartOfSpeech=TO] [Text=be CharacterOffsetBegin=3133 CharacterOffsetEnd=3135 PartOfSpeech=VB] [Text=a CharacterOffsetBegin=3136 CharacterOffsetEnd=3137 PartOfSpeech=DT] [Text=lot CharacterOffsetBegin=3138 CharacterOffsetEnd=3141 PartOfSpeech=NN] [Text=of CharacterOffsetBegin=3142 CharacterOffsetEnd=3144 PartOfSpeech=IN] [Text=people CharacterOffsetBegin=3145 CharacterOffsetEnd=3151 PartOfSpeech=NNS] [Text=from CharacterOffsetBegin=3152 CharacterOffsetEnd=3156 PartOfSpeech=IN] [Text=the CharacterOffsetBegin=3157 CharacterOffsetEnd=3160 PartOfSpeech=DT] [Text=first CharacterOffsetBegin=3161 CharacterOffsetEnd=3166 PartOfSpeech=JJ] [Text=movie CharacterOffsetBegin=3167 CharacterOffsetEnd=3172 PartOfSpeech=NN] [Text=reappearing CharacterOffsetBegin=3173 CharacterOffsetEnd=3184 PartOfSpeech=VBG] [Text=in CharacterOffsetBegin=3185 CharacterOffsetEnd=3187 PartOfSpeech=IN] [Text=this CharacterOffsetBegin=3188 CharacterOffsetEnd=3192 PartOfSpeech=DT] [Text=film CharacterOffsetBegin=3193 CharacterOffsetEnd=3197 PartOfSpeech=NN] [Text=-LRB- CharacterOffsetBegin=3198 CharacterOffsetEnd=3199 PartOfSpeech=-LRB-] [Text=despite CharacterOffsetBegin=3199 CharacterOffsetEnd=3206 PartOfSpeech=IN] [Text=having CharacterOffsetBegin=3207 CharacterOffsetEnd=3213 PartOfSpeech=VBG] [Text=died CharacterOffsetBegin=3214 CharacterOffsetEnd=3218 PartOfSpeech=VBD] [Text=-RRB- CharacterOffsetBegin=3218 CharacterOffsetEnd=3219 PartOfSpeech=-RRB-] [Text=. CharacterOffsetBegin=3219 CharacterOffsetEnd=3220 PartOfSpeech=.] 
root(ROOT-0, burned-5)
advmod(burned-5, Now-1)
nsubjpass(burned-5, they-2)
auxpass(burned-5, are-3)
advmod(burned-5, simply-4)
prt(burned-5, out-6)
punct(burned-5, ,-7)
cc(burned-5, and-8)
conj(burned-5, in-9)
advmod(yeah-14, quite-10)
det(yeah-14, a-11)
amod(yeah-14, ridiculous-12)
nn(yeah-14, manner.Oh-13)
pobj(in-9, yeah-14)
punct(burned-5, ,-15)
cc(burned-5, and-16)
advmod(me-21, maybe-17)
nsubj(me-21, it-18)
cop(me-21, was-19)
advmod(me-21, just-20)
conj(burned-5, me-21)
punct(me-21, ,-22)
cc(me-21, but-23)
advmod(seemed-25, there-24)
conj(me-21, seemed-25)
aux(lot-29, to-26)
cop(lot-29, be-27)
det(lot-29, a-28)
xcomp(seemed-25, lot-29)
prep(lot-29, of-30)
pobj(of-30, people-31)
prep(lot-29, from-32)
det(movie-35, the-33)
amod(movie-35, first-34)
pobj(from-32, movie-35)
partmod(movie-35, reappearing-36)
prep(reappearing-36, in-37)
det(film-39, this-38)
pobj(in-37, film-39)
punct(died-43, -LRB--40)
mark(died-43, despite-41)
aux(died-43, having-42)
dep(reappearing-36, died-43)
punct(died-43, -RRB--44)
punct(burned-5, .-45)

Sentence #20 (26 tokens):
Not really a problem, since the movie is completely different and not a sequel in the sense of a continuation, but odd none-the-less.
[Text=Not CharacterOffsetBegin=3225 CharacterOffsetEnd=3228 PartOfSpeech=RB] [Text=really CharacterOffsetBegin=3229 CharacterOffsetEnd=3235 PartOfSpeech=RB] [Text=a CharacterOffsetBegin=3236 CharacterOffsetEnd=3237 PartOfSpeech=DT] [Text=problem CharacterOffsetBegin=3238 CharacterOffsetEnd=3245 PartOfSpeech=NN] [Text=, CharacterOffsetBegin=3245 CharacterOffsetEnd=3246 PartOfSpeech=,] [Text=since CharacterOffsetBegin=3247 CharacterOffsetEnd=3252 PartOfSpeech=IN] [Text=the CharacterOffsetBegin=3253 CharacterOffsetEnd=3256 PartOfSpeech=DT] [Text=movie CharacterOffsetBegin=3257 CharacterOffsetEnd=3262 PartOfSpeech=NN] [Text=is CharacterOffsetBegin=3263 CharacterOffsetEnd=3265 PartOfSpeech=VBZ] [Text=completely CharacterOffsetBegin=3266 CharacterOffsetEnd=3276 PartOfSpeech=RB] [Text=different CharacterOffsetBegin=3277 CharacterOffsetEnd=3286 PartOfSpeech=JJ] [Text=and CharacterOffsetBegin=3287 CharacterOffsetEnd=3290 PartOfSpeech=CC] [Text=not CharacterOffsetBegin=3291 CharacterOffsetEnd=3294 PartOfSpeech=RB] [Text=a CharacterOffsetBegin=3295 CharacterOffsetEnd=3296 PartOfSpeech=DT] [Text=sequel CharacterOffsetBegin=3297 CharacterOffsetEnd=3303 PartOfSpeech=NN] [Text=in CharacterOffsetBegin=3304 CharacterOffsetEnd=3306 PartOfSpeech=IN] [Text=the CharacterOffsetBegin=3307 CharacterOffsetEnd=3310 PartOfSpeech=DT] [Text=sense CharacterOffsetBegin=3311 CharacterOffsetEnd=3316 PartOfSpeech=NN] [Text=of CharacterOffsetBegin=3317 CharacterOffsetEnd=3319 PartOfSpeech=IN] [Text=a CharacterOffsetBegin=3320 CharacterOffsetEnd=3321 PartOfSpeech=DT] [Text=continuation CharacterOffsetBegin=3322 CharacterOffsetEnd=3334 PartOfSpeech=NN] [Text=, CharacterOffsetBegin=3334 CharacterOffsetEnd=3335 PartOfSpeech=,] [Text=but CharacterOffsetBegin=3336 CharacterOffsetEnd=3339 PartOfSpeech=CC] [Text=odd CharacterOffsetBegin=3340 CharacterOffsetEnd=3343 PartOfSpeech=JJ] [Text=none-the-less CharacterOffsetBegin=3344 CharacterOffsetEnd=3357 PartOfSpeech=JJ] [Text=. CharacterOffsetBegin=3357 CharacterOffsetEnd=3358 PartOfSpeech=.] 
root(ROOT-0, different-11)
neg(problem-4, Not-1)
advmod(problem-4, really-2)
det(problem-4, a-3)
nsubj(different-11, problem-4)
punct(problem-4, ,-5)
prep(problem-4, since-6)
det(movie-8, the-7)
pobj(since-6, movie-8)
cop(different-11, is-9)
advmod(different-11, completely-10)
cc(different-11, and-12)
neg(sequel-15, not-13)
det(sequel-15, a-14)
conj(different-11, sequel-15)
prep(sequel-15, in-16)
det(sense-18, the-17)
pobj(in-16, sense-18)
prep(sense-18, of-19)
det(continuation-21, a-20)
pobj(of-19, continuation-21)
punct(different-11, ,-22)
cc(different-11, but-23)
amod(none-the-less-25, odd-24)
conj(different-11, none-the-less-25)
punct(different-11, .-26)

Sentence #21 (26 tokens):
The highlight of this movie is the rich fellow who uses a child to distract the undead while he makes a break for the jeep.
[Text=The CharacterOffsetBegin=3358 CharacterOffsetEnd=3361 PartOfSpeech=DT] [Text=highlight CharacterOffsetBegin=3362 CharacterOffsetEnd=3371 PartOfSpeech=NN] [Text=of CharacterOffsetBegin=3372 CharacterOffsetEnd=3374 PartOfSpeech=IN] [Text=this CharacterOffsetBegin=3375 CharacterOffsetEnd=3379 PartOfSpeech=DT] [Text=movie CharacterOffsetBegin=3380 CharacterOffsetEnd=3385 PartOfSpeech=NN] [Text=is CharacterOffsetBegin=3386 CharacterOffsetEnd=3388 PartOfSpeech=VBZ] [Text=the CharacterOffsetBegin=3389 CharacterOffsetEnd=3392 PartOfSpeech=DT] [Text=rich CharacterOffsetBegin=3393 CharacterOffsetEnd=3397 PartOfSpeech=JJ] [Text=fellow CharacterOffsetBegin=3398 CharacterOffsetEnd=3404 PartOfSpeech=NN] [Text=who CharacterOffsetBegin=3405 CharacterOffsetEnd=3408 PartOfSpeech=WP] [Text=uses CharacterOffsetBegin=3409 CharacterOffsetEnd=3413 PartOfSpeech=VBZ] [Text=a CharacterOffsetBegin=3414 CharacterOffsetEnd=3415 PartOfSpeech=DT] [Text=child CharacterOffsetBegin=3416 CharacterOffsetEnd=3421 PartOfSpeech=NN] [Text=to CharacterOffsetBegin=3422 CharacterOffsetEnd=3424 PartOfSpeech=TO] [Text=distract CharacterOffsetBegin=3425 CharacterOffsetEnd=3433 PartOfSpeech=VB] [Text=the CharacterOffsetBegin=3434 CharacterOffsetEnd=3437 PartOfSpeech=DT] [Text=undead CharacterOffsetBegin=3438 CharacterOffsetEnd=3444 PartOfSpeech=NN] [Text=while CharacterOffsetBegin=3445 CharacterOffsetEnd=3450 PartOfSpeech=IN] [Text=he CharacterOffsetBegin=3451 CharacterOffsetEnd=3453 PartOfSpeech=PRP] [Text=makes CharacterOffsetBegin=3454 CharacterOffsetEnd=3459 PartOfSpeech=VBZ] [Text=a CharacterOffsetBegin=3460 CharacterOffsetEnd=3461 PartOfSpeech=DT] [Text=break CharacterOffsetBegin=3462 CharacterOffsetEnd=3467 PartOfSpeech=NN] [Text=for CharacterOffsetBegin=3468 CharacterOffsetEnd=3471 PartOfSpeech=IN] [Text=the CharacterOffsetBegin=3472 CharacterOffsetEnd=3475 PartOfSpeech=DT] [Text=jeep CharacterOffsetBegin=3476 CharacterOffsetEnd=3480 PartOfSpeech=NN] [Text=. CharacterOffsetBegin=3480 CharacterOffsetEnd=3481 PartOfSpeech=.] 
root(ROOT-0, fellow-9)
det(highlight-2, The-1)
nsubj(fellow-9, highlight-2)
prep(highlight-2, of-3)
det(movie-5, this-4)
pobj(of-3, movie-5)
cop(fellow-9, is-6)
det(fellow-9, the-7)
amod(fellow-9, rich-8)
nsubj(uses-11, who-10)
rcmod(fellow-9, uses-11)
det(child-13, a-12)
dobj(uses-11, child-13)
aux(distract-15, to-14)
xcomp(uses-11, distract-15)
det(undead-17, the-16)
dobj(distract-15, undead-17)
mark(makes-20, while-18)
nsubj(makes-20, he-19)
advcl(uses-11, makes-20)
det(break-22, a-21)
dobj(makes-20, break-22)
prep(break-22, for-23)
det(jeep-25, the-24)
pobj(for-23, jeep-25)
punct(fellow-9, .-26)

Sentence #22 (33 tokens):
The child's father had already been suckered by this rich man into making an attempt to get the jeep, so he walks out and tells her to find her father.
[Text=The CharacterOffsetBegin=3486 CharacterOffsetEnd=3489 PartOfSpeech=DT] [Text=child CharacterOffsetBegin=3490 CharacterOffsetEnd=3495 PartOfSpeech=NN] [Text='s CharacterOffsetBegin=3495 CharacterOffsetEnd=3497 PartOfSpeech=POS] [Text=father CharacterOffsetBegin=3498 CharacterOffsetEnd=3504 PartOfSpeech=NN] [Text=had CharacterOffsetBegin=3505 CharacterOffsetEnd=3508 PartOfSpeech=VBD] [Text=already CharacterOffsetBegin=3509 CharacterOffsetEnd=3516 PartOfSpeech=RB] [Text=been CharacterOffsetBegin=3517 CharacterOffsetEnd=3521 PartOfSpeech=VBN] [Text=suckered CharacterOffsetBegin=3522 CharacterOffsetEnd=3530 PartOfSpeech=VBN] [Text=by CharacterOffsetBegin=3531 CharacterOffsetEnd=3533 PartOfSpeech=IN] [Text=this CharacterOffsetBegin=3534 CharacterOffsetEnd=3538 PartOfSpeech=DT] [Text=rich CharacterOffsetBegin=3539 CharacterOffsetEnd=3543 PartOfSpeech=JJ] [Text=man CharacterOffsetBegin=3544 CharacterOffsetEnd=3547 PartOfSpeech=NN] [Text=into CharacterOffsetBegin=3548 CharacterOffsetEnd=3552 PartOfSpeech=IN] [Text=making CharacterOffsetBegin=3553 CharacterOffsetEnd=3559 PartOfSpeech=VBG] [Text=an CharacterOffsetBegin=3560 CharacterOffsetEnd=3562 PartOfSpeech=DT] [Text=attempt CharacterOffsetBegin=3563 CharacterOffsetEnd=3570 PartOfSpeech=NN] [Text=to CharacterOffsetBegin=3571 CharacterOffsetEnd=3573 PartOfSpeech=TO] [Text=get CharacterOffsetBegin=3574 CharacterOffsetEnd=3577 PartOfSpeech=VB] [Text=the CharacterOffsetBegin=3578 CharacterOffsetEnd=3581 PartOfSpeech=DT] [Text=jeep CharacterOffsetBegin=3582 CharacterOffsetEnd=3586 PartOfSpeech=NN] [Text=, CharacterOffsetBegin=3586 CharacterOffsetEnd=3587 PartOfSpeech=,] [Text=so CharacterOffsetBegin=3588 CharacterOffsetEnd=3590 PartOfSpeech=RB] [Text=he CharacterOffsetBegin=3591 CharacterOffsetEnd=3593 PartOfSpeech=PRP] [Text=walks CharacterOffsetBegin=3594 CharacterOffsetEnd=3599 PartOfSpeech=VBZ] [Text=out CharacterOffsetBegin=3600 CharacterOffsetEnd=3603 PartOfSpeech=RP] [Text=and CharacterOffsetBegin=3604 CharacterOffsetEnd=3607 PartOfSpeech=CC] [Text=tells CharacterOffsetBegin=3608 CharacterOffsetEnd=3613 PartOfSpeech=VBZ] [Text=her CharacterOffsetBegin=3614 CharacterOffsetEnd=3617 PartOfSpeech=PRP$] [Text=to CharacterOffsetBegin=3618 CharacterOffsetEnd=3620 PartOfSpeech=TO] [Text=find CharacterOffsetBegin=3621 CharacterOffsetEnd=3625 PartOfSpeech=VB] [Text=her CharacterOffsetBegin=3626 CharacterOffsetEnd=3629 PartOfSpeech=PRP$] [Text=father CharacterOffsetBegin=3630 CharacterOffsetEnd=3636 PartOfSpeech=NN] [Text=. CharacterOffsetBegin=3636 CharacterOffsetEnd=3637 PartOfSpeech=.] 
root(ROOT-0, suckered-8)
det(child-2, The-1)
poss(father-4, child-2)
possessive(child-2, 's-3)
nsubj(suckered-8, father-4)
aux(suckered-8, had-5)
advmod(suckered-8, already-6)
auxpass(suckered-8, been-7)
prep(suckered-8, by-9)
det(man-12, this-10)
amod(man-12, rich-11)
pobj(by-9, man-12)
prep(suckered-8, into-13)
pcomp(into-13, making-14)
det(attempt-16, an-15)
dobj(making-14, attempt-16)
aux(get-18, to-17)
infmod(attempt-16, get-18)
det(jeep-20, the-19)
dobj(get-18, jeep-20)
punct(suckered-8, ,-21)
advmod(walks-24, so-22)
nsubj(walks-24, he-23)
dep(suckered-8, walks-24)
prt(walks-24, out-25)
cc(walks-24, and-26)
conj(walks-24, tells-27)
dobj(walks-24, her-28)
aux(find-30, to-29)
xcomp(walks-24, find-30)
poss(father-32, her-31)
dobj(find-30, father-32)
punct(suckered-8, .-33)

Sentence #23 (18 tokens):
It comes somewhat out of the blue, and is easily the funniest scene in the film.
[Text=It CharacterOffsetBegin=3642 CharacterOffsetEnd=3644 PartOfSpeech=PRP] [Text=comes CharacterOffsetBegin=3645 CharacterOffsetEnd=3650 PartOfSpeech=VBZ] [Text=somewhat CharacterOffsetBegin=3651 CharacterOffsetEnd=3659 PartOfSpeech=RB] [Text=out CharacterOffsetBegin=3660 CharacterOffsetEnd=3663 PartOfSpeech=IN] [Text=of CharacterOffsetBegin=3664 CharacterOffsetEnd=3666 PartOfSpeech=IN] [Text=the CharacterOffsetBegin=3667 CharacterOffsetEnd=3670 PartOfSpeech=DT] [Text=blue CharacterOffsetBegin=3671 CharacterOffsetEnd=3675 PartOfSpeech=JJ] [Text=, CharacterOffsetBegin=3675 CharacterOffsetEnd=3676 PartOfSpeech=,] [Text=and CharacterOffsetBegin=3677 CharacterOffsetEnd=3680 PartOfSpeech=CC] [Text=is CharacterOffsetBegin=3681 CharacterOffsetEnd=3683 PartOfSpeech=VBZ] [Text=easily CharacterOffsetBegin=3684 CharacterOffsetEnd=3690 PartOfSpeech=RB] [Text=the CharacterOffsetBegin=3691 CharacterOffsetEnd=3694 PartOfSpeech=DT] [Text=funniest CharacterOffsetBegin=3695 CharacterOffsetEnd=3703 PartOfSpeech=JJS] [Text=scene CharacterOffsetBegin=3704 CharacterOffsetEnd=3709 PartOfSpeech=NN] [Text=in CharacterOffsetBegin=3710 CharacterOffsetEnd=3712 PartOfSpeech=IN] [Text=the CharacterOffsetBegin=3713 CharacterOffsetEnd=3716 PartOfSpeech=DT] [Text=film CharacterOffsetBegin=3717 CharacterOffsetEnd=3721 PartOfSpeech=NN] [Text=. CharacterOffsetBegin=3721 CharacterOffsetEnd=3722 PartOfSpeech=.] 
root(ROOT-0, comes-2)
nsubj(comes-2, It-1)
advmod(comes-2, somewhat-3)
prep(comes-2, out-4)
pcomp(out-4, of-5)
det(blue-7, the-6)
pobj(of-5, blue-7)
punct(comes-2, ,-8)
cc(comes-2, and-9)
cop(scene-14, is-10)
advmod(scene-14, easily-11)
det(scene-14, the-12)
amod(scene-14, funniest-13)
conj(comes-2, scene-14)
prep(scene-14, in-15)
det(film-17, the-16)
pobj(in-15, film-17)
punct(comes-2, .-18)

Sentence #24 (30 tokens):
Of course, why the child doesn't die at this point is beyond me, and disappointed for horror fans.I couldn't possibly recommend this film to anyone.
[Text=Of CharacterOffsetBegin=3727 CharacterOffsetEnd=3729 PartOfSpeech=IN] [Text=course CharacterOffsetBegin=3730 CharacterOffsetEnd=3736 PartOfSpeech=NN] [Text=, CharacterOffsetBegin=3736 CharacterOffsetEnd=3737 PartOfSpeech=,] [Text=why CharacterOffsetBegin=3738 CharacterOffsetEnd=3741 PartOfSpeech=WRB] [Text=the CharacterOffsetBegin=3742 CharacterOffsetEnd=3745 PartOfSpeech=DT] [Text=child CharacterOffsetBegin=3746 CharacterOffsetEnd=3751 PartOfSpeech=NN] [Text=does CharacterOffsetBegin=3752 CharacterOffsetEnd=3756 PartOfSpeech=VBZ] [Text=n't CharacterOffsetBegin=3756 CharacterOffsetEnd=3759 PartOfSpeech=RB] [Text=die CharacterOffsetBegin=3760 CharacterOffsetEnd=3763 PartOfSpeech=VB] [Text=at CharacterOffsetBegin=3764 CharacterOffsetEnd=3766 PartOfSpeech=IN] [Text=this CharacterOffsetBegin=3767 CharacterOffsetEnd=3771 PartOfSpeech=DT] [Text=point CharacterOffsetBegin=3772 CharacterOffsetEnd=3777 PartOfSpeech=NN] [Text=is CharacterOffsetBegin=3778 CharacterOffsetEnd=3780 PartOfSpeech=VBZ] [Text=beyond CharacterOffsetBegin=3781 CharacterOffsetEnd=3787 PartOfSpeech=IN] [Text=me CharacterOffsetBegin=3788 CharacterOffsetEnd=3790 PartOfSpeech=PRP] [Text=, CharacterOffsetBegin=3790 CharacterOffsetEnd=3791 PartOfSpeech=,] [Text=and CharacterOffsetBegin=3792 CharacterOffsetEnd=3795 PartOfSpeech=CC] [Text=disappointed CharacterOffsetBegin=3796 CharacterOffsetEnd=3808 PartOfSpeech=JJ] [Text=for CharacterOffsetBegin=3809 CharacterOffsetEnd=3812 PartOfSpeech=IN] [Text=horror CharacterOffsetBegin=3813 CharacterOffsetEnd=3819 PartOfSpeech=NN] [Text=fans.I CharacterOffsetBegin=3820 CharacterOffsetEnd=3826 PartOfSpeech=NN] [Text=could CharacterOffsetBegin=3827 CharacterOffsetEnd=3832 PartOfSpeech=MD] [Text=n't CharacterOffsetBegin=3832 CharacterOffsetEnd=3835 PartOfSpeech=RB] [Text=possibly CharacterOffsetBegin=3836 CharacterOffsetEnd=3844 PartOfSpeech=RB] [Text=recommend CharacterOffsetBegin=3845 CharacterOffsetEnd=3854 PartOfSpeech=VB] [Text=this CharacterOffsetBegin=3855 CharacterOffsetEnd=3859 PartOfSpeech=DT] [Text=film CharacterOffsetBegin=3860 CharacterOffsetEnd=3864 PartOfSpeech=NN] [Text=to CharacterOffsetBegin=3865 CharacterOffsetEnd=3867 PartOfSpeech=TO] [Text=anyone CharacterOffsetBegin=3868 CharacterOffsetEnd=3874 PartOfSpeech=NN] [Text=. CharacterOffsetBegin=3874 CharacterOffsetEnd=3875 PartOfSpeech=.] 
root(ROOT-0, die-9)
prep(die-9, Of-1)
pobj(Of-1, course-2)
punct(die-9, ,-3)
advmod(die-9, why-4)
det(child-6, the-5)
nsubj(die-9, child-6)
aux(die-9, does-7)
neg(die-9, n't-8)
prep(die-9, at-10)
det(point-12, this-11)
pobj(at-10, point-12)
dep(die-9, is-13)
prep(is-13, beyond-14)
pobj(beyond-14, me-15)
punct(die-9, ,-16)
cc(die-9, and-17)
csubj(recommend-25, disappointed-18)
prep(disappointed-18, for-19)
nn(fans.I-21, horror-20)
pobj(for-19, fans.I-21)
aux(recommend-25, could-22)
neg(recommend-25, n't-23)
advmod(recommend-25, possibly-24)
conj(die-9, recommend-25)
det(film-27, this-26)
dobj(recommend-25, film-27)
prep(recommend-25, to-28)
pobj(to-28, anyone-29)
punct(die-9, .-30)

Sentence #25 (21 tokens):
It isn't so bad that it becomes funny, so it just ends up being a mediocre horror film.
[Text=It CharacterOffsetBegin=3880 CharacterOffsetEnd=3882 PartOfSpeech=PRP] [Text=is CharacterOffsetBegin=3883 CharacterOffsetEnd=3885 PartOfSpeech=VBZ] [Text=n't CharacterOffsetBegin=3885 CharacterOffsetEnd=3888 PartOfSpeech=RB] [Text=so CharacterOffsetBegin=3889 CharacterOffsetEnd=3891 PartOfSpeech=RB] [Text=bad CharacterOffsetBegin=3892 CharacterOffsetEnd=3895 PartOfSpeech=JJ] [Text=that CharacterOffsetBegin=3896 CharacterOffsetEnd=3900 PartOfSpeech=IN] [Text=it CharacterOffsetBegin=3901 CharacterOffsetEnd=3903 PartOfSpeech=PRP] [Text=becomes CharacterOffsetBegin=3904 CharacterOffsetEnd=3911 PartOfSpeech=VBZ] [Text=funny CharacterOffsetBegin=3912 CharacterOffsetEnd=3917 PartOfSpeech=JJ] [Text=, CharacterOffsetBegin=3917 CharacterOffsetEnd=3918 PartOfSpeech=,] [Text=so CharacterOffsetBegin=3919 CharacterOffsetEnd=3921 PartOfSpeech=IN] [Text=it CharacterOffsetBegin=3922 CharacterOffsetEnd=3924 PartOfSpeech=PRP] [Text=just CharacterOffsetBegin=3925 CharacterOffsetEnd=3929 PartOfSpeech=RB] [Text=ends CharacterOffsetBegin=3930 CharacterOffsetEnd=3934 PartOfSpeech=VBZ] [Text=up CharacterOffsetBegin=3935 CharacterOffsetEnd=3937 PartOfSpeech=RP] [Text=being CharacterOffsetBegin=3938 CharacterOffsetEnd=3943 PartOfSpeech=VBG] [Text=a CharacterOffsetBegin=3944 CharacterOffsetEnd=3945 PartOfSpeech=DT] [Text=mediocre CharacterOffsetBegin=3946 CharacterOffsetEnd=3954 PartOfSpeech=JJ] [Text=horror CharacterOffsetBegin=3955 CharacterOffsetEnd=3961 PartOfSpeech=NN] [Text=film CharacterOffsetBegin=3962 CharacterOffsetEnd=3966 PartOfSpeech=NN] [Text=. CharacterOffsetBegin=3966 CharacterOffsetEnd=3967 PartOfSpeech=.] 
root(ROOT-0, bad-5)
nsubj(bad-5, It-1)
cop(bad-5, is-2)
neg(bad-5, n't-3)
advmod(bad-5, so-4)
mark(funny-9, that-6)
nsubj(funny-9, it-7)
cop(funny-9, becomes-8)
ccomp(bad-5, funny-9)
punct(bad-5, ,-10)
dep(bad-5, so-11)
nsubj(ends-14, it-12)
advmod(ends-14, just-13)
ccomp(bad-5, ends-14)
prt(ends-14, up-15)
cop(film-20, being-16)
det(film-20, a-17)
amod(film-20, mediocre-18)
nn(film-20, horror-19)
xcomp(ends-14, film-20)
punct(bad-5, .-21)

Sentence #26 (34 tokens):
The bulk of the film has several people holed up in a church, each making various attempts to go it alone in order to escape the blind dead who have them surrounded.
[Text=The CharacterOffsetBegin=3972 CharacterOffsetEnd=3975 PartOfSpeech=DT] [Text=bulk CharacterOffsetBegin=3976 CharacterOffsetEnd=3980 PartOfSpeech=NN] [Text=of CharacterOffsetBegin=3981 CharacterOffsetEnd=3983 PartOfSpeech=IN] [Text=the CharacterOffsetBegin=3984 CharacterOffsetEnd=3987 PartOfSpeech=DT] [Text=film CharacterOffsetBegin=3988 CharacterOffsetEnd=3992 PartOfSpeech=NN] [Text=has CharacterOffsetBegin=3993 CharacterOffsetEnd=3996 PartOfSpeech=VBZ] [Text=several CharacterOffsetBegin=3997 CharacterOffsetEnd=4004 PartOfSpeech=JJ] [Text=people CharacterOffsetBegin=4005 CharacterOffsetEnd=4011 PartOfSpeech=NNS] [Text=holed CharacterOffsetBegin=4012 CharacterOffsetEnd=4017 PartOfSpeech=VBD] [Text=up CharacterOffsetBegin=4018 CharacterOffsetEnd=4020 PartOfSpeech=RP] [Text=in CharacterOffsetBegin=4021 CharacterOffsetEnd=4023 PartOfSpeech=IN] [Text=a CharacterOffsetBegin=4024 CharacterOffsetEnd=4025 PartOfSpeech=DT] [Text=church CharacterOffsetBegin=4026 CharacterOffsetEnd=4032 PartOfSpeech=NN] [Text=, CharacterOffsetBegin=4032 CharacterOffsetEnd=4033 PartOfSpeech=,] [Text=each CharacterOffsetBegin=4034 CharacterOffsetEnd=4038 PartOfSpeech=DT] [Text=making CharacterOffsetBegin=4039 CharacterOffsetEnd=4045 PartOfSpeech=VBG] [Text=various CharacterOffsetBegin=4046 CharacterOffsetEnd=4053 PartOfSpeech=JJ] [Text=attempts CharacterOffsetBegin=4054 CharacterOffsetEnd=4062 PartOfSpeech=NNS] [Text=to CharacterOffsetBegin=4063 CharacterOffsetEnd=4065 PartOfSpeech=TO] [Text=go CharacterOffsetBegin=4066 CharacterOffsetEnd=4068 PartOfSpeech=VB] [Text=it CharacterOffsetBegin=4069 CharacterOffsetEnd=4071 PartOfSpeech=PRP] [Text=alone CharacterOffsetBegin=4072 CharacterOffsetEnd=4077 PartOfSpeech=RB] [Text=in CharacterOffsetBegin=4078 CharacterOffsetEnd=4080 PartOfSpeech=IN] [Text=order CharacterOffsetBegin=4081 CharacterOffsetEnd=4086 PartOfSpeech=NN] [Text=to CharacterOffsetBegin=4087 CharacterOffsetEnd=4089 PartOfSpeech=TO] [Text=escape CharacterOffsetBegin=4090 CharacterOffsetEnd=4096 PartOfSpeech=VB] [Text=the CharacterOffsetBegin=4097 CharacterOffsetEnd=4100 PartOfSpeech=DT] [Text=blind CharacterOffsetBegin=4101 CharacterOffsetEnd=4106 PartOfSpeech=JJ] [Text=dead CharacterOffsetBegin=4107 CharacterOffsetEnd=4111 PartOfSpeech=NN] [Text=who CharacterOffsetBegin=4112 CharacterOffsetEnd=4115 PartOfSpeech=WP] [Text=have CharacterOffsetBegin=4116 CharacterOffsetEnd=4120 PartOfSpeech=VBP] [Text=them CharacterOffsetBegin=4121 CharacterOffsetEnd=4125 PartOfSpeech=PRP] [Text=surrounded CharacterOffsetBegin=4126 CharacterOffsetEnd=4136 PartOfSpeech=VBN] [Text=. CharacterOffsetBegin=4136 CharacterOffsetEnd=4137 PartOfSpeech=.] 
root(ROOT-0, has-6)
det(bulk-2, The-1)
nsubj(has-6, bulk-2)
prep(bulk-2, of-3)
det(film-5, the-4)
pobj(of-3, film-5)
amod(people-8, several-7)
nsubj(holed-9, people-8)
ccomp(has-6, holed-9)
prt(holed-9, up-10)
prep(holed-9, in-11)
det(church-13, a-12)
pobj(in-11, church-13)
punct(has-6, ,-14)
det(making-16, each-15)
xcomp(has-6, making-16)
amod(attempts-18, various-17)
dobj(making-16, attempts-18)
aux(go-20, to-19)
infmod(attempts-18, go-20)
dobj(go-20, it-21)
advmod(go-20, alone-22)
mark(escape-26, in-23)
dep(escape-26, order-24)
aux(escape-26, to-25)
advcl(go-20, escape-26)
det(dead-29, the-27)
amod(dead-29, blind-28)
dobj(escape-26, dead-29)
nsubj(have-31, who-30)
rcmod(dead-29, have-31)
nsubj(surrounded-33, them-32)
ccomp(have-31, surrounded-33)
punct(has-6, .-34)

Sentence #27 (21 tokens):
When the film ends, you are not surprised at the outcome at all; in fact, quite disappointed.
[Text=When CharacterOffsetBegin=4142 CharacterOffsetEnd=4146 PartOfSpeech=WRB] [Text=the CharacterOffsetBegin=4147 CharacterOffsetEnd=4150 PartOfSpeech=DT] [Text=film CharacterOffsetBegin=4151 CharacterOffsetEnd=4155 PartOfSpeech=NN] [Text=ends CharacterOffsetBegin=4156 CharacterOffsetEnd=4160 PartOfSpeech=VBZ] [Text=, CharacterOffsetBegin=4160 CharacterOffsetEnd=4161 PartOfSpeech=,] [Text=you CharacterOffsetBegin=4162 CharacterOffsetEnd=4165 PartOfSpeech=PRP] [Text=are CharacterOffsetBegin=4166 CharacterOffsetEnd=4169 PartOfSpeech=VBP] [Text=not CharacterOffsetBegin=4170 CharacterOffsetEnd=4173 PartOfSpeech=RB] [Text=surprised CharacterOffsetBegin=4174 CharacterOffsetEnd=4183 PartOfSpeech=VBN] [Text=at CharacterOffsetBegin=4184 CharacterOffsetEnd=4186 PartOfSpeech=IN] [Text=the CharacterOffsetBegin=4187 CharacterOffsetEnd=4190 PartOfSpeech=DT] [Text=outcome CharacterOffsetBegin=4191 CharacterOffsetEnd=4198 PartOfSpeech=NN] [Text=at CharacterOffsetBegin=4199 CharacterOffsetEnd=4201 PartOfSpeech=IN] [Text=all CharacterOffsetBegin=4202 CharacterOffsetEnd=4205 PartOfSpeech=DT] [Text=; CharacterOffsetBegin=4205 CharacterOffsetEnd=4206 PartOfSpeech=:] [Text=in CharacterOffsetBegin=4207 CharacterOffsetEnd=4209 PartOfSpeech=IN] [Text=fact CharacterOffsetBegin=4210 CharacterOffsetEnd=4214 PartOfSpeech=NN] [Text=, CharacterOffsetBegin=4214 CharacterOffsetEnd=4215 PartOfSpeech=,] [Text=quite CharacterOffsetBegin=4216 CharacterOffsetEnd=4221 PartOfSpeech=RB] [Text=disappointed CharacterOffsetBegin=4222 CharacterOffsetEnd=4234 PartOfSpeech=JJ] [Text=. CharacterOffsetBegin=4234 CharacterOffsetEnd=4235 PartOfSpeech=.] 
root(ROOT-0, surprised-9)
advmod(ends-4, When-1)
det(film-3, the-2)
nsubj(ends-4, film-3)
advcl(surprised-9, ends-4)
punct(surprised-9, ,-5)
nsubjpass(surprised-9, you-6)
auxpass(surprised-9, are-7)
neg(surprised-9, not-8)
prep(surprised-9, at-10)
det(outcome-12, the-11)
pobj(at-10, outcome-12)
advmod(outcome-12, at-13)
pobj(at-13, all-14)
punct(surprised-9, ;-15)
prep(disappointed-20, in-16)
pobj(in-16, fact-17)
punct(disappointed-20, ,-18)
advmod(disappointed-20, quite-19)
parataxis(surprised-9, disappointed-20)
punct(surprised-9, .-21)

Sentence #28 (31 tokens):
If you are into the novelty of seeing a Spanish horror film, see the first movie, which at least has some innovative ideas and not so expected outcomes.
[Text=If CharacterOffsetBegin=4240 CharacterOffsetEnd=4242 PartOfSpeech=IN] [Text=you CharacterOffsetBegin=4243 CharacterOffsetEnd=4246 PartOfSpeech=PRP] [Text=are CharacterOffsetBegin=4247 CharacterOffsetEnd=4250 PartOfSpeech=VBP] [Text=into CharacterOffsetBegin=4251 CharacterOffsetEnd=4255 PartOfSpeech=IN] [Text=the CharacterOffsetBegin=4256 CharacterOffsetEnd=4259 PartOfSpeech=DT] [Text=novelty CharacterOffsetBegin=4260 CharacterOffsetEnd=4267 PartOfSpeech=NN] [Text=of CharacterOffsetBegin=4268 CharacterOffsetEnd=4270 PartOfSpeech=IN] [Text=seeing CharacterOffsetBegin=4271 CharacterOffsetEnd=4277 PartOfSpeech=VBG] [Text=a CharacterOffsetBegin=4278 CharacterOffsetEnd=4279 PartOfSpeech=DT] [Text=Spanish CharacterOffsetBegin=4280 CharacterOffsetEnd=4287 PartOfSpeech=JJ] [Text=horror CharacterOffsetBegin=4288 CharacterOffsetEnd=4294 PartOfSpeech=NN] [Text=film CharacterOffsetBegin=4295 CharacterOffsetEnd=4299 PartOfSpeech=NN] [Text=, CharacterOffsetBegin=4299 CharacterOffsetEnd=4300 PartOfSpeech=,] [Text=see CharacterOffsetBegin=4301 CharacterOffsetEnd=4304 PartOfSpeech=VB] [Text=the CharacterOffsetBegin=4305 CharacterOffsetEnd=4308 PartOfSpeech=DT] [Text=first CharacterOffsetBegin=4309 CharacterOffsetEnd=4314 PartOfSpeech=JJ] [Text=movie CharacterOffsetBegin=4315 CharacterOffsetEnd=4320 PartOfSpeech=NN] [Text=, CharacterOffsetBegin=4320 CharacterOffsetEnd=4321 PartOfSpeech=,] [Text=which CharacterOffsetBegin=4322 CharacterOffsetEnd=4327 PartOfSpeech=WDT] [Text=at CharacterOffsetBegin=4328 CharacterOffsetEnd=4330 PartOfSpeech=IN] [Text=least CharacterOffsetBegin=4331 CharacterOffsetEnd=4336 PartOfSpeech=JJS] [Text=has CharacterOffsetBegin=4337 CharacterOffsetEnd=4340 PartOfSpeech=VBZ] [Text=some CharacterOffsetBegin=4341 CharacterOffsetEnd=4345 PartOfSpeech=DT] [Text=innovative CharacterOffsetBegin=4346 CharacterOffsetEnd=4356 PartOfSpeech=JJ] [Text=ideas CharacterOffsetBegin=4357 CharacterOffsetEnd=4362 PartOfSpeech=NNS] [Text=and CharacterOffsetBegin=4363 CharacterOffsetEnd=4366 PartOfSpeech=CC] [Text=not CharacterOffsetBegin=4367 CharacterOffsetEnd=4370 PartOfSpeech=RB] [Text=so CharacterOffsetBegin=4371 CharacterOffsetEnd=4373 PartOfSpeech=RB] [Text=expected CharacterOffsetBegin=4374 CharacterOffsetEnd=4382 PartOfSpeech=JJ] [Text=outcomes CharacterOffsetBegin=4383 CharacterOffsetEnd=4391 PartOfSpeech=NNS] [Text=. CharacterOffsetBegin=4391 CharacterOffsetEnd=4392 PartOfSpeech=.] 
root(ROOT-0, see-14)
mark(are-3, If-1)
nsubj(are-3, you-2)
advcl(see-14, are-3)
prep(are-3, into-4)
det(novelty-6, the-5)
pobj(into-4, novelty-6)
prep(novelty-6, of-7)
pcomp(of-7, seeing-8)
det(film-12, a-9)
amod(film-12, Spanish-10)
nn(film-12, horror-11)
dobj(seeing-8, film-12)
punct(see-14, ,-13)
det(movie-17, the-15)
amod(movie-17, first-16)
dobj(see-14, movie-17)
punct(movie-17, ,-18)
nsubj(has-22, which-19)
advmod(has-22, at-20)
pobj(at-20, least-21)
rcmod(movie-17, has-22)
det(ideas-25, some-23)
amod(ideas-25, innovative-24)
dobj(has-22, ideas-25)
cc(ideas-25, and-26)
neg(expected-29, not-27)
advmod(expected-29, so-28)
conj(ideas-25, expected-29)
dobj(expected-29, outcomes-30)
punct(see-14, .-31)

