Sentence #1 (11 tokens):
Welcome to a bad ghost story and someone's nightmare.
[Text=Welcome CharacterOffsetBegin=4 CharacterOffsetEnd=11 PartOfSpeech=VB] [Text=to CharacterOffsetBegin=12 CharacterOffsetEnd=14 PartOfSpeech=TO] [Text=a CharacterOffsetBegin=15 CharacterOffsetEnd=16 PartOfSpeech=DT] [Text=bad CharacterOffsetBegin=17 CharacterOffsetEnd=20 PartOfSpeech=JJ] [Text=ghost CharacterOffsetBegin=21 CharacterOffsetEnd=26 PartOfSpeech=NN] [Text=story CharacterOffsetBegin=27 CharacterOffsetEnd=32 PartOfSpeech=NN] [Text=and CharacterOffsetBegin=33 CharacterOffsetEnd=36 PartOfSpeech=CC] [Text=someone CharacterOffsetBegin=37 CharacterOffsetEnd=44 PartOfSpeech=NN] [Text='s CharacterOffsetBegin=44 CharacterOffsetEnd=46 PartOfSpeech=POS] [Text=nightmare CharacterOffsetBegin=47 CharacterOffsetEnd=56 PartOfSpeech=NN] [Text=. CharacterOffsetBegin=56 CharacterOffsetEnd=57 PartOfSpeech=.] 
root(ROOT-0, Welcome-1)
prep(Welcome-1, to-2)
det(story-6, a-3)
amod(story-6, bad-4)
nn(story-6, ghost-5)
pobj(to-2, story-6)
cc(Welcome-1, and-7)
poss(nightmare-10, someone-8)
possessive(someone-8, 's-9)
conj(Welcome-1, nightmare-10)
punct(Welcome-1, .-11)

Sentence #2 (38 tokens):
This horror tale finds a newly married husband(John Hudson)and wife(Peggy Weber)haunted by the memory of his previous wife and screaming skulls found throughout their empty mansion and lily pond.
[Text=This CharacterOffsetBegin=62 CharacterOffsetEnd=66 PartOfSpeech=DT] [Text=horror CharacterOffsetBegin=67 CharacterOffsetEnd=73 PartOfSpeech=NN] [Text=tale CharacterOffsetBegin=74 CharacterOffsetEnd=78 PartOfSpeech=NN] [Text=finds CharacterOffsetBegin=79 CharacterOffsetEnd=84 PartOfSpeech=VBZ] [Text=a CharacterOffsetBegin=85 CharacterOffsetEnd=86 PartOfSpeech=DT] [Text=newly CharacterOffsetBegin=87 CharacterOffsetEnd=92 PartOfSpeech=RB] [Text=married CharacterOffsetBegin=93 CharacterOffsetEnd=100 PartOfSpeech=VBN] [Text=husband CharacterOffsetBegin=101 CharacterOffsetEnd=108 PartOfSpeech=NN] [Text=-LRB- CharacterOffsetBegin=108 CharacterOffsetEnd=109 PartOfSpeech=-LRB-] [Text=John CharacterOffsetBegin=109 CharacterOffsetEnd=113 PartOfSpeech=NNP] [Text=Hudson CharacterOffsetBegin=114 CharacterOffsetEnd=120 PartOfSpeech=NNP] [Text=-RRB- CharacterOffsetBegin=120 CharacterOffsetEnd=121 PartOfSpeech=-RRB-] [Text=and CharacterOffsetBegin=121 CharacterOffsetEnd=124 PartOfSpeech=CC] [Text=wife CharacterOffsetBegin=125 CharacterOffsetEnd=129 PartOfSpeech=NN] [Text=-LRB- CharacterOffsetBegin=129 CharacterOffsetEnd=130 PartOfSpeech=-LRB-] [Text=Peggy CharacterOffsetBegin=130 CharacterOffsetEnd=135 PartOfSpeech=NNP] [Text=Weber CharacterOffsetBegin=136 CharacterOffsetEnd=141 PartOfSpeech=NNP] [Text=-RRB- CharacterOffsetBegin=141 CharacterOffsetEnd=142 PartOfSpeech=-RRB-] [Text=haunted CharacterOffsetBegin=142 CharacterOffsetEnd=149 PartOfSpeech=VBN] [Text=by CharacterOffsetBegin=150 CharacterOffsetEnd=152 PartOfSpeech=IN] [Text=the CharacterOffsetBegin=153 CharacterOffsetEnd=156 PartOfSpeech=DT] [Text=memory CharacterOffsetBegin=157 CharacterOffsetEnd=163 PartOfSpeech=NN] [Text=of CharacterOffsetBegin=164 CharacterOffsetEnd=166 PartOfSpeech=IN] [Text=his CharacterOffsetBegin=167 CharacterOffsetEnd=170 PartOfSpeech=PRP$] [Text=previous CharacterOffsetBegin=171 CharacterOffsetEnd=179 PartOfSpeech=JJ] [Text=wife CharacterOffsetBegin=180 CharacterOffsetEnd=184 PartOfSpeech=NN] [Text=and CharacterOffsetBegin=185 CharacterOffsetEnd=188 PartOfSpeech=CC] [Text=screaming CharacterOffsetBegin=189 CharacterOffsetEnd=198 PartOfSpeech=VBG] [Text=skulls CharacterOffsetBegin=199 CharacterOffsetEnd=205 PartOfSpeech=NNS] [Text=found CharacterOffsetBegin=206 CharacterOffsetEnd=211 PartOfSpeech=VBD] [Text=throughout CharacterOffsetBegin=212 CharacterOffsetEnd=222 PartOfSpeech=IN] [Text=their CharacterOffsetBegin=223 CharacterOffsetEnd=228 PartOfSpeech=PRP$] [Text=empty CharacterOffsetBegin=229 CharacterOffsetEnd=234 PartOfSpeech=JJ] [Text=mansion CharacterOffsetBegin=235 CharacterOffsetEnd=242 PartOfSpeech=NN] [Text=and CharacterOffsetBegin=243 CharacterOffsetEnd=246 PartOfSpeech=CC] [Text=lily CharacterOffsetBegin=247 CharacterOffsetEnd=251 PartOfSpeech=NN] [Text=pond CharacterOffsetBegin=252 CharacterOffsetEnd=256 PartOfSpeech=NN] [Text=. CharacterOffsetBegin=256 CharacterOffsetEnd=257 PartOfSpeech=.] 
root(ROOT-0, finds-4)
det(tale-3, This-1)
nn(tale-3, horror-2)
nsubj(finds-4, tale-3)
det(husband-8, a-5)
advmod(married-7, newly-6)
amod(husband-8, married-7)
dobj(finds-4, husband-8)
punct(Hudson-11, -LRB--9)
nn(Hudson-11, John-10)
appos(husband-8, Hudson-11)
punct(Hudson-11, -RRB--12)
cc(husband-8, and-13)
conj(husband-8, wife-14)
punct(haunted-19, -LRB--15)
nn(haunted-19, Peggy-16)
nn(haunted-19, Weber-17)
punct(haunted-19, -RRB--18)
dep(wife-14, haunted-19)
prep(haunted-19, by-20)
det(memory-22, the-21)
pobj(by-20, memory-22)
prep(memory-22, of-23)
poss(wife-26, his-24)
amod(wife-26, previous-25)
pobj(of-23, wife-26)
cc(haunted-19, and-27)
conj(haunted-19, screaming-28)
nsubj(found-30, skulls-29)
ccomp(screaming-28, found-30)
prep(found-30, throughout-31)
poss(mansion-34, their-32)
amod(mansion-34, empty-33)
pobj(throughout-31, mansion-34)
cc(mansion-34, and-35)
nn(pond-37, lily-36)
conj(mansion-34, pond-37)
punct(finds-4, .-38)

Sentence #3 (13 tokens):
Is the husband really trying to drive his already anxious bride insane?
[Text=Is CharacterOffsetBegin=262 CharacterOffsetEnd=264 PartOfSpeech=VBZ] [Text=the CharacterOffsetBegin=265 CharacterOffsetEnd=268 PartOfSpeech=DT] [Text=husband CharacterOffsetBegin=269 CharacterOffsetEnd=276 PartOfSpeech=NN] [Text=really CharacterOffsetBegin=277 CharacterOffsetEnd=283 PartOfSpeech=RB] [Text=trying CharacterOffsetBegin=284 CharacterOffsetEnd=290 PartOfSpeech=VBG] [Text=to CharacterOffsetBegin=291 CharacterOffsetEnd=293 PartOfSpeech=TO] [Text=drive CharacterOffsetBegin=294 CharacterOffsetEnd=299 PartOfSpeech=VB] [Text=his CharacterOffsetBegin=300 CharacterOffsetEnd=303 PartOfSpeech=PRP$] [Text=already CharacterOffsetBegin=304 CharacterOffsetEnd=311 PartOfSpeech=RB] [Text=anxious CharacterOffsetBegin=312 CharacterOffsetEnd=319 PartOfSpeech=JJ] [Text=bride CharacterOffsetBegin=320 CharacterOffsetEnd=325 PartOfSpeech=NN] [Text=insane CharacterOffsetBegin=326 CharacterOffsetEnd=332 PartOfSpeech=JJ] [Text=? CharacterOffsetBegin=332 CharacterOffsetEnd=333 PartOfSpeech=.] 
root(ROOT-0, trying-5)
aux(trying-5, Is-1)
det(husband-3, the-2)
nsubj(trying-5, husband-3)
advmod(trying-5, really-4)
aux(drive-7, to-6)
xcomp(trying-5, drive-7)
poss(insane-12, his-8)
advmod(anxious-10, already-9)
amod(insane-12, anxious-10)
nn(insane-12, bride-11)
dobj(drive-7, insane-12)
punct(trying-5, ?-13)

Sentence #4 (32 tokens):
Or is it the learning challenged gardener Mickey(Alex Nicol)who has taken care of the mansion's grounds since the death of the original mistress of the house?
[Text=Or CharacterOffsetBegin=338 CharacterOffsetEnd=340 PartOfSpeech=CC] [Text=is CharacterOffsetBegin=341 CharacterOffsetEnd=343 PartOfSpeech=VBZ] [Text=it CharacterOffsetBegin=344 CharacterOffsetEnd=346 PartOfSpeech=PRP] [Text=the CharacterOffsetBegin=347 CharacterOffsetEnd=350 PartOfSpeech=DT] [Text=learning CharacterOffsetBegin=351 CharacterOffsetEnd=359 PartOfSpeech=NN] [Text=challenged CharacterOffsetBegin=360 CharacterOffsetEnd=370 PartOfSpeech=VBD] [Text=gardener CharacterOffsetBegin=371 CharacterOffsetEnd=379 PartOfSpeech=NN] [Text=Mickey CharacterOffsetBegin=380 CharacterOffsetEnd=386 PartOfSpeech=NNP] [Text=-LRB- CharacterOffsetBegin=386 CharacterOffsetEnd=387 PartOfSpeech=-LRB-] [Text=Alex CharacterOffsetBegin=387 CharacterOffsetEnd=391 PartOfSpeech=NNP] [Text=Nicol CharacterOffsetBegin=392 CharacterOffsetEnd=397 PartOfSpeech=NNP] [Text=-RRB- CharacterOffsetBegin=397 CharacterOffsetEnd=398 PartOfSpeech=-RRB-] [Text=who CharacterOffsetBegin=398 CharacterOffsetEnd=401 PartOfSpeech=WP] [Text=has CharacterOffsetBegin=402 CharacterOffsetEnd=405 PartOfSpeech=VBZ] [Text=taken CharacterOffsetBegin=406 CharacterOffsetEnd=411 PartOfSpeech=VBN] [Text=care CharacterOffsetBegin=412 CharacterOffsetEnd=416 PartOfSpeech=NN] [Text=of CharacterOffsetBegin=417 CharacterOffsetEnd=419 PartOfSpeech=IN] [Text=the CharacterOffsetBegin=420 CharacterOffsetEnd=423 PartOfSpeech=DT] [Text=mansion CharacterOffsetBegin=424 CharacterOffsetEnd=431 PartOfSpeech=NN] [Text='s CharacterOffsetBegin=431 CharacterOffsetEnd=433 PartOfSpeech=POS] [Text=grounds CharacterOffsetBegin=434 CharacterOffsetEnd=441 PartOfSpeech=NNS] [Text=since CharacterOffsetBegin=442 CharacterOffsetEnd=447 PartOfSpeech=IN] [Text=the CharacterOffsetBegin=448 CharacterOffsetEnd=451 PartOfSpeech=DT] [Text=death CharacterOffsetBegin=452 CharacterOffsetEnd=457 PartOfSpeech=NN] [Text=of CharacterOffsetBegin=458 CharacterOffsetEnd=460 PartOfSpeech=IN] [Text=the CharacterOffsetBegin=461 CharacterOffsetEnd=464 PartOfSpeech=DT] [Text=original CharacterOffsetBegin=465 CharacterOffsetEnd=473 PartOfSpeech=JJ] [Text=mistress CharacterOffsetBegin=474 CharacterOffsetEnd=482 PartOfSpeech=NN] [Text=of CharacterOffsetBegin=483 CharacterOffsetEnd=485 PartOfSpeech=IN] [Text=the CharacterOffsetBegin=486 CharacterOffsetEnd=489 PartOfSpeech=DT] [Text=house CharacterOffsetBegin=490 CharacterOffsetEnd=495 PartOfSpeech=NN] [Text=? CharacterOffsetBegin=495 CharacterOffsetEnd=496 PartOfSpeech=.] 
root(ROOT-0, is-2)
cc(is-2, Or-1)
nsubj(is-2, it-3)
det(learning-5, the-4)
nsubj(challenged-6, learning-5)
rcmod(it-3, challenged-6)
dobj(challenged-6, gardener-7)
dobj(gardener-7, Mickey-8)
punct(Nicol-11, -LRB--9)
nn(Nicol-11, Alex-10)
dep(Mickey-8, Nicol-11)
punct(Nicol-11, -RRB--12)
nsubj(taken-15, who-13)
aux(taken-15, has-14)
rcmod(Mickey-8, taken-15)
dobj(taken-15, care-16)
prep(care-16, of-17)
det(mansion-19, the-18)
poss(grounds-21, mansion-19)
possessive(mansion-19, 's-20)
pobj(of-17, grounds-21)
prep(taken-15, since-22)
det(death-24, the-23)
pobj(since-22, death-24)
prep(death-24, of-25)
det(mistress-28, the-26)
amod(mistress-28, original-27)
pobj(of-25, mistress-28)
prep(mistress-28, of-29)
det(house-31, the-30)
pobj(of-29, house-31)
punct(is-2, ?-32)

Sentence #5 (19 tokens):
This low budget horror flick has a story line that keeps you involved all the way the finale.
[Text=This CharacterOffsetBegin=501 CharacterOffsetEnd=505 PartOfSpeech=DT] [Text=low CharacterOffsetBegin=506 CharacterOffsetEnd=509 PartOfSpeech=JJ] [Text=budget CharacterOffsetBegin=510 CharacterOffsetEnd=516 PartOfSpeech=NN] [Text=horror CharacterOffsetBegin=517 CharacterOffsetEnd=523 PartOfSpeech=NN] [Text=flick CharacterOffsetBegin=524 CharacterOffsetEnd=529 PartOfSpeech=NN] [Text=has CharacterOffsetBegin=530 CharacterOffsetEnd=533 PartOfSpeech=VBZ] [Text=a CharacterOffsetBegin=534 CharacterOffsetEnd=535 PartOfSpeech=DT] [Text=story CharacterOffsetBegin=536 CharacterOffsetEnd=541 PartOfSpeech=NN] [Text=line CharacterOffsetBegin=542 CharacterOffsetEnd=546 PartOfSpeech=NN] [Text=that CharacterOffsetBegin=547 CharacterOffsetEnd=551 PartOfSpeech=WDT] [Text=keeps CharacterOffsetBegin=552 CharacterOffsetEnd=557 PartOfSpeech=VBZ] [Text=you CharacterOffsetBegin=558 CharacterOffsetEnd=561 PartOfSpeech=PRP] [Text=involved CharacterOffsetBegin=562 CharacterOffsetEnd=570 PartOfSpeech=VBN] [Text=all CharacterOffsetBegin=571 CharacterOffsetEnd=574 PartOfSpeech=PDT] [Text=the CharacterOffsetBegin=575 CharacterOffsetEnd=578 PartOfSpeech=DT] [Text=way CharacterOffsetBegin=579 CharacterOffsetEnd=582 PartOfSpeech=NN] [Text=the CharacterOffsetBegin=583 CharacterOffsetEnd=586 PartOfSpeech=DT] [Text=finale CharacterOffsetBegin=587 CharacterOffsetEnd=593 PartOfSpeech=NN] [Text=. CharacterOffsetBegin=593 CharacterOffsetEnd=594 PartOfSpeech=.] 
root(ROOT-0, has-6)
det(flick-5, This-1)
amod(flick-5, low-2)
nn(flick-5, budget-3)
nn(flick-5, horror-4)
nsubj(has-6, flick-5)
det(line-9, a-7)
nn(line-9, story-8)
dobj(has-6, line-9)
nsubj(keeps-11, that-10)
rcmod(line-9, keeps-11)
nsubj(involved-13, you-12)
ccomp(keeps-11, involved-13)
predet(way-16, all-14)
det(way-16, the-15)
dobj(involved-13, way-16)
det(finale-18, the-17)
dep(way-16, finale-18)
punct(has-6, .-19)

Sentence #6 (10 tokens):
Special effects are pretty bad even at 1958 standards.
[Text=Special CharacterOffsetBegin=599 CharacterOffsetEnd=606 PartOfSpeech=JJ] [Text=effects CharacterOffsetBegin=607 CharacterOffsetEnd=614 PartOfSpeech=NNS] [Text=are CharacterOffsetBegin=615 CharacterOffsetEnd=618 PartOfSpeech=VBP] [Text=pretty CharacterOffsetBegin=619 CharacterOffsetEnd=625 PartOfSpeech=RB] [Text=bad CharacterOffsetBegin=626 CharacterOffsetEnd=629 PartOfSpeech=JJ] [Text=even CharacterOffsetBegin=630 CharacterOffsetEnd=634 PartOfSpeech=RB] [Text=at CharacterOffsetBegin=635 CharacterOffsetEnd=637 PartOfSpeech=IN] [Text=1958 CharacterOffsetBegin=638 CharacterOffsetEnd=642 PartOfSpeech=CD] [Text=standards CharacterOffsetBegin=643 CharacterOffsetEnd=652 PartOfSpeech=NNS] [Text=. CharacterOffsetBegin=652 CharacterOffsetEnd=653 PartOfSpeech=.] 
root(ROOT-0, bad-5)
amod(effects-2, Special-1)
nsubj(bad-5, effects-2)
cop(bad-5, are-3)
advmod(bad-5, pretty-4)
advmod(at-7, even-6)
prep(bad-5, at-7)
num(standards-9, 1958-8)
pobj(at-7, standards-9)
punct(bad-5, .-10)

Sentence #7 (18 tokens):
I swear at times the screaming skull sounds much like it should be in a Godzilla movie.
[Text=I CharacterOffsetBegin=658 CharacterOffsetEnd=659 PartOfSpeech=PRP] [Text=swear CharacterOffsetBegin=660 CharacterOffsetEnd=665 PartOfSpeech=VBP] [Text=at CharacterOffsetBegin=666 CharacterOffsetEnd=668 PartOfSpeech=IN] [Text=times CharacterOffsetBegin=669 CharacterOffsetEnd=674 PartOfSpeech=NNS] [Text=the CharacterOffsetBegin=675 CharacterOffsetEnd=678 PartOfSpeech=DT] [Text=screaming CharacterOffsetBegin=679 CharacterOffsetEnd=688 PartOfSpeech=VBG] [Text=skull CharacterOffsetBegin=689 CharacterOffsetEnd=694 PartOfSpeech=NN] [Text=sounds CharacterOffsetBegin=695 CharacterOffsetEnd=701 PartOfSpeech=VBZ] [Text=much CharacterOffsetBegin=702 CharacterOffsetEnd=706 PartOfSpeech=JJ] [Text=like CharacterOffsetBegin=707 CharacterOffsetEnd=711 PartOfSpeech=IN] [Text=it CharacterOffsetBegin=712 CharacterOffsetEnd=714 PartOfSpeech=PRP] [Text=should CharacterOffsetBegin=715 CharacterOffsetEnd=721 PartOfSpeech=MD] [Text=be CharacterOffsetBegin=722 CharacterOffsetEnd=724 PartOfSpeech=VB] [Text=in CharacterOffsetBegin=725 CharacterOffsetEnd=727 PartOfSpeech=IN] [Text=a CharacterOffsetBegin=728 CharacterOffsetEnd=729 PartOfSpeech=DT] [Text=Godzilla CharacterOffsetBegin=730 CharacterOffsetEnd=738 PartOfSpeech=NNP] [Text=movie CharacterOffsetBegin=739 CharacterOffsetEnd=744 PartOfSpeech=NN] [Text=. CharacterOffsetBegin=744 CharacterOffsetEnd=745 PartOfSpeech=.] 
root(ROOT-0, swear-2)
nsubj(swear-2, I-1)
prep(swear-2, at-3)
pobj(at-3, times-4)
nsubj(be-13, the-5)
partmod(the-5, screaming-6)
nsubj(sounds-8, skull-7)
ccomp(screaming-6, sounds-8)
dobj(sounds-8, much-9)
prep(much-9, like-10)
pobj(like-10, it-11)
aux(be-13, should-12)
ccomp(swear-2, be-13)
prep(be-13, in-14)
det(movie-17, a-15)
nn(movie-17, Godzilla-16)
pobj(in-14, movie-17)
punct(swear-2, .-18)

Sentence #8 (13 tokens):
Also in the cast as Reverend Snow is character actor Russ Conway.
[Text=Also CharacterOffsetBegin=750 CharacterOffsetEnd=754 PartOfSpeech=RB] [Text=in CharacterOffsetBegin=755 CharacterOffsetEnd=757 PartOfSpeech=IN] [Text=the CharacterOffsetBegin=758 CharacterOffsetEnd=761 PartOfSpeech=DT] [Text=cast CharacterOffsetBegin=762 CharacterOffsetEnd=766 PartOfSpeech=NN] [Text=as CharacterOffsetBegin=767 CharacterOffsetEnd=769 PartOfSpeech=IN] [Text=Reverend CharacterOffsetBegin=770 CharacterOffsetEnd=778 PartOfSpeech=NNP] [Text=Snow CharacterOffsetBegin=779 CharacterOffsetEnd=783 PartOfSpeech=NNP] [Text=is CharacterOffsetBegin=784 CharacterOffsetEnd=786 PartOfSpeech=VBZ] [Text=character CharacterOffsetBegin=787 CharacterOffsetEnd=796 PartOfSpeech=NN] [Text=actor CharacterOffsetBegin=797 CharacterOffsetEnd=802 PartOfSpeech=NN] [Text=Russ CharacterOffsetBegin=803 CharacterOffsetEnd=807 PartOfSpeech=NNP] [Text=Conway CharacterOffsetBegin=808 CharacterOffsetEnd=814 PartOfSpeech=NNP] [Text=. CharacterOffsetBegin=814 CharacterOffsetEnd=815 PartOfSpeech=.] 
root(ROOT-0, Conway-12)
advmod(in-2, Also-1)
prep(Conway-12, in-2)
det(cast-4, the-3)
pobj(in-2, cast-4)
prep(cast-4, as-5)
nn(Snow-7, Reverend-6)
pobj(as-5, Snow-7)
cop(Conway-12, is-8)
nn(Conway-12, character-9)
nn(Conway-12, actor-10)
nn(Conway-12, Russ-11)
punct(Conway-12, .-13)

Sentence #9 (16 tokens):
By the way...the lurking gardener(Nicol)is the film's director.
[Text=By CharacterOffsetBegin=820 CharacterOffsetEnd=822 PartOfSpeech=IN] [Text=the CharacterOffsetBegin=823 CharacterOffsetEnd=826 PartOfSpeech=DT] [Text=way CharacterOffsetBegin=827 CharacterOffsetEnd=830 PartOfSpeech=NN] [Text=... CharacterOffsetBegin=830 CharacterOffsetEnd=833 PartOfSpeech=:] [Text=the CharacterOffsetBegin=833 CharacterOffsetEnd=836 PartOfSpeech=DT] [Text=lurking CharacterOffsetBegin=837 CharacterOffsetEnd=844 PartOfSpeech=VBG] [Text=gardener CharacterOffsetBegin=845 CharacterOffsetEnd=853 PartOfSpeech=NN] [Text=-LRB- CharacterOffsetBegin=853 CharacterOffsetEnd=854 PartOfSpeech=-LRB-] [Text=Nicol CharacterOffsetBegin=854 CharacterOffsetEnd=859 PartOfSpeech=NN] [Text=-RRB- CharacterOffsetBegin=859 CharacterOffsetEnd=860 PartOfSpeech=-RRB-] [Text=is CharacterOffsetBegin=860 CharacterOffsetEnd=862 PartOfSpeech=VBZ] [Text=the CharacterOffsetBegin=863 CharacterOffsetEnd=866 PartOfSpeech=DT] [Text=film CharacterOffsetBegin=867 CharacterOffsetEnd=871 PartOfSpeech=NN] [Text='s CharacterOffsetBegin=871 CharacterOffsetEnd=873 PartOfSpeech=POS] [Text=director CharacterOffsetBegin=874 CharacterOffsetEnd=882 PartOfSpeech=NN] [Text=. CharacterOffsetBegin=882 CharacterOffsetEnd=883 PartOfSpeech=.] 
root(ROOT-0, director-15)
prep(director-15, By-1)
det(way-3, the-2)
pobj(By-1, way-3)
punct(director-15, ...-4)
det(director-15, the-5)
csubj(director-15, lurking-6)
dobj(lurking-6, gardener-7)
punct(Nicol-9, -LRB--8)
appos(gardener-7, Nicol-9)
punct(Nicol-9, -RRB--10)
cop(director-15, is-11)
det(film-13, the-12)
poss(director-15, film-13)
possessive(film-13, 's-14)
punct(director-15, .-16)

Sentence #10 (11 tokens):
You can catch this as part of AMC's Monsterfest.
[Text=You CharacterOffsetBegin=888 CharacterOffsetEnd=891 PartOfSpeech=PRP] [Text=can CharacterOffsetBegin=892 CharacterOffsetEnd=895 PartOfSpeech=MD] [Text=catch CharacterOffsetBegin=896 CharacterOffsetEnd=901 PartOfSpeech=VB] [Text=this CharacterOffsetBegin=902 CharacterOffsetEnd=906 PartOfSpeech=DT] [Text=as CharacterOffsetBegin=907 CharacterOffsetEnd=909 PartOfSpeech=IN] [Text=part CharacterOffsetBegin=910 CharacterOffsetEnd=914 PartOfSpeech=NN] [Text=of CharacterOffsetBegin=915 CharacterOffsetEnd=917 PartOfSpeech=IN] [Text=AMC CharacterOffsetBegin=918 CharacterOffsetEnd=921 PartOfSpeech=NNP] [Text='s CharacterOffsetBegin=921 CharacterOffsetEnd=923 PartOfSpeech=POS] [Text=Monsterfest CharacterOffsetBegin=924 CharacterOffsetEnd=935 PartOfSpeech=NNP] [Text=. CharacterOffsetBegin=935 CharacterOffsetEnd=936 PartOfSpeech=.] 
root(ROOT-0, catch-3)
nsubj(catch-3, You-1)
aux(catch-3, can-2)
dobj(catch-3, this-4)
prep(catch-3, as-5)
pobj(as-5, part-6)
prep(part-6, of-7)
poss(Monsterfest-10, AMC-8)
possessive(AMC-8, 's-9)
pobj(of-7, Monsterfest-10)
punct(catch-3, .-11)

