Sentence #1 (20 tokens):
I still find it difficult to comprehend that a movie as bad as this could be made in Hollywood.
[Text=I CharacterOffsetBegin=4 CharacterOffsetEnd=5 PartOfSpeech=PRP] [Text=still CharacterOffsetBegin=6 CharacterOffsetEnd=11 PartOfSpeech=RB] [Text=find CharacterOffsetBegin=12 CharacterOffsetEnd=16 PartOfSpeech=VBP] [Text=it CharacterOffsetBegin=17 CharacterOffsetEnd=19 PartOfSpeech=PRP] [Text=difficult CharacterOffsetBegin=20 CharacterOffsetEnd=29 PartOfSpeech=JJ] [Text=to CharacterOffsetBegin=30 CharacterOffsetEnd=32 PartOfSpeech=TO] [Text=comprehend CharacterOffsetBegin=33 CharacterOffsetEnd=43 PartOfSpeech=VB] [Text=that CharacterOffsetBegin=44 CharacterOffsetEnd=48 PartOfSpeech=IN] [Text=a CharacterOffsetBegin=49 CharacterOffsetEnd=50 PartOfSpeech=DT] [Text=movie CharacterOffsetBegin=51 CharacterOffsetEnd=56 PartOfSpeech=NN] [Text=as CharacterOffsetBegin=57 CharacterOffsetEnd=59 PartOfSpeech=IN] [Text=bad CharacterOffsetBegin=60 CharacterOffsetEnd=63 PartOfSpeech=JJ] [Text=as CharacterOffsetBegin=64 CharacterOffsetEnd=66 PartOfSpeech=IN] [Text=this CharacterOffsetBegin=67 CharacterOffsetEnd=71 PartOfSpeech=DT] [Text=could CharacterOffsetBegin=72 CharacterOffsetEnd=77 PartOfSpeech=MD] [Text=be CharacterOffsetBegin=78 CharacterOffsetEnd=80 PartOfSpeech=VB] [Text=made CharacterOffsetBegin=81 CharacterOffsetEnd=85 PartOfSpeech=VBN] [Text=in CharacterOffsetBegin=86 CharacterOffsetEnd=88 PartOfSpeech=IN] [Text=Hollywood CharacterOffsetBegin=89 CharacterOffsetEnd=98 PartOfSpeech=NNP] [Text=. CharacterOffsetBegin=98 CharacterOffsetEnd=99 PartOfSpeech=.] 
root(ROOT-0, find-3)
nsubj(find-3, I-1)
advmod(find-3, still-2)
nsubj(comprehend-7, it-4)
dep(comprehend-7, difficult-5)
aux(comprehend-7, to-6)
xcomp(find-3, comprehend-7)
dobj(comprehend-7, that-8)
det(movie-10, a-9)
dep(that-8, movie-10)
advmod(bad-12, as-11)
amod(movie-10, bad-12)
mark(made-17, as-13)
nsubjpass(made-17, this-14)
aux(made-17, could-15)
auxpass(made-17, be-16)
dep(bad-12, made-17)
prep(made-17, in-18)
pobj(in-18, Hollywood-19)
punct(find-3, .-20)

Sentence #2 (13 tokens):
The acting and story is simply pathetic & the direction is awful.
[Text=The CharacterOffsetBegin=104 CharacterOffsetEnd=107 PartOfSpeech=DT] [Text=acting CharacterOffsetBegin=108 CharacterOffsetEnd=114 PartOfSpeech=VBG] [Text=and CharacterOffsetBegin=115 CharacterOffsetEnd=118 PartOfSpeech=CC] [Text=story CharacterOffsetBegin=119 CharacterOffsetEnd=124 PartOfSpeech=NN] [Text=is CharacterOffsetBegin=125 CharacterOffsetEnd=127 PartOfSpeech=VBZ] [Text=simply CharacterOffsetBegin=128 CharacterOffsetEnd=134 PartOfSpeech=RB] [Text=pathetic CharacterOffsetBegin=135 CharacterOffsetEnd=143 PartOfSpeech=JJ] [Text=& CharacterOffsetBegin=144 CharacterOffsetEnd=145 PartOfSpeech=CC] [Text=the CharacterOffsetBegin=146 CharacterOffsetEnd=149 PartOfSpeech=DT] [Text=direction CharacterOffsetBegin=150 CharacterOffsetEnd=159 PartOfSpeech=NN] [Text=is CharacterOffsetBegin=160 CharacterOffsetEnd=162 PartOfSpeech=VBZ] [Text=awful CharacterOffsetBegin=163 CharacterOffsetEnd=168 PartOfSpeech=JJ] [Text=. CharacterOffsetBegin=168 CharacterOffsetEnd=169 PartOfSpeech=.] 
root(ROOT-0, awful-12)
det(acting-2, The-1)
csubj(pathetic-7, acting-2)
cc(acting-2, and-3)
conj(acting-2, story-4)
cop(pathetic-7, is-5)
advmod(pathetic-7, simply-6)
nsubj(awful-12, pathetic-7)
cc(pathetic-7, &-8)
det(direction-10, the-9)
conj(pathetic-7, direction-10)
cop(awful-12, is-11)
punct(awful-12, .-13)

Sentence #3 (21 tokens):
I don't see any logic behind this trash except may be that the director had nothing good to do.
[Text=I CharacterOffsetBegin=174 CharacterOffsetEnd=175 PartOfSpeech=PRP] [Text=do CharacterOffsetBegin=176 CharacterOffsetEnd=178 PartOfSpeech=VBP] [Text=n't CharacterOffsetBegin=178 CharacterOffsetEnd=181 PartOfSpeech=RB] [Text=see CharacterOffsetBegin=182 CharacterOffsetEnd=185 PartOfSpeech=VB] [Text=any CharacterOffsetBegin=186 CharacterOffsetEnd=189 PartOfSpeech=DT] [Text=logic CharacterOffsetBegin=190 CharacterOffsetEnd=195 PartOfSpeech=NN] [Text=behind CharacterOffsetBegin=196 CharacterOffsetEnd=202 PartOfSpeech=IN] [Text=this CharacterOffsetBegin=203 CharacterOffsetEnd=207 PartOfSpeech=DT] [Text=trash CharacterOffsetBegin=208 CharacterOffsetEnd=213 PartOfSpeech=NN] [Text=except CharacterOffsetBegin=214 CharacterOffsetEnd=220 PartOfSpeech=IN] [Text=may CharacterOffsetBegin=221 CharacterOffsetEnd=224 PartOfSpeech=MD] [Text=be CharacterOffsetBegin=225 CharacterOffsetEnd=227 PartOfSpeech=VB] [Text=that CharacterOffsetBegin=228 CharacterOffsetEnd=232 PartOfSpeech=IN] [Text=the CharacterOffsetBegin=233 CharacterOffsetEnd=236 PartOfSpeech=DT] [Text=director CharacterOffsetBegin=237 CharacterOffsetEnd=245 PartOfSpeech=NN] [Text=had CharacterOffsetBegin=246 CharacterOffsetEnd=249 PartOfSpeech=VBD] [Text=nothing CharacterOffsetBegin=250 CharacterOffsetEnd=257 PartOfSpeech=NN] [Text=good CharacterOffsetBegin=258 CharacterOffsetEnd=262 PartOfSpeech=JJ] [Text=to CharacterOffsetBegin=263 CharacterOffsetEnd=265 PartOfSpeech=TO] [Text=do CharacterOffsetBegin=266 CharacterOffsetEnd=268 PartOfSpeech=VB] [Text=. CharacterOffsetBegin=268 CharacterOffsetEnd=269 PartOfSpeech=.] 
root(ROOT-0, see-4)
nsubj(see-4, I-1)
aux(see-4, do-2)
neg(see-4, n't-3)
det(logic-6, any-5)
dobj(see-4, logic-6)
prep(logic-6, behind-7)
det(trash-9, this-8)
pobj(behind-7, trash-9)
mark(be-12, except-10)
aux(be-12, may-11)
advcl(see-4, be-12)
mark(had-16, that-13)
det(director-15, the-14)
nsubj(had-16, director-15)
ccomp(be-12, had-16)
dobj(had-16, nothing-17)
amod(nothing-17, good-18)
aux(do-20, to-19)
infmod(nothing-17, do-20)
punct(see-4, .-21)

Sentence #4 (16 tokens):
I took me ten minutes to realize that i had wasted my precious thirty rupees.
[Text=I CharacterOffsetBegin=274 CharacterOffsetEnd=275 PartOfSpeech=PRP] [Text=took CharacterOffsetBegin=276 CharacterOffsetEnd=280 PartOfSpeech=VBD] [Text=me CharacterOffsetBegin=281 CharacterOffsetEnd=283 PartOfSpeech=PRP] [Text=ten CharacterOffsetBegin=284 CharacterOffsetEnd=287 PartOfSpeech=CD] [Text=minutes CharacterOffsetBegin=288 CharacterOffsetEnd=295 PartOfSpeech=NNS] [Text=to CharacterOffsetBegin=296 CharacterOffsetEnd=298 PartOfSpeech=TO] [Text=realize CharacterOffsetBegin=299 CharacterOffsetEnd=306 PartOfSpeech=VB] [Text=that CharacterOffsetBegin=307 CharacterOffsetEnd=311 PartOfSpeech=DT] [Text=i CharacterOffsetBegin=312 CharacterOffsetEnd=313 PartOfSpeech=FW] [Text=had CharacterOffsetBegin=314 CharacterOffsetEnd=317 PartOfSpeech=VBD] [Text=wasted CharacterOffsetBegin=318 CharacterOffsetEnd=324 PartOfSpeech=VBN] [Text=my CharacterOffsetBegin=325 CharacterOffsetEnd=327 PartOfSpeech=PRP$] [Text=precious CharacterOffsetBegin=328 CharacterOffsetEnd=336 PartOfSpeech=JJ] [Text=thirty CharacterOffsetBegin=337 CharacterOffsetEnd=343 PartOfSpeech=CD] [Text=rupees CharacterOffsetBegin=344 CharacterOffsetEnd=350 PartOfSpeech=NNS] [Text=. CharacterOffsetBegin=350 CharacterOffsetEnd=351 PartOfSpeech=.] 
root(ROOT-0, took-2)
nsubj(took-2, I-1)
dobj(took-2, me-3)
num(minutes-5, ten-4)
tmod(took-2, minutes-5)
aux(realize-7, to-6)
xcomp(took-2, realize-7)
mark(wasted-11, that-8)
nsubj(wasted-11, i-9)
aux(wasted-11, had-10)
ccomp(realize-7, wasted-11)
poss(rupees-15, my-12)
amod(rupees-15, precious-13)
num(rupees-15, thirty-14)
dobj(wasted-11, rupees-15)
punct(took-2, .-16)

Sentence #5 (21 tokens):
It filled me with dismay that i was going to waste some more time of my life on this crap.
[Text=It CharacterOffsetBegin=356 CharacterOffsetEnd=358 PartOfSpeech=PRP] [Text=filled CharacterOffsetBegin=359 CharacterOffsetEnd=365 PartOfSpeech=VBD] [Text=me CharacterOffsetBegin=366 CharacterOffsetEnd=368 PartOfSpeech=PRP] [Text=with CharacterOffsetBegin=369 CharacterOffsetEnd=373 PartOfSpeech=IN] [Text=dismay CharacterOffsetBegin=374 CharacterOffsetEnd=380 PartOfSpeech=NN] [Text=that CharacterOffsetBegin=381 CharacterOffsetEnd=385 PartOfSpeech=WDT] [Text=i CharacterOffsetBegin=386 CharacterOffsetEnd=387 PartOfSpeech=FW] [Text=was CharacterOffsetBegin=388 CharacterOffsetEnd=391 PartOfSpeech=VBD] [Text=going CharacterOffsetBegin=392 CharacterOffsetEnd=397 PartOfSpeech=VBG] [Text=to CharacterOffsetBegin=398 CharacterOffsetEnd=400 PartOfSpeech=TO] [Text=waste CharacterOffsetBegin=401 CharacterOffsetEnd=406 PartOfSpeech=VB] [Text=some CharacterOffsetBegin=407 CharacterOffsetEnd=411 PartOfSpeech=DT] [Text=more CharacterOffsetBegin=412 CharacterOffsetEnd=416 PartOfSpeech=JJR] [Text=time CharacterOffsetBegin=417 CharacterOffsetEnd=421 PartOfSpeech=NN] [Text=of CharacterOffsetBegin=422 CharacterOffsetEnd=424 PartOfSpeech=IN] [Text=my CharacterOffsetBegin=425 CharacterOffsetEnd=427 PartOfSpeech=PRP$] [Text=life CharacterOffsetBegin=428 CharacterOffsetEnd=432 PartOfSpeech=NN] [Text=on CharacterOffsetBegin=433 CharacterOffsetEnd=435 PartOfSpeech=IN] [Text=this CharacterOffsetBegin=436 CharacterOffsetEnd=440 PartOfSpeech=DT] [Text=crap CharacterOffsetBegin=441 CharacterOffsetEnd=445 PartOfSpeech=NN] [Text=. CharacterOffsetBegin=445 CharacterOffsetEnd=446 PartOfSpeech=.] 
root(ROOT-0, filled-2)
nsubj(filled-2, It-1)
dobj(filled-2, me-3)
prep(filled-2, with-4)
pobj(with-4, dismay-5)
dobj(going-9, that-6)
nsubj(going-9, i-7)
aux(going-9, was-8)
rcmod(dismay-5, going-9)
aux(waste-11, to-10)
xcomp(going-9, waste-11)
det(time-14, some-12)
amod(time-14, more-13)
dobj(waste-11, time-14)
prep(time-14, of-15)
poss(life-17, my-16)
pobj(of-15, life-17)
prep(waste-11, on-18)
det(crap-20, this-19)
pobj(on-18, crap-20)
punct(filled-2, .-21)

Sentence #6 (12 tokens):
I bet the movie was made in less than a day.
[Text=I CharacterOffsetBegin=451 CharacterOffsetEnd=452 PartOfSpeech=PRP] [Text=bet CharacterOffsetBegin=453 CharacterOffsetEnd=456 PartOfSpeech=VBP] [Text=the CharacterOffsetBegin=457 CharacterOffsetEnd=460 PartOfSpeech=DT] [Text=movie CharacterOffsetBegin=461 CharacterOffsetEnd=466 PartOfSpeech=NN] [Text=was CharacterOffsetBegin=467 CharacterOffsetEnd=470 PartOfSpeech=VBD] [Text=made CharacterOffsetBegin=471 CharacterOffsetEnd=475 PartOfSpeech=VBN] [Text=in CharacterOffsetBegin=476 CharacterOffsetEnd=478 PartOfSpeech=IN] [Text=less CharacterOffsetBegin=479 CharacterOffsetEnd=483 PartOfSpeech=JJR] [Text=than CharacterOffsetBegin=484 CharacterOffsetEnd=488 PartOfSpeech=IN] [Text=a CharacterOffsetBegin=489 CharacterOffsetEnd=490 PartOfSpeech=DT] [Text=day CharacterOffsetBegin=491 CharacterOffsetEnd=494 PartOfSpeech=NN] [Text=. CharacterOffsetBegin=494 CharacterOffsetEnd=495 PartOfSpeech=.] 
root(ROOT-0, bet-2)
nsubj(bet-2, I-1)
det(movie-4, the-3)
nsubjpass(made-6, movie-4)
auxpass(made-6, was-5)
ccomp(bet-2, made-6)
prep(made-6, in-7)
pobj(in-7, less-8)
prep(less-8, than-9)
det(day-11, a-10)
pobj(than-9, day-11)
punct(bet-2, .-12)

Sentence #7 (10 tokens):
I don't know what category it falls into.
[Text=I CharacterOffsetBegin=500 CharacterOffsetEnd=501 PartOfSpeech=PRP] [Text=do CharacterOffsetBegin=502 CharacterOffsetEnd=504 PartOfSpeech=VBP] [Text=n't CharacterOffsetBegin=504 CharacterOffsetEnd=507 PartOfSpeech=RB] [Text=know CharacterOffsetBegin=508 CharacterOffsetEnd=512 PartOfSpeech=VB] [Text=what CharacterOffsetBegin=513 CharacterOffsetEnd=517 PartOfSpeech=WP] [Text=category CharacterOffsetBegin=518 CharacterOffsetEnd=526 PartOfSpeech=NN] [Text=it CharacterOffsetBegin=527 CharacterOffsetEnd=529 PartOfSpeech=PRP] [Text=falls CharacterOffsetBegin=530 CharacterOffsetEnd=535 PartOfSpeech=VBZ] [Text=into CharacterOffsetBegin=536 CharacterOffsetEnd=540 PartOfSpeech=IN] [Text=. CharacterOffsetBegin=540 CharacterOffsetEnd=541 PartOfSpeech=.] 
root(ROOT-0, know-4)
nsubj(know-4, I-1)
aux(know-4, do-2)
neg(know-4, n't-3)
det(category-6, what-5)
dobj(falls-8, category-6)
nsubj(falls-8, it-7)
ccomp(know-4, falls-8)
prep(falls-8, into-9)
punct(know-4, .-10)

Sentence #8 (27 tokens):
Please, avoid this movie at all costs, just do anything, even bang your head against walls but don't go for this movie.
[Text=Please CharacterOffsetBegin=546 CharacterOffsetEnd=552 PartOfSpeech=UH] [Text=, CharacterOffsetBegin=552 CharacterOffsetEnd=553 PartOfSpeech=,] [Text=avoid CharacterOffsetBegin=554 CharacterOffsetEnd=559 PartOfSpeech=VB] [Text=this CharacterOffsetBegin=560 CharacterOffsetEnd=564 PartOfSpeech=DT] [Text=movie CharacterOffsetBegin=565 CharacterOffsetEnd=570 PartOfSpeech=NN] [Text=at CharacterOffsetBegin=571 CharacterOffsetEnd=573 PartOfSpeech=IN] [Text=all CharacterOffsetBegin=574 CharacterOffsetEnd=577 PartOfSpeech=DT] [Text=costs CharacterOffsetBegin=578 CharacterOffsetEnd=583 PartOfSpeech=NNS] [Text=, CharacterOffsetBegin=583 CharacterOffsetEnd=584 PartOfSpeech=,] [Text=just CharacterOffsetBegin=585 CharacterOffsetEnd=589 PartOfSpeech=RB] [Text=do CharacterOffsetBegin=590 CharacterOffsetEnd=592 PartOfSpeech=VB] [Text=anything CharacterOffsetBegin=593 CharacterOffsetEnd=601 PartOfSpeech=NN] [Text=, CharacterOffsetBegin=601 CharacterOffsetEnd=602 PartOfSpeech=,] [Text=even CharacterOffsetBegin=603 CharacterOffsetEnd=607 PartOfSpeech=RB] [Text=bang CharacterOffsetBegin=608 CharacterOffsetEnd=612 PartOfSpeech=NN] [Text=your CharacterOffsetBegin=613 CharacterOffsetEnd=617 PartOfSpeech=PRP$] [Text=head CharacterOffsetBegin=618 CharacterOffsetEnd=622 PartOfSpeech=NN] [Text=against CharacterOffsetBegin=623 CharacterOffsetEnd=630 PartOfSpeech=IN] [Text=walls CharacterOffsetBegin=631 CharacterOffsetEnd=636 PartOfSpeech=NNS] [Text=but CharacterOffsetBegin=637 CharacterOffsetEnd=640 PartOfSpeech=CC] [Text=do CharacterOffsetBegin=641 CharacterOffsetEnd=643 PartOfSpeech=VBP] [Text=n't CharacterOffsetBegin=643 CharacterOffsetEnd=646 PartOfSpeech=RB] [Text=go CharacterOffsetBegin=647 CharacterOffsetEnd=649 PartOfSpeech=VB] [Text=for CharacterOffsetBegin=650 CharacterOffsetEnd=653 PartOfSpeech=IN] [Text=this CharacterOffsetBegin=654 CharacterOffsetEnd=658 PartOfSpeech=DT] [Text=movie CharacterOffsetBegin=659 CharacterOffsetEnd=664 PartOfSpeech=NN] [Text=. CharacterOffsetBegin=664 CharacterOffsetEnd=665 PartOfSpeech=.] 
root(ROOT-0, avoid-3)
discourse(avoid-3, Please-1)
punct(avoid-3, ,-2)
det(movie-5, this-4)
dobj(avoid-3, movie-5)
prep(avoid-3, at-6)
det(costs-8, all-7)
pobj(at-6, costs-8)
punct(avoid-3, ,-9)
advmod(do-11, just-10)
ccomp(avoid-3, do-11)
dobj(do-11, anything-12)
punct(avoid-3, ,-13)
advmod(bang-15, even-14)
advcl(avoid-3, bang-15)
poss(head-17, your-16)
dep(bang-15, head-17)
prep(head-17, against-18)
pobj(against-18, walls-19)
cc(avoid-3, but-20)
aux(go-23, do-21)
neg(go-23, n't-22)
conj(avoid-3, go-23)
prep(go-23, for-24)
det(movie-26, this-25)
pobj(for-24, movie-26)
punct(avoid-3, .-27)

