Sentence #1 (20 tokens):
It's interesting to see what shape Pierce Brosnan's career was in before Bond arrived on the scene.
[Text=It CharacterOffsetBegin=4 CharacterOffsetEnd=6 PartOfSpeech=PRP] [Text='s CharacterOffsetBegin=6 CharacterOffsetEnd=8 PartOfSpeech=VBZ] [Text=interesting CharacterOffsetBegin=9 CharacterOffsetEnd=20 PartOfSpeech=JJ] [Text=to CharacterOffsetBegin=21 CharacterOffsetEnd=23 PartOfSpeech=TO] [Text=see CharacterOffsetBegin=24 CharacterOffsetEnd=27 PartOfSpeech=VB] [Text=what CharacterOffsetBegin=28 CharacterOffsetEnd=32 PartOfSpeech=WP] [Text=shape CharacterOffsetBegin=33 CharacterOffsetEnd=38 PartOfSpeech=NN] [Text=Pierce CharacterOffsetBegin=39 CharacterOffsetEnd=45 PartOfSpeech=NNP] [Text=Brosnan CharacterOffsetBegin=46 CharacterOffsetEnd=53 PartOfSpeech=NNP] [Text='s CharacterOffsetBegin=53 CharacterOffsetEnd=55 PartOfSpeech=POS] [Text=career CharacterOffsetBegin=56 CharacterOffsetEnd=62 PartOfSpeech=NN] [Text=was CharacterOffsetBegin=63 CharacterOffsetEnd=66 PartOfSpeech=VBD] [Text=in CharacterOffsetBegin=67 CharacterOffsetEnd=69 PartOfSpeech=IN] [Text=before CharacterOffsetBegin=70 CharacterOffsetEnd=76 PartOfSpeech=IN] [Text=Bond CharacterOffsetBegin=77 CharacterOffsetEnd=81 PartOfSpeech=NN] [Text=arrived CharacterOffsetBegin=82 CharacterOffsetEnd=89 PartOfSpeech=VBD] [Text=on CharacterOffsetBegin=90 CharacterOffsetEnd=92 PartOfSpeech=IN] [Text=the CharacterOffsetBegin=93 CharacterOffsetEnd=96 PartOfSpeech=DT] [Text=scene CharacterOffsetBegin=97 CharacterOffsetEnd=102 PartOfSpeech=NN] [Text=. CharacterOffsetBegin=102 CharacterOffsetEnd=103 PartOfSpeech=.] 
root(ROOT-0, interesting-3)
nsubj(interesting-3, It-1)
cop(interesting-3, 's-2)
aux(see-5, to-4)
xcomp(interesting-3, see-5)
nsubj(shape-7, what-6)
ccomp(see-5, shape-7)
nn(Brosnan-9, Pierce-8)
poss(career-11, Brosnan-9)
possessive(Brosnan-9, 's-10)
nsubj(was-12, career-11)
rcmod(shape-7, was-12)
prep(was-12, in-13)
mark(arrived-16, before-14)
nsubj(arrived-16, Bond-15)
pcomp(in-13, arrived-16)
prep(arrived-16, on-17)
det(scene-19, the-18)
pobj(on-17, scene-19)
punct(interesting-3, .-20)

Sentence #2 (25 tokens):
In this "tense" thriller, Pierce Brosnan plays the gentle Patrick, who works leading ghetto kids on "confidence courses".
[Text=In CharacterOffsetBegin=108 CharacterOffsetEnd=110 PartOfSpeech=IN] [Text=this CharacterOffsetBegin=111 CharacterOffsetEnd=115 PartOfSpeech=DT] [Text=`` CharacterOffsetBegin=116 CharacterOffsetEnd=117 PartOfSpeech=``] [Text=tense CharacterOffsetBegin=117 CharacterOffsetEnd=122 PartOfSpeech=JJ] [Text='' CharacterOffsetBegin=122 CharacterOffsetEnd=123 PartOfSpeech=''] [Text=thriller CharacterOffsetBegin=124 CharacterOffsetEnd=132 PartOfSpeech=NN] [Text=, CharacterOffsetBegin=132 CharacterOffsetEnd=133 PartOfSpeech=,] [Text=Pierce CharacterOffsetBegin=134 CharacterOffsetEnd=140 PartOfSpeech=NNP] [Text=Brosnan CharacterOffsetBegin=141 CharacterOffsetEnd=148 PartOfSpeech=NNP] [Text=plays CharacterOffsetBegin=149 CharacterOffsetEnd=154 PartOfSpeech=VBZ] [Text=the CharacterOffsetBegin=155 CharacterOffsetEnd=158 PartOfSpeech=DT] [Text=gentle CharacterOffsetBegin=159 CharacterOffsetEnd=165 PartOfSpeech=JJ] [Text=Patrick CharacterOffsetBegin=166 CharacterOffsetEnd=173 PartOfSpeech=NNP] [Text=, CharacterOffsetBegin=173 CharacterOffsetEnd=174 PartOfSpeech=,] [Text=who CharacterOffsetBegin=175 CharacterOffsetEnd=178 PartOfSpeech=WP] [Text=works CharacterOffsetBegin=179 CharacterOffsetEnd=184 PartOfSpeech=VBZ] [Text=leading CharacterOffsetBegin=185 CharacterOffsetEnd=192 PartOfSpeech=VBG] [Text=ghetto CharacterOffsetBegin=193 CharacterOffsetEnd=199 PartOfSpeech=NN] [Text=kids CharacterOffsetBegin=200 CharacterOffsetEnd=204 PartOfSpeech=NNS] [Text=on CharacterOffsetBegin=205 CharacterOffsetEnd=207 PartOfSpeech=IN] [Text=`` CharacterOffsetBegin=208 CharacterOffsetEnd=209 PartOfSpeech=``] [Text=confidence CharacterOffsetBegin=209 CharacterOffsetEnd=219 PartOfSpeech=NN] [Text=courses CharacterOffsetBegin=220 CharacterOffsetEnd=227 PartOfSpeech=NNS] [Text='' CharacterOffsetBegin=227 CharacterOffsetEnd=228 PartOfSpeech=''] [Text=. CharacterOffsetBegin=228 CharacterOffsetEnd=229 PartOfSpeech=.] 
root(ROOT-0, plays-10)
prep(plays-10, In-1)
det(thriller-6, this-2)
punct(thriller-6, ``-3)
amod(thriller-6, tense-4)
punct(thriller-6, ''-5)
pobj(In-1, thriller-6)
punct(plays-10, ,-7)
nn(Brosnan-9, Pierce-8)
nsubj(plays-10, Brosnan-9)
det(Patrick-13, the-11)
amod(Patrick-13, gentle-12)
dobj(plays-10, Patrick-13)
punct(Patrick-13, ,-14)
nsubj(works-16, who-15)
rcmod(Patrick-13, works-16)
amod(kids-19, leading-17)
nn(kids-19, ghetto-18)
dobj(works-16, kids-19)
prep(works-16, on-20)
punct(on-20, ``-21)
nn(courses-23, confidence-22)
pobj(on-20, courses-23)
punct(on-20, ''-24)
punct(plays-10, .-25)

Sentence #3 (15 tokens):
He romances a woman, who has a bog-standard mop-top mid-90s kid called Eric.
[Text=He CharacterOffsetBegin=234 CharacterOffsetEnd=236 PartOfSpeech=PRP] [Text=romances CharacterOffsetBegin=237 CharacterOffsetEnd=245 PartOfSpeech=VBZ] [Text=a CharacterOffsetBegin=246 CharacterOffsetEnd=247 PartOfSpeech=DT] [Text=woman CharacterOffsetBegin=248 CharacterOffsetEnd=253 PartOfSpeech=NN] [Text=, CharacterOffsetBegin=253 CharacterOffsetEnd=254 PartOfSpeech=,] [Text=who CharacterOffsetBegin=255 CharacterOffsetEnd=258 PartOfSpeech=WP] [Text=has CharacterOffsetBegin=259 CharacterOffsetEnd=262 PartOfSpeech=VBZ] [Text=a CharacterOffsetBegin=263 CharacterOffsetEnd=264 PartOfSpeech=DT] [Text=bog-standard CharacterOffsetBegin=265 CharacterOffsetEnd=277 PartOfSpeech=JJ] [Text=mop-top CharacterOffsetBegin=278 CharacterOffsetEnd=285 PartOfSpeech=JJ] [Text=mid-90s CharacterOffsetBegin=286 CharacterOffsetEnd=293 PartOfSpeech=NNS] [Text=kid CharacterOffsetBegin=294 CharacterOffsetEnd=297 PartOfSpeech=NN] [Text=called CharacterOffsetBegin=298 CharacterOffsetEnd=304 PartOfSpeech=VBN] [Text=Eric CharacterOffsetBegin=305 CharacterOffsetEnd=309 PartOfSpeech=NNP] [Text=. CharacterOffsetBegin=309 CharacterOffsetEnd=310 PartOfSpeech=.] 
root(ROOT-0, romances-2)
nsubj(romances-2, He-1)
det(woman-4, a-3)
dobj(romances-2, woman-4)
punct(woman-4, ,-5)
nsubj(has-7, who-6)
rcmod(woman-4, has-7)
det(kid-12, a-8)
amod(kid-12, bog-standard-9)
amod(kid-12, mop-top-10)
nn(kid-12, mid-90s-11)
dobj(has-7, kid-12)
partmod(kid-12, called-13)
dep(called-13, Eric-14)
punct(romances-2, .-15)

Sentence #4 (26 tokens):
The woman's drunken ex-husband soon arrives on the scene and begins to mess with Pierce.At one stage Pierce is innocently making "vegeburgers".
[Text=The CharacterOffsetBegin=315 CharacterOffsetEnd=318 PartOfSpeech=DT] [Text=woman CharacterOffsetBegin=319 CharacterOffsetEnd=324 PartOfSpeech=NN] [Text='s CharacterOffsetBegin=324 CharacterOffsetEnd=326 PartOfSpeech=POS] [Text=drunken CharacterOffsetBegin=327 CharacterOffsetEnd=334 PartOfSpeech=JJ] [Text=ex-husband CharacterOffsetBegin=335 CharacterOffsetEnd=345 PartOfSpeech=NN] [Text=soon CharacterOffsetBegin=346 CharacterOffsetEnd=350 PartOfSpeech=RB] [Text=arrives CharacterOffsetBegin=351 CharacterOffsetEnd=358 PartOfSpeech=VBZ] [Text=on CharacterOffsetBegin=359 CharacterOffsetEnd=361 PartOfSpeech=IN] [Text=the CharacterOffsetBegin=362 CharacterOffsetEnd=365 PartOfSpeech=DT] [Text=scene CharacterOffsetBegin=366 CharacterOffsetEnd=371 PartOfSpeech=NN] [Text=and CharacterOffsetBegin=372 CharacterOffsetEnd=375 PartOfSpeech=CC] [Text=begins CharacterOffsetBegin=376 CharacterOffsetEnd=382 PartOfSpeech=VBZ] [Text=to CharacterOffsetBegin=383 CharacterOffsetEnd=385 PartOfSpeech=TO] [Text=mess CharacterOffsetBegin=386 CharacterOffsetEnd=390 PartOfSpeech=NN] [Text=with CharacterOffsetBegin=391 CharacterOffsetEnd=395 PartOfSpeech=IN] [Text=Pierce.At CharacterOffsetBegin=396 CharacterOffsetEnd=405 PartOfSpeech=NN] [Text=one CharacterOffsetBegin=406 CharacterOffsetEnd=409 PartOfSpeech=CD] [Text=stage CharacterOffsetBegin=410 CharacterOffsetEnd=415 PartOfSpeech=NN] [Text=Pierce CharacterOffsetBegin=416 CharacterOffsetEnd=422 PartOfSpeech=NNP] [Text=is CharacterOffsetBegin=423 CharacterOffsetEnd=425 PartOfSpeech=VBZ] [Text=innocently CharacterOffsetBegin=426 CharacterOffsetEnd=436 PartOfSpeech=RB] [Text=making CharacterOffsetBegin=437 CharacterOffsetEnd=443 PartOfSpeech=VBG] [Text=`` CharacterOffsetBegin=444 CharacterOffsetEnd=445 PartOfSpeech=``] [Text=vegeburgers CharacterOffsetBegin=445 CharacterOffsetEnd=456 PartOfSpeech=NNS] [Text='' CharacterOffsetBegin=456 CharacterOffsetEnd=457 PartOfSpeech=''] [Text=. CharacterOffsetBegin=457 CharacterOffsetEnd=458 PartOfSpeech=.] 
root(ROOT-0, arrives-7)
det(woman-2, The-1)
poss(ex-husband-5, woman-2)
possessive(woman-2, 's-3)
amod(ex-husband-5, drunken-4)
nsubj(arrives-7, ex-husband-5)
advmod(arrives-7, soon-6)
prep(arrives-7, on-8)
det(scene-10, the-9)
pobj(on-8, scene-10)
cc(arrives-7, and-11)
csubj(making-22, begins-12)
aux(mess-14, to-13)
xcomp(begins-12, mess-14)
prep(mess-14, with-15)
nn(Pierce-19, Pierce.At-16)
num(Pierce-19, one-17)
nn(Pierce-19, stage-18)
pobj(with-15, Pierce-19)
aux(making-22, is-20)
advmod(making-22, innocently-21)
conj(arrives-7, making-22)
punct(making-22, ``-23)
dobj(making-22, vegeburgers-24)
punct(making-22, ''-25)
punct(arrives-7, .-26)

Sentence #5 (4 tokens):
The husband enters.
[Text=The CharacterOffsetBegin=463 CharacterOffsetEnd=466 PartOfSpeech=DT] [Text=husband CharacterOffsetBegin=467 CharacterOffsetEnd=474 PartOfSpeech=NN] [Text=enters CharacterOffsetBegin=475 CharacterOffsetEnd=481 PartOfSpeech=VBZ] [Text=. CharacterOffsetBegin=481 CharacterOffsetEnd=482 PartOfSpeech=.] 
root(ROOT-0, enters-3)
det(husband-2, The-1)
nsubj(enters-3, husband-2)
punct(enters-3, .-4)

Sentence #6 (5 tokens):
Pierce resumes making vegeburgers.
[Text=Pierce CharacterOffsetBegin=487 CharacterOffsetEnd=493 PartOfSpeech=NNP] [Text=resumes CharacterOffsetBegin=494 CharacterOffsetEnd=501 PartOfSpeech=VBZ] [Text=making CharacterOffsetBegin=502 CharacterOffsetEnd=508 PartOfSpeech=VBG] [Text=vegeburgers CharacterOffsetBegin=509 CharacterOffsetEnd=520 PartOfSpeech=NNS] [Text=. CharacterOffsetBegin=520 CharacterOffsetEnd=521 PartOfSpeech=.] 
root(ROOT-0, resumes-2)
nsubj(resumes-2, Pierce-1)
xcomp(resumes-2, making-3)
dobj(making-3, vegeburgers-4)
punct(resumes-2, .-5)

Sentence #7 (6 tokens):
The husband then assaults Pierce.
[Text=The CharacterOffsetBegin=526 CharacterOffsetEnd=529 PartOfSpeech=DT] [Text=husband CharacterOffsetBegin=530 CharacterOffsetEnd=537 PartOfSpeech=NN] [Text=then CharacterOffsetBegin=538 CharacterOffsetEnd=542 PartOfSpeech=RB] [Text=assaults CharacterOffsetBegin=543 CharacterOffsetEnd=551 PartOfSpeech=NNS] [Text=Pierce CharacterOffsetBegin=552 CharacterOffsetEnd=558 PartOfSpeech=NNP] [Text=. CharacterOffsetBegin=558 CharacterOffsetEnd=559 PartOfSpeech=.] 
root(ROOT-0, Pierce-5)
det(husband-2, The-1)
nsubj(Pierce-5, husband-2)
advmod(Pierce-5, then-3)
nn(Pierce-5, assaults-4)
punct(Pierce-5, .-6)

Sentence #8 (12 tokens):
Little chunks of half-eaten vegeburger call fall from Pierce's mouth.
[Text=Little CharacterOffsetBegin=564 CharacterOffsetEnd=570 PartOfSpeech=JJ] [Text=chunks CharacterOffsetBegin=571 CharacterOffsetEnd=577 PartOfSpeech=NNS] [Text=of CharacterOffsetBegin=578 CharacterOffsetEnd=580 PartOfSpeech=IN] [Text=half-eaten CharacterOffsetBegin=581 CharacterOffsetEnd=591 PartOfSpeech=JJ] [Text=vegeburger CharacterOffsetBegin=592 CharacterOffsetEnd=602 PartOfSpeech=NN] [Text=call CharacterOffsetBegin=603 CharacterOffsetEnd=607 PartOfSpeech=NN] [Text=fall CharacterOffsetBegin=608 CharacterOffsetEnd=612 PartOfSpeech=NN] [Text=from CharacterOffsetBegin=613 CharacterOffsetEnd=617 PartOfSpeech=IN] [Text=Pierce CharacterOffsetBegin=618 CharacterOffsetEnd=624 PartOfSpeech=NNP] [Text='s CharacterOffsetBegin=624 CharacterOffsetEnd=626 PartOfSpeech=POS] [Text=mouth CharacterOffsetBegin=627 CharacterOffsetEnd=632 PartOfSpeech=NN] [Text=. CharacterOffsetBegin=632 CharacterOffsetEnd=633 PartOfSpeech=.] 
root(ROOT-0, chunks-2)
amod(chunks-2, Little-1)
prep(chunks-2, of-3)
amod(fall-7, half-eaten-4)
nn(fall-7, vegeburger-5)
nn(fall-7, call-6)
pobj(of-3, fall-7)
prep(chunks-2, from-8)
poss(mouth-11, Pierce-9)
possessive(Pierce-9, 's-10)
pobj(from-8, mouth-11)
punct(chunks-2, .-12)

Sentence #9 (9 tokens):
The fight abruptly ends without showing the outcome.
[Text=The CharacterOffsetBegin=638 CharacterOffsetEnd=641 PartOfSpeech=DT] [Text=fight CharacterOffsetBegin=642 CharacterOffsetEnd=647 PartOfSpeech=NN] [Text=abruptly CharacterOffsetBegin=648 CharacterOffsetEnd=656 PartOfSpeech=RB] [Text=ends CharacterOffsetBegin=657 CharacterOffsetEnd=661 PartOfSpeech=VBZ] [Text=without CharacterOffsetBegin=662 CharacterOffsetEnd=669 PartOfSpeech=IN] [Text=showing CharacterOffsetBegin=670 CharacterOffsetEnd=677 PartOfSpeech=VBG] [Text=the CharacterOffsetBegin=678 CharacterOffsetEnd=681 PartOfSpeech=DT] [Text=outcome CharacterOffsetBegin=682 CharacterOffsetEnd=689 PartOfSpeech=NN] [Text=. CharacterOffsetBegin=689 CharacterOffsetEnd=690 PartOfSpeech=.] 
root(ROOT-0, ends-4)
det(fight-2, The-1)
nsubj(ends-4, fight-2)
advmod(ends-4, abruptly-3)
prep(ends-4, without-5)
pcomp(without-5, showing-6)
det(outcome-8, the-7)
dobj(showing-6, outcome-8)
punct(ends-4, .-9)

Sentence #10 (9 tokens):
This is as good as the film gets.
[Text=This CharacterOffsetBegin=695 CharacterOffsetEnd=699 PartOfSpeech=DT] [Text=is CharacterOffsetBegin=700 CharacterOffsetEnd=702 PartOfSpeech=VBZ] [Text=as CharacterOffsetBegin=703 CharacterOffsetEnd=705 PartOfSpeech=RB] [Text=good CharacterOffsetBegin=706 CharacterOffsetEnd=710 PartOfSpeech=JJ] [Text=as CharacterOffsetBegin=711 CharacterOffsetEnd=713 PartOfSpeech=IN] [Text=the CharacterOffsetBegin=714 CharacterOffsetEnd=717 PartOfSpeech=DT] [Text=film CharacterOffsetBegin=718 CharacterOffsetEnd=722 PartOfSpeech=NN] [Text=gets CharacterOffsetBegin=723 CharacterOffsetEnd=727 PartOfSpeech=VBZ] [Text=. CharacterOffsetBegin=727 CharacterOffsetEnd=728 PartOfSpeech=.] 
root(ROOT-0, good-4)
nsubj(good-4, This-1)
cop(good-4, is-2)
advmod(good-4, as-3)
mark(gets-8, as-5)
det(film-7, the-6)
nsubj(gets-8, film-7)
advcl(good-4, gets-8)
punct(good-4, .-9)

