Sentence #1 (14 tokens):
I gave this movie a very fair chance, and it betrayed me.
[Text=I CharacterOffsetBegin=4 CharacterOffsetEnd=5 PartOfSpeech=PRP] [Text=gave CharacterOffsetBegin=6 CharacterOffsetEnd=10 PartOfSpeech=VBD] [Text=this CharacterOffsetBegin=11 CharacterOffsetEnd=15 PartOfSpeech=DT] [Text=movie CharacterOffsetBegin=16 CharacterOffsetEnd=21 PartOfSpeech=NN] [Text=a CharacterOffsetBegin=22 CharacterOffsetEnd=23 PartOfSpeech=DT] [Text=very CharacterOffsetBegin=24 CharacterOffsetEnd=28 PartOfSpeech=RB] [Text=fair CharacterOffsetBegin=29 CharacterOffsetEnd=33 PartOfSpeech=JJ] [Text=chance CharacterOffsetBegin=34 CharacterOffsetEnd=40 PartOfSpeech=NN] [Text=, CharacterOffsetBegin=40 CharacterOffsetEnd=41 PartOfSpeech=,] [Text=and CharacterOffsetBegin=42 CharacterOffsetEnd=45 PartOfSpeech=CC] [Text=it CharacterOffsetBegin=46 CharacterOffsetEnd=48 PartOfSpeech=PRP] [Text=betrayed CharacterOffsetBegin=49 CharacterOffsetEnd=57 PartOfSpeech=VBD] [Text=me CharacterOffsetBegin=58 CharacterOffsetEnd=60 PartOfSpeech=PRP] [Text=. CharacterOffsetBegin=60 CharacterOffsetEnd=61 PartOfSpeech=.] 
root(ROOT-0, gave-2)
nsubj(gave-2, I-1)
det(movie-4, this-3)
iobj(gave-2, movie-4)
det(chance-8, a-5)
advmod(fair-7, very-6)
amod(chance-8, fair-7)
dobj(gave-2, chance-8)
punct(gave-2, ,-9)
cc(gave-2, and-10)
nsubj(betrayed-12, it-11)
conj(gave-2, betrayed-12)
dobj(betrayed-12, me-13)
punct(gave-2, .-14)

Sentence #2 (47 tokens):
This is very little more than a black and white excuse to bore the hell out of the audience even as the egotist Bogdanavich (who did way better with TARGETS) gets "great performances" out of a ton of hams in their debuts.
[Text=This CharacterOffsetBegin=66 CharacterOffsetEnd=70 PartOfSpeech=DT] [Text=is CharacterOffsetBegin=71 CharacterOffsetEnd=73 PartOfSpeech=VBZ] [Text=very CharacterOffsetBegin=74 CharacterOffsetEnd=78 PartOfSpeech=RB] [Text=little CharacterOffsetBegin=79 CharacterOffsetEnd=85 PartOfSpeech=RB] [Text=more CharacterOffsetBegin=86 CharacterOffsetEnd=90 PartOfSpeech=JJR] [Text=than CharacterOffsetBegin=91 CharacterOffsetEnd=95 PartOfSpeech=IN] [Text=a CharacterOffsetBegin=96 CharacterOffsetEnd=97 PartOfSpeech=DT] [Text=black CharacterOffsetBegin=98 CharacterOffsetEnd=103 PartOfSpeech=JJ] [Text=and CharacterOffsetBegin=104 CharacterOffsetEnd=107 PartOfSpeech=CC] [Text=white CharacterOffsetBegin=108 CharacterOffsetEnd=113 PartOfSpeech=JJ] [Text=excuse CharacterOffsetBegin=114 CharacterOffsetEnd=120 PartOfSpeech=NN] [Text=to CharacterOffsetBegin=121 CharacterOffsetEnd=123 PartOfSpeech=TO] [Text=bore CharacterOffsetBegin=124 CharacterOffsetEnd=128 PartOfSpeech=VBD] [Text=the CharacterOffsetBegin=129 CharacterOffsetEnd=132 PartOfSpeech=DT] [Text=hell CharacterOffsetBegin=133 CharacterOffsetEnd=137 PartOfSpeech=NN] [Text=out CharacterOffsetBegin=138 CharacterOffsetEnd=141 PartOfSpeech=IN] [Text=of CharacterOffsetBegin=142 CharacterOffsetEnd=144 PartOfSpeech=IN] [Text=the CharacterOffsetBegin=145 CharacterOffsetEnd=148 PartOfSpeech=DT] [Text=audience CharacterOffsetBegin=149 CharacterOffsetEnd=157 PartOfSpeech=NN] [Text=even CharacterOffsetBegin=158 CharacterOffsetEnd=162 PartOfSpeech=RB] [Text=as CharacterOffsetBegin=163 CharacterOffsetEnd=165 PartOfSpeech=IN] [Text=the CharacterOffsetBegin=166 CharacterOffsetEnd=169 PartOfSpeech=DT] [Text=egotist CharacterOffsetBegin=170 CharacterOffsetEnd=177 PartOfSpeech=NN] [Text=Bogdanavich CharacterOffsetBegin=178 CharacterOffsetEnd=189 PartOfSpeech=NNP] [Text=-LRB- CharacterOffsetBegin=190 CharacterOffsetEnd=191 PartOfSpeech=-LRB-] [Text=who CharacterOffsetBegin=191 CharacterOffsetEnd=194 PartOfSpeech=WP] [Text=did CharacterOffsetBegin=195 CharacterOffsetEnd=198 PartOfSpeech=VBD] [Text=way CharacterOffsetBegin=199 CharacterOffsetEnd=202 PartOfSpeech=RB] [Text=better CharacterOffsetBegin=203 CharacterOffsetEnd=209 PartOfSpeech=RBR] [Text=with CharacterOffsetBegin=210 CharacterOffsetEnd=214 PartOfSpeech=IN] [Text=TARGETS CharacterOffsetBegin=215 CharacterOffsetEnd=222 PartOfSpeech=NNS] [Text=-RRB- CharacterOffsetBegin=222 CharacterOffsetEnd=223 PartOfSpeech=-RRB-] [Text=gets CharacterOffsetBegin=224 CharacterOffsetEnd=228 PartOfSpeech=VBZ] [Text=`` CharacterOffsetBegin=229 CharacterOffsetEnd=230 PartOfSpeech=``] [Text=great CharacterOffsetBegin=230 CharacterOffsetEnd=235 PartOfSpeech=JJ] [Text=performances CharacterOffsetBegin=236 CharacterOffsetEnd=248 PartOfSpeech=NNS] [Text='' CharacterOffsetBegin=248 CharacterOffsetEnd=249 PartOfSpeech=''] [Text=out CharacterOffsetBegin=250 CharacterOffsetEnd=253 PartOfSpeech=IN] [Text=of CharacterOffsetBegin=254 CharacterOffsetEnd=256 PartOfSpeech=IN] [Text=a CharacterOffsetBegin=257 CharacterOffsetEnd=258 PartOfSpeech=DT] [Text=ton CharacterOffsetBegin=259 CharacterOffsetEnd=262 PartOfSpeech=NN] [Text=of CharacterOffsetBegin=263 CharacterOffsetEnd=265 PartOfSpeech=IN] [Text=hams CharacterOffsetBegin=266 CharacterOffsetEnd=270 PartOfSpeech=NNS] [Text=in CharacterOffsetBegin=271 CharacterOffsetEnd=273 PartOfSpeech=IN] [Text=their CharacterOffsetBegin=274 CharacterOffsetEnd=279 PartOfSpeech=PRP$] [Text=debuts CharacterOffsetBegin=280 CharacterOffsetEnd=286 PartOfSpeech=NNS] [Text=. CharacterOffsetBegin=286 CharacterOffsetEnd=287 PartOfSpeech=.] 
root(ROOT-0, more-5)
nsubj(more-5, This-1)
cop(more-5, is-2)
advmod(little-4, very-3)
advmod(more-5, little-4)
prep(more-5, than-6)
det(excuse-11, a-7)
amod(excuse-11, black-8)
cc(black-8, and-9)
conj(black-8, white-10)
pobj(than-6, excuse-11)
aux(bore-13, to-12)
infmod(more-5, bore-13)
det(hell-15, the-14)
dobj(bore-13, hell-15)
prep(bore-13, out-16)
pcomp(out-16, of-17)
det(audience-19, the-18)
pobj(of-17, audience-19)
advmod(bore-13, even-20)
prep(even-20, as-21)
det(performances-36, the-22)
amod(performances-36, egotist-23)
dep(egotist-23, Bogdanavich-24)
punct(did-27, -LRB--25)
nsubj(did-27, who-26)
dep(Bogdanavich-24, did-27)
advmod(better-29, way-28)
advmod(did-27, better-29)
prep(better-29, with-30)
pobj(with-30, TARGETS-31)
punct(did-27, -RRB--32)
dep(performances-36, gets-33)
punct(performances-36, ``-34)
amod(performances-36, great-35)
pobj(as-21, performances-36)
punct(performances-36, ''-37)
prep(performances-36, out-38)
pcomp(out-38, of-39)
det(ton-41, a-40)
pobj(of-39, ton-41)
prep(ton-41, of-42)
pobj(of-42, hams-43)
prep(hams-43, in-44)
poss(debuts-46, their-45)
pobj(in-44, debuts-46)
punct(more-5, .-47)

Sentence #3 (74 tokens):
Lots of teenage sex clichs come out of this movie, such as Doing the Teacher's Wife, Impotence, Doing the Ugly Prostitute(which is very awkwardly shot and grinds things to a complete halt, not that things were really going anywhere anyway) and skinny dipping.I suppose this movie is supposed to be funny because of all the sex nonsense, to me, it was just annoying.
[Text=Lots CharacterOffsetBegin=292 CharacterOffsetEnd=296 PartOfSpeech=NNS] [Text=of CharacterOffsetBegin=297 CharacterOffsetEnd=299 PartOfSpeech=IN] [Text=teenage CharacterOffsetBegin=300 CharacterOffsetEnd=307 PartOfSpeech=JJ] [Text=sex CharacterOffsetBegin=308 CharacterOffsetEnd=311 PartOfSpeech=NN] [Text=clichs CharacterOffsetBegin=312 CharacterOffsetEnd=318 PartOfSpeech=NNS] [Text=come CharacterOffsetBegin=319 CharacterOffsetEnd=323 PartOfSpeech=VBP] [Text=out CharacterOffsetBegin=324 CharacterOffsetEnd=327 PartOfSpeech=IN] [Text=of CharacterOffsetBegin=328 CharacterOffsetEnd=330 PartOfSpeech=IN] [Text=this CharacterOffsetBegin=331 CharacterOffsetEnd=335 PartOfSpeech=DT] [Text=movie CharacterOffsetBegin=336 CharacterOffsetEnd=341 PartOfSpeech=NN] [Text=, CharacterOffsetBegin=341 CharacterOffsetEnd=342 PartOfSpeech=,] [Text=such CharacterOffsetBegin=343 CharacterOffsetEnd=347 PartOfSpeech=JJ] [Text=as CharacterOffsetBegin=348 CharacterOffsetEnd=350 PartOfSpeech=IN] [Text=Doing CharacterOffsetBegin=351 CharacterOffsetEnd=356 PartOfSpeech=VBG] [Text=the CharacterOffsetBegin=357 CharacterOffsetEnd=360 PartOfSpeech=DT] [Text=Teacher CharacterOffsetBegin=361 CharacterOffsetEnd=368 PartOfSpeech=NN] [Text='s CharacterOffsetBegin=368 CharacterOffsetEnd=370 PartOfSpeech=POS] [Text=Wife CharacterOffsetBegin=371 CharacterOffsetEnd=375 PartOfSpeech=NNP] [Text=, CharacterOffsetBegin=375 CharacterOffsetEnd=376 PartOfSpeech=,] [Text=Impotence CharacterOffsetBegin=377 CharacterOffsetEnd=386 PartOfSpeech=NNP] [Text=, CharacterOffsetBegin=386 CharacterOffsetEnd=387 PartOfSpeech=,] [Text=Doing CharacterOffsetBegin=388 CharacterOffsetEnd=393 PartOfSpeech=VBG] [Text=the CharacterOffsetBegin=394 CharacterOffsetEnd=397 PartOfSpeech=DT] [Text=Ugly CharacterOffsetBegin=398 CharacterOffsetEnd=402 PartOfSpeech=NNP] [Text=Prostitute CharacterOffsetBegin=403 CharacterOffsetEnd=413 PartOfSpeech=NNP] [Text=-LRB- CharacterOffsetBegin=413 CharacterOffsetEnd=414 PartOfSpeech=-LRB-] [Text=which CharacterOffsetBegin=414 CharacterOffsetEnd=419 PartOfSpeech=WDT] [Text=is CharacterOffsetBegin=420 CharacterOffsetEnd=422 PartOfSpeech=VBZ] [Text=very CharacterOffsetBegin=423 CharacterOffsetEnd=427 PartOfSpeech=RB] [Text=awkwardly CharacterOffsetBegin=428 CharacterOffsetEnd=437 PartOfSpeech=RB] [Text=shot CharacterOffsetBegin=438 CharacterOffsetEnd=442 PartOfSpeech=VBN] [Text=and CharacterOffsetBegin=443 CharacterOffsetEnd=446 PartOfSpeech=CC] [Text=grinds CharacterOffsetBegin=447 CharacterOffsetEnd=453 PartOfSpeech=VBZ] [Text=things CharacterOffsetBegin=454 CharacterOffsetEnd=460 PartOfSpeech=NNS] [Text=to CharacterOffsetBegin=461 CharacterOffsetEnd=463 PartOfSpeech=TO] [Text=a CharacterOffsetBegin=464 CharacterOffsetEnd=465 PartOfSpeech=DT] [Text=complete CharacterOffsetBegin=466 CharacterOffsetEnd=474 PartOfSpeech=JJ] [Text=halt CharacterOffsetBegin=475 CharacterOffsetEnd=479 PartOfSpeech=NN] [Text=, CharacterOffsetBegin=479 CharacterOffsetEnd=480 PartOfSpeech=,] [Text=not CharacterOffsetBegin=481 CharacterOffsetEnd=484 PartOfSpeech=RB] [Text=that CharacterOffsetBegin=485 CharacterOffsetEnd=489 PartOfSpeech=IN] [Text=things CharacterOffsetBegin=490 CharacterOffsetEnd=496 PartOfSpeech=NNS] [Text=were CharacterOffsetBegin=497 CharacterOffsetEnd=501 PartOfSpeech=VBD] [Text=really CharacterOffsetBegin=502 CharacterOffsetEnd=508 PartOfSpeech=RB] [Text=going CharacterOffsetBegin=509 CharacterOffsetEnd=514 PartOfSpeech=VBG] [Text=anywhere CharacterOffsetBegin=515 CharacterOffsetEnd=523 PartOfSpeech=RB] [Text=anyway CharacterOffsetBegin=524 CharacterOffsetEnd=530 PartOfSpeech=RB] [Text=-RRB- CharacterOffsetBegin=530 CharacterOffsetEnd=531 PartOfSpeech=-RRB-] [Text=and CharacterOffsetBegin=532 CharacterOffsetEnd=535 PartOfSpeech=CC] [Text=skinny CharacterOffsetBegin=536 CharacterOffsetEnd=542 PartOfSpeech=JJ] [Text=dipping.I CharacterOffsetBegin=543 CharacterOffsetEnd=552 PartOfSpeech=NN] [Text=suppose CharacterOffsetBegin=553 CharacterOffsetEnd=560 PartOfSpeech=VB] [Text=this CharacterOffsetBegin=561 CharacterOffsetEnd=565 PartOfSpeech=DT] [Text=movie CharacterOffsetBegin=566 CharacterOffsetEnd=571 PartOfSpeech=NN] [Text=is CharacterOffsetBegin=572 CharacterOffsetEnd=574 PartOfSpeech=VBZ] [Text=supposed CharacterOffsetBegin=575 CharacterOffsetEnd=583 PartOfSpeech=VBN] [Text=to CharacterOffsetBegin=584 CharacterOffsetEnd=586 PartOfSpeech=TO] [Text=be CharacterOffsetBegin=587 CharacterOffsetEnd=589 PartOfSpeech=VB] [Text=funny CharacterOffsetBegin=590 CharacterOffsetEnd=595 PartOfSpeech=JJ] [Text=because CharacterOffsetBegin=596 CharacterOffsetEnd=603 PartOfSpeech=IN] [Text=of CharacterOffsetBegin=604 CharacterOffsetEnd=606 PartOfSpeech=IN] [Text=all CharacterOffsetBegin=607 CharacterOffsetEnd=610 PartOfSpeech=PDT] [Text=the CharacterOffsetBegin=611 CharacterOffsetEnd=614 PartOfSpeech=DT] [Text=sex CharacterOffsetBegin=615 CharacterOffsetEnd=618 PartOfSpeech=NN] [Text=nonsense CharacterOffsetBegin=619 CharacterOffsetEnd=627 PartOfSpeech=NN] [Text=, CharacterOffsetBegin=627 CharacterOffsetEnd=628 PartOfSpeech=,] [Text=to CharacterOffsetBegin=629 CharacterOffsetEnd=631 PartOfSpeech=TO] [Text=me CharacterOffsetBegin=632 CharacterOffsetEnd=634 PartOfSpeech=PRP] [Text=, CharacterOffsetBegin=634 CharacterOffsetEnd=635 PartOfSpeech=,] [Text=it CharacterOffsetBegin=636 CharacterOffsetEnd=638 PartOfSpeech=PRP] [Text=was CharacterOffsetBegin=639 CharacterOffsetEnd=642 PartOfSpeech=VBD] [Text=just CharacterOffsetBegin=643 CharacterOffsetEnd=647 PartOfSpeech=RB] [Text=annoying CharacterOffsetBegin=648 CharacterOffsetEnd=656 PartOfSpeech=JJ] [Text=. CharacterOffsetBegin=656 CharacterOffsetEnd=657 PartOfSpeech=.] 
root(ROOT-0, come-6)
nsubj(come-6, Lots-1)
prep(Lots-1, of-2)
amod(clichs-5, teenage-3)
nn(clichs-5, sex-4)
pobj(of-2, clichs-5)
prep(come-6, out-7)
pcomp(out-7, of-8)
det(movie-10, this-9)
pobj(of-8, movie-10)
punct(come-6, ,-11)
mwe(as-13, such-12)
prep(come-6, as-13)
pcomp(as-13, Doing-14)
det(Teacher-16, the-15)
poss(Wife-18, Teacher-16)
possessive(Teacher-16, 's-17)
dobj(Doing-14, Wife-18)
punct(Wife-18, ,-19)
appos(Wife-18, Impotence-20)
punct(Wife-18, ,-21)
partmod(Wife-18, Doing-22)
dobj(Doing-22, the-23)
dep(the-23, Ugly-24)
dep(Ugly-24, Prostitute-25)
punct(shot-31, -LRB--26)
nsubjpass(shot-31, which-27)
auxpass(shot-31, is-28)
advmod(awkwardly-30, very-29)
advmod(shot-31, awkwardly-30)
dep(Prostitute-25, shot-31)
cc(shot-31, and-32)
conj(shot-31, grinds-33)
dobj(shot-31, things-34)
prep(shot-31, to-35)
det(halt-38, a-36)
amod(halt-38, complete-37)
pobj(to-35, halt-38)
punct(shot-31, ,-39)
dep(going-45, not-40)
mark(going-45, that-41)
nsubj(going-45, things-42)
aux(going-45, were-43)
advmod(going-45, really-44)
dep(shot-31, going-45)
advmod(going-45, anywhere-46)
advmod(going-45, anyway-47)
punct(shot-31, -RRB--48)
cc(Prostitute-25, and-49)
conj(Prostitute-25, skinny-50)
dobj(skinny-50, dipping.I-51)
partmod(dipping.I-51, suppose-52)
det(movie-54, this-53)
nsubjpass(supposed-56, movie-54)
auxpass(supposed-56, is-55)
ccomp(suppose-52, supposed-56)
aux(funny-59, to-57)
cop(funny-59, be-58)
xcomp(supposed-56, funny-59)
mwe(of-61, because-60)
prep(funny-59, of-61)
predet(nonsense-65, all-62)
det(nonsense-65, the-63)
nn(nonsense-65, sex-64)
pobj(of-61, nonsense-65)
punct(nonsense-65, ,-66)
prep(nonsense-65, to-67)
pobj(to-67, me-68)
punct(nonsense-65, ,-69)
nsubj(annoying-73, it-70)
cop(annoying-73, was-71)
advmod(annoying-73, just-72)
rcmod(nonsense-65, annoying-73)
punct(come-6, .-74)

Sentence #4 (16 tokens):
I was seriously much more entertained by cleaning my finger nails than watching this mess.
[Text=I CharacterOffsetBegin=662 CharacterOffsetEnd=663 PartOfSpeech=PRP] [Text=was CharacterOffsetBegin=664 CharacterOffsetEnd=667 PartOfSpeech=VBD] [Text=seriously CharacterOffsetBegin=668 CharacterOffsetEnd=677 PartOfSpeech=RB] [Text=much CharacterOffsetBegin=678 CharacterOffsetEnd=682 PartOfSpeech=RB] [Text=more CharacterOffsetBegin=683 CharacterOffsetEnd=687 PartOfSpeech=RBR] [Text=entertained CharacterOffsetBegin=688 CharacterOffsetEnd=699 PartOfSpeech=VBN] [Text=by CharacterOffsetBegin=700 CharacterOffsetEnd=702 PartOfSpeech=IN] [Text=cleaning CharacterOffsetBegin=703 CharacterOffsetEnd=711 PartOfSpeech=VBG] [Text=my CharacterOffsetBegin=712 CharacterOffsetEnd=714 PartOfSpeech=PRP$] [Text=finger CharacterOffsetBegin=715 CharacterOffsetEnd=721 PartOfSpeech=NN] [Text=nails CharacterOffsetBegin=722 CharacterOffsetEnd=727 PartOfSpeech=NNS] [Text=than CharacterOffsetBegin=728 CharacterOffsetEnd=732 PartOfSpeech=IN] [Text=watching CharacterOffsetBegin=733 CharacterOffsetEnd=741 PartOfSpeech=VBG] [Text=this CharacterOffsetBegin=742 CharacterOffsetEnd=746 PartOfSpeech=DT] [Text=mess CharacterOffsetBegin=747 CharacterOffsetEnd=751 PartOfSpeech=NN] [Text=. CharacterOffsetBegin=751 CharacterOffsetEnd=752 PartOfSpeech=.] 
root(ROOT-0, entertained-6)
nsubjpass(entertained-6, I-1)
auxpass(entertained-6, was-2)
advmod(much-4, seriously-3)
advmod(more-5, much-4)
advmod(entertained-6, more-5)
prep(entertained-6, by-7)
pcomp(by-7, cleaning-8)
poss(nails-11, my-9)
nn(nails-11, finger-10)
dobj(cleaning-8, nails-11)
prep(entertained-6, than-12)
pcomp(than-12, watching-13)
det(mess-15, this-14)
dobj(watching-13, mess-15)
punct(entertained-6, .-16)

