Sentence #1 (9 tokens):
The comparison is perhaps unfair, but inevitable.
[Text=The CharacterOffsetBegin=4 CharacterOffsetEnd=7 PartOfSpeech=DT] [Text=comparison CharacterOffsetBegin=8 CharacterOffsetEnd=18 PartOfSpeech=NN] [Text=is CharacterOffsetBegin=19 CharacterOffsetEnd=21 PartOfSpeech=VBZ] [Text=perhaps CharacterOffsetBegin=22 CharacterOffsetEnd=29 PartOfSpeech=RB] [Text=unfair CharacterOffsetBegin=30 CharacterOffsetEnd=36 PartOfSpeech=JJ] [Text=, CharacterOffsetBegin=36 CharacterOffsetEnd=37 PartOfSpeech=,] [Text=but CharacterOffsetBegin=38 CharacterOffsetEnd=41 PartOfSpeech=CC] [Text=inevitable CharacterOffsetBegin=42 CharacterOffsetEnd=52 PartOfSpeech=JJ] [Text=. CharacterOffsetBegin=52 CharacterOffsetEnd=53 PartOfSpeech=.] 
root(ROOT-0, unfair-5)
det(comparison-2, The-1)
nsubj(unfair-5, comparison-2)
cop(unfair-5, is-3)
advmod(unfair-5, perhaps-4)
punct(unfair-5, ,-6)
cc(unfair-5, but-7)
conj(unfair-5, inevitable-8)
punct(unfair-5, .-9)

Sentence #2 (32 tokens):
Those attracted to the intimacy and depth of Umbrellas will be slightly horrified to discover a cut-and-paste musical in the American style - awkward, stilted dialogue with inexplicable song-and-dance numbers.
[Text=Those CharacterOffsetBegin=58 CharacterOffsetEnd=63 PartOfSpeech=DT] [Text=attracted CharacterOffsetBegin=64 CharacterOffsetEnd=73 PartOfSpeech=VBD] [Text=to CharacterOffsetBegin=74 CharacterOffsetEnd=76 PartOfSpeech=TO] [Text=the CharacterOffsetBegin=77 CharacterOffsetEnd=80 PartOfSpeech=DT] [Text=intimacy CharacterOffsetBegin=81 CharacterOffsetEnd=89 PartOfSpeech=NN] [Text=and CharacterOffsetBegin=90 CharacterOffsetEnd=93 PartOfSpeech=CC] [Text=depth CharacterOffsetBegin=94 CharacterOffsetEnd=99 PartOfSpeech=NN] [Text=of CharacterOffsetBegin=100 CharacterOffsetEnd=102 PartOfSpeech=IN] [Text=Umbrellas CharacterOffsetBegin=103 CharacterOffsetEnd=112 PartOfSpeech=NNP] [Text=will CharacterOffsetBegin=113 CharacterOffsetEnd=117 PartOfSpeech=MD] [Text=be CharacterOffsetBegin=118 CharacterOffsetEnd=120 PartOfSpeech=VB] [Text=slightly CharacterOffsetBegin=121 CharacterOffsetEnd=129 PartOfSpeech=RB] [Text=horrified CharacterOffsetBegin=130 CharacterOffsetEnd=139 PartOfSpeech=VBN] [Text=to CharacterOffsetBegin=140 CharacterOffsetEnd=142 PartOfSpeech=TO] [Text=discover CharacterOffsetBegin=143 CharacterOffsetEnd=151 PartOfSpeech=VB] [Text=a CharacterOffsetBegin=152 CharacterOffsetEnd=153 PartOfSpeech=DT] [Text=cut-and-paste CharacterOffsetBegin=154 CharacterOffsetEnd=167 PartOfSpeech=JJ] [Text=musical CharacterOffsetBegin=168 CharacterOffsetEnd=175 PartOfSpeech=NN] [Text=in CharacterOffsetBegin=176 CharacterOffsetEnd=178 PartOfSpeech=IN] [Text=the CharacterOffsetBegin=179 CharacterOffsetEnd=182 PartOfSpeech=DT] [Text=American CharacterOffsetBegin=183 CharacterOffsetEnd=191 PartOfSpeech=JJ] [Text=style CharacterOffsetBegin=192 CharacterOffsetEnd=197 PartOfSpeech=NN] [Text=- CharacterOffsetBegin=198 CharacterOffsetEnd=199 PartOfSpeech=:] [Text=awkward CharacterOffsetBegin=200 CharacterOffsetEnd=207 PartOfSpeech=JJ] [Text=, CharacterOffsetBegin=207 CharacterOffsetEnd=208 PartOfSpeech=,] [Text=stilted CharacterOffsetBegin=209 CharacterOffsetEnd=216 PartOfSpeech=JJ] [Text=dialogue CharacterOffsetBegin=217 CharacterOffsetEnd=225 PartOfSpeech=NN] [Text=with CharacterOffsetBegin=226 CharacterOffsetEnd=230 PartOfSpeech=IN] [Text=inexplicable CharacterOffsetBegin=231 CharacterOffsetEnd=243 PartOfSpeech=JJ] [Text=song-and-dance CharacterOffsetBegin=244 CharacterOffsetEnd=258 PartOfSpeech=JJ] [Text=numbers CharacterOffsetBegin=259 CharacterOffsetEnd=266 PartOfSpeech=NNS] [Text=. CharacterOffsetBegin=266 CharacterOffsetEnd=267 PartOfSpeech=.] 
root(ROOT-0, attracted-2)
nsubj(attracted-2, Those-1)
prep(attracted-2, to-3)
det(intimacy-5, the-4)
pobj(to-3, intimacy-5)
cc(intimacy-5, and-6)
conj(intimacy-5, depth-7)
prep(intimacy-5, of-8)
pobj(of-8, Umbrellas-9)
aux(horrified-13, will-10)
auxpass(horrified-13, be-11)
advmod(horrified-13, slightly-12)
ccomp(attracted-2, horrified-13)
aux(discover-15, to-14)
xcomp(horrified-13, discover-15)
det(musical-18, a-16)
amod(musical-18, cut-and-paste-17)
dobj(discover-15, musical-18)
prep(musical-18, in-19)
det(style-22, the-20)
amod(style-22, American-21)
pobj(in-19, style-22)
punct(musical-18, --23)
amod(dialogue-27, awkward-24)
punct(dialogue-27, ,-25)
amod(dialogue-27, stilted-26)
dep(musical-18, dialogue-27)
prep(dialogue-27, with-28)
amod(numbers-31, inexplicable-29)
amod(numbers-31, song-and-dance-30)
pobj(with-28, numbers-31)
punct(attracted-2, .-32)

Sentence #3 (35 tokens):
Gene Kelly's French accent was apparently so poor, that a dreadful job of dubbing was substituted (as you'll remember, the dubbing was almost perfectly pulled off in Umbrellas).
[Text=Gene CharacterOffsetBegin=272 CharacterOffsetEnd=276 PartOfSpeech=NNP] [Text=Kelly CharacterOffsetBegin=277 CharacterOffsetEnd=282 PartOfSpeech=NNP] [Text='s CharacterOffsetBegin=282 CharacterOffsetEnd=284 PartOfSpeech=POS] [Text=French CharacterOffsetBegin=285 CharacterOffsetEnd=291 PartOfSpeech=JJ] [Text=accent CharacterOffsetBegin=292 CharacterOffsetEnd=298 PartOfSpeech=NN] [Text=was CharacterOffsetBegin=299 CharacterOffsetEnd=302 PartOfSpeech=VBD] [Text=apparently CharacterOffsetBegin=303 CharacterOffsetEnd=313 PartOfSpeech=RB] [Text=so CharacterOffsetBegin=314 CharacterOffsetEnd=316 PartOfSpeech=RB] [Text=poor CharacterOffsetBegin=317 CharacterOffsetEnd=321 PartOfSpeech=JJ] [Text=, CharacterOffsetBegin=321 CharacterOffsetEnd=322 PartOfSpeech=,] [Text=that CharacterOffsetBegin=323 CharacterOffsetEnd=327 PartOfSpeech=IN] [Text=a CharacterOffsetBegin=328 CharacterOffsetEnd=329 PartOfSpeech=DT] [Text=dreadful CharacterOffsetBegin=330 CharacterOffsetEnd=338 PartOfSpeech=JJ] [Text=job CharacterOffsetBegin=339 CharacterOffsetEnd=342 PartOfSpeech=NN] [Text=of CharacterOffsetBegin=343 CharacterOffsetEnd=345 PartOfSpeech=IN] [Text=dubbing CharacterOffsetBegin=346 CharacterOffsetEnd=353 PartOfSpeech=VBG] [Text=was CharacterOffsetBegin=354 CharacterOffsetEnd=357 PartOfSpeech=VBD] [Text=substituted CharacterOffsetBegin=358 CharacterOffsetEnd=369 PartOfSpeech=VBN] [Text=-LRB- CharacterOffsetBegin=370 CharacterOffsetEnd=371 PartOfSpeech=-LRB-] [Text=as CharacterOffsetBegin=371 CharacterOffsetEnd=373 PartOfSpeech=IN] [Text=you CharacterOffsetBegin=374 CharacterOffsetEnd=377 PartOfSpeech=PRP] [Text='ll CharacterOffsetBegin=377 CharacterOffsetEnd=380 PartOfSpeech=MD] [Text=remember CharacterOffsetBegin=381 CharacterOffsetEnd=389 PartOfSpeech=VB] [Text=, CharacterOffsetBegin=389 CharacterOffsetEnd=390 PartOfSpeech=,] [Text=the CharacterOffsetBegin=391 CharacterOffsetEnd=394 PartOfSpeech=DT] [Text=dubbing CharacterOffsetBegin=395 CharacterOffsetEnd=402 PartOfSpeech=VBG] [Text=was CharacterOffsetBegin=403 CharacterOffsetEnd=406 PartOfSpeech=VBD] [Text=almost CharacterOffsetBegin=407 CharacterOffsetEnd=413 PartOfSpeech=RB] [Text=perfectly CharacterOffsetBegin=414 CharacterOffsetEnd=423 PartOfSpeech=RB] [Text=pulled CharacterOffsetBegin=424 CharacterOffsetEnd=430 PartOfSpeech=VBD] [Text=off CharacterOffsetBegin=431 CharacterOffsetEnd=434 PartOfSpeech=RP] [Text=in CharacterOffsetBegin=435 CharacterOffsetEnd=437 PartOfSpeech=IN] [Text=Umbrellas CharacterOffsetBegin=438 CharacterOffsetEnd=447 PartOfSpeech=NNP] [Text=-RRB- CharacterOffsetBegin=447 CharacterOffsetEnd=448 PartOfSpeech=-RRB-] [Text=. CharacterOffsetBegin=448 CharacterOffsetEnd=449 PartOfSpeech=.] 
root(ROOT-0, poor-9)
nn(Kelly-2, Gene-1)
poss(accent-5, Kelly-2)
possessive(Kelly-2, 's-3)
amod(accent-5, French-4)
nsubj(poor-9, accent-5)
cop(poor-9, was-6)
advmod(poor-9, apparently-7)
advmod(poor-9, so-8)
punct(poor-9, ,-10)
mark(substituted-18, that-11)
det(job-14, a-12)
amod(job-14, dreadful-13)
nsubjpass(substituted-18, job-14)
prep(job-14, of-15)
pobj(of-15, dubbing-16)
auxpass(substituted-18, was-17)
ccomp(poor-9, substituted-18)
punct(remember-23, -LRB--19)
mark(remember-23, as-20)
nsubj(remember-23, you-21)
aux(remember-23, 'll-22)
advcl(substituted-18, remember-23)
punct(remember-23, ,-24)
det(dubbing-26, the-25)
nsubjpass(pulled-30, dubbing-26)
auxpass(pulled-30, was-27)
advmod(perfectly-29, almost-28)
advmod(pulled-30, perfectly-29)
dep(remember-23, pulled-30)
prt(pulled-30, off-31)
prep(pulled-30, in-32)
pobj(in-32, Umbrellas-33)
punct(remember-23, -RRB--34)
punct(poor-9, .-35)

Sentence #4 (29 tokens):
The translation of the French (for subtitled versions), as well, leaves something to be desired, although this can't be attributed to Demy.
[Text=The CharacterOffsetBegin=454 CharacterOffsetEnd=457 PartOfSpeech=DT] [Text=translation CharacterOffsetBegin=458 CharacterOffsetEnd=469 PartOfSpeech=NN] [Text=of CharacterOffsetBegin=470 CharacterOffsetEnd=472 PartOfSpeech=IN] [Text=the CharacterOffsetBegin=473 CharacterOffsetEnd=476 PartOfSpeech=DT] [Text=French CharacterOffsetBegin=477 CharacterOffsetEnd=483 PartOfSpeech=JJ] [Text=-LRB- CharacterOffsetBegin=484 CharacterOffsetEnd=485 PartOfSpeech=-LRB-] [Text=for CharacterOffsetBegin=485 CharacterOffsetEnd=488 PartOfSpeech=IN] [Text=subtitled CharacterOffsetBegin=489 CharacterOffsetEnd=498 PartOfSpeech=VBN] [Text=versions CharacterOffsetBegin=499 CharacterOffsetEnd=507 PartOfSpeech=NNS] [Text=-RRB- CharacterOffsetBegin=507 CharacterOffsetEnd=508 PartOfSpeech=-RRB-] [Text=, CharacterOffsetBegin=508 CharacterOffsetEnd=509 PartOfSpeech=,] [Text=as CharacterOffsetBegin=510 CharacterOffsetEnd=512 PartOfSpeech=RB] [Text=well CharacterOffsetBegin=513 CharacterOffsetEnd=517 PartOfSpeech=RB] [Text=, CharacterOffsetBegin=517 CharacterOffsetEnd=518 PartOfSpeech=,] [Text=leaves CharacterOffsetBegin=519 CharacterOffsetEnd=525 PartOfSpeech=VBZ] [Text=something CharacterOffsetBegin=526 CharacterOffsetEnd=535 PartOfSpeech=NN] [Text=to CharacterOffsetBegin=536 CharacterOffsetEnd=538 PartOfSpeech=TO] [Text=be CharacterOffsetBegin=539 CharacterOffsetEnd=541 PartOfSpeech=VB] [Text=desired CharacterOffsetBegin=542 CharacterOffsetEnd=549 PartOfSpeech=VBN] [Text=, CharacterOffsetBegin=549 CharacterOffsetEnd=550 PartOfSpeech=,] [Text=although CharacterOffsetBegin=551 CharacterOffsetEnd=559 PartOfSpeech=IN] [Text=this CharacterOffsetBegin=560 CharacterOffsetEnd=564 PartOfSpeech=DT] [Text=ca CharacterOffsetBegin=565 CharacterOffsetEnd=567 PartOfSpeech=MD] [Text=n't CharacterOffsetBegin=567 CharacterOffsetEnd=570 PartOfSpeech=RB] [Text=be CharacterOffsetBegin=571 CharacterOffsetEnd=573 PartOfSpeech=VB] [Text=attributed CharacterOffsetBegin=574 CharacterOffsetEnd=584 PartOfSpeech=VBN] [Text=to CharacterOffsetBegin=585 CharacterOffsetEnd=587 PartOfSpeech=TO] [Text=Demy CharacterOffsetBegin=588 CharacterOffsetEnd=592 PartOfSpeech=NNP] [Text=. CharacterOffsetBegin=592 CharacterOffsetEnd=593 PartOfSpeech=.] 
root(ROOT-0, translation-2)
det(translation-2, The-1)
prep(translation-2, of-3)
det(leaves-15, the-4)
dep(leaves-15, French-5)
punct(leaves-15, -LRB--6)
prep(leaves-15, for-7)
amod(versions-9, subtitled-8)
pobj(for-7, versions-9)
punct(leaves-15, -RRB--10)
punct(leaves-15, ,-11)
advmod(well-13, as-12)
advmod(leaves-15, well-13)
punct(leaves-15, ,-14)
pobj(of-3, leaves-15)
dep(translation-2, something-16)
aux(desired-19, to-17)
auxpass(desired-19, be-18)
infmod(something-16, desired-19)
punct(translation-2, ,-20)
mark(attributed-26, although-21)
nsubjpass(attributed-26, this-22)
aux(attributed-26, ca-23)
neg(attributed-26, n't-24)
auxpass(attributed-26, be-25)
dep(translation-2, attributed-26)
prep(attributed-26, to-27)
pobj(to-27, Demy-28)
punct(translation-2, .-29)

Sentence #5 (23 tokens):
The film also has several self-aware moments that come off a wee disconcerting, such as references in songs to LeGrand himself.
[Text=The CharacterOffsetBegin=598 CharacterOffsetEnd=601 PartOfSpeech=DT] [Text=film CharacterOffsetBegin=602 CharacterOffsetEnd=606 PartOfSpeech=NN] [Text=also CharacterOffsetBegin=607 CharacterOffsetEnd=611 PartOfSpeech=RB] [Text=has CharacterOffsetBegin=612 CharacterOffsetEnd=615 PartOfSpeech=VBZ] [Text=several CharacterOffsetBegin=616 CharacterOffsetEnd=623 PartOfSpeech=JJ] [Text=self-aware CharacterOffsetBegin=624 CharacterOffsetEnd=634 PartOfSpeech=JJ] [Text=moments CharacterOffsetBegin=635 CharacterOffsetEnd=642 PartOfSpeech=NNS] [Text=that CharacterOffsetBegin=643 CharacterOffsetEnd=647 PartOfSpeech=WDT] [Text=come CharacterOffsetBegin=648 CharacterOffsetEnd=652 PartOfSpeech=VBP] [Text=off CharacterOffsetBegin=653 CharacterOffsetEnd=656 PartOfSpeech=RP] [Text=a CharacterOffsetBegin=657 CharacterOffsetEnd=658 PartOfSpeech=DT] [Text=wee CharacterOffsetBegin=659 CharacterOffsetEnd=662 PartOfSpeech=NN] [Text=disconcerting CharacterOffsetBegin=663 CharacterOffsetEnd=676 PartOfSpeech=NN] [Text=, CharacterOffsetBegin=676 CharacterOffsetEnd=677 PartOfSpeech=,] [Text=such CharacterOffsetBegin=678 CharacterOffsetEnd=682 PartOfSpeech=JJ] [Text=as CharacterOffsetBegin=683 CharacterOffsetEnd=685 PartOfSpeech=IN] [Text=references CharacterOffsetBegin=686 CharacterOffsetEnd=696 PartOfSpeech=NNS] [Text=in CharacterOffsetBegin=697 CharacterOffsetEnd=699 PartOfSpeech=IN] [Text=songs CharacterOffsetBegin=700 CharacterOffsetEnd=705 PartOfSpeech=NNS] [Text=to CharacterOffsetBegin=706 CharacterOffsetEnd=708 PartOfSpeech=TO] [Text=LeGrand CharacterOffsetBegin=709 CharacterOffsetEnd=716 PartOfSpeech=NNP] [Text=himself CharacterOffsetBegin=717 CharacterOffsetEnd=724 PartOfSpeech=PRP] [Text=. CharacterOffsetBegin=724 CharacterOffsetEnd=725 PartOfSpeech=.] 
root(ROOT-0, has-4)
det(film-2, The-1)
nsubj(has-4, film-2)
advmod(has-4, also-3)
amod(moments-7, several-5)
amod(moments-7, self-aware-6)
dobj(has-4, moments-7)
nsubj(come-9, that-8)
rcmod(moments-7, come-9)
prt(come-9, off-10)
det(disconcerting-13, a-11)
nn(disconcerting-13, wee-12)
dobj(come-9, disconcerting-13)
punct(disconcerting-13, ,-14)
mwe(as-16, such-15)
prep(disconcerting-13, as-16)
pobj(as-16, references-17)
prep(references-17, in-18)
pobj(in-18, songs-19)
prep(songs-19, to-20)
pobj(to-20, LeGrand-21)
dep(LeGrand-21, himself-22)
punct(has-4, .-23)

Sentence #6 (26 tokens):
And the costumes - well, the tight pants/white boots combination, and the freakishly unnatural colors, reminds one of an Austin Powers film .
[Text=And CharacterOffsetBegin=730 CharacterOffsetEnd=733 PartOfSpeech=CC] [Text=the CharacterOffsetBegin=734 CharacterOffsetEnd=737 PartOfSpeech=DT] [Text=costumes CharacterOffsetBegin=738 CharacterOffsetEnd=746 PartOfSpeech=NNS] [Text=- CharacterOffsetBegin=747 CharacterOffsetEnd=748 PartOfSpeech=:] [Text=well CharacterOffsetBegin=749 CharacterOffsetEnd=753 PartOfSpeech=RB] [Text=, CharacterOffsetBegin=753 CharacterOffsetEnd=754 PartOfSpeech=,] [Text=the CharacterOffsetBegin=755 CharacterOffsetEnd=758 PartOfSpeech=DT] [Text=tight CharacterOffsetBegin=759 CharacterOffsetEnd=764 PartOfSpeech=JJ] [Text=pants/white CharacterOffsetBegin=765 CharacterOffsetEnd=776 PartOfSpeech=NN] [Text=boots CharacterOffsetBegin=777 CharacterOffsetEnd=782 PartOfSpeech=NNS] [Text=combination CharacterOffsetBegin=783 CharacterOffsetEnd=794 PartOfSpeech=NN] [Text=, CharacterOffsetBegin=794 CharacterOffsetEnd=795 PartOfSpeech=,] [Text=and CharacterOffsetBegin=796 CharacterOffsetEnd=799 PartOfSpeech=CC] [Text=the CharacterOffsetBegin=800 CharacterOffsetEnd=803 PartOfSpeech=DT] [Text=freakishly CharacterOffsetBegin=804 CharacterOffsetEnd=814 PartOfSpeech=RB] [Text=unnatural CharacterOffsetBegin=815 CharacterOffsetEnd=824 PartOfSpeech=JJ] [Text=colors CharacterOffsetBegin=825 CharacterOffsetEnd=831 PartOfSpeech=NNS] [Text=, CharacterOffsetBegin=831 CharacterOffsetEnd=832 PartOfSpeech=,] [Text=reminds CharacterOffsetBegin=833 CharacterOffsetEnd=840 PartOfSpeech=VBZ] [Text=one CharacterOffsetBegin=841 CharacterOffsetEnd=844 PartOfSpeech=CD] [Text=of CharacterOffsetBegin=845 CharacterOffsetEnd=847 PartOfSpeech=IN] [Text=an CharacterOffsetBegin=848 CharacterOffsetEnd=850 PartOfSpeech=DT] [Text=Austin CharacterOffsetBegin=851 CharacterOffsetEnd=857 PartOfSpeech=NNP] [Text=Powers CharacterOffsetBegin=858 CharacterOffsetEnd=864 PartOfSpeech=NNP] [Text=film CharacterOffsetBegin=865 CharacterOffsetEnd=869 PartOfSpeech=NN] [Text=. CharacterOffsetBegin=870 CharacterOffsetEnd=871 PartOfSpeech=.] 
root(ROOT-0, reminds-19)
cc(reminds-19, And-1)
det(costumes-3, the-2)
nsubj(reminds-19, costumes-3)
punct(well-5, --4)
dep(costumes-3, well-5)
punct(well-5, ,-6)
det(combination-11, the-7)
amod(combination-11, tight-8)
nn(combination-11, pants/white-9)
nn(combination-11, boots-10)
conj(well-5, combination-11)
punct(well-5, ,-12)
cc(costumes-3, and-13)
det(colors-17, the-14)
amod(colors-17, freakishly-15)
amod(colors-17, unnatural-16)
conj(costumes-3, colors-17)
punct(costumes-3, ,-18)
dobj(reminds-19, one-20)
prep(one-20, of-21)
det(film-25, an-22)
nn(film-25, Austin-23)
nn(film-25, Powers-24)
pobj(of-21, film-25)
punct(reminds-19, .-26)

Sentence #7 (1 tokens):
.
[Text=. CharacterOffsetBegin=876 CharacterOffsetEnd=877 PartOfSpeech=.] 
root(ROOT-0, .-1)

Sentence #8 (1 tokens):
.
[Text=. CharacterOffsetBegin=882 CharacterOffsetEnd=883 PartOfSpeech=.] 
root(ROOT-0, .-1)

Sentence #9 (41 tokens):
But Demy does reward the viewer with allusions to Umbrellas; note, for instance, the suitcase carried by Maxence in his departure from Rochefort - this is the same suitcase carried by Guy in his departure from Cherbourg.
[Text=But CharacterOffsetBegin=883 CharacterOffsetEnd=886 PartOfSpeech=CC] [Text=Demy CharacterOffsetBegin=887 CharacterOffsetEnd=891 PartOfSpeech=NNP] [Text=does CharacterOffsetBegin=892 CharacterOffsetEnd=896 PartOfSpeech=VBZ] [Text=reward CharacterOffsetBegin=897 CharacterOffsetEnd=903 PartOfSpeech=VB] [Text=the CharacterOffsetBegin=904 CharacterOffsetEnd=907 PartOfSpeech=DT] [Text=viewer CharacterOffsetBegin=908 CharacterOffsetEnd=914 PartOfSpeech=NN] [Text=with CharacterOffsetBegin=915 CharacterOffsetEnd=919 PartOfSpeech=IN] [Text=allusions CharacterOffsetBegin=920 CharacterOffsetEnd=929 PartOfSpeech=NNS] [Text=to CharacterOffsetBegin=930 CharacterOffsetEnd=932 PartOfSpeech=TO] [Text=Umbrellas CharacterOffsetBegin=933 CharacterOffsetEnd=942 PartOfSpeech=NNP] [Text=; CharacterOffsetBegin=942 CharacterOffsetEnd=943 PartOfSpeech=:] [Text=note CharacterOffsetBegin=944 CharacterOffsetEnd=948 PartOfSpeech=NN] [Text=, CharacterOffsetBegin=948 CharacterOffsetEnd=949 PartOfSpeech=,] [Text=for CharacterOffsetBegin=950 CharacterOffsetEnd=953 PartOfSpeech=IN] [Text=instance CharacterOffsetBegin=954 CharacterOffsetEnd=962 PartOfSpeech=NN] [Text=, CharacterOffsetBegin=962 CharacterOffsetEnd=963 PartOfSpeech=,] [Text=the CharacterOffsetBegin=964 CharacterOffsetEnd=967 PartOfSpeech=DT] [Text=suitcase CharacterOffsetBegin=968 CharacterOffsetEnd=976 PartOfSpeech=NN] [Text=carried CharacterOffsetBegin=977 CharacterOffsetEnd=984 PartOfSpeech=VBN] [Text=by CharacterOffsetBegin=985 CharacterOffsetEnd=987 PartOfSpeech=IN] [Text=Maxence CharacterOffsetBegin=988 CharacterOffsetEnd=995 PartOfSpeech=NNP] [Text=in CharacterOffsetBegin=996 CharacterOffsetEnd=998 PartOfSpeech=IN] [Text=his CharacterOffsetBegin=999 CharacterOffsetEnd=1002 PartOfSpeech=PRP$] [Text=departure CharacterOffsetBegin=1003 CharacterOffsetEnd=1012 PartOfSpeech=NN] [Text=from CharacterOffsetBegin=1013 CharacterOffsetEnd=1017 PartOfSpeech=IN] [Text=Rochefort CharacterOffsetBegin=1018 CharacterOffsetEnd=1027 PartOfSpeech=NNP] [Text=- CharacterOffsetBegin=1028 CharacterOffsetEnd=1029 PartOfSpeech=:] [Text=this CharacterOffsetBegin=1030 CharacterOffsetEnd=1034 PartOfSpeech=DT] [Text=is CharacterOffsetBegin=1035 CharacterOffsetEnd=1037 PartOfSpeech=VBZ] [Text=the CharacterOffsetBegin=1038 CharacterOffsetEnd=1041 PartOfSpeech=DT] [Text=same CharacterOffsetBegin=1042 CharacterOffsetEnd=1046 PartOfSpeech=JJ] [Text=suitcase CharacterOffsetBegin=1047 CharacterOffsetEnd=1055 PartOfSpeech=NN] [Text=carried CharacterOffsetBegin=1056 CharacterOffsetEnd=1063 PartOfSpeech=VBN] [Text=by CharacterOffsetBegin=1064 CharacterOffsetEnd=1066 PartOfSpeech=IN] [Text=Guy CharacterOffsetBegin=1067 CharacterOffsetEnd=1070 PartOfSpeech=NNP] [Text=in CharacterOffsetBegin=1071 CharacterOffsetEnd=1073 PartOfSpeech=IN] [Text=his CharacterOffsetBegin=1074 CharacterOffsetEnd=1077 PartOfSpeech=PRP$] [Text=departure CharacterOffsetBegin=1078 CharacterOffsetEnd=1087 PartOfSpeech=NN] [Text=from CharacterOffsetBegin=1088 CharacterOffsetEnd=1092 PartOfSpeech=IN] [Text=Cherbourg CharacterOffsetBegin=1093 CharacterOffsetEnd=1102 PartOfSpeech=NNP] [Text=. CharacterOffsetBegin=1102 CharacterOffsetEnd=1103 PartOfSpeech=.] 
root(ROOT-0, reward-4)
cc(reward-4, But-1)
nsubj(reward-4, Demy-2)
aux(reward-4, does-3)
det(viewer-6, the-5)
dobj(reward-4, viewer-6)
prep(reward-4, with-7)
pobj(with-7, allusions-8)
prep(allusions-8, to-9)
pobj(to-9, Umbrellas-10)
punct(reward-4, ;-11)
parataxis(reward-4, note-12)
punct(note-12, ,-13)
prep(note-12, for-14)
pobj(for-14, instance-15)
punct(note-12, ,-16)
det(suitcase-18, the-17)
appos(note-12, suitcase-18)
partmod(suitcase-18, carried-19)
prep(carried-19, by-20)
pobj(by-20, Maxence-21)
prep(carried-19, in-22)
poss(departure-24, his-23)
pobj(in-22, departure-24)
prep(departure-24, from-25)
pobj(from-25, Rochefort-26)
punct(suitcase-18, --27)
nsubj(suitcase-32, this-28)
cop(suitcase-32, is-29)
det(suitcase-32, the-30)
amod(suitcase-32, same-31)
dep(suitcase-18, suitcase-32)
partmod(suitcase-32, carried-33)
prep(carried-33, by-34)
pobj(by-34, Guy-35)
prep(carried-33, in-36)
poss(departure-38, his-37)
pobj(in-36, departure-38)
prep(departure-38, from-39)
pobj(from-39, Cherbourg-40)
punct(reward-4, .-41)

Sentence #10 (76 tokens):
Also, note the "Convenient Brunette of Resolution" - Madeleine in Umbrellas, and Josette in Young Girls.Generally speaking, those expecting the natural feel of Umbrellas (save the floating bicycle scene), or looking for similar deeper questions and ambiguous endings as in Umbrella's script, should probably pass this one b y.
    Those looking for a French version of a thin '60s American musical will be quite happy.
[Text=Also CharacterOffsetBegin=1108 CharacterOffsetEnd=1112 PartOfSpeech=RB] [Text=, CharacterOffsetBegin=1112 CharacterOffsetEnd=1113 PartOfSpeech=,] [Text=note CharacterOffsetBegin=1114 CharacterOffsetEnd=1118 PartOfSpeech=VBP] [Text=the CharacterOffsetBegin=1119 CharacterOffsetEnd=1122 PartOfSpeech=DT] [Text=`` CharacterOffsetBegin=1123 CharacterOffsetEnd=1124 PartOfSpeech=``] [Text=Convenient CharacterOffsetBegin=1124 CharacterOffsetEnd=1134 PartOfSpeech=JJ] [Text=Brunette CharacterOffsetBegin=1135 CharacterOffsetEnd=1143 PartOfSpeech=NN] [Text=of CharacterOffsetBegin=1144 CharacterOffsetEnd=1146 PartOfSpeech=IN] [Text=Resolution CharacterOffsetBegin=1147 CharacterOffsetEnd=1157 PartOfSpeech=NN] [Text='' CharacterOffsetBegin=1157 CharacterOffsetEnd=1158 PartOfSpeech=''] [Text=- CharacterOffsetBegin=1159 CharacterOffsetEnd=1160 PartOfSpeech=:] [Text=Madeleine CharacterOffsetBegin=1161 CharacterOffsetEnd=1170 PartOfSpeech=NN] [Text=in CharacterOffsetBegin=1171 CharacterOffsetEnd=1173 PartOfSpeech=IN] [Text=Umbrellas CharacterOffsetBegin=1174 CharacterOffsetEnd=1183 PartOfSpeech=NNP] [Text=, CharacterOffsetBegin=1183 CharacterOffsetEnd=1184 PartOfSpeech=,] [Text=and CharacterOffsetBegin=1185 CharacterOffsetEnd=1188 PartOfSpeech=CC] [Text=Josette CharacterOffsetBegin=1189 CharacterOffsetEnd=1196 PartOfSpeech=NNP] [Text=in CharacterOffsetBegin=1197 CharacterOffsetEnd=1199 PartOfSpeech=IN] [Text=Young CharacterOffsetBegin=1200 CharacterOffsetEnd=1205 PartOfSpeech=NNP] [Text=Girls.Generally CharacterOffsetBegin=1206 CharacterOffsetEnd=1221 PartOfSpeech=NNP] [Text=speaking CharacterOffsetBegin=1222 CharacterOffsetEnd=1230 PartOfSpeech=NN] [Text=, CharacterOffsetBegin=1230 CharacterOffsetEnd=1231 PartOfSpeech=,] [Text=those CharacterOffsetBegin=1232 CharacterOffsetEnd=1237 PartOfSpeech=DT] [Text=expecting CharacterOffsetBegin=1238 CharacterOffsetEnd=1247 PartOfSpeech=VBG] [Text=the CharacterOffsetBegin=1248 CharacterOffsetEnd=1251 PartOfSpeech=DT] [Text=natural CharacterOffsetBegin=1252 CharacterOffsetEnd=1259 PartOfSpeech=JJ] [Text=feel CharacterOffsetBegin=1260 CharacterOffsetEnd=1264 PartOfSpeech=NN] [Text=of CharacterOffsetBegin=1265 CharacterOffsetEnd=1267 PartOfSpeech=IN] [Text=Umbrellas CharacterOffsetBegin=1268 CharacterOffsetEnd=1277 PartOfSpeech=NNP] [Text=-LRB- CharacterOffsetBegin=1278 CharacterOffsetEnd=1279 PartOfSpeech=-LRB-] [Text=save CharacterOffsetBegin=1279 CharacterOffsetEnd=1283 PartOfSpeech=VB] [Text=the CharacterOffsetBegin=1284 CharacterOffsetEnd=1287 PartOfSpeech=DT] [Text=floating CharacterOffsetBegin=1288 CharacterOffsetEnd=1296 PartOfSpeech=VBG] [Text=bicycle CharacterOffsetBegin=1297 CharacterOffsetEnd=1304 PartOfSpeech=NN] [Text=scene CharacterOffsetBegin=1305 CharacterOffsetEnd=1310 PartOfSpeech=NN] [Text=-RRB- CharacterOffsetBegin=1310 CharacterOffsetEnd=1311 PartOfSpeech=-RRB-] [Text=, CharacterOffsetBegin=1311 CharacterOffsetEnd=1312 PartOfSpeech=,] [Text=or CharacterOffsetBegin=1313 CharacterOffsetEnd=1315 PartOfSpeech=CC] [Text=looking CharacterOffsetBegin=1316 CharacterOffsetEnd=1323 PartOfSpeech=VBG] [Text=for CharacterOffsetBegin=1324 CharacterOffsetEnd=1327 PartOfSpeech=IN] [Text=similar CharacterOffsetBegin=1328 CharacterOffsetEnd=1335 PartOfSpeech=JJ] [Text=deeper CharacterOffsetBegin=1336 CharacterOffsetEnd=1342 PartOfSpeech=JJR] [Text=questions CharacterOffsetBegin=1343 CharacterOffsetEnd=1352 PartOfSpeech=NNS] [Text=and CharacterOffsetBegin=1353 CharacterOffsetEnd=1356 PartOfSpeech=CC] [Text=ambiguous CharacterOffsetBegin=1357 CharacterOffsetEnd=1366 PartOfSpeech=JJ] [Text=endings CharacterOffsetBegin=1367 CharacterOffsetEnd=1374 PartOfSpeech=NNS] [Text=as CharacterOffsetBegin=1375 CharacterOffsetEnd=1377 PartOfSpeech=IN] [Text=in CharacterOffsetBegin=1378 CharacterOffsetEnd=1380 PartOfSpeech=IN] [Text=Umbrella CharacterOffsetBegin=1381 CharacterOffsetEnd=1389 PartOfSpeech=NNP] [Text='s CharacterOffsetBegin=1389 CharacterOffsetEnd=1391 PartOfSpeech=POS] [Text=script CharacterOffsetBegin=1392 CharacterOffsetEnd=1398 PartOfSpeech=NN] [Text=, CharacterOffsetBegin=1398 CharacterOffsetEnd=1399 PartOfSpeech=,] [Text=should CharacterOffsetBegin=1400 CharacterOffsetEnd=1406 PartOfSpeech=MD] [Text=probably CharacterOffsetBegin=1407 CharacterOffsetEnd=1415 PartOfSpeech=RB] [Text=pass CharacterOffsetBegin=1416 CharacterOffsetEnd=1420 PartOfSpeech=VB] [Text=this CharacterOffsetBegin=1421 CharacterOffsetEnd=1425 PartOfSpeech=DT] [Text=one CharacterOffsetBegin=1426 CharacterOffsetEnd=1429 PartOfSpeech=CD] [Text=b CharacterOffsetBegin=1430 CharacterOffsetEnd=1431 PartOfSpeech=NN] [Text=y. CharacterOffsetBegin=1432 CharacterOffsetEnd=1434 PartOfSpeech=NN] [Text=Those CharacterOffsetBegin=1439 CharacterOffsetEnd=1444 PartOfSpeech=DT] [Text=looking CharacterOffsetBegin=1445 CharacterOffsetEnd=1452 PartOfSpeech=VBG] [Text=for CharacterOffsetBegin=1453 CharacterOffsetEnd=1456 PartOfSpeech=IN] [Text=a CharacterOffsetBegin=1457 CharacterOffsetEnd=1458 PartOfSpeech=DT] [Text=French CharacterOffsetBegin=1459 CharacterOffsetEnd=1465 PartOfSpeech=JJ] [Text=version CharacterOffsetBegin=1466 CharacterOffsetEnd=1473 PartOfSpeech=NN] [Text=of CharacterOffsetBegin=1474 CharacterOffsetEnd=1476 PartOfSpeech=IN] [Text=a CharacterOffsetBegin=1477 CharacterOffsetEnd=1478 PartOfSpeech=DT] [Text=thin CharacterOffsetBegin=1479 CharacterOffsetEnd=1483 PartOfSpeech=JJ] [Text='60s CharacterOffsetBegin=1484 CharacterOffsetEnd=1488 PartOfSpeech=CD] [Text=American CharacterOffsetBegin=1489 CharacterOffsetEnd=1497 PartOfSpeech=JJ] [Text=musical CharacterOffsetBegin=1498 CharacterOffsetEnd=1505 PartOfSpeech=NN] [Text=will CharacterOffsetBegin=1506 CharacterOffsetEnd=1510 PartOfSpeech=MD] [Text=be CharacterOffsetBegin=1511 CharacterOffsetEnd=1513 PartOfSpeech=VB] [Text=quite CharacterOffsetBegin=1514 CharacterOffsetEnd=1519 PartOfSpeech=RB] [Text=happy CharacterOffsetBegin=1520 CharacterOffsetEnd=1525 PartOfSpeech=JJ] [Text=. CharacterOffsetBegin=1525 CharacterOffsetEnd=1526 PartOfSpeech=.] 
root(ROOT-0, note-3)
advmod(note-3, Also-1)
punct(note-3, ,-2)
det(Brunette-7, the-4)
punct(Brunette-7, ``-5)
amod(Brunette-7, Convenient-6)
nsubj(pass-55, Brunette-7)
prep(Brunette-7, of-8)
pobj(of-8, Resolution-9)
punct(Brunette-7, ''-10)
punct(Brunette-7, --11)
dep(Brunette-7, Madeleine-12)
prep(Madeleine-12, in-13)
pobj(in-13, Umbrellas-14)
punct(Brunette-7, ,-15)
cc(Brunette-7, and-16)
conj(Brunette-7, Josette-17)
prep(Josette-17, in-18)
nn(speaking-21, Young-19)
nn(speaking-21, Girls.Generally-20)
pobj(in-18, speaking-21)
punct(Brunette-7, ,-22)
appos(Brunette-7, those-23)
partmod(those-23, expecting-24)
det(feel-27, the-25)
amod(feel-27, natural-26)
dobj(expecting-24, feel-27)
prep(feel-27, of-28)
pobj(of-28, Umbrellas-29)
punct(save-31, -LRB--30)
dep(Umbrellas-29, save-31)
det(scene-35, the-32)
amod(scene-35, floating-33)
nn(scene-35, bicycle-34)
dobj(save-31, scene-35)
punct(save-31, -RRB--36)
punct(Umbrellas-29, ,-37)
cc(Umbrellas-29, or-38)
conj(Umbrellas-29, looking-39)
prep(looking-39, for-40)
amod(questions-43, similar-41)
amod(questions-43, deeper-42)
pobj(for-40, questions-43)
cc(questions-43, and-44)
amod(endings-46, ambiguous-45)
conj(questions-43, endings-46)
prep(looking-39, as-47)
pcomp(as-47, in-48)
poss(script-51, Umbrella-49)
possessive(Umbrella-49, 's-50)
pobj(in-48, script-51)
punct(Brunette-7, ,-52)
aux(pass-55, should-53)
advmod(pass-55, probably-54)
ccomp(note-3, pass-55)
det(y.-59, this-56)
num(y.-59, one-57)
nn(y.-59, b-58)
dobj(pass-55, y.-59)
nsubj(happy-75, Those-60)
partmod(Those-60, looking-61)
prep(looking-61, for-62)
det(version-65, a-63)
amod(version-65, French-64)
pobj(for-62, version-65)
prep(version-65, of-66)
det(musical-71, a-67)
amod(musical-71, thin-68)
num(musical-71, '60s-69)
amod(musical-71, American-70)
pobj(of-66, musical-71)
aux(happy-75, will-72)
cop(happy-75, be-73)
advmod(happy-75, quite-74)
dep(pass-55, happy-75)
punct(note-3, .-76)

