Sentence #1 (13 tokens):
I remember I saw this cartoon when I was 6 or 7.
[Text=I CharacterOffsetBegin=4 CharacterOffsetEnd=5 PartOfSpeech=PRP] [Text=remember CharacterOffsetBegin=6 CharacterOffsetEnd=14 PartOfSpeech=VBP] [Text=I CharacterOffsetBegin=15 CharacterOffsetEnd=16 PartOfSpeech=PRP] [Text=saw CharacterOffsetBegin=17 CharacterOffsetEnd=20 PartOfSpeech=VBD] [Text=this CharacterOffsetBegin=21 CharacterOffsetEnd=25 PartOfSpeech=DT] [Text=cartoon CharacterOffsetBegin=26 CharacterOffsetEnd=33 PartOfSpeech=NN] [Text=when CharacterOffsetBegin=34 CharacterOffsetEnd=38 PartOfSpeech=WRB] [Text=I CharacterOffsetBegin=39 CharacterOffsetEnd=40 PartOfSpeech=PRP] [Text=was CharacterOffsetBegin=41 CharacterOffsetEnd=44 PartOfSpeech=VBD] [Text=6 CharacterOffsetBegin=45 CharacterOffsetEnd=46 PartOfSpeech=CD] [Text=or CharacterOffsetBegin=47 CharacterOffsetEnd=49 PartOfSpeech=CC] [Text=7 CharacterOffsetBegin=50 CharacterOffsetEnd=51 PartOfSpeech=CD] [Text=. CharacterOffsetBegin=51 CharacterOffsetEnd=52 PartOfSpeech=.] 
root(ROOT-0, remember-2)
nsubj(remember-2, I-1)
nsubj(saw-4, I-3)
ccomp(remember-2, saw-4)
det(cartoon-6, this-5)
dobj(saw-4, cartoon-6)
advmod(was-9, when-7)
nsubj(was-9, I-8)
advcl(saw-4, was-9)
dep(was-9, 6-10)
cc(6-10, or-11)
conj(6-10, 7-12)
punct(remember-2, .-13)

Sentence #2 (14 tokens):
My grandfather picked up the video of it for free at the mall.
[Text=My CharacterOffsetBegin=57 CharacterOffsetEnd=59 PartOfSpeech=PRP$] [Text=grandfather CharacterOffsetBegin=60 CharacterOffsetEnd=71 PartOfSpeech=NN] [Text=picked CharacterOffsetBegin=72 CharacterOffsetEnd=78 PartOfSpeech=VBD] [Text=up CharacterOffsetBegin=79 CharacterOffsetEnd=81 PartOfSpeech=RP] [Text=the CharacterOffsetBegin=82 CharacterOffsetEnd=85 PartOfSpeech=DT] [Text=video CharacterOffsetBegin=86 CharacterOffsetEnd=91 PartOfSpeech=NN] [Text=of CharacterOffsetBegin=92 CharacterOffsetEnd=94 PartOfSpeech=IN] [Text=it CharacterOffsetBegin=95 CharacterOffsetEnd=97 PartOfSpeech=PRP] [Text=for CharacterOffsetBegin=98 CharacterOffsetEnd=101 PartOfSpeech=IN] [Text=free CharacterOffsetBegin=102 CharacterOffsetEnd=106 PartOfSpeech=JJ] [Text=at CharacterOffsetBegin=107 CharacterOffsetEnd=109 PartOfSpeech=IN] [Text=the CharacterOffsetBegin=110 CharacterOffsetEnd=113 PartOfSpeech=DT] [Text=mall CharacterOffsetBegin=114 CharacterOffsetEnd=118 PartOfSpeech=NN] [Text=. CharacterOffsetBegin=118 CharacterOffsetEnd=119 PartOfSpeech=.] 
root(ROOT-0, picked-3)
poss(grandfather-2, My-1)
nsubj(picked-3, grandfather-2)
prt(picked-3, up-4)
det(video-6, the-5)
dobj(picked-3, video-6)
prep(video-6, of-7)
pobj(of-7, it-8)
prep(picked-3, for-9)
pobj(for-9, free-10)
prep(free-10, at-11)
det(mall-13, the-12)
pobj(at-11, mall-13)
punct(picked-3, .-14)

Sentence #3 (7 tokens):
I remember that it really sucked.
[Text=I CharacterOffsetBegin=124 CharacterOffsetEnd=125 PartOfSpeech=PRP] [Text=remember CharacterOffsetBegin=126 CharacterOffsetEnd=134 PartOfSpeech=VBP] [Text=that CharacterOffsetBegin=135 CharacterOffsetEnd=139 PartOfSpeech=IN] [Text=it CharacterOffsetBegin=140 CharacterOffsetEnd=142 PartOfSpeech=PRP] [Text=really CharacterOffsetBegin=143 CharacterOffsetEnd=149 PartOfSpeech=RB] [Text=sucked CharacterOffsetBegin=150 CharacterOffsetEnd=156 PartOfSpeech=VBD] [Text=. CharacterOffsetBegin=156 CharacterOffsetEnd=157 PartOfSpeech=.] 
root(ROOT-0, remember-2)
nsubj(remember-2, I-1)
mark(sucked-6, that-3)
nsubj(sucked-6, it-4)
advmod(sucked-6, really-5)
ccomp(remember-2, sucked-6)
punct(remember-2, .-7)

Sentence #4 (6 tokens):
The plot had no sense.
[Text=The CharacterOffsetBegin=162 CharacterOffsetEnd=165 PartOfSpeech=DT] [Text=plot CharacterOffsetBegin=166 CharacterOffsetEnd=170 PartOfSpeech=NN] [Text=had CharacterOffsetBegin=171 CharacterOffsetEnd=174 PartOfSpeech=VBD] [Text=no CharacterOffsetBegin=175 CharacterOffsetEnd=177 PartOfSpeech=DT] [Text=sense CharacterOffsetBegin=178 CharacterOffsetEnd=183 PartOfSpeech=NN] [Text=. CharacterOffsetBegin=183 CharacterOffsetEnd=184 PartOfSpeech=.] 
root(ROOT-0, had-3)
det(plot-2, The-1)
nsubj(had-3, plot-2)
det(sense-5, no-4)
dobj(had-3, sense-5)
punct(had-3, .-6)

Sentence #5 (10 tokens):
I hated the fox that became Casper's friend.
[Text=I CharacterOffsetBegin=189 CharacterOffsetEnd=190 PartOfSpeech=PRP] [Text=hated CharacterOffsetBegin=191 CharacterOffsetEnd=196 PartOfSpeech=VBD] [Text=the CharacterOffsetBegin=197 CharacterOffsetEnd=200 PartOfSpeech=DT] [Text=fox CharacterOffsetBegin=201 CharacterOffsetEnd=204 PartOfSpeech=NN] [Text=that CharacterOffsetBegin=205 CharacterOffsetEnd=209 PartOfSpeech=WDT] [Text=became CharacterOffsetBegin=210 CharacterOffsetEnd=216 PartOfSpeech=VBD] [Text=Casper CharacterOffsetBegin=217 CharacterOffsetEnd=223 PartOfSpeech=NNP] [Text='s CharacterOffsetBegin=223 CharacterOffsetEnd=225 PartOfSpeech=POS] [Text=friend CharacterOffsetBegin=226 CharacterOffsetEnd=232 PartOfSpeech=NN] [Text=. CharacterOffsetBegin=232 CharacterOffsetEnd=233 PartOfSpeech=.] 
root(ROOT-0, hated-2)
nsubj(hated-2, I-1)
det(fox-4, the-3)
dobj(hated-2, fox-4)
nsubj(friend-9, that-5)
cop(friend-9, became-6)
poss(friend-9, Casper-7)
possessive(Casper-7, 's-8)
rcmod(fox-4, friend-9)
punct(hated-2, .-10)

Sentence #6 (5 tokens):
He was so stupid!
[Text=He CharacterOffsetBegin=238 CharacterOffsetEnd=240 PartOfSpeech=PRP] [Text=was CharacterOffsetBegin=241 CharacterOffsetEnd=244 PartOfSpeech=VBD] [Text=so CharacterOffsetBegin=245 CharacterOffsetEnd=247 PartOfSpeech=RB] [Text=stupid CharacterOffsetBegin=248 CharacterOffsetEnd=254 PartOfSpeech=JJ] [Text=! CharacterOffsetBegin=254 CharacterOffsetEnd=255 PartOfSpeech=.] 
root(ROOT-0, stupid-4)
nsubj(stupid-4, He-1)
cop(stupid-4, was-2)
advmod(stupid-4, so-3)
punct(stupid-4, !-5)

Sentence #7 (13 tokens):
Casper cried his head off if he couldn't find a friend.
[Text=Casper CharacterOffsetBegin=260 CharacterOffsetEnd=266 PartOfSpeech=NNP] [Text=cried CharacterOffsetBegin=267 CharacterOffsetEnd=272 PartOfSpeech=VBD] [Text=his CharacterOffsetBegin=273 CharacterOffsetEnd=276 PartOfSpeech=PRP$] [Text=head CharacterOffsetBegin=277 CharacterOffsetEnd=281 PartOfSpeech=NN] [Text=off CharacterOffsetBegin=282 CharacterOffsetEnd=285 PartOfSpeech=IN] [Text=if CharacterOffsetBegin=286 CharacterOffsetEnd=288 PartOfSpeech=IN] [Text=he CharacterOffsetBegin=289 CharacterOffsetEnd=291 PartOfSpeech=PRP] [Text=could CharacterOffsetBegin=292 CharacterOffsetEnd=297 PartOfSpeech=MD] [Text=n't CharacterOffsetBegin=297 CharacterOffsetEnd=300 PartOfSpeech=RB] [Text=find CharacterOffsetBegin=301 CharacterOffsetEnd=305 PartOfSpeech=VB] [Text=a CharacterOffsetBegin=306 CharacterOffsetEnd=307 PartOfSpeech=DT] [Text=friend CharacterOffsetBegin=308 CharacterOffsetEnd=314 PartOfSpeech=NN] [Text=. CharacterOffsetBegin=314 CharacterOffsetEnd=315 PartOfSpeech=.] 
root(ROOT-0, cried-2)
nsubj(cried-2, Casper-1)
poss(head-4, his-3)
dobj(cried-2, head-4)
prt(cried-2, off-5)
mark(find-10, if-6)
nsubj(find-10, he-7)
aux(find-10, could-8)
neg(find-10, n't-9)
advcl(cried-2, find-10)
det(friend-12, a-11)
dobj(find-10, friend-12)
punct(cried-2, .-13)

Sentence #8 (3 tokens):
So what?
[Text=So CharacterOffsetBegin=320 CharacterOffsetEnd=322 PartOfSpeech=RB] [Text=what CharacterOffsetBegin=323 CharacterOffsetEnd=327 PartOfSpeech=WP] [Text=? CharacterOffsetBegin=327 CharacterOffsetEnd=328 PartOfSpeech=.] 
root(ROOT-0, what-2)
advmod(what-2, So-1)
punct(what-2, ?-3)

Sentence #9 (4 tokens):
Get over it!
[Text=Get CharacterOffsetBegin=333 CharacterOffsetEnd=336 PartOfSpeech=VB] [Text=over CharacterOffsetBegin=337 CharacterOffsetEnd=341 PartOfSpeech=IN] [Text=it CharacterOffsetBegin=342 CharacterOffsetEnd=344 PartOfSpeech=PRP] [Text=! CharacterOffsetBegin=344 CharacterOffsetEnd=345 PartOfSpeech=.] 
root(ROOT-0, Get-1)
prep(Get-1, over-2)
pobj(over-2, it-3)
punct(Get-1, !-4)

Sentence #10 (24 tokens):
The only good part and I don't want to sound mean-spirited was when the fox got shot and died at the end.
[Text=The CharacterOffsetBegin=350 CharacterOffsetEnd=353 PartOfSpeech=DT] [Text=only CharacterOffsetBegin=354 CharacterOffsetEnd=358 PartOfSpeech=RB] [Text=good CharacterOffsetBegin=359 CharacterOffsetEnd=363 PartOfSpeech=JJ] [Text=part CharacterOffsetBegin=364 CharacterOffsetEnd=368 PartOfSpeech=NN] [Text=and CharacterOffsetBegin=369 CharacterOffsetEnd=372 PartOfSpeech=CC] [Text=I CharacterOffsetBegin=373 CharacterOffsetEnd=374 PartOfSpeech=PRP] [Text=do CharacterOffsetBegin=375 CharacterOffsetEnd=377 PartOfSpeech=VBP] [Text=n't CharacterOffsetBegin=377 CharacterOffsetEnd=380 PartOfSpeech=RB] [Text=want CharacterOffsetBegin=381 CharacterOffsetEnd=385 PartOfSpeech=VB] [Text=to CharacterOffsetBegin=386 CharacterOffsetEnd=388 PartOfSpeech=TO] [Text=sound CharacterOffsetBegin=389 CharacterOffsetEnd=394 PartOfSpeech=VB] [Text=mean-spirited CharacterOffsetBegin=395 CharacterOffsetEnd=408 PartOfSpeech=JJ] [Text=was CharacterOffsetBegin=409 CharacterOffsetEnd=412 PartOfSpeech=VBD] [Text=when CharacterOffsetBegin=413 CharacterOffsetEnd=417 PartOfSpeech=WRB] [Text=the CharacterOffsetBegin=418 CharacterOffsetEnd=421 PartOfSpeech=DT] [Text=fox CharacterOffsetBegin=422 CharacterOffsetEnd=425 PartOfSpeech=NN] [Text=got CharacterOffsetBegin=426 CharacterOffsetEnd=429 PartOfSpeech=VBD] [Text=shot CharacterOffsetBegin=430 CharacterOffsetEnd=434 PartOfSpeech=NN] [Text=and CharacterOffsetBegin=435 CharacterOffsetEnd=438 PartOfSpeech=CC] [Text=died CharacterOffsetBegin=439 CharacterOffsetEnd=443 PartOfSpeech=VBD] [Text=at CharacterOffsetBegin=444 CharacterOffsetEnd=446 PartOfSpeech=IN] [Text=the CharacterOffsetBegin=447 CharacterOffsetEnd=450 PartOfSpeech=DT] [Text=end CharacterOffsetBegin=451 CharacterOffsetEnd=454 PartOfSpeech=NN] [Text=. CharacterOffsetBegin=454 CharacterOffsetEnd=455 PartOfSpeech=.] 
root(ROOT-0, want-9)
det(part-4, The-1)
advmod(good-3, only-2)
amod(part-4, good-3)
nsubj(want-9, part-4)
cc(part-4, and-5)
conj(part-4, I-6)
aux(want-9, do-7)
neg(want-9, n't-8)
aux(sound-11, to-10)
xcomp(want-9, sound-11)
nsubj(was-13, mean-spirited-12)
ccomp(sound-11, was-13)
advmod(shot-18, when-14)
det(fox-16, the-15)
nsubj(shot-18, fox-16)
dep(shot-18, got-17)
advcl(was-13, shot-18)
cc(shot-18, and-19)
conj(shot-18, died-20)
prep(shot-18, at-21)
det(end-23, the-22)
pobj(at-21, end-23)
punct(want-9, .-24)

Sentence #11 (14 tokens):
I laughed my head off in payback because this cartoon sucked so much.
[Text=I CharacterOffsetBegin=460 CharacterOffsetEnd=461 PartOfSpeech=PRP] [Text=laughed CharacterOffsetBegin=462 CharacterOffsetEnd=469 PartOfSpeech=VBD] [Text=my CharacterOffsetBegin=470 CharacterOffsetEnd=472 PartOfSpeech=PRP$] [Text=head CharacterOffsetBegin=473 CharacterOffsetEnd=477 PartOfSpeech=NN] [Text=off CharacterOffsetBegin=478 CharacterOffsetEnd=481 PartOfSpeech=RP] [Text=in CharacterOffsetBegin=482 CharacterOffsetEnd=484 PartOfSpeech=IN] [Text=payback CharacterOffsetBegin=485 CharacterOffsetEnd=492 PartOfSpeech=NN] [Text=because CharacterOffsetBegin=493 CharacterOffsetEnd=500 PartOfSpeech=IN] [Text=this CharacterOffsetBegin=501 CharacterOffsetEnd=505 PartOfSpeech=DT] [Text=cartoon CharacterOffsetBegin=506 CharacterOffsetEnd=513 PartOfSpeech=NN] [Text=sucked CharacterOffsetBegin=514 CharacterOffsetEnd=520 PartOfSpeech=VBD] [Text=so CharacterOffsetBegin=521 CharacterOffsetEnd=523 PartOfSpeech=RB] [Text=much CharacterOffsetBegin=524 CharacterOffsetEnd=528 PartOfSpeech=RB] [Text=. CharacterOffsetBegin=528 CharacterOffsetEnd=529 PartOfSpeech=.] 
root(ROOT-0, laughed-2)
nsubj(laughed-2, I-1)
poss(head-4, my-3)
dobj(laughed-2, head-4)
prt(laughed-2, off-5)
prep(laughed-2, in-6)
pobj(in-6, payback-7)
mark(sucked-11, because-8)
det(cartoon-10, this-9)
nsubj(sucked-11, cartoon-10)
advcl(laughed-2, sucked-11)
advmod(much-13, so-12)
advmod(sucked-11, much-13)
punct(laughed-2, .-14)

Sentence #12 (12 tokens):
The bad news is the fox resurrects and becomes a ghost.
[Text=The CharacterOffsetBegin=534 CharacterOffsetEnd=537 PartOfSpeech=DT] [Text=bad CharacterOffsetBegin=538 CharacterOffsetEnd=541 PartOfSpeech=JJ] [Text=news CharacterOffsetBegin=542 CharacterOffsetEnd=546 PartOfSpeech=NN] [Text=is CharacterOffsetBegin=547 CharacterOffsetEnd=549 PartOfSpeech=VBZ] [Text=the CharacterOffsetBegin=550 CharacterOffsetEnd=553 PartOfSpeech=DT] [Text=fox CharacterOffsetBegin=554 CharacterOffsetEnd=557 PartOfSpeech=NN] [Text=resurrects CharacterOffsetBegin=558 CharacterOffsetEnd=568 PartOfSpeech=VBZ] [Text=and CharacterOffsetBegin=569 CharacterOffsetEnd=572 PartOfSpeech=CC] [Text=becomes CharacterOffsetBegin=573 CharacterOffsetEnd=580 PartOfSpeech=VBZ] [Text=a CharacterOffsetBegin=581 CharacterOffsetEnd=582 PartOfSpeech=DT] [Text=ghost CharacterOffsetBegin=583 CharacterOffsetEnd=588 PartOfSpeech=NN] [Text=. CharacterOffsetBegin=588 CharacterOffsetEnd=589 PartOfSpeech=.] 
root(ROOT-0, resurrects-7)
det(news-3, The-1)
amod(news-3, bad-2)
nsubj(fox-6, news-3)
cop(fox-6, is-4)
det(fox-6, the-5)
nsubj(resurrects-7, fox-6)
cc(resurrects-7, and-8)
cop(ghost-11, becomes-9)
det(ghost-11, a-10)
conj(resurrects-7, ghost-11)
punct(resurrects-7, .-12)

Sentence #13 (7 tokens):
I wish he had stayed dead.
[Text=I CharacterOffsetBegin=594 CharacterOffsetEnd=595 PartOfSpeech=PRP] [Text=wish CharacterOffsetBegin=596 CharacterOffsetEnd=600 PartOfSpeech=VBP] [Text=he CharacterOffsetBegin=601 CharacterOffsetEnd=603 PartOfSpeech=PRP] [Text=had CharacterOffsetBegin=604 CharacterOffsetEnd=607 PartOfSpeech=VBD] [Text=stayed CharacterOffsetBegin=608 CharacterOffsetEnd=614 PartOfSpeech=VBN] [Text=dead CharacterOffsetBegin=615 CharacterOffsetEnd=619 PartOfSpeech=JJ] [Text=. CharacterOffsetBegin=619 CharacterOffsetEnd=620 PartOfSpeech=.] 
root(ROOT-0, wish-2)
nsubj(wish-2, I-1)
nsubj(stayed-5, he-3)
aux(stayed-5, had-4)
ccomp(wish-2, stayed-5)
acomp(stayed-5, dead-6)
punct(wish-2, .-7)

Sentence #14 (16 tokens):
I think I even gave the video of this to somebody because I hated it.
[Text=I CharacterOffsetBegin=625 CharacterOffsetEnd=626 PartOfSpeech=PRP] [Text=think CharacterOffsetBegin=627 CharacterOffsetEnd=632 PartOfSpeech=VBP] [Text=I CharacterOffsetBegin=633 CharacterOffsetEnd=634 PartOfSpeech=PRP] [Text=even CharacterOffsetBegin=635 CharacterOffsetEnd=639 PartOfSpeech=RB] [Text=gave CharacterOffsetBegin=640 CharacterOffsetEnd=644 PartOfSpeech=VBD] [Text=the CharacterOffsetBegin=645 CharacterOffsetEnd=648 PartOfSpeech=DT] [Text=video CharacterOffsetBegin=649 CharacterOffsetEnd=654 PartOfSpeech=NN] [Text=of CharacterOffsetBegin=655 CharacterOffsetEnd=657 PartOfSpeech=IN] [Text=this CharacterOffsetBegin=658 CharacterOffsetEnd=662 PartOfSpeech=DT] [Text=to CharacterOffsetBegin=663 CharacterOffsetEnd=665 PartOfSpeech=TO] [Text=somebody CharacterOffsetBegin=666 CharacterOffsetEnd=674 PartOfSpeech=NN] [Text=because CharacterOffsetBegin=675 CharacterOffsetEnd=682 PartOfSpeech=IN] [Text=I CharacterOffsetBegin=683 CharacterOffsetEnd=684 PartOfSpeech=PRP] [Text=hated CharacterOffsetBegin=685 CharacterOffsetEnd=690 PartOfSpeech=VBD] [Text=it CharacterOffsetBegin=691 CharacterOffsetEnd=693 PartOfSpeech=PRP] [Text=. CharacterOffsetBegin=693 CharacterOffsetEnd=694 PartOfSpeech=.] 
root(ROOT-0, think-2)
nsubj(think-2, I-1)
nsubj(gave-5, I-3)
advmod(gave-5, even-4)
ccomp(think-2, gave-5)
det(video-7, the-6)
dobj(gave-5, video-7)
prep(video-7, of-8)
pobj(of-8, this-9)
prep(gave-5, to-10)
pobj(to-10, somebody-11)
mark(hated-14, because-12)
nsubj(hated-14, I-13)
advcl(gave-5, hated-14)
dobj(hated-14, it-15)
punct(think-2, .-16)

Sentence #15 (12 tokens):
No wonder they were offering it for free at the mall.
[Text=No CharacterOffsetBegin=699 CharacterOffsetEnd=701 PartOfSpeech=DT] [Text=wonder CharacterOffsetBegin=702 CharacterOffsetEnd=708 PartOfSpeech=NN] [Text=they CharacterOffsetBegin=709 CharacterOffsetEnd=713 PartOfSpeech=PRP] [Text=were CharacterOffsetBegin=714 CharacterOffsetEnd=718 PartOfSpeech=VBD] [Text=offering CharacterOffsetBegin=719 CharacterOffsetEnd=727 PartOfSpeech=VBG] [Text=it CharacterOffsetBegin=728 CharacterOffsetEnd=730 PartOfSpeech=PRP] [Text=for CharacterOffsetBegin=731 CharacterOffsetEnd=734 PartOfSpeech=IN] [Text=free CharacterOffsetBegin=735 CharacterOffsetEnd=739 PartOfSpeech=JJ] [Text=at CharacterOffsetBegin=740 CharacterOffsetEnd=742 PartOfSpeech=IN] [Text=the CharacterOffsetBegin=743 CharacterOffsetEnd=746 PartOfSpeech=DT] [Text=mall CharacterOffsetBegin=747 CharacterOffsetEnd=751 PartOfSpeech=NN] [Text=. CharacterOffsetBegin=751 CharacterOffsetEnd=752 PartOfSpeech=.] 
root(ROOT-0, wonder-2)
det(wonder-2, No-1)
nsubj(offering-5, they-3)
aux(offering-5, were-4)
ccomp(wonder-2, offering-5)
dobj(offering-5, it-6)
prep(offering-5, for-7)
pobj(for-7, free-8)
prep(free-8, at-9)
det(mall-11, the-10)
pobj(at-9, mall-11)
punct(wonder-2, .-12)

Sentence #16 (12 tokens):
If you have a child don't let them watch this.
[Text=If CharacterOffsetBegin=757 CharacterOffsetEnd=759 PartOfSpeech=IN] [Text=you CharacterOffsetBegin=760 CharacterOffsetEnd=763 PartOfSpeech=PRP] [Text=have CharacterOffsetBegin=764 CharacterOffsetEnd=768 PartOfSpeech=VBP] [Text=a CharacterOffsetBegin=769 CharacterOffsetEnd=770 PartOfSpeech=DT] [Text=child CharacterOffsetBegin=771 CharacterOffsetEnd=776 PartOfSpeech=NN] [Text=do CharacterOffsetBegin=777 CharacterOffsetEnd=779 PartOfSpeech=VBP] [Text=n't CharacterOffsetBegin=779 CharacterOffsetEnd=782 PartOfSpeech=RB] [Text=let CharacterOffsetBegin=783 CharacterOffsetEnd=786 PartOfSpeech=VB] [Text=them CharacterOffsetBegin=787 CharacterOffsetEnd=791 PartOfSpeech=PRP] [Text=watch CharacterOffsetBegin=792 CharacterOffsetEnd=797 PartOfSpeech=VB] [Text=this CharacterOffsetBegin=798 CharacterOffsetEnd=802 PartOfSpeech=DT] [Text=. CharacterOffsetBegin=802 CharacterOffsetEnd=803 PartOfSpeech=.] 
root(ROOT-0, let-8)
mark(have-3, If-1)
nsubj(have-3, you-2)
advcl(let-8, have-3)
det(child-5, a-4)
dobj(have-3, child-5)
aux(let-8, do-6)
neg(let-8, n't-7)
nsubj(watch-10, them-9)
ccomp(let-8, watch-10)
dobj(watch-10, this-11)
punct(let-8, .-12)

Sentence #17 (10 tokens):
They will probably agree with me that it sucks.
[Text=They CharacterOffsetBegin=808 CharacterOffsetEnd=812 PartOfSpeech=PRP] [Text=will CharacterOffsetBegin=813 CharacterOffsetEnd=817 PartOfSpeech=MD] [Text=probably CharacterOffsetBegin=818 CharacterOffsetEnd=826 PartOfSpeech=RB] [Text=agree CharacterOffsetBegin=827 CharacterOffsetEnd=832 PartOfSpeech=VB] [Text=with CharacterOffsetBegin=833 CharacterOffsetEnd=837 PartOfSpeech=IN] [Text=me CharacterOffsetBegin=838 CharacterOffsetEnd=840 PartOfSpeech=PRP] [Text=that CharacterOffsetBegin=841 CharacterOffsetEnd=845 PartOfSpeech=IN] [Text=it CharacterOffsetBegin=846 CharacterOffsetEnd=848 PartOfSpeech=PRP] [Text=sucks CharacterOffsetBegin=849 CharacterOffsetEnd=854 PartOfSpeech=VBZ] [Text=. CharacterOffsetBegin=854 CharacterOffsetEnd=855 PartOfSpeech=.] 
root(ROOT-0, agree-4)
nsubj(agree-4, They-1)
aux(agree-4, will-2)
advmod(agree-4, probably-3)
prep(agree-4, with-5)
pobj(with-5, me-6)
mark(sucks-9, that-7)
nsubj(sucks-9, it-8)
ccomp(agree-4, sucks-9)
punct(agree-4, .-10)

