Sentence #1 (10 tokens):
Man, I really wanted to like these shows.
[Text=Man CharacterOffsetBegin=4 CharacterOffsetEnd=7 PartOfSpeech=NN] [Text=, CharacterOffsetBegin=7 CharacterOffsetEnd=8 PartOfSpeech=,] [Text=I CharacterOffsetBegin=9 CharacterOffsetEnd=10 PartOfSpeech=PRP] [Text=really CharacterOffsetBegin=11 CharacterOffsetEnd=17 PartOfSpeech=RB] [Text=wanted CharacterOffsetBegin=18 CharacterOffsetEnd=24 PartOfSpeech=VBD] [Text=to CharacterOffsetBegin=25 CharacterOffsetEnd=27 PartOfSpeech=TO] [Text=like CharacterOffsetBegin=28 CharacterOffsetEnd=32 PartOfSpeech=VB] [Text=these CharacterOffsetBegin=33 CharacterOffsetEnd=38 PartOfSpeech=DT] [Text=shows CharacterOffsetBegin=39 CharacterOffsetEnd=44 PartOfSpeech=NNS] [Text=. CharacterOffsetBegin=44 CharacterOffsetEnd=45 PartOfSpeech=.] 
root(ROOT-0, wanted-5)
tmod(wanted-5, Man-1)
punct(wanted-5, ,-2)
nsubj(wanted-5, I-3)
advmod(wanted-5, really-4)
aux(like-7, to-6)
xcomp(wanted-5, like-7)
det(shows-9, these-8)
dobj(like-7, shows-9)
punct(wanted-5, .-10)

Sentence #2 (18 tokens):
I am starving for some good television and I applaud TNT for providing these "opportunites".
[Text=I CharacterOffsetBegin=50 CharacterOffsetEnd=51 PartOfSpeech=PRP] [Text=am CharacterOffsetBegin=52 CharacterOffsetEnd=54 PartOfSpeech=VBP] [Text=starving CharacterOffsetBegin=55 CharacterOffsetEnd=63 PartOfSpeech=VBG] [Text=for CharacterOffsetBegin=64 CharacterOffsetEnd=67 PartOfSpeech=IN] [Text=some CharacterOffsetBegin=68 CharacterOffsetEnd=72 PartOfSpeech=DT] [Text=good CharacterOffsetBegin=73 CharacterOffsetEnd=77 PartOfSpeech=JJ] [Text=television CharacterOffsetBegin=78 CharacterOffsetEnd=88 PartOfSpeech=NN] [Text=and CharacterOffsetBegin=89 CharacterOffsetEnd=92 PartOfSpeech=CC] [Text=I CharacterOffsetBegin=93 CharacterOffsetEnd=94 PartOfSpeech=PRP] [Text=applaud CharacterOffsetBegin=95 CharacterOffsetEnd=102 PartOfSpeech=VBP] [Text=TNT CharacterOffsetBegin=103 CharacterOffsetEnd=106 PartOfSpeech=NNP] [Text=for CharacterOffsetBegin=107 CharacterOffsetEnd=110 PartOfSpeech=IN] [Text=providing CharacterOffsetBegin=111 CharacterOffsetEnd=120 PartOfSpeech=VBG] [Text=these CharacterOffsetBegin=121 CharacterOffsetEnd=126 PartOfSpeech=DT] [Text=`` CharacterOffsetBegin=127 CharacterOffsetEnd=128 PartOfSpeech=``] [Text=opportunites CharacterOffsetBegin=128 CharacterOffsetEnd=140 PartOfSpeech=NNS] [Text='' CharacterOffsetBegin=140 CharacterOffsetEnd=141 PartOfSpeech=''] [Text=. CharacterOffsetBegin=141 CharacterOffsetEnd=142 PartOfSpeech=.] 
root(ROOT-0, starving-3)
nsubj(starving-3, I-1)
aux(starving-3, am-2)
prep(starving-3, for-4)
det(television-7, some-5)
amod(television-7, good-6)
pobj(for-4, television-7)
cc(starving-3, and-8)
nsubj(applaud-10, I-9)
conj(starving-3, applaud-10)
dobj(applaud-10, TNT-11)
prep(applaud-10, for-12)
pcomp(for-12, providing-13)
det(opportunites-16, these-14)
punct(opportunites-16, ``-15)
dobj(providing-13, opportunites-16)
punct(opportunites-16, ''-17)
punct(starving-3, .-18)

Sentence #3 (20 tokens):
But, sadly, I am in the minority I guess when it comes to the Cinematic Stephen King.
[Text=But CharacterOffsetBegin=147 CharacterOffsetEnd=150 PartOfSpeech=CC] [Text=, CharacterOffsetBegin=150 CharacterOffsetEnd=151 PartOfSpeech=,] [Text=sadly CharacterOffsetBegin=152 CharacterOffsetEnd=157 PartOfSpeech=RB] [Text=, CharacterOffsetBegin=157 CharacterOffsetEnd=158 PartOfSpeech=,] [Text=I CharacterOffsetBegin=159 CharacterOffsetEnd=160 PartOfSpeech=PRP] [Text=am CharacterOffsetBegin=161 CharacterOffsetEnd=163 PartOfSpeech=VBP] [Text=in CharacterOffsetBegin=164 CharacterOffsetEnd=166 PartOfSpeech=IN] [Text=the CharacterOffsetBegin=167 CharacterOffsetEnd=170 PartOfSpeech=DT] [Text=minority CharacterOffsetBegin=171 CharacterOffsetEnd=179 PartOfSpeech=NN] [Text=I CharacterOffsetBegin=180 CharacterOffsetEnd=181 PartOfSpeech=PRP] [Text=guess CharacterOffsetBegin=182 CharacterOffsetEnd=187 PartOfSpeech=VBP] [Text=when CharacterOffsetBegin=188 CharacterOffsetEnd=192 PartOfSpeech=WRB] [Text=it CharacterOffsetBegin=193 CharacterOffsetEnd=195 PartOfSpeech=PRP] [Text=comes CharacterOffsetBegin=196 CharacterOffsetEnd=201 PartOfSpeech=VBZ] [Text=to CharacterOffsetBegin=202 CharacterOffsetEnd=204 PartOfSpeech=TO] [Text=the CharacterOffsetBegin=205 CharacterOffsetEnd=208 PartOfSpeech=DT] [Text=Cinematic CharacterOffsetBegin=209 CharacterOffsetEnd=218 PartOfSpeech=NNP] [Text=Stephen CharacterOffsetBegin=219 CharacterOffsetEnd=226 PartOfSpeech=NNP] [Text=King CharacterOffsetBegin=227 CharacterOffsetEnd=231 PartOfSpeech=NNP] [Text=. CharacterOffsetBegin=231 CharacterOffsetEnd=232 PartOfSpeech=.] 
root(ROOT-0, am-6)
cc(am-6, But-1)
punct(am-6, ,-2)
advmod(am-6, sadly-3)
punct(am-6, ,-4)
nsubj(am-6, I-5)
prep(am-6, in-7)
det(minority-9, the-8)
pobj(in-7, minority-9)
nsubj(guess-11, I-10)
dep(am-6, guess-11)
advmod(comes-14, when-12)
nsubj(comes-14, it-13)
advcl(guess-11, comes-14)
prep(comes-14, to-15)
det(King-19, the-16)
nn(King-19, Cinematic-17)
nn(King-19, Stephen-18)
pobj(to-15, King-19)
punct(am-6, .-20)

Sentence #4 (26 tokens):
As brilliant as King's writing is, the irony is that it simply doesn't translate well to the screen, big or small.
[Text=As CharacterOffsetBegin=237 CharacterOffsetEnd=239 PartOfSpeech=IN] [Text=brilliant CharacterOffsetBegin=240 CharacterOffsetEnd=249 PartOfSpeech=JJ] [Text=as CharacterOffsetBegin=250 CharacterOffsetEnd=252 PartOfSpeech=IN] [Text=King CharacterOffsetBegin=253 CharacterOffsetEnd=257 PartOfSpeech=NNP] [Text='s CharacterOffsetBegin=257 CharacterOffsetEnd=259 PartOfSpeech=POS] [Text=writing CharacterOffsetBegin=260 CharacterOffsetEnd=267 PartOfSpeech=NN] [Text=is CharacterOffsetBegin=268 CharacterOffsetEnd=270 PartOfSpeech=VBZ] [Text=, CharacterOffsetBegin=270 CharacterOffsetEnd=271 PartOfSpeech=,] [Text=the CharacterOffsetBegin=272 CharacterOffsetEnd=275 PartOfSpeech=DT] [Text=irony CharacterOffsetBegin=276 CharacterOffsetEnd=281 PartOfSpeech=NN] [Text=is CharacterOffsetBegin=282 CharacterOffsetEnd=284 PartOfSpeech=VBZ] [Text=that CharacterOffsetBegin=285 CharacterOffsetEnd=289 PartOfSpeech=IN] [Text=it CharacterOffsetBegin=290 CharacterOffsetEnd=292 PartOfSpeech=PRP] [Text=simply CharacterOffsetBegin=293 CharacterOffsetEnd=299 PartOfSpeech=RB] [Text=does CharacterOffsetBegin=300 CharacterOffsetEnd=304 PartOfSpeech=VBZ] [Text=n't CharacterOffsetBegin=304 CharacterOffsetEnd=307 PartOfSpeech=RB] [Text=translate CharacterOffsetBegin=308 CharacterOffsetEnd=317 PartOfSpeech=VB] [Text=well CharacterOffsetBegin=318 CharacterOffsetEnd=322 PartOfSpeech=RB] [Text=to CharacterOffsetBegin=323 CharacterOffsetEnd=325 PartOfSpeech=TO] [Text=the CharacterOffsetBegin=326 CharacterOffsetEnd=329 PartOfSpeech=DT] [Text=screen CharacterOffsetBegin=330 CharacterOffsetEnd=336 PartOfSpeech=NN] [Text=, CharacterOffsetBegin=336 CharacterOffsetEnd=337 PartOfSpeech=,] [Text=big CharacterOffsetBegin=338 CharacterOffsetEnd=341 PartOfSpeech=JJ] [Text=or CharacterOffsetBegin=342 CharacterOffsetEnd=344 PartOfSpeech=CC] [Text=small CharacterOffsetBegin=345 CharacterOffsetEnd=350 PartOfSpeech=JJ] [Text=. CharacterOffsetBegin=350 CharacterOffsetEnd=351 PartOfSpeech=.] 
root(ROOT-0, is-11)
advmod(brilliant-2, As-1)
dep(is-7, brilliant-2)
prep(brilliant-2, as-3)
poss(writing-6, King-4)
possessive(King-4, 's-5)
pobj(as-3, writing-6)
parataxis(is-11, is-7)
punct(is-11, ,-8)
det(irony-10, the-9)
nsubj(is-11, irony-10)
mark(translate-17, that-12)
nsubj(translate-17, it-13)
advmod(translate-17, simply-14)
aux(translate-17, does-15)
neg(translate-17, n't-16)
ccomp(is-11, translate-17)
advmod(translate-17, well-18)
prep(translate-17, to-19)
det(screen-21, the-20)
pobj(to-19, screen-21)
punct(screen-21, ,-22)
amod(screen-21, big-23)
cc(big-23, or-24)
conj(big-23, small-25)
punct(is-11, .-26)

Sentence #5 (26 tokens):
With few exceptions (very few), the King experience cannot be filmed with the same impact that the stories have when read.
[Text=With CharacterOffsetBegin=356 CharacterOffsetEnd=360 PartOfSpeech=IN] [Text=few CharacterOffsetBegin=361 CharacterOffsetEnd=364 PartOfSpeech=JJ] [Text=exceptions CharacterOffsetBegin=365 CharacterOffsetEnd=375 PartOfSpeech=NNS] [Text=-LRB- CharacterOffsetBegin=376 CharacterOffsetEnd=377 PartOfSpeech=-LRB-] [Text=very CharacterOffsetBegin=377 CharacterOffsetEnd=381 PartOfSpeech=RB] [Text=few CharacterOffsetBegin=382 CharacterOffsetEnd=385 PartOfSpeech=JJ] [Text=-RRB- CharacterOffsetBegin=385 CharacterOffsetEnd=386 PartOfSpeech=-RRB-] [Text=, CharacterOffsetBegin=386 CharacterOffsetEnd=387 PartOfSpeech=,] [Text=the CharacterOffsetBegin=388 CharacterOffsetEnd=391 PartOfSpeech=DT] [Text=King CharacterOffsetBegin=392 CharacterOffsetEnd=396 PartOfSpeech=NNP] [Text=experience CharacterOffsetBegin=397 CharacterOffsetEnd=407 PartOfSpeech=NN] [Text=can CharacterOffsetBegin=408 CharacterOffsetEnd=411 PartOfSpeech=MD] [Text=not CharacterOffsetBegin=411 CharacterOffsetEnd=414 PartOfSpeech=RB] [Text=be CharacterOffsetBegin=415 CharacterOffsetEnd=417 PartOfSpeech=VB] [Text=filmed CharacterOffsetBegin=418 CharacterOffsetEnd=424 PartOfSpeech=VBN] [Text=with CharacterOffsetBegin=425 CharacterOffsetEnd=429 PartOfSpeech=IN] [Text=the CharacterOffsetBegin=430 CharacterOffsetEnd=433 PartOfSpeech=DT] [Text=same CharacterOffsetBegin=434 CharacterOffsetEnd=438 PartOfSpeech=JJ] [Text=impact CharacterOffsetBegin=439 CharacterOffsetEnd=445 PartOfSpeech=NN] [Text=that CharacterOffsetBegin=446 CharacterOffsetEnd=450 PartOfSpeech=IN] [Text=the CharacterOffsetBegin=451 CharacterOffsetEnd=454 PartOfSpeech=DT] [Text=stories CharacterOffsetBegin=455 CharacterOffsetEnd=462 PartOfSpeech=NNS] [Text=have CharacterOffsetBegin=463 CharacterOffsetEnd=467 PartOfSpeech=VBP] [Text=when CharacterOffsetBegin=468 CharacterOffsetEnd=472 PartOfSpeech=WRB] [Text=read CharacterOffsetBegin=473 CharacterOffsetEnd=477 PartOfSpeech=VBN] [Text=. CharacterOffsetBegin=477 CharacterOffsetEnd=478 PartOfSpeech=.] 
root(ROOT-0, filmed-15)
prep(filmed-15, With-1)
amod(exceptions-3, few-2)
pobj(With-1, exceptions-3)
punct(few-6, -LRB--4)
advmod(few-6, very-5)
dep(exceptions-3, few-6)
punct(few-6, -RRB--7)
punct(filmed-15, ,-8)
det(experience-11, the-9)
nn(experience-11, King-10)
nsubjpass(filmed-15, experience-11)
aux(filmed-15, can-12)
neg(filmed-15, not-13)
auxpass(filmed-15, be-14)
prep(filmed-15, with-16)
det(impact-19, the-17)
amod(impact-19, same-18)
pobj(with-16, impact-19)
prep(impact-19, that-20)
det(stories-22, the-21)
dep(that-20, stories-22)
partmod(stories-22, have-23)
advmod(read-25, when-24)
advcl(have-23, read-25)
punct(filmed-15, .-26)

Sentence #6 (38 tokens):
Many people would disagree with this, but I'm sure that in their heart of hearts they have to admit that the best filmed King story is but a pale memory of the one they read.
[Text=Many CharacterOffsetBegin=483 CharacterOffsetEnd=487 PartOfSpeech=JJ] [Text=people CharacterOffsetBegin=488 CharacterOffsetEnd=494 PartOfSpeech=NNS] [Text=would CharacterOffsetBegin=495 CharacterOffsetEnd=500 PartOfSpeech=MD] [Text=disagree CharacterOffsetBegin=501 CharacterOffsetEnd=509 PartOfSpeech=VB] [Text=with CharacterOffsetBegin=510 CharacterOffsetEnd=514 PartOfSpeech=IN] [Text=this CharacterOffsetBegin=515 CharacterOffsetEnd=519 PartOfSpeech=DT] [Text=, CharacterOffsetBegin=519 CharacterOffsetEnd=520 PartOfSpeech=,] [Text=but CharacterOffsetBegin=521 CharacterOffsetEnd=524 PartOfSpeech=CC] [Text=I CharacterOffsetBegin=525 CharacterOffsetEnd=526 PartOfSpeech=PRP] [Text='m CharacterOffsetBegin=526 CharacterOffsetEnd=528 PartOfSpeech=VBP] [Text=sure CharacterOffsetBegin=529 CharacterOffsetEnd=533 PartOfSpeech=JJ] [Text=that CharacterOffsetBegin=534 CharacterOffsetEnd=538 PartOfSpeech=IN] [Text=in CharacterOffsetBegin=539 CharacterOffsetEnd=541 PartOfSpeech=IN] [Text=their CharacterOffsetBegin=542 CharacterOffsetEnd=547 PartOfSpeech=PRP$] [Text=heart CharacterOffsetBegin=548 CharacterOffsetEnd=553 PartOfSpeech=NN] [Text=of CharacterOffsetBegin=554 CharacterOffsetEnd=556 PartOfSpeech=IN] [Text=hearts CharacterOffsetBegin=557 CharacterOffsetEnd=563 PartOfSpeech=NNS] [Text=they CharacterOffsetBegin=564 CharacterOffsetEnd=568 PartOfSpeech=PRP] [Text=have CharacterOffsetBegin=569 CharacterOffsetEnd=573 PartOfSpeech=VBP] [Text=to CharacterOffsetBegin=574 CharacterOffsetEnd=576 PartOfSpeech=TO] [Text=admit CharacterOffsetBegin=577 CharacterOffsetEnd=582 PartOfSpeech=VB] [Text=that CharacterOffsetBegin=583 CharacterOffsetEnd=587 PartOfSpeech=IN] [Text=the CharacterOffsetBegin=588 CharacterOffsetEnd=591 PartOfSpeech=DT] [Text=best CharacterOffsetBegin=592 CharacterOffsetEnd=596 PartOfSpeech=JJS] [Text=filmed CharacterOffsetBegin=597 CharacterOffsetEnd=603 PartOfSpeech=VBD] [Text=King CharacterOffsetBegin=604 CharacterOffsetEnd=608 PartOfSpeech=NNP] [Text=story CharacterOffsetBegin=609 CharacterOffsetEnd=614 PartOfSpeech=NN] [Text=is CharacterOffsetBegin=615 CharacterOffsetEnd=617 PartOfSpeech=VBZ] [Text=but CharacterOffsetBegin=618 CharacterOffsetEnd=621 PartOfSpeech=CC] [Text=a CharacterOffsetBegin=622 CharacterOffsetEnd=623 PartOfSpeech=DT] [Text=pale CharacterOffsetBegin=624 CharacterOffsetEnd=628 PartOfSpeech=JJ] [Text=memory CharacterOffsetBegin=629 CharacterOffsetEnd=635 PartOfSpeech=NN] [Text=of CharacterOffsetBegin=636 CharacterOffsetEnd=638 PartOfSpeech=IN] [Text=the CharacterOffsetBegin=639 CharacterOffsetEnd=642 PartOfSpeech=DT] [Text=one CharacterOffsetBegin=643 CharacterOffsetEnd=646 PartOfSpeech=CD] [Text=they CharacterOffsetBegin=647 CharacterOffsetEnd=651 PartOfSpeech=PRP] [Text=read CharacterOffsetBegin=652 CharacterOffsetEnd=656 PartOfSpeech=VBP] [Text=. CharacterOffsetBegin=656 CharacterOffsetEnd=657 PartOfSpeech=.] 
root(ROOT-0, disagree-4)
amod(people-2, Many-1)
nsubj(disagree-4, people-2)
aux(disagree-4, would-3)
prep(disagree-4, with-5)
pobj(with-5, this-6)
punct(disagree-4, ,-7)
cc(disagree-4, but-8)
nsubj(sure-11, I-9)
cop(sure-11, 'm-10)
conj(disagree-4, sure-11)
mark(have-19, that-12)
prep(have-19, in-13)
poss(heart-15, their-14)
pobj(in-13, heart-15)
prep(heart-15, of-16)
pobj(of-16, hearts-17)
nsubj(have-19, they-18)
ccomp(sure-11, have-19)
aux(admit-21, to-20)
xcomp(have-19, admit-21)
mark(is-28, that-22)
det(story-27, the-23)
amod(story-27, best-24)
nn(story-27, filmed-25)
nn(story-27, King-26)
nsubj(is-28, story-27)
ccomp(admit-21, is-28)
cc(is-28, but-29)
det(memory-32, a-30)
amod(memory-32, pale-31)
conj(is-28, memory-32)
prep(memory-32, of-33)
det(one-35, the-34)
pobj(of-33, one-35)
nsubj(read-37, they-36)
rcmod(one-35, read-37)
punct(disagree-4, .-38)

Sentence #7 (5 tokens):
The reason is simple.
[Text=The CharacterOffsetBegin=662 CharacterOffsetEnd=665 PartOfSpeech=DT] [Text=reason CharacterOffsetBegin=666 CharacterOffsetEnd=672 PartOfSpeech=NN] [Text=is CharacterOffsetBegin=673 CharacterOffsetEnd=675 PartOfSpeech=VBZ] [Text=simple CharacterOffsetBegin=676 CharacterOffsetEnd=682 PartOfSpeech=JJ] [Text=. CharacterOffsetBegin=682 CharacterOffsetEnd=683 PartOfSpeech=.] 
root(ROOT-0, simple-4)
det(reason-2, The-1)
nsubj(simple-4, reason-2)
cop(simple-4, is-3)
punct(simple-4, .-5)

Sentence #8 (16 tokens):
The average King story takes place in the mind-scape of the characters in the story.
[Text=The CharacterOffsetBegin=688 CharacterOffsetEnd=691 PartOfSpeech=DT] [Text=average CharacterOffsetBegin=692 CharacterOffsetEnd=699 PartOfSpeech=JJ] [Text=King CharacterOffsetBegin=700 CharacterOffsetEnd=704 PartOfSpeech=NNP] [Text=story CharacterOffsetBegin=705 CharacterOffsetEnd=710 PartOfSpeech=NN] [Text=takes CharacterOffsetBegin=711 CharacterOffsetEnd=716 PartOfSpeech=VBZ] [Text=place CharacterOffsetBegin=717 CharacterOffsetEnd=722 PartOfSpeech=NN] [Text=in CharacterOffsetBegin=723 CharacterOffsetEnd=725 PartOfSpeech=IN] [Text=the CharacterOffsetBegin=726 CharacterOffsetEnd=729 PartOfSpeech=DT] [Text=mind-scape CharacterOffsetBegin=730 CharacterOffsetEnd=740 PartOfSpeech=NN] [Text=of CharacterOffsetBegin=741 CharacterOffsetEnd=743 PartOfSpeech=IN] [Text=the CharacterOffsetBegin=744 CharacterOffsetEnd=747 PartOfSpeech=DT] [Text=characters CharacterOffsetBegin=748 CharacterOffsetEnd=758 PartOfSpeech=NNS] [Text=in CharacterOffsetBegin=759 CharacterOffsetEnd=761 PartOfSpeech=IN] [Text=the CharacterOffsetBegin=762 CharacterOffsetEnd=765 PartOfSpeech=DT] [Text=story CharacterOffsetBegin=766 CharacterOffsetEnd=771 PartOfSpeech=NN] [Text=. CharacterOffsetBegin=771 CharacterOffsetEnd=772 PartOfSpeech=.] 
root(ROOT-0, takes-5)
det(story-4, The-1)
amod(story-4, average-2)
nn(story-4, King-3)
nsubj(takes-5, story-4)
dobj(takes-5, place-6)
prep(takes-5, in-7)
det(mind-scape-9, the-8)
pobj(in-7, mind-scape-9)
prep(mind-scape-9, of-10)
det(characters-12, the-11)
pobj(of-10, characters-12)
prep(takes-5, in-13)
det(story-15, the-14)
pobj(in-13, story-15)
punct(takes-5, .-16)

Sentence #9 (21 tokens):
He gives us glimpses of their inner thoughts, their emotions and their sometimes fractured or unreal points of view.
[Text=He CharacterOffsetBegin=777 CharacterOffsetEnd=779 PartOfSpeech=PRP] [Text=gives CharacterOffsetBegin=780 CharacterOffsetEnd=785 PartOfSpeech=VBZ] [Text=us CharacterOffsetBegin=786 CharacterOffsetEnd=788 PartOfSpeech=PRP] [Text=glimpses CharacterOffsetBegin=789 CharacterOffsetEnd=797 PartOfSpeech=NNS] [Text=of CharacterOffsetBegin=798 CharacterOffsetEnd=800 PartOfSpeech=IN] [Text=their CharacterOffsetBegin=801 CharacterOffsetEnd=806 PartOfSpeech=PRP$] [Text=inner CharacterOffsetBegin=807 CharacterOffsetEnd=812 PartOfSpeech=JJ] [Text=thoughts CharacterOffsetBegin=813 CharacterOffsetEnd=821 PartOfSpeech=NNS] [Text=, CharacterOffsetBegin=821 CharacterOffsetEnd=822 PartOfSpeech=,] [Text=their CharacterOffsetBegin=823 CharacterOffsetEnd=828 PartOfSpeech=PRP$] [Text=emotions CharacterOffsetBegin=829 CharacterOffsetEnd=837 PartOfSpeech=NNS] [Text=and CharacterOffsetBegin=838 CharacterOffsetEnd=841 PartOfSpeech=CC] [Text=their CharacterOffsetBegin=842 CharacterOffsetEnd=847 PartOfSpeech=PRP$] [Text=sometimes CharacterOffsetBegin=848 CharacterOffsetEnd=857 PartOfSpeech=RB] [Text=fractured CharacterOffsetBegin=858 CharacterOffsetEnd=867 PartOfSpeech=JJ] [Text=or CharacterOffsetBegin=868 CharacterOffsetEnd=870 PartOfSpeech=CC] [Text=unreal CharacterOffsetBegin=871 CharacterOffsetEnd=877 PartOfSpeech=JJ] [Text=points CharacterOffsetBegin=878 CharacterOffsetEnd=884 PartOfSpeech=NNS] [Text=of CharacterOffsetBegin=885 CharacterOffsetEnd=887 PartOfSpeech=IN] [Text=view CharacterOffsetBegin=888 CharacterOffsetEnd=892 PartOfSpeech=NN] [Text=. CharacterOffsetBegin=892 CharacterOffsetEnd=893 PartOfSpeech=.] 
root(ROOT-0, gives-2)
nsubj(gives-2, He-1)
iobj(gives-2, us-3)
dobj(gives-2, glimpses-4)
prep(glimpses-4, of-5)
poss(thoughts-8, their-6)
amod(thoughts-8, inner-7)
pobj(of-5, thoughts-8)
punct(glimpses-4, ,-9)
poss(emotions-11, their-10)
conj(glimpses-4, emotions-11)
cc(glimpses-4, and-12)
poss(fractured-15, their-13)
advmod(fractured-15, sometimes-14)
conj(glimpses-4, fractured-15)
cc(fractured-15, or-16)
amod(points-18, unreal-17)
conj(fractured-15, points-18)
prep(points-18, of-19)
pobj(of-19, view-20)
punct(gives-2, .-21)

Sentence #10 (17 tokens):
In short, King takes the reader places where you can't put a Panavision camera.
[Text=In CharacterOffsetBegin=898 CharacterOffsetEnd=900 PartOfSpeech=IN] [Text=short CharacterOffsetBegin=901 CharacterOffsetEnd=906 PartOfSpeech=JJ] [Text=, CharacterOffsetBegin=906 CharacterOffsetEnd=907 PartOfSpeech=,] [Text=King CharacterOffsetBegin=908 CharacterOffsetEnd=912 PartOfSpeech=NNP] [Text=takes CharacterOffsetBegin=913 CharacterOffsetEnd=918 PartOfSpeech=VBZ] [Text=the CharacterOffsetBegin=919 CharacterOffsetEnd=922 PartOfSpeech=DT] [Text=reader CharacterOffsetBegin=923 CharacterOffsetEnd=929 PartOfSpeech=NN] [Text=places CharacterOffsetBegin=930 CharacterOffsetEnd=936 PartOfSpeech=NNS] [Text=where CharacterOffsetBegin=937 CharacterOffsetEnd=942 PartOfSpeech=WRB] [Text=you CharacterOffsetBegin=943 CharacterOffsetEnd=946 PartOfSpeech=PRP] [Text=ca CharacterOffsetBegin=947 CharacterOffsetEnd=949 PartOfSpeech=MD] [Text=n't CharacterOffsetBegin=949 CharacterOffsetEnd=952 PartOfSpeech=RB] [Text=put CharacterOffsetBegin=953 CharacterOffsetEnd=956 PartOfSpeech=VB] [Text=a CharacterOffsetBegin=957 CharacterOffsetEnd=958 PartOfSpeech=DT] [Text=Panavision CharacterOffsetBegin=959 CharacterOffsetEnd=969 PartOfSpeech=NNP] [Text=camera CharacterOffsetBegin=970 CharacterOffsetEnd=976 PartOfSpeech=NN] [Text=. CharacterOffsetBegin=976 CharacterOffsetEnd=977 PartOfSpeech=.] 
root(ROOT-0, takes-5)
prep(takes-5, In-1)
pobj(In-1, short-2)
punct(takes-5, ,-3)
nsubj(takes-5, King-4)
det(reader-7, the-6)
nsubj(places-8, reader-7)
dobj(takes-5, places-8)
advmod(put-13, where-9)
nsubj(put-13, you-10)
aux(put-13, ca-11)
neg(put-13, n't-12)
rcmod(places-8, put-13)
det(camera-16, a-14)
nn(camera-16, Panavision-15)
dobj(put-13, camera-16)
punct(takes-5, .-17)

Sentence #11 (24 tokens):
As an audience watching the filmed King, we're left with less than half the information than the reader has access to.
[Text=As CharacterOffsetBegin=982 CharacterOffsetEnd=984 PartOfSpeech=IN] [Text=an CharacterOffsetBegin=985 CharacterOffsetEnd=987 PartOfSpeech=DT] [Text=audience CharacterOffsetBegin=988 CharacterOffsetEnd=996 PartOfSpeech=NN] [Text=watching CharacterOffsetBegin=997 CharacterOffsetEnd=1005 PartOfSpeech=VBG] [Text=the CharacterOffsetBegin=1006 CharacterOffsetEnd=1009 PartOfSpeech=DT] [Text=filmed CharacterOffsetBegin=1010 CharacterOffsetEnd=1016 PartOfSpeech=VBN] [Text=King CharacterOffsetBegin=1017 CharacterOffsetEnd=1021 PartOfSpeech=NNP] [Text=, CharacterOffsetBegin=1021 CharacterOffsetEnd=1022 PartOfSpeech=,] [Text=we CharacterOffsetBegin=1023 CharacterOffsetEnd=1025 PartOfSpeech=PRP] [Text='re CharacterOffsetBegin=1025 CharacterOffsetEnd=1028 PartOfSpeech=VBP] [Text=left CharacterOffsetBegin=1029 CharacterOffsetEnd=1033 PartOfSpeech=VBN] [Text=with CharacterOffsetBegin=1034 CharacterOffsetEnd=1038 PartOfSpeech=IN] [Text=less CharacterOffsetBegin=1039 CharacterOffsetEnd=1043 PartOfSpeech=JJR] [Text=than CharacterOffsetBegin=1044 CharacterOffsetEnd=1048 PartOfSpeech=IN] [Text=half CharacterOffsetBegin=1049 CharacterOffsetEnd=1053 PartOfSpeech=PDT] [Text=the CharacterOffsetBegin=1054 CharacterOffsetEnd=1057 PartOfSpeech=DT] [Text=information CharacterOffsetBegin=1058 CharacterOffsetEnd=1069 PartOfSpeech=NN] [Text=than CharacterOffsetBegin=1070 CharacterOffsetEnd=1074 PartOfSpeech=IN] [Text=the CharacterOffsetBegin=1075 CharacterOffsetEnd=1078 PartOfSpeech=DT] [Text=reader CharacterOffsetBegin=1079 CharacterOffsetEnd=1085 PartOfSpeech=NN] [Text=has CharacterOffsetBegin=1086 CharacterOffsetEnd=1089 PartOfSpeech=VBZ] [Text=access CharacterOffsetBegin=1090 CharacterOffsetEnd=1096 PartOfSpeech=NN] [Text=to CharacterOffsetBegin=1097 CharacterOffsetEnd=1099 PartOfSpeech=TO] [Text=. CharacterOffsetBegin=1099 CharacterOffsetEnd=1100 PartOfSpeech=.] 
root(ROOT-0, left-11)
prep(left-11, As-1)
det(audience-3, an-2)
pobj(As-1, audience-3)
partmod(audience-3, watching-4)
det(King-7, the-5)
nn(King-7, filmed-6)
dobj(watching-4, King-7)
punct(left-11, ,-8)
nsubjpass(left-11, we-9)
auxpass(left-11, 're-10)
prep(left-11, with-12)
quantmod(half-15, less-13)
quantmod(half-15, than-14)
num(information-17, half-15)
det(information-17, the-16)
pobj(with-12, information-17)
prep(information-17, than-18)
det(reader-20, the-19)
pobj(than-18, reader-20)
aux(access-22, has-21)
prep(left-11, access-22)
dep(access-22, to-23)
punct(left-11, .-24)

Sentence #12 (35 tokens):
It's not too far a stretch to claim that One becomes a character in a King story they read, whereas One is limited to petty voyeurism of that same character when filmed.
[Text=It CharacterOffsetBegin=1105 CharacterOffsetEnd=1107 PartOfSpeech=PRP] [Text='s CharacterOffsetBegin=1107 CharacterOffsetEnd=1109 PartOfSpeech=VBZ] [Text=not CharacterOffsetBegin=1110 CharacterOffsetEnd=1113 PartOfSpeech=RB] [Text=too CharacterOffsetBegin=1114 CharacterOffsetEnd=1117 PartOfSpeech=RB] [Text=far CharacterOffsetBegin=1118 CharacterOffsetEnd=1121 PartOfSpeech=RB] [Text=a CharacterOffsetBegin=1122 CharacterOffsetEnd=1123 PartOfSpeech=DT] [Text=stretch CharacterOffsetBegin=1124 CharacterOffsetEnd=1131 PartOfSpeech=NN] [Text=to CharacterOffsetBegin=1132 CharacterOffsetEnd=1134 PartOfSpeech=TO] [Text=claim CharacterOffsetBegin=1135 CharacterOffsetEnd=1140 PartOfSpeech=VB] [Text=that CharacterOffsetBegin=1141 CharacterOffsetEnd=1145 PartOfSpeech=IN] [Text=One CharacterOffsetBegin=1146 CharacterOffsetEnd=1149 PartOfSpeech=CD] [Text=becomes CharacterOffsetBegin=1150 CharacterOffsetEnd=1157 PartOfSpeech=VBZ] [Text=a CharacterOffsetBegin=1158 CharacterOffsetEnd=1159 PartOfSpeech=DT] [Text=character CharacterOffsetBegin=1160 CharacterOffsetEnd=1169 PartOfSpeech=NN] [Text=in CharacterOffsetBegin=1170 CharacterOffsetEnd=1172 PartOfSpeech=IN] [Text=a CharacterOffsetBegin=1173 CharacterOffsetEnd=1174 PartOfSpeech=DT] [Text=King CharacterOffsetBegin=1175 CharacterOffsetEnd=1179 PartOfSpeech=NNP] [Text=story CharacterOffsetBegin=1180 CharacterOffsetEnd=1185 PartOfSpeech=NN] [Text=they CharacterOffsetBegin=1186 CharacterOffsetEnd=1190 PartOfSpeech=PRP] [Text=read CharacterOffsetBegin=1191 CharacterOffsetEnd=1195 PartOfSpeech=VBP] [Text=, CharacterOffsetBegin=1195 CharacterOffsetEnd=1196 PartOfSpeech=,] [Text=whereas CharacterOffsetBegin=1197 CharacterOffsetEnd=1204 PartOfSpeech=IN] [Text=One CharacterOffsetBegin=1205 CharacterOffsetEnd=1208 PartOfSpeech=CD] [Text=is CharacterOffsetBegin=1209 CharacterOffsetEnd=1211 PartOfSpeech=VBZ] [Text=limited CharacterOffsetBegin=1212 CharacterOffsetEnd=1219 PartOfSpeech=VBN] [Text=to CharacterOffsetBegin=1220 CharacterOffsetEnd=1222 PartOfSpeech=TO] [Text=petty CharacterOffsetBegin=1223 CharacterOffsetEnd=1228 PartOfSpeech=VB] [Text=voyeurism CharacterOffsetBegin=1229 CharacterOffsetEnd=1238 PartOfSpeech=NN] [Text=of CharacterOffsetBegin=1239 CharacterOffsetEnd=1241 PartOfSpeech=IN] [Text=that CharacterOffsetBegin=1242 CharacterOffsetEnd=1246 PartOfSpeech=DT] [Text=same CharacterOffsetBegin=1247 CharacterOffsetEnd=1251 PartOfSpeech=JJ] [Text=character CharacterOffsetBegin=1252 CharacterOffsetEnd=1261 PartOfSpeech=NN] [Text=when CharacterOffsetBegin=1262 CharacterOffsetEnd=1266 PartOfSpeech=WRB] [Text=filmed CharacterOffsetBegin=1267 CharacterOffsetEnd=1273 PartOfSpeech=VBN] [Text=. CharacterOffsetBegin=1273 CharacterOffsetEnd=1274 PartOfSpeech=.] 
root(ROOT-0, stretch-7)
nsubj(stretch-7, It-1)
cop(stretch-7, 's-2)
dep(far-5, not-3)
advmod(far-5, too-4)
advmod(stretch-7, far-5)
det(stretch-7, a-6)
aux(claim-9, to-8)
xcomp(stretch-7, claim-9)
mark(character-14, that-10)
nsubj(character-14, One-11)
cop(character-14, becomes-12)
det(character-14, a-13)
ccomp(claim-9, character-14)
prep(character-14, in-15)
det(story-18, a-16)
nn(story-18, King-17)
pobj(in-15, story-18)
nsubj(read-20, they-19)
rcmod(story-18, read-20)
punct(character-14, ,-21)
dep(character-14, whereas-22)
nsubjpass(limited-25, One-23)
auxpass(limited-25, is-24)
dep(whereas-22, limited-25)
prep(limited-25, to-26)
pcomp(to-26, petty-27)
dobj(petty-27, voyeurism-28)
prep(voyeurism-28, of-29)
det(character-32, that-30)
amod(character-32, same-31)
pobj(of-29, character-32)
advmod(filmed-34, when-33)
advcl(petty-27, filmed-34)
punct(stretch-7, .-35)

Sentence #13 (30 tokens):
For as long as King writes, Hollywood will try shooting everything that comes out of his word processor, without any regard to whether or not they should.
[Text=For CharacterOffsetBegin=1279 CharacterOffsetEnd=1282 PartOfSpeech=IN] [Text=as CharacterOffsetBegin=1283 CharacterOffsetEnd=1285 PartOfSpeech=RB] [Text=long CharacterOffsetBegin=1286 CharacterOffsetEnd=1290 PartOfSpeech=JJ] [Text=as CharacterOffsetBegin=1291 CharacterOffsetEnd=1293 PartOfSpeech=IN] [Text=King CharacterOffsetBegin=1294 CharacterOffsetEnd=1298 PartOfSpeech=NNP] [Text=writes CharacterOffsetBegin=1299 CharacterOffsetEnd=1305 PartOfSpeech=VBZ] [Text=, CharacterOffsetBegin=1305 CharacterOffsetEnd=1306 PartOfSpeech=,] [Text=Hollywood CharacterOffsetBegin=1307 CharacterOffsetEnd=1316 PartOfSpeech=NNP] [Text=will CharacterOffsetBegin=1317 CharacterOffsetEnd=1321 PartOfSpeech=MD] [Text=try CharacterOffsetBegin=1322 CharacterOffsetEnd=1325 PartOfSpeech=VB] [Text=shooting CharacterOffsetBegin=1326 CharacterOffsetEnd=1334 PartOfSpeech=JJ] [Text=everything CharacterOffsetBegin=1335 CharacterOffsetEnd=1345 PartOfSpeech=NN] [Text=that CharacterOffsetBegin=1346 CharacterOffsetEnd=1350 PartOfSpeech=WDT] [Text=comes CharacterOffsetBegin=1351 CharacterOffsetEnd=1356 PartOfSpeech=VBZ] [Text=out CharacterOffsetBegin=1357 CharacterOffsetEnd=1360 PartOfSpeech=IN] [Text=of CharacterOffsetBegin=1361 CharacterOffsetEnd=1363 PartOfSpeech=IN] [Text=his CharacterOffsetBegin=1364 CharacterOffsetEnd=1367 PartOfSpeech=PRP$] [Text=word CharacterOffsetBegin=1368 CharacterOffsetEnd=1372 PartOfSpeech=NN] [Text=processor CharacterOffsetBegin=1373 CharacterOffsetEnd=1382 PartOfSpeech=NN] [Text=, CharacterOffsetBegin=1382 CharacterOffsetEnd=1383 PartOfSpeech=,] [Text=without CharacterOffsetBegin=1384 CharacterOffsetEnd=1391 PartOfSpeech=IN] [Text=any CharacterOffsetBegin=1392 CharacterOffsetEnd=1395 PartOfSpeech=DT] [Text=regard CharacterOffsetBegin=1396 CharacterOffsetEnd=1402 PartOfSpeech=NN] [Text=to CharacterOffsetBegin=1403 CharacterOffsetEnd=1405 PartOfSpeech=TO] [Text=whether CharacterOffsetBegin=1406 CharacterOffsetEnd=1413 PartOfSpeech=IN] [Text=or CharacterOffsetBegin=1414 CharacterOffsetEnd=1416 PartOfSpeech=CC] [Text=not CharacterOffsetBegin=1417 CharacterOffsetEnd=1420 PartOfSpeech=RB] [Text=they CharacterOffsetBegin=1421 CharacterOffsetEnd=1425 PartOfSpeech=PRP] [Text=should CharacterOffsetBegin=1426 CharacterOffsetEnd=1432 PartOfSpeech=MD] [Text=. CharacterOffsetBegin=1432 CharacterOffsetEnd=1433 PartOfSpeech=.] 
root(ROOT-0, try-10)
prep(try-10, For-1)
advmod(long-3, as-2)
pcomp(For-1, long-3)
mark(writes-6, as-4)
nsubj(writes-6, King-5)
ccomp(long-3, writes-6)
punct(try-10, ,-7)
nsubj(try-10, Hollywood-8)
aux(try-10, will-9)
amod(everything-12, shooting-11)
dobj(try-10, everything-12)
nsubj(comes-14, that-13)
rcmod(everything-12, comes-14)
prep(comes-14, out-15)
pcomp(out-15, of-16)
poss(processor-19, his-17)
nn(processor-19, word-18)
pobj(of-16, processor-19)
punct(comes-14, ,-20)
prep(comes-14, without-21)
det(regard-23, any-22)
pobj(without-21, regard-23)
prep(regard-23, to-24)
pobj(to-24, whether-25)
cc(whether-25, or-26)
dep(should-29, not-27)
nsubj(should-29, they-28)
conj(whether-25, should-29)
punct(try-10, .-30)

Sentence #14 (30 tokens):
I don't blame the filmmakers for trying, but it takes an incredible amount of talent and circumspection to pull off the elusive Stephen King adaptation that works.
[Text=I CharacterOffsetBegin=1438 CharacterOffsetEnd=1439 PartOfSpeech=PRP] [Text=do CharacterOffsetBegin=1440 CharacterOffsetEnd=1442 PartOfSpeech=VBP] [Text=n't CharacterOffsetBegin=1442 CharacterOffsetEnd=1445 PartOfSpeech=RB] [Text=blame CharacterOffsetBegin=1446 CharacterOffsetEnd=1451 PartOfSpeech=VB] [Text=the CharacterOffsetBegin=1452 CharacterOffsetEnd=1455 PartOfSpeech=DT] [Text=filmmakers CharacterOffsetBegin=1456 CharacterOffsetEnd=1466 PartOfSpeech=NNS] [Text=for CharacterOffsetBegin=1467 CharacterOffsetEnd=1470 PartOfSpeech=IN] [Text=trying CharacterOffsetBegin=1471 CharacterOffsetEnd=1477 PartOfSpeech=VBG] [Text=, CharacterOffsetBegin=1477 CharacterOffsetEnd=1478 PartOfSpeech=,] [Text=but CharacterOffsetBegin=1479 CharacterOffsetEnd=1482 PartOfSpeech=CC] [Text=it CharacterOffsetBegin=1483 CharacterOffsetEnd=1485 PartOfSpeech=PRP] [Text=takes CharacterOffsetBegin=1486 CharacterOffsetEnd=1491 PartOfSpeech=VBZ] [Text=an CharacterOffsetBegin=1492 CharacterOffsetEnd=1494 PartOfSpeech=DT] [Text=incredible CharacterOffsetBegin=1495 CharacterOffsetEnd=1505 PartOfSpeech=JJ] [Text=amount CharacterOffsetBegin=1506 CharacterOffsetEnd=1512 PartOfSpeech=NN] [Text=of CharacterOffsetBegin=1513 CharacterOffsetEnd=1515 PartOfSpeech=IN] [Text=talent CharacterOffsetBegin=1516 CharacterOffsetEnd=1522 PartOfSpeech=NN] [Text=and CharacterOffsetBegin=1523 CharacterOffsetEnd=1526 PartOfSpeech=CC] [Text=circumspection CharacterOffsetBegin=1527 CharacterOffsetEnd=1541 PartOfSpeech=NN] [Text=to CharacterOffsetBegin=1542 CharacterOffsetEnd=1544 PartOfSpeech=TO] [Text=pull CharacterOffsetBegin=1545 CharacterOffsetEnd=1549 PartOfSpeech=VB] [Text=off CharacterOffsetBegin=1550 CharacterOffsetEnd=1553 PartOfSpeech=RP] [Text=the CharacterOffsetBegin=1554 CharacterOffsetEnd=1557 PartOfSpeech=DT] [Text=elusive CharacterOffsetBegin=1558 CharacterOffsetEnd=1565 PartOfSpeech=JJ] [Text=Stephen CharacterOffsetBegin=1566 CharacterOffsetEnd=1573 PartOfSpeech=NNP] [Text=King CharacterOffsetBegin=1574 CharacterOffsetEnd=1578 PartOfSpeech=NNP] [Text=adaptation CharacterOffsetBegin=1579 CharacterOffsetEnd=1589 PartOfSpeech=NN] [Text=that CharacterOffsetBegin=1590 CharacterOffsetEnd=1594 PartOfSpeech=WDT] [Text=works CharacterOffsetBegin=1595 CharacterOffsetEnd=1600 PartOfSpeech=VBZ] [Text=. CharacterOffsetBegin=1600 CharacterOffsetEnd=1601 PartOfSpeech=.] 
root(ROOT-0, blame-4)
nsubj(blame-4, I-1)
aux(blame-4, do-2)
neg(blame-4, n't-3)
det(filmmakers-6, the-5)
dobj(blame-4, filmmakers-6)
prep(blame-4, for-7)
pcomp(for-7, trying-8)
punct(blame-4, ,-9)
cc(blame-4, but-10)
nsubj(takes-12, it-11)
conj(blame-4, takes-12)
det(amount-15, an-13)
amod(amount-15, incredible-14)
dobj(takes-12, amount-15)
prep(amount-15, of-16)
pobj(of-16, talent-17)
cc(takes-12, and-18)
conj(takes-12, circumspection-19)
aux(pull-21, to-20)
infmod(circumspection-19, pull-21)
prt(pull-21, off-22)
det(adaptation-27, the-23)
amod(adaptation-27, elusive-24)
nn(King-26, Stephen-25)
nn(adaptation-27, King-26)
dobj(pull-21, adaptation-27)
nsubj(works-29, that-28)
rcmod(adaptation-27, works-29)
punct(blame-4, .-30)

Sentence #15 (16 tokens):
The task is akin to turning lead into gold, or some arcane Zen mastery.
[Text=The CharacterOffsetBegin=1606 CharacterOffsetEnd=1609 PartOfSpeech=DT] [Text=task CharacterOffsetBegin=1610 CharacterOffsetEnd=1614 PartOfSpeech=NN] [Text=is CharacterOffsetBegin=1615 CharacterOffsetEnd=1617 PartOfSpeech=VBZ] [Text=akin CharacterOffsetBegin=1618 CharacterOffsetEnd=1622 PartOfSpeech=JJ] [Text=to CharacterOffsetBegin=1623 CharacterOffsetEnd=1625 PartOfSpeech=TO] [Text=turning CharacterOffsetBegin=1626 CharacterOffsetEnd=1633 PartOfSpeech=VBG] [Text=lead CharacterOffsetBegin=1634 CharacterOffsetEnd=1638 PartOfSpeech=NN] [Text=into CharacterOffsetBegin=1639 CharacterOffsetEnd=1643 PartOfSpeech=IN] [Text=gold CharacterOffsetBegin=1644 CharacterOffsetEnd=1648 PartOfSpeech=NN] [Text=, CharacterOffsetBegin=1648 CharacterOffsetEnd=1649 PartOfSpeech=,] [Text=or CharacterOffsetBegin=1650 CharacterOffsetEnd=1652 PartOfSpeech=CC] [Text=some CharacterOffsetBegin=1653 CharacterOffsetEnd=1657 PartOfSpeech=DT] [Text=arcane CharacterOffsetBegin=1658 CharacterOffsetEnd=1664 PartOfSpeech=JJ] [Text=Zen CharacterOffsetBegin=1665 CharacterOffsetEnd=1668 PartOfSpeech=NN] [Text=mastery CharacterOffsetBegin=1669 CharacterOffsetEnd=1676 PartOfSpeech=NN] [Text=. CharacterOffsetBegin=1676 CharacterOffsetEnd=1677 PartOfSpeech=.] 
root(ROOT-0, akin-4)
det(task-2, The-1)
nsubj(akin-4, task-2)
cop(akin-4, is-3)
prep(akin-4, to-5)
pcomp(to-5, turning-6)
dobj(turning-6, lead-7)
prep(turning-6, into-8)
pobj(into-8, gold-9)
punct(gold-9, ,-10)
cc(gold-9, or-11)
det(mastery-15, some-12)
amod(mastery-15, arcane-13)
nn(mastery-15, Zen-14)
conj(gold-9, mastery-15)
punct(akin-4, .-16)

Sentence #16 (8 tokens):
Oh well, better luck next time.
[Text=Oh CharacterOffsetBegin=1682 CharacterOffsetEnd=1684 PartOfSpeech=UH] [Text=well CharacterOffsetBegin=1685 CharacterOffsetEnd=1689 PartOfSpeech=RB] [Text=, CharacterOffsetBegin=1689 CharacterOffsetEnd=1690 PartOfSpeech=,] [Text=better CharacterOffsetBegin=1691 CharacterOffsetEnd=1697 PartOfSpeech=JJR] [Text=luck CharacterOffsetBegin=1698 CharacterOffsetEnd=1702 PartOfSpeech=NN] [Text=next CharacterOffsetBegin=1703 CharacterOffsetEnd=1707 PartOfSpeech=JJ] [Text=time CharacterOffsetBegin=1708 CharacterOffsetEnd=1712 PartOfSpeech=NN] [Text=. CharacterOffsetBegin=1712 CharacterOffsetEnd=1713 PartOfSpeech=.] 
root(ROOT-0, Oh-1)
advmod(Oh-1, well-2)
punct(Oh-1, ,-3)
amod(luck-5, better-4)
dep(Oh-1, luck-5)
amod(time-7, next-6)
tmod(luck-5, time-7)
punct(Oh-1, .-8)

