Sentence #1 (28 tokens):
five minutes after watching this i logged on to IMDb to warn all of you out there not to bother with this movie... genre:horror?
[Text=five CharacterOffsetBegin=4 CharacterOffsetEnd=8 PartOfSpeech=CD] [Text=minutes CharacterOffsetBegin=9 CharacterOffsetEnd=16 PartOfSpeech=NNS] [Text=after CharacterOffsetBegin=17 CharacterOffsetEnd=22 PartOfSpeech=IN] [Text=watching CharacterOffsetBegin=23 CharacterOffsetEnd=31 PartOfSpeech=VBG] [Text=this CharacterOffsetBegin=32 CharacterOffsetEnd=36 PartOfSpeech=DT] [Text=i CharacterOffsetBegin=37 CharacterOffsetEnd=38 PartOfSpeech=FW] [Text=logged CharacterOffsetBegin=39 CharacterOffsetEnd=45 PartOfSpeech=VBN] [Text=on CharacterOffsetBegin=46 CharacterOffsetEnd=48 PartOfSpeech=IN] [Text=to CharacterOffsetBegin=49 CharacterOffsetEnd=51 PartOfSpeech=TO] [Text=IMDb CharacterOffsetBegin=52 CharacterOffsetEnd=56 PartOfSpeech=NNP] [Text=to CharacterOffsetBegin=57 CharacterOffsetEnd=59 PartOfSpeech=TO] [Text=warn CharacterOffsetBegin=60 CharacterOffsetEnd=64 PartOfSpeech=VB] [Text=all CharacterOffsetBegin=65 CharacterOffsetEnd=68 PartOfSpeech=DT] [Text=of CharacterOffsetBegin=69 CharacterOffsetEnd=71 PartOfSpeech=IN] [Text=you CharacterOffsetBegin=72 CharacterOffsetEnd=75 PartOfSpeech=PRP] [Text=out CharacterOffsetBegin=76 CharacterOffsetEnd=79 PartOfSpeech=IN] [Text=there CharacterOffsetBegin=80 CharacterOffsetEnd=85 PartOfSpeech=RB] [Text=not CharacterOffsetBegin=86 CharacterOffsetEnd=89 PartOfSpeech=RB] [Text=to CharacterOffsetBegin=90 CharacterOffsetEnd=92 PartOfSpeech=TO] [Text=bother CharacterOffsetBegin=93 CharacterOffsetEnd=99 PartOfSpeech=VB] [Text=with CharacterOffsetBegin=100 CharacterOffsetEnd=104 PartOfSpeech=IN] [Text=this CharacterOffsetBegin=105 CharacterOffsetEnd=109 PartOfSpeech=DT] [Text=movie CharacterOffsetBegin=110 CharacterOffsetEnd=115 PartOfSpeech=NN] [Text=... CharacterOffsetBegin=115 CharacterOffsetEnd=118 PartOfSpeech=:] [Text=genre CharacterOffsetBegin=119 CharacterOffsetEnd=124 PartOfSpeech=NN] [Text=: CharacterOffsetBegin=124 CharacterOffsetEnd=125 PartOfSpeech=:] [Text=horror CharacterOffsetBegin=125 CharacterOffsetEnd=131 PartOfSpeech=NN] [Text=? CharacterOffsetBegin=131 CharacterOffsetEnd=132 PartOfSpeech=.] 
root(ROOT-0, genre-25)
num(minutes-2, five-1)
npadvmod(after-3, minutes-2)
prep(genre-25, after-3)
pcomp(after-3, watching-4)
nsubjpass(logged-7, this-5)
advmod(logged-7, i-6)
ccomp(watching-4, logged-7)
prep(logged-7, on-8)
prep(on-8, to-9)
pobj(to-9, IMDb-10)
aux(warn-12, to-11)
xcomp(logged-7, warn-12)
dobj(warn-12, all-13)
prep(all-13, of-14)
pobj(of-14, you-15)
prep(warn-12, out-16)
pobj(out-16, there-17)
neg(bother-20, not-18)
aux(bother-20, to-19)
xcomp(warn-12, bother-20)
prep(bother-20, with-21)
det(movie-23, this-22)
pobj(with-21, movie-23)
punct(genre-25, ...-24)
punct(genre-25, :-26)
dep(genre-25, horror-27)
punct(genre-25, ?-28)

Sentence #2 (86 tokens):
it had moments of mild suspense and throughout the whole movie i was thinking to myself "somethings gotta happen soon" it did not...when the movie ended i felt so embarrassed for the writer/director i've never been the biggest fan of patrick rea this guy just does not know how to make movies and after watching this sorry excuse of a horror flick i've gone from not been the biggest fan to will not watch another of his works.
[Text=it CharacterOffsetBegin=137 CharacterOffsetEnd=139 PartOfSpeech=PRP] [Text=had CharacterOffsetBegin=140 CharacterOffsetEnd=143 PartOfSpeech=VBD] [Text=moments CharacterOffsetBegin=144 CharacterOffsetEnd=151 PartOfSpeech=NNS] [Text=of CharacterOffsetBegin=152 CharacterOffsetEnd=154 PartOfSpeech=IN] [Text=mild CharacterOffsetBegin=155 CharacterOffsetEnd=159 PartOfSpeech=JJ] [Text=suspense CharacterOffsetBegin=160 CharacterOffsetEnd=168 PartOfSpeech=NN] [Text=and CharacterOffsetBegin=169 CharacterOffsetEnd=172 PartOfSpeech=CC] [Text=throughout CharacterOffsetBegin=173 CharacterOffsetEnd=183 PartOfSpeech=IN] [Text=the CharacterOffsetBegin=184 CharacterOffsetEnd=187 PartOfSpeech=DT] [Text=whole CharacterOffsetBegin=188 CharacterOffsetEnd=193 PartOfSpeech=JJ] [Text=movie CharacterOffsetBegin=194 CharacterOffsetEnd=199 PartOfSpeech=NN] [Text=i CharacterOffsetBegin=200 CharacterOffsetEnd=201 PartOfSpeech=FW] [Text=was CharacterOffsetBegin=202 CharacterOffsetEnd=205 PartOfSpeech=VBD] [Text=thinking CharacterOffsetBegin=206 CharacterOffsetEnd=214 PartOfSpeech=VBG] [Text=to CharacterOffsetBegin=215 CharacterOffsetEnd=217 PartOfSpeech=TO] [Text=myself CharacterOffsetBegin=218 CharacterOffsetEnd=224 PartOfSpeech=PRP] [Text=`` CharacterOffsetBegin=225 CharacterOffsetEnd=226 PartOfSpeech=``] [Text=somethings CharacterOffsetBegin=226 CharacterOffsetEnd=236 PartOfSpeech=NNS] [Text=got CharacterOffsetBegin=237 CharacterOffsetEnd=240 PartOfSpeech=VBD] [Text=ta CharacterOffsetBegin=240 CharacterOffsetEnd=242 PartOfSpeech=NN] [Text=happen CharacterOffsetBegin=243 CharacterOffsetEnd=249 PartOfSpeech=VB] [Text=soon CharacterOffsetBegin=250 CharacterOffsetEnd=254 PartOfSpeech=RB] [Text='' CharacterOffsetBegin=254 CharacterOffsetEnd=255 PartOfSpeech=''] [Text=it CharacterOffsetBegin=256 CharacterOffsetEnd=258 PartOfSpeech=PRP] [Text=did CharacterOffsetBegin=259 CharacterOffsetEnd=262 PartOfSpeech=VBD] [Text=not CharacterOffsetBegin=263 CharacterOffsetEnd=266 PartOfSpeech=RB] [Text=... CharacterOffsetBegin=266 CharacterOffsetEnd=269 PartOfSpeech=:] [Text=when CharacterOffsetBegin=269 CharacterOffsetEnd=273 PartOfSpeech=WRB] [Text=the CharacterOffsetBegin=274 CharacterOffsetEnd=277 PartOfSpeech=DT] [Text=movie CharacterOffsetBegin=278 CharacterOffsetEnd=283 PartOfSpeech=NN] [Text=ended CharacterOffsetBegin=284 CharacterOffsetEnd=289 PartOfSpeech=VBD] [Text=i CharacterOffsetBegin=290 CharacterOffsetEnd=291 PartOfSpeech=FW] [Text=felt CharacterOffsetBegin=292 CharacterOffsetEnd=296 PartOfSpeech=VBD] [Text=so CharacterOffsetBegin=297 CharacterOffsetEnd=299 PartOfSpeech=RB] [Text=embarrassed CharacterOffsetBegin=300 CharacterOffsetEnd=311 PartOfSpeech=JJ] [Text=for CharacterOffsetBegin=312 CharacterOffsetEnd=315 PartOfSpeech=IN] [Text=the CharacterOffsetBegin=316 CharacterOffsetEnd=319 PartOfSpeech=DT] [Text=writer/director CharacterOffsetBegin=320 CharacterOffsetEnd=335 PartOfSpeech=NN] [Text=i CharacterOffsetBegin=336 CharacterOffsetEnd=337 PartOfSpeech=FW] [Text='ve CharacterOffsetBegin=337 CharacterOffsetEnd=340 PartOfSpeech=VBP] [Text=never CharacterOffsetBegin=341 CharacterOffsetEnd=346 PartOfSpeech=RB] [Text=been CharacterOffsetBegin=347 CharacterOffsetEnd=351 PartOfSpeech=VBN] [Text=the CharacterOffsetBegin=352 CharacterOffsetEnd=355 PartOfSpeech=DT] [Text=biggest CharacterOffsetBegin=356 CharacterOffsetEnd=363 PartOfSpeech=JJS] [Text=fan CharacterOffsetBegin=364 CharacterOffsetEnd=367 PartOfSpeech=NN] [Text=of CharacterOffsetBegin=368 CharacterOffsetEnd=370 PartOfSpeech=IN] [Text=patrick CharacterOffsetBegin=371 CharacterOffsetEnd=378 PartOfSpeech=NN] [Text=rea CharacterOffsetBegin=379 CharacterOffsetEnd=382 PartOfSpeech=NN] [Text=this CharacterOffsetBegin=383 CharacterOffsetEnd=387 PartOfSpeech=DT] [Text=guy CharacterOffsetBegin=388 CharacterOffsetEnd=391 PartOfSpeech=NN] [Text=just CharacterOffsetBegin=392 CharacterOffsetEnd=396 PartOfSpeech=RB] [Text=does CharacterOffsetBegin=397 CharacterOffsetEnd=401 PartOfSpeech=VBZ] [Text=not CharacterOffsetBegin=402 CharacterOffsetEnd=405 PartOfSpeech=RB] [Text=know CharacterOffsetBegin=406 CharacterOffsetEnd=410 PartOfSpeech=VB] [Text=how CharacterOffsetBegin=411 CharacterOffsetEnd=414 PartOfSpeech=WRB] [Text=to CharacterOffsetBegin=415 CharacterOffsetEnd=417 PartOfSpeech=TO] [Text=make CharacterOffsetBegin=418 CharacterOffsetEnd=422 PartOfSpeech=VB] [Text=movies CharacterOffsetBegin=423 CharacterOffsetEnd=429 PartOfSpeech=NNS] [Text=and CharacterOffsetBegin=430 CharacterOffsetEnd=433 PartOfSpeech=CC] [Text=after CharacterOffsetBegin=434 CharacterOffsetEnd=439 PartOfSpeech=IN] [Text=watching CharacterOffsetBegin=440 CharacterOffsetEnd=448 PartOfSpeech=VBG] [Text=this CharacterOffsetBegin=449 CharacterOffsetEnd=453 PartOfSpeech=DT] [Text=sorry CharacterOffsetBegin=454 CharacterOffsetEnd=459 PartOfSpeech=JJ] [Text=excuse CharacterOffsetBegin=460 CharacterOffsetEnd=466 PartOfSpeech=NN] [Text=of CharacterOffsetBegin=467 CharacterOffsetEnd=469 PartOfSpeech=IN] [Text=a CharacterOffsetBegin=470 CharacterOffsetEnd=471 PartOfSpeech=DT] [Text=horror CharacterOffsetBegin=472 CharacterOffsetEnd=478 PartOfSpeech=NN] [Text=flick CharacterOffsetBegin=479 CharacterOffsetEnd=484 PartOfSpeech=NN] [Text=i CharacterOffsetBegin=485 CharacterOffsetEnd=486 PartOfSpeech=FW] [Text='ve CharacterOffsetBegin=486 CharacterOffsetEnd=489 PartOfSpeech=VBP] [Text=gone CharacterOffsetBegin=490 CharacterOffsetEnd=494 PartOfSpeech=VBN] [Text=from CharacterOffsetBegin=495 CharacterOffsetEnd=499 PartOfSpeech=IN] [Text=not CharacterOffsetBegin=500 CharacterOffsetEnd=503 PartOfSpeech=RB] [Text=been CharacterOffsetBegin=504 CharacterOffsetEnd=508 PartOfSpeech=VBN] [Text=the CharacterOffsetBegin=509 CharacterOffsetEnd=512 PartOfSpeech=DT] [Text=biggest CharacterOffsetBegin=513 CharacterOffsetEnd=520 PartOfSpeech=JJS] [Text=fan CharacterOffsetBegin=521 CharacterOffsetEnd=524 PartOfSpeech=NN] [Text=to CharacterOffsetBegin=525 CharacterOffsetEnd=527 PartOfSpeech=TO] [Text=will CharacterOffsetBegin=528 CharacterOffsetEnd=532 PartOfSpeech=MD] [Text=not CharacterOffsetBegin=533 CharacterOffsetEnd=536 PartOfSpeech=RB] [Text=watch CharacterOffsetBegin=537 CharacterOffsetEnd=542 PartOfSpeech=VB] [Text=another CharacterOffsetBegin=543 CharacterOffsetEnd=550 PartOfSpeech=DT] [Text=of CharacterOffsetBegin=551 CharacterOffsetEnd=553 PartOfSpeech=IN] [Text=his CharacterOffsetBegin=554 CharacterOffsetEnd=557 PartOfSpeech=PRP$] [Text=works CharacterOffsetBegin=558 CharacterOffsetEnd=563 PartOfSpeech=NNS] [Text=. CharacterOffsetBegin=563 CharacterOffsetEnd=564 PartOfSpeech=.] 
root(ROOT-0, had-2)
nsubj(had-2, it-1)
dobj(had-2, moments-3)
prep(moments-3, of-4)
amod(suspense-6, mild-5)
pobj(of-4, suspense-6)
cc(had-2, and-7)
prep(thinking-14, throughout-8)
det(i-12, the-9)
amod(i-12, whole-10)
nn(i-12, movie-11)
pobj(throughout-8, i-12)
aux(thinking-14, was-13)
conj(had-2, thinking-14)
prep(thinking-14, to-15)
pobj(to-15, myself-16)
punct(thinking-14, ``-17)
nsubj(happen-21, somethings-18)
aux(happen-21, got-19)
nsubj(happen-21, ta-20)
ccomp(thinking-14, happen-21)
advmod(happen-21, soon-22)
punct(happen-21, ''-23)
nsubj(did-25, it-24)
parataxis(happen-21, did-25)
neg(did-25, not-26)
punct(had-2, ...-27)
advmod(ended-31, when-28)
det(movie-30, the-29)
nsubj(ended-31, movie-30)
advcl(had-2, ended-31)
nsubj(felt-33, i-32)
ccomp(ended-31, felt-33)
advmod(embarrassed-35, so-34)
acomp(felt-33, embarrassed-35)
prep(embarrassed-35, for-36)
det(i-39, the-37)
nn(i-39, writer/director-38)
pobj(for-36, i-39)
aux(fan-45, 've-40)
neg(fan-45, never-41)
cop(fan-45, been-42)
det(fan-45, the-43)
amod(fan-45, biggest-44)
dobj(felt-33, fan-45)
prep(fan-45, of-46)
nn(rea-48, patrick-47)
pobj(of-46, rea-48)
det(guy-50, this-49)
nsubj(know-54, guy-50)
advmod(know-54, just-51)
aux(know-54, does-52)
neg(know-54, not-53)
rcmod(fan-45, know-54)
advmod(make-57, how-55)
aux(make-57, to-56)
ccomp(know-54, make-57)
dobj(make-57, movies-58)
cc(make-57, and-59)
prep(gone-71, after-60)
pcomp(after-60, watching-61)
det(excuse-64, this-62)
amod(excuse-64, sorry-63)
dobj(watching-61, excuse-64)
prep(excuse-64, of-65)
det(i-69, a-66)
nn(i-69, horror-67)
nn(i-69, flick-68)
pobj(of-65, i-69)
aux(gone-71, 've-70)
conj(make-57, gone-71)
prep(gone-71, from-72)
neg(fan-77, not-73)
cop(fan-77, been-74)
det(fan-77, the-75)
amod(fan-77, biggest-76)
pcomp(from-72, fan-77)
aux(watch-81, to-78)
aux(watch-81, will-79)
neg(watch-81, not-80)
infmod(fan-77, watch-81)
dobj(watch-81, another-82)
prep(another-82, of-83)
poss(works-85, his-84)
pobj(of-83, works-85)
punct(had-2, .-86)

Sentence #3 (1 tokens):
.
[Text=. CharacterOffsetBegin=564 CharacterOffsetEnd=565 PartOfSpeech=.] 
root(ROOT-0, .-1)

Sentence #4 (24 tokens):
i was taken in by the plot summary please don't make the same mistake.i gave this movie a 2 for the actors.
[Text=i CharacterOffsetBegin=565 CharacterOffsetEnd=566 PartOfSpeech=LS] [Text=was CharacterOffsetBegin=567 CharacterOffsetEnd=570 PartOfSpeech=VBD] [Text=taken CharacterOffsetBegin=571 CharacterOffsetEnd=576 PartOfSpeech=VBN] [Text=in CharacterOffsetBegin=577 CharacterOffsetEnd=579 PartOfSpeech=RP] [Text=by CharacterOffsetBegin=580 CharacterOffsetEnd=582 PartOfSpeech=IN] [Text=the CharacterOffsetBegin=583 CharacterOffsetEnd=586 PartOfSpeech=DT] [Text=plot CharacterOffsetBegin=587 CharacterOffsetEnd=591 PartOfSpeech=NN] [Text=summary CharacterOffsetBegin=592 CharacterOffsetEnd=599 PartOfSpeech=NN] [Text=please CharacterOffsetBegin=600 CharacterOffsetEnd=606 PartOfSpeech=VB] [Text=do CharacterOffsetBegin=607 CharacterOffsetEnd=609 PartOfSpeech=VBP] [Text=n't CharacterOffsetBegin=609 CharacterOffsetEnd=612 PartOfSpeech=RB] [Text=make CharacterOffsetBegin=613 CharacterOffsetEnd=617 PartOfSpeech=VB] [Text=the CharacterOffsetBegin=618 CharacterOffsetEnd=621 PartOfSpeech=DT] [Text=same CharacterOffsetBegin=622 CharacterOffsetEnd=626 PartOfSpeech=JJ] [Text=mistake.i CharacterOffsetBegin=627 CharacterOffsetEnd=636 PartOfSpeech=NNS] [Text=gave CharacterOffsetBegin=637 CharacterOffsetEnd=641 PartOfSpeech=VBD] [Text=this CharacterOffsetBegin=642 CharacterOffsetEnd=646 PartOfSpeech=DT] [Text=movie CharacterOffsetBegin=647 CharacterOffsetEnd=652 PartOfSpeech=NN] [Text=a CharacterOffsetBegin=653 CharacterOffsetEnd=654 PartOfSpeech=DT] [Text=2 CharacterOffsetBegin=655 CharacterOffsetEnd=656 PartOfSpeech=CD] [Text=for CharacterOffsetBegin=657 CharacterOffsetEnd=660 PartOfSpeech=IN] [Text=the CharacterOffsetBegin=661 CharacterOffsetEnd=664 PartOfSpeech=DT] [Text=actors CharacterOffsetBegin=665 CharacterOffsetEnd=671 PartOfSpeech=NNS] [Text=. CharacterOffsetBegin=671 CharacterOffsetEnd=672 PartOfSpeech=.] 
root(ROOT-0, taken-3)
nsubjpass(taken-3, i-1)
auxpass(taken-3, was-2)
prt(taken-3, in-4)
prep(taken-3, by-5)
det(plot-7, the-6)
pobj(by-5, plot-7)
nn(please-9, summary-8)
nsubj(make-12, please-9)
aux(make-12, do-10)
neg(make-12, n't-11)
rcmod(plot-7, make-12)
det(mistake.i-15, the-13)
amod(mistake.i-15, same-14)
dobj(make-12, mistake.i-15)
dep(taken-3, gave-16)
det(movie-18, this-17)
iobj(gave-16, movie-18)
det(2-20, a-19)
dobj(gave-16, 2-20)
prep(2-20, for-21)
det(actors-23, the-22)
pobj(for-21, actors-23)
punct(taken-3, .-24)

Sentence #5 (1 tokens):
.
[Text=. CharacterOffsetBegin=672 CharacterOffsetEnd=673 PartOfSpeech=.] 
root(ROOT-0, .-1)

Sentence #6 (16 tokens):
they were not bad and it wasn't there fault they got such bad direction...
[Text=they CharacterOffsetBegin=673 CharacterOffsetEnd=677 PartOfSpeech=PRP] [Text=were CharacterOffsetBegin=678 CharacterOffsetEnd=682 PartOfSpeech=VBD] [Text=not CharacterOffsetBegin=683 CharacterOffsetEnd=686 PartOfSpeech=RB] [Text=bad CharacterOffsetBegin=687 CharacterOffsetEnd=690 PartOfSpeech=JJ] [Text=and CharacterOffsetBegin=691 CharacterOffsetEnd=694 PartOfSpeech=CC] [Text=it CharacterOffsetBegin=695 CharacterOffsetEnd=697 PartOfSpeech=PRP] [Text=was CharacterOffsetBegin=698 CharacterOffsetEnd=701 PartOfSpeech=VBD] [Text=n't CharacterOffsetBegin=701 CharacterOffsetEnd=704 PartOfSpeech=RB] [Text=there CharacterOffsetBegin=705 CharacterOffsetEnd=710 PartOfSpeech=RB] [Text=fault CharacterOffsetBegin=711 CharacterOffsetEnd=716 PartOfSpeech=NN] [Text=they CharacterOffsetBegin=717 CharacterOffsetEnd=721 PartOfSpeech=PRP] [Text=got CharacterOffsetBegin=722 CharacterOffsetEnd=725 PartOfSpeech=VBD] [Text=such CharacterOffsetBegin=726 CharacterOffsetEnd=730 PartOfSpeech=JJ] [Text=bad CharacterOffsetBegin=731 CharacterOffsetEnd=734 PartOfSpeech=JJ] [Text=direction CharacterOffsetBegin=735 CharacterOffsetEnd=744 PartOfSpeech=NN] [Text=... CharacterOffsetBegin=744 CharacterOffsetEnd=747 PartOfSpeech=:] 
root(ROOT-0, bad-4)
nsubj(bad-4, they-1)
cop(bad-4, were-2)
neg(bad-4, not-3)
cc(bad-4, and-5)
nsubj(fault-10, it-6)
cop(fault-10, was-7)
neg(fault-10, n't-8)
advmod(fault-10, there-9)
conj(bad-4, fault-10)
nsubj(got-12, they-11)
rcmod(fault-10, got-12)
amod(direction-15, such-13)
amod(direction-15, bad-14)
dobj(got-12, direction-15)
punct(bad-4, ...-16)

