Sentence #1 (20 tokens):
Yes, even as a fan of shows like survivor and the apprentice, this show is pretty bad.
[Text=Yes CharacterOffsetBegin=4 CharacterOffsetEnd=7 PartOfSpeech=UH] [Text=, CharacterOffsetBegin=7 CharacterOffsetEnd=8 PartOfSpeech=,] [Text=even CharacterOffsetBegin=9 CharacterOffsetEnd=13 PartOfSpeech=RB] [Text=as CharacterOffsetBegin=14 CharacterOffsetEnd=16 PartOfSpeech=IN] [Text=a CharacterOffsetBegin=17 CharacterOffsetEnd=18 PartOfSpeech=DT] [Text=fan CharacterOffsetBegin=19 CharacterOffsetEnd=22 PartOfSpeech=NN] [Text=of CharacterOffsetBegin=23 CharacterOffsetEnd=25 PartOfSpeech=IN] [Text=shows CharacterOffsetBegin=26 CharacterOffsetEnd=31 PartOfSpeech=NNS] [Text=like CharacterOffsetBegin=32 CharacterOffsetEnd=36 PartOfSpeech=IN] [Text=survivor CharacterOffsetBegin=37 CharacterOffsetEnd=45 PartOfSpeech=NN] [Text=and CharacterOffsetBegin=46 CharacterOffsetEnd=49 PartOfSpeech=CC] [Text=the CharacterOffsetBegin=50 CharacterOffsetEnd=53 PartOfSpeech=DT] [Text=apprentice CharacterOffsetBegin=54 CharacterOffsetEnd=64 PartOfSpeech=NN] [Text=, CharacterOffsetBegin=64 CharacterOffsetEnd=65 PartOfSpeech=,] [Text=this CharacterOffsetBegin=66 CharacterOffsetEnd=70 PartOfSpeech=DT] [Text=show CharacterOffsetBegin=71 CharacterOffsetEnd=75 PartOfSpeech=NN] [Text=is CharacterOffsetBegin=76 CharacterOffsetEnd=78 PartOfSpeech=VBZ] [Text=pretty CharacterOffsetBegin=79 CharacterOffsetEnd=85 PartOfSpeech=RB] [Text=bad CharacterOffsetBegin=86 CharacterOffsetEnd=89 PartOfSpeech=JJ] [Text=. CharacterOffsetBegin=89 CharacterOffsetEnd=90 PartOfSpeech=.] 
root(ROOT-0, bad-19)
discourse(bad-19, Yes-1)
punct(bad-19, ,-2)
advmod(as-4, even-3)
prep(bad-19, as-4)
det(fan-6, a-5)
pobj(as-4, fan-6)
prep(fan-6, of-7)
pobj(of-7, shows-8)
prep(shows-8, like-9)
pobj(like-9, survivor-10)
cc(survivor-10, and-11)
det(apprentice-13, the-12)
conj(survivor-10, apprentice-13)
punct(bad-19, ,-14)
det(show-16, this-15)
nsubj(bad-19, show-16)
cop(bad-19, is-17)
advmod(bad-19, pretty-18)
punct(bad-19, .-20)

Sentence #2 (66 tokens):
I didn't mind the first couple of shows, but then realizing how pathetic everyone was to actually go on the show in the first place.The antics of Alex and Aaron giving men a bad name at the way they cheated on or dumped their choice at the first opportunity really was not a good look for the show.Ryan, you can have Trista.
[Text=I CharacterOffsetBegin=95 CharacterOffsetEnd=96 PartOfSpeech=PRP] [Text=did CharacterOffsetBegin=97 CharacterOffsetEnd=100 PartOfSpeech=VBD] [Text=n't CharacterOffsetBegin=100 CharacterOffsetEnd=103 PartOfSpeech=RB] [Text=mind CharacterOffsetBegin=104 CharacterOffsetEnd=108 PartOfSpeech=VB] [Text=the CharacterOffsetBegin=109 CharacterOffsetEnd=112 PartOfSpeech=DT] [Text=first CharacterOffsetBegin=113 CharacterOffsetEnd=118 PartOfSpeech=JJ] [Text=couple CharacterOffsetBegin=119 CharacterOffsetEnd=125 PartOfSpeech=NN] [Text=of CharacterOffsetBegin=126 CharacterOffsetEnd=128 PartOfSpeech=IN] [Text=shows CharacterOffsetBegin=129 CharacterOffsetEnd=134 PartOfSpeech=NNS] [Text=, CharacterOffsetBegin=134 CharacterOffsetEnd=135 PartOfSpeech=,] [Text=but CharacterOffsetBegin=136 CharacterOffsetEnd=139 PartOfSpeech=CC] [Text=then CharacterOffsetBegin=140 CharacterOffsetEnd=144 PartOfSpeech=RB] [Text=realizing CharacterOffsetBegin=145 CharacterOffsetEnd=154 PartOfSpeech=VBG] [Text=how CharacterOffsetBegin=155 CharacterOffsetEnd=158 PartOfSpeech=WRB] [Text=pathetic CharacterOffsetBegin=159 CharacterOffsetEnd=167 PartOfSpeech=JJ] [Text=everyone CharacterOffsetBegin=168 CharacterOffsetEnd=176 PartOfSpeech=NN] [Text=was CharacterOffsetBegin=177 CharacterOffsetEnd=180 PartOfSpeech=VBD] [Text=to CharacterOffsetBegin=181 CharacterOffsetEnd=183 PartOfSpeech=TO] [Text=actually CharacterOffsetBegin=184 CharacterOffsetEnd=192 PartOfSpeech=RB] [Text=go CharacterOffsetBegin=193 CharacterOffsetEnd=195 PartOfSpeech=VB] [Text=on CharacterOffsetBegin=196 CharacterOffsetEnd=198 PartOfSpeech=IN] [Text=the CharacterOffsetBegin=199 CharacterOffsetEnd=202 PartOfSpeech=DT] [Text=show CharacterOffsetBegin=203 CharacterOffsetEnd=207 PartOfSpeech=NN] [Text=in CharacterOffsetBegin=208 CharacterOffsetEnd=210 PartOfSpeech=IN] [Text=the CharacterOffsetBegin=211 CharacterOffsetEnd=214 PartOfSpeech=DT] [Text=first CharacterOffsetBegin=215 CharacterOffsetEnd=220 PartOfSpeech=JJ] [Text=place.The CharacterOffsetBegin=221 CharacterOffsetEnd=230 PartOfSpeech=NN] [Text=antics CharacterOffsetBegin=231 CharacterOffsetEnd=237 PartOfSpeech=NNS] [Text=of CharacterOffsetBegin=238 CharacterOffsetEnd=240 PartOfSpeech=IN] [Text=Alex CharacterOffsetBegin=241 CharacterOffsetEnd=245 PartOfSpeech=NNP] [Text=and CharacterOffsetBegin=246 CharacterOffsetEnd=249 PartOfSpeech=CC] [Text=Aaron CharacterOffsetBegin=250 CharacterOffsetEnd=255 PartOfSpeech=NNP] [Text=giving CharacterOffsetBegin=256 CharacterOffsetEnd=262 PartOfSpeech=VBG] [Text=men CharacterOffsetBegin=263 CharacterOffsetEnd=266 PartOfSpeech=NNS] [Text=a CharacterOffsetBegin=267 CharacterOffsetEnd=268 PartOfSpeech=DT] [Text=bad CharacterOffsetBegin=269 CharacterOffsetEnd=272 PartOfSpeech=JJ] [Text=name CharacterOffsetBegin=273 CharacterOffsetEnd=277 PartOfSpeech=NN] [Text=at CharacterOffsetBegin=278 CharacterOffsetEnd=280 PartOfSpeech=IN] [Text=the CharacterOffsetBegin=281 CharacterOffsetEnd=284 PartOfSpeech=DT] [Text=way CharacterOffsetBegin=285 CharacterOffsetEnd=288 PartOfSpeech=NN] [Text=they CharacterOffsetBegin=289 CharacterOffsetEnd=293 PartOfSpeech=PRP] [Text=cheated CharacterOffsetBegin=294 CharacterOffsetEnd=301 PartOfSpeech=VBD] [Text=on CharacterOffsetBegin=302 CharacterOffsetEnd=304 PartOfSpeech=IN] [Text=or CharacterOffsetBegin=305 CharacterOffsetEnd=307 PartOfSpeech=CC] [Text=dumped CharacterOffsetBegin=308 CharacterOffsetEnd=314 PartOfSpeech=VBD] [Text=their CharacterOffsetBegin=315 CharacterOffsetEnd=320 PartOfSpeech=PRP$] [Text=choice CharacterOffsetBegin=321 CharacterOffsetEnd=327 PartOfSpeech=NN] [Text=at CharacterOffsetBegin=328 CharacterOffsetEnd=330 PartOfSpeech=IN] [Text=the CharacterOffsetBegin=331 CharacterOffsetEnd=334 PartOfSpeech=DT] [Text=first CharacterOffsetBegin=335 CharacterOffsetEnd=340 PartOfSpeech=JJ] [Text=opportunity CharacterOffsetBegin=341 CharacterOffsetEnd=352 PartOfSpeech=NN] [Text=really CharacterOffsetBegin=353 CharacterOffsetEnd=359 PartOfSpeech=RB] [Text=was CharacterOffsetBegin=360 CharacterOffsetEnd=363 PartOfSpeech=VBD] [Text=not CharacterOffsetBegin=364 CharacterOffsetEnd=367 PartOfSpeech=RB] [Text=a CharacterOffsetBegin=368 CharacterOffsetEnd=369 PartOfSpeech=DT] [Text=good CharacterOffsetBegin=370 CharacterOffsetEnd=374 PartOfSpeech=JJ] [Text=look CharacterOffsetBegin=375 CharacterOffsetEnd=379 PartOfSpeech=NN] [Text=for CharacterOffsetBegin=380 CharacterOffsetEnd=383 PartOfSpeech=IN] [Text=the CharacterOffsetBegin=384 CharacterOffsetEnd=387 PartOfSpeech=DT] [Text=show.Ryan CharacterOffsetBegin=388 CharacterOffsetEnd=397 PartOfSpeech=NN] [Text=, CharacterOffsetBegin=397 CharacterOffsetEnd=398 PartOfSpeech=,] [Text=you CharacterOffsetBegin=399 CharacterOffsetEnd=402 PartOfSpeech=PRP] [Text=can CharacterOffsetBegin=403 CharacterOffsetEnd=406 PartOfSpeech=MD] [Text=have CharacterOffsetBegin=407 CharacterOffsetEnd=411 PartOfSpeech=VB] [Text=Trista CharacterOffsetBegin=412 CharacterOffsetEnd=418 PartOfSpeech=NNP] [Text=. CharacterOffsetBegin=418 CharacterOffsetEnd=419 PartOfSpeech=.] 
root(ROOT-0, mind-4)
nsubj(mind-4, I-1)
aux(mind-4, did-2)
neg(mind-4, n't-3)
det(couple-7, the-5)
amod(couple-7, first-6)
dobj(mind-4, couple-7)
prep(couple-7, of-8)
pobj(of-8, shows-9)
punct(mind-4, ,-10)
cc(mind-4, but-11)
advmod(realizing-13, then-12)
conj(mind-4, realizing-13)
advmod(pathetic-15, how-14)
dep(was-17, pathetic-15)
nsubj(was-17, everyone-16)
ccomp(realizing-13, was-17)
aux(go-20, to-18)
advmod(go-20, actually-19)
xcomp(was-17, go-20)
prep(go-20, on-21)
det(show-23, the-22)
pobj(on-21, show-23)
prep(show-23, in-24)
det(antics-28, the-25)
amod(antics-28, first-26)
nn(antics-28, place.The-27)
pobj(in-24, antics-28)
prep(antics-28, of-29)
pobj(of-29, Alex-30)
cc(Alex-30, and-31)
conj(Alex-30, Aaron-32)
xcomp(go-20, giving-33)
iobj(giving-33, men-34)
det(name-37, a-35)
amod(name-37, bad-36)
dobj(giving-33, name-37)
prep(name-37, at-38)
det(way-40, the-39)
pobj(at-38, way-40)
nsubj(cheated-42, they-41)
nsubj(look-57, cheated-42)
prt(cheated-42, on-43)
cc(cheated-42, or-44)
conj(cheated-42, dumped-45)
poss(choice-47, their-46)
dobj(dumped-45, choice-47)
prep(dumped-45, at-48)
det(opportunity-51, the-49)
amod(opportunity-51, first-50)
pobj(at-48, opportunity-51)
advmod(look-57, really-52)
cop(look-57, was-53)
neg(look-57, not-54)
det(look-57, a-55)
amod(look-57, good-56)
rcmod(way-40, look-57)
prep(look-57, for-58)
det(show.Ryan-60, the-59)
pobj(for-58, show.Ryan-60)
punct(go-20, ,-61)
nsubj(have-64, you-62)
aux(have-64, can-63)
ccomp(go-20, have-64)
dobj(have-64, Trista-65)
punct(mind-4, .-66)

Sentence #3 (37 tokens):
She had the most annoying voice I've ever heard on television, and she definitely wasn't the smartest girl around (very media savvy, but I doubt there's much more there).
[Text=She CharacterOffsetBegin=424 CharacterOffsetEnd=427 PartOfSpeech=PRP] [Text=had CharacterOffsetBegin=428 CharacterOffsetEnd=431 PartOfSpeech=VBD] [Text=the CharacterOffsetBegin=432 CharacterOffsetEnd=435 PartOfSpeech=DT] [Text=most CharacterOffsetBegin=436 CharacterOffsetEnd=440 PartOfSpeech=RBS] [Text=annoying CharacterOffsetBegin=441 CharacterOffsetEnd=449 PartOfSpeech=JJ] [Text=voice CharacterOffsetBegin=450 CharacterOffsetEnd=455 PartOfSpeech=NN] [Text=I CharacterOffsetBegin=456 CharacterOffsetEnd=457 PartOfSpeech=PRP] [Text='ve CharacterOffsetBegin=457 CharacterOffsetEnd=460 PartOfSpeech=VBP] [Text=ever CharacterOffsetBegin=461 CharacterOffsetEnd=465 PartOfSpeech=RB] [Text=heard CharacterOffsetBegin=466 CharacterOffsetEnd=471 PartOfSpeech=VBN] [Text=on CharacterOffsetBegin=472 CharacterOffsetEnd=474 PartOfSpeech=IN] [Text=television CharacterOffsetBegin=475 CharacterOffsetEnd=485 PartOfSpeech=NN] [Text=, CharacterOffsetBegin=485 CharacterOffsetEnd=486 PartOfSpeech=,] [Text=and CharacterOffsetBegin=487 CharacterOffsetEnd=490 PartOfSpeech=CC] [Text=she CharacterOffsetBegin=491 CharacterOffsetEnd=494 PartOfSpeech=PRP] [Text=definitely CharacterOffsetBegin=495 CharacterOffsetEnd=505 PartOfSpeech=RB] [Text=was CharacterOffsetBegin=506 CharacterOffsetEnd=509 PartOfSpeech=VBD] [Text=n't CharacterOffsetBegin=509 CharacterOffsetEnd=512 PartOfSpeech=RB] [Text=the CharacterOffsetBegin=513 CharacterOffsetEnd=516 PartOfSpeech=DT] [Text=smartest CharacterOffsetBegin=517 CharacterOffsetEnd=525 PartOfSpeech=JJS] [Text=girl CharacterOffsetBegin=526 CharacterOffsetEnd=530 PartOfSpeech=NN] [Text=around CharacterOffsetBegin=531 CharacterOffsetEnd=537 PartOfSpeech=IN] [Text=-LRB- CharacterOffsetBegin=538 CharacterOffsetEnd=539 PartOfSpeech=-LRB-] [Text=very CharacterOffsetBegin=539 CharacterOffsetEnd=543 PartOfSpeech=RB] [Text=media CharacterOffsetBegin=544 CharacterOffsetEnd=549 PartOfSpeech=NNS] [Text=savvy CharacterOffsetBegin=550 CharacterOffsetEnd=555 PartOfSpeech=NN] [Text=, CharacterOffsetBegin=555 CharacterOffsetEnd=556 PartOfSpeech=,] [Text=but CharacterOffsetBegin=557 CharacterOffsetEnd=560 PartOfSpeech=CC] [Text=I CharacterOffsetBegin=561 CharacterOffsetEnd=562 PartOfSpeech=PRP] [Text=doubt CharacterOffsetBegin=563 CharacterOffsetEnd=568 PartOfSpeech=VBP] [Text=there CharacterOffsetBegin=569 CharacterOffsetEnd=574 PartOfSpeech=EX] [Text='s CharacterOffsetBegin=574 CharacterOffsetEnd=576 PartOfSpeech=VBZ] [Text=much CharacterOffsetBegin=577 CharacterOffsetEnd=581 PartOfSpeech=RB] [Text=more CharacterOffsetBegin=582 CharacterOffsetEnd=586 PartOfSpeech=JJR] [Text=there CharacterOffsetBegin=587 CharacterOffsetEnd=592 PartOfSpeech=EX] [Text=-RRB- CharacterOffsetBegin=592 CharacterOffsetEnd=593 PartOfSpeech=-RRB-] [Text=. CharacterOffsetBegin=593 CharacterOffsetEnd=594 PartOfSpeech=.] 
root(ROOT-0, had-2)
nsubj(had-2, She-1)
det(voice-6, the-3)
advmod(annoying-5, most-4)
amod(voice-6, annoying-5)
dobj(had-2, voice-6)
nsubj(heard-10, I-7)
aux(heard-10, 've-8)
advmod(heard-10, ever-9)
rcmod(voice-6, heard-10)
prep(heard-10, on-11)
pobj(on-11, television-12)
punct(had-2, ,-13)
cc(had-2, and-14)
nsubj(girl-21, she-15)
advmod(girl-21, definitely-16)
cop(girl-21, was-17)
neg(girl-21, n't-18)
det(girl-21, the-19)
amod(girl-21, smartest-20)
conj(had-2, girl-21)
prep(girl-21, around-22)
punct(savvy-26, -LRB--23)
advmod(media-25, very-24)
nn(savvy-26, media-25)
pobj(around-22, savvy-26)
punct(had-2, ,-27)
cc(had-2, but-28)
nsubj(doubt-30, I-29)
conj(had-2, doubt-30)
expl('s-32, there-31)
ccomp(doubt-30, 's-32)
advmod(more-34, much-33)
advmod(there-35, more-34)
nsubj('s-32, there-35)
punct(had-2, -RRB--36)
punct(had-2, .-37)

Sentence #4 (20 tokens):
I haven't really watched any of the shows since, apart from the occastional re-run on daytime TV.
[Text=I CharacterOffsetBegin=594 CharacterOffsetEnd=595 PartOfSpeech=PRP] [Text=have CharacterOffsetBegin=596 CharacterOffsetEnd=600 PartOfSpeech=VBP] [Text=n't CharacterOffsetBegin=600 CharacterOffsetEnd=603 PartOfSpeech=RB] [Text=really CharacterOffsetBegin=604 CharacterOffsetEnd=610 PartOfSpeech=RB] [Text=watched CharacterOffsetBegin=611 CharacterOffsetEnd=618 PartOfSpeech=VBN] [Text=any CharacterOffsetBegin=619 CharacterOffsetEnd=622 PartOfSpeech=DT] [Text=of CharacterOffsetBegin=623 CharacterOffsetEnd=625 PartOfSpeech=IN] [Text=the CharacterOffsetBegin=626 CharacterOffsetEnd=629 PartOfSpeech=DT] [Text=shows CharacterOffsetBegin=630 CharacterOffsetEnd=635 PartOfSpeech=NNS] [Text=since CharacterOffsetBegin=636 CharacterOffsetEnd=641 PartOfSpeech=IN] [Text=, CharacterOffsetBegin=641 CharacterOffsetEnd=642 PartOfSpeech=,] [Text=apart CharacterOffsetBegin=643 CharacterOffsetEnd=648 PartOfSpeech=RB] [Text=from CharacterOffsetBegin=649 CharacterOffsetEnd=653 PartOfSpeech=IN] [Text=the CharacterOffsetBegin=654 CharacterOffsetEnd=657 PartOfSpeech=DT] [Text=occastional CharacterOffsetBegin=658 CharacterOffsetEnd=669 PartOfSpeech=JJ] [Text=re-run CharacterOffsetBegin=670 CharacterOffsetEnd=676 PartOfSpeech=NN] [Text=on CharacterOffsetBegin=677 CharacterOffsetEnd=679 PartOfSpeech=IN] [Text=daytime CharacterOffsetBegin=680 CharacterOffsetEnd=687 PartOfSpeech=JJ] [Text=TV CharacterOffsetBegin=688 CharacterOffsetEnd=690 PartOfSpeech=NN] [Text=. CharacterOffsetBegin=690 CharacterOffsetEnd=691 PartOfSpeech=.] 
root(ROOT-0, watched-5)
nsubj(watched-5, I-1)
aux(watched-5, have-2)
neg(watched-5, n't-3)
advmod(watched-5, really-4)
dobj(watched-5, any-6)
prep(any-6, of-7)
det(shows-9, the-8)
pobj(of-7, shows-9)
dep(watched-5, since-10)
punct(since-10, ,-11)
advmod(,-11, apart-12)
prep(apart-12, from-13)
det(re-run-16, the-14)
amod(re-run-16, occastional-15)
pobj(from-13, re-run-16)
prep(re-run-16, on-17)
amod(TV-19, daytime-18)
pobj(on-17, TV-19)
punct(apart-12, .-20)

Sentence #5 (17 tokens):
I think the point of reality TV is to treat it as "entertaining trash".
[Text=I CharacterOffsetBegin=696 CharacterOffsetEnd=697 PartOfSpeech=PRP] [Text=think CharacterOffsetBegin=698 CharacterOffsetEnd=703 PartOfSpeech=VBP] [Text=the CharacterOffsetBegin=704 CharacterOffsetEnd=707 PartOfSpeech=DT] [Text=point CharacterOffsetBegin=708 CharacterOffsetEnd=713 PartOfSpeech=NN] [Text=of CharacterOffsetBegin=714 CharacterOffsetEnd=716 PartOfSpeech=IN] [Text=reality CharacterOffsetBegin=717 CharacterOffsetEnd=724 PartOfSpeech=NN] [Text=TV CharacterOffsetBegin=725 CharacterOffsetEnd=727 PartOfSpeech=NN] [Text=is CharacterOffsetBegin=728 CharacterOffsetEnd=730 PartOfSpeech=VBZ] [Text=to CharacterOffsetBegin=731 CharacterOffsetEnd=733 PartOfSpeech=TO] [Text=treat CharacterOffsetBegin=734 CharacterOffsetEnd=739 PartOfSpeech=VB] [Text=it CharacterOffsetBegin=740 CharacterOffsetEnd=742 PartOfSpeech=PRP] [Text=as CharacterOffsetBegin=743 CharacterOffsetEnd=745 PartOfSpeech=IN] [Text=`` CharacterOffsetBegin=746 CharacterOffsetEnd=747 PartOfSpeech=``] [Text=entertaining CharacterOffsetBegin=747 CharacterOffsetEnd=759 PartOfSpeech=JJ] [Text=trash CharacterOffsetBegin=760 CharacterOffsetEnd=765 PartOfSpeech=NN] [Text='' CharacterOffsetBegin=765 CharacterOffsetEnd=766 PartOfSpeech=''] [Text=. CharacterOffsetBegin=766 CharacterOffsetEnd=767 PartOfSpeech=.] 
root(ROOT-0, think-2)
nsubj(think-2, I-1)
det(point-4, the-3)
nsubj(is-8, point-4)
prep(point-4, of-5)
nn(TV-7, reality-6)
pobj(of-5, TV-7)
ccomp(think-2, is-8)
aux(treat-10, to-9)
xcomp(is-8, treat-10)
dobj(treat-10, it-11)
prep(treat-10, as-12)
punct(as-12, ``-13)
amod(trash-15, entertaining-14)
pobj(as-12, trash-15)
punct(as-12, ''-16)
punct(think-2, .-17)

Sentence #6 (43 tokens):
View it as something you can laugh over, and don't have to think too hard about ( I don't watch CSI its like reality TV-tired and clichd, but you have to think too much anyway while watching).
[Text=View CharacterOffsetBegin=772 CharacterOffsetEnd=776 PartOfSpeech=NNP] [Text=it CharacterOffsetBegin=777 CharacterOffsetEnd=779 PartOfSpeech=PRP] [Text=as CharacterOffsetBegin=780 CharacterOffsetEnd=782 PartOfSpeech=IN] [Text=something CharacterOffsetBegin=783 CharacterOffsetEnd=792 PartOfSpeech=NN] [Text=you CharacterOffsetBegin=793 CharacterOffsetEnd=796 PartOfSpeech=PRP] [Text=can CharacterOffsetBegin=797 CharacterOffsetEnd=800 PartOfSpeech=MD] [Text=laugh CharacterOffsetBegin=801 CharacterOffsetEnd=806 PartOfSpeech=NN] [Text=over CharacterOffsetBegin=807 CharacterOffsetEnd=811 PartOfSpeech=IN] [Text=, CharacterOffsetBegin=811 CharacterOffsetEnd=812 PartOfSpeech=,] [Text=and CharacterOffsetBegin=813 CharacterOffsetEnd=816 PartOfSpeech=CC] [Text=do CharacterOffsetBegin=817 CharacterOffsetEnd=819 PartOfSpeech=VBP] [Text=n't CharacterOffsetBegin=819 CharacterOffsetEnd=822 PartOfSpeech=RB] [Text=have CharacterOffsetBegin=823 CharacterOffsetEnd=827 PartOfSpeech=VB] [Text=to CharacterOffsetBegin=828 CharacterOffsetEnd=830 PartOfSpeech=TO] [Text=think CharacterOffsetBegin=831 CharacterOffsetEnd=836 PartOfSpeech=VB] [Text=too CharacterOffsetBegin=837 CharacterOffsetEnd=840 PartOfSpeech=RB] [Text=hard CharacterOffsetBegin=841 CharacterOffsetEnd=845 PartOfSpeech=JJ] [Text=about CharacterOffsetBegin=846 CharacterOffsetEnd=851 PartOfSpeech=IN] [Text=-LRB- CharacterOffsetBegin=852 CharacterOffsetEnd=853 PartOfSpeech=-LRB-] [Text=I CharacterOffsetBegin=854 CharacterOffsetEnd=855 PartOfSpeech=PRP] [Text=do CharacterOffsetBegin=856 CharacterOffsetEnd=858 PartOfSpeech=VBP] [Text=n't CharacterOffsetBegin=858 CharacterOffsetEnd=861 PartOfSpeech=RB] [Text=watch CharacterOffsetBegin=862 CharacterOffsetEnd=867 PartOfSpeech=VB] [Text=CSI CharacterOffsetBegin=868 CharacterOffsetEnd=871 PartOfSpeech=NNP] [Text=its CharacterOffsetBegin=872 CharacterOffsetEnd=875 PartOfSpeech=PRP$] [Text=like CharacterOffsetBegin=876 CharacterOffsetEnd=880 PartOfSpeech=IN] [Text=reality CharacterOffsetBegin=881 CharacterOffsetEnd=888 PartOfSpeech=NN] [Text=TV-tired CharacterOffsetBegin=889 CharacterOffsetEnd=897 PartOfSpeech=JJ] [Text=and CharacterOffsetBegin=898 CharacterOffsetEnd=901 PartOfSpeech=CC] [Text=clichd CharacterOffsetBegin=902 CharacterOffsetEnd=908 PartOfSpeech=JJ] [Text=, CharacterOffsetBegin=908 CharacterOffsetEnd=909 PartOfSpeech=,] [Text=but CharacterOffsetBegin=910 CharacterOffsetEnd=913 PartOfSpeech=CC] [Text=you CharacterOffsetBegin=914 CharacterOffsetEnd=917 PartOfSpeech=PRP] [Text=have CharacterOffsetBegin=918 CharacterOffsetEnd=922 PartOfSpeech=VBP] [Text=to CharacterOffsetBegin=923 CharacterOffsetEnd=925 PartOfSpeech=TO] [Text=think CharacterOffsetBegin=926 CharacterOffsetEnd=931 PartOfSpeech=VB] [Text=too CharacterOffsetBegin=932 CharacterOffsetEnd=935 PartOfSpeech=RB] [Text=much CharacterOffsetBegin=936 CharacterOffsetEnd=940 PartOfSpeech=JJ] [Text=anyway CharacterOffsetBegin=941 CharacterOffsetEnd=947 PartOfSpeech=RB] [Text=while CharacterOffsetBegin=948 CharacterOffsetEnd=953 PartOfSpeech=IN] [Text=watching CharacterOffsetBegin=954 CharacterOffsetEnd=962 PartOfSpeech=VBG] [Text=-RRB- CharacterOffsetBegin=962 CharacterOffsetEnd=963 PartOfSpeech=-RRB-] [Text=. CharacterOffsetBegin=963 CharacterOffsetEnd=964 PartOfSpeech=.] 
root(ROOT-0, View-1)
dobj(View-1, it-2)
prep(View-1, as-3)
pobj(as-3, something-4)
nsubj(laugh-7, you-5)
aux(laugh-7, can-6)
rcmod(something-4, laugh-7)
advmod(laugh-7, over-8)
punct(View-1, ,-9)
cc(View-1, and-10)
aux(have-13, do-11)
neg(have-13, n't-12)
conj(View-1, have-13)
aux(think-15, to-14)
xcomp(have-13, think-15)
advmod(hard-17, too-16)
acomp(think-15, hard-17)
prep(hard-17, about-18)
punct(watch-23, -LRB--19)
nsubj(watch-23, I-20)
aux(watch-23, do-21)
neg(watch-23, n't-22)
pcomp(about-18, watch-23)
dobj(watch-23, CSI-24)
dep(CSI-24, its-25)
prep(its-25, like-26)
pobj(like-26, reality-27)
dep(reality-27, TV-tired-28)
cc(TV-tired-28, and-29)
conj(TV-tired-28, clichd-30)
punct(View-1, ,-31)
cc(View-1, but-32)
nsubj(have-34, you-33)
conj(View-1, have-34)
aux(think-36, to-35)
xcomp(have-34, think-36)
advmod(much-38, too-37)
dobj(think-36, much-38)
advmod(View-1, anyway-39)
mark(watching-41, while-40)
advcl(View-1, watching-41)
punct(watching-41, -RRB--42)
punct(View-1, .-43)

Sentence #7 (13 tokens):
A couple of thoughts on some reasons fro going on the show.
[Text=A CharacterOffsetBegin=964 CharacterOffsetEnd=965 PartOfSpeech=DT] [Text=couple CharacterOffsetBegin=966 CharacterOffsetEnd=972 PartOfSpeech=NN] [Text=of CharacterOffsetBegin=973 CharacterOffsetEnd=975 PartOfSpeech=IN] [Text=thoughts CharacterOffsetBegin=976 CharacterOffsetEnd=984 PartOfSpeech=NNS] [Text=on CharacterOffsetBegin=985 CharacterOffsetEnd=987 PartOfSpeech=IN] [Text=some CharacterOffsetBegin=988 CharacterOffsetEnd=992 PartOfSpeech=DT] [Text=reasons CharacterOffsetBegin=993 CharacterOffsetEnd=1000 PartOfSpeech=NNS] [Text=fro CharacterOffsetBegin=1001 CharacterOffsetEnd=1004 PartOfSpeech=NN] [Text=going CharacterOffsetBegin=1005 CharacterOffsetEnd=1010 PartOfSpeech=VBG] [Text=on CharacterOffsetBegin=1011 CharacterOffsetEnd=1013 PartOfSpeech=IN] [Text=the CharacterOffsetBegin=1014 CharacterOffsetEnd=1017 PartOfSpeech=DT] [Text=show CharacterOffsetBegin=1018 CharacterOffsetEnd=1022 PartOfSpeech=NN] [Text=. CharacterOffsetBegin=1022 CharacterOffsetEnd=1023 PartOfSpeech=.] 
root(ROOT-0, couple-2)
det(couple-2, A-1)
prep(couple-2, of-3)
pobj(of-3, thoughts-4)
prep(couple-2, on-5)
det(reasons-7, some-6)
pobj(on-5, reasons-7)
dep(reasons-7, fro-8)
partmod(fro-8, going-9)
prep(going-9, on-10)
det(show-12, the-11)
pobj(on-10, show-12)
punct(couple-2, .-13)

Sentence #8 (49 tokens):
At the very first 'the woman tell all" Woman such as Amy ( who had a lot of class about her) commented that she had tried every scene aka the bar and club scene to meet a guy and it wasn't happening for her.
[Text=At CharacterOffsetBegin=1028 CharacterOffsetEnd=1030 PartOfSpeech=IN] [Text=the CharacterOffsetBegin=1031 CharacterOffsetEnd=1034 PartOfSpeech=DT] [Text=very CharacterOffsetBegin=1035 CharacterOffsetEnd=1039 PartOfSpeech=RB] [Text=first CharacterOffsetBegin=1040 CharacterOffsetEnd=1045 PartOfSpeech=JJ] [Text=` CharacterOffsetBegin=1046 CharacterOffsetEnd=1047 PartOfSpeech=``] [Text=the CharacterOffsetBegin=1047 CharacterOffsetEnd=1050 PartOfSpeech=DT] [Text=woman CharacterOffsetBegin=1051 CharacterOffsetEnd=1056 PartOfSpeech=NN] [Text=tell CharacterOffsetBegin=1057 CharacterOffsetEnd=1061 PartOfSpeech=VB] [Text=all CharacterOffsetBegin=1062 CharacterOffsetEnd=1065 PartOfSpeech=DT] [Text='' CharacterOffsetBegin=1065 CharacterOffsetEnd=1066 PartOfSpeech=''] [Text=Woman CharacterOffsetBegin=1067 CharacterOffsetEnd=1072 PartOfSpeech=NNP] [Text=such CharacterOffsetBegin=1073 CharacterOffsetEnd=1077 PartOfSpeech=JJ] [Text=as CharacterOffsetBegin=1078 CharacterOffsetEnd=1080 PartOfSpeech=IN] [Text=Amy CharacterOffsetBegin=1081 CharacterOffsetEnd=1084 PartOfSpeech=NNP] [Text=-LRB- CharacterOffsetBegin=1085 CharacterOffsetEnd=1086 PartOfSpeech=-LRB-] [Text=who CharacterOffsetBegin=1087 CharacterOffsetEnd=1090 PartOfSpeech=WP] [Text=had CharacterOffsetBegin=1091 CharacterOffsetEnd=1094 PartOfSpeech=VBD] [Text=a CharacterOffsetBegin=1095 CharacterOffsetEnd=1096 PartOfSpeech=DT] [Text=lot CharacterOffsetBegin=1097 CharacterOffsetEnd=1100 PartOfSpeech=NN] [Text=of CharacterOffsetBegin=1101 CharacterOffsetEnd=1103 PartOfSpeech=IN] [Text=class CharacterOffsetBegin=1104 CharacterOffsetEnd=1109 PartOfSpeech=NN] [Text=about CharacterOffsetBegin=1110 CharacterOffsetEnd=1115 PartOfSpeech=IN] [Text=her CharacterOffsetBegin=1116 CharacterOffsetEnd=1119 PartOfSpeech=PRP$] [Text=-RRB- CharacterOffsetBegin=1119 CharacterOffsetEnd=1120 PartOfSpeech=-RRB-] [Text=commented CharacterOffsetBegin=1121 CharacterOffsetEnd=1130 PartOfSpeech=VBD] [Text=that CharacterOffsetBegin=1131 CharacterOffsetEnd=1135 PartOfSpeech=IN] [Text=she CharacterOffsetBegin=1136 CharacterOffsetEnd=1139 PartOfSpeech=PRP] [Text=had CharacterOffsetBegin=1140 CharacterOffsetEnd=1143 PartOfSpeech=VBD] [Text=tried CharacterOffsetBegin=1144 CharacterOffsetEnd=1149 PartOfSpeech=VBN] [Text=every CharacterOffsetBegin=1150 CharacterOffsetEnd=1155 PartOfSpeech=DT] [Text=scene CharacterOffsetBegin=1156 CharacterOffsetEnd=1161 PartOfSpeech=NN] [Text=aka CharacterOffsetBegin=1162 CharacterOffsetEnd=1165 PartOfSpeech=IN] [Text=the CharacterOffsetBegin=1166 CharacterOffsetEnd=1169 PartOfSpeech=DT] [Text=bar CharacterOffsetBegin=1170 CharacterOffsetEnd=1173 PartOfSpeech=NN] [Text=and CharacterOffsetBegin=1174 CharacterOffsetEnd=1177 PartOfSpeech=CC] [Text=club CharacterOffsetBegin=1178 CharacterOffsetEnd=1182 PartOfSpeech=NN] [Text=scene CharacterOffsetBegin=1183 CharacterOffsetEnd=1188 PartOfSpeech=NN] [Text=to CharacterOffsetBegin=1189 CharacterOffsetEnd=1191 PartOfSpeech=TO] [Text=meet CharacterOffsetBegin=1192 CharacterOffsetEnd=1196 PartOfSpeech=VB] [Text=a CharacterOffsetBegin=1197 CharacterOffsetEnd=1198 PartOfSpeech=DT] [Text=guy CharacterOffsetBegin=1199 CharacterOffsetEnd=1202 PartOfSpeech=NN] [Text=and CharacterOffsetBegin=1203 CharacterOffsetEnd=1206 PartOfSpeech=CC] [Text=it CharacterOffsetBegin=1207 CharacterOffsetEnd=1209 PartOfSpeech=PRP] [Text=was CharacterOffsetBegin=1210 CharacterOffsetEnd=1213 PartOfSpeech=VBD] [Text=n't CharacterOffsetBegin=1213 CharacterOffsetEnd=1216 PartOfSpeech=RB] [Text=happening CharacterOffsetBegin=1217 CharacterOffsetEnd=1226 PartOfSpeech=VBG] [Text=for CharacterOffsetBegin=1227 CharacterOffsetEnd=1230 PartOfSpeech=IN] [Text=her CharacterOffsetBegin=1231 CharacterOffsetEnd=1234 PartOfSpeech=PRP] [Text=. CharacterOffsetBegin=1234 CharacterOffsetEnd=1235 PartOfSpeech=.] 
root(ROOT-0, At-1)
det(tell-8, the-2)
advmod(first-4, very-3)
advmod(tell-8, first-4)
punct(tell-8, `-5)
det(woman-7, the-6)
nsubj(tell-8, woman-7)
pobj(At-1, tell-8)
det(Woman-11, all-9)
punct(Woman-11, ''-10)
nsubj(commented-25, Woman-11)
mwe(as-13, such-12)
mark(commented-25, as-13)
nsubj(commented-25, Amy-14)
punct(had-17, -LRB--15)
nsubj(had-17, who-16)
aux(commented-25, had-17)
det(lot-19, a-18)
dobj(had-17, lot-19)
prep(lot-19, of-20)
pobj(of-20, class-21)
prep(had-17, about-22)
pobj(about-22, her-23)
punct(had-17, -RRB--24)
ccomp(tell-8, commented-25)
mark(tried-29, that-26)
nsubj(tried-29, she-27)
aux(tried-29, had-28)
ccomp(commented-25, tried-29)
det(scene-31, every-30)
dobj(tried-29, scene-31)
prep(scene-31, aka-32)
det(bar-34, the-33)
pobj(aka-32, bar-34)
cc(bar-34, and-35)
nn(scene-37, club-36)
conj(bar-34, scene-37)
aux(meet-39, to-38)
xcomp(tried-29, meet-39)
det(guy-41, a-40)
dobj(meet-39, guy-41)
cc(tried-29, and-42)
nsubj(happening-46, it-43)
aux(happening-46, was-44)
neg(happening-46, n't-45)
conj(tried-29, happening-46)
prep(happening-46, for-47)
pobj(for-47, her-48)
punct(At-1, .-49)

Sentence #9 (9 tokens):
Hey Amy, how about joining a club?
[Text=Hey CharacterOffsetBegin=1240 CharacterOffsetEnd=1243 PartOfSpeech=UH] [Text=Amy CharacterOffsetBegin=1244 CharacterOffsetEnd=1247 PartOfSpeech=NNP] [Text=, CharacterOffsetBegin=1247 CharacterOffsetEnd=1248 PartOfSpeech=,] [Text=how CharacterOffsetBegin=1249 CharacterOffsetEnd=1252 PartOfSpeech=WRB] [Text=about CharacterOffsetBegin=1253 CharacterOffsetEnd=1258 PartOfSpeech=RB] [Text=joining CharacterOffsetBegin=1259 CharacterOffsetEnd=1266 PartOfSpeech=VBG] [Text=a CharacterOffsetBegin=1267 CharacterOffsetEnd=1268 PartOfSpeech=DT] [Text=club CharacterOffsetBegin=1269 CharacterOffsetEnd=1273 PartOfSpeech=NN] [Text=? CharacterOffsetBegin=1273 CharacterOffsetEnd=1274 PartOfSpeech=.] 
root(ROOT-0, Amy-2)
nn(Amy-2, Hey-1)
punct(Amy-2, ,-3)
advmod(joining-6, how-4)
advmod(joining-6, about-5)
rcmod(Amy-2, joining-6)
det(club-8, a-7)
dobj(joining-6, club-8)
punct(Amy-2, ?-9)

Sentence #10 (4 tokens):
getting a hobby?
[Text=getting CharacterOffsetBegin=1279 CharacterOffsetEnd=1286 PartOfSpeech=VBG] [Text=a CharacterOffsetBegin=1287 CharacterOffsetEnd=1288 PartOfSpeech=DT] [Text=hobby CharacterOffsetBegin=1289 CharacterOffsetEnd=1294 PartOfSpeech=NN] [Text=? CharacterOffsetBegin=1294 CharacterOffsetEnd=1295 PartOfSpeech=.] 
root(ROOT-0, getting-1)
det(hobby-3, a-2)
dobj(getting-1, hobby-3)
punct(getting-1, ?-4)

Sentence #11 (4 tokens):
doing charity work?
[Text=doing CharacterOffsetBegin=1300 CharacterOffsetEnd=1305 PartOfSpeech=VBG] [Text=charity CharacterOffsetBegin=1306 CharacterOffsetEnd=1313 PartOfSpeech=NN] [Text=work CharacterOffsetBegin=1314 CharacterOffsetEnd=1318 PartOfSpeech=NN] [Text=? CharacterOffsetBegin=1318 CharacterOffsetEnd=1319 PartOfSpeech=.] 
root(ROOT-0, doing-1)
nn(work-3, charity-2)
dobj(doing-1, work-3)
punct(doing-1, ?-4)

Sentence #12 (11 tokens):
changing your job to one where you meet more guys?
[Text=changing CharacterOffsetBegin=1324 CharacterOffsetEnd=1332 PartOfSpeech=VBG] [Text=your CharacterOffsetBegin=1333 CharacterOffsetEnd=1337 PartOfSpeech=PRP$] [Text=job CharacterOffsetBegin=1338 CharacterOffsetEnd=1341 PartOfSpeech=NN] [Text=to CharacterOffsetBegin=1342 CharacterOffsetEnd=1344 PartOfSpeech=TO] [Text=one CharacterOffsetBegin=1345 CharacterOffsetEnd=1348 PartOfSpeech=CD] [Text=where CharacterOffsetBegin=1349 CharacterOffsetEnd=1354 PartOfSpeech=WRB] [Text=you CharacterOffsetBegin=1355 CharacterOffsetEnd=1358 PartOfSpeech=PRP] [Text=meet CharacterOffsetBegin=1359 CharacterOffsetEnd=1363 PartOfSpeech=VBP] [Text=more CharacterOffsetBegin=1364 CharacterOffsetEnd=1368 PartOfSpeech=RBR] [Text=guys CharacterOffsetBegin=1369 CharacterOffsetEnd=1373 PartOfSpeech=NNS] [Text=? CharacterOffsetBegin=1373 CharacterOffsetEnd=1374 PartOfSpeech=.] 
root(ROOT-0, changing-1)
poss(job-3, your-2)
dobj(changing-1, job-3)
prep(changing-1, to-4)
pobj(to-4, one-5)
advmod(meet-8, where-6)
nsubj(meet-8, you-7)
rcmod(one-5, meet-8)
amod(guys-10, more-9)
dobj(meet-8, guys-10)
punct(changing-1, ?-11)

Sentence #13 (42 tokens):
gees, all I know is that going to a bar is not the ideal place to meet a future partner.Amy and many of the other girls seemed to be obsessed with the idea of meeting "the perfect man'.
[Text=gees CharacterOffsetBegin=1379 CharacterOffsetEnd=1383 PartOfSpeech=NNS] [Text=, CharacterOffsetBegin=1383 CharacterOffsetEnd=1384 PartOfSpeech=,] [Text=all CharacterOffsetBegin=1385 CharacterOffsetEnd=1388 PartOfSpeech=DT] [Text=I CharacterOffsetBegin=1389 CharacterOffsetEnd=1390 PartOfSpeech=PRP] [Text=know CharacterOffsetBegin=1391 CharacterOffsetEnd=1395 PartOfSpeech=VBP] [Text=is CharacterOffsetBegin=1396 CharacterOffsetEnd=1398 PartOfSpeech=VBZ] [Text=that CharacterOffsetBegin=1399 CharacterOffsetEnd=1403 PartOfSpeech=IN] [Text=going CharacterOffsetBegin=1404 CharacterOffsetEnd=1409 PartOfSpeech=VBG] [Text=to CharacterOffsetBegin=1410 CharacterOffsetEnd=1412 PartOfSpeech=TO] [Text=a CharacterOffsetBegin=1413 CharacterOffsetEnd=1414 PartOfSpeech=DT] [Text=bar CharacterOffsetBegin=1415 CharacterOffsetEnd=1418 PartOfSpeech=NN] [Text=is CharacterOffsetBegin=1419 CharacterOffsetEnd=1421 PartOfSpeech=VBZ] [Text=not CharacterOffsetBegin=1422 CharacterOffsetEnd=1425 PartOfSpeech=RB] [Text=the CharacterOffsetBegin=1426 CharacterOffsetEnd=1429 PartOfSpeech=DT] [Text=ideal CharacterOffsetBegin=1430 CharacterOffsetEnd=1435 PartOfSpeech=JJ] [Text=place CharacterOffsetBegin=1436 CharacterOffsetEnd=1441 PartOfSpeech=NN] [Text=to CharacterOffsetBegin=1442 CharacterOffsetEnd=1444 PartOfSpeech=TO] [Text=meet CharacterOffsetBegin=1445 CharacterOffsetEnd=1449 PartOfSpeech=VB] [Text=a CharacterOffsetBegin=1450 CharacterOffsetEnd=1451 PartOfSpeech=DT] [Text=future CharacterOffsetBegin=1452 CharacterOffsetEnd=1458 PartOfSpeech=JJ] [Text=partner.Amy CharacterOffsetBegin=1459 CharacterOffsetEnd=1470 PartOfSpeech=NN] [Text=and CharacterOffsetBegin=1471 CharacterOffsetEnd=1474 PartOfSpeech=CC] [Text=many CharacterOffsetBegin=1475 CharacterOffsetEnd=1479 PartOfSpeech=JJ] [Text=of CharacterOffsetBegin=1480 CharacterOffsetEnd=1482 PartOfSpeech=IN] [Text=the CharacterOffsetBegin=1483 CharacterOffsetEnd=1486 PartOfSpeech=DT] [Text=other CharacterOffsetBegin=1487 CharacterOffsetEnd=1492 PartOfSpeech=JJ] [Text=girls CharacterOffsetBegin=1493 CharacterOffsetEnd=1498 PartOfSpeech=NNS] [Text=seemed CharacterOffsetBegin=1499 CharacterOffsetEnd=1505 PartOfSpeech=VBD] [Text=to CharacterOffsetBegin=1506 CharacterOffsetEnd=1508 PartOfSpeech=TO] [Text=be CharacterOffsetBegin=1509 CharacterOffsetEnd=1511 PartOfSpeech=VB] [Text=obsessed CharacterOffsetBegin=1512 CharacterOffsetEnd=1520 PartOfSpeech=VBN] [Text=with CharacterOffsetBegin=1521 CharacterOffsetEnd=1525 PartOfSpeech=IN] [Text=the CharacterOffsetBegin=1526 CharacterOffsetEnd=1529 PartOfSpeech=DT] [Text=idea CharacterOffsetBegin=1530 CharacterOffsetEnd=1534 PartOfSpeech=NN] [Text=of CharacterOffsetBegin=1535 CharacterOffsetEnd=1537 PartOfSpeech=IN] [Text=meeting CharacterOffsetBegin=1538 CharacterOffsetEnd=1545 PartOfSpeech=NN] [Text=`` CharacterOffsetBegin=1546 CharacterOffsetEnd=1547 PartOfSpeech=``] [Text=the CharacterOffsetBegin=1547 CharacterOffsetEnd=1550 PartOfSpeech=DT] [Text=perfect CharacterOffsetBegin=1551 CharacterOffsetEnd=1558 PartOfSpeech=JJ] [Text=man CharacterOffsetBegin=1559 CharacterOffsetEnd=1562 PartOfSpeech=NN] [Text=' CharacterOffsetBegin=1562 CharacterOffsetEnd=1563 PartOfSpeech=''] [Text=. CharacterOffsetBegin=1563 CharacterOffsetEnd=1564 PartOfSpeech=.] 
root(ROOT-0, gees-1)
punct(gees-1, ,-2)
dobj(know-5, all-3)
nsubj(know-5, I-4)
rcmod(gees-1, know-5)
ccomp(know-5, is-6)
mark(place-16, that-7)
csubj(place-16, going-8)
prep(going-8, to-9)
det(bar-11, a-10)
pobj(to-9, bar-11)
cop(place-16, is-12)
neg(place-16, not-13)
det(place-16, the-14)
amod(place-16, ideal-15)
dep(is-6, place-16)
aux(meet-18, to-17)
infmod(place-16, meet-18)
det(partner.Amy-21, a-19)
amod(partner.Amy-21, future-20)
dobj(meet-18, partner.Amy-21)
cc(partner.Amy-21, and-22)
conj(partner.Amy-21, many-23)
prep(many-23, of-24)
det(girls-27, the-25)
amod(girls-27, other-26)
pobj(of-24, girls-27)
dep(place-16, seemed-28)
aux(obsessed-31, to-29)
auxpass(obsessed-31, be-30)
xcomp(seemed-28, obsessed-31)
prep(obsessed-31, with-32)
det(idea-34, the-33)
pobj(with-32, idea-34)
prep(idea-34, of-35)
pobj(of-35, meeting-36)
punct(obsessed-31, ``-37)
det(man-40, the-38)
amod(man-40, perfect-39)
dep(obsessed-31, man-40)
punct(man-40, '-41)
punct(gees-1, .-42)

Sentence #14 (9 tokens):
Clue to ladies: he doesn't exist.
[Text=Clue CharacterOffsetBegin=1569 CharacterOffsetEnd=1573 PartOfSpeech=NNP] [Text=to CharacterOffsetBegin=1574 CharacterOffsetEnd=1576 PartOfSpeech=TO] [Text=ladies CharacterOffsetBegin=1577 CharacterOffsetEnd=1583 PartOfSpeech=NNS] [Text=: CharacterOffsetBegin=1583 CharacterOffsetEnd=1584 PartOfSpeech=:] [Text=he CharacterOffsetBegin=1585 CharacterOffsetEnd=1587 PartOfSpeech=PRP] [Text=does CharacterOffsetBegin=1588 CharacterOffsetEnd=1592 PartOfSpeech=VBZ] [Text=n't CharacterOffsetBegin=1592 CharacterOffsetEnd=1595 PartOfSpeech=RB] [Text=exist CharacterOffsetBegin=1596 CharacterOffsetEnd=1601 PartOfSpeech=VB] [Text=. CharacterOffsetBegin=1601 CharacterOffsetEnd=1602 PartOfSpeech=.] 
root(ROOT-0, Clue-1)
prep(Clue-1, to-2)
pobj(to-2, ladies-3)
punct(Clue-1, :-4)
nsubj(exist-8, he-5)
aux(exist-8, does-6)
neg(exist-8, n't-7)
dep(Clue-1, exist-8)
punct(Clue-1, .-9)

Sentence #15 (24 tokens):
There are, however, many great guys out there that would make great husbands, some who may be right for you!
[Text=There CharacterOffsetBegin=1607 CharacterOffsetEnd=1612 PartOfSpeech=EX] [Text=are CharacterOffsetBegin=1613 CharacterOffsetEnd=1616 PartOfSpeech=VBP] [Text=, CharacterOffsetBegin=1616 CharacterOffsetEnd=1617 PartOfSpeech=,] [Text=however CharacterOffsetBegin=1618 CharacterOffsetEnd=1625 PartOfSpeech=RB] [Text=, CharacterOffsetBegin=1625 CharacterOffsetEnd=1626 PartOfSpeech=,] [Text=many CharacterOffsetBegin=1627 CharacterOffsetEnd=1631 PartOfSpeech=JJ] [Text=great CharacterOffsetBegin=1632 CharacterOffsetEnd=1637 PartOfSpeech=JJ] [Text=guys CharacterOffsetBegin=1638 CharacterOffsetEnd=1642 PartOfSpeech=NNS] [Text=out CharacterOffsetBegin=1643 CharacterOffsetEnd=1646 PartOfSpeech=IN] [Text=there CharacterOffsetBegin=1647 CharacterOffsetEnd=1652 PartOfSpeech=RB] [Text=that CharacterOffsetBegin=1653 CharacterOffsetEnd=1657 PartOfSpeech=DT] [Text=would CharacterOffsetBegin=1658 CharacterOffsetEnd=1663 PartOfSpeech=MD] [Text=make CharacterOffsetBegin=1664 CharacterOffsetEnd=1668 PartOfSpeech=VB] [Text=great CharacterOffsetBegin=1669 CharacterOffsetEnd=1674 PartOfSpeech=JJ] [Text=husbands CharacterOffsetBegin=1675 CharacterOffsetEnd=1683 PartOfSpeech=NNS] [Text=, CharacterOffsetBegin=1683 CharacterOffsetEnd=1684 PartOfSpeech=,] [Text=some CharacterOffsetBegin=1685 CharacterOffsetEnd=1689 PartOfSpeech=DT] [Text=who CharacterOffsetBegin=1690 CharacterOffsetEnd=1693 PartOfSpeech=WP] [Text=may CharacterOffsetBegin=1694 CharacterOffsetEnd=1697 PartOfSpeech=MD] [Text=be CharacterOffsetBegin=1698 CharacterOffsetEnd=1700 PartOfSpeech=VB] [Text=right CharacterOffsetBegin=1701 CharacterOffsetEnd=1706 PartOfSpeech=JJ] [Text=for CharacterOffsetBegin=1707 CharacterOffsetEnd=1710 PartOfSpeech=IN] [Text=you CharacterOffsetBegin=1711 CharacterOffsetEnd=1714 PartOfSpeech=PRP] [Text=! CharacterOffsetBegin=1714 CharacterOffsetEnd=1715 PartOfSpeech=.] 
root(ROOT-0, are-2)
expl(are-2, There-1)
punct(are-2, ,-3)
advmod(are-2, however-4)
punct(are-2, ,-5)
amod(guys-8, many-6)
amod(guys-8, great-7)
nsubj(are-2, guys-8)
prep(guys-8, out-9)
pobj(out-9, there-10)
nsubj(make-13, that-11)
aux(make-13, would-12)
rcmod(guys-8, make-13)
amod(husbands-15, great-14)
dobj(make-13, husbands-15)
punct(husbands-15, ,-16)
appos(husbands-15, some-17)
nsubj(right-21, who-18)
aux(right-21, may-19)
cop(right-21, be-20)
rcmod(some-17, right-21)
prep(right-21, for-22)
pobj(for-22, you-23)
punct(are-2, !-24)

Sentence #16 (25 tokens):
they may not earn six figures a year or be a JFK junior look alike, but they are great guys all the same.
[Text=they CharacterOffsetBegin=1720 CharacterOffsetEnd=1724 PartOfSpeech=PRP] [Text=may CharacterOffsetBegin=1725 CharacterOffsetEnd=1728 PartOfSpeech=MD] [Text=not CharacterOffsetBegin=1729 CharacterOffsetEnd=1732 PartOfSpeech=RB] [Text=earn CharacterOffsetBegin=1733 CharacterOffsetEnd=1737 PartOfSpeech=VB] [Text=six CharacterOffsetBegin=1738 CharacterOffsetEnd=1741 PartOfSpeech=CD] [Text=figures CharacterOffsetBegin=1742 CharacterOffsetEnd=1749 PartOfSpeech=NNS] [Text=a CharacterOffsetBegin=1750 CharacterOffsetEnd=1751 PartOfSpeech=DT] [Text=year CharacterOffsetBegin=1752 CharacterOffsetEnd=1756 PartOfSpeech=NN] [Text=or CharacterOffsetBegin=1757 CharacterOffsetEnd=1759 PartOfSpeech=CC] [Text=be CharacterOffsetBegin=1760 CharacterOffsetEnd=1762 PartOfSpeech=VB] [Text=a CharacterOffsetBegin=1763 CharacterOffsetEnd=1764 PartOfSpeech=DT] [Text=JFK CharacterOffsetBegin=1765 CharacterOffsetEnd=1768 PartOfSpeech=NNP] [Text=junior CharacterOffsetBegin=1769 CharacterOffsetEnd=1775 PartOfSpeech=NN] [Text=look CharacterOffsetBegin=1776 CharacterOffsetEnd=1780 PartOfSpeech=NN] [Text=alike CharacterOffsetBegin=1781 CharacterOffsetEnd=1786 PartOfSpeech=RB] [Text=, CharacterOffsetBegin=1786 CharacterOffsetEnd=1787 PartOfSpeech=,] [Text=but CharacterOffsetBegin=1788 CharacterOffsetEnd=1791 PartOfSpeech=CC] [Text=they CharacterOffsetBegin=1792 CharacterOffsetEnd=1796 PartOfSpeech=PRP] [Text=are CharacterOffsetBegin=1797 CharacterOffsetEnd=1800 PartOfSpeech=VBP] [Text=great CharacterOffsetBegin=1801 CharacterOffsetEnd=1806 PartOfSpeech=JJ] [Text=guys CharacterOffsetBegin=1807 CharacterOffsetEnd=1811 PartOfSpeech=NNS] [Text=all CharacterOffsetBegin=1812 CharacterOffsetEnd=1815 PartOfSpeech=PDT] [Text=the CharacterOffsetBegin=1816 CharacterOffsetEnd=1819 PartOfSpeech=DT] [Text=same CharacterOffsetBegin=1820 CharacterOffsetEnd=1824 PartOfSpeech=JJ] [Text=. CharacterOffsetBegin=1824 CharacterOffsetEnd=1825 PartOfSpeech=.] 
root(ROOT-0, earn-4)
nsubj(earn-4, they-1)
aux(earn-4, may-2)
neg(earn-4, not-3)
num(figures-6, six-5)
dobj(earn-4, figures-6)
det(year-8, a-7)
tmod(figures-6, year-8)
cc(earn-4, or-9)
cop(look-14, be-10)
det(look-14, a-11)
amod(look-14, JFK-12)
amod(look-14, junior-13)
conj(earn-4, look-14)
advmod(look-14, alike-15)
punct(earn-4, ,-16)
cc(earn-4, but-17)
nsubj(guys-21, they-18)
cop(guys-21, are-19)
amod(guys-21, great-20)
conj(earn-4, guys-21)
dep(same-24, all-22)
det(same-24, the-23)
amod(guys-21, same-24)
punct(earn-4, .-25)

Sentence #17 (11 tokens):
The shallowness of woman on this show is quite unbelievable.
[Text=The CharacterOffsetBegin=1830 CharacterOffsetEnd=1833 PartOfSpeech=DT] [Text=shallowness CharacterOffsetBegin=1834 CharacterOffsetEnd=1845 PartOfSpeech=NN] [Text=of CharacterOffsetBegin=1846 CharacterOffsetEnd=1848 PartOfSpeech=IN] [Text=woman CharacterOffsetBegin=1849 CharacterOffsetEnd=1854 PartOfSpeech=NN] [Text=on CharacterOffsetBegin=1855 CharacterOffsetEnd=1857 PartOfSpeech=IN] [Text=this CharacterOffsetBegin=1858 CharacterOffsetEnd=1862 PartOfSpeech=DT] [Text=show CharacterOffsetBegin=1863 CharacterOffsetEnd=1867 PartOfSpeech=NN] [Text=is CharacterOffsetBegin=1868 CharacterOffsetEnd=1870 PartOfSpeech=VBZ] [Text=quite CharacterOffsetBegin=1871 CharacterOffsetEnd=1876 PartOfSpeech=RB] [Text=unbelievable CharacterOffsetBegin=1877 CharacterOffsetEnd=1889 PartOfSpeech=JJ] [Text=. CharacterOffsetBegin=1889 CharacterOffsetEnd=1890 PartOfSpeech=.] 
root(ROOT-0, unbelievable-10)
det(shallowness-2, The-1)
nsubj(unbelievable-10, shallowness-2)
prep(shallowness-2, of-3)
pobj(of-3, woman-4)
prep(shallowness-2, on-5)
det(show-7, this-6)
pobj(on-5, show-7)
cop(unbelievable-10, is-8)
advmod(unbelievable-10, quite-9)
punct(unbelievable-10, .-11)

Sentence #18 (30 tokens):
Im still a youngster, at was lead to believe that woman gradually grew out of their shallowness as they got older and more realistic about their future partner.
[Text=Im CharacterOffsetBegin=1895 CharacterOffsetEnd=1897 PartOfSpeech=NN] [Text=still CharacterOffsetBegin=1898 CharacterOffsetEnd=1903 PartOfSpeech=RB] [Text=a CharacterOffsetBegin=1904 CharacterOffsetEnd=1905 PartOfSpeech=DT] [Text=youngster CharacterOffsetBegin=1906 CharacterOffsetEnd=1915 PartOfSpeech=NN] [Text=, CharacterOffsetBegin=1915 CharacterOffsetEnd=1916 PartOfSpeech=,] [Text=at CharacterOffsetBegin=1917 CharacterOffsetEnd=1919 PartOfSpeech=IN] [Text=was CharacterOffsetBegin=1920 CharacterOffsetEnd=1923 PartOfSpeech=VBD] [Text=lead CharacterOffsetBegin=1924 CharacterOffsetEnd=1928 PartOfSpeech=NN] [Text=to CharacterOffsetBegin=1929 CharacterOffsetEnd=1931 PartOfSpeech=TO] [Text=believe CharacterOffsetBegin=1932 CharacterOffsetEnd=1939 PartOfSpeech=VB] [Text=that CharacterOffsetBegin=1940 CharacterOffsetEnd=1944 PartOfSpeech=IN] [Text=woman CharacterOffsetBegin=1945 CharacterOffsetEnd=1950 PartOfSpeech=NN] [Text=gradually CharacterOffsetBegin=1951 CharacterOffsetEnd=1960 PartOfSpeech=RB] [Text=grew CharacterOffsetBegin=1961 CharacterOffsetEnd=1965 PartOfSpeech=VBD] [Text=out CharacterOffsetBegin=1966 CharacterOffsetEnd=1969 PartOfSpeech=IN] [Text=of CharacterOffsetBegin=1970 CharacterOffsetEnd=1972 PartOfSpeech=IN] [Text=their CharacterOffsetBegin=1973 CharacterOffsetEnd=1978 PartOfSpeech=PRP$] [Text=shallowness CharacterOffsetBegin=1979 CharacterOffsetEnd=1990 PartOfSpeech=NN] [Text=as CharacterOffsetBegin=1991 CharacterOffsetEnd=1993 PartOfSpeech=IN] [Text=they CharacterOffsetBegin=1994 CharacterOffsetEnd=1998 PartOfSpeech=PRP] [Text=got CharacterOffsetBegin=1999 CharacterOffsetEnd=2002 PartOfSpeech=VBD] [Text=older CharacterOffsetBegin=2003 CharacterOffsetEnd=2008 PartOfSpeech=JJR] [Text=and CharacterOffsetBegin=2009 CharacterOffsetEnd=2012 PartOfSpeech=CC] [Text=more CharacterOffsetBegin=2013 CharacterOffsetEnd=2017 PartOfSpeech=RBR] [Text=realistic CharacterOffsetBegin=2018 CharacterOffsetEnd=2027 PartOfSpeech=JJ] [Text=about CharacterOffsetBegin=2028 CharacterOffsetEnd=2033 PartOfSpeech=IN] [Text=their CharacterOffsetBegin=2034 CharacterOffsetEnd=2039 PartOfSpeech=PRP$] [Text=future CharacterOffsetBegin=2040 CharacterOffsetEnd=2046 PartOfSpeech=JJ] [Text=partner CharacterOffsetBegin=2047 CharacterOffsetEnd=2054 PartOfSpeech=NN] [Text=. CharacterOffsetBegin=2054 CharacterOffsetEnd=2055 PartOfSpeech=.] 
root(ROOT-0, youngster-4)
dep(youngster-4, Im-1)
advmod(youngster-4, still-2)
det(youngster-4, a-3)
punct(youngster-4, ,-5)
nsubj(lead-8, at-6)
cop(lead-8, was-7)
rcmod(youngster-4, lead-8)
aux(believe-10, to-9)
xcomp(lead-8, believe-10)
mark(grew-14, that-11)
nsubj(grew-14, woman-12)
advmod(grew-14, gradually-13)
ccomp(believe-10, grew-14)
prep(grew-14, out-15)
pcomp(out-15, of-16)
poss(shallowness-18, their-17)
pobj(of-16, shallowness-18)
mark(got-21, as-19)
nsubj(got-21, they-20)
advcl(grew-14, got-21)
advmod(got-21, older-22)
cc(older-22, and-23)
advmod(realistic-25, more-24)
conj(older-22, realistic-25)
prep(older-22, about-26)
poss(partner-29, their-27)
amod(partner-29, future-28)
pobj(about-26, partner-29)
punct(youngster-4, .-30)

Sentence #19 (22 tokens):
This show is proving otherwise.Overall this show does a lot to confirm many stereotypes of how woman view men in society.
[Text=This CharacterOffsetBegin=2060 CharacterOffsetEnd=2064 PartOfSpeech=DT] [Text=show CharacterOffsetBegin=2065 CharacterOffsetEnd=2069 PartOfSpeech=NN] [Text=is CharacterOffsetBegin=2070 CharacterOffsetEnd=2072 PartOfSpeech=VBZ] [Text=proving CharacterOffsetBegin=2073 CharacterOffsetEnd=2080 PartOfSpeech=VBG] [Text=otherwise.Overall CharacterOffsetBegin=2081 CharacterOffsetEnd=2098 PartOfSpeech=NN] [Text=this CharacterOffsetBegin=2099 CharacterOffsetEnd=2103 PartOfSpeech=DT] [Text=show CharacterOffsetBegin=2104 CharacterOffsetEnd=2108 PartOfSpeech=NN] [Text=does CharacterOffsetBegin=2109 CharacterOffsetEnd=2113 PartOfSpeech=VBZ] [Text=a CharacterOffsetBegin=2114 CharacterOffsetEnd=2115 PartOfSpeech=DT] [Text=lot CharacterOffsetBegin=2116 CharacterOffsetEnd=2119 PartOfSpeech=NN] [Text=to CharacterOffsetBegin=2120 CharacterOffsetEnd=2122 PartOfSpeech=TO] [Text=confirm CharacterOffsetBegin=2123 CharacterOffsetEnd=2130 PartOfSpeech=VB] [Text=many CharacterOffsetBegin=2131 CharacterOffsetEnd=2135 PartOfSpeech=JJ] [Text=stereotypes CharacterOffsetBegin=2136 CharacterOffsetEnd=2147 PartOfSpeech=NNS] [Text=of CharacterOffsetBegin=2148 CharacterOffsetEnd=2150 PartOfSpeech=IN] [Text=how CharacterOffsetBegin=2151 CharacterOffsetEnd=2154 PartOfSpeech=WRB] [Text=woman CharacterOffsetBegin=2155 CharacterOffsetEnd=2160 PartOfSpeech=NN] [Text=view CharacterOffsetBegin=2161 CharacterOffsetEnd=2165 PartOfSpeech=NN] [Text=men CharacterOffsetBegin=2166 CharacterOffsetEnd=2169 PartOfSpeech=NNS] [Text=in CharacterOffsetBegin=2170 CharacterOffsetEnd=2172 PartOfSpeech=IN] [Text=society CharacterOffsetBegin=2173 CharacterOffsetEnd=2180 PartOfSpeech=NN] [Text=. CharacterOffsetBegin=2180 CharacterOffsetEnd=2181 PartOfSpeech=.] 
root(ROOT-0, proving-4)
det(show-2, This-1)
nsubj(proving-4, show-2)
aux(proving-4, is-3)
dobj(proving-4, otherwise.Overall-5)
det(show-7, this-6)
dobj(otherwise.Overall-5, show-7)
partmod(show-7, does-8)
det(lot-10, a-9)
dobj(does-8, lot-10)
aux(confirm-12, to-11)
infmod(lot-10, confirm-12)
amod(stereotypes-14, many-13)
dobj(confirm-12, stereotypes-14)
prep(stereotypes-14, of-15)
advmod(view-18, how-16)
nsubj(view-18, woman-17)
pcomp(of-15, view-18)
dobj(view-18, men-19)
prep(men-19, in-20)
pobj(in-20, society-21)
punct(proving-4, .-22)

Sentence #20 (21 tokens):
It really is a terrible show and I think all of these types of shows should just stop being made.
[Text=It CharacterOffsetBegin=2186 CharacterOffsetEnd=2188 PartOfSpeech=PRP] [Text=really CharacterOffsetBegin=2189 CharacterOffsetEnd=2195 PartOfSpeech=RB] [Text=is CharacterOffsetBegin=2196 CharacterOffsetEnd=2198 PartOfSpeech=VBZ] [Text=a CharacterOffsetBegin=2199 CharacterOffsetEnd=2200 PartOfSpeech=DT] [Text=terrible CharacterOffsetBegin=2201 CharacterOffsetEnd=2209 PartOfSpeech=JJ] [Text=show CharacterOffsetBegin=2210 CharacterOffsetEnd=2214 PartOfSpeech=NN] [Text=and CharacterOffsetBegin=2215 CharacterOffsetEnd=2218 PartOfSpeech=CC] [Text=I CharacterOffsetBegin=2219 CharacterOffsetEnd=2220 PartOfSpeech=PRP] [Text=think CharacterOffsetBegin=2221 CharacterOffsetEnd=2226 PartOfSpeech=VBP] [Text=all CharacterOffsetBegin=2227 CharacterOffsetEnd=2230 PartOfSpeech=DT] [Text=of CharacterOffsetBegin=2231 CharacterOffsetEnd=2233 PartOfSpeech=IN] [Text=these CharacterOffsetBegin=2234 CharacterOffsetEnd=2239 PartOfSpeech=DT] [Text=types CharacterOffsetBegin=2240 CharacterOffsetEnd=2245 PartOfSpeech=NNS] [Text=of CharacterOffsetBegin=2246 CharacterOffsetEnd=2248 PartOfSpeech=IN] [Text=shows CharacterOffsetBegin=2249 CharacterOffsetEnd=2254 PartOfSpeech=NNS] [Text=should CharacterOffsetBegin=2255 CharacterOffsetEnd=2261 PartOfSpeech=MD] [Text=just CharacterOffsetBegin=2262 CharacterOffsetEnd=2266 PartOfSpeech=RB] [Text=stop CharacterOffsetBegin=2267 CharacterOffsetEnd=2271 PartOfSpeech=VB] [Text=being CharacterOffsetBegin=2272 CharacterOffsetEnd=2277 PartOfSpeech=VBG] [Text=made CharacterOffsetBegin=2278 CharacterOffsetEnd=2282 PartOfSpeech=VBN] [Text=. CharacterOffsetBegin=2282 CharacterOffsetEnd=2283 PartOfSpeech=.] 
root(ROOT-0, show-6)
nsubj(show-6, It-1)
advmod(show-6, really-2)
cop(show-6, is-3)
det(show-6, a-4)
amod(show-6, terrible-5)
cc(show-6, and-7)
nsubj(think-9, I-8)
conj(show-6, think-9)
nsubj(stop-18, all-10)
prep(all-10, of-11)
det(types-13, these-12)
pobj(of-11, types-13)
prep(types-13, of-14)
pobj(of-14, shows-15)
aux(stop-18, should-16)
advmod(stop-18, just-17)
ccomp(think-9, stop-18)
auxpass(made-20, being-19)
xcomp(stop-18, made-20)
punct(show-6, .-21)

Sentence #21 (20 tokens):
The best dating shows by a country mile are Blind Date and The Fifth Wheel because they are fun.
[Text=The CharacterOffsetBegin=2288 CharacterOffsetEnd=2291 PartOfSpeech=DT] [Text=best CharacterOffsetBegin=2292 CharacterOffsetEnd=2296 PartOfSpeech=JJS] [Text=dating CharacterOffsetBegin=2297 CharacterOffsetEnd=2303 PartOfSpeech=VBG] [Text=shows CharacterOffsetBegin=2304 CharacterOffsetEnd=2309 PartOfSpeech=NNS] [Text=by CharacterOffsetBegin=2310 CharacterOffsetEnd=2312 PartOfSpeech=IN] [Text=a CharacterOffsetBegin=2313 CharacterOffsetEnd=2314 PartOfSpeech=DT] [Text=country CharacterOffsetBegin=2315 CharacterOffsetEnd=2322 PartOfSpeech=NN] [Text=mile CharacterOffsetBegin=2323 CharacterOffsetEnd=2327 PartOfSpeech=NN] [Text=are CharacterOffsetBegin=2328 CharacterOffsetEnd=2331 PartOfSpeech=VBP] [Text=Blind CharacterOffsetBegin=2332 CharacterOffsetEnd=2337 PartOfSpeech=NNP] [Text=Date CharacterOffsetBegin=2338 CharacterOffsetEnd=2342 PartOfSpeech=NNP] [Text=and CharacterOffsetBegin=2343 CharacterOffsetEnd=2346 PartOfSpeech=CC] [Text=The CharacterOffsetBegin=2347 CharacterOffsetEnd=2350 PartOfSpeech=DT] [Text=Fifth CharacterOffsetBegin=2351 CharacterOffsetEnd=2356 PartOfSpeech=JJ] [Text=Wheel CharacterOffsetBegin=2357 CharacterOffsetEnd=2362 PartOfSpeech=NN] [Text=because CharacterOffsetBegin=2363 CharacterOffsetEnd=2370 PartOfSpeech=IN] [Text=they CharacterOffsetBegin=2371 CharacterOffsetEnd=2375 PartOfSpeech=PRP] [Text=are CharacterOffsetBegin=2376 CharacterOffsetEnd=2379 PartOfSpeech=VBP] [Text=fun CharacterOffsetBegin=2380 CharacterOffsetEnd=2383 PartOfSpeech=NN] [Text=. CharacterOffsetBegin=2383 CharacterOffsetEnd=2384 PartOfSpeech=.] 
root(ROOT-0, Date-11)
det(dating-3, The-1)
advmod(dating-3, best-2)
nsubj(Date-11, dating-3)
dobj(dating-3, shows-4)
prep(dating-3, by-5)
det(mile-8, a-6)
nn(mile-8, country-7)
pobj(by-5, mile-8)
cop(Date-11, are-9)
nn(Date-11, Blind-10)
cc(Date-11, and-12)
det(Wheel-15, The-13)
amod(Wheel-15, Fifth-14)
conj(Date-11, Wheel-15)
mark(fun-19, because-16)
nsubj(fun-19, they-17)
cop(fun-19, are-18)
advcl(Date-11, fun-19)
punct(Date-11, .-20)

Sentence #22 (15 tokens):
Nothing is manned more between the "couples" than a simple night out.
[Text=Nothing CharacterOffsetBegin=2389 CharacterOffsetEnd=2396 PartOfSpeech=NN] [Text=is CharacterOffsetBegin=2397 CharacterOffsetEnd=2399 PartOfSpeech=VBZ] [Text=manned CharacterOffsetBegin=2400 CharacterOffsetEnd=2406 PartOfSpeech=VBN] [Text=more CharacterOffsetBegin=2407 CharacterOffsetEnd=2411 PartOfSpeech=JJR] [Text=between CharacterOffsetBegin=2412 CharacterOffsetEnd=2419 PartOfSpeech=IN] [Text=the CharacterOffsetBegin=2420 CharacterOffsetEnd=2423 PartOfSpeech=DT] [Text=`` CharacterOffsetBegin=2424 CharacterOffsetEnd=2425 PartOfSpeech=``] [Text=couples CharacterOffsetBegin=2425 CharacterOffsetEnd=2432 PartOfSpeech=NNS] [Text='' CharacterOffsetBegin=2432 CharacterOffsetEnd=2433 PartOfSpeech=''] [Text=than CharacterOffsetBegin=2434 CharacterOffsetEnd=2438 PartOfSpeech=IN] [Text=a CharacterOffsetBegin=2439 CharacterOffsetEnd=2440 PartOfSpeech=DT] [Text=simple CharacterOffsetBegin=2441 CharacterOffsetEnd=2447 PartOfSpeech=JJ] [Text=night CharacterOffsetBegin=2448 CharacterOffsetEnd=2453 PartOfSpeech=NN] [Text=out CharacterOffsetBegin=2454 CharacterOffsetEnd=2457 PartOfSpeech=IN] [Text=. CharacterOffsetBegin=2457 CharacterOffsetEnd=2458 PartOfSpeech=.] 
root(ROOT-0, manned-3)
nsubjpass(manned-3, Nothing-1)
auxpass(manned-3, is-2)
advmod(than-10, more-4)
prep(more-4, between-5)
det(couples-8, the-6)
punct(couples-8, ``-7)
pobj(between-5, couples-8)
punct(couples-8, ''-9)
prep(manned-3, than-10)
det(night-13, a-11)
amod(night-13, simple-12)
pobj(than-10, night-13)
prt(manned-3, out-14)
punct(manned-3, .-15)

Sentence #23 (10 tokens):
the bachelor, sadly takes itself way too seriously.
[Text=the CharacterOffsetBegin=2463 CharacterOffsetEnd=2466 PartOfSpeech=DT] [Text=bachelor CharacterOffsetBegin=2467 CharacterOffsetEnd=2475 PartOfSpeech=NN] [Text=, CharacterOffsetBegin=2475 CharacterOffsetEnd=2476 PartOfSpeech=,] [Text=sadly CharacterOffsetBegin=2477 CharacterOffsetEnd=2482 PartOfSpeech=RB] [Text=takes CharacterOffsetBegin=2483 CharacterOffsetEnd=2488 PartOfSpeech=VBZ] [Text=itself CharacterOffsetBegin=2489 CharacterOffsetEnd=2495 PartOfSpeech=PRP] [Text=way CharacterOffsetBegin=2496 CharacterOffsetEnd=2499 PartOfSpeech=RB] [Text=too CharacterOffsetBegin=2500 CharacterOffsetEnd=2503 PartOfSpeech=RB] [Text=seriously CharacterOffsetBegin=2504 CharacterOffsetEnd=2513 PartOfSpeech=RB] [Text=. CharacterOffsetBegin=2513 CharacterOffsetEnd=2514 PartOfSpeech=.] 
root(ROOT-0, bachelor-2)
det(bachelor-2, the-1)
punct(bachelor-2, ,-3)
nsubj(takes-5, sadly-4)
rcmod(bachelor-2, takes-5)
dobj(takes-5, itself-6)
advmod(seriously-9, way-7)
advmod(seriously-9, too-8)
advmod(takes-5, seriously-9)
punct(bachelor-2, .-10)

