Sentence #1 (22 tokens):
I have seen a lot of movies...this is the first one I ever walked out of the theater on.
[Text=I CharacterOffsetBegin=4 CharacterOffsetEnd=5 PartOfSpeech=PRP] [Text=have CharacterOffsetBegin=6 CharacterOffsetEnd=10 PartOfSpeech=VBP] [Text=seen CharacterOffsetBegin=11 CharacterOffsetEnd=15 PartOfSpeech=VBN] [Text=a CharacterOffsetBegin=16 CharacterOffsetEnd=17 PartOfSpeech=DT] [Text=lot CharacterOffsetBegin=18 CharacterOffsetEnd=21 PartOfSpeech=NN] [Text=of CharacterOffsetBegin=22 CharacterOffsetEnd=24 PartOfSpeech=IN] [Text=movies CharacterOffsetBegin=25 CharacterOffsetEnd=31 PartOfSpeech=NNS] [Text=... CharacterOffsetBegin=31 CharacterOffsetEnd=34 PartOfSpeech=:] [Text=this CharacterOffsetBegin=34 CharacterOffsetEnd=38 PartOfSpeech=DT] [Text=is CharacterOffsetBegin=39 CharacterOffsetEnd=41 PartOfSpeech=VBZ] [Text=the CharacterOffsetBegin=42 CharacterOffsetEnd=45 PartOfSpeech=DT] [Text=first CharacterOffsetBegin=46 CharacterOffsetEnd=51 PartOfSpeech=JJ] [Text=one CharacterOffsetBegin=52 CharacterOffsetEnd=55 PartOfSpeech=CD] [Text=I CharacterOffsetBegin=56 CharacterOffsetEnd=57 PartOfSpeech=PRP] [Text=ever CharacterOffsetBegin=58 CharacterOffsetEnd=62 PartOfSpeech=RB] [Text=walked CharacterOffsetBegin=63 CharacterOffsetEnd=69 PartOfSpeech=VBD] [Text=out CharacterOffsetBegin=70 CharacterOffsetEnd=73 PartOfSpeech=IN] [Text=of CharacterOffsetBegin=74 CharacterOffsetEnd=76 PartOfSpeech=IN] [Text=the CharacterOffsetBegin=77 CharacterOffsetEnd=80 PartOfSpeech=DT] [Text=theater CharacterOffsetBegin=81 CharacterOffsetEnd=88 PartOfSpeech=NN] [Text=on CharacterOffsetBegin=89 CharacterOffsetEnd=91 PartOfSpeech=IN] [Text=. CharacterOffsetBegin=91 CharacterOffsetEnd=92 PartOfSpeech=.] 
root(ROOT-0, seen-3)
nsubj(seen-3, I-1)
aux(seen-3, have-2)
det(lot-5, a-4)
dobj(seen-3, lot-5)
prep(lot-5, of-6)
pobj(of-6, movies-7)
punct(seen-3, ...-8)
nsubj(one-13, this-9)
cop(one-13, is-10)
det(one-13, the-11)
amod(one-13, first-12)
parataxis(seen-3, one-13)
nsubj(walked-16, I-14)
advmod(walked-16, ever-15)
rcmod(one-13, walked-16)
advmod(walked-16, out-17)
prep(out-17, of-18)
det(theater-20, the-19)
pobj(of-18, theater-20)
prep(walked-16, on-21)
punct(seen-3, .-22)

Sentence #2 (7 tokens):
Don't even bother renting it.
[Text=Do CharacterOffsetBegin=97 CharacterOffsetEnd=99 PartOfSpeech=VBP] [Text=n't CharacterOffsetBegin=99 CharacterOffsetEnd=102 PartOfSpeech=RB] [Text=even CharacterOffsetBegin=103 CharacterOffsetEnd=107 PartOfSpeech=RB] [Text=bother CharacterOffsetBegin=108 CharacterOffsetEnd=114 PartOfSpeech=VB] [Text=renting CharacterOffsetBegin=115 CharacterOffsetEnd=122 PartOfSpeech=VBG] [Text=it CharacterOffsetBegin=123 CharacterOffsetEnd=125 PartOfSpeech=PRP] [Text=. CharacterOffsetBegin=125 CharacterOffsetEnd=126 PartOfSpeech=.] 
root(ROOT-0, bother-4)
aux(bother-4, Do-1)
neg(bother-4, n't-2)
advmod(bother-4, even-3)
xcomp(bother-4, renting-5)
dobj(renting-5, it-6)
punct(bother-4, .-7)

Sentence #3 (29 tokens):
This is about as boring a soap opera as one can see...at least you don't have to pay to watch a soap opera, though.
[Text=This CharacterOffsetBegin=131 CharacterOffsetEnd=135 PartOfSpeech=DT] [Text=is CharacterOffsetBegin=136 CharacterOffsetEnd=138 PartOfSpeech=VBZ] [Text=about CharacterOffsetBegin=139 CharacterOffsetEnd=144 PartOfSpeech=RB] [Text=as CharacterOffsetBegin=145 CharacterOffsetEnd=147 PartOfSpeech=RB] [Text=boring CharacterOffsetBegin=148 CharacterOffsetEnd=154 PartOfSpeech=VBG] [Text=a CharacterOffsetBegin=155 CharacterOffsetEnd=156 PartOfSpeech=DT] [Text=soap CharacterOffsetBegin=157 CharacterOffsetEnd=161 PartOfSpeech=NN] [Text=opera CharacterOffsetBegin=162 CharacterOffsetEnd=167 PartOfSpeech=NN] [Text=as CharacterOffsetBegin=168 CharacterOffsetEnd=170 PartOfSpeech=IN] [Text=one CharacterOffsetBegin=171 CharacterOffsetEnd=174 PartOfSpeech=CD] [Text=can CharacterOffsetBegin=175 CharacterOffsetEnd=178 PartOfSpeech=MD] [Text=see CharacterOffsetBegin=179 CharacterOffsetEnd=182 PartOfSpeech=VB] [Text=... CharacterOffsetBegin=182 CharacterOffsetEnd=185 PartOfSpeech=:] [Text=at CharacterOffsetBegin=185 CharacterOffsetEnd=187 PartOfSpeech=IN] [Text=least CharacterOffsetBegin=188 CharacterOffsetEnd=193 PartOfSpeech=JJS] [Text=you CharacterOffsetBegin=194 CharacterOffsetEnd=197 PartOfSpeech=PRP] [Text=do CharacterOffsetBegin=198 CharacterOffsetEnd=200 PartOfSpeech=VBP] [Text=n't CharacterOffsetBegin=200 CharacterOffsetEnd=203 PartOfSpeech=RB] [Text=have CharacterOffsetBegin=204 CharacterOffsetEnd=208 PartOfSpeech=VB] [Text=to CharacterOffsetBegin=209 CharacterOffsetEnd=211 PartOfSpeech=TO] [Text=pay CharacterOffsetBegin=212 CharacterOffsetEnd=215 PartOfSpeech=VB] [Text=to CharacterOffsetBegin=216 CharacterOffsetEnd=218 PartOfSpeech=TO] [Text=watch CharacterOffsetBegin=219 CharacterOffsetEnd=224 PartOfSpeech=VB] [Text=a CharacterOffsetBegin=225 CharacterOffsetEnd=226 PartOfSpeech=DT] [Text=soap CharacterOffsetBegin=227 CharacterOffsetEnd=231 PartOfSpeech=NN] [Text=opera CharacterOffsetBegin=232 CharacterOffsetEnd=237 PartOfSpeech=NN] [Text=, CharacterOffsetBegin=237 CharacterOffsetEnd=238 PartOfSpeech=,] [Text=though CharacterOffsetBegin=239 CharacterOffsetEnd=245 PartOfSpeech=RB] [Text=. CharacterOffsetBegin=245 CharacterOffsetEnd=246 PartOfSpeech=.] 
root(ROOT-0, about-3)
nsubj(about-3, This-1)
cop(about-3, is-2)
advmod(boring-5, as-4)
pcomp(about-3, boring-5)
det(opera-8, a-6)
nn(opera-8, soap-7)
dobj(boring-5, opera-8)
mark(see-12, as-9)
nsubj(see-12, one-10)
aux(see-12, can-11)
advcl(boring-5, see-12)
punct(see-12, ...-13)
advmod(have-19, at-14)
pobj(at-14, least-15)
nsubj(have-19, you-16)
aux(have-19, do-17)
neg(have-19, n't-18)
ccomp(see-12, have-19)
aux(pay-21, to-20)
xcomp(have-19, pay-21)
aux(watch-23, to-22)
xcomp(pay-21, watch-23)
det(opera-26, a-24)
nn(opera-26, soap-25)
dobj(watch-23, opera-26)
punct(have-19, ,-27)
advmod(have-19, though-28)
punct(about-3, .-29)

