Sentence #1 (12 tokens):
There really wasn't much of a story in this film.
[Text=There CharacterOffsetBegin=4 CharacterOffsetEnd=9 PartOfSpeech=EX] [Text=really CharacterOffsetBegin=10 CharacterOffsetEnd=16 PartOfSpeech=RB] [Text=was CharacterOffsetBegin=17 CharacterOffsetEnd=20 PartOfSpeech=VBD] [Text=n't CharacterOffsetBegin=20 CharacterOffsetEnd=23 PartOfSpeech=RB] [Text=much CharacterOffsetBegin=24 CharacterOffsetEnd=28 PartOfSpeech=JJ] [Text=of CharacterOffsetBegin=29 CharacterOffsetEnd=31 PartOfSpeech=IN] [Text=a CharacterOffsetBegin=32 CharacterOffsetEnd=33 PartOfSpeech=DT] [Text=story CharacterOffsetBegin=34 CharacterOffsetEnd=39 PartOfSpeech=NN] [Text=in CharacterOffsetBegin=40 CharacterOffsetEnd=42 PartOfSpeech=IN] [Text=this CharacterOffsetBegin=43 CharacterOffsetEnd=47 PartOfSpeech=DT] [Text=film CharacterOffsetBegin=48 CharacterOffsetEnd=52 PartOfSpeech=NN] [Text=. CharacterOffsetBegin=52 CharacterOffsetEnd=53 PartOfSpeech=.] 
root(ROOT-0, was-3)
expl(was-3, There-1)
advmod(was-3, really-2)
neg(was-3, n't-4)
nsubj(was-3, much-5)
prep(much-5, of-6)
det(story-8, a-7)
pobj(of-6, story-8)
prep(story-8, in-9)
det(film-11, this-10)
pobj(in-9, film-11)
punct(was-3, .-12)

Sentence #2 (14 tokens):
It loosely based itself off the events in the first Lion King movie.
[Text=It CharacterOffsetBegin=58 CharacterOffsetEnd=60 PartOfSpeech=PRP] [Text=loosely CharacterOffsetBegin=61 CharacterOffsetEnd=68 PartOfSpeech=RB] [Text=based CharacterOffsetBegin=69 CharacterOffsetEnd=74 PartOfSpeech=VBN] [Text=itself CharacterOffsetBegin=75 CharacterOffsetEnd=81 PartOfSpeech=PRP] [Text=off CharacterOffsetBegin=82 CharacterOffsetEnd=85 PartOfSpeech=RP] [Text=the CharacterOffsetBegin=86 CharacterOffsetEnd=89 PartOfSpeech=DT] [Text=events CharacterOffsetBegin=90 CharacterOffsetEnd=96 PartOfSpeech=NNS] [Text=in CharacterOffsetBegin=97 CharacterOffsetEnd=99 PartOfSpeech=IN] [Text=the CharacterOffsetBegin=100 CharacterOffsetEnd=103 PartOfSpeech=DT] [Text=first CharacterOffsetBegin=104 CharacterOffsetEnd=109 PartOfSpeech=JJ] [Text=Lion CharacterOffsetBegin=110 CharacterOffsetEnd=114 PartOfSpeech=NNP] [Text=King CharacterOffsetBegin=115 CharacterOffsetEnd=119 PartOfSpeech=NNP] [Text=movie CharacterOffsetBegin=120 CharacterOffsetEnd=125 PartOfSpeech=NN] [Text=. CharacterOffsetBegin=125 CharacterOffsetEnd=126 PartOfSpeech=.] 
root(ROOT-0, based-3)
nsubj(based-3, It-1)
advmod(based-3, loosely-2)
dobj(based-3, itself-4)
prt(based-3, off-5)
det(events-7, the-6)
dobj(based-3, events-7)
prep(events-7, in-8)
det(movie-13, the-9)
amod(movie-13, first-10)
nn(movie-13, Lion-11)
nn(movie-13, King-12)
pobj(in-8, movie-13)
punct(based-3, .-14)

Sentence #3 (14 tokens):
It is supposed to be how Timon and Pumbaa met via their aloneness.
[Text=It CharacterOffsetBegin=131 CharacterOffsetEnd=133 PartOfSpeech=PRP] [Text=is CharacterOffsetBegin=134 CharacterOffsetEnd=136 PartOfSpeech=VBZ] [Text=supposed CharacterOffsetBegin=137 CharacterOffsetEnd=145 PartOfSpeech=VBN] [Text=to CharacterOffsetBegin=146 CharacterOffsetEnd=148 PartOfSpeech=TO] [Text=be CharacterOffsetBegin=149 CharacterOffsetEnd=151 PartOfSpeech=VB] [Text=how CharacterOffsetBegin=152 CharacterOffsetEnd=155 PartOfSpeech=WRB] [Text=Timon CharacterOffsetBegin=156 CharacterOffsetEnd=161 PartOfSpeech=NNP] [Text=and CharacterOffsetBegin=162 CharacterOffsetEnd=165 PartOfSpeech=CC] [Text=Pumbaa CharacterOffsetBegin=166 CharacterOffsetEnd=172 PartOfSpeech=NNP] [Text=met CharacterOffsetBegin=173 CharacterOffsetEnd=176 PartOfSpeech=VBD] [Text=via CharacterOffsetBegin=177 CharacterOffsetEnd=180 PartOfSpeech=IN] [Text=their CharacterOffsetBegin=181 CharacterOffsetEnd=186 PartOfSpeech=PRP$] [Text=aloneness CharacterOffsetBegin=187 CharacterOffsetEnd=196 PartOfSpeech=NN] [Text=. CharacterOffsetBegin=196 CharacterOffsetEnd=197 PartOfSpeech=.] 
root(ROOT-0, supposed-3)
nsubjpass(supposed-3, It-1)
auxpass(supposed-3, is-2)
aux(be-5, to-4)
xcomp(supposed-3, be-5)
advmod(Timon-7, how-6)
nsubj(met-10, Timon-7)
cc(Timon-7, and-8)
conj(Timon-7, Pumbaa-9)
ccomp(be-5, met-10)
prep(met-10, via-11)
poss(aloneness-13, their-12)
pobj(via-11, aloneness-13)
punct(supposed-3, .-14)

Sentence #4 (28 tokens):
But there isn't much more than that.It mixes some scenes from the original, then it ab-libs about how this movie changed them a little bit.
[Text=But CharacterOffsetBegin=202 CharacterOffsetEnd=205 PartOfSpeech=CC] [Text=there CharacterOffsetBegin=206 CharacterOffsetEnd=211 PartOfSpeech=EX] [Text=is CharacterOffsetBegin=212 CharacterOffsetEnd=214 PartOfSpeech=VBZ] [Text=n't CharacterOffsetBegin=214 CharacterOffsetEnd=217 PartOfSpeech=RB] [Text=much CharacterOffsetBegin=218 CharacterOffsetEnd=222 PartOfSpeech=RB] [Text=more CharacterOffsetBegin=223 CharacterOffsetEnd=227 PartOfSpeech=JJR] [Text=than CharacterOffsetBegin=228 CharacterOffsetEnd=232 PartOfSpeech=IN] [Text=that.It CharacterOffsetBegin=233 CharacterOffsetEnd=240 PartOfSpeech=NN] [Text=mixes CharacterOffsetBegin=241 CharacterOffsetEnd=246 PartOfSpeech=VBZ] [Text=some CharacterOffsetBegin=247 CharacterOffsetEnd=251 PartOfSpeech=DT] [Text=scenes CharacterOffsetBegin=252 CharacterOffsetEnd=258 PartOfSpeech=NNS] [Text=from CharacterOffsetBegin=259 CharacterOffsetEnd=263 PartOfSpeech=IN] [Text=the CharacterOffsetBegin=264 CharacterOffsetEnd=267 PartOfSpeech=DT] [Text=original CharacterOffsetBegin=268 CharacterOffsetEnd=276 PartOfSpeech=JJ] [Text=, CharacterOffsetBegin=276 CharacterOffsetEnd=277 PartOfSpeech=,] [Text=then CharacterOffsetBegin=278 CharacterOffsetEnd=282 PartOfSpeech=RB] [Text=it CharacterOffsetBegin=283 CharacterOffsetEnd=285 PartOfSpeech=PRP] [Text=ab-libs CharacterOffsetBegin=286 CharacterOffsetEnd=293 PartOfSpeech=VBZ] [Text=about CharacterOffsetBegin=294 CharacterOffsetEnd=299 PartOfSpeech=IN] [Text=how CharacterOffsetBegin=300 CharacterOffsetEnd=303 PartOfSpeech=WRB] [Text=this CharacterOffsetBegin=304 CharacterOffsetEnd=308 PartOfSpeech=DT] [Text=movie CharacterOffsetBegin=309 CharacterOffsetEnd=314 PartOfSpeech=NN] [Text=changed CharacterOffsetBegin=315 CharacterOffsetEnd=322 PartOfSpeech=VBD] [Text=them CharacterOffsetBegin=323 CharacterOffsetEnd=327 PartOfSpeech=PRP] [Text=a CharacterOffsetBegin=328 CharacterOffsetEnd=329 PartOfSpeech=DT] [Text=little CharacterOffsetBegin=330 CharacterOffsetEnd=336 PartOfSpeech=JJ] [Text=bit CharacterOffsetBegin=337 CharacterOffsetEnd=340 PartOfSpeech=NN] [Text=. CharacterOffsetBegin=340 CharacterOffsetEnd=341 PartOfSpeech=.] 
root(ROOT-0, is-3)
cc(is-3, But-1)
expl(is-3, there-2)
neg(is-3, n't-4)
advmod(more-6, much-5)
nsubj(is-3, more-6)
mark(mixes-9, than-7)
nsubj(mixes-9, that.It-8)
dep(more-6, mixes-9)
det(scenes-11, some-10)
dobj(mixes-9, scenes-11)
prep(scenes-11, from-12)
det(original-14, the-13)
pobj(from-12, original-14)
punct(is-3, ,-15)
advmod(is-3, then-16)
nsubj(ab-libs-18, it-17)
ccomp(is-3, ab-libs-18)
prep(ab-libs-18, about-19)
advmod(changed-23, how-20)
det(movie-22, this-21)
nsubj(changed-23, movie-22)
pcomp(about-19, changed-23)
iobj(changed-23, them-24)
det(bit-27, a-25)
amod(bit-27, little-26)
dobj(changed-23, bit-27)
punct(is-3, .-28)

Sentence #5 (7 tokens):
But still, is that it?
[Text=But CharacterOffsetBegin=346 CharacterOffsetEnd=349 PartOfSpeech=CC] [Text=still CharacterOffsetBegin=350 CharacterOffsetEnd=355 PartOfSpeech=RB] [Text=, CharacterOffsetBegin=355 CharacterOffsetEnd=356 PartOfSpeech=,] [Text=is CharacterOffsetBegin=357 CharacterOffsetEnd=359 PartOfSpeech=VBZ] [Text=that CharacterOffsetBegin=360 CharacterOffsetEnd=364 PartOfSpeech=IN] [Text=it CharacterOffsetBegin=365 CharacterOffsetEnd=367 PartOfSpeech=PRP] [Text=? CharacterOffsetBegin=367 CharacterOffsetEnd=368 PartOfSpeech=.] 
root(ROOT-0, is-4)
cc(is-4, But-1)
advmod(is-4, still-2)
punct(is-4, ,-3)
dep(is-4, that-5)
dep(that-5, it-6)
punct(it-6, ?-7)

Sentence #6 (9 tokens):
I was hoping for something a little more.
[Text=I CharacterOffsetBegin=373 CharacterOffsetEnd=374 PartOfSpeech=PRP] [Text=was CharacterOffsetBegin=375 CharacterOffsetEnd=378 PartOfSpeech=VBD] [Text=hoping CharacterOffsetBegin=379 CharacterOffsetEnd=385 PartOfSpeech=VBG] [Text=for CharacterOffsetBegin=386 CharacterOffsetEnd=389 PartOfSpeech=IN] [Text=something CharacterOffsetBegin=390 CharacterOffsetEnd=399 PartOfSpeech=NN] [Text=a CharacterOffsetBegin=400 CharacterOffsetEnd=401 PartOfSpeech=DT] [Text=little CharacterOffsetBegin=402 CharacterOffsetEnd=408 PartOfSpeech=RB] [Text=more CharacterOffsetBegin=409 CharacterOffsetEnd=413 PartOfSpeech=RBR] [Text=. CharacterOffsetBegin=413 CharacterOffsetEnd=414 PartOfSpeech=.] 
root(ROOT-0, hoping-3)
nsubj(hoping-3, I-1)
aux(hoping-3, was-2)
prep(hoping-3, for-4)
pobj(for-4, something-5)
det(little-7, a-6)
npadvmod(more-8, little-7)
advmod(something-5, more-8)
punct(hoping-3, .-9)

Sentence #7 (35 tokens):
Instead, all I have to show for it is an empty plot with little explanation.I guess if you wanted to see other meerkats in the Lion King universe, then this is it.
[Text=Instead CharacterOffsetBegin=419 CharacterOffsetEnd=426 PartOfSpeech=RB] [Text=, CharacterOffsetBegin=426 CharacterOffsetEnd=427 PartOfSpeech=,] [Text=all CharacterOffsetBegin=428 CharacterOffsetEnd=431 PartOfSpeech=DT] [Text=I CharacterOffsetBegin=432 CharacterOffsetEnd=433 PartOfSpeech=PRP] [Text=have CharacterOffsetBegin=434 CharacterOffsetEnd=438 PartOfSpeech=VBP] [Text=to CharacterOffsetBegin=439 CharacterOffsetEnd=441 PartOfSpeech=TO] [Text=show CharacterOffsetBegin=442 CharacterOffsetEnd=446 PartOfSpeech=VB] [Text=for CharacterOffsetBegin=447 CharacterOffsetEnd=450 PartOfSpeech=IN] [Text=it CharacterOffsetBegin=451 CharacterOffsetEnd=453 PartOfSpeech=PRP] [Text=is CharacterOffsetBegin=454 CharacterOffsetEnd=456 PartOfSpeech=VBZ] [Text=an CharacterOffsetBegin=457 CharacterOffsetEnd=459 PartOfSpeech=DT] [Text=empty CharacterOffsetBegin=460 CharacterOffsetEnd=465 PartOfSpeech=JJ] [Text=plot CharacterOffsetBegin=466 CharacterOffsetEnd=470 PartOfSpeech=NN] [Text=with CharacterOffsetBegin=471 CharacterOffsetEnd=475 PartOfSpeech=IN] [Text=little CharacterOffsetBegin=476 CharacterOffsetEnd=482 PartOfSpeech=JJ] [Text=explanation.I CharacterOffsetBegin=483 CharacterOffsetEnd=496 PartOfSpeech=NN] [Text=guess CharacterOffsetBegin=497 CharacterOffsetEnd=502 PartOfSpeech=NN] [Text=if CharacterOffsetBegin=503 CharacterOffsetEnd=505 PartOfSpeech=IN] [Text=you CharacterOffsetBegin=506 CharacterOffsetEnd=509 PartOfSpeech=PRP] [Text=wanted CharacterOffsetBegin=510 CharacterOffsetEnd=516 PartOfSpeech=VBD] [Text=to CharacterOffsetBegin=517 CharacterOffsetEnd=519 PartOfSpeech=TO] [Text=see CharacterOffsetBegin=520 CharacterOffsetEnd=523 PartOfSpeech=VB] [Text=other CharacterOffsetBegin=524 CharacterOffsetEnd=529 PartOfSpeech=JJ] [Text=meerkats CharacterOffsetBegin=530 CharacterOffsetEnd=538 PartOfSpeech=NNS] [Text=in CharacterOffsetBegin=539 CharacterOffsetEnd=541 PartOfSpeech=IN] [Text=the CharacterOffsetBegin=542 CharacterOffsetEnd=545 PartOfSpeech=DT] [Text=Lion CharacterOffsetBegin=546 CharacterOffsetEnd=550 PartOfSpeech=NNP] [Text=King CharacterOffsetBegin=551 CharacterOffsetEnd=555 PartOfSpeech=NNP] [Text=universe CharacterOffsetBegin=556 CharacterOffsetEnd=564 PartOfSpeech=NN] [Text=, CharacterOffsetBegin=564 CharacterOffsetEnd=565 PartOfSpeech=,] [Text=then CharacterOffsetBegin=566 CharacterOffsetEnd=570 PartOfSpeech=RB] [Text=this CharacterOffsetBegin=571 CharacterOffsetEnd=575 PartOfSpeech=DT] [Text=is CharacterOffsetBegin=576 CharacterOffsetEnd=578 PartOfSpeech=VBZ] [Text=it CharacterOffsetBegin=579 CharacterOffsetEnd=581 PartOfSpeech=PRP] [Text=. CharacterOffsetBegin=581 CharacterOffsetEnd=582 PartOfSpeech=.] 
root(ROOT-0, have-5)
advmod(have-5, Instead-1)
punct(have-5, ,-2)
dep(have-5, all-3)
nsubj(have-5, I-4)
aux(show-7, to-6)
xcomp(have-5, show-7)
mark(plot-13, for-8)
nsubj(plot-13, it-9)
cop(plot-13, is-10)
det(plot-13, an-11)
amod(plot-13, empty-12)
advcl(show-7, plot-13)
prep(plot-13, with-14)
amod(guess-17, little-15)
nn(guess-17, explanation.I-16)
pobj(with-14, guess-17)
mark(wanted-20, if-18)
nsubj(wanted-20, you-19)
advcl(plot-13, wanted-20)
aux(see-22, to-21)
xcomp(wanted-20, see-22)
amod(meerkats-24, other-23)
dobj(see-22, meerkats-24)
prep(meerkats-24, in-25)
det(universe-29, the-26)
nn(universe-29, Lion-27)
nn(universe-29, King-28)
pobj(in-25, universe-29)
punct(have-5, ,-30)
advmod(have-5, then-31)
nsubj(it-34, this-32)
cop(it-34, is-33)
dep(have-5, it-34)
punct(have-5, .-35)

Sentence #8 (13 tokens):
But other than that, it does little justice for the animators.
[Text=But CharacterOffsetBegin=587 CharacterOffsetEnd=590 PartOfSpeech=CC] [Text=other CharacterOffsetBegin=591 CharacterOffsetEnd=596 PartOfSpeech=JJ] [Text=than CharacterOffsetBegin=597 CharacterOffsetEnd=601 PartOfSpeech=IN] [Text=that CharacterOffsetBegin=602 CharacterOffsetEnd=606 PartOfSpeech=DT] [Text=, CharacterOffsetBegin=606 CharacterOffsetEnd=607 PartOfSpeech=,] [Text=it CharacterOffsetBegin=608 CharacterOffsetEnd=610 PartOfSpeech=PRP] [Text=does CharacterOffsetBegin=611 CharacterOffsetEnd=615 PartOfSpeech=VBZ] [Text=little CharacterOffsetBegin=616 CharacterOffsetEnd=622 PartOfSpeech=JJ] [Text=justice CharacterOffsetBegin=623 CharacterOffsetEnd=630 PartOfSpeech=NN] [Text=for CharacterOffsetBegin=631 CharacterOffsetEnd=634 PartOfSpeech=IN] [Text=the CharacterOffsetBegin=635 CharacterOffsetEnd=638 PartOfSpeech=DT] [Text=animators CharacterOffsetBegin=639 CharacterOffsetEnd=648 PartOfSpeech=NNS] [Text=. CharacterOffsetBegin=648 CharacterOffsetEnd=649 PartOfSpeech=.] 
root(ROOT-0, does-7)
cc(does-7, But-1)
dep(does-7, other-2)
prep(other-2, than-3)
pobj(than-3, that-4)
punct(does-7, ,-5)
nsubj(does-7, it-6)
amod(justice-9, little-8)
nsubj(does-7, justice-9)
prep(justice-9, for-10)
det(animators-12, the-11)
pobj(for-10, animators-12)
punct(does-7, .-13)

Sentence #9 (8 tokens):
Disney really should stop these direct-to-video productions.
[Text=Disney CharacterOffsetBegin=654 CharacterOffsetEnd=660 PartOfSpeech=NNP] [Text=really CharacterOffsetBegin=661 CharacterOffsetEnd=667 PartOfSpeech=RB] [Text=should CharacterOffsetBegin=668 CharacterOffsetEnd=674 PartOfSpeech=MD] [Text=stop CharacterOffsetBegin=675 CharacterOffsetEnd=679 PartOfSpeech=VB] [Text=these CharacterOffsetBegin=680 CharacterOffsetEnd=685 PartOfSpeech=DT] [Text=direct-to-video CharacterOffsetBegin=686 CharacterOffsetEnd=701 PartOfSpeech=JJ] [Text=productions CharacterOffsetBegin=702 CharacterOffsetEnd=713 PartOfSpeech=NNS] [Text=. CharacterOffsetBegin=713 CharacterOffsetEnd=714 PartOfSpeech=.] 
root(ROOT-0, stop-4)
nsubj(stop-4, Disney-1)
advmod(stop-4, really-2)
aux(stop-4, should-3)
det(productions-7, these-5)
amod(productions-7, direct-to-video-6)
dobj(stop-4, productions-7)
punct(stop-4, .-8)

Sentence #10 (12 tokens):
It really was quite boring and could have used Jason Statham.
[Text=It CharacterOffsetBegin=719 CharacterOffsetEnd=721 PartOfSpeech=PRP] [Text=really CharacterOffsetBegin=722 CharacterOffsetEnd=728 PartOfSpeech=RB] [Text=was CharacterOffsetBegin=729 CharacterOffsetEnd=732 PartOfSpeech=VBD] [Text=quite CharacterOffsetBegin=733 CharacterOffsetEnd=738 PartOfSpeech=RB] [Text=boring CharacterOffsetBegin=739 CharacterOffsetEnd=745 PartOfSpeech=JJ] [Text=and CharacterOffsetBegin=746 CharacterOffsetEnd=749 PartOfSpeech=CC] [Text=could CharacterOffsetBegin=750 CharacterOffsetEnd=755 PartOfSpeech=MD] [Text=have CharacterOffsetBegin=756 CharacterOffsetEnd=760 PartOfSpeech=VB] [Text=used CharacterOffsetBegin=761 CharacterOffsetEnd=765 PartOfSpeech=VBN] [Text=Jason CharacterOffsetBegin=766 CharacterOffsetEnd=771 PartOfSpeech=NNP] [Text=Statham CharacterOffsetBegin=772 CharacterOffsetEnd=779 PartOfSpeech=NNP] [Text=. CharacterOffsetBegin=779 CharacterOffsetEnd=780 PartOfSpeech=.] 
root(ROOT-0, boring-5)
nsubj(boring-5, It-1)
advmod(boring-5, really-2)
cop(boring-5, was-3)
advmod(boring-5, quite-4)
cc(boring-5, and-6)
aux(used-9, could-7)
aux(used-9, have-8)
conj(boring-5, used-9)
nn(Statham-11, Jason-10)
dobj(used-9, Statham-11)
punct(boring-5, .-12)

Sentence #11 (4 tokens):
"D-"
[Text=`` CharacterOffsetBegin=785 CharacterOffsetEnd=786 PartOfSpeech=``] [Text=D CharacterOffsetBegin=786 CharacterOffsetEnd=787 PartOfSpeech=NN] [Text=- CharacterOffsetBegin=787 CharacterOffsetEnd=788 PartOfSpeech=:] [Text='' CharacterOffsetBegin=788 CharacterOffsetEnd=789 PartOfSpeech=''] 
root(ROOT-0, D-2)
punct(D-2, ``-1)
punct(D-2, --3)
punct(D-2, ''-4)

