Sentence #1 (6 tokens):
Semana Santa is jaw-droppingly bad.
[Text=Semana CharacterOffsetBegin=4 CharacterOffsetEnd=10 PartOfSpeech=NNP] [Text=Santa CharacterOffsetBegin=11 CharacterOffsetEnd=16 PartOfSpeech=NNP] [Text=is CharacterOffsetBegin=17 CharacterOffsetEnd=19 PartOfSpeech=VBZ] [Text=jaw-droppingly CharacterOffsetBegin=20 CharacterOffsetEnd=34 PartOfSpeech=RB] [Text=bad CharacterOffsetBegin=35 CharacterOffsetEnd=38 PartOfSpeech=JJ] [Text=. CharacterOffsetBegin=38 CharacterOffsetEnd=39 PartOfSpeech=.] 
root(ROOT-0, bad-5)
nn(Santa-2, Semana-1)
nsubj(bad-5, Santa-2)
cop(bad-5, is-3)
advmod(bad-5, jaw-droppingly-4)
punct(bad-5, .-6)

Sentence #2 (15 tokens):
It's so wrong in so many ways I don't where to begin.
[Text=It CharacterOffsetBegin=44 CharacterOffsetEnd=46 PartOfSpeech=PRP] [Text='s CharacterOffsetBegin=46 CharacterOffsetEnd=48 PartOfSpeech=VBZ] [Text=so CharacterOffsetBegin=49 CharacterOffsetEnd=51 PartOfSpeech=RB] [Text=wrong CharacterOffsetBegin=52 CharacterOffsetEnd=57 PartOfSpeech=JJ] [Text=in CharacterOffsetBegin=58 CharacterOffsetEnd=60 PartOfSpeech=IN] [Text=so CharacterOffsetBegin=61 CharacterOffsetEnd=63 PartOfSpeech=RB] [Text=many CharacterOffsetBegin=64 CharacterOffsetEnd=68 PartOfSpeech=JJ] [Text=ways CharacterOffsetBegin=69 CharacterOffsetEnd=73 PartOfSpeech=NNS] [Text=I CharacterOffsetBegin=74 CharacterOffsetEnd=75 PartOfSpeech=PRP] [Text=do CharacterOffsetBegin=76 CharacterOffsetEnd=78 PartOfSpeech=VBP] [Text=n't CharacterOffsetBegin=78 CharacterOffsetEnd=81 PartOfSpeech=RB] [Text=where CharacterOffsetBegin=82 CharacterOffsetEnd=87 PartOfSpeech=WRB] [Text=to CharacterOffsetBegin=88 CharacterOffsetEnd=90 PartOfSpeech=TO] [Text=begin CharacterOffsetBegin=91 CharacterOffsetEnd=96 PartOfSpeech=VB] [Text=. CharacterOffsetBegin=96 CharacterOffsetEnd=97 PartOfSpeech=.] 
root(ROOT-0, wrong-4)
nsubj(wrong-4, It-1)
cop(wrong-4, 's-2)
advmod(wrong-4, so-3)
prep(wrong-4, in-5)
advmod(many-7, so-6)
amod(ways-8, many-7)
pobj(in-5, ways-8)
nsubj(do-10, I-9)
rcmod(ways-8, do-10)
neg(do-10, n't-11)
advmod(begin-14, where-12)
aux(begin-14, to-13)
advcl(do-10, begin-14)
punct(wrong-4, .-15)

Sentence #3 (29 tokens):
So, let's see...Mira Sorvino, whose judge husband has been shot while protecting her, goes from Madrid to Seville for her cop job.
[Text=So CharacterOffsetBegin=102 CharacterOffsetEnd=104 PartOfSpeech=RB] [Text=, CharacterOffsetBegin=104 CharacterOffsetEnd=105 PartOfSpeech=,] [Text=let CharacterOffsetBegin=106 CharacterOffsetEnd=109 PartOfSpeech=VB] [Text='s CharacterOffsetBegin=109 CharacterOffsetEnd=111 PartOfSpeech=POS] [Text=see CharacterOffsetBegin=112 CharacterOffsetEnd=115 PartOfSpeech=VB] [Text=... CharacterOffsetBegin=115 CharacterOffsetEnd=118 PartOfSpeech=:] [Text=Mira CharacterOffsetBegin=118 CharacterOffsetEnd=122 PartOfSpeech=NNP] [Text=Sorvino CharacterOffsetBegin=123 CharacterOffsetEnd=130 PartOfSpeech=NNP] [Text=, CharacterOffsetBegin=130 CharacterOffsetEnd=131 PartOfSpeech=,] [Text=whose CharacterOffsetBegin=132 CharacterOffsetEnd=137 PartOfSpeech=WP$] [Text=judge CharacterOffsetBegin=138 CharacterOffsetEnd=143 PartOfSpeech=NN] [Text=husband CharacterOffsetBegin=144 CharacterOffsetEnd=151 PartOfSpeech=NN] [Text=has CharacterOffsetBegin=152 CharacterOffsetEnd=155 PartOfSpeech=VBZ] [Text=been CharacterOffsetBegin=156 CharacterOffsetEnd=160 PartOfSpeech=VBN] [Text=shot CharacterOffsetBegin=161 CharacterOffsetEnd=165 PartOfSpeech=VBN] [Text=while CharacterOffsetBegin=166 CharacterOffsetEnd=171 PartOfSpeech=IN] [Text=protecting CharacterOffsetBegin=172 CharacterOffsetEnd=182 PartOfSpeech=VBG] [Text=her CharacterOffsetBegin=183 CharacterOffsetEnd=186 PartOfSpeech=PRP] [Text=, CharacterOffsetBegin=186 CharacterOffsetEnd=187 PartOfSpeech=,] [Text=goes CharacterOffsetBegin=188 CharacterOffsetEnd=192 PartOfSpeech=VBZ] [Text=from CharacterOffsetBegin=193 CharacterOffsetEnd=197 PartOfSpeech=IN] [Text=Madrid CharacterOffsetBegin=198 CharacterOffsetEnd=204 PartOfSpeech=NNP] [Text=to CharacterOffsetBegin=205 CharacterOffsetEnd=207 PartOfSpeech=TO] [Text=Seville CharacterOffsetBegin=208 CharacterOffsetEnd=215 PartOfSpeech=NNP] [Text=for CharacterOffsetBegin=216 CharacterOffsetEnd=219 PartOfSpeech=IN] [Text=her CharacterOffsetBegin=220 CharacterOffsetEnd=223 PartOfSpeech=PRP$] [Text=cop CharacterOffsetBegin=224 CharacterOffsetEnd=227 PartOfSpeech=NN] [Text=job CharacterOffsetBegin=228 CharacterOffsetEnd=231 PartOfSpeech=NN] [Text=. CharacterOffsetBegin=231 CharacterOffsetEnd=232 PartOfSpeech=.] 
root(ROOT-0, Sorvino-8)
dep(Sorvino-8, So-1)
punct(Sorvino-8, ,-2)
dep(Sorvino-8, let-3)
auxpass(see-5, 's-4)
ccomp(let-3, see-5)
punct(Sorvino-8, ...-6)
nn(Sorvino-8, Mira-7)
punct(Sorvino-8, ,-9)
poss(husband-12, whose-10)
nn(husband-12, judge-11)
nsubjpass(shot-15, husband-12)
aux(shot-15, has-13)
auxpass(shot-15, been-14)
rcmod(Sorvino-8, shot-15)
mark(goes-20, while-16)
dep(goes-20, protecting-17)
dobj(protecting-17, her-18)
punct(goes-20, ,-19)
advcl(shot-15, goes-20)
prep(goes-20, from-21)
pobj(from-21, Madrid-22)
prep(goes-20, to-23)
pobj(to-23, Seville-24)
prep(goes-20, for-25)
poss(job-28, her-26)
nn(job-28, cop-27)
pobj(for-25, job-28)
punct(Sorvino-8, .-29)

Sentence #4 (10 tokens):
During the holy week (Semana santa, see?
[Text=During CharacterOffsetBegin=237 CharacterOffsetEnd=243 PartOfSpeech=IN] [Text=the CharacterOffsetBegin=244 CharacterOffsetEnd=247 PartOfSpeech=DT] [Text=holy CharacterOffsetBegin=248 CharacterOffsetEnd=252 PartOfSpeech=JJ] [Text=week CharacterOffsetBegin=253 CharacterOffsetEnd=257 PartOfSpeech=NN] [Text=-LRB- CharacterOffsetBegin=258 CharacterOffsetEnd=259 PartOfSpeech=-LRB-] [Text=Semana CharacterOffsetBegin=259 CharacterOffsetEnd=265 PartOfSpeech=NNP] [Text=santa CharacterOffsetBegin=266 CharacterOffsetEnd=271 PartOfSpeech=NNP] [Text=, CharacterOffsetBegin=271 CharacterOffsetEnd=272 PartOfSpeech=,] [Text=see CharacterOffsetBegin=273 CharacterOffsetEnd=276 PartOfSpeech=VB] [Text=? CharacterOffsetBegin=276 CharacterOffsetEnd=277 PartOfSpeech=.] 
root(ROOT-0, During-1)
det(week-4, the-2)
amod(week-4, holy-3)
pobj(During-1, week-4)
punct(santa-7, -LRB--5)
nn(santa-7, Semana-6)
nsubj(see-9, santa-7)
punct(santa-7, ,-8)
rcmod(week-4, see-9)
punct(During-1, ?-10)

Sentence #5 (7 tokens):
...everybody begins to fall sleep.
[Text=... CharacterOffsetBegin=277 CharacterOffsetEnd=280 PartOfSpeech=:] [Text=everybody CharacterOffsetBegin=280 CharacterOffsetEnd=289 PartOfSpeech=NN] [Text=begins CharacterOffsetBegin=290 CharacterOffsetEnd=296 PartOfSpeech=VBZ] [Text=to CharacterOffsetBegin=297 CharacterOffsetEnd=299 PartOfSpeech=TO] [Text=fall CharacterOffsetBegin=300 CharacterOffsetEnd=304 PartOfSpeech=VB] [Text=sleep CharacterOffsetBegin=305 CharacterOffsetEnd=310 PartOfSpeech=NN] [Text=. CharacterOffsetBegin=310 CharacterOffsetEnd=311 PartOfSpeech=.] 
root(ROOT-0, begins-3)
punct(begins-3, ...-1)
nsubj(begins-3, everybody-2)
aux(fall-5, to-4)
xcomp(begins-3, fall-5)
dobj(fall-5, sleep-6)
punct(begins-3, .-7)

Sentence #6 (1 tokens):
.
[Text=. CharacterOffsetBegin=311 CharacterOffsetEnd=312 PartOfSpeech=.] 
root(ROOT-0, .-1)

Sentence #7 (28 tokens):
told u it was bad in so many points, even from the beginning), a killer executes his victims like bulls in a bullfighting arena.
[Text=told CharacterOffsetBegin=312 CharacterOffsetEnd=316 PartOfSpeech=VBD] [Text=u CharacterOffsetBegin=317 CharacterOffsetEnd=318 PartOfSpeech=FW] [Text=it CharacterOffsetBegin=319 CharacterOffsetEnd=321 PartOfSpeech=PRP] [Text=was CharacterOffsetBegin=322 CharacterOffsetEnd=325 PartOfSpeech=VBD] [Text=bad CharacterOffsetBegin=326 CharacterOffsetEnd=329 PartOfSpeech=JJ] [Text=in CharacterOffsetBegin=330 CharacterOffsetEnd=332 PartOfSpeech=IN] [Text=so CharacterOffsetBegin=333 CharacterOffsetEnd=335 PartOfSpeech=RB] [Text=many CharacterOffsetBegin=336 CharacterOffsetEnd=340 PartOfSpeech=JJ] [Text=points CharacterOffsetBegin=341 CharacterOffsetEnd=347 PartOfSpeech=NNS] [Text=, CharacterOffsetBegin=347 CharacterOffsetEnd=348 PartOfSpeech=,] [Text=even CharacterOffsetBegin=349 CharacterOffsetEnd=353 PartOfSpeech=RB] [Text=from CharacterOffsetBegin=354 CharacterOffsetEnd=358 PartOfSpeech=IN] [Text=the CharacterOffsetBegin=359 CharacterOffsetEnd=362 PartOfSpeech=DT] [Text=beginning CharacterOffsetBegin=363 CharacterOffsetEnd=372 PartOfSpeech=NN] [Text=-RRB- CharacterOffsetBegin=372 CharacterOffsetEnd=373 PartOfSpeech=-RRB-] [Text=, CharacterOffsetBegin=373 CharacterOffsetEnd=374 PartOfSpeech=,] [Text=a CharacterOffsetBegin=375 CharacterOffsetEnd=376 PartOfSpeech=DT] [Text=killer CharacterOffsetBegin=377 CharacterOffsetEnd=383 PartOfSpeech=NN] [Text=executes CharacterOffsetBegin=384 CharacterOffsetEnd=392 PartOfSpeech=VBZ] [Text=his CharacterOffsetBegin=393 CharacterOffsetEnd=396 PartOfSpeech=PRP$] [Text=victims CharacterOffsetBegin=397 CharacterOffsetEnd=404 PartOfSpeech=NNS] [Text=like CharacterOffsetBegin=405 CharacterOffsetEnd=409 PartOfSpeech=IN] [Text=bulls CharacterOffsetBegin=410 CharacterOffsetEnd=415 PartOfSpeech=NNS] [Text=in CharacterOffsetBegin=416 CharacterOffsetEnd=418 PartOfSpeech=IN] [Text=a CharacterOffsetBegin=419 CharacterOffsetEnd=420 PartOfSpeech=DT] [Text=bullfighting CharacterOffsetBegin=421 CharacterOffsetEnd=433 PartOfSpeech=NN] [Text=arena CharacterOffsetBegin=434 CharacterOffsetEnd=439 PartOfSpeech=NN] [Text=. CharacterOffsetBegin=439 CharacterOffsetEnd=440 PartOfSpeech=.] 
root(ROOT-0, executes-19)
partmod(executes-19, told-1)
dobj(told-1, u-2)
nsubj(bad-5, it-3)
cop(bad-5, was-4)
rcmod(u-2, bad-5)
prep(bad-5, in-6)
advmod(points-9, so-7)
amod(points-9, many-8)
pobj(in-6, points-9)
punct(told-1, ,-10)
advmod(from-12, even-11)
prep(told-1, from-12)
det(beginning-14, the-13)
pobj(from-12, beginning-14)
punct(told-1, -RRB--15)
punct(executes-19, ,-16)
det(killer-18, a-17)
nsubj(executes-19, killer-18)
poss(victims-21, his-20)
dobj(executes-19, victims-21)
prep(victims-21, like-22)
pobj(like-22, bulls-23)
prep(executes-19, in-24)
det(arena-27, a-25)
nn(arena-27, bullfighting-26)
pobj(in-24, arena-27)
punct(executes-19, .-28)

Sentence #8 (14 tokens):
She teams up with male chauvinist pig Olivier Martinez and nice Feodor Atkine.
[Text=She CharacterOffsetBegin=445 CharacterOffsetEnd=448 PartOfSpeech=PRP] [Text=teams CharacterOffsetBegin=449 CharacterOffsetEnd=454 PartOfSpeech=NNS] [Text=up CharacterOffsetBegin=455 CharacterOffsetEnd=457 PartOfSpeech=RP] [Text=with CharacterOffsetBegin=458 CharacterOffsetEnd=462 PartOfSpeech=IN] [Text=male CharacterOffsetBegin=463 CharacterOffsetEnd=467 PartOfSpeech=JJ] [Text=chauvinist CharacterOffsetBegin=468 CharacterOffsetEnd=478 PartOfSpeech=JJ] [Text=pig CharacterOffsetBegin=479 CharacterOffsetEnd=482 PartOfSpeech=NN] [Text=Olivier CharacterOffsetBegin=483 CharacterOffsetEnd=490 PartOfSpeech=NNP] [Text=Martinez CharacterOffsetBegin=491 CharacterOffsetEnd=499 PartOfSpeech=NNP] [Text=and CharacterOffsetBegin=500 CharacterOffsetEnd=503 PartOfSpeech=CC] [Text=nice CharacterOffsetBegin=504 CharacterOffsetEnd=508 PartOfSpeech=JJ] [Text=Feodor CharacterOffsetBegin=509 CharacterOffsetEnd=515 PartOfSpeech=NNP] [Text=Atkine CharacterOffsetBegin=516 CharacterOffsetEnd=522 PartOfSpeech=NNP] [Text=. CharacterOffsetBegin=522 CharacterOffsetEnd=523 PartOfSpeech=.] 
root(ROOT-0, teams-2)
nsubj(teams-2, She-1)
prt(teams-2, up-3)
prep(teams-2, with-4)
amod(Martinez-9, male-5)
amod(Martinez-9, chauvinist-6)
nn(Martinez-9, pig-7)
nn(Martinez-9, Olivier-8)
pobj(with-4, Martinez-9)
cc(Martinez-9, and-10)
amod(Atkine-13, nice-11)
nn(Atkine-13, Feodor-12)
conj(Martinez-9, Atkine-13)
punct(teams-2, .-14)

Sentence #9 (20 tokens):
Soon she discovers she'll be the next target of the killer (who wears a red robe).
[Text=Soon CharacterOffsetBegin=528 CharacterOffsetEnd=532 PartOfSpeech=RB] [Text=she CharacterOffsetBegin=533 CharacterOffsetEnd=536 PartOfSpeech=PRP] [Text=discovers CharacterOffsetBegin=537 CharacterOffsetEnd=546 PartOfSpeech=VBZ] [Text=she CharacterOffsetBegin=547 CharacterOffsetEnd=550 PartOfSpeech=PRP] [Text='ll CharacterOffsetBegin=550 CharacterOffsetEnd=553 PartOfSpeech=MD] [Text=be CharacterOffsetBegin=554 CharacterOffsetEnd=556 PartOfSpeech=VB] [Text=the CharacterOffsetBegin=557 CharacterOffsetEnd=560 PartOfSpeech=DT] [Text=next CharacterOffsetBegin=561 CharacterOffsetEnd=565 PartOfSpeech=JJ] [Text=target CharacterOffsetBegin=566 CharacterOffsetEnd=572 PartOfSpeech=NN] [Text=of CharacterOffsetBegin=573 CharacterOffsetEnd=575 PartOfSpeech=IN] [Text=the CharacterOffsetBegin=576 CharacterOffsetEnd=579 PartOfSpeech=DT] [Text=killer CharacterOffsetBegin=580 CharacterOffsetEnd=586 PartOfSpeech=NN] [Text=-LRB- CharacterOffsetBegin=587 CharacterOffsetEnd=588 PartOfSpeech=-LRB-] [Text=who CharacterOffsetBegin=588 CharacterOffsetEnd=591 PartOfSpeech=WP] [Text=wears CharacterOffsetBegin=592 CharacterOffsetEnd=597 PartOfSpeech=VBZ] [Text=a CharacterOffsetBegin=598 CharacterOffsetEnd=599 PartOfSpeech=DT] [Text=red CharacterOffsetBegin=600 CharacterOffsetEnd=603 PartOfSpeech=JJ] [Text=robe CharacterOffsetBegin=604 CharacterOffsetEnd=608 PartOfSpeech=NN] [Text=-RRB- CharacterOffsetBegin=608 CharacterOffsetEnd=609 PartOfSpeech=-RRB-] [Text=. CharacterOffsetBegin=609 CharacterOffsetEnd=610 PartOfSpeech=.] 
root(ROOT-0, discovers-3)
advmod(discovers-3, Soon-1)
nsubj(discovers-3, she-2)
nsubj(target-9, she-4)
aux(target-9, 'll-5)
cop(target-9, be-6)
det(target-9, the-7)
amod(target-9, next-8)
ccomp(discovers-3, target-9)
prep(target-9, of-10)
det(killer-12, the-11)
pobj(of-10, killer-12)
punct(wears-15, -LRB--13)
nsubj(wears-15, who-14)
dep(killer-12, wears-15)
det(robe-18, a-16)
amod(robe-18, red-17)
dobj(wears-15, robe-18)
punct(wears-15, -RRB--19)
punct(discovers-3, .-20)

Sentence #10 (6 tokens):
Why, oh but why?Why.
[Text=Why CharacterOffsetBegin=615 CharacterOffsetEnd=618 PartOfSpeech=WRB] [Text=, CharacterOffsetBegin=618 CharacterOffsetEnd=619 PartOfSpeech=,] [Text=oh CharacterOffsetBegin=620 CharacterOffsetEnd=622 PartOfSpeech=UH] [Text=but CharacterOffsetBegin=623 CharacterOffsetEnd=626 PartOfSpeech=CC] [Text=why?Why CharacterOffsetBegin=627 CharacterOffsetEnd=634 PartOfSpeech=NNP] [Text=. CharacterOffsetBegin=634 CharacterOffsetEnd=635 PartOfSpeech=.] 
root(ROOT-0, oh-3)
advmod(oh-3, Why-1)
punct(oh-3, ,-2)
cc(oh-3, but-4)
conj(oh-3, why?Why-5)
punct(oh-3, .-6)

Sentence #11 (1 tokens):
.
[Text=. CharacterOffsetBegin=635 CharacterOffsetEnd=636 PartOfSpeech=.] 
root(ROOT-0, .-1)

Sentence #12 (60 tokens):
;that's the questionthat has been in my head the whole movie.Q :Why did go to see that A : Because i love Mira Sorvino (i even excuse her for that AT FIRST SIGHT crap)Q : Why were we only 8 people in the theater this saturday on the first week end of release?
[Text=; CharacterOffsetBegin=636 CharacterOffsetEnd=637 PartOfSpeech=:] [Text=that CharacterOffsetBegin=637 CharacterOffsetEnd=641 PartOfSpeech=DT] [Text='s CharacterOffsetBegin=641 CharacterOffsetEnd=643 PartOfSpeech=VBZ] [Text=the CharacterOffsetBegin=644 CharacterOffsetEnd=647 PartOfSpeech=DT] [Text=questionthat CharacterOffsetBegin=648 CharacterOffsetEnd=660 PartOfSpeech=NN] [Text=has CharacterOffsetBegin=661 CharacterOffsetEnd=664 PartOfSpeech=VBZ] [Text=been CharacterOffsetBegin=665 CharacterOffsetEnd=669 PartOfSpeech=VBN] [Text=in CharacterOffsetBegin=670 CharacterOffsetEnd=672 PartOfSpeech=IN] [Text=my CharacterOffsetBegin=673 CharacterOffsetEnd=675 PartOfSpeech=PRP$] [Text=head CharacterOffsetBegin=676 CharacterOffsetEnd=680 PartOfSpeech=NN] [Text=the CharacterOffsetBegin=681 CharacterOffsetEnd=684 PartOfSpeech=DT] [Text=whole CharacterOffsetBegin=685 CharacterOffsetEnd=690 PartOfSpeech=JJ] [Text=movie.Q CharacterOffsetBegin=691 CharacterOffsetEnd=698 PartOfSpeech=NN] [Text=: CharacterOffsetBegin=699 CharacterOffsetEnd=700 PartOfSpeech=:] [Text=Why CharacterOffsetBegin=700 CharacterOffsetEnd=703 PartOfSpeech=WRB] [Text=did CharacterOffsetBegin=704 CharacterOffsetEnd=707 PartOfSpeech=VBD] [Text=go CharacterOffsetBegin=708 CharacterOffsetEnd=710 PartOfSpeech=VB] [Text=to CharacterOffsetBegin=711 CharacterOffsetEnd=713 PartOfSpeech=TO] [Text=see CharacterOffsetBegin=714 CharacterOffsetEnd=717 PartOfSpeech=VB] [Text=that CharacterOffsetBegin=718 CharacterOffsetEnd=722 PartOfSpeech=DT] [Text=A CharacterOffsetBegin=723 CharacterOffsetEnd=724 PartOfSpeech=NN] [Text=: CharacterOffsetBegin=725 CharacterOffsetEnd=726 PartOfSpeech=:] [Text=Because CharacterOffsetBegin=727 CharacterOffsetEnd=734 PartOfSpeech=IN] [Text=i CharacterOffsetBegin=735 CharacterOffsetEnd=736 PartOfSpeech=FW] [Text=love CharacterOffsetBegin=737 CharacterOffsetEnd=741 PartOfSpeech=NN] [Text=Mira CharacterOffsetBegin=742 CharacterOffsetEnd=746 PartOfSpeech=NNP] [Text=Sorvino CharacterOffsetBegin=747 CharacterOffsetEnd=754 PartOfSpeech=NNP] [Text=-LRB- CharacterOffsetBegin=755 CharacterOffsetEnd=756 PartOfSpeech=-LRB-] [Text=i CharacterOffsetBegin=756 CharacterOffsetEnd=757 PartOfSpeech=FW] [Text=even CharacterOffsetBegin=758 CharacterOffsetEnd=762 PartOfSpeech=RB] [Text=excuse CharacterOffsetBegin=763 CharacterOffsetEnd=769 PartOfSpeech=VB] [Text=her CharacterOffsetBegin=770 CharacterOffsetEnd=773 PartOfSpeech=PRP$] [Text=for CharacterOffsetBegin=774 CharacterOffsetEnd=777 PartOfSpeech=IN] [Text=that CharacterOffsetBegin=778 CharacterOffsetEnd=782 PartOfSpeech=DT] [Text=AT CharacterOffsetBegin=783 CharacterOffsetEnd=785 PartOfSpeech=IN] [Text=FIRST CharacterOffsetBegin=786 CharacterOffsetEnd=791 PartOfSpeech=NNP] [Text=SIGHT CharacterOffsetBegin=792 CharacterOffsetEnd=797 PartOfSpeech=NNP] [Text=crap CharacterOffsetBegin=798 CharacterOffsetEnd=802 PartOfSpeech=NN] [Text=-RRB- CharacterOffsetBegin=802 CharacterOffsetEnd=803 PartOfSpeech=-RRB-] [Text=Q CharacterOffsetBegin=803 CharacterOffsetEnd=804 PartOfSpeech=NNP] [Text=: CharacterOffsetBegin=805 CharacterOffsetEnd=806 PartOfSpeech=:] [Text=Why CharacterOffsetBegin=807 CharacterOffsetEnd=810 PartOfSpeech=WRB] [Text=were CharacterOffsetBegin=811 CharacterOffsetEnd=815 PartOfSpeech=VBD] [Text=we CharacterOffsetBegin=816 CharacterOffsetEnd=818 PartOfSpeech=PRP] [Text=only CharacterOffsetBegin=819 CharacterOffsetEnd=823 PartOfSpeech=RB] [Text=8 CharacterOffsetBegin=824 CharacterOffsetEnd=825 PartOfSpeech=CD] [Text=people CharacterOffsetBegin=826 CharacterOffsetEnd=832 PartOfSpeech=NNS] [Text=in CharacterOffsetBegin=833 CharacterOffsetEnd=835 PartOfSpeech=IN] [Text=the CharacterOffsetBegin=836 CharacterOffsetEnd=839 PartOfSpeech=DT] [Text=theater CharacterOffsetBegin=840 CharacterOffsetEnd=847 PartOfSpeech=NN] [Text=this CharacterOffsetBegin=848 CharacterOffsetEnd=852 PartOfSpeech=DT] [Text=saturday CharacterOffsetBegin=853 CharacterOffsetEnd=861 PartOfSpeech=NNP] [Text=on CharacterOffsetBegin=862 CharacterOffsetEnd=864 PartOfSpeech=IN] [Text=the CharacterOffsetBegin=865 CharacterOffsetEnd=868 PartOfSpeech=DT] [Text=first CharacterOffsetBegin=869 CharacterOffsetEnd=874 PartOfSpeech=JJ] [Text=week CharacterOffsetBegin=875 CharacterOffsetEnd=879 PartOfSpeech=NN] [Text=end CharacterOffsetBegin=880 CharacterOffsetEnd=883 PartOfSpeech=NN] [Text=of CharacterOffsetBegin=884 CharacterOffsetEnd=886 PartOfSpeech=IN] [Text=release CharacterOffsetBegin=887 CharacterOffsetEnd=894 PartOfSpeech=NN] [Text=? CharacterOffsetBegin=894 CharacterOffsetEnd=895 PartOfSpeech=.] 
root(ROOT-0, been-7)
punct(questionthat-5, ;-1)
nsubj(questionthat-5, that-2)
cop(questionthat-5, 's-3)
det(questionthat-5, the-4)
nsubj(been-7, questionthat-5)
aux(been-7, has-6)
prep(been-7, in-8)
poss(head-10, my-9)
pobj(in-8, head-10)
det(movie.Q-13, the-11)
amod(movie.Q-13, whole-12)
tmod(been-7, movie.Q-13)
punct(been-7, :-14)
advmod(go-17, Why-15)
aux(go-17, did-16)
ccomp(been-7, go-17)
aux(see-19, to-18)
xcomp(go-17, see-19)
det(A-21, that-20)
dobj(see-19, A-21)
punct(A-21, :-22)
dep(A-21, Because-23)
dep(Because-23, i-24)
dep(i-24, love-25)
nsubj(excuse-31, Mira-26)
dep(excuse-31, Sorvino-27)
punct(i-29, -LRB--28)
nsubj(excuse-31, i-29)
advmod(excuse-31, even-30)
rcmod(love-25, excuse-31)
dobj(excuse-31, her-32)
prep(excuse-31, for-33)
pobj(for-33, that-34)
dep(that-34, AT-35)
nn(Q-40, FIRST-36)
nn(Q-40, SIGHT-37)
nn(Q-40, crap-38)
punct(Q-40, -RRB--39)
pobj(AT-35, Q-40)
punct(Q-40, :-41)
dep(Q-40, Why-42)
dep(Why-42, were-43)
dep(were-43, we-44)
quantmod(8-46, only-45)
num(people-47, 8-46)
dep(we-44, people-47)
prep(people-47, in-48)
det(theater-50, the-49)
pobj(in-48, theater-50)
det(saturday-52, this-51)
dep(people-47, saturday-52)
prep(saturday-52, on-53)
det(end-57, the-54)
amod(end-57, first-55)
nn(end-57, week-56)
pobj(on-53, end-57)
prep(end-57, of-58)
pobj(of-58, release-59)
punct(Q-40, ?-60)

Sentence #13 (4 tokens):
A : ah-ah-ah.
[Text=A CharacterOffsetBegin=900 CharacterOffsetEnd=901 PartOfSpeech=DT] [Text=: CharacterOffsetBegin=902 CharacterOffsetEnd=903 PartOfSpeech=:] [Text=ah-ah-ah CharacterOffsetBegin=904 CharacterOffsetEnd=912 PartOfSpeech=NN] [Text=. CharacterOffsetBegin=912 CharacterOffsetEnd=913 PartOfSpeech=.] 
root(ROOT-0, A-1)
punct(A-1, :-2)
dep(A-1, ah-ah-ah-3)
punct(A-1, .-4)

Sentence #14 (7 tokens):
Spider-man got relaesed the same day.
[Text=Spider-man CharacterOffsetBegin=918 CharacterOffsetEnd=928 PartOfSpeech=NN] [Text=got CharacterOffsetBegin=929 CharacterOffsetEnd=932 PartOfSpeech=VBD] [Text=relaesed CharacterOffsetBegin=933 CharacterOffsetEnd=941 PartOfSpeech=VBN] [Text=the CharacterOffsetBegin=942 CharacterOffsetEnd=945 PartOfSpeech=DT] [Text=same CharacterOffsetBegin=946 CharacterOffsetEnd=950 PartOfSpeech=JJ] [Text=day CharacterOffsetBegin=951 CharacterOffsetEnd=954 PartOfSpeech=NN] [Text=. CharacterOffsetBegin=954 CharacterOffsetEnd=955 PartOfSpeech=.] 
root(ROOT-0, Spider-man-1)
partmod(Spider-man-1, got-2)
dep(got-2, relaesed-3)
det(day-6, the-4)
amod(day-6, same-5)
tmod(relaesed-3, day-6)
punct(Spider-man-1, .-7)

Sentence #15 (21 tokens):
But also the fact that the movie has been blast with execrable reviews.Q : Why this movie has been made?
[Text=But CharacterOffsetBegin=960 CharacterOffsetEnd=963 PartOfSpeech=CC] [Text=also CharacterOffsetBegin=964 CharacterOffsetEnd=968 PartOfSpeech=RB] [Text=the CharacterOffsetBegin=969 CharacterOffsetEnd=972 PartOfSpeech=DT] [Text=fact CharacterOffsetBegin=973 CharacterOffsetEnd=977 PartOfSpeech=NN] [Text=that CharacterOffsetBegin=978 CharacterOffsetEnd=982 PartOfSpeech=IN] [Text=the CharacterOffsetBegin=983 CharacterOffsetEnd=986 PartOfSpeech=DT] [Text=movie CharacterOffsetBegin=987 CharacterOffsetEnd=992 PartOfSpeech=NN] [Text=has CharacterOffsetBegin=993 CharacterOffsetEnd=996 PartOfSpeech=VBZ] [Text=been CharacterOffsetBegin=997 CharacterOffsetEnd=1001 PartOfSpeech=VBN] [Text=blast CharacterOffsetBegin=1002 CharacterOffsetEnd=1007 PartOfSpeech=NN] [Text=with CharacterOffsetBegin=1008 CharacterOffsetEnd=1012 PartOfSpeech=IN] [Text=execrable CharacterOffsetBegin=1013 CharacterOffsetEnd=1022 PartOfSpeech=JJ] [Text=reviews.Q CharacterOffsetBegin=1023 CharacterOffsetEnd=1032 PartOfSpeech=NN] [Text=: CharacterOffsetBegin=1033 CharacterOffsetEnd=1034 PartOfSpeech=:] [Text=Why CharacterOffsetBegin=1035 CharacterOffsetEnd=1038 PartOfSpeech=WRB] [Text=this CharacterOffsetBegin=1039 CharacterOffsetEnd=1043 PartOfSpeech=DT] [Text=movie CharacterOffsetBegin=1044 CharacterOffsetEnd=1049 PartOfSpeech=NN] [Text=has CharacterOffsetBegin=1050 CharacterOffsetEnd=1053 PartOfSpeech=VBZ] [Text=been CharacterOffsetBegin=1054 CharacterOffsetEnd=1058 PartOfSpeech=VBN] [Text=made CharacterOffsetBegin=1059 CharacterOffsetEnd=1063 PartOfSpeech=VBN] [Text=? CharacterOffsetBegin=1063 CharacterOffsetEnd=1064 PartOfSpeech=.] 
root(ROOT-0, fact-4)
cc(fact-4, But-1)
advmod(fact-4, also-2)
det(fact-4, the-3)
mark(blast-10, that-5)
det(movie-7, the-6)
nsubj(blast-10, movie-7)
aux(blast-10, has-8)
cop(blast-10, been-9)
ccomp(fact-4, blast-10)
prep(blast-10, with-11)
amod(reviews.Q-13, execrable-12)
pobj(with-11, reviews.Q-13)
punct(fact-4, :-14)
advmod(made-20, Why-15)
det(movie-17, this-16)
nsubjpass(made-20, movie-17)
aux(made-20, has-18)
auxpass(made-20, been-19)
ccomp(fact-4, made-20)
punct(fact-4, ?-21)

Sentence #16 (6 tokens):
A : Money I guess.
[Text=A CharacterOffsetBegin=1069 CharacterOffsetEnd=1070 PartOfSpeech=DT] [Text=: CharacterOffsetBegin=1071 CharacterOffsetEnd=1072 PartOfSpeech=:] [Text=Money CharacterOffsetBegin=1073 CharacterOffsetEnd=1078 PartOfSpeech=NN] [Text=I CharacterOffsetBegin=1079 CharacterOffsetEnd=1080 PartOfSpeech=PRP] [Text=guess CharacterOffsetBegin=1081 CharacterOffsetEnd=1086 PartOfSpeech=VBP] [Text=. CharacterOffsetBegin=1086 CharacterOffsetEnd=1087 PartOfSpeech=.] 
root(ROOT-0, A-1)
punct(A-1, :-2)
dep(A-1, Money-3)
nsubj(guess-5, I-4)
rcmod(Money-3, guess-5)
punct(A-1, .-6)

Sentence #17 (10 tokens):
But boy did Mira need the money.then...why????????????
[Text=But CharacterOffsetBegin=1092 CharacterOffsetEnd=1095 PartOfSpeech=CC] [Text=boy CharacterOffsetBegin=1096 CharacterOffsetEnd=1099 PartOfSpeech=NN] [Text=did CharacterOffsetBegin=1100 CharacterOffsetEnd=1103 PartOfSpeech=VBD] [Text=Mira CharacterOffsetBegin=1104 CharacterOffsetEnd=1108 PartOfSpeech=NNP] [Text=need CharacterOffsetBegin=1109 CharacterOffsetEnd=1113 PartOfSpeech=VB] [Text=the CharacterOffsetBegin=1114 CharacterOffsetEnd=1117 PartOfSpeech=DT] [Text=money.then CharacterOffsetBegin=1118 CharacterOffsetEnd=1128 PartOfSpeech=NN] [Text=... CharacterOffsetBegin=1128 CharacterOffsetEnd=1131 PartOfSpeech=:] [Text=why CharacterOffsetBegin=1131 CharacterOffsetEnd=1134 PartOfSpeech=WRB] [Text=???????????? CharacterOffsetBegin=1134 CharacterOffsetEnd=1146 PartOfSpeech=NN] 
root(ROOT-0, need-5)
cc(need-5, But-1)
nsubj(need-5, boy-2)
aux(need-5, did-3)
nsubj(need-5, Mira-4)
det(money.then-7, the-6)
dobj(need-5, money.then-7)
punct(need-5, ...-8)
advmod(????????????-10, why-9)
advcl(need-5, ????????????-10)

Sentence #18 (13 tokens):
first of all, there's always something wrong with european co-productions.
[Text=first CharacterOffsetBegin=1151 CharacterOffsetEnd=1156 PartOfSpeech=RB] [Text=of CharacterOffsetBegin=1157 CharacterOffsetEnd=1159 PartOfSpeech=IN] [Text=all CharacterOffsetBegin=1160 CharacterOffsetEnd=1163 PartOfSpeech=DT] [Text=, CharacterOffsetBegin=1163 CharacterOffsetEnd=1164 PartOfSpeech=,] [Text=there CharacterOffsetBegin=1165 CharacterOffsetEnd=1170 PartOfSpeech=EX] [Text='s CharacterOffsetBegin=1170 CharacterOffsetEnd=1172 PartOfSpeech=VBZ] [Text=always CharacterOffsetBegin=1173 CharacterOffsetEnd=1179 PartOfSpeech=RB] [Text=something CharacterOffsetBegin=1180 CharacterOffsetEnd=1189 PartOfSpeech=NN] [Text=wrong CharacterOffsetBegin=1190 CharacterOffsetEnd=1195 PartOfSpeech=JJ] [Text=with CharacterOffsetBegin=1196 CharacterOffsetEnd=1200 PartOfSpeech=IN] [Text=european CharacterOffsetBegin=1201 CharacterOffsetEnd=1209 PartOfSpeech=JJ] [Text=co-productions CharacterOffsetBegin=1210 CharacterOffsetEnd=1224 PartOfSpeech=NNS] [Text=. CharacterOffsetBegin=1224 CharacterOffsetEnd=1225 PartOfSpeech=.] 
root(ROOT-0, 's-6)
advmod('s-6, first-1)
prep(first-1, of-2)
pobj(of-2, all-3)
punct('s-6, ,-4)
expl('s-6, there-5)
advmod(something-8, always-7)
nsubj('s-6, something-8)
amod(something-8, wrong-9)
prep(wrong-9, with-10)
amod(co-productions-12, european-11)
pobj(with-10, co-productions-12)
punct('s-6, .-13)

Sentence #19 (7 tokens):
here you got a french-english-german-italian-spanish-danish production.
[Text=here CharacterOffsetBegin=1230 CharacterOffsetEnd=1234 PartOfSpeech=RB] [Text=you CharacterOffsetBegin=1235 CharacterOffsetEnd=1238 PartOfSpeech=PRP] [Text=got CharacterOffsetBegin=1239 CharacterOffsetEnd=1242 PartOfSpeech=VBD] [Text=a CharacterOffsetBegin=1243 CharacterOffsetEnd=1244 PartOfSpeech=DT] [Text=french-english-german-italian-spanish-danish CharacterOffsetBegin=1245 CharacterOffsetEnd=1289 PartOfSpeech=JJ] [Text=production CharacterOffsetBegin=1290 CharacterOffsetEnd=1300 PartOfSpeech=NN] [Text=. CharacterOffsetBegin=1300 CharacterOffsetEnd=1301 PartOfSpeech=.] 
root(ROOT-0, got-3)
advmod(got-3, here-1)
nsubj(got-3, you-2)
det(production-6, a-4)
amod(production-6, french-english-german-italian-spanish-danish-5)
dobj(got-3, production-6)
punct(got-3, .-7)

Sentence #20 (2 tokens):
yi-ha.
[Text=yi-ha CharacterOffsetBegin=1306 CharacterOffsetEnd=1311 PartOfSpeech=NN] [Text=. CharacterOffsetBegin=1311 CharacterOffsetEnd=1312 PartOfSpeech=.] 
root(ROOT-0, yi-ha-1)
punct(yi-ha-1, .-2)

Sentence #21 (15 tokens):
Then it wants to play on the same playgroung as US thrillers/slashers/whodunit/mysteries/whatever.
[Text=Then CharacterOffsetBegin=1312 CharacterOffsetEnd=1316 PartOfSpeech=RB] [Text=it CharacterOffsetBegin=1317 CharacterOffsetEnd=1319 PartOfSpeech=PRP] [Text=wants CharacterOffsetBegin=1320 CharacterOffsetEnd=1325 PartOfSpeech=VBZ] [Text=to CharacterOffsetBegin=1326 CharacterOffsetEnd=1328 PartOfSpeech=TO] [Text=play CharacterOffsetBegin=1329 CharacterOffsetEnd=1333 PartOfSpeech=VB] [Text=on CharacterOffsetBegin=1334 CharacterOffsetEnd=1336 PartOfSpeech=IN] [Text=the CharacterOffsetBegin=1337 CharacterOffsetEnd=1340 PartOfSpeech=DT] [Text=same CharacterOffsetBegin=1341 CharacterOffsetEnd=1345 PartOfSpeech=JJ] [Text=playgroung CharacterOffsetBegin=1346 CharacterOffsetEnd=1356 PartOfSpeech=NN] [Text=as CharacterOffsetBegin=1357 CharacterOffsetEnd=1359 PartOfSpeech=IN] [Text=US CharacterOffsetBegin=1360 CharacterOffsetEnd=1362 PartOfSpeech=NNP] [Text=thrillers/slashers/whodunit CharacterOffsetBegin=1363 CharacterOffsetEnd=1390 PartOfSpeech=NN] [Text=/ CharacterOffsetBegin=1390 CharacterOffsetEnd=1391 PartOfSpeech=:] [Text=mysteries/whatever CharacterOffsetBegin=1391 CharacterOffsetEnd=1409 PartOfSpeech=NN] [Text=. CharacterOffsetBegin=1409 CharacterOffsetEnd=1410 PartOfSpeech=.] 
root(ROOT-0, wants-3)
advmod(wants-3, Then-1)
nsubj(wants-3, it-2)
aux(play-5, to-4)
xcomp(wants-3, play-5)
prep(play-5, on-6)
det(playgroung-9, the-7)
amod(playgroung-9, same-8)
pobj(on-6, playgroung-9)
prep(playgroung-9, as-10)
nn(mysteries/whatever-14, US-11)
nn(mysteries/whatever-14, thrillers/slashers/whodunit-12)
punct(mysteries/whatever-14, /-13)
pobj(as-10, mysteries/whatever-14)
punct(wants-3, .-15)

Sentence #22 (41 tokens):
Even VALENTINE, though unnecessary and badly scripted and shot, was much better in the suspense and the fun.Then , to give some credit to the story, the screenwriter wanted to add some political sight to the story.
[Text=Even CharacterOffsetBegin=1415 CharacterOffsetEnd=1419 PartOfSpeech=RB] [Text=VALENTINE CharacterOffsetBegin=1420 CharacterOffsetEnd=1429 PartOfSpeech=NNP] [Text=, CharacterOffsetBegin=1429 CharacterOffsetEnd=1430 PartOfSpeech=,] [Text=though CharacterOffsetBegin=1431 CharacterOffsetEnd=1437 PartOfSpeech=IN] [Text=unnecessary CharacterOffsetBegin=1438 CharacterOffsetEnd=1449 PartOfSpeech=JJ] [Text=and CharacterOffsetBegin=1450 CharacterOffsetEnd=1453 PartOfSpeech=CC] [Text=badly CharacterOffsetBegin=1454 CharacterOffsetEnd=1459 PartOfSpeech=RB] [Text=scripted CharacterOffsetBegin=1460 CharacterOffsetEnd=1468 PartOfSpeech=VBN] [Text=and CharacterOffsetBegin=1469 CharacterOffsetEnd=1472 PartOfSpeech=CC] [Text=shot CharacterOffsetBegin=1473 CharacterOffsetEnd=1477 PartOfSpeech=VBN] [Text=, CharacterOffsetBegin=1477 CharacterOffsetEnd=1478 PartOfSpeech=,] [Text=was CharacterOffsetBegin=1479 CharacterOffsetEnd=1482 PartOfSpeech=VBD] [Text=much CharacterOffsetBegin=1483 CharacterOffsetEnd=1487 PartOfSpeech=RB] [Text=better CharacterOffsetBegin=1488 CharacterOffsetEnd=1494 PartOfSpeech=RBR] [Text=in CharacterOffsetBegin=1495 CharacterOffsetEnd=1497 PartOfSpeech=IN] [Text=the CharacterOffsetBegin=1498 CharacterOffsetEnd=1501 PartOfSpeech=DT] [Text=suspense CharacterOffsetBegin=1502 CharacterOffsetEnd=1510 PartOfSpeech=NN] [Text=and CharacterOffsetBegin=1511 CharacterOffsetEnd=1514 PartOfSpeech=CC] [Text=the CharacterOffsetBegin=1515 CharacterOffsetEnd=1518 PartOfSpeech=DT] [Text=fun.Then CharacterOffsetBegin=1519 CharacterOffsetEnd=1527 PartOfSpeech=NN] [Text=, CharacterOffsetBegin=1528 CharacterOffsetEnd=1529 PartOfSpeech=,] [Text=to CharacterOffsetBegin=1530 CharacterOffsetEnd=1532 PartOfSpeech=TO] [Text=give CharacterOffsetBegin=1533 CharacterOffsetEnd=1537 PartOfSpeech=VB] [Text=some CharacterOffsetBegin=1538 CharacterOffsetEnd=1542 PartOfSpeech=DT] [Text=credit CharacterOffsetBegin=1543 CharacterOffsetEnd=1549 PartOfSpeech=NN] [Text=to CharacterOffsetBegin=1550 CharacterOffsetEnd=1552 PartOfSpeech=TO] [Text=the CharacterOffsetBegin=1553 CharacterOffsetEnd=1556 PartOfSpeech=DT] [Text=story CharacterOffsetBegin=1557 CharacterOffsetEnd=1562 PartOfSpeech=NN] [Text=, CharacterOffsetBegin=1562 CharacterOffsetEnd=1563 PartOfSpeech=,] [Text=the CharacterOffsetBegin=1564 CharacterOffsetEnd=1567 PartOfSpeech=DT] [Text=screenwriter CharacterOffsetBegin=1568 CharacterOffsetEnd=1580 PartOfSpeech=NN] [Text=wanted CharacterOffsetBegin=1581 CharacterOffsetEnd=1587 PartOfSpeech=VBD] [Text=to CharacterOffsetBegin=1588 CharacterOffsetEnd=1590 PartOfSpeech=TO] [Text=add CharacterOffsetBegin=1591 CharacterOffsetEnd=1594 PartOfSpeech=VB] [Text=some CharacterOffsetBegin=1595 CharacterOffsetEnd=1599 PartOfSpeech=DT] [Text=political CharacterOffsetBegin=1600 CharacterOffsetEnd=1609 PartOfSpeech=JJ] [Text=sight CharacterOffsetBegin=1610 CharacterOffsetEnd=1615 PartOfSpeech=NN] [Text=to CharacterOffsetBegin=1616 CharacterOffsetEnd=1618 PartOfSpeech=TO] [Text=the CharacterOffsetBegin=1619 CharacterOffsetEnd=1622 PartOfSpeech=DT] [Text=story CharacterOffsetBegin=1623 CharacterOffsetEnd=1628 PartOfSpeech=NN] [Text=. CharacterOffsetBegin=1628 CharacterOffsetEnd=1629 PartOfSpeech=.] 
root(ROOT-0, better-14)
advmod(VALENTINE-2, Even-1)
nsubj(better-14, VALENTINE-2)
punct(VALENTINE-2, ,-3)
prep(VALENTINE-2, though-4)
pobj(though-4, unnecessary-5)
cc(unnecessary-5, and-6)
advmod(scripted-8, badly-7)
conj(unnecessary-5, scripted-8)
cc(unnecessary-5, and-9)
conj(unnecessary-5, shot-10)
punct(VALENTINE-2, ,-11)
cop(better-14, was-12)
advmod(better-14, much-13)
prep(better-14, in-15)
det(suspense-17, the-16)
pobj(in-15, suspense-17)
cc(suspense-17, and-18)
det(fun.Then-20, the-19)
conj(suspense-17, fun.Then-20)
punct(better-14, ,-21)
aux(give-23, to-22)
xcomp(better-14, give-23)
det(credit-25, some-24)
dobj(give-23, credit-25)
prep(give-23, to-26)
det(story-28, the-27)
pobj(to-26, story-28)
punct(better-14, ,-29)
det(screenwriter-31, the-30)
nsubj(wanted-32, screenwriter-31)
dep(better-14, wanted-32)
aux(add-34, to-33)
xcomp(wanted-32, add-34)
det(sight-37, some-35)
amod(sight-37, political-36)
dobj(add-34, sight-37)
prep(add-34, to-38)
det(story-40, the-39)
pobj(to-38, story-40)
punct(better-14, .-41)

Sentence #23 (22 tokens):
Wrong : done in flash-backs in a Traffic-like photography, it's certainly the most interesting thing i n the movie.
[Text=Wrong CharacterOffsetBegin=1634 CharacterOffsetEnd=1639 PartOfSpeech=JJ] [Text=: CharacterOffsetBegin=1640 CharacterOffsetEnd=1641 PartOfSpeech=:] [Text=done CharacterOffsetBegin=1642 CharacterOffsetEnd=1646 PartOfSpeech=VBN] [Text=in CharacterOffsetBegin=1647 CharacterOffsetEnd=1649 PartOfSpeech=IN] [Text=flash-backs CharacterOffsetBegin=1650 CharacterOffsetEnd=1661 PartOfSpeech=NNS] [Text=in CharacterOffsetBegin=1662 CharacterOffsetEnd=1664 PartOfSpeech=IN] [Text=a CharacterOffsetBegin=1665 CharacterOffsetEnd=1666 PartOfSpeech=DT] [Text=Traffic-like CharacterOffsetBegin=1667 CharacterOffsetEnd=1679 PartOfSpeech=JJ] [Text=photography CharacterOffsetBegin=1680 CharacterOffsetEnd=1691 PartOfSpeech=NN] [Text=, CharacterOffsetBegin=1691 CharacterOffsetEnd=1692 PartOfSpeech=,] [Text=it CharacterOffsetBegin=1693 CharacterOffsetEnd=1695 PartOfSpeech=PRP] [Text='s CharacterOffsetBegin=1695 CharacterOffsetEnd=1697 PartOfSpeech=VBZ] [Text=certainly CharacterOffsetBegin=1698 CharacterOffsetEnd=1707 PartOfSpeech=RB] [Text=the CharacterOffsetBegin=1708 CharacterOffsetEnd=1711 PartOfSpeech=DT] [Text=most CharacterOffsetBegin=1712 CharacterOffsetEnd=1716 PartOfSpeech=RBS] [Text=interesting CharacterOffsetBegin=1717 CharacterOffsetEnd=1728 PartOfSpeech=JJ] [Text=thing CharacterOffsetBegin=1729 CharacterOffsetEnd=1734 PartOfSpeech=NN] [Text=i CharacterOffsetBegin=1735 CharacterOffsetEnd=1736 PartOfSpeech=FW] [Text=n CharacterOffsetBegin=1737 CharacterOffsetEnd=1738 PartOfSpeech=NN] [Text=the CharacterOffsetBegin=1739 CharacterOffsetEnd=1742 PartOfSpeech=DT] [Text=movie CharacterOffsetBegin=1743 CharacterOffsetEnd=1748 PartOfSpeech=NN] [Text=. CharacterOffsetBegin=1748 CharacterOffsetEnd=1749 PartOfSpeech=.] 
root(ROOT-0, Wrong-1)
punct(Wrong-1, :-2)
dep(Wrong-1, done-3)
prep(done-3, in-4)
pobj(in-4, flash-backs-5)
prep(done-3, in-6)
det(photography-9, a-7)
amod(photography-9, Traffic-like-8)
pobj(in-6, photography-9)
punct(done-3, ,-10)
nsubj(thing-17, it-11)
cop(thing-17, 's-12)
advmod(thing-17, certainly-13)
det(thing-17, the-14)
advmod(interesting-16, most-15)
amod(thing-17, interesting-16)
ccomp(done-3, thing-17)
nn(movie-21, i-18)
nn(movie-21, n-19)
det(movie-21, the-20)
dobj(thing-17, movie-21)
punct(Wrong-1, .-22)

Sentence #24 (17 tokens):
Could have stick to it, it wouldn't have to sit through the whole movie.
[Text=Could CharacterOffsetBegin=1754 CharacterOffsetEnd=1759 PartOfSpeech=MD] [Text=have CharacterOffsetBegin=1760 CharacterOffsetEnd=1764 PartOfSpeech=VB] [Text=stick CharacterOffsetBegin=1765 CharacterOffsetEnd=1770 PartOfSpeech=NN] [Text=to CharacterOffsetBegin=1771 CharacterOffsetEnd=1773 PartOfSpeech=TO] [Text=it CharacterOffsetBegin=1774 CharacterOffsetEnd=1776 PartOfSpeech=PRP] [Text=, CharacterOffsetBegin=1776 CharacterOffsetEnd=1777 PartOfSpeech=,] [Text=it CharacterOffsetBegin=1778 CharacterOffsetEnd=1780 PartOfSpeech=PRP] [Text=would CharacterOffsetBegin=1781 CharacterOffsetEnd=1786 PartOfSpeech=MD] [Text=n't CharacterOffsetBegin=1786 CharacterOffsetEnd=1789 PartOfSpeech=RB] [Text=have CharacterOffsetBegin=1790 CharacterOffsetEnd=1794 PartOfSpeech=VB] [Text=to CharacterOffsetBegin=1795 CharacterOffsetEnd=1797 PartOfSpeech=TO] [Text=sit CharacterOffsetBegin=1798 CharacterOffsetEnd=1801 PartOfSpeech=VB] [Text=through CharacterOffsetBegin=1802 CharacterOffsetEnd=1809 PartOfSpeech=IN] [Text=the CharacterOffsetBegin=1810 CharacterOffsetEnd=1813 PartOfSpeech=DT] [Text=whole CharacterOffsetBegin=1814 CharacterOffsetEnd=1819 PartOfSpeech=JJ] [Text=movie CharacterOffsetBegin=1820 CharacterOffsetEnd=1825 PartOfSpeech=NN] [Text=. CharacterOffsetBegin=1825 CharacterOffsetEnd=1826 PartOfSpeech=.] 
root(ROOT-0, have-10)
aux(have-2, Could-1)
advcl(have-10, have-2)
dobj(have-2, stick-3)
prep(have-2, to-4)
pobj(to-4, it-5)
punct(have-10, ,-6)
nsubj(have-10, it-7)
aux(have-10, would-8)
neg(have-10, n't-9)
aux(sit-12, to-11)
xcomp(have-10, sit-12)
prep(sit-12, through-13)
det(movie-16, the-14)
amod(movie-16, whole-15)
pobj(through-13, movie-16)
punct(have-10, .-17)

Sentence #25 (25 tokens):
Better go straight to Guillermo del Tros's THE DEVIL'S BACKBONE (El espinazo del diablo)for some clever fun.Then the homophobia.
[Text=Better CharacterOffsetBegin=1831 CharacterOffsetEnd=1837 PartOfSpeech=RBR] [Text=go CharacterOffsetBegin=1838 CharacterOffsetEnd=1840 PartOfSpeech=VB] [Text=straight CharacterOffsetBegin=1841 CharacterOffsetEnd=1849 PartOfSpeech=RB] [Text=to CharacterOffsetBegin=1850 CharacterOffsetEnd=1852 PartOfSpeech=TO] [Text=Guillermo CharacterOffsetBegin=1853 CharacterOffsetEnd=1862 PartOfSpeech=NNP] [Text=del CharacterOffsetBegin=1863 CharacterOffsetEnd=1866 PartOfSpeech=NNP] [Text=Tros CharacterOffsetBegin=1867 CharacterOffsetEnd=1871 PartOfSpeech=NNP] [Text='s CharacterOffsetBegin=1871 CharacterOffsetEnd=1873 PartOfSpeech=POS] [Text=THE CharacterOffsetBegin=1874 CharacterOffsetEnd=1877 PartOfSpeech=DT] [Text=DEVIL CharacterOffsetBegin=1878 CharacterOffsetEnd=1883 PartOfSpeech=NNP] [Text='S CharacterOffsetBegin=1883 CharacterOffsetEnd=1885 PartOfSpeech=POS] [Text=BACKBONE CharacterOffsetBegin=1886 CharacterOffsetEnd=1894 PartOfSpeech=NN] [Text=-LRB- CharacterOffsetBegin=1895 CharacterOffsetEnd=1896 PartOfSpeech=-LRB-] [Text=El CharacterOffsetBegin=1896 CharacterOffsetEnd=1898 PartOfSpeech=NNP] [Text=espinazo CharacterOffsetBegin=1899 CharacterOffsetEnd=1907 PartOfSpeech=NNP] [Text=del CharacterOffsetBegin=1908 CharacterOffsetEnd=1911 PartOfSpeech=NNP] [Text=diablo CharacterOffsetBegin=1912 CharacterOffsetEnd=1918 PartOfSpeech=NN] [Text=-RRB- CharacterOffsetBegin=1918 CharacterOffsetEnd=1919 PartOfSpeech=-RRB-] [Text=for CharacterOffsetBegin=1919 CharacterOffsetEnd=1922 PartOfSpeech=IN] [Text=some CharacterOffsetBegin=1923 CharacterOffsetEnd=1927 PartOfSpeech=DT] [Text=clever CharacterOffsetBegin=1928 CharacterOffsetEnd=1934 PartOfSpeech=JJ] [Text=fun.Then CharacterOffsetBegin=1935 CharacterOffsetEnd=1943 PartOfSpeech=NN] [Text=the CharacterOffsetBegin=1944 CharacterOffsetEnd=1947 PartOfSpeech=DT] [Text=homophobia CharacterOffsetBegin=1948 CharacterOffsetEnd=1958 PartOfSpeech=NN] [Text=. CharacterOffsetBegin=1958 CharacterOffsetEnd=1959 PartOfSpeech=.] 
root(ROOT-0, go-2)
advmod(go-2, Better-1)
advmod(go-2, straight-3)
prep(straight-3, to-4)
nn(Tros-7, Guillermo-5)
nn(Tros-7, del-6)
pobj(to-4, Tros-7)
possessive(Tros-7, 's-8)
det(DEVIL-10, THE-9)
dep(Tros-7, DEVIL-10)
possessive(DEVIL-10, 'S-11)
dep(DEVIL-10, BACKBONE-12)
punct(diablo-17, -LRB--13)
nn(diablo-17, El-14)
nn(diablo-17, espinazo-15)
nn(diablo-17, del-16)
appos(BACKBONE-12, diablo-17)
punct(diablo-17, -RRB--18)
prep(BACKBONE-12, for-19)
det(fun.Then-22, some-20)
amod(fun.Then-22, clever-21)
pobj(for-19, fun.Then-22)
det(homophobia-24, the-23)
dep(fun.Then-22, homophobia-24)
punct(go-2, .-25)

Sentence #26 (2 tokens):
Bullseye!
[Text=Bullseye CharacterOffsetBegin=1964 CharacterOffsetEnd=1972 PartOfSpeech=NNP] [Text=! CharacterOffsetBegin=1972 CharacterOffsetEnd=1973 PartOfSpeech=.] 
root(ROOT-0, Bullseye-1)
punct(Bullseye-1, !-2)

Sentence #27 (15 tokens):
The first victims are S&M drug addicted gay twins who got stabbed to death.
[Text=The CharacterOffsetBegin=1978 CharacterOffsetEnd=1981 PartOfSpeech=DT] [Text=first CharacterOffsetBegin=1982 CharacterOffsetEnd=1987 PartOfSpeech=JJ] [Text=victims CharacterOffsetBegin=1988 CharacterOffsetEnd=1995 PartOfSpeech=NNS] [Text=are CharacterOffsetBegin=1996 CharacterOffsetEnd=1999 PartOfSpeech=VBP] [Text=S&M CharacterOffsetBegin=2000 CharacterOffsetEnd=2003 PartOfSpeech=NNP] [Text=drug CharacterOffsetBegin=2004 CharacterOffsetEnd=2008 PartOfSpeech=NN] [Text=addicted CharacterOffsetBegin=2009 CharacterOffsetEnd=2017 PartOfSpeech=VBD] [Text=gay CharacterOffsetBegin=2018 CharacterOffsetEnd=2021 PartOfSpeech=JJ] [Text=twins CharacterOffsetBegin=2022 CharacterOffsetEnd=2027 PartOfSpeech=NNS] [Text=who CharacterOffsetBegin=2028 CharacterOffsetEnd=2031 PartOfSpeech=WP] [Text=got CharacterOffsetBegin=2032 CharacterOffsetEnd=2035 PartOfSpeech=VBD] [Text=stabbed CharacterOffsetBegin=2036 CharacterOffsetEnd=2043 PartOfSpeech=VBN] [Text=to CharacterOffsetBegin=2044 CharacterOffsetEnd=2046 PartOfSpeech=TO] [Text=death CharacterOffsetBegin=2047 CharacterOffsetEnd=2052 PartOfSpeech=NN] [Text=. CharacterOffsetBegin=2052 CharacterOffsetEnd=2053 PartOfSpeech=.] 
root(ROOT-0, victims-3)
det(victims-3, The-1)
amod(victims-3, first-2)
prep(victims-3, are-4)
dep(are-4, S&M-5)
dep(S&M-5, drug-6)
dep(drug-6, addicted-7)
amod(twins-9, gay-8)
dobj(addicted-7, twins-9)
nsubjpass(stabbed-12, who-10)
auxpass(stabbed-12, got-11)
rcmod(twins-9, stabbed-12)
prep(stabbed-12, to-13)
pobj(to-13, death-14)
punct(victims-3, .-15)

Sentence #28 (22 tokens):
The annoying olivier Martinez goes to a dating agency held by a badly shaved overweight transvestive with a blond platinum wig.
[Text=The CharacterOffsetBegin=2058 CharacterOffsetEnd=2061 PartOfSpeech=DT] [Text=annoying CharacterOffsetBegin=2062 CharacterOffsetEnd=2070 PartOfSpeech=JJ] [Text=olivier CharacterOffsetBegin=2071 CharacterOffsetEnd=2078 PartOfSpeech=NN] [Text=Martinez CharacterOffsetBegin=2079 CharacterOffsetEnd=2087 PartOfSpeech=NNP] [Text=goes CharacterOffsetBegin=2088 CharacterOffsetEnd=2092 PartOfSpeech=VBZ] [Text=to CharacterOffsetBegin=2093 CharacterOffsetEnd=2095 PartOfSpeech=TO] [Text=a CharacterOffsetBegin=2096 CharacterOffsetEnd=2097 PartOfSpeech=DT] [Text=dating CharacterOffsetBegin=2098 CharacterOffsetEnd=2104 PartOfSpeech=VBG] [Text=agency CharacterOffsetBegin=2105 CharacterOffsetEnd=2111 PartOfSpeech=NN] [Text=held CharacterOffsetBegin=2112 CharacterOffsetEnd=2116 PartOfSpeech=VBN] [Text=by CharacterOffsetBegin=2117 CharacterOffsetEnd=2119 PartOfSpeech=IN] [Text=a CharacterOffsetBegin=2120 CharacterOffsetEnd=2121 PartOfSpeech=DT] [Text=badly CharacterOffsetBegin=2122 CharacterOffsetEnd=2127 PartOfSpeech=RB] [Text=shaved CharacterOffsetBegin=2128 CharacterOffsetEnd=2134 PartOfSpeech=VBN] [Text=overweight CharacterOffsetBegin=2135 CharacterOffsetEnd=2145 PartOfSpeech=JJ] [Text=transvestive CharacterOffsetBegin=2146 CharacterOffsetEnd=2158 PartOfSpeech=JJ] [Text=with CharacterOffsetBegin=2159 CharacterOffsetEnd=2163 PartOfSpeech=IN] [Text=a CharacterOffsetBegin=2164 CharacterOffsetEnd=2165 PartOfSpeech=DT] [Text=blond CharacterOffsetBegin=2166 CharacterOffsetEnd=2171 PartOfSpeech=JJ] [Text=platinum CharacterOffsetBegin=2172 CharacterOffsetEnd=2180 PartOfSpeech=NN] [Text=wig CharacterOffsetBegin=2181 CharacterOffsetEnd=2184 PartOfSpeech=NN] [Text=. CharacterOffsetBegin=2184 CharacterOffsetEnd=2185 PartOfSpeech=.] 
root(ROOT-0, goes-5)
det(Martinez-4, The-1)
amod(Martinez-4, annoying-2)
nn(Martinez-4, olivier-3)
nsubj(goes-5, Martinez-4)
prep(goes-5, to-6)
det(agency-9, a-7)
amod(agency-9, dating-8)
pobj(to-6, agency-9)
partmod(agency-9, held-10)
prep(held-10, by-11)
det(transvestive-16, a-12)
advmod(shaved-14, badly-13)
amod(transvestive-16, shaved-14)
amod(transvestive-16, overweight-15)
pobj(by-11, transvestive-16)
prep(transvestive-16, with-17)
det(wig-21, a-18)
amod(wig-21, blond-19)
nn(wig-21, platinum-20)
pobj(with-17, wig-21)
punct(goes-5, .-22)

Sentence #29 (12 tokens):
Calls mira Sorvino's character a big dyke all the time.
[Text=Calls CharacterOffsetBegin=2190 CharacterOffsetEnd=2195 PartOfSpeech=NNS] [Text=mira CharacterOffsetBegin=2196 CharacterOffsetEnd=2200 PartOfSpeech=VBP] [Text=Sorvino CharacterOffsetBegin=2201 CharacterOffsetEnd=2208 PartOfSpeech=NNP] [Text='s CharacterOffsetBegin=2208 CharacterOffsetEnd=2210 PartOfSpeech=POS] [Text=character CharacterOffsetBegin=2211 CharacterOffsetEnd=2220 PartOfSpeech=NN] [Text=a CharacterOffsetBegin=2221 CharacterOffsetEnd=2222 PartOfSpeech=DT] [Text=big CharacterOffsetBegin=2223 CharacterOffsetEnd=2226 PartOfSpeech=JJ] [Text=dyke CharacterOffsetBegin=2227 CharacterOffsetEnd=2231 PartOfSpeech=NN] [Text=all CharacterOffsetBegin=2232 CharacterOffsetEnd=2235 PartOfSpeech=PDT] [Text=the CharacterOffsetBegin=2236 CharacterOffsetEnd=2239 PartOfSpeech=DT] [Text=time CharacterOffsetBegin=2240 CharacterOffsetEnd=2244 PartOfSpeech=NN] [Text=. CharacterOffsetBegin=2244 CharacterOffsetEnd=2245 PartOfSpeech=.] 
root(ROOT-0, Calls-1)
partmod(Calls-1, mira-2)
poss(character-5, Sorvino-3)
possessive(Sorvino-3, 's-4)
dobj(mira-2, character-5)
det(dyke-8, a-6)
amod(dyke-8, big-7)
dep(character-5, dyke-8)
predet(time-11, all-9)
det(time-11, the-10)
tmod(dyke-8, time-11)
punct(Calls-1, .-12)

Sentence #30 (8 tokens):
Do we need this kind of stuff?
[Text=Do CharacterOffsetBegin=2250 CharacterOffsetEnd=2252 PartOfSpeech=VB] [Text=we CharacterOffsetBegin=2253 CharacterOffsetEnd=2255 PartOfSpeech=PRP] [Text=need CharacterOffsetBegin=2256 CharacterOffsetEnd=2260 PartOfSpeech=VBP] [Text=this CharacterOffsetBegin=2261 CharacterOffsetEnd=2265 PartOfSpeech=DT] [Text=kind CharacterOffsetBegin=2266 CharacterOffsetEnd=2270 PartOfSpeech=NN] [Text=of CharacterOffsetBegin=2271 CharacterOffsetEnd=2273 PartOfSpeech=IN] [Text=stuff CharacterOffsetBegin=2274 CharacterOffsetEnd=2279 PartOfSpeech=NN] [Text=? CharacterOffsetBegin=2279 CharacterOffsetEnd=2280 PartOfSpeech=.] 
root(ROOT-0, need-3)
aux(need-3, Do-1)
nsubj(need-3, we-2)
det(kind-5, this-4)
dobj(need-3, kind-5)
prep(kind-5, of-6)
pobj(of-6, stuff-7)
punct(need-3, ?-8)

Sentence #31 (2 tokens):
Nah.
[Text=Nah CharacterOffsetBegin=2285 CharacterOffsetEnd=2288 PartOfSpeech=RB] [Text=. CharacterOffsetBegin=2288 CharacterOffsetEnd=2289 PartOfSpeech=.] 
root(ROOT-0, Nah-1)
punct(Nah-1, .-2)

Sentence #32 (12 tokens):
Just needless offensive remarks, just like ol'times.Then the suspense.
[Text=Just CharacterOffsetBegin=2294 CharacterOffsetEnd=2298 PartOfSpeech=RB] [Text=needless CharacterOffsetBegin=2299 CharacterOffsetEnd=2307 PartOfSpeech=JJ] [Text=offensive CharacterOffsetBegin=2308 CharacterOffsetEnd=2317 PartOfSpeech=JJ] [Text=remarks CharacterOffsetBegin=2318 CharacterOffsetEnd=2325 PartOfSpeech=NNS] [Text=, CharacterOffsetBegin=2325 CharacterOffsetEnd=2326 PartOfSpeech=,] [Text=just CharacterOffsetBegin=2327 CharacterOffsetEnd=2331 PartOfSpeech=RB] [Text=like CharacterOffsetBegin=2332 CharacterOffsetEnd=2336 PartOfSpeech=IN] [Text=ol' CharacterOffsetBegin=2337 CharacterOffsetEnd=2340 PartOfSpeech=JJ] [Text=times.Then CharacterOffsetBegin=2340 CharacterOffsetEnd=2350 PartOfSpeech=NN] [Text=the CharacterOffsetBegin=2351 CharacterOffsetEnd=2354 PartOfSpeech=DT] [Text=suspense CharacterOffsetBegin=2355 CharacterOffsetEnd=2363 PartOfSpeech=NN] [Text=. CharacterOffsetBegin=2363 CharacterOffsetEnd=2364 PartOfSpeech=.] 
root(ROOT-0, remarks-4)
advmod(needless-2, Just-1)
amod(remarks-4, needless-2)
amod(remarks-4, offensive-3)
punct(remarks-4, ,-5)
advmod(like-7, just-6)
prep(remarks-4, like-7)
amod(times.Then-9, ol'-8)
pobj(like-7, times.Then-9)
det(suspense-11, the-10)
dep(times.Then-9, suspense-11)
punct(remarks-4, .-12)

Sentence #33 (2 tokens):
Yipee.
[Text=Yipee CharacterOffsetBegin=2369 CharacterOffsetEnd=2374 PartOfSpeech=NNP] [Text=. CharacterOffsetBegin=2374 CharacterOffsetEnd=2375 PartOfSpeech=.] 
root(ROOT-0, Yipee-1)
punct(Yipee-1, .-2)

Sentence #34 (4 tokens):
No apparent motive.
[Text=No CharacterOffsetBegin=2380 CharacterOffsetEnd=2382 PartOfSpeech=DT] [Text=apparent CharacterOffsetBegin=2383 CharacterOffsetEnd=2391 PartOfSpeech=JJ] [Text=motive CharacterOffsetBegin=2392 CharacterOffsetEnd=2398 PartOfSpeech=NN] [Text=. CharacterOffsetBegin=2398 CharacterOffsetEnd=2399 PartOfSpeech=.] 
root(ROOT-0, motive-3)
det(motive-3, No-1)
amod(motive-3, apparent-2)
punct(motive-3, .-4)

Sentence #35 (16 tokens):
The first murders are plain illusion as they're a representation of a famous painting.
[Text=The CharacterOffsetBegin=2404 CharacterOffsetEnd=2407 PartOfSpeech=DT] [Text=first CharacterOffsetBegin=2408 CharacterOffsetEnd=2413 PartOfSpeech=JJ] [Text=murders CharacterOffsetBegin=2414 CharacterOffsetEnd=2421 PartOfSpeech=NNS] [Text=are CharacterOffsetBegin=2422 CharacterOffsetEnd=2425 PartOfSpeech=VBP] [Text=plain CharacterOffsetBegin=2426 CharacterOffsetEnd=2431 PartOfSpeech=JJ] [Text=illusion CharacterOffsetBegin=2432 CharacterOffsetEnd=2440 PartOfSpeech=NN] [Text=as CharacterOffsetBegin=2441 CharacterOffsetEnd=2443 PartOfSpeech=IN] [Text=they CharacterOffsetBegin=2444 CharacterOffsetEnd=2448 PartOfSpeech=PRP] [Text='re CharacterOffsetBegin=2448 CharacterOffsetEnd=2451 PartOfSpeech=VBP] [Text=a CharacterOffsetBegin=2452 CharacterOffsetEnd=2453 PartOfSpeech=DT] [Text=representation CharacterOffsetBegin=2454 CharacterOffsetEnd=2468 PartOfSpeech=NN] [Text=of CharacterOffsetBegin=2469 CharacterOffsetEnd=2471 PartOfSpeech=IN] [Text=a CharacterOffsetBegin=2472 CharacterOffsetEnd=2473 PartOfSpeech=DT] [Text=famous CharacterOffsetBegin=2474 CharacterOffsetEnd=2480 PartOfSpeech=JJ] [Text=painting CharacterOffsetBegin=2481 CharacterOffsetEnd=2489 PartOfSpeech=NN] [Text=. CharacterOffsetBegin=2489 CharacterOffsetEnd=2490 PartOfSpeech=.] 
root(ROOT-0, illusion-6)
det(murders-3, The-1)
amod(murders-3, first-2)
nsubj(illusion-6, murders-3)
cop(illusion-6, are-4)
amod(illusion-6, plain-5)
mark(representation-11, as-7)
nsubj(representation-11, they-8)
cop(representation-11, 're-9)
det(representation-11, a-10)
advcl(illusion-6, representation-11)
prep(representation-11, of-12)
det(painting-15, a-13)
amod(painting-15, famous-14)
pobj(of-12, painting-15)
punct(illusion-6, .-16)

Sentence #36 (3 tokens):
But no.
[Text=But CharacterOffsetBegin=2495 CharacterOffsetEnd=2498 PartOfSpeech=CC] [Text=no CharacterOffsetBegin=2499 CharacterOffsetEnd=2501 PartOfSpeech=DT] [Text=. CharacterOffsetBegin=2501 CharacterOffsetEnd=2502 PartOfSpeech=.] 
root(ROOT-0, no-2)
cc(no-2, But-1)
punct(no-2, .-3)

Sentence #37 (53 tokens):
And the revelation of the killer (a horrible fascist, of course) could have been done from the beginning as he appears at the end of the movie as, I guess, it was time for the director to say "weel, time to finish that damn movie.
[Text=And CharacterOffsetBegin=2507 CharacterOffsetEnd=2510 PartOfSpeech=CC] [Text=the CharacterOffsetBegin=2511 CharacterOffsetEnd=2514 PartOfSpeech=DT] [Text=revelation CharacterOffsetBegin=2515 CharacterOffsetEnd=2525 PartOfSpeech=NN] [Text=of CharacterOffsetBegin=2526 CharacterOffsetEnd=2528 PartOfSpeech=IN] [Text=the CharacterOffsetBegin=2529 CharacterOffsetEnd=2532 PartOfSpeech=DT] [Text=killer CharacterOffsetBegin=2533 CharacterOffsetEnd=2539 PartOfSpeech=NN] [Text=-LRB- CharacterOffsetBegin=2540 CharacterOffsetEnd=2541 PartOfSpeech=-LRB-] [Text=a CharacterOffsetBegin=2541 CharacterOffsetEnd=2542 PartOfSpeech=DT] [Text=horrible CharacterOffsetBegin=2543 CharacterOffsetEnd=2551 PartOfSpeech=JJ] [Text=fascist CharacterOffsetBegin=2552 CharacterOffsetEnd=2559 PartOfSpeech=JJ] [Text=, CharacterOffsetBegin=2559 CharacterOffsetEnd=2560 PartOfSpeech=,] [Text=of CharacterOffsetBegin=2561 CharacterOffsetEnd=2563 PartOfSpeech=IN] [Text=course CharacterOffsetBegin=2564 CharacterOffsetEnd=2570 PartOfSpeech=NN] [Text=-RRB- CharacterOffsetBegin=2570 CharacterOffsetEnd=2571 PartOfSpeech=-RRB-] [Text=could CharacterOffsetBegin=2572 CharacterOffsetEnd=2577 PartOfSpeech=MD] [Text=have CharacterOffsetBegin=2578 CharacterOffsetEnd=2582 PartOfSpeech=VB] [Text=been CharacterOffsetBegin=2583 CharacterOffsetEnd=2587 PartOfSpeech=VBN] [Text=done CharacterOffsetBegin=2588 CharacterOffsetEnd=2592 PartOfSpeech=VBN] [Text=from CharacterOffsetBegin=2593 CharacterOffsetEnd=2597 PartOfSpeech=IN] [Text=the CharacterOffsetBegin=2598 CharacterOffsetEnd=2601 PartOfSpeech=DT] [Text=beginning CharacterOffsetBegin=2602 CharacterOffsetEnd=2611 PartOfSpeech=NN] [Text=as CharacterOffsetBegin=2612 CharacterOffsetEnd=2614 PartOfSpeech=IN] [Text=he CharacterOffsetBegin=2615 CharacterOffsetEnd=2617 PartOfSpeech=PRP] [Text=appears CharacterOffsetBegin=2618 CharacterOffsetEnd=2625 PartOfSpeech=VBZ] [Text=at CharacterOffsetBegin=2626 CharacterOffsetEnd=2628 PartOfSpeech=IN] [Text=the CharacterOffsetBegin=2629 CharacterOffsetEnd=2632 PartOfSpeech=DT] [Text=end CharacterOffsetBegin=2633 CharacterOffsetEnd=2636 PartOfSpeech=NN] [Text=of CharacterOffsetBegin=2637 CharacterOffsetEnd=2639 PartOfSpeech=IN] [Text=the CharacterOffsetBegin=2640 CharacterOffsetEnd=2643 PartOfSpeech=DT] [Text=movie CharacterOffsetBegin=2644 CharacterOffsetEnd=2649 PartOfSpeech=NN] [Text=as CharacterOffsetBegin=2650 CharacterOffsetEnd=2652 PartOfSpeech=IN] [Text=, CharacterOffsetBegin=2652 CharacterOffsetEnd=2653 PartOfSpeech=,] [Text=I CharacterOffsetBegin=2654 CharacterOffsetEnd=2655 PartOfSpeech=PRP] [Text=guess CharacterOffsetBegin=2656 CharacterOffsetEnd=2661 PartOfSpeech=VBP] [Text=, CharacterOffsetBegin=2661 CharacterOffsetEnd=2662 PartOfSpeech=,] [Text=it CharacterOffsetBegin=2663 CharacterOffsetEnd=2665 PartOfSpeech=PRP] [Text=was CharacterOffsetBegin=2666 CharacterOffsetEnd=2669 PartOfSpeech=VBD] [Text=time CharacterOffsetBegin=2670 CharacterOffsetEnd=2674 PartOfSpeech=NN] [Text=for CharacterOffsetBegin=2675 CharacterOffsetEnd=2678 PartOfSpeech=IN] [Text=the CharacterOffsetBegin=2679 CharacterOffsetEnd=2682 PartOfSpeech=DT] [Text=director CharacterOffsetBegin=2683 CharacterOffsetEnd=2691 PartOfSpeech=NN] [Text=to CharacterOffsetBegin=2692 CharacterOffsetEnd=2694 PartOfSpeech=TO] [Text=say CharacterOffsetBegin=2695 CharacterOffsetEnd=2698 PartOfSpeech=VB] [Text=`` CharacterOffsetBegin=2699 CharacterOffsetEnd=2700 PartOfSpeech=``] [Text=weel CharacterOffsetBegin=2700 CharacterOffsetEnd=2704 PartOfSpeech=NN] [Text=, CharacterOffsetBegin=2704 CharacterOffsetEnd=2705 PartOfSpeech=,] [Text=time CharacterOffsetBegin=2706 CharacterOffsetEnd=2710 PartOfSpeech=NN] [Text=to CharacterOffsetBegin=2711 CharacterOffsetEnd=2713 PartOfSpeech=TO] [Text=finish CharacterOffsetBegin=2714 CharacterOffsetEnd=2720 PartOfSpeech=VB] [Text=that CharacterOffsetBegin=2721 CharacterOffsetEnd=2725 PartOfSpeech=DT] [Text=damn CharacterOffsetBegin=2726 CharacterOffsetEnd=2730 PartOfSpeech=NN] [Text=movie CharacterOffsetBegin=2731 CharacterOffsetEnd=2736 PartOfSpeech=NN] [Text=. CharacterOffsetBegin=2736 CharacterOffsetEnd=2737 PartOfSpeech=.] 
root(ROOT-0, done-18)
cc(done-18, And-1)
det(revelation-3, the-2)
nsubj(done-18, revelation-3)
prep(revelation-3, of-4)
det(killer-6, the-5)
pobj(of-4, killer-6)
punct(fascist-10, -LRB--7)
det(fascist-10, a-8)
amod(fascist-10, horrible-9)
dep(killer-6, fascist-10)
punct(fascist-10, ,-11)
prep(fascist-10, of-12)
pobj(of-12, course-13)
punct(fascist-10, -RRB--14)
aux(done-18, could-15)
aux(done-18, have-16)
auxpass(done-18, been-17)
prep(done-18, from-19)
det(beginning-21, the-20)
pobj(from-19, beginning-21)
mark(appears-24, as-22)
nsubj(appears-24, he-23)
advcl(done-18, appears-24)
prep(appears-24, at-25)
det(end-27, the-26)
pobj(at-25, end-27)
prep(end-27, of-28)
det(movie-30, the-29)
pobj(of-28, movie-30)
mark(time-38, as-31)
punct(guess-34, ,-32)
nsubj(guess-34, I-33)
parataxis(time-38, guess-34)
punct(guess-34, ,-35)
nsubj(time-38, it-36)
cop(time-38, was-37)
advcl(appears-24, time-38)
mark(say-43, for-39)
det(director-41, the-40)
nsubj(say-43, director-41)
aux(say-43, to-42)
infmod(time-38, say-43)
punct(say-43, ``-44)
ccomp(say-43, weel-45)
punct(weel-45, ,-46)
appos(weel-45, time-47)
aux(finish-49, to-48)
infmod(time-47, finish-49)
det(movie-52, that-50)
amod(movie-52, damn-51)
dobj(finish-49, movie-52)
punct(done-18, .-53)

Sentence #38 (15 tokens):
let's reveal right now who the killer is and why he kills".
[Text=let CharacterOffsetBegin=2742 CharacterOffsetEnd=2745 PartOfSpeech=VB] [Text='s CharacterOffsetBegin=2745 CharacterOffsetEnd=2747 PartOfSpeech=POS] [Text=reveal CharacterOffsetBegin=2748 CharacterOffsetEnd=2754 PartOfSpeech=VB] [Text=right CharacterOffsetBegin=2755 CharacterOffsetEnd=2760 PartOfSpeech=RB] [Text=now CharacterOffsetBegin=2761 CharacterOffsetEnd=2764 PartOfSpeech=RB] [Text=who CharacterOffsetBegin=2765 CharacterOffsetEnd=2768 PartOfSpeech=WP] [Text=the CharacterOffsetBegin=2769 CharacterOffsetEnd=2772 PartOfSpeech=DT] [Text=killer CharacterOffsetBegin=2773 CharacterOffsetEnd=2779 PartOfSpeech=NN] [Text=is CharacterOffsetBegin=2780 CharacterOffsetEnd=2782 PartOfSpeech=VBZ] [Text=and CharacterOffsetBegin=2783 CharacterOffsetEnd=2786 PartOfSpeech=CC] [Text=why CharacterOffsetBegin=2787 CharacterOffsetEnd=2790 PartOfSpeech=WRB] [Text=he CharacterOffsetBegin=2791 CharacterOffsetEnd=2793 PartOfSpeech=PRP] [Text=kills CharacterOffsetBegin=2794 CharacterOffsetEnd=2799 PartOfSpeech=VBZ] [Text='' CharacterOffsetBegin=2799 CharacterOffsetEnd=2800 PartOfSpeech=''] [Text=. CharacterOffsetBegin=2800 CharacterOffsetEnd=2801 PartOfSpeech=.] 
root(ROOT-0, let-1)
nsubj(reveal-3, 's-2)
ccomp(let-1, reveal-3)
advmod(now-5, right-4)
advmod(reveal-3, now-5)
dobj(is-9, who-6)
det(killer-8, the-7)
nsubj(is-9, killer-8)
dep(reveal-3, is-9)
cc(is-9, and-10)
advmod(kills-13, why-11)
nsubj(kills-13, he-12)
conj(is-9, kills-13)
punct(kills-13, ''-14)
punct(let-1, .-15)

Sentence #39 (9 tokens):
Then the director thinks he's a director.
[Text=Then CharacterOffsetBegin=2801 CharacterOffsetEnd=2805 PartOfSpeech=RB] [Text=the CharacterOffsetBegin=2806 CharacterOffsetEnd=2809 PartOfSpeech=DT] [Text=director CharacterOffsetBegin=2810 CharacterOffsetEnd=2818 PartOfSpeech=NN] [Text=thinks CharacterOffsetBegin=2819 CharacterOffsetEnd=2825 PartOfSpeech=VBZ] [Text=he CharacterOffsetBegin=2826 CharacterOffsetEnd=2828 PartOfSpeech=PRP] [Text='s CharacterOffsetBegin=2828 CharacterOffsetEnd=2830 PartOfSpeech=VBZ] [Text=a CharacterOffsetBegin=2831 CharacterOffsetEnd=2832 PartOfSpeech=DT] [Text=director CharacterOffsetBegin=2833 CharacterOffsetEnd=2841 PartOfSpeech=NN] [Text=. CharacterOffsetBegin=2841 CharacterOffsetEnd=2842 PartOfSpeech=.] 
root(ROOT-0, thinks-4)
advmod(thinks-4, Then-1)
det(director-3, the-2)
nsubj(thinks-4, director-3)
nsubj(director-8, he-5)
cop(director-8, 's-6)
det(director-8, a-7)
ccomp(thinks-4, director-8)
punct(thinks-4, .-9)

Sentence #40 (21 tokens):
Wrong : no sense of suspense, no sense of directing the actors, no knowledge of change of pace.
[Text=Wrong CharacterOffsetBegin=2847 CharacterOffsetEnd=2852 PartOfSpeech=JJ] [Text=: CharacterOffsetBegin=2853 CharacterOffsetEnd=2854 PartOfSpeech=:] [Text=no CharacterOffsetBegin=2855 CharacterOffsetEnd=2857 PartOfSpeech=DT] [Text=sense CharacterOffsetBegin=2858 CharacterOffsetEnd=2863 PartOfSpeech=NN] [Text=of CharacterOffsetBegin=2864 CharacterOffsetEnd=2866 PartOfSpeech=IN] [Text=suspense CharacterOffsetBegin=2867 CharacterOffsetEnd=2875 PartOfSpeech=NN] [Text=, CharacterOffsetBegin=2875 CharacterOffsetEnd=2876 PartOfSpeech=,] [Text=no CharacterOffsetBegin=2877 CharacterOffsetEnd=2879 PartOfSpeech=DT] [Text=sense CharacterOffsetBegin=2880 CharacterOffsetEnd=2885 PartOfSpeech=NN] [Text=of CharacterOffsetBegin=2886 CharacterOffsetEnd=2888 PartOfSpeech=IN] [Text=directing CharacterOffsetBegin=2889 CharacterOffsetEnd=2898 PartOfSpeech=VBG] [Text=the CharacterOffsetBegin=2899 CharacterOffsetEnd=2902 PartOfSpeech=DT] [Text=actors CharacterOffsetBegin=2903 CharacterOffsetEnd=2909 PartOfSpeech=NNS] [Text=, CharacterOffsetBegin=2909 CharacterOffsetEnd=2910 PartOfSpeech=,] [Text=no CharacterOffsetBegin=2911 CharacterOffsetEnd=2913 PartOfSpeech=DT] [Text=knowledge CharacterOffsetBegin=2914 CharacterOffsetEnd=2923 PartOfSpeech=NN] [Text=of CharacterOffsetBegin=2924 CharacterOffsetEnd=2926 PartOfSpeech=IN] [Text=change CharacterOffsetBegin=2927 CharacterOffsetEnd=2933 PartOfSpeech=NN] [Text=of CharacterOffsetBegin=2934 CharacterOffsetEnd=2936 PartOfSpeech=IN] [Text=pace CharacterOffsetBegin=2937 CharacterOffsetEnd=2941 PartOfSpeech=NN] [Text=. CharacterOffsetBegin=2941 CharacterOffsetEnd=2942 PartOfSpeech=.] 
root(ROOT-0, Wrong-1)
punct(Wrong-1, :-2)
det(sense-4, no-3)
dep(Wrong-1, sense-4)
prep(sense-4, of-5)
pobj(of-5, suspense-6)
punct(sense-4, ,-7)
det(sense-9, no-8)
appos(sense-4, sense-9)
prep(sense-9, of-10)
pcomp(of-10, directing-11)
det(actors-13, the-12)
dobj(directing-11, actors-13)
punct(sense-4, ,-14)
det(knowledge-16, no-15)
appos(sense-4, knowledge-16)
prep(knowledge-16, of-17)
pobj(of-17, change-18)
prep(change-18, of-19)
pobj(of-19, pace-20)
punct(Wrong-1, .-21)

Sentence #41 (5 tokens):
A Giant, mega-bore.
[Text=A CharacterOffsetBegin=2947 CharacterOffsetEnd=2948 PartOfSpeech=DT] [Text=Giant CharacterOffsetBegin=2949 CharacterOffsetEnd=2954 PartOfSpeech=NN] [Text=, CharacterOffsetBegin=2954 CharacterOffsetEnd=2955 PartOfSpeech=,] [Text=mega-bore CharacterOffsetBegin=2956 CharacterOffsetEnd=2965 PartOfSpeech=NN] [Text=. CharacterOffsetBegin=2965 CharacterOffsetEnd=2966 PartOfSpeech=.] 
root(ROOT-0, Giant-2)
det(Giant-2, A-1)
punct(Giant-2, ,-3)
appos(Giant-2, mega-bore-4)
punct(Giant-2, .-5)

Sentence #42 (35 tokens):
The scenes of the holy week are needless (maybe a co-production rule saying : ok, shoot in Sevilla but show some creditsof this beautiful and historical town with the celebrations of Easter.
[Text=The CharacterOffsetBegin=2971 CharacterOffsetEnd=2974 PartOfSpeech=DT] [Text=scenes CharacterOffsetBegin=2975 CharacterOffsetEnd=2981 PartOfSpeech=NNS] [Text=of CharacterOffsetBegin=2982 CharacterOffsetEnd=2984 PartOfSpeech=IN] [Text=the CharacterOffsetBegin=2985 CharacterOffsetEnd=2988 PartOfSpeech=DT] [Text=holy CharacterOffsetBegin=2989 CharacterOffsetEnd=2993 PartOfSpeech=JJ] [Text=week CharacterOffsetBegin=2994 CharacterOffsetEnd=2998 PartOfSpeech=NN] [Text=are CharacterOffsetBegin=2999 CharacterOffsetEnd=3002 PartOfSpeech=VBP] [Text=needless CharacterOffsetBegin=3003 CharacterOffsetEnd=3011 PartOfSpeech=JJ] [Text=-LRB- CharacterOffsetBegin=3012 CharacterOffsetEnd=3013 PartOfSpeech=-LRB-] [Text=maybe CharacterOffsetBegin=3013 CharacterOffsetEnd=3018 PartOfSpeech=RB] [Text=a CharacterOffsetBegin=3019 CharacterOffsetEnd=3020 PartOfSpeech=DT] [Text=co-production CharacterOffsetBegin=3021 CharacterOffsetEnd=3034 PartOfSpeech=NN] [Text=rule CharacterOffsetBegin=3035 CharacterOffsetEnd=3039 PartOfSpeech=NN] [Text=saying CharacterOffsetBegin=3040 CharacterOffsetEnd=3046 PartOfSpeech=VBG] [Text=: CharacterOffsetBegin=3047 CharacterOffsetEnd=3048 PartOfSpeech=:] [Text=ok CharacterOffsetBegin=3049 CharacterOffsetEnd=3051 PartOfSpeech=NN] [Text=, CharacterOffsetBegin=3051 CharacterOffsetEnd=3052 PartOfSpeech=,] [Text=shoot CharacterOffsetBegin=3053 CharacterOffsetEnd=3058 PartOfSpeech=NN] [Text=in CharacterOffsetBegin=3059 CharacterOffsetEnd=3061 PartOfSpeech=IN] [Text=Sevilla CharacterOffsetBegin=3062 CharacterOffsetEnd=3069 PartOfSpeech=NNP] [Text=but CharacterOffsetBegin=3070 CharacterOffsetEnd=3073 PartOfSpeech=CC] [Text=show CharacterOffsetBegin=3074 CharacterOffsetEnd=3078 PartOfSpeech=VBP] [Text=some CharacterOffsetBegin=3079 CharacterOffsetEnd=3083 PartOfSpeech=DT] [Text=creditsof CharacterOffsetBegin=3084 CharacterOffsetEnd=3093 PartOfSpeech=NN] [Text=this CharacterOffsetBegin=3094 CharacterOffsetEnd=3098 PartOfSpeech=DT] [Text=beautiful CharacterOffsetBegin=3099 CharacterOffsetEnd=3108 PartOfSpeech=JJ] [Text=and CharacterOffsetBegin=3109 CharacterOffsetEnd=3112 PartOfSpeech=CC] [Text=historical CharacterOffsetBegin=3113 CharacterOffsetEnd=3123 PartOfSpeech=JJ] [Text=town CharacterOffsetBegin=3124 CharacterOffsetEnd=3128 PartOfSpeech=NN] [Text=with CharacterOffsetBegin=3129 CharacterOffsetEnd=3133 PartOfSpeech=IN] [Text=the CharacterOffsetBegin=3134 CharacterOffsetEnd=3137 PartOfSpeech=DT] [Text=celebrations CharacterOffsetBegin=3138 CharacterOffsetEnd=3150 PartOfSpeech=NNS] [Text=of CharacterOffsetBegin=3151 CharacterOffsetEnd=3153 PartOfSpeech=IN] [Text=Easter CharacterOffsetBegin=3154 CharacterOffsetEnd=3160 PartOfSpeech=NNP] [Text=. CharacterOffsetBegin=3160 CharacterOffsetEnd=3161 PartOfSpeech=.] 
root(ROOT-0, needless-8)
det(scenes-2, The-1)
nsubj(needless-8, scenes-2)
prep(scenes-2, of-3)
det(week-6, the-4)
amod(week-6, holy-5)
pobj(of-3, week-6)
cop(needless-8, are-7)
punct(maybe-10, -LRB--9)
dep(needless-8, maybe-10)
det(rule-13, a-11)
nn(rule-13, co-production-12)
dep(maybe-10, rule-13)
partmod(rule-13, saying-14)
punct(saying-14, :-15)
dep(saying-14, ok-16)
punct(ok-16, ,-17)
conj(ok-16, shoot-18)
prep(shoot-18, in-19)
pobj(in-19, Sevilla-20)
cc(ok-16, but-21)
conj(ok-16, show-22)
det(creditsof-24, some-23)
dobj(show-22, creditsof-24)
det(town-29, this-25)
amod(town-29, beautiful-26)
cc(beautiful-26, and-27)
conj(beautiful-26, historical-28)
dep(creditsof-24, town-29)
prep(town-29, with-30)
det(celebrations-32, the-31)
pobj(with-30, celebrations-32)
prep(celebrations-32, of-33)
pobj(of-33, Easter-34)
punct(needless-8, .-35)

Sentence #43 (11 tokens):
There we are : a mystery movie for tourists!
    )
[Text=There CharacterOffsetBegin=3166 CharacterOffsetEnd=3171 PartOfSpeech=EX] [Text=we CharacterOffsetBegin=3172 CharacterOffsetEnd=3174 PartOfSpeech=PRP] [Text=are CharacterOffsetBegin=3175 CharacterOffsetEnd=3178 PartOfSpeech=VBP] [Text=: CharacterOffsetBegin=3179 CharacterOffsetEnd=3180 PartOfSpeech=:] [Text=a CharacterOffsetBegin=3181 CharacterOffsetEnd=3182 PartOfSpeech=DT] [Text=mystery CharacterOffsetBegin=3183 CharacterOffsetEnd=3190 PartOfSpeech=NN] [Text=movie CharacterOffsetBegin=3191 CharacterOffsetEnd=3196 PartOfSpeech=NN] [Text=for CharacterOffsetBegin=3197 CharacterOffsetEnd=3200 PartOfSpeech=IN] [Text=tourists CharacterOffsetBegin=3201 CharacterOffsetEnd=3209 PartOfSpeech=NNS] [Text=! CharacterOffsetBegin=3209 CharacterOffsetEnd=3210 PartOfSpeech=.] [Text=-RRB- CharacterOffsetBegin=3215 CharacterOffsetEnd=3216 PartOfSpeech=-RRB-] 
root(ROOT-0, are-3)
expl(are-3, There-1)
nsubj(are-3, we-2)
punct(are-3, :-4)
det(movie-7, a-5)
nn(movie-7, mystery-6)
dep(are-3, movie-7)
prep(movie-7, for-8)
pobj(for-8, tourists-9)
punct(movie-7, !-10)
punct(are-3, -RRB--11)

Sentence #44 (4 tokens):
Then the actors.
[Text=Then CharacterOffsetBegin=3216 CharacterOffsetEnd=3220 PartOfSpeech=RB] [Text=the CharacterOffsetBegin=3221 CharacterOffsetEnd=3224 PartOfSpeech=DT] [Text=actors CharacterOffsetBegin=3225 CharacterOffsetEnd=3231 PartOfSpeech=NNS] [Text=. CharacterOffsetBegin=3231 CharacterOffsetEnd=3232 PartOfSpeech=.] 
root(ROOT-0, actors-3)
advmod(actors-3, Then-1)
det(actors-3, the-2)
punct(actors-3, .-4)

Sentence #45 (3 tokens):
All wrongs.
[Text=All CharacterOffsetBegin=3237 CharacterOffsetEnd=3240 PartOfSpeech=DT] [Text=wrongs CharacterOffsetBegin=3241 CharacterOffsetEnd=3247 PartOfSpeech=NNS] [Text=. CharacterOffsetBegin=3247 CharacterOffsetEnd=3248 PartOfSpeech=.] 
root(ROOT-0, wrongs-2)
det(wrongs-2, All-1)
punct(wrongs-2, .-3)

Sentence #46 (19 tokens):
Mira Sorvino bores herself to death : she does practicly nothing except getting stabbed in the right hand.
[Text=Mira CharacterOffsetBegin=3253 CharacterOffsetEnd=3257 PartOfSpeech=NNP] [Text=Sorvino CharacterOffsetBegin=3258 CharacterOffsetEnd=3265 PartOfSpeech=NNP] [Text=bores CharacterOffsetBegin=3266 CharacterOffsetEnd=3271 PartOfSpeech=VBZ] [Text=herself CharacterOffsetBegin=3272 CharacterOffsetEnd=3279 PartOfSpeech=PRP] [Text=to CharacterOffsetBegin=3280 CharacterOffsetEnd=3282 PartOfSpeech=TO] [Text=death CharacterOffsetBegin=3283 CharacterOffsetEnd=3288 PartOfSpeech=NN] [Text=: CharacterOffsetBegin=3289 CharacterOffsetEnd=3290 PartOfSpeech=:] [Text=she CharacterOffsetBegin=3291 CharacterOffsetEnd=3294 PartOfSpeech=PRP] [Text=does CharacterOffsetBegin=3295 CharacterOffsetEnd=3299 PartOfSpeech=VBZ] [Text=practicly CharacterOffsetBegin=3300 CharacterOffsetEnd=3309 PartOfSpeech=RB] [Text=nothing CharacterOffsetBegin=3310 CharacterOffsetEnd=3317 PartOfSpeech=NN] [Text=except CharacterOffsetBegin=3318 CharacterOffsetEnd=3324 PartOfSpeech=IN] [Text=getting CharacterOffsetBegin=3325 CharacterOffsetEnd=3332 PartOfSpeech=VBG] [Text=stabbed CharacterOffsetBegin=3333 CharacterOffsetEnd=3340 PartOfSpeech=VBN] [Text=in CharacterOffsetBegin=3341 CharacterOffsetEnd=3343 PartOfSpeech=IN] [Text=the CharacterOffsetBegin=3344 CharacterOffsetEnd=3347 PartOfSpeech=DT] [Text=right CharacterOffsetBegin=3348 CharacterOffsetEnd=3353 PartOfSpeech=JJ] [Text=hand CharacterOffsetBegin=3354 CharacterOffsetEnd=3358 PartOfSpeech=NN] [Text=. CharacterOffsetBegin=3358 CharacterOffsetEnd=3359 PartOfSpeech=.] 
root(ROOT-0, bores-3)
nn(Sorvino-2, Mira-1)
nsubj(bores-3, Sorvino-2)
dobj(bores-3, herself-4)
prep(bores-3, to-5)
pobj(to-5, death-6)
punct(bores-3, :-7)
nsubj(does-9, she-8)
parataxis(bores-3, does-9)
advmod(nothing-11, practicly-10)
dobj(does-9, nothing-11)
prep(nothing-11, except-12)
auxpass(stabbed-14, getting-13)
pcomp(except-12, stabbed-14)
prep(stabbed-14, in-15)
det(hand-18, the-16)
amod(hand-18, right-17)
pobj(in-15, hand-18)
punct(bores-3, .-19)

Sentence #47 (19 tokens):
Everything she did best (the Replacement Killers, Mighty Aphrodite...) were like they never existed.
[Text=Everything CharacterOffsetBegin=3364 CharacterOffsetEnd=3374 PartOfSpeech=NN] [Text=she CharacterOffsetBegin=3375 CharacterOffsetEnd=3378 PartOfSpeech=PRP] [Text=did CharacterOffsetBegin=3379 CharacterOffsetEnd=3382 PartOfSpeech=VBD] [Text=best CharacterOffsetBegin=3383 CharacterOffsetEnd=3387 PartOfSpeech=JJS] [Text=-LRB- CharacterOffsetBegin=3388 CharacterOffsetEnd=3389 PartOfSpeech=-LRB-] [Text=the CharacterOffsetBegin=3389 CharacterOffsetEnd=3392 PartOfSpeech=DT] [Text=Replacement CharacterOffsetBegin=3393 CharacterOffsetEnd=3404 PartOfSpeech=NNP] [Text=Killers CharacterOffsetBegin=3405 CharacterOffsetEnd=3412 PartOfSpeech=NNPS] [Text=, CharacterOffsetBegin=3412 CharacterOffsetEnd=3413 PartOfSpeech=,] [Text=Mighty CharacterOffsetBegin=3414 CharacterOffsetEnd=3420 PartOfSpeech=NNP] [Text=Aphrodite CharacterOffsetBegin=3421 CharacterOffsetEnd=3430 PartOfSpeech=NNP] [Text=... CharacterOffsetBegin=3430 CharacterOffsetEnd=3433 PartOfSpeech=:] [Text=-RRB- CharacterOffsetBegin=3433 CharacterOffsetEnd=3434 PartOfSpeech=-RRB-] [Text=were CharacterOffsetBegin=3435 CharacterOffsetEnd=3439 PartOfSpeech=VBD] [Text=like CharacterOffsetBegin=3440 CharacterOffsetEnd=3444 PartOfSpeech=IN] [Text=they CharacterOffsetBegin=3445 CharacterOffsetEnd=3449 PartOfSpeech=PRP] [Text=never CharacterOffsetBegin=3450 CharacterOffsetEnd=3455 PartOfSpeech=RB] [Text=existed CharacterOffsetBegin=3456 CharacterOffsetEnd=3463 PartOfSpeech=VBD] [Text=. CharacterOffsetBegin=3463 CharacterOffsetEnd=3464 PartOfSpeech=.] 
root(ROOT-0, Everything-1)
nsubj(best-4, she-2)
aux(best-4, did-3)
rcmod(Everything-1, best-4)
punct(were-14, -LRB--5)
det(Killers-8, the-6)
nn(Killers-8, Replacement-7)
nsubj(were-14, Killers-8)
punct(Killers-8, ,-9)
nn(Aphrodite-11, Mighty-10)
appos(Killers-8, Aphrodite-11)
punct(Killers-8, ...-12)
punct(were-14, -RRB--13)
ccomp(best-4, were-14)
mark(existed-18, like-15)
nsubj(existed-18, they-16)
neg(existed-18, never-17)
advcl(were-14, existed-18)
punct(Everything-1, .-19)

Sentence #48 (8 tokens):
Olivier Martinez...hello, anybody here?
[Text=Olivier CharacterOffsetBegin=3469 CharacterOffsetEnd=3476 PartOfSpeech=NNP] [Text=Martinez CharacterOffsetBegin=3477 CharacterOffsetEnd=3485 PartOfSpeech=NNP] [Text=... CharacterOffsetBegin=3485 CharacterOffsetEnd=3488 PartOfSpeech=:] [Text=hello CharacterOffsetBegin=3488 CharacterOffsetEnd=3493 PartOfSpeech=UH] [Text=, CharacterOffsetBegin=3493 CharacterOffsetEnd=3494 PartOfSpeech=,] [Text=anybody CharacterOffsetBegin=3495 CharacterOffsetEnd=3502 PartOfSpeech=NN] [Text=here CharacterOffsetBegin=3503 CharacterOffsetEnd=3507 PartOfSpeech=RB] [Text=? CharacterOffsetBegin=3507 CharacterOffsetEnd=3508 PartOfSpeech=.] 
root(ROOT-0, Martinez-2)
nn(Martinez-2, Olivier-1)
punct(Martinez-2, ...-3)
dep(Martinez-2, hello-4)
punct(Martinez-2, ,-5)
appos(Martinez-2, anybody-6)
advmod(anybody-6, here-7)
punct(Martinez-2, ?-8)

Sentence #49 (22 tokens):
When the producers will learn that he's not an actor but a mannequin with no ability of speech nor feelings?
[Text=When CharacterOffsetBegin=3513 CharacterOffsetEnd=3517 PartOfSpeech=WRB] [Text=the CharacterOffsetBegin=3518 CharacterOffsetEnd=3521 PartOfSpeech=DT] [Text=producers CharacterOffsetBegin=3522 CharacterOffsetEnd=3531 PartOfSpeech=NNS] [Text=will CharacterOffsetBegin=3532 CharacterOffsetEnd=3536 PartOfSpeech=MD] [Text=learn CharacterOffsetBegin=3537 CharacterOffsetEnd=3542 PartOfSpeech=VB] [Text=that CharacterOffsetBegin=3543 CharacterOffsetEnd=3547 PartOfSpeech=IN] [Text=he CharacterOffsetBegin=3548 CharacterOffsetEnd=3550 PartOfSpeech=PRP] [Text='s CharacterOffsetBegin=3550 CharacterOffsetEnd=3552 PartOfSpeech=VBZ] [Text=not CharacterOffsetBegin=3553 CharacterOffsetEnd=3556 PartOfSpeech=RB] [Text=an CharacterOffsetBegin=3557 CharacterOffsetEnd=3559 PartOfSpeech=DT] [Text=actor CharacterOffsetBegin=3560 CharacterOffsetEnd=3565 PartOfSpeech=NN] [Text=but CharacterOffsetBegin=3566 CharacterOffsetEnd=3569 PartOfSpeech=CC] [Text=a CharacterOffsetBegin=3570 CharacterOffsetEnd=3571 PartOfSpeech=DT] [Text=mannequin CharacterOffsetBegin=3572 CharacterOffsetEnd=3581 PartOfSpeech=NN] [Text=with CharacterOffsetBegin=3582 CharacterOffsetEnd=3586 PartOfSpeech=IN] [Text=no CharacterOffsetBegin=3587 CharacterOffsetEnd=3589 PartOfSpeech=DT] [Text=ability CharacterOffsetBegin=3590 CharacterOffsetEnd=3597 PartOfSpeech=NN] [Text=of CharacterOffsetBegin=3598 CharacterOffsetEnd=3600 PartOfSpeech=IN] [Text=speech CharacterOffsetBegin=3601 CharacterOffsetEnd=3607 PartOfSpeech=NN] [Text=nor CharacterOffsetBegin=3608 CharacterOffsetEnd=3611 PartOfSpeech=CC] [Text=feelings CharacterOffsetBegin=3612 CharacterOffsetEnd=3620 PartOfSpeech=NNS] [Text=? CharacterOffsetBegin=3620 CharacterOffsetEnd=3621 PartOfSpeech=.] 
root(ROOT-0, learn-5)
advmod(learn-5, When-1)
det(producers-3, the-2)
nsubj(learn-5, producers-3)
aux(learn-5, will-4)
mark(actor-11, that-6)
nsubj(actor-11, he-7)
cop(actor-11, 's-8)
neg(actor-11, not-9)
det(actor-11, an-10)
ccomp(learn-5, actor-11)
cc(learn-5, but-12)
det(mannequin-14, a-13)
conj(learn-5, mannequin-14)
prep(mannequin-14, with-15)
det(ability-17, no-16)
pobj(with-15, ability-17)
prep(ability-17, of-18)
pobj(of-18, speech-19)
cc(ability-17, nor-20)
conj(ability-17, feelings-21)
punct(learn-5, ?-22)

Sentence #50 (7 tokens):
Feodor Atkine, bland and transparent.
[Text=Feodor CharacterOffsetBegin=3626 CharacterOffsetEnd=3632 PartOfSpeech=NNP] [Text=Atkine CharacterOffsetBegin=3633 CharacterOffsetEnd=3639 PartOfSpeech=NNP] [Text=, CharacterOffsetBegin=3639 CharacterOffsetEnd=3640 PartOfSpeech=,] [Text=bland CharacterOffsetBegin=3641 CharacterOffsetEnd=3646 PartOfSpeech=JJ] [Text=and CharacterOffsetBegin=3647 CharacterOffsetEnd=3650 PartOfSpeech=CC] [Text=transparent CharacterOffsetBegin=3651 CharacterOffsetEnd=3662 PartOfSpeech=JJ] [Text=. CharacterOffsetBegin=3662 CharacterOffsetEnd=3663 PartOfSpeech=.] 
root(ROOT-0, Atkine-2)
nn(Atkine-2, Feodor-1)
punct(Atkine-2, ,-3)
appos(Atkine-2, bland-4)
cc(bland-4, and-5)
conj(bland-4, transparent-6)
punct(Atkine-2, .-7)

Sentence #51 (32 tokens):
Only do we pay great respect to Alida Valli, one of the greatest actress this last century (and I hope for some more roles in this current one).
[Text=Only CharacterOffsetBegin=3668 CharacterOffsetEnd=3672 PartOfSpeech=RB] [Text=do CharacterOffsetBegin=3673 CharacterOffsetEnd=3675 PartOfSpeech=VBP] [Text=we CharacterOffsetBegin=3676 CharacterOffsetEnd=3678 PartOfSpeech=PRP] [Text=pay CharacterOffsetBegin=3679 CharacterOffsetEnd=3682 PartOfSpeech=VB] [Text=great CharacterOffsetBegin=3683 CharacterOffsetEnd=3688 PartOfSpeech=JJ] [Text=respect CharacterOffsetBegin=3689 CharacterOffsetEnd=3696 PartOfSpeech=NN] [Text=to CharacterOffsetBegin=3697 CharacterOffsetEnd=3699 PartOfSpeech=TO] [Text=Alida CharacterOffsetBegin=3700 CharacterOffsetEnd=3705 PartOfSpeech=NNP] [Text=Valli CharacterOffsetBegin=3706 CharacterOffsetEnd=3711 PartOfSpeech=NNP] [Text=, CharacterOffsetBegin=3711 CharacterOffsetEnd=3712 PartOfSpeech=,] [Text=one CharacterOffsetBegin=3713 CharacterOffsetEnd=3716 PartOfSpeech=CD] [Text=of CharacterOffsetBegin=3717 CharacterOffsetEnd=3719 PartOfSpeech=IN] [Text=the CharacterOffsetBegin=3720 CharacterOffsetEnd=3723 PartOfSpeech=DT] [Text=greatest CharacterOffsetBegin=3724 CharacterOffsetEnd=3732 PartOfSpeech=JJS] [Text=actress CharacterOffsetBegin=3733 CharacterOffsetEnd=3740 PartOfSpeech=NN] [Text=this CharacterOffsetBegin=3741 CharacterOffsetEnd=3745 PartOfSpeech=DT] [Text=last CharacterOffsetBegin=3746 CharacterOffsetEnd=3750 PartOfSpeech=JJ] [Text=century CharacterOffsetBegin=3751 CharacterOffsetEnd=3758 PartOfSpeech=NN] [Text=-LRB- CharacterOffsetBegin=3759 CharacterOffsetEnd=3760 PartOfSpeech=-LRB-] [Text=and CharacterOffsetBegin=3760 CharacterOffsetEnd=3763 PartOfSpeech=CC] [Text=I CharacterOffsetBegin=3764 CharacterOffsetEnd=3765 PartOfSpeech=PRP] [Text=hope CharacterOffsetBegin=3766 CharacterOffsetEnd=3770 PartOfSpeech=VBP] [Text=for CharacterOffsetBegin=3771 CharacterOffsetEnd=3774 PartOfSpeech=IN] [Text=some CharacterOffsetBegin=3775 CharacterOffsetEnd=3779 PartOfSpeech=DT] [Text=more CharacterOffsetBegin=3780 CharacterOffsetEnd=3784 PartOfSpeech=JJR] [Text=roles CharacterOffsetBegin=3785 CharacterOffsetEnd=3790 PartOfSpeech=NNS] [Text=in CharacterOffsetBegin=3791 CharacterOffsetEnd=3793 PartOfSpeech=IN] [Text=this CharacterOffsetBegin=3794 CharacterOffsetEnd=3798 PartOfSpeech=DT] [Text=current CharacterOffsetBegin=3799 CharacterOffsetEnd=3806 PartOfSpeech=JJ] [Text=one CharacterOffsetBegin=3807 CharacterOffsetEnd=3810 PartOfSpeech=CD] [Text=-RRB- CharacterOffsetBegin=3810 CharacterOffsetEnd=3811 PartOfSpeech=-RRB-] [Text=. CharacterOffsetBegin=3811 CharacterOffsetEnd=3812 PartOfSpeech=.] 
root(ROOT-0, pay-4)
advmod(do-2, Only-1)
aux(pay-4, do-2)
nsubj(pay-4, we-3)
amod(respect-6, great-5)
dobj(pay-4, respect-6)
prep(pay-4, to-7)
nn(Valli-9, Alida-8)
pobj(to-7, Valli-9)
punct(Valli-9, ,-10)
appos(Valli-9, one-11)
prep(one-11, of-12)
det(actress-15, the-13)
amod(actress-15, greatest-14)
pobj(of-12, actress-15)
det(century-18, this-16)
amod(century-18, last-17)
tmod(actress-15, century-18)
punct(hope-22, -LRB--19)
cc(hope-22, and-20)
nsubj(hope-22, I-21)
dep(century-18, hope-22)
prep(hope-22, for-23)
det(roles-26, some-24)
amod(roles-26, more-25)
pobj(for-23, roles-26)
prep(roles-26, in-27)
pobj(in-27, this-28)
amod(this-28, current-29)
dep(current-29, one-30)
punct(one-30, -RRB--31)
punct(pay-4, .-32)

Sentence #52 (20 tokens):
She's tha main attraction here as she's the only one to give life to her poor lines.
[Text=She CharacterOffsetBegin=3817 CharacterOffsetEnd=3820 PartOfSpeech=PRP] [Text='s CharacterOffsetBegin=3820 CharacterOffsetEnd=3822 PartOfSpeech=VBZ] [Text=tha CharacterOffsetBegin=3823 CharacterOffsetEnd=3826 PartOfSpeech=NN] [Text=main CharacterOffsetBegin=3827 CharacterOffsetEnd=3831 PartOfSpeech=JJ] [Text=attraction CharacterOffsetBegin=3832 CharacterOffsetEnd=3842 PartOfSpeech=NN] [Text=here CharacterOffsetBegin=3843 CharacterOffsetEnd=3847 PartOfSpeech=RB] [Text=as CharacterOffsetBegin=3848 CharacterOffsetEnd=3850 PartOfSpeech=IN] [Text=she CharacterOffsetBegin=3851 CharacterOffsetEnd=3854 PartOfSpeech=PRP] [Text='s CharacterOffsetBegin=3854 CharacterOffsetEnd=3856 PartOfSpeech=VBZ] [Text=the CharacterOffsetBegin=3857 CharacterOffsetEnd=3860 PartOfSpeech=DT] [Text=only CharacterOffsetBegin=3861 CharacterOffsetEnd=3865 PartOfSpeech=RB] [Text=one CharacterOffsetBegin=3866 CharacterOffsetEnd=3869 PartOfSpeech=CD] [Text=to CharacterOffsetBegin=3870 CharacterOffsetEnd=3872 PartOfSpeech=TO] [Text=give CharacterOffsetBegin=3873 CharacterOffsetEnd=3877 PartOfSpeech=VB] [Text=life CharacterOffsetBegin=3878 CharacterOffsetEnd=3882 PartOfSpeech=NN] [Text=to CharacterOffsetBegin=3883 CharacterOffsetEnd=3885 PartOfSpeech=TO] [Text=her CharacterOffsetBegin=3886 CharacterOffsetEnd=3889 PartOfSpeech=PRP$] [Text=poor CharacterOffsetBegin=3890 CharacterOffsetEnd=3894 PartOfSpeech=JJ] [Text=lines CharacterOffsetBegin=3895 CharacterOffsetEnd=3900 PartOfSpeech=NNS] [Text=. CharacterOffsetBegin=3900 CharacterOffsetEnd=3901 PartOfSpeech=.] 
root(ROOT-0, attraction-5)
nsubj(attraction-5, She-1)
cop(attraction-5, 's-2)
nn(attraction-5, tha-3)
amod(attraction-5, main-4)
advmod(attraction-5, here-6)
mark(one-12, as-7)
nsubj(one-12, she-8)
cop(one-12, 's-9)
det(one-12, the-10)
advmod(one-12, only-11)
advcl(attraction-5, one-12)
aux(give-14, to-13)
xcomp(one-12, give-14)
dobj(give-14, life-15)
prep(give-14, to-16)
poss(lines-19, her-17)
amod(lines-19, poor-18)
pobj(to-16, lines-19)
punct(attraction-5, .-20)

Sentence #53 (25 tokens):
I won't mention the other actors as they're only one-sided characters, uninteresting and shallow.Incoherent direction, inconsistent actors, implausible plot.
[Text=I CharacterOffsetBegin=3906 CharacterOffsetEnd=3907 PartOfSpeech=PRP] [Text=wo CharacterOffsetBegin=3908 CharacterOffsetEnd=3910 PartOfSpeech=MD] [Text=n't CharacterOffsetBegin=3910 CharacterOffsetEnd=3913 PartOfSpeech=RB] [Text=mention CharacterOffsetBegin=3914 CharacterOffsetEnd=3921 PartOfSpeech=VB] [Text=the CharacterOffsetBegin=3922 CharacterOffsetEnd=3925 PartOfSpeech=DT] [Text=other CharacterOffsetBegin=3926 CharacterOffsetEnd=3931 PartOfSpeech=JJ] [Text=actors CharacterOffsetBegin=3932 CharacterOffsetEnd=3938 PartOfSpeech=NNS] [Text=as CharacterOffsetBegin=3939 CharacterOffsetEnd=3941 PartOfSpeech=IN] [Text=they CharacterOffsetBegin=3942 CharacterOffsetEnd=3946 PartOfSpeech=PRP] [Text='re CharacterOffsetBegin=3946 CharacterOffsetEnd=3949 PartOfSpeech=VBP] [Text=only CharacterOffsetBegin=3950 CharacterOffsetEnd=3954 PartOfSpeech=RB] [Text=one-sided CharacterOffsetBegin=3955 CharacterOffsetEnd=3964 PartOfSpeech=JJ] [Text=characters CharacterOffsetBegin=3965 CharacterOffsetEnd=3975 PartOfSpeech=NNS] [Text=, CharacterOffsetBegin=3975 CharacterOffsetEnd=3976 PartOfSpeech=,] [Text=uninteresting CharacterOffsetBegin=3977 CharacterOffsetEnd=3990 PartOfSpeech=JJ] [Text=and CharacterOffsetBegin=3991 CharacterOffsetEnd=3994 PartOfSpeech=CC] [Text=shallow.Incoherent CharacterOffsetBegin=3995 CharacterOffsetEnd=4013 PartOfSpeech=JJ] [Text=direction CharacterOffsetBegin=4014 CharacterOffsetEnd=4023 PartOfSpeech=NN] [Text=, CharacterOffsetBegin=4023 CharacterOffsetEnd=4024 PartOfSpeech=,] [Text=inconsistent CharacterOffsetBegin=4025 CharacterOffsetEnd=4037 PartOfSpeech=JJ] [Text=actors CharacterOffsetBegin=4038 CharacterOffsetEnd=4044 PartOfSpeech=NNS] [Text=, CharacterOffsetBegin=4044 CharacterOffsetEnd=4045 PartOfSpeech=,] [Text=implausible CharacterOffsetBegin=4046 CharacterOffsetEnd=4057 PartOfSpeech=JJ] [Text=plot CharacterOffsetBegin=4058 CharacterOffsetEnd=4062 PartOfSpeech=NN] [Text=. CharacterOffsetBegin=4062 CharacterOffsetEnd=4063 PartOfSpeech=.] 
root(ROOT-0, mention-4)
nsubj(mention-4, I-1)
aux(mention-4, wo-2)
neg(mention-4, n't-3)
det(actors-7, the-5)
amod(actors-7, other-6)
dobj(mention-4, actors-7)
mark(characters-13, as-8)
nsubj(characters-13, they-9)
cop(characters-13, 're-10)
advmod(characters-13, only-11)
amod(characters-13, one-sided-12)
advcl(mention-4, characters-13)
punct(characters-13, ,-14)
conj(characters-13, uninteresting-15)
cc(characters-13, and-16)
amod(direction-18, shallow.Incoherent-17)
conj(characters-13, direction-18)
punct(mention-4, ,-19)
amod(actors-21, inconsistent-20)
dobj(mention-4, actors-21)
punct(actors-21, ,-22)
amod(plot-24, implausible-23)
appos(actors-21, plot-24)
punct(mention-4, .-25)

Sentence #54 (5 tokens):
Idiocy incarnated.Superwonderscope says : 1
[Text=Idiocy CharacterOffsetBegin=4068 CharacterOffsetEnd=4074 PartOfSpeech=NN] [Text=incarnated.Superwonderscope CharacterOffsetBegin=4075 CharacterOffsetEnd=4102 PartOfSpeech=NN] [Text=says CharacterOffsetBegin=4103 CharacterOffsetEnd=4107 PartOfSpeech=VBZ] [Text=: CharacterOffsetBegin=4108 CharacterOffsetEnd=4109 PartOfSpeech=:] [Text=1 CharacterOffsetBegin=4110 CharacterOffsetEnd=4111 PartOfSpeech=CD] 
root(ROOT-0, says-3)
nn(incarnated.Superwonderscope-2, Idiocy-1)
nsubj(says-3, incarnated.Superwonderscope-2)
punct(says-3, :-4)
dep(says-3, 1-5)

