Sentence #1 (27 tokens):
Songwriter Robert Taylor (as Terry) is "dizzy, slap-happy" and can't see straight over otherworldly Norma Shearer (as Consuelo).
[Text=Songwriter CharacterOffsetBegin=4 CharacterOffsetEnd=14 PartOfSpeech=NNP] [Text=Robert CharacterOffsetBegin=15 CharacterOffsetEnd=21 PartOfSpeech=NNP] [Text=Taylor CharacterOffsetBegin=22 CharacterOffsetEnd=28 PartOfSpeech=NNP] [Text=-LRB- CharacterOffsetBegin=29 CharacterOffsetEnd=30 PartOfSpeech=-LRB-] [Text=as CharacterOffsetBegin=30 CharacterOffsetEnd=32 PartOfSpeech=IN] [Text=Terry CharacterOffsetBegin=33 CharacterOffsetEnd=38 PartOfSpeech=NNP] [Text=-RRB- CharacterOffsetBegin=38 CharacterOffsetEnd=39 PartOfSpeech=-RRB-] [Text=is CharacterOffsetBegin=40 CharacterOffsetEnd=42 PartOfSpeech=VBZ] [Text=`` CharacterOffsetBegin=43 CharacterOffsetEnd=44 PartOfSpeech=``] [Text=dizzy CharacterOffsetBegin=44 CharacterOffsetEnd=49 PartOfSpeech=JJ] [Text=, CharacterOffsetBegin=49 CharacterOffsetEnd=50 PartOfSpeech=,] [Text=slap-happy CharacterOffsetBegin=51 CharacterOffsetEnd=61 PartOfSpeech=JJ] [Text='' CharacterOffsetBegin=61 CharacterOffsetEnd=62 PartOfSpeech=''] [Text=and CharacterOffsetBegin=63 CharacterOffsetEnd=66 PartOfSpeech=CC] [Text=ca CharacterOffsetBegin=67 CharacterOffsetEnd=69 PartOfSpeech=MD] [Text=n't CharacterOffsetBegin=69 CharacterOffsetEnd=72 PartOfSpeech=RB] [Text=see CharacterOffsetBegin=73 CharacterOffsetEnd=76 PartOfSpeech=VB] [Text=straight CharacterOffsetBegin=77 CharacterOffsetEnd=85 PartOfSpeech=RB] [Text=over CharacterOffsetBegin=86 CharacterOffsetEnd=90 PartOfSpeech=IN] [Text=otherworldly CharacterOffsetBegin=91 CharacterOffsetEnd=103 PartOfSpeech=JJ] [Text=Norma CharacterOffsetBegin=104 CharacterOffsetEnd=109 PartOfSpeech=NNP] [Text=Shearer CharacterOffsetBegin=110 CharacterOffsetEnd=117 PartOfSpeech=NNP] [Text=-LRB- CharacterOffsetBegin=118 CharacterOffsetEnd=119 PartOfSpeech=-LRB-] [Text=as CharacterOffsetBegin=119 CharacterOffsetEnd=121 PartOfSpeech=IN] [Text=Consuelo CharacterOffsetBegin=122 CharacterOffsetEnd=130 PartOfSpeech=NNP] [Text=-RRB- CharacterOffsetBegin=130 CharacterOffsetEnd=131 PartOfSpeech=-RRB-] [Text=. CharacterOffsetBegin=131 CharacterOffsetEnd=132 PartOfSpeech=.] 
root(ROOT-0, Taylor-3)
nn(Taylor-3, Songwriter-1)
nn(Taylor-3, Robert-2)
punct(dizzy-10, -LRB--4)
mark(dizzy-10, as-5)
nsubj(dizzy-10, Terry-6)
punct(dizzy-10, -RRB--7)
cop(dizzy-10, is-8)
punct(dizzy-10, ``-9)
dep(Taylor-3, dizzy-10)
punct(dizzy-10, ,-11)
dep(dizzy-10, slap-happy-12)
punct(dizzy-10, ''-13)
cc(dizzy-10, and-14)
aux(see-17, ca-15)
neg(see-17, n't-16)
conj(dizzy-10, see-17)
advmod(over-19, straight-18)
prep(see-17, over-19)
pobj(over-19, otherworldly-20)
nn(Shearer-22, Norma-21)
dep(otherworldly-20, Shearer-22)
punct(Shearer-22, -LRB--23)
prep(-LRB--23, as-24)
pobj(as-24, Consuelo-25)
punct(Consuelo-25, -RRB--26)
punct(Taylor-3, .-27)

Sentence #2 (18 tokens):
"She makes the sun shine, even when it's raining," Mr. Taylor explains.
[Text=`` CharacterOffsetBegin=137 CharacterOffsetEnd=138 PartOfSpeech=``] [Text=She CharacterOffsetBegin=138 CharacterOffsetEnd=141 PartOfSpeech=PRP] [Text=makes CharacterOffsetBegin=142 CharacterOffsetEnd=147 PartOfSpeech=VBZ] [Text=the CharacterOffsetBegin=148 CharacterOffsetEnd=151 PartOfSpeech=DT] [Text=sun CharacterOffsetBegin=152 CharacterOffsetEnd=155 PartOfSpeech=NN] [Text=shine CharacterOffsetBegin=156 CharacterOffsetEnd=161 PartOfSpeech=NN] [Text=, CharacterOffsetBegin=161 CharacterOffsetEnd=162 PartOfSpeech=,] [Text=even CharacterOffsetBegin=163 CharacterOffsetEnd=167 PartOfSpeech=RB] [Text=when CharacterOffsetBegin=168 CharacterOffsetEnd=172 PartOfSpeech=WRB] [Text=it CharacterOffsetBegin=173 CharacterOffsetEnd=175 PartOfSpeech=PRP] [Text='s CharacterOffsetBegin=175 CharacterOffsetEnd=177 PartOfSpeech=VBZ] [Text=raining CharacterOffsetBegin=178 CharacterOffsetEnd=185 PartOfSpeech=VBG] [Text=, CharacterOffsetBegin=185 CharacterOffsetEnd=186 PartOfSpeech=,] [Text='' CharacterOffsetBegin=186 CharacterOffsetEnd=187 PartOfSpeech=''] [Text=Mr. CharacterOffsetBegin=188 CharacterOffsetEnd=191 PartOfSpeech=NNP] [Text=Taylor CharacterOffsetBegin=192 CharacterOffsetEnd=198 PartOfSpeech=NNP] [Text=explains CharacterOffsetBegin=199 CharacterOffsetEnd=207 PartOfSpeech=VBZ] [Text=. CharacterOffsetBegin=207 CharacterOffsetEnd=208 PartOfSpeech=.] 
root(ROOT-0, explains-17)
punct(makes-3, ``-1)
nsubj(makes-3, She-2)
dep(explains-17, makes-3)
det(shine-6, the-4)
nn(shine-6, sun-5)
dobj(makes-3, shine-6)
punct(makes-3, ,-7)
advmod(when-9, even-8)
advmod(raining-12, when-9)
nsubj(raining-12, it-10)
aux(raining-12, 's-11)
advcl(makes-3, raining-12)
punct(makes-3, ,-13)
punct(makes-3, ''-14)
nn(Taylor-16, Mr.-15)
nsubj(explains-17, Taylor-16)
punct(explains-17, .-18)

Sentence #3 (17 tokens):
But, Mr. Taylor gets a lump in his throat whenever he gets near Ms. Shearer.
[Text=But CharacterOffsetBegin=213 CharacterOffsetEnd=216 PartOfSpeech=CC] [Text=, CharacterOffsetBegin=216 CharacterOffsetEnd=217 PartOfSpeech=,] [Text=Mr. CharacterOffsetBegin=218 CharacterOffsetEnd=221 PartOfSpeech=NNP] [Text=Taylor CharacterOffsetBegin=222 CharacterOffsetEnd=228 PartOfSpeech=NNP] [Text=gets CharacterOffsetBegin=229 CharacterOffsetEnd=233 PartOfSpeech=VBZ] [Text=a CharacterOffsetBegin=234 CharacterOffsetEnd=235 PartOfSpeech=DT] [Text=lump CharacterOffsetBegin=236 CharacterOffsetEnd=240 PartOfSpeech=NN] [Text=in CharacterOffsetBegin=241 CharacterOffsetEnd=243 PartOfSpeech=IN] [Text=his CharacterOffsetBegin=244 CharacterOffsetEnd=247 PartOfSpeech=PRP$] [Text=throat CharacterOffsetBegin=248 CharacterOffsetEnd=254 PartOfSpeech=NN] [Text=whenever CharacterOffsetBegin=255 CharacterOffsetEnd=263 PartOfSpeech=WRB] [Text=he CharacterOffsetBegin=264 CharacterOffsetEnd=266 PartOfSpeech=PRP] [Text=gets CharacterOffsetBegin=267 CharacterOffsetEnd=271 PartOfSpeech=VBZ] [Text=near CharacterOffsetBegin=272 CharacterOffsetEnd=276 PartOfSpeech=IN] [Text=Ms. CharacterOffsetBegin=277 CharacterOffsetEnd=280 PartOfSpeech=NNP] [Text=Shearer CharacterOffsetBegin=281 CharacterOffsetEnd=288 PartOfSpeech=NNP] [Text=. CharacterOffsetBegin=288 CharacterOffsetEnd=289 PartOfSpeech=.] 
root(ROOT-0, gets-5)
cc(gets-5, But-1)
punct(gets-5, ,-2)
nn(Taylor-4, Mr.-3)
nsubj(gets-5, Taylor-4)
det(lump-7, a-6)
dobj(gets-5, lump-7)
prep(gets-5, in-8)
poss(throat-10, his-9)
pobj(in-8, throat-10)
advmod(gets-13, whenever-11)
nsubj(gets-13, he-12)
advcl(gets-5, gets-13)
prep(gets-13, near-14)
nn(Shearer-16, Ms.-15)
pobj(near-14, Shearer-16)
punct(gets-5, .-17)

Sentence #4 (18 tokens):
Finally, at the Palm Beach casino Shearer frequents, Taylor proclaims "I love you!"
[Text=Finally CharacterOffsetBegin=294 CharacterOffsetEnd=301 PartOfSpeech=RB] [Text=, CharacterOffsetBegin=301 CharacterOffsetEnd=302 PartOfSpeech=,] [Text=at CharacterOffsetBegin=303 CharacterOffsetEnd=305 PartOfSpeech=IN] [Text=the CharacterOffsetBegin=306 CharacterOffsetEnd=309 PartOfSpeech=DT] [Text=Palm CharacterOffsetBegin=310 CharacterOffsetEnd=314 PartOfSpeech=NNP] [Text=Beach CharacterOffsetBegin=315 CharacterOffsetEnd=320 PartOfSpeech=NNP] [Text=casino CharacterOffsetBegin=321 CharacterOffsetEnd=327 PartOfSpeech=NN] [Text=Shearer CharacterOffsetBegin=328 CharacterOffsetEnd=335 PartOfSpeech=NNP] [Text=frequents CharacterOffsetBegin=336 CharacterOffsetEnd=345 PartOfSpeech=VBZ] [Text=, CharacterOffsetBegin=345 CharacterOffsetEnd=346 PartOfSpeech=,] [Text=Taylor CharacterOffsetBegin=347 CharacterOffsetEnd=353 PartOfSpeech=NNP] [Text=proclaims CharacterOffsetBegin=354 CharacterOffsetEnd=363 PartOfSpeech=VBZ] [Text=`` CharacterOffsetBegin=364 CharacterOffsetEnd=365 PartOfSpeech=``] [Text=I CharacterOffsetBegin=365 CharacterOffsetEnd=366 PartOfSpeech=PRP] [Text=love CharacterOffsetBegin=367 CharacterOffsetEnd=371 PartOfSpeech=VBP] [Text=you CharacterOffsetBegin=372 CharacterOffsetEnd=375 PartOfSpeech=PRP] [Text=! CharacterOffsetBegin=375 CharacterOffsetEnd=376 PartOfSpeech=.] [Text='' CharacterOffsetBegin=376 CharacterOffsetEnd=377 PartOfSpeech=''] 
root(ROOT-0, frequents-9)
advmod(frequents-9, Finally-1)
punct(frequents-9, ,-2)
prep(frequents-9, at-3)
det(Shearer-8, the-4)
nn(Shearer-8, Palm-5)
nn(Shearer-8, Beach-6)
nn(Shearer-8, casino-7)
pobj(at-3, Shearer-8)
punct(frequents-9, ,-10)
nsubj(proclaims-12, Taylor-11)
ccomp(frequents-9, proclaims-12)
punct(proclaims-12, ``-13)
nsubj(love-15, I-14)
ccomp(proclaims-12, love-15)
dobj(love-15, you-16)
punct(frequents-9, !-17)
punct(frequents-9, ''-18)

Sentence #5 (17 tokens):
Shearer brushes him off, as she is engaged to George Sanders (as Tony).
[Text=Shearer CharacterOffsetBegin=382 CharacterOffsetEnd=389 PartOfSpeech=NN] [Text=brushes CharacterOffsetBegin=390 CharacterOffsetEnd=397 PartOfSpeech=NNS] [Text=him CharacterOffsetBegin=398 CharacterOffsetEnd=401 PartOfSpeech=PRP] [Text=off CharacterOffsetBegin=402 CharacterOffsetEnd=405 PartOfSpeech=RP] [Text=, CharacterOffsetBegin=405 CharacterOffsetEnd=406 PartOfSpeech=,] [Text=as CharacterOffsetBegin=407 CharacterOffsetEnd=409 PartOfSpeech=IN] [Text=she CharacterOffsetBegin=410 CharacterOffsetEnd=413 PartOfSpeech=PRP] [Text=is CharacterOffsetBegin=414 CharacterOffsetEnd=416 PartOfSpeech=VBZ] [Text=engaged CharacterOffsetBegin=417 CharacterOffsetEnd=424 PartOfSpeech=VBN] [Text=to CharacterOffsetBegin=425 CharacterOffsetEnd=427 PartOfSpeech=TO] [Text=George CharacterOffsetBegin=428 CharacterOffsetEnd=434 PartOfSpeech=NNP] [Text=Sanders CharacterOffsetBegin=435 CharacterOffsetEnd=442 PartOfSpeech=NNP] [Text=-LRB- CharacterOffsetBegin=443 CharacterOffsetEnd=444 PartOfSpeech=-LRB-] [Text=as CharacterOffsetBegin=444 CharacterOffsetEnd=446 PartOfSpeech=IN] [Text=Tony CharacterOffsetBegin=447 CharacterOffsetEnd=451 PartOfSpeech=NNP] [Text=-RRB- CharacterOffsetBegin=451 CharacterOffsetEnd=452 PartOfSpeech=-RRB-] [Text=. CharacterOffsetBegin=452 CharacterOffsetEnd=453 PartOfSpeech=.] 
root(ROOT-0, brushes-2)
nn(brushes-2, Shearer-1)
dobj(brushes-2, him-3)
prt(brushes-2, off-4)
punct(brushes-2, ,-5)
mark(engaged-9, as-6)
nsubjpass(engaged-9, she-7)
auxpass(engaged-9, is-8)
dep(brushes-2, engaged-9)
prep(engaged-9, to-10)
nn(Sanders-12, George-11)
pobj(to-10, Sanders-12)
punct(as-14, -LRB--13)
prep(Sanders-12, as-14)
pobj(as-14, Tony-15)
punct(as-14, -RRB--16)
punct(brushes-2, .-17)

Sentence #6 (42 tokens):
However, to settle a gambling debt, Shearer hires Taylor to pose as "Her Cardboard Lover", to make Mr. Sanders jealous.This film's title invites the obvious and appropriate three-word review: "Her Cardboard Movie".
[Text=However CharacterOffsetBegin=458 CharacterOffsetEnd=465 PartOfSpeech=RB] [Text=, CharacterOffsetBegin=465 CharacterOffsetEnd=466 PartOfSpeech=,] [Text=to CharacterOffsetBegin=467 CharacterOffsetEnd=469 PartOfSpeech=TO] [Text=settle CharacterOffsetBegin=470 CharacterOffsetEnd=476 PartOfSpeech=VB] [Text=a CharacterOffsetBegin=477 CharacterOffsetEnd=478 PartOfSpeech=DT] [Text=gambling CharacterOffsetBegin=479 CharacterOffsetEnd=487 PartOfSpeech=VBG] [Text=debt CharacterOffsetBegin=488 CharacterOffsetEnd=492 PartOfSpeech=NN] [Text=, CharacterOffsetBegin=492 CharacterOffsetEnd=493 PartOfSpeech=,] [Text=Shearer CharacterOffsetBegin=494 CharacterOffsetEnd=501 PartOfSpeech=NNP] [Text=hires CharacterOffsetBegin=502 CharacterOffsetEnd=507 PartOfSpeech=VBZ] [Text=Taylor CharacterOffsetBegin=508 CharacterOffsetEnd=514 PartOfSpeech=NNP] [Text=to CharacterOffsetBegin=515 CharacterOffsetEnd=517 PartOfSpeech=TO] [Text=pose CharacterOffsetBegin=518 CharacterOffsetEnd=522 PartOfSpeech=VB] [Text=as CharacterOffsetBegin=523 CharacterOffsetEnd=525 PartOfSpeech=IN] [Text=`` CharacterOffsetBegin=526 CharacterOffsetEnd=527 PartOfSpeech=``] [Text=Her CharacterOffsetBegin=527 CharacterOffsetEnd=530 PartOfSpeech=PRP$] [Text=Cardboard CharacterOffsetBegin=531 CharacterOffsetEnd=540 PartOfSpeech=NNP] [Text=Lover CharacterOffsetBegin=541 CharacterOffsetEnd=546 PartOfSpeech=NNP] [Text='' CharacterOffsetBegin=546 CharacterOffsetEnd=547 PartOfSpeech=''] [Text=, CharacterOffsetBegin=547 CharacterOffsetEnd=548 PartOfSpeech=,] [Text=to CharacterOffsetBegin=549 CharacterOffsetEnd=551 PartOfSpeech=TO] [Text=make CharacterOffsetBegin=552 CharacterOffsetEnd=556 PartOfSpeech=VB] [Text=Mr. CharacterOffsetBegin=557 CharacterOffsetEnd=560 PartOfSpeech=NNP] [Text=Sanders CharacterOffsetBegin=561 CharacterOffsetEnd=568 PartOfSpeech=NNP] [Text=jealous.This CharacterOffsetBegin=569 CharacterOffsetEnd=581 PartOfSpeech=NNP] [Text=film CharacterOffsetBegin=582 CharacterOffsetEnd=586 PartOfSpeech=NN] [Text='s CharacterOffsetBegin=586 CharacterOffsetEnd=588 PartOfSpeech=POS] [Text=title CharacterOffsetBegin=589 CharacterOffsetEnd=594 PartOfSpeech=NN] [Text=invites CharacterOffsetBegin=595 CharacterOffsetEnd=602 PartOfSpeech=VBZ] [Text=the CharacterOffsetBegin=603 CharacterOffsetEnd=606 PartOfSpeech=DT] [Text=obvious CharacterOffsetBegin=607 CharacterOffsetEnd=614 PartOfSpeech=JJ] [Text=and CharacterOffsetBegin=615 CharacterOffsetEnd=618 PartOfSpeech=CC] [Text=appropriate CharacterOffsetBegin=619 CharacterOffsetEnd=630 PartOfSpeech=JJ] [Text=three-word CharacterOffsetBegin=631 CharacterOffsetEnd=641 PartOfSpeech=JJ] [Text=review CharacterOffsetBegin=642 CharacterOffsetEnd=648 PartOfSpeech=NN] [Text=: CharacterOffsetBegin=648 CharacterOffsetEnd=649 PartOfSpeech=:] [Text=`` CharacterOffsetBegin=650 CharacterOffsetEnd=651 PartOfSpeech=``] [Text=Her CharacterOffsetBegin=651 CharacterOffsetEnd=654 PartOfSpeech=PRP$] [Text=Cardboard CharacterOffsetBegin=655 CharacterOffsetEnd=664 PartOfSpeech=NN] [Text=Movie CharacterOffsetBegin=665 CharacterOffsetEnd=670 PartOfSpeech=NN] [Text='' CharacterOffsetBegin=670 CharacterOffsetEnd=671 PartOfSpeech=''] [Text=. CharacterOffsetBegin=671 CharacterOffsetEnd=672 PartOfSpeech=.] 
root(ROOT-0, hires-10)
advmod(hires-10, However-1)
punct(hires-10, ,-2)
aux(settle-4, to-3)
advcl(hires-10, settle-4)
det(debt-7, a-5)
amod(debt-7, gambling-6)
dobj(settle-4, debt-7)
punct(hires-10, ,-8)
nsubj(hires-10, Shearer-9)
nsubj(pose-13, Taylor-11)
aux(pose-13, to-12)
xcomp(hires-10, pose-13)
prep(pose-13, as-14)
punct(as-14, ``-15)
poss(Lover-18, Her-16)
nn(Lover-18, Cardboard-17)
pobj(as-14, Lover-18)
punct(Lover-18, ''-19)
punct(Lover-18, ,-20)
aux(make-22, to-21)
infmod(Lover-18, make-22)
nn(Sanders-24, Mr.-23)
nsubj(invites-29, Sanders-24)
nn(film-26, jealous.This-25)
poss(title-28, film-26)
possessive(film-26, 's-27)
nsubj(invites-29, title-28)
ccomp(make-22, invites-29)
det(review-35, the-30)
amod(review-35, obvious-31)
cc(obvious-31, and-32)
conj(obvious-31, appropriate-33)
amod(review-35, three-word-34)
dobj(invites-29, review-35)
punct(Lover-18, :-36)
punct(Lover-18, ``-37)
poss(Movie-40, Her-38)
nn(Movie-40, Cardboard-39)
dep(Lover-18, Movie-40)
punct(Movie-40, ''-41)
punct(hires-10, .-42)

Sentence #7 (43 tokens):
It is most notable as the last film appearance for Shearer, one of the biggest stars in the world from "He Who Gets Slapped" (1924, playing another Consuelo) to "The Women" (1939).
[Text=It CharacterOffsetBegin=677 CharacterOffsetEnd=679 PartOfSpeech=PRP] [Text=is CharacterOffsetBegin=680 CharacterOffsetEnd=682 PartOfSpeech=VBZ] [Text=most CharacterOffsetBegin=683 CharacterOffsetEnd=687 PartOfSpeech=RBS] [Text=notable CharacterOffsetBegin=688 CharacterOffsetEnd=695 PartOfSpeech=JJ] [Text=as CharacterOffsetBegin=696 CharacterOffsetEnd=698 PartOfSpeech=IN] [Text=the CharacterOffsetBegin=699 CharacterOffsetEnd=702 PartOfSpeech=DT] [Text=last CharacterOffsetBegin=703 CharacterOffsetEnd=707 PartOfSpeech=JJ] [Text=film CharacterOffsetBegin=708 CharacterOffsetEnd=712 PartOfSpeech=NN] [Text=appearance CharacterOffsetBegin=713 CharacterOffsetEnd=723 PartOfSpeech=NN] [Text=for CharacterOffsetBegin=724 CharacterOffsetEnd=727 PartOfSpeech=IN] [Text=Shearer CharacterOffsetBegin=728 CharacterOffsetEnd=735 PartOfSpeech=NNP] [Text=, CharacterOffsetBegin=735 CharacterOffsetEnd=736 PartOfSpeech=,] [Text=one CharacterOffsetBegin=737 CharacterOffsetEnd=740 PartOfSpeech=CD] [Text=of CharacterOffsetBegin=741 CharacterOffsetEnd=743 PartOfSpeech=IN] [Text=the CharacterOffsetBegin=744 CharacterOffsetEnd=747 PartOfSpeech=DT] [Text=biggest CharacterOffsetBegin=748 CharacterOffsetEnd=755 PartOfSpeech=JJS] [Text=stars CharacterOffsetBegin=756 CharacterOffsetEnd=761 PartOfSpeech=NNS] [Text=in CharacterOffsetBegin=762 CharacterOffsetEnd=764 PartOfSpeech=IN] [Text=the CharacterOffsetBegin=765 CharacterOffsetEnd=768 PartOfSpeech=DT] [Text=world CharacterOffsetBegin=769 CharacterOffsetEnd=774 PartOfSpeech=NN] [Text=from CharacterOffsetBegin=775 CharacterOffsetEnd=779 PartOfSpeech=IN] [Text=`` CharacterOffsetBegin=780 CharacterOffsetEnd=781 PartOfSpeech=``] [Text=He CharacterOffsetBegin=781 CharacterOffsetEnd=783 PartOfSpeech=PRP] [Text=Who CharacterOffsetBegin=784 CharacterOffsetEnd=787 PartOfSpeech=WP] [Text=Gets CharacterOffsetBegin=788 CharacterOffsetEnd=792 PartOfSpeech=VBZ] [Text=Slapped CharacterOffsetBegin=793 CharacterOffsetEnd=800 PartOfSpeech=NNP] [Text='' CharacterOffsetBegin=800 CharacterOffsetEnd=801 PartOfSpeech=''] [Text=-LRB- CharacterOffsetBegin=802 CharacterOffsetEnd=803 PartOfSpeech=-LRB-] [Text=1924 CharacterOffsetBegin=803 CharacterOffsetEnd=807 PartOfSpeech=CD] [Text=, CharacterOffsetBegin=807 CharacterOffsetEnd=808 PartOfSpeech=,] [Text=playing CharacterOffsetBegin=809 CharacterOffsetEnd=816 PartOfSpeech=VBG] [Text=another CharacterOffsetBegin=817 CharacterOffsetEnd=824 PartOfSpeech=DT] [Text=Consuelo CharacterOffsetBegin=825 CharacterOffsetEnd=833 PartOfSpeech=NNP] [Text=-RRB- CharacterOffsetBegin=833 CharacterOffsetEnd=834 PartOfSpeech=-RRB-] [Text=to CharacterOffsetBegin=835 CharacterOffsetEnd=837 PartOfSpeech=TO] [Text=`` CharacterOffsetBegin=838 CharacterOffsetEnd=839 PartOfSpeech=``] [Text=The CharacterOffsetBegin=839 CharacterOffsetEnd=842 PartOfSpeech=DT] [Text=Women CharacterOffsetBegin=843 CharacterOffsetEnd=848 PartOfSpeech=NNS] [Text='' CharacterOffsetBegin=848 CharacterOffsetEnd=849 PartOfSpeech=''] [Text=-LRB- CharacterOffsetBegin=850 CharacterOffsetEnd=851 PartOfSpeech=-LRB-] [Text=1939 CharacterOffsetBegin=851 CharacterOffsetEnd=855 PartOfSpeech=CD] [Text=-RRB- CharacterOffsetBegin=855 CharacterOffsetEnd=856 PartOfSpeech=-RRB-] [Text=. CharacterOffsetBegin=856 CharacterOffsetEnd=857 PartOfSpeech=.] 
root(ROOT-0, notable-4)
nsubj(notable-4, It-1)
cop(notable-4, is-2)
advmod(notable-4, most-3)
prep(notable-4, as-5)
det(appearance-9, the-6)
amod(appearance-9, last-7)
nn(appearance-9, film-8)
pobj(as-5, appearance-9)
prep(appearance-9, for-10)
pobj(for-10, Shearer-11)
punct(Shearer-11, ,-12)
nsubj(Women-38, one-13)
prep(one-13, of-14)
det(stars-17, the-15)
amod(stars-17, biggest-16)
pobj(of-14, stars-17)
prep(stars-17, in-18)
det(world-20, the-19)
pobj(in-18, world-20)
prep(one-13, from-21)
punct(1924-29, ``-22)
nsubj(1924-29, He-23)
dep(Gets-25, Who-24)
dep(1924-29, Gets-25)
nn(1924-29, Slapped-26)
punct(1924-29, ''-27)
punct(1924-29, -LRB--28)
pobj(from-21, 1924-29)
punct(1924-29, ,-30)
partmod(1924-29, playing-31)
det(Consuelo-33, another-32)
dobj(playing-31, Consuelo-33)
punct(1924-29, -RRB--34)
dep(Women-38, to-35)
punct(Women-38, ``-36)
det(Women-38, The-37)
rcmod(Shearer-11, Women-38)
punct(Women-38, ''-39)
punct(1939-41, -LRB--40)
dep(Women-38, 1939-41)
punct(1939-41, -RRB--42)
punct(notable-4, .-43)

Sentence #8 (19 tokens):
To be fair, this was likely the kind of Shearer film MGM believed audiences wanted to see.
[Text=To CharacterOffsetBegin=862 CharacterOffsetEnd=864 PartOfSpeech=TO] [Text=be CharacterOffsetBegin=865 CharacterOffsetEnd=867 PartOfSpeech=VB] [Text=fair CharacterOffsetBegin=868 CharacterOffsetEnd=872 PartOfSpeech=JJ] [Text=, CharacterOffsetBegin=872 CharacterOffsetEnd=873 PartOfSpeech=,] [Text=this CharacterOffsetBegin=874 CharacterOffsetEnd=878 PartOfSpeech=DT] [Text=was CharacterOffsetBegin=879 CharacterOffsetEnd=882 PartOfSpeech=VBD] [Text=likely CharacterOffsetBegin=883 CharacterOffsetEnd=889 PartOfSpeech=RB] [Text=the CharacterOffsetBegin=890 CharacterOffsetEnd=893 PartOfSpeech=DT] [Text=kind CharacterOffsetBegin=894 CharacterOffsetEnd=898 PartOfSpeech=NN] [Text=of CharacterOffsetBegin=899 CharacterOffsetEnd=901 PartOfSpeech=IN] [Text=Shearer CharacterOffsetBegin=902 CharacterOffsetEnd=909 PartOfSpeech=NNP] [Text=film CharacterOffsetBegin=910 CharacterOffsetEnd=914 PartOfSpeech=NN] [Text=MGM CharacterOffsetBegin=915 CharacterOffsetEnd=918 PartOfSpeech=NNP] [Text=believed CharacterOffsetBegin=919 CharacterOffsetEnd=927 PartOfSpeech=VBD] [Text=audiences CharacterOffsetBegin=928 CharacterOffsetEnd=937 PartOfSpeech=NNS] [Text=wanted CharacterOffsetBegin=938 CharacterOffsetEnd=944 PartOfSpeech=VBD] [Text=to CharacterOffsetBegin=945 CharacterOffsetEnd=947 PartOfSpeech=TO] [Text=see CharacterOffsetBegin=948 CharacterOffsetEnd=951 PartOfSpeech=VB] [Text=. CharacterOffsetBegin=951 CharacterOffsetEnd=952 PartOfSpeech=.] 
root(ROOT-0, believed-14)
aux(fair-3, To-1)
cop(fair-3, be-2)
advcl(kind-9, fair-3)
punct(kind-9, ,-4)
nsubj(kind-9, this-5)
cop(kind-9, was-6)
advmod(kind-9, likely-7)
det(kind-9, the-8)
nsubj(believed-14, kind-9)
prep(kind-9, of-10)
nn(MGM-13, Shearer-11)
nn(MGM-13, film-12)
pobj(of-10, MGM-13)
nsubj(wanted-16, audiences-15)
ccomp(believed-14, wanted-16)
aux(see-18, to-17)
xcomp(wanted-16, see-18)
punct(believed-14, .-19)

Sentence #9 (24 tokens):
However, the part is unflattering.Plucked and powered, Taylor and Shearer were better off in "The Escape" (1940).
[Text=However CharacterOffsetBegin=957 CharacterOffsetEnd=964 PartOfSpeech=RB] [Text=, CharacterOffsetBegin=964 CharacterOffsetEnd=965 PartOfSpeech=,] [Text=the CharacterOffsetBegin=966 CharacterOffsetEnd=969 PartOfSpeech=DT] [Text=part CharacterOffsetBegin=970 CharacterOffsetEnd=974 PartOfSpeech=NN] [Text=is CharacterOffsetBegin=975 CharacterOffsetEnd=977 PartOfSpeech=VBZ] [Text=unflattering.Plucked CharacterOffsetBegin=978 CharacterOffsetEnd=998 PartOfSpeech=JJ] [Text=and CharacterOffsetBegin=999 CharacterOffsetEnd=1002 PartOfSpeech=CC] [Text=powered CharacterOffsetBegin=1003 CharacterOffsetEnd=1010 PartOfSpeech=VBD] [Text=, CharacterOffsetBegin=1010 CharacterOffsetEnd=1011 PartOfSpeech=,] [Text=Taylor CharacterOffsetBegin=1012 CharacterOffsetEnd=1018 PartOfSpeech=NNP] [Text=and CharacterOffsetBegin=1019 CharacterOffsetEnd=1022 PartOfSpeech=CC] [Text=Shearer CharacterOffsetBegin=1023 CharacterOffsetEnd=1030 PartOfSpeech=NNP] [Text=were CharacterOffsetBegin=1031 CharacterOffsetEnd=1035 PartOfSpeech=VBD] [Text=better CharacterOffsetBegin=1036 CharacterOffsetEnd=1042 PartOfSpeech=JJR] [Text=off CharacterOffsetBegin=1043 CharacterOffsetEnd=1046 PartOfSpeech=RP] [Text=in CharacterOffsetBegin=1047 CharacterOffsetEnd=1049 PartOfSpeech=IN] [Text=`` CharacterOffsetBegin=1050 CharacterOffsetEnd=1051 PartOfSpeech=``] [Text=The CharacterOffsetBegin=1051 CharacterOffsetEnd=1054 PartOfSpeech=DT] [Text=Escape CharacterOffsetBegin=1055 CharacterOffsetEnd=1061 PartOfSpeech=NN] [Text='' CharacterOffsetBegin=1061 CharacterOffsetEnd=1062 PartOfSpeech=''] [Text=-LRB- CharacterOffsetBegin=1063 CharacterOffsetEnd=1064 PartOfSpeech=-LRB-] [Text=1940 CharacterOffsetBegin=1064 CharacterOffsetEnd=1068 PartOfSpeech=CD] [Text=-RRB- CharacterOffsetBegin=1068 CharacterOffsetEnd=1069 PartOfSpeech=-RRB-] [Text=. CharacterOffsetBegin=1069 CharacterOffsetEnd=1070 PartOfSpeech=.] 
root(ROOT-0, unflattering.Plucked-6)
advmod(unflattering.Plucked-6, However-1)
punct(unflattering.Plucked-6, ,-2)
det(part-4, the-3)
nsubj(unflattering.Plucked-6, part-4)
cop(unflattering.Plucked-6, is-5)
cc(unflattering.Plucked-6, and-7)
conj(unflattering.Plucked-6, powered-8)
punct(unflattering.Plucked-6, ,-9)
conj(unflattering.Plucked-6, Taylor-10)
cc(unflattering.Plucked-6, and-11)
nsubj(better-14, Shearer-12)
cop(better-14, were-13)
conj(unflattering.Plucked-6, better-14)
advmod(better-14, off-15)
prep(better-14, in-16)
punct(in-16, ``-17)
det(Escape-19, The-18)
pobj(in-16, Escape-19)
punct(unflattering.Plucked-6, ''-20)
punct(1940-22, -LRB--21)
dep(unflattering.Plucked-6, 1940-22)
punct(1940-22, -RRB--23)
punct(unflattering.Plucked-6, .-24)

Sentence #10 (34 tokens):
If Shearer had continued, she might have become a better actress than "leading lady"; apparently, she was no longer interested, and certainly didn't need the money.
[Text=If CharacterOffsetBegin=1075 CharacterOffsetEnd=1077 PartOfSpeech=IN] [Text=Shearer CharacterOffsetBegin=1078 CharacterOffsetEnd=1085 PartOfSpeech=NNP] [Text=had CharacterOffsetBegin=1086 CharacterOffsetEnd=1089 PartOfSpeech=VBD] [Text=continued CharacterOffsetBegin=1090 CharacterOffsetEnd=1099 PartOfSpeech=VBN] [Text=, CharacterOffsetBegin=1099 CharacterOffsetEnd=1100 PartOfSpeech=,] [Text=she CharacterOffsetBegin=1101 CharacterOffsetEnd=1104 PartOfSpeech=PRP] [Text=might CharacterOffsetBegin=1105 CharacterOffsetEnd=1110 PartOfSpeech=MD] [Text=have CharacterOffsetBegin=1111 CharacterOffsetEnd=1115 PartOfSpeech=VB] [Text=become CharacterOffsetBegin=1116 CharacterOffsetEnd=1122 PartOfSpeech=VBN] [Text=a CharacterOffsetBegin=1123 CharacterOffsetEnd=1124 PartOfSpeech=DT] [Text=better CharacterOffsetBegin=1125 CharacterOffsetEnd=1131 PartOfSpeech=JJR] [Text=actress CharacterOffsetBegin=1132 CharacterOffsetEnd=1139 PartOfSpeech=NN] [Text=than CharacterOffsetBegin=1140 CharacterOffsetEnd=1144 PartOfSpeech=IN] [Text=`` CharacterOffsetBegin=1145 CharacterOffsetEnd=1146 PartOfSpeech=``] [Text=leading CharacterOffsetBegin=1146 CharacterOffsetEnd=1153 PartOfSpeech=VBG] [Text=lady CharacterOffsetBegin=1154 CharacterOffsetEnd=1158 PartOfSpeech=NN] [Text='' CharacterOffsetBegin=1158 CharacterOffsetEnd=1159 PartOfSpeech=''] [Text=; CharacterOffsetBegin=1159 CharacterOffsetEnd=1160 PartOfSpeech=:] [Text=apparently CharacterOffsetBegin=1161 CharacterOffsetEnd=1171 PartOfSpeech=RB] [Text=, CharacterOffsetBegin=1171 CharacterOffsetEnd=1172 PartOfSpeech=,] [Text=she CharacterOffsetBegin=1173 CharacterOffsetEnd=1176 PartOfSpeech=PRP] [Text=was CharacterOffsetBegin=1177 CharacterOffsetEnd=1180 PartOfSpeech=VBD] [Text=no CharacterOffsetBegin=1181 CharacterOffsetEnd=1183 PartOfSpeech=RB] [Text=longer CharacterOffsetBegin=1184 CharacterOffsetEnd=1190 PartOfSpeech=RB] [Text=interested CharacterOffsetBegin=1191 CharacterOffsetEnd=1201 PartOfSpeech=JJ] [Text=, CharacterOffsetBegin=1201 CharacterOffsetEnd=1202 PartOfSpeech=,] [Text=and CharacterOffsetBegin=1203 CharacterOffsetEnd=1206 PartOfSpeech=CC] [Text=certainly CharacterOffsetBegin=1207 CharacterOffsetEnd=1216 PartOfSpeech=RB] [Text=did CharacterOffsetBegin=1217 CharacterOffsetEnd=1220 PartOfSpeech=VBD] [Text=n't CharacterOffsetBegin=1220 CharacterOffsetEnd=1223 PartOfSpeech=RB] [Text=need CharacterOffsetBegin=1224 CharacterOffsetEnd=1228 PartOfSpeech=VB] [Text=the CharacterOffsetBegin=1229 CharacterOffsetEnd=1232 PartOfSpeech=DT] [Text=money CharacterOffsetBegin=1233 CharacterOffsetEnd=1238 PartOfSpeech=NN] [Text=. CharacterOffsetBegin=1238 CharacterOffsetEnd=1239 PartOfSpeech=.] 
root(ROOT-0, actress-12)
mark(continued-4, If-1)
nsubj(continued-4, Shearer-2)
aux(continued-4, had-3)
advcl(actress-12, continued-4)
punct(actress-12, ,-5)
nsubj(actress-12, she-6)
aux(actress-12, might-7)
aux(actress-12, have-8)
cop(actress-12, become-9)
det(actress-12, a-10)
amod(actress-12, better-11)
prep(actress-12, than-13)
punct(lady-16, ``-14)
amod(lady-16, leading-15)
pobj(than-13, lady-16)
punct(lady-16, ''-17)
punct(actress-12, ;-18)
advmod(interested-25, apparently-19)
punct(interested-25, ,-20)
nsubj(interested-25, she-21)
cop(interested-25, was-22)
advmod(longer-24, no-23)
advmod(interested-25, longer-24)
parataxis(actress-12, interested-25)
punct(interested-25, ,-26)
cc(interested-25, and-27)
advmod(need-31, certainly-28)
aux(need-31, did-29)
neg(need-31, n't-30)
conj(interested-25, need-31)
det(money-33, the-32)
dobj(need-31, money-33)
punct(actress-12, .-34)

Sentence #11 (34 tokens):
Taylor has a great scene, reciting Christina Rossetti's "When I am Dead, My Dearest" while threatening to jump from Shearer's balcony, as directed by George Cukor.
[Text=Taylor CharacterOffsetBegin=1244 CharacterOffsetEnd=1250 PartOfSpeech=NNP] [Text=has CharacterOffsetBegin=1251 CharacterOffsetEnd=1254 PartOfSpeech=VBZ] [Text=a CharacterOffsetBegin=1255 CharacterOffsetEnd=1256 PartOfSpeech=DT] [Text=great CharacterOffsetBegin=1257 CharacterOffsetEnd=1262 PartOfSpeech=JJ] [Text=scene CharacterOffsetBegin=1263 CharacterOffsetEnd=1268 PartOfSpeech=NN] [Text=, CharacterOffsetBegin=1268 CharacterOffsetEnd=1269 PartOfSpeech=,] [Text=reciting CharacterOffsetBegin=1270 CharacterOffsetEnd=1278 PartOfSpeech=VBG] [Text=Christina CharacterOffsetBegin=1279 CharacterOffsetEnd=1288 PartOfSpeech=NNP] [Text=Rossetti CharacterOffsetBegin=1289 CharacterOffsetEnd=1297 PartOfSpeech=NNP] [Text='s CharacterOffsetBegin=1297 CharacterOffsetEnd=1299 PartOfSpeech=POS] [Text=`` CharacterOffsetBegin=1300 CharacterOffsetEnd=1301 PartOfSpeech=``] [Text=When CharacterOffsetBegin=1301 CharacterOffsetEnd=1305 PartOfSpeech=WRB] [Text=I CharacterOffsetBegin=1306 CharacterOffsetEnd=1307 PartOfSpeech=PRP] [Text=am CharacterOffsetBegin=1308 CharacterOffsetEnd=1310 PartOfSpeech=VBP] [Text=Dead CharacterOffsetBegin=1311 CharacterOffsetEnd=1315 PartOfSpeech=JJ] [Text=, CharacterOffsetBegin=1315 CharacterOffsetEnd=1316 PartOfSpeech=,] [Text=My CharacterOffsetBegin=1317 CharacterOffsetEnd=1319 PartOfSpeech=PRP$] [Text=Dearest CharacterOffsetBegin=1320 CharacterOffsetEnd=1327 PartOfSpeech=JJ] [Text='' CharacterOffsetBegin=1327 CharacterOffsetEnd=1328 PartOfSpeech=''] [Text=while CharacterOffsetBegin=1329 CharacterOffsetEnd=1334 PartOfSpeech=IN] [Text=threatening CharacterOffsetBegin=1335 CharacterOffsetEnd=1346 PartOfSpeech=VBG] [Text=to CharacterOffsetBegin=1347 CharacterOffsetEnd=1349 PartOfSpeech=TO] [Text=jump CharacterOffsetBegin=1350 CharacterOffsetEnd=1354 PartOfSpeech=VB] [Text=from CharacterOffsetBegin=1355 CharacterOffsetEnd=1359 PartOfSpeech=IN] [Text=Shearer CharacterOffsetBegin=1360 CharacterOffsetEnd=1367 PartOfSpeech=NNP] [Text='s CharacterOffsetBegin=1367 CharacterOffsetEnd=1369 PartOfSpeech=POS] [Text=balcony CharacterOffsetBegin=1370 CharacterOffsetEnd=1377 PartOfSpeech=NN] [Text=, CharacterOffsetBegin=1377 CharacterOffsetEnd=1378 PartOfSpeech=,] [Text=as CharacterOffsetBegin=1379 CharacterOffsetEnd=1381 PartOfSpeech=IN] [Text=directed CharacterOffsetBegin=1382 CharacterOffsetEnd=1390 PartOfSpeech=VBN] [Text=by CharacterOffsetBegin=1391 CharacterOffsetEnd=1393 PartOfSpeech=IN] [Text=George CharacterOffsetBegin=1394 CharacterOffsetEnd=1400 PartOfSpeech=NNP] [Text=Cukor CharacterOffsetBegin=1401 CharacterOffsetEnd=1406 PartOfSpeech=NNP] [Text=. CharacterOffsetBegin=1406 CharacterOffsetEnd=1407 PartOfSpeech=.] 
root(ROOT-0, has-2)
nsubj(has-2, Taylor-1)
det(scene-5, a-3)
amod(scene-5, great-4)
dobj(has-2, scene-5)
punct(has-2, ,-6)
conj(has-2, reciting-7)
nn(Rossetti-9, Christina-8)
dep(reciting-7, Rossetti-9)
possessive(Rossetti-9, 's-10)
punct(Rossetti-9, ``-11)
advmod(Dead-15, When-12)
nsubj(Dead-15, I-13)
cop(Dead-15, am-14)
dep(``-11, Dead-15)
dep(Dead-15, ,-16)
poss(Dearest-18, My-17)
dep(,-16, Dearest-18)
punct(Dearest-18, ''-19)
mark(threatening-21, while-20)
dep(Dearest-18, threatening-21)
aux(jump-23, to-22)
xcomp(threatening-21, jump-23)
prep(jump-23, from-24)
poss(balcony-27, Shearer-25)
possessive(Shearer-25, 's-26)
pobj(from-24, balcony-27)
punct(Dearest-18, ,-28)
mark(directed-30, as-29)
dep(Dearest-18, directed-30)
prep(directed-30, by-31)
nn(Cukor-33, George-32)
pobj(by-31, Cukor-33)
punct(Dearest-18, .-34)

Sentence #12 (18 tokens):
**** Her Cardboard Lover (6/42) George Cukor ~ Norma Shearer, Robert Taylor, George Sanders
[Text=**** CharacterOffsetBegin=1407 CharacterOffsetEnd=1411 PartOfSpeech=CD] [Text=Her CharacterOffsetBegin=1412 CharacterOffsetEnd=1415 PartOfSpeech=PRP$] [Text=Cardboard CharacterOffsetBegin=1416 CharacterOffsetEnd=1425 PartOfSpeech=NN] [Text=Lover CharacterOffsetBegin=1426 CharacterOffsetEnd=1431 PartOfSpeech=NN] [Text=-LRB- CharacterOffsetBegin=1432 CharacterOffsetEnd=1433 PartOfSpeech=-LRB-] [Text=6/42 CharacterOffsetBegin=1433 CharacterOffsetEnd=1437 PartOfSpeech=CD] [Text=-RRB- CharacterOffsetBegin=1437 CharacterOffsetEnd=1438 PartOfSpeech=-RRB-] [Text=George CharacterOffsetBegin=1439 CharacterOffsetEnd=1445 PartOfSpeech=NNP] [Text=Cukor CharacterOffsetBegin=1446 CharacterOffsetEnd=1451 PartOfSpeech=NNP] [Text=~ CharacterOffsetBegin=1452 CharacterOffsetEnd=1453 PartOfSpeech=NNP] [Text=Norma CharacterOffsetBegin=1454 CharacterOffsetEnd=1459 PartOfSpeech=NNP] [Text=Shearer CharacterOffsetBegin=1460 CharacterOffsetEnd=1467 PartOfSpeech=NNP] [Text=, CharacterOffsetBegin=1467 CharacterOffsetEnd=1468 PartOfSpeech=,] [Text=Robert CharacterOffsetBegin=1469 CharacterOffsetEnd=1475 PartOfSpeech=NNP] [Text=Taylor CharacterOffsetBegin=1476 CharacterOffsetEnd=1482 PartOfSpeech=NNP] [Text=, CharacterOffsetBegin=1482 CharacterOffsetEnd=1483 PartOfSpeech=,] [Text=George CharacterOffsetBegin=1484 CharacterOffsetEnd=1490 PartOfSpeech=NNP] [Text=Sanders CharacterOffsetBegin=1491 CharacterOffsetEnd=1498 PartOfSpeech=NNP] 
root(ROOT-0, Shearer-12)
num(Shearer-12, ****-1)
poss(Shearer-12, Her-2)
nn(Shearer-12, Cardboard-3)
nn(Shearer-12, Lover-4)
punct(6/42-6, -LRB--5)
dep(Shearer-12, 6/42-6)
punct(6/42-6, -RRB--7)
nn(Shearer-12, George-8)
nn(Shearer-12, Cukor-9)
nn(Shearer-12, ~-10)
nn(Shearer-12, Norma-11)
punct(Shearer-12, ,-13)
nn(Taylor-15, Robert-14)
appos(Shearer-12, Taylor-15)
punct(Shearer-12, ,-16)
nn(Sanders-18, George-17)
appos(Shearer-12, Sanders-18)

