Sentence #1 (29 tokens):
To make a film straddling the prequels and the "real" Star Wars trilogy would tax even a great film-maker....Mr Lucas is not that film-maker.
[Text=To CharacterOffsetBegin=4 CharacterOffsetEnd=6 PartOfSpeech=TO] [Text=make CharacterOffsetBegin=7 CharacterOffsetEnd=11 PartOfSpeech=VB] [Text=a CharacterOffsetBegin=12 CharacterOffsetEnd=13 PartOfSpeech=DT] [Text=film CharacterOffsetBegin=14 CharacterOffsetEnd=18 PartOfSpeech=NN] [Text=straddling CharacterOffsetBegin=19 CharacterOffsetEnd=29 PartOfSpeech=VBG] [Text=the CharacterOffsetBegin=30 CharacterOffsetEnd=33 PartOfSpeech=DT] [Text=prequels CharacterOffsetBegin=34 CharacterOffsetEnd=42 PartOfSpeech=NNS] [Text=and CharacterOffsetBegin=43 CharacterOffsetEnd=46 PartOfSpeech=CC] [Text=the CharacterOffsetBegin=47 CharacterOffsetEnd=50 PartOfSpeech=DT] [Text=`` CharacterOffsetBegin=51 CharacterOffsetEnd=52 PartOfSpeech=``] [Text=real CharacterOffsetBegin=52 CharacterOffsetEnd=56 PartOfSpeech=JJ] [Text='' CharacterOffsetBegin=56 CharacterOffsetEnd=57 PartOfSpeech=''] [Text=Star CharacterOffsetBegin=58 CharacterOffsetEnd=62 PartOfSpeech=NNP] [Text=Wars CharacterOffsetBegin=63 CharacterOffsetEnd=67 PartOfSpeech=NNP] [Text=trilogy CharacterOffsetBegin=68 CharacterOffsetEnd=75 PartOfSpeech=NN] [Text=would CharacterOffsetBegin=76 CharacterOffsetEnd=81 PartOfSpeech=MD] [Text=tax CharacterOffsetBegin=82 CharacterOffsetEnd=85 PartOfSpeech=VB] [Text=even CharacterOffsetBegin=86 CharacterOffsetEnd=90 PartOfSpeech=RB] [Text=a CharacterOffsetBegin=91 CharacterOffsetEnd=92 PartOfSpeech=DT] [Text=great CharacterOffsetBegin=93 CharacterOffsetEnd=98 PartOfSpeech=JJ] [Text=film-maker CharacterOffsetBegin=99 CharacterOffsetEnd=109 PartOfSpeech=NN] [Text=... CharacterOffsetBegin=109 CharacterOffsetEnd=113 PartOfSpeech=:] [Text=Mr CharacterOffsetBegin=113 CharacterOffsetEnd=115 PartOfSpeech=NNP] [Text=Lucas CharacterOffsetBegin=116 CharacterOffsetEnd=121 PartOfSpeech=NNP] [Text=is CharacterOffsetBegin=122 CharacterOffsetEnd=124 PartOfSpeech=VBZ] [Text=not CharacterOffsetBegin=125 CharacterOffsetEnd=128 PartOfSpeech=RB] [Text=that CharacterOffsetBegin=129 CharacterOffsetEnd=133 PartOfSpeech=IN] [Text=film-maker CharacterOffsetBegin=134 CharacterOffsetEnd=144 PartOfSpeech=NN] [Text=. CharacterOffsetBegin=144 CharacterOffsetEnd=145 PartOfSpeech=.] 
root(ROOT-0, tax-17)
aux(make-2, To-1)
csubj(tax-17, make-2)
det(film-4, a-3)
dobj(make-2, film-4)
partmod(film-4, straddling-5)
det(prequels-7, the-6)
dobj(straddling-5, prequels-7)
cc(prequels-7, and-8)
det(trilogy-15, the-9)
punct(trilogy-15, ``-10)
amod(trilogy-15, real-11)
punct(trilogy-15, ''-12)
nn(trilogy-15, Star-13)
nn(trilogy-15, Wars-14)
conj(prequels-7, trilogy-15)
aux(tax-17, would-16)
advmod(film-maker-21, even-18)
det(film-maker-21, a-19)
amod(film-maker-21, great-20)
dobj(tax-17, film-maker-21)
punct(tax-17, ...-22)
nn(Lucas-24, Mr-23)
nsubj(film-maker-28, Lucas-24)
cop(film-maker-28, is-25)
neg(film-maker-28, not-26)
dep(film-maker-28, that-27)
parataxis(tax-17, film-maker-28)
punct(tax-17, .-29)

Sentence #2 (82 tokens):
To portray the fall of a good man into darkness needs a good actor...Mr Christensen is not that actor.The first 60-80 minutes are overwhelmingly boring with only a few pockets of yet more light sabre fights but there is a lack of edge because you already know which main characters survive to the original Star Wars.Count Dooku (Christopher Lee) has a very fleeting role here and about the best idea is to have Jar Jar Binks silent!
[Text=To CharacterOffsetBegin=145 CharacterOffsetEnd=147 PartOfSpeech=TO] [Text=portray CharacterOffsetBegin=148 CharacterOffsetEnd=155 PartOfSpeech=VB] [Text=the CharacterOffsetBegin=156 CharacterOffsetEnd=159 PartOfSpeech=DT] [Text=fall CharacterOffsetBegin=160 CharacterOffsetEnd=164 PartOfSpeech=NN] [Text=of CharacterOffsetBegin=165 CharacterOffsetEnd=167 PartOfSpeech=IN] [Text=a CharacterOffsetBegin=168 CharacterOffsetEnd=169 PartOfSpeech=DT] [Text=good CharacterOffsetBegin=170 CharacterOffsetEnd=174 PartOfSpeech=JJ] [Text=man CharacterOffsetBegin=175 CharacterOffsetEnd=178 PartOfSpeech=NN] [Text=into CharacterOffsetBegin=179 CharacterOffsetEnd=183 PartOfSpeech=IN] [Text=darkness CharacterOffsetBegin=184 CharacterOffsetEnd=192 PartOfSpeech=NN] [Text=needs CharacterOffsetBegin=193 CharacterOffsetEnd=198 PartOfSpeech=VBZ] [Text=a CharacterOffsetBegin=199 CharacterOffsetEnd=200 PartOfSpeech=DT] [Text=good CharacterOffsetBegin=201 CharacterOffsetEnd=205 PartOfSpeech=JJ] [Text=actor CharacterOffsetBegin=206 CharacterOffsetEnd=211 PartOfSpeech=NN] [Text=... CharacterOffsetBegin=211 CharacterOffsetEnd=214 PartOfSpeech=:] [Text=Mr CharacterOffsetBegin=214 CharacterOffsetEnd=216 PartOfSpeech=NNP] [Text=Christensen CharacterOffsetBegin=217 CharacterOffsetEnd=228 PartOfSpeech=NNP] [Text=is CharacterOffsetBegin=229 CharacterOffsetEnd=231 PartOfSpeech=VBZ] [Text=not CharacterOffsetBegin=232 CharacterOffsetEnd=235 PartOfSpeech=RB] [Text=that CharacterOffsetBegin=236 CharacterOffsetEnd=240 PartOfSpeech=IN] [Text=actor.The CharacterOffsetBegin=241 CharacterOffsetEnd=250 PartOfSpeech=NN] [Text=first CharacterOffsetBegin=251 CharacterOffsetEnd=256 PartOfSpeech=JJ] [Text=60-80 CharacterOffsetBegin=257 CharacterOffsetEnd=262 PartOfSpeech=JJ] [Text=minutes CharacterOffsetBegin=263 CharacterOffsetEnd=270 PartOfSpeech=NNS] [Text=are CharacterOffsetBegin=271 CharacterOffsetEnd=274 PartOfSpeech=VBP] [Text=overwhelmingly CharacterOffsetBegin=275 CharacterOffsetEnd=289 PartOfSpeech=RB] [Text=boring CharacterOffsetBegin=290 CharacterOffsetEnd=296 PartOfSpeech=JJ] [Text=with CharacterOffsetBegin=297 CharacterOffsetEnd=301 PartOfSpeech=IN] [Text=only CharacterOffsetBegin=302 CharacterOffsetEnd=306 PartOfSpeech=RB] [Text=a CharacterOffsetBegin=307 CharacterOffsetEnd=308 PartOfSpeech=DT] [Text=few CharacterOffsetBegin=309 CharacterOffsetEnd=312 PartOfSpeech=JJ] [Text=pockets CharacterOffsetBegin=313 CharacterOffsetEnd=320 PartOfSpeech=NNS] [Text=of CharacterOffsetBegin=321 CharacterOffsetEnd=323 PartOfSpeech=IN] [Text=yet CharacterOffsetBegin=324 CharacterOffsetEnd=327 PartOfSpeech=RB] [Text=more CharacterOffsetBegin=328 CharacterOffsetEnd=332 PartOfSpeech=JJR] [Text=light CharacterOffsetBegin=333 CharacterOffsetEnd=338 PartOfSpeech=JJ] [Text=sabre CharacterOffsetBegin=339 CharacterOffsetEnd=344 PartOfSpeech=NN] [Text=fights CharacterOffsetBegin=345 CharacterOffsetEnd=351 PartOfSpeech=NNS] [Text=but CharacterOffsetBegin=352 CharacterOffsetEnd=355 PartOfSpeech=CC] [Text=there CharacterOffsetBegin=356 CharacterOffsetEnd=361 PartOfSpeech=EX] [Text=is CharacterOffsetBegin=362 CharacterOffsetEnd=364 PartOfSpeech=VBZ] [Text=a CharacterOffsetBegin=365 CharacterOffsetEnd=366 PartOfSpeech=DT] [Text=lack CharacterOffsetBegin=367 CharacterOffsetEnd=371 PartOfSpeech=NN] [Text=of CharacterOffsetBegin=372 CharacterOffsetEnd=374 PartOfSpeech=IN] [Text=edge CharacterOffsetBegin=375 CharacterOffsetEnd=379 PartOfSpeech=NN] [Text=because CharacterOffsetBegin=380 CharacterOffsetEnd=387 PartOfSpeech=IN] [Text=you CharacterOffsetBegin=388 CharacterOffsetEnd=391 PartOfSpeech=PRP] [Text=already CharacterOffsetBegin=392 CharacterOffsetEnd=399 PartOfSpeech=RB] [Text=know CharacterOffsetBegin=400 CharacterOffsetEnd=404 PartOfSpeech=VBP] [Text=which CharacterOffsetBegin=405 CharacterOffsetEnd=410 PartOfSpeech=WDT] [Text=main CharacterOffsetBegin=411 CharacterOffsetEnd=415 PartOfSpeech=JJ] [Text=characters CharacterOffsetBegin=416 CharacterOffsetEnd=426 PartOfSpeech=NNS] [Text=survive CharacterOffsetBegin=427 CharacterOffsetEnd=434 PartOfSpeech=VBP] [Text=to CharacterOffsetBegin=435 CharacterOffsetEnd=437 PartOfSpeech=TO] [Text=the CharacterOffsetBegin=438 CharacterOffsetEnd=441 PartOfSpeech=DT] [Text=original CharacterOffsetBegin=442 CharacterOffsetEnd=450 PartOfSpeech=JJ] [Text=Star CharacterOffsetBegin=451 CharacterOffsetEnd=455 PartOfSpeech=NNP] [Text=Wars.Count CharacterOffsetBegin=456 CharacterOffsetEnd=466 PartOfSpeech=NNP] [Text=Dooku CharacterOffsetBegin=467 CharacterOffsetEnd=472 PartOfSpeech=NNP] [Text=-LRB- CharacterOffsetBegin=473 CharacterOffsetEnd=474 PartOfSpeech=-LRB-] [Text=Christopher CharacterOffsetBegin=474 CharacterOffsetEnd=485 PartOfSpeech=NNP] [Text=Lee CharacterOffsetBegin=486 CharacterOffsetEnd=489 PartOfSpeech=NNP] [Text=-RRB- CharacterOffsetBegin=489 CharacterOffsetEnd=490 PartOfSpeech=-RRB-] [Text=has CharacterOffsetBegin=491 CharacterOffsetEnd=494 PartOfSpeech=VBZ] [Text=a CharacterOffsetBegin=495 CharacterOffsetEnd=496 PartOfSpeech=DT] [Text=very CharacterOffsetBegin=497 CharacterOffsetEnd=501 PartOfSpeech=RB] [Text=fleeting CharacterOffsetBegin=502 CharacterOffsetEnd=510 PartOfSpeech=JJ] [Text=role CharacterOffsetBegin=511 CharacterOffsetEnd=515 PartOfSpeech=NN] [Text=here CharacterOffsetBegin=516 CharacterOffsetEnd=520 PartOfSpeech=RB] [Text=and CharacterOffsetBegin=521 CharacterOffsetEnd=524 PartOfSpeech=CC] [Text=about CharacterOffsetBegin=525 CharacterOffsetEnd=530 PartOfSpeech=IN] [Text=the CharacterOffsetBegin=531 CharacterOffsetEnd=534 PartOfSpeech=DT] [Text=best CharacterOffsetBegin=535 CharacterOffsetEnd=539 PartOfSpeech=JJS] [Text=idea CharacterOffsetBegin=540 CharacterOffsetEnd=544 PartOfSpeech=NN] [Text=is CharacterOffsetBegin=545 CharacterOffsetEnd=547 PartOfSpeech=VBZ] [Text=to CharacterOffsetBegin=548 CharacterOffsetEnd=550 PartOfSpeech=TO] [Text=have CharacterOffsetBegin=551 CharacterOffsetEnd=555 PartOfSpeech=VB] [Text=Jar CharacterOffsetBegin=556 CharacterOffsetEnd=559 PartOfSpeech=NNP] [Text=Jar CharacterOffsetBegin=560 CharacterOffsetEnd=563 PartOfSpeech=NNP] [Text=Binks CharacterOffsetBegin=564 CharacterOffsetEnd=569 PartOfSpeech=NNP] [Text=silent CharacterOffsetBegin=570 CharacterOffsetEnd=576 PartOfSpeech=JJ] [Text=! CharacterOffsetBegin=576 CharacterOffsetEnd=577 PartOfSpeech=.] 
root(ROOT-0, portray-2)
aux(portray-2, To-1)
det(fall-4, the-3)
dobj(portray-2, fall-4)
prep(fall-4, of-5)
det(man-8, a-6)
amod(man-8, good-7)
pobj(of-5, man-8)
mark(needs-11, into-9)
nsubj(needs-11, darkness-10)
ccomp(portray-2, needs-11)
det(actor-14, a-12)
amod(actor-14, good-13)
dobj(needs-11, actor-14)
punct(portray-2, ...-15)
nn(Christensen-17, Mr-16)
dep(portray-2, Christensen-17)
dep(Christensen-17, is-18)
dep(is-18, not-19)
mark(boring-27, that-20)
amod(minutes-24, actor.The-21)
amod(minutes-24, first-22)
amod(minutes-24, 60-80-23)
nsubj(boring-27, minutes-24)
cop(boring-27, are-25)
advmod(boring-27, overwhelmingly-26)
dep(not-19, boring-27)
prep(boring-27, with-28)
advmod(pockets-32, only-29)
det(pockets-32, a-30)
amod(pockets-32, few-31)
pobj(with-28, pockets-32)
prep(pockets-32, of-33)
advmod(more-35, yet-34)
amod(fights-38, more-35)
amod(fights-38, light-36)
nn(fights-38, sabre-37)
pobj(of-33, fights-38)
cc(boring-27, but-39)
expl(is-41, there-40)
conj(boring-27, is-41)
det(lack-43, a-42)
nsubj(is-41, lack-43)
prep(lack-43, of-44)
pobj(of-44, edge-45)
mark(know-49, because-46)
nsubj(know-49, you-47)
advmod(know-49, already-48)
advcl(is-41, know-49)
det(characters-52, which-50)
amod(characters-52, main-51)
nsubj(survive-53, characters-52)
ccomp(know-49, survive-53)
prep(survive-53, to-54)
pobj(to-54, the-55)
amod(the-55, original-56)
dep(original-56, Star-57)
nsubj(is-75, Wars.Count-58)
nsubj(has-64, Dooku-59)
punct(Lee-62, -LRB--60)
nn(Lee-62, Christopher-61)
appos(Dooku-59, Lee-62)
punct(Lee-62, -RRB--63)
rcmod(Wars.Count-58, has-64)
det(role-68, a-65)
advmod(fleeting-67, very-66)
amod(role-68, fleeting-67)
dobj(has-64, role-68)
advmod(role-68, here-69)
cc(has-64, and-70)
conj(has-64, about-71)
det(idea-74, the-72)
amod(idea-74, best-73)
pobj(about-71, idea-74)
rcmod(Star-57, is-75)
aux(have-77, to-76)
xcomp(is-75, have-77)
nn(silent-81, Jar-78)
nn(silent-81, Jar-79)
nn(silent-81, Binks-80)
dobj(have-77, silent-81)
punct(portray-2, !-82)

Sentence #3 (25 tokens):
No the film only picks up with the Chancellor turning on the Jedi and has one great (overlong) sequence at the lava falls
[Text=No CharacterOffsetBegin=582 CharacterOffsetEnd=584 PartOfSpeech=DT] [Text=the CharacterOffsetBegin=585 CharacterOffsetEnd=588 PartOfSpeech=DT] [Text=film CharacterOffsetBegin=589 CharacterOffsetEnd=593 PartOfSpeech=NN] [Text=only CharacterOffsetBegin=594 CharacterOffsetEnd=598 PartOfSpeech=RB] [Text=picks CharacterOffsetBegin=599 CharacterOffsetEnd=604 PartOfSpeech=VBZ] [Text=up CharacterOffsetBegin=605 CharacterOffsetEnd=607 PartOfSpeech=RP] [Text=with CharacterOffsetBegin=608 CharacterOffsetEnd=612 PartOfSpeech=IN] [Text=the CharacterOffsetBegin=613 CharacterOffsetEnd=616 PartOfSpeech=DT] [Text=Chancellor CharacterOffsetBegin=617 CharacterOffsetEnd=627 PartOfSpeech=NNP] [Text=turning CharacterOffsetBegin=628 CharacterOffsetEnd=635 PartOfSpeech=VBG] [Text=on CharacterOffsetBegin=636 CharacterOffsetEnd=638 PartOfSpeech=IN] [Text=the CharacterOffsetBegin=639 CharacterOffsetEnd=642 PartOfSpeech=DT] [Text=Jedi CharacterOffsetBegin=643 CharacterOffsetEnd=647 PartOfSpeech=NNP] [Text=and CharacterOffsetBegin=648 CharacterOffsetEnd=651 PartOfSpeech=CC] [Text=has CharacterOffsetBegin=652 CharacterOffsetEnd=655 PartOfSpeech=VBZ] [Text=one CharacterOffsetBegin=656 CharacterOffsetEnd=659 PartOfSpeech=CD] [Text=great CharacterOffsetBegin=660 CharacterOffsetEnd=665 PartOfSpeech=JJ] [Text=-LRB- CharacterOffsetBegin=666 CharacterOffsetEnd=667 PartOfSpeech=-LRB-] [Text=overlong CharacterOffsetBegin=667 CharacterOffsetEnd=675 PartOfSpeech=JJ] [Text=-RRB- CharacterOffsetBegin=675 CharacterOffsetEnd=676 PartOfSpeech=-RRB-] [Text=sequence CharacterOffsetBegin=677 CharacterOffsetEnd=685 PartOfSpeech=NN] [Text=at CharacterOffsetBegin=686 CharacterOffsetEnd=688 PartOfSpeech=IN] [Text=the CharacterOffsetBegin=689 CharacterOffsetEnd=692 PartOfSpeech=DT] [Text=lava CharacterOffsetBegin=693 CharacterOffsetEnd=697 PartOfSpeech=NN] [Text=falls CharacterOffsetBegin=698 CharacterOffsetEnd=703 PartOfSpeech=VBZ] 
root(ROOT-0, picks-5)
det(film-3, No-1)
det(film-3, the-2)
nsubj(picks-5, film-3)
advmod(picks-5, only-4)
prt(picks-5, up-6)
prep(picks-5, with-7)
det(Chancellor-9, the-8)
nsubj(turning-10, Chancellor-9)
pcomp(with-7, turning-10)
prep(turning-10, on-11)
det(Jedi-13, the-12)
pobj(on-11, Jedi-13)
cc(picks-5, and-14)
conj(picks-5, has-15)
num(sequence-21, one-16)
amod(sequence-21, great-17)
punct(overlong-19, -LRB--18)
dep(sequence-21, overlong-19)
punct(overlong-19, -RRB--20)
dobj(has-15, sequence-21)
prep(sequence-21, at-22)
det(lava-24, the-23)
pobj(at-22, lava-24)
dep(picks-5, falls-25)

