Sentence #1 (38 tokens):
Just when you thought it was safe to go back into the water...Another computer generated mutant croc on the prowl for human lunchmeat, let loose by another one of those facilities conducting mad science.
[Text=Just CharacterOffsetBegin=4 CharacterOffsetEnd=8 PartOfSpeech=RB] [Text=when CharacterOffsetBegin=9 CharacterOffsetEnd=13 PartOfSpeech=WRB] [Text=you CharacterOffsetBegin=14 CharacterOffsetEnd=17 PartOfSpeech=PRP] [Text=thought CharacterOffsetBegin=18 CharacterOffsetEnd=25 PartOfSpeech=VBD] [Text=it CharacterOffsetBegin=26 CharacterOffsetEnd=28 PartOfSpeech=PRP] [Text=was CharacterOffsetBegin=29 CharacterOffsetEnd=32 PartOfSpeech=VBD] [Text=safe CharacterOffsetBegin=33 CharacterOffsetEnd=37 PartOfSpeech=JJ] [Text=to CharacterOffsetBegin=38 CharacterOffsetEnd=40 PartOfSpeech=TO] [Text=go CharacterOffsetBegin=41 CharacterOffsetEnd=43 PartOfSpeech=VB] [Text=back CharacterOffsetBegin=44 CharacterOffsetEnd=48 PartOfSpeech=RB] [Text=into CharacterOffsetBegin=49 CharacterOffsetEnd=53 PartOfSpeech=IN] [Text=the CharacterOffsetBegin=54 CharacterOffsetEnd=57 PartOfSpeech=DT] [Text=water CharacterOffsetBegin=58 CharacterOffsetEnd=63 PartOfSpeech=NN] [Text=... CharacterOffsetBegin=63 CharacterOffsetEnd=66 PartOfSpeech=:] [Text=Another CharacterOffsetBegin=66 CharacterOffsetEnd=73 PartOfSpeech=DT] [Text=computer CharacterOffsetBegin=74 CharacterOffsetEnd=82 PartOfSpeech=NN] [Text=generated CharacterOffsetBegin=83 CharacterOffsetEnd=92 PartOfSpeech=VBD] [Text=mutant CharacterOffsetBegin=93 CharacterOffsetEnd=99 PartOfSpeech=JJ] [Text=croc CharacterOffsetBegin=100 CharacterOffsetEnd=104 PartOfSpeech=NN] [Text=on CharacterOffsetBegin=105 CharacterOffsetEnd=107 PartOfSpeech=IN] [Text=the CharacterOffsetBegin=108 CharacterOffsetEnd=111 PartOfSpeech=DT] [Text=prowl CharacterOffsetBegin=112 CharacterOffsetEnd=117 PartOfSpeech=NN] [Text=for CharacterOffsetBegin=118 CharacterOffsetEnd=121 PartOfSpeech=IN] [Text=human CharacterOffsetBegin=122 CharacterOffsetEnd=127 PartOfSpeech=JJ] [Text=lunchmeat CharacterOffsetBegin=128 CharacterOffsetEnd=137 PartOfSpeech=NN] [Text=, CharacterOffsetBegin=137 CharacterOffsetEnd=138 PartOfSpeech=,] [Text=let CharacterOffsetBegin=139 CharacterOffsetEnd=142 PartOfSpeech=VB] [Text=loose CharacterOffsetBegin=143 CharacterOffsetEnd=148 PartOfSpeech=JJ] [Text=by CharacterOffsetBegin=149 CharacterOffsetEnd=151 PartOfSpeech=IN] [Text=another CharacterOffsetBegin=152 CharacterOffsetEnd=159 PartOfSpeech=DT] [Text=one CharacterOffsetBegin=160 CharacterOffsetEnd=163 PartOfSpeech=CD] [Text=of CharacterOffsetBegin=164 CharacterOffsetEnd=166 PartOfSpeech=IN] [Text=those CharacterOffsetBegin=167 CharacterOffsetEnd=172 PartOfSpeech=DT] [Text=facilities CharacterOffsetBegin=173 CharacterOffsetEnd=183 PartOfSpeech=NNS] [Text=conducting CharacterOffsetBegin=184 CharacterOffsetEnd=194 PartOfSpeech=VBG] [Text=mad CharacterOffsetBegin=195 CharacterOffsetEnd=198 PartOfSpeech=JJ] [Text=science CharacterOffsetBegin=199 CharacterOffsetEnd=206 PartOfSpeech=NN] [Text=. CharacterOffsetBegin=206 CharacterOffsetEnd=207 PartOfSpeech=.] 
root(ROOT-0, generated-17)
advmod(when-2, Just-1)
advmod(thought-4, when-2)
nsubj(thought-4, you-3)
advcl(generated-17, thought-4)
nsubj(safe-7, it-5)
cop(safe-7, was-6)
ccomp(thought-4, safe-7)
aux(go-9, to-8)
xcomp(safe-7, go-9)
advmod(go-9, back-10)
prep(go-9, into-11)
det(water-13, the-12)
pobj(into-11, water-13)
punct(generated-17, ...-14)
det(computer-16, Another-15)
nsubj(generated-17, computer-16)
amod(croc-19, mutant-18)
dobj(generated-17, croc-19)
prep(generated-17, on-20)
det(prowl-22, the-21)
pobj(on-20, prowl-22)
prep(prowl-22, for-23)
amod(lunchmeat-25, human-24)
pobj(for-23, lunchmeat-25)
punct(generated-17, ,-26)
dep(generated-17, let-27)
acomp(let-27, loose-28)
prep(let-27, by-29)
det(one-31, another-30)
pobj(by-29, one-31)
prep(one-31, of-32)
det(facilities-34, those-33)
pobj(of-32, facilities-34)
partmod(facilities-34, conducting-35)
amod(science-37, mad-36)
dobj(conducting-35, science-37)
punct(generated-17, .-38)

Sentence #2 (42 tokens):
Gereco Biotech company is fooling around with growth hormone research, accidentally releasing a baby crocodile which is evolving at an accelerating rate.B-movie cast add a deal of fun to this run of the mill "genetic mistake monster movie".
[Text=Gereco CharacterOffsetBegin=212 CharacterOffsetEnd=218 PartOfSpeech=NNP] [Text=Biotech CharacterOffsetBegin=219 CharacterOffsetEnd=226 PartOfSpeech=NNP] [Text=company CharacterOffsetBegin=227 CharacterOffsetEnd=234 PartOfSpeech=NN] [Text=is CharacterOffsetBegin=235 CharacterOffsetEnd=237 PartOfSpeech=VBZ] [Text=fooling CharacterOffsetBegin=238 CharacterOffsetEnd=245 PartOfSpeech=VBG] [Text=around CharacterOffsetBegin=246 CharacterOffsetEnd=252 PartOfSpeech=RP] [Text=with CharacterOffsetBegin=253 CharacterOffsetEnd=257 PartOfSpeech=IN] [Text=growth CharacterOffsetBegin=258 CharacterOffsetEnd=264 PartOfSpeech=NN] [Text=hormone CharacterOffsetBegin=265 CharacterOffsetEnd=272 PartOfSpeech=NN] [Text=research CharacterOffsetBegin=273 CharacterOffsetEnd=281 PartOfSpeech=NN] [Text=, CharacterOffsetBegin=281 CharacterOffsetEnd=282 PartOfSpeech=,] [Text=accidentally CharacterOffsetBegin=283 CharacterOffsetEnd=295 PartOfSpeech=RB] [Text=releasing CharacterOffsetBegin=296 CharacterOffsetEnd=305 PartOfSpeech=VBG] [Text=a CharacterOffsetBegin=306 CharacterOffsetEnd=307 PartOfSpeech=DT] [Text=baby CharacterOffsetBegin=308 CharacterOffsetEnd=312 PartOfSpeech=NN] [Text=crocodile CharacterOffsetBegin=313 CharacterOffsetEnd=322 PartOfSpeech=NN] [Text=which CharacterOffsetBegin=323 CharacterOffsetEnd=328 PartOfSpeech=WDT] [Text=is CharacterOffsetBegin=329 CharacterOffsetEnd=331 PartOfSpeech=VBZ] [Text=evolving CharacterOffsetBegin=332 CharacterOffsetEnd=340 PartOfSpeech=VBG] [Text=at CharacterOffsetBegin=341 CharacterOffsetEnd=343 PartOfSpeech=IN] [Text=an CharacterOffsetBegin=344 CharacterOffsetEnd=346 PartOfSpeech=DT] [Text=accelerating CharacterOffsetBegin=347 CharacterOffsetEnd=359 PartOfSpeech=VBG] [Text=rate.B-movie CharacterOffsetBegin=360 CharacterOffsetEnd=372 PartOfSpeech=NN] [Text=cast CharacterOffsetBegin=373 CharacterOffsetEnd=377 PartOfSpeech=VBD] [Text=add CharacterOffsetBegin=378 CharacterOffsetEnd=381 PartOfSpeech=VB] [Text=a CharacterOffsetBegin=382 CharacterOffsetEnd=383 PartOfSpeech=DT] [Text=deal CharacterOffsetBegin=384 CharacterOffsetEnd=388 PartOfSpeech=NN] [Text=of CharacterOffsetBegin=389 CharacterOffsetEnd=391 PartOfSpeech=IN] [Text=fun CharacterOffsetBegin=392 CharacterOffsetEnd=395 PartOfSpeech=NN] [Text=to CharacterOffsetBegin=396 CharacterOffsetEnd=398 PartOfSpeech=TO] [Text=this CharacterOffsetBegin=399 CharacterOffsetEnd=403 PartOfSpeech=DT] [Text=run CharacterOffsetBegin=404 CharacterOffsetEnd=407 PartOfSpeech=NN] [Text=of CharacterOffsetBegin=408 CharacterOffsetEnd=410 PartOfSpeech=IN] [Text=the CharacterOffsetBegin=411 CharacterOffsetEnd=414 PartOfSpeech=DT] [Text=mill CharacterOffsetBegin=415 CharacterOffsetEnd=419 PartOfSpeech=NN] [Text=`` CharacterOffsetBegin=420 CharacterOffsetEnd=421 PartOfSpeech=``] [Text=genetic CharacterOffsetBegin=421 CharacterOffsetEnd=428 PartOfSpeech=JJ] [Text=mistake CharacterOffsetBegin=429 CharacterOffsetEnd=436 PartOfSpeech=NN] [Text=monster CharacterOffsetBegin=437 CharacterOffsetEnd=444 PartOfSpeech=NN] [Text=movie CharacterOffsetBegin=445 CharacterOffsetEnd=450 PartOfSpeech=NN] [Text='' CharacterOffsetBegin=450 CharacterOffsetEnd=451 PartOfSpeech=''] [Text=. CharacterOffsetBegin=451 CharacterOffsetEnd=452 PartOfSpeech=.] 
root(ROOT-0, fooling-5)
nn(company-3, Gereco-1)
nn(company-3, Biotech-2)
nsubj(fooling-5, company-3)
aux(fooling-5, is-4)
prt(fooling-5, around-6)
prep(fooling-5, with-7)
nn(research-10, growth-8)
nn(research-10, hormone-9)
pobj(with-7, research-10)
punct(fooling-5, ,-11)
advmod(releasing-13, accidentally-12)
partmod(fooling-5, releasing-13)
det(crocodile-16, a-14)
nn(crocodile-16, baby-15)
dobj(releasing-13, crocodile-16)
nsubj(evolving-19, which-17)
aux(evolving-19, is-18)
rcmod(crocodile-16, evolving-19)
prep(evolving-19, at-20)
det(rate.B-movie-23, an-21)
amod(rate.B-movie-23, accelerating-22)
pobj(at-20, rate.B-movie-23)
nsubj(add-25, cast-24)
rcmod(crocodile-16, add-25)
det(deal-27, a-26)
dobj(add-25, deal-27)
prep(deal-27, of-28)
pobj(of-28, fun-29)
prep(add-25, to-30)
det(run-32, this-31)
pobj(to-30, run-32)
prep(run-32, of-33)
det(mistake-38, the-34)
nn(mistake-38, mill-35)
punct(mistake-38, ``-36)
amod(mistake-38, genetic-37)
pobj(of-33, mistake-38)
nn(movie-40, monster-39)
dep(mistake-38, movie-40)
punct(movie-40, ''-41)
punct(fooling-5, .-42)

Sentence #3 (30 tokens):
Costas Mandylor evokes Mick Dundee, Aussie accent, hat, big ass knife, the works, as a croc specialist hired by Gereco executive Joanna Pacula(.
[Text=Costas CharacterOffsetBegin=457 CharacterOffsetEnd=463 PartOfSpeech=NNP] [Text=Mandylor CharacterOffsetBegin=464 CharacterOffsetEnd=472 PartOfSpeech=NNP] [Text=evokes CharacterOffsetBegin=473 CharacterOffsetEnd=479 PartOfSpeech=VBZ] [Text=Mick CharacterOffsetBegin=480 CharacterOffsetEnd=484 PartOfSpeech=NNP] [Text=Dundee CharacterOffsetBegin=485 CharacterOffsetEnd=491 PartOfSpeech=NNP] [Text=, CharacterOffsetBegin=491 CharacterOffsetEnd=492 PartOfSpeech=,] [Text=Aussie CharacterOffsetBegin=493 CharacterOffsetEnd=499 PartOfSpeech=NNP] [Text=accent CharacterOffsetBegin=500 CharacterOffsetEnd=506 PartOfSpeech=NN] [Text=, CharacterOffsetBegin=506 CharacterOffsetEnd=507 PartOfSpeech=,] [Text=hat CharacterOffsetBegin=508 CharacterOffsetEnd=511 PartOfSpeech=NN] [Text=, CharacterOffsetBegin=511 CharacterOffsetEnd=512 PartOfSpeech=,] [Text=big CharacterOffsetBegin=513 CharacterOffsetEnd=516 PartOfSpeech=JJ] [Text=ass CharacterOffsetBegin=517 CharacterOffsetEnd=520 PartOfSpeech=NN] [Text=knife CharacterOffsetBegin=521 CharacterOffsetEnd=526 PartOfSpeech=NN] [Text=, CharacterOffsetBegin=526 CharacterOffsetEnd=527 PartOfSpeech=,] [Text=the CharacterOffsetBegin=528 CharacterOffsetEnd=531 PartOfSpeech=DT] [Text=works CharacterOffsetBegin=532 CharacterOffsetEnd=537 PartOfSpeech=NNS] [Text=, CharacterOffsetBegin=537 CharacterOffsetEnd=538 PartOfSpeech=,] [Text=as CharacterOffsetBegin=539 CharacterOffsetEnd=541 PartOfSpeech=IN] [Text=a CharacterOffsetBegin=542 CharacterOffsetEnd=543 PartOfSpeech=DT] [Text=croc CharacterOffsetBegin=544 CharacterOffsetEnd=548 PartOfSpeech=NN] [Text=specialist CharacterOffsetBegin=549 CharacterOffsetEnd=559 PartOfSpeech=NN] [Text=hired CharacterOffsetBegin=560 CharacterOffsetEnd=565 PartOfSpeech=VBN] [Text=by CharacterOffsetBegin=566 CharacterOffsetEnd=568 PartOfSpeech=IN] [Text=Gereco CharacterOffsetBegin=569 CharacterOffsetEnd=575 PartOfSpeech=NNP] [Text=executive CharacterOffsetBegin=576 CharacterOffsetEnd=585 PartOfSpeech=NN] [Text=Joanna CharacterOffsetBegin=586 CharacterOffsetEnd=592 PartOfSpeech=NNP] [Text=Pacula CharacterOffsetBegin=593 CharacterOffsetEnd=599 PartOfSpeech=NNP] [Text=-LRB- CharacterOffsetBegin=599 CharacterOffsetEnd=600 PartOfSpeech=-LRB-] [Text=. CharacterOffsetBegin=600 CharacterOffsetEnd=601 PartOfSpeech=.] 
root(ROOT-0, evokes-3)
nn(Mandylor-2, Costas-1)
nsubj(evokes-3, Mandylor-2)
nn(Dundee-5, Mick-4)
dobj(evokes-3, Dundee-5)
punct(Dundee-5, ,-6)
nn(accent-8, Aussie-7)
appos(Dundee-5, accent-8)
punct(accent-8, ,-9)
appos(accent-8, hat-10)
punct(accent-8, ,-11)
amod(knife-14, big-12)
nn(knife-14, ass-13)
appos(accent-8, knife-14)
punct(accent-8, ,-15)
det(works-17, the-16)
appos(accent-8, works-17)
punct(accent-8, ,-18)
prep(accent-8, as-19)
det(specialist-22, a-20)
amod(specialist-22, croc-21)
pobj(as-19, specialist-22)
partmod(specialist-22, hired-23)
prep(hired-23, by-24)
pobj(by-24, Gereco-25)
amod(Gereco-25, executive-26)
dep(executive-26, Joanna-27)
dep(Joanna-27, Pacula-28)
punct(Pacula-28, -LRB--29)
punct(evokes-3, .-30)

Sentence #4 (1 tokens):
.
[Text=. CharacterOffsetBegin=601 CharacterOffsetEnd=602 PartOfSpeech=.] 
root(ROOT-0, .-1)

Sentence #5 (26 tokens):
wasted in the stereotypical role of corrupt administrative executive who denies any involvement with the gigantic beast her facility let free on innocent people).
[Text=wasted CharacterOffsetBegin=602 CharacterOffsetEnd=608 PartOfSpeech=VBN] [Text=in CharacterOffsetBegin=609 CharacterOffsetEnd=611 PartOfSpeech=IN] [Text=the CharacterOffsetBegin=612 CharacterOffsetEnd=615 PartOfSpeech=DT] [Text=stereotypical CharacterOffsetBegin=616 CharacterOffsetEnd=629 PartOfSpeech=JJ] [Text=role CharacterOffsetBegin=630 CharacterOffsetEnd=634 PartOfSpeech=NN] [Text=of CharacterOffsetBegin=635 CharacterOffsetEnd=637 PartOfSpeech=IN] [Text=corrupt CharacterOffsetBegin=638 CharacterOffsetEnd=645 PartOfSpeech=JJ] [Text=administrative CharacterOffsetBegin=646 CharacterOffsetEnd=660 PartOfSpeech=JJ] [Text=executive CharacterOffsetBegin=661 CharacterOffsetEnd=670 PartOfSpeech=NN] [Text=who CharacterOffsetBegin=671 CharacterOffsetEnd=674 PartOfSpeech=WP] [Text=denies CharacterOffsetBegin=675 CharacterOffsetEnd=681 PartOfSpeech=VBZ] [Text=any CharacterOffsetBegin=682 CharacterOffsetEnd=685 PartOfSpeech=DT] [Text=involvement CharacterOffsetBegin=686 CharacterOffsetEnd=697 PartOfSpeech=NN] [Text=with CharacterOffsetBegin=698 CharacterOffsetEnd=702 PartOfSpeech=IN] [Text=the CharacterOffsetBegin=703 CharacterOffsetEnd=706 PartOfSpeech=DT] [Text=gigantic CharacterOffsetBegin=707 CharacterOffsetEnd=715 PartOfSpeech=JJ] [Text=beast CharacterOffsetBegin=716 CharacterOffsetEnd=721 PartOfSpeech=NN] [Text=her CharacterOffsetBegin=722 CharacterOffsetEnd=725 PartOfSpeech=PRP$] [Text=facility CharacterOffsetBegin=726 CharacterOffsetEnd=734 PartOfSpeech=NN] [Text=let CharacterOffsetBegin=735 CharacterOffsetEnd=738 PartOfSpeech=VB] [Text=free CharacterOffsetBegin=739 CharacterOffsetEnd=743 PartOfSpeech=JJ] [Text=on CharacterOffsetBegin=744 CharacterOffsetEnd=746 PartOfSpeech=IN] [Text=innocent CharacterOffsetBegin=747 CharacterOffsetEnd=755 PartOfSpeech=JJ] [Text=people CharacterOffsetBegin=756 CharacterOffsetEnd=762 PartOfSpeech=NNS] [Text=-RRB- CharacterOffsetBegin=762 CharacterOffsetEnd=763 PartOfSpeech=-RRB-] [Text=. CharacterOffsetBegin=763 CharacterOffsetEnd=764 PartOfSpeech=.] 
root(ROOT-0, wasted-1)
prep(wasted-1, in-2)
det(role-5, the-3)
amod(role-5, stereotypical-4)
pobj(in-2, role-5)
prep(role-5, of-6)
amod(executive-9, corrupt-7)
amod(executive-9, administrative-8)
pobj(of-6, executive-9)
nsubj(denies-11, who-10)
rcmod(executive-9, denies-11)
det(involvement-13, any-12)
dobj(denies-11, involvement-13)
prep(involvement-13, with-14)
det(beast-17, the-15)
amod(beast-17, gigantic-16)
pobj(with-14, beast-17)
poss(facility-19, her-18)
nsubj(let-20, facility-19)
rcmod(beast-17, let-20)
acomp(let-20, free-21)
prep(free-21, on-22)
amod(people-24, innocent-23)
pobj(on-22, people-24)
punct(wasted-1, -RRB--25)
punct(wasted-1, .-26)

Sentence #6 (26 tokens):
Charles Napier is the local sheriff whose town is in danger and Jane Longenecker is his hot daughter, who works at the animal shelter.
[Text=Charles CharacterOffsetBegin=769 CharacterOffsetEnd=776 PartOfSpeech=NNP] [Text=Napier CharacterOffsetBegin=777 CharacterOffsetEnd=783 PartOfSpeech=NNP] [Text=is CharacterOffsetBegin=784 CharacterOffsetEnd=786 PartOfSpeech=VBZ] [Text=the CharacterOffsetBegin=787 CharacterOffsetEnd=790 PartOfSpeech=DT] [Text=local CharacterOffsetBegin=791 CharacterOffsetEnd=796 PartOfSpeech=JJ] [Text=sheriff CharacterOffsetBegin=797 CharacterOffsetEnd=804 PartOfSpeech=NN] [Text=whose CharacterOffsetBegin=805 CharacterOffsetEnd=810 PartOfSpeech=WP$] [Text=town CharacterOffsetBegin=811 CharacterOffsetEnd=815 PartOfSpeech=NN] [Text=is CharacterOffsetBegin=816 CharacterOffsetEnd=818 PartOfSpeech=VBZ] [Text=in CharacterOffsetBegin=819 CharacterOffsetEnd=821 PartOfSpeech=IN] [Text=danger CharacterOffsetBegin=822 CharacterOffsetEnd=828 PartOfSpeech=NN] [Text=and CharacterOffsetBegin=829 CharacterOffsetEnd=832 PartOfSpeech=CC] [Text=Jane CharacterOffsetBegin=833 CharacterOffsetEnd=837 PartOfSpeech=NNP] [Text=Longenecker CharacterOffsetBegin=838 CharacterOffsetEnd=849 PartOfSpeech=NNP] [Text=is CharacterOffsetBegin=850 CharacterOffsetEnd=852 PartOfSpeech=VBZ] [Text=his CharacterOffsetBegin=853 CharacterOffsetEnd=856 PartOfSpeech=PRP$] [Text=hot CharacterOffsetBegin=857 CharacterOffsetEnd=860 PartOfSpeech=JJ] [Text=daughter CharacterOffsetBegin=861 CharacterOffsetEnd=869 PartOfSpeech=NN] [Text=, CharacterOffsetBegin=869 CharacterOffsetEnd=870 PartOfSpeech=,] [Text=who CharacterOffsetBegin=871 CharacterOffsetEnd=874 PartOfSpeech=WP] [Text=works CharacterOffsetBegin=875 CharacterOffsetEnd=880 PartOfSpeech=VBZ] [Text=at CharacterOffsetBegin=881 CharacterOffsetEnd=883 PartOfSpeech=IN] [Text=the CharacterOffsetBegin=884 CharacterOffsetEnd=887 PartOfSpeech=DT] [Text=animal CharacterOffsetBegin=888 CharacterOffsetEnd=894 PartOfSpeech=NN] [Text=shelter CharacterOffsetBegin=895 CharacterOffsetEnd=902 PartOfSpeech=NN] [Text=. CharacterOffsetBegin=902 CharacterOffsetEnd=903 PartOfSpeech=.] 
root(ROOT-0, daughter-18)
nn(Napier-2, Charles-1)
nsubj(sheriff-6, Napier-2)
cop(sheriff-6, is-3)
det(sheriff-6, the-4)
amod(sheriff-6, local-5)
nsubj(daughter-18, sheriff-6)
poss(town-8, whose-7)
nsubj(is-9, town-8)
rcmod(sheriff-6, is-9)
prep(is-9, in-10)
pobj(in-10, danger-11)
cc(danger-11, and-12)
nn(Longenecker-14, Jane-13)
conj(danger-11, Longenecker-14)
cop(daughter-18, is-15)
poss(daughter-18, his-16)
amod(daughter-18, hot-17)
punct(daughter-18, ,-19)
nsubj(works-21, who-20)
rcmod(daughter-18, works-21)
prep(works-21, at-22)
det(shelter-25, the-23)
nn(shelter-25, animal-24)
pobj(at-22, shelter-25)
punct(daughter-18, .-26)

Sentence #7 (19 tokens):
Soap opera star Matthew Borlenghi is Longenecker's love interest, a local artist who welds sculptures(.
[Text=Soap CharacterOffsetBegin=908 CharacterOffsetEnd=912 PartOfSpeech=NNP] [Text=opera CharacterOffsetBegin=913 CharacterOffsetEnd=918 PartOfSpeech=NN] [Text=star CharacterOffsetBegin=919 CharacterOffsetEnd=923 PartOfSpeech=NN] [Text=Matthew CharacterOffsetBegin=924 CharacterOffsetEnd=931 PartOfSpeech=NNP] [Text=Borlenghi CharacterOffsetBegin=932 CharacterOffsetEnd=941 PartOfSpeech=NNP] [Text=is CharacterOffsetBegin=942 CharacterOffsetEnd=944 PartOfSpeech=VBZ] [Text=Longenecker CharacterOffsetBegin=945 CharacterOffsetEnd=956 PartOfSpeech=NNP] [Text='s CharacterOffsetBegin=956 CharacterOffsetEnd=958 PartOfSpeech=POS] [Text=love CharacterOffsetBegin=959 CharacterOffsetEnd=963 PartOfSpeech=NN] [Text=interest CharacterOffsetBegin=964 CharacterOffsetEnd=972 PartOfSpeech=NN] [Text=, CharacterOffsetBegin=972 CharacterOffsetEnd=973 PartOfSpeech=,] [Text=a CharacterOffsetBegin=974 CharacterOffsetEnd=975 PartOfSpeech=DT] [Text=local CharacterOffsetBegin=976 CharacterOffsetEnd=981 PartOfSpeech=JJ] [Text=artist CharacterOffsetBegin=982 CharacterOffsetEnd=988 PartOfSpeech=NN] [Text=who CharacterOffsetBegin=989 CharacterOffsetEnd=992 PartOfSpeech=WP] [Text=welds CharacterOffsetBegin=993 CharacterOffsetEnd=998 PartOfSpeech=VBZ] [Text=sculptures CharacterOffsetBegin=999 CharacterOffsetEnd=1009 PartOfSpeech=NNS] [Text=-LRB- CharacterOffsetBegin=1009 CharacterOffsetEnd=1010 PartOfSpeech=-LRB-] [Text=. CharacterOffsetBegin=1010 CharacterOffsetEnd=1011 PartOfSpeech=.] 
root(ROOT-0, interest-10)
nn(Borlenghi-5, Soap-1)
nn(Borlenghi-5, opera-2)
nn(Borlenghi-5, star-3)
nn(Borlenghi-5, Matthew-4)
nsubj(interest-10, Borlenghi-5)
cop(interest-10, is-6)
poss(interest-10, Longenecker-7)
possessive(Longenecker-7, 's-8)
nn(interest-10, love-9)
punct(interest-10, ,-11)
det(artist-14, a-12)
amod(artist-14, local-13)
appos(interest-10, artist-14)
nsubj(welds-16, who-15)
rcmod(artist-14, welds-16)
dobj(welds-16, sculptures-17)
punct(sculptures-17, -LRB--18)
punct(interest-10, .-19)

Sentence #8 (1 tokens):
.
[Text=. CharacterOffsetBegin=1011 CharacterOffsetEnd=1012 PartOfSpeech=.] 
root(ROOT-0, .-1)

Sentence #9 (10 tokens):
his brother is a victim of the croc).
[Text=his CharacterOffsetBegin=1012 CharacterOffsetEnd=1015 PartOfSpeech=PRP$] [Text=brother CharacterOffsetBegin=1016 CharacterOffsetEnd=1023 PartOfSpeech=NN] [Text=is CharacterOffsetBegin=1024 CharacterOffsetEnd=1026 PartOfSpeech=VBZ] [Text=a CharacterOffsetBegin=1027 CharacterOffsetEnd=1028 PartOfSpeech=DT] [Text=victim CharacterOffsetBegin=1029 CharacterOffsetEnd=1035 PartOfSpeech=NN] [Text=of CharacterOffsetBegin=1036 CharacterOffsetEnd=1038 PartOfSpeech=IN] [Text=the CharacterOffsetBegin=1039 CharacterOffsetEnd=1042 PartOfSpeech=DT] [Text=croc CharacterOffsetBegin=1043 CharacterOffsetEnd=1047 PartOfSpeech=NN] [Text=-RRB- CharacterOffsetBegin=1047 CharacterOffsetEnd=1048 PartOfSpeech=-RRB-] [Text=. CharacterOffsetBegin=1048 CharacterOffsetEnd=1049 PartOfSpeech=.] 
root(ROOT-0, victim-5)
poss(brother-2, his-1)
nsubj(victim-5, brother-2)
cop(victim-5, is-3)
det(victim-5, a-4)
prep(victim-5, of-6)
det(croc-8, the-7)
pobj(of-6, croc-8)
punct(victim-5, -RRB--9)
punct(victim-5, .-10)

Sentence #10 (56 tokens):
Of course, this skill will come in mighty handy when our heroes set up a created trap for the croc, hoping to poison it with carbon monoxide.The croc itself is never the least bit convincing as it rampages through a reserve looking for food, the special effects of a low grade variety.
[Text=Of CharacterOffsetBegin=1054 CharacterOffsetEnd=1056 PartOfSpeech=IN] [Text=course CharacterOffsetBegin=1057 CharacterOffsetEnd=1063 PartOfSpeech=NN] [Text=, CharacterOffsetBegin=1063 CharacterOffsetEnd=1064 PartOfSpeech=,] [Text=this CharacterOffsetBegin=1065 CharacterOffsetEnd=1069 PartOfSpeech=DT] [Text=skill CharacterOffsetBegin=1070 CharacterOffsetEnd=1075 PartOfSpeech=NN] [Text=will CharacterOffsetBegin=1076 CharacterOffsetEnd=1080 PartOfSpeech=MD] [Text=come CharacterOffsetBegin=1081 CharacterOffsetEnd=1085 PartOfSpeech=VB] [Text=in CharacterOffsetBegin=1086 CharacterOffsetEnd=1088 PartOfSpeech=IN] [Text=mighty CharacterOffsetBegin=1089 CharacterOffsetEnd=1095 PartOfSpeech=JJ] [Text=handy CharacterOffsetBegin=1096 CharacterOffsetEnd=1101 PartOfSpeech=JJ] [Text=when CharacterOffsetBegin=1102 CharacterOffsetEnd=1106 PartOfSpeech=WRB] [Text=our CharacterOffsetBegin=1107 CharacterOffsetEnd=1110 PartOfSpeech=PRP$] [Text=heroes CharacterOffsetBegin=1111 CharacterOffsetEnd=1117 PartOfSpeech=NNS] [Text=set CharacterOffsetBegin=1118 CharacterOffsetEnd=1121 PartOfSpeech=VBN] [Text=up CharacterOffsetBegin=1122 CharacterOffsetEnd=1124 PartOfSpeech=RP] [Text=a CharacterOffsetBegin=1125 CharacterOffsetEnd=1126 PartOfSpeech=DT] [Text=created CharacterOffsetBegin=1127 CharacterOffsetEnd=1134 PartOfSpeech=VBN] [Text=trap CharacterOffsetBegin=1135 CharacterOffsetEnd=1139 PartOfSpeech=NN] [Text=for CharacterOffsetBegin=1140 CharacterOffsetEnd=1143 PartOfSpeech=IN] [Text=the CharacterOffsetBegin=1144 CharacterOffsetEnd=1147 PartOfSpeech=DT] [Text=croc CharacterOffsetBegin=1148 CharacterOffsetEnd=1152 PartOfSpeech=NN] [Text=, CharacterOffsetBegin=1152 CharacterOffsetEnd=1153 PartOfSpeech=,] [Text=hoping CharacterOffsetBegin=1154 CharacterOffsetEnd=1160 PartOfSpeech=VBG] [Text=to CharacterOffsetBegin=1161 CharacterOffsetEnd=1163 PartOfSpeech=TO] [Text=poison CharacterOffsetBegin=1164 CharacterOffsetEnd=1170 PartOfSpeech=NN] [Text=it CharacterOffsetBegin=1171 CharacterOffsetEnd=1173 PartOfSpeech=PRP] [Text=with CharacterOffsetBegin=1174 CharacterOffsetEnd=1178 PartOfSpeech=IN] [Text=carbon CharacterOffsetBegin=1179 CharacterOffsetEnd=1185 PartOfSpeech=NN] [Text=monoxide.The CharacterOffsetBegin=1186 CharacterOffsetEnd=1198 PartOfSpeech=NNP] [Text=croc CharacterOffsetBegin=1199 CharacterOffsetEnd=1203 PartOfSpeech=NN] [Text=itself CharacterOffsetBegin=1204 CharacterOffsetEnd=1210 PartOfSpeech=PRP] [Text=is CharacterOffsetBegin=1211 CharacterOffsetEnd=1213 PartOfSpeech=VBZ] [Text=never CharacterOffsetBegin=1214 CharacterOffsetEnd=1219 PartOfSpeech=RB] [Text=the CharacterOffsetBegin=1220 CharacterOffsetEnd=1223 PartOfSpeech=DT] [Text=least CharacterOffsetBegin=1224 CharacterOffsetEnd=1229 PartOfSpeech=JJS] [Text=bit CharacterOffsetBegin=1230 CharacterOffsetEnd=1233 PartOfSpeech=NN] [Text=convincing CharacterOffsetBegin=1234 CharacterOffsetEnd=1244 PartOfSpeech=JJ] [Text=as CharacterOffsetBegin=1245 CharacterOffsetEnd=1247 PartOfSpeech=IN] [Text=it CharacterOffsetBegin=1248 CharacterOffsetEnd=1250 PartOfSpeech=PRP] [Text=rampages CharacterOffsetBegin=1251 CharacterOffsetEnd=1259 PartOfSpeech=VBZ] [Text=through CharacterOffsetBegin=1260 CharacterOffsetEnd=1267 PartOfSpeech=IN] [Text=a CharacterOffsetBegin=1268 CharacterOffsetEnd=1269 PartOfSpeech=DT] [Text=reserve CharacterOffsetBegin=1270 CharacterOffsetEnd=1277 PartOfSpeech=NN] [Text=looking CharacterOffsetBegin=1278 CharacterOffsetEnd=1285 PartOfSpeech=VBG] [Text=for CharacterOffsetBegin=1286 CharacterOffsetEnd=1289 PartOfSpeech=IN] [Text=food CharacterOffsetBegin=1290 CharacterOffsetEnd=1294 PartOfSpeech=NN] [Text=, CharacterOffsetBegin=1294 CharacterOffsetEnd=1295 PartOfSpeech=,] [Text=the CharacterOffsetBegin=1296 CharacterOffsetEnd=1299 PartOfSpeech=DT] [Text=special CharacterOffsetBegin=1300 CharacterOffsetEnd=1307 PartOfSpeech=JJ] [Text=effects CharacterOffsetBegin=1308 CharacterOffsetEnd=1315 PartOfSpeech=NNS] [Text=of CharacterOffsetBegin=1316 CharacterOffsetEnd=1318 PartOfSpeech=IN] [Text=a CharacterOffsetBegin=1319 CharacterOffsetEnd=1320 PartOfSpeech=DT] [Text=low CharacterOffsetBegin=1321 CharacterOffsetEnd=1324 PartOfSpeech=JJ] [Text=grade CharacterOffsetBegin=1325 CharacterOffsetEnd=1330 PartOfSpeech=NN] [Text=variety CharacterOffsetBegin=1331 CharacterOffsetEnd=1338 PartOfSpeech=NN] [Text=. CharacterOffsetBegin=1338 CharacterOffsetEnd=1339 PartOfSpeech=.] 
root(ROOT-0, convincing-37)
prep(come-7, Of-1)
pobj(Of-1, course-2)
punct(come-7, ,-3)
det(skill-5, this-4)
nsubj(come-7, skill-5)
aux(come-7, will-6)
ccomp(bit-36, come-7)
prep(come-7, in-8)
amod(handy-10, mighty-9)
pobj(in-8, handy-10)
advmod(set-14, when-11)
poss(heroes-13, our-12)
nsubj(set-14, heroes-13)
advcl(come-7, set-14)
prt(set-14, up-15)
det(trap-18, a-16)
amod(trap-18, created-17)
dobj(set-14, trap-18)
prep(set-14, for-19)
det(croc-21, the-20)
pobj(for-19, croc-21)
punct(come-7, ,-22)
xcomp(come-7, hoping-23)
aux(poison-25, to-24)
xcomp(hoping-23, poison-25)
dobj(poison-25, it-26)
prep(poison-25, with-27)
nn(croc-30, carbon-28)
nn(croc-30, monoxide.The-29)
pobj(with-27, croc-30)
dep(croc-30, itself-31)
cop(bit-36, is-32)
neg(bit-36, never-33)
det(bit-36, the-34)
dep(bit-36, least-35)
dep(convincing-37, bit-36)
mark(rampages-40, as-38)
nsubj(rampages-40, it-39)
advcl(convincing-37, rampages-40)
prep(rampages-40, through-41)
det(reserve-43, a-42)
pobj(through-41, reserve-43)
partmod(reserve-43, looking-44)
prep(looking-44, for-45)
pobj(for-45, food-46)
punct(convincing-37, ,-47)
det(effects-50, the-48)
amod(effects-50, special-49)
dep(,-47, effects-50)
prep(effects-50, of-51)
det(variety-55, a-52)
amod(variety-55, low-53)
nn(variety-55, grade-54)
pobj(of-51, variety-55)
punct(effects-50, .-56)

Sentence #11 (16 tokens):
In regards to Roger Corman productions dealing with renegade dino-monsters, I stick with Carnosaur.
[Text=In CharacterOffsetBegin=1344 CharacterOffsetEnd=1346 PartOfSpeech=IN] [Text=regards CharacterOffsetBegin=1347 CharacterOffsetEnd=1354 PartOfSpeech=VBZ] [Text=to CharacterOffsetBegin=1355 CharacterOffsetEnd=1357 PartOfSpeech=TO] [Text=Roger CharacterOffsetBegin=1358 CharacterOffsetEnd=1363 PartOfSpeech=NNP] [Text=Corman CharacterOffsetBegin=1364 CharacterOffsetEnd=1370 PartOfSpeech=NNP] [Text=productions CharacterOffsetBegin=1371 CharacterOffsetEnd=1382 PartOfSpeech=NNS] [Text=dealing CharacterOffsetBegin=1383 CharacterOffsetEnd=1390 PartOfSpeech=VBG] [Text=with CharacterOffsetBegin=1391 CharacterOffsetEnd=1395 PartOfSpeech=IN] [Text=renegade CharacterOffsetBegin=1396 CharacterOffsetEnd=1404 PartOfSpeech=NN] [Text=dino-monsters CharacterOffsetBegin=1405 CharacterOffsetEnd=1418 PartOfSpeech=NNS] [Text=, CharacterOffsetBegin=1418 CharacterOffsetEnd=1419 PartOfSpeech=,] [Text=I CharacterOffsetBegin=1420 CharacterOffsetEnd=1421 PartOfSpeech=PRP] [Text=stick CharacterOffsetBegin=1422 CharacterOffsetEnd=1427 PartOfSpeech=VBP] [Text=with CharacterOffsetBegin=1428 CharacterOffsetEnd=1432 PartOfSpeech=IN] [Text=Carnosaur CharacterOffsetBegin=1433 CharacterOffsetEnd=1442 PartOfSpeech=NNP] [Text=. CharacterOffsetBegin=1442 CharacterOffsetEnd=1443 PartOfSpeech=.] 
root(ROOT-0, stick-13)
prep(stick-13, In-1)
pobj(In-1, regards-2)
prep(regards-2, to-3)
nn(productions-6, Roger-4)
nn(productions-6, Corman-5)
pobj(to-3, productions-6)
partmod(productions-6, dealing-7)
prep(dealing-7, with-8)
nn(dino-monsters-10, renegade-9)
pobj(with-8, dino-monsters-10)
punct(stick-13, ,-11)
nsubj(stick-13, I-12)
prep(stick-13, with-14)
pobj(with-14, Carnosaur-15)
punct(stick-13, .-16)

Sentence #12 (22 tokens):
The monster here is essentially a crocodile standing on it's hind legs, often upright as it pursues potential victims.
[Text=The CharacterOffsetBegin=1448 CharacterOffsetEnd=1451 PartOfSpeech=DT] [Text=monster CharacterOffsetBegin=1452 CharacterOffsetEnd=1459 PartOfSpeech=NN] [Text=here CharacterOffsetBegin=1460 CharacterOffsetEnd=1464 PartOfSpeech=RB] [Text=is CharacterOffsetBegin=1465 CharacterOffsetEnd=1467 PartOfSpeech=VBZ] [Text=essentially CharacterOffsetBegin=1468 CharacterOffsetEnd=1479 PartOfSpeech=RB] [Text=a CharacterOffsetBegin=1480 CharacterOffsetEnd=1481 PartOfSpeech=DT] [Text=crocodile CharacterOffsetBegin=1482 CharacterOffsetEnd=1491 PartOfSpeech=NN] [Text=standing CharacterOffsetBegin=1492 CharacterOffsetEnd=1500 PartOfSpeech=NN] [Text=on CharacterOffsetBegin=1501 CharacterOffsetEnd=1503 PartOfSpeech=IN] [Text=it CharacterOffsetBegin=1504 CharacterOffsetEnd=1506 PartOfSpeech=PRP] [Text='s CharacterOffsetBegin=1506 CharacterOffsetEnd=1508 PartOfSpeech=VBZ] [Text=hind CharacterOffsetBegin=1509 CharacterOffsetEnd=1513 PartOfSpeech=JJ] [Text=legs CharacterOffsetBegin=1514 CharacterOffsetEnd=1518 PartOfSpeech=NNS] [Text=, CharacterOffsetBegin=1518 CharacterOffsetEnd=1519 PartOfSpeech=,] [Text=often CharacterOffsetBegin=1520 CharacterOffsetEnd=1525 PartOfSpeech=RB] [Text=upright CharacterOffsetBegin=1526 CharacterOffsetEnd=1533 PartOfSpeech=JJ] [Text=as CharacterOffsetBegin=1534 CharacterOffsetEnd=1536 PartOfSpeech=IN] [Text=it CharacterOffsetBegin=1537 CharacterOffsetEnd=1539 PartOfSpeech=PRP] [Text=pursues CharacterOffsetBegin=1540 CharacterOffsetEnd=1547 PartOfSpeech=VBZ] [Text=potential CharacterOffsetBegin=1548 CharacterOffsetEnd=1557 PartOfSpeech=JJ] [Text=victims CharacterOffsetBegin=1558 CharacterOffsetEnd=1565 PartOfSpeech=NNS] [Text=. CharacterOffsetBegin=1565 CharacterOffsetEnd=1566 PartOfSpeech=.] 
root(ROOT-0, standing-8)
det(monster-2, The-1)
nsubj(standing-8, monster-2)
advmod(monster-2, here-3)
cop(standing-8, is-4)
advmod(standing-8, essentially-5)
det(standing-8, a-6)
amod(standing-8, crocodile-7)
prep(standing-8, on-9)
nsubj(legs-13, it-10)
cop(legs-13, 's-11)
amod(legs-13, hind-12)
pobj(on-9, legs-13)
punct(legs-13, ,-14)
advmod(upright-16, often-15)
amod(legs-13, upright-16)
mark(pursues-19, as-17)
nsubj(pursues-19, it-18)
advcl(upright-16, pursues-19)
amod(victims-21, potential-20)
dobj(pursues-19, victims-21)
punct(standing-8, .-22)

Sentence #13 (26 tokens):
I felt Mandylor and the filmmakers were spoofing Crocodile Dundee with his croc hunter, and this imitation might amuse where the monster itself fails.
[Text=I CharacterOffsetBegin=1571 CharacterOffsetEnd=1572 PartOfSpeech=PRP] [Text=felt CharacterOffsetBegin=1573 CharacterOffsetEnd=1577 PartOfSpeech=VBD] [Text=Mandylor CharacterOffsetBegin=1578 CharacterOffsetEnd=1586 PartOfSpeech=NNP] [Text=and CharacterOffsetBegin=1587 CharacterOffsetEnd=1590 PartOfSpeech=CC] [Text=the CharacterOffsetBegin=1591 CharacterOffsetEnd=1594 PartOfSpeech=DT] [Text=filmmakers CharacterOffsetBegin=1595 CharacterOffsetEnd=1605 PartOfSpeech=NNS] [Text=were CharacterOffsetBegin=1606 CharacterOffsetEnd=1610 PartOfSpeech=VBD] [Text=spoofing CharacterOffsetBegin=1611 CharacterOffsetEnd=1619 PartOfSpeech=VBG] [Text=Crocodile CharacterOffsetBegin=1620 CharacterOffsetEnd=1629 PartOfSpeech=NNP] [Text=Dundee CharacterOffsetBegin=1630 CharacterOffsetEnd=1636 PartOfSpeech=NNP] [Text=with CharacterOffsetBegin=1637 CharacterOffsetEnd=1641 PartOfSpeech=IN] [Text=his CharacterOffsetBegin=1642 CharacterOffsetEnd=1645 PartOfSpeech=PRP$] [Text=croc CharacterOffsetBegin=1646 CharacterOffsetEnd=1650 PartOfSpeech=NN] [Text=hunter CharacterOffsetBegin=1651 CharacterOffsetEnd=1657 PartOfSpeech=NN] [Text=, CharacterOffsetBegin=1657 CharacterOffsetEnd=1658 PartOfSpeech=,] [Text=and CharacterOffsetBegin=1659 CharacterOffsetEnd=1662 PartOfSpeech=CC] [Text=this CharacterOffsetBegin=1663 CharacterOffsetEnd=1667 PartOfSpeech=DT] [Text=imitation CharacterOffsetBegin=1668 CharacterOffsetEnd=1677 PartOfSpeech=NN] [Text=might CharacterOffsetBegin=1678 CharacterOffsetEnd=1683 PartOfSpeech=MD] [Text=amuse CharacterOffsetBegin=1684 CharacterOffsetEnd=1689 PartOfSpeech=VB] [Text=where CharacterOffsetBegin=1690 CharacterOffsetEnd=1695 PartOfSpeech=WRB] [Text=the CharacterOffsetBegin=1696 CharacterOffsetEnd=1699 PartOfSpeech=DT] [Text=monster CharacterOffsetBegin=1700 CharacterOffsetEnd=1707 PartOfSpeech=NN] [Text=itself CharacterOffsetBegin=1708 CharacterOffsetEnd=1714 PartOfSpeech=PRP] [Text=fails CharacterOffsetBegin=1715 CharacterOffsetEnd=1720 PartOfSpeech=VBZ] [Text=. CharacterOffsetBegin=1720 CharacterOffsetEnd=1721 PartOfSpeech=.] 
root(ROOT-0, felt-2)
nsubj(felt-2, I-1)
nsubj(spoofing-8, Mandylor-3)
cc(Mandylor-3, and-4)
det(filmmakers-6, the-5)
conj(Mandylor-3, filmmakers-6)
aux(spoofing-8, were-7)
ccomp(felt-2, spoofing-8)
nn(Dundee-10, Crocodile-9)
dobj(spoofing-8, Dundee-10)
prep(spoofing-8, with-11)
poss(hunter-14, his-12)
nn(hunter-14, croc-13)
pobj(with-11, hunter-14)
punct(felt-2, ,-15)
cc(felt-2, and-16)
det(imitation-18, this-17)
nsubj(amuse-20, imitation-18)
aux(amuse-20, might-19)
conj(felt-2, amuse-20)
advmod(fails-25, where-21)
det(monster-23, the-22)
nsubj(fails-25, monster-23)
dep(monster-23, itself-24)
advcl(amuse-20, fails-25)
punct(felt-2, .-26)

Sentence #14 (12 tokens):
Borlenghi and Longenecker actually have pretty good chemistry together on screen.
[Text=Borlenghi CharacterOffsetBegin=1726 CharacterOffsetEnd=1735 PartOfSpeech=NNP] [Text=and CharacterOffsetBegin=1736 CharacterOffsetEnd=1739 PartOfSpeech=CC] [Text=Longenecker CharacterOffsetBegin=1740 CharacterOffsetEnd=1751 PartOfSpeech=NNP] [Text=actually CharacterOffsetBegin=1752 CharacterOffsetEnd=1760 PartOfSpeech=RB] [Text=have CharacterOffsetBegin=1761 CharacterOffsetEnd=1765 PartOfSpeech=VBP] [Text=pretty CharacterOffsetBegin=1766 CharacterOffsetEnd=1772 PartOfSpeech=RB] [Text=good CharacterOffsetBegin=1773 CharacterOffsetEnd=1777 PartOfSpeech=JJ] [Text=chemistry CharacterOffsetBegin=1778 CharacterOffsetEnd=1787 PartOfSpeech=NN] [Text=together CharacterOffsetBegin=1788 CharacterOffsetEnd=1796 PartOfSpeech=RB] [Text=on CharacterOffsetBegin=1797 CharacterOffsetEnd=1799 PartOfSpeech=IN] [Text=screen CharacterOffsetBegin=1800 CharacterOffsetEnd=1806 PartOfSpeech=NN] [Text=. CharacterOffsetBegin=1806 CharacterOffsetEnd=1807 PartOfSpeech=.] 
root(ROOT-0, have-5)
nsubj(have-5, Borlenghi-1)
cc(Borlenghi-1, and-2)
conj(Borlenghi-1, Longenecker-3)
advmod(have-5, actually-4)
advmod(good-7, pretty-6)
amod(chemistry-8, good-7)
dobj(have-5, chemistry-8)
advmod(have-5, together-9)
prep(have-5, on-10)
pobj(on-10, screen-11)
punct(have-5, .-12)

Sentence #15 (12 tokens):
As expected, Pacula gets her commuppance in hilarious fashion(.
[Text=As CharacterOffsetBegin=1812 CharacterOffsetEnd=1814 PartOfSpeech=IN] [Text=expected CharacterOffsetBegin=1815 CharacterOffsetEnd=1823 PartOfSpeech=VBN] [Text=, CharacterOffsetBegin=1823 CharacterOffsetEnd=1824 PartOfSpeech=,] [Text=Pacula CharacterOffsetBegin=1825 CharacterOffsetEnd=1831 PartOfSpeech=NNP] [Text=gets CharacterOffsetBegin=1832 CharacterOffsetEnd=1836 PartOfSpeech=VBZ] [Text=her CharacterOffsetBegin=1837 CharacterOffsetEnd=1840 PartOfSpeech=PRP$] [Text=commuppance CharacterOffsetBegin=1841 CharacterOffsetEnd=1852 PartOfSpeech=NN] [Text=in CharacterOffsetBegin=1853 CharacterOffsetEnd=1855 PartOfSpeech=IN] [Text=hilarious CharacterOffsetBegin=1856 CharacterOffsetEnd=1865 PartOfSpeech=JJ] [Text=fashion CharacterOffsetBegin=1866 CharacterOffsetEnd=1873 PartOfSpeech=NN] [Text=-LRB- CharacterOffsetBegin=1873 CharacterOffsetEnd=1874 PartOfSpeech=-LRB-] [Text=. CharacterOffsetBegin=1874 CharacterOffsetEnd=1875 PartOfSpeech=.] 
root(ROOT-0, gets-5)
mark(expected-2, As-1)
advcl(gets-5, expected-2)
punct(gets-5, ,-3)
nsubj(gets-5, Pacula-4)
poss(commuppance-7, her-6)
dobj(gets-5, commuppance-7)
prep(gets-5, in-8)
amod(fashion-10, hilarious-9)
pobj(in-8, fashion-10)
punct(gets-5, -LRB--11)
punct(gets-5, .-12)

Sentence #16 (1 tokens):
.
[Text=. CharacterOffsetBegin=1875 CharacterOffsetEnd=1876 PartOfSpeech=.] 
root(ROOT-0, .-1)

Sentence #17 (3 tokens):
gulp).
[Text=gulp CharacterOffsetBegin=1876 CharacterOffsetEnd=1880 PartOfSpeech=NN] [Text=-RRB- CharacterOffsetBegin=1880 CharacterOffsetEnd=1881 PartOfSpeech=-RRB-] [Text=. CharacterOffsetBegin=1881 CharacterOffsetEnd=1882 PartOfSpeech=.] 
root(ROOT-0, gulp-1)
punct(gulp-1, -RRB--2)
punct(gulp-1, .-3)

