Sentence #1 (8 tokens):
This is an abysmal piece of story-telling.
[Text=This CharacterOffsetBegin=4 CharacterOffsetEnd=8 PartOfSpeech=DT] [Text=is CharacterOffsetBegin=9 CharacterOffsetEnd=11 PartOfSpeech=VBZ] [Text=an CharacterOffsetBegin=12 CharacterOffsetEnd=14 PartOfSpeech=DT] [Text=abysmal CharacterOffsetBegin=15 CharacterOffsetEnd=22 PartOfSpeech=JJ] [Text=piece CharacterOffsetBegin=23 CharacterOffsetEnd=28 PartOfSpeech=NN] [Text=of CharacterOffsetBegin=29 CharacterOffsetEnd=31 PartOfSpeech=IN] [Text=story-telling CharacterOffsetBegin=32 CharacterOffsetEnd=45 PartOfSpeech=NN] [Text=. CharacterOffsetBegin=45 CharacterOffsetEnd=46 PartOfSpeech=.] 
root(ROOT-0, piece-5)
nsubj(piece-5, This-1)
cop(piece-5, is-2)
det(piece-5, an-3)
amod(piece-5, abysmal-4)
prep(piece-5, of-6)
pobj(of-6, story-telling-7)
punct(piece-5, .-8)

Sentence #2 (95 tokens):
It is about an hour into the movie before we have much idea of what it is supposed to be about; the characters often mumble inaudibly; actions frequently seem to have no relation to each other; nobody seems to be concerned about who actually murdered the girl; a pair of spooky kids go swimming in waters that seem threatening but nothing happens; the Irishman gets punched in the face by one of his buddies for no apparent reason ... to continue would be as boring as the movie itself.
[Text=It CharacterOffsetBegin=51 CharacterOffsetEnd=53 PartOfSpeech=PRP] [Text=is CharacterOffsetBegin=54 CharacterOffsetEnd=56 PartOfSpeech=VBZ] [Text=about CharacterOffsetBegin=57 CharacterOffsetEnd=62 PartOfSpeech=IN] [Text=an CharacterOffsetBegin=63 CharacterOffsetEnd=65 PartOfSpeech=DT] [Text=hour CharacterOffsetBegin=66 CharacterOffsetEnd=70 PartOfSpeech=NN] [Text=into CharacterOffsetBegin=71 CharacterOffsetEnd=75 PartOfSpeech=IN] [Text=the CharacterOffsetBegin=76 CharacterOffsetEnd=79 PartOfSpeech=DT] [Text=movie CharacterOffsetBegin=80 CharacterOffsetEnd=85 PartOfSpeech=NN] [Text=before CharacterOffsetBegin=86 CharacterOffsetEnd=92 PartOfSpeech=IN] [Text=we CharacterOffsetBegin=93 CharacterOffsetEnd=95 PartOfSpeech=PRP] [Text=have CharacterOffsetBegin=96 CharacterOffsetEnd=100 PartOfSpeech=VBP] [Text=much CharacterOffsetBegin=101 CharacterOffsetEnd=105 PartOfSpeech=JJ] [Text=idea CharacterOffsetBegin=106 CharacterOffsetEnd=110 PartOfSpeech=NN] [Text=of CharacterOffsetBegin=111 CharacterOffsetEnd=113 PartOfSpeech=IN] [Text=what CharacterOffsetBegin=114 CharacterOffsetEnd=118 PartOfSpeech=WP] [Text=it CharacterOffsetBegin=119 CharacterOffsetEnd=121 PartOfSpeech=PRP] [Text=is CharacterOffsetBegin=122 CharacterOffsetEnd=124 PartOfSpeech=VBZ] [Text=supposed CharacterOffsetBegin=125 CharacterOffsetEnd=133 PartOfSpeech=VBN] [Text=to CharacterOffsetBegin=134 CharacterOffsetEnd=136 PartOfSpeech=TO] [Text=be CharacterOffsetBegin=137 CharacterOffsetEnd=139 PartOfSpeech=VB] [Text=about CharacterOffsetBegin=140 CharacterOffsetEnd=145 PartOfSpeech=RB] [Text=; CharacterOffsetBegin=145 CharacterOffsetEnd=146 PartOfSpeech=:] [Text=the CharacterOffsetBegin=147 CharacterOffsetEnd=150 PartOfSpeech=DT] [Text=characters CharacterOffsetBegin=151 CharacterOffsetEnd=161 PartOfSpeech=NNS] [Text=often CharacterOffsetBegin=162 CharacterOffsetEnd=167 PartOfSpeech=RB] [Text=mumble CharacterOffsetBegin=168 CharacterOffsetEnd=174 PartOfSpeech=VBP] [Text=inaudibly CharacterOffsetBegin=175 CharacterOffsetEnd=184 PartOfSpeech=RB] [Text=; CharacterOffsetBegin=184 CharacterOffsetEnd=185 PartOfSpeech=:] [Text=actions CharacterOffsetBegin=186 CharacterOffsetEnd=193 PartOfSpeech=NNS] [Text=frequently CharacterOffsetBegin=194 CharacterOffsetEnd=204 PartOfSpeech=RB] [Text=seem CharacterOffsetBegin=205 CharacterOffsetEnd=209 PartOfSpeech=VBP] [Text=to CharacterOffsetBegin=210 CharacterOffsetEnd=212 PartOfSpeech=TO] [Text=have CharacterOffsetBegin=213 CharacterOffsetEnd=217 PartOfSpeech=VB] [Text=no CharacterOffsetBegin=218 CharacterOffsetEnd=220 PartOfSpeech=DT] [Text=relation CharacterOffsetBegin=221 CharacterOffsetEnd=229 PartOfSpeech=NN] [Text=to CharacterOffsetBegin=230 CharacterOffsetEnd=232 PartOfSpeech=TO] [Text=each CharacterOffsetBegin=233 CharacterOffsetEnd=237 PartOfSpeech=DT] [Text=other CharacterOffsetBegin=238 CharacterOffsetEnd=243 PartOfSpeech=JJ] [Text=; CharacterOffsetBegin=243 CharacterOffsetEnd=244 PartOfSpeech=:] [Text=nobody CharacterOffsetBegin=245 CharacterOffsetEnd=251 PartOfSpeech=NN] [Text=seems CharacterOffsetBegin=252 CharacterOffsetEnd=257 PartOfSpeech=VBZ] [Text=to CharacterOffsetBegin=258 CharacterOffsetEnd=260 PartOfSpeech=TO] [Text=be CharacterOffsetBegin=261 CharacterOffsetEnd=263 PartOfSpeech=VB] [Text=concerned CharacterOffsetBegin=264 CharacterOffsetEnd=273 PartOfSpeech=VBN] [Text=about CharacterOffsetBegin=274 CharacterOffsetEnd=279 PartOfSpeech=IN] [Text=who CharacterOffsetBegin=280 CharacterOffsetEnd=283 PartOfSpeech=WP] [Text=actually CharacterOffsetBegin=284 CharacterOffsetEnd=292 PartOfSpeech=RB] [Text=murdered CharacterOffsetBegin=293 CharacterOffsetEnd=301 PartOfSpeech=VBN] [Text=the CharacterOffsetBegin=302 CharacterOffsetEnd=305 PartOfSpeech=DT] [Text=girl CharacterOffsetBegin=306 CharacterOffsetEnd=310 PartOfSpeech=NN] [Text=; CharacterOffsetBegin=310 CharacterOffsetEnd=311 PartOfSpeech=:] [Text=a CharacterOffsetBegin=312 CharacterOffsetEnd=313 PartOfSpeech=DT] [Text=pair CharacterOffsetBegin=314 CharacterOffsetEnd=318 PartOfSpeech=NN] [Text=of CharacterOffsetBegin=319 CharacterOffsetEnd=321 PartOfSpeech=IN] [Text=spooky CharacterOffsetBegin=322 CharacterOffsetEnd=328 PartOfSpeech=JJ] [Text=kids CharacterOffsetBegin=329 CharacterOffsetEnd=333 PartOfSpeech=NNS] [Text=go CharacterOffsetBegin=334 CharacterOffsetEnd=336 PartOfSpeech=VBP] [Text=swimming CharacterOffsetBegin=337 CharacterOffsetEnd=345 PartOfSpeech=VBG] [Text=in CharacterOffsetBegin=346 CharacterOffsetEnd=348 PartOfSpeech=IN] [Text=waters CharacterOffsetBegin=349 CharacterOffsetEnd=355 PartOfSpeech=NNS] [Text=that CharacterOffsetBegin=356 CharacterOffsetEnd=360 PartOfSpeech=WDT] [Text=seem CharacterOffsetBegin=361 CharacterOffsetEnd=365 PartOfSpeech=VBP] [Text=threatening CharacterOffsetBegin=366 CharacterOffsetEnd=377 PartOfSpeech=JJ] [Text=but CharacterOffsetBegin=378 CharacterOffsetEnd=381 PartOfSpeech=CC] [Text=nothing CharacterOffsetBegin=382 CharacterOffsetEnd=389 PartOfSpeech=NN] [Text=happens CharacterOffsetBegin=390 CharacterOffsetEnd=397 PartOfSpeech=VBZ] [Text=; CharacterOffsetBegin=397 CharacterOffsetEnd=398 PartOfSpeech=:] [Text=the CharacterOffsetBegin=399 CharacterOffsetEnd=402 PartOfSpeech=DT] [Text=Irishman CharacterOffsetBegin=403 CharacterOffsetEnd=411 PartOfSpeech=NNP] [Text=gets CharacterOffsetBegin=412 CharacterOffsetEnd=416 PartOfSpeech=VBZ] [Text=punched CharacterOffsetBegin=417 CharacterOffsetEnd=424 PartOfSpeech=VBN] [Text=in CharacterOffsetBegin=425 CharacterOffsetEnd=427 PartOfSpeech=IN] [Text=the CharacterOffsetBegin=428 CharacterOffsetEnd=431 PartOfSpeech=DT] [Text=face CharacterOffsetBegin=432 CharacterOffsetEnd=436 PartOfSpeech=NN] [Text=by CharacterOffsetBegin=437 CharacterOffsetEnd=439 PartOfSpeech=IN] [Text=one CharacterOffsetBegin=440 CharacterOffsetEnd=443 PartOfSpeech=CD] [Text=of CharacterOffsetBegin=444 CharacterOffsetEnd=446 PartOfSpeech=IN] [Text=his CharacterOffsetBegin=447 CharacterOffsetEnd=450 PartOfSpeech=PRP$] [Text=buddies CharacterOffsetBegin=451 CharacterOffsetEnd=458 PartOfSpeech=NNS] [Text=for CharacterOffsetBegin=459 CharacterOffsetEnd=462 PartOfSpeech=IN] [Text=no CharacterOffsetBegin=463 CharacterOffsetEnd=465 PartOfSpeech=DT] [Text=apparent CharacterOffsetBegin=466 CharacterOffsetEnd=474 PartOfSpeech=JJ] [Text=reason CharacterOffsetBegin=475 CharacterOffsetEnd=481 PartOfSpeech=NN] [Text=... CharacterOffsetBegin=482 CharacterOffsetEnd=485 PartOfSpeech=:] [Text=to CharacterOffsetBegin=486 CharacterOffsetEnd=488 PartOfSpeech=TO] [Text=continue CharacterOffsetBegin=489 CharacterOffsetEnd=497 PartOfSpeech=VB] [Text=would CharacterOffsetBegin=498 CharacterOffsetEnd=503 PartOfSpeech=MD] [Text=be CharacterOffsetBegin=504 CharacterOffsetEnd=506 PartOfSpeech=VB] [Text=as CharacterOffsetBegin=507 CharacterOffsetEnd=509 PartOfSpeech=IN] [Text=boring CharacterOffsetBegin=510 CharacterOffsetEnd=516 PartOfSpeech=JJ] [Text=as CharacterOffsetBegin=517 CharacterOffsetEnd=519 PartOfSpeech=IN] [Text=the CharacterOffsetBegin=520 CharacterOffsetEnd=523 PartOfSpeech=DT] [Text=movie CharacterOffsetBegin=524 CharacterOffsetEnd=529 PartOfSpeech=NN] [Text=itself CharacterOffsetBegin=530 CharacterOffsetEnd=536 PartOfSpeech=PRP] [Text=. CharacterOffsetBegin=536 CharacterOffsetEnd=537 PartOfSpeech=.] 
root(ROOT-0, It-1)
rcmod(It-1, is-2)
prep(is-2, about-3)
det(hour-5, an-4)
pobj(about-3, hour-5)
prep(hour-5, into-6)
det(movie-8, the-7)
pobj(into-6, movie-8)
mark(have-11, before-9)
nsubj(have-11, we-10)
advcl(is-2, have-11)
amod(idea-13, much-12)
dobj(have-11, idea-13)
prep(idea-13, of-14)
dobj(supposed-18, what-15)
nsubjpass(supposed-18, it-16)
auxpass(supposed-18, is-17)
pcomp(of-14, supposed-18)
aux(about-21, to-19)
cop(about-21, be-20)
xcomp(supposed-18, about-21)
punct(It-1, ;-22)
det(characters-24, the-23)
nsubj(mumble-26, characters-24)
advmod(mumble-26, often-25)
parataxis(It-1, mumble-26)
advmod(mumble-26, inaudibly-27)
punct(It-1, ;-28)
nsubj(seem-31, actions-29)
advmod(seem-31, frequently-30)
conj(It-1, seem-31)
aux(have-33, to-32)
xcomp(seem-31, have-33)
det(relation-35, no-34)
dobj(have-33, relation-35)
prep(relation-35, to-36)
det(other-38, each-37)
pobj(to-36, other-38)
punct(It-1, ;-39)
nsubj(seems-41, nobody-40)
conj(It-1, seems-41)
aux(concerned-44, to-42)
auxpass(concerned-44, be-43)
xcomp(seems-41, concerned-44)
prep(concerned-44, about-45)
nsubj(murdered-48, who-46)
advmod(murdered-48, actually-47)
pcomp(about-45, murdered-48)
det(girl-50, the-49)
dobj(murdered-48, girl-50)
punct(It-1, ;-51)
det(pair-53, a-52)
nsubj(go-57, pair-53)
prep(pair-53, of-54)
amod(kids-56, spooky-55)
pobj(of-54, kids-56)
conj(It-1, go-57)
xcomp(go-57, swimming-58)
prep(swimming-58, in-59)
pobj(in-59, waters-60)
nsubj(threatening-63, that-61)
cop(threatening-63, seem-62)
rcmod(swimming-58, threatening-63)
cc(threatening-63, but-64)
nsubj(happens-66, nothing-65)
conj(threatening-63, happens-66)
punct(It-1, ;-67)
det(Irishman-69, the-68)
nsubj(boring-90, Irishman-69)
dep(Irishman-69, gets-70)
dep(gets-70, punched-71)
prep(punched-71, in-72)
det(face-74, the-73)
pobj(in-72, face-74)
prep(punched-71, by-75)
pobj(by-75, one-76)
prep(one-76, of-77)
poss(buddies-79, his-78)
pobj(of-77, buddies-79)
prep(buddies-79, for-80)
det(reason-83, no-81)
amod(reason-83, apparent-82)
pobj(for-80, reason-83)
punct(gets-70, ...-84)
aux(continue-86, to-85)
infmod(Irishman-69, continue-86)
aux(boring-90, would-87)
cop(boring-90, be-88)
advmod(boring-90, as-89)
dep(It-1, boring-90)
prep(boring-90, as-91)
det(movie-93, the-92)
pobj(as-91, movie-93)
dep(movie-93, itself-94)
punct(It-1, .-95)

Sentence #3 (24 tokens):
The only half-entertaining element is the landscape photography; but anyone could point a camera at the Australian outback a get memorable shots.
[Text=The CharacterOffsetBegin=542 CharacterOffsetEnd=545 PartOfSpeech=DT] [Text=only CharacterOffsetBegin=546 CharacterOffsetEnd=550 PartOfSpeech=JJ] [Text=half-entertaining CharacterOffsetBegin=551 CharacterOffsetEnd=568 PartOfSpeech=NN] [Text=element CharacterOffsetBegin=569 CharacterOffsetEnd=576 PartOfSpeech=NN] [Text=is CharacterOffsetBegin=577 CharacterOffsetEnd=579 PartOfSpeech=VBZ] [Text=the CharacterOffsetBegin=580 CharacterOffsetEnd=583 PartOfSpeech=DT] [Text=landscape CharacterOffsetBegin=584 CharacterOffsetEnd=593 PartOfSpeech=NN] [Text=photography CharacterOffsetBegin=594 CharacterOffsetEnd=605 PartOfSpeech=NN] [Text=; CharacterOffsetBegin=605 CharacterOffsetEnd=606 PartOfSpeech=:] [Text=but CharacterOffsetBegin=607 CharacterOffsetEnd=610 PartOfSpeech=CC] [Text=anyone CharacterOffsetBegin=611 CharacterOffsetEnd=617 PartOfSpeech=NN] [Text=could CharacterOffsetBegin=618 CharacterOffsetEnd=623 PartOfSpeech=MD] [Text=point CharacterOffsetBegin=624 CharacterOffsetEnd=629 PartOfSpeech=VB] [Text=a CharacterOffsetBegin=630 CharacterOffsetEnd=631 PartOfSpeech=DT] [Text=camera CharacterOffsetBegin=632 CharacterOffsetEnd=638 PartOfSpeech=NN] [Text=at CharacterOffsetBegin=639 CharacterOffsetEnd=641 PartOfSpeech=IN] [Text=the CharacterOffsetBegin=642 CharacterOffsetEnd=645 PartOfSpeech=DT] [Text=Australian CharacterOffsetBegin=646 CharacterOffsetEnd=656 PartOfSpeech=JJ] [Text=outback CharacterOffsetBegin=657 CharacterOffsetEnd=664 PartOfSpeech=NN] [Text=a CharacterOffsetBegin=665 CharacterOffsetEnd=666 PartOfSpeech=DT] [Text=get CharacterOffsetBegin=667 CharacterOffsetEnd=670 PartOfSpeech=VB] [Text=memorable CharacterOffsetBegin=671 CharacterOffsetEnd=680 PartOfSpeech=JJ] [Text=shots CharacterOffsetBegin=681 CharacterOffsetEnd=686 PartOfSpeech=NNS] [Text=. CharacterOffsetBegin=686 CharacterOffsetEnd=687 PartOfSpeech=.] 
root(ROOT-0, photography-8)
det(element-4, The-1)
amod(element-4, only-2)
nn(element-4, half-entertaining-3)
nsubj(photography-8, element-4)
cop(photography-8, is-5)
det(photography-8, the-6)
nn(photography-8, landscape-7)
punct(photography-8, ;-9)
cc(photography-8, but-10)
nsubj(point-13, anyone-11)
aux(point-13, could-12)
conj(photography-8, point-13)
det(camera-15, a-14)
dobj(point-13, camera-15)
prep(point-13, at-16)
det(outback-19, the-17)
amod(outback-19, Australian-18)
pobj(at-16, outback-19)
det(shots-23, a-20)
amod(shots-23, get-21)
amod(shots-23, memorable-22)
dobj(point-13, shots-23)
punct(photography-8, .-24)

Sentence #4 (21 tokens):
Overall - dreary, incoherent, pretentious - and downright annoying for wasting so much of the viewer's time.
[Text=Overall CharacterOffsetBegin=692 CharacterOffsetEnd=699 PartOfSpeech=JJ] [Text=- CharacterOffsetBegin=700 CharacterOffsetEnd=701 PartOfSpeech=:] [Text=dreary CharacterOffsetBegin=702 CharacterOffsetEnd=708 PartOfSpeech=JJ] [Text=, CharacterOffsetBegin=708 CharacterOffsetEnd=709 PartOfSpeech=,] [Text=incoherent CharacterOffsetBegin=710 CharacterOffsetEnd=720 PartOfSpeech=JJ] [Text=, CharacterOffsetBegin=720 CharacterOffsetEnd=721 PartOfSpeech=,] [Text=pretentious CharacterOffsetBegin=722 CharacterOffsetEnd=733 PartOfSpeech=JJ] [Text=- CharacterOffsetBegin=734 CharacterOffsetEnd=735 PartOfSpeech=:] [Text=and CharacterOffsetBegin=736 CharacterOffsetEnd=739 PartOfSpeech=CC] [Text=downright CharacterOffsetBegin=740 CharacterOffsetEnd=749 PartOfSpeech=RB] [Text=annoying CharacterOffsetBegin=750 CharacterOffsetEnd=758 PartOfSpeech=JJ] [Text=for CharacterOffsetBegin=759 CharacterOffsetEnd=762 PartOfSpeech=IN] [Text=wasting CharacterOffsetBegin=763 CharacterOffsetEnd=770 PartOfSpeech=VBG] [Text=so CharacterOffsetBegin=771 CharacterOffsetEnd=773 PartOfSpeech=RB] [Text=much CharacterOffsetBegin=774 CharacterOffsetEnd=778 PartOfSpeech=RB] [Text=of CharacterOffsetBegin=779 CharacterOffsetEnd=781 PartOfSpeech=IN] [Text=the CharacterOffsetBegin=782 CharacterOffsetEnd=785 PartOfSpeech=DT] [Text=viewer CharacterOffsetBegin=786 CharacterOffsetEnd=792 PartOfSpeech=NN] [Text='s CharacterOffsetBegin=792 CharacterOffsetEnd=794 PartOfSpeech=POS] [Text=time CharacterOffsetBegin=795 CharacterOffsetEnd=799 PartOfSpeech=NN] [Text=. CharacterOffsetBegin=799 CharacterOffsetEnd=800 PartOfSpeech=.] 
root(ROOT-0, dreary-3)
amod(dreary-3, Overall-1)
punct(dreary-3, --2)
punct(dreary-3, ,-4)
conj(dreary-3, incoherent-5)
punct(dreary-3, ,-6)
dep(dreary-3, pretentious-7)
punct(pretentious-7, --8)
cc(pretentious-7, and-9)
advmod(annoying-11, downright-10)
conj(pretentious-7, annoying-11)
prep(annoying-11, for-12)
pcomp(for-12, wasting-13)
advmod(much-15, so-14)
dobj(wasting-13, much-15)
prep(much-15, of-16)
det(viewer-18, the-17)
poss(time-20, viewer-18)
possessive(viewer-18, 's-19)
pobj(of-16, time-20)
punct(dreary-3, .-21)

