Sentence #1 (37 tokens):
Two years before he wrote and directed "Arthur", Steve Gordon had a minor hit with his screenplay for this crackpot comedic vehicle for Henry Winkler, then TV's "The Fonz".
[Text=Two CharacterOffsetBegin=4 CharacterOffsetEnd=7 PartOfSpeech=CD] [Text=years CharacterOffsetBegin=8 CharacterOffsetEnd=13 PartOfSpeech=NNS] [Text=before CharacterOffsetBegin=14 CharacterOffsetEnd=20 PartOfSpeech=IN] [Text=he CharacterOffsetBegin=21 CharacterOffsetEnd=23 PartOfSpeech=PRP] [Text=wrote CharacterOffsetBegin=24 CharacterOffsetEnd=29 PartOfSpeech=VBD] [Text=and CharacterOffsetBegin=30 CharacterOffsetEnd=33 PartOfSpeech=CC] [Text=directed CharacterOffsetBegin=34 CharacterOffsetEnd=42 PartOfSpeech=VBD] [Text=`` CharacterOffsetBegin=43 CharacterOffsetEnd=44 PartOfSpeech=``] [Text=Arthur CharacterOffsetBegin=44 CharacterOffsetEnd=50 PartOfSpeech=NNP] [Text='' CharacterOffsetBegin=50 CharacterOffsetEnd=51 PartOfSpeech=''] [Text=, CharacterOffsetBegin=51 CharacterOffsetEnd=52 PartOfSpeech=,] [Text=Steve CharacterOffsetBegin=53 CharacterOffsetEnd=58 PartOfSpeech=NNP] [Text=Gordon CharacterOffsetBegin=59 CharacterOffsetEnd=65 PartOfSpeech=NNP] [Text=had CharacterOffsetBegin=66 CharacterOffsetEnd=69 PartOfSpeech=VBD] [Text=a CharacterOffsetBegin=70 CharacterOffsetEnd=71 PartOfSpeech=DT] [Text=minor CharacterOffsetBegin=72 CharacterOffsetEnd=77 PartOfSpeech=JJ] [Text=hit CharacterOffsetBegin=78 CharacterOffsetEnd=81 PartOfSpeech=NN] [Text=with CharacterOffsetBegin=82 CharacterOffsetEnd=86 PartOfSpeech=IN] [Text=his CharacterOffsetBegin=87 CharacterOffsetEnd=90 PartOfSpeech=PRP$] [Text=screenplay CharacterOffsetBegin=91 CharacterOffsetEnd=101 PartOfSpeech=NN] [Text=for CharacterOffsetBegin=102 CharacterOffsetEnd=105 PartOfSpeech=IN] [Text=this CharacterOffsetBegin=106 CharacterOffsetEnd=110 PartOfSpeech=DT] [Text=crackpot CharacterOffsetBegin=111 CharacterOffsetEnd=119 PartOfSpeech=JJ] [Text=comedic CharacterOffsetBegin=120 CharacterOffsetEnd=127 PartOfSpeech=JJ] [Text=vehicle CharacterOffsetBegin=128 CharacterOffsetEnd=135 PartOfSpeech=NN] [Text=for CharacterOffsetBegin=136 CharacterOffsetEnd=139 PartOfSpeech=IN] [Text=Henry CharacterOffsetBegin=140 CharacterOffsetEnd=145 PartOfSpeech=NNP] [Text=Winkler CharacterOffsetBegin=146 CharacterOffsetEnd=153 PartOfSpeech=NNP] [Text=, CharacterOffsetBegin=153 CharacterOffsetEnd=154 PartOfSpeech=,] [Text=then CharacterOffsetBegin=155 CharacterOffsetEnd=159 PartOfSpeech=RB] [Text=TV CharacterOffsetBegin=160 CharacterOffsetEnd=162 PartOfSpeech=NN] [Text='s CharacterOffsetBegin=162 CharacterOffsetEnd=164 PartOfSpeech=POS] [Text=`` CharacterOffsetBegin=165 CharacterOffsetEnd=166 PartOfSpeech=``] [Text=The CharacterOffsetBegin=166 CharacterOffsetEnd=169 PartOfSpeech=DT] [Text=Fonz CharacterOffsetBegin=170 CharacterOffsetEnd=174 PartOfSpeech=NNP] [Text='' CharacterOffsetBegin=174 CharacterOffsetEnd=175 PartOfSpeech=''] [Text=. CharacterOffsetBegin=175 CharacterOffsetEnd=176 PartOfSpeech=.] 
root(ROOT-0, wrote-5)
num(years-2, Two-1)
dep(wrote-5, years-2)
mark(wrote-5, before-3)
nsubj(wrote-5, he-4)
cc(wrote-5, and-6)
conj(wrote-5, directed-7)
punct(had-14, ``-8)
nsubj(had-14, Arthur-9)
punct(had-14, ''-10)
punct(had-14, ,-11)
nn(Gordon-13, Steve-12)
nsubj(had-14, Gordon-13)
ccomp(directed-7, had-14)
det(hit-17, a-15)
amod(hit-17, minor-16)
dobj(had-14, hit-17)
prep(had-14, with-18)
poss(screenplay-20, his-19)
pobj(with-18, screenplay-20)
prep(screenplay-20, for-21)
det(vehicle-25, this-22)
amod(vehicle-25, crackpot-23)
amod(vehicle-25, comedic-24)
pobj(for-21, vehicle-25)
prep(had-14, for-26)
nn(Winkler-28, Henry-27)
pobj(for-26, Winkler-28)
punct(Winkler-28, ,-29)
advmod(Winkler-28, then-30)
poss(Fonz-35, TV-31)
possessive(TV-31, 's-32)
punct(Fonz-35, ``-33)
det(Fonz-35, The-34)
dep(Winkler-28, Fonz-35)
punct(Fonz-35, ''-36)
punct(wrote-5, .-37)

Sentence #2 (48 tokens):
A 1950s college thespian (and all-around jerk) woos a co-ed and gets married without any employment prospects on the horizon; to make ends meet, he turns to the flamboyant world of wrestling, eventually becoming a "Gorgeous George"-like celebrity.
[Text=A CharacterOffsetBegin=181 CharacterOffsetEnd=182 PartOfSpeech=DT] [Text=1950s CharacterOffsetBegin=183 CharacterOffsetEnd=188 PartOfSpeech=CD] [Text=college CharacterOffsetBegin=189 CharacterOffsetEnd=196 PartOfSpeech=NN] [Text=thespian CharacterOffsetBegin=197 CharacterOffsetEnd=205 PartOfSpeech=JJ] [Text=-LRB- CharacterOffsetBegin=206 CharacterOffsetEnd=207 PartOfSpeech=-LRB-] [Text=and CharacterOffsetBegin=207 CharacterOffsetEnd=210 PartOfSpeech=CC] [Text=all-around CharacterOffsetBegin=211 CharacterOffsetEnd=221 PartOfSpeech=JJ] [Text=jerk CharacterOffsetBegin=222 CharacterOffsetEnd=226 PartOfSpeech=NN] [Text=-RRB- CharacterOffsetBegin=226 CharacterOffsetEnd=227 PartOfSpeech=-RRB-] [Text=woos CharacterOffsetBegin=228 CharacterOffsetEnd=232 PartOfSpeech=VBZ] [Text=a CharacterOffsetBegin=233 CharacterOffsetEnd=234 PartOfSpeech=DT] [Text=co-ed CharacterOffsetBegin=235 CharacterOffsetEnd=240 PartOfSpeech=JJ] [Text=and CharacterOffsetBegin=241 CharacterOffsetEnd=244 PartOfSpeech=CC] [Text=gets CharacterOffsetBegin=245 CharacterOffsetEnd=249 PartOfSpeech=VBZ] [Text=married CharacterOffsetBegin=250 CharacterOffsetEnd=257 PartOfSpeech=VBN] [Text=without CharacterOffsetBegin=258 CharacterOffsetEnd=265 PartOfSpeech=IN] [Text=any CharacterOffsetBegin=266 CharacterOffsetEnd=269 PartOfSpeech=DT] [Text=employment CharacterOffsetBegin=270 CharacterOffsetEnd=280 PartOfSpeech=NN] [Text=prospects CharacterOffsetBegin=281 CharacterOffsetEnd=290 PartOfSpeech=NNS] [Text=on CharacterOffsetBegin=291 CharacterOffsetEnd=293 PartOfSpeech=IN] [Text=the CharacterOffsetBegin=294 CharacterOffsetEnd=297 PartOfSpeech=DT] [Text=horizon CharacterOffsetBegin=298 CharacterOffsetEnd=305 PartOfSpeech=NN] [Text=; CharacterOffsetBegin=305 CharacterOffsetEnd=306 PartOfSpeech=:] [Text=to CharacterOffsetBegin=307 CharacterOffsetEnd=309 PartOfSpeech=TO] [Text=make CharacterOffsetBegin=310 CharacterOffsetEnd=314 PartOfSpeech=VB] [Text=ends CharacterOffsetBegin=315 CharacterOffsetEnd=319 PartOfSpeech=NNS] [Text=meet CharacterOffsetBegin=320 CharacterOffsetEnd=324 PartOfSpeech=VB] [Text=, CharacterOffsetBegin=324 CharacterOffsetEnd=325 PartOfSpeech=,] [Text=he CharacterOffsetBegin=326 CharacterOffsetEnd=328 PartOfSpeech=PRP] [Text=turns CharacterOffsetBegin=329 CharacterOffsetEnd=334 PartOfSpeech=VBZ] [Text=to CharacterOffsetBegin=335 CharacterOffsetEnd=337 PartOfSpeech=TO] [Text=the CharacterOffsetBegin=338 CharacterOffsetEnd=341 PartOfSpeech=DT] [Text=flamboyant CharacterOffsetBegin=342 CharacterOffsetEnd=352 PartOfSpeech=JJ] [Text=world CharacterOffsetBegin=353 CharacterOffsetEnd=358 PartOfSpeech=NN] [Text=of CharacterOffsetBegin=359 CharacterOffsetEnd=361 PartOfSpeech=IN] [Text=wrestling CharacterOffsetBegin=362 CharacterOffsetEnd=371 PartOfSpeech=NN] [Text=, CharacterOffsetBegin=371 CharacterOffsetEnd=372 PartOfSpeech=,] [Text=eventually CharacterOffsetBegin=373 CharacterOffsetEnd=383 PartOfSpeech=RB] [Text=becoming CharacterOffsetBegin=384 CharacterOffsetEnd=392 PartOfSpeech=VBG] [Text=a CharacterOffsetBegin=393 CharacterOffsetEnd=394 PartOfSpeech=DT] [Text=`` CharacterOffsetBegin=395 CharacterOffsetEnd=396 PartOfSpeech=``] [Text=Gorgeous CharacterOffsetBegin=396 CharacterOffsetEnd=404 PartOfSpeech=JJ] [Text=George CharacterOffsetBegin=405 CharacterOffsetEnd=411 PartOfSpeech=NNP] [Text='' CharacterOffsetBegin=411 CharacterOffsetEnd=412 PartOfSpeech=''] [Text=- CharacterOffsetBegin=412 CharacterOffsetEnd=413 PartOfSpeech=:] [Text=like CharacterOffsetBegin=413 CharacterOffsetEnd=417 PartOfSpeech=IN] [Text=celebrity CharacterOffsetBegin=418 CharacterOffsetEnd=427 PartOfSpeech=NN] [Text=. CharacterOffsetBegin=427 CharacterOffsetEnd=428 PartOfSpeech=.] 
root(ROOT-0, turns-30)
ccomp(turns-30, A-1)
num(thespian-4, 1950s-2)
nn(thespian-4, college-3)
dep(A-1, thespian-4)
punct(jerk-8, -LRB--5)
cc(jerk-8, and-6)
conj(jerk-8, all-around-7)
dep(thespian-4, jerk-8)
punct(jerk-8, -RRB--9)
dep(thespian-4, woos-10)
det(co-ed-12, a-11)
dobj(woos-10, co-ed-12)
cc(thespian-4, and-13)
auxpass(married-15, gets-14)
conj(thespian-4, married-15)
prep(married-15, without-16)
det(prospects-19, any-17)
nn(prospects-19, employment-18)
pobj(without-16, prospects-19)
prep(prospects-19, on-20)
det(horizon-22, the-21)
pobj(on-20, horizon-22)
punct(A-1, ;-23)
aux(make-25, to-24)
conj(A-1, make-25)
nsubj(meet-27, ends-26)
xcomp(make-25, meet-27)
punct(turns-30, ,-28)
nsubj(turns-30, he-29)
prep(turns-30, to-31)
det(world-34, the-32)
amod(world-34, flamboyant-33)
pobj(to-31, world-34)
prep(world-34, of-35)
pobj(of-35, wrestling-36)
punct(turns-30, ,-37)
advmod(becoming-39, eventually-38)
partmod(turns-30, becoming-39)
dep(becoming-39, a-40)
punct(a-40, ``-41)
dep(``-41, Gorgeous-42)
dep(Gorgeous-42, George-43)
punct(George-43, ''-44)
punct(George-43, --45)
prep(George-43, like-46)
pobj(like-46, celebrity-47)
punct(Gorgeous-42, .-48)

Sentence #3 (49 tokens):
Turning likable Winkler into an obnoxious goof-off probably sounded like an interesting idea at the time (and a sure way to separate him from his television alter-ego), but the jokes and situations are often wrong-headed and mean, staged rather sloppily by director Carl Reiner.
[Text=Turning CharacterOffsetBegin=433 CharacterOffsetEnd=440 PartOfSpeech=VBG] [Text=likable CharacterOffsetBegin=441 CharacterOffsetEnd=448 PartOfSpeech=JJ] [Text=Winkler CharacterOffsetBegin=449 CharacterOffsetEnd=456 PartOfSpeech=NNP] [Text=into CharacterOffsetBegin=457 CharacterOffsetEnd=461 PartOfSpeech=IN] [Text=an CharacterOffsetBegin=462 CharacterOffsetEnd=464 PartOfSpeech=DT] [Text=obnoxious CharacterOffsetBegin=465 CharacterOffsetEnd=474 PartOfSpeech=JJ] [Text=goof-off CharacterOffsetBegin=475 CharacterOffsetEnd=483 PartOfSpeech=NN] [Text=probably CharacterOffsetBegin=484 CharacterOffsetEnd=492 PartOfSpeech=RB] [Text=sounded CharacterOffsetBegin=493 CharacterOffsetEnd=500 PartOfSpeech=VBD] [Text=like CharacterOffsetBegin=501 CharacterOffsetEnd=505 PartOfSpeech=IN] [Text=an CharacterOffsetBegin=506 CharacterOffsetEnd=508 PartOfSpeech=DT] [Text=interesting CharacterOffsetBegin=509 CharacterOffsetEnd=520 PartOfSpeech=JJ] [Text=idea CharacterOffsetBegin=521 CharacterOffsetEnd=525 PartOfSpeech=NN] [Text=at CharacterOffsetBegin=526 CharacterOffsetEnd=528 PartOfSpeech=IN] [Text=the CharacterOffsetBegin=529 CharacterOffsetEnd=532 PartOfSpeech=DT] [Text=time CharacterOffsetBegin=533 CharacterOffsetEnd=537 PartOfSpeech=NN] [Text=-LRB- CharacterOffsetBegin=538 CharacterOffsetEnd=539 PartOfSpeech=-LRB-] [Text=and CharacterOffsetBegin=539 CharacterOffsetEnd=542 PartOfSpeech=CC] [Text=a CharacterOffsetBegin=543 CharacterOffsetEnd=544 PartOfSpeech=DT] [Text=sure CharacterOffsetBegin=545 CharacterOffsetEnd=549 PartOfSpeech=JJ] [Text=way CharacterOffsetBegin=550 CharacterOffsetEnd=553 PartOfSpeech=NN] [Text=to CharacterOffsetBegin=554 CharacterOffsetEnd=556 PartOfSpeech=TO] [Text=separate CharacterOffsetBegin=557 CharacterOffsetEnd=565 PartOfSpeech=VB] [Text=him CharacterOffsetBegin=566 CharacterOffsetEnd=569 PartOfSpeech=PRP] [Text=from CharacterOffsetBegin=570 CharacterOffsetEnd=574 PartOfSpeech=IN] [Text=his CharacterOffsetBegin=575 CharacterOffsetEnd=578 PartOfSpeech=PRP$] [Text=television CharacterOffsetBegin=579 CharacterOffsetEnd=589 PartOfSpeech=NN] [Text=alter-ego CharacterOffsetBegin=590 CharacterOffsetEnd=599 PartOfSpeech=NN] [Text=-RRB- CharacterOffsetBegin=599 CharacterOffsetEnd=600 PartOfSpeech=-RRB-] [Text=, CharacterOffsetBegin=600 CharacterOffsetEnd=601 PartOfSpeech=,] [Text=but CharacterOffsetBegin=602 CharacterOffsetEnd=605 PartOfSpeech=CC] [Text=the CharacterOffsetBegin=606 CharacterOffsetEnd=609 PartOfSpeech=DT] [Text=jokes CharacterOffsetBegin=610 CharacterOffsetEnd=615 PartOfSpeech=NNS] [Text=and CharacterOffsetBegin=616 CharacterOffsetEnd=619 PartOfSpeech=CC] [Text=situations CharacterOffsetBegin=620 CharacterOffsetEnd=630 PartOfSpeech=NNS] [Text=are CharacterOffsetBegin=631 CharacterOffsetEnd=634 PartOfSpeech=VBP] [Text=often CharacterOffsetBegin=635 CharacterOffsetEnd=640 PartOfSpeech=RB] [Text=wrong-headed CharacterOffsetBegin=641 CharacterOffsetEnd=653 PartOfSpeech=JJ] [Text=and CharacterOffsetBegin=654 CharacterOffsetEnd=657 PartOfSpeech=CC] [Text=mean CharacterOffsetBegin=658 CharacterOffsetEnd=662 PartOfSpeech=VB] [Text=, CharacterOffsetBegin=662 CharacterOffsetEnd=663 PartOfSpeech=,] [Text=staged CharacterOffsetBegin=664 CharacterOffsetEnd=670 PartOfSpeech=VBD] [Text=rather CharacterOffsetBegin=671 CharacterOffsetEnd=677 PartOfSpeech=RB] [Text=sloppily CharacterOffsetBegin=678 CharacterOffsetEnd=686 PartOfSpeech=RB] [Text=by CharacterOffsetBegin=687 CharacterOffsetEnd=689 PartOfSpeech=IN] [Text=director CharacterOffsetBegin=690 CharacterOffsetEnd=698 PartOfSpeech=NN] [Text=Carl CharacterOffsetBegin=699 CharacterOffsetEnd=703 PartOfSpeech=NNP] [Text=Reiner CharacterOffsetBegin=704 CharacterOffsetEnd=710 PartOfSpeech=NNP] [Text=. CharacterOffsetBegin=710 CharacterOffsetEnd=711 PartOfSpeech=.] 
root(ROOT-0, sounded-9)
csubj(sounded-9, Turning-1)
amod(Winkler-3, likable-2)
dobj(Turning-1, Winkler-3)
prep(Turning-1, into-4)
det(goof-off-7, an-5)
amod(goof-off-7, obnoxious-6)
pobj(into-4, goof-off-7)
advmod(sounded-9, probably-8)
prep(sounded-9, like-10)
det(idea-13, an-11)
amod(idea-13, interesting-12)
pobj(like-10, idea-13)
prep(idea-13, at-14)
det(time-16, the-15)
pobj(at-14, time-16)
punct(way-21, -LRB--17)
cc(way-21, and-18)
det(way-21, a-19)
amod(way-21, sure-20)
appos(time-16, way-21)
aux(separate-23, to-22)
infmod(way-21, separate-23)
dobj(separate-23, him-24)
prep(separate-23, from-25)
poss(alter-ego-28, his-26)
nn(alter-ego-28, television-27)
pobj(from-25, alter-ego-28)
punct(way-21, -RRB--29)
punct(sounded-9, ,-30)
cc(sounded-9, but-31)
det(jokes-33, the-32)
nsubj(wrong-headed-38, jokes-33)
cc(jokes-33, and-34)
conj(jokes-33, situations-35)
cop(wrong-headed-38, are-36)
advmod(wrong-headed-38, often-37)
conj(sounded-9, wrong-headed-38)
cc(wrong-headed-38, and-39)
conj(wrong-headed-38, mean-40)
punct(wrong-headed-38, ,-41)
dep(wrong-headed-38, staged-42)
advmod(sloppily-44, rather-43)
advmod(staged-42, sloppily-44)
prep(sloppily-44, by-45)
nn(Reiner-48, director-46)
nn(Reiner-48, Carl-47)
pobj(by-45, Reiner-48)
punct(sounded-9, .-49)

Sentence #4 (30 tokens):
Particularly crude is a wincing bit involving Herv Villechaize (of "Fantasy Island") putting the moves on Polly Holliday (Flo from "Alice").
[Text=Particularly CharacterOffsetBegin=716 CharacterOffsetEnd=728 PartOfSpeech=RB] [Text=crude CharacterOffsetBegin=729 CharacterOffsetEnd=734 PartOfSpeech=NN] [Text=is CharacterOffsetBegin=735 CharacterOffsetEnd=737 PartOfSpeech=VBZ] [Text=a CharacterOffsetBegin=738 CharacterOffsetEnd=739 PartOfSpeech=DT] [Text=wincing CharacterOffsetBegin=740 CharacterOffsetEnd=747 PartOfSpeech=VBG] [Text=bit CharacterOffsetBegin=748 CharacterOffsetEnd=751 PartOfSpeech=NN] [Text=involving CharacterOffsetBegin=752 CharacterOffsetEnd=761 PartOfSpeech=VBG] [Text=Herv CharacterOffsetBegin=762 CharacterOffsetEnd=766 PartOfSpeech=NNP] [Text=Villechaize CharacterOffsetBegin=767 CharacterOffsetEnd=778 PartOfSpeech=NNP] [Text=-LRB- CharacterOffsetBegin=779 CharacterOffsetEnd=780 PartOfSpeech=-LRB-] [Text=of CharacterOffsetBegin=780 CharacterOffsetEnd=782 PartOfSpeech=IN] [Text=`` CharacterOffsetBegin=783 CharacterOffsetEnd=784 PartOfSpeech=``] [Text=Fantasy CharacterOffsetBegin=784 CharacterOffsetEnd=791 PartOfSpeech=NNP] [Text=Island CharacterOffsetBegin=792 CharacterOffsetEnd=798 PartOfSpeech=NNP] [Text='' CharacterOffsetBegin=798 CharacterOffsetEnd=799 PartOfSpeech=''] [Text=-RRB- CharacterOffsetBegin=799 CharacterOffsetEnd=800 PartOfSpeech=-RRB-] [Text=putting CharacterOffsetBegin=801 CharacterOffsetEnd=808 PartOfSpeech=VBG] [Text=the CharacterOffsetBegin=809 CharacterOffsetEnd=812 PartOfSpeech=DT] [Text=moves CharacterOffsetBegin=813 CharacterOffsetEnd=818 PartOfSpeech=NNS] [Text=on CharacterOffsetBegin=819 CharacterOffsetEnd=821 PartOfSpeech=IN] [Text=Polly CharacterOffsetBegin=822 CharacterOffsetEnd=827 PartOfSpeech=NNP] [Text=Holliday CharacterOffsetBegin=828 CharacterOffsetEnd=836 PartOfSpeech=NNP] [Text=-LRB- CharacterOffsetBegin=837 CharacterOffsetEnd=838 PartOfSpeech=-LRB-] [Text=Flo CharacterOffsetBegin=838 CharacterOffsetEnd=841 PartOfSpeech=NNP] [Text=from CharacterOffsetBegin=842 CharacterOffsetEnd=846 PartOfSpeech=IN] [Text=`` CharacterOffsetBegin=847 CharacterOffsetEnd=848 PartOfSpeech=``] [Text=Alice CharacterOffsetBegin=848 CharacterOffsetEnd=853 PartOfSpeech=NNP] [Text='' CharacterOffsetBegin=853 CharacterOffsetEnd=854 PartOfSpeech=''] [Text=-RRB- CharacterOffsetBegin=854 CharacterOffsetEnd=855 PartOfSpeech=-RRB-] [Text=. CharacterOffsetBegin=855 CharacterOffsetEnd=856 PartOfSpeech=.] 
root(ROOT-0, bit-6)
amod(crude-2, Particularly-1)
nsubj(bit-6, crude-2)
cop(bit-6, is-3)
det(bit-6, a-4)
nn(bit-6, wincing-5)
partmod(bit-6, involving-7)
dobj(involving-7, Herv-8)
dep(Herv-8, Villechaize-9)
punct(putting-17, -LRB--10)
dep(putting-17, of-11)
punct(Island-14, ``-12)
nn(Island-14, Fantasy-13)
pobj(of-11, Island-14)
punct(of-11, ''-15)
punct(putting-17, -RRB--16)
dep(Villechaize-9, putting-17)
det(moves-19, the-18)
dobj(putting-17, moves-19)
prep(putting-17, on-20)
nn(Flo-24, Polly-21)
nn(Flo-24, Holliday-22)
punct(Flo-24, -LRB--23)
pobj(on-20, Flo-24)
prep(putting-17, from-25)
punct(from-25, ``-26)
pobj(from-25, Alice-27)
punct(putting-17, ''-28)
punct(putting-17, -RRB--29)
punct(bit-6, .-30)

Sentence #5 (33 tokens):
As Henry's beloved, Kim Darby looks a little out of her element--particularly when surrounded by all these TV hams--rendering the romance aspect of the script inconsequential.
[Text=As CharacterOffsetBegin=861 CharacterOffsetEnd=863 PartOfSpeech=IN] [Text=Henry CharacterOffsetBegin=864 CharacterOffsetEnd=869 PartOfSpeech=NNP] [Text='s CharacterOffsetBegin=869 CharacterOffsetEnd=871 PartOfSpeech=POS] [Text=beloved CharacterOffsetBegin=872 CharacterOffsetEnd=879 PartOfSpeech=JJ] [Text=, CharacterOffsetBegin=879 CharacterOffsetEnd=880 PartOfSpeech=,] [Text=Kim CharacterOffsetBegin=881 CharacterOffsetEnd=884 PartOfSpeech=NNP] [Text=Darby CharacterOffsetBegin=885 CharacterOffsetEnd=890 PartOfSpeech=NNP] [Text=looks CharacterOffsetBegin=891 CharacterOffsetEnd=896 PartOfSpeech=VBZ] [Text=a CharacterOffsetBegin=897 CharacterOffsetEnd=898 PartOfSpeech=DT] [Text=little CharacterOffsetBegin=899 CharacterOffsetEnd=905 PartOfSpeech=JJ] [Text=out CharacterOffsetBegin=906 CharacterOffsetEnd=909 PartOfSpeech=IN] [Text=of CharacterOffsetBegin=910 CharacterOffsetEnd=912 PartOfSpeech=IN] [Text=her CharacterOffsetBegin=913 CharacterOffsetEnd=916 PartOfSpeech=PRP$] [Text=element CharacterOffsetBegin=917 CharacterOffsetEnd=924 PartOfSpeech=NN] [Text=-- CharacterOffsetBegin=924 CharacterOffsetEnd=926 PartOfSpeech=:] [Text=particularly CharacterOffsetBegin=926 CharacterOffsetEnd=938 PartOfSpeech=RB] [Text=when CharacterOffsetBegin=939 CharacterOffsetEnd=943 PartOfSpeech=WRB] [Text=surrounded CharacterOffsetBegin=944 CharacterOffsetEnd=954 PartOfSpeech=VBN] [Text=by CharacterOffsetBegin=955 CharacterOffsetEnd=957 PartOfSpeech=IN] [Text=all CharacterOffsetBegin=958 CharacterOffsetEnd=961 PartOfSpeech=PDT] [Text=these CharacterOffsetBegin=962 CharacterOffsetEnd=967 PartOfSpeech=DT] [Text=TV CharacterOffsetBegin=968 CharacterOffsetEnd=970 PartOfSpeech=NN] [Text=hams CharacterOffsetBegin=971 CharacterOffsetEnd=975 PartOfSpeech=NNS] [Text=-- CharacterOffsetBegin=975 CharacterOffsetEnd=977 PartOfSpeech=:] [Text=rendering CharacterOffsetBegin=977 CharacterOffsetEnd=986 PartOfSpeech=VBG] [Text=the CharacterOffsetBegin=987 CharacterOffsetEnd=990 PartOfSpeech=DT] [Text=romance CharacterOffsetBegin=991 CharacterOffsetEnd=998 PartOfSpeech=NN] [Text=aspect CharacterOffsetBegin=999 CharacterOffsetEnd=1005 PartOfSpeech=NN] [Text=of CharacterOffsetBegin=1006 CharacterOffsetEnd=1008 PartOfSpeech=IN] [Text=the CharacterOffsetBegin=1009 CharacterOffsetEnd=1012 PartOfSpeech=DT] [Text=script CharacterOffsetBegin=1013 CharacterOffsetEnd=1019 PartOfSpeech=NN] [Text=inconsequential CharacterOffsetBegin=1020 CharacterOffsetEnd=1035 PartOfSpeech=JJ] [Text=. CharacterOffsetBegin=1035 CharacterOffsetEnd=1036 PartOfSpeech=.] 
root(ROOT-0, looks-8)
prep(looks-8, As-1)
poss(beloved-4, Henry-2)
possessive(Henry-2, 's-3)
pobj(As-1, beloved-4)
punct(looks-8, ,-5)
nn(Darby-7, Kim-6)
nsubj(looks-8, Darby-7)
det(little-10, a-9)
dobj(looks-8, little-10)
prep(looks-8, out-11)
pcomp(out-11, of-12)
poss(element-14, her-13)
pobj(of-12, element-14)
punct(looks-8, ---15)
advmod(surrounded-18, particularly-16)
advmod(surrounded-18, when-17)
advcl(looks-8, surrounded-18)
prep(surrounded-18, by-19)
predet(hams-23, all-20)
det(hams-23, these-21)
nn(hams-23, TV-22)
pobj(by-19, hams-23)
punct(surrounded-18, ---24)
dep(surrounded-18, rendering-25)
det(aspect-28, the-26)
nn(aspect-28, romance-27)
dobj(rendering-25, aspect-28)
prep(aspect-28, of-29)
det(script-31, the-30)
pobj(of-29, script-31)
amod(script-31, inconsequential-32)
punct(looks-8, .-33)

Sentence #6 (4 tokens):
*1/2 from ****
[Text=* CharacterOffsetBegin=1041 CharacterOffsetEnd=1042 PartOfSpeech=SYM] [Text=1/2 CharacterOffsetBegin=1042 CharacterOffsetEnd=1045 PartOfSpeech=CD] [Text=from CharacterOffsetBegin=1046 CharacterOffsetEnd=1050 PartOfSpeech=IN] [Text=**** CharacterOffsetBegin=1051 CharacterOffsetEnd=1055 PartOfSpeech=CD] 
root(ROOT-0, 1/2-2)
dep(1/2-2, *-1)
prep(1/2-2, from-3)
pobj(from-3, ****-4)

