Sentence #1 (9 tokens):
Saw this movie recently and had higher hopes.
[Text=Saw CharacterOffsetBegin=4 CharacterOffsetEnd=7 PartOfSpeech=VB] [Text=this CharacterOffsetBegin=8 CharacterOffsetEnd=12 PartOfSpeech=DT] [Text=movie CharacterOffsetBegin=13 CharacterOffsetEnd=18 PartOfSpeech=NN] [Text=recently CharacterOffsetBegin=19 CharacterOffsetEnd=27 PartOfSpeech=RB] [Text=and CharacterOffsetBegin=28 CharacterOffsetEnd=31 PartOfSpeech=CC] [Text=had CharacterOffsetBegin=32 CharacterOffsetEnd=35 PartOfSpeech=VBD] [Text=higher CharacterOffsetBegin=36 CharacterOffsetEnd=42 PartOfSpeech=JJR] [Text=hopes CharacterOffsetBegin=43 CharacterOffsetEnd=48 PartOfSpeech=NNS] [Text=. CharacterOffsetBegin=48 CharacterOffsetEnd=49 PartOfSpeech=.] 
root(ROOT-0, Saw-1)
det(movie-3, this-2)
dobj(Saw-1, movie-3)
advmod(Saw-1, recently-4)
cc(Saw-1, and-5)
conj(Saw-1, had-6)
amod(hopes-8, higher-7)
dobj(had-6, hopes-8)
punct(Saw-1, .-9)

Sentence #2 (24 tokens):
Not so much based upon the director, who hadn't made a cinematographic release before, but more based upon its cast.
[Text=Not CharacterOffsetBegin=54 CharacterOffsetEnd=57 PartOfSpeech=RB] [Text=so CharacterOffsetBegin=58 CharacterOffsetEnd=60 PartOfSpeech=RB] [Text=much CharacterOffsetBegin=61 CharacterOffsetEnd=65 PartOfSpeech=JJ] [Text=based CharacterOffsetBegin=66 CharacterOffsetEnd=71 PartOfSpeech=VBN] [Text=upon CharacterOffsetBegin=72 CharacterOffsetEnd=76 PartOfSpeech=IN] [Text=the CharacterOffsetBegin=77 CharacterOffsetEnd=80 PartOfSpeech=DT] [Text=director CharacterOffsetBegin=81 CharacterOffsetEnd=89 PartOfSpeech=NN] [Text=, CharacterOffsetBegin=89 CharacterOffsetEnd=90 PartOfSpeech=,] [Text=who CharacterOffsetBegin=91 CharacterOffsetEnd=94 PartOfSpeech=WP] [Text=had CharacterOffsetBegin=95 CharacterOffsetEnd=98 PartOfSpeech=VBD] [Text=n't CharacterOffsetBegin=98 CharacterOffsetEnd=101 PartOfSpeech=RB] [Text=made CharacterOffsetBegin=102 CharacterOffsetEnd=106 PartOfSpeech=VBN] [Text=a CharacterOffsetBegin=107 CharacterOffsetEnd=108 PartOfSpeech=DT] [Text=cinematographic CharacterOffsetBegin=109 CharacterOffsetEnd=124 PartOfSpeech=JJ] [Text=release CharacterOffsetBegin=125 CharacterOffsetEnd=132 PartOfSpeech=NN] [Text=before CharacterOffsetBegin=133 CharacterOffsetEnd=139 PartOfSpeech=IN] [Text=, CharacterOffsetBegin=139 CharacterOffsetEnd=140 PartOfSpeech=,] [Text=but CharacterOffsetBegin=141 CharacterOffsetEnd=144 PartOfSpeech=CC] [Text=more CharacterOffsetBegin=145 CharacterOffsetEnd=149 PartOfSpeech=RBR] [Text=based CharacterOffsetBegin=150 CharacterOffsetEnd=155 PartOfSpeech=VBN] [Text=upon CharacterOffsetBegin=156 CharacterOffsetEnd=160 PartOfSpeech=IN] [Text=its CharacterOffsetBegin=161 CharacterOffsetEnd=164 PartOfSpeech=PRP$] [Text=cast CharacterOffsetBegin=165 CharacterOffsetEnd=169 PartOfSpeech=NN] [Text=. CharacterOffsetBegin=169 CharacterOffsetEnd=170 PartOfSpeech=.] 
root(ROOT-0, much-3)
neg(much-3, Not-1)
advmod(much-3, so-2)
partmod(much-3, based-4)
prep(based-4, upon-5)
det(director-7, the-6)
pobj(upon-5, director-7)
punct(director-7, ,-8)
nsubj(made-12, who-9)
aux(made-12, had-10)
neg(made-12, n't-11)
rcmod(director-7, made-12)
det(release-15, a-13)
amod(release-15, cinematographic-14)
dobj(made-12, release-15)
prep(made-12, before-16)
punct(before-16, ,-17)
cc(before-16, but-18)
advmod(based-20, more-19)
conj(before-16, based-20)
prep(based-20, upon-21)
poss(cast-23, its-22)
pobj(upon-21, cast-23)
punct(much-3, .-24)

Sentence #3 (28 tokens):
Harvey Keitel, Scott Glenn and Craig Wasson (lead role in Body double, a Brian De Palma masterpiece) have all starred in great movies.
[Text=Harvey CharacterOffsetBegin=175 CharacterOffsetEnd=181 PartOfSpeech=NNP] [Text=Keitel CharacterOffsetBegin=182 CharacterOffsetEnd=188 PartOfSpeech=NNP] [Text=, CharacterOffsetBegin=188 CharacterOffsetEnd=189 PartOfSpeech=,] [Text=Scott CharacterOffsetBegin=190 CharacterOffsetEnd=195 PartOfSpeech=NNP] [Text=Glenn CharacterOffsetBegin=196 CharacterOffsetEnd=201 PartOfSpeech=NNP] [Text=and CharacterOffsetBegin=202 CharacterOffsetEnd=205 PartOfSpeech=CC] [Text=Craig CharacterOffsetBegin=206 CharacterOffsetEnd=211 PartOfSpeech=NNP] [Text=Wasson CharacterOffsetBegin=212 CharacterOffsetEnd=218 PartOfSpeech=NNP] [Text=-LRB- CharacterOffsetBegin=219 CharacterOffsetEnd=220 PartOfSpeech=-LRB-] [Text=lead CharacterOffsetBegin=220 CharacterOffsetEnd=224 PartOfSpeech=JJ] [Text=role CharacterOffsetBegin=225 CharacterOffsetEnd=229 PartOfSpeech=NN] [Text=in CharacterOffsetBegin=230 CharacterOffsetEnd=232 PartOfSpeech=IN] [Text=Body CharacterOffsetBegin=233 CharacterOffsetEnd=237 PartOfSpeech=NN] [Text=double CharacterOffsetBegin=238 CharacterOffsetEnd=244 PartOfSpeech=RB] [Text=, CharacterOffsetBegin=244 CharacterOffsetEnd=245 PartOfSpeech=,] [Text=a CharacterOffsetBegin=246 CharacterOffsetEnd=247 PartOfSpeech=DT] [Text=Brian CharacterOffsetBegin=248 CharacterOffsetEnd=253 PartOfSpeech=NNP] [Text=De CharacterOffsetBegin=254 CharacterOffsetEnd=256 PartOfSpeech=NNP] [Text=Palma CharacterOffsetBegin=257 CharacterOffsetEnd=262 PartOfSpeech=NNP] [Text=masterpiece CharacterOffsetBegin=263 CharacterOffsetEnd=274 PartOfSpeech=NN] [Text=-RRB- CharacterOffsetBegin=274 CharacterOffsetEnd=275 PartOfSpeech=-RRB-] [Text=have CharacterOffsetBegin=276 CharacterOffsetEnd=280 PartOfSpeech=VBP] [Text=all CharacterOffsetBegin=281 CharacterOffsetEnd=284 PartOfSpeech=DT] [Text=starred CharacterOffsetBegin=285 CharacterOffsetEnd=292 PartOfSpeech=VBD] [Text=in CharacterOffsetBegin=293 CharacterOffsetEnd=295 PartOfSpeech=IN] [Text=great CharacterOffsetBegin=296 CharacterOffsetEnd=301 PartOfSpeech=JJ] [Text=movies CharacterOffsetBegin=302 CharacterOffsetEnd=308 PartOfSpeech=NNS] [Text=. CharacterOffsetBegin=308 CharacterOffsetEnd=309 PartOfSpeech=.] 
root(ROOT-0, have-22)
nn(Keitel-2, Harvey-1)
nsubj(have-22, Keitel-2)
punct(Keitel-2, ,-3)
nn(Glenn-5, Scott-4)
conj(Keitel-2, Glenn-5)
cc(Keitel-2, and-6)
nn(role-11, Craig-7)
nn(role-11, Wasson-8)
punct(role-11, -LRB--9)
amod(role-11, lead-10)
conj(Keitel-2, role-11)
prep(role-11, in-12)
pobj(in-12, Body-13)
advmod(Body-13, double-14)
punct(Keitel-2, ,-15)
det(masterpiece-20, a-16)
nn(masterpiece-20, Brian-17)
nn(masterpiece-20, De-18)
nn(masterpiece-20, Palma-19)
appos(Keitel-2, masterpiece-20)
punct(Keitel-2, -RRB--21)
det(starred-24, all-23)
dobj(have-22, starred-24)
prep(starred-24, in-25)
amod(movies-27, great-26)
pobj(in-25, movies-27)
punct(have-22, .-28)

Sentence #4 (24 tokens):
Not together though, and this fact hasn't exactly changed because of this one.The film is unbelievable, very predictable and clich.
[Text=Not CharacterOffsetBegin=314 CharacterOffsetEnd=317 PartOfSpeech=RB] [Text=together CharacterOffsetBegin=318 CharacterOffsetEnd=326 PartOfSpeech=RB] [Text=though CharacterOffsetBegin=327 CharacterOffsetEnd=333 PartOfSpeech=IN] [Text=, CharacterOffsetBegin=333 CharacterOffsetEnd=334 PartOfSpeech=,] [Text=and CharacterOffsetBegin=335 CharacterOffsetEnd=338 PartOfSpeech=CC] [Text=this CharacterOffsetBegin=339 CharacterOffsetEnd=343 PartOfSpeech=DT] [Text=fact CharacterOffsetBegin=344 CharacterOffsetEnd=348 PartOfSpeech=NN] [Text=has CharacterOffsetBegin=349 CharacterOffsetEnd=352 PartOfSpeech=VBZ] [Text=n't CharacterOffsetBegin=352 CharacterOffsetEnd=355 PartOfSpeech=RB] [Text=exactly CharacterOffsetBegin=356 CharacterOffsetEnd=363 PartOfSpeech=RB] [Text=changed CharacterOffsetBegin=364 CharacterOffsetEnd=371 PartOfSpeech=VBD] [Text=because CharacterOffsetBegin=372 CharacterOffsetEnd=379 PartOfSpeech=IN] [Text=of CharacterOffsetBegin=380 CharacterOffsetEnd=382 PartOfSpeech=IN] [Text=this CharacterOffsetBegin=383 CharacterOffsetEnd=387 PartOfSpeech=DT] [Text=one.The CharacterOffsetBegin=388 CharacterOffsetEnd=395 PartOfSpeech=NN] [Text=film CharacterOffsetBegin=396 CharacterOffsetEnd=400 PartOfSpeech=NN] [Text=is CharacterOffsetBegin=401 CharacterOffsetEnd=403 PartOfSpeech=VBZ] [Text=unbelievable CharacterOffsetBegin=404 CharacterOffsetEnd=416 PartOfSpeech=JJ] [Text=, CharacterOffsetBegin=416 CharacterOffsetEnd=417 PartOfSpeech=,] [Text=very CharacterOffsetBegin=418 CharacterOffsetEnd=422 PartOfSpeech=RB] [Text=predictable CharacterOffsetBegin=423 CharacterOffsetEnd=434 PartOfSpeech=JJ] [Text=and CharacterOffsetBegin=435 CharacterOffsetEnd=438 PartOfSpeech=CC] [Text=clich CharacterOffsetBegin=439 CharacterOffsetEnd=444 PartOfSpeech=NN] [Text=. CharacterOffsetBegin=444 CharacterOffsetEnd=445 PartOfSpeech=.] 
root(ROOT-0, unbelievable-18)
dep(together-2, Not-1)
advmod(changed-11, together-2)
advmod(changed-11, though-3)
punct(changed-11, ,-4)
cc(changed-11, and-5)
det(fact-7, this-6)
nsubj(changed-11, fact-7)
aux(changed-11, has-8)
neg(changed-11, n't-9)
advmod(changed-11, exactly-10)
nsubj(unbelievable-18, changed-11)
mwe(of-13, because-12)
prep(changed-11, of-13)
det(film-16, this-14)
nn(film-16, one.The-15)
pobj(of-13, film-16)
cop(unbelievable-18, is-17)
punct(unbelievable-18, ,-19)
advmod(predictable-21, very-20)
amod(unbelievable-18, predictable-21)
cc(predictable-21, and-22)
conj(predictable-21, clich-23)
punct(unbelievable-18, .-24)

Sentence #5 (21 tokens):
The only thing that might make it slightly appealing is the selection of locations on which it's been shot.
[Text=The CharacterOffsetBegin=450 CharacterOffsetEnd=453 PartOfSpeech=DT] [Text=only CharacterOffsetBegin=454 CharacterOffsetEnd=458 PartOfSpeech=JJ] [Text=thing CharacterOffsetBegin=459 CharacterOffsetEnd=464 PartOfSpeech=NN] [Text=that CharacterOffsetBegin=465 CharacterOffsetEnd=469 PartOfSpeech=WDT] [Text=might CharacterOffsetBegin=470 CharacterOffsetEnd=475 PartOfSpeech=MD] [Text=make CharacterOffsetBegin=476 CharacterOffsetEnd=480 PartOfSpeech=VB] [Text=it CharacterOffsetBegin=481 CharacterOffsetEnd=483 PartOfSpeech=PRP] [Text=slightly CharacterOffsetBegin=484 CharacterOffsetEnd=492 PartOfSpeech=RB] [Text=appealing CharacterOffsetBegin=493 CharacterOffsetEnd=502 PartOfSpeech=VBG] [Text=is CharacterOffsetBegin=503 CharacterOffsetEnd=505 PartOfSpeech=VBZ] [Text=the CharacterOffsetBegin=506 CharacterOffsetEnd=509 PartOfSpeech=DT] [Text=selection CharacterOffsetBegin=510 CharacterOffsetEnd=519 PartOfSpeech=NN] [Text=of CharacterOffsetBegin=520 CharacterOffsetEnd=522 PartOfSpeech=IN] [Text=locations CharacterOffsetBegin=523 CharacterOffsetEnd=532 PartOfSpeech=NNS] [Text=on CharacterOffsetBegin=533 CharacterOffsetEnd=535 PartOfSpeech=IN] [Text=which CharacterOffsetBegin=536 CharacterOffsetEnd=541 PartOfSpeech=WDT] [Text=it CharacterOffsetBegin=542 CharacterOffsetEnd=544 PartOfSpeech=PRP] [Text='s CharacterOffsetBegin=544 CharacterOffsetEnd=546 PartOfSpeech=VBZ] [Text=been CharacterOffsetBegin=547 CharacterOffsetEnd=551 PartOfSpeech=VBN] [Text=shot CharacterOffsetBegin=552 CharacterOffsetEnd=556 PartOfSpeech=VBN] [Text=. CharacterOffsetBegin=556 CharacterOffsetEnd=557 PartOfSpeech=.] 
root(ROOT-0, selection-12)
det(thing-3, The-1)
amod(thing-3, only-2)
nsubj(selection-12, thing-3)
nsubj(make-6, that-4)
aux(make-6, might-5)
rcmod(thing-3, make-6)
nsubj(appealing-9, it-7)
advmod(appealing-9, slightly-8)
xcomp(make-6, appealing-9)
cop(selection-12, is-10)
det(selection-12, the-11)
prep(selection-12, of-13)
pobj(of-13, locations-14)
prep(shot-20, on-15)
pobj(on-15, which-16)
nsubjpass(shot-20, it-17)
auxpass(shot-20, 's-18)
auxpass(shot-20, been-19)
rcmod(locations-14, shot-20)
punct(selection-12, .-21)

Sentence #6 (14 tokens):
In my humble opinion: don't waste your time on this one.
[Text=In CharacterOffsetBegin=562 CharacterOffsetEnd=564 PartOfSpeech=IN] [Text=my CharacterOffsetBegin=565 CharacterOffsetEnd=567 PartOfSpeech=PRP$] [Text=humble CharacterOffsetBegin=568 CharacterOffsetEnd=574 PartOfSpeech=JJ] [Text=opinion CharacterOffsetBegin=575 CharacterOffsetEnd=582 PartOfSpeech=NN] [Text=: CharacterOffsetBegin=582 CharacterOffsetEnd=583 PartOfSpeech=:] [Text=do CharacterOffsetBegin=584 CharacterOffsetEnd=586 PartOfSpeech=VBP] [Text=n't CharacterOffsetBegin=586 CharacterOffsetEnd=589 PartOfSpeech=RB] [Text=waste CharacterOffsetBegin=590 CharacterOffsetEnd=595 PartOfSpeech=VB] [Text=your CharacterOffsetBegin=596 CharacterOffsetEnd=600 PartOfSpeech=PRP$] [Text=time CharacterOffsetBegin=601 CharacterOffsetEnd=605 PartOfSpeech=NN] [Text=on CharacterOffsetBegin=606 CharacterOffsetEnd=608 PartOfSpeech=IN] [Text=this CharacterOffsetBegin=609 CharacterOffsetEnd=613 PartOfSpeech=DT] [Text=one CharacterOffsetBegin=614 CharacterOffsetEnd=617 PartOfSpeech=CD] [Text=. CharacterOffsetBegin=617 CharacterOffsetEnd=618 PartOfSpeech=.] 
root(ROOT-0, waste-8)
prep(waste-8, In-1)
poss(opinion-4, my-2)
amod(opinion-4, humble-3)
pobj(In-1, opinion-4)
punct(waste-8, :-5)
aux(waste-8, do-6)
neg(waste-8, n't-7)
poss(time-10, your-9)
dobj(waste-8, time-10)
prep(waste-8, on-11)
det(one-13, this-12)
pobj(on-11, one-13)
punct(waste-8, .-14)

