Sentence #1 (22 tokens):
Former private eye-turned-security guard ditches his latest droning job and is immediately offered a chance to return to his previous profession.
[Text=Former CharacterOffsetBegin=4 CharacterOffsetEnd=10 PartOfSpeech=JJ] [Text=private CharacterOffsetBegin=11 CharacterOffsetEnd=18 PartOfSpeech=JJ] [Text=eye-turned-security CharacterOffsetBegin=19 CharacterOffsetEnd=38 PartOfSpeech=NN] [Text=guard CharacterOffsetBegin=39 CharacterOffsetEnd=44 PartOfSpeech=NN] [Text=ditches CharacterOffsetBegin=45 CharacterOffsetEnd=52 PartOfSpeech=VBZ] [Text=his CharacterOffsetBegin=53 CharacterOffsetEnd=56 PartOfSpeech=PRP$] [Text=latest CharacterOffsetBegin=57 CharacterOffsetEnd=63 PartOfSpeech=JJS] [Text=droning CharacterOffsetBegin=64 CharacterOffsetEnd=71 PartOfSpeech=VBG] [Text=job CharacterOffsetBegin=72 CharacterOffsetEnd=75 PartOfSpeech=NN] [Text=and CharacterOffsetBegin=76 CharacterOffsetEnd=79 PartOfSpeech=CC] [Text=is CharacterOffsetBegin=80 CharacterOffsetEnd=82 PartOfSpeech=VBZ] [Text=immediately CharacterOffsetBegin=83 CharacterOffsetEnd=94 PartOfSpeech=RB] [Text=offered CharacterOffsetBegin=95 CharacterOffsetEnd=102 PartOfSpeech=VBN] [Text=a CharacterOffsetBegin=103 CharacterOffsetEnd=104 PartOfSpeech=DT] [Text=chance CharacterOffsetBegin=105 CharacterOffsetEnd=111 PartOfSpeech=NN] [Text=to CharacterOffsetBegin=112 CharacterOffsetEnd=114 PartOfSpeech=TO] [Text=return CharacterOffsetBegin=115 CharacterOffsetEnd=121 PartOfSpeech=VB] [Text=to CharacterOffsetBegin=122 CharacterOffsetEnd=124 PartOfSpeech=TO] [Text=his CharacterOffsetBegin=125 CharacterOffsetEnd=128 PartOfSpeech=PRP$] [Text=previous CharacterOffsetBegin=129 CharacterOffsetEnd=137 PartOfSpeech=JJ] [Text=profession CharacterOffsetBegin=138 CharacterOffsetEnd=148 PartOfSpeech=NN] [Text=. CharacterOffsetBegin=148 CharacterOffsetEnd=149 PartOfSpeech=.] 
root(ROOT-0, guard-4)
amod(guard-4, Former-1)
amod(guard-4, private-2)
nn(guard-4, eye-turned-security-3)
dep(guard-4, ditches-5)
poss(job-9, his-6)
amod(job-9, latest-7)
nn(job-9, droning-8)
dobj(ditches-5, job-9)
cc(guard-4, and-10)
auxpass(offered-13, is-11)
advmod(offered-13, immediately-12)
conj(guard-4, offered-13)
det(chance-15, a-14)
dobj(offered-13, chance-15)
aux(return-17, to-16)
infmod(chance-15, return-17)
prep(return-17, to-18)
poss(profession-21, his-19)
amod(profession-21, previous-20)
pobj(to-18, profession-21)
punct(guard-4, .-22)

Sentence #2 (21 tokens):
His assignment: to tail a mysterious French woman newly arrived in California...and apparently wanted by suit-and-tie racketeers.
[Text=His CharacterOffsetBegin=154 CharacterOffsetEnd=157 PartOfSpeech=PRP$] [Text=assignment CharacterOffsetBegin=158 CharacterOffsetEnd=168 PartOfSpeech=NN] [Text=: CharacterOffsetBegin=168 CharacterOffsetEnd=169 PartOfSpeech=:] [Text=to CharacterOffsetBegin=170 CharacterOffsetEnd=172 PartOfSpeech=TO] [Text=tail CharacterOffsetBegin=173 CharacterOffsetEnd=177 PartOfSpeech=NN] [Text=a CharacterOffsetBegin=178 CharacterOffsetEnd=179 PartOfSpeech=DT] [Text=mysterious CharacterOffsetBegin=180 CharacterOffsetEnd=190 PartOfSpeech=JJ] [Text=French CharacterOffsetBegin=191 CharacterOffsetEnd=197 PartOfSpeech=JJ] [Text=woman CharacterOffsetBegin=198 CharacterOffsetEnd=203 PartOfSpeech=NN] [Text=newly CharacterOffsetBegin=204 CharacterOffsetEnd=209 PartOfSpeech=RB] [Text=arrived CharacterOffsetBegin=210 CharacterOffsetEnd=217 PartOfSpeech=VBN] [Text=in CharacterOffsetBegin=218 CharacterOffsetEnd=220 PartOfSpeech=IN] [Text=California CharacterOffsetBegin=221 CharacterOffsetEnd=231 PartOfSpeech=NNP] [Text=... CharacterOffsetBegin=231 CharacterOffsetEnd=234 PartOfSpeech=:] [Text=and CharacterOffsetBegin=234 CharacterOffsetEnd=237 PartOfSpeech=CC] [Text=apparently CharacterOffsetBegin=238 CharacterOffsetEnd=248 PartOfSpeech=RB] [Text=wanted CharacterOffsetBegin=249 CharacterOffsetEnd=255 PartOfSpeech=VBD] [Text=by CharacterOffsetBegin=256 CharacterOffsetEnd=258 PartOfSpeech=IN] [Text=suit-and-tie CharacterOffsetBegin=259 CharacterOffsetEnd=271 PartOfSpeech=JJ] [Text=racketeers CharacterOffsetBegin=272 CharacterOffsetEnd=282 PartOfSpeech=NNS] [Text=. CharacterOffsetBegin=282 CharacterOffsetEnd=283 PartOfSpeech=.] 
root(ROOT-0, assignment-2)
poss(assignment-2, His-1)
punct(assignment-2, :-3)
prep(assignment-2, to-4)
pobj(to-4, tail-5)
det(woman-9, a-6)
amod(woman-9, mysterious-7)
amod(woman-9, French-8)
dobj(tail-5, woman-9)
advmod(arrived-11, newly-10)
partmod(woman-9, arrived-11)
prep(arrived-11, in-12)
pobj(in-12, California-13)
punct(assignment-2, ...-14)
cc(assignment-2, and-15)
advmod(wanted-17, apparently-16)
conj(assignment-2, wanted-17)
prep(wanted-17, by-18)
amod(racketeers-20, suit-and-tie-19)
pobj(by-18, racketeers-20)
punct(assignment-2, .-21)

Sentence #3 (24 tokens):
Unsuccessful attempt to update the film noir genre, without enough sting or wit (or involving plot dynamics) in the screenplay.
[Text=Unsuccessful CharacterOffsetBegin=288 CharacterOffsetEnd=300 PartOfSpeech=JJ] [Text=attempt CharacterOffsetBegin=301 CharacterOffsetEnd=308 PartOfSpeech=NN] [Text=to CharacterOffsetBegin=309 CharacterOffsetEnd=311 PartOfSpeech=TO] [Text=update CharacterOffsetBegin=312 CharacterOffsetEnd=318 PartOfSpeech=VB] [Text=the CharacterOffsetBegin=319 CharacterOffsetEnd=322 PartOfSpeech=DT] [Text=film CharacterOffsetBegin=323 CharacterOffsetEnd=327 PartOfSpeech=NN] [Text=noir CharacterOffsetBegin=328 CharacterOffsetEnd=332 PartOfSpeech=JJ] [Text=genre CharacterOffsetBegin=333 CharacterOffsetEnd=338 PartOfSpeech=NN] [Text=, CharacterOffsetBegin=338 CharacterOffsetEnd=339 PartOfSpeech=,] [Text=without CharacterOffsetBegin=340 CharacterOffsetEnd=347 PartOfSpeech=IN] [Text=enough CharacterOffsetBegin=348 CharacterOffsetEnd=354 PartOfSpeech=JJ] [Text=sting CharacterOffsetBegin=355 CharacterOffsetEnd=360 PartOfSpeech=NN] [Text=or CharacterOffsetBegin=361 CharacterOffsetEnd=363 PartOfSpeech=CC] [Text=wit CharacterOffsetBegin=364 CharacterOffsetEnd=367 PartOfSpeech=NN] [Text=-LRB- CharacterOffsetBegin=368 CharacterOffsetEnd=369 PartOfSpeech=-LRB-] [Text=or CharacterOffsetBegin=369 CharacterOffsetEnd=371 PartOfSpeech=CC] [Text=involving CharacterOffsetBegin=372 CharacterOffsetEnd=381 PartOfSpeech=VBG] [Text=plot CharacterOffsetBegin=382 CharacterOffsetEnd=386 PartOfSpeech=NN] [Text=dynamics CharacterOffsetBegin=387 CharacterOffsetEnd=395 PartOfSpeech=NNS] [Text=-RRB- CharacterOffsetBegin=395 CharacterOffsetEnd=396 PartOfSpeech=-RRB-] [Text=in CharacterOffsetBegin=397 CharacterOffsetEnd=399 PartOfSpeech=IN] [Text=the CharacterOffsetBegin=400 CharacterOffsetEnd=403 PartOfSpeech=DT] [Text=screenplay CharacterOffsetBegin=404 CharacterOffsetEnd=414 PartOfSpeech=NN] [Text=. CharacterOffsetBegin=414 CharacterOffsetEnd=415 PartOfSpeech=.] 
root(ROOT-0, attempt-2)
amod(attempt-2, Unsuccessful-1)
aux(update-4, to-3)
infmod(attempt-2, update-4)
det(genre-8, the-5)
nn(genre-8, film-6)
amod(genre-8, noir-7)
dobj(update-4, genre-8)
punct(update-4, ,-9)
prep(update-4, without-10)
amod(sting-12, enough-11)
pobj(without-10, sting-12)
cc(sting-12, or-13)
conj(sting-12, wit-14)
punct(involving-17, -LRB--15)
cc(involving-17, or-16)
dep(wit-14, involving-17)
nn(dynamics-19, plot-18)
dobj(involving-17, dynamics-19)
punct(dynamics-19, -RRB--20)
prep(involving-17, in-21)
det(screenplay-23, the-22)
pobj(in-21, screenplay-23)
punct(attempt-2, .-24)

Sentence #4 (52 tokens):
Director and co-scenarist Paul Magwood (who later claimed the picture was edited without his involvement) doesn't give off the impression of having high regard for the '40s films his "Chandler" was borne from; his nostalgia is appropriately rumpled, but also bitter-tinged and somewhat indifferent.
[Text=Director CharacterOffsetBegin=420 CharacterOffsetEnd=428 PartOfSpeech=NNP] [Text=and CharacterOffsetBegin=429 CharacterOffsetEnd=432 PartOfSpeech=CC] [Text=co-scenarist CharacterOffsetBegin=433 CharacterOffsetEnd=445 PartOfSpeech=NN] [Text=Paul CharacterOffsetBegin=446 CharacterOffsetEnd=450 PartOfSpeech=NNP] [Text=Magwood CharacterOffsetBegin=451 CharacterOffsetEnd=458 PartOfSpeech=NNP] [Text=-LRB- CharacterOffsetBegin=459 CharacterOffsetEnd=460 PartOfSpeech=-LRB-] [Text=who CharacterOffsetBegin=460 CharacterOffsetEnd=463 PartOfSpeech=WP] [Text=later CharacterOffsetBegin=464 CharacterOffsetEnd=469 PartOfSpeech=RB] [Text=claimed CharacterOffsetBegin=470 CharacterOffsetEnd=477 PartOfSpeech=VBD] [Text=the CharacterOffsetBegin=478 CharacterOffsetEnd=481 PartOfSpeech=DT] [Text=picture CharacterOffsetBegin=482 CharacterOffsetEnd=489 PartOfSpeech=NN] [Text=was CharacterOffsetBegin=490 CharacterOffsetEnd=493 PartOfSpeech=VBD] [Text=edited CharacterOffsetBegin=494 CharacterOffsetEnd=500 PartOfSpeech=VBN] [Text=without CharacterOffsetBegin=501 CharacterOffsetEnd=508 PartOfSpeech=IN] [Text=his CharacterOffsetBegin=509 CharacterOffsetEnd=512 PartOfSpeech=PRP$] [Text=involvement CharacterOffsetBegin=513 CharacterOffsetEnd=524 PartOfSpeech=NN] [Text=-RRB- CharacterOffsetBegin=524 CharacterOffsetEnd=525 PartOfSpeech=-RRB-] [Text=does CharacterOffsetBegin=526 CharacterOffsetEnd=530 PartOfSpeech=VBZ] [Text=n't CharacterOffsetBegin=530 CharacterOffsetEnd=533 PartOfSpeech=RB] [Text=give CharacterOffsetBegin=534 CharacterOffsetEnd=538 PartOfSpeech=VB] [Text=off CharacterOffsetBegin=539 CharacterOffsetEnd=542 PartOfSpeech=RP] [Text=the CharacterOffsetBegin=543 CharacterOffsetEnd=546 PartOfSpeech=DT] [Text=impression CharacterOffsetBegin=547 CharacterOffsetEnd=557 PartOfSpeech=NN] [Text=of CharacterOffsetBegin=558 CharacterOffsetEnd=560 PartOfSpeech=IN] [Text=having CharacterOffsetBegin=561 CharacterOffsetEnd=567 PartOfSpeech=VBG] [Text=high CharacterOffsetBegin=568 CharacterOffsetEnd=572 PartOfSpeech=JJ] [Text=regard CharacterOffsetBegin=573 CharacterOffsetEnd=579 PartOfSpeech=NN] [Text=for CharacterOffsetBegin=580 CharacterOffsetEnd=583 PartOfSpeech=IN] [Text=the CharacterOffsetBegin=584 CharacterOffsetEnd=587 PartOfSpeech=DT] [Text='40s CharacterOffsetBegin=588 CharacterOffsetEnd=592 PartOfSpeech=CD] [Text=films CharacterOffsetBegin=593 CharacterOffsetEnd=598 PartOfSpeech=NNS] [Text=his CharacterOffsetBegin=599 CharacterOffsetEnd=602 PartOfSpeech=PRP$] [Text=`` CharacterOffsetBegin=603 CharacterOffsetEnd=604 PartOfSpeech=``] [Text=Chandler CharacterOffsetBegin=604 CharacterOffsetEnd=612 PartOfSpeech=NNP] [Text='' CharacterOffsetBegin=612 CharacterOffsetEnd=613 PartOfSpeech=''] [Text=was CharacterOffsetBegin=614 CharacterOffsetEnd=617 PartOfSpeech=VBD] [Text=borne CharacterOffsetBegin=618 CharacterOffsetEnd=623 PartOfSpeech=VBN] [Text=from CharacterOffsetBegin=624 CharacterOffsetEnd=628 PartOfSpeech=IN] [Text=; CharacterOffsetBegin=628 CharacterOffsetEnd=629 PartOfSpeech=:] [Text=his CharacterOffsetBegin=630 CharacterOffsetEnd=633 PartOfSpeech=PRP$] [Text=nostalgia CharacterOffsetBegin=634 CharacterOffsetEnd=643 PartOfSpeech=NN] [Text=is CharacterOffsetBegin=644 CharacterOffsetEnd=646 PartOfSpeech=VBZ] [Text=appropriately CharacterOffsetBegin=647 CharacterOffsetEnd=660 PartOfSpeech=RB] [Text=rumpled CharacterOffsetBegin=661 CharacterOffsetEnd=668 PartOfSpeech=JJ] [Text=, CharacterOffsetBegin=668 CharacterOffsetEnd=669 PartOfSpeech=,] [Text=but CharacterOffsetBegin=670 CharacterOffsetEnd=673 PartOfSpeech=CC] [Text=also CharacterOffsetBegin=674 CharacterOffsetEnd=678 PartOfSpeech=RB] [Text=bitter-tinged CharacterOffsetBegin=679 CharacterOffsetEnd=692 PartOfSpeech=JJ] [Text=and CharacterOffsetBegin=693 CharacterOffsetEnd=696 PartOfSpeech=CC] [Text=somewhat CharacterOffsetBegin=697 CharacterOffsetEnd=705 PartOfSpeech=RB] [Text=indifferent CharacterOffsetBegin=706 CharacterOffsetEnd=717 PartOfSpeech=JJ] [Text=. CharacterOffsetBegin=717 CharacterOffsetEnd=718 PartOfSpeech=.] 
root(ROOT-0, give-20)
nn(Magwood-5, Director-1)
cc(Director-1, and-2)
conj(Director-1, co-scenarist-3)
nn(Magwood-5, Paul-4)
nsubj(give-20, Magwood-5)
punct(claimed-9, -LRB--6)
nsubj(claimed-9, who-7)
advmod(claimed-9, later-8)
csubj(give-20, claimed-9)
det(picture-11, the-10)
nsubjpass(edited-13, picture-11)
auxpass(edited-13, was-12)
ccomp(claimed-9, edited-13)
prep(edited-13, without-14)
poss(involvement-16, his-15)
pobj(without-14, involvement-16)
punct(claimed-9, -RRB--17)
aux(give-20, does-18)
neg(give-20, n't-19)
prt(give-20, off-21)
det(impression-23, the-22)
dobj(give-20, impression-23)
prep(impression-23, of-24)
pcomp(of-24, having-25)
amod(regard-27, high-26)
dobj(having-25, regard-27)
prep(regard-27, for-28)
det(films-31, the-29)
num(films-31, '40s-30)
pobj(for-28, films-31)
poss(borne-37, his-32)
punct(borne-37, ``-33)
nsubjpass(borne-37, Chandler-34)
punct(borne-37, ''-35)
auxpass(borne-37, was-36)
partmod(films-31, borne-37)
prep(borne-37, from-38)
punct(give-20, ;-39)
poss(nostalgia-41, his-40)
nsubj(rumpled-44, nostalgia-41)
cop(rumpled-44, is-42)
advmod(rumpled-44, appropriately-43)
parataxis(give-20, rumpled-44)
punct(rumpled-44, ,-45)
cc(rumpled-44, but-46)
advmod(bitter-tinged-48, also-47)
conj(rumpled-44, bitter-tinged-48)
cc(bitter-tinged-48, and-49)
advmod(indifferent-51, somewhat-50)
conj(bitter-tinged-48, indifferent-51)
punct(give-20, .-52)

Sentence #5 (34 tokens):
The handling is curiously, commendably low-keyed, and Warren Oates is well-cast as this '70s variant on the 'private dick' archetype, but the movie doesn't have any snap.
[Text=The CharacterOffsetBegin=723 CharacterOffsetEnd=726 PartOfSpeech=DT] [Text=handling CharacterOffsetBegin=727 CharacterOffsetEnd=735 PartOfSpeech=NN] [Text=is CharacterOffsetBegin=736 CharacterOffsetEnd=738 PartOfSpeech=VBZ] [Text=curiously CharacterOffsetBegin=739 CharacterOffsetEnd=748 PartOfSpeech=RB] [Text=, CharacterOffsetBegin=748 CharacterOffsetEnd=749 PartOfSpeech=,] [Text=commendably CharacterOffsetBegin=750 CharacterOffsetEnd=761 PartOfSpeech=RB] [Text=low-keyed CharacterOffsetBegin=762 CharacterOffsetEnd=771 PartOfSpeech=JJ] [Text=, CharacterOffsetBegin=771 CharacterOffsetEnd=772 PartOfSpeech=,] [Text=and CharacterOffsetBegin=773 CharacterOffsetEnd=776 PartOfSpeech=CC] [Text=Warren CharacterOffsetBegin=777 CharacterOffsetEnd=783 PartOfSpeech=NNP] [Text=Oates CharacterOffsetBegin=784 CharacterOffsetEnd=789 PartOfSpeech=NNP] [Text=is CharacterOffsetBegin=790 CharacterOffsetEnd=792 PartOfSpeech=VBZ] [Text=well-cast CharacterOffsetBegin=793 CharacterOffsetEnd=802 PartOfSpeech=JJ] [Text=as CharacterOffsetBegin=803 CharacterOffsetEnd=805 PartOfSpeech=IN] [Text=this CharacterOffsetBegin=806 CharacterOffsetEnd=810 PartOfSpeech=DT] [Text='70s CharacterOffsetBegin=811 CharacterOffsetEnd=815 PartOfSpeech=CD] [Text=variant CharacterOffsetBegin=816 CharacterOffsetEnd=823 PartOfSpeech=NN] [Text=on CharacterOffsetBegin=824 CharacterOffsetEnd=826 PartOfSpeech=IN] [Text=the CharacterOffsetBegin=827 CharacterOffsetEnd=830 PartOfSpeech=DT] [Text=` CharacterOffsetBegin=831 CharacterOffsetEnd=832 PartOfSpeech=``] [Text=private CharacterOffsetBegin=832 CharacterOffsetEnd=839 PartOfSpeech=JJ] [Text=dick CharacterOffsetBegin=840 CharacterOffsetEnd=844 PartOfSpeech=NN] [Text=' CharacterOffsetBegin=844 CharacterOffsetEnd=845 PartOfSpeech=''] [Text=archetype CharacterOffsetBegin=846 CharacterOffsetEnd=855 PartOfSpeech=NN] [Text=, CharacterOffsetBegin=855 CharacterOffsetEnd=856 PartOfSpeech=,] [Text=but CharacterOffsetBegin=857 CharacterOffsetEnd=860 PartOfSpeech=CC] [Text=the CharacterOffsetBegin=861 CharacterOffsetEnd=864 PartOfSpeech=DT] [Text=movie CharacterOffsetBegin=865 CharacterOffsetEnd=870 PartOfSpeech=NN] [Text=does CharacterOffsetBegin=871 CharacterOffsetEnd=875 PartOfSpeech=VBZ] [Text=n't CharacterOffsetBegin=875 CharacterOffsetEnd=878 PartOfSpeech=RB] [Text=have CharacterOffsetBegin=879 CharacterOffsetEnd=883 PartOfSpeech=VB] [Text=any CharacterOffsetBegin=884 CharacterOffsetEnd=887 PartOfSpeech=DT] [Text=snap CharacterOffsetBegin=888 CharacterOffsetEnd=892 PartOfSpeech=NN] [Text=. CharacterOffsetBegin=892 CharacterOffsetEnd=893 PartOfSpeech=.] 
root(ROOT-0, curiously-4)
det(handling-2, The-1)
nsubj(curiously-4, handling-2)
cop(curiously-4, is-3)
punct(curiously-4, ,-5)
advmod(low-keyed-7, commendably-6)
conj(curiously-4, low-keyed-7)
punct(curiously-4, ,-8)
cc(curiously-4, and-9)
nn(Oates-11, Warren-10)
nsubj(well-cast-13, Oates-11)
cop(well-cast-13, is-12)
conj(curiously-4, well-cast-13)
prep(well-cast-13, as-14)
det(variant-17, this-15)
num(variant-17, '70s-16)
pobj(as-14, variant-17)
prep(well-cast-13, on-18)
det(archetype-24, the-19)
punct(archetype-24, `-20)
amod(archetype-24, private-21)
nn(archetype-24, dick-22)
punct(archetype-24, '-23)
pobj(on-18, archetype-24)
punct(curiously-4, ,-25)
cc(curiously-4, but-26)
det(movie-28, the-27)
nsubj(have-31, movie-28)
aux(have-31, does-29)
neg(have-31, n't-30)
conj(curiously-4, have-31)
det(snap-33, any-32)
dobj(have-31, snap-33)
punct(curiously-4, .-34)

Sentence #6 (29 tokens):
Nice to see Leslie Caron and Gloria Grahame in the cast--though neither has much to do, and Caron's hot-and-cold running character is exasperating throughout.
[Text=Nice CharacterOffsetBegin=898 CharacterOffsetEnd=902 PartOfSpeech=JJ] [Text=to CharacterOffsetBegin=903 CharacterOffsetEnd=905 PartOfSpeech=TO] [Text=see CharacterOffsetBegin=906 CharacterOffsetEnd=909 PartOfSpeech=VB] [Text=Leslie CharacterOffsetBegin=910 CharacterOffsetEnd=916 PartOfSpeech=NNP] [Text=Caron CharacterOffsetBegin=917 CharacterOffsetEnd=922 PartOfSpeech=NNP] [Text=and CharacterOffsetBegin=923 CharacterOffsetEnd=926 PartOfSpeech=CC] [Text=Gloria CharacterOffsetBegin=927 CharacterOffsetEnd=933 PartOfSpeech=NNP] [Text=Grahame CharacterOffsetBegin=934 CharacterOffsetEnd=941 PartOfSpeech=NNP] [Text=in CharacterOffsetBegin=942 CharacterOffsetEnd=944 PartOfSpeech=IN] [Text=the CharacterOffsetBegin=945 CharacterOffsetEnd=948 PartOfSpeech=DT] [Text=cast CharacterOffsetBegin=949 CharacterOffsetEnd=953 PartOfSpeech=NN] [Text=-- CharacterOffsetBegin=953 CharacterOffsetEnd=955 PartOfSpeech=:] [Text=though CharacterOffsetBegin=955 CharacterOffsetEnd=961 PartOfSpeech=IN] [Text=neither CharacterOffsetBegin=962 CharacterOffsetEnd=969 PartOfSpeech=DT] [Text=has CharacterOffsetBegin=970 CharacterOffsetEnd=973 PartOfSpeech=VBZ] [Text=much CharacterOffsetBegin=974 CharacterOffsetEnd=978 PartOfSpeech=RB] [Text=to CharacterOffsetBegin=979 CharacterOffsetEnd=981 PartOfSpeech=TO] [Text=do CharacterOffsetBegin=982 CharacterOffsetEnd=984 PartOfSpeech=VB] [Text=, CharacterOffsetBegin=984 CharacterOffsetEnd=985 PartOfSpeech=,] [Text=and CharacterOffsetBegin=986 CharacterOffsetEnd=989 PartOfSpeech=CC] [Text=Caron CharacterOffsetBegin=990 CharacterOffsetEnd=995 PartOfSpeech=NNP] [Text='s CharacterOffsetBegin=995 CharacterOffsetEnd=997 PartOfSpeech=POS] [Text=hot-and-cold CharacterOffsetBegin=998 CharacterOffsetEnd=1010 PartOfSpeech=JJ] [Text=running CharacterOffsetBegin=1011 CharacterOffsetEnd=1018 PartOfSpeech=VBG] [Text=character CharacterOffsetBegin=1019 CharacterOffsetEnd=1028 PartOfSpeech=NN] [Text=is CharacterOffsetBegin=1029 CharacterOffsetEnd=1031 PartOfSpeech=VBZ] [Text=exasperating CharacterOffsetBegin=1032 CharacterOffsetEnd=1044 PartOfSpeech=VBG] [Text=throughout CharacterOffsetBegin=1045 CharacterOffsetEnd=1055 PartOfSpeech=IN] [Text=. CharacterOffsetBegin=1055 CharacterOffsetEnd=1056 PartOfSpeech=.] 
root(ROOT-0, Nice-1)
aux(see-3, to-2)
xcomp(Nice-1, see-3)
nn(Caron-5, Leslie-4)
dobj(see-3, Caron-5)
cc(Caron-5, and-6)
nn(Grahame-8, Gloria-7)
conj(Caron-5, Grahame-8)
prep(see-3, in-9)
det(cast-11, the-10)
pobj(in-9, cast-11)
punct(Nice-1, ---12)
mark(has-15, though-13)
nsubj(has-15, neither-14)
advcl(Nice-1, has-15)
dobj(has-15, much-16)
aux(do-18, to-17)
infmod(much-16, do-18)
punct(has-15, ,-19)
cc(has-15, and-20)
poss(character-25, Caron-21)
possessive(Caron-21, 's-22)
amod(character-25, hot-and-cold-23)
amod(character-25, running-24)
nsubj(exasperating-27, character-25)
aux(exasperating-27, is-26)
conj(has-15, exasperating-27)
prep(exasperating-27, throughout-28)
punct(Nice-1, .-29)

Sentence #7 (22 tokens):
Vivid cinematography by Alan Stensvold, nice location shooting, but it fails to come to any kind of a boil.
[Text=Vivid CharacterOffsetBegin=1061 CharacterOffsetEnd=1066 PartOfSpeech=JJ] [Text=cinematography CharacterOffsetBegin=1067 CharacterOffsetEnd=1081 PartOfSpeech=NN] [Text=by CharacterOffsetBegin=1082 CharacterOffsetEnd=1084 PartOfSpeech=IN] [Text=Alan CharacterOffsetBegin=1085 CharacterOffsetEnd=1089 PartOfSpeech=NNP] [Text=Stensvold CharacterOffsetBegin=1090 CharacterOffsetEnd=1099 PartOfSpeech=NNP] [Text=, CharacterOffsetBegin=1099 CharacterOffsetEnd=1100 PartOfSpeech=,] [Text=nice CharacterOffsetBegin=1101 CharacterOffsetEnd=1105 PartOfSpeech=JJ] [Text=location CharacterOffsetBegin=1106 CharacterOffsetEnd=1114 PartOfSpeech=NN] [Text=shooting CharacterOffsetBegin=1115 CharacterOffsetEnd=1123 PartOfSpeech=NN] [Text=, CharacterOffsetBegin=1123 CharacterOffsetEnd=1124 PartOfSpeech=,] [Text=but CharacterOffsetBegin=1125 CharacterOffsetEnd=1128 PartOfSpeech=CC] [Text=it CharacterOffsetBegin=1129 CharacterOffsetEnd=1131 PartOfSpeech=PRP] [Text=fails CharacterOffsetBegin=1132 CharacterOffsetEnd=1137 PartOfSpeech=VBZ] [Text=to CharacterOffsetBegin=1138 CharacterOffsetEnd=1140 PartOfSpeech=TO] [Text=come CharacterOffsetBegin=1141 CharacterOffsetEnd=1145 PartOfSpeech=VB] [Text=to CharacterOffsetBegin=1146 CharacterOffsetEnd=1148 PartOfSpeech=TO] [Text=any CharacterOffsetBegin=1149 CharacterOffsetEnd=1152 PartOfSpeech=DT] [Text=kind CharacterOffsetBegin=1153 CharacterOffsetEnd=1157 PartOfSpeech=NN] [Text=of CharacterOffsetBegin=1158 CharacterOffsetEnd=1160 PartOfSpeech=IN] [Text=a CharacterOffsetBegin=1161 CharacterOffsetEnd=1162 PartOfSpeech=DT] [Text=boil CharacterOffsetBegin=1163 CharacterOffsetEnd=1167 PartOfSpeech=NN] [Text=. CharacterOffsetBegin=1167 CharacterOffsetEnd=1168 PartOfSpeech=.] 
root(ROOT-0, cinematography-2)
amod(cinematography-2, Vivid-1)
prep(cinematography-2, by-3)
nn(Stensvold-5, Alan-4)
pobj(by-3, Stensvold-5)
punct(Stensvold-5, ,-6)
amod(shooting-9, nice-7)
nn(shooting-9, location-8)
appos(Stensvold-5, shooting-9)
punct(cinematography-2, ,-10)
cc(cinematography-2, but-11)
nsubj(fails-13, it-12)
conj(cinematography-2, fails-13)
aux(come-15, to-14)
xcomp(fails-13, come-15)
prep(come-15, to-16)
det(kind-18, any-17)
pobj(to-16, kind-18)
prep(kind-18, of-19)
det(boil-21, a-20)
pobj(of-19, boil-21)
punct(cinematography-2, .-22)

Sentence #8 (4 tokens):
*1/2 from ****
[Text=* CharacterOffsetBegin=1173 CharacterOffsetEnd=1174 PartOfSpeech=SYM] [Text=1/2 CharacterOffsetBegin=1174 CharacterOffsetEnd=1177 PartOfSpeech=CD] [Text=from CharacterOffsetBegin=1178 CharacterOffsetEnd=1182 PartOfSpeech=IN] [Text=**** CharacterOffsetBegin=1183 CharacterOffsetEnd=1187 PartOfSpeech=CD] 
root(ROOT-0, 1/2-2)
dep(1/2-2, *-1)
prep(1/2-2, from-3)
pobj(from-3, ****-4)

