Sentence #1 (22 tokens):
When my own child is begging me to leave the opening show of this film, I know it is bad.
[Text=When CharacterOffsetBegin=4 CharacterOffsetEnd=8 PartOfSpeech=WRB] [Text=my CharacterOffsetBegin=9 CharacterOffsetEnd=11 PartOfSpeech=PRP$] [Text=own CharacterOffsetBegin=12 CharacterOffsetEnd=15 PartOfSpeech=JJ] [Text=child CharacterOffsetBegin=16 CharacterOffsetEnd=21 PartOfSpeech=NN] [Text=is CharacterOffsetBegin=22 CharacterOffsetEnd=24 PartOfSpeech=VBZ] [Text=begging CharacterOffsetBegin=25 CharacterOffsetEnd=32 PartOfSpeech=VBG] [Text=me CharacterOffsetBegin=33 CharacterOffsetEnd=35 PartOfSpeech=PRP] [Text=to CharacterOffsetBegin=36 CharacterOffsetEnd=38 PartOfSpeech=TO] [Text=leave CharacterOffsetBegin=39 CharacterOffsetEnd=44 PartOfSpeech=VB] [Text=the CharacterOffsetBegin=45 CharacterOffsetEnd=48 PartOfSpeech=DT] [Text=opening CharacterOffsetBegin=49 CharacterOffsetEnd=56 PartOfSpeech=NN] [Text=show CharacterOffsetBegin=57 CharacterOffsetEnd=61 PartOfSpeech=NN] [Text=of CharacterOffsetBegin=62 CharacterOffsetEnd=64 PartOfSpeech=IN] [Text=this CharacterOffsetBegin=65 CharacterOffsetEnd=69 PartOfSpeech=DT] [Text=film CharacterOffsetBegin=70 CharacterOffsetEnd=74 PartOfSpeech=NN] [Text=, CharacterOffsetBegin=74 CharacterOffsetEnd=75 PartOfSpeech=,] [Text=I CharacterOffsetBegin=76 CharacterOffsetEnd=77 PartOfSpeech=PRP] [Text=know CharacterOffsetBegin=78 CharacterOffsetEnd=82 PartOfSpeech=VBP] [Text=it CharacterOffsetBegin=83 CharacterOffsetEnd=85 PartOfSpeech=PRP] [Text=is CharacterOffsetBegin=86 CharacterOffsetEnd=88 PartOfSpeech=VBZ] [Text=bad CharacterOffsetBegin=89 CharacterOffsetEnd=92 PartOfSpeech=JJ] [Text=. CharacterOffsetBegin=92 CharacterOffsetEnd=93 PartOfSpeech=.] 
root(ROOT-0, know-18)
advmod(begging-6, When-1)
poss(child-4, my-2)
amod(child-4, own-3)
nsubj(begging-6, child-4)
aux(begging-6, is-5)
advcl(know-18, begging-6)
dobj(begging-6, me-7)
aux(leave-9, to-8)
xcomp(begging-6, leave-9)
det(show-12, the-10)
nn(show-12, opening-11)
dobj(leave-9, show-12)
prep(show-12, of-13)
det(film-15, this-14)
pobj(of-13, film-15)
punct(know-18, ,-16)
nsubj(know-18, I-17)
nsubj(bad-21, it-19)
cop(bad-21, is-20)
ccomp(know-18, bad-21)
punct(know-18, .-22)

Sentence #2 (8 tokens):
I wanted to claw my eyes out.
[Text=I CharacterOffsetBegin=98 CharacterOffsetEnd=99 PartOfSpeech=PRP] [Text=wanted CharacterOffsetBegin=100 CharacterOffsetEnd=106 PartOfSpeech=VBD] [Text=to CharacterOffsetBegin=107 CharacterOffsetEnd=109 PartOfSpeech=TO] [Text=claw CharacterOffsetBegin=110 CharacterOffsetEnd=114 PartOfSpeech=VB] [Text=my CharacterOffsetBegin=115 CharacterOffsetEnd=117 PartOfSpeech=PRP$] [Text=eyes CharacterOffsetBegin=118 CharacterOffsetEnd=122 PartOfSpeech=NNS] [Text=out CharacterOffsetBegin=123 CharacterOffsetEnd=126 PartOfSpeech=RP] [Text=. CharacterOffsetBegin=126 CharacterOffsetEnd=127 PartOfSpeech=.] 
root(ROOT-0, wanted-2)
nsubj(wanted-2, I-1)
aux(claw-4, to-3)
xcomp(wanted-2, claw-4)
poss(eyes-6, my-5)
dobj(claw-4, eyes-6)
prt(claw-4, out-7)
punct(wanted-2, .-8)

Sentence #3 (21 tokens):
I wanted to reach through the screen and slap Mike Myers for sacrificing the last shred of dignity he had.
[Text=I CharacterOffsetBegin=132 CharacterOffsetEnd=133 PartOfSpeech=PRP] [Text=wanted CharacterOffsetBegin=134 CharacterOffsetEnd=140 PartOfSpeech=VBD] [Text=to CharacterOffsetBegin=141 CharacterOffsetEnd=143 PartOfSpeech=TO] [Text=reach CharacterOffsetBegin=144 CharacterOffsetEnd=149 PartOfSpeech=VB] [Text=through CharacterOffsetBegin=150 CharacterOffsetEnd=157 PartOfSpeech=IN] [Text=the CharacterOffsetBegin=158 CharacterOffsetEnd=161 PartOfSpeech=DT] [Text=screen CharacterOffsetBegin=162 CharacterOffsetEnd=168 PartOfSpeech=NN] [Text=and CharacterOffsetBegin=169 CharacterOffsetEnd=172 PartOfSpeech=CC] [Text=slap CharacterOffsetBegin=173 CharacterOffsetEnd=177 PartOfSpeech=NN] [Text=Mike CharacterOffsetBegin=178 CharacterOffsetEnd=182 PartOfSpeech=NNP] [Text=Myers CharacterOffsetBegin=183 CharacterOffsetEnd=188 PartOfSpeech=NNP] [Text=for CharacterOffsetBegin=189 CharacterOffsetEnd=192 PartOfSpeech=IN] [Text=sacrificing CharacterOffsetBegin=193 CharacterOffsetEnd=204 PartOfSpeech=VBG] [Text=the CharacterOffsetBegin=205 CharacterOffsetEnd=208 PartOfSpeech=DT] [Text=last CharacterOffsetBegin=209 CharacterOffsetEnd=213 PartOfSpeech=JJ] [Text=shred CharacterOffsetBegin=214 CharacterOffsetEnd=219 PartOfSpeech=NN] [Text=of CharacterOffsetBegin=220 CharacterOffsetEnd=222 PartOfSpeech=IN] [Text=dignity CharacterOffsetBegin=223 CharacterOffsetEnd=230 PartOfSpeech=NN] [Text=he CharacterOffsetBegin=231 CharacterOffsetEnd=233 PartOfSpeech=PRP] [Text=had CharacterOffsetBegin=234 CharacterOffsetEnd=237 PartOfSpeech=VBD] [Text=. CharacterOffsetBegin=237 CharacterOffsetEnd=238 PartOfSpeech=.] 
root(ROOT-0, wanted-2)
nsubj(wanted-2, I-1)
aux(reach-4, to-3)
xcomp(wanted-2, reach-4)
prep(reach-4, through-5)
det(screen-7, the-6)
pobj(through-5, screen-7)
cc(screen-7, and-8)
nn(Myers-11, slap-9)
nn(Myers-11, Mike-10)
conj(screen-7, Myers-11)
prep(reach-4, for-12)
pcomp(for-12, sacrificing-13)
det(shred-16, the-14)
amod(shred-16, last-15)
dobj(sacrificing-13, shred-16)
prep(shred-16, of-17)
pobj(of-17, dignity-18)
nsubj(had-20, he-19)
dep(sacrificing-13, had-20)
punct(wanted-2, .-21)

Sentence #4 (27 tokens):
This is one of the few films in my life I have watched and immediately wished to "unwatch", if only it were possible.
[Text=This CharacterOffsetBegin=243 CharacterOffsetEnd=247 PartOfSpeech=DT] [Text=is CharacterOffsetBegin=248 CharacterOffsetEnd=250 PartOfSpeech=VBZ] [Text=one CharacterOffsetBegin=251 CharacterOffsetEnd=254 PartOfSpeech=CD] [Text=of CharacterOffsetBegin=255 CharacterOffsetEnd=257 PartOfSpeech=IN] [Text=the CharacterOffsetBegin=258 CharacterOffsetEnd=261 PartOfSpeech=DT] [Text=few CharacterOffsetBegin=262 CharacterOffsetEnd=265 PartOfSpeech=JJ] [Text=films CharacterOffsetBegin=266 CharacterOffsetEnd=271 PartOfSpeech=NNS] [Text=in CharacterOffsetBegin=272 CharacterOffsetEnd=274 PartOfSpeech=IN] [Text=my CharacterOffsetBegin=275 CharacterOffsetEnd=277 PartOfSpeech=PRP$] [Text=life CharacterOffsetBegin=278 CharacterOffsetEnd=282 PartOfSpeech=NN] [Text=I CharacterOffsetBegin=283 CharacterOffsetEnd=284 PartOfSpeech=PRP] [Text=have CharacterOffsetBegin=285 CharacterOffsetEnd=289 PartOfSpeech=VBP] [Text=watched CharacterOffsetBegin=290 CharacterOffsetEnd=297 PartOfSpeech=VBN] [Text=and CharacterOffsetBegin=298 CharacterOffsetEnd=301 PartOfSpeech=CC] [Text=immediately CharacterOffsetBegin=302 CharacterOffsetEnd=313 PartOfSpeech=RB] [Text=wished CharacterOffsetBegin=314 CharacterOffsetEnd=320 PartOfSpeech=VBD] [Text=to CharacterOffsetBegin=321 CharacterOffsetEnd=323 PartOfSpeech=TO] [Text=`` CharacterOffsetBegin=324 CharacterOffsetEnd=325 PartOfSpeech=``] [Text=unwatch CharacterOffsetBegin=325 CharacterOffsetEnd=332 PartOfSpeech=VB] [Text='' CharacterOffsetBegin=332 CharacterOffsetEnd=333 PartOfSpeech=''] [Text=, CharacterOffsetBegin=333 CharacterOffsetEnd=334 PartOfSpeech=,] [Text=if CharacterOffsetBegin=335 CharacterOffsetEnd=337 PartOfSpeech=IN] [Text=only CharacterOffsetBegin=338 CharacterOffsetEnd=342 PartOfSpeech=RB] [Text=it CharacterOffsetBegin=343 CharacterOffsetEnd=345 PartOfSpeech=PRP] [Text=were CharacterOffsetBegin=346 CharacterOffsetEnd=350 PartOfSpeech=VBD] [Text=possible CharacterOffsetBegin=351 CharacterOffsetEnd=359 PartOfSpeech=JJ] [Text=. CharacterOffsetBegin=359 CharacterOffsetEnd=360 PartOfSpeech=.] 
root(ROOT-0, one-3)
nsubj(one-3, This-1)
cop(one-3, is-2)
prep(one-3, of-4)
det(films-7, the-5)
amod(films-7, few-6)
pobj(of-4, films-7)
prep(films-7, in-8)
poss(life-10, my-9)
pobj(in-8, life-10)
nsubj(watched-13, I-11)
aux(watched-13, have-12)
rcmod(films-7, watched-13)
cc(watched-13, and-14)
advmod(wished-16, immediately-15)
conj(watched-13, wished-16)
aux(unwatch-19, to-17)
punct(unwatch-19, ``-18)
xcomp(wished-16, unwatch-19)
punct(unwatch-19, ''-20)
punct(unwatch-19, ,-21)
mark(possible-26, if-22)
advmod(possible-26, only-23)
nsubj(possible-26, it-24)
cop(possible-26, were-25)
advcl(unwatch-19, possible-26)
punct(one-3, .-27)

Sentence #5 (61 tokens):
The other films being 'Troll 2' and 'Fast and Furious', both which are better than this crap in the hat.I may drink myself to sleep tonight in a vain attempt to forget I ever witnessed this blasphemy on the good Seuss name.To Mike Myers, I say stick with Austin or even resurrect Waynes World.
[Text=The CharacterOffsetBegin=365 CharacterOffsetEnd=368 PartOfSpeech=DT] [Text=other CharacterOffsetBegin=369 CharacterOffsetEnd=374 PartOfSpeech=JJ] [Text=films CharacterOffsetBegin=375 CharacterOffsetEnd=380 PartOfSpeech=NNS] [Text=being CharacterOffsetBegin=381 CharacterOffsetEnd=386 PartOfSpeech=VBG] [Text=` CharacterOffsetBegin=387 CharacterOffsetEnd=388 PartOfSpeech=``] [Text=Troll CharacterOffsetBegin=388 CharacterOffsetEnd=393 PartOfSpeech=NN] [Text=2 CharacterOffsetBegin=394 CharacterOffsetEnd=395 PartOfSpeech=CD] [Text=' CharacterOffsetBegin=395 CharacterOffsetEnd=396 PartOfSpeech=''] [Text=and CharacterOffsetBegin=397 CharacterOffsetEnd=400 PartOfSpeech=CC] [Text=` CharacterOffsetBegin=401 CharacterOffsetEnd=402 PartOfSpeech=``] [Text=Fast CharacterOffsetBegin=402 CharacterOffsetEnd=406 PartOfSpeech=JJ] [Text=and CharacterOffsetBegin=407 CharacterOffsetEnd=410 PartOfSpeech=CC] [Text=Furious CharacterOffsetBegin=411 CharacterOffsetEnd=418 PartOfSpeech=JJ] [Text=' CharacterOffsetBegin=418 CharacterOffsetEnd=419 PartOfSpeech=''] [Text=, CharacterOffsetBegin=419 CharacterOffsetEnd=420 PartOfSpeech=,] [Text=both CharacterOffsetBegin=421 CharacterOffsetEnd=425 PartOfSpeech=DT] [Text=which CharacterOffsetBegin=426 CharacterOffsetEnd=431 PartOfSpeech=WDT] [Text=are CharacterOffsetBegin=432 CharacterOffsetEnd=435 PartOfSpeech=VBP] [Text=better CharacterOffsetBegin=436 CharacterOffsetEnd=442 PartOfSpeech=JJR] [Text=than CharacterOffsetBegin=443 CharacterOffsetEnd=447 PartOfSpeech=IN] [Text=this CharacterOffsetBegin=448 CharacterOffsetEnd=452 PartOfSpeech=DT] [Text=crap CharacterOffsetBegin=453 CharacterOffsetEnd=457 PartOfSpeech=NN] [Text=in CharacterOffsetBegin=458 CharacterOffsetEnd=460 PartOfSpeech=IN] [Text=the CharacterOffsetBegin=461 CharacterOffsetEnd=464 PartOfSpeech=DT] [Text=hat.I CharacterOffsetBegin=465 CharacterOffsetEnd=470 PartOfSpeech=NN] [Text=may CharacterOffsetBegin=471 CharacterOffsetEnd=474 PartOfSpeech=MD] [Text=drink CharacterOffsetBegin=475 CharacterOffsetEnd=480 PartOfSpeech=VB] [Text=myself CharacterOffsetBegin=481 CharacterOffsetEnd=487 PartOfSpeech=PRP] [Text=to CharacterOffsetBegin=488 CharacterOffsetEnd=490 PartOfSpeech=TO] [Text=sleep CharacterOffsetBegin=491 CharacterOffsetEnd=496 PartOfSpeech=VB] [Text=tonight CharacterOffsetBegin=497 CharacterOffsetEnd=504 PartOfSpeech=NN] [Text=in CharacterOffsetBegin=505 CharacterOffsetEnd=507 PartOfSpeech=IN] [Text=a CharacterOffsetBegin=508 CharacterOffsetEnd=509 PartOfSpeech=DT] [Text=vain CharacterOffsetBegin=510 CharacterOffsetEnd=514 PartOfSpeech=JJ] [Text=attempt CharacterOffsetBegin=515 CharacterOffsetEnd=522 PartOfSpeech=NN] [Text=to CharacterOffsetBegin=523 CharacterOffsetEnd=525 PartOfSpeech=TO] [Text=forget CharacterOffsetBegin=526 CharacterOffsetEnd=532 PartOfSpeech=VB] [Text=I CharacterOffsetBegin=533 CharacterOffsetEnd=534 PartOfSpeech=PRP] [Text=ever CharacterOffsetBegin=535 CharacterOffsetEnd=539 PartOfSpeech=RB] [Text=witnessed CharacterOffsetBegin=540 CharacterOffsetEnd=549 PartOfSpeech=VBD] [Text=this CharacterOffsetBegin=550 CharacterOffsetEnd=554 PartOfSpeech=DT] [Text=blasphemy CharacterOffsetBegin=555 CharacterOffsetEnd=564 PartOfSpeech=NN] [Text=on CharacterOffsetBegin=565 CharacterOffsetEnd=567 PartOfSpeech=IN] [Text=the CharacterOffsetBegin=568 CharacterOffsetEnd=571 PartOfSpeech=DT] [Text=good CharacterOffsetBegin=572 CharacterOffsetEnd=576 PartOfSpeech=JJ] [Text=Seuss CharacterOffsetBegin=577 CharacterOffsetEnd=582 PartOfSpeech=NNP] [Text=name.To CharacterOffsetBegin=583 CharacterOffsetEnd=590 PartOfSpeech=NNP] [Text=Mike CharacterOffsetBegin=591 CharacterOffsetEnd=595 PartOfSpeech=NNP] [Text=Myers CharacterOffsetBegin=596 CharacterOffsetEnd=601 PartOfSpeech=NNP] [Text=, CharacterOffsetBegin=601 CharacterOffsetEnd=602 PartOfSpeech=,] [Text=I CharacterOffsetBegin=603 CharacterOffsetEnd=604 PartOfSpeech=PRP] [Text=say CharacterOffsetBegin=605 CharacterOffsetEnd=608 PartOfSpeech=VBP] [Text=stick CharacterOffsetBegin=609 CharacterOffsetEnd=614 PartOfSpeech=NN] [Text=with CharacterOffsetBegin=615 CharacterOffsetEnd=619 PartOfSpeech=IN] [Text=Austin CharacterOffsetBegin=620 CharacterOffsetEnd=626 PartOfSpeech=NNP] [Text=or CharacterOffsetBegin=627 CharacterOffsetEnd=629 PartOfSpeech=CC] [Text=even CharacterOffsetBegin=630 CharacterOffsetEnd=634 PartOfSpeech=RB] [Text=resurrect CharacterOffsetBegin=635 CharacterOffsetEnd=644 PartOfSpeech=VB] [Text=Waynes CharacterOffsetBegin=645 CharacterOffsetEnd=651 PartOfSpeech=NNP] [Text=World CharacterOffsetBegin=652 CharacterOffsetEnd=657 PartOfSpeech=NNP] [Text=. CharacterOffsetBegin=657 CharacterOffsetEnd=658 PartOfSpeech=.] 
root(ROOT-0, Troll-6)
det(films-3, The-1)
amod(films-3, other-2)
nsubj(Troll-6, films-3)
cop(Troll-6, being-4)
punct(Troll-6, `-5)
dep(Troll-6, 2-7)
punct(2-7, '-8)
cc(2-7, and-9)
punct(Fast-11, `-10)
conj(2-7, Fast-11)
cc(2-7, and-12)
conj(2-7, Furious-13)
punct(2-7, '-14)
punct(Troll-6, ,-15)
nsubj(drink-27, both-16)
nsubj(better-19, which-17)
cop(better-19, are-18)
rcmod(both-16, better-19)
prep(better-19, than-20)
det(crap-22, this-21)
pobj(than-20, crap-22)
prep(crap-22, in-23)
det(hat.I-25, the-24)
pobj(in-23, hat.I-25)
aux(drink-27, may-26)
ccomp(Troll-6, drink-27)
dobj(drink-27, myself-28)
aux(sleep-30, to-29)
xcomp(drink-27, sleep-30)
tmod(sleep-30, tonight-31)
prep(sleep-30, in-32)
det(attempt-35, a-33)
amod(attempt-35, vain-34)
pobj(in-32, attempt-35)
aux(forget-37, to-36)
infmod(attempt-35, forget-37)
nsubj(witnessed-40, I-38)
advmod(witnessed-40, ever-39)
ccomp(forget-37, witnessed-40)
det(blasphemy-42, this-41)
dobj(witnessed-40, blasphemy-42)
prep(witnessed-40, on-43)
det(Myers-49, the-44)
amod(Myers-49, good-45)
nn(Myers-49, Seuss-46)
nn(Myers-49, name.To-47)
nn(Myers-49, Mike-48)
pobj(on-43, Myers-49)
punct(Troll-6, ,-50)
nsubj(say-52, I-51)
rcmod(Troll-6, say-52)
dobj(say-52, stick-53)
prep(stick-53, with-54)
pobj(with-54, Austin-55)
cc(stick-53, or-56)
advmod(resurrect-58, even-57)
conj(stick-53, resurrect-58)
nn(World-60, Waynes-59)
dobj(resurrect-58, World-60)
punct(Troll-6, .-61)

Sentence #6 (19 tokens):
Just because it worked for Jim Carrey, doesn't mean Seuss is a success for all Canadians.
[Text=Just CharacterOffsetBegin=663 CharacterOffsetEnd=667 PartOfSpeech=RB] [Text=because CharacterOffsetBegin=668 CharacterOffsetEnd=675 PartOfSpeech=IN] [Text=it CharacterOffsetBegin=676 CharacterOffsetEnd=678 PartOfSpeech=PRP] [Text=worked CharacterOffsetBegin=679 CharacterOffsetEnd=685 PartOfSpeech=VBD] [Text=for CharacterOffsetBegin=686 CharacterOffsetEnd=689 PartOfSpeech=IN] [Text=Jim CharacterOffsetBegin=690 CharacterOffsetEnd=693 PartOfSpeech=NNP] [Text=Carrey CharacterOffsetBegin=694 CharacterOffsetEnd=700 PartOfSpeech=NNP] [Text=, CharacterOffsetBegin=700 CharacterOffsetEnd=701 PartOfSpeech=,] [Text=does CharacterOffsetBegin=702 CharacterOffsetEnd=706 PartOfSpeech=VBZ] [Text=n't CharacterOffsetBegin=706 CharacterOffsetEnd=709 PartOfSpeech=RB] [Text=mean CharacterOffsetBegin=710 CharacterOffsetEnd=714 PartOfSpeech=VB] [Text=Seuss CharacterOffsetBegin=715 CharacterOffsetEnd=720 PartOfSpeech=NNP] [Text=is CharacterOffsetBegin=721 CharacterOffsetEnd=723 PartOfSpeech=VBZ] [Text=a CharacterOffsetBegin=724 CharacterOffsetEnd=725 PartOfSpeech=DT] [Text=success CharacterOffsetBegin=726 CharacterOffsetEnd=733 PartOfSpeech=NN] [Text=for CharacterOffsetBegin=734 CharacterOffsetEnd=737 PartOfSpeech=IN] [Text=all CharacterOffsetBegin=738 CharacterOffsetEnd=741 PartOfSpeech=DT] [Text=Canadians CharacterOffsetBegin=742 CharacterOffsetEnd=751 PartOfSpeech=NNPS] [Text=. CharacterOffsetBegin=751 CharacterOffsetEnd=752 PartOfSpeech=.] 
root(ROOT-0, mean-11)
advmod(worked-4, Just-1)
mark(worked-4, because-2)
nsubj(worked-4, it-3)
advcl(mean-11, worked-4)
prep(worked-4, for-5)
nn(Carrey-7, Jim-6)
pobj(for-5, Carrey-7)
punct(mean-11, ,-8)
aux(mean-11, does-9)
neg(mean-11, n't-10)
nsubj(success-15, Seuss-12)
cop(success-15, is-13)
det(success-15, a-14)
ccomp(mean-11, success-15)
prep(success-15, for-16)
det(Canadians-18, all-17)
pobj(for-16, Canadians-18)
punct(mean-11, .-19)

