Sentence #1 (73 tokens):
The Invisible Maniac starts as a young Kevin Dornwinkle (Kris Russell) is caught by his strict mother (Marilyn Adams) watching a girl (Tracy Walker) strip through his telescope... Cut to 'Twenty Years Later' & Kevin Dornwinkle (Noel Peters) is now a physics professor who claims to have discovered a way to turn things invisible using a 'mollecular reconstruction' serum.
[Text=The CharacterOffsetBegin=4 CharacterOffsetEnd=7 PartOfSpeech=DT] [Text=Invisible CharacterOffsetBegin=8 CharacterOffsetEnd=17 PartOfSpeech=JJ] [Text=Maniac CharacterOffsetBegin=18 CharacterOffsetEnd=24 PartOfSpeech=NN] [Text=starts CharacterOffsetBegin=25 CharacterOffsetEnd=31 PartOfSpeech=VBZ] [Text=as CharacterOffsetBegin=32 CharacterOffsetEnd=34 PartOfSpeech=IN] [Text=a CharacterOffsetBegin=35 CharacterOffsetEnd=36 PartOfSpeech=DT] [Text=young CharacterOffsetBegin=37 CharacterOffsetEnd=42 PartOfSpeech=JJ] [Text=Kevin CharacterOffsetBegin=43 CharacterOffsetEnd=48 PartOfSpeech=NNP] [Text=Dornwinkle CharacterOffsetBegin=49 CharacterOffsetEnd=59 PartOfSpeech=NNP] [Text=-LRB- CharacterOffsetBegin=60 CharacterOffsetEnd=61 PartOfSpeech=-LRB-] [Text=Kris CharacterOffsetBegin=61 CharacterOffsetEnd=65 PartOfSpeech=NNP] [Text=Russell CharacterOffsetBegin=66 CharacterOffsetEnd=73 PartOfSpeech=NNP] [Text=-RRB- CharacterOffsetBegin=73 CharacterOffsetEnd=74 PartOfSpeech=-RRB-] [Text=is CharacterOffsetBegin=75 CharacterOffsetEnd=77 PartOfSpeech=VBZ] [Text=caught CharacterOffsetBegin=78 CharacterOffsetEnd=84 PartOfSpeech=VBN] [Text=by CharacterOffsetBegin=85 CharacterOffsetEnd=87 PartOfSpeech=IN] [Text=his CharacterOffsetBegin=88 CharacterOffsetEnd=91 PartOfSpeech=PRP$] [Text=strict CharacterOffsetBegin=92 CharacterOffsetEnd=98 PartOfSpeech=JJ] [Text=mother CharacterOffsetBegin=99 CharacterOffsetEnd=105 PartOfSpeech=NN] [Text=-LRB- CharacterOffsetBegin=106 CharacterOffsetEnd=107 PartOfSpeech=-LRB-] [Text=Marilyn CharacterOffsetBegin=107 CharacterOffsetEnd=114 PartOfSpeech=NNP] [Text=Adams CharacterOffsetBegin=115 CharacterOffsetEnd=120 PartOfSpeech=NNP] [Text=-RRB- CharacterOffsetBegin=120 CharacterOffsetEnd=121 PartOfSpeech=-RRB-] [Text=watching CharacterOffsetBegin=122 CharacterOffsetEnd=130 PartOfSpeech=VBG] [Text=a CharacterOffsetBegin=131 CharacterOffsetEnd=132 PartOfSpeech=DT] [Text=girl CharacterOffsetBegin=133 CharacterOffsetEnd=137 PartOfSpeech=NN] [Text=-LRB- CharacterOffsetBegin=138 CharacterOffsetEnd=139 PartOfSpeech=-LRB-] [Text=Tracy CharacterOffsetBegin=139 CharacterOffsetEnd=144 PartOfSpeech=NNP] [Text=Walker CharacterOffsetBegin=145 CharacterOffsetEnd=151 PartOfSpeech=NNP] [Text=-RRB- CharacterOffsetBegin=151 CharacterOffsetEnd=152 PartOfSpeech=-RRB-] [Text=strip CharacterOffsetBegin=153 CharacterOffsetEnd=158 PartOfSpeech=NN] [Text=through CharacterOffsetBegin=159 CharacterOffsetEnd=166 PartOfSpeech=IN] [Text=his CharacterOffsetBegin=167 CharacterOffsetEnd=170 PartOfSpeech=PRP$] [Text=telescope CharacterOffsetBegin=171 CharacterOffsetEnd=180 PartOfSpeech=NN] [Text=... CharacterOffsetBegin=180 CharacterOffsetEnd=183 PartOfSpeech=:] [Text=Cut CharacterOffsetBegin=184 CharacterOffsetEnd=187 PartOfSpeech=NNP] [Text=to CharacterOffsetBegin=188 CharacterOffsetEnd=190 PartOfSpeech=TO] [Text=` CharacterOffsetBegin=191 CharacterOffsetEnd=192 PartOfSpeech=``] [Text=Twenty CharacterOffsetBegin=192 CharacterOffsetEnd=198 PartOfSpeech=CD] [Text=Years CharacterOffsetBegin=199 CharacterOffsetEnd=204 PartOfSpeech=NNS] [Text=Later CharacterOffsetBegin=205 CharacterOffsetEnd=210 PartOfSpeech=RB] [Text=' CharacterOffsetBegin=210 CharacterOffsetEnd=211 PartOfSpeech=''] [Text=& CharacterOffsetBegin=212 CharacterOffsetEnd=213 PartOfSpeech=CC] [Text=Kevin CharacterOffsetBegin=214 CharacterOffsetEnd=219 PartOfSpeech=NNP] [Text=Dornwinkle CharacterOffsetBegin=220 CharacterOffsetEnd=230 PartOfSpeech=NNP] [Text=-LRB- CharacterOffsetBegin=231 CharacterOffsetEnd=232 PartOfSpeech=-LRB-] [Text=Noel CharacterOffsetBegin=232 CharacterOffsetEnd=236 PartOfSpeech=NNP] [Text=Peters CharacterOffsetBegin=237 CharacterOffsetEnd=243 PartOfSpeech=NNP] [Text=-RRB- CharacterOffsetBegin=243 CharacterOffsetEnd=244 PartOfSpeech=-RRB-] [Text=is CharacterOffsetBegin=245 CharacterOffsetEnd=247 PartOfSpeech=VBZ] [Text=now CharacterOffsetBegin=248 CharacterOffsetEnd=251 PartOfSpeech=RB] [Text=a CharacterOffsetBegin=252 CharacterOffsetEnd=253 PartOfSpeech=DT] [Text=physics CharacterOffsetBegin=254 CharacterOffsetEnd=261 PartOfSpeech=NN] [Text=professor CharacterOffsetBegin=262 CharacterOffsetEnd=271 PartOfSpeech=NN] [Text=who CharacterOffsetBegin=272 CharacterOffsetEnd=275 PartOfSpeech=WP] [Text=claims CharacterOffsetBegin=276 CharacterOffsetEnd=282 PartOfSpeech=VBZ] [Text=to CharacterOffsetBegin=283 CharacterOffsetEnd=285 PartOfSpeech=TO] [Text=have CharacterOffsetBegin=286 CharacterOffsetEnd=290 PartOfSpeech=VB] [Text=discovered CharacterOffsetBegin=291 CharacterOffsetEnd=301 PartOfSpeech=VBN] [Text=a CharacterOffsetBegin=302 CharacterOffsetEnd=303 PartOfSpeech=DT] [Text=way CharacterOffsetBegin=304 CharacterOffsetEnd=307 PartOfSpeech=NN] [Text=to CharacterOffsetBegin=308 CharacterOffsetEnd=310 PartOfSpeech=TO] [Text=turn CharacterOffsetBegin=311 CharacterOffsetEnd=315 PartOfSpeech=VB] [Text=things CharacterOffsetBegin=316 CharacterOffsetEnd=322 PartOfSpeech=NNS] [Text=invisible CharacterOffsetBegin=323 CharacterOffsetEnd=332 PartOfSpeech=JJ] [Text=using CharacterOffsetBegin=333 CharacterOffsetEnd=338 PartOfSpeech=VBG] [Text=a CharacterOffsetBegin=339 CharacterOffsetEnd=340 PartOfSpeech=DT] [Text=` CharacterOffsetBegin=341 CharacterOffsetEnd=342 PartOfSpeech=``] [Text=mollecular CharacterOffsetBegin=342 CharacterOffsetEnd=352 PartOfSpeech=JJ] [Text=reconstruction CharacterOffsetBegin=353 CharacterOffsetEnd=367 PartOfSpeech=NN] [Text=' CharacterOffsetBegin=367 CharacterOffsetEnd=368 PartOfSpeech=''] [Text=serum CharacterOffsetBegin=369 CharacterOffsetEnd=374 PartOfSpeech=NN] [Text=. CharacterOffsetBegin=374 CharacterOffsetEnd=375 PartOfSpeech=.] 
root(ROOT-0, starts-4)
det(Maniac-3, The-1)
amod(Maniac-3, Invisible-2)
nsubj(starts-4, Maniac-3)
prep(starts-4, as-5)
det(Cut-36, a-6)
dep(Cut-36, young-7)
dep(young-7, Kevin-8)
nsubjpass(caught-15, Dornwinkle-9)
punct(Russell-12, -LRB--10)
nn(Russell-12, Kris-11)
appos(Dornwinkle-9, Russell-12)
punct(Russell-12, -RRB--13)
auxpass(caught-15, is-14)
rcmod(Kevin-8, caught-15)
prep(caught-15, by-16)
poss(mother-19, his-17)
amod(mother-19, strict-18)
pobj(by-16, mother-19)
punct(Adams-22, -LRB--20)
nn(Adams-22, Marilyn-21)
nsubj(watching-24, Adams-22)
punct(watching-24, -RRB--23)
rcmod(mother-19, watching-24)
det(strip-31, a-25)
nn(strip-31, girl-26)
punct(strip-31, -LRB--27)
nn(strip-31, Tracy-28)
nn(strip-31, Walker-29)
punct(strip-31, -RRB--30)
dobj(watching-24, strip-31)
prep(caught-15, through-32)
poss(telescope-34, his-33)
pobj(through-32, telescope-34)
punct(young-7, ...-35)
pobj(as-5, Cut-36)
prep(Cut-36, to-37)
punct(Years-40, `-38)
num(Years-40, Twenty-39)
pobj(to-37, Years-40)
advmod(Cut-36, Later-41)
punct(Later-41, '-42)
cc(Cut-36, &-43)
dep(professor-54, Kevin-44)
nsubj(professor-54, Dornwinkle-45)
punct(Peters-48, -LRB--46)
nn(Peters-48, Noel-47)
appos(Dornwinkle-45, Peters-48)
punct(Peters-48, -RRB--49)
cop(professor-54, is-50)
advmod(professor-54, now-51)
det(professor-54, a-52)
nn(professor-54, physics-53)
conj(Cut-36, professor-54)
nsubj(claims-56, who-55)
rcmod(Cut-36, claims-56)
aux(discovered-59, to-57)
aux(discovered-59, have-58)
xcomp(claims-56, discovered-59)
det(way-61, a-60)
dobj(discovered-59, way-61)
aux(turn-63, to-62)
infmod(way-61, turn-63)
dobj(turn-63, things-64)
amod(things-64, invisible-65)
partmod(invisible-65, using-66)
det(serum-72, a-67)
punct(serum-72, `-68)
amod(serum-72, mollecular-69)
nn(serum-72, reconstruction-70)
punct(serum-72, '-71)
dobj(using-66, serum-72)
punct(starts-4, .-73)

Sentence #2 (40 tokens):
However during a demonstration in front of his fellow scientists it fails & they all laugh at him, Dornwinkle goes mad kills a few of them & is locked away in a mental institute from which he escapes.
[Text=However CharacterOffsetBegin=380 CharacterOffsetEnd=387 PartOfSpeech=RB] [Text=during CharacterOffsetBegin=388 CharacterOffsetEnd=394 PartOfSpeech=IN] [Text=a CharacterOffsetBegin=395 CharacterOffsetEnd=396 PartOfSpeech=DT] [Text=demonstration CharacterOffsetBegin=397 CharacterOffsetEnd=410 PartOfSpeech=NN] [Text=in CharacterOffsetBegin=411 CharacterOffsetEnd=413 PartOfSpeech=IN] [Text=front CharacterOffsetBegin=414 CharacterOffsetEnd=419 PartOfSpeech=NN] [Text=of CharacterOffsetBegin=420 CharacterOffsetEnd=422 PartOfSpeech=IN] [Text=his CharacterOffsetBegin=423 CharacterOffsetEnd=426 PartOfSpeech=PRP$] [Text=fellow CharacterOffsetBegin=427 CharacterOffsetEnd=433 PartOfSpeech=JJ] [Text=scientists CharacterOffsetBegin=434 CharacterOffsetEnd=444 PartOfSpeech=NNS] [Text=it CharacterOffsetBegin=445 CharacterOffsetEnd=447 PartOfSpeech=PRP] [Text=fails CharacterOffsetBegin=448 CharacterOffsetEnd=453 PartOfSpeech=VBZ] [Text=& CharacterOffsetBegin=454 CharacterOffsetEnd=455 PartOfSpeech=CC] [Text=they CharacterOffsetBegin=456 CharacterOffsetEnd=460 PartOfSpeech=PRP] [Text=all CharacterOffsetBegin=461 CharacterOffsetEnd=464 PartOfSpeech=DT] [Text=laugh CharacterOffsetBegin=465 CharacterOffsetEnd=470 PartOfSpeech=NN] [Text=at CharacterOffsetBegin=471 CharacterOffsetEnd=473 PartOfSpeech=IN] [Text=him CharacterOffsetBegin=474 CharacterOffsetEnd=477 PartOfSpeech=PRP] [Text=, CharacterOffsetBegin=477 CharacterOffsetEnd=478 PartOfSpeech=,] [Text=Dornwinkle CharacterOffsetBegin=479 CharacterOffsetEnd=489 PartOfSpeech=NNP] [Text=goes CharacterOffsetBegin=490 CharacterOffsetEnd=494 PartOfSpeech=VBZ] [Text=mad CharacterOffsetBegin=495 CharacterOffsetEnd=498 PartOfSpeech=JJ] [Text=kills CharacterOffsetBegin=499 CharacterOffsetEnd=504 PartOfSpeech=VBZ] [Text=a CharacterOffsetBegin=505 CharacterOffsetEnd=506 PartOfSpeech=DT] [Text=few CharacterOffsetBegin=507 CharacterOffsetEnd=510 PartOfSpeech=JJ] [Text=of CharacterOffsetBegin=511 CharacterOffsetEnd=513 PartOfSpeech=IN] [Text=them CharacterOffsetBegin=514 CharacterOffsetEnd=518 PartOfSpeech=PRP] [Text=& CharacterOffsetBegin=519 CharacterOffsetEnd=520 PartOfSpeech=CC] [Text=is CharacterOffsetBegin=521 CharacterOffsetEnd=523 PartOfSpeech=VBZ] [Text=locked CharacterOffsetBegin=524 CharacterOffsetEnd=530 PartOfSpeech=VBN] [Text=away CharacterOffsetBegin=531 CharacterOffsetEnd=535 PartOfSpeech=RB] [Text=in CharacterOffsetBegin=536 CharacterOffsetEnd=538 PartOfSpeech=IN] [Text=a CharacterOffsetBegin=539 CharacterOffsetEnd=540 PartOfSpeech=DT] [Text=mental CharacterOffsetBegin=541 CharacterOffsetEnd=547 PartOfSpeech=JJ] [Text=institute CharacterOffsetBegin=548 CharacterOffsetEnd=557 PartOfSpeech=NN] [Text=from CharacterOffsetBegin=558 CharacterOffsetEnd=562 PartOfSpeech=IN] [Text=which CharacterOffsetBegin=563 CharacterOffsetEnd=568 PartOfSpeech=WDT] [Text=he CharacterOffsetBegin=569 CharacterOffsetEnd=571 PartOfSpeech=PRP] [Text=escapes CharacterOffsetBegin=572 CharacterOffsetEnd=579 PartOfSpeech=VBZ] [Text=. CharacterOffsetBegin=579 CharacterOffsetEnd=580 PartOfSpeech=.] 
root(ROOT-0, during-2)
advmod(during-2, However-1)
det(demonstration-4, a-3)
pobj(during-2, demonstration-4)
prep(demonstration-4, in-5)
pobj(in-5, front-6)
prep(front-6, of-7)
poss(scientists-10, his-8)
amod(scientists-10, fellow-9)
pobj(of-7, scientists-10)
nsubj(fails-12, it-11)
rcmod(scientists-10, fails-12)
cc(fails-12, &-13)
nsubj(laugh-16, they-14)
det(laugh-16, all-15)
conj(fails-12, laugh-16)
prep(fails-12, at-17)
pobj(at-17, him-18)
punct(scientists-10, ,-19)
nsubj(goes-21, Dornwinkle-20)
rcmod(scientists-10, goes-21)
amod(kills-23, mad-22)
dobj(goes-21, kills-23)
det(few-25, a-24)
dobj(kills-23, few-25)
prep(few-25, of-26)
pobj(of-26, them-27)
cc(kills-23, &-28)
auxpass(locked-30, is-29)
conj(kills-23, locked-30)
advmod(locked-30, away-31)
prep(locked-30, in-32)
det(institute-35, a-33)
amod(institute-35, mental-34)
pobj(in-32, institute-35)
prep(escapes-39, from-36)
pobj(from-36, which-37)
nsubj(escapes-39, he-38)
rcmod(institute-35, escapes-39)
punct(during-2, .-40)

Sentence #3 (51 tokens):
Jump forward 'Two Weeks Later' & a group of summer college students discuss the tragic death of their physics teacher when the headmistress Mrs. Cello (Stephanie Blake as Stella Blalack) says that she has hired a replacement, yes you've guessed it it's Dornwinkle.
[Text=Jump CharacterOffsetBegin=585 CharacterOffsetEnd=589 PartOfSpeech=NN] [Text=forward CharacterOffsetBegin=590 CharacterOffsetEnd=597 PartOfSpeech=RB] [Text=` CharacterOffsetBegin=598 CharacterOffsetEnd=599 PartOfSpeech=``] [Text=Two CharacterOffsetBegin=599 CharacterOffsetEnd=602 PartOfSpeech=CD] [Text=Weeks CharacterOffsetBegin=603 CharacterOffsetEnd=608 PartOfSpeech=NNS] [Text=Later CharacterOffsetBegin=609 CharacterOffsetEnd=614 PartOfSpeech=RB] [Text=' CharacterOffsetBegin=614 CharacterOffsetEnd=615 PartOfSpeech=''] [Text=& CharacterOffsetBegin=616 CharacterOffsetEnd=617 PartOfSpeech=CC] [Text=a CharacterOffsetBegin=618 CharacterOffsetEnd=619 PartOfSpeech=DT] [Text=group CharacterOffsetBegin=620 CharacterOffsetEnd=625 PartOfSpeech=NN] [Text=of CharacterOffsetBegin=626 CharacterOffsetEnd=628 PartOfSpeech=IN] [Text=summer CharacterOffsetBegin=629 CharacterOffsetEnd=635 PartOfSpeech=NN] [Text=college CharacterOffsetBegin=636 CharacterOffsetEnd=643 PartOfSpeech=NN] [Text=students CharacterOffsetBegin=644 CharacterOffsetEnd=652 PartOfSpeech=NNS] [Text=discuss CharacterOffsetBegin=653 CharacterOffsetEnd=660 PartOfSpeech=VBP] [Text=the CharacterOffsetBegin=661 CharacterOffsetEnd=664 PartOfSpeech=DT] [Text=tragic CharacterOffsetBegin=665 CharacterOffsetEnd=671 PartOfSpeech=JJ] [Text=death CharacterOffsetBegin=672 CharacterOffsetEnd=677 PartOfSpeech=NN] [Text=of CharacterOffsetBegin=678 CharacterOffsetEnd=680 PartOfSpeech=IN] [Text=their CharacterOffsetBegin=681 CharacterOffsetEnd=686 PartOfSpeech=PRP$] [Text=physics CharacterOffsetBegin=687 CharacterOffsetEnd=694 PartOfSpeech=NNS] [Text=teacher CharacterOffsetBegin=695 CharacterOffsetEnd=702 PartOfSpeech=NN] [Text=when CharacterOffsetBegin=703 CharacterOffsetEnd=707 PartOfSpeech=WRB] [Text=the CharacterOffsetBegin=708 CharacterOffsetEnd=711 PartOfSpeech=DT] [Text=headmistress CharacterOffsetBegin=712 CharacterOffsetEnd=724 PartOfSpeech=NN] [Text=Mrs. CharacterOffsetBegin=725 CharacterOffsetEnd=729 PartOfSpeech=NNP] [Text=Cello CharacterOffsetBegin=730 CharacterOffsetEnd=735 PartOfSpeech=NNP] [Text=-LRB- CharacterOffsetBegin=736 CharacterOffsetEnd=737 PartOfSpeech=-LRB-] [Text=Stephanie CharacterOffsetBegin=737 CharacterOffsetEnd=746 PartOfSpeech=NNP] [Text=Blake CharacterOffsetBegin=747 CharacterOffsetEnd=752 PartOfSpeech=NNP] [Text=as CharacterOffsetBegin=753 CharacterOffsetEnd=755 PartOfSpeech=IN] [Text=Stella CharacterOffsetBegin=756 CharacterOffsetEnd=762 PartOfSpeech=NNP] [Text=Blalack CharacterOffsetBegin=763 CharacterOffsetEnd=770 PartOfSpeech=NNP] [Text=-RRB- CharacterOffsetBegin=770 CharacterOffsetEnd=771 PartOfSpeech=-RRB-] [Text=says CharacterOffsetBegin=772 CharacterOffsetEnd=776 PartOfSpeech=VBZ] [Text=that CharacterOffsetBegin=777 CharacterOffsetEnd=781 PartOfSpeech=IN] [Text=she CharacterOffsetBegin=782 CharacterOffsetEnd=785 PartOfSpeech=PRP] [Text=has CharacterOffsetBegin=786 CharacterOffsetEnd=789 PartOfSpeech=VBZ] [Text=hired CharacterOffsetBegin=790 CharacterOffsetEnd=795 PartOfSpeech=VBN] [Text=a CharacterOffsetBegin=796 CharacterOffsetEnd=797 PartOfSpeech=DT] [Text=replacement CharacterOffsetBegin=798 CharacterOffsetEnd=809 PartOfSpeech=NN] [Text=, CharacterOffsetBegin=809 CharacterOffsetEnd=810 PartOfSpeech=,] [Text=yes CharacterOffsetBegin=811 CharacterOffsetEnd=814 PartOfSpeech=UH] [Text=you CharacterOffsetBegin=815 CharacterOffsetEnd=818 PartOfSpeech=PRP] [Text='ve CharacterOffsetBegin=818 CharacterOffsetEnd=821 PartOfSpeech=VBP] [Text=guessed CharacterOffsetBegin=822 CharacterOffsetEnd=829 PartOfSpeech=VBN] [Text=it CharacterOffsetBegin=830 CharacterOffsetEnd=832 PartOfSpeech=PRP] [Text=it CharacterOffsetBegin=833 CharacterOffsetEnd=835 PartOfSpeech=PRP] [Text='s CharacterOffsetBegin=835 CharacterOffsetEnd=837 PartOfSpeech=VBZ] [Text=Dornwinkle CharacterOffsetBegin=838 CharacterOffsetEnd=848 PartOfSpeech=NNP] [Text=. CharacterOffsetBegin=848 CharacterOffsetEnd=849 PartOfSpeech=.] 
root(ROOT-0, discuss-15)
nn(group-10, Jump-1)
amod(Weeks-5, forward-2)
punct(Weeks-5, `-3)
num(Weeks-5, Two-4)
nn(group-10, Weeks-5)
advmod(group-10, Later-6)
punct(group-10, '-7)
cc(group-10, &-8)
det(group-10, a-9)
nsubj(discuss-15, group-10)
prep(group-10, of-11)
nn(students-14, summer-12)
nn(students-14, college-13)
pobj(of-11, students-14)
det(death-18, the-16)
amod(death-18, tragic-17)
dobj(discuss-15, death-18)
prep(death-18, of-19)
poss(teacher-22, their-20)
nn(teacher-22, physics-21)
pobj(of-19, teacher-22)
advmod(says-35, when-23)
det(Cello-27, the-24)
nn(Cello-27, headmistress-25)
nn(Cello-27, Mrs.-26)
nsubj(says-35, Cello-27)
punct(Blake-30, -LRB--28)
nn(Blake-30, Stephanie-29)
appos(Cello-27, Blake-30)
prep(Blake-30, as-31)
nn(Blalack-33, Stella-32)
pobj(as-31, Blalack-33)
punct(Blake-30, -RRB--34)
advcl(discuss-15, says-35)
mark(hired-39, that-36)
nsubj(hired-39, she-37)
aux(hired-39, has-38)
ccomp(says-35, hired-39)
det(replacement-41, a-40)
dobj(hired-39, replacement-41)
punct(discuss-15, ,-42)
advmod(guessed-46, yes-43)
nsubj(guessed-46, you-44)
aux(guessed-46, 've-45)
ccomp(discuss-15, guessed-46)
dobj(guessed-46, it-47)
nsubj(Dornwinkle-50, it-48)
cop(Dornwinkle-50, 's-49)
dep(guessed-46, Dornwinkle-50)
punct(discuss-15, .-51)

Sentence #4 (75 tokens):
The student don't take to him & treat him like dirt, however Dornwinkle has perfected his invisibility serum & uses it to satisfy his perverted sexual urges & his desire for revenge...Co-written & directed by Adam Rifkin wisely hiding under the pseudonym Rif Coogan (I wouldn't want my name to be associated with this turd of a film either) The Invisible Maniac is real bottom of the barrel stuff.
[Text=The CharacterOffsetBegin=854 CharacterOffsetEnd=857 PartOfSpeech=DT] [Text=student CharacterOffsetBegin=858 CharacterOffsetEnd=865 PartOfSpeech=NN] [Text=do CharacterOffsetBegin=866 CharacterOffsetEnd=868 PartOfSpeech=VBP] [Text=n't CharacterOffsetBegin=868 CharacterOffsetEnd=871 PartOfSpeech=RB] [Text=take CharacterOffsetBegin=872 CharacterOffsetEnd=876 PartOfSpeech=VB] [Text=to CharacterOffsetBegin=877 CharacterOffsetEnd=879 PartOfSpeech=TO] [Text=him CharacterOffsetBegin=880 CharacterOffsetEnd=883 PartOfSpeech=PRP] [Text=& CharacterOffsetBegin=884 CharacterOffsetEnd=885 PartOfSpeech=CC] [Text=treat CharacterOffsetBegin=886 CharacterOffsetEnd=891 PartOfSpeech=VB] [Text=him CharacterOffsetBegin=892 CharacterOffsetEnd=895 PartOfSpeech=PRP] [Text=like CharacterOffsetBegin=896 CharacterOffsetEnd=900 PartOfSpeech=IN] [Text=dirt CharacterOffsetBegin=901 CharacterOffsetEnd=905 PartOfSpeech=NN] [Text=, CharacterOffsetBegin=905 CharacterOffsetEnd=906 PartOfSpeech=,] [Text=however CharacterOffsetBegin=907 CharacterOffsetEnd=914 PartOfSpeech=RB] [Text=Dornwinkle CharacterOffsetBegin=915 CharacterOffsetEnd=925 PartOfSpeech=NNP] [Text=has CharacterOffsetBegin=926 CharacterOffsetEnd=929 PartOfSpeech=VBZ] [Text=perfected CharacterOffsetBegin=930 CharacterOffsetEnd=939 PartOfSpeech=VBN] [Text=his CharacterOffsetBegin=940 CharacterOffsetEnd=943 PartOfSpeech=PRP$] [Text=invisibility CharacterOffsetBegin=944 CharacterOffsetEnd=956 PartOfSpeech=NN] [Text=serum CharacterOffsetBegin=957 CharacterOffsetEnd=962 PartOfSpeech=NN] [Text=& CharacterOffsetBegin=963 CharacterOffsetEnd=964 PartOfSpeech=CC] [Text=uses CharacterOffsetBegin=965 CharacterOffsetEnd=969 PartOfSpeech=VBZ] [Text=it CharacterOffsetBegin=970 CharacterOffsetEnd=972 PartOfSpeech=PRP] [Text=to CharacterOffsetBegin=973 CharacterOffsetEnd=975 PartOfSpeech=TO] [Text=satisfy CharacterOffsetBegin=976 CharacterOffsetEnd=983 PartOfSpeech=VB] [Text=his CharacterOffsetBegin=984 CharacterOffsetEnd=987 PartOfSpeech=PRP$] [Text=perverted CharacterOffsetBegin=988 CharacterOffsetEnd=997 PartOfSpeech=JJ] [Text=sexual CharacterOffsetBegin=998 CharacterOffsetEnd=1004 PartOfSpeech=JJ] [Text=urges CharacterOffsetBegin=1005 CharacterOffsetEnd=1010 PartOfSpeech=VBZ] [Text=& CharacterOffsetBegin=1011 CharacterOffsetEnd=1012 PartOfSpeech=CC] [Text=his CharacterOffsetBegin=1013 CharacterOffsetEnd=1016 PartOfSpeech=PRP$] [Text=desire CharacterOffsetBegin=1017 CharacterOffsetEnd=1023 PartOfSpeech=NN] [Text=for CharacterOffsetBegin=1024 CharacterOffsetEnd=1027 PartOfSpeech=IN] [Text=revenge...Co-written CharacterOffsetBegin=1028 CharacterOffsetEnd=1048 PartOfSpeech=NNP] [Text=& CharacterOffsetBegin=1049 CharacterOffsetEnd=1050 PartOfSpeech=CC] [Text=directed CharacterOffsetBegin=1051 CharacterOffsetEnd=1059 PartOfSpeech=VBN] [Text=by CharacterOffsetBegin=1060 CharacterOffsetEnd=1062 PartOfSpeech=IN] [Text=Adam CharacterOffsetBegin=1063 CharacterOffsetEnd=1067 PartOfSpeech=NNP] [Text=Rifkin CharacterOffsetBegin=1068 CharacterOffsetEnd=1074 PartOfSpeech=NNP] [Text=wisely CharacterOffsetBegin=1075 CharacterOffsetEnd=1081 PartOfSpeech=RB] [Text=hiding CharacterOffsetBegin=1082 CharacterOffsetEnd=1088 PartOfSpeech=VBG] [Text=under CharacterOffsetBegin=1089 CharacterOffsetEnd=1094 PartOfSpeech=IN] [Text=the CharacterOffsetBegin=1095 CharacterOffsetEnd=1098 PartOfSpeech=DT] [Text=pseudonym CharacterOffsetBegin=1099 CharacterOffsetEnd=1108 PartOfSpeech=NN] [Text=Rif CharacterOffsetBegin=1109 CharacterOffsetEnd=1112 PartOfSpeech=NNP] [Text=Coogan CharacterOffsetBegin=1113 CharacterOffsetEnd=1119 PartOfSpeech=NNP] [Text=-LRB- CharacterOffsetBegin=1120 CharacterOffsetEnd=1121 PartOfSpeech=-LRB-] [Text=I CharacterOffsetBegin=1121 CharacterOffsetEnd=1122 PartOfSpeech=PRP] [Text=would CharacterOffsetBegin=1123 CharacterOffsetEnd=1128 PartOfSpeech=MD] [Text=n't CharacterOffsetBegin=1128 CharacterOffsetEnd=1131 PartOfSpeech=RB] [Text=want CharacterOffsetBegin=1132 CharacterOffsetEnd=1136 PartOfSpeech=VB] [Text=my CharacterOffsetBegin=1137 CharacterOffsetEnd=1139 PartOfSpeech=PRP$] [Text=name CharacterOffsetBegin=1140 CharacterOffsetEnd=1144 PartOfSpeech=NN] [Text=to CharacterOffsetBegin=1145 CharacterOffsetEnd=1147 PartOfSpeech=TO] [Text=be CharacterOffsetBegin=1148 CharacterOffsetEnd=1150 PartOfSpeech=VB] [Text=associated CharacterOffsetBegin=1151 CharacterOffsetEnd=1161 PartOfSpeech=VBN] [Text=with CharacterOffsetBegin=1162 CharacterOffsetEnd=1166 PartOfSpeech=IN] [Text=this CharacterOffsetBegin=1167 CharacterOffsetEnd=1171 PartOfSpeech=DT] [Text=turd CharacterOffsetBegin=1172 CharacterOffsetEnd=1176 PartOfSpeech=NN] [Text=of CharacterOffsetBegin=1177 CharacterOffsetEnd=1179 PartOfSpeech=IN] [Text=a CharacterOffsetBegin=1180 CharacterOffsetEnd=1181 PartOfSpeech=DT] [Text=film CharacterOffsetBegin=1182 CharacterOffsetEnd=1186 PartOfSpeech=NN] [Text=either CharacterOffsetBegin=1187 CharacterOffsetEnd=1193 PartOfSpeech=RB] [Text=-RRB- CharacterOffsetBegin=1193 CharacterOffsetEnd=1194 PartOfSpeech=-RRB-] [Text=The CharacterOffsetBegin=1195 CharacterOffsetEnd=1198 PartOfSpeech=DT] [Text=Invisible CharacterOffsetBegin=1199 CharacterOffsetEnd=1208 PartOfSpeech=JJ] [Text=Maniac CharacterOffsetBegin=1209 CharacterOffsetEnd=1215 PartOfSpeech=NN] [Text=is CharacterOffsetBegin=1216 CharacterOffsetEnd=1218 PartOfSpeech=VBZ] [Text=real CharacterOffsetBegin=1219 CharacterOffsetEnd=1223 PartOfSpeech=JJ] [Text=bottom CharacterOffsetBegin=1224 CharacterOffsetEnd=1230 PartOfSpeech=NN] [Text=of CharacterOffsetBegin=1231 CharacterOffsetEnd=1233 PartOfSpeech=IN] [Text=the CharacterOffsetBegin=1234 CharacterOffsetEnd=1237 PartOfSpeech=DT] [Text=barrel CharacterOffsetBegin=1238 CharacterOffsetEnd=1244 PartOfSpeech=NN] [Text=stuff CharacterOffsetBegin=1245 CharacterOffsetEnd=1250 PartOfSpeech=NN] [Text=. CharacterOffsetBegin=1250 CharacterOffsetEnd=1251 PartOfSpeech=.] 
root(ROOT-0, take-5)
det(student-2, The-1)
nsubj(take-5, student-2)
aux(take-5, do-3)
neg(take-5, n't-4)
prep(take-5, to-6)
pobj(to-6, him-7)
cc(take-5, &-8)
conj(take-5, treat-9)
dobj(treat-9, him-10)
prep(treat-9, like-11)
pobj(like-11, dirt-12)
punct(take-5, ,-13)
advmod(take-5, however-14)
nsubj(perfected-17, Dornwinkle-15)
aux(perfected-17, has-16)
dep(take-5, perfected-17)
poss(serum-20, his-18)
nn(serum-20, invisibility-19)
dobj(perfected-17, serum-20)
cc(perfected-17, &-21)
conj(perfected-17, uses-22)
dobj(uses-22, it-23)
aux(satisfy-25, to-24)
xcomp(uses-22, satisfy-25)
poss(urges-29, his-26)
amod(urges-29, perverted-27)
amod(urges-29, sexual-28)
dobj(satisfy-25, urges-29)
cc(urges-29, &-30)
poss(desire-32, his-31)
conj(urges-29, desire-32)
prep(desire-32, for-33)
pobj(for-33, revenge...Co-written-34)
cc(revenge...Co-written-34, &-35)
conj(revenge...Co-written-34, directed-36)
prep(desire-32, by-37)
pobj(by-37, Adam-38)
nsubj(hiding-41, Rifkin-39)
advmod(hiding-41, wisely-40)
rcmod(Adam-38, hiding-41)
prep(hiding-41, under-42)
pobj(under-42, the-43)
amod(the-43, pseudonym-44)
dep(pseudonym-44, Rif-45)
dep(Rif-45, Coogan-46)
punct(want-51, -LRB--47)
nsubj(want-51, I-48)
aux(want-51, would-49)
neg(want-51, n't-50)
dep(Coogan-46, want-51)
poss(name-53, my-52)
nsubjpass(associated-56, name-53)
aux(associated-56, to-54)
auxpass(associated-56, be-55)
xcomp(want-51, associated-56)
prep(associated-56, with-57)
det(turd-59, this-58)
pobj(with-57, turd-59)
prep(turd-59, of-60)
det(film-62, a-61)
pobj(of-60, film-62)
advmod(bottom-70, either-63)
punct(bottom-70, -RRB--64)
det(Maniac-67, The-65)
amod(Maniac-67, Invisible-66)
nsubj(bottom-70, Maniac-67)
cop(bottom-70, is-68)
amod(bottom-70, real-69)
dobj(associated-56, bottom-70)
prep(bottom-70, of-71)
det(stuff-74, the-72)
nn(stuff-74, barrel-73)
pobj(of-71, stuff-74)
punct(take-5, .-75)

Sentence #5 (13 tokens):
The script by Rifkin, sorry Coogan & Tony Markes is awful.
[Text=The CharacterOffsetBegin=1256 CharacterOffsetEnd=1259 PartOfSpeech=DT] [Text=script CharacterOffsetBegin=1260 CharacterOffsetEnd=1266 PartOfSpeech=NN] [Text=by CharacterOffsetBegin=1267 CharacterOffsetEnd=1269 PartOfSpeech=IN] [Text=Rifkin CharacterOffsetBegin=1270 CharacterOffsetEnd=1276 PartOfSpeech=NNP] [Text=, CharacterOffsetBegin=1276 CharacterOffsetEnd=1277 PartOfSpeech=,] [Text=sorry CharacterOffsetBegin=1278 CharacterOffsetEnd=1283 PartOfSpeech=JJ] [Text=Coogan CharacterOffsetBegin=1284 CharacterOffsetEnd=1290 PartOfSpeech=NNP] [Text=& CharacterOffsetBegin=1291 CharacterOffsetEnd=1292 PartOfSpeech=CC] [Text=Tony CharacterOffsetBegin=1293 CharacterOffsetEnd=1297 PartOfSpeech=NNP] [Text=Markes CharacterOffsetBegin=1298 CharacterOffsetEnd=1304 PartOfSpeech=NNP] [Text=is CharacterOffsetBegin=1305 CharacterOffsetEnd=1307 PartOfSpeech=VBZ] [Text=awful CharacterOffsetBegin=1308 CharacterOffsetEnd=1313 PartOfSpeech=JJ] [Text=. CharacterOffsetBegin=1313 CharacterOffsetEnd=1314 PartOfSpeech=.] 
root(ROOT-0, awful-12)
det(script-2, The-1)
nsubj(awful-12, script-2)
prep(script-2, by-3)
nn(Markes-10, Rifkin-4)
punct(Rifkin-4, ,-5)
amod(Coogan-7, sorry-6)
conj(Rifkin-4, Coogan-7)
cc(Rifkin-4, &-8)
conj(Rifkin-4, Tony-9)
pobj(by-3, Markes-10)
cop(awful-12, is-11)
punct(awful-12, .-13)

Sentence #6 (15 tokens):
It tries to be a teenage sex/comedy/horror hybrid that just fails in every department.
[Text=It CharacterOffsetBegin=1319 CharacterOffsetEnd=1321 PartOfSpeech=PRP] [Text=tries CharacterOffsetBegin=1322 CharacterOffsetEnd=1327 PartOfSpeech=VBZ] [Text=to CharacterOffsetBegin=1328 CharacterOffsetEnd=1330 PartOfSpeech=TO] [Text=be CharacterOffsetBegin=1331 CharacterOffsetEnd=1333 PartOfSpeech=VB] [Text=a CharacterOffsetBegin=1334 CharacterOffsetEnd=1335 PartOfSpeech=DT] [Text=teenage CharacterOffsetBegin=1336 CharacterOffsetEnd=1343 PartOfSpeech=JJ] [Text=sex/comedy/horror CharacterOffsetBegin=1344 CharacterOffsetEnd=1361 PartOfSpeech=NN] [Text=hybrid CharacterOffsetBegin=1362 CharacterOffsetEnd=1368 PartOfSpeech=NN] [Text=that CharacterOffsetBegin=1369 CharacterOffsetEnd=1373 PartOfSpeech=WDT] [Text=just CharacterOffsetBegin=1374 CharacterOffsetEnd=1378 PartOfSpeech=RB] [Text=fails CharacterOffsetBegin=1379 CharacterOffsetEnd=1384 PartOfSpeech=VBZ] [Text=in CharacterOffsetBegin=1385 CharacterOffsetEnd=1387 PartOfSpeech=IN] [Text=every CharacterOffsetBegin=1388 CharacterOffsetEnd=1393 PartOfSpeech=DT] [Text=department CharacterOffsetBegin=1394 CharacterOffsetEnd=1404 PartOfSpeech=NN] [Text=. CharacterOffsetBegin=1404 CharacterOffsetEnd=1405 PartOfSpeech=.] 
root(ROOT-0, tries-2)
nsubj(tries-2, It-1)
aux(hybrid-8, to-3)
cop(hybrid-8, be-4)
det(hybrid-8, a-5)
amod(hybrid-8, teenage-6)
nn(hybrid-8, sex/comedy/horror-7)
xcomp(tries-2, hybrid-8)
nsubj(fails-11, that-9)
advmod(fails-11, just-10)
rcmod(hybrid-8, fails-11)
prep(fails-11, in-12)
det(department-14, every-13)
pobj(in-12, department-14)
punct(tries-2, .-15)

Sentence #7 (40 tokens):
For a start the sex is nothing more than a few female shower scenes & a few boob shots, not much else I'm afraid & the birds in The Invisible Maniac aren't even that good looking.
[Text=For CharacterOffsetBegin=1410 CharacterOffsetEnd=1413 PartOfSpeech=IN] [Text=a CharacterOffsetBegin=1414 CharacterOffsetEnd=1415 PartOfSpeech=DT] [Text=start CharacterOffsetBegin=1416 CharacterOffsetEnd=1421 PartOfSpeech=NN] [Text=the CharacterOffsetBegin=1422 CharacterOffsetEnd=1425 PartOfSpeech=DT] [Text=sex CharacterOffsetBegin=1426 CharacterOffsetEnd=1429 PartOfSpeech=NN] [Text=is CharacterOffsetBegin=1430 CharacterOffsetEnd=1432 PartOfSpeech=VBZ] [Text=nothing CharacterOffsetBegin=1433 CharacterOffsetEnd=1440 PartOfSpeech=NN] [Text=more CharacterOffsetBegin=1441 CharacterOffsetEnd=1445 PartOfSpeech=JJR] [Text=than CharacterOffsetBegin=1446 CharacterOffsetEnd=1450 PartOfSpeech=IN] [Text=a CharacterOffsetBegin=1451 CharacterOffsetEnd=1452 PartOfSpeech=DT] [Text=few CharacterOffsetBegin=1453 CharacterOffsetEnd=1456 PartOfSpeech=JJ] [Text=female CharacterOffsetBegin=1457 CharacterOffsetEnd=1463 PartOfSpeech=JJ] [Text=shower CharacterOffsetBegin=1464 CharacterOffsetEnd=1470 PartOfSpeech=NN] [Text=scenes CharacterOffsetBegin=1471 CharacterOffsetEnd=1477 PartOfSpeech=NNS] [Text=& CharacterOffsetBegin=1478 CharacterOffsetEnd=1479 PartOfSpeech=CC] [Text=a CharacterOffsetBegin=1480 CharacterOffsetEnd=1481 PartOfSpeech=DT] [Text=few CharacterOffsetBegin=1482 CharacterOffsetEnd=1485 PartOfSpeech=JJ] [Text=boob CharacterOffsetBegin=1486 CharacterOffsetEnd=1490 PartOfSpeech=NN] [Text=shots CharacterOffsetBegin=1491 CharacterOffsetEnd=1496 PartOfSpeech=NNS] [Text=, CharacterOffsetBegin=1496 CharacterOffsetEnd=1497 PartOfSpeech=,] [Text=not CharacterOffsetBegin=1498 CharacterOffsetEnd=1501 PartOfSpeech=RB] [Text=much CharacterOffsetBegin=1502 CharacterOffsetEnd=1506 PartOfSpeech=JJ] [Text=else CharacterOffsetBegin=1507 CharacterOffsetEnd=1511 PartOfSpeech=RB] [Text=I CharacterOffsetBegin=1512 CharacterOffsetEnd=1513 PartOfSpeech=PRP] [Text='m CharacterOffsetBegin=1513 CharacterOffsetEnd=1515 PartOfSpeech=VBP] [Text=afraid CharacterOffsetBegin=1516 CharacterOffsetEnd=1522 PartOfSpeech=JJ] [Text=& CharacterOffsetBegin=1523 CharacterOffsetEnd=1524 PartOfSpeech=CC] [Text=the CharacterOffsetBegin=1525 CharacterOffsetEnd=1528 PartOfSpeech=DT] [Text=birds CharacterOffsetBegin=1529 CharacterOffsetEnd=1534 PartOfSpeech=NNS] [Text=in CharacterOffsetBegin=1535 CharacterOffsetEnd=1537 PartOfSpeech=IN] [Text=The CharacterOffsetBegin=1538 CharacterOffsetEnd=1541 PartOfSpeech=DT] [Text=Invisible CharacterOffsetBegin=1542 CharacterOffsetEnd=1551 PartOfSpeech=JJ] [Text=Maniac CharacterOffsetBegin=1552 CharacterOffsetEnd=1558 PartOfSpeech=NN] [Text=are CharacterOffsetBegin=1559 CharacterOffsetEnd=1562 PartOfSpeech=VBP] [Text=n't CharacterOffsetBegin=1562 CharacterOffsetEnd=1565 PartOfSpeech=RB] [Text=even CharacterOffsetBegin=1566 CharacterOffsetEnd=1570 PartOfSpeech=RB] [Text=that CharacterOffsetBegin=1571 CharacterOffsetEnd=1575 PartOfSpeech=DT] [Text=good CharacterOffsetBegin=1576 CharacterOffsetEnd=1580 PartOfSpeech=JJ] [Text=looking CharacterOffsetBegin=1581 CharacterOffsetEnd=1588 PartOfSpeech=VBG] [Text=. CharacterOffsetBegin=1588 CharacterOffsetEnd=1589 PartOfSpeech=.] 
root(ROOT-0, For-1)
det(start-3, a-2)
pobj(For-1, start-3)
det(sex-5, the-4)
nsubj(nothing-7, sex-5)
cop(nothing-7, is-6)
rcmod(start-3, nothing-7)
amod(nothing-7, more-8)
prep(more-8, than-9)
det(scenes-14, a-10)
amod(scenes-14, few-11)
amod(scenes-14, female-12)
nn(scenes-14, shower-13)
pobj(than-9, scenes-14)
cc(scenes-14, &-15)
det(shots-19, a-16)
amod(shots-19, few-17)
nn(shots-19, boob-18)
conj(scenes-14, shots-19)
punct(nothing-7, ,-20)
neg(nothing-7, not-21)
advmod(afraid-26, much-22)
advmod(much-22, else-23)
nsubj(afraid-26, I-24)
cop(afraid-26, 'm-25)
dep(nothing-7, afraid-26)
cc(afraid-26, &-27)
det(birds-29, the-28)
conj(afraid-26, birds-29)
prep(afraid-26, in-30)
det(Maniac-33, The-31)
amod(Maniac-33, Invisible-32)
pobj(in-30, Maniac-33)
aux(looking-39, are-34)
neg(looking-39, n't-35)
advmod(looking-39, even-36)
nsubj(looking-39, that-37)
amod(looking-39, good-38)
dep(afraid-26, looking-39)
punct(For-1, .-40)

Sentence #8 (45 tokens):
The comedy is lame & every joke misses by the proverbial mile, this is the kind of film that thinks someone fighting an invisible man or having Henry (Jason Logan) a mute man trying to make a phone call is funny.
[Text=The CharacterOffsetBegin=1594 CharacterOffsetEnd=1597 PartOfSpeech=DT] [Text=comedy CharacterOffsetBegin=1598 CharacterOffsetEnd=1604 PartOfSpeech=NN] [Text=is CharacterOffsetBegin=1605 CharacterOffsetEnd=1607 PartOfSpeech=VBZ] [Text=lame CharacterOffsetBegin=1608 CharacterOffsetEnd=1612 PartOfSpeech=JJ] [Text=& CharacterOffsetBegin=1613 CharacterOffsetEnd=1614 PartOfSpeech=CC] [Text=every CharacterOffsetBegin=1615 CharacterOffsetEnd=1620 PartOfSpeech=DT] [Text=joke CharacterOffsetBegin=1621 CharacterOffsetEnd=1625 PartOfSpeech=NN] [Text=misses CharacterOffsetBegin=1626 CharacterOffsetEnd=1632 PartOfSpeech=VBZ] [Text=by CharacterOffsetBegin=1633 CharacterOffsetEnd=1635 PartOfSpeech=IN] [Text=the CharacterOffsetBegin=1636 CharacterOffsetEnd=1639 PartOfSpeech=DT] [Text=proverbial CharacterOffsetBegin=1640 CharacterOffsetEnd=1650 PartOfSpeech=JJ] [Text=mile CharacterOffsetBegin=1651 CharacterOffsetEnd=1655 PartOfSpeech=NN] [Text=, CharacterOffsetBegin=1655 CharacterOffsetEnd=1656 PartOfSpeech=,] [Text=this CharacterOffsetBegin=1657 CharacterOffsetEnd=1661 PartOfSpeech=DT] [Text=is CharacterOffsetBegin=1662 CharacterOffsetEnd=1664 PartOfSpeech=VBZ] [Text=the CharacterOffsetBegin=1665 CharacterOffsetEnd=1668 PartOfSpeech=DT] [Text=kind CharacterOffsetBegin=1669 CharacterOffsetEnd=1673 PartOfSpeech=NN] [Text=of CharacterOffsetBegin=1674 CharacterOffsetEnd=1676 PartOfSpeech=IN] [Text=film CharacterOffsetBegin=1677 CharacterOffsetEnd=1681 PartOfSpeech=NN] [Text=that CharacterOffsetBegin=1682 CharacterOffsetEnd=1686 PartOfSpeech=WDT] [Text=thinks CharacterOffsetBegin=1687 CharacterOffsetEnd=1693 PartOfSpeech=VBZ] [Text=someone CharacterOffsetBegin=1694 CharacterOffsetEnd=1701 PartOfSpeech=NN] [Text=fighting CharacterOffsetBegin=1702 CharacterOffsetEnd=1710 PartOfSpeech=VBG] [Text=an CharacterOffsetBegin=1711 CharacterOffsetEnd=1713 PartOfSpeech=DT] [Text=invisible CharacterOffsetBegin=1714 CharacterOffsetEnd=1723 PartOfSpeech=JJ] [Text=man CharacterOffsetBegin=1724 CharacterOffsetEnd=1727 PartOfSpeech=NN] [Text=or CharacterOffsetBegin=1728 CharacterOffsetEnd=1730 PartOfSpeech=CC] [Text=having CharacterOffsetBegin=1731 CharacterOffsetEnd=1737 PartOfSpeech=VBG] [Text=Henry CharacterOffsetBegin=1738 CharacterOffsetEnd=1743 PartOfSpeech=NNP] [Text=-LRB- CharacterOffsetBegin=1744 CharacterOffsetEnd=1745 PartOfSpeech=-LRB-] [Text=Jason CharacterOffsetBegin=1745 CharacterOffsetEnd=1750 PartOfSpeech=NNP] [Text=Logan CharacterOffsetBegin=1751 CharacterOffsetEnd=1756 PartOfSpeech=NNP] [Text=-RRB- CharacterOffsetBegin=1756 CharacterOffsetEnd=1757 PartOfSpeech=-RRB-] [Text=a CharacterOffsetBegin=1758 CharacterOffsetEnd=1759 PartOfSpeech=DT] [Text=mute CharacterOffsetBegin=1760 CharacterOffsetEnd=1764 PartOfSpeech=JJ] [Text=man CharacterOffsetBegin=1765 CharacterOffsetEnd=1768 PartOfSpeech=NN] [Text=trying CharacterOffsetBegin=1769 CharacterOffsetEnd=1775 PartOfSpeech=VBG] [Text=to CharacterOffsetBegin=1776 CharacterOffsetEnd=1778 PartOfSpeech=TO] [Text=make CharacterOffsetBegin=1779 CharacterOffsetEnd=1783 PartOfSpeech=VB] [Text=a CharacterOffsetBegin=1784 CharacterOffsetEnd=1785 PartOfSpeech=DT] [Text=phone CharacterOffsetBegin=1786 CharacterOffsetEnd=1791 PartOfSpeech=NN] [Text=call CharacterOffsetBegin=1792 CharacterOffsetEnd=1796 PartOfSpeech=NN] [Text=is CharacterOffsetBegin=1797 CharacterOffsetEnd=1799 PartOfSpeech=VBZ] [Text=funny CharacterOffsetBegin=1800 CharacterOffsetEnd=1805 PartOfSpeech=JJ] [Text=. CharacterOffsetBegin=1805 CharacterOffsetEnd=1806 PartOfSpeech=.] 
root(ROOT-0, misses-8)
det(comedy-2, The-1)
nsubj(lame-4, comedy-2)
cop(lame-4, is-3)
nsubj(misses-8, lame-4)
cc(lame-4, &-5)
det(joke-7, every-6)
conj(lame-4, joke-7)
prep(misses-8, by-9)
det(mile-12, the-10)
amod(mile-12, proverbial-11)
pobj(by-9, mile-12)
punct(misses-8, ,-13)
nsubj(kind-17, this-14)
cop(kind-17, is-15)
det(kind-17, the-16)
dep(misses-8, kind-17)
prep(kind-17, of-18)
pobj(of-18, film-19)
nsubj(thinks-21, that-20)
rcmod(kind-17, thinks-21)
nsubj(funny-44, someone-22)
csubj(funny-44, fighting-23)
det(man-26, an-24)
amod(man-26, invisible-25)
dobj(fighting-23, man-26)
cc(fighting-23, or-27)
conj(fighting-23, having-28)
nn(man-36, Henry-29)
punct(man-36, -LRB--30)
nn(man-36, Jason-31)
nn(man-36, Logan-32)
punct(man-36, -RRB--33)
det(man-36, a-34)
amod(man-36, mute-35)
dobj(having-28, man-36)
partmod(man-36, trying-37)
aux(make-39, to-38)
xcomp(trying-37, make-39)
det(call-42, a-40)
nn(call-42, phone-41)
dobj(make-39, call-42)
cop(funny-44, is-43)
ccomp(thinks-21, funny-44)
punct(misses-8, .-45)

Sentence #9 (22 tokens):
The Invisible Maniac makes the Police Academy (1984 - 1994) series of films look like the pinnacle of sophistication!
[Text=The CharacterOffsetBegin=1811 CharacterOffsetEnd=1814 PartOfSpeech=DT] [Text=Invisible CharacterOffsetBegin=1815 CharacterOffsetEnd=1824 PartOfSpeech=JJ] [Text=Maniac CharacterOffsetBegin=1825 CharacterOffsetEnd=1831 PartOfSpeech=NN] [Text=makes CharacterOffsetBegin=1832 CharacterOffsetEnd=1837 PartOfSpeech=VBZ] [Text=the CharacterOffsetBegin=1838 CharacterOffsetEnd=1841 PartOfSpeech=DT] [Text=Police CharacterOffsetBegin=1842 CharacterOffsetEnd=1848 PartOfSpeech=NNP] [Text=Academy CharacterOffsetBegin=1849 CharacterOffsetEnd=1856 PartOfSpeech=NNP] [Text=-LRB- CharacterOffsetBegin=1857 CharacterOffsetEnd=1858 PartOfSpeech=-LRB-] [Text=1984 CharacterOffsetBegin=1858 CharacterOffsetEnd=1862 PartOfSpeech=CD] [Text=- CharacterOffsetBegin=1863 CharacterOffsetEnd=1864 PartOfSpeech=:] [Text=1994 CharacterOffsetBegin=1865 CharacterOffsetEnd=1869 PartOfSpeech=CD] [Text=-RRB- CharacterOffsetBegin=1869 CharacterOffsetEnd=1870 PartOfSpeech=-RRB-] [Text=series CharacterOffsetBegin=1871 CharacterOffsetEnd=1877 PartOfSpeech=NN] [Text=of CharacterOffsetBegin=1878 CharacterOffsetEnd=1880 PartOfSpeech=IN] [Text=films CharacterOffsetBegin=1881 CharacterOffsetEnd=1886 PartOfSpeech=NNS] [Text=look CharacterOffsetBegin=1887 CharacterOffsetEnd=1891 PartOfSpeech=VBP] [Text=like CharacterOffsetBegin=1892 CharacterOffsetEnd=1896 PartOfSpeech=IN] [Text=the CharacterOffsetBegin=1897 CharacterOffsetEnd=1900 PartOfSpeech=DT] [Text=pinnacle CharacterOffsetBegin=1901 CharacterOffsetEnd=1909 PartOfSpeech=NN] [Text=of CharacterOffsetBegin=1910 CharacterOffsetEnd=1912 PartOfSpeech=IN] [Text=sophistication CharacterOffsetBegin=1913 CharacterOffsetEnd=1927 PartOfSpeech=NN] [Text=! CharacterOffsetBegin=1927 CharacterOffsetEnd=1928 PartOfSpeech=.] 
root(ROOT-0, makes-4)
det(Maniac-3, The-1)
amod(Maniac-3, Invisible-2)
nsubj(makes-4, Maniac-3)
det(Academy-7, the-5)
nn(Academy-7, Police-6)
nsubj(series-13, Academy-7)
punct(1984-9, -LRB--8)
dep(series-13, 1984-9)
punct(1984-9, --10)
dep(1984-9, 1994-11)
punct(1984-9, -RRB--12)
nsubj(look-16, series-13)
prep(series-13, of-14)
pobj(of-14, films-15)
ccomp(makes-4, look-16)
prep(look-16, like-17)
det(pinnacle-19, the-18)
pobj(like-17, pinnacle-19)
prep(pinnacle-19, of-20)
pobj(of-20, sophistication-21)
punct(makes-4, !-22)

Sentence #10 (10 tokens):
As for the horror aspect that too is lame.
[Text=As CharacterOffsetBegin=1933 CharacterOffsetEnd=1935 PartOfSpeech=IN] [Text=for CharacterOffsetBegin=1936 CharacterOffsetEnd=1939 PartOfSpeech=IN] [Text=the CharacterOffsetBegin=1940 CharacterOffsetEnd=1943 PartOfSpeech=DT] [Text=horror CharacterOffsetBegin=1944 CharacterOffsetEnd=1950 PartOfSpeech=NN] [Text=aspect CharacterOffsetBegin=1951 CharacterOffsetEnd=1957 PartOfSpeech=NN] [Text=that CharacterOffsetBegin=1958 CharacterOffsetEnd=1962 PartOfSpeech=WDT] [Text=too CharacterOffsetBegin=1963 CharacterOffsetEnd=1966 PartOfSpeech=RB] [Text=is CharacterOffsetBegin=1967 CharacterOffsetEnd=1969 PartOfSpeech=VBZ] [Text=lame CharacterOffsetBegin=1970 CharacterOffsetEnd=1974 PartOfSpeech=JJ] [Text=. CharacterOffsetBegin=1974 CharacterOffsetEnd=1975 PartOfSpeech=.] 
root(ROOT-0, As-1)
pcomp(As-1, for-2)
det(aspect-5, the-3)
nn(aspect-5, horror-4)
pobj(for-2, aspect-5)
nsubj(lame-9, that-6)
advmod(lame-9, too-7)
cop(lame-9, is-8)
rcmod(aspect-5, lame-9)
punct(As-1, .-10)

Sentence #11 (35 tokens):
It's also an incredibly slow (it takes over half an hour before Dornwinkles even becomes invisible), dull, predictable, boring & has highly annoying & unlikable teenage character's.
[Text=It CharacterOffsetBegin=1980 CharacterOffsetEnd=1982 PartOfSpeech=PRP] [Text='s CharacterOffsetBegin=1982 CharacterOffsetEnd=1984 PartOfSpeech=VBZ] [Text=also CharacterOffsetBegin=1985 CharacterOffsetEnd=1989 PartOfSpeech=RB] [Text=an CharacterOffsetBegin=1990 CharacterOffsetEnd=1992 PartOfSpeech=DT] [Text=incredibly CharacterOffsetBegin=1993 CharacterOffsetEnd=2003 PartOfSpeech=RB] [Text=slow CharacterOffsetBegin=2004 CharacterOffsetEnd=2008 PartOfSpeech=JJ] [Text=-LRB- CharacterOffsetBegin=2009 CharacterOffsetEnd=2010 PartOfSpeech=-LRB-] [Text=it CharacterOffsetBegin=2010 CharacterOffsetEnd=2012 PartOfSpeech=PRP] [Text=takes CharacterOffsetBegin=2013 CharacterOffsetEnd=2018 PartOfSpeech=VBZ] [Text=over CharacterOffsetBegin=2019 CharacterOffsetEnd=2023 PartOfSpeech=RP] [Text=half CharacterOffsetBegin=2024 CharacterOffsetEnd=2028 PartOfSpeech=PDT] [Text=an CharacterOffsetBegin=2029 CharacterOffsetEnd=2031 PartOfSpeech=DT] [Text=hour CharacterOffsetBegin=2032 CharacterOffsetEnd=2036 PartOfSpeech=NN] [Text=before CharacterOffsetBegin=2037 CharacterOffsetEnd=2043 PartOfSpeech=IN] [Text=Dornwinkles CharacterOffsetBegin=2044 CharacterOffsetEnd=2055 PartOfSpeech=NNP] [Text=even CharacterOffsetBegin=2056 CharacterOffsetEnd=2060 PartOfSpeech=RB] [Text=becomes CharacterOffsetBegin=2061 CharacterOffsetEnd=2068 PartOfSpeech=VBZ] [Text=invisible CharacterOffsetBegin=2069 CharacterOffsetEnd=2078 PartOfSpeech=JJ] [Text=-RRB- CharacterOffsetBegin=2078 CharacterOffsetEnd=2079 PartOfSpeech=-RRB-] [Text=, CharacterOffsetBegin=2079 CharacterOffsetEnd=2080 PartOfSpeech=,] [Text=dull CharacterOffsetBegin=2081 CharacterOffsetEnd=2085 PartOfSpeech=JJ] [Text=, CharacterOffsetBegin=2085 CharacterOffsetEnd=2086 PartOfSpeech=,] [Text=predictable CharacterOffsetBegin=2087 CharacterOffsetEnd=2098 PartOfSpeech=JJ] [Text=, CharacterOffsetBegin=2098 CharacterOffsetEnd=2099 PartOfSpeech=,] [Text=boring CharacterOffsetBegin=2100 CharacterOffsetEnd=2106 PartOfSpeech=JJ] [Text=& CharacterOffsetBegin=2107 CharacterOffsetEnd=2108 PartOfSpeech=CC] [Text=has CharacterOffsetBegin=2109 CharacterOffsetEnd=2112 PartOfSpeech=VBZ] [Text=highly CharacterOffsetBegin=2113 CharacterOffsetEnd=2119 PartOfSpeech=RB] [Text=annoying CharacterOffsetBegin=2120 CharacterOffsetEnd=2128 PartOfSpeech=JJ] [Text=& CharacterOffsetBegin=2129 CharacterOffsetEnd=2130 PartOfSpeech=CC] [Text=unlikable CharacterOffsetBegin=2131 CharacterOffsetEnd=2140 PartOfSpeech=JJ] [Text=teenage CharacterOffsetBegin=2141 CharacterOffsetEnd=2148 PartOfSpeech=JJ] [Text=character CharacterOffsetBegin=2149 CharacterOffsetEnd=2158 PartOfSpeech=NN] [Text='s CharacterOffsetBegin=2158 CharacterOffsetEnd=2160 PartOfSpeech=POS] [Text=. CharacterOffsetBegin=2160 CharacterOffsetEnd=2161 PartOfSpeech=.] 
root(ROOT-0, It-1)
rcmod(It-1, 's-2)
advmod('s-2, also-3)
dep(also-3, an-4)
advmod(slow-6, incredibly-5)
amod(an-4, slow-6)
punct(takes-9, -LRB--7)
nsubj(takes-9, it-8)
dep(slow-6, takes-9)
prt(takes-9, over-10)
predet(hour-13, half-11)
det(hour-13, an-12)
dobj(takes-9, hour-13)
prep(takes-9, before-14)
pobj(before-14, Dornwinkles-15)
advmod(invisible-18, even-16)
cop(invisible-18, becomes-17)
advcl(takes-9, invisible-18)
punct(invisible-18, -RRB--19)
punct(takes-9, ,-20)
dep(takes-9, dull-21)
punct(dull-21, ,-22)
conj(dull-21, predictable-23)
punct(dull-21, ,-24)
conj(dull-21, boring-25)
cc(dull-21, &-26)
conj(dull-21, has-27)
advmod(annoying-29, highly-28)
amod(character-33, annoying-29)
cc(annoying-29, &-30)
conj(annoying-29, unlikable-31)
amod(character-33, teenage-32)
conj(dull-21, character-33)
possessive(character-33, 's-34)
punct(It-1, .-35)

Sentence #12 (22 tokens):
Director Rifkin or Coogan or whatever does absolutely nothing to try & make The Invisible Maniac an even slightly enjoyable experience.
[Text=Director CharacterOffsetBegin=2161 CharacterOffsetEnd=2169 PartOfSpeech=NNP] [Text=Rifkin CharacterOffsetBegin=2170 CharacterOffsetEnd=2176 PartOfSpeech=NNP] [Text=or CharacterOffsetBegin=2177 CharacterOffsetEnd=2179 PartOfSpeech=CC] [Text=Coogan CharacterOffsetBegin=2180 CharacterOffsetEnd=2186 PartOfSpeech=NNP] [Text=or CharacterOffsetBegin=2187 CharacterOffsetEnd=2189 PartOfSpeech=CC] [Text=whatever CharacterOffsetBegin=2190 CharacterOffsetEnd=2198 PartOfSpeech=WDT] [Text=does CharacterOffsetBegin=2199 CharacterOffsetEnd=2203 PartOfSpeech=VBZ] [Text=absolutely CharacterOffsetBegin=2204 CharacterOffsetEnd=2214 PartOfSpeech=RB] [Text=nothing CharacterOffsetBegin=2215 CharacterOffsetEnd=2222 PartOfSpeech=NN] [Text=to CharacterOffsetBegin=2223 CharacterOffsetEnd=2225 PartOfSpeech=TO] [Text=try CharacterOffsetBegin=2226 CharacterOffsetEnd=2229 PartOfSpeech=VB] [Text=& CharacterOffsetBegin=2230 CharacterOffsetEnd=2231 PartOfSpeech=CC] [Text=make CharacterOffsetBegin=2232 CharacterOffsetEnd=2236 PartOfSpeech=VB] [Text=The CharacterOffsetBegin=2237 CharacterOffsetEnd=2240 PartOfSpeech=DT] [Text=Invisible CharacterOffsetBegin=2241 CharacterOffsetEnd=2250 PartOfSpeech=JJ] [Text=Maniac CharacterOffsetBegin=2251 CharacterOffsetEnd=2257 PartOfSpeech=NN] [Text=an CharacterOffsetBegin=2258 CharacterOffsetEnd=2260 PartOfSpeech=DT] [Text=even CharacterOffsetBegin=2261 CharacterOffsetEnd=2265 PartOfSpeech=RB] [Text=slightly CharacterOffsetBegin=2266 CharacterOffsetEnd=2274 PartOfSpeech=RB] [Text=enjoyable CharacterOffsetBegin=2275 CharacterOffsetEnd=2284 PartOfSpeech=JJ] [Text=experience CharacterOffsetBegin=2285 CharacterOffsetEnd=2295 PartOfSpeech=NN] [Text=. CharacterOffsetBegin=2295 CharacterOffsetEnd=2296 PartOfSpeech=.] 
root(ROOT-0, Rifkin-2)
nn(Rifkin-2, Director-1)
cc(Rifkin-2, or-3)
conj(Rifkin-2, Coogan-4)
cc(Rifkin-2, or-5)
nsubj(nothing-9, whatever-6)
aux(nothing-9, does-7)
advmod(nothing-9, absolutely-8)
conj(Rifkin-2, nothing-9)
aux(try-11, to-10)
infmod(nothing-9, try-11)
cc(try-11, &-12)
conj(try-11, make-13)
det(Maniac-16, The-14)
amod(Maniac-16, Invisible-15)
nsubj(experience-21, Maniac-16)
det(experience-21, an-17)
advmod(slightly-19, even-18)
advmod(enjoyable-20, slightly-19)
amod(experience-21, enjoyable-20)
xcomp(try-11, experience-21)
punct(Rifkin-2, .-22)

Sentence #13 (22 tokens):
There's no scares, tension or atmosphere & as a whole the film is a real chore to sit through.
[Text=There CharacterOffsetBegin=2301 CharacterOffsetEnd=2306 PartOfSpeech=EX] [Text='s CharacterOffsetBegin=2306 CharacterOffsetEnd=2308 PartOfSpeech=VBZ] [Text=no CharacterOffsetBegin=2309 CharacterOffsetEnd=2311 PartOfSpeech=DT] [Text=scares CharacterOffsetBegin=2312 CharacterOffsetEnd=2318 PartOfSpeech=NNS] [Text=, CharacterOffsetBegin=2318 CharacterOffsetEnd=2319 PartOfSpeech=,] [Text=tension CharacterOffsetBegin=2320 CharacterOffsetEnd=2327 PartOfSpeech=NN] [Text=or CharacterOffsetBegin=2328 CharacterOffsetEnd=2330 PartOfSpeech=CC] [Text=atmosphere CharacterOffsetBegin=2331 CharacterOffsetEnd=2341 PartOfSpeech=NN] [Text=& CharacterOffsetBegin=2342 CharacterOffsetEnd=2343 PartOfSpeech=CC] [Text=as CharacterOffsetBegin=2344 CharacterOffsetEnd=2346 PartOfSpeech=IN] [Text=a CharacterOffsetBegin=2347 CharacterOffsetEnd=2348 PartOfSpeech=DT] [Text=whole CharacterOffsetBegin=2349 CharacterOffsetEnd=2354 PartOfSpeech=JJ] [Text=the CharacterOffsetBegin=2355 CharacterOffsetEnd=2358 PartOfSpeech=DT] [Text=film CharacterOffsetBegin=2359 CharacterOffsetEnd=2363 PartOfSpeech=NN] [Text=is CharacterOffsetBegin=2364 CharacterOffsetEnd=2366 PartOfSpeech=VBZ] [Text=a CharacterOffsetBegin=2367 CharacterOffsetEnd=2368 PartOfSpeech=DT] [Text=real CharacterOffsetBegin=2369 CharacterOffsetEnd=2373 PartOfSpeech=JJ] [Text=chore CharacterOffsetBegin=2374 CharacterOffsetEnd=2379 PartOfSpeech=NN] [Text=to CharacterOffsetBegin=2380 CharacterOffsetEnd=2382 PartOfSpeech=TO] [Text=sit CharacterOffsetBegin=2383 CharacterOffsetEnd=2386 PartOfSpeech=VB] [Text=through CharacterOffsetBegin=2387 CharacterOffsetEnd=2394 PartOfSpeech=IN] [Text=. CharacterOffsetBegin=2394 CharacterOffsetEnd=2395 PartOfSpeech=.] 
root(ROOT-0, 's-2)
expl('s-2, There-1)
det(scares-4, no-3)
nsubj('s-2, scares-4)
punct(scares-4, ,-5)
conj(scares-4, tension-6)
cc(scares-4, or-7)
conj(scares-4, atmosphere-8)
cc(scares-4, &-9)
conj(scares-4, as-10)
det(film-14, a-11)
amod(film-14, whole-12)
det(film-14, the-13)
pobj(as-10, film-14)
cop(chore-18, is-15)
det(chore-18, a-16)
amod(chore-18, real-17)
dep('s-2, chore-18)
aux(sit-20, to-19)
infmod(chore-18, sit-20)
prt(sit-20, through-21)
punct('s-2, .-22)

Sentence #14 (23 tokens):
He does nothing with the invisibility angle, just a few doors opening on their own is as adventurous as it gets.
[Text=He CharacterOffsetBegin=2400 CharacterOffsetEnd=2402 PartOfSpeech=PRP] [Text=does CharacterOffsetBegin=2403 CharacterOffsetEnd=2407 PartOfSpeech=VBZ] [Text=nothing CharacterOffsetBegin=2408 CharacterOffsetEnd=2415 PartOfSpeech=NN] [Text=with CharacterOffsetBegin=2416 CharacterOffsetEnd=2420 PartOfSpeech=IN] [Text=the CharacterOffsetBegin=2421 CharacterOffsetEnd=2424 PartOfSpeech=DT] [Text=invisibility CharacterOffsetBegin=2425 CharacterOffsetEnd=2437 PartOfSpeech=NN] [Text=angle CharacterOffsetBegin=2438 CharacterOffsetEnd=2443 PartOfSpeech=NN] [Text=, CharacterOffsetBegin=2443 CharacterOffsetEnd=2444 PartOfSpeech=,] [Text=just CharacterOffsetBegin=2445 CharacterOffsetEnd=2449 PartOfSpeech=RB] [Text=a CharacterOffsetBegin=2450 CharacterOffsetEnd=2451 PartOfSpeech=DT] [Text=few CharacterOffsetBegin=2452 CharacterOffsetEnd=2455 PartOfSpeech=JJ] [Text=doors CharacterOffsetBegin=2456 CharacterOffsetEnd=2461 PartOfSpeech=NNS] [Text=opening CharacterOffsetBegin=2462 CharacterOffsetEnd=2469 PartOfSpeech=VBG] [Text=on CharacterOffsetBegin=2470 CharacterOffsetEnd=2472 PartOfSpeech=IN] [Text=their CharacterOffsetBegin=2473 CharacterOffsetEnd=2478 PartOfSpeech=PRP$] [Text=own CharacterOffsetBegin=2479 CharacterOffsetEnd=2482 PartOfSpeech=JJ] [Text=is CharacterOffsetBegin=2483 CharacterOffsetEnd=2485 PartOfSpeech=VBZ] [Text=as CharacterOffsetBegin=2486 CharacterOffsetEnd=2488 PartOfSpeech=IN] [Text=adventurous CharacterOffsetBegin=2489 CharacterOffsetEnd=2500 PartOfSpeech=JJ] [Text=as CharacterOffsetBegin=2501 CharacterOffsetEnd=2503 PartOfSpeech=IN] [Text=it CharacterOffsetBegin=2504 CharacterOffsetEnd=2506 PartOfSpeech=PRP] [Text=gets CharacterOffsetBegin=2507 CharacterOffsetEnd=2511 PartOfSpeech=VBZ] [Text=. CharacterOffsetBegin=2511 CharacterOffsetEnd=2512 PartOfSpeech=.] 
root(ROOT-0, does-2)
nsubj(does-2, He-1)
dobj(does-2, nothing-3)
prep(does-2, with-4)
det(angle-7, the-5)
nn(angle-7, invisibility-6)
pobj(with-4, angle-7)
punct(does-2, ,-8)
advmod(doors-12, just-9)
det(doors-12, a-10)
amod(doors-12, few-11)
nsubj(opening-13, doors-12)
xcomp(does-2, opening-13)
prep(opening-13, on-14)
poss(own-16, their-15)
pobj(on-14, own-16)
dep(does-2, is-17)
prep(is-17, as-18)
pobj(as-18, adventurous-19)
mark(gets-22, as-20)
nsubj(gets-22, it-21)
advcl(is-17, gets-22)
punct(does-2, .-23)

Sentence #15 (74 tokens):
There is very little gore or violence, a bit of splashing blood, a few strangulations & the only decent bit in the whole film when someone has their head blown off with a shotgun, unfortunately he was invisible at the time & we only get to see the headless torso afterwards.The budget must have been low, & I mean really low because this is one seriously cheap looking film.
[Text=There CharacterOffsetBegin=2517 CharacterOffsetEnd=2522 PartOfSpeech=EX] [Text=is CharacterOffsetBegin=2523 CharacterOffsetEnd=2525 PartOfSpeech=VBZ] [Text=very CharacterOffsetBegin=2526 CharacterOffsetEnd=2530 PartOfSpeech=RB] [Text=little CharacterOffsetBegin=2531 CharacterOffsetEnd=2537 PartOfSpeech=JJ] [Text=gore CharacterOffsetBegin=2538 CharacterOffsetEnd=2542 PartOfSpeech=VBP] [Text=or CharacterOffsetBegin=2543 CharacterOffsetEnd=2545 PartOfSpeech=CC] [Text=violence CharacterOffsetBegin=2546 CharacterOffsetEnd=2554 PartOfSpeech=NN] [Text=, CharacterOffsetBegin=2554 CharacterOffsetEnd=2555 PartOfSpeech=,] [Text=a CharacterOffsetBegin=2556 CharacterOffsetEnd=2557 PartOfSpeech=DT] [Text=bit CharacterOffsetBegin=2558 CharacterOffsetEnd=2561 PartOfSpeech=NN] [Text=of CharacterOffsetBegin=2562 CharacterOffsetEnd=2564 PartOfSpeech=IN] [Text=splashing CharacterOffsetBegin=2565 CharacterOffsetEnd=2574 PartOfSpeech=VBG] [Text=blood CharacterOffsetBegin=2575 CharacterOffsetEnd=2580 PartOfSpeech=NN] [Text=, CharacterOffsetBegin=2580 CharacterOffsetEnd=2581 PartOfSpeech=,] [Text=a CharacterOffsetBegin=2582 CharacterOffsetEnd=2583 PartOfSpeech=DT] [Text=few CharacterOffsetBegin=2584 CharacterOffsetEnd=2587 PartOfSpeech=JJ] [Text=strangulations CharacterOffsetBegin=2588 CharacterOffsetEnd=2602 PartOfSpeech=NNS] [Text=& CharacterOffsetBegin=2603 CharacterOffsetEnd=2604 PartOfSpeech=CC] [Text=the CharacterOffsetBegin=2605 CharacterOffsetEnd=2608 PartOfSpeech=DT] [Text=only CharacterOffsetBegin=2609 CharacterOffsetEnd=2613 PartOfSpeech=JJ] [Text=decent CharacterOffsetBegin=2614 CharacterOffsetEnd=2620 PartOfSpeech=JJ] [Text=bit CharacterOffsetBegin=2621 CharacterOffsetEnd=2624 PartOfSpeech=NN] [Text=in CharacterOffsetBegin=2625 CharacterOffsetEnd=2627 PartOfSpeech=IN] [Text=the CharacterOffsetBegin=2628 CharacterOffsetEnd=2631 PartOfSpeech=DT] [Text=whole CharacterOffsetBegin=2632 CharacterOffsetEnd=2637 PartOfSpeech=JJ] [Text=film CharacterOffsetBegin=2638 CharacterOffsetEnd=2642 PartOfSpeech=NN] [Text=when CharacterOffsetBegin=2643 CharacterOffsetEnd=2647 PartOfSpeech=WRB] [Text=someone CharacterOffsetBegin=2648 CharacterOffsetEnd=2655 PartOfSpeech=NN] [Text=has CharacterOffsetBegin=2656 CharacterOffsetEnd=2659 PartOfSpeech=VBZ] [Text=their CharacterOffsetBegin=2660 CharacterOffsetEnd=2665 PartOfSpeech=PRP$] [Text=head CharacterOffsetBegin=2666 CharacterOffsetEnd=2670 PartOfSpeech=NN] [Text=blown CharacterOffsetBegin=2671 CharacterOffsetEnd=2676 PartOfSpeech=VBN] [Text=off CharacterOffsetBegin=2677 CharacterOffsetEnd=2680 PartOfSpeech=RP] [Text=with CharacterOffsetBegin=2681 CharacterOffsetEnd=2685 PartOfSpeech=IN] [Text=a CharacterOffsetBegin=2686 CharacterOffsetEnd=2687 PartOfSpeech=DT] [Text=shotgun CharacterOffsetBegin=2688 CharacterOffsetEnd=2695 PartOfSpeech=NN] [Text=, CharacterOffsetBegin=2695 CharacterOffsetEnd=2696 PartOfSpeech=,] [Text=unfortunately CharacterOffsetBegin=2697 CharacterOffsetEnd=2710 PartOfSpeech=RB] [Text=he CharacterOffsetBegin=2711 CharacterOffsetEnd=2713 PartOfSpeech=PRP] [Text=was CharacterOffsetBegin=2714 CharacterOffsetEnd=2717 PartOfSpeech=VBD] [Text=invisible CharacterOffsetBegin=2718 CharacterOffsetEnd=2727 PartOfSpeech=JJ] [Text=at CharacterOffsetBegin=2728 CharacterOffsetEnd=2730 PartOfSpeech=IN] [Text=the CharacterOffsetBegin=2731 CharacterOffsetEnd=2734 PartOfSpeech=DT] [Text=time CharacterOffsetBegin=2735 CharacterOffsetEnd=2739 PartOfSpeech=NN] [Text=& CharacterOffsetBegin=2740 CharacterOffsetEnd=2741 PartOfSpeech=CC] [Text=we CharacterOffsetBegin=2742 CharacterOffsetEnd=2744 PartOfSpeech=PRP] [Text=only CharacterOffsetBegin=2745 CharacterOffsetEnd=2749 PartOfSpeech=RB] [Text=get CharacterOffsetBegin=2750 CharacterOffsetEnd=2753 PartOfSpeech=VBP] [Text=to CharacterOffsetBegin=2754 CharacterOffsetEnd=2756 PartOfSpeech=TO] [Text=see CharacterOffsetBegin=2757 CharacterOffsetEnd=2760 PartOfSpeech=VB] [Text=the CharacterOffsetBegin=2761 CharacterOffsetEnd=2764 PartOfSpeech=DT] [Text=headless CharacterOffsetBegin=2765 CharacterOffsetEnd=2773 PartOfSpeech=JJ] [Text=torso CharacterOffsetBegin=2774 CharacterOffsetEnd=2779 PartOfSpeech=NN] [Text=afterwards.The CharacterOffsetBegin=2780 CharacterOffsetEnd=2794 PartOfSpeech=NNP] [Text=budget CharacterOffsetBegin=2795 CharacterOffsetEnd=2801 PartOfSpeech=NN] [Text=must CharacterOffsetBegin=2802 CharacterOffsetEnd=2806 PartOfSpeech=MD] [Text=have CharacterOffsetBegin=2807 CharacterOffsetEnd=2811 PartOfSpeech=VB] [Text=been CharacterOffsetBegin=2812 CharacterOffsetEnd=2816 PartOfSpeech=VBN] [Text=low CharacterOffsetBegin=2817 CharacterOffsetEnd=2820 PartOfSpeech=JJ] [Text=, CharacterOffsetBegin=2820 CharacterOffsetEnd=2821 PartOfSpeech=,] [Text=& CharacterOffsetBegin=2822 CharacterOffsetEnd=2823 PartOfSpeech=CC] [Text=I CharacterOffsetBegin=2824 CharacterOffsetEnd=2825 PartOfSpeech=PRP] [Text=mean CharacterOffsetBegin=2826 CharacterOffsetEnd=2830 PartOfSpeech=VBP] [Text=really CharacterOffsetBegin=2831 CharacterOffsetEnd=2837 PartOfSpeech=RB] [Text=low CharacterOffsetBegin=2838 CharacterOffsetEnd=2841 PartOfSpeech=JJ] [Text=because CharacterOffsetBegin=2842 CharacterOffsetEnd=2849 PartOfSpeech=IN] [Text=this CharacterOffsetBegin=2850 CharacterOffsetEnd=2854 PartOfSpeech=DT] [Text=is CharacterOffsetBegin=2855 CharacterOffsetEnd=2857 PartOfSpeech=VBZ] [Text=one CharacterOffsetBegin=2858 CharacterOffsetEnd=2861 PartOfSpeech=CD] [Text=seriously CharacterOffsetBegin=2862 CharacterOffsetEnd=2871 PartOfSpeech=RB] [Text=cheap CharacterOffsetBegin=2872 CharacterOffsetEnd=2877 PartOfSpeech=JJ] [Text=looking CharacterOffsetBegin=2878 CharacterOffsetEnd=2885 PartOfSpeech=VBG] [Text=film CharacterOffsetBegin=2886 CharacterOffsetEnd=2890 PartOfSpeech=NN] [Text=. CharacterOffsetBegin=2890 CharacterOffsetEnd=2891 PartOfSpeech=.] 
root(ROOT-0, is-2)
expl(is-2, There-1)
advmod(little-4, very-3)
amod(gore-5, little-4)
nsubj(is-2, gore-5)
cc(gore-5, or-6)
conj(gore-5, violence-7)
punct(is-2, ,-8)
det(bit-10, a-9)
nsubj(is-2, bit-10)
prep(bit-10, of-11)
pcomp(of-11, splashing-12)
dobj(splashing-12, blood-13)
punct(is-2, ,-14)
det(strangulations-17, a-15)
amod(strangulations-17, few-16)
nsubj(is-2, strangulations-17)
cc(strangulations-17, &-18)
det(bit-22, the-19)
amod(bit-22, only-20)
amod(bit-22, decent-21)
conj(strangulations-17, bit-22)
prep(bit-22, in-23)
det(film-26, the-24)
amod(film-26, whole-25)
pobj(in-23, film-26)
advmod(has-29, when-27)
nsubj(has-29, someone-28)
rcmod(strangulations-17, has-29)
poss(head-31, their-30)
nsubj(blown-32, head-31)
ccomp(has-29, blown-32)
prt(blown-32, off-33)
prep(blown-32, with-34)
det(shotgun-36, a-35)
pobj(with-34, shotgun-36)
punct(is-2, ,-37)
advmod(invisible-41, unfortunately-38)
nsubj(invisible-41, he-39)
cop(invisible-41, was-40)
dep(is-2, invisible-41)
prep(invisible-41, at-42)
det(time-44, the-43)
pobj(at-42, time-44)
cc(time-44, &-45)
conj(time-44, we-46)
advmod(get-48, only-47)
ccomp(invisible-41, get-48)
aux(see-50, to-49)
xcomp(get-48, see-50)
det(budget-55, the-51)
amod(budget-55, headless-52)
nn(budget-55, torso-53)
nn(budget-55, afterwards.The-54)
nsubj(low-59, budget-55)
aux(low-59, must-56)
aux(low-59, have-57)
cop(low-59, been-58)
ccomp(see-50, low-59)
punct(low-59, ,-60)
cc(low-59, &-61)
nsubj(mean-63, I-62)
conj(low-59, mean-63)
advmod(low-65, really-64)
acomp(mean-63, low-65)
mark(one-69, because-66)
nsubj(one-69, this-67)
cop(one-69, is-68)
poss(film-73, one-69)
advmod(one-69, seriously-70)
amod(film-73, cheap-71)
amod(film-73, looking-72)
dobj(low-59, film-73)
punct(is-2, .-74)

Sentence #16 (11 tokens):
Dornwinkles laboratory is basically two jars on his bedside cabinet!
[Text=Dornwinkles CharacterOffsetBegin=2896 CharacterOffsetEnd=2907 PartOfSpeech=NNP] [Text=laboratory CharacterOffsetBegin=2908 CharacterOffsetEnd=2918 PartOfSpeech=NN] [Text=is CharacterOffsetBegin=2919 CharacterOffsetEnd=2921 PartOfSpeech=VBZ] [Text=basically CharacterOffsetBegin=2922 CharacterOffsetEnd=2931 PartOfSpeech=RB] [Text=two CharacterOffsetBegin=2932 CharacterOffsetEnd=2935 PartOfSpeech=CD] [Text=jars CharacterOffsetBegin=2936 CharacterOffsetEnd=2940 PartOfSpeech=NNS] [Text=on CharacterOffsetBegin=2941 CharacterOffsetEnd=2943 PartOfSpeech=IN] [Text=his CharacterOffsetBegin=2944 CharacterOffsetEnd=2947 PartOfSpeech=PRP$] [Text=bedside CharacterOffsetBegin=2948 CharacterOffsetEnd=2955 PartOfSpeech=NN] [Text=cabinet CharacterOffsetBegin=2956 CharacterOffsetEnd=2963 PartOfSpeech=NN] [Text=! CharacterOffsetBegin=2963 CharacterOffsetEnd=2964 PartOfSpeech=.] 
root(ROOT-0, jars-6)
nn(laboratory-2, Dornwinkles-1)
nsubj(jars-6, laboratory-2)
cop(jars-6, is-3)
advmod(jars-6, basically-4)
num(jars-6, two-5)
prep(jars-6, on-7)
poss(cabinet-10, his-8)
nn(cabinet-10, bedside-9)
pobj(on-7, cabinet-10)
punct(jars-6, !-11)

Sentence #17 (29 tokens):
When he escapes from the mental institution he has all of one dog sent after him & the entire school has about a dozen pupils & two teachers.
[Text=When CharacterOffsetBegin=2969 CharacterOffsetEnd=2973 PartOfSpeech=WRB] [Text=he CharacterOffsetBegin=2974 CharacterOffsetEnd=2976 PartOfSpeech=PRP] [Text=escapes CharacterOffsetBegin=2977 CharacterOffsetEnd=2984 PartOfSpeech=VBZ] [Text=from CharacterOffsetBegin=2985 CharacterOffsetEnd=2989 PartOfSpeech=IN] [Text=the CharacterOffsetBegin=2990 CharacterOffsetEnd=2993 PartOfSpeech=DT] [Text=mental CharacterOffsetBegin=2994 CharacterOffsetEnd=3000 PartOfSpeech=JJ] [Text=institution CharacterOffsetBegin=3001 CharacterOffsetEnd=3012 PartOfSpeech=NN] [Text=he CharacterOffsetBegin=3013 CharacterOffsetEnd=3015 PartOfSpeech=PRP] [Text=has CharacterOffsetBegin=3016 CharacterOffsetEnd=3019 PartOfSpeech=VBZ] [Text=all CharacterOffsetBegin=3020 CharacterOffsetEnd=3023 PartOfSpeech=DT] [Text=of CharacterOffsetBegin=3024 CharacterOffsetEnd=3026 PartOfSpeech=IN] [Text=one CharacterOffsetBegin=3027 CharacterOffsetEnd=3030 PartOfSpeech=CD] [Text=dog CharacterOffsetBegin=3031 CharacterOffsetEnd=3034 PartOfSpeech=NN] [Text=sent CharacterOffsetBegin=3035 CharacterOffsetEnd=3039 PartOfSpeech=VBN] [Text=after CharacterOffsetBegin=3040 CharacterOffsetEnd=3045 PartOfSpeech=IN] [Text=him CharacterOffsetBegin=3046 CharacterOffsetEnd=3049 PartOfSpeech=PRP] [Text=& CharacterOffsetBegin=3050 CharacterOffsetEnd=3051 PartOfSpeech=CC] [Text=the CharacterOffsetBegin=3052 CharacterOffsetEnd=3055 PartOfSpeech=DT] [Text=entire CharacterOffsetBegin=3056 CharacterOffsetEnd=3062 PartOfSpeech=JJ] [Text=school CharacterOffsetBegin=3063 CharacterOffsetEnd=3069 PartOfSpeech=NN] [Text=has CharacterOffsetBegin=3070 CharacterOffsetEnd=3073 PartOfSpeech=VBZ] [Text=about CharacterOffsetBegin=3074 CharacterOffsetEnd=3079 PartOfSpeech=IN] [Text=a CharacterOffsetBegin=3080 CharacterOffsetEnd=3081 PartOfSpeech=DT] [Text=dozen CharacterOffsetBegin=3082 CharacterOffsetEnd=3087 PartOfSpeech=NN] [Text=pupils CharacterOffsetBegin=3088 CharacterOffsetEnd=3094 PartOfSpeech=NNS] [Text=& CharacterOffsetBegin=3095 CharacterOffsetEnd=3096 PartOfSpeech=CC] [Text=two CharacterOffsetBegin=3097 CharacterOffsetEnd=3100 PartOfSpeech=CD] [Text=teachers CharacterOffsetBegin=3101 CharacterOffsetEnd=3109 PartOfSpeech=NNS] [Text=. CharacterOffsetBegin=3109 CharacterOffsetEnd=3110 PartOfSpeech=.] 
root(ROOT-0, escapes-3)
advmod(escapes-3, When-1)
nsubj(escapes-3, he-2)
prep(escapes-3, from-4)
det(institution-7, the-5)
amod(institution-7, mental-6)
pobj(from-4, institution-7)
nsubj(has-9, he-8)
rcmod(institution-7, has-9)
dep(sent-14, all-10)
prep(all-10, of-11)
num(dog-13, one-12)
pobj(of-11, dog-13)
dep(has-9, sent-14)
mark(has-21, after-15)
nsubj(has-21, him-16)
cc(him-16, &-17)
det(school-20, the-18)
amod(school-20, entire-19)
conj(him-16, school-20)
advcl(sent-14, has-21)
quantmod(dozen-24, about-22)
quantmod(dozen-24, a-23)
num(pupils-25, dozen-24)
dobj(has-21, pupils-25)
cc(pupils-25, &-26)
num(teachers-28, two-27)
conj(pupils-25, teachers-28)
punct(escapes-3, .-29)

Sentence #18 (50 tokens):
The Invisible Maniac is a poorly made film throughout it's 85 minute duration, I spotted the boom mike on at least one occasion...
    Lets just say the acting is of a low standard & leave it at that.The Invisible Maniac is crap, plain & simple.
[Text=The CharacterOffsetBegin=3115 CharacterOffsetEnd=3118 PartOfSpeech=DT] [Text=Invisible CharacterOffsetBegin=3119 CharacterOffsetEnd=3128 PartOfSpeech=JJ] [Text=Maniac CharacterOffsetBegin=3129 CharacterOffsetEnd=3135 PartOfSpeech=NN] [Text=is CharacterOffsetBegin=3136 CharacterOffsetEnd=3138 PartOfSpeech=VBZ] [Text=a CharacterOffsetBegin=3139 CharacterOffsetEnd=3140 PartOfSpeech=DT] [Text=poorly CharacterOffsetBegin=3141 CharacterOffsetEnd=3147 PartOfSpeech=RB] [Text=made CharacterOffsetBegin=3148 CharacterOffsetEnd=3152 PartOfSpeech=VBN] [Text=film CharacterOffsetBegin=3153 CharacterOffsetEnd=3157 PartOfSpeech=NN] [Text=throughout CharacterOffsetBegin=3158 CharacterOffsetEnd=3168 PartOfSpeech=IN] [Text=it CharacterOffsetBegin=3169 CharacterOffsetEnd=3171 PartOfSpeech=PRP] [Text='s CharacterOffsetBegin=3171 CharacterOffsetEnd=3173 PartOfSpeech=VBZ] [Text=85 CharacterOffsetBegin=3174 CharacterOffsetEnd=3176 PartOfSpeech=CD] [Text=minute CharacterOffsetBegin=3177 CharacterOffsetEnd=3183 PartOfSpeech=NN] [Text=duration CharacterOffsetBegin=3184 CharacterOffsetEnd=3192 PartOfSpeech=NN] [Text=, CharacterOffsetBegin=3192 CharacterOffsetEnd=3193 PartOfSpeech=,] [Text=I CharacterOffsetBegin=3194 CharacterOffsetEnd=3195 PartOfSpeech=PRP] [Text=spotted CharacterOffsetBegin=3196 CharacterOffsetEnd=3203 PartOfSpeech=VBD] [Text=the CharacterOffsetBegin=3204 CharacterOffsetEnd=3207 PartOfSpeech=DT] [Text=boom CharacterOffsetBegin=3208 CharacterOffsetEnd=3212 PartOfSpeech=NN] [Text=mike CharacterOffsetBegin=3213 CharacterOffsetEnd=3217 PartOfSpeech=NN] [Text=on CharacterOffsetBegin=3218 CharacterOffsetEnd=3220 PartOfSpeech=IN] [Text=at CharacterOffsetBegin=3221 CharacterOffsetEnd=3223 PartOfSpeech=IN] [Text=least CharacterOffsetBegin=3224 CharacterOffsetEnd=3229 PartOfSpeech=JJS] [Text=one CharacterOffsetBegin=3230 CharacterOffsetEnd=3233 PartOfSpeech=CD] [Text=occasion CharacterOffsetBegin=3234 CharacterOffsetEnd=3242 PartOfSpeech=NN] [Text=... CharacterOffsetBegin=3242 CharacterOffsetEnd=3245 PartOfSpeech=:] [Text=Lets CharacterOffsetBegin=3250 CharacterOffsetEnd=3254 PartOfSpeech=VBZ] [Text=just CharacterOffsetBegin=3255 CharacterOffsetEnd=3259 PartOfSpeech=RB] [Text=say CharacterOffsetBegin=3260 CharacterOffsetEnd=3263 PartOfSpeech=VB] [Text=the CharacterOffsetBegin=3264 CharacterOffsetEnd=3267 PartOfSpeech=DT] [Text=acting CharacterOffsetBegin=3268 CharacterOffsetEnd=3274 PartOfSpeech=NN] [Text=is CharacterOffsetBegin=3275 CharacterOffsetEnd=3277 PartOfSpeech=VBZ] [Text=of CharacterOffsetBegin=3278 CharacterOffsetEnd=3280 PartOfSpeech=IN] [Text=a CharacterOffsetBegin=3281 CharacterOffsetEnd=3282 PartOfSpeech=DT] [Text=low CharacterOffsetBegin=3283 CharacterOffsetEnd=3286 PartOfSpeech=JJ] [Text=standard CharacterOffsetBegin=3287 CharacterOffsetEnd=3295 PartOfSpeech=JJ] [Text=& CharacterOffsetBegin=3296 CharacterOffsetEnd=3297 PartOfSpeech=CC] [Text=leave CharacterOffsetBegin=3298 CharacterOffsetEnd=3303 PartOfSpeech=VBP] [Text=it CharacterOffsetBegin=3304 CharacterOffsetEnd=3306 PartOfSpeech=PRP] [Text=at CharacterOffsetBegin=3307 CharacterOffsetEnd=3309 PartOfSpeech=IN] [Text=that.The CharacterOffsetBegin=3310 CharacterOffsetEnd=3318 PartOfSpeech=NNP] [Text=Invisible CharacterOffsetBegin=3319 CharacterOffsetEnd=3328 PartOfSpeech=NNP] [Text=Maniac CharacterOffsetBegin=3329 CharacterOffsetEnd=3335 PartOfSpeech=NNP] [Text=is CharacterOffsetBegin=3336 CharacterOffsetEnd=3338 PartOfSpeech=VBZ] [Text=crap CharacterOffsetBegin=3339 CharacterOffsetEnd=3343 PartOfSpeech=NN] [Text=, CharacterOffsetBegin=3343 CharacterOffsetEnd=3344 PartOfSpeech=,] [Text=plain CharacterOffsetBegin=3345 CharacterOffsetEnd=3350 PartOfSpeech=JJ] [Text=& CharacterOffsetBegin=3351 CharacterOffsetEnd=3352 PartOfSpeech=CC] [Text=simple CharacterOffsetBegin=3353 CharacterOffsetEnd=3359 PartOfSpeech=JJ] [Text=. CharacterOffsetBegin=3359 CharacterOffsetEnd=3360 PartOfSpeech=.] 
root(ROOT-0, film-8)
det(Maniac-3, The-1)
amod(Maniac-3, Invisible-2)
nsubj(film-8, Maniac-3)
cop(film-8, is-4)
det(film-8, a-5)
advmod(film-8, poorly-6)
amod(film-8, made-7)
mark(duration-14, throughout-9)
nsubj(duration-14, it-10)
cop(duration-14, 's-11)
num(duration-14, 85-12)
nn(duration-14, minute-13)
ccomp(film-8, duration-14)
punct(film-8, ,-15)
nsubj(spotted-17, I-16)
rcmod(film-8, spotted-17)
det(boom-19, the-18)
nsubj(mike-20, boom-19)
xcomp(spotted-17, mike-20)
prep(mike-20, on-21)
quantmod(one-24, at-22)
mwe(at-22, least-23)
num(occasion-25, one-24)
pobj(on-21, occasion-25)
punct(film-8, ...-26)
aux(say-29, Lets-27)
advmod(say-29, just-28)
dep(film-8, say-29)
det(acting-31, the-30)
nsubj(is-32, acting-31)
ccomp(say-29, is-32)
prep(is-32, of-33)
det(standard-36, a-34)
amod(standard-36, low-35)
pobj(of-33, standard-36)
cc(is-32, &-37)
conj(is-32, leave-38)
dobj(leave-38, it-39)
prep(leave-38, at-40)
nn(Maniac-43, that.The-41)
nn(Maniac-43, Invisible-42)
pobj(at-40, Maniac-43)
cop(crap-45, is-44)
dep(is-32, crap-45)
punct(crap-45, ,-46)
dep(crap-45, plain-47)
cc(plain-47, &-48)
conj(plain-47, simple-49)
punct(film-8, .-50)

Sentence #19 (36 tokens):
I found no redeeming features in it at all, there are so many more better films out there you can watch so there is no reason whatsoever to waste your time on this rubbish.
[Text=I CharacterOffsetBegin=3365 CharacterOffsetEnd=3366 PartOfSpeech=PRP] [Text=found CharacterOffsetBegin=3367 CharacterOffsetEnd=3372 PartOfSpeech=VBD] [Text=no CharacterOffsetBegin=3373 CharacterOffsetEnd=3375 PartOfSpeech=DT] [Text=redeeming CharacterOffsetBegin=3376 CharacterOffsetEnd=3385 PartOfSpeech=JJ] [Text=features CharacterOffsetBegin=3386 CharacterOffsetEnd=3394 PartOfSpeech=NNS] [Text=in CharacterOffsetBegin=3395 CharacterOffsetEnd=3397 PartOfSpeech=IN] [Text=it CharacterOffsetBegin=3398 CharacterOffsetEnd=3400 PartOfSpeech=PRP] [Text=at CharacterOffsetBegin=3401 CharacterOffsetEnd=3403 PartOfSpeech=IN] [Text=all CharacterOffsetBegin=3404 CharacterOffsetEnd=3407 PartOfSpeech=DT] [Text=, CharacterOffsetBegin=3407 CharacterOffsetEnd=3408 PartOfSpeech=,] [Text=there CharacterOffsetBegin=3409 CharacterOffsetEnd=3414 PartOfSpeech=EX] [Text=are CharacterOffsetBegin=3415 CharacterOffsetEnd=3418 PartOfSpeech=VBP] [Text=so CharacterOffsetBegin=3419 CharacterOffsetEnd=3421 PartOfSpeech=RB] [Text=many CharacterOffsetBegin=3422 CharacterOffsetEnd=3426 PartOfSpeech=JJ] [Text=more CharacterOffsetBegin=3427 CharacterOffsetEnd=3431 PartOfSpeech=JJR] [Text=better CharacterOffsetBegin=3432 CharacterOffsetEnd=3438 PartOfSpeech=JJR] [Text=films CharacterOffsetBegin=3439 CharacterOffsetEnd=3444 PartOfSpeech=NNS] [Text=out CharacterOffsetBegin=3445 CharacterOffsetEnd=3448 PartOfSpeech=IN] [Text=there CharacterOffsetBegin=3449 CharacterOffsetEnd=3454 PartOfSpeech=RB] [Text=you CharacterOffsetBegin=3455 CharacterOffsetEnd=3458 PartOfSpeech=PRP] [Text=can CharacterOffsetBegin=3459 CharacterOffsetEnd=3462 PartOfSpeech=MD] [Text=watch CharacterOffsetBegin=3463 CharacterOffsetEnd=3468 PartOfSpeech=VB] [Text=so CharacterOffsetBegin=3469 CharacterOffsetEnd=3471 PartOfSpeech=RB] [Text=there CharacterOffsetBegin=3472 CharacterOffsetEnd=3477 PartOfSpeech=EX] [Text=is CharacterOffsetBegin=3478 CharacterOffsetEnd=3480 PartOfSpeech=VBZ] [Text=no CharacterOffsetBegin=3481 CharacterOffsetEnd=3483 PartOfSpeech=DT] [Text=reason CharacterOffsetBegin=3484 CharacterOffsetEnd=3490 PartOfSpeech=NN] [Text=whatsoever CharacterOffsetBegin=3491 CharacterOffsetEnd=3501 PartOfSpeech=RB] [Text=to CharacterOffsetBegin=3502 CharacterOffsetEnd=3504 PartOfSpeech=TO] [Text=waste CharacterOffsetBegin=3505 CharacterOffsetEnd=3510 PartOfSpeech=VB] [Text=your CharacterOffsetBegin=3511 CharacterOffsetEnd=3515 PartOfSpeech=PRP$] [Text=time CharacterOffsetBegin=3516 CharacterOffsetEnd=3520 PartOfSpeech=NN] [Text=on CharacterOffsetBegin=3521 CharacterOffsetEnd=3523 PartOfSpeech=IN] [Text=this CharacterOffsetBegin=3524 CharacterOffsetEnd=3528 PartOfSpeech=DT] [Text=rubbish CharacterOffsetBegin=3529 CharacterOffsetEnd=3536 PartOfSpeech=JJ] [Text=. CharacterOffsetBegin=3536 CharacterOffsetEnd=3537 PartOfSpeech=.] 
root(ROOT-0, found-2)
nsubj(found-2, I-1)
det(features-5, no-3)
amod(features-5, redeeming-4)
dobj(found-2, features-5)
prep(features-5, in-6)
pobj(in-6, it-7)
advmod(found-2, at-8)
pobj(at-8, all-9)
punct(found-2, ,-10)
expl(are-12, there-11)
ccomp(found-2, are-12)
advmod(many-14, so-13)
amod(films-17, many-14)
advmod(better-16, more-15)
amod(films-17, better-16)
dobj(watch-22, films-17)
prep(films-17, out-18)
pobj(out-18, there-19)
nsubj(watch-22, you-20)
aux(watch-22, can-21)
dep(are-12, watch-22)
advmod(is-25, so-23)
expl(is-25, there-24)
ccomp(watch-22, is-25)
det(reason-27, no-26)
nsubj(is-25, reason-27)
partmod(reason-27, whatsoever-28)
aux(waste-30, to-29)
xcomp(whatsoever-28, waste-30)
poss(time-32, your-31)
dobj(waste-30, time-32)
prep(waste-30, on-33)
det(rubbish-35, this-34)
pobj(on-33, rubbish-35)
punct(found-2, .-36)

Sentence #20 (5 tokens):
Definitely one to avoid.
[Text=Definitely CharacterOffsetBegin=3542 CharacterOffsetEnd=3552 PartOfSpeech=RB] [Text=one CharacterOffsetBegin=3553 CharacterOffsetEnd=3556 PartOfSpeech=CD] [Text=to CharacterOffsetBegin=3557 CharacterOffsetEnd=3559 PartOfSpeech=TO] [Text=avoid CharacterOffsetBegin=3560 CharacterOffsetEnd=3565 PartOfSpeech=VB] [Text=. CharacterOffsetBegin=3565 CharacterOffsetEnd=3566 PartOfSpeech=.] 
root(ROOT-0, avoid-4)
advmod(avoid-4, Definitely-1)
nsubj(avoid-4, one-2)
aux(avoid-4, to-3)
punct(avoid-4, .-5)

