Sentence #1 (72 tokens):
Some people seem to think this was the worst movie they have ever seen, and I understand where they're coming from, but I really have seen worse.That being said, the movies that I can recall (ie the ones I haven't blocked out) that were worse than this, were so bad that they physically pained every sense that was involved with watching the movie.
[Text=Some CharacterOffsetBegin=4 CharacterOffsetEnd=8 PartOfSpeech=DT] [Text=people CharacterOffsetBegin=9 CharacterOffsetEnd=15 PartOfSpeech=NNS] [Text=seem CharacterOffsetBegin=16 CharacterOffsetEnd=20 PartOfSpeech=VBP] [Text=to CharacterOffsetBegin=21 CharacterOffsetEnd=23 PartOfSpeech=TO] [Text=think CharacterOffsetBegin=24 CharacterOffsetEnd=29 PartOfSpeech=VB] [Text=this CharacterOffsetBegin=30 CharacterOffsetEnd=34 PartOfSpeech=DT] [Text=was CharacterOffsetBegin=35 CharacterOffsetEnd=38 PartOfSpeech=VBD] [Text=the CharacterOffsetBegin=39 CharacterOffsetEnd=42 PartOfSpeech=DT] [Text=worst CharacterOffsetBegin=43 CharacterOffsetEnd=48 PartOfSpeech=JJS] [Text=movie CharacterOffsetBegin=49 CharacterOffsetEnd=54 PartOfSpeech=NN] [Text=they CharacterOffsetBegin=55 CharacterOffsetEnd=59 PartOfSpeech=PRP] [Text=have CharacterOffsetBegin=60 CharacterOffsetEnd=64 PartOfSpeech=VBP] [Text=ever CharacterOffsetBegin=65 CharacterOffsetEnd=69 PartOfSpeech=RB] [Text=seen CharacterOffsetBegin=70 CharacterOffsetEnd=74 PartOfSpeech=VBN] [Text=, CharacterOffsetBegin=74 CharacterOffsetEnd=75 PartOfSpeech=,] [Text=and CharacterOffsetBegin=76 CharacterOffsetEnd=79 PartOfSpeech=CC] [Text=I CharacterOffsetBegin=80 CharacterOffsetEnd=81 PartOfSpeech=PRP] [Text=understand CharacterOffsetBegin=82 CharacterOffsetEnd=92 PartOfSpeech=VBP] [Text=where CharacterOffsetBegin=93 CharacterOffsetEnd=98 PartOfSpeech=WRB] [Text=they CharacterOffsetBegin=99 CharacterOffsetEnd=103 PartOfSpeech=PRP] [Text='re CharacterOffsetBegin=103 CharacterOffsetEnd=106 PartOfSpeech=VBP] [Text=coming CharacterOffsetBegin=107 CharacterOffsetEnd=113 PartOfSpeech=VBG] [Text=from CharacterOffsetBegin=114 CharacterOffsetEnd=118 PartOfSpeech=IN] [Text=, CharacterOffsetBegin=118 CharacterOffsetEnd=119 PartOfSpeech=,] [Text=but CharacterOffsetBegin=120 CharacterOffsetEnd=123 PartOfSpeech=CC] [Text=I CharacterOffsetBegin=124 CharacterOffsetEnd=125 PartOfSpeech=PRP] [Text=really CharacterOffsetBegin=126 CharacterOffsetEnd=132 PartOfSpeech=RB] [Text=have CharacterOffsetBegin=133 CharacterOffsetEnd=137 PartOfSpeech=VBP] [Text=seen CharacterOffsetBegin=138 CharacterOffsetEnd=142 PartOfSpeech=VBN] [Text=worse.That CharacterOffsetBegin=143 CharacterOffsetEnd=153 PartOfSpeech=NN] [Text=being CharacterOffsetBegin=154 CharacterOffsetEnd=159 PartOfSpeech=VBG] [Text=said CharacterOffsetBegin=160 CharacterOffsetEnd=164 PartOfSpeech=VBD] [Text=, CharacterOffsetBegin=164 CharacterOffsetEnd=165 PartOfSpeech=,] [Text=the CharacterOffsetBegin=166 CharacterOffsetEnd=169 PartOfSpeech=DT] [Text=movies CharacterOffsetBegin=170 CharacterOffsetEnd=176 PartOfSpeech=NNS] [Text=that CharacterOffsetBegin=177 CharacterOffsetEnd=181 PartOfSpeech=IN] [Text=I CharacterOffsetBegin=182 CharacterOffsetEnd=183 PartOfSpeech=PRP] [Text=can CharacterOffsetBegin=184 CharacterOffsetEnd=187 PartOfSpeech=MD] [Text=recall CharacterOffsetBegin=188 CharacterOffsetEnd=194 PartOfSpeech=VB] [Text=-LRB- CharacterOffsetBegin=195 CharacterOffsetEnd=196 PartOfSpeech=-LRB-] [Text=ie CharacterOffsetBegin=196 CharacterOffsetEnd=198 PartOfSpeech=FW] [Text=the CharacterOffsetBegin=199 CharacterOffsetEnd=202 PartOfSpeech=DT] [Text=ones CharacterOffsetBegin=203 CharacterOffsetEnd=207 PartOfSpeech=NNS] [Text=I CharacterOffsetBegin=208 CharacterOffsetEnd=209 PartOfSpeech=PRP] [Text=have CharacterOffsetBegin=210 CharacterOffsetEnd=214 PartOfSpeech=VBP] [Text=n't CharacterOffsetBegin=214 CharacterOffsetEnd=217 PartOfSpeech=RB] [Text=blocked CharacterOffsetBegin=218 CharacterOffsetEnd=225 PartOfSpeech=VBN] [Text=out CharacterOffsetBegin=226 CharacterOffsetEnd=229 PartOfSpeech=RP] [Text=-RRB- CharacterOffsetBegin=229 CharacterOffsetEnd=230 PartOfSpeech=-RRB-] [Text=that CharacterOffsetBegin=231 CharacterOffsetEnd=235 PartOfSpeech=WDT] [Text=were CharacterOffsetBegin=236 CharacterOffsetEnd=240 PartOfSpeech=VBD] [Text=worse CharacterOffsetBegin=241 CharacterOffsetEnd=246 PartOfSpeech=JJR] [Text=than CharacterOffsetBegin=247 CharacterOffsetEnd=251 PartOfSpeech=IN] [Text=this CharacterOffsetBegin=252 CharacterOffsetEnd=256 PartOfSpeech=DT] [Text=, CharacterOffsetBegin=256 CharacterOffsetEnd=257 PartOfSpeech=,] [Text=were CharacterOffsetBegin=258 CharacterOffsetEnd=262 PartOfSpeech=VBD] [Text=so CharacterOffsetBegin=263 CharacterOffsetEnd=265 PartOfSpeech=RB] [Text=bad CharacterOffsetBegin=266 CharacterOffsetEnd=269 PartOfSpeech=JJ] [Text=that CharacterOffsetBegin=270 CharacterOffsetEnd=274 PartOfSpeech=IN] [Text=they CharacterOffsetBegin=275 CharacterOffsetEnd=279 PartOfSpeech=PRP] [Text=physically CharacterOffsetBegin=280 CharacterOffsetEnd=290 PartOfSpeech=RB] [Text=pained CharacterOffsetBegin=291 CharacterOffsetEnd=297 PartOfSpeech=JJ] [Text=every CharacterOffsetBegin=298 CharacterOffsetEnd=303 PartOfSpeech=DT] [Text=sense CharacterOffsetBegin=304 CharacterOffsetEnd=309 PartOfSpeech=NN] [Text=that CharacterOffsetBegin=310 CharacterOffsetEnd=314 PartOfSpeech=WDT] [Text=was CharacterOffsetBegin=315 CharacterOffsetEnd=318 PartOfSpeech=VBD] [Text=involved CharacterOffsetBegin=319 CharacterOffsetEnd=327 PartOfSpeech=VBN] [Text=with CharacterOffsetBegin=328 CharacterOffsetEnd=332 PartOfSpeech=IN] [Text=watching CharacterOffsetBegin=333 CharacterOffsetEnd=341 PartOfSpeech=VBG] [Text=the CharacterOffsetBegin=342 CharacterOffsetEnd=345 PartOfSpeech=DT] [Text=movie CharacterOffsetBegin=346 CharacterOffsetEnd=351 PartOfSpeech=NN] [Text=. CharacterOffsetBegin=351 CharacterOffsetEnd=352 PartOfSpeech=.] 
root(ROOT-0, seem-3)
det(people-2, Some-1)
nsubj(seem-3, people-2)
aux(think-5, to-4)
xcomp(seem-3, think-5)
nsubj(movie-10, this-6)
cop(movie-10, was-7)
det(movie-10, the-8)
amod(movie-10, worst-9)
ccomp(think-5, movie-10)
nsubj(seen-14, they-11)
aux(seen-14, have-12)
advmod(seen-14, ever-13)
rcmod(movie-10, seen-14)
punct(seem-3, ,-15)
cc(seem-3, and-16)
nsubj(understand-18, I-17)
conj(seem-3, understand-18)
advmod(coming-22, where-19)
nsubj(coming-22, they-20)
aux(coming-22, 're-21)
advcl(understand-18, coming-22)
prep(coming-22, from-23)
punct(seem-3, ,-24)
cc(seem-3, but-25)
nsubj(seen-29, I-26)
advmod(seen-29, really-27)
aux(seen-29, have-28)
conj(seem-3, seen-29)
nsubjpass(said-32, worse.That-30)
auxpass(said-32, being-31)
ccomp(seen-29, said-32)
punct(said-32, ,-33)
det(movies-35, the-34)
conj(said-32, movies-35)
mark(recall-39, that-36)
nsubj(recall-39, I-37)
aux(recall-39, can-38)
ccomp(movies-35, recall-39)
punct(ie-41, -LRB--40)
dep(worse-52, ie-41)
det(ones-43, the-42)
dep(ie-41, ones-43)
nsubj(blocked-47, I-44)
aux(blocked-47, have-45)
neg(blocked-47, n't-46)
rcmod(ones-43, blocked-47)
prt(blocked-47, out-48)
punct(ie-41, -RRB--49)
nsubj(worse-52, that-50)
cop(worse-52, were-51)
dep(recall-39, worse-52)
prep(worse-52, than-53)
pobj(than-53, this-54)
punct(recall-39, ,-55)
cop(bad-58, were-56)
advmod(bad-58, so-57)
dep(recall-39, bad-58)
mark(pained-62, that-59)
nsubj(pained-62, they-60)
advmod(pained-62, physically-61)
ccomp(bad-58, pained-62)
det(sense-64, every-63)
dobj(pained-62, sense-64)
nsubjpass(involved-67, that-65)
auxpass(involved-67, was-66)
rcmod(sense-64, involved-67)
prep(involved-67, with-68)
pcomp(with-68, watching-69)
det(movie-71, the-70)
dobj(watching-69, movie-71)
punct(seem-3, .-72)

Sentence #2 (62 tokens):
The movies that are worse than War Games 2 are the ones that make you want to gouge out your eyes, or stab sharp objects in your ears to keep yourself from having another piece of your soul ripped away from you by the awfulness.War Games: The Dead Code isn't that bad, but it comes pretty close.
[Text=The CharacterOffsetBegin=357 CharacterOffsetEnd=360 PartOfSpeech=DT] [Text=movies CharacterOffsetBegin=361 CharacterOffsetEnd=367 PartOfSpeech=NNS] [Text=that CharacterOffsetBegin=368 CharacterOffsetEnd=372 PartOfSpeech=WDT] [Text=are CharacterOffsetBegin=373 CharacterOffsetEnd=376 PartOfSpeech=VBP] [Text=worse CharacterOffsetBegin=377 CharacterOffsetEnd=382 PartOfSpeech=JJR] [Text=than CharacterOffsetBegin=383 CharacterOffsetEnd=387 PartOfSpeech=IN] [Text=War CharacterOffsetBegin=388 CharacterOffsetEnd=391 PartOfSpeech=NNP] [Text=Games CharacterOffsetBegin=392 CharacterOffsetEnd=397 PartOfSpeech=NNP] [Text=2 CharacterOffsetBegin=398 CharacterOffsetEnd=399 PartOfSpeech=CD] [Text=are CharacterOffsetBegin=400 CharacterOffsetEnd=403 PartOfSpeech=VBP] [Text=the CharacterOffsetBegin=404 CharacterOffsetEnd=407 PartOfSpeech=DT] [Text=ones CharacterOffsetBegin=408 CharacterOffsetEnd=412 PartOfSpeech=NNS] [Text=that CharacterOffsetBegin=413 CharacterOffsetEnd=417 PartOfSpeech=WDT] [Text=make CharacterOffsetBegin=418 CharacterOffsetEnd=422 PartOfSpeech=VBP] [Text=you CharacterOffsetBegin=423 CharacterOffsetEnd=426 PartOfSpeech=PRP] [Text=want CharacterOffsetBegin=427 CharacterOffsetEnd=431 PartOfSpeech=VB] [Text=to CharacterOffsetBegin=432 CharacterOffsetEnd=434 PartOfSpeech=TO] [Text=gouge CharacterOffsetBegin=435 CharacterOffsetEnd=440 PartOfSpeech=VB] [Text=out CharacterOffsetBegin=441 CharacterOffsetEnd=444 PartOfSpeech=RP] [Text=your CharacterOffsetBegin=445 CharacterOffsetEnd=449 PartOfSpeech=PRP$] [Text=eyes CharacterOffsetBegin=450 CharacterOffsetEnd=454 PartOfSpeech=NNS] [Text=, CharacterOffsetBegin=454 CharacterOffsetEnd=455 PartOfSpeech=,] [Text=or CharacterOffsetBegin=456 CharacterOffsetEnd=458 PartOfSpeech=CC] [Text=stab CharacterOffsetBegin=459 CharacterOffsetEnd=463 PartOfSpeech=NN] [Text=sharp CharacterOffsetBegin=464 CharacterOffsetEnd=469 PartOfSpeech=JJ] [Text=objects CharacterOffsetBegin=470 CharacterOffsetEnd=477 PartOfSpeech=NNS] [Text=in CharacterOffsetBegin=478 CharacterOffsetEnd=480 PartOfSpeech=IN] [Text=your CharacterOffsetBegin=481 CharacterOffsetEnd=485 PartOfSpeech=PRP$] [Text=ears CharacterOffsetBegin=486 CharacterOffsetEnd=490 PartOfSpeech=NNS] [Text=to CharacterOffsetBegin=491 CharacterOffsetEnd=493 PartOfSpeech=TO] [Text=keep CharacterOffsetBegin=494 CharacterOffsetEnd=498 PartOfSpeech=VB] [Text=yourself CharacterOffsetBegin=499 CharacterOffsetEnd=507 PartOfSpeech=PRP] [Text=from CharacterOffsetBegin=508 CharacterOffsetEnd=512 PartOfSpeech=IN] [Text=having CharacterOffsetBegin=513 CharacterOffsetEnd=519 PartOfSpeech=VBG] [Text=another CharacterOffsetBegin=520 CharacterOffsetEnd=527 PartOfSpeech=DT] [Text=piece CharacterOffsetBegin=528 CharacterOffsetEnd=533 PartOfSpeech=NN] [Text=of CharacterOffsetBegin=534 CharacterOffsetEnd=536 PartOfSpeech=IN] [Text=your CharacterOffsetBegin=537 CharacterOffsetEnd=541 PartOfSpeech=PRP$] [Text=soul CharacterOffsetBegin=542 CharacterOffsetEnd=546 PartOfSpeech=NN] [Text=ripped CharacterOffsetBegin=547 CharacterOffsetEnd=553 PartOfSpeech=VBD] [Text=away CharacterOffsetBegin=554 CharacterOffsetEnd=558 PartOfSpeech=RB] [Text=from CharacterOffsetBegin=559 CharacterOffsetEnd=563 PartOfSpeech=IN] [Text=you CharacterOffsetBegin=564 CharacterOffsetEnd=567 PartOfSpeech=PRP] [Text=by CharacterOffsetBegin=568 CharacterOffsetEnd=570 PartOfSpeech=IN] [Text=the CharacterOffsetBegin=571 CharacterOffsetEnd=574 PartOfSpeech=DT] [Text=awfulness.War CharacterOffsetBegin=575 CharacterOffsetEnd=588 PartOfSpeech=NNP] [Text=Games CharacterOffsetBegin=589 CharacterOffsetEnd=594 PartOfSpeech=NNPS] [Text=: CharacterOffsetBegin=594 CharacterOffsetEnd=595 PartOfSpeech=:] [Text=The CharacterOffsetBegin=596 CharacterOffsetEnd=599 PartOfSpeech=DT] [Text=Dead CharacterOffsetBegin=600 CharacterOffsetEnd=604 PartOfSpeech=NNP] [Text=Code CharacterOffsetBegin=605 CharacterOffsetEnd=609 PartOfSpeech=NNP] [Text=is CharacterOffsetBegin=610 CharacterOffsetEnd=612 PartOfSpeech=VBZ] [Text=n't CharacterOffsetBegin=612 CharacterOffsetEnd=615 PartOfSpeech=RB] [Text=that CharacterOffsetBegin=616 CharacterOffsetEnd=620 PartOfSpeech=IN] [Text=bad CharacterOffsetBegin=621 CharacterOffsetEnd=624 PartOfSpeech=JJ] [Text=, CharacterOffsetBegin=624 CharacterOffsetEnd=625 PartOfSpeech=,] [Text=but CharacterOffsetBegin=626 CharacterOffsetEnd=629 PartOfSpeech=CC] [Text=it CharacterOffsetBegin=630 CharacterOffsetEnd=632 PartOfSpeech=PRP] [Text=comes CharacterOffsetBegin=633 CharacterOffsetEnd=638 PartOfSpeech=VBZ] [Text=pretty CharacterOffsetBegin=639 CharacterOffsetEnd=645 PartOfSpeech=RB] [Text=close CharacterOffsetBegin=646 CharacterOffsetEnd=651 PartOfSpeech=RB] [Text=. CharacterOffsetBegin=651 CharacterOffsetEnd=652 PartOfSpeech=.] 
root(ROOT-0, ones-12)
det(movies-2, The-1)
nsubj(ones-12, movies-2)
nsubj(worse-5, that-3)
cop(worse-5, are-4)
rcmod(movies-2, worse-5)
prep(worse-5, than-6)
nn(Games-8, War-7)
pobj(than-6, Games-8)
num(Games-8, 2-9)
cop(ones-12, are-10)
det(ones-12, the-11)
nsubj(make-14, that-13)
rcmod(ones-12, make-14)
nsubj(want-16, you-15)
ccomp(make-14, want-16)
aux(gouge-18, to-17)
xcomp(want-16, gouge-18)
prt(gouge-18, out-19)
poss(eyes-21, your-20)
dobj(gouge-18, eyes-21)
punct(eyes-21, ,-22)
cc(eyes-21, or-23)
amod(objects-26, stab-24)
amod(objects-26, sharp-25)
conj(eyes-21, objects-26)
prep(objects-26, in-27)
poss(ears-29, your-28)
pobj(in-27, ears-29)
aux(keep-31, to-30)
xcomp(gouge-18, keep-31)
dobj(keep-31, yourself-32)
prep(keep-31, from-33)
pcomp(from-33, having-34)
det(piece-36, another-35)
nsubj(ripped-40, piece-36)
prep(piece-36, of-37)
poss(soul-39, your-38)
pobj(of-37, soul-39)
ccomp(having-34, ripped-40)
advmod(ripped-40, away-41)
prep(away-41, from-42)
pobj(from-42, you-43)
prep(ripped-40, by-44)
det(Games-47, the-45)
nn(Games-47, awfulness.War-46)
pobj(by-44, Games-47)
punct(ones-12, :-48)
det(Code-51, The-49)
nn(Code-51, Dead-50)
nsubj(bad-55, Code-51)
cop(bad-55, is-52)
neg(bad-55, n't-53)
advmod(bad-55, that-54)
dep(ones-12, bad-55)
punct(bad-55, ,-56)
cc(bad-55, but-57)
nsubj(comes-59, it-58)
conj(bad-55, comes-59)
advmod(close-61, pretty-60)
advmod(comes-59, close-61)
punct(ones-12, .-62)

Sentence #3 (20 tokens):
Yes I was a fan of the original, but no I wasn't expecting miracles from this one.
[Text=Yes CharacterOffsetBegin=657 CharacterOffsetEnd=660 PartOfSpeech=UH] [Text=I CharacterOffsetBegin=661 CharacterOffsetEnd=662 PartOfSpeech=PRP] [Text=was CharacterOffsetBegin=663 CharacterOffsetEnd=666 PartOfSpeech=VBD] [Text=a CharacterOffsetBegin=667 CharacterOffsetEnd=668 PartOfSpeech=DT] [Text=fan CharacterOffsetBegin=669 CharacterOffsetEnd=672 PartOfSpeech=NN] [Text=of CharacterOffsetBegin=673 CharacterOffsetEnd=675 PartOfSpeech=IN] [Text=the CharacterOffsetBegin=676 CharacterOffsetEnd=679 PartOfSpeech=DT] [Text=original CharacterOffsetBegin=680 CharacterOffsetEnd=688 PartOfSpeech=JJ] [Text=, CharacterOffsetBegin=688 CharacterOffsetEnd=689 PartOfSpeech=,] [Text=but CharacterOffsetBegin=690 CharacterOffsetEnd=693 PartOfSpeech=CC] [Text=no CharacterOffsetBegin=694 CharacterOffsetEnd=696 PartOfSpeech=DT] [Text=I CharacterOffsetBegin=697 CharacterOffsetEnd=698 PartOfSpeech=PRP] [Text=was CharacterOffsetBegin=699 CharacterOffsetEnd=702 PartOfSpeech=VBD] [Text=n't CharacterOffsetBegin=702 CharacterOffsetEnd=705 PartOfSpeech=RB] [Text=expecting CharacterOffsetBegin=706 CharacterOffsetEnd=715 PartOfSpeech=VBG] [Text=miracles CharacterOffsetBegin=716 CharacterOffsetEnd=724 PartOfSpeech=NNS] [Text=from CharacterOffsetBegin=725 CharacterOffsetEnd=729 PartOfSpeech=IN] [Text=this CharacterOffsetBegin=730 CharacterOffsetEnd=734 PartOfSpeech=DT] [Text=one CharacterOffsetBegin=735 CharacterOffsetEnd=738 PartOfSpeech=CD] [Text=. CharacterOffsetBegin=738 CharacterOffsetEnd=739 PartOfSpeech=.] 
root(ROOT-0, fan-5)
advmod(fan-5, Yes-1)
nsubj(fan-5, I-2)
cop(fan-5, was-3)
det(fan-5, a-4)
prep(fan-5, of-6)
det(original-8, the-7)
pobj(of-6, original-8)
punct(fan-5, ,-9)
cc(fan-5, but-10)
mark(expecting-15, no-11)
nsubj(expecting-15, I-12)
aux(expecting-15, was-13)
neg(expecting-15, n't-14)
conj(fan-5, expecting-15)
dobj(expecting-15, miracles-16)
prep(miracles-16, from-17)
det(one-19, this-18)
pobj(from-17, one-19)
punct(fan-5, .-20)

Sentence #4 (53 tokens):
Let's face it the original wasn't really that great of a movie in the first place, it was basically just a campy 80s teen romance flick with some geek-appeal to it.That's all I was hoping for, something bad, but that might have tugged at my geek-strings.
[Text=Let CharacterOffsetBegin=744 CharacterOffsetEnd=747 PartOfSpeech=VB] [Text='s CharacterOffsetBegin=747 CharacterOffsetEnd=749 PartOfSpeech=PRP] [Text=face CharacterOffsetBegin=750 CharacterOffsetEnd=754 PartOfSpeech=VB] [Text=it CharacterOffsetBegin=755 CharacterOffsetEnd=757 PartOfSpeech=PRP] [Text=the CharacterOffsetBegin=758 CharacterOffsetEnd=761 PartOfSpeech=DT] [Text=original CharacterOffsetBegin=762 CharacterOffsetEnd=770 PartOfSpeech=NN] [Text=was CharacterOffsetBegin=771 CharacterOffsetEnd=774 PartOfSpeech=VBD] [Text=n't CharacterOffsetBegin=774 CharacterOffsetEnd=777 PartOfSpeech=RB] [Text=really CharacterOffsetBegin=778 CharacterOffsetEnd=784 PartOfSpeech=RB] [Text=that CharacterOffsetBegin=785 CharacterOffsetEnd=789 PartOfSpeech=IN] [Text=great CharacterOffsetBegin=790 CharacterOffsetEnd=795 PartOfSpeech=JJ] [Text=of CharacterOffsetBegin=796 CharacterOffsetEnd=798 PartOfSpeech=IN] [Text=a CharacterOffsetBegin=799 CharacterOffsetEnd=800 PartOfSpeech=DT] [Text=movie CharacterOffsetBegin=801 CharacterOffsetEnd=806 PartOfSpeech=NN] [Text=in CharacterOffsetBegin=807 CharacterOffsetEnd=809 PartOfSpeech=IN] [Text=the CharacterOffsetBegin=810 CharacterOffsetEnd=813 PartOfSpeech=DT] [Text=first CharacterOffsetBegin=814 CharacterOffsetEnd=819 PartOfSpeech=JJ] [Text=place CharacterOffsetBegin=820 CharacterOffsetEnd=825 PartOfSpeech=NN] [Text=, CharacterOffsetBegin=825 CharacterOffsetEnd=826 PartOfSpeech=,] [Text=it CharacterOffsetBegin=827 CharacterOffsetEnd=829 PartOfSpeech=PRP] [Text=was CharacterOffsetBegin=830 CharacterOffsetEnd=833 PartOfSpeech=VBD] [Text=basically CharacterOffsetBegin=834 CharacterOffsetEnd=843 PartOfSpeech=RB] [Text=just CharacterOffsetBegin=844 CharacterOffsetEnd=848 PartOfSpeech=RB] [Text=a CharacterOffsetBegin=849 CharacterOffsetEnd=850 PartOfSpeech=DT] [Text=campy CharacterOffsetBegin=851 CharacterOffsetEnd=856 PartOfSpeech=JJ] [Text=80s CharacterOffsetBegin=857 CharacterOffsetEnd=860 PartOfSpeech=CD] [Text=teen CharacterOffsetBegin=861 CharacterOffsetEnd=865 PartOfSpeech=NN] [Text=romance CharacterOffsetBegin=866 CharacterOffsetEnd=873 PartOfSpeech=NN] [Text=flick CharacterOffsetBegin=874 CharacterOffsetEnd=879 PartOfSpeech=NN] [Text=with CharacterOffsetBegin=880 CharacterOffsetEnd=884 PartOfSpeech=IN] [Text=some CharacterOffsetBegin=885 CharacterOffsetEnd=889 PartOfSpeech=DT] [Text=geek-appeal CharacterOffsetBegin=890 CharacterOffsetEnd=901 PartOfSpeech=NN] [Text=to CharacterOffsetBegin=902 CharacterOffsetEnd=904 PartOfSpeech=TO] [Text=it.That CharacterOffsetBegin=905 CharacterOffsetEnd=912 PartOfSpeech=NNP] [Text='s CharacterOffsetBegin=912 CharacterOffsetEnd=914 PartOfSpeech=POS] [Text=all CharacterOffsetBegin=915 CharacterOffsetEnd=918 PartOfSpeech=DT] [Text=I CharacterOffsetBegin=919 CharacterOffsetEnd=920 PartOfSpeech=PRP] [Text=was CharacterOffsetBegin=921 CharacterOffsetEnd=924 PartOfSpeech=VBD] [Text=hoping CharacterOffsetBegin=925 CharacterOffsetEnd=931 PartOfSpeech=VBG] [Text=for CharacterOffsetBegin=932 CharacterOffsetEnd=935 PartOfSpeech=IN] [Text=, CharacterOffsetBegin=935 CharacterOffsetEnd=936 PartOfSpeech=,] [Text=something CharacterOffsetBegin=937 CharacterOffsetEnd=946 PartOfSpeech=NN] [Text=bad CharacterOffsetBegin=947 CharacterOffsetEnd=950 PartOfSpeech=JJ] [Text=, CharacterOffsetBegin=950 CharacterOffsetEnd=951 PartOfSpeech=,] [Text=but CharacterOffsetBegin=952 CharacterOffsetEnd=955 PartOfSpeech=CC] [Text=that CharacterOffsetBegin=956 CharacterOffsetEnd=960 PartOfSpeech=IN] [Text=might CharacterOffsetBegin=961 CharacterOffsetEnd=966 PartOfSpeech=MD] [Text=have CharacterOffsetBegin=967 CharacterOffsetEnd=971 PartOfSpeech=VB] [Text=tugged CharacterOffsetBegin=972 CharacterOffsetEnd=978 PartOfSpeech=VBN] [Text=at CharacterOffsetBegin=979 CharacterOffsetEnd=981 PartOfSpeech=IN] [Text=my CharacterOffsetBegin=982 CharacterOffsetEnd=984 PartOfSpeech=PRP$] [Text=geek-strings CharacterOffsetBegin=985 CharacterOffsetEnd=997 PartOfSpeech=NNS] [Text=. CharacterOffsetBegin=997 CharacterOffsetEnd=998 PartOfSpeech=.] 
root(ROOT-0, Let-1)
nsubj(face-3, 's-2)
ccomp(Let-1, face-3)
nsubj(flick-29, it-4)
det(original-6, the-5)
nsubj(flick-29, original-6)
cop(flick-29, was-7)
neg(flick-29, n't-8)
advmod(flick-29, really-9)
mark(flick-29, that-10)
ccomp(flick-29, great-11)
prep(great-11, of-12)
det(movie-14, a-13)
pobj(of-12, movie-14)
prep(movie-14, in-15)
det(place-18, the-16)
amod(place-18, first-17)
pobj(in-15, place-18)
punct(flick-29, ,-19)
nsubj(flick-29, it-20)
cop(flick-29, was-21)
advmod(flick-29, basically-22)
advmod(flick-29, just-23)
det(flick-29, a-24)
amod(flick-29, campy-25)
num(flick-29, 80s-26)
nn(flick-29, teen-27)
nn(flick-29, romance-28)
ccomp(face-3, flick-29)
prep(flick-29, with-30)
det(geek-appeal-32, some-31)
pobj(with-30, geek-appeal-32)
prep(geek-appeal-32, to-33)
pobj(to-33, it.That-34)
possessive(it.That-34, 's-35)
predet(I-37, all-36)
nsubj(hoping-39, I-37)
aux(hoping-39, was-38)
rcmod(it.That-34, hoping-39)
prep(hoping-39, for-40)
pcomp(for-40, ,-41)
dep(,-41, something-42)
amod(something-42, bad-43)
punct(something-42, ,-44)
cc(something-42, but-45)
nsubj(tugged-49, that-46)
aux(tugged-49, might-47)
aux(tugged-49, have-48)
conj(something-42, tugged-49)
prep(tugged-49, at-50)
poss(geek-strings-52, my-51)
pobj(at-50, geek-strings-52)
punct(something-42, .-53)

Sentence #5 (8 tokens):
Was that too much to ask for?
[Text=Was CharacterOffsetBegin=1003 CharacterOffsetEnd=1006 PartOfSpeech=VBD] [Text=that CharacterOffsetBegin=1007 CharacterOffsetEnd=1011 PartOfSpeech=IN] [Text=too CharacterOffsetBegin=1012 CharacterOffsetEnd=1015 PartOfSpeech=RB] [Text=much CharacterOffsetBegin=1016 CharacterOffsetEnd=1020 PartOfSpeech=JJ] [Text=to CharacterOffsetBegin=1021 CharacterOffsetEnd=1023 PartOfSpeech=TO] [Text=ask CharacterOffsetBegin=1024 CharacterOffsetEnd=1027 PartOfSpeech=VB] [Text=for CharacterOffsetBegin=1028 CharacterOffsetEnd=1031 PartOfSpeech=IN] [Text=? CharacterOffsetBegin=1031 CharacterOffsetEnd=1032 PartOfSpeech=.] 
root(ROOT-0, Was-1)
dep(Was-1, that-2)
advmod(much-4, too-3)
dep(that-2, much-4)
aux(ask-6, to-5)
infmod(much-4, ask-6)
prep(ask-6, for-7)
punct(Was-1, ?-8)

Sentence #6 (22 tokens):
Is it really not possible to do better than the original War Games, even for a straight to video release?
[Text=Is CharacterOffsetBegin=1037 CharacterOffsetEnd=1039 PartOfSpeech=VBZ] [Text=it CharacterOffsetBegin=1040 CharacterOffsetEnd=1042 PartOfSpeech=PRP] [Text=really CharacterOffsetBegin=1043 CharacterOffsetEnd=1049 PartOfSpeech=RB] [Text=not CharacterOffsetBegin=1050 CharacterOffsetEnd=1053 PartOfSpeech=RB] [Text=possible CharacterOffsetBegin=1054 CharacterOffsetEnd=1062 PartOfSpeech=JJ] [Text=to CharacterOffsetBegin=1063 CharacterOffsetEnd=1065 PartOfSpeech=TO] [Text=do CharacterOffsetBegin=1066 CharacterOffsetEnd=1068 PartOfSpeech=VB] [Text=better CharacterOffsetBegin=1069 CharacterOffsetEnd=1075 PartOfSpeech=JJR] [Text=than CharacterOffsetBegin=1076 CharacterOffsetEnd=1080 PartOfSpeech=IN] [Text=the CharacterOffsetBegin=1081 CharacterOffsetEnd=1084 PartOfSpeech=DT] [Text=original CharacterOffsetBegin=1085 CharacterOffsetEnd=1093 PartOfSpeech=JJ] [Text=War CharacterOffsetBegin=1094 CharacterOffsetEnd=1097 PartOfSpeech=NNP] [Text=Games CharacterOffsetBegin=1098 CharacterOffsetEnd=1103 PartOfSpeech=NNPS] [Text=, CharacterOffsetBegin=1103 CharacterOffsetEnd=1104 PartOfSpeech=,] [Text=even CharacterOffsetBegin=1105 CharacterOffsetEnd=1109 PartOfSpeech=RB] [Text=for CharacterOffsetBegin=1110 CharacterOffsetEnd=1113 PartOfSpeech=IN] [Text=a CharacterOffsetBegin=1114 CharacterOffsetEnd=1115 PartOfSpeech=DT] [Text=straight CharacterOffsetBegin=1116 CharacterOffsetEnd=1124 PartOfSpeech=JJ] [Text=to CharacterOffsetBegin=1125 CharacterOffsetEnd=1127 PartOfSpeech=TO] [Text=video CharacterOffsetBegin=1128 CharacterOffsetEnd=1133 PartOfSpeech=NN] [Text=release CharacterOffsetBegin=1134 CharacterOffsetEnd=1141 PartOfSpeech=NN] [Text=? CharacterOffsetBegin=1141 CharacterOffsetEnd=1142 PartOfSpeech=.] 
root(ROOT-0, possible-5)
cop(possible-5, Is-1)
nsubj(possible-5, it-2)
advmod(possible-5, really-3)
neg(possible-5, not-4)
aux(do-7, to-6)
xcomp(possible-5, do-7)
advmod(do-7, better-8)
prep(better-8, than-9)
det(Games-13, the-10)
amod(Games-13, original-11)
nn(Games-13, War-12)
pobj(than-9, Games-13)
punct(possible-5, ,-14)
advmod(for-16, even-15)
prep(possible-5, for-16)
pobj(for-16, a-17)
amod(a-17, straight-18)
prep(straight-18, to-19)
nn(release-21, video-20)
pobj(to-19, release-21)
punct(possible-5, ?-22)

Sentence #7 (10 tokens):
Well apparently that was too much to ask for.
[Text=Well CharacterOffsetBegin=1147 CharacterOffsetEnd=1151 PartOfSpeech=UH] [Text=apparently CharacterOffsetBegin=1152 CharacterOffsetEnd=1162 PartOfSpeech=RB] [Text=that CharacterOffsetBegin=1163 CharacterOffsetEnd=1167 PartOfSpeech=DT] [Text=was CharacterOffsetBegin=1168 CharacterOffsetEnd=1171 PartOfSpeech=VBD] [Text=too CharacterOffsetBegin=1172 CharacterOffsetEnd=1175 PartOfSpeech=RB] [Text=much CharacterOffsetBegin=1176 CharacterOffsetEnd=1180 PartOfSpeech=JJ] [Text=to CharacterOffsetBegin=1181 CharacterOffsetEnd=1183 PartOfSpeech=TO] [Text=ask CharacterOffsetBegin=1184 CharacterOffsetEnd=1187 PartOfSpeech=VB] [Text=for CharacterOffsetBegin=1188 CharacterOffsetEnd=1191 PartOfSpeech=IN] [Text=. CharacterOffsetBegin=1191 CharacterOffsetEnd=1192 PartOfSpeech=.] 
root(ROOT-0, much-6)
advmod(much-6, Well-1)
advmod(much-6, apparently-2)
nsubj(much-6, that-3)
cop(much-6, was-4)
advmod(much-6, too-5)
aux(ask-8, to-7)
infmod(much-6, ask-8)
prep(ask-8, for-9)
punct(much-6, .-10)

Sentence #8 (6 tokens):
Stay away from this movie.
[Text=Stay CharacterOffsetBegin=1197 CharacterOffsetEnd=1201 PartOfSpeech=NNP] [Text=away CharacterOffsetBegin=1202 CharacterOffsetEnd=1206 PartOfSpeech=RB] [Text=from CharacterOffsetBegin=1207 CharacterOffsetEnd=1211 PartOfSpeech=IN] [Text=this CharacterOffsetBegin=1212 CharacterOffsetEnd=1216 PartOfSpeech=DT] [Text=movie CharacterOffsetBegin=1217 CharacterOffsetEnd=1222 PartOfSpeech=NN] [Text=. CharacterOffsetBegin=1222 CharacterOffsetEnd=1223 PartOfSpeech=.] 
root(ROOT-0, Stay-1)
advmod(Stay-1, away-2)
prep(away-2, from-3)
det(movie-5, this-4)
pobj(from-3, movie-5)
punct(Stay-1, .-6)

Sentence #9 (36 tokens):
At first it's just bad, like "Oh yeah, this is bad, but I'm kind of enjoying it, maybe the end will be good like in the original."
[Text=At CharacterOffsetBegin=1228 CharacterOffsetEnd=1230 PartOfSpeech=IN] [Text=first CharacterOffsetBegin=1231 CharacterOffsetEnd=1236 PartOfSpeech=JJ] [Text=it CharacterOffsetBegin=1237 CharacterOffsetEnd=1239 PartOfSpeech=PRP] [Text='s CharacterOffsetBegin=1239 CharacterOffsetEnd=1241 PartOfSpeech=VBZ] [Text=just CharacterOffsetBegin=1242 CharacterOffsetEnd=1246 PartOfSpeech=RB] [Text=bad CharacterOffsetBegin=1247 CharacterOffsetEnd=1250 PartOfSpeech=JJ] [Text=, CharacterOffsetBegin=1250 CharacterOffsetEnd=1251 PartOfSpeech=,] [Text=like CharacterOffsetBegin=1252 CharacterOffsetEnd=1256 PartOfSpeech=IN] [Text=`` CharacterOffsetBegin=1257 CharacterOffsetEnd=1258 PartOfSpeech=``] [Text=Oh CharacterOffsetBegin=1258 CharacterOffsetEnd=1260 PartOfSpeech=UH] [Text=yeah CharacterOffsetBegin=1261 CharacterOffsetEnd=1265 PartOfSpeech=RB] [Text=, CharacterOffsetBegin=1265 CharacterOffsetEnd=1266 PartOfSpeech=,] [Text=this CharacterOffsetBegin=1267 CharacterOffsetEnd=1271 PartOfSpeech=DT] [Text=is CharacterOffsetBegin=1272 CharacterOffsetEnd=1274 PartOfSpeech=VBZ] [Text=bad CharacterOffsetBegin=1275 CharacterOffsetEnd=1278 PartOfSpeech=JJ] [Text=, CharacterOffsetBegin=1278 CharacterOffsetEnd=1279 PartOfSpeech=,] [Text=but CharacterOffsetBegin=1280 CharacterOffsetEnd=1283 PartOfSpeech=CC] [Text=I CharacterOffsetBegin=1284 CharacterOffsetEnd=1285 PartOfSpeech=PRP] [Text='m CharacterOffsetBegin=1285 CharacterOffsetEnd=1287 PartOfSpeech=VBP] [Text=kind CharacterOffsetBegin=1288 CharacterOffsetEnd=1292 PartOfSpeech=NN] [Text=of CharacterOffsetBegin=1293 CharacterOffsetEnd=1295 PartOfSpeech=IN] [Text=enjoying CharacterOffsetBegin=1296 CharacterOffsetEnd=1304 PartOfSpeech=VBG] [Text=it CharacterOffsetBegin=1305 CharacterOffsetEnd=1307 PartOfSpeech=PRP] [Text=, CharacterOffsetBegin=1307 CharacterOffsetEnd=1308 PartOfSpeech=,] [Text=maybe CharacterOffsetBegin=1309 CharacterOffsetEnd=1314 PartOfSpeech=RB] [Text=the CharacterOffsetBegin=1315 CharacterOffsetEnd=1318 PartOfSpeech=DT] [Text=end CharacterOffsetBegin=1319 CharacterOffsetEnd=1322 PartOfSpeech=NN] [Text=will CharacterOffsetBegin=1323 CharacterOffsetEnd=1327 PartOfSpeech=MD] [Text=be CharacterOffsetBegin=1328 CharacterOffsetEnd=1330 PartOfSpeech=VB] [Text=good CharacterOffsetBegin=1331 CharacterOffsetEnd=1335 PartOfSpeech=JJ] [Text=like CharacterOffsetBegin=1336 CharacterOffsetEnd=1340 PartOfSpeech=IN] [Text=in CharacterOffsetBegin=1341 CharacterOffsetEnd=1343 PartOfSpeech=IN] [Text=the CharacterOffsetBegin=1344 CharacterOffsetEnd=1347 PartOfSpeech=DT] [Text=original CharacterOffsetBegin=1348 CharacterOffsetEnd=1356 PartOfSpeech=JJ] [Text=. CharacterOffsetBegin=1356 CharacterOffsetEnd=1357 PartOfSpeech=.] [Text='' CharacterOffsetBegin=1357 CharacterOffsetEnd=1358 PartOfSpeech=''] 
root(ROOT-0, bad-15)
prep(bad-15, At-1)
advmod(bad-6, first-2)
nsubj(bad-6, it-3)
cop(bad-6, 's-4)
advmod(bad-6, just-5)
pobj(At-1, bad-6)
punct(bad-15, ,-7)
dep(yeah-11, like-8)
punct(yeah-11, ``-9)
advmod(yeah-11, Oh-10)
advmod(bad-15, yeah-11)
punct(bad-15, ,-12)
nsubj(bad-15, this-13)
cop(bad-15, is-14)
punct(bad-15, ,-16)
cc(bad-15, but-17)
nsubj(kind-20, I-18)
cop(kind-20, 'm-19)
conj(bad-15, kind-20)
prep(kind-20, of-21)
pcomp(of-21, enjoying-22)
dobj(enjoying-22, it-23)
punct(bad-15, ,-24)
advmod(good-30, maybe-25)
det(end-27, the-26)
nsubj(good-30, end-27)
aux(good-30, will-28)
cop(good-30, be-29)
dep(bad-15, good-30)
prep(good-30, like-31)
pcomp(like-31, in-32)
det(original-34, the-33)
pobj(in-32, original-34)
punct(bad-15, .-35)
punct(bad-15, ''-36)

Sentence #10 (27 tokens):
And then it just gets worse and worse, and by the end, trust me, you will wish you had not seen this movie.
[Text=And CharacterOffsetBegin=1363 CharacterOffsetEnd=1366 PartOfSpeech=CC] [Text=then CharacterOffsetBegin=1367 CharacterOffsetEnd=1371 PartOfSpeech=RB] [Text=it CharacterOffsetBegin=1372 CharacterOffsetEnd=1374 PartOfSpeech=PRP] [Text=just CharacterOffsetBegin=1375 CharacterOffsetEnd=1379 PartOfSpeech=RB] [Text=gets CharacterOffsetBegin=1380 CharacterOffsetEnd=1384 PartOfSpeech=VBZ] [Text=worse CharacterOffsetBegin=1385 CharacterOffsetEnd=1390 PartOfSpeech=JJR] [Text=and CharacterOffsetBegin=1391 CharacterOffsetEnd=1394 PartOfSpeech=CC] [Text=worse CharacterOffsetBegin=1395 CharacterOffsetEnd=1400 PartOfSpeech=JJR] [Text=, CharacterOffsetBegin=1400 CharacterOffsetEnd=1401 PartOfSpeech=,] [Text=and CharacterOffsetBegin=1402 CharacterOffsetEnd=1405 PartOfSpeech=CC] [Text=by CharacterOffsetBegin=1406 CharacterOffsetEnd=1408 PartOfSpeech=IN] [Text=the CharacterOffsetBegin=1409 CharacterOffsetEnd=1412 PartOfSpeech=DT] [Text=end CharacterOffsetBegin=1413 CharacterOffsetEnd=1416 PartOfSpeech=NN] [Text=, CharacterOffsetBegin=1416 CharacterOffsetEnd=1417 PartOfSpeech=,] [Text=trust CharacterOffsetBegin=1418 CharacterOffsetEnd=1423 PartOfSpeech=NN] [Text=me CharacterOffsetBegin=1424 CharacterOffsetEnd=1426 PartOfSpeech=PRP] [Text=, CharacterOffsetBegin=1426 CharacterOffsetEnd=1427 PartOfSpeech=,] [Text=you CharacterOffsetBegin=1428 CharacterOffsetEnd=1431 PartOfSpeech=PRP] [Text=will CharacterOffsetBegin=1432 CharacterOffsetEnd=1436 PartOfSpeech=MD] [Text=wish CharacterOffsetBegin=1437 CharacterOffsetEnd=1441 PartOfSpeech=VB] [Text=you CharacterOffsetBegin=1442 CharacterOffsetEnd=1445 PartOfSpeech=PRP] [Text=had CharacterOffsetBegin=1446 CharacterOffsetEnd=1449 PartOfSpeech=VBD] [Text=not CharacterOffsetBegin=1450 CharacterOffsetEnd=1453 PartOfSpeech=RB] [Text=seen CharacterOffsetBegin=1454 CharacterOffsetEnd=1458 PartOfSpeech=VBN] [Text=this CharacterOffsetBegin=1459 CharacterOffsetEnd=1463 PartOfSpeech=DT] [Text=movie CharacterOffsetBegin=1464 CharacterOffsetEnd=1469 PartOfSpeech=NN] [Text=. CharacterOffsetBegin=1469 CharacterOffsetEnd=1470 PartOfSpeech=.] 
root(ROOT-0, worse-6)
cc(worse-6, And-1)
advmod(worse-6, then-2)
nsubj(worse-6, it-3)
advmod(worse-6, just-4)
dep(worse-6, gets-5)
cc(worse-6, and-7)
conj(worse-6, worse-8)
punct(worse-6, ,-9)
cc(worse-6, and-10)
prep(wish-20, by-11)
det(end-13, the-12)
pobj(by-11, end-13)
punct(wish-20, ,-14)
advcl(wish-20, trust-15)
dobj(trust-15, me-16)
punct(wish-20, ,-17)
nsubj(wish-20, you-18)
aux(wish-20, will-19)
conj(worse-6, wish-20)
nsubj(seen-24, you-21)
aux(seen-24, had-22)
neg(seen-24, not-23)
ccomp(wish-20, seen-24)
det(movie-26, this-25)
dobj(seen-24, movie-26)
punct(worse-6, .-27)

