Sentence #1 (10 tokens):
Any story comprises a premise, characters and conflict.
[Text=Any CharacterOffsetBegin=4 CharacterOffsetEnd=7 PartOfSpeech=DT] [Text=story CharacterOffsetBegin=8 CharacterOffsetEnd=13 PartOfSpeech=NN] [Text=comprises CharacterOffsetBegin=14 CharacterOffsetEnd=23 PartOfSpeech=VBZ] [Text=a CharacterOffsetBegin=24 CharacterOffsetEnd=25 PartOfSpeech=DT] [Text=premise CharacterOffsetBegin=26 CharacterOffsetEnd=33 PartOfSpeech=NN] [Text=, CharacterOffsetBegin=33 CharacterOffsetEnd=34 PartOfSpeech=,] [Text=characters CharacterOffsetBegin=35 CharacterOffsetEnd=45 PartOfSpeech=NNS] [Text=and CharacterOffsetBegin=46 CharacterOffsetEnd=49 PartOfSpeech=CC] [Text=conflict CharacterOffsetBegin=50 CharacterOffsetEnd=58 PartOfSpeech=NN] [Text=. CharacterOffsetBegin=58 CharacterOffsetEnd=59 PartOfSpeech=.] 
root(ROOT-0, comprises-3)
det(story-2, Any-1)
nsubj(comprises-3, story-2)
det(characters-7, a-4)
nn(characters-7, premise-5)
punct(characters-7, ,-6)
dobj(comprises-3, characters-7)
cc(characters-7, and-8)
conj(characters-7, conflict-9)
punct(comprises-3, .-10)

Sentence #2 (18 tokens):
Characters plotting their own play promises triumph, and a militant character readily lends oneself to this.
[Text=Characters CharacterOffsetBegin=64 CharacterOffsetEnd=74 PartOfSpeech=NNS] [Text=plotting CharacterOffsetBegin=75 CharacterOffsetEnd=83 PartOfSpeech=VBG] [Text=their CharacterOffsetBegin=84 CharacterOffsetEnd=89 PartOfSpeech=PRP$] [Text=own CharacterOffsetBegin=90 CharacterOffsetEnd=93 PartOfSpeech=JJ] [Text=play CharacterOffsetBegin=94 CharacterOffsetEnd=98 PartOfSpeech=NN] [Text=promises CharacterOffsetBegin=99 CharacterOffsetEnd=107 PartOfSpeech=VBZ] [Text=triumph CharacterOffsetBegin=108 CharacterOffsetEnd=115 PartOfSpeech=NN] [Text=, CharacterOffsetBegin=115 CharacterOffsetEnd=116 PartOfSpeech=,] [Text=and CharacterOffsetBegin=117 CharacterOffsetEnd=120 PartOfSpeech=CC] [Text=a CharacterOffsetBegin=121 CharacterOffsetEnd=122 PartOfSpeech=DT] [Text=militant CharacterOffsetBegin=123 CharacterOffsetEnd=131 PartOfSpeech=JJ] [Text=character CharacterOffsetBegin=132 CharacterOffsetEnd=141 PartOfSpeech=NN] [Text=readily CharacterOffsetBegin=142 CharacterOffsetEnd=149 PartOfSpeech=RB] [Text=lends CharacterOffsetBegin=150 CharacterOffsetEnd=155 PartOfSpeech=VBZ] [Text=oneself CharacterOffsetBegin=156 CharacterOffsetEnd=163 PartOfSpeech=NN] [Text=to CharacterOffsetBegin=164 CharacterOffsetEnd=166 PartOfSpeech=TO] [Text=this CharacterOffsetBegin=167 CharacterOffsetEnd=171 PartOfSpeech=DT] [Text=. CharacterOffsetBegin=171 CharacterOffsetEnd=172 PartOfSpeech=.] 
root(ROOT-0, Characters-1)
partmod(Characters-1, plotting-2)
poss(play-5, their-3)
amod(play-5, own-4)
nsubj(promises-6, play-5)
ccomp(plotting-2, promises-6)
dobj(promises-6, triumph-7)
punct(Characters-1, ,-8)
cc(Characters-1, and-9)
det(character-12, a-10)
amod(character-12, militant-11)
nsubj(lends-14, character-12)
advmod(lends-14, readily-13)
conj(Characters-1, lends-14)
dobj(lends-14, oneself-15)
prep(lends-14, to-16)
pobj(to-16, this-17)
punct(Characters-1, .-18)

Sentence #3 (18 tokens):
Ardh Satya's premise is summarized by the poem of the same name scripted by Dilip Chitre.
[Text=Ardh CharacterOffsetBegin=177 CharacterOffsetEnd=181 PartOfSpeech=NNP] [Text=Satya CharacterOffsetBegin=182 CharacterOffsetEnd=187 PartOfSpeech=NNP] [Text='s CharacterOffsetBegin=187 CharacterOffsetEnd=189 PartOfSpeech=POS] [Text=premise CharacterOffsetBegin=190 CharacterOffsetEnd=197 PartOfSpeech=NN] [Text=is CharacterOffsetBegin=198 CharacterOffsetEnd=200 PartOfSpeech=VBZ] [Text=summarized CharacterOffsetBegin=201 CharacterOffsetEnd=211 PartOfSpeech=VBN] [Text=by CharacterOffsetBegin=212 CharacterOffsetEnd=214 PartOfSpeech=IN] [Text=the CharacterOffsetBegin=215 CharacterOffsetEnd=218 PartOfSpeech=DT] [Text=poem CharacterOffsetBegin=219 CharacterOffsetEnd=223 PartOfSpeech=NN] [Text=of CharacterOffsetBegin=224 CharacterOffsetEnd=226 PartOfSpeech=IN] [Text=the CharacterOffsetBegin=227 CharacterOffsetEnd=230 PartOfSpeech=DT] [Text=same CharacterOffsetBegin=231 CharacterOffsetEnd=235 PartOfSpeech=JJ] [Text=name CharacterOffsetBegin=236 CharacterOffsetEnd=240 PartOfSpeech=NN] [Text=scripted CharacterOffsetBegin=241 CharacterOffsetEnd=249 PartOfSpeech=VBN] [Text=by CharacterOffsetBegin=250 CharacterOffsetEnd=252 PartOfSpeech=IN] [Text=Dilip CharacterOffsetBegin=253 CharacterOffsetEnd=258 PartOfSpeech=NNP] [Text=Chitre CharacterOffsetBegin=259 CharacterOffsetEnd=265 PartOfSpeech=NNP] [Text=. CharacterOffsetBegin=265 CharacterOffsetEnd=266 PartOfSpeech=.] 
root(ROOT-0, summarized-6)
nn(Satya-2, Ardh-1)
poss(premise-4, Satya-2)
possessive(Satya-2, 's-3)
nsubjpass(summarized-6, premise-4)
auxpass(summarized-6, is-5)
prep(summarized-6, by-7)
det(poem-9, the-8)
pobj(by-7, poem-9)
prep(poem-9, of-10)
det(name-13, the-11)
amod(name-13, same-12)
pobj(of-10, name-13)
partmod(name-13, scripted-14)
prep(scripted-14, by-15)
nn(Chitre-17, Dilip-16)
pobj(by-15, Chitre-17)
punct(summarized-6, .-18)

Sentence #4 (26 tokens):
The line goes - "ek palde mein napunsaktha, doosre palde mein paurush, aur teek tarazu ke kaante par, ardh satya ?"
[Text=The CharacterOffsetBegin=271 CharacterOffsetEnd=274 PartOfSpeech=DT] [Text=line CharacterOffsetBegin=275 CharacterOffsetEnd=279 PartOfSpeech=NN] [Text=goes CharacterOffsetBegin=280 CharacterOffsetEnd=284 PartOfSpeech=VBZ] [Text=- CharacterOffsetBegin=285 CharacterOffsetEnd=286 PartOfSpeech=:] [Text=`` CharacterOffsetBegin=287 CharacterOffsetEnd=288 PartOfSpeech=``] [Text=ek CharacterOffsetBegin=288 CharacterOffsetEnd=290 PartOfSpeech=FW] [Text=palde CharacterOffsetBegin=291 CharacterOffsetEnd=296 PartOfSpeech=FW] [Text=mein CharacterOffsetBegin=297 CharacterOffsetEnd=301 PartOfSpeech=NN] [Text=napunsaktha CharacterOffsetBegin=302 CharacterOffsetEnd=313 PartOfSpeech=NN] [Text=, CharacterOffsetBegin=313 CharacterOffsetEnd=314 PartOfSpeech=,] [Text=doosre CharacterOffsetBegin=315 CharacterOffsetEnd=321 PartOfSpeech=JJ] [Text=palde CharacterOffsetBegin=322 CharacterOffsetEnd=327 PartOfSpeech=NN] [Text=mein CharacterOffsetBegin=328 CharacterOffsetEnd=332 PartOfSpeech=NN] [Text=paurush CharacterOffsetBegin=333 CharacterOffsetEnd=340 PartOfSpeech=NN] [Text=, CharacterOffsetBegin=340 CharacterOffsetEnd=341 PartOfSpeech=,] [Text=aur CharacterOffsetBegin=342 CharacterOffsetEnd=345 PartOfSpeech=NN] [Text=teek CharacterOffsetBegin=346 CharacterOffsetEnd=350 PartOfSpeech=NN] [Text=tarazu CharacterOffsetBegin=351 CharacterOffsetEnd=357 PartOfSpeech=NN] [Text=ke CharacterOffsetBegin=358 CharacterOffsetEnd=360 PartOfSpeech=NN] [Text=kaante CharacterOffsetBegin=361 CharacterOffsetEnd=367 PartOfSpeech=JJ] [Text=par CharacterOffsetBegin=368 CharacterOffsetEnd=371 PartOfSpeech=NN] [Text=, CharacterOffsetBegin=371 CharacterOffsetEnd=372 PartOfSpeech=,] [Text=ardh CharacterOffsetBegin=373 CharacterOffsetEnd=377 PartOfSpeech=NN] [Text=satya CharacterOffsetBegin=378 CharacterOffsetEnd=383 PartOfSpeech=NN] [Text=? CharacterOffsetBegin=384 CharacterOffsetEnd=385 PartOfSpeech=.] [Text='' CharacterOffsetBegin=385 CharacterOffsetEnd=386 PartOfSpeech=''] 
root(ROOT-0, goes-3)
det(line-2, The-1)
nsubj(goes-3, line-2)
punct(goes-3, --4)
punct(goes-3, ``-5)
nn(napunsaktha-9, ek-6)
nn(napunsaktha-9, palde-7)
nn(napunsaktha-9, mein-8)
dep(goes-3, napunsaktha-9)
punct(napunsaktha-9, ,-10)
amod(paurush-14, doosre-11)
nn(paurush-14, palde-12)
nn(paurush-14, mein-13)
appos(napunsaktha-9, paurush-14)
punct(napunsaktha-9, ,-15)
nn(par-21, aur-16)
nn(par-21, teek-17)
nn(par-21, tarazu-18)
nn(par-21, ke-19)
amod(par-21, kaante-20)
appos(napunsaktha-9, par-21)
punct(napunsaktha-9, ,-22)
nn(satya-24, ardh-23)
appos(napunsaktha-9, satya-24)
punct(goes-3, ?-25)
punct(goes-3, ''-26)

Sentence #5 (1 tokens):
.
[Text=. CharacterOffsetBegin=386 CharacterOffsetEnd=387 PartOfSpeech=.] 
root(ROOT-0, .-1)

Sentence #6 (35 tokens):
A rough translation - "The delicate balance of right & wrong ( commonly seen on the busts of blind justice in the courts ) has powerlessness on one plate and prowess on another.
[Text=A CharacterOffsetBegin=392 CharacterOffsetEnd=393 PartOfSpeech=DT] [Text=rough CharacterOffsetBegin=394 CharacterOffsetEnd=399 PartOfSpeech=JJ] [Text=translation CharacterOffsetBegin=400 CharacterOffsetEnd=411 PartOfSpeech=NN] [Text=- CharacterOffsetBegin=412 CharacterOffsetEnd=413 PartOfSpeech=:] [Text=`` CharacterOffsetBegin=414 CharacterOffsetEnd=415 PartOfSpeech=``] [Text=The CharacterOffsetBegin=415 CharacterOffsetEnd=418 PartOfSpeech=DT] [Text=delicate CharacterOffsetBegin=419 CharacterOffsetEnd=427 PartOfSpeech=JJ] [Text=balance CharacterOffsetBegin=428 CharacterOffsetEnd=435 PartOfSpeech=NN] [Text=of CharacterOffsetBegin=436 CharacterOffsetEnd=438 PartOfSpeech=IN] [Text=right CharacterOffsetBegin=439 CharacterOffsetEnd=444 PartOfSpeech=JJ] [Text=& CharacterOffsetBegin=445 CharacterOffsetEnd=446 PartOfSpeech=CC] [Text=wrong CharacterOffsetBegin=447 CharacterOffsetEnd=452 PartOfSpeech=JJ] [Text=-LRB- CharacterOffsetBegin=453 CharacterOffsetEnd=454 PartOfSpeech=-LRB-] [Text=commonly CharacterOffsetBegin=455 CharacterOffsetEnd=463 PartOfSpeech=RB] [Text=seen CharacterOffsetBegin=464 CharacterOffsetEnd=468 PartOfSpeech=VBN] [Text=on CharacterOffsetBegin=469 CharacterOffsetEnd=471 PartOfSpeech=IN] [Text=the CharacterOffsetBegin=472 CharacterOffsetEnd=475 PartOfSpeech=DT] [Text=busts CharacterOffsetBegin=476 CharacterOffsetEnd=481 PartOfSpeech=NNS] [Text=of CharacterOffsetBegin=482 CharacterOffsetEnd=484 PartOfSpeech=IN] [Text=blind CharacterOffsetBegin=485 CharacterOffsetEnd=490 PartOfSpeech=JJ] [Text=justice CharacterOffsetBegin=491 CharacterOffsetEnd=498 PartOfSpeech=NN] [Text=in CharacterOffsetBegin=499 CharacterOffsetEnd=501 PartOfSpeech=IN] [Text=the CharacterOffsetBegin=502 CharacterOffsetEnd=505 PartOfSpeech=DT] [Text=courts CharacterOffsetBegin=506 CharacterOffsetEnd=512 PartOfSpeech=NNS] [Text=-RRB- CharacterOffsetBegin=513 CharacterOffsetEnd=514 PartOfSpeech=-RRB-] [Text=has CharacterOffsetBegin=515 CharacterOffsetEnd=518 PartOfSpeech=VBZ] [Text=powerlessness CharacterOffsetBegin=519 CharacterOffsetEnd=532 PartOfSpeech=NN] [Text=on CharacterOffsetBegin=533 CharacterOffsetEnd=535 PartOfSpeech=IN] [Text=one CharacterOffsetBegin=536 CharacterOffsetEnd=539 PartOfSpeech=CD] [Text=plate CharacterOffsetBegin=540 CharacterOffsetEnd=545 PartOfSpeech=NN] [Text=and CharacterOffsetBegin=546 CharacterOffsetEnd=549 PartOfSpeech=CC] [Text=prowess CharacterOffsetBegin=550 CharacterOffsetEnd=557 PartOfSpeech=NN] [Text=on CharacterOffsetBegin=558 CharacterOffsetEnd=560 PartOfSpeech=IN] [Text=another CharacterOffsetBegin=561 CharacterOffsetEnd=568 PartOfSpeech=DT] [Text=. CharacterOffsetBegin=568 CharacterOffsetEnd=569 PartOfSpeech=.] 
root(ROOT-0, translation-3)
det(translation-3, A-1)
amod(translation-3, rough-2)
punct(translation-3, --4)
punct(translation-3, ``-5)
det(balance-8, The-6)
amod(balance-8, delicate-7)
nsubj(has-26, balance-8)
prep(balance-8, of-9)
pobj(of-9, right-10)
cc(right-10, &-11)
conj(right-10, wrong-12)
punct(seen-15, -LRB--13)
advmod(seen-15, commonly-14)
dep(right-10, seen-15)
prep(seen-15, on-16)
det(busts-18, the-17)
pobj(on-16, busts-18)
prep(busts-18, of-19)
amod(justice-21, blind-20)
pobj(of-19, justice-21)
prep(busts-18, in-22)
det(courts-24, the-23)
pobj(in-22, courts-24)
punct(seen-15, -RRB--25)
dep(translation-3, has-26)
dobj(has-26, powerlessness-27)
prep(powerlessness-27, on-28)
num(plate-30, one-29)
pobj(on-28, plate-30)
cc(powerlessness-27, and-31)
conj(powerlessness-27, prowess-32)
prep(prowess-32, on-33)
pobj(on-33, another-34)
punct(translation-3, .-35)

Sentence #7 (9 tokens):
Is the needle on the center a half-truth ?
[Text=Is CharacterOffsetBegin=574 CharacterOffsetEnd=576 PartOfSpeech=VBZ] [Text=the CharacterOffsetBegin=577 CharacterOffsetEnd=580 PartOfSpeech=DT] [Text=needle CharacterOffsetBegin=581 CharacterOffsetEnd=587 PartOfSpeech=NN] [Text=on CharacterOffsetBegin=588 CharacterOffsetEnd=590 PartOfSpeech=IN] [Text=the CharacterOffsetBegin=591 CharacterOffsetEnd=594 PartOfSpeech=DT] [Text=center CharacterOffsetBegin=595 CharacterOffsetEnd=601 PartOfSpeech=NN] [Text=a CharacterOffsetBegin=602 CharacterOffsetEnd=603 PartOfSpeech=DT] [Text=half-truth CharacterOffsetBegin=604 CharacterOffsetEnd=614 PartOfSpeech=NN] [Text=? CharacterOffsetBegin=615 CharacterOffsetEnd=616 PartOfSpeech=.] 
root(ROOT-0, needle-3)
cop(needle-3, Is-1)
det(needle-3, the-2)
prep(needle-3, on-4)
det(center-6, the-5)
pobj(on-4, center-6)
det(half-truth-8, a-7)
dep(needle-3, half-truth-8)
punct(needle-3, ?-9)

Sentence #8 (19 tokens):
"The poem is recited midway in the film by Smita Patil to Om Puri at a resturant.
[Text=`` CharacterOffsetBegin=621 CharacterOffsetEnd=622 PartOfSpeech=``] [Text=The CharacterOffsetBegin=622 CharacterOffsetEnd=625 PartOfSpeech=DT] [Text=poem CharacterOffsetBegin=626 CharacterOffsetEnd=630 PartOfSpeech=NN] [Text=is CharacterOffsetBegin=631 CharacterOffsetEnd=633 PartOfSpeech=VBZ] [Text=recited CharacterOffsetBegin=634 CharacterOffsetEnd=641 PartOfSpeech=VBN] [Text=midway CharacterOffsetBegin=642 CharacterOffsetEnd=648 PartOfSpeech=NN] [Text=in CharacterOffsetBegin=649 CharacterOffsetEnd=651 PartOfSpeech=IN] [Text=the CharacterOffsetBegin=652 CharacterOffsetEnd=655 PartOfSpeech=DT] [Text=film CharacterOffsetBegin=656 CharacterOffsetEnd=660 PartOfSpeech=NN] [Text=by CharacterOffsetBegin=661 CharacterOffsetEnd=663 PartOfSpeech=IN] [Text=Smita CharacterOffsetBegin=664 CharacterOffsetEnd=669 PartOfSpeech=NNP] [Text=Patil CharacterOffsetBegin=670 CharacterOffsetEnd=675 PartOfSpeech=NNP] [Text=to CharacterOffsetBegin=676 CharacterOffsetEnd=678 PartOfSpeech=TO] [Text=Om CharacterOffsetBegin=679 CharacterOffsetEnd=681 PartOfSpeech=NNP] [Text=Puri CharacterOffsetBegin=682 CharacterOffsetEnd=686 PartOfSpeech=NNP] [Text=at CharacterOffsetBegin=687 CharacterOffsetEnd=689 PartOfSpeech=IN] [Text=a CharacterOffsetBegin=690 CharacterOffsetEnd=691 PartOfSpeech=DT] [Text=resturant CharacterOffsetBegin=692 CharacterOffsetEnd=701 PartOfSpeech=NN] [Text=. CharacterOffsetBegin=701 CharacterOffsetEnd=702 PartOfSpeech=.] 
root(ROOT-0, recited-5)
punct(recited-5, ``-1)
det(poem-3, The-2)
nsubjpass(recited-5, poem-3)
auxpass(recited-5, is-4)
dobj(recited-5, midway-6)
prep(midway-6, in-7)
det(film-9, the-8)
pobj(in-7, film-9)
prep(midway-6, by-10)
nn(Patil-12, Smita-11)
pobj(by-10, Patil-12)
prep(midway-6, to-13)
nn(Puri-15, Om-14)
pobj(to-13, Puri-15)
prep(recited-5, at-16)
det(resturant-18, a-17)
pobj(at-16, resturant-18)
punct(recited-5, .-19)

Sentence #9 (21 tokens):
It makes a deep impact on the protagonist & lays the foundation for much of the later events that follow.
[Text=It CharacterOffsetBegin=707 CharacterOffsetEnd=709 PartOfSpeech=PRP] [Text=makes CharacterOffsetBegin=710 CharacterOffsetEnd=715 PartOfSpeech=VBZ] [Text=a CharacterOffsetBegin=716 CharacterOffsetEnd=717 PartOfSpeech=DT] [Text=deep CharacterOffsetBegin=718 CharacterOffsetEnd=722 PartOfSpeech=JJ] [Text=impact CharacterOffsetBegin=723 CharacterOffsetEnd=729 PartOfSpeech=NN] [Text=on CharacterOffsetBegin=730 CharacterOffsetEnd=732 PartOfSpeech=IN] [Text=the CharacterOffsetBegin=733 CharacterOffsetEnd=736 PartOfSpeech=DT] [Text=protagonist CharacterOffsetBegin=737 CharacterOffsetEnd=748 PartOfSpeech=NN] [Text=& CharacterOffsetBegin=749 CharacterOffsetEnd=750 PartOfSpeech=CC] [Text=lays CharacterOffsetBegin=751 CharacterOffsetEnd=755 PartOfSpeech=VBZ] [Text=the CharacterOffsetBegin=756 CharacterOffsetEnd=759 PartOfSpeech=DT] [Text=foundation CharacterOffsetBegin=760 CharacterOffsetEnd=770 PartOfSpeech=NN] [Text=for CharacterOffsetBegin=771 CharacterOffsetEnd=774 PartOfSpeech=IN] [Text=much CharacterOffsetBegin=775 CharacterOffsetEnd=779 PartOfSpeech=JJ] [Text=of CharacterOffsetBegin=780 CharacterOffsetEnd=782 PartOfSpeech=IN] [Text=the CharacterOffsetBegin=783 CharacterOffsetEnd=786 PartOfSpeech=DT] [Text=later CharacterOffsetBegin=787 CharacterOffsetEnd=792 PartOfSpeech=JJ] [Text=events CharacterOffsetBegin=793 CharacterOffsetEnd=799 PartOfSpeech=NNS] [Text=that CharacterOffsetBegin=800 CharacterOffsetEnd=804 PartOfSpeech=WDT] [Text=follow CharacterOffsetBegin=805 CharacterOffsetEnd=811 PartOfSpeech=VBP] [Text=. CharacterOffsetBegin=811 CharacterOffsetEnd=812 PartOfSpeech=.] 
root(ROOT-0, makes-2)
nsubj(makes-2, It-1)
det(impact-5, a-3)
amod(impact-5, deep-4)
dobj(makes-2, impact-5)
prep(impact-5, on-6)
det(protagonist-8, the-7)
pobj(on-6, protagonist-8)
cc(makes-2, &-9)
conj(makes-2, lays-10)
det(foundation-12, the-11)
dobj(lays-10, foundation-12)
prep(lays-10, for-13)
pobj(for-13, much-14)
prep(much-14, of-15)
det(events-18, the-16)
amod(events-18, later-17)
pobj(of-15, events-18)
nsubj(follow-20, that-19)
rcmod(events-18, follow-20)
punct(makes-2, .-21)

Sentence #10 (34 tokens):
At the end of the film, Om Puri ends up in exactly the same situation described so aptly in the poem.The film tries mighty hard to do a one-up on the poem.
[Text=At CharacterOffsetBegin=817 CharacterOffsetEnd=819 PartOfSpeech=IN] [Text=the CharacterOffsetBegin=820 CharacterOffsetEnd=823 PartOfSpeech=DT] [Text=end CharacterOffsetBegin=824 CharacterOffsetEnd=827 PartOfSpeech=NN] [Text=of CharacterOffsetBegin=828 CharacterOffsetEnd=830 PartOfSpeech=IN] [Text=the CharacterOffsetBegin=831 CharacterOffsetEnd=834 PartOfSpeech=DT] [Text=film CharacterOffsetBegin=835 CharacterOffsetEnd=839 PartOfSpeech=NN] [Text=, CharacterOffsetBegin=839 CharacterOffsetEnd=840 PartOfSpeech=,] [Text=Om CharacterOffsetBegin=841 CharacterOffsetEnd=843 PartOfSpeech=NNP] [Text=Puri CharacterOffsetBegin=844 CharacterOffsetEnd=848 PartOfSpeech=NNP] [Text=ends CharacterOffsetBegin=849 CharacterOffsetEnd=853 PartOfSpeech=VBZ] [Text=up CharacterOffsetBegin=854 CharacterOffsetEnd=856 PartOfSpeech=RP] [Text=in CharacterOffsetBegin=857 CharacterOffsetEnd=859 PartOfSpeech=IN] [Text=exactly CharacterOffsetBegin=860 CharacterOffsetEnd=867 PartOfSpeech=RB] [Text=the CharacterOffsetBegin=868 CharacterOffsetEnd=871 PartOfSpeech=DT] [Text=same CharacterOffsetBegin=872 CharacterOffsetEnd=876 PartOfSpeech=JJ] [Text=situation CharacterOffsetBegin=877 CharacterOffsetEnd=886 PartOfSpeech=NN] [Text=described CharacterOffsetBegin=887 CharacterOffsetEnd=896 PartOfSpeech=VBN] [Text=so CharacterOffsetBegin=897 CharacterOffsetEnd=899 PartOfSpeech=RB] [Text=aptly CharacterOffsetBegin=900 CharacterOffsetEnd=905 PartOfSpeech=RB] [Text=in CharacterOffsetBegin=906 CharacterOffsetEnd=908 PartOfSpeech=IN] [Text=the CharacterOffsetBegin=909 CharacterOffsetEnd=912 PartOfSpeech=DT] [Text=poem.The CharacterOffsetBegin=913 CharacterOffsetEnd=921 PartOfSpeech=NNP] [Text=film CharacterOffsetBegin=922 CharacterOffsetEnd=926 PartOfSpeech=NN] [Text=tries CharacterOffsetBegin=927 CharacterOffsetEnd=932 PartOfSpeech=VBZ] [Text=mighty CharacterOffsetBegin=933 CharacterOffsetEnd=939 PartOfSpeech=RB] [Text=hard CharacterOffsetBegin=940 CharacterOffsetEnd=944 PartOfSpeech=JJ] [Text=to CharacterOffsetBegin=945 CharacterOffsetEnd=947 PartOfSpeech=TO] [Text=do CharacterOffsetBegin=948 CharacterOffsetEnd=950 PartOfSpeech=VB] [Text=a CharacterOffsetBegin=951 CharacterOffsetEnd=952 PartOfSpeech=DT] [Text=one-up CharacterOffsetBegin=953 CharacterOffsetEnd=959 PartOfSpeech=JJ] [Text=on CharacterOffsetBegin=960 CharacterOffsetEnd=962 PartOfSpeech=IN] [Text=the CharacterOffsetBegin=963 CharacterOffsetEnd=966 PartOfSpeech=DT] [Text=poem CharacterOffsetBegin=967 CharacterOffsetEnd=971 PartOfSpeech=NN] [Text=. CharacterOffsetBegin=971 CharacterOffsetEnd=972 PartOfSpeech=.] 
root(ROOT-0, ends-10)
prep(ends-10, At-1)
det(end-3, the-2)
pobj(At-1, end-3)
prep(end-3, of-4)
det(film-6, the-5)
pobj(of-4, film-6)
punct(ends-10, ,-7)
nn(Puri-9, Om-8)
nsubj(ends-10, Puri-9)
prt(ends-10, up-11)
prep(ends-10, in-12)
advmod(situation-16, exactly-13)
det(situation-16, the-14)
amod(situation-16, same-15)
pobj(in-12, situation-16)
partmod(situation-16, described-17)
advmod(aptly-19, so-18)
prep(described-17, aptly-19)
prep(aptly-19, in-20)
det(film-23, the-21)
nn(film-23, poem.The-22)
pobj(in-20, film-23)
dep(aptly-19, tries-24)
advmod(hard-26, mighty-25)
acomp(tries-24, hard-26)
aux(do-28, to-27)
xcomp(hard-26, do-28)
det(one-up-30, a-29)
dobj(do-28, one-up-30)
prep(do-28, on-31)
det(poem-33, the-32)
pobj(on-31, poem-33)
punct(ends-10, .-34)

Sentence #11 (24 tokens):
However, Chitre's words are too powerful, and at best, the film matches up to the poem in every aspect.
[Text=However CharacterOffsetBegin=977 CharacterOffsetEnd=984 PartOfSpeech=RB] [Text=, CharacterOffsetBegin=984 CharacterOffsetEnd=985 PartOfSpeech=,] [Text=Chitre CharacterOffsetBegin=986 CharacterOffsetEnd=992 PartOfSpeech=NNP] [Text='s CharacterOffsetBegin=992 CharacterOffsetEnd=994 PartOfSpeech=POS] [Text=words CharacterOffsetBegin=995 CharacterOffsetEnd=1000 PartOfSpeech=NNS] [Text=are CharacterOffsetBegin=1001 CharacterOffsetEnd=1004 PartOfSpeech=VBP] [Text=too CharacterOffsetBegin=1005 CharacterOffsetEnd=1008 PartOfSpeech=RB] [Text=powerful CharacterOffsetBegin=1009 CharacterOffsetEnd=1017 PartOfSpeech=JJ] [Text=, CharacterOffsetBegin=1017 CharacterOffsetEnd=1018 PartOfSpeech=,] [Text=and CharacterOffsetBegin=1019 CharacterOffsetEnd=1022 PartOfSpeech=CC] [Text=at CharacterOffsetBegin=1023 CharacterOffsetEnd=1025 PartOfSpeech=IN] [Text=best CharacterOffsetBegin=1026 CharacterOffsetEnd=1030 PartOfSpeech=JJS] [Text=, CharacterOffsetBegin=1030 CharacterOffsetEnd=1031 PartOfSpeech=,] [Text=the CharacterOffsetBegin=1032 CharacterOffsetEnd=1035 PartOfSpeech=DT] [Text=film CharacterOffsetBegin=1036 CharacterOffsetEnd=1040 PartOfSpeech=NN] [Text=matches CharacterOffsetBegin=1041 CharacterOffsetEnd=1048 PartOfSpeech=VBZ] [Text=up CharacterOffsetBegin=1049 CharacterOffsetEnd=1051 PartOfSpeech=RP] [Text=to CharacterOffsetBegin=1052 CharacterOffsetEnd=1054 PartOfSpeech=TO] [Text=the CharacterOffsetBegin=1055 CharacterOffsetEnd=1058 PartOfSpeech=DT] [Text=poem CharacterOffsetBegin=1059 CharacterOffsetEnd=1063 PartOfSpeech=NN] [Text=in CharacterOffsetBegin=1064 CharacterOffsetEnd=1066 PartOfSpeech=IN] [Text=every CharacterOffsetBegin=1067 CharacterOffsetEnd=1072 PartOfSpeech=DT] [Text=aspect CharacterOffsetBegin=1073 CharacterOffsetEnd=1079 PartOfSpeech=NN] [Text=. CharacterOffsetBegin=1079 CharacterOffsetEnd=1080 PartOfSpeech=.] 
root(ROOT-0, matches-16)
advmod(powerful-8, However-1)
punct(powerful-8, ,-2)
poss(words-5, Chitre-3)
possessive(Chitre-3, 's-4)
nsubj(powerful-8, words-5)
cop(powerful-8, are-6)
advmod(powerful-8, too-7)
ccomp(matches-16, powerful-8)
punct(powerful-8, ,-9)
cc(powerful-8, and-10)
conj(powerful-8, at-11)
pobj(at-11, best-12)
punct(matches-16, ,-13)
det(film-15, the-14)
nsubj(matches-16, film-15)
prt(matches-16, up-17)
prep(matches-16, to-18)
det(poem-20, the-19)
pobj(to-18, poem-20)
prep(matches-16, in-21)
det(aspect-23, every-22)
pobj(in-21, aspect-23)
punct(matches-16, .-24)

