Sentence #1 (69 tokens):
This was usually producer Alexander Korda's advice on set to many of his underlings; the film is credited with three directors but in truth Alex, Zoltan Korda and William Cameron Menzies helped out, pushing it to six.For John Kobal's 1987 book, "The Top 100 Movies", his survey of 81 film critics saw The Thief of Bagdad reach 55th place.
[Text=This CharacterOffsetBegin=4 CharacterOffsetEnd=8 PartOfSpeech=DT] [Text=was CharacterOffsetBegin=9 CharacterOffsetEnd=12 PartOfSpeech=VBD] [Text=usually CharacterOffsetBegin=13 CharacterOffsetEnd=20 PartOfSpeech=RB] [Text=producer CharacterOffsetBegin=21 CharacterOffsetEnd=29 PartOfSpeech=NN] [Text=Alexander CharacterOffsetBegin=30 CharacterOffsetEnd=39 PartOfSpeech=NNP] [Text=Korda CharacterOffsetBegin=40 CharacterOffsetEnd=45 PartOfSpeech=NNP] [Text='s CharacterOffsetBegin=45 CharacterOffsetEnd=47 PartOfSpeech=POS] [Text=advice CharacterOffsetBegin=48 CharacterOffsetEnd=54 PartOfSpeech=NN] [Text=on CharacterOffsetBegin=55 CharacterOffsetEnd=57 PartOfSpeech=IN] [Text=set CharacterOffsetBegin=58 CharacterOffsetEnd=61 PartOfSpeech=VBN] [Text=to CharacterOffsetBegin=62 CharacterOffsetEnd=64 PartOfSpeech=TO] [Text=many CharacterOffsetBegin=65 CharacterOffsetEnd=69 PartOfSpeech=JJ] [Text=of CharacterOffsetBegin=70 CharacterOffsetEnd=72 PartOfSpeech=IN] [Text=his CharacterOffsetBegin=73 CharacterOffsetEnd=76 PartOfSpeech=PRP$] [Text=underlings CharacterOffsetBegin=77 CharacterOffsetEnd=87 PartOfSpeech=NNS] [Text=; CharacterOffsetBegin=87 CharacterOffsetEnd=88 PartOfSpeech=:] [Text=the CharacterOffsetBegin=89 CharacterOffsetEnd=92 PartOfSpeech=DT] [Text=film CharacterOffsetBegin=93 CharacterOffsetEnd=97 PartOfSpeech=NN] [Text=is CharacterOffsetBegin=98 CharacterOffsetEnd=100 PartOfSpeech=VBZ] [Text=credited CharacterOffsetBegin=101 CharacterOffsetEnd=109 PartOfSpeech=VBN] [Text=with CharacterOffsetBegin=110 CharacterOffsetEnd=114 PartOfSpeech=IN] [Text=three CharacterOffsetBegin=115 CharacterOffsetEnd=120 PartOfSpeech=CD] [Text=directors CharacterOffsetBegin=121 CharacterOffsetEnd=130 PartOfSpeech=NNS] [Text=but CharacterOffsetBegin=131 CharacterOffsetEnd=134 PartOfSpeech=CC] [Text=in CharacterOffsetBegin=135 CharacterOffsetEnd=137 PartOfSpeech=IN] [Text=truth CharacterOffsetBegin=138 CharacterOffsetEnd=143 PartOfSpeech=NN] [Text=Alex CharacterOffsetBegin=144 CharacterOffsetEnd=148 PartOfSpeech=NNP] [Text=, CharacterOffsetBegin=148 CharacterOffsetEnd=149 PartOfSpeech=,] [Text=Zoltan CharacterOffsetBegin=150 CharacterOffsetEnd=156 PartOfSpeech=NNP] [Text=Korda CharacterOffsetBegin=157 CharacterOffsetEnd=162 PartOfSpeech=NNP] [Text=and CharacterOffsetBegin=163 CharacterOffsetEnd=166 PartOfSpeech=CC] [Text=William CharacterOffsetBegin=167 CharacterOffsetEnd=174 PartOfSpeech=NNP] [Text=Cameron CharacterOffsetBegin=175 CharacterOffsetEnd=182 PartOfSpeech=NNP] [Text=Menzies CharacterOffsetBegin=183 CharacterOffsetEnd=190 PartOfSpeech=NNP] [Text=helped CharacterOffsetBegin=191 CharacterOffsetEnd=197 PartOfSpeech=VBD] [Text=out CharacterOffsetBegin=198 CharacterOffsetEnd=201 PartOfSpeech=RP] [Text=, CharacterOffsetBegin=201 CharacterOffsetEnd=202 PartOfSpeech=,] [Text=pushing CharacterOffsetBegin=203 CharacterOffsetEnd=210 PartOfSpeech=VBG] [Text=it CharacterOffsetBegin=211 CharacterOffsetEnd=213 PartOfSpeech=PRP] [Text=to CharacterOffsetBegin=214 CharacterOffsetEnd=216 PartOfSpeech=TO] [Text=six.For CharacterOffsetBegin=217 CharacterOffsetEnd=224 PartOfSpeech=NNP] [Text=John CharacterOffsetBegin=225 CharacterOffsetEnd=229 PartOfSpeech=NNP] [Text=Kobal CharacterOffsetBegin=230 CharacterOffsetEnd=235 PartOfSpeech=NNP] [Text='s CharacterOffsetBegin=235 CharacterOffsetEnd=237 PartOfSpeech=POS] [Text=1987 CharacterOffsetBegin=238 CharacterOffsetEnd=242 PartOfSpeech=CD] [Text=book CharacterOffsetBegin=243 CharacterOffsetEnd=247 PartOfSpeech=NN] [Text=, CharacterOffsetBegin=247 CharacterOffsetEnd=248 PartOfSpeech=,] [Text=`` CharacterOffsetBegin=249 CharacterOffsetEnd=250 PartOfSpeech=``] [Text=The CharacterOffsetBegin=250 CharacterOffsetEnd=253 PartOfSpeech=DT] [Text=Top CharacterOffsetBegin=254 CharacterOffsetEnd=257 PartOfSpeech=JJ] [Text=100 CharacterOffsetBegin=258 CharacterOffsetEnd=261 PartOfSpeech=CD] [Text=Movies CharacterOffsetBegin=262 CharacterOffsetEnd=268 PartOfSpeech=NNS] [Text='' CharacterOffsetBegin=268 CharacterOffsetEnd=269 PartOfSpeech=''] [Text=, CharacterOffsetBegin=269 CharacterOffsetEnd=270 PartOfSpeech=,] [Text=his CharacterOffsetBegin=271 CharacterOffsetEnd=274 PartOfSpeech=PRP$] [Text=survey CharacterOffsetBegin=275 CharacterOffsetEnd=281 PartOfSpeech=NN] [Text=of CharacterOffsetBegin=282 CharacterOffsetEnd=284 PartOfSpeech=IN] [Text=81 CharacterOffsetBegin=285 CharacterOffsetEnd=287 PartOfSpeech=CD] [Text=film CharacterOffsetBegin=288 CharacterOffsetEnd=292 PartOfSpeech=NN] [Text=critics CharacterOffsetBegin=293 CharacterOffsetEnd=300 PartOfSpeech=NNS] [Text=saw CharacterOffsetBegin=301 CharacterOffsetEnd=304 PartOfSpeech=VBD] [Text=The CharacterOffsetBegin=305 CharacterOffsetEnd=308 PartOfSpeech=DT] [Text=Thief CharacterOffsetBegin=309 CharacterOffsetEnd=314 PartOfSpeech=NN] [Text=of CharacterOffsetBegin=315 CharacterOffsetEnd=317 PartOfSpeech=IN] [Text=Bagdad CharacterOffsetBegin=318 CharacterOffsetEnd=324 PartOfSpeech=NNP] [Text=reach CharacterOffsetBegin=325 CharacterOffsetEnd=330 PartOfSpeech=VBP] [Text=55th CharacterOffsetBegin=331 CharacterOffsetEnd=335 PartOfSpeech=JJ] [Text=place CharacterOffsetBegin=336 CharacterOffsetEnd=341 PartOfSpeech=NN] [Text=. CharacterOffsetBegin=341 CharacterOffsetEnd=342 PartOfSpeech=.] 
root(ROOT-0, producer-4)
nsubj(producer-4, This-1)
cop(producer-4, was-2)
advmod(producer-4, usually-3)
nn(Korda-6, Alexander-5)
poss(advice-8, Korda-6)
possessive(Korda-6, 's-7)
dobj(producer-4, advice-8)
prep(advice-8, on-9)
pcomp(on-9, set-10)
prep(set-10, to-11)
pobj(to-11, many-12)
prep(many-12, of-13)
poss(underlings-15, his-14)
pobj(of-13, underlings-15)
punct(producer-4, ;-16)
det(film-18, the-17)
nsubjpass(credited-20, film-18)
auxpass(credited-20, is-19)
parataxis(producer-4, credited-20)
prep(credited-20, with-21)
num(directors-23, three-22)
pobj(with-21, directors-23)
cc(credited-20, but-24)
prep(helped-35, in-25)
nn(Alex-27, truth-26)
pobj(in-25, Alex-27)
punct(Alex-27, ,-28)
nn(Korda-30, Zoltan-29)
conj(Alex-27, Korda-30)
cc(Alex-27, and-31)
nn(Menzies-34, William-32)
nn(Menzies-34, Cameron-33)
conj(Alex-27, Menzies-34)
conj(credited-20, helped-35)
prt(helped-35, out-36)
punct(helped-35, ,-37)
xcomp(helped-35, pushing-38)
dobj(pushing-38, it-39)
prep(pushing-38, to-40)
nn(Kobal-43, six.For-41)
nn(Kobal-43, John-42)
poss(book-46, Kobal-43)
possessive(Kobal-43, 's-44)
num(book-46, 1987-45)
pobj(to-40, book-46)
punct(pushing-38, ,-47)
punct(pushing-38, ``-48)
det(Movies-52, The-49)
amod(Movies-52, Top-50)
num(Movies-52, 100-51)
dobj(pushing-38, Movies-52)
punct(Movies-52, ''-53)
punct(Movies-52, ,-54)
poss(survey-56, his-55)
nsubj(saw-61, survey-56)
prep(survey-56, of-57)
num(critics-60, 81-58)
nn(critics-60, film-59)
pobj(of-57, critics-60)
rcmod(Movies-52, saw-61)
det(Thief-63, The-62)
nsubj(reach-66, Thief-63)
prep(Thief-63, of-64)
pobj(of-64, Bagdad-65)
ccomp(saw-61, reach-66)
amod(place-68, 55th-67)
dobj(reach-66, place-68)
punct(producer-4, .-69)

Sentence #2 (63 tokens):
A closer examination reveals only Jose Luis Guarner, John Russell Taylor and Kobal himself actually voted for the picture, but their high placings were enough to take it to near the half-way mark.The outbreak of the Second World War saw the movie's production shifted around England and America, eventually seeing completion in 1940 and winning three technical Oscars.
[Text=A CharacterOffsetBegin=347 CharacterOffsetEnd=348 PartOfSpeech=DT] [Text=closer CharacterOffsetBegin=349 CharacterOffsetEnd=355 PartOfSpeech=JJR] [Text=examination CharacterOffsetBegin=356 CharacterOffsetEnd=367 PartOfSpeech=NN] [Text=reveals CharacterOffsetBegin=368 CharacterOffsetEnd=375 PartOfSpeech=VBZ] [Text=only CharacterOffsetBegin=376 CharacterOffsetEnd=380 PartOfSpeech=RB] [Text=Jose CharacterOffsetBegin=381 CharacterOffsetEnd=385 PartOfSpeech=NNP] [Text=Luis CharacterOffsetBegin=386 CharacterOffsetEnd=390 PartOfSpeech=NNP] [Text=Guarner CharacterOffsetBegin=391 CharacterOffsetEnd=398 PartOfSpeech=NNP] [Text=, CharacterOffsetBegin=398 CharacterOffsetEnd=399 PartOfSpeech=,] [Text=John CharacterOffsetBegin=400 CharacterOffsetEnd=404 PartOfSpeech=NNP] [Text=Russell CharacterOffsetBegin=405 CharacterOffsetEnd=412 PartOfSpeech=NNP] [Text=Taylor CharacterOffsetBegin=413 CharacterOffsetEnd=419 PartOfSpeech=NNP] [Text=and CharacterOffsetBegin=420 CharacterOffsetEnd=423 PartOfSpeech=CC] [Text=Kobal CharacterOffsetBegin=424 CharacterOffsetEnd=429 PartOfSpeech=NNP] [Text=himself CharacterOffsetBegin=430 CharacterOffsetEnd=437 PartOfSpeech=PRP] [Text=actually CharacterOffsetBegin=438 CharacterOffsetEnd=446 PartOfSpeech=RB] [Text=voted CharacterOffsetBegin=447 CharacterOffsetEnd=452 PartOfSpeech=VBD] [Text=for CharacterOffsetBegin=453 CharacterOffsetEnd=456 PartOfSpeech=IN] [Text=the CharacterOffsetBegin=457 CharacterOffsetEnd=460 PartOfSpeech=DT] [Text=picture CharacterOffsetBegin=461 CharacterOffsetEnd=468 PartOfSpeech=NN] [Text=, CharacterOffsetBegin=468 CharacterOffsetEnd=469 PartOfSpeech=,] [Text=but CharacterOffsetBegin=470 CharacterOffsetEnd=473 PartOfSpeech=CC] [Text=their CharacterOffsetBegin=474 CharacterOffsetEnd=479 PartOfSpeech=PRP$] [Text=high CharacterOffsetBegin=480 CharacterOffsetEnd=484 PartOfSpeech=JJ] [Text=placings CharacterOffsetBegin=485 CharacterOffsetEnd=493 PartOfSpeech=NNS] [Text=were CharacterOffsetBegin=494 CharacterOffsetEnd=498 PartOfSpeech=VBD] [Text=enough CharacterOffsetBegin=499 CharacterOffsetEnd=505 PartOfSpeech=RB] [Text=to CharacterOffsetBegin=506 CharacterOffsetEnd=508 PartOfSpeech=TO] [Text=take CharacterOffsetBegin=509 CharacterOffsetEnd=513 PartOfSpeech=VB] [Text=it CharacterOffsetBegin=514 CharacterOffsetEnd=516 PartOfSpeech=PRP] [Text=to CharacterOffsetBegin=517 CharacterOffsetEnd=519 PartOfSpeech=TO] [Text=near CharacterOffsetBegin=520 CharacterOffsetEnd=524 PartOfSpeech=IN] [Text=the CharacterOffsetBegin=525 CharacterOffsetEnd=528 PartOfSpeech=DT] [Text=half-way CharacterOffsetBegin=529 CharacterOffsetEnd=537 PartOfSpeech=NN] [Text=mark.The CharacterOffsetBegin=538 CharacterOffsetEnd=546 PartOfSpeech=NN] [Text=outbreak CharacterOffsetBegin=547 CharacterOffsetEnd=555 PartOfSpeech=NN] [Text=of CharacterOffsetBegin=556 CharacterOffsetEnd=558 PartOfSpeech=IN] [Text=the CharacterOffsetBegin=559 CharacterOffsetEnd=562 PartOfSpeech=DT] [Text=Second CharacterOffsetBegin=563 CharacterOffsetEnd=569 PartOfSpeech=JJ] [Text=World CharacterOffsetBegin=570 CharacterOffsetEnd=575 PartOfSpeech=NNP] [Text=War CharacterOffsetBegin=576 CharacterOffsetEnd=579 PartOfSpeech=NNP] [Text=saw CharacterOffsetBegin=580 CharacterOffsetEnd=583 PartOfSpeech=VBD] [Text=the CharacterOffsetBegin=584 CharacterOffsetEnd=587 PartOfSpeech=DT] [Text=movie CharacterOffsetBegin=588 CharacterOffsetEnd=593 PartOfSpeech=NN] [Text='s CharacterOffsetBegin=593 CharacterOffsetEnd=595 PartOfSpeech=POS] [Text=production CharacterOffsetBegin=596 CharacterOffsetEnd=606 PartOfSpeech=NN] [Text=shifted CharacterOffsetBegin=607 CharacterOffsetEnd=614 PartOfSpeech=VBD] [Text=around CharacterOffsetBegin=615 CharacterOffsetEnd=621 PartOfSpeech=IN] [Text=England CharacterOffsetBegin=622 CharacterOffsetEnd=629 PartOfSpeech=NNP] [Text=and CharacterOffsetBegin=630 CharacterOffsetEnd=633 PartOfSpeech=CC] [Text=America CharacterOffsetBegin=634 CharacterOffsetEnd=641 PartOfSpeech=NNP] [Text=, CharacterOffsetBegin=641 CharacterOffsetEnd=642 PartOfSpeech=,] [Text=eventually CharacterOffsetBegin=643 CharacterOffsetEnd=653 PartOfSpeech=RB] [Text=seeing CharacterOffsetBegin=654 CharacterOffsetEnd=660 PartOfSpeech=VBG] [Text=completion CharacterOffsetBegin=661 CharacterOffsetEnd=671 PartOfSpeech=NN] [Text=in CharacterOffsetBegin=672 CharacterOffsetEnd=674 PartOfSpeech=IN] [Text=1940 CharacterOffsetBegin=675 CharacterOffsetEnd=679 PartOfSpeech=CD] [Text=and CharacterOffsetBegin=680 CharacterOffsetEnd=683 PartOfSpeech=CC] [Text=winning CharacterOffsetBegin=684 CharacterOffsetEnd=691 PartOfSpeech=VBG] [Text=three CharacterOffsetBegin=692 CharacterOffsetEnd=697 PartOfSpeech=CD] [Text=technical CharacterOffsetBegin=698 CharacterOffsetEnd=707 PartOfSpeech=JJ] [Text=Oscars CharacterOffsetBegin=708 CharacterOffsetEnd=714 PartOfSpeech=NNS] [Text=. CharacterOffsetBegin=714 CharacterOffsetEnd=715 PartOfSpeech=.] 
root(ROOT-0, reveals-4)
det(examination-3, A-1)
amod(examination-3, closer-2)
nsubj(reveals-4, examination-3)
advmod(Guarner-8, only-5)
nn(Guarner-8, Jose-6)
nn(Guarner-8, Luis-7)
dobj(reveals-4, Guarner-8)
punct(Guarner-8, ,-9)
nn(Taylor-12, John-10)
nn(Taylor-12, Russell-11)
conj(Guarner-8, Taylor-12)
cc(Guarner-8, and-13)
nsubj(voted-17, Kobal-14)
dep(Kobal-14, himself-15)
advmod(voted-17, actually-16)
conj(Guarner-8, voted-17)
prep(voted-17, for-18)
det(picture-20, the-19)
pobj(for-18, picture-20)
punct(reveals-4, ,-21)
cc(reveals-4, but-22)
poss(placings-25, their-23)
amod(placings-25, high-24)
nsubj(enough-27, placings-25)
cop(enough-27, were-26)
conj(reveals-4, enough-27)
aux(take-29, to-28)
xcomp(enough-27, take-29)
dobj(take-29, it-30)
prep(take-29, to-31)
pcomp(to-31, near-32)
det(outbreak-36, the-33)
nn(outbreak-36, half-way-34)
nn(outbreak-36, mark.The-35)
pobj(near-32, outbreak-36)
prep(outbreak-36, of-37)
det(War-41, the-38)
amod(War-41, Second-39)
nn(War-41, World-40)
pobj(of-37, War-41)
dep(take-29, saw-42)
det(movie-44, the-43)
poss(production-46, movie-44)
possessive(movie-44, 's-45)
nsubj(shifted-47, production-46)
ccomp(saw-42, shifted-47)
prep(shifted-47, around-48)
pobj(around-48, England-49)
cc(England-49, and-50)
conj(England-49, America-51)
punct(shifted-47, ,-52)
advmod(seeing-54, eventually-53)
ccomp(shifted-47, seeing-54)
dobj(seeing-54, completion-55)
prep(completion-55, in-56)
pobj(in-56, 1940-57)
cc(seeing-54, and-58)
conj(seeing-54, winning-59)
num(Oscars-62, three-60)
amod(Oscars-62, technical-61)
dobj(winning-59, Oscars-62)
punct(reveals-4, .-63)

Sentence #3 (38 tokens):
Like Citizen Kane, it is in some ways perhaps a film you might admire rather than love.The special effects, outstanding for the time, are still reasonable, and actually hold up if you squint.
[Text=Like CharacterOffsetBegin=720 CharacterOffsetEnd=724 PartOfSpeech=IN] [Text=Citizen CharacterOffsetBegin=725 CharacterOffsetEnd=732 PartOfSpeech=NNP] [Text=Kane CharacterOffsetBegin=733 CharacterOffsetEnd=737 PartOfSpeech=NNP] [Text=, CharacterOffsetBegin=737 CharacterOffsetEnd=738 PartOfSpeech=,] [Text=it CharacterOffsetBegin=739 CharacterOffsetEnd=741 PartOfSpeech=PRP] [Text=is CharacterOffsetBegin=742 CharacterOffsetEnd=744 PartOfSpeech=VBZ] [Text=in CharacterOffsetBegin=745 CharacterOffsetEnd=747 PartOfSpeech=IN] [Text=some CharacterOffsetBegin=748 CharacterOffsetEnd=752 PartOfSpeech=DT] [Text=ways CharacterOffsetBegin=753 CharacterOffsetEnd=757 PartOfSpeech=NNS] [Text=perhaps CharacterOffsetBegin=758 CharacterOffsetEnd=765 PartOfSpeech=RB] [Text=a CharacterOffsetBegin=766 CharacterOffsetEnd=767 PartOfSpeech=DT] [Text=film CharacterOffsetBegin=768 CharacterOffsetEnd=772 PartOfSpeech=NN] [Text=you CharacterOffsetBegin=773 CharacterOffsetEnd=776 PartOfSpeech=PRP] [Text=might CharacterOffsetBegin=777 CharacterOffsetEnd=782 PartOfSpeech=MD] [Text=admire CharacterOffsetBegin=783 CharacterOffsetEnd=789 PartOfSpeech=VB] [Text=rather CharacterOffsetBegin=790 CharacterOffsetEnd=796 PartOfSpeech=RB] [Text=than CharacterOffsetBegin=797 CharacterOffsetEnd=801 PartOfSpeech=IN] [Text=love.The CharacterOffsetBegin=802 CharacterOffsetEnd=810 PartOfSpeech=JJ] [Text=special CharacterOffsetBegin=811 CharacterOffsetEnd=818 PartOfSpeech=JJ] [Text=effects CharacterOffsetBegin=819 CharacterOffsetEnd=826 PartOfSpeech=NNS] [Text=, CharacterOffsetBegin=826 CharacterOffsetEnd=827 PartOfSpeech=,] [Text=outstanding CharacterOffsetBegin=828 CharacterOffsetEnd=839 PartOfSpeech=JJ] [Text=for CharacterOffsetBegin=840 CharacterOffsetEnd=843 PartOfSpeech=IN] [Text=the CharacterOffsetBegin=844 CharacterOffsetEnd=847 PartOfSpeech=DT] [Text=time CharacterOffsetBegin=848 CharacterOffsetEnd=852 PartOfSpeech=NN] [Text=, CharacterOffsetBegin=852 CharacterOffsetEnd=853 PartOfSpeech=,] [Text=are CharacterOffsetBegin=854 CharacterOffsetEnd=857 PartOfSpeech=VBP] [Text=still CharacterOffsetBegin=858 CharacterOffsetEnd=863 PartOfSpeech=RB] [Text=reasonable CharacterOffsetBegin=864 CharacterOffsetEnd=874 PartOfSpeech=JJ] [Text=, CharacterOffsetBegin=874 CharacterOffsetEnd=875 PartOfSpeech=,] [Text=and CharacterOffsetBegin=876 CharacterOffsetEnd=879 PartOfSpeech=CC] [Text=actually CharacterOffsetBegin=880 CharacterOffsetEnd=888 PartOfSpeech=RB] [Text=hold CharacterOffsetBegin=889 CharacterOffsetEnd=893 PartOfSpeech=VBP] [Text=up CharacterOffsetBegin=894 CharacterOffsetEnd=896 PartOfSpeech=RP] [Text=if CharacterOffsetBegin=897 CharacterOffsetEnd=899 PartOfSpeech=IN] [Text=you CharacterOffsetBegin=900 CharacterOffsetEnd=903 PartOfSpeech=PRP] [Text=squint CharacterOffsetBegin=904 CharacterOffsetEnd=910 PartOfSpeech=VBP] [Text=. CharacterOffsetBegin=910 CharacterOffsetEnd=911 PartOfSpeech=.] 
root(ROOT-0, reasonable-29)
prep(is-6, Like-1)
nn(Kane-3, Citizen-2)
pobj(Like-1, Kane-3)
punct(is-6, ,-4)
nsubj(is-6, it-5)
parataxis(reasonable-29, is-6)
prep(is-6, in-7)
det(ways-9, some-8)
pobj(in-7, ways-9)
advmod(film-12, perhaps-10)
det(film-12, a-11)
rcmod(ways-9, film-12)
nsubj(admire-15, you-13)
aux(admire-15, might-14)
rcmod(film-12, admire-15)
advmod(than-17, rather-16)
prep(admire-15, than-17)
amod(effects-20, love.The-18)
amod(effects-20, special-19)
pobj(than-17, effects-20)
punct(effects-20, ,-21)
amod(effects-20, outstanding-22)
prep(outstanding-22, for-23)
det(time-25, the-24)
pobj(for-23, time-25)
punct(is-6, ,-26)
cop(reasonable-29, are-27)
advmod(reasonable-29, still-28)
punct(reasonable-29, ,-30)
cc(reasonable-29, and-31)
advmod(hold-33, actually-32)
conj(reasonable-29, hold-33)
prt(hold-33, up-34)
mark(squint-37, if-35)
nsubj(squint-37, you-36)
advcl(hold-33, squint-37)
punct(reasonable-29, .-38)

Sentence #4 (15 tokens):
But it's not so much their effectiveness as the audacity of the inventions.
[Text=But CharacterOffsetBegin=916 CharacterOffsetEnd=919 PartOfSpeech=CC] [Text=it CharacterOffsetBegin=920 CharacterOffsetEnd=922 PartOfSpeech=PRP] [Text='s CharacterOffsetBegin=922 CharacterOffsetEnd=924 PartOfSpeech=VBZ] [Text=not CharacterOffsetBegin=925 CharacterOffsetEnd=928 PartOfSpeech=RB] [Text=so CharacterOffsetBegin=929 CharacterOffsetEnd=931 PartOfSpeech=RB] [Text=much CharacterOffsetBegin=932 CharacterOffsetEnd=936 PartOfSpeech=JJ] [Text=their CharacterOffsetBegin=937 CharacterOffsetEnd=942 PartOfSpeech=PRP$] [Text=effectiveness CharacterOffsetBegin=943 CharacterOffsetEnd=956 PartOfSpeech=NN] [Text=as CharacterOffsetBegin=957 CharacterOffsetEnd=959 PartOfSpeech=IN] [Text=the CharacterOffsetBegin=960 CharacterOffsetEnd=963 PartOfSpeech=DT] [Text=audacity CharacterOffsetBegin=964 CharacterOffsetEnd=972 PartOfSpeech=NN] [Text=of CharacterOffsetBegin=973 CharacterOffsetEnd=975 PartOfSpeech=IN] [Text=the CharacterOffsetBegin=976 CharacterOffsetEnd=979 PartOfSpeech=DT] [Text=inventions CharacterOffsetBegin=980 CharacterOffsetEnd=990 PartOfSpeech=NNS] [Text=. CharacterOffsetBegin=990 CharacterOffsetEnd=991 PartOfSpeech=.] 
root(ROOT-0, much-6)
cc(much-6, But-1)
nsubj(much-6, it-2)
cop(much-6, 's-3)
neg(much-6, not-4)
advmod(much-6, so-5)
poss(effectiveness-8, their-7)
dobj(much-6, effectiveness-8)
prep(much-6, as-9)
det(audacity-11, the-10)
pobj(as-9, audacity-11)
prep(audacity-11, of-12)
det(inventions-14, the-13)
pobj(of-12, inventions-14)
punct(much-6, .-15)

Sentence #5 (31 tokens):
Among them is an amusing horse, constructed out of a kit model, which, when a key is inserted up it's rear end, begins to fly.
[Text=Among CharacterOffsetBegin=996 CharacterOffsetEnd=1001 PartOfSpeech=IN] [Text=them CharacterOffsetBegin=1002 CharacterOffsetEnd=1006 PartOfSpeech=PRP] [Text=is CharacterOffsetBegin=1007 CharacterOffsetEnd=1009 PartOfSpeech=VBZ] [Text=an CharacterOffsetBegin=1010 CharacterOffsetEnd=1012 PartOfSpeech=DT] [Text=amusing CharacterOffsetBegin=1013 CharacterOffsetEnd=1020 PartOfSpeech=JJ] [Text=horse CharacterOffsetBegin=1021 CharacterOffsetEnd=1026 PartOfSpeech=NN] [Text=, CharacterOffsetBegin=1026 CharacterOffsetEnd=1027 PartOfSpeech=,] [Text=constructed CharacterOffsetBegin=1028 CharacterOffsetEnd=1039 PartOfSpeech=VBN] [Text=out CharacterOffsetBegin=1040 CharacterOffsetEnd=1043 PartOfSpeech=IN] [Text=of CharacterOffsetBegin=1044 CharacterOffsetEnd=1046 PartOfSpeech=IN] [Text=a CharacterOffsetBegin=1047 CharacterOffsetEnd=1048 PartOfSpeech=DT] [Text=kit CharacterOffsetBegin=1049 CharacterOffsetEnd=1052 PartOfSpeech=NN] [Text=model CharacterOffsetBegin=1053 CharacterOffsetEnd=1058 PartOfSpeech=NN] [Text=, CharacterOffsetBegin=1058 CharacterOffsetEnd=1059 PartOfSpeech=,] [Text=which CharacterOffsetBegin=1060 CharacterOffsetEnd=1065 PartOfSpeech=WDT] [Text=, CharacterOffsetBegin=1065 CharacterOffsetEnd=1066 PartOfSpeech=,] [Text=when CharacterOffsetBegin=1067 CharacterOffsetEnd=1071 PartOfSpeech=WRB] [Text=a CharacterOffsetBegin=1072 CharacterOffsetEnd=1073 PartOfSpeech=DT] [Text=key CharacterOffsetBegin=1074 CharacterOffsetEnd=1077 PartOfSpeech=NN] [Text=is CharacterOffsetBegin=1078 CharacterOffsetEnd=1080 PartOfSpeech=VBZ] [Text=inserted CharacterOffsetBegin=1081 CharacterOffsetEnd=1089 PartOfSpeech=VBN] [Text=up CharacterOffsetBegin=1090 CharacterOffsetEnd=1092 PartOfSpeech=IN] [Text=it CharacterOffsetBegin=1093 CharacterOffsetEnd=1095 PartOfSpeech=PRP] [Text='s CharacterOffsetBegin=1095 CharacterOffsetEnd=1097 PartOfSpeech=VBZ] [Text=rear CharacterOffsetBegin=1098 CharacterOffsetEnd=1102 PartOfSpeech=JJ] [Text=end CharacterOffsetBegin=1103 CharacterOffsetEnd=1106 PartOfSpeech=NN] [Text=, CharacterOffsetBegin=1106 CharacterOffsetEnd=1107 PartOfSpeech=,] [Text=begins CharacterOffsetBegin=1108 CharacterOffsetEnd=1114 PartOfSpeech=VBZ] [Text=to CharacterOffsetBegin=1115 CharacterOffsetEnd=1117 PartOfSpeech=TO] [Text=fly CharacterOffsetBegin=1118 CharacterOffsetEnd=1121 PartOfSpeech=VB] [Text=. CharacterOffsetBegin=1121 CharacterOffsetEnd=1122 PartOfSpeech=.] 
root(ROOT-0, is-3)
prep(is-3, Among-1)
pobj(Among-1, them-2)
det(horse-6, an-4)
amod(horse-6, amusing-5)
nsubj(is-3, horse-6)
punct(horse-6, ,-7)
partmod(horse-6, constructed-8)
prep(constructed-8, out-9)
pcomp(out-9, of-10)
det(model-13, a-11)
nn(model-13, kit-12)
pobj(of-10, model-13)
punct(model-13, ,-14)
nsubj(begins-28, which-15)
punct(begins-28, ,-16)
advmod(inserted-21, when-17)
det(key-19, a-18)
nsubjpass(inserted-21, key-19)
auxpass(inserted-21, is-20)
advcl(begins-28, inserted-21)
mark(end-26, up-22)
nsubj(end-26, it-23)
cop(end-26, 's-24)
amod(end-26, rear-25)
dep(inserted-21, end-26)
punct(begins-28, ,-27)
rcmod(model-13, begins-28)
aux(fly-30, to-29)
xcomp(begins-28, fly-30)
punct(is-3, .-31)

Sentence #6 (33 tokens):
There's also a killer toy of the six-armed Goddess Kali, (perhaps quite obviously a single woman with two women sitting behind her) and a quite horrific-looking giant spider.
[Text=There CharacterOffsetBegin=1127 CharacterOffsetEnd=1132 PartOfSpeech=EX] [Text='s CharacterOffsetBegin=1132 CharacterOffsetEnd=1134 PartOfSpeech=VBZ] [Text=also CharacterOffsetBegin=1135 CharacterOffsetEnd=1139 PartOfSpeech=RB] [Text=a CharacterOffsetBegin=1140 CharacterOffsetEnd=1141 PartOfSpeech=DT] [Text=killer CharacterOffsetBegin=1142 CharacterOffsetEnd=1148 PartOfSpeech=NN] [Text=toy CharacterOffsetBegin=1149 CharacterOffsetEnd=1152 PartOfSpeech=NN] [Text=of CharacterOffsetBegin=1153 CharacterOffsetEnd=1155 PartOfSpeech=IN] [Text=the CharacterOffsetBegin=1156 CharacterOffsetEnd=1159 PartOfSpeech=DT] [Text=six-armed CharacterOffsetBegin=1160 CharacterOffsetEnd=1169 PartOfSpeech=JJ] [Text=Goddess CharacterOffsetBegin=1170 CharacterOffsetEnd=1177 PartOfSpeech=NNP] [Text=Kali CharacterOffsetBegin=1178 CharacterOffsetEnd=1182 PartOfSpeech=NNP] [Text=, CharacterOffsetBegin=1182 CharacterOffsetEnd=1183 PartOfSpeech=,] [Text=-LRB- CharacterOffsetBegin=1184 CharacterOffsetEnd=1185 PartOfSpeech=-LRB-] [Text=perhaps CharacterOffsetBegin=1185 CharacterOffsetEnd=1192 PartOfSpeech=RB] [Text=quite CharacterOffsetBegin=1193 CharacterOffsetEnd=1198 PartOfSpeech=RB] [Text=obviously CharacterOffsetBegin=1199 CharacterOffsetEnd=1208 PartOfSpeech=RB] [Text=a CharacterOffsetBegin=1209 CharacterOffsetEnd=1210 PartOfSpeech=DT] [Text=single CharacterOffsetBegin=1211 CharacterOffsetEnd=1217 PartOfSpeech=JJ] [Text=woman CharacterOffsetBegin=1218 CharacterOffsetEnd=1223 PartOfSpeech=NN] [Text=with CharacterOffsetBegin=1224 CharacterOffsetEnd=1228 PartOfSpeech=IN] [Text=two CharacterOffsetBegin=1229 CharacterOffsetEnd=1232 PartOfSpeech=CD] [Text=women CharacterOffsetBegin=1233 CharacterOffsetEnd=1238 PartOfSpeech=NNS] [Text=sitting CharacterOffsetBegin=1239 CharacterOffsetEnd=1246 PartOfSpeech=VBG] [Text=behind CharacterOffsetBegin=1247 CharacterOffsetEnd=1253 PartOfSpeech=IN] [Text=her CharacterOffsetBegin=1254 CharacterOffsetEnd=1257 PartOfSpeech=PRP$] [Text=-RRB- CharacterOffsetBegin=1257 CharacterOffsetEnd=1258 PartOfSpeech=-RRB-] [Text=and CharacterOffsetBegin=1259 CharacterOffsetEnd=1262 PartOfSpeech=CC] [Text=a CharacterOffsetBegin=1263 CharacterOffsetEnd=1264 PartOfSpeech=DT] [Text=quite CharacterOffsetBegin=1265 CharacterOffsetEnd=1270 PartOfSpeech=RB] [Text=horrific-looking CharacterOffsetBegin=1271 CharacterOffsetEnd=1287 PartOfSpeech=JJ] [Text=giant CharacterOffsetBegin=1288 CharacterOffsetEnd=1293 PartOfSpeech=JJ] [Text=spider CharacterOffsetBegin=1294 CharacterOffsetEnd=1300 PartOfSpeech=NN] [Text=. CharacterOffsetBegin=1300 CharacterOffsetEnd=1301 PartOfSpeech=.] 
root(ROOT-0, 's-2)
expl('s-2, There-1)
advmod('s-2, also-3)
det(toy-6, a-4)
nn(toy-6, killer-5)
nsubj('s-2, toy-6)
prep(toy-6, of-7)
det(Kali-11, the-8)
amod(Kali-11, six-armed-9)
nn(Kali-11, Goddess-10)
pobj(of-7, Kali-11)
punct('s-2, ,-12)
punct(obviously-16, -LRB--13)
advmod(obviously-16, perhaps-14)
advmod(obviously-16, quite-15)
conj('s-2, obviously-16)
det(woman-19, a-17)
amod(woman-19, single-18)
dep(obviously-16, woman-19)
prep(woman-19, with-20)
num(women-22, two-21)
nsubj(sitting-23, women-22)
pcomp(with-20, sitting-23)
prep(sitting-23, behind-24)
pobj(behind-24, her-25)
punct(obviously-16, -RRB--26)
cc('s-2, and-27)
det(spider-32, a-28)
advmod(horrific-looking-30, quite-29)
amod(spider-32, horrific-looking-30)
amod(spider-32, giant-31)
conj('s-2, spider-32)
punct('s-2, .-33)

Sentence #7 (11 tokens):
Also impressing is the climax with its wonderful flying carpet.
[Text=Also CharacterOffsetBegin=1306 CharacterOffsetEnd=1310 PartOfSpeech=RB] [Text=impressing CharacterOffsetBegin=1311 CharacterOffsetEnd=1321 PartOfSpeech=VBG] [Text=is CharacterOffsetBegin=1322 CharacterOffsetEnd=1324 PartOfSpeech=VBZ] [Text=the CharacterOffsetBegin=1325 CharacterOffsetEnd=1328 PartOfSpeech=DT] [Text=climax CharacterOffsetBegin=1329 CharacterOffsetEnd=1335 PartOfSpeech=NN] [Text=with CharacterOffsetBegin=1336 CharacterOffsetEnd=1340 PartOfSpeech=IN] [Text=its CharacterOffsetBegin=1341 CharacterOffsetEnd=1344 PartOfSpeech=PRP$] [Text=wonderful CharacterOffsetBegin=1345 CharacterOffsetEnd=1354 PartOfSpeech=JJ] [Text=flying CharacterOffsetBegin=1355 CharacterOffsetEnd=1361 PartOfSpeech=VBG] [Text=carpet CharacterOffsetBegin=1362 CharacterOffsetEnd=1368 PartOfSpeech=NN] [Text=. CharacterOffsetBegin=1368 CharacterOffsetEnd=1369 PartOfSpeech=.] 
root(ROOT-0, climax-5)
advmod(impressing-2, Also-1)
nsubj(climax-5, impressing-2)
cop(climax-5, is-3)
det(climax-5, the-4)
prep(climax-5, with-6)
poss(carpet-10, its-7)
amod(carpet-10, wonderful-8)
amod(carpet-10, flying-9)
pobj(with-6, carpet-10)
punct(climax-5, .-11)

Sentence #8 (30 tokens):
But most memorable has to be Rex Ingram appearing as, in a superb moment of cinematic conceit, a djinn (genie) nearly a thousand feet tall!
[Text=But CharacterOffsetBegin=1374 CharacterOffsetEnd=1377 PartOfSpeech=CC] [Text=most CharacterOffsetBegin=1378 CharacterOffsetEnd=1382 PartOfSpeech=JJS] [Text=memorable CharacterOffsetBegin=1383 CharacterOffsetEnd=1392 PartOfSpeech=JJ] [Text=has CharacterOffsetBegin=1393 CharacterOffsetEnd=1396 PartOfSpeech=VBZ] [Text=to CharacterOffsetBegin=1397 CharacterOffsetEnd=1399 PartOfSpeech=TO] [Text=be CharacterOffsetBegin=1400 CharacterOffsetEnd=1402 PartOfSpeech=VB] [Text=Rex CharacterOffsetBegin=1403 CharacterOffsetEnd=1406 PartOfSpeech=NN] [Text=Ingram CharacterOffsetBegin=1407 CharacterOffsetEnd=1413 PartOfSpeech=NNP] [Text=appearing CharacterOffsetBegin=1414 CharacterOffsetEnd=1423 PartOfSpeech=VBG] [Text=as CharacterOffsetBegin=1424 CharacterOffsetEnd=1426 PartOfSpeech=RB] [Text=, CharacterOffsetBegin=1426 CharacterOffsetEnd=1427 PartOfSpeech=,] [Text=in CharacterOffsetBegin=1428 CharacterOffsetEnd=1430 PartOfSpeech=IN] [Text=a CharacterOffsetBegin=1431 CharacterOffsetEnd=1432 PartOfSpeech=DT] [Text=superb CharacterOffsetBegin=1433 CharacterOffsetEnd=1439 PartOfSpeech=JJ] [Text=moment CharacterOffsetBegin=1440 CharacterOffsetEnd=1446 PartOfSpeech=NN] [Text=of CharacterOffsetBegin=1447 CharacterOffsetEnd=1449 PartOfSpeech=IN] [Text=cinematic CharacterOffsetBegin=1450 CharacterOffsetEnd=1459 PartOfSpeech=JJ] [Text=conceit CharacterOffsetBegin=1460 CharacterOffsetEnd=1467 PartOfSpeech=NN] [Text=, CharacterOffsetBegin=1467 CharacterOffsetEnd=1468 PartOfSpeech=,] [Text=a CharacterOffsetBegin=1469 CharacterOffsetEnd=1470 PartOfSpeech=DT] [Text=djinn CharacterOffsetBegin=1471 CharacterOffsetEnd=1476 PartOfSpeech=NN] [Text=-LRB- CharacterOffsetBegin=1477 CharacterOffsetEnd=1478 PartOfSpeech=-LRB-] [Text=genie CharacterOffsetBegin=1478 CharacterOffsetEnd=1483 PartOfSpeech=NN] [Text=-RRB- CharacterOffsetBegin=1483 CharacterOffsetEnd=1484 PartOfSpeech=-RRB-] [Text=nearly CharacterOffsetBegin=1485 CharacterOffsetEnd=1491 PartOfSpeech=RB] [Text=a CharacterOffsetBegin=1492 CharacterOffsetEnd=1493 PartOfSpeech=DT] [Text=thousand CharacterOffsetBegin=1494 CharacterOffsetEnd=1502 PartOfSpeech=CD] [Text=feet CharacterOffsetBegin=1503 CharacterOffsetEnd=1507 PartOfSpeech=NNS] [Text=tall CharacterOffsetBegin=1508 CharacterOffsetEnd=1512 PartOfSpeech=JJ] [Text=! CharacterOffsetBegin=1512 CharacterOffsetEnd=1513 PartOfSpeech=.] 
root(ROOT-0, has-4)
cc(has-4, But-1)
amod(memorable-3, most-2)
nsubj(has-4, memorable-3)
aux(Ingram-8, to-5)
cop(Ingram-8, be-6)
nn(Ingram-8, Rex-7)
xcomp(has-4, Ingram-8)
partmod(Ingram-8, appearing-9)
advmod(appearing-9, as-10)
punct(appearing-9, ,-11)
prep(appearing-9, in-12)
det(moment-15, a-13)
amod(moment-15, superb-14)
pobj(in-12, moment-15)
prep(moment-15, of-16)
amod(conceit-18, cinematic-17)
pobj(of-16, conceit-18)
punct(appearing-9, ,-19)
dep(appearing-9, a-20)
dep(a-20, djinn-21)
punct(genie-23, -LRB--22)
dep(djinn-21, genie-23)
punct(genie-23, -RRB--24)
quantmod(thousand-27, nearly-25)
quantmod(thousand-27, a-26)
num(feet-28, thousand-27)
npadvmod(tall-29, feet-28)
dep(djinn-21, tall-29)
punct(has-4, !-30)

Sentence #9 (20 tokens):
Ingram portrays the genie as quite a menacing creature, and adds an element of danger to the proceedings.
[Text=Ingram CharacterOffsetBegin=1518 CharacterOffsetEnd=1524 PartOfSpeech=NNP] [Text=portrays CharacterOffsetBegin=1525 CharacterOffsetEnd=1533 PartOfSpeech=VBZ] [Text=the CharacterOffsetBegin=1534 CharacterOffsetEnd=1537 PartOfSpeech=DT] [Text=genie CharacterOffsetBegin=1538 CharacterOffsetEnd=1543 PartOfSpeech=NN] [Text=as CharacterOffsetBegin=1544 CharacterOffsetEnd=1546 PartOfSpeech=IN] [Text=quite CharacterOffsetBegin=1547 CharacterOffsetEnd=1552 PartOfSpeech=RB] [Text=a CharacterOffsetBegin=1553 CharacterOffsetEnd=1554 PartOfSpeech=DT] [Text=menacing CharacterOffsetBegin=1555 CharacterOffsetEnd=1563 PartOfSpeech=JJ] [Text=creature CharacterOffsetBegin=1564 CharacterOffsetEnd=1572 PartOfSpeech=NN] [Text=, CharacterOffsetBegin=1572 CharacterOffsetEnd=1573 PartOfSpeech=,] [Text=and CharacterOffsetBegin=1574 CharacterOffsetEnd=1577 PartOfSpeech=CC] [Text=adds CharacterOffsetBegin=1578 CharacterOffsetEnd=1582 PartOfSpeech=VBZ] [Text=an CharacterOffsetBegin=1583 CharacterOffsetEnd=1585 PartOfSpeech=DT] [Text=element CharacterOffsetBegin=1586 CharacterOffsetEnd=1593 PartOfSpeech=NN] [Text=of CharacterOffsetBegin=1594 CharacterOffsetEnd=1596 PartOfSpeech=IN] [Text=danger CharacterOffsetBegin=1597 CharacterOffsetEnd=1603 PartOfSpeech=NN] [Text=to CharacterOffsetBegin=1604 CharacterOffsetEnd=1606 PartOfSpeech=TO] [Text=the CharacterOffsetBegin=1607 CharacterOffsetEnd=1610 PartOfSpeech=DT] [Text=proceedings CharacterOffsetBegin=1611 CharacterOffsetEnd=1622 PartOfSpeech=NNS] [Text=. CharacterOffsetBegin=1622 CharacterOffsetEnd=1623 PartOfSpeech=.] 
root(ROOT-0, portrays-2)
nsubj(portrays-2, Ingram-1)
det(genie-4, the-3)
dobj(portrays-2, genie-4)
prep(portrays-2, as-5)
advmod(creature-9, quite-6)
det(creature-9, a-7)
amod(creature-9, menacing-8)
pobj(as-5, creature-9)
punct(portrays-2, ,-10)
cc(portrays-2, and-11)
conj(portrays-2, adds-12)
det(element-14, an-13)
dobj(adds-12, element-14)
prep(element-14, of-15)
pobj(of-15, danger-16)
prep(danger-16, to-17)
det(proceedings-19, the-18)
pobj(to-17, proceedings-19)
punct(portrays-2, .-20)

Sentence #10 (38 tokens):
And look out for the moment where he's tricked back into his bottle!John Justin does well as the Arabic king who, for some strange reason, has an English accent and a stiff upper lip.
[Text=And CharacterOffsetBegin=1628 CharacterOffsetEnd=1631 PartOfSpeech=CC] [Text=look CharacterOffsetBegin=1632 CharacterOffsetEnd=1636 PartOfSpeech=VB] [Text=out CharacterOffsetBegin=1637 CharacterOffsetEnd=1640 PartOfSpeech=RP] [Text=for CharacterOffsetBegin=1641 CharacterOffsetEnd=1644 PartOfSpeech=IN] [Text=the CharacterOffsetBegin=1645 CharacterOffsetEnd=1648 PartOfSpeech=DT] [Text=moment CharacterOffsetBegin=1649 CharacterOffsetEnd=1655 PartOfSpeech=NN] [Text=where CharacterOffsetBegin=1656 CharacterOffsetEnd=1661 PartOfSpeech=WRB] [Text=he CharacterOffsetBegin=1662 CharacterOffsetEnd=1664 PartOfSpeech=PRP] [Text='s CharacterOffsetBegin=1664 CharacterOffsetEnd=1666 PartOfSpeech=VBZ] [Text=tricked CharacterOffsetBegin=1667 CharacterOffsetEnd=1674 PartOfSpeech=VBN] [Text=back CharacterOffsetBegin=1675 CharacterOffsetEnd=1679 PartOfSpeech=RB] [Text=into CharacterOffsetBegin=1680 CharacterOffsetEnd=1684 PartOfSpeech=IN] [Text=his CharacterOffsetBegin=1685 CharacterOffsetEnd=1688 PartOfSpeech=PRP$] [Text=bottle!John CharacterOffsetBegin=1689 CharacterOffsetEnd=1700 PartOfSpeech=NN] [Text=Justin CharacterOffsetBegin=1701 CharacterOffsetEnd=1707 PartOfSpeech=NNP] [Text=does CharacterOffsetBegin=1708 CharacterOffsetEnd=1712 PartOfSpeech=VBZ] [Text=well CharacterOffsetBegin=1713 CharacterOffsetEnd=1717 PartOfSpeech=RB] [Text=as CharacterOffsetBegin=1718 CharacterOffsetEnd=1720 PartOfSpeech=IN] [Text=the CharacterOffsetBegin=1721 CharacterOffsetEnd=1724 PartOfSpeech=DT] [Text=Arabic CharacterOffsetBegin=1725 CharacterOffsetEnd=1731 PartOfSpeech=JJ] [Text=king CharacterOffsetBegin=1732 CharacterOffsetEnd=1736 PartOfSpeech=NN] [Text=who CharacterOffsetBegin=1737 CharacterOffsetEnd=1740 PartOfSpeech=WP] [Text=, CharacterOffsetBegin=1740 CharacterOffsetEnd=1741 PartOfSpeech=,] [Text=for CharacterOffsetBegin=1742 CharacterOffsetEnd=1745 PartOfSpeech=IN] [Text=some CharacterOffsetBegin=1746 CharacterOffsetEnd=1750 PartOfSpeech=DT] [Text=strange CharacterOffsetBegin=1751 CharacterOffsetEnd=1758 PartOfSpeech=JJ] [Text=reason CharacterOffsetBegin=1759 CharacterOffsetEnd=1765 PartOfSpeech=NN] [Text=, CharacterOffsetBegin=1765 CharacterOffsetEnd=1766 PartOfSpeech=,] [Text=has CharacterOffsetBegin=1767 CharacterOffsetEnd=1770 PartOfSpeech=VBZ] [Text=an CharacterOffsetBegin=1771 CharacterOffsetEnd=1773 PartOfSpeech=DT] [Text=English CharacterOffsetBegin=1774 CharacterOffsetEnd=1781 PartOfSpeech=JJ] [Text=accent CharacterOffsetBegin=1782 CharacterOffsetEnd=1788 PartOfSpeech=NN] [Text=and CharacterOffsetBegin=1789 CharacterOffsetEnd=1792 PartOfSpeech=CC] [Text=a CharacterOffsetBegin=1793 CharacterOffsetEnd=1794 PartOfSpeech=DT] [Text=stiff CharacterOffsetBegin=1795 CharacterOffsetEnd=1800 PartOfSpeech=JJ] [Text=upper CharacterOffsetBegin=1801 CharacterOffsetEnd=1806 PartOfSpeech=JJ] [Text=lip CharacterOffsetBegin=1807 CharacterOffsetEnd=1810 PartOfSpeech=NN] [Text=. CharacterOffsetBegin=1810 CharacterOffsetEnd=1811 PartOfSpeech=.] 
root(ROOT-0, look-2)
cc(look-2, And-1)
prt(look-2, out-3)
prep(look-2, for-4)
det(moment-6, the-5)
pobj(for-4, moment-6)
advmod(tricked-10, where-7)
nsubjpass(tricked-10, he-8)
auxpass(tricked-10, 's-9)
rcmod(moment-6, tricked-10)
advmod(tricked-10, back-11)
prep(back-11, into-12)
poss(Justin-15, his-13)
nn(Justin-15, bottle!John-14)
pobj(into-12, Justin-15)
dep(look-2, does-16)
advmod(as-18, well-17)
prep(does-16, as-18)
det(king-21, the-19)
amod(king-21, Arabic-20)
pobj(as-18, king-21)
nsubj(has-29, who-22)
punct(has-29, ,-23)
prep(has-29, for-24)
det(reason-27, some-25)
amod(reason-27, strange-26)
pobj(for-24, reason-27)
punct(has-29, ,-28)
rcmod(king-21, has-29)
det(accent-32, an-30)
amod(accent-32, English-31)
dobj(has-29, accent-32)
cc(accent-32, and-33)
det(lip-37, a-34)
amod(lip-37, stiff-35)
amod(lip-37, upper-36)
conj(accent-32, lip-37)
punct(look-2, .-38)

Sentence #11 (16 tokens):
Sabu, the astonishingly muscled 15year-old, is near-namesake Abu, a likeably cocky thief.
[Text=Sabu CharacterOffsetBegin=1816 CharacterOffsetEnd=1820 PartOfSpeech=NNP] [Text=, CharacterOffsetBegin=1820 CharacterOffsetEnd=1821 PartOfSpeech=,] [Text=the CharacterOffsetBegin=1822 CharacterOffsetEnd=1825 PartOfSpeech=DT] [Text=astonishingly CharacterOffsetBegin=1826 CharacterOffsetEnd=1839 PartOfSpeech=RB] [Text=muscled CharacterOffsetBegin=1840 CharacterOffsetEnd=1847 PartOfSpeech=VBN] [Text=15year-old CharacterOffsetBegin=1848 CharacterOffsetEnd=1858 PartOfSpeech=JJ] [Text=, CharacterOffsetBegin=1858 CharacterOffsetEnd=1859 PartOfSpeech=,] [Text=is CharacterOffsetBegin=1860 CharacterOffsetEnd=1862 PartOfSpeech=VBZ] [Text=near-namesake CharacterOffsetBegin=1863 CharacterOffsetEnd=1876 PartOfSpeech=JJ] [Text=Abu CharacterOffsetBegin=1877 CharacterOffsetEnd=1880 PartOfSpeech=NNP] [Text=, CharacterOffsetBegin=1880 CharacterOffsetEnd=1881 PartOfSpeech=,] [Text=a CharacterOffsetBegin=1882 CharacterOffsetEnd=1883 PartOfSpeech=DT] [Text=likeably CharacterOffsetBegin=1884 CharacterOffsetEnd=1892 PartOfSpeech=RB] [Text=cocky CharacterOffsetBegin=1893 CharacterOffsetEnd=1898 PartOfSpeech=JJ] [Text=thief CharacterOffsetBegin=1899 CharacterOffsetEnd=1904 PartOfSpeech=NN] [Text=. CharacterOffsetBegin=1904 CharacterOffsetEnd=1905 PartOfSpeech=.] 
root(ROOT-0, Abu-10)
nsubj(Abu-10, Sabu-1)
punct(Sabu-1, ,-2)
det(15year-old-6, the-3)
advmod(15year-old-6, astonishingly-4)
amod(15year-old-6, muscled-5)
appos(Sabu-1, 15year-old-6)
punct(Sabu-1, ,-7)
cop(Abu-10, is-8)
amod(Abu-10, near-namesake-9)
punct(Abu-10, ,-11)
det(thief-15, a-12)
amod(thief-15, likeably-13)
amod(thief-15, cocky-14)
appos(Abu-10, thief-15)
punct(Abu-10, .-16)

Sentence #12 (25 tokens):
After they cross paths with the evil Jaffer (Conrad Veidt), Justin finds himself blind and Abu is turned into a dog.
[Text=After CharacterOffsetBegin=1910 CharacterOffsetEnd=1915 PartOfSpeech=IN] [Text=they CharacterOffsetBegin=1916 CharacterOffsetEnd=1920 PartOfSpeech=PRP] [Text=cross CharacterOffsetBegin=1921 CharacterOffsetEnd=1926 PartOfSpeech=VBP] [Text=paths CharacterOffsetBegin=1927 CharacterOffsetEnd=1932 PartOfSpeech=NNS] [Text=with CharacterOffsetBegin=1933 CharacterOffsetEnd=1937 PartOfSpeech=IN] [Text=the CharacterOffsetBegin=1938 CharacterOffsetEnd=1941 PartOfSpeech=DT] [Text=evil CharacterOffsetBegin=1942 CharacterOffsetEnd=1946 PartOfSpeech=JJ] [Text=Jaffer CharacterOffsetBegin=1947 CharacterOffsetEnd=1953 PartOfSpeech=NNP] [Text=-LRB- CharacterOffsetBegin=1954 CharacterOffsetEnd=1955 PartOfSpeech=-LRB-] [Text=Conrad CharacterOffsetBegin=1955 CharacterOffsetEnd=1961 PartOfSpeech=NNP] [Text=Veidt CharacterOffsetBegin=1962 CharacterOffsetEnd=1967 PartOfSpeech=NNP] [Text=-RRB- CharacterOffsetBegin=1967 CharacterOffsetEnd=1968 PartOfSpeech=-RRB-] [Text=, CharacterOffsetBegin=1968 CharacterOffsetEnd=1969 PartOfSpeech=,] [Text=Justin CharacterOffsetBegin=1970 CharacterOffsetEnd=1976 PartOfSpeech=NNP] [Text=finds CharacterOffsetBegin=1977 CharacterOffsetEnd=1982 PartOfSpeech=VBZ] [Text=himself CharacterOffsetBegin=1983 CharacterOffsetEnd=1990 PartOfSpeech=PRP] [Text=blind CharacterOffsetBegin=1991 CharacterOffsetEnd=1996 PartOfSpeech=JJ] [Text=and CharacterOffsetBegin=1997 CharacterOffsetEnd=2000 PartOfSpeech=CC] [Text=Abu CharacterOffsetBegin=2001 CharacterOffsetEnd=2004 PartOfSpeech=NNP] [Text=is CharacterOffsetBegin=2005 CharacterOffsetEnd=2007 PartOfSpeech=VBZ] [Text=turned CharacterOffsetBegin=2008 CharacterOffsetEnd=2014 PartOfSpeech=VBN] [Text=into CharacterOffsetBegin=2015 CharacterOffsetEnd=2019 PartOfSpeech=IN] [Text=a CharacterOffsetBegin=2020 CharacterOffsetEnd=2021 PartOfSpeech=DT] [Text=dog CharacterOffsetBegin=2022 CharacterOffsetEnd=2025 PartOfSpeech=NN] [Text=. CharacterOffsetBegin=2025 CharacterOffsetEnd=2026 PartOfSpeech=.] 
root(ROOT-0, cross-3)
mark(cross-3, After-1)
nsubj(cross-3, they-2)
dobj(cross-3, paths-4)
prep(cross-3, with-5)
pobj(with-5, the-6)
amod(the-6, evil-7)
dep(evil-7, Jaffer-8)
punct(Veidt-11, -LRB--9)
nn(Veidt-11, Conrad-10)
appos(Jaffer-8, Veidt-11)
punct(Veidt-11, -RRB--12)
punct(Jaffer-8, ,-13)
nsubj(finds-15, Justin-14)
rcmod(Jaffer-8, finds-15)
nsubj(blind-17, himself-16)
nsubjpass(turned-21, blind-17)
cc(blind-17, and-18)
conj(blind-17, Abu-19)
auxpass(turned-21, is-20)
ccomp(finds-15, turned-21)
prep(turned-21, into-22)
det(dog-24, a-23)
pobj(into-22, dog-24)
punct(cross-3, .-25)

Sentence #13 (42 tokens):
When it seems the rest of the film will be told in flashback through the blind Ahmed's (Justin's) perspective, we find that halfway through the movie we catch up to the present and the adventure continues.
[Text=When CharacterOffsetBegin=2031 CharacterOffsetEnd=2035 PartOfSpeech=WRB] [Text=it CharacterOffsetBegin=2036 CharacterOffsetEnd=2038 PartOfSpeech=PRP] [Text=seems CharacterOffsetBegin=2039 CharacterOffsetEnd=2044 PartOfSpeech=VBZ] [Text=the CharacterOffsetBegin=2045 CharacterOffsetEnd=2048 PartOfSpeech=DT] [Text=rest CharacterOffsetBegin=2049 CharacterOffsetEnd=2053 PartOfSpeech=NN] [Text=of CharacterOffsetBegin=2054 CharacterOffsetEnd=2056 PartOfSpeech=IN] [Text=the CharacterOffsetBegin=2057 CharacterOffsetEnd=2060 PartOfSpeech=DT] [Text=film CharacterOffsetBegin=2061 CharacterOffsetEnd=2065 PartOfSpeech=NN] [Text=will CharacterOffsetBegin=2066 CharacterOffsetEnd=2070 PartOfSpeech=MD] [Text=be CharacterOffsetBegin=2071 CharacterOffsetEnd=2073 PartOfSpeech=VB] [Text=told CharacterOffsetBegin=2074 CharacterOffsetEnd=2078 PartOfSpeech=VBN] [Text=in CharacterOffsetBegin=2079 CharacterOffsetEnd=2081 PartOfSpeech=IN] [Text=flashback CharacterOffsetBegin=2082 CharacterOffsetEnd=2091 PartOfSpeech=NN] [Text=through CharacterOffsetBegin=2092 CharacterOffsetEnd=2099 PartOfSpeech=IN] [Text=the CharacterOffsetBegin=2100 CharacterOffsetEnd=2103 PartOfSpeech=DT] [Text=blind CharacterOffsetBegin=2104 CharacterOffsetEnd=2109 PartOfSpeech=JJ] [Text=Ahmed CharacterOffsetBegin=2110 CharacterOffsetEnd=2115 PartOfSpeech=NNP] [Text='s CharacterOffsetBegin=2115 CharacterOffsetEnd=2117 PartOfSpeech=POS] [Text=-LRB- CharacterOffsetBegin=2118 CharacterOffsetEnd=2119 PartOfSpeech=-LRB-] [Text=Justin CharacterOffsetBegin=2119 CharacterOffsetEnd=2125 PartOfSpeech=NNP] [Text='s CharacterOffsetBegin=2125 CharacterOffsetEnd=2127 PartOfSpeech=POS] [Text=-RRB- CharacterOffsetBegin=2127 CharacterOffsetEnd=2128 PartOfSpeech=-RRB-] [Text=perspective CharacterOffsetBegin=2129 CharacterOffsetEnd=2140 PartOfSpeech=NN] [Text=, CharacterOffsetBegin=2140 CharacterOffsetEnd=2141 PartOfSpeech=,] [Text=we CharacterOffsetBegin=2142 CharacterOffsetEnd=2144 PartOfSpeech=PRP] [Text=find CharacterOffsetBegin=2145 CharacterOffsetEnd=2149 PartOfSpeech=VBP] [Text=that CharacterOffsetBegin=2150 CharacterOffsetEnd=2154 PartOfSpeech=IN] [Text=halfway CharacterOffsetBegin=2155 CharacterOffsetEnd=2162 PartOfSpeech=RB] [Text=through CharacterOffsetBegin=2163 CharacterOffsetEnd=2170 PartOfSpeech=IN] [Text=the CharacterOffsetBegin=2171 CharacterOffsetEnd=2174 PartOfSpeech=DT] [Text=movie CharacterOffsetBegin=2175 CharacterOffsetEnd=2180 PartOfSpeech=NN] [Text=we CharacterOffsetBegin=2181 CharacterOffsetEnd=2183 PartOfSpeech=PRP] [Text=catch CharacterOffsetBegin=2184 CharacterOffsetEnd=2189 PartOfSpeech=VBP] [Text=up CharacterOffsetBegin=2190 CharacterOffsetEnd=2192 PartOfSpeech=RP] [Text=to CharacterOffsetBegin=2193 CharacterOffsetEnd=2195 PartOfSpeech=TO] [Text=the CharacterOffsetBegin=2196 CharacterOffsetEnd=2199 PartOfSpeech=DT] [Text=present CharacterOffsetBegin=2200 CharacterOffsetEnd=2207 PartOfSpeech=JJ] [Text=and CharacterOffsetBegin=2208 CharacterOffsetEnd=2211 PartOfSpeech=CC] [Text=the CharacterOffsetBegin=2212 CharacterOffsetEnd=2215 PartOfSpeech=DT] [Text=adventure CharacterOffsetBegin=2216 CharacterOffsetEnd=2225 PartOfSpeech=NN] [Text=continues CharacterOffsetBegin=2226 CharacterOffsetEnd=2235 PartOfSpeech=VBZ] [Text=. CharacterOffsetBegin=2235 CharacterOffsetEnd=2236 PartOfSpeech=.] 
root(ROOT-0, find-26)
advmod(seems-3, When-1)
nsubj(seems-3, it-2)
advcl(find-26, seems-3)
det(rest-5, the-4)
nsubjpass(told-11, rest-5)
prep(rest-5, of-6)
det(film-8, the-7)
pobj(of-6, film-8)
aux(told-11, will-9)
auxpass(told-11, be-10)
ccomp(seems-3, told-11)
prep(told-11, in-12)
pobj(in-12, flashback-13)
prep(told-11, through-14)
det(Ahmed-17, the-15)
amod(Ahmed-17, blind-16)
poss(perspective-23, Ahmed-17)
possessive(Ahmed-17, 's-18)
punct(perspective-23, -LRB--19)
poss(perspective-23, Justin-20)
possessive(Justin-20, 's-21)
punct(perspective-23, -RRB--22)
pobj(through-14, perspective-23)
punct(find-26, ,-24)
nsubj(find-26, we-25)
dobj(find-26, that-27)
dep(that-27, halfway-28)
prep(halfway-28, through-29)
det(movie-31, the-30)
pobj(through-29, movie-31)
nsubj(catch-33, we-32)
rcmod(movie-31, catch-33)
prt(catch-33, up-34)
prep(catch-33, to-35)
det(present-37, the-36)
pobj(to-35, present-37)
cc(halfway-28, and-38)
det(adventure-40, the-39)
nsubj(continues-41, adventure-40)
conj(halfway-28, continues-41)
punct(find-26, .-42)

Sentence #14 (56 tokens):
In truth, the second half is someway the better, being full of greater incident and more fantastical in nature.Three small songs pepper the piece, though as the film lasts for 100 minutes this feels more like mild flavouring rather than a real ingredient; I wouldn't classify this as a musical.
[Text=In CharacterOffsetBegin=2241 CharacterOffsetEnd=2243 PartOfSpeech=IN] [Text=truth CharacterOffsetBegin=2244 CharacterOffsetEnd=2249 PartOfSpeech=NN] [Text=, CharacterOffsetBegin=2249 CharacterOffsetEnd=2250 PartOfSpeech=,] [Text=the CharacterOffsetBegin=2251 CharacterOffsetEnd=2254 PartOfSpeech=DT] [Text=second CharacterOffsetBegin=2255 CharacterOffsetEnd=2261 PartOfSpeech=JJ] [Text=half CharacterOffsetBegin=2262 CharacterOffsetEnd=2266 PartOfSpeech=NN] [Text=is CharacterOffsetBegin=2267 CharacterOffsetEnd=2269 PartOfSpeech=VBZ] [Text=someway CharacterOffsetBegin=2270 CharacterOffsetEnd=2277 PartOfSpeech=RB] [Text=the CharacterOffsetBegin=2278 CharacterOffsetEnd=2281 PartOfSpeech=DT] [Text=better CharacterOffsetBegin=2282 CharacterOffsetEnd=2288 PartOfSpeech=JJR] [Text=, CharacterOffsetBegin=2288 CharacterOffsetEnd=2289 PartOfSpeech=,] [Text=being CharacterOffsetBegin=2290 CharacterOffsetEnd=2295 PartOfSpeech=VBG] [Text=full CharacterOffsetBegin=2296 CharacterOffsetEnd=2300 PartOfSpeech=JJ] [Text=of CharacterOffsetBegin=2301 CharacterOffsetEnd=2303 PartOfSpeech=IN] [Text=greater CharacterOffsetBegin=2304 CharacterOffsetEnd=2311 PartOfSpeech=JJR] [Text=incident CharacterOffsetBegin=2312 CharacterOffsetEnd=2320 PartOfSpeech=NN] [Text=and CharacterOffsetBegin=2321 CharacterOffsetEnd=2324 PartOfSpeech=CC] [Text=more CharacterOffsetBegin=2325 CharacterOffsetEnd=2329 PartOfSpeech=JJR] [Text=fantastical CharacterOffsetBegin=2330 CharacterOffsetEnd=2341 PartOfSpeech=JJ] [Text=in CharacterOffsetBegin=2342 CharacterOffsetEnd=2344 PartOfSpeech=IN] [Text=nature.Three CharacterOffsetBegin=2345 CharacterOffsetEnd=2357 PartOfSpeech=NNP] [Text=small CharacterOffsetBegin=2358 CharacterOffsetEnd=2363 PartOfSpeech=JJ] [Text=songs CharacterOffsetBegin=2364 CharacterOffsetEnd=2369 PartOfSpeech=NNS] [Text=pepper CharacterOffsetBegin=2370 CharacterOffsetEnd=2376 PartOfSpeech=NN] [Text=the CharacterOffsetBegin=2377 CharacterOffsetEnd=2380 PartOfSpeech=DT] [Text=piece CharacterOffsetBegin=2381 CharacterOffsetEnd=2386 PartOfSpeech=NN] [Text=, CharacterOffsetBegin=2386 CharacterOffsetEnd=2387 PartOfSpeech=,] [Text=though CharacterOffsetBegin=2388 CharacterOffsetEnd=2394 PartOfSpeech=IN] [Text=as CharacterOffsetBegin=2395 CharacterOffsetEnd=2397 PartOfSpeech=IN] [Text=the CharacterOffsetBegin=2398 CharacterOffsetEnd=2401 PartOfSpeech=DT] [Text=film CharacterOffsetBegin=2402 CharacterOffsetEnd=2406 PartOfSpeech=NN] [Text=lasts CharacterOffsetBegin=2407 CharacterOffsetEnd=2412 PartOfSpeech=VBZ] [Text=for CharacterOffsetBegin=2413 CharacterOffsetEnd=2416 PartOfSpeech=IN] [Text=100 CharacterOffsetBegin=2417 CharacterOffsetEnd=2420 PartOfSpeech=CD] [Text=minutes CharacterOffsetBegin=2421 CharacterOffsetEnd=2428 PartOfSpeech=NNS] [Text=this CharacterOffsetBegin=2429 CharacterOffsetEnd=2433 PartOfSpeech=DT] [Text=feels CharacterOffsetBegin=2434 CharacterOffsetEnd=2439 PartOfSpeech=VBZ] [Text=more CharacterOffsetBegin=2440 CharacterOffsetEnd=2444 PartOfSpeech=JJR] [Text=like CharacterOffsetBegin=2445 CharacterOffsetEnd=2449 PartOfSpeech=IN] [Text=mild CharacterOffsetBegin=2450 CharacterOffsetEnd=2454 PartOfSpeech=JJ] [Text=flavouring CharacterOffsetBegin=2455 CharacterOffsetEnd=2465 PartOfSpeech=NN] [Text=rather CharacterOffsetBegin=2466 CharacterOffsetEnd=2472 PartOfSpeech=RB] [Text=than CharacterOffsetBegin=2473 CharacterOffsetEnd=2477 PartOfSpeech=IN] [Text=a CharacterOffsetBegin=2478 CharacterOffsetEnd=2479 PartOfSpeech=DT] [Text=real CharacterOffsetBegin=2480 CharacterOffsetEnd=2484 PartOfSpeech=JJ] [Text=ingredient CharacterOffsetBegin=2485 CharacterOffsetEnd=2495 PartOfSpeech=NN] [Text=; CharacterOffsetBegin=2495 CharacterOffsetEnd=2496 PartOfSpeech=:] [Text=I CharacterOffsetBegin=2497 CharacterOffsetEnd=2498 PartOfSpeech=PRP] [Text=would CharacterOffsetBegin=2499 CharacterOffsetEnd=2504 PartOfSpeech=MD] [Text=n't CharacterOffsetBegin=2504 CharacterOffsetEnd=2507 PartOfSpeech=RB] [Text=classify CharacterOffsetBegin=2508 CharacterOffsetEnd=2516 PartOfSpeech=VB] [Text=this CharacterOffsetBegin=2517 CharacterOffsetEnd=2521 PartOfSpeech=DT] [Text=as CharacterOffsetBegin=2522 CharacterOffsetEnd=2524 PartOfSpeech=IN] [Text=a CharacterOffsetBegin=2525 CharacterOffsetEnd=2526 PartOfSpeech=DT] [Text=musical CharacterOffsetBegin=2527 CharacterOffsetEnd=2534 PartOfSpeech=JJ] [Text=. CharacterOffsetBegin=2534 CharacterOffsetEnd=2535 PartOfSpeech=.] 
root(ROOT-0, better-10)
prep(better-10, In-1)
pobj(In-1, truth-2)
punct(better-10, ,-3)
det(half-6, the-4)
amod(half-6, second-5)
nsubj(better-10, half-6)
cop(better-10, is-7)
advmod(better-10, someway-8)
det(better-10, the-9)
punct(better-10, ,-11)
cop(full-13, being-12)
xcomp(better-10, full-13)
prep(full-13, of-14)
amod(incident-16, greater-15)
pobj(of-14, incident-16)
cc(incident-16, and-17)
amod(fantastical-19, more-18)
conj(incident-16, fantastical-19)
prep(fantastical-19, in-20)
nn(piece-26, nature.Three-21)
amod(songs-23, small-22)
dep(piece-26, songs-23)
nn(piece-26, pepper-24)
det(piece-26, the-25)
pobj(in-20, piece-26)
punct(better-10, ,-27)
mark(lasts-32, though-28)
mark(lasts-32, as-29)
det(film-31, the-30)
nsubj(lasts-32, film-31)
advcl(better-10, lasts-32)
prep(lasts-32, for-33)
num(minutes-35, 100-34)
pobj(for-33, minutes-35)
nsubj(feels-37, this-36)
ccomp(lasts-32, feels-37)
acomp(feels-37, more-38)
prep(more-38, like-39)
amod(flavouring-41, mild-40)
pobj(like-39, flavouring-41)
cc(flavouring-41, rather-42)
mwe(rather-42, than-43)
det(ingredient-46, a-44)
amod(ingredient-46, real-45)
conj(flavouring-41, ingredient-46)
punct(better-10, ;-47)
nsubj(classify-51, I-48)
aux(classify-51, would-49)
neg(classify-51, n't-50)
parataxis(better-10, classify-51)
dobj(classify-51, this-52)
prep(classify-51, as-53)
det(musical-55, a-54)
pobj(as-53, musical-55)
punct(better-10, .-56)

Sentence #15 (35 tokens):
It's all great fun; Justin and June Duprez are the love interest for the mums and dads, Veidt is the boo-hiss villain, and Abu is the youthful, irrepressible robber.
[Text=It CharacterOffsetBegin=2540 CharacterOffsetEnd=2542 PartOfSpeech=PRP] [Text='s CharacterOffsetBegin=2542 CharacterOffsetEnd=2544 PartOfSpeech=VBZ] [Text=all CharacterOffsetBegin=2545 CharacterOffsetEnd=2548 PartOfSpeech=DT] [Text=great CharacterOffsetBegin=2549 CharacterOffsetEnd=2554 PartOfSpeech=JJ] [Text=fun CharacterOffsetBegin=2555 CharacterOffsetEnd=2558 PartOfSpeech=NN] [Text=; CharacterOffsetBegin=2558 CharacterOffsetEnd=2559 PartOfSpeech=:] [Text=Justin CharacterOffsetBegin=2560 CharacterOffsetEnd=2566 PartOfSpeech=NNP] [Text=and CharacterOffsetBegin=2567 CharacterOffsetEnd=2570 PartOfSpeech=CC] [Text=June CharacterOffsetBegin=2571 CharacterOffsetEnd=2575 PartOfSpeech=NNP] [Text=Duprez CharacterOffsetBegin=2576 CharacterOffsetEnd=2582 PartOfSpeech=NNP] [Text=are CharacterOffsetBegin=2583 CharacterOffsetEnd=2586 PartOfSpeech=VBP] [Text=the CharacterOffsetBegin=2587 CharacterOffsetEnd=2590 PartOfSpeech=DT] [Text=love CharacterOffsetBegin=2591 CharacterOffsetEnd=2595 PartOfSpeech=NN] [Text=interest CharacterOffsetBegin=2596 CharacterOffsetEnd=2604 PartOfSpeech=NN] [Text=for CharacterOffsetBegin=2605 CharacterOffsetEnd=2608 PartOfSpeech=IN] [Text=the CharacterOffsetBegin=2609 CharacterOffsetEnd=2612 PartOfSpeech=DT] [Text=mums CharacterOffsetBegin=2613 CharacterOffsetEnd=2617 PartOfSpeech=NNS] [Text=and CharacterOffsetBegin=2618 CharacterOffsetEnd=2621 PartOfSpeech=CC] [Text=dads CharacterOffsetBegin=2622 CharacterOffsetEnd=2626 PartOfSpeech=NNS] [Text=, CharacterOffsetBegin=2626 CharacterOffsetEnd=2627 PartOfSpeech=,] [Text=Veidt CharacterOffsetBegin=2628 CharacterOffsetEnd=2633 PartOfSpeech=NNP] [Text=is CharacterOffsetBegin=2634 CharacterOffsetEnd=2636 PartOfSpeech=VBZ] [Text=the CharacterOffsetBegin=2637 CharacterOffsetEnd=2640 PartOfSpeech=DT] [Text=boo-hiss CharacterOffsetBegin=2641 CharacterOffsetEnd=2649 PartOfSpeech=JJ] [Text=villain CharacterOffsetBegin=2650 CharacterOffsetEnd=2657 PartOfSpeech=NN] [Text=, CharacterOffsetBegin=2657 CharacterOffsetEnd=2658 PartOfSpeech=,] [Text=and CharacterOffsetBegin=2659 CharacterOffsetEnd=2662 PartOfSpeech=CC] [Text=Abu CharacterOffsetBegin=2663 CharacterOffsetEnd=2666 PartOfSpeech=NNP] [Text=is CharacterOffsetBegin=2667 CharacterOffsetEnd=2669 PartOfSpeech=VBZ] [Text=the CharacterOffsetBegin=2670 CharacterOffsetEnd=2673 PartOfSpeech=DT] [Text=youthful CharacterOffsetBegin=2674 CharacterOffsetEnd=2682 PartOfSpeech=JJ] [Text=, CharacterOffsetBegin=2682 CharacterOffsetEnd=2683 PartOfSpeech=,] [Text=irrepressible CharacterOffsetBegin=2684 CharacterOffsetEnd=2697 PartOfSpeech=JJ] [Text=robber CharacterOffsetBegin=2698 CharacterOffsetEnd=2704 PartOfSpeech=NN] [Text=. CharacterOffsetBegin=2704 CharacterOffsetEnd=2705 PartOfSpeech=.] 
root(ROOT-0, fun-5)
nsubj(fun-5, It-1)
cop(fun-5, 's-2)
det(fun-5, all-3)
amod(fun-5, great-4)
punct(fun-5, ;-6)
nn(Duprez-10, Justin-7)
cc(Justin-7, and-8)
conj(Justin-7, June-9)
nsubj(interest-14, Duprez-10)
cop(interest-14, are-11)
det(interest-14, the-12)
nn(interest-14, love-13)
conj(fun-5, interest-14)
prep(interest-14, for-15)
det(mums-17, the-16)
pobj(for-15, mums-17)
cc(mums-17, and-18)
conj(mums-17, dads-19)
punct(fun-5, ,-20)
nsubj(villain-25, Veidt-21)
cop(villain-25, is-22)
det(villain-25, the-23)
amod(villain-25, boo-hiss-24)
conj(fun-5, villain-25)
punct(fun-5, ,-26)
cc(fun-5, and-27)
nsubj(robber-34, Abu-28)
cop(robber-34, is-29)
det(robber-34, the-30)
amod(robber-34, youthful-31)
punct(robber-34, ,-32)
amod(robber-34, irrepressible-33)
conj(fun-5, robber-34)
punct(fun-5, .-35)

Sentence #16 (40 tokens):
It may take a while to get into the somewhat dated mindset and overblown melodrama of 40s English movies, but once you've sat through the first half an hour or so this film really draws you in.
[Text=It CharacterOffsetBegin=2710 CharacterOffsetEnd=2712 PartOfSpeech=PRP] [Text=may CharacterOffsetBegin=2713 CharacterOffsetEnd=2716 PartOfSpeech=MD] [Text=take CharacterOffsetBegin=2717 CharacterOffsetEnd=2721 PartOfSpeech=VB] [Text=a CharacterOffsetBegin=2722 CharacterOffsetEnd=2723 PartOfSpeech=DT] [Text=while CharacterOffsetBegin=2724 CharacterOffsetEnd=2729 PartOfSpeech=NN] [Text=to CharacterOffsetBegin=2730 CharacterOffsetEnd=2732 PartOfSpeech=TO] [Text=get CharacterOffsetBegin=2733 CharacterOffsetEnd=2736 PartOfSpeech=VB] [Text=into CharacterOffsetBegin=2737 CharacterOffsetEnd=2741 PartOfSpeech=IN] [Text=the CharacterOffsetBegin=2742 CharacterOffsetEnd=2745 PartOfSpeech=DT] [Text=somewhat CharacterOffsetBegin=2746 CharacterOffsetEnd=2754 PartOfSpeech=RB] [Text=dated CharacterOffsetBegin=2755 CharacterOffsetEnd=2760 PartOfSpeech=JJ] [Text=mindset CharacterOffsetBegin=2761 CharacterOffsetEnd=2768 PartOfSpeech=NN] [Text=and CharacterOffsetBegin=2769 CharacterOffsetEnd=2772 PartOfSpeech=CC] [Text=overblown CharacterOffsetBegin=2773 CharacterOffsetEnd=2782 PartOfSpeech=JJ] [Text=melodrama CharacterOffsetBegin=2783 CharacterOffsetEnd=2792 PartOfSpeech=NN] [Text=of CharacterOffsetBegin=2793 CharacterOffsetEnd=2795 PartOfSpeech=IN] [Text=40s CharacterOffsetBegin=2796 CharacterOffsetEnd=2799 PartOfSpeech=CD] [Text=English CharacterOffsetBegin=2800 CharacterOffsetEnd=2807 PartOfSpeech=NNP] [Text=movies CharacterOffsetBegin=2808 CharacterOffsetEnd=2814 PartOfSpeech=NNS] [Text=, CharacterOffsetBegin=2814 CharacterOffsetEnd=2815 PartOfSpeech=,] [Text=but CharacterOffsetBegin=2816 CharacterOffsetEnd=2819 PartOfSpeech=CC] [Text=once CharacterOffsetBegin=2820 CharacterOffsetEnd=2824 PartOfSpeech=RB] [Text=you CharacterOffsetBegin=2825 CharacterOffsetEnd=2828 PartOfSpeech=PRP] [Text='ve CharacterOffsetBegin=2828 CharacterOffsetEnd=2831 PartOfSpeech=VBP] [Text=sat CharacterOffsetBegin=2832 CharacterOffsetEnd=2835 PartOfSpeech=VBN] [Text=through CharacterOffsetBegin=2836 CharacterOffsetEnd=2843 PartOfSpeech=IN] [Text=the CharacterOffsetBegin=2844 CharacterOffsetEnd=2847 PartOfSpeech=DT] [Text=first CharacterOffsetBegin=2848 CharacterOffsetEnd=2853 PartOfSpeech=JJ] [Text=half CharacterOffsetBegin=2854 CharacterOffsetEnd=2858 PartOfSpeech=DT] [Text=an CharacterOffsetBegin=2859 CharacterOffsetEnd=2861 PartOfSpeech=DT] [Text=hour CharacterOffsetBegin=2862 CharacterOffsetEnd=2866 PartOfSpeech=NN] [Text=or CharacterOffsetBegin=2867 CharacterOffsetEnd=2869 PartOfSpeech=CC] [Text=so CharacterOffsetBegin=2870 CharacterOffsetEnd=2872 PartOfSpeech=RB] [Text=this CharacterOffsetBegin=2873 CharacterOffsetEnd=2877 PartOfSpeech=DT] [Text=film CharacterOffsetBegin=2878 CharacterOffsetEnd=2882 PartOfSpeech=NN] [Text=really CharacterOffsetBegin=2883 CharacterOffsetEnd=2889 PartOfSpeech=RB] [Text=draws CharacterOffsetBegin=2890 CharacterOffsetEnd=2895 PartOfSpeech=VBZ] [Text=you CharacterOffsetBegin=2896 CharacterOffsetEnd=2899 PartOfSpeech=PRP] [Text=in CharacterOffsetBegin=2900 CharacterOffsetEnd=2902 PartOfSpeech=IN] [Text=. CharacterOffsetBegin=2902 CharacterOffsetEnd=2903 PartOfSpeech=.] 
root(ROOT-0, take-3)
nsubj(take-3, It-1)
aux(take-3, may-2)
det(while-5, a-4)
dobj(take-3, while-5)
aux(get-7, to-6)
xcomp(take-3, get-7)
prep(get-7, into-8)
det(mindset-12, the-9)
advmod(dated-11, somewhat-10)
amod(mindset-12, dated-11)
pobj(into-8, mindset-12)
cc(mindset-12, and-13)
amod(melodrama-15, overblown-14)
conj(mindset-12, melodrama-15)
prep(melodrama-15, of-16)
num(movies-19, 40s-17)
nn(movies-19, English-18)
pobj(of-16, movies-19)
punct(take-3, ,-20)
cc(take-3, but-21)
advmod(sat-25, once-22)
nsubj(sat-25, you-23)
aux(sat-25, 've-24)
conj(take-3, sat-25)
prep(sat-25, through-26)
det(hour-31, the-27)
amod(hour-31, first-28)
predet(hour-31, half-29)
det(hour-31, an-30)
pobj(through-26, hour-31)
cc(sat-25, or-32)
advmod(film-35, so-33)
det(film-35, this-34)
nsubj(draws-37, film-35)
advmod(draws-37, really-36)
conj(sat-25, draws-37)
dobj(draws-37, you-38)
advmod(draws-37, in-39)
punct(take-3, .-40)

Sentence #17 (3 tokens):
Quite commendable.
[Text=Quite CharacterOffsetBegin=2908 CharacterOffsetEnd=2913 PartOfSpeech=RB] [Text=commendable CharacterOffsetBegin=2914 CharacterOffsetEnd=2925 PartOfSpeech=JJ] [Text=. CharacterOffsetBegin=2925 CharacterOffsetEnd=2926 PartOfSpeech=.] 
root(ROOT-0, commendable-2)
advmod(commendable-2, Quite-1)
punct(commendable-2, .-3)

