Sentence #1 (9 tokens):
Yes, that's right, it is.
[Text=Yes CharacterOffsetBegin=4 CharacterOffsetEnd=7 PartOfSpeech=UH] [Text=, CharacterOffsetBegin=7 CharacterOffsetEnd=8 PartOfSpeech=,] [Text=that CharacterOffsetBegin=9 CharacterOffsetEnd=13 PartOfSpeech=DT] [Text='s CharacterOffsetBegin=13 CharacterOffsetEnd=15 PartOfSpeech=VBZ] [Text=right CharacterOffsetBegin=16 CharacterOffsetEnd=21 PartOfSpeech=RB] [Text=, CharacterOffsetBegin=21 CharacterOffsetEnd=22 PartOfSpeech=,] [Text=it CharacterOffsetBegin=23 CharacterOffsetEnd=25 PartOfSpeech=PRP] [Text=is CharacterOffsetBegin=26 CharacterOffsetEnd=28 PartOfSpeech=VBZ] [Text=. CharacterOffsetBegin=28 CharacterOffsetEnd=29 PartOfSpeech=.] 
root(ROOT-0, is-8)
ccomp(is-8, Yes-1)
punct(Yes-1, ,-2)
nsubj(right-5, that-3)
cop(right-5, 's-4)
rcmod(Yes-1, right-5)
punct(is-8, ,-6)
nsubj(is-8, it-7)
punct(is-8, .-9)

Sentence #2 (22 tokens):
I firmly believe that the N64 and the weird looking controller were both designed just so this game could be made.
[Text=I CharacterOffsetBegin=34 CharacterOffsetEnd=35 PartOfSpeech=PRP] [Text=firmly CharacterOffsetBegin=36 CharacterOffsetEnd=42 PartOfSpeech=RB] [Text=believe CharacterOffsetBegin=43 CharacterOffsetEnd=50 PartOfSpeech=VBP] [Text=that CharacterOffsetBegin=51 CharacterOffsetEnd=55 PartOfSpeech=IN] [Text=the CharacterOffsetBegin=56 CharacterOffsetEnd=59 PartOfSpeech=DT] [Text=N64 CharacterOffsetBegin=60 CharacterOffsetEnd=63 PartOfSpeech=NN] [Text=and CharacterOffsetBegin=64 CharacterOffsetEnd=67 PartOfSpeech=CC] [Text=the CharacterOffsetBegin=68 CharacterOffsetEnd=71 PartOfSpeech=DT] [Text=weird CharacterOffsetBegin=72 CharacterOffsetEnd=77 PartOfSpeech=JJ] [Text=looking CharacterOffsetBegin=78 CharacterOffsetEnd=85 PartOfSpeech=VBG] [Text=controller CharacterOffsetBegin=86 CharacterOffsetEnd=96 PartOfSpeech=NN] [Text=were CharacterOffsetBegin=97 CharacterOffsetEnd=101 PartOfSpeech=VBD] [Text=both CharacterOffsetBegin=102 CharacterOffsetEnd=106 PartOfSpeech=DT] [Text=designed CharacterOffsetBegin=107 CharacterOffsetEnd=115 PartOfSpeech=VBN] [Text=just CharacterOffsetBegin=116 CharacterOffsetEnd=120 PartOfSpeech=RB] [Text=so CharacterOffsetBegin=121 CharacterOffsetEnd=123 PartOfSpeech=RB] [Text=this CharacterOffsetBegin=124 CharacterOffsetEnd=128 PartOfSpeech=DT] [Text=game CharacterOffsetBegin=129 CharacterOffsetEnd=133 PartOfSpeech=NN] [Text=could CharacterOffsetBegin=134 CharacterOffsetEnd=139 PartOfSpeech=MD] [Text=be CharacterOffsetBegin=140 CharacterOffsetEnd=142 PartOfSpeech=VB] [Text=made CharacterOffsetBegin=143 CharacterOffsetEnd=147 PartOfSpeech=VBN] [Text=. CharacterOffsetBegin=147 CharacterOffsetEnd=148 PartOfSpeech=.] 
root(ROOT-0, believe-3)
nsubj(believe-3, I-1)
advmod(believe-3, firmly-2)
mark(designed-14, that-4)
det(N64-6, the-5)
nsubjpass(designed-14, N64-6)
cc(N64-6, and-7)
det(weird-9, the-8)
amod(controller-11, weird-9)
amod(controller-11, looking-10)
conj(N64-6, controller-11)
auxpass(designed-14, were-12)
dep(designed-14, both-13)
ccomp(believe-3, designed-14)
advmod(so-16, just-15)
advmod(game-18, so-16)
det(game-18, this-17)
nsubjpass(made-21, game-18)
aux(made-21, could-19)
auxpass(made-21, be-20)
ccomp(designed-14, made-21)
punct(believe-3, .-22)

Sentence #3 (23 tokens):
It was amazing the first time I saw it, with its huge environments and colorful characters, and its amazing now.
[Text=It CharacterOffsetBegin=153 CharacterOffsetEnd=155 PartOfSpeech=PRP] [Text=was CharacterOffsetBegin=156 CharacterOffsetEnd=159 PartOfSpeech=VBD] [Text=amazing CharacterOffsetBegin=160 CharacterOffsetEnd=167 PartOfSpeech=JJ] [Text=the CharacterOffsetBegin=168 CharacterOffsetEnd=171 PartOfSpeech=DT] [Text=first CharacterOffsetBegin=172 CharacterOffsetEnd=177 PartOfSpeech=JJ] [Text=time CharacterOffsetBegin=178 CharacterOffsetEnd=182 PartOfSpeech=NN] [Text=I CharacterOffsetBegin=183 CharacterOffsetEnd=184 PartOfSpeech=PRP] [Text=saw CharacterOffsetBegin=185 CharacterOffsetEnd=188 PartOfSpeech=VBD] [Text=it CharacterOffsetBegin=189 CharacterOffsetEnd=191 PartOfSpeech=PRP] [Text=, CharacterOffsetBegin=191 CharacterOffsetEnd=192 PartOfSpeech=,] [Text=with CharacterOffsetBegin=193 CharacterOffsetEnd=197 PartOfSpeech=IN] [Text=its CharacterOffsetBegin=198 CharacterOffsetEnd=201 PartOfSpeech=PRP$] [Text=huge CharacterOffsetBegin=202 CharacterOffsetEnd=206 PartOfSpeech=JJ] [Text=environments CharacterOffsetBegin=207 CharacterOffsetEnd=219 PartOfSpeech=NNS] [Text=and CharacterOffsetBegin=220 CharacterOffsetEnd=223 PartOfSpeech=CC] [Text=colorful CharacterOffsetBegin=224 CharacterOffsetEnd=232 PartOfSpeech=JJ] [Text=characters CharacterOffsetBegin=233 CharacterOffsetEnd=243 PartOfSpeech=NNS] [Text=, CharacterOffsetBegin=243 CharacterOffsetEnd=244 PartOfSpeech=,] [Text=and CharacterOffsetBegin=245 CharacterOffsetEnd=248 PartOfSpeech=CC] [Text=its CharacterOffsetBegin=249 CharacterOffsetEnd=252 PartOfSpeech=PRP$] [Text=amazing CharacterOffsetBegin=253 CharacterOffsetEnd=260 PartOfSpeech=JJ] [Text=now CharacterOffsetBegin=261 CharacterOffsetEnd=264 PartOfSpeech=RB] [Text=. CharacterOffsetBegin=264 CharacterOffsetEnd=265 PartOfSpeech=.] 
root(ROOT-0, amazing-3)
nsubj(amazing-3, It-1)
cop(amazing-3, was-2)
det(time-6, the-4)
amod(time-6, first-5)
tmod(amazing-3, time-6)
nsubj(saw-8, I-7)
rcmod(time-6, saw-8)
dobj(saw-8, it-9)
punct(amazing-3, ,-10)
prep(amazing-3, with-11)
poss(environments-14, its-12)
amod(environments-14, huge-13)
pobj(with-11, environments-14)
cc(environments-14, and-15)
amod(characters-17, colorful-16)
conj(environments-14, characters-17)
punct(amazing-3, ,-18)
cc(amazing-3, and-19)
poss(amazing-21, its-20)
conj(amazing-3, amazing-21)
advmod(amazing-21, now-22)
punct(amazing-3, .-23)

Sentence #4 (26 tokens):
The play control is perfect, the graphics are beautiful, and it has that Nintendo charm that is always so intangible but undeniably there.
[Text=The CharacterOffsetBegin=270 CharacterOffsetEnd=273 PartOfSpeech=DT] [Text=play CharacterOffsetBegin=274 CharacterOffsetEnd=278 PartOfSpeech=NN] [Text=control CharacterOffsetBegin=279 CharacterOffsetEnd=286 PartOfSpeech=NN] [Text=is CharacterOffsetBegin=287 CharacterOffsetEnd=289 PartOfSpeech=VBZ] [Text=perfect CharacterOffsetBegin=290 CharacterOffsetEnd=297 PartOfSpeech=JJ] [Text=, CharacterOffsetBegin=297 CharacterOffsetEnd=298 PartOfSpeech=,] [Text=the CharacterOffsetBegin=299 CharacterOffsetEnd=302 PartOfSpeech=DT] [Text=graphics CharacterOffsetBegin=303 CharacterOffsetEnd=311 PartOfSpeech=NNS] [Text=are CharacterOffsetBegin=312 CharacterOffsetEnd=315 PartOfSpeech=VBP] [Text=beautiful CharacterOffsetBegin=316 CharacterOffsetEnd=325 PartOfSpeech=JJ] [Text=, CharacterOffsetBegin=325 CharacterOffsetEnd=326 PartOfSpeech=,] [Text=and CharacterOffsetBegin=327 CharacterOffsetEnd=330 PartOfSpeech=CC] [Text=it CharacterOffsetBegin=331 CharacterOffsetEnd=333 PartOfSpeech=PRP] [Text=has CharacterOffsetBegin=334 CharacterOffsetEnd=337 PartOfSpeech=VBZ] [Text=that CharacterOffsetBegin=338 CharacterOffsetEnd=342 PartOfSpeech=DT] [Text=Nintendo CharacterOffsetBegin=343 CharacterOffsetEnd=351 PartOfSpeech=NNP] [Text=charm CharacterOffsetBegin=352 CharacterOffsetEnd=357 PartOfSpeech=NN] [Text=that CharacterOffsetBegin=358 CharacterOffsetEnd=362 PartOfSpeech=WDT] [Text=is CharacterOffsetBegin=363 CharacterOffsetEnd=365 PartOfSpeech=VBZ] [Text=always CharacterOffsetBegin=366 CharacterOffsetEnd=372 PartOfSpeech=RB] [Text=so CharacterOffsetBegin=373 CharacterOffsetEnd=375 PartOfSpeech=RB] [Text=intangible CharacterOffsetBegin=376 CharacterOffsetEnd=386 PartOfSpeech=JJ] [Text=but CharacterOffsetBegin=387 CharacterOffsetEnd=390 PartOfSpeech=CC] [Text=undeniably CharacterOffsetBegin=391 CharacterOffsetEnd=401 PartOfSpeech=RB] [Text=there CharacterOffsetBegin=402 CharacterOffsetEnd=407 PartOfSpeech=RB] [Text=. CharacterOffsetBegin=407 CharacterOffsetEnd=408 PartOfSpeech=.] 
root(ROOT-0, perfect-5)
det(control-3, The-1)
nn(control-3, play-2)
nsubj(perfect-5, control-3)
cop(perfect-5, is-4)
punct(perfect-5, ,-6)
det(graphics-8, the-7)
nsubj(beautiful-10, graphics-8)
cop(beautiful-10, are-9)
ccomp(perfect-5, beautiful-10)
punct(perfect-5, ,-11)
cc(perfect-5, and-12)
nsubj(has-14, it-13)
conj(perfect-5, has-14)
det(charm-17, that-15)
nn(charm-17, Nintendo-16)
dobj(has-14, charm-17)
nsubj(intangible-22, that-18)
cop(intangible-22, is-19)
advmod(intangible-22, always-20)
advmod(intangible-22, so-21)
rcmod(charm-17, intangible-22)
cc(intangible-22, but-23)
advmod(there-25, undeniably-24)
conj(intangible-22, there-25)
punct(perfect-5, .-26)

Sentence #5 (19 tokens):
A must have for any N64 owner, and a reason to get an N64 for everyone else.
[Text=A CharacterOffsetBegin=413 CharacterOffsetEnd=414 PartOfSpeech=DT] [Text=must CharacterOffsetBegin=415 CharacterOffsetEnd=419 PartOfSpeech=MD] [Text=have CharacterOffsetBegin=420 CharacterOffsetEnd=424 PartOfSpeech=VB] [Text=for CharacterOffsetBegin=425 CharacterOffsetEnd=428 PartOfSpeech=IN] [Text=any CharacterOffsetBegin=429 CharacterOffsetEnd=432 PartOfSpeech=DT] [Text=N64 CharacterOffsetBegin=433 CharacterOffsetEnd=436 PartOfSpeech=NN] [Text=owner CharacterOffsetBegin=437 CharacterOffsetEnd=442 PartOfSpeech=NN] [Text=, CharacterOffsetBegin=442 CharacterOffsetEnd=443 PartOfSpeech=,] [Text=and CharacterOffsetBegin=444 CharacterOffsetEnd=447 PartOfSpeech=CC] [Text=a CharacterOffsetBegin=448 CharacterOffsetEnd=449 PartOfSpeech=DT] [Text=reason CharacterOffsetBegin=450 CharacterOffsetEnd=456 PartOfSpeech=NN] [Text=to CharacterOffsetBegin=457 CharacterOffsetEnd=459 PartOfSpeech=TO] [Text=get CharacterOffsetBegin=460 CharacterOffsetEnd=463 PartOfSpeech=VB] [Text=an CharacterOffsetBegin=464 CharacterOffsetEnd=466 PartOfSpeech=DT] [Text=N64 CharacterOffsetBegin=467 CharacterOffsetEnd=470 PartOfSpeech=NN] [Text=for CharacterOffsetBegin=471 CharacterOffsetEnd=474 PartOfSpeech=IN] [Text=everyone CharacterOffsetBegin=475 CharacterOffsetEnd=483 PartOfSpeech=NN] [Text=else CharacterOffsetBegin=484 CharacterOffsetEnd=488 PartOfSpeech=RB] [Text=. CharacterOffsetBegin=488 CharacterOffsetEnd=489 PartOfSpeech=.] 
root(ROOT-0, have-3)
nsubj(have-3, A-1)
aux(have-3, must-2)
prep(have-3, for-4)
det(owner-7, any-5)
nn(owner-7, N64-6)
pobj(for-4, owner-7)
punct(have-3, ,-8)
cc(have-3, and-9)
det(reason-11, a-10)
conj(have-3, reason-11)
aux(get-13, to-12)
infmod(reason-11, get-13)
det(N64-15, an-14)
dobj(get-13, N64-15)
prep(N64-15, for-16)
pobj(for-16, everyone-17)
advmod(everyone-17, else-18)
punct(have-3, .-19)

