Sentence #1 (27 tokens):
"Footlight Parade" is just one of several wonderfully jaunty musicals that Warner Bros. produced in the early 1930's to ward off the Depression.
[Text=`` CharacterOffsetBegin=4 CharacterOffsetEnd=5 PartOfSpeech=``] [Text=Footlight CharacterOffsetBegin=5 CharacterOffsetEnd=14 PartOfSpeech=NNP] [Text=Parade CharacterOffsetBegin=15 CharacterOffsetEnd=21 PartOfSpeech=NNP] [Text='' CharacterOffsetBegin=21 CharacterOffsetEnd=22 PartOfSpeech=''] [Text=is CharacterOffsetBegin=23 CharacterOffsetEnd=25 PartOfSpeech=VBZ] [Text=just CharacterOffsetBegin=26 CharacterOffsetEnd=30 PartOfSpeech=RB] [Text=one CharacterOffsetBegin=31 CharacterOffsetEnd=34 PartOfSpeech=CD] [Text=of CharacterOffsetBegin=35 CharacterOffsetEnd=37 PartOfSpeech=IN] [Text=several CharacterOffsetBegin=38 CharacterOffsetEnd=45 PartOfSpeech=JJ] [Text=wonderfully CharacterOffsetBegin=46 CharacterOffsetEnd=57 PartOfSpeech=RB] [Text=jaunty CharacterOffsetBegin=58 CharacterOffsetEnd=64 PartOfSpeech=JJ] [Text=musicals CharacterOffsetBegin=65 CharacterOffsetEnd=73 PartOfSpeech=NNS] [Text=that CharacterOffsetBegin=74 CharacterOffsetEnd=78 PartOfSpeech=IN] [Text=Warner CharacterOffsetBegin=79 CharacterOffsetEnd=85 PartOfSpeech=NNP] [Text=Bros. CharacterOffsetBegin=86 CharacterOffsetEnd=91 PartOfSpeech=NNP] [Text=produced CharacterOffsetBegin=92 CharacterOffsetEnd=100 PartOfSpeech=VBD] [Text=in CharacterOffsetBegin=101 CharacterOffsetEnd=103 PartOfSpeech=IN] [Text=the CharacterOffsetBegin=104 CharacterOffsetEnd=107 PartOfSpeech=DT] [Text=early CharacterOffsetBegin=108 CharacterOffsetEnd=113 PartOfSpeech=JJ] [Text=1930 CharacterOffsetBegin=114 CharacterOffsetEnd=118 PartOfSpeech=CD] [Text='s CharacterOffsetBegin=118 CharacterOffsetEnd=120 PartOfSpeech=POS] [Text=to CharacterOffsetBegin=121 CharacterOffsetEnd=123 PartOfSpeech=TO] [Text=ward CharacterOffsetBegin=124 CharacterOffsetEnd=128 PartOfSpeech=VB] [Text=off CharacterOffsetBegin=129 CharacterOffsetEnd=132 PartOfSpeech=RP] [Text=the CharacterOffsetBegin=133 CharacterOffsetEnd=136 PartOfSpeech=DT] [Text=Depression CharacterOffsetBegin=137 CharacterOffsetEnd=147 PartOfSpeech=NN] [Text=. CharacterOffsetBegin=147 CharacterOffsetEnd=148 PartOfSpeech=.] 
root(ROOT-0, one-7)
punct(Parade-3, ``-1)
nn(Parade-3, Footlight-2)
nsubj(one-7, Parade-3)
punct(Parade-3, ''-4)
cop(one-7, is-5)
advmod(one-7, just-6)
prep(one-7, of-8)
amod(musicals-12, several-9)
amod(musicals-12, wonderfully-10)
amod(musicals-12, jaunty-11)
pobj(of-8, musicals-12)
dobj(produced-16, that-13)
nn(Bros.-15, Warner-14)
nsubj(produced-16, Bros.-15)
rcmod(musicals-12, produced-16)
prep(produced-16, in-17)
det(1930-20, the-18)
amod(1930-20, early-19)
pobj(in-17, 1930-20)
possessive(1930-20, 's-21)
aux(ward-23, to-22)
dep(1930-20, ward-23)
prt(ward-23, off-24)
det(Depression-26, the-25)
dobj(ward-23, Depression-26)
punct(one-7, .-27)

Sentence #2 (63 tokens):
"42nd Street" and the Golddiggers series were also produced during this era, and they made literally, millions of Americans forget their troubles for a little while, and enjoy themselves.While most of the films produced had the great talents of Joan Blondell, Ruby Keeler, and Dick Powell, only Foolight Parade had the incomparable James Cagney.
[Text=`` CharacterOffsetBegin=153 CharacterOffsetEnd=154 PartOfSpeech=``] [Text=42nd CharacterOffsetBegin=154 CharacterOffsetEnd=158 PartOfSpeech=NNP] [Text=Street CharacterOffsetBegin=159 CharacterOffsetEnd=165 PartOfSpeech=NNP] [Text='' CharacterOffsetBegin=165 CharacterOffsetEnd=166 PartOfSpeech=''] [Text=and CharacterOffsetBegin=167 CharacterOffsetEnd=170 PartOfSpeech=CC] [Text=the CharacterOffsetBegin=171 CharacterOffsetEnd=174 PartOfSpeech=DT] [Text=Golddiggers CharacterOffsetBegin=175 CharacterOffsetEnd=186 PartOfSpeech=NNPS] [Text=series CharacterOffsetBegin=187 CharacterOffsetEnd=193 PartOfSpeech=NN] [Text=were CharacterOffsetBegin=194 CharacterOffsetEnd=198 PartOfSpeech=VBD] [Text=also CharacterOffsetBegin=199 CharacterOffsetEnd=203 PartOfSpeech=RB] [Text=produced CharacterOffsetBegin=204 CharacterOffsetEnd=212 PartOfSpeech=VBN] [Text=during CharacterOffsetBegin=213 CharacterOffsetEnd=219 PartOfSpeech=IN] [Text=this CharacterOffsetBegin=220 CharacterOffsetEnd=224 PartOfSpeech=DT] [Text=era CharacterOffsetBegin=225 CharacterOffsetEnd=228 PartOfSpeech=NN] [Text=, CharacterOffsetBegin=228 CharacterOffsetEnd=229 PartOfSpeech=,] [Text=and CharacterOffsetBegin=230 CharacterOffsetEnd=233 PartOfSpeech=CC] [Text=they CharacterOffsetBegin=234 CharacterOffsetEnd=238 PartOfSpeech=PRP] [Text=made CharacterOffsetBegin=239 CharacterOffsetEnd=243 PartOfSpeech=VBD] [Text=literally CharacterOffsetBegin=244 CharacterOffsetEnd=253 PartOfSpeech=RB] [Text=, CharacterOffsetBegin=253 CharacterOffsetEnd=254 PartOfSpeech=,] [Text=millions CharacterOffsetBegin=255 CharacterOffsetEnd=263 PartOfSpeech=NNS] [Text=of CharacterOffsetBegin=264 CharacterOffsetEnd=266 PartOfSpeech=IN] [Text=Americans CharacterOffsetBegin=267 CharacterOffsetEnd=276 PartOfSpeech=NNPS] [Text=forget CharacterOffsetBegin=277 CharacterOffsetEnd=283 PartOfSpeech=VB] [Text=their CharacterOffsetBegin=284 CharacterOffsetEnd=289 PartOfSpeech=PRP$] [Text=troubles CharacterOffsetBegin=290 CharacterOffsetEnd=298 PartOfSpeech=NNS] [Text=for CharacterOffsetBegin=299 CharacterOffsetEnd=302 PartOfSpeech=IN] [Text=a CharacterOffsetBegin=303 CharacterOffsetEnd=304 PartOfSpeech=DT] [Text=little CharacterOffsetBegin=305 CharacterOffsetEnd=311 PartOfSpeech=JJ] [Text=while CharacterOffsetBegin=312 CharacterOffsetEnd=317 PartOfSpeech=NN] [Text=, CharacterOffsetBegin=317 CharacterOffsetEnd=318 PartOfSpeech=,] [Text=and CharacterOffsetBegin=319 CharacterOffsetEnd=322 PartOfSpeech=CC] [Text=enjoy CharacterOffsetBegin=323 CharacterOffsetEnd=328 PartOfSpeech=VB] [Text=themselves.While CharacterOffsetBegin=329 CharacterOffsetEnd=345 PartOfSpeech=NNP] [Text=most CharacterOffsetBegin=346 CharacterOffsetEnd=350 PartOfSpeech=JJS] [Text=of CharacterOffsetBegin=351 CharacterOffsetEnd=353 PartOfSpeech=IN] [Text=the CharacterOffsetBegin=354 CharacterOffsetEnd=357 PartOfSpeech=DT] [Text=films CharacterOffsetBegin=358 CharacterOffsetEnd=363 PartOfSpeech=NNS] [Text=produced CharacterOffsetBegin=364 CharacterOffsetEnd=372 PartOfSpeech=VBD] [Text=had CharacterOffsetBegin=373 CharacterOffsetEnd=376 PartOfSpeech=VBD] [Text=the CharacterOffsetBegin=377 CharacterOffsetEnd=380 PartOfSpeech=DT] [Text=great CharacterOffsetBegin=381 CharacterOffsetEnd=386 PartOfSpeech=JJ] [Text=talents CharacterOffsetBegin=387 CharacterOffsetEnd=394 PartOfSpeech=NNS] [Text=of CharacterOffsetBegin=395 CharacterOffsetEnd=397 PartOfSpeech=IN] [Text=Joan CharacterOffsetBegin=398 CharacterOffsetEnd=402 PartOfSpeech=NNP] [Text=Blondell CharacterOffsetBegin=403 CharacterOffsetEnd=411 PartOfSpeech=NNP] [Text=, CharacterOffsetBegin=411 CharacterOffsetEnd=412 PartOfSpeech=,] [Text=Ruby CharacterOffsetBegin=413 CharacterOffsetEnd=417 PartOfSpeech=NNP] [Text=Keeler CharacterOffsetBegin=418 CharacterOffsetEnd=424 PartOfSpeech=NNP] [Text=, CharacterOffsetBegin=424 CharacterOffsetEnd=425 PartOfSpeech=,] [Text=and CharacterOffsetBegin=426 CharacterOffsetEnd=429 PartOfSpeech=CC] [Text=Dick CharacterOffsetBegin=430 CharacterOffsetEnd=434 PartOfSpeech=NNP] [Text=Powell CharacterOffsetBegin=435 CharacterOffsetEnd=441 PartOfSpeech=NNP] [Text=, CharacterOffsetBegin=441 CharacterOffsetEnd=442 PartOfSpeech=,] [Text=only CharacterOffsetBegin=443 CharacterOffsetEnd=447 PartOfSpeech=RB] [Text=Foolight CharacterOffsetBegin=448 CharacterOffsetEnd=456 PartOfSpeech=NNP] [Text=Parade CharacterOffsetBegin=457 CharacterOffsetEnd=463 PartOfSpeech=NNP] [Text=had CharacterOffsetBegin=464 CharacterOffsetEnd=467 PartOfSpeech=VBD] [Text=the CharacterOffsetBegin=468 CharacterOffsetEnd=471 PartOfSpeech=DT] [Text=incomparable CharacterOffsetBegin=472 CharacterOffsetEnd=484 PartOfSpeech=JJ] [Text=James CharacterOffsetBegin=485 CharacterOffsetEnd=490 PartOfSpeech=NNP] [Text=Cagney CharacterOffsetBegin=491 CharacterOffsetEnd=497 PartOfSpeech=NNP] [Text=. CharacterOffsetBegin=497 CharacterOffsetEnd=498 PartOfSpeech=.] 
root(ROOT-0, produced-11)
punct(Street-3, ``-1)
nn(Street-3, 42nd-2)
nsubjpass(produced-11, Street-3)
punct(Street-3, ''-4)
cc(Street-3, and-5)
det(series-8, the-6)
nn(series-8, Golddiggers-7)
conj(Street-3, series-8)
auxpass(produced-11, were-9)
advmod(produced-11, also-10)
prep(produced-11, during-12)
det(era-14, this-13)
pobj(during-12, era-14)
punct(produced-11, ,-15)
cc(produced-11, and-16)
nsubj(made-18, they-17)
conj(produced-11, made-18)
advmod(made-18, literally-19)
punct(produced-11, ,-20)
nsubj(forget-24, millions-21)
prep(millions-21, of-22)
pobj(of-22, Americans-23)
conj(produced-11, forget-24)
poss(troubles-26, their-25)
dobj(forget-24, troubles-26)
prep(troubles-26, for-27)
det(while-30, a-28)
amod(while-30, little-29)
pobj(for-27, while-30)
punct(produced-11, ,-31)
cc(produced-11, and-32)
conj(produced-11, enjoy-33)
nsubj(had-40, themselves.While-34)
nsubj(produced-39, most-35)
prep(most-35, of-36)
det(films-38, the-37)
pobj(of-36, films-38)
rcmod(themselves.While-34, produced-39)
ccomp(enjoy-33, had-40)
det(talents-43, the-41)
amod(talents-43, great-42)
dobj(had-40, talents-43)
prep(talents-43, of-44)
nn(Blondell-46, Joan-45)
pobj(of-44, Blondell-46)
punct(Blondell-46, ,-47)
nn(Keeler-49, Ruby-48)
appos(Blondell-46, Keeler-49)
punct(Blondell-46, ,-50)
cc(Blondell-46, and-51)
nn(Powell-53, Dick-52)
conj(Blondell-46, Powell-53)
punct(produced-11, ,-54)
advmod(Parade-57, only-55)
nn(Parade-57, Foolight-56)
nsubj(had-58, Parade-57)
ccomp(produced-11, had-58)
det(Cagney-62, the-59)
amod(Cagney-62, incomparable-60)
nn(Cagney-62, James-61)
dobj(had-58, Cagney-62)
punct(produced-11, .-63)

Sentence #3 (16 tokens):
Almost ten years prior to his most well-known musical, "Yankee Doodle Dandy".
[Text=Almost CharacterOffsetBegin=503 CharacterOffsetEnd=509 PartOfSpeech=RB] [Text=ten CharacterOffsetBegin=510 CharacterOffsetEnd=513 PartOfSpeech=CD] [Text=years CharacterOffsetBegin=514 CharacterOffsetEnd=519 PartOfSpeech=NNS] [Text=prior CharacterOffsetBegin=520 CharacterOffsetEnd=525 PartOfSpeech=RB] [Text=to CharacterOffsetBegin=526 CharacterOffsetEnd=528 PartOfSpeech=TO] [Text=his CharacterOffsetBegin=529 CharacterOffsetEnd=532 PartOfSpeech=PRP$] [Text=most CharacterOffsetBegin=533 CharacterOffsetEnd=537 PartOfSpeech=RBS] [Text=well-known CharacterOffsetBegin=538 CharacterOffsetEnd=548 PartOfSpeech=JJ] [Text=musical CharacterOffsetBegin=549 CharacterOffsetEnd=556 PartOfSpeech=NN] [Text=, CharacterOffsetBegin=556 CharacterOffsetEnd=557 PartOfSpeech=,] [Text=`` CharacterOffsetBegin=558 CharacterOffsetEnd=559 PartOfSpeech=``] [Text=Yankee CharacterOffsetBegin=559 CharacterOffsetEnd=565 PartOfSpeech=NNP] [Text=Doodle CharacterOffsetBegin=566 CharacterOffsetEnd=572 PartOfSpeech=NNP] [Text=Dandy CharacterOffsetBegin=573 CharacterOffsetEnd=578 PartOfSpeech=NNP] [Text='' CharacterOffsetBegin=578 CharacterOffsetEnd=579 PartOfSpeech=''] [Text=. CharacterOffsetBegin=579 CharacterOffsetEnd=580 PartOfSpeech=.] 
root(ROOT-0, prior-4)
quantmod(ten-2, Almost-1)
num(years-3, ten-2)
npadvmod(prior-4, years-3)
prep(prior-4, to-5)
poss(musical-9, his-6)
advmod(well-known-8, most-7)
amod(musical-9, well-known-8)
pobj(to-5, musical-9)
punct(musical-9, ,-10)
punct(musical-9, ``-11)
nn(Dandy-14, Yankee-12)
nn(Dandy-14, Doodle-13)
dep(musical-9, Dandy-14)
punct(Dandy-14, ''-15)
punct(prior-4, .-16)

Sentence #4 (31 tokens):
Here he dances in that most original of dance styles, with his arms usually lowered at his side, and his legs doing all types of undulations and kicks.
[Text=Here CharacterOffsetBegin=585 CharacterOffsetEnd=589 PartOfSpeech=RB] [Text=he CharacterOffsetBegin=590 CharacterOffsetEnd=592 PartOfSpeech=PRP] [Text=dances CharacterOffsetBegin=593 CharacterOffsetEnd=599 PartOfSpeech=NNS] [Text=in CharacterOffsetBegin=600 CharacterOffsetEnd=602 PartOfSpeech=IN] [Text=that CharacterOffsetBegin=603 CharacterOffsetEnd=607 PartOfSpeech=DT] [Text=most CharacterOffsetBegin=608 CharacterOffsetEnd=612 PartOfSpeech=RBS] [Text=original CharacterOffsetBegin=613 CharacterOffsetEnd=621 PartOfSpeech=JJ] [Text=of CharacterOffsetBegin=622 CharacterOffsetEnd=624 PartOfSpeech=IN] [Text=dance CharacterOffsetBegin=625 CharacterOffsetEnd=630 PartOfSpeech=NN] [Text=styles CharacterOffsetBegin=631 CharacterOffsetEnd=637 PartOfSpeech=NNS] [Text=, CharacterOffsetBegin=637 CharacterOffsetEnd=638 PartOfSpeech=,] [Text=with CharacterOffsetBegin=639 CharacterOffsetEnd=643 PartOfSpeech=IN] [Text=his CharacterOffsetBegin=644 CharacterOffsetEnd=647 PartOfSpeech=PRP$] [Text=arms CharacterOffsetBegin=648 CharacterOffsetEnd=652 PartOfSpeech=NNS] [Text=usually CharacterOffsetBegin=653 CharacterOffsetEnd=660 PartOfSpeech=RB] [Text=lowered CharacterOffsetBegin=661 CharacterOffsetEnd=668 PartOfSpeech=VBD] [Text=at CharacterOffsetBegin=669 CharacterOffsetEnd=671 PartOfSpeech=IN] [Text=his CharacterOffsetBegin=672 CharacterOffsetEnd=675 PartOfSpeech=PRP$] [Text=side CharacterOffsetBegin=676 CharacterOffsetEnd=680 PartOfSpeech=NN] [Text=, CharacterOffsetBegin=680 CharacterOffsetEnd=681 PartOfSpeech=,] [Text=and CharacterOffsetBegin=682 CharacterOffsetEnd=685 PartOfSpeech=CC] [Text=his CharacterOffsetBegin=686 CharacterOffsetEnd=689 PartOfSpeech=PRP$] [Text=legs CharacterOffsetBegin=690 CharacterOffsetEnd=694 PartOfSpeech=NNS] [Text=doing CharacterOffsetBegin=695 CharacterOffsetEnd=700 PartOfSpeech=VBG] [Text=all CharacterOffsetBegin=701 CharacterOffsetEnd=704 PartOfSpeech=DT] [Text=types CharacterOffsetBegin=705 CharacterOffsetEnd=710 PartOfSpeech=NNS] [Text=of CharacterOffsetBegin=711 CharacterOffsetEnd=713 PartOfSpeech=IN] [Text=undulations CharacterOffsetBegin=714 CharacterOffsetEnd=725 PartOfSpeech=NNS] [Text=and CharacterOffsetBegin=726 CharacterOffsetEnd=729 PartOfSpeech=CC] [Text=kicks CharacterOffsetBegin=730 CharacterOffsetEnd=735 PartOfSpeech=VBZ] [Text=. CharacterOffsetBegin=735 CharacterOffsetEnd=736 PartOfSpeech=.] 
root(ROOT-0, dances-3)
advmod(dances-3, Here-1)
nsubj(dances-3, he-2)
mark(lowered-16, in-4)
mark(lowered-16, that-5)
advmod(original-7, most-6)
nsubj(lowered-16, original-7)
prep(original-7, of-8)
nn(styles-10, dance-9)
pobj(of-8, styles-10)
punct(lowered-16, ,-11)
prep(lowered-16, with-12)
poss(arms-14, his-13)
pobj(with-12, arms-14)
advmod(lowered-16, usually-15)
advcl(dances-3, lowered-16)
prep(lowered-16, at-17)
poss(side-19, his-18)
pobj(at-17, side-19)
punct(dances-3, ,-20)
cc(dances-3, and-21)
poss(legs-23, his-22)
nsubj(doing-24, legs-23)
conj(dances-3, doing-24)
det(types-26, all-25)
dobj(doing-24, types-26)
prep(types-26, of-27)
pobj(of-27, undulations-28)
cc(dances-3, and-29)
conj(dances-3, kicks-30)
punct(dances-3, .-31)

Sentence #5 (41 tokens):
It's easy to see that he is enjoying himself, and that makes us enjoy him all the more.While almost all of the musical sequences appear at the end of the film, they are well worth the wait.
[Text=It CharacterOffsetBegin=741 CharacterOffsetEnd=743 PartOfSpeech=PRP] [Text='s CharacterOffsetBegin=743 CharacterOffsetEnd=745 PartOfSpeech=VBZ] [Text=easy CharacterOffsetBegin=746 CharacterOffsetEnd=750 PartOfSpeech=JJ] [Text=to CharacterOffsetBegin=751 CharacterOffsetEnd=753 PartOfSpeech=TO] [Text=see CharacterOffsetBegin=754 CharacterOffsetEnd=757 PartOfSpeech=VB] [Text=that CharacterOffsetBegin=758 CharacterOffsetEnd=762 PartOfSpeech=IN] [Text=he CharacterOffsetBegin=763 CharacterOffsetEnd=765 PartOfSpeech=PRP] [Text=is CharacterOffsetBegin=766 CharacterOffsetEnd=768 PartOfSpeech=VBZ] [Text=enjoying CharacterOffsetBegin=769 CharacterOffsetEnd=777 PartOfSpeech=VBG] [Text=himself CharacterOffsetBegin=778 CharacterOffsetEnd=785 PartOfSpeech=PRP] [Text=, CharacterOffsetBegin=785 CharacterOffsetEnd=786 PartOfSpeech=,] [Text=and CharacterOffsetBegin=787 CharacterOffsetEnd=790 PartOfSpeech=CC] [Text=that CharacterOffsetBegin=791 CharacterOffsetEnd=795 PartOfSpeech=IN] [Text=makes CharacterOffsetBegin=796 CharacterOffsetEnd=801 PartOfSpeech=VBZ] [Text=us CharacterOffsetBegin=802 CharacterOffsetEnd=804 PartOfSpeech=PRP] [Text=enjoy CharacterOffsetBegin=805 CharacterOffsetEnd=810 PartOfSpeech=VB] [Text=him CharacterOffsetBegin=811 CharacterOffsetEnd=814 PartOfSpeech=PRP] [Text=all CharacterOffsetBegin=815 CharacterOffsetEnd=818 PartOfSpeech=PDT] [Text=the CharacterOffsetBegin=819 CharacterOffsetEnd=822 PartOfSpeech=DT] [Text=more.While CharacterOffsetBegin=823 CharacterOffsetEnd=833 PartOfSpeech=NN] [Text=almost CharacterOffsetBegin=834 CharacterOffsetEnd=840 PartOfSpeech=RB] [Text=all CharacterOffsetBegin=841 CharacterOffsetEnd=844 PartOfSpeech=DT] [Text=of CharacterOffsetBegin=845 CharacterOffsetEnd=847 PartOfSpeech=IN] [Text=the CharacterOffsetBegin=848 CharacterOffsetEnd=851 PartOfSpeech=DT] [Text=musical CharacterOffsetBegin=852 CharacterOffsetEnd=859 PartOfSpeech=JJ] [Text=sequences CharacterOffsetBegin=860 CharacterOffsetEnd=869 PartOfSpeech=NNS] [Text=appear CharacterOffsetBegin=870 CharacterOffsetEnd=876 PartOfSpeech=VBP] [Text=at CharacterOffsetBegin=877 CharacterOffsetEnd=879 PartOfSpeech=IN] [Text=the CharacterOffsetBegin=880 CharacterOffsetEnd=883 PartOfSpeech=DT] [Text=end CharacterOffsetBegin=884 CharacterOffsetEnd=887 PartOfSpeech=NN] [Text=of CharacterOffsetBegin=888 CharacterOffsetEnd=890 PartOfSpeech=IN] [Text=the CharacterOffsetBegin=891 CharacterOffsetEnd=894 PartOfSpeech=DT] [Text=film CharacterOffsetBegin=895 CharacterOffsetEnd=899 PartOfSpeech=NN] [Text=, CharacterOffsetBegin=899 CharacterOffsetEnd=900 PartOfSpeech=,] [Text=they CharacterOffsetBegin=901 CharacterOffsetEnd=905 PartOfSpeech=PRP] [Text=are CharacterOffsetBegin=906 CharacterOffsetEnd=909 PartOfSpeech=VBP] [Text=well CharacterOffsetBegin=910 CharacterOffsetEnd=914 PartOfSpeech=RB] [Text=worth CharacterOffsetBegin=915 CharacterOffsetEnd=920 PartOfSpeech=IN] [Text=the CharacterOffsetBegin=921 CharacterOffsetEnd=924 PartOfSpeech=DT] [Text=wait CharacterOffsetBegin=925 CharacterOffsetEnd=929 PartOfSpeech=NN] [Text=. CharacterOffsetBegin=929 CharacterOffsetEnd=930 PartOfSpeech=.] 
root(ROOT-0, are-36)
nsubj(easy-3, It-1)
cop(easy-3, 's-2)
ccomp(appear-27, easy-3)
aux(see-5, to-4)
xcomp(easy-3, see-5)
mark(enjoying-9, that-6)
nsubj(enjoying-9, he-7)
aux(enjoying-9, is-8)
ccomp(see-5, enjoying-9)
dobj(enjoying-9, himself-10)
punct(easy-3, ,-11)
cc(easy-3, and-12)
nsubj(makes-14, that-13)
conj(easy-3, makes-14)
nsubj(enjoy-16, us-15)
xcomp(makes-14, enjoy-16)
iobj(enjoy-16, him-17)
predet(more.While-20, all-18)
det(more.While-20, the-19)
dobj(enjoy-16, more.While-20)
advmod(all-22, almost-21)
dep(more.While-20, all-22)
prep(all-22, of-23)
det(sequences-26, the-24)
amod(sequences-26, musical-25)
pobj(of-23, sequences-26)
dep(are-36, appear-27)
prep(appear-27, at-28)
det(end-30, the-29)
pobj(at-28, end-30)
prep(end-30, of-31)
det(film-33, the-32)
pobj(of-31, film-33)
punct(are-36, ,-34)
nsubj(are-36, they-35)
advmod(worth-38, well-37)
prep(are-36, worth-38)
det(wait-40, the-39)
pobj(worth-38, wait-40)
punct(are-36, .-41)

Sentence #6 (29 tokens):
I believe that this film was made just prior to the installation of the production code, so some of the costumes and scenes are a bit risqu.
[Text=I CharacterOffsetBegin=935 CharacterOffsetEnd=936 PartOfSpeech=PRP] [Text=believe CharacterOffsetBegin=937 CharacterOffsetEnd=944 PartOfSpeech=VBP] [Text=that CharacterOffsetBegin=945 CharacterOffsetEnd=949 PartOfSpeech=IN] [Text=this CharacterOffsetBegin=950 CharacterOffsetEnd=954 PartOfSpeech=DT] [Text=film CharacterOffsetBegin=955 CharacterOffsetEnd=959 PartOfSpeech=NN] [Text=was CharacterOffsetBegin=960 CharacterOffsetEnd=963 PartOfSpeech=VBD] [Text=made CharacterOffsetBegin=964 CharacterOffsetEnd=968 PartOfSpeech=VBN] [Text=just CharacterOffsetBegin=969 CharacterOffsetEnd=973 PartOfSpeech=RB] [Text=prior CharacterOffsetBegin=974 CharacterOffsetEnd=979 PartOfSpeech=RB] [Text=to CharacterOffsetBegin=980 CharacterOffsetEnd=982 PartOfSpeech=TO] [Text=the CharacterOffsetBegin=983 CharacterOffsetEnd=986 PartOfSpeech=DT] [Text=installation CharacterOffsetBegin=987 CharacterOffsetEnd=999 PartOfSpeech=NN] [Text=of CharacterOffsetBegin=1000 CharacterOffsetEnd=1002 PartOfSpeech=IN] [Text=the CharacterOffsetBegin=1003 CharacterOffsetEnd=1006 PartOfSpeech=DT] [Text=production CharacterOffsetBegin=1007 CharacterOffsetEnd=1017 PartOfSpeech=NN] [Text=code CharacterOffsetBegin=1018 CharacterOffsetEnd=1022 PartOfSpeech=NN] [Text=, CharacterOffsetBegin=1022 CharacterOffsetEnd=1023 PartOfSpeech=,] [Text=so CharacterOffsetBegin=1024 CharacterOffsetEnd=1026 PartOfSpeech=IN] [Text=some CharacterOffsetBegin=1027 CharacterOffsetEnd=1031 PartOfSpeech=DT] [Text=of CharacterOffsetBegin=1032 CharacterOffsetEnd=1034 PartOfSpeech=IN] [Text=the CharacterOffsetBegin=1035 CharacterOffsetEnd=1038 PartOfSpeech=DT] [Text=costumes CharacterOffsetBegin=1039 CharacterOffsetEnd=1047 PartOfSpeech=NNS] [Text=and CharacterOffsetBegin=1048 CharacterOffsetEnd=1051 PartOfSpeech=CC] [Text=scenes CharacterOffsetBegin=1052 CharacterOffsetEnd=1058 PartOfSpeech=NNS] [Text=are CharacterOffsetBegin=1059 CharacterOffsetEnd=1062 PartOfSpeech=VBP] [Text=a CharacterOffsetBegin=1063 CharacterOffsetEnd=1064 PartOfSpeech=DT] [Text=bit CharacterOffsetBegin=1065 CharacterOffsetEnd=1068 PartOfSpeech=NN] [Text=risqu CharacterOffsetBegin=1069 CharacterOffsetEnd=1074 PartOfSpeech=NN] [Text=. CharacterOffsetBegin=1074 CharacterOffsetEnd=1075 PartOfSpeech=.] 
root(ROOT-0, believe-2)
nsubj(believe-2, I-1)
mark(made-7, that-3)
det(film-5, this-4)
nsubjpass(made-7, film-5)
auxpass(made-7, was-6)
ccomp(believe-2, made-7)
advmod(prior-9, just-8)
advmod(made-7, prior-9)
prep(prior-9, to-10)
det(installation-12, the-11)
pobj(to-10, installation-12)
prep(installation-12, of-13)
det(code-16, the-14)
nn(code-16, production-15)
pobj(of-13, code-16)
punct(believe-2, ,-17)
mark(risqu-28, so-18)
nsubj(risqu-28, some-19)
prep(some-19, of-20)
det(costumes-22, the-21)
pobj(of-20, costumes-22)
cc(costumes-22, and-23)
conj(costumes-22, scenes-24)
cop(risqu-28, are-25)
det(risqu-28, a-26)
nn(risqu-28, bit-27)
advcl(believe-2, risqu-28)
punct(believe-2, .-29)

Sentence #7 (30 tokens):
But it's all in fun.It doesn't matter what the plot of the film is, just know that there are plenty of laughs and a superlative cast.
[Text=But CharacterOffsetBegin=1080 CharacterOffsetEnd=1083 PartOfSpeech=CC] [Text=it CharacterOffsetBegin=1084 CharacterOffsetEnd=1086 PartOfSpeech=PRP] [Text='s CharacterOffsetBegin=1086 CharacterOffsetEnd=1088 PartOfSpeech=VBZ] [Text=all CharacterOffsetBegin=1089 CharacterOffsetEnd=1092 PartOfSpeech=DT] [Text=in CharacterOffsetBegin=1093 CharacterOffsetEnd=1095 PartOfSpeech=IN] [Text=fun.It CharacterOffsetBegin=1096 CharacterOffsetEnd=1102 PartOfSpeech=NN] [Text=does CharacterOffsetBegin=1103 CharacterOffsetEnd=1107 PartOfSpeech=VBZ] [Text=n't CharacterOffsetBegin=1107 CharacterOffsetEnd=1110 PartOfSpeech=RB] [Text=matter CharacterOffsetBegin=1111 CharacterOffsetEnd=1117 PartOfSpeech=VB] [Text=what CharacterOffsetBegin=1118 CharacterOffsetEnd=1122 PartOfSpeech=WP] [Text=the CharacterOffsetBegin=1123 CharacterOffsetEnd=1126 PartOfSpeech=DT] [Text=plot CharacterOffsetBegin=1127 CharacterOffsetEnd=1131 PartOfSpeech=NN] [Text=of CharacterOffsetBegin=1132 CharacterOffsetEnd=1134 PartOfSpeech=IN] [Text=the CharacterOffsetBegin=1135 CharacterOffsetEnd=1138 PartOfSpeech=DT] [Text=film CharacterOffsetBegin=1139 CharacterOffsetEnd=1143 PartOfSpeech=NN] [Text=is CharacterOffsetBegin=1144 CharacterOffsetEnd=1146 PartOfSpeech=VBZ] [Text=, CharacterOffsetBegin=1146 CharacterOffsetEnd=1147 PartOfSpeech=,] [Text=just CharacterOffsetBegin=1148 CharacterOffsetEnd=1152 PartOfSpeech=RB] [Text=know CharacterOffsetBegin=1153 CharacterOffsetEnd=1157 PartOfSpeech=VB] [Text=that CharacterOffsetBegin=1158 CharacterOffsetEnd=1162 PartOfSpeech=IN] [Text=there CharacterOffsetBegin=1163 CharacterOffsetEnd=1168 PartOfSpeech=EX] [Text=are CharacterOffsetBegin=1169 CharacterOffsetEnd=1172 PartOfSpeech=VBP] [Text=plenty CharacterOffsetBegin=1173 CharacterOffsetEnd=1179 PartOfSpeech=NN] [Text=of CharacterOffsetBegin=1180 CharacterOffsetEnd=1182 PartOfSpeech=IN] [Text=laughs CharacterOffsetBegin=1183 CharacterOffsetEnd=1189 PartOfSpeech=NNS] [Text=and CharacterOffsetBegin=1190 CharacterOffsetEnd=1193 PartOfSpeech=CC] [Text=a CharacterOffsetBegin=1194 CharacterOffsetEnd=1195 PartOfSpeech=DT] [Text=superlative CharacterOffsetBegin=1196 CharacterOffsetEnd=1207 PartOfSpeech=JJ] [Text=cast CharacterOffsetBegin=1208 CharacterOffsetEnd=1212 PartOfSpeech=NN] [Text=. CharacterOffsetBegin=1212 CharacterOffsetEnd=1213 PartOfSpeech=.] 
root(ROOT-0, matter-9)
cc(all-4, But-1)
nsubj(all-4, it-2)
cop(all-4, 's-3)
csubj(matter-9, all-4)
prep(all-4, in-5)
pobj(in-5, fun.It-6)
aux(matter-9, does-7)
neg(matter-9, n't-8)
dobj(is-16, what-10)
det(plot-12, the-11)
nsubj(is-16, plot-12)
prep(plot-12, of-13)
det(film-15, the-14)
pobj(of-13, film-15)
ccomp(matter-9, is-16)
punct(matter-9, ,-17)
advmod(know-19, just-18)
ccomp(matter-9, know-19)
mark(are-22, that-20)
expl(are-22, there-21)
ccomp(know-19, are-22)
nsubj(are-22, plenty-23)
prep(plenty-23, of-24)
pobj(of-24, laughs-25)
cc(laughs-25, and-26)
det(cast-29, a-27)
amod(cast-29, superlative-28)
conj(laughs-25, cast-29)
punct(matter-9, .-30)

Sentence #8 (17 tokens):
Besides those already mentioned, Guy Kibbee is at his flustered best here.7 out of 10
[Text=Besides CharacterOffsetBegin=1218 CharacterOffsetEnd=1225 PartOfSpeech=IN] [Text=those CharacterOffsetBegin=1226 CharacterOffsetEnd=1231 PartOfSpeech=DT] [Text=already CharacterOffsetBegin=1232 CharacterOffsetEnd=1239 PartOfSpeech=RB] [Text=mentioned CharacterOffsetBegin=1240 CharacterOffsetEnd=1249 PartOfSpeech=VBN] [Text=, CharacterOffsetBegin=1249 CharacterOffsetEnd=1250 PartOfSpeech=,] [Text=Guy CharacterOffsetBegin=1251 CharacterOffsetEnd=1254 PartOfSpeech=NNP] [Text=Kibbee CharacterOffsetBegin=1255 CharacterOffsetEnd=1261 PartOfSpeech=NNP] [Text=is CharacterOffsetBegin=1262 CharacterOffsetEnd=1264 PartOfSpeech=VBZ] [Text=at CharacterOffsetBegin=1265 CharacterOffsetEnd=1267 PartOfSpeech=IN] [Text=his CharacterOffsetBegin=1268 CharacterOffsetEnd=1271 PartOfSpeech=PRP$] [Text=flustered CharacterOffsetBegin=1272 CharacterOffsetEnd=1281 PartOfSpeech=JJ] [Text=best CharacterOffsetBegin=1282 CharacterOffsetEnd=1286 PartOfSpeech=JJS] [Text=here CharacterOffsetBegin=1287 CharacterOffsetEnd=1291 PartOfSpeech=RB] [Text=.7 CharacterOffsetBegin=1291 CharacterOffsetEnd=1293 PartOfSpeech=CD] [Text=out CharacterOffsetBegin=1294 CharacterOffsetEnd=1297 PartOfSpeech=IN] [Text=of CharacterOffsetBegin=1298 CharacterOffsetEnd=1300 PartOfSpeech=IN] [Text=10 CharacterOffsetBegin=1301 CharacterOffsetEnd=1303 PartOfSpeech=CD] 
root(ROOT-0, is-8)
prep(is-8, Besides-1)
pobj(Besides-1, those-2)
advmod(mentioned-4, already-3)
partmod(those-2, mentioned-4)
punct(is-8, ,-5)
nn(Kibbee-7, Guy-6)
nsubj(is-8, Kibbee-7)
prep(is-8, at-9)
poss(flustered-11, his-10)
pobj(at-9, flustered-11)
advmod(here-13, best-12)
advmod(flustered-11, here-13)
dep(flustered-11, .7-14)
prep(.7-14, out-15)
pcomp(out-15, of-16)
pobj(of-16, 10-17)

