Sentence #1 (39 tokens):
Three girls (an all-female media-crew, including cult-actress Barbara Bach, no less) visiting a small town to cover a festival, end up renting rooms in a house they should have avoided like the plague.
[Text=Three CharacterOffsetBegin=4 CharacterOffsetEnd=9 PartOfSpeech=CD] [Text=girls CharacterOffsetBegin=10 CharacterOffsetEnd=15 PartOfSpeech=NNS] [Text=-LRB- CharacterOffsetBegin=16 CharacterOffsetEnd=17 PartOfSpeech=-LRB-] [Text=an CharacterOffsetBegin=17 CharacterOffsetEnd=19 PartOfSpeech=DT] [Text=all-female CharacterOffsetBegin=20 CharacterOffsetEnd=30 PartOfSpeech=JJ] [Text=media-crew CharacterOffsetBegin=31 CharacterOffsetEnd=41 PartOfSpeech=NN] [Text=, CharacterOffsetBegin=41 CharacterOffsetEnd=42 PartOfSpeech=,] [Text=including CharacterOffsetBegin=43 CharacterOffsetEnd=52 PartOfSpeech=VBG] [Text=cult-actress CharacterOffsetBegin=53 CharacterOffsetEnd=65 PartOfSpeech=NN] [Text=Barbara CharacterOffsetBegin=66 CharacterOffsetEnd=73 PartOfSpeech=NNP] [Text=Bach CharacterOffsetBegin=74 CharacterOffsetEnd=78 PartOfSpeech=NNP] [Text=, CharacterOffsetBegin=78 CharacterOffsetEnd=79 PartOfSpeech=,] [Text=no CharacterOffsetBegin=80 CharacterOffsetEnd=82 PartOfSpeech=DT] [Text=less CharacterOffsetBegin=83 CharacterOffsetEnd=87 PartOfSpeech=JJR] [Text=-RRB- CharacterOffsetBegin=87 CharacterOffsetEnd=88 PartOfSpeech=-RRB-] [Text=visiting CharacterOffsetBegin=89 CharacterOffsetEnd=97 PartOfSpeech=VBG] [Text=a CharacterOffsetBegin=98 CharacterOffsetEnd=99 PartOfSpeech=DT] [Text=small CharacterOffsetBegin=100 CharacterOffsetEnd=105 PartOfSpeech=JJ] [Text=town CharacterOffsetBegin=106 CharacterOffsetEnd=110 PartOfSpeech=NN] [Text=to CharacterOffsetBegin=111 CharacterOffsetEnd=113 PartOfSpeech=TO] [Text=cover CharacterOffsetBegin=114 CharacterOffsetEnd=119 PartOfSpeech=VB] [Text=a CharacterOffsetBegin=120 CharacterOffsetEnd=121 PartOfSpeech=DT] [Text=festival CharacterOffsetBegin=122 CharacterOffsetEnd=130 PartOfSpeech=NN] [Text=, CharacterOffsetBegin=130 CharacterOffsetEnd=131 PartOfSpeech=,] [Text=end CharacterOffsetBegin=132 CharacterOffsetEnd=135 PartOfSpeech=VB] [Text=up CharacterOffsetBegin=136 CharacterOffsetEnd=138 PartOfSpeech=RP] [Text=renting CharacterOffsetBegin=139 CharacterOffsetEnd=146 PartOfSpeech=VBG] [Text=rooms CharacterOffsetBegin=147 CharacterOffsetEnd=152 PartOfSpeech=NNS] [Text=in CharacterOffsetBegin=153 CharacterOffsetEnd=155 PartOfSpeech=IN] [Text=a CharacterOffsetBegin=156 CharacterOffsetEnd=157 PartOfSpeech=DT] [Text=house CharacterOffsetBegin=158 CharacterOffsetEnd=163 PartOfSpeech=NN] [Text=they CharacterOffsetBegin=164 CharacterOffsetEnd=168 PartOfSpeech=PRP] [Text=should CharacterOffsetBegin=169 CharacterOffsetEnd=175 PartOfSpeech=MD] [Text=have CharacterOffsetBegin=176 CharacterOffsetEnd=180 PartOfSpeech=VB] [Text=avoided CharacterOffsetBegin=181 CharacterOffsetEnd=188 PartOfSpeech=VBN] [Text=like CharacterOffsetBegin=189 CharacterOffsetEnd=193 PartOfSpeech=IN] [Text=the CharacterOffsetBegin=194 CharacterOffsetEnd=197 PartOfSpeech=DT] [Text=plague CharacterOffsetBegin=198 CharacterOffsetEnd=204 PartOfSpeech=VBP] [Text=. CharacterOffsetBegin=204 CharacterOffsetEnd=205 PartOfSpeech=.] 
root(ROOT-0, girls-2)
num(girls-2, Three-1)
punct(media-crew-6, -LRB--3)
det(media-crew-6, an-4)
amod(media-crew-6, all-female-5)
nsubj(end-25, media-crew-6)
punct(media-crew-6, ,-7)
prep(media-crew-6, including-8)
nn(Bach-11, cult-actress-9)
nn(Bach-11, Barbara-10)
pobj(including-8, Bach-11)
punct(Bach-11, ,-12)
advmod(less-14, no-13)
advmod(Bach-11, less-14)
punct(Bach-11, -RRB--15)
partmod(Bach-11, visiting-16)
det(town-19, a-17)
amod(town-19, small-18)
dobj(visiting-16, town-19)
aux(cover-21, to-20)
xcomp(visiting-16, cover-21)
det(festival-23, a-22)
dobj(cover-21, festival-23)
punct(media-crew-6, ,-24)
rcmod(girls-2, end-25)
prt(end-25, up-26)
nn(rooms-28, renting-27)
dobj(end-25, rooms-28)
prep(rooms-28, in-29)
det(house-31, a-30)
pobj(in-29, house-31)
nsubj(avoided-35, they-32)
aux(avoided-35, should-33)
aux(avoided-35, have-34)
rcmod(rooms-28, avoided-35)
prep(avoided-35, like-36)
det(plague-38, the-37)
pobj(like-36, plague-38)
punct(girls-2, .-39)

Sentence #2 (29 tokens):
Well-made little shocker, suffering a bit from some redundant dialogue-scenes and a rather thin plot-line (that doesn't do very well in hiding its secrets).
[Text=Well-made CharacterOffsetBegin=210 CharacterOffsetEnd=219 PartOfSpeech=JJ] [Text=little CharacterOffsetBegin=220 CharacterOffsetEnd=226 PartOfSpeech=JJ] [Text=shocker CharacterOffsetBegin=227 CharacterOffsetEnd=234 PartOfSpeech=NN] [Text=, CharacterOffsetBegin=234 CharacterOffsetEnd=235 PartOfSpeech=,] [Text=suffering CharacterOffsetBegin=236 CharacterOffsetEnd=245 PartOfSpeech=VBG] [Text=a CharacterOffsetBegin=246 CharacterOffsetEnd=247 PartOfSpeech=DT] [Text=bit CharacterOffsetBegin=248 CharacterOffsetEnd=251 PartOfSpeech=NN] [Text=from CharacterOffsetBegin=252 CharacterOffsetEnd=256 PartOfSpeech=IN] [Text=some CharacterOffsetBegin=257 CharacterOffsetEnd=261 PartOfSpeech=DT] [Text=redundant CharacterOffsetBegin=262 CharacterOffsetEnd=271 PartOfSpeech=JJ] [Text=dialogue-scenes CharacterOffsetBegin=272 CharacterOffsetEnd=287 PartOfSpeech=NNS] [Text=and CharacterOffsetBegin=288 CharacterOffsetEnd=291 PartOfSpeech=CC] [Text=a CharacterOffsetBegin=292 CharacterOffsetEnd=293 PartOfSpeech=DT] [Text=rather CharacterOffsetBegin=294 CharacterOffsetEnd=300 PartOfSpeech=RB] [Text=thin CharacterOffsetBegin=301 CharacterOffsetEnd=305 PartOfSpeech=JJ] [Text=plot-line CharacterOffsetBegin=306 CharacterOffsetEnd=315 PartOfSpeech=NN] [Text=-LRB- CharacterOffsetBegin=316 CharacterOffsetEnd=317 PartOfSpeech=-LRB-] [Text=that CharacterOffsetBegin=317 CharacterOffsetEnd=321 PartOfSpeech=WDT] [Text=does CharacterOffsetBegin=322 CharacterOffsetEnd=326 PartOfSpeech=VBZ] [Text=n't CharacterOffsetBegin=326 CharacterOffsetEnd=329 PartOfSpeech=RB] [Text=do CharacterOffsetBegin=330 CharacterOffsetEnd=332 PartOfSpeech=VB] [Text=very CharacterOffsetBegin=333 CharacterOffsetEnd=337 PartOfSpeech=RB] [Text=well CharacterOffsetBegin=338 CharacterOffsetEnd=342 PartOfSpeech=RB] [Text=in CharacterOffsetBegin=343 CharacterOffsetEnd=345 PartOfSpeech=IN] [Text=hiding CharacterOffsetBegin=346 CharacterOffsetEnd=352 PartOfSpeech=VBG] [Text=its CharacterOffsetBegin=353 CharacterOffsetEnd=356 PartOfSpeech=PRP$] [Text=secrets CharacterOffsetBegin=357 CharacterOffsetEnd=364 PartOfSpeech=NNS] [Text=-RRB- CharacterOffsetBegin=364 CharacterOffsetEnd=365 PartOfSpeech=-RRB-] [Text=. CharacterOffsetBegin=365 CharacterOffsetEnd=366 PartOfSpeech=.] 
root(ROOT-0, shocker-3)
amod(shocker-3, Well-made-1)
amod(shocker-3, little-2)
punct(shocker-3, ,-4)
partmod(shocker-3, suffering-5)
det(bit-7, a-6)
dobj(suffering-5, bit-7)
prep(suffering-5, from-8)
det(dialogue-scenes-11, some-9)
amod(dialogue-scenes-11, redundant-10)
pobj(from-8, dialogue-scenes-11)
cc(dialogue-scenes-11, and-12)
det(plot-line-16, a-13)
advmod(thin-15, rather-14)
amod(plot-line-16, thin-15)
conj(dialogue-scenes-11, plot-line-16)
punct(do-21, -LRB--17)
nsubj(do-21, that-18)
aux(do-21, does-19)
neg(do-21, n't-20)
dep(plot-line-16, do-21)
advmod(well-23, very-22)
advmod(do-21, well-23)
prep(do-21, in-24)
pcomp(in-24, hiding-25)
poss(secrets-27, its-26)
dobj(hiding-25, secrets-27)
punct(do-21, -RRB--28)
punct(shocker-3, .-29)

Sentence #3 (26 tokens):
One underlying theme in particular is quite disturbing (as in: vintage shock-material), and this is basically what the film thrives on.
[Text=One CharacterOffsetBegin=371 CharacterOffsetEnd=374 PartOfSpeech=CD] [Text=underlying CharacterOffsetBegin=375 CharacterOffsetEnd=385 PartOfSpeech=JJ] [Text=theme CharacterOffsetBegin=386 CharacterOffsetEnd=391 PartOfSpeech=NN] [Text=in CharacterOffsetBegin=392 CharacterOffsetEnd=394 PartOfSpeech=IN] [Text=particular CharacterOffsetBegin=395 CharacterOffsetEnd=405 PartOfSpeech=JJ] [Text=is CharacterOffsetBegin=406 CharacterOffsetEnd=408 PartOfSpeech=VBZ] [Text=quite CharacterOffsetBegin=409 CharacterOffsetEnd=414 PartOfSpeech=RB] [Text=disturbing CharacterOffsetBegin=415 CharacterOffsetEnd=425 PartOfSpeech=JJ] [Text=-LRB- CharacterOffsetBegin=426 CharacterOffsetEnd=427 PartOfSpeech=-LRB-] [Text=as CharacterOffsetBegin=427 CharacterOffsetEnd=429 PartOfSpeech=IN] [Text=in CharacterOffsetBegin=430 CharacterOffsetEnd=432 PartOfSpeech=IN] [Text=: CharacterOffsetBegin=432 CharacterOffsetEnd=433 PartOfSpeech=:] [Text=vintage CharacterOffsetBegin=434 CharacterOffsetEnd=441 PartOfSpeech=JJ] [Text=shock-material CharacterOffsetBegin=442 CharacterOffsetEnd=456 PartOfSpeech=JJ] [Text=-RRB- CharacterOffsetBegin=456 CharacterOffsetEnd=457 PartOfSpeech=-RRB-] [Text=, CharacterOffsetBegin=457 CharacterOffsetEnd=458 PartOfSpeech=,] [Text=and CharacterOffsetBegin=459 CharacterOffsetEnd=462 PartOfSpeech=CC] [Text=this CharacterOffsetBegin=463 CharacterOffsetEnd=467 PartOfSpeech=DT] [Text=is CharacterOffsetBegin=468 CharacterOffsetEnd=470 PartOfSpeech=VBZ] [Text=basically CharacterOffsetBegin=471 CharacterOffsetEnd=480 PartOfSpeech=RB] [Text=what CharacterOffsetBegin=481 CharacterOffsetEnd=485 PartOfSpeech=WP] [Text=the CharacterOffsetBegin=486 CharacterOffsetEnd=489 PartOfSpeech=DT] [Text=film CharacterOffsetBegin=490 CharacterOffsetEnd=494 PartOfSpeech=NN] [Text=thrives CharacterOffsetBegin=495 CharacterOffsetEnd=502 PartOfSpeech=VBZ] [Text=on CharacterOffsetBegin=503 CharacterOffsetEnd=505 PartOfSpeech=IN] [Text=. CharacterOffsetBegin=505 CharacterOffsetEnd=506 PartOfSpeech=.] 
root(ROOT-0, disturbing-8)
num(theme-3, One-1)
amod(theme-3, underlying-2)
nsubj(disturbing-8, theme-3)
prep(theme-3, in-4)
pobj(in-4, particular-5)
cop(disturbing-8, is-6)
advmod(disturbing-8, quite-7)
punct(as-10, -LRB--9)
prep(disturbing-8, as-10)
pcomp(as-10, in-11)
punct(in-11, :-12)
pobj(in-11, vintage-13)
dep(vintage-13, shock-material-14)
punct(shock-material-14, -RRB--15)
punct(vintage-13, ,-16)
cc(vintage-13, and-17)
conj(vintage-13, this-18)
partmod(this-18, is-19)
advmod(is-19, basically-20)
dobj(thrives-24, what-21)
det(film-23, the-22)
nsubj(thrives-24, film-23)
ccomp(basically-20, thrives-24)
prep(thrives-24, on-25)
punct(disturbing-8, .-26)

Sentence #4 (44 tokens):
Performances & cinematography are pretty much above par (compared to many other late 70's/early 80's films in the same vein), but what really makes me recommend this film is the fairly long climax-scene in the basement-setting.
[Text=Performances CharacterOffsetBegin=511 CharacterOffsetEnd=523 PartOfSpeech=NNPS] [Text=& CharacterOffsetBegin=524 CharacterOffsetEnd=525 PartOfSpeech=CC] [Text=cinematography CharacterOffsetBegin=526 CharacterOffsetEnd=540 PartOfSpeech=NN] [Text=are CharacterOffsetBegin=541 CharacterOffsetEnd=544 PartOfSpeech=VBP] [Text=pretty CharacterOffsetBegin=545 CharacterOffsetEnd=551 PartOfSpeech=RB] [Text=much CharacterOffsetBegin=552 CharacterOffsetEnd=556 PartOfSpeech=RB] [Text=above CharacterOffsetBegin=557 CharacterOffsetEnd=562 PartOfSpeech=IN] [Text=par CharacterOffsetBegin=563 CharacterOffsetEnd=566 PartOfSpeech=NN] [Text=-LRB- CharacterOffsetBegin=567 CharacterOffsetEnd=568 PartOfSpeech=-LRB-] [Text=compared CharacterOffsetBegin=568 CharacterOffsetEnd=576 PartOfSpeech=VBN] [Text=to CharacterOffsetBegin=577 CharacterOffsetEnd=579 PartOfSpeech=TO] [Text=many CharacterOffsetBegin=580 CharacterOffsetEnd=584 PartOfSpeech=JJ] [Text=other CharacterOffsetBegin=585 CharacterOffsetEnd=590 PartOfSpeech=JJ] [Text=late CharacterOffsetBegin=591 CharacterOffsetEnd=595 PartOfSpeech=JJ] [Text=70 CharacterOffsetBegin=596 CharacterOffsetEnd=598 PartOfSpeech=CD] [Text='s CharacterOffsetBegin=598 CharacterOffsetEnd=600 PartOfSpeech=POS] [Text=/ CharacterOffsetBegin=600 CharacterOffsetEnd=601 PartOfSpeech=:] [Text=early CharacterOffsetBegin=601 CharacterOffsetEnd=606 PartOfSpeech=JJ] [Text=80 CharacterOffsetBegin=607 CharacterOffsetEnd=609 PartOfSpeech=CD] [Text='s CharacterOffsetBegin=609 CharacterOffsetEnd=611 PartOfSpeech=POS] [Text=films CharacterOffsetBegin=612 CharacterOffsetEnd=617 PartOfSpeech=NNS] [Text=in CharacterOffsetBegin=618 CharacterOffsetEnd=620 PartOfSpeech=IN] [Text=the CharacterOffsetBegin=621 CharacterOffsetEnd=624 PartOfSpeech=DT] [Text=same CharacterOffsetBegin=625 CharacterOffsetEnd=629 PartOfSpeech=JJ] [Text=vein CharacterOffsetBegin=630 CharacterOffsetEnd=634 PartOfSpeech=NN] [Text=-RRB- CharacterOffsetBegin=634 CharacterOffsetEnd=635 PartOfSpeech=-RRB-] [Text=, CharacterOffsetBegin=635 CharacterOffsetEnd=636 PartOfSpeech=,] [Text=but CharacterOffsetBegin=637 CharacterOffsetEnd=640 PartOfSpeech=CC] [Text=what CharacterOffsetBegin=641 CharacterOffsetEnd=645 PartOfSpeech=WP] [Text=really CharacterOffsetBegin=646 CharacterOffsetEnd=652 PartOfSpeech=RB] [Text=makes CharacterOffsetBegin=653 CharacterOffsetEnd=658 PartOfSpeech=VBZ] [Text=me CharacterOffsetBegin=659 CharacterOffsetEnd=661 PartOfSpeech=PRP] [Text=recommend CharacterOffsetBegin=662 CharacterOffsetEnd=671 PartOfSpeech=VB] [Text=this CharacterOffsetBegin=672 CharacterOffsetEnd=676 PartOfSpeech=DT] [Text=film CharacterOffsetBegin=677 CharacterOffsetEnd=681 PartOfSpeech=NN] [Text=is CharacterOffsetBegin=682 CharacterOffsetEnd=684 PartOfSpeech=VBZ] [Text=the CharacterOffsetBegin=685 CharacterOffsetEnd=688 PartOfSpeech=DT] [Text=fairly CharacterOffsetBegin=689 CharacterOffsetEnd=695 PartOfSpeech=RB] [Text=long CharacterOffsetBegin=696 CharacterOffsetEnd=700 PartOfSpeech=JJ] [Text=climax-scene CharacterOffsetBegin=701 CharacterOffsetEnd=713 PartOfSpeech=NN] [Text=in CharacterOffsetBegin=714 CharacterOffsetEnd=716 PartOfSpeech=IN] [Text=the CharacterOffsetBegin=717 CharacterOffsetEnd=720 PartOfSpeech=DT] [Text=basement-setting CharacterOffsetBegin=721 CharacterOffsetEnd=737 PartOfSpeech=NN] [Text=. CharacterOffsetBegin=737 CharacterOffsetEnd=738 PartOfSpeech=.] 
root(ROOT-0, much-6)
nsubj(much-6, Performances-1)
cc(Performances-1, &-2)
conj(Performances-1, cinematography-3)
cop(much-6, are-4)
advmod(much-6, pretty-5)
prep(much-6, above-7)
pobj(above-7, par-8)
punct(compared-10, -LRB--9)
prep(much-6, compared-10)
pcomp(compared-10, to-11)
pobj(to-11, many-12)
amod(70-15, other-13)
amod(70-15, late-14)
dep(many-12, 70-15)
possessive(70-15, 's-16)
punct(70-15, /-17)
amod(films-21, early-18)
poss(films-21, 80-19)
possessive(80-19, 's-20)
dep(70-15, films-21)
prep(films-21, in-22)
det(vein-25, the-23)
amod(vein-25, same-24)
pobj(in-22, vein-25)
punct(films-21, -RRB--26)
punct(70-15, ,-27)
cc(70-15, but-28)
nsubj(makes-31, what-29)
advmod(makes-31, really-30)
csubj(climax-scene-40, makes-31)
nsubj(recommend-33, me-32)
ccomp(makes-31, recommend-33)
det(film-35, this-34)
dobj(recommend-33, film-35)
cop(climax-scene-40, is-36)
det(climax-scene-40, the-37)
advmod(long-39, fairly-38)
amod(climax-scene-40, long-39)
conj(70-15, climax-scene-40)
prep(climax-scene-40, in-41)
det(basement-setting-43, the-42)
pobj(in-41, basement-setting-43)
punct(much-6, .-44)

Sentence #5 (31 tokens):
From the moment that "Keller Junior" character was introduced, his performance made my jaw drop open and it didn't close until the end of the film.
[Text=From CharacterOffsetBegin=743 CharacterOffsetEnd=747 PartOfSpeech=IN] [Text=the CharacterOffsetBegin=748 CharacterOffsetEnd=751 PartOfSpeech=DT] [Text=moment CharacterOffsetBegin=752 CharacterOffsetEnd=758 PartOfSpeech=NN] [Text=that CharacterOffsetBegin=759 CharacterOffsetEnd=763 PartOfSpeech=IN] [Text=`` CharacterOffsetBegin=764 CharacterOffsetEnd=765 PartOfSpeech=``] [Text=Keller CharacterOffsetBegin=765 CharacterOffsetEnd=771 PartOfSpeech=NNP] [Text=Junior CharacterOffsetBegin=772 CharacterOffsetEnd=778 PartOfSpeech=NNP] [Text='' CharacterOffsetBegin=778 CharacterOffsetEnd=779 PartOfSpeech=''] [Text=character CharacterOffsetBegin=780 CharacterOffsetEnd=789 PartOfSpeech=NN] [Text=was CharacterOffsetBegin=790 CharacterOffsetEnd=793 PartOfSpeech=VBD] [Text=introduced CharacterOffsetBegin=794 CharacterOffsetEnd=804 PartOfSpeech=VBN] [Text=, CharacterOffsetBegin=804 CharacterOffsetEnd=805 PartOfSpeech=,] [Text=his CharacterOffsetBegin=806 CharacterOffsetEnd=809 PartOfSpeech=PRP$] [Text=performance CharacterOffsetBegin=810 CharacterOffsetEnd=821 PartOfSpeech=NN] [Text=made CharacterOffsetBegin=822 CharacterOffsetEnd=826 PartOfSpeech=VBD] [Text=my CharacterOffsetBegin=827 CharacterOffsetEnd=829 PartOfSpeech=PRP$] [Text=jaw CharacterOffsetBegin=830 CharacterOffsetEnd=833 PartOfSpeech=NN] [Text=drop CharacterOffsetBegin=834 CharacterOffsetEnd=838 PartOfSpeech=NN] [Text=open CharacterOffsetBegin=839 CharacterOffsetEnd=843 PartOfSpeech=JJ] [Text=and CharacterOffsetBegin=844 CharacterOffsetEnd=847 PartOfSpeech=CC] [Text=it CharacterOffsetBegin=848 CharacterOffsetEnd=850 PartOfSpeech=PRP] [Text=did CharacterOffsetBegin=851 CharacterOffsetEnd=854 PartOfSpeech=VBD] [Text=n't CharacterOffsetBegin=854 CharacterOffsetEnd=857 PartOfSpeech=RB] [Text=close CharacterOffsetBegin=858 CharacterOffsetEnd=863 PartOfSpeech=VB] [Text=until CharacterOffsetBegin=864 CharacterOffsetEnd=869 PartOfSpeech=IN] [Text=the CharacterOffsetBegin=870 CharacterOffsetEnd=873 PartOfSpeech=DT] [Text=end CharacterOffsetBegin=874 CharacterOffsetEnd=877 PartOfSpeech=NN] [Text=of CharacterOffsetBegin=878 CharacterOffsetEnd=880 PartOfSpeech=IN] [Text=the CharacterOffsetBegin=881 CharacterOffsetEnd=884 PartOfSpeech=DT] [Text=film CharacterOffsetBegin=885 CharacterOffsetEnd=889 PartOfSpeech=NN] [Text=. CharacterOffsetBegin=889 CharacterOffsetEnd=890 PartOfSpeech=.] 
root(ROOT-0, From-1)
det(moment-3, the-2)
pobj(From-1, moment-3)
mark(introduced-11, that-4)
punct(introduced-11, ``-5)
nn(character-9, Keller-6)
nn(character-9, Junior-7)
punct(character-9, ''-8)
nsubjpass(introduced-11, character-9)
auxpass(introduced-11, was-10)
dep(From-1, introduced-11)
punct(introduced-11, ,-12)
poss(performance-14, his-13)
nsubj(made-15, performance-14)
dep(introduced-11, made-15)
poss(drop-18, my-16)
nn(drop-18, jaw-17)
nsubj(open-19, drop-18)
xcomp(made-15, open-19)
cc(open-19, and-20)
nsubj(close-24, it-21)
aux(close-24, did-22)
neg(close-24, n't-23)
conj(open-19, close-24)
prep(close-24, until-25)
det(end-27, the-26)
pobj(until-25, end-27)
prep(end-27, of-28)
det(film-30, the-29)
pobj(of-28, film-30)
punct(From-1, .-31)

Sentence #6 (43 tokens):
A very pleasant surprise to see actor Sydney Lassick (who was funnily wacko in "One Flew Over The Cuckoo's nest", and now utterly demented in "The Unseen") take on one of the leading roles.
[Text=A CharacterOffsetBegin=895 CharacterOffsetEnd=896 PartOfSpeech=DT] [Text=very CharacterOffsetBegin=897 CharacterOffsetEnd=901 PartOfSpeech=RB] [Text=pleasant CharacterOffsetBegin=902 CharacterOffsetEnd=910 PartOfSpeech=JJ] [Text=surprise CharacterOffsetBegin=911 CharacterOffsetEnd=919 PartOfSpeech=NN] [Text=to CharacterOffsetBegin=920 CharacterOffsetEnd=922 PartOfSpeech=TO] [Text=see CharacterOffsetBegin=923 CharacterOffsetEnd=926 PartOfSpeech=VB] [Text=actor CharacterOffsetBegin=927 CharacterOffsetEnd=932 PartOfSpeech=NN] [Text=Sydney CharacterOffsetBegin=933 CharacterOffsetEnd=939 PartOfSpeech=NNP] [Text=Lassick CharacterOffsetBegin=940 CharacterOffsetEnd=947 PartOfSpeech=NNP] [Text=-LRB- CharacterOffsetBegin=948 CharacterOffsetEnd=949 PartOfSpeech=-LRB-] [Text=who CharacterOffsetBegin=949 CharacterOffsetEnd=952 PartOfSpeech=WP] [Text=was CharacterOffsetBegin=953 CharacterOffsetEnd=956 PartOfSpeech=VBD] [Text=funnily CharacterOffsetBegin=957 CharacterOffsetEnd=964 PartOfSpeech=RB] [Text=wacko CharacterOffsetBegin=965 CharacterOffsetEnd=970 PartOfSpeech=JJ] [Text=in CharacterOffsetBegin=971 CharacterOffsetEnd=973 PartOfSpeech=IN] [Text=`` CharacterOffsetBegin=974 CharacterOffsetEnd=975 PartOfSpeech=``] [Text=One CharacterOffsetBegin=975 CharacterOffsetEnd=978 PartOfSpeech=CD] [Text=Flew CharacterOffsetBegin=979 CharacterOffsetEnd=983 PartOfSpeech=VBD] [Text=Over CharacterOffsetBegin=984 CharacterOffsetEnd=988 PartOfSpeech=IN] [Text=The CharacterOffsetBegin=989 CharacterOffsetEnd=992 PartOfSpeech=DT] [Text=Cuckoo CharacterOffsetBegin=993 CharacterOffsetEnd=999 PartOfSpeech=NN] [Text='s CharacterOffsetBegin=999 CharacterOffsetEnd=1001 PartOfSpeech=POS] [Text=nest CharacterOffsetBegin=1002 CharacterOffsetEnd=1006 PartOfSpeech=NN] [Text='' CharacterOffsetBegin=1006 CharacterOffsetEnd=1007 PartOfSpeech=''] [Text=, CharacterOffsetBegin=1007 CharacterOffsetEnd=1008 PartOfSpeech=,] [Text=and CharacterOffsetBegin=1009 CharacterOffsetEnd=1012 PartOfSpeech=CC] [Text=now CharacterOffsetBegin=1013 CharacterOffsetEnd=1016 PartOfSpeech=RB] [Text=utterly CharacterOffsetBegin=1017 CharacterOffsetEnd=1024 PartOfSpeech=RB] [Text=demented CharacterOffsetBegin=1025 CharacterOffsetEnd=1033 PartOfSpeech=JJ] [Text=in CharacterOffsetBegin=1034 CharacterOffsetEnd=1036 PartOfSpeech=IN] [Text=`` CharacterOffsetBegin=1037 CharacterOffsetEnd=1038 PartOfSpeech=``] [Text=The CharacterOffsetBegin=1038 CharacterOffsetEnd=1041 PartOfSpeech=DT] [Text=Unseen CharacterOffsetBegin=1042 CharacterOffsetEnd=1048 PartOfSpeech=NNP] [Text='' CharacterOffsetBegin=1048 CharacterOffsetEnd=1049 PartOfSpeech=''] [Text=-RRB- CharacterOffsetBegin=1049 CharacterOffsetEnd=1050 PartOfSpeech=-RRB-] [Text=take CharacterOffsetBegin=1051 CharacterOffsetEnd=1055 PartOfSpeech=VBP] [Text=on CharacterOffsetBegin=1056 CharacterOffsetEnd=1058 PartOfSpeech=IN] [Text=one CharacterOffsetBegin=1059 CharacterOffsetEnd=1062 PartOfSpeech=CD] [Text=of CharacterOffsetBegin=1063 CharacterOffsetEnd=1065 PartOfSpeech=IN] [Text=the CharacterOffsetBegin=1066 CharacterOffsetEnd=1069 PartOfSpeech=DT] [Text=leading CharacterOffsetBegin=1070 CharacterOffsetEnd=1077 PartOfSpeech=VBG] [Text=roles CharacterOffsetBegin=1078 CharacterOffsetEnd=1083 PartOfSpeech=NNS] [Text=. CharacterOffsetBegin=1083 CharacterOffsetEnd=1084 PartOfSpeech=.] 
root(ROOT-0, surprise-4)
det(surprise-4, A-1)
advmod(pleasant-3, very-2)
amod(surprise-4, pleasant-3)
aux(see-6, to-5)
infmod(surprise-4, see-6)
dobj(see-6, actor-7)
nsubj(take-36, Sydney-8)
nsubj(take-36, Lassick-9)
punct(wacko-14, -LRB--10)
nsubj(wacko-14, who-11)
cop(wacko-14, was-12)
advmod(wacko-14, funnily-13)
dep(Lassick-9, wacko-14)
prep(wacko-14, in-15)
punct(Flew-18, ``-16)
num(Flew-18, One-17)
pobj(in-15, Flew-18)
prep(Flew-18, Over-19)
det(Cuckoo-21, The-20)
poss(nest-23, Cuckoo-21)
possessive(Cuckoo-21, 's-22)
pobj(Over-19, nest-23)
punct(nest-23, ''-24)
punct(Flew-18, ,-25)
cc(Flew-18, and-26)
advmod(demented-29, now-27)
advmod(demented-29, utterly-28)
conj(Flew-18, demented-29)
prep(demented-29, in-30)
punct(in-30, ``-31)
det(Unseen-33, The-32)
pobj(in-30, Unseen-33)
punct(in-30, ''-34)
punct(wacko-14, -RRB--35)
rcmod(actor-7, take-36)
prep(take-36, on-37)
pobj(on-37, one-38)
prep(one-38, of-39)
det(roles-42, the-40)
amod(roles-42, leading-41)
pobj(of-39, roles-42)
punct(surprise-4, .-43)

