Sentence #1 (15 tokens):
Grey Gardens was enthralling and crazy and you just couldn't really look away.
[Text=Grey CharacterOffsetBegin=4 CharacterOffsetEnd=8 PartOfSpeech=NNP] [Text=Gardens CharacterOffsetBegin=9 CharacterOffsetEnd=16 PartOfSpeech=NNP] [Text=was CharacterOffsetBegin=17 CharacterOffsetEnd=20 PartOfSpeech=VBD] [Text=enthralling CharacterOffsetBegin=21 CharacterOffsetEnd=32 PartOfSpeech=JJ] [Text=and CharacterOffsetBegin=33 CharacterOffsetEnd=36 PartOfSpeech=CC] [Text=crazy CharacterOffsetBegin=37 CharacterOffsetEnd=42 PartOfSpeech=JJ] [Text=and CharacterOffsetBegin=43 CharacterOffsetEnd=46 PartOfSpeech=CC] [Text=you CharacterOffsetBegin=47 CharacterOffsetEnd=50 PartOfSpeech=PRP] [Text=just CharacterOffsetBegin=51 CharacterOffsetEnd=55 PartOfSpeech=RB] [Text=could CharacterOffsetBegin=56 CharacterOffsetEnd=61 PartOfSpeech=MD] [Text=n't CharacterOffsetBegin=61 CharacterOffsetEnd=64 PartOfSpeech=RB] [Text=really CharacterOffsetBegin=65 CharacterOffsetEnd=71 PartOfSpeech=RB] [Text=look CharacterOffsetBegin=72 CharacterOffsetEnd=76 PartOfSpeech=VB] [Text=away CharacterOffsetBegin=77 CharacterOffsetEnd=81 PartOfSpeech=RB] [Text=. CharacterOffsetBegin=81 CharacterOffsetEnd=82 PartOfSpeech=.] 
root(ROOT-0, enthralling-4)
nn(Gardens-2, Grey-1)
nsubj(enthralling-4, Gardens-2)
cop(enthralling-4, was-3)
cc(enthralling-4, and-5)
conj(enthralling-4, crazy-6)
cc(enthralling-4, and-7)
nsubj(look-13, you-8)
advmod(look-13, just-9)
aux(look-13, could-10)
neg(look-13, n't-11)
advmod(look-13, really-12)
conj(enthralling-4, look-13)
advmod(look-13, away-14)
punct(enthralling-4, .-15)

Sentence #2 (13 tokens):
It was so strange, and funny and sad and sick and .
[Text=It CharacterOffsetBegin=87 CharacterOffsetEnd=89 PartOfSpeech=PRP] [Text=was CharacterOffsetBegin=90 CharacterOffsetEnd=93 PartOfSpeech=VBD] [Text=so CharacterOffsetBegin=94 CharacterOffsetEnd=96 PartOfSpeech=RB] [Text=strange CharacterOffsetBegin=97 CharacterOffsetEnd=104 PartOfSpeech=JJ] [Text=, CharacterOffsetBegin=104 CharacterOffsetEnd=105 PartOfSpeech=,] [Text=and CharacterOffsetBegin=106 CharacterOffsetEnd=109 PartOfSpeech=CC] [Text=funny CharacterOffsetBegin=110 CharacterOffsetEnd=115 PartOfSpeech=JJ] [Text=and CharacterOffsetBegin=116 CharacterOffsetEnd=119 PartOfSpeech=CC] [Text=sad CharacterOffsetBegin=120 CharacterOffsetEnd=123 PartOfSpeech=JJ] [Text=and CharacterOffsetBegin=124 CharacterOffsetEnd=127 PartOfSpeech=CC] [Text=sick CharacterOffsetBegin=128 CharacterOffsetEnd=132 PartOfSpeech=JJ] [Text=and CharacterOffsetBegin=133 CharacterOffsetEnd=136 PartOfSpeech=CC] [Text=. CharacterOffsetBegin=137 CharacterOffsetEnd=138 PartOfSpeech=.] 
root(ROOT-0, strange-4)
nsubj(strange-4, It-1)
cop(strange-4, was-2)
advmod(strange-4, so-3)
punct(strange-4, ,-5)
cc(strange-4, and-6)
conj(strange-4, funny-7)
cc(funny-7, and-8)
conj(funny-7, sad-9)
cc(funny-7, and-10)
conj(funny-7, sick-11)
cc(strange-4, and-12)
punct(strange-4, .-13)

Sentence #3 (1 tokens):
.
[Text=. CharacterOffsetBegin=138 CharacterOffsetEnd=139 PartOfSpeech=.] 
root(ROOT-0, .-1)

Sentence #4 (6 tokens):
really no words can describe.
[Text=really CharacterOffsetBegin=140 CharacterOffsetEnd=146 PartOfSpeech=RB] [Text=no CharacterOffsetBegin=147 CharacterOffsetEnd=149 PartOfSpeech=DT] [Text=words CharacterOffsetBegin=150 CharacterOffsetEnd=155 PartOfSpeech=NNS] [Text=can CharacterOffsetBegin=156 CharacterOffsetEnd=159 PartOfSpeech=MD] [Text=describe CharacterOffsetBegin=160 CharacterOffsetEnd=168 PartOfSpeech=VB] [Text=. CharacterOffsetBegin=168 CharacterOffsetEnd=169 PartOfSpeech=.] 
root(ROOT-0, describe-5)
advmod(words-3, really-1)
det(words-3, no-2)
nsubj(describe-5, words-3)
aux(describe-5, can-4)
punct(describe-5, .-6)

Sentence #5 (8 tokens):
The move Grey Gardens is beyond bizarre.
[Text=The CharacterOffsetBegin=174 CharacterOffsetEnd=177 PartOfSpeech=DT] [Text=move CharacterOffsetBegin=178 CharacterOffsetEnd=182 PartOfSpeech=NN] [Text=Grey CharacterOffsetBegin=183 CharacterOffsetEnd=187 PartOfSpeech=NNP] [Text=Gardens CharacterOffsetBegin=188 CharacterOffsetEnd=195 PartOfSpeech=NNP] [Text=is CharacterOffsetBegin=196 CharacterOffsetEnd=198 PartOfSpeech=VBZ] [Text=beyond CharacterOffsetBegin=199 CharacterOffsetEnd=205 PartOfSpeech=IN] [Text=bizarre CharacterOffsetBegin=206 CharacterOffsetEnd=213 PartOfSpeech=JJ] [Text=. CharacterOffsetBegin=213 CharacterOffsetEnd=214 PartOfSpeech=.] 
root(ROOT-0, move-2)
det(move-2, The-1)
nn(Gardens-4, Grey-3)
nsubj(is-5, Gardens-4)
rcmod(move-2, is-5)
prep(is-5, beyond-6)
pobj(beyond-6, bizarre-7)
punct(move-2, .-8)

Sentence #6 (40 tokens):
I found out about this film reading my Uncle John's Great Big Bathroom Reader, by the Bathroom Reader's Institute and it was well worth the rental and bump to the top of my movie watching queue.
[Text=I CharacterOffsetBegin=219 CharacterOffsetEnd=220 PartOfSpeech=PRP] [Text=found CharacterOffsetBegin=221 CharacterOffsetEnd=226 PartOfSpeech=VBD] [Text=out CharacterOffsetBegin=227 CharacterOffsetEnd=230 PartOfSpeech=RP] [Text=about CharacterOffsetBegin=231 CharacterOffsetEnd=236 PartOfSpeech=IN] [Text=this CharacterOffsetBegin=237 CharacterOffsetEnd=241 PartOfSpeech=DT] [Text=film CharacterOffsetBegin=242 CharacterOffsetEnd=246 PartOfSpeech=NN] [Text=reading CharacterOffsetBegin=247 CharacterOffsetEnd=254 PartOfSpeech=NN] [Text=my CharacterOffsetBegin=255 CharacterOffsetEnd=257 PartOfSpeech=PRP$] [Text=Uncle CharacterOffsetBegin=258 CharacterOffsetEnd=263 PartOfSpeech=NNP] [Text=John CharacterOffsetBegin=264 CharacterOffsetEnd=268 PartOfSpeech=NNP] [Text='s CharacterOffsetBegin=268 CharacterOffsetEnd=270 PartOfSpeech=POS] [Text=Great CharacterOffsetBegin=271 CharacterOffsetEnd=276 PartOfSpeech=NNP] [Text=Big CharacterOffsetBegin=277 CharacterOffsetEnd=280 PartOfSpeech=NNP] [Text=Bathroom CharacterOffsetBegin=281 CharacterOffsetEnd=289 PartOfSpeech=NNP] [Text=Reader CharacterOffsetBegin=290 CharacterOffsetEnd=296 PartOfSpeech=NNP] [Text=, CharacterOffsetBegin=296 CharacterOffsetEnd=297 PartOfSpeech=,] [Text=by CharacterOffsetBegin=298 CharacterOffsetEnd=300 PartOfSpeech=IN] [Text=the CharacterOffsetBegin=301 CharacterOffsetEnd=304 PartOfSpeech=DT] [Text=Bathroom CharacterOffsetBegin=305 CharacterOffsetEnd=313 PartOfSpeech=NNP] [Text=Reader CharacterOffsetBegin=314 CharacterOffsetEnd=320 PartOfSpeech=NNP] [Text='s CharacterOffsetBegin=320 CharacterOffsetEnd=322 PartOfSpeech=POS] [Text=Institute CharacterOffsetBegin=323 CharacterOffsetEnd=332 PartOfSpeech=NNP] [Text=and CharacterOffsetBegin=333 CharacterOffsetEnd=336 PartOfSpeech=CC] [Text=it CharacterOffsetBegin=337 CharacterOffsetEnd=339 PartOfSpeech=PRP] [Text=was CharacterOffsetBegin=340 CharacterOffsetEnd=343 PartOfSpeech=VBD] [Text=well CharacterOffsetBegin=344 CharacterOffsetEnd=348 PartOfSpeech=RB] [Text=worth CharacterOffsetBegin=349 CharacterOffsetEnd=354 PartOfSpeech=IN] [Text=the CharacterOffsetBegin=355 CharacterOffsetEnd=358 PartOfSpeech=DT] [Text=rental CharacterOffsetBegin=359 CharacterOffsetEnd=365 PartOfSpeech=JJ] [Text=and CharacterOffsetBegin=366 CharacterOffsetEnd=369 PartOfSpeech=CC] [Text=bump CharacterOffsetBegin=370 CharacterOffsetEnd=374 PartOfSpeech=VB] [Text=to CharacterOffsetBegin=375 CharacterOffsetEnd=377 PartOfSpeech=TO] [Text=the CharacterOffsetBegin=378 CharacterOffsetEnd=381 PartOfSpeech=DT] [Text=top CharacterOffsetBegin=382 CharacterOffsetEnd=385 PartOfSpeech=NN] [Text=of CharacterOffsetBegin=386 CharacterOffsetEnd=388 PartOfSpeech=IN] [Text=my CharacterOffsetBegin=389 CharacterOffsetEnd=391 PartOfSpeech=PRP$] [Text=movie CharacterOffsetBegin=392 CharacterOffsetEnd=397 PartOfSpeech=NN] [Text=watching CharacterOffsetBegin=398 CharacterOffsetEnd=406 PartOfSpeech=VBG] [Text=queue CharacterOffsetBegin=407 CharacterOffsetEnd=412 PartOfSpeech=NN] [Text=. CharacterOffsetBegin=412 CharacterOffsetEnd=413 PartOfSpeech=.] 
root(ROOT-0, found-2)
nsubj(found-2, I-1)
prt(found-2, out-3)
mark(reading-7, about-4)
det(film-6, this-5)
nsubj(reading-7, film-6)
ccomp(found-2, reading-7)
poss(Reader-15, my-8)
nn(Reader-15, Uncle-9)
poss(Reader-15, John-10)
possessive(John-10, 's-11)
nn(Reader-15, Great-12)
nn(Reader-15, Big-13)
nn(Reader-15, Bathroom-14)
dobj(reading-7, Reader-15)
punct(reading-7, ,-16)
prep(reading-7, by-17)
det(Reader-20, the-18)
nn(Reader-20, Bathroom-19)
poss(Institute-22, Reader-20)
possessive(Reader-20, 's-21)
pobj(by-17, Institute-22)
cc(reading-7, and-23)
nsubj(worth-27, it-24)
cop(worth-27, was-25)
advmod(worth-27, well-26)
conj(reading-7, worth-27)
det(rental-29, the-28)
dep(worth-27, rental-29)
cc(rental-29, and-30)
conj(rental-29, bump-31)
prep(rental-29, to-32)
det(top-34, the-33)
pobj(to-32, top-34)
prep(top-34, of-35)
poss(movie-37, my-36)
pobj(of-35, movie-37)
partmod(rental-29, watching-38)
dobj(watching-38, queue-39)
punct(found-2, .-40)

Sentence #7 (16 tokens):
This movie is about the nuttiest most eccentric people that may have ever been filmed.
[Text=This CharacterOffsetBegin=418 CharacterOffsetEnd=422 PartOfSpeech=DT] [Text=movie CharacterOffsetBegin=423 CharacterOffsetEnd=428 PartOfSpeech=NN] [Text=is CharacterOffsetBegin=429 CharacterOffsetEnd=431 PartOfSpeech=VBZ] [Text=about CharacterOffsetBegin=432 CharacterOffsetEnd=437 PartOfSpeech=IN] [Text=the CharacterOffsetBegin=438 CharacterOffsetEnd=441 PartOfSpeech=DT] [Text=nuttiest CharacterOffsetBegin=442 CharacterOffsetEnd=450 PartOfSpeech=JJS] [Text=most CharacterOffsetBegin=451 CharacterOffsetEnd=455 PartOfSpeech=RBS] [Text=eccentric CharacterOffsetBegin=456 CharacterOffsetEnd=465 PartOfSpeech=JJ] [Text=people CharacterOffsetBegin=466 CharacterOffsetEnd=472 PartOfSpeech=NNS] [Text=that CharacterOffsetBegin=473 CharacterOffsetEnd=477 PartOfSpeech=WDT] [Text=may CharacterOffsetBegin=478 CharacterOffsetEnd=481 PartOfSpeech=MD] [Text=have CharacterOffsetBegin=482 CharacterOffsetEnd=486 PartOfSpeech=VB] [Text=ever CharacterOffsetBegin=487 CharacterOffsetEnd=491 PartOfSpeech=RB] [Text=been CharacterOffsetBegin=492 CharacterOffsetEnd=496 PartOfSpeech=VBN] [Text=filmed CharacterOffsetBegin=497 CharacterOffsetEnd=503 PartOfSpeech=VBN] [Text=. CharacterOffsetBegin=503 CharacterOffsetEnd=504 PartOfSpeech=.] 
root(ROOT-0, movie-2)
det(movie-2, This-1)
dep(movie-2, is-3)
prep(is-3, about-4)
det(people-9, the-5)
amod(people-9, nuttiest-6)
advmod(eccentric-8, most-7)
amod(people-9, eccentric-8)
pobj(about-4, people-9)
nsubj(filmed-15, that-10)
aux(filmed-15, may-11)
aux(filmed-15, have-12)
advmod(filmed-15, ever-13)
auxpass(filmed-15, been-14)
rcmod(people-9, filmed-15)
punct(movie-2, .-16)

Sentence #8 (17 tokens):
One should watch it for their favorite Edie outfits, which I am sure include curtains.
[Text=One CharacterOffsetBegin=509 CharacterOffsetEnd=512 PartOfSpeech=CD] [Text=should CharacterOffsetBegin=513 CharacterOffsetEnd=519 PartOfSpeech=MD] [Text=watch CharacterOffsetBegin=520 CharacterOffsetEnd=525 PartOfSpeech=VB] [Text=it CharacterOffsetBegin=526 CharacterOffsetEnd=528 PartOfSpeech=PRP] [Text=for CharacterOffsetBegin=529 CharacterOffsetEnd=532 PartOfSpeech=IN] [Text=their CharacterOffsetBegin=533 CharacterOffsetEnd=538 PartOfSpeech=PRP$] [Text=favorite CharacterOffsetBegin=539 CharacterOffsetEnd=547 PartOfSpeech=JJ] [Text=Edie CharacterOffsetBegin=548 CharacterOffsetEnd=552 PartOfSpeech=NNP] [Text=outfits CharacterOffsetBegin=553 CharacterOffsetEnd=560 PartOfSpeech=NN] [Text=, CharacterOffsetBegin=560 CharacterOffsetEnd=561 PartOfSpeech=,] [Text=which CharacterOffsetBegin=562 CharacterOffsetEnd=567 PartOfSpeech=WDT] [Text=I CharacterOffsetBegin=568 CharacterOffsetEnd=569 PartOfSpeech=PRP] [Text=am CharacterOffsetBegin=570 CharacterOffsetEnd=572 PartOfSpeech=VBP] [Text=sure CharacterOffsetBegin=573 CharacterOffsetEnd=577 PartOfSpeech=JJ] [Text=include CharacterOffsetBegin=578 CharacterOffsetEnd=585 PartOfSpeech=VBP] [Text=curtains CharacterOffsetBegin=586 CharacterOffsetEnd=594 PartOfSpeech=NNS] [Text=. CharacterOffsetBegin=594 CharacterOffsetEnd=595 PartOfSpeech=.] 
root(ROOT-0, watch-3)
nsubj(watch-3, One-1)
aux(watch-3, should-2)
dobj(watch-3, it-4)
prep(watch-3, for-5)
poss(outfits-9, their-6)
amod(outfits-9, favorite-7)
nn(outfits-9, Edie-8)
pobj(for-5, outfits-9)
punct(outfits-9, ,-10)
dobj(sure-14, which-11)
nsubj(sure-14, I-12)
cop(sure-14, am-13)
rcmod(outfits-9, sure-14)
ccomp(sure-14, include-15)
dobj(include-15, curtains-16)
punct(watch-3, .-17)

Sentence #9 (22 tokens):
When I get old I almost wish to be just like Big Edie, thumbing my nose at normalcy and society.
[Text=When CharacterOffsetBegin=600 CharacterOffsetEnd=604 PartOfSpeech=WRB] [Text=I CharacterOffsetBegin=605 CharacterOffsetEnd=606 PartOfSpeech=PRP] [Text=get CharacterOffsetBegin=607 CharacterOffsetEnd=610 PartOfSpeech=VBP] [Text=old CharacterOffsetBegin=611 CharacterOffsetEnd=614 PartOfSpeech=JJ] [Text=I CharacterOffsetBegin=615 CharacterOffsetEnd=616 PartOfSpeech=PRP] [Text=almost CharacterOffsetBegin=617 CharacterOffsetEnd=623 PartOfSpeech=RB] [Text=wish CharacterOffsetBegin=624 CharacterOffsetEnd=628 PartOfSpeech=VBP] [Text=to CharacterOffsetBegin=629 CharacterOffsetEnd=631 PartOfSpeech=TO] [Text=be CharacterOffsetBegin=632 CharacterOffsetEnd=634 PartOfSpeech=VB] [Text=just CharacterOffsetBegin=635 CharacterOffsetEnd=639 PartOfSpeech=RB] [Text=like CharacterOffsetBegin=640 CharacterOffsetEnd=644 PartOfSpeech=IN] [Text=Big CharacterOffsetBegin=645 CharacterOffsetEnd=648 PartOfSpeech=JJ] [Text=Edie CharacterOffsetBegin=649 CharacterOffsetEnd=653 PartOfSpeech=NNP] [Text=, CharacterOffsetBegin=653 CharacterOffsetEnd=654 PartOfSpeech=,] [Text=thumbing CharacterOffsetBegin=655 CharacterOffsetEnd=663 PartOfSpeech=VBG] [Text=my CharacterOffsetBegin=664 CharacterOffsetEnd=666 PartOfSpeech=PRP$] [Text=nose CharacterOffsetBegin=667 CharacterOffsetEnd=671 PartOfSpeech=NN] [Text=at CharacterOffsetBegin=672 CharacterOffsetEnd=674 PartOfSpeech=IN] [Text=normalcy CharacterOffsetBegin=675 CharacterOffsetEnd=683 PartOfSpeech=NN] [Text=and CharacterOffsetBegin=684 CharacterOffsetEnd=687 PartOfSpeech=CC] [Text=society CharacterOffsetBegin=688 CharacterOffsetEnd=695 PartOfSpeech=NN] [Text=. CharacterOffsetBegin=695 CharacterOffsetEnd=696 PartOfSpeech=.] 
root(ROOT-0, wish-7)
advmod(get-3, When-1)
nsubj(get-3, I-2)
advcl(wish-7, get-3)
dep(wish-7, old-4)
nsubj(wish-7, I-5)
advmod(wish-7, almost-6)
prep(wish-7, to-8)
pcomp(to-8, be-9)
advmod(like-11, just-10)
prep(be-9, like-11)
amod(Edie-13, Big-12)
pobj(like-11, Edie-13)
punct(be-9, ,-14)
xcomp(be-9, thumbing-15)
poss(nose-17, my-16)
dobj(thumbing-15, nose-17)
prep(thumbing-15, at-18)
pobj(at-18, normalcy-19)
cc(normalcy-19, and-20)
conj(normalcy-19, society-21)
punct(wish-7, .-22)

