Sentence #1 (39 tokens):
The influence of Hal Hartley in Adrienne Shelly's "I'll Take You There" is not overt, but clearly has ties to his work (Shelly has acted in two of Hartley's films).
[Text=The CharacterOffsetBegin=4 CharacterOffsetEnd=7 PartOfSpeech=DT] [Text=influence CharacterOffsetBegin=8 CharacterOffsetEnd=17 PartOfSpeech=NN] [Text=of CharacterOffsetBegin=18 CharacterOffsetEnd=20 PartOfSpeech=IN] [Text=Hal CharacterOffsetBegin=21 CharacterOffsetEnd=24 PartOfSpeech=NNP] [Text=Hartley CharacterOffsetBegin=25 CharacterOffsetEnd=32 PartOfSpeech=NNP] [Text=in CharacterOffsetBegin=33 CharacterOffsetEnd=35 PartOfSpeech=IN] [Text=Adrienne CharacterOffsetBegin=36 CharacterOffsetEnd=44 PartOfSpeech=NNP] [Text=Shelly CharacterOffsetBegin=45 CharacterOffsetEnd=51 PartOfSpeech=NNP] [Text='s CharacterOffsetBegin=51 CharacterOffsetEnd=53 PartOfSpeech=POS] [Text=`` CharacterOffsetBegin=54 CharacterOffsetEnd=55 PartOfSpeech=``] [Text=I CharacterOffsetBegin=55 CharacterOffsetEnd=56 PartOfSpeech=PRP] [Text='ll CharacterOffsetBegin=56 CharacterOffsetEnd=59 PartOfSpeech=MD] [Text=Take CharacterOffsetBegin=60 CharacterOffsetEnd=64 PartOfSpeech=VB] [Text=You CharacterOffsetBegin=65 CharacterOffsetEnd=68 PartOfSpeech=PRP] [Text=There CharacterOffsetBegin=69 CharacterOffsetEnd=74 PartOfSpeech=EX] [Text='' CharacterOffsetBegin=74 CharacterOffsetEnd=75 PartOfSpeech=''] [Text=is CharacterOffsetBegin=76 CharacterOffsetEnd=78 PartOfSpeech=VBZ] [Text=not CharacterOffsetBegin=79 CharacterOffsetEnd=82 PartOfSpeech=RB] [Text=overt CharacterOffsetBegin=83 CharacterOffsetEnd=88 PartOfSpeech=JJ] [Text=, CharacterOffsetBegin=88 CharacterOffsetEnd=89 PartOfSpeech=,] [Text=but CharacterOffsetBegin=90 CharacterOffsetEnd=93 PartOfSpeech=CC] [Text=clearly CharacterOffsetBegin=94 CharacterOffsetEnd=101 PartOfSpeech=RB] [Text=has CharacterOffsetBegin=102 CharacterOffsetEnd=105 PartOfSpeech=VBZ] [Text=ties CharacterOffsetBegin=106 CharacterOffsetEnd=110 PartOfSpeech=NNS] [Text=to CharacterOffsetBegin=111 CharacterOffsetEnd=113 PartOfSpeech=TO] [Text=his CharacterOffsetBegin=114 CharacterOffsetEnd=117 PartOfSpeech=PRP$] [Text=work CharacterOffsetBegin=118 CharacterOffsetEnd=122 PartOfSpeech=NN] [Text=-LRB- CharacterOffsetBegin=123 CharacterOffsetEnd=124 PartOfSpeech=-LRB-] [Text=Shelly CharacterOffsetBegin=124 CharacterOffsetEnd=130 PartOfSpeech=NNP] [Text=has CharacterOffsetBegin=131 CharacterOffsetEnd=134 PartOfSpeech=VBZ] [Text=acted CharacterOffsetBegin=135 CharacterOffsetEnd=140 PartOfSpeech=VBN] [Text=in CharacterOffsetBegin=141 CharacterOffsetEnd=143 PartOfSpeech=IN] [Text=two CharacterOffsetBegin=144 CharacterOffsetEnd=147 PartOfSpeech=CD] [Text=of CharacterOffsetBegin=148 CharacterOffsetEnd=150 PartOfSpeech=IN] [Text=Hartley CharacterOffsetBegin=151 CharacterOffsetEnd=158 PartOfSpeech=NNP] [Text='s CharacterOffsetBegin=158 CharacterOffsetEnd=160 PartOfSpeech=POS] [Text=films CharacterOffsetBegin=161 CharacterOffsetEnd=166 PartOfSpeech=NNS] [Text=-RRB- CharacterOffsetBegin=166 CharacterOffsetEnd=167 PartOfSpeech=-RRB-] [Text=. CharacterOffsetBegin=167 CharacterOffsetEnd=168 PartOfSpeech=.] 
root(ROOT-0, influence-2)
det(influence-2, The-1)
prep(influence-2, of-3)
nn(Hartley-5, Hal-4)
pobj(of-3, Hartley-5)
prep(Hartley-5, in-6)
nn(Shelly-8, Adrienne-7)
poss(overt-19, Shelly-8)
possessive(Shelly-8, 's-9)
punct(Take-13, ``-10)
nsubj(Take-13, I-11)
aux(Take-13, 'll-12)
csubj(overt-19, Take-13)
dobj(Take-13, You-14)
advmod(Take-13, There-15)
punct(Take-13, ''-16)
cop(overt-19, is-17)
neg(overt-19, not-18)
pobj(in-6, overt-19)
punct(influence-2, ,-20)
cc(influence-2, but-21)
advmod(has-23, clearly-22)
conj(influence-2, has-23)
dobj(has-23, ties-24)
prep(ties-24, to-25)
poss(work-27, his-26)
pobj(to-25, work-27)
punct(Shelly-29, -LRB--28)
nsubj(acted-31, Shelly-29)
aux(acted-31, has-30)
rcmod(work-27, acted-31)
prep(acted-31, in-32)
pobj(in-32, two-33)
prep(two-33, of-34)
poss(films-37, Hartley-35)
possessive(Hartley-35, 's-36)
pobj(of-34, films-37)
punct(has-23, -RRB--38)
punct(influence-2, .-39)

Sentence #2 (27 tokens):
Not only does her film exhibit a very tight narrative, but the hyper-stylized and extreme characters strangely render human emotion in a very real light.
[Text=Not CharacterOffsetBegin=173 CharacterOffsetEnd=176 PartOfSpeech=RB] [Text=only CharacterOffsetBegin=177 CharacterOffsetEnd=181 PartOfSpeech=RB] [Text=does CharacterOffsetBegin=182 CharacterOffsetEnd=186 PartOfSpeech=VBZ] [Text=her CharacterOffsetBegin=187 CharacterOffsetEnd=190 PartOfSpeech=PRP] [Text=film CharacterOffsetBegin=191 CharacterOffsetEnd=195 PartOfSpeech=NN] [Text=exhibit CharacterOffsetBegin=196 CharacterOffsetEnd=203 PartOfSpeech=VBP] [Text=a CharacterOffsetBegin=204 CharacterOffsetEnd=205 PartOfSpeech=DT] [Text=very CharacterOffsetBegin=206 CharacterOffsetEnd=210 PartOfSpeech=RB] [Text=tight CharacterOffsetBegin=211 CharacterOffsetEnd=216 PartOfSpeech=JJ] [Text=narrative CharacterOffsetBegin=217 CharacterOffsetEnd=226 PartOfSpeech=NN] [Text=, CharacterOffsetBegin=226 CharacterOffsetEnd=227 PartOfSpeech=,] [Text=but CharacterOffsetBegin=228 CharacterOffsetEnd=231 PartOfSpeech=CC] [Text=the CharacterOffsetBegin=232 CharacterOffsetEnd=235 PartOfSpeech=DT] [Text=hyper-stylized CharacterOffsetBegin=236 CharacterOffsetEnd=250 PartOfSpeech=JJ] [Text=and CharacterOffsetBegin=251 CharacterOffsetEnd=254 PartOfSpeech=CC] [Text=extreme CharacterOffsetBegin=255 CharacterOffsetEnd=262 PartOfSpeech=JJ] [Text=characters CharacterOffsetBegin=263 CharacterOffsetEnd=273 PartOfSpeech=NNS] [Text=strangely CharacterOffsetBegin=274 CharacterOffsetEnd=283 PartOfSpeech=RB] [Text=render CharacterOffsetBegin=284 CharacterOffsetEnd=290 PartOfSpeech=VBP] [Text=human CharacterOffsetBegin=291 CharacterOffsetEnd=296 PartOfSpeech=JJ] [Text=emotion CharacterOffsetBegin=297 CharacterOffsetEnd=304 PartOfSpeech=NN] [Text=in CharacterOffsetBegin=305 CharacterOffsetEnd=307 PartOfSpeech=IN] [Text=a CharacterOffsetBegin=308 CharacterOffsetEnd=309 PartOfSpeech=DT] [Text=very CharacterOffsetBegin=310 CharacterOffsetEnd=314 PartOfSpeech=RB] [Text=real CharacterOffsetBegin=315 CharacterOffsetEnd=319 PartOfSpeech=JJ] [Text=light CharacterOffsetBegin=320 CharacterOffsetEnd=325 PartOfSpeech=NN] [Text=. CharacterOffsetBegin=325 CharacterOffsetEnd=326 PartOfSpeech=.] 
root(ROOT-0, exhibit-6)
neg(only-2, Not-1)
advmod(exhibit-6, only-2)
aux(exhibit-6, does-3)
nsubj(film-5, her-4)
nsubj(exhibit-6, film-5)
det(narrative-10, a-7)
advmod(tight-9, very-8)
amod(narrative-10, tight-9)
dobj(exhibit-6, narrative-10)
punct(exhibit-6, ,-11)
cc(exhibit-6, but-12)
det(characters-17, the-13)
amod(characters-17, hyper-stylized-14)
cc(hyper-stylized-14, and-15)
conj(hyper-stylized-14, extreme-16)
nsubj(emotion-21, characters-17)
advmod(emotion-21, strangely-18)
amod(emotion-21, render-19)
amod(emotion-21, human-20)
conj(exhibit-6, emotion-21)
prep(emotion-21, in-22)
det(light-26, a-23)
advmod(real-25, very-24)
amod(light-26, real-25)
pobj(in-22, light-26)
punct(exhibit-6, .-27)

Sentence #3 (33 tokens):
Though this film is not ironic on the whole (thank God), the small and subtle ironies that pepper the piece allude to the bitter truths in love and loss.
[Text=Though CharacterOffsetBegin=331 CharacterOffsetEnd=337 PartOfSpeech=IN] [Text=this CharacterOffsetBegin=338 CharacterOffsetEnd=342 PartOfSpeech=DT] [Text=film CharacterOffsetBegin=343 CharacterOffsetEnd=347 PartOfSpeech=NN] [Text=is CharacterOffsetBegin=348 CharacterOffsetEnd=350 PartOfSpeech=VBZ] [Text=not CharacterOffsetBegin=351 CharacterOffsetEnd=354 PartOfSpeech=RB] [Text=ironic CharacterOffsetBegin=355 CharacterOffsetEnd=361 PartOfSpeech=JJ] [Text=on CharacterOffsetBegin=362 CharacterOffsetEnd=364 PartOfSpeech=IN] [Text=the CharacterOffsetBegin=365 CharacterOffsetEnd=368 PartOfSpeech=DT] [Text=whole CharacterOffsetBegin=369 CharacterOffsetEnd=374 PartOfSpeech=NN] [Text=-LRB- CharacterOffsetBegin=375 CharacterOffsetEnd=376 PartOfSpeech=-LRB-] [Text=thank CharacterOffsetBegin=376 CharacterOffsetEnd=381 PartOfSpeech=VB] [Text=God CharacterOffsetBegin=382 CharacterOffsetEnd=385 PartOfSpeech=NNP] [Text=-RRB- CharacterOffsetBegin=385 CharacterOffsetEnd=386 PartOfSpeech=-RRB-] [Text=, CharacterOffsetBegin=386 CharacterOffsetEnd=387 PartOfSpeech=,] [Text=the CharacterOffsetBegin=388 CharacterOffsetEnd=391 PartOfSpeech=DT] [Text=small CharacterOffsetBegin=392 CharacterOffsetEnd=397 PartOfSpeech=JJ] [Text=and CharacterOffsetBegin=398 CharacterOffsetEnd=401 PartOfSpeech=CC] [Text=subtle CharacterOffsetBegin=402 CharacterOffsetEnd=408 PartOfSpeech=JJ] [Text=ironies CharacterOffsetBegin=409 CharacterOffsetEnd=416 PartOfSpeech=NNS] [Text=that CharacterOffsetBegin=417 CharacterOffsetEnd=421 PartOfSpeech=WDT] [Text=pepper CharacterOffsetBegin=422 CharacterOffsetEnd=428 PartOfSpeech=NN] [Text=the CharacterOffsetBegin=429 CharacterOffsetEnd=432 PartOfSpeech=DT] [Text=piece CharacterOffsetBegin=433 CharacterOffsetEnd=438 PartOfSpeech=NN] [Text=allude CharacterOffsetBegin=439 CharacterOffsetEnd=445 PartOfSpeech=NN] [Text=to CharacterOffsetBegin=446 CharacterOffsetEnd=448 PartOfSpeech=TO] [Text=the CharacterOffsetBegin=449 CharacterOffsetEnd=452 PartOfSpeech=DT] [Text=bitter CharacterOffsetBegin=453 CharacterOffsetEnd=459 PartOfSpeech=JJ] [Text=truths CharacterOffsetBegin=460 CharacterOffsetEnd=466 PartOfSpeech=NNS] [Text=in CharacterOffsetBegin=467 CharacterOffsetEnd=469 PartOfSpeech=IN] [Text=love CharacterOffsetBegin=470 CharacterOffsetEnd=474 PartOfSpeech=NN] [Text=and CharacterOffsetBegin=475 CharacterOffsetEnd=478 PartOfSpeech=CC] [Text=loss CharacterOffsetBegin=479 CharacterOffsetEnd=483 PartOfSpeech=NN] [Text=. CharacterOffsetBegin=483 CharacterOffsetEnd=484 PartOfSpeech=.] 
root(ROOT-0, ironic-6)
mark(ironic-6, Though-1)
det(film-3, this-2)
nsubj(ironic-6, film-3)
cop(ironic-6, is-4)
neg(ironic-6, not-5)
prep(ironic-6, on-7)
pobj(on-7, the-8)
dep(the-8, whole-9)
punct(thank-11, -LRB--10)
dep(whole-9, thank-11)
dep(thank-11, God-12)
punct(thank-11, -RRB--13)
punct(whole-9, ,-14)
det(ironies-19, the-15)
amod(ironies-19, small-16)
cc(small-16, and-17)
conj(small-16, subtle-18)
dep(,-14, ironies-19)
dep(ironies-19, that-20)
dep(that-20, pepper-21)
det(piece-23, the-22)
dobj(pepper-21, piece-23)
partmod(piece-23, allude-24)
prep(allude-24, to-25)
det(truths-28, the-26)
amod(truths-28, bitter-27)
pobj(to-25, truths-28)
prep(allude-24, in-29)
pobj(in-29, love-30)
cc(love-30, and-31)
conj(love-30, loss-32)
punct(ironies-19, .-33)

Sentence #4 (52 tokens):
With beautiful cinematography and a soundtrack straight from the seventies, "I'll See You There" is a great indie-film that doesn't stoop to postmodern irony when dealing with the woes of love and the reality of human emotion.The film begins with Bill's life falling to pieces.
[Text=With CharacterOffsetBegin=489 CharacterOffsetEnd=493 PartOfSpeech=IN] [Text=beautiful CharacterOffsetBegin=494 CharacterOffsetEnd=503 PartOfSpeech=JJ] [Text=cinematography CharacterOffsetBegin=504 CharacterOffsetEnd=518 PartOfSpeech=NN] [Text=and CharacterOffsetBegin=519 CharacterOffsetEnd=522 PartOfSpeech=CC] [Text=a CharacterOffsetBegin=523 CharacterOffsetEnd=524 PartOfSpeech=DT] [Text=soundtrack CharacterOffsetBegin=525 CharacterOffsetEnd=535 PartOfSpeech=NN] [Text=straight CharacterOffsetBegin=536 CharacterOffsetEnd=544 PartOfSpeech=RB] [Text=from CharacterOffsetBegin=545 CharacterOffsetEnd=549 PartOfSpeech=IN] [Text=the CharacterOffsetBegin=550 CharacterOffsetEnd=553 PartOfSpeech=DT] [Text=seventies CharacterOffsetBegin=554 CharacterOffsetEnd=563 PartOfSpeech=NNS] [Text=, CharacterOffsetBegin=563 CharacterOffsetEnd=564 PartOfSpeech=,] [Text=`` CharacterOffsetBegin=565 CharacterOffsetEnd=566 PartOfSpeech=``] [Text=I CharacterOffsetBegin=566 CharacterOffsetEnd=567 PartOfSpeech=PRP] [Text='ll CharacterOffsetBegin=567 CharacterOffsetEnd=570 PartOfSpeech=MD] [Text=See CharacterOffsetBegin=571 CharacterOffsetEnd=574 PartOfSpeech=VB] [Text=You CharacterOffsetBegin=575 CharacterOffsetEnd=578 PartOfSpeech=PRP] [Text=There CharacterOffsetBegin=579 CharacterOffsetEnd=584 PartOfSpeech=EX] [Text='' CharacterOffsetBegin=584 CharacterOffsetEnd=585 PartOfSpeech=''] [Text=is CharacterOffsetBegin=586 CharacterOffsetEnd=588 PartOfSpeech=VBZ] [Text=a CharacterOffsetBegin=589 CharacterOffsetEnd=590 PartOfSpeech=DT] [Text=great CharacterOffsetBegin=591 CharacterOffsetEnd=596 PartOfSpeech=JJ] [Text=indie-film CharacterOffsetBegin=597 CharacterOffsetEnd=607 PartOfSpeech=JJ] [Text=that CharacterOffsetBegin=608 CharacterOffsetEnd=612 PartOfSpeech=IN] [Text=does CharacterOffsetBegin=613 CharacterOffsetEnd=617 PartOfSpeech=VBZ] [Text=n't CharacterOffsetBegin=617 CharacterOffsetEnd=620 PartOfSpeech=RB] [Text=stoop CharacterOffsetBegin=621 CharacterOffsetEnd=626 PartOfSpeech=VB] [Text=to CharacterOffsetBegin=627 CharacterOffsetEnd=629 PartOfSpeech=TO] [Text=postmodern CharacterOffsetBegin=630 CharacterOffsetEnd=640 PartOfSpeech=JJ] [Text=irony CharacterOffsetBegin=641 CharacterOffsetEnd=646 PartOfSpeech=NN] [Text=when CharacterOffsetBegin=647 CharacterOffsetEnd=651 PartOfSpeech=WRB] [Text=dealing CharacterOffsetBegin=652 CharacterOffsetEnd=659 PartOfSpeech=VBG] [Text=with CharacterOffsetBegin=660 CharacterOffsetEnd=664 PartOfSpeech=IN] [Text=the CharacterOffsetBegin=665 CharacterOffsetEnd=668 PartOfSpeech=DT] [Text=woes CharacterOffsetBegin=669 CharacterOffsetEnd=673 PartOfSpeech=NNS] [Text=of CharacterOffsetBegin=674 CharacterOffsetEnd=676 PartOfSpeech=IN] [Text=love CharacterOffsetBegin=677 CharacterOffsetEnd=681 PartOfSpeech=NN] [Text=and CharacterOffsetBegin=682 CharacterOffsetEnd=685 PartOfSpeech=CC] [Text=the CharacterOffsetBegin=686 CharacterOffsetEnd=689 PartOfSpeech=DT] [Text=reality CharacterOffsetBegin=690 CharacterOffsetEnd=697 PartOfSpeech=NN] [Text=of CharacterOffsetBegin=698 CharacterOffsetEnd=700 PartOfSpeech=IN] [Text=human CharacterOffsetBegin=701 CharacterOffsetEnd=706 PartOfSpeech=JJ] [Text=emotion.The CharacterOffsetBegin=707 CharacterOffsetEnd=718 PartOfSpeech=NN] [Text=film CharacterOffsetBegin=719 CharacterOffsetEnd=723 PartOfSpeech=NN] [Text=begins CharacterOffsetBegin=724 CharacterOffsetEnd=730 PartOfSpeech=VBZ] [Text=with CharacterOffsetBegin=731 CharacterOffsetEnd=735 PartOfSpeech=IN] [Text=Bill CharacterOffsetBegin=736 CharacterOffsetEnd=740 PartOfSpeech=NNP] [Text='s CharacterOffsetBegin=740 CharacterOffsetEnd=742 PartOfSpeech=POS] [Text=life CharacterOffsetBegin=743 CharacterOffsetEnd=747 PartOfSpeech=NN] [Text=falling CharacterOffsetBegin=748 CharacterOffsetEnd=755 PartOfSpeech=VBG] [Text=to CharacterOffsetBegin=756 CharacterOffsetEnd=758 PartOfSpeech=TO] [Text=pieces CharacterOffsetBegin=759 CharacterOffsetEnd=765 PartOfSpeech=NNS] [Text=. CharacterOffsetBegin=765 CharacterOffsetEnd=766 PartOfSpeech=.] 
root(ROOT-0, See-15)
prep(See-15, With-1)
amod(cinematography-3, beautiful-2)
pobj(With-1, cinematography-3)
cc(cinematography-3, and-4)
det(soundtrack-6, a-5)
conj(cinematography-3, soundtrack-6)
advmod(from-8, straight-7)
prep(soundtrack-6, from-8)
det(seventies-10, the-9)
pobj(from-8, seventies-10)
punct(See-15, ,-11)
punct(See-15, ``-12)
nsubj(See-15, I-13)
aux(See-15, 'll-14)
dobj(See-15, You-16)
expl(indie-film-22, There-17)
punct(indie-film-22, ''-18)
cop(indie-film-22, is-19)
det(indie-film-22, a-20)
amod(indie-film-22, great-21)
dep(See-15, indie-film-22)
mark(stoop-26, that-23)
aux(stoop-26, does-24)
neg(stoop-26, n't-25)
csubj(begins-44, stoop-26)
prep(stoop-26, to-27)
amod(irony-29, postmodern-28)
pobj(to-27, irony-29)
advmod(dealing-31, when-30)
advcl(stoop-26, dealing-31)
prep(dealing-31, with-32)
det(woes-34, the-33)
pobj(with-32, woes-34)
prep(woes-34, of-35)
pobj(of-35, love-36)
cc(woes-34, and-37)
det(reality-39, the-38)
conj(woes-34, reality-39)
prep(reality-39, of-40)
amod(film-43, human-41)
nn(film-43, emotion.The-42)
pobj(of-40, film-43)
ccomp(indie-film-22, begins-44)
prep(begins-44, with-45)
poss(life-48, Bill-46)
possessive(Bill-46, 's-47)
nsubj(falling-49, life-48)
pcomp(with-45, falling-49)
prep(falling-49, to-50)
pobj(to-50, pieces-51)
punct(See-15, .-52)

Sentence #5 (30 tokens):
Not only has he sold his best friend Ray a beautiful country home, but his wife Rose has left him in order to join Ray in the retreat.
[Text=Not CharacterOffsetBegin=771 CharacterOffsetEnd=774 PartOfSpeech=RB] [Text=only CharacterOffsetBegin=775 CharacterOffsetEnd=779 PartOfSpeech=RB] [Text=has CharacterOffsetBegin=780 CharacterOffsetEnd=783 PartOfSpeech=VBZ] [Text=he CharacterOffsetBegin=784 CharacterOffsetEnd=786 PartOfSpeech=PRP] [Text=sold CharacterOffsetBegin=787 CharacterOffsetEnd=791 PartOfSpeech=VBD] [Text=his CharacterOffsetBegin=792 CharacterOffsetEnd=795 PartOfSpeech=PRP$] [Text=best CharacterOffsetBegin=796 CharacterOffsetEnd=800 PartOfSpeech=JJS] [Text=friend CharacterOffsetBegin=801 CharacterOffsetEnd=807 PartOfSpeech=NN] [Text=Ray CharacterOffsetBegin=808 CharacterOffsetEnd=811 PartOfSpeech=NNP] [Text=a CharacterOffsetBegin=812 CharacterOffsetEnd=813 PartOfSpeech=DT] [Text=beautiful CharacterOffsetBegin=814 CharacterOffsetEnd=823 PartOfSpeech=JJ] [Text=country CharacterOffsetBegin=824 CharacterOffsetEnd=831 PartOfSpeech=NN] [Text=home CharacterOffsetBegin=832 CharacterOffsetEnd=836 PartOfSpeech=NN] [Text=, CharacterOffsetBegin=836 CharacterOffsetEnd=837 PartOfSpeech=,] [Text=but CharacterOffsetBegin=838 CharacterOffsetEnd=841 PartOfSpeech=CC] [Text=his CharacterOffsetBegin=842 CharacterOffsetEnd=845 PartOfSpeech=PRP$] [Text=wife CharacterOffsetBegin=846 CharacterOffsetEnd=850 PartOfSpeech=NN] [Text=Rose CharacterOffsetBegin=851 CharacterOffsetEnd=855 PartOfSpeech=NNP] [Text=has CharacterOffsetBegin=856 CharacterOffsetEnd=859 PartOfSpeech=VBZ] [Text=left CharacterOffsetBegin=860 CharacterOffsetEnd=864 PartOfSpeech=VBN] [Text=him CharacterOffsetBegin=865 CharacterOffsetEnd=868 PartOfSpeech=PRP] [Text=in CharacterOffsetBegin=869 CharacterOffsetEnd=871 PartOfSpeech=IN] [Text=order CharacterOffsetBegin=872 CharacterOffsetEnd=877 PartOfSpeech=NN] [Text=to CharacterOffsetBegin=878 CharacterOffsetEnd=880 PartOfSpeech=TO] [Text=join CharacterOffsetBegin=881 CharacterOffsetEnd=885 PartOfSpeech=VB] [Text=Ray CharacterOffsetBegin=886 CharacterOffsetEnd=889 PartOfSpeech=NNP] [Text=in CharacterOffsetBegin=890 CharacterOffsetEnd=892 PartOfSpeech=IN] [Text=the CharacterOffsetBegin=893 CharacterOffsetEnd=896 PartOfSpeech=DT] [Text=retreat CharacterOffsetBegin=897 CharacterOffsetEnd=904 PartOfSpeech=NN] [Text=. CharacterOffsetBegin=904 CharacterOffsetEnd=905 PartOfSpeech=.] 
root(ROOT-0, sold-5)
neg(only-2, Not-1)
advmod(sold-5, only-2)
aux(sold-5, has-3)
nsubj(sold-5, he-4)
poss(Ray-9, his-6)
amod(Ray-9, best-7)
nn(Ray-9, friend-8)
nsubj(home-13, Ray-9)
det(home-13, a-10)
amod(home-13, beautiful-11)
nn(home-13, country-12)
xcomp(sold-5, home-13)
punct(sold-5, ,-14)
cc(sold-5, but-15)
poss(wife-17, his-16)
nsubj(left-20, wife-17)
nsubj(left-20, Rose-18)
aux(left-20, has-19)
conj(sold-5, left-20)
dobj(left-20, him-21)
mark(join-25, in-22)
dep(join-25, order-23)
aux(join-25, to-24)
advcl(left-20, join-25)
dobj(join-25, Ray-26)
prep(join-25, in-27)
det(retreat-29, the-28)
pobj(in-27, retreat-29)
punct(sold-5, .-30)

Sentence #6 (63 tokens):
All washed up, Bill wallows in his own gloom and doom until his sister Lucy (played by the director Adrienne Shelly) brings him all kinds of surprises: a self-help book and a "date" for her traumatized brother.The unwilling Bill tries to refuse, but the sudden appearance of Bernice at his door leaves him no choice.
[Text=All CharacterOffsetBegin=910 CharacterOffsetEnd=913 PartOfSpeech=DT] [Text=washed CharacterOffsetBegin=914 CharacterOffsetEnd=920 PartOfSpeech=VBN] [Text=up CharacterOffsetBegin=921 CharacterOffsetEnd=923 PartOfSpeech=RP] [Text=, CharacterOffsetBegin=923 CharacterOffsetEnd=924 PartOfSpeech=,] [Text=Bill CharacterOffsetBegin=925 CharacterOffsetEnd=929 PartOfSpeech=NNP] [Text=wallows CharacterOffsetBegin=930 CharacterOffsetEnd=937 PartOfSpeech=VBZ] [Text=in CharacterOffsetBegin=938 CharacterOffsetEnd=940 PartOfSpeech=IN] [Text=his CharacterOffsetBegin=941 CharacterOffsetEnd=944 PartOfSpeech=PRP$] [Text=own CharacterOffsetBegin=945 CharacterOffsetEnd=948 PartOfSpeech=JJ] [Text=gloom CharacterOffsetBegin=949 CharacterOffsetEnd=954 PartOfSpeech=NN] [Text=and CharacterOffsetBegin=955 CharacterOffsetEnd=958 PartOfSpeech=CC] [Text=doom CharacterOffsetBegin=959 CharacterOffsetEnd=963 PartOfSpeech=NN] [Text=until CharacterOffsetBegin=964 CharacterOffsetEnd=969 PartOfSpeech=IN] [Text=his CharacterOffsetBegin=970 CharacterOffsetEnd=973 PartOfSpeech=PRP$] [Text=sister CharacterOffsetBegin=974 CharacterOffsetEnd=980 PartOfSpeech=NN] [Text=Lucy CharacterOffsetBegin=981 CharacterOffsetEnd=985 PartOfSpeech=NNP] [Text=-LRB- CharacterOffsetBegin=986 CharacterOffsetEnd=987 PartOfSpeech=-LRB-] [Text=played CharacterOffsetBegin=987 CharacterOffsetEnd=993 PartOfSpeech=VBN] [Text=by CharacterOffsetBegin=994 CharacterOffsetEnd=996 PartOfSpeech=IN] [Text=the CharacterOffsetBegin=997 CharacterOffsetEnd=1000 PartOfSpeech=DT] [Text=director CharacterOffsetBegin=1001 CharacterOffsetEnd=1009 PartOfSpeech=NN] [Text=Adrienne CharacterOffsetBegin=1010 CharacterOffsetEnd=1018 PartOfSpeech=NNP] [Text=Shelly CharacterOffsetBegin=1019 CharacterOffsetEnd=1025 PartOfSpeech=NNP] [Text=-RRB- CharacterOffsetBegin=1025 CharacterOffsetEnd=1026 PartOfSpeech=-RRB-] [Text=brings CharacterOffsetBegin=1027 CharacterOffsetEnd=1033 PartOfSpeech=VBZ] [Text=him CharacterOffsetBegin=1034 CharacterOffsetEnd=1037 PartOfSpeech=PRP] [Text=all CharacterOffsetBegin=1038 CharacterOffsetEnd=1041 PartOfSpeech=DT] [Text=kinds CharacterOffsetBegin=1042 CharacterOffsetEnd=1047 PartOfSpeech=NNS] [Text=of CharacterOffsetBegin=1048 CharacterOffsetEnd=1050 PartOfSpeech=IN] [Text=surprises CharacterOffsetBegin=1051 CharacterOffsetEnd=1060 PartOfSpeech=NNS] [Text=: CharacterOffsetBegin=1060 CharacterOffsetEnd=1061 PartOfSpeech=:] [Text=a CharacterOffsetBegin=1062 CharacterOffsetEnd=1063 PartOfSpeech=DT] [Text=self-help CharacterOffsetBegin=1064 CharacterOffsetEnd=1073 PartOfSpeech=JJ] [Text=book CharacterOffsetBegin=1074 CharacterOffsetEnd=1078 PartOfSpeech=NN] [Text=and CharacterOffsetBegin=1079 CharacterOffsetEnd=1082 PartOfSpeech=CC] [Text=a CharacterOffsetBegin=1083 CharacterOffsetEnd=1084 PartOfSpeech=DT] [Text=`` CharacterOffsetBegin=1085 CharacterOffsetEnd=1086 PartOfSpeech=``] [Text=date CharacterOffsetBegin=1086 CharacterOffsetEnd=1090 PartOfSpeech=NN] [Text='' CharacterOffsetBegin=1090 CharacterOffsetEnd=1091 PartOfSpeech=''] [Text=for CharacterOffsetBegin=1092 CharacterOffsetEnd=1095 PartOfSpeech=IN] [Text=her CharacterOffsetBegin=1096 CharacterOffsetEnd=1099 PartOfSpeech=PRP$] [Text=traumatized CharacterOffsetBegin=1100 CharacterOffsetEnd=1111 PartOfSpeech=VBN] [Text=brother.The CharacterOffsetBegin=1112 CharacterOffsetEnd=1123 PartOfSpeech=NN] [Text=unwilling CharacterOffsetBegin=1124 CharacterOffsetEnd=1133 PartOfSpeech=JJ] [Text=Bill CharacterOffsetBegin=1134 CharacterOffsetEnd=1138 PartOfSpeech=NNP] [Text=tries CharacterOffsetBegin=1139 CharacterOffsetEnd=1144 PartOfSpeech=VBZ] [Text=to CharacterOffsetBegin=1145 CharacterOffsetEnd=1147 PartOfSpeech=TO] [Text=refuse CharacterOffsetBegin=1148 CharacterOffsetEnd=1154 PartOfSpeech=VB] [Text=, CharacterOffsetBegin=1154 CharacterOffsetEnd=1155 PartOfSpeech=,] [Text=but CharacterOffsetBegin=1156 CharacterOffsetEnd=1159 PartOfSpeech=CC] [Text=the CharacterOffsetBegin=1160 CharacterOffsetEnd=1163 PartOfSpeech=DT] [Text=sudden CharacterOffsetBegin=1164 CharacterOffsetEnd=1170 PartOfSpeech=JJ] [Text=appearance CharacterOffsetBegin=1171 CharacterOffsetEnd=1181 PartOfSpeech=NN] [Text=of CharacterOffsetBegin=1182 CharacterOffsetEnd=1184 PartOfSpeech=IN] [Text=Bernice CharacterOffsetBegin=1185 CharacterOffsetEnd=1192 PartOfSpeech=NNP] [Text=at CharacterOffsetBegin=1193 CharacterOffsetEnd=1195 PartOfSpeech=IN] [Text=his CharacterOffsetBegin=1196 CharacterOffsetEnd=1199 PartOfSpeech=PRP$] [Text=door CharacterOffsetBegin=1200 CharacterOffsetEnd=1204 PartOfSpeech=NN] [Text=leaves CharacterOffsetBegin=1205 CharacterOffsetEnd=1211 PartOfSpeech=VBZ] [Text=him CharacterOffsetBegin=1212 CharacterOffsetEnd=1215 PartOfSpeech=PRP] [Text=no CharacterOffsetBegin=1216 CharacterOffsetEnd=1218 PartOfSpeech=DT] [Text=choice CharacterOffsetBegin=1219 CharacterOffsetEnd=1225 PartOfSpeech=NN] [Text=. CharacterOffsetBegin=1225 CharacterOffsetEnd=1226 PartOfSpeech=.] 
root(ROOT-0, wallows-6)
dep(washed-2, All-1)
advcl(wallows-6, washed-2)
prt(washed-2, up-3)
punct(wallows-6, ,-4)
nsubj(wallows-6, Bill-5)
prep(wallows-6, in-7)
poss(gloom-10, his-8)
amod(gloom-10, own-9)
pobj(in-7, gloom-10)
cc(gloom-10, and-11)
conj(gloom-10, doom-12)
mark(brings-25, until-13)
nsubj(brings-25, his-14)
amod(his-14, sister-15)
dep(sister-15, Lucy-16)
punct(played-18, -LRB--17)
dep(Lucy-16, played-18)
prep(played-18, by-19)
det(Shelly-23, the-20)
nn(Shelly-23, director-21)
nn(Shelly-23, Adrienne-22)
pobj(by-19, Shelly-23)
punct(played-18, -RRB--24)
advcl(wallows-6, brings-25)
iobj(brings-25, him-26)
det(kinds-28, all-27)
dobj(brings-25, kinds-28)
prep(kinds-28, of-29)
pobj(of-29, surprises-30)
punct(wallows-6, :-31)
det(book-34, a-32)
amod(book-34, self-help-33)
nsubj(tries-46, book-34)
cc(book-34, and-35)
det(date-38, a-36)
punct(date-38, ``-37)
conj(book-34, date-38)
punct(date-38, ''-39)
prep(date-38, for-40)
poss(Bill-45, her-41)
nn(Bill-45, traumatized-42)
nn(Bill-45, brother.The-43)
amod(Bill-45, unwilling-44)
pobj(for-40, Bill-45)
parataxis(wallows-6, tries-46)
aux(refuse-48, to-47)
xcomp(tries-46, refuse-48)
punct(tries-46, ,-49)
cc(tries-46, but-50)
det(appearance-53, the-51)
amod(appearance-53, sudden-52)
nsubj(leaves-59, appearance-53)
prep(appearance-53, of-54)
pobj(of-54, Bernice-55)
prep(appearance-53, at-56)
poss(door-58, his-57)
pobj(at-56, door-58)
conj(tries-46, leaves-59)
nsubj(choice-62, him-60)
det(choice-62, no-61)
xcomp(leaves-59, choice-62)
punct(wallows-6, .-63)

Sentence #7 (21 tokens):
No doubt Bernice's initially superficial demeanor and ridiculous hairstyle detract from his ability to "rebound" with her.
[Text=No CharacterOffsetBegin=1231 CharacterOffsetEnd=1233 PartOfSpeech=DT] [Text=doubt CharacterOffsetBegin=1234 CharacterOffsetEnd=1239 PartOfSpeech=NN] [Text=Bernice CharacterOffsetBegin=1240 CharacterOffsetEnd=1247 PartOfSpeech=NNP] [Text='s CharacterOffsetBegin=1247 CharacterOffsetEnd=1249 PartOfSpeech=POS] [Text=initially CharacterOffsetBegin=1250 CharacterOffsetEnd=1259 PartOfSpeech=RB] [Text=superficial CharacterOffsetBegin=1260 CharacterOffsetEnd=1271 PartOfSpeech=JJ] [Text=demeanor CharacterOffsetBegin=1272 CharacterOffsetEnd=1280 PartOfSpeech=NN] [Text=and CharacterOffsetBegin=1281 CharacterOffsetEnd=1284 PartOfSpeech=CC] [Text=ridiculous CharacterOffsetBegin=1285 CharacterOffsetEnd=1295 PartOfSpeech=JJ] [Text=hairstyle CharacterOffsetBegin=1296 CharacterOffsetEnd=1305 PartOfSpeech=NN] [Text=detract CharacterOffsetBegin=1306 CharacterOffsetEnd=1313 PartOfSpeech=VB] [Text=from CharacterOffsetBegin=1314 CharacterOffsetEnd=1318 PartOfSpeech=IN] [Text=his CharacterOffsetBegin=1319 CharacterOffsetEnd=1322 PartOfSpeech=PRP$] [Text=ability CharacterOffsetBegin=1323 CharacterOffsetEnd=1330 PartOfSpeech=NN] [Text=to CharacterOffsetBegin=1331 CharacterOffsetEnd=1333 PartOfSpeech=TO] [Text=`` CharacterOffsetBegin=1334 CharacterOffsetEnd=1335 PartOfSpeech=``] [Text=rebound CharacterOffsetBegin=1335 CharacterOffsetEnd=1342 PartOfSpeech=VB] [Text='' CharacterOffsetBegin=1342 CharacterOffsetEnd=1343 PartOfSpeech=''] [Text=with CharacterOffsetBegin=1344 CharacterOffsetEnd=1348 PartOfSpeech=IN] [Text=her CharacterOffsetBegin=1349 CharacterOffsetEnd=1352 PartOfSpeech=PRP] [Text=. CharacterOffsetBegin=1352 CharacterOffsetEnd=1353 PartOfSpeech=.] 
root(ROOT-0, doubt-2)
det(doubt-2, No-1)
poss(demeanor-7, Bernice-3)
possessive(Bernice-3, 's-4)
advmod(superficial-6, initially-5)
amod(demeanor-7, superficial-6)
dep(doubt-2, demeanor-7)
cc(demeanor-7, and-8)
amod(hairstyle-10, ridiculous-9)
conj(demeanor-7, hairstyle-10)
dep(hairstyle-10, detract-11)
prep(detract-11, from-12)
poss(ability-14, his-13)
pobj(from-12, ability-14)
aux(rebound-17, to-15)
punct(rebound-17, ``-16)
infmod(ability-14, rebound-17)
punct(rebound-17, ''-18)
prep(rebound-17, with-19)
pobj(with-19, her-20)
punct(doubt-2, .-21)

Sentence #8 (19 tokens):
However, her pseudo-hippie qualities annoy him so much that he lashes at her on their first date.
[Text=However CharacterOffsetBegin=1358 CharacterOffsetEnd=1365 PartOfSpeech=RB] [Text=, CharacterOffsetBegin=1365 CharacterOffsetEnd=1366 PartOfSpeech=,] [Text=her CharacterOffsetBegin=1367 CharacterOffsetEnd=1370 PartOfSpeech=PRP$] [Text=pseudo-hippie CharacterOffsetBegin=1371 CharacterOffsetEnd=1384 PartOfSpeech=NN] [Text=qualities CharacterOffsetBegin=1385 CharacterOffsetEnd=1394 PartOfSpeech=NNS] [Text=annoy CharacterOffsetBegin=1395 CharacterOffsetEnd=1400 PartOfSpeech=VBP] [Text=him CharacterOffsetBegin=1401 CharacterOffsetEnd=1404 PartOfSpeech=PRP] [Text=so CharacterOffsetBegin=1405 CharacterOffsetEnd=1407 PartOfSpeech=RB] [Text=much CharacterOffsetBegin=1408 CharacterOffsetEnd=1412 PartOfSpeech=RB] [Text=that CharacterOffsetBegin=1413 CharacterOffsetEnd=1417 PartOfSpeech=IN] [Text=he CharacterOffsetBegin=1418 CharacterOffsetEnd=1420 PartOfSpeech=PRP] [Text=lashes CharacterOffsetBegin=1421 CharacterOffsetEnd=1427 PartOfSpeech=VBZ] [Text=at CharacterOffsetBegin=1428 CharacterOffsetEnd=1430 PartOfSpeech=IN] [Text=her CharacterOffsetBegin=1431 CharacterOffsetEnd=1434 PartOfSpeech=PRP$] [Text=on CharacterOffsetBegin=1435 CharacterOffsetEnd=1437 PartOfSpeech=IN] [Text=their CharacterOffsetBegin=1438 CharacterOffsetEnd=1443 PartOfSpeech=PRP$] [Text=first CharacterOffsetBegin=1444 CharacterOffsetEnd=1449 PartOfSpeech=JJ] [Text=date CharacterOffsetBegin=1450 CharacterOffsetEnd=1454 PartOfSpeech=NN] [Text=. CharacterOffsetBegin=1454 CharacterOffsetEnd=1455 PartOfSpeech=.] 
root(ROOT-0, annoy-6)
advmod(annoy-6, However-1)
punct(annoy-6, ,-2)
poss(qualities-5, her-3)
nn(qualities-5, pseudo-hippie-4)
nsubj(annoy-6, qualities-5)
dobj(annoy-6, him-7)
advmod(much-9, so-8)
advmod(annoy-6, much-9)
mark(lashes-12, that-10)
nsubj(lashes-12, he-11)
ccomp(much-9, lashes-12)
prep(lashes-12, at-13)
pobj(at-13, her-14)
prep(her-14, on-15)
poss(date-18, their-16)
amod(date-18, first-17)
pobj(on-15, date-18)
punct(annoy-6, .-19)

Sentence #9 (21 tokens):
And Bernice is so traumatized by his derogatory remarks that she attaches herself to him, forcing herself upon him.
[Text=And CharacterOffsetBegin=1460 CharacterOffsetEnd=1463 PartOfSpeech=CC] [Text=Bernice CharacterOffsetBegin=1464 CharacterOffsetEnd=1471 PartOfSpeech=NNP] [Text=is CharacterOffsetBegin=1472 CharacterOffsetEnd=1474 PartOfSpeech=VBZ] [Text=so CharacterOffsetBegin=1475 CharacterOffsetEnd=1477 PartOfSpeech=RB] [Text=traumatized CharacterOffsetBegin=1478 CharacterOffsetEnd=1489 PartOfSpeech=VBN] [Text=by CharacterOffsetBegin=1490 CharacterOffsetEnd=1492 PartOfSpeech=IN] [Text=his CharacterOffsetBegin=1493 CharacterOffsetEnd=1496 PartOfSpeech=PRP$] [Text=derogatory CharacterOffsetBegin=1497 CharacterOffsetEnd=1507 PartOfSpeech=JJ] [Text=remarks CharacterOffsetBegin=1508 CharacterOffsetEnd=1515 PartOfSpeech=NNS] [Text=that CharacterOffsetBegin=1516 CharacterOffsetEnd=1520 PartOfSpeech=IN] [Text=she CharacterOffsetBegin=1521 CharacterOffsetEnd=1524 PartOfSpeech=PRP] [Text=attaches CharacterOffsetBegin=1525 CharacterOffsetEnd=1533 PartOfSpeech=VBZ] [Text=herself CharacterOffsetBegin=1534 CharacterOffsetEnd=1541 PartOfSpeech=PRP] [Text=to CharacterOffsetBegin=1542 CharacterOffsetEnd=1544 PartOfSpeech=TO] [Text=him CharacterOffsetBegin=1545 CharacterOffsetEnd=1548 PartOfSpeech=PRP] [Text=, CharacterOffsetBegin=1548 CharacterOffsetEnd=1549 PartOfSpeech=,] [Text=forcing CharacterOffsetBegin=1550 CharacterOffsetEnd=1557 PartOfSpeech=VBG] [Text=herself CharacterOffsetBegin=1558 CharacterOffsetEnd=1565 PartOfSpeech=PRP] [Text=upon CharacterOffsetBegin=1566 CharacterOffsetEnd=1570 PartOfSpeech=IN] [Text=him CharacterOffsetBegin=1571 CharacterOffsetEnd=1574 PartOfSpeech=PRP] [Text=. CharacterOffsetBegin=1574 CharacterOffsetEnd=1575 PartOfSpeech=.] 
root(ROOT-0, traumatized-5)
cc(traumatized-5, And-1)
nsubj(traumatized-5, Bernice-2)
cop(traumatized-5, is-3)
advmod(traumatized-5, so-4)
prep(traumatized-5, by-6)
poss(remarks-9, his-7)
amod(remarks-9, derogatory-8)
pobj(by-6, remarks-9)
mark(attaches-12, that-10)
nsubj(attaches-12, she-11)
ccomp(remarks-9, attaches-12)
dobj(attaches-12, herself-13)
prep(attaches-12, to-14)
pobj(to-14, him-15)
punct(attaches-12, ,-16)
partmod(attaches-12, forcing-17)
dobj(forcing-17, herself-18)
prep(forcing-17, upon-19)
pobj(upon-19, him-20)
punct(traumatized-5, .-21)

Sentence #10 (19 tokens):
To what end, we are not aware... except for maybe the fact that she is psycho.
[Text=To CharacterOffsetBegin=1580 CharacterOffsetEnd=1582 PartOfSpeech=TO] [Text=what CharacterOffsetBegin=1583 CharacterOffsetEnd=1587 PartOfSpeech=WP] [Text=end CharacterOffsetBegin=1588 CharacterOffsetEnd=1591 PartOfSpeech=NN] [Text=, CharacterOffsetBegin=1591 CharacterOffsetEnd=1592 PartOfSpeech=,] [Text=we CharacterOffsetBegin=1593 CharacterOffsetEnd=1595 PartOfSpeech=PRP] [Text=are CharacterOffsetBegin=1596 CharacterOffsetEnd=1599 PartOfSpeech=VBP] [Text=not CharacterOffsetBegin=1600 CharacterOffsetEnd=1603 PartOfSpeech=RB] [Text=aware CharacterOffsetBegin=1604 CharacterOffsetEnd=1609 PartOfSpeech=JJ] [Text=... CharacterOffsetBegin=1609 CharacterOffsetEnd=1612 PartOfSpeech=:] [Text=except CharacterOffsetBegin=1613 CharacterOffsetEnd=1619 PartOfSpeech=IN] [Text=for CharacterOffsetBegin=1620 CharacterOffsetEnd=1623 PartOfSpeech=IN] [Text=maybe CharacterOffsetBegin=1624 CharacterOffsetEnd=1629 PartOfSpeech=RB] [Text=the CharacterOffsetBegin=1630 CharacterOffsetEnd=1633 PartOfSpeech=DT] [Text=fact CharacterOffsetBegin=1634 CharacterOffsetEnd=1638 PartOfSpeech=NN] [Text=that CharacterOffsetBegin=1639 CharacterOffsetEnd=1643 PartOfSpeech=IN] [Text=she CharacterOffsetBegin=1644 CharacterOffsetEnd=1647 PartOfSpeech=PRP] [Text=is CharacterOffsetBegin=1648 CharacterOffsetEnd=1650 PartOfSpeech=VBZ] [Text=psycho CharacterOffsetBegin=1651 CharacterOffsetEnd=1657 PartOfSpeech=NN] [Text=. CharacterOffsetBegin=1657 CharacterOffsetEnd=1658 PartOfSpeech=.] 
root(ROOT-0, aware-8)
prep(aware-8, To-1)
det(end-3, what-2)
pobj(To-1, end-3)
punct(aware-8, ,-4)
nsubj(aware-8, we-5)
cop(aware-8, are-6)
neg(aware-8, not-7)
punct(aware-8, ...-9)
prep(aware-8, except-10)
pcomp(except-10, for-11)
advmod(fact-14, maybe-12)
det(fact-14, the-13)
pobj(for-11, fact-14)
mark(psycho-18, that-15)
nsubj(psycho-18, she-16)
cop(psycho-18, is-17)
ccomp(fact-14, psycho-18)
punct(aware-8, .-19)

Sentence #11 (13 tokens):
(And who better to play the psycho than Ally Sheedy?
    )
[Text=-LRB- CharacterOffsetBegin=1663 CharacterOffsetEnd=1664 PartOfSpeech=-LRB-] [Text=And CharacterOffsetBegin=1664 CharacterOffsetEnd=1667 PartOfSpeech=CC] [Text=who CharacterOffsetBegin=1668 CharacterOffsetEnd=1671 PartOfSpeech=WP] [Text=better CharacterOffsetBegin=1672 CharacterOffsetEnd=1678 PartOfSpeech=JJR] [Text=to CharacterOffsetBegin=1679 CharacterOffsetEnd=1681 PartOfSpeech=TO] [Text=play CharacterOffsetBegin=1682 CharacterOffsetEnd=1686 PartOfSpeech=VB] [Text=the CharacterOffsetBegin=1687 CharacterOffsetEnd=1690 PartOfSpeech=DT] [Text=psycho CharacterOffsetBegin=1691 CharacterOffsetEnd=1697 PartOfSpeech=NN] [Text=than CharacterOffsetBegin=1698 CharacterOffsetEnd=1702 PartOfSpeech=IN] [Text=Ally CharacterOffsetBegin=1703 CharacterOffsetEnd=1707 PartOfSpeech=NNP] [Text=Sheedy CharacterOffsetBegin=1708 CharacterOffsetEnd=1714 PartOfSpeech=NNP] [Text=? CharacterOffsetBegin=1714 CharacterOffsetEnd=1715 PartOfSpeech=.] [Text=-RRB- CharacterOffsetBegin=1720 CharacterOffsetEnd=1721 PartOfSpeech=-RRB-] 
root(ROOT-0, better-4)
punct(better-4, -LRB--1)
cc(better-4, And-2)
nsubj(better-4, who-3)
aux(play-6, to-5)
xcomp(better-4, play-6)
det(psycho-8, the-7)
dobj(play-6, psycho-8)
prep(psycho-8, than-9)
nn(Sheedy-11, Ally-10)
pobj(than-9, Sheedy-11)
punct(better-4, ?-12)
punct(better-4, -RRB--13)

Sentence #12 (25 tokens):
Aware that Bill desperately wants to see Rose, Bernice offers her car, but on the condition that he take her somewhere first.
[Text=Aware CharacterOffsetBegin=1721 CharacterOffsetEnd=1726 PartOfSpeech=JJ] [Text=that CharacterOffsetBegin=1727 CharacterOffsetEnd=1731 PartOfSpeech=IN] [Text=Bill CharacterOffsetBegin=1732 CharacterOffsetEnd=1736 PartOfSpeech=NNP] [Text=desperately CharacterOffsetBegin=1737 CharacterOffsetEnd=1748 PartOfSpeech=RB] [Text=wants CharacterOffsetBegin=1749 CharacterOffsetEnd=1754 PartOfSpeech=VBZ] [Text=to CharacterOffsetBegin=1755 CharacterOffsetEnd=1757 PartOfSpeech=TO] [Text=see CharacterOffsetBegin=1758 CharacterOffsetEnd=1761 PartOfSpeech=VB] [Text=Rose CharacterOffsetBegin=1762 CharacterOffsetEnd=1766 PartOfSpeech=NNP] [Text=, CharacterOffsetBegin=1766 CharacterOffsetEnd=1767 PartOfSpeech=,] [Text=Bernice CharacterOffsetBegin=1768 CharacterOffsetEnd=1775 PartOfSpeech=NNP] [Text=offers CharacterOffsetBegin=1776 CharacterOffsetEnd=1782 PartOfSpeech=VBZ] [Text=her CharacterOffsetBegin=1783 CharacterOffsetEnd=1786 PartOfSpeech=PRP$] [Text=car CharacterOffsetBegin=1787 CharacterOffsetEnd=1790 PartOfSpeech=NN] [Text=, CharacterOffsetBegin=1790 CharacterOffsetEnd=1791 PartOfSpeech=,] [Text=but CharacterOffsetBegin=1792 CharacterOffsetEnd=1795 PartOfSpeech=CC] [Text=on CharacterOffsetBegin=1796 CharacterOffsetEnd=1798 PartOfSpeech=IN] [Text=the CharacterOffsetBegin=1799 CharacterOffsetEnd=1802 PartOfSpeech=DT] [Text=condition CharacterOffsetBegin=1803 CharacterOffsetEnd=1812 PartOfSpeech=NN] [Text=that CharacterOffsetBegin=1813 CharacterOffsetEnd=1817 PartOfSpeech=IN] [Text=he CharacterOffsetBegin=1818 CharacterOffsetEnd=1820 PartOfSpeech=PRP] [Text=take CharacterOffsetBegin=1821 CharacterOffsetEnd=1825 PartOfSpeech=VB] [Text=her CharacterOffsetBegin=1826 CharacterOffsetEnd=1829 PartOfSpeech=PRP$] [Text=somewhere CharacterOffsetBegin=1830 CharacterOffsetEnd=1839 PartOfSpeech=RB] [Text=first CharacterOffsetBegin=1840 CharacterOffsetEnd=1845 PartOfSpeech=RB] [Text=. CharacterOffsetBegin=1845 CharacterOffsetEnd=1846 PartOfSpeech=.] 
root(ROOT-0, Aware-1)
dobj(wants-5, that-2)
nsubj(wants-5, Bill-3)
advmod(wants-5, desperately-4)
rcmod(Aware-1, wants-5)
aux(see-7, to-6)
xcomp(wants-5, see-7)
dobj(see-7, Rose-8)
punct(Rose-8, ,-9)
nsubj(offers-11, Bernice-10)
rcmod(Rose-8, offers-11)
poss(car-13, her-12)
dobj(offers-11, car-13)
punct(Rose-8, ,-14)
cc(Rose-8, but-15)
prep(Rose-8, on-16)
det(condition-18, the-17)
pobj(on-16, condition-18)
mark(take-21, that-19)
nsubj(take-21, he-20)
dep(on-16, take-21)
dobj(take-21, her-22)
advmod(first-24, somewhere-23)
advmod(her-22, first-24)
punct(Aware-1, .-25)

Sentence #13 (23 tokens):
On the way, she proceeds to hold Bill prisoner with his own gun (a Pinkerton Detective, no less).
[Text=On CharacterOffsetBegin=1851 CharacterOffsetEnd=1853 PartOfSpeech=IN] [Text=the CharacterOffsetBegin=1854 CharacterOffsetEnd=1857 PartOfSpeech=DT] [Text=way CharacterOffsetBegin=1858 CharacterOffsetEnd=1861 PartOfSpeech=NN] [Text=, CharacterOffsetBegin=1861 CharacterOffsetEnd=1862 PartOfSpeech=,] [Text=she CharacterOffsetBegin=1863 CharacterOffsetEnd=1866 PartOfSpeech=PRP] [Text=proceeds CharacterOffsetBegin=1867 CharacterOffsetEnd=1875 PartOfSpeech=VBZ] [Text=to CharacterOffsetBegin=1876 CharacterOffsetEnd=1878 PartOfSpeech=TO] [Text=hold CharacterOffsetBegin=1879 CharacterOffsetEnd=1883 PartOfSpeech=VB] [Text=Bill CharacterOffsetBegin=1884 CharacterOffsetEnd=1888 PartOfSpeech=NNP] [Text=prisoner CharacterOffsetBegin=1889 CharacterOffsetEnd=1897 PartOfSpeech=NN] [Text=with CharacterOffsetBegin=1898 CharacterOffsetEnd=1902 PartOfSpeech=IN] [Text=his CharacterOffsetBegin=1903 CharacterOffsetEnd=1906 PartOfSpeech=PRP$] [Text=own CharacterOffsetBegin=1907 CharacterOffsetEnd=1910 PartOfSpeech=JJ] [Text=gun CharacterOffsetBegin=1911 CharacterOffsetEnd=1914 PartOfSpeech=NN] [Text=-LRB- CharacterOffsetBegin=1915 CharacterOffsetEnd=1916 PartOfSpeech=-LRB-] [Text=a CharacterOffsetBegin=1916 CharacterOffsetEnd=1917 PartOfSpeech=DT] [Text=Pinkerton CharacterOffsetBegin=1918 CharacterOffsetEnd=1927 PartOfSpeech=NNP] [Text=Detective CharacterOffsetBegin=1928 CharacterOffsetEnd=1937 PartOfSpeech=NNP] [Text=, CharacterOffsetBegin=1937 CharacterOffsetEnd=1938 PartOfSpeech=,] [Text=no CharacterOffsetBegin=1939 CharacterOffsetEnd=1941 PartOfSpeech=DT] [Text=less CharacterOffsetBegin=1942 CharacterOffsetEnd=1946 PartOfSpeech=JJR] [Text=-RRB- CharacterOffsetBegin=1946 CharacterOffsetEnd=1947 PartOfSpeech=-RRB-] [Text=. CharacterOffsetBegin=1947 CharacterOffsetEnd=1948 PartOfSpeech=.] 
root(ROOT-0, proceeds-6)
prep(proceeds-6, On-1)
det(way-3, the-2)
pobj(On-1, way-3)
punct(proceeds-6, ,-4)
nsubj(proceeds-6, she-5)
aux(hold-8, to-7)
xcomp(proceeds-6, hold-8)
nn(prisoner-10, Bill-9)
dobj(hold-8, prisoner-10)
prep(hold-8, with-11)
poss(gun-14, his-12)
amod(gun-14, own-13)
pobj(with-11, gun-14)
punct(Detective-18, -LRB--15)
det(Detective-18, a-16)
nn(Detective-18, Pinkerton-17)
appos(gun-14, Detective-18)
punct(Detective-18, ,-19)
det(less-21, no-20)
dep(Detective-18, less-21)
punct(Detective-18, -RRB--22)
punct(proceeds-6, .-23)

Sentence #14 (42 tokens):
An imbroglio of angst, resentment, redemption, passion and violence ensue as Bill and Bernice find themselves on their way to the country home of Ray and Rose... of course, with a few stops along the way.
[Text=An CharacterOffsetBegin=1953 CharacterOffsetEnd=1955 PartOfSpeech=DT] [Text=imbroglio CharacterOffsetBegin=1956 CharacterOffsetEnd=1965 PartOfSpeech=NN] [Text=of CharacterOffsetBegin=1966 CharacterOffsetEnd=1968 PartOfSpeech=IN] [Text=angst CharacterOffsetBegin=1969 CharacterOffsetEnd=1974 PartOfSpeech=NN] [Text=, CharacterOffsetBegin=1974 CharacterOffsetEnd=1975 PartOfSpeech=,] [Text=resentment CharacterOffsetBegin=1976 CharacterOffsetEnd=1986 PartOfSpeech=NN] [Text=, CharacterOffsetBegin=1986 CharacterOffsetEnd=1987 PartOfSpeech=,] [Text=redemption CharacterOffsetBegin=1988 CharacterOffsetEnd=1998 PartOfSpeech=NN] [Text=, CharacterOffsetBegin=1998 CharacterOffsetEnd=1999 PartOfSpeech=,] [Text=passion CharacterOffsetBegin=2000 CharacterOffsetEnd=2007 PartOfSpeech=NN] [Text=and CharacterOffsetBegin=2008 CharacterOffsetEnd=2011 PartOfSpeech=CC] [Text=violence CharacterOffsetBegin=2012 CharacterOffsetEnd=2020 PartOfSpeech=NN] [Text=ensue CharacterOffsetBegin=2021 CharacterOffsetEnd=2026 PartOfSpeech=VBP] [Text=as CharacterOffsetBegin=2027 CharacterOffsetEnd=2029 PartOfSpeech=IN] [Text=Bill CharacterOffsetBegin=2030 CharacterOffsetEnd=2034 PartOfSpeech=NNP] [Text=and CharacterOffsetBegin=2035 CharacterOffsetEnd=2038 PartOfSpeech=CC] [Text=Bernice CharacterOffsetBegin=2039 CharacterOffsetEnd=2046 PartOfSpeech=NNP] [Text=find CharacterOffsetBegin=2047 CharacterOffsetEnd=2051 PartOfSpeech=VBP] [Text=themselves CharacterOffsetBegin=2052 CharacterOffsetEnd=2062 PartOfSpeech=PRP] [Text=on CharacterOffsetBegin=2063 CharacterOffsetEnd=2065 PartOfSpeech=IN] [Text=their CharacterOffsetBegin=2066 CharacterOffsetEnd=2071 PartOfSpeech=PRP$] [Text=way CharacterOffsetBegin=2072 CharacterOffsetEnd=2075 PartOfSpeech=NN] [Text=to CharacterOffsetBegin=2076 CharacterOffsetEnd=2078 PartOfSpeech=TO] [Text=the CharacterOffsetBegin=2079 CharacterOffsetEnd=2082 PartOfSpeech=DT] [Text=country CharacterOffsetBegin=2083 CharacterOffsetEnd=2090 PartOfSpeech=NN] [Text=home CharacterOffsetBegin=2091 CharacterOffsetEnd=2095 PartOfSpeech=NN] [Text=of CharacterOffsetBegin=2096 CharacterOffsetEnd=2098 PartOfSpeech=IN] [Text=Ray CharacterOffsetBegin=2099 CharacterOffsetEnd=2102 PartOfSpeech=NNP] [Text=and CharacterOffsetBegin=2103 CharacterOffsetEnd=2106 PartOfSpeech=CC] [Text=Rose CharacterOffsetBegin=2107 CharacterOffsetEnd=2111 PartOfSpeech=NNP] [Text=... CharacterOffsetBegin=2111 CharacterOffsetEnd=2114 PartOfSpeech=:] [Text=of CharacterOffsetBegin=2115 CharacterOffsetEnd=2117 PartOfSpeech=IN] [Text=course CharacterOffsetBegin=2118 CharacterOffsetEnd=2124 PartOfSpeech=NN] [Text=, CharacterOffsetBegin=2124 CharacterOffsetEnd=2125 PartOfSpeech=,] [Text=with CharacterOffsetBegin=2126 CharacterOffsetEnd=2130 PartOfSpeech=IN] [Text=a CharacterOffsetBegin=2131 CharacterOffsetEnd=2132 PartOfSpeech=DT] [Text=few CharacterOffsetBegin=2133 CharacterOffsetEnd=2136 PartOfSpeech=JJ] [Text=stops CharacterOffsetBegin=2137 CharacterOffsetEnd=2142 PartOfSpeech=NNS] [Text=along CharacterOffsetBegin=2143 CharacterOffsetEnd=2148 PartOfSpeech=IN] [Text=the CharacterOffsetBegin=2149 CharacterOffsetEnd=2152 PartOfSpeech=DT] [Text=way CharacterOffsetBegin=2153 CharacterOffsetEnd=2156 PartOfSpeech=NN] [Text=. CharacterOffsetBegin=2156 CharacterOffsetEnd=2157 PartOfSpeech=.] 
root(ROOT-0, ensue-13)
det(imbroglio-2, An-1)
nsubj(ensue-13, imbroglio-2)
prep(imbroglio-2, of-3)
pobj(of-3, angst-4)
punct(angst-4, ,-5)
conj(angst-4, resentment-6)
punct(angst-4, ,-7)
conj(angst-4, redemption-8)
punct(angst-4, ,-9)
conj(angst-4, passion-10)
cc(angst-4, and-11)
conj(angst-4, violence-12)
mark(find-18, as-14)
nsubj(find-18, Bill-15)
cc(Bill-15, and-16)
conj(Bill-15, Bernice-17)
advcl(ensue-13, find-18)
dobj(find-18, themselves-19)
prep(find-18, on-20)
poss(way-22, their-21)
pobj(on-20, way-22)
prep(way-22, to-23)
det(home-26, the-24)
nn(home-26, country-25)
pobj(to-23, home-26)
prep(home-26, of-27)
pobj(of-27, Ray-28)
cc(Ray-28, and-29)
conj(Ray-28, Rose-30)
punct(ensue-13, ...-31)
prep(ensue-13, of-32)
pobj(of-32, course-33)
punct(ensue-13, ,-34)
prep(ensue-13, with-35)
det(stops-38, a-36)
amod(stops-38, few-37)
pobj(with-35, stops-38)
prep(stops-38, along-39)
det(way-41, the-40)
pobj(along-39, way-41)
punct(ensue-13, .-42)

