Sentence #1 (24 tokens):
Aside from a few titles and the new Sherlock Holmes movie, I think I've watched every movie Guy Ritchie has directed.
[Text=Aside CharacterOffsetBegin=4 CharacterOffsetEnd=9 PartOfSpeech=RB] [Text=from CharacterOffsetBegin=10 CharacterOffsetEnd=14 PartOfSpeech=IN] [Text=a CharacterOffsetBegin=15 CharacterOffsetEnd=16 PartOfSpeech=DT] [Text=few CharacterOffsetBegin=17 CharacterOffsetEnd=20 PartOfSpeech=JJ] [Text=titles CharacterOffsetBegin=21 CharacterOffsetEnd=27 PartOfSpeech=NNS] [Text=and CharacterOffsetBegin=28 CharacterOffsetEnd=31 PartOfSpeech=CC] [Text=the CharacterOffsetBegin=32 CharacterOffsetEnd=35 PartOfSpeech=DT] [Text=new CharacterOffsetBegin=36 CharacterOffsetEnd=39 PartOfSpeech=JJ] [Text=Sherlock CharacterOffsetBegin=40 CharacterOffsetEnd=48 PartOfSpeech=NNP] [Text=Holmes CharacterOffsetBegin=49 CharacterOffsetEnd=55 PartOfSpeech=NNP] [Text=movie CharacterOffsetBegin=56 CharacterOffsetEnd=61 PartOfSpeech=NN] [Text=, CharacterOffsetBegin=61 CharacterOffsetEnd=62 PartOfSpeech=,] [Text=I CharacterOffsetBegin=63 CharacterOffsetEnd=64 PartOfSpeech=PRP] [Text=think CharacterOffsetBegin=65 CharacterOffsetEnd=70 PartOfSpeech=VBP] [Text=I CharacterOffsetBegin=71 CharacterOffsetEnd=72 PartOfSpeech=PRP] [Text='ve CharacterOffsetBegin=72 CharacterOffsetEnd=75 PartOfSpeech=VBP] [Text=watched CharacterOffsetBegin=76 CharacterOffsetEnd=83 PartOfSpeech=VBN] [Text=every CharacterOffsetBegin=84 CharacterOffsetEnd=89 PartOfSpeech=DT] [Text=movie CharacterOffsetBegin=90 CharacterOffsetEnd=95 PartOfSpeech=NN] [Text=Guy CharacterOffsetBegin=96 CharacterOffsetEnd=99 PartOfSpeech=NNP] [Text=Ritchie CharacterOffsetBegin=100 CharacterOffsetEnd=107 PartOfSpeech=NNP] [Text=has CharacterOffsetBegin=108 CharacterOffsetEnd=111 PartOfSpeech=VBZ] [Text=directed CharacterOffsetBegin=112 CharacterOffsetEnd=120 PartOfSpeech=VBN] [Text=. CharacterOffsetBegin=120 CharacterOffsetEnd=121 PartOfSpeech=.] 
root(ROOT-0, think-14)
advmod(from-2, Aside-1)
prep(think-14, from-2)
det(titles-5, a-3)
amod(titles-5, few-4)
pobj(from-2, titles-5)
cc(titles-5, and-6)
det(movie-11, the-7)
amod(movie-11, new-8)
nn(movie-11, Sherlock-9)
nn(movie-11, Holmes-10)
conj(titles-5, movie-11)
punct(think-14, ,-12)
nsubj(think-14, I-13)
nsubj(watched-17, I-15)
aux(watched-17, 've-16)
ccomp(think-14, watched-17)
det(Ritchie-21, every-18)
nn(Ritchie-21, movie-19)
nn(Ritchie-21, Guy-20)
nsubj(directed-23, Ritchie-21)
aux(directed-23, has-22)
ccomp(watched-17, directed-23)
punct(think-14, .-24)

Sentence #2 (2 tokens):
Twice.
[Text=Twice CharacterOffsetBegin=126 CharacterOffsetEnd=131 PartOfSpeech=RB] [Text=. CharacterOffsetBegin=131 CharacterOffsetEnd=132 PartOfSpeech=.] 
root(ROOT-0, Twice-1)
punct(Twice-1, .-2)

Sentence #3 (19 tokens):
Needless to say, I'm a big fan and Revolver is one of the highlighted reasons why.
[Text=Needless CharacterOffsetBegin=137 CharacterOffsetEnd=145 PartOfSpeech=JJ] [Text=to CharacterOffsetBegin=146 CharacterOffsetEnd=148 PartOfSpeech=TO] [Text=say CharacterOffsetBegin=149 CharacterOffsetEnd=152 PartOfSpeech=VB] [Text=, CharacterOffsetBegin=152 CharacterOffsetEnd=153 PartOfSpeech=,] [Text=I CharacterOffsetBegin=154 CharacterOffsetEnd=155 PartOfSpeech=PRP] [Text='m CharacterOffsetBegin=155 CharacterOffsetEnd=157 PartOfSpeech=VBP] [Text=a CharacterOffsetBegin=158 CharacterOffsetEnd=159 PartOfSpeech=DT] [Text=big CharacterOffsetBegin=160 CharacterOffsetEnd=163 PartOfSpeech=JJ] [Text=fan CharacterOffsetBegin=164 CharacterOffsetEnd=167 PartOfSpeech=NN] [Text=and CharacterOffsetBegin=168 CharacterOffsetEnd=171 PartOfSpeech=CC] [Text=Revolver CharacterOffsetBegin=172 CharacterOffsetEnd=180 PartOfSpeech=NN] [Text=is CharacterOffsetBegin=181 CharacterOffsetEnd=183 PartOfSpeech=VBZ] [Text=one CharacterOffsetBegin=184 CharacterOffsetEnd=187 PartOfSpeech=CD] [Text=of CharacterOffsetBegin=188 CharacterOffsetEnd=190 PartOfSpeech=IN] [Text=the CharacterOffsetBegin=191 CharacterOffsetEnd=194 PartOfSpeech=DT] [Text=highlighted CharacterOffsetBegin=195 CharacterOffsetEnd=206 PartOfSpeech=VBN] [Text=reasons CharacterOffsetBegin=207 CharacterOffsetEnd=214 PartOfSpeech=NNS] [Text=why CharacterOffsetBegin=215 CharacterOffsetEnd=218 PartOfSpeech=WRB] [Text=. CharacterOffsetBegin=218 CharacterOffsetEnd=219 PartOfSpeech=.] 
root(ROOT-0, one-13)
amod(fan-9, Needless-1)
aux(say-3, to-2)
infmod(Needless-1, say-3)
punct(fan-9, ,-4)
nsubj(fan-9, I-5)
cop(fan-9, 'm-6)
det(fan-9, a-7)
amod(fan-9, big-8)
nsubj(one-13, fan-9)
cc(fan-9, and-10)
conj(fan-9, Revolver-11)
cop(one-13, is-12)
prep(one-13, of-14)
det(reasons-17, the-15)
amod(reasons-17, highlighted-16)
pobj(of-14, reasons-17)
dep(reasons-17, why-18)
punct(one-13, .-19)

Sentence #4 (24 tokens):
This movie is a very different approach from Ritchie, when you look at it comparatively with Lock, Stock... and Snatch.
[Text=This CharacterOffsetBegin=224 CharacterOffsetEnd=228 PartOfSpeech=DT] [Text=movie CharacterOffsetBegin=229 CharacterOffsetEnd=234 PartOfSpeech=NN] [Text=is CharacterOffsetBegin=235 CharacterOffsetEnd=237 PartOfSpeech=VBZ] [Text=a CharacterOffsetBegin=238 CharacterOffsetEnd=239 PartOfSpeech=DT] [Text=very CharacterOffsetBegin=240 CharacterOffsetEnd=244 PartOfSpeech=RB] [Text=different CharacterOffsetBegin=245 CharacterOffsetEnd=254 PartOfSpeech=JJ] [Text=approach CharacterOffsetBegin=255 CharacterOffsetEnd=263 PartOfSpeech=NN] [Text=from CharacterOffsetBegin=264 CharacterOffsetEnd=268 PartOfSpeech=IN] [Text=Ritchie CharacterOffsetBegin=269 CharacterOffsetEnd=276 PartOfSpeech=NNP] [Text=, CharacterOffsetBegin=276 CharacterOffsetEnd=277 PartOfSpeech=,] [Text=when CharacterOffsetBegin=278 CharacterOffsetEnd=282 PartOfSpeech=WRB] [Text=you CharacterOffsetBegin=283 CharacterOffsetEnd=286 PartOfSpeech=PRP] [Text=look CharacterOffsetBegin=287 CharacterOffsetEnd=291 PartOfSpeech=VBP] [Text=at CharacterOffsetBegin=292 CharacterOffsetEnd=294 PartOfSpeech=IN] [Text=it CharacterOffsetBegin=295 CharacterOffsetEnd=297 PartOfSpeech=PRP] [Text=comparatively CharacterOffsetBegin=298 CharacterOffsetEnd=311 PartOfSpeech=RB] [Text=with CharacterOffsetBegin=312 CharacterOffsetEnd=316 PartOfSpeech=IN] [Text=Lock CharacterOffsetBegin=317 CharacterOffsetEnd=321 PartOfSpeech=NN] [Text=, CharacterOffsetBegin=321 CharacterOffsetEnd=322 PartOfSpeech=,] [Text=Stock CharacterOffsetBegin=323 CharacterOffsetEnd=328 PartOfSpeech=NNP] [Text=... CharacterOffsetBegin=328 CharacterOffsetEnd=331 PartOfSpeech=:] [Text=and CharacterOffsetBegin=332 CharacterOffsetEnd=335 PartOfSpeech=CC] [Text=Snatch CharacterOffsetBegin=336 CharacterOffsetEnd=342 PartOfSpeech=VB] [Text=. CharacterOffsetBegin=342 CharacterOffsetEnd=343 PartOfSpeech=.] 
root(ROOT-0, approach-7)
det(movie-2, This-1)
nsubj(approach-7, movie-2)
cop(approach-7, is-3)
det(approach-7, a-4)
advmod(different-6, very-5)
amod(approach-7, different-6)
prep(approach-7, from-8)
pobj(from-8, Ritchie-9)
punct(approach-7, ,-10)
advmod(look-13, when-11)
nsubj(look-13, you-12)
rcmod(approach-7, look-13)
prep(look-13, at-14)
pobj(at-14, it-15)
amod(it-15, comparatively-16)
prep(comparatively-16, with-17)
pobj(with-17, Lock-18)
punct(Lock-18, ,-19)
appos(Lock-18, Stock-20)
punct(look-13, ...-21)
cc(look-13, and-22)
conj(look-13, Snatch-23)
punct(approach-7, .-24)

Sentence #5 (42 tokens):
Revolver sets us up for a psychological thriller of sorts as a gambling con finds himself at the mercy of a set of foes he didn't expect and a guided walk for redemption that he didn't know he needed.
[Text=Revolver CharacterOffsetBegin=348 CharacterOffsetEnd=356 PartOfSpeech=NNP] [Text=sets CharacterOffsetBegin=357 CharacterOffsetEnd=361 PartOfSpeech=VBZ] [Text=us CharacterOffsetBegin=362 CharacterOffsetEnd=364 PartOfSpeech=PRP] [Text=up CharacterOffsetBegin=365 CharacterOffsetEnd=367 PartOfSpeech=RP] [Text=for CharacterOffsetBegin=368 CharacterOffsetEnd=371 PartOfSpeech=IN] [Text=a CharacterOffsetBegin=372 CharacterOffsetEnd=373 PartOfSpeech=DT] [Text=psychological CharacterOffsetBegin=374 CharacterOffsetEnd=387 PartOfSpeech=JJ] [Text=thriller CharacterOffsetBegin=388 CharacterOffsetEnd=396 PartOfSpeech=NN] [Text=of CharacterOffsetBegin=397 CharacterOffsetEnd=399 PartOfSpeech=IN] [Text=sorts CharacterOffsetBegin=400 CharacterOffsetEnd=405 PartOfSpeech=NNS] [Text=as CharacterOffsetBegin=406 CharacterOffsetEnd=408 PartOfSpeech=IN] [Text=a CharacterOffsetBegin=409 CharacterOffsetEnd=410 PartOfSpeech=DT] [Text=gambling CharacterOffsetBegin=411 CharacterOffsetEnd=419 PartOfSpeech=NN] [Text=con CharacterOffsetBegin=420 CharacterOffsetEnd=423 PartOfSpeech=NN] [Text=finds CharacterOffsetBegin=424 CharacterOffsetEnd=429 PartOfSpeech=VBZ] [Text=himself CharacterOffsetBegin=430 CharacterOffsetEnd=437 PartOfSpeech=PRP] [Text=at CharacterOffsetBegin=438 CharacterOffsetEnd=440 PartOfSpeech=IN] [Text=the CharacterOffsetBegin=441 CharacterOffsetEnd=444 PartOfSpeech=DT] [Text=mercy CharacterOffsetBegin=445 CharacterOffsetEnd=450 PartOfSpeech=NN] [Text=of CharacterOffsetBegin=451 CharacterOffsetEnd=453 PartOfSpeech=IN] [Text=a CharacterOffsetBegin=454 CharacterOffsetEnd=455 PartOfSpeech=DT] [Text=set CharacterOffsetBegin=456 CharacterOffsetEnd=459 PartOfSpeech=NN] [Text=of CharacterOffsetBegin=460 CharacterOffsetEnd=462 PartOfSpeech=IN] [Text=foes CharacterOffsetBegin=463 CharacterOffsetEnd=467 PartOfSpeech=NNS] [Text=he CharacterOffsetBegin=468 CharacterOffsetEnd=470 PartOfSpeech=PRP] [Text=did CharacterOffsetBegin=471 CharacterOffsetEnd=474 PartOfSpeech=VBD] [Text=n't CharacterOffsetBegin=474 CharacterOffsetEnd=477 PartOfSpeech=RB] [Text=expect CharacterOffsetBegin=478 CharacterOffsetEnd=484 PartOfSpeech=VB] [Text=and CharacterOffsetBegin=485 CharacterOffsetEnd=488 PartOfSpeech=CC] [Text=a CharacterOffsetBegin=489 CharacterOffsetEnd=490 PartOfSpeech=DT] [Text=guided CharacterOffsetBegin=491 CharacterOffsetEnd=497 PartOfSpeech=VBN] [Text=walk CharacterOffsetBegin=498 CharacterOffsetEnd=502 PartOfSpeech=NN] [Text=for CharacterOffsetBegin=503 CharacterOffsetEnd=506 PartOfSpeech=IN] [Text=redemption CharacterOffsetBegin=507 CharacterOffsetEnd=517 PartOfSpeech=NN] [Text=that CharacterOffsetBegin=518 CharacterOffsetEnd=522 PartOfSpeech=IN] [Text=he CharacterOffsetBegin=523 CharacterOffsetEnd=525 PartOfSpeech=PRP] [Text=did CharacterOffsetBegin=526 CharacterOffsetEnd=529 PartOfSpeech=VBD] [Text=n't CharacterOffsetBegin=529 CharacterOffsetEnd=532 PartOfSpeech=RB] [Text=know CharacterOffsetBegin=533 CharacterOffsetEnd=537 PartOfSpeech=VB] [Text=he CharacterOffsetBegin=538 CharacterOffsetEnd=540 PartOfSpeech=PRP] [Text=needed CharacterOffsetBegin=541 CharacterOffsetEnd=547 PartOfSpeech=VBD] [Text=. CharacterOffsetBegin=547 CharacterOffsetEnd=548 PartOfSpeech=.] 
root(ROOT-0, sets-2)
nsubj(sets-2, Revolver-1)
dobj(sets-2, us-3)
prt(sets-2, up-4)
prep(sets-2, for-5)
det(thriller-8, a-6)
amod(thriller-8, psychological-7)
pobj(for-5, thriller-8)
prep(thriller-8, of-9)
pobj(of-9, sorts-10)
mark(finds-15, as-11)
det(con-14, a-12)
nn(con-14, gambling-13)
nsubj(finds-15, con-14)
advcl(sets-2, finds-15)
dobj(finds-15, himself-16)
prep(finds-15, at-17)
det(mercy-19, the-18)
pobj(at-17, mercy-19)
prep(mercy-19, of-20)
det(set-22, a-21)
pobj(of-20, set-22)
prep(set-22, of-23)
pobj(of-23, foes-24)
nsubj(expect-28, he-25)
aux(expect-28, did-26)
neg(expect-28, n't-27)
ccomp(finds-15, expect-28)
cc(expect-28, and-29)
det(walk-32, a-30)
amod(walk-32, guided-31)
conj(expect-28, walk-32)
prep(walk-32, for-33)
pobj(for-33, redemption-34)
dobj(know-39, that-35)
nsubj(know-39, he-36)
aux(know-39, did-37)
neg(know-39, n't-38)
rcmod(walk-32, know-39)
nsubj(needed-41, he-40)
ccomp(know-39, needed-41)
punct(sets-2, .-42)

Sentence #6 (33 tokens):
Along with seeing Andr Benjamin of OutKast fame strut his acting ability, other standout acts are Ray Liotta playing the maniacal Mr. D/Macha and Mark Strong playing Sorter, the hit-man.
[Text=Along CharacterOffsetBegin=553 CharacterOffsetEnd=558 PartOfSpeech=IN] [Text=with CharacterOffsetBegin=559 CharacterOffsetEnd=563 PartOfSpeech=IN] [Text=seeing CharacterOffsetBegin=564 CharacterOffsetEnd=570 PartOfSpeech=VBG] [Text=Andr CharacterOffsetBegin=571 CharacterOffsetEnd=575 PartOfSpeech=NNP] [Text=Benjamin CharacterOffsetBegin=576 CharacterOffsetEnd=584 PartOfSpeech=NNP] [Text=of CharacterOffsetBegin=585 CharacterOffsetEnd=587 PartOfSpeech=IN] [Text=OutKast CharacterOffsetBegin=588 CharacterOffsetEnd=595 PartOfSpeech=NNP] [Text=fame CharacterOffsetBegin=596 CharacterOffsetEnd=600 PartOfSpeech=NN] [Text=strut CharacterOffsetBegin=601 CharacterOffsetEnd=606 PartOfSpeech=VB] [Text=his CharacterOffsetBegin=607 CharacterOffsetEnd=610 PartOfSpeech=PRP$] [Text=acting CharacterOffsetBegin=611 CharacterOffsetEnd=617 PartOfSpeech=VBG] [Text=ability CharacterOffsetBegin=618 CharacterOffsetEnd=625 PartOfSpeech=NN] [Text=, CharacterOffsetBegin=625 CharacterOffsetEnd=626 PartOfSpeech=,] [Text=other CharacterOffsetBegin=627 CharacterOffsetEnd=632 PartOfSpeech=JJ] [Text=standout CharacterOffsetBegin=633 CharacterOffsetEnd=641 PartOfSpeech=NN] [Text=acts CharacterOffsetBegin=642 CharacterOffsetEnd=646 PartOfSpeech=NNS] [Text=are CharacterOffsetBegin=647 CharacterOffsetEnd=650 PartOfSpeech=VBP] [Text=Ray CharacterOffsetBegin=651 CharacterOffsetEnd=654 PartOfSpeech=NNP] [Text=Liotta CharacterOffsetBegin=655 CharacterOffsetEnd=661 PartOfSpeech=NNP] [Text=playing CharacterOffsetBegin=662 CharacterOffsetEnd=669 PartOfSpeech=VBG] [Text=the CharacterOffsetBegin=670 CharacterOffsetEnd=673 PartOfSpeech=DT] [Text=maniacal CharacterOffsetBegin=674 CharacterOffsetEnd=682 PartOfSpeech=JJ] [Text=Mr. CharacterOffsetBegin=683 CharacterOffsetEnd=686 PartOfSpeech=NNP] [Text=D/Macha CharacterOffsetBegin=687 CharacterOffsetEnd=694 PartOfSpeech=NNP] [Text=and CharacterOffsetBegin=695 CharacterOffsetEnd=698 PartOfSpeech=CC] [Text=Mark CharacterOffsetBegin=699 CharacterOffsetEnd=703 PartOfSpeech=NNP] [Text=Strong CharacterOffsetBegin=704 CharacterOffsetEnd=710 PartOfSpeech=JJ] [Text=playing CharacterOffsetBegin=711 CharacterOffsetEnd=718 PartOfSpeech=NN] [Text=Sorter CharacterOffsetBegin=719 CharacterOffsetEnd=725 PartOfSpeech=NN] [Text=, CharacterOffsetBegin=725 CharacterOffsetEnd=726 PartOfSpeech=,] [Text=the CharacterOffsetBegin=727 CharacterOffsetEnd=730 PartOfSpeech=DT] [Text=hit-man CharacterOffsetBegin=731 CharacterOffsetEnd=738 PartOfSpeech=NN] [Text=. CharacterOffsetBegin=738 CharacterOffsetEnd=739 PartOfSpeech=.] 
root(ROOT-0, Along-1)
pcomp(Along-1, with-2)
pcomp(with-2, seeing-3)
dobj(seeing-3, Andr-4)
dep(Andr-4, Benjamin-5)
prep(Benjamin-5, of-6)
pobj(of-6, OutKast-7)
dep(OutKast-7, fame-8)
dep(fame-8, strut-9)
poss(ability-12, his-10)
amod(ability-12, acting-11)
dobj(strut-9, ability-12)
punct(ability-12, ,-13)
amod(acts-16, other-14)
nn(acts-16, standout-15)
nsubj(Liotta-19, acts-16)
cop(Liotta-19, are-17)
nn(Liotta-19, Ray-18)
rcmod(ability-12, Liotta-19)
partmod(Liotta-19, playing-20)
det(D/Macha-24, the-21)
amod(D/Macha-24, maniacal-22)
nn(D/Macha-24, Mr.-23)
dobj(playing-20, D/Macha-24)
cc(D/Macha-24, and-25)
nn(Sorter-29, Mark-26)
amod(Sorter-29, Strong-27)
nn(Sorter-29, playing-28)
conj(D/Macha-24, Sorter-29)
punct(ability-12, ,-30)
det(hit-man-32, the-31)
appos(ability-12, hit-man-32)
punct(Along-1, .-33)

Sentence #7 (40 tokens):
After being sent to prison by a tyrannous casino owner, Macha, Jake uses his time in solitary to finesse a plot to humiliate Macha and force his hand in compensating him for the seven years he spent.
[Text=After CharacterOffsetBegin=739 CharacterOffsetEnd=744 PartOfSpeech=IN] [Text=being CharacterOffsetBegin=745 CharacterOffsetEnd=750 PartOfSpeech=VBG] [Text=sent CharacterOffsetBegin=751 CharacterOffsetEnd=755 PartOfSpeech=VBN] [Text=to CharacterOffsetBegin=756 CharacterOffsetEnd=758 PartOfSpeech=TO] [Text=prison CharacterOffsetBegin=759 CharacterOffsetEnd=765 PartOfSpeech=NN] [Text=by CharacterOffsetBegin=766 CharacterOffsetEnd=768 PartOfSpeech=IN] [Text=a CharacterOffsetBegin=769 CharacterOffsetEnd=770 PartOfSpeech=DT] [Text=tyrannous CharacterOffsetBegin=771 CharacterOffsetEnd=780 PartOfSpeech=JJ] [Text=casino CharacterOffsetBegin=781 CharacterOffsetEnd=787 PartOfSpeech=NN] [Text=owner CharacterOffsetBegin=788 CharacterOffsetEnd=793 PartOfSpeech=NN] [Text=, CharacterOffsetBegin=793 CharacterOffsetEnd=794 PartOfSpeech=,] [Text=Macha CharacterOffsetBegin=795 CharacterOffsetEnd=800 PartOfSpeech=NNP] [Text=, CharacterOffsetBegin=800 CharacterOffsetEnd=801 PartOfSpeech=,] [Text=Jake CharacterOffsetBegin=802 CharacterOffsetEnd=806 PartOfSpeech=NNP] [Text=uses CharacterOffsetBegin=807 CharacterOffsetEnd=811 PartOfSpeech=VBZ] [Text=his CharacterOffsetBegin=812 CharacterOffsetEnd=815 PartOfSpeech=PRP$] [Text=time CharacterOffsetBegin=816 CharacterOffsetEnd=820 PartOfSpeech=NN] [Text=in CharacterOffsetBegin=821 CharacterOffsetEnd=823 PartOfSpeech=IN] [Text=solitary CharacterOffsetBegin=824 CharacterOffsetEnd=832 PartOfSpeech=JJ] [Text=to CharacterOffsetBegin=833 CharacterOffsetEnd=835 PartOfSpeech=TO] [Text=finesse CharacterOffsetBegin=836 CharacterOffsetEnd=843 PartOfSpeech=VB] [Text=a CharacterOffsetBegin=844 CharacterOffsetEnd=845 PartOfSpeech=DT] [Text=plot CharacterOffsetBegin=846 CharacterOffsetEnd=850 PartOfSpeech=NN] [Text=to CharacterOffsetBegin=851 CharacterOffsetEnd=853 PartOfSpeech=TO] [Text=humiliate CharacterOffsetBegin=854 CharacterOffsetEnd=863 PartOfSpeech=VB] [Text=Macha CharacterOffsetBegin=864 CharacterOffsetEnd=869 PartOfSpeech=NNP] [Text=and CharacterOffsetBegin=870 CharacterOffsetEnd=873 PartOfSpeech=CC] [Text=force CharacterOffsetBegin=874 CharacterOffsetEnd=879 PartOfSpeech=VB] [Text=his CharacterOffsetBegin=880 CharacterOffsetEnd=883 PartOfSpeech=PRP$] [Text=hand CharacterOffsetBegin=884 CharacterOffsetEnd=888 PartOfSpeech=NN] [Text=in CharacterOffsetBegin=889 CharacterOffsetEnd=891 PartOfSpeech=IN] [Text=compensating CharacterOffsetBegin=892 CharacterOffsetEnd=904 PartOfSpeech=VBG] [Text=him CharacterOffsetBegin=905 CharacterOffsetEnd=908 PartOfSpeech=PRP] [Text=for CharacterOffsetBegin=909 CharacterOffsetEnd=912 PartOfSpeech=IN] [Text=the CharacterOffsetBegin=913 CharacterOffsetEnd=916 PartOfSpeech=DT] [Text=seven CharacterOffsetBegin=917 CharacterOffsetEnd=922 PartOfSpeech=CD] [Text=years CharacterOffsetBegin=923 CharacterOffsetEnd=928 PartOfSpeech=NNS] [Text=he CharacterOffsetBegin=929 CharacterOffsetEnd=931 PartOfSpeech=PRP] [Text=spent CharacterOffsetBegin=932 CharacterOffsetEnd=937 PartOfSpeech=VBD] [Text=. CharacterOffsetBegin=937 CharacterOffsetEnd=938 PartOfSpeech=.] 
root(ROOT-0, After-1)
auxpass(sent-3, being-2)
pcomp(After-1, sent-3)
prep(sent-3, to-4)
pobj(to-4, prison-5)
prep(sent-3, by-6)
det(owner-10, a-7)
amod(owner-10, tyrannous-8)
nn(owner-10, casino-9)
pobj(by-6, owner-10)
punct(owner-10, ,-11)
appos(owner-10, Macha-12)
punct(owner-10, ,-13)
nsubj(uses-15, Jake-14)
rcmod(owner-10, uses-15)
poss(time-17, his-16)
dobj(uses-15, time-17)
prep(uses-15, in-18)
pobj(in-18, solitary-19)
aux(finesse-21, to-20)
xcomp(uses-15, finesse-21)
det(plot-23, a-22)
dobj(finesse-21, plot-23)
aux(humiliate-25, to-24)
infmod(plot-23, humiliate-25)
dobj(humiliate-25, Macha-26)
cc(humiliate-25, and-27)
conj(humiliate-25, force-28)
poss(hand-30, his-29)
dobj(force-28, hand-30)
prep(force-28, in-31)
pcomp(in-31, compensating-32)
dobj(compensating-32, him-33)
prep(compensating-32, for-34)
det(years-37, the-35)
num(years-37, seven-36)
pobj(for-34, years-37)
nsubj(spent-39, he-38)
rcmod(years-37, spent-39)
punct(After-1, .-40)

Sentence #8 (42 tokens):
When he wins a card game and amasses a decent sum from Macha, Jake finds himself on the brink of death as he collapses and is diagnosed with an incurable disease that's left him with three days to live.
[Text=When CharacterOffsetBegin=943 CharacterOffsetEnd=947 PartOfSpeech=WRB] [Text=he CharacterOffsetBegin=948 CharacterOffsetEnd=950 PartOfSpeech=PRP] [Text=wins CharacterOffsetBegin=951 CharacterOffsetEnd=955 PartOfSpeech=VBZ] [Text=a CharacterOffsetBegin=956 CharacterOffsetEnd=957 PartOfSpeech=DT] [Text=card CharacterOffsetBegin=958 CharacterOffsetEnd=962 PartOfSpeech=NN] [Text=game CharacterOffsetBegin=963 CharacterOffsetEnd=967 PartOfSpeech=NN] [Text=and CharacterOffsetBegin=968 CharacterOffsetEnd=971 PartOfSpeech=CC] [Text=amasses CharacterOffsetBegin=972 CharacterOffsetEnd=979 PartOfSpeech=VBZ] [Text=a CharacterOffsetBegin=980 CharacterOffsetEnd=981 PartOfSpeech=DT] [Text=decent CharacterOffsetBegin=982 CharacterOffsetEnd=988 PartOfSpeech=JJ] [Text=sum CharacterOffsetBegin=989 CharacterOffsetEnd=992 PartOfSpeech=NN] [Text=from CharacterOffsetBegin=993 CharacterOffsetEnd=997 PartOfSpeech=IN] [Text=Macha CharacterOffsetBegin=998 CharacterOffsetEnd=1003 PartOfSpeech=NNP] [Text=, CharacterOffsetBegin=1003 CharacterOffsetEnd=1004 PartOfSpeech=,] [Text=Jake CharacterOffsetBegin=1005 CharacterOffsetEnd=1009 PartOfSpeech=NNP] [Text=finds CharacterOffsetBegin=1010 CharacterOffsetEnd=1015 PartOfSpeech=VBZ] [Text=himself CharacterOffsetBegin=1016 CharacterOffsetEnd=1023 PartOfSpeech=PRP] [Text=on CharacterOffsetBegin=1024 CharacterOffsetEnd=1026 PartOfSpeech=IN] [Text=the CharacterOffsetBegin=1027 CharacterOffsetEnd=1030 PartOfSpeech=DT] [Text=brink CharacterOffsetBegin=1031 CharacterOffsetEnd=1036 PartOfSpeech=NN] [Text=of CharacterOffsetBegin=1037 CharacterOffsetEnd=1039 PartOfSpeech=IN] [Text=death CharacterOffsetBegin=1040 CharacterOffsetEnd=1045 PartOfSpeech=NN] [Text=as CharacterOffsetBegin=1046 CharacterOffsetEnd=1048 PartOfSpeech=IN] [Text=he CharacterOffsetBegin=1049 CharacterOffsetEnd=1051 PartOfSpeech=PRP] [Text=collapses CharacterOffsetBegin=1052 CharacterOffsetEnd=1061 PartOfSpeech=VBZ] [Text=and CharacterOffsetBegin=1062 CharacterOffsetEnd=1065 PartOfSpeech=CC] [Text=is CharacterOffsetBegin=1066 CharacterOffsetEnd=1068 PartOfSpeech=VBZ] [Text=diagnosed CharacterOffsetBegin=1069 CharacterOffsetEnd=1078 PartOfSpeech=VBN] [Text=with CharacterOffsetBegin=1079 CharacterOffsetEnd=1083 PartOfSpeech=IN] [Text=an CharacterOffsetBegin=1084 CharacterOffsetEnd=1086 PartOfSpeech=DT] [Text=incurable CharacterOffsetBegin=1087 CharacterOffsetEnd=1096 PartOfSpeech=JJ] [Text=disease CharacterOffsetBegin=1097 CharacterOffsetEnd=1104 PartOfSpeech=NN] [Text=that CharacterOffsetBegin=1105 CharacterOffsetEnd=1109 PartOfSpeech=WDT] [Text='s CharacterOffsetBegin=1109 CharacterOffsetEnd=1111 PartOfSpeech=VBZ] [Text=left CharacterOffsetBegin=1112 CharacterOffsetEnd=1116 PartOfSpeech=VBN] [Text=him CharacterOffsetBegin=1117 CharacterOffsetEnd=1120 PartOfSpeech=PRP] [Text=with CharacterOffsetBegin=1121 CharacterOffsetEnd=1125 PartOfSpeech=IN] [Text=three CharacterOffsetBegin=1126 CharacterOffsetEnd=1131 PartOfSpeech=CD] [Text=days CharacterOffsetBegin=1132 CharacterOffsetEnd=1136 PartOfSpeech=NNS] [Text=to CharacterOffsetBegin=1137 CharacterOffsetEnd=1139 PartOfSpeech=TO] [Text=live CharacterOffsetBegin=1140 CharacterOffsetEnd=1144 PartOfSpeech=VB] [Text=. CharacterOffsetBegin=1144 CharacterOffsetEnd=1145 PartOfSpeech=.] 
root(ROOT-0, finds-16)
advmod(wins-3, When-1)
nsubj(wins-3, he-2)
advcl(finds-16, wins-3)
det(game-6, a-4)
nn(game-6, card-5)
dobj(wins-3, game-6)
cc(wins-3, and-7)
conj(wins-3, amasses-8)
det(sum-11, a-9)
amod(sum-11, decent-10)
dobj(amasses-8, sum-11)
prep(sum-11, from-12)
pobj(from-12, Macha-13)
punct(finds-16, ,-14)
nsubj(finds-16, Jake-15)
dobj(finds-16, himself-17)
prep(finds-16, on-18)
det(brink-20, the-19)
pobj(on-18, brink-20)
prep(brink-20, of-21)
pobj(of-21, death-22)
mark(collapses-25, as-23)
nsubj(collapses-25, he-24)
advcl(finds-16, collapses-25)
cc(collapses-25, and-26)
auxpass(diagnosed-28, is-27)
conj(collapses-25, diagnosed-28)
prep(diagnosed-28, with-29)
det(disease-32, an-30)
amod(disease-32, incurable-31)
pobj(with-29, disease-32)
nsubjpass(left-35, that-33)
auxpass(left-35, 's-34)
rcmod(disease-32, left-35)
dobj(left-35, him-36)
prep(left-35, with-37)
num(days-39, three-38)
pobj(with-37, days-39)
aux(live-41, to-40)
xcomp(left-35, live-41)
punct(finds-16, .-42)

Sentence #9 (57 tokens):
A team of loan sharks, however, have an answer for him and a ticket to life- only if he gives them all the money he has and relents to working for them, all in a ploy to both take Macha down and show Jake how dangerous he has made himself to himself.
[Text=A CharacterOffsetBegin=1150 CharacterOffsetEnd=1151 PartOfSpeech=DT] [Text=team CharacterOffsetBegin=1152 CharacterOffsetEnd=1156 PartOfSpeech=NN] [Text=of CharacterOffsetBegin=1157 CharacterOffsetEnd=1159 PartOfSpeech=IN] [Text=loan CharacterOffsetBegin=1160 CharacterOffsetEnd=1164 PartOfSpeech=NN] [Text=sharks CharacterOffsetBegin=1165 CharacterOffsetEnd=1171 PartOfSpeech=NNS] [Text=, CharacterOffsetBegin=1171 CharacterOffsetEnd=1172 PartOfSpeech=,] [Text=however CharacterOffsetBegin=1173 CharacterOffsetEnd=1180 PartOfSpeech=RB] [Text=, CharacterOffsetBegin=1180 CharacterOffsetEnd=1181 PartOfSpeech=,] [Text=have CharacterOffsetBegin=1182 CharacterOffsetEnd=1186 PartOfSpeech=VBP] [Text=an CharacterOffsetBegin=1187 CharacterOffsetEnd=1189 PartOfSpeech=DT] [Text=answer CharacterOffsetBegin=1190 CharacterOffsetEnd=1196 PartOfSpeech=NN] [Text=for CharacterOffsetBegin=1197 CharacterOffsetEnd=1200 PartOfSpeech=IN] [Text=him CharacterOffsetBegin=1201 CharacterOffsetEnd=1204 PartOfSpeech=PRP] [Text=and CharacterOffsetBegin=1205 CharacterOffsetEnd=1208 PartOfSpeech=CC] [Text=a CharacterOffsetBegin=1209 CharacterOffsetEnd=1210 PartOfSpeech=DT] [Text=ticket CharacterOffsetBegin=1211 CharacterOffsetEnd=1217 PartOfSpeech=NN] [Text=to CharacterOffsetBegin=1218 CharacterOffsetEnd=1220 PartOfSpeech=TO] [Text=life CharacterOffsetBegin=1221 CharacterOffsetEnd=1225 PartOfSpeech=NN] [Text=- CharacterOffsetBegin=1225 CharacterOffsetEnd=1226 PartOfSpeech=:] [Text=only CharacterOffsetBegin=1227 CharacterOffsetEnd=1231 PartOfSpeech=RB] [Text=if CharacterOffsetBegin=1232 CharacterOffsetEnd=1234 PartOfSpeech=IN] [Text=he CharacterOffsetBegin=1235 CharacterOffsetEnd=1237 PartOfSpeech=PRP] [Text=gives CharacterOffsetBegin=1238 CharacterOffsetEnd=1243 PartOfSpeech=VBZ] [Text=them CharacterOffsetBegin=1244 CharacterOffsetEnd=1248 PartOfSpeech=PRP] [Text=all CharacterOffsetBegin=1249 CharacterOffsetEnd=1252 PartOfSpeech=PDT] [Text=the CharacterOffsetBegin=1253 CharacterOffsetEnd=1256 PartOfSpeech=DT] [Text=money CharacterOffsetBegin=1257 CharacterOffsetEnd=1262 PartOfSpeech=NN] [Text=he CharacterOffsetBegin=1263 CharacterOffsetEnd=1265 PartOfSpeech=PRP] [Text=has CharacterOffsetBegin=1266 CharacterOffsetEnd=1269 PartOfSpeech=VBZ] [Text=and CharacterOffsetBegin=1270 CharacterOffsetEnd=1273 PartOfSpeech=CC] [Text=relents CharacterOffsetBegin=1274 CharacterOffsetEnd=1281 PartOfSpeech=VBZ] [Text=to CharacterOffsetBegin=1282 CharacterOffsetEnd=1284 PartOfSpeech=TO] [Text=working CharacterOffsetBegin=1285 CharacterOffsetEnd=1292 PartOfSpeech=VBG] [Text=for CharacterOffsetBegin=1293 CharacterOffsetEnd=1296 PartOfSpeech=IN] [Text=them CharacterOffsetBegin=1297 CharacterOffsetEnd=1301 PartOfSpeech=PRP] [Text=, CharacterOffsetBegin=1301 CharacterOffsetEnd=1302 PartOfSpeech=,] [Text=all CharacterOffsetBegin=1303 CharacterOffsetEnd=1306 PartOfSpeech=DT] [Text=in CharacterOffsetBegin=1307 CharacterOffsetEnd=1309 PartOfSpeech=IN] [Text=a CharacterOffsetBegin=1310 CharacterOffsetEnd=1311 PartOfSpeech=DT] [Text=ploy CharacterOffsetBegin=1312 CharacterOffsetEnd=1316 PartOfSpeech=NN] [Text=to CharacterOffsetBegin=1317 CharacterOffsetEnd=1319 PartOfSpeech=TO] [Text=both CharacterOffsetBegin=1320 CharacterOffsetEnd=1324 PartOfSpeech=DT] [Text=take CharacterOffsetBegin=1325 CharacterOffsetEnd=1329 PartOfSpeech=VBP] [Text=Macha CharacterOffsetBegin=1330 CharacterOffsetEnd=1335 PartOfSpeech=NNP] [Text=down CharacterOffsetBegin=1336 CharacterOffsetEnd=1340 PartOfSpeech=RB] [Text=and CharacterOffsetBegin=1341 CharacterOffsetEnd=1344 PartOfSpeech=CC] [Text=show CharacterOffsetBegin=1345 CharacterOffsetEnd=1349 PartOfSpeech=VBP] [Text=Jake CharacterOffsetBegin=1350 CharacterOffsetEnd=1354 PartOfSpeech=NNP] [Text=how CharacterOffsetBegin=1355 CharacterOffsetEnd=1358 PartOfSpeech=WRB] [Text=dangerous CharacterOffsetBegin=1359 CharacterOffsetEnd=1368 PartOfSpeech=JJ] [Text=he CharacterOffsetBegin=1369 CharacterOffsetEnd=1371 PartOfSpeech=PRP] [Text=has CharacterOffsetBegin=1372 CharacterOffsetEnd=1375 PartOfSpeech=VBZ] [Text=made CharacterOffsetBegin=1376 CharacterOffsetEnd=1380 PartOfSpeech=VBN] [Text=himself CharacterOffsetBegin=1381 CharacterOffsetEnd=1388 PartOfSpeech=PRP] [Text=to CharacterOffsetBegin=1389 CharacterOffsetEnd=1391 PartOfSpeech=TO] [Text=himself CharacterOffsetBegin=1392 CharacterOffsetEnd=1399 PartOfSpeech=PRP] [Text=. CharacterOffsetBegin=1399 CharacterOffsetEnd=1400 PartOfSpeech=.] 
root(ROOT-0, have-9)
det(team-2, A-1)
nsubj(have-9, team-2)
prep(team-2, of-3)
nn(sharks-5, loan-4)
pobj(of-3, sharks-5)
punct(have-9, ,-6)
advmod(have-9, however-7)
punct(have-9, ,-8)
det(answer-11, an-10)
dobj(have-9, answer-11)
prep(answer-11, for-12)
pobj(for-12, him-13)
cc(him-13, and-14)
det(ticket-16, a-15)
conj(him-13, ticket-16)
prep(ticket-16, to-17)
pobj(to-17, life-18)
punct(have-9, --19)
advmod(gives-23, only-20)
mark(gives-23, if-21)
nsubj(gives-23, he-22)
advcl(have-9, gives-23)
iobj(gives-23, them-24)
predet(money-27, all-25)
det(money-27, the-26)
dobj(gives-23, money-27)
nsubj(has-29, he-28)
rcmod(money-27, has-29)
cc(gives-23, and-30)
conj(gives-23, relents-31)
prep(relents-31, to-32)
pcomp(to-32, working-33)
prep(working-33, for-34)
pobj(for-34, them-35)
punct(gives-23, ,-36)
conj(gives-23, all-37)
prep(all-37, in-38)
det(ploy-40, a-39)
pobj(in-38, ploy-40)
prep(all-37, to-41)
pobj(to-41, both-42)
dep(gives-23, take-43)
dobj(take-43, Macha-44)
advmod(take-43, down-45)
cc(gives-23, and-46)
conj(gives-23, show-47)
dobj(show-47, Jake-48)
advmod(dangerous-50, how-49)
dep(made-53, dangerous-50)
nsubj(made-53, he-51)
aux(made-53, has-52)
dep(Jake-48, made-53)
dep(made-53, himself-54)
dep(himself-54, to-55)
pobj(to-55, himself-56)
punct(have-9, .-57)

Sentence #10 (48 tokens):
Along with having the air of death loom, and a pair of loan sharks having a field day with his money, Jake also has to deal with having a hit put out on him, which introduces Sorter - a hit-man under Macha's employ.
[Text=Along CharacterOffsetBegin=1405 CharacterOffsetEnd=1410 PartOfSpeech=IN] [Text=with CharacterOffsetBegin=1411 CharacterOffsetEnd=1415 PartOfSpeech=IN] [Text=having CharacterOffsetBegin=1416 CharacterOffsetEnd=1422 PartOfSpeech=VBG] [Text=the CharacterOffsetBegin=1423 CharacterOffsetEnd=1426 PartOfSpeech=DT] [Text=air CharacterOffsetBegin=1427 CharacterOffsetEnd=1430 PartOfSpeech=NN] [Text=of CharacterOffsetBegin=1431 CharacterOffsetEnd=1433 PartOfSpeech=IN] [Text=death CharacterOffsetBegin=1434 CharacterOffsetEnd=1439 PartOfSpeech=NN] [Text=loom CharacterOffsetBegin=1440 CharacterOffsetEnd=1444 PartOfSpeech=VBP] [Text=, CharacterOffsetBegin=1444 CharacterOffsetEnd=1445 PartOfSpeech=,] [Text=and CharacterOffsetBegin=1446 CharacterOffsetEnd=1449 PartOfSpeech=CC] [Text=a CharacterOffsetBegin=1450 CharacterOffsetEnd=1451 PartOfSpeech=DT] [Text=pair CharacterOffsetBegin=1452 CharacterOffsetEnd=1456 PartOfSpeech=NN] [Text=of CharacterOffsetBegin=1457 CharacterOffsetEnd=1459 PartOfSpeech=IN] [Text=loan CharacterOffsetBegin=1460 CharacterOffsetEnd=1464 PartOfSpeech=NN] [Text=sharks CharacterOffsetBegin=1465 CharacterOffsetEnd=1471 PartOfSpeech=NNS] [Text=having CharacterOffsetBegin=1472 CharacterOffsetEnd=1478 PartOfSpeech=VBG] [Text=a CharacterOffsetBegin=1479 CharacterOffsetEnd=1480 PartOfSpeech=DT] [Text=field CharacterOffsetBegin=1481 CharacterOffsetEnd=1486 PartOfSpeech=NN] [Text=day CharacterOffsetBegin=1487 CharacterOffsetEnd=1490 PartOfSpeech=NN] [Text=with CharacterOffsetBegin=1491 CharacterOffsetEnd=1495 PartOfSpeech=IN] [Text=his CharacterOffsetBegin=1496 CharacterOffsetEnd=1499 PartOfSpeech=PRP$] [Text=money CharacterOffsetBegin=1500 CharacterOffsetEnd=1505 PartOfSpeech=NN] [Text=, CharacterOffsetBegin=1505 CharacterOffsetEnd=1506 PartOfSpeech=,] [Text=Jake CharacterOffsetBegin=1507 CharacterOffsetEnd=1511 PartOfSpeech=NNP] [Text=also CharacterOffsetBegin=1512 CharacterOffsetEnd=1516 PartOfSpeech=RB] [Text=has CharacterOffsetBegin=1517 CharacterOffsetEnd=1520 PartOfSpeech=VBZ] [Text=to CharacterOffsetBegin=1521 CharacterOffsetEnd=1523 PartOfSpeech=TO] [Text=deal CharacterOffsetBegin=1524 CharacterOffsetEnd=1528 PartOfSpeech=VB] [Text=with CharacterOffsetBegin=1529 CharacterOffsetEnd=1533 PartOfSpeech=IN] [Text=having CharacterOffsetBegin=1534 CharacterOffsetEnd=1540 PartOfSpeech=VBG] [Text=a CharacterOffsetBegin=1541 CharacterOffsetEnd=1542 PartOfSpeech=DT] [Text=hit CharacterOffsetBegin=1543 CharacterOffsetEnd=1546 PartOfSpeech=NN] [Text=put CharacterOffsetBegin=1547 CharacterOffsetEnd=1550 PartOfSpeech=VBD] [Text=out CharacterOffsetBegin=1551 CharacterOffsetEnd=1554 PartOfSpeech=RP] [Text=on CharacterOffsetBegin=1555 CharacterOffsetEnd=1557 PartOfSpeech=IN] [Text=him CharacterOffsetBegin=1558 CharacterOffsetEnd=1561 PartOfSpeech=PRP] [Text=, CharacterOffsetBegin=1561 CharacterOffsetEnd=1562 PartOfSpeech=,] [Text=which CharacterOffsetBegin=1563 CharacterOffsetEnd=1568 PartOfSpeech=WDT] [Text=introduces CharacterOffsetBegin=1569 CharacterOffsetEnd=1579 PartOfSpeech=VBZ] [Text=Sorter CharacterOffsetBegin=1580 CharacterOffsetEnd=1586 PartOfSpeech=NN] [Text=- CharacterOffsetBegin=1587 CharacterOffsetEnd=1588 PartOfSpeech=:] [Text=a CharacterOffsetBegin=1589 CharacterOffsetEnd=1590 PartOfSpeech=DT] [Text=hit-man CharacterOffsetBegin=1591 CharacterOffsetEnd=1598 PartOfSpeech=NN] [Text=under CharacterOffsetBegin=1599 CharacterOffsetEnd=1604 PartOfSpeech=IN] [Text=Macha CharacterOffsetBegin=1605 CharacterOffsetEnd=1610 PartOfSpeech=NNP] [Text='s CharacterOffsetBegin=1610 CharacterOffsetEnd=1612 PartOfSpeech=POS] [Text=employ CharacterOffsetBegin=1613 CharacterOffsetEnd=1619 PartOfSpeech=VBP] [Text=. CharacterOffsetBegin=1619 CharacterOffsetEnd=1620 PartOfSpeech=.] 
root(ROOT-0, has-26)
advmod(has-26, Along-1)
pcomp(Along-1, with-2)
pcomp(with-2, having-3)
det(air-5, the-4)
nsubj(loom-8, air-5)
prep(air-5, of-6)
pobj(of-6, death-7)
ccomp(having-3, loom-8)
punct(Along-1, ,-9)
cc(Along-1, and-10)
det(pair-12, a-11)
conj(Along-1, pair-12)
prep(pair-12, of-13)
nn(sharks-15, loan-14)
pobj(of-13, sharks-15)
partmod(pair-12, having-16)
det(day-19, a-17)
nn(day-19, field-18)
dobj(having-16, day-19)
prep(having-16, with-20)
poss(money-22, his-21)
pobj(with-20, money-22)
punct(has-26, ,-23)
nsubj(has-26, Jake-24)
advmod(has-26, also-25)
aux(deal-28, to-27)
xcomp(has-26, deal-28)
prep(deal-28, with-29)
pcomp(with-29, having-30)
det(hit-32, a-31)
nsubj(put-33, hit-32)
ccomp(having-30, put-33)
prt(put-33, out-34)
prep(put-33, on-35)
pobj(on-35, him-36)
punct(him-36, ,-37)
nsubj(introduces-39, which-38)
rcmod(him-36, introduces-39)
dobj(introduces-39, Sorter-40)
punct(Sorter-40, --41)
det(hit-man-43, a-42)
dep(Sorter-40, hit-man-43)
prep(hit-man-43, under-44)
poss(employ-47, Macha-45)
possessive(Macha-45, 's-46)
pobj(under-44, employ-47)
punct(has-26, .-48)

Sentence #11 (51 tokens):
The depth with the story comes when Jake realizes that some co- convicts he spent time with in solitary may very-well be the loan shark team out to take him for all he has by crafting all of the unfortunate events that Jake seems to find his way into.
[Text=The CharacterOffsetBegin=1625 CharacterOffsetEnd=1628 PartOfSpeech=DT] [Text=depth CharacterOffsetBegin=1629 CharacterOffsetEnd=1634 PartOfSpeech=NN] [Text=with CharacterOffsetBegin=1635 CharacterOffsetEnd=1639 PartOfSpeech=IN] [Text=the CharacterOffsetBegin=1640 CharacterOffsetEnd=1643 PartOfSpeech=DT] [Text=story CharacterOffsetBegin=1644 CharacterOffsetEnd=1649 PartOfSpeech=NN] [Text=comes CharacterOffsetBegin=1650 CharacterOffsetEnd=1655 PartOfSpeech=VBZ] [Text=when CharacterOffsetBegin=1656 CharacterOffsetEnd=1660 PartOfSpeech=WRB] [Text=Jake CharacterOffsetBegin=1661 CharacterOffsetEnd=1665 PartOfSpeech=NNP] [Text=realizes CharacterOffsetBegin=1666 CharacterOffsetEnd=1674 PartOfSpeech=VBZ] [Text=that CharacterOffsetBegin=1675 CharacterOffsetEnd=1679 PartOfSpeech=IN] [Text=some CharacterOffsetBegin=1680 CharacterOffsetEnd=1684 PartOfSpeech=DT] [Text=co CharacterOffsetBegin=1685 CharacterOffsetEnd=1687 PartOfSpeech=NN] [Text=- CharacterOffsetBegin=1687 CharacterOffsetEnd=1688 PartOfSpeech=:] [Text=convicts CharacterOffsetBegin=1689 CharacterOffsetEnd=1697 PartOfSpeech=NNS] [Text=he CharacterOffsetBegin=1698 CharacterOffsetEnd=1700 PartOfSpeech=PRP] [Text=spent CharacterOffsetBegin=1701 CharacterOffsetEnd=1706 PartOfSpeech=VBD] [Text=time CharacterOffsetBegin=1707 CharacterOffsetEnd=1711 PartOfSpeech=NN] [Text=with CharacterOffsetBegin=1712 CharacterOffsetEnd=1716 PartOfSpeech=IN] [Text=in CharacterOffsetBegin=1717 CharacterOffsetEnd=1719 PartOfSpeech=IN] [Text=solitary CharacterOffsetBegin=1720 CharacterOffsetEnd=1728 PartOfSpeech=JJ] [Text=may CharacterOffsetBegin=1729 CharacterOffsetEnd=1732 PartOfSpeech=MD] [Text=very-well CharacterOffsetBegin=1733 CharacterOffsetEnd=1742 PartOfSpeech=VB] [Text=be CharacterOffsetBegin=1743 CharacterOffsetEnd=1745 PartOfSpeech=VB] [Text=the CharacterOffsetBegin=1746 CharacterOffsetEnd=1749 PartOfSpeech=DT] [Text=loan CharacterOffsetBegin=1750 CharacterOffsetEnd=1754 PartOfSpeech=NN] [Text=shark CharacterOffsetBegin=1755 CharacterOffsetEnd=1760 PartOfSpeech=NN] [Text=team CharacterOffsetBegin=1761 CharacterOffsetEnd=1765 PartOfSpeech=NN] [Text=out CharacterOffsetBegin=1766 CharacterOffsetEnd=1769 PartOfSpeech=IN] [Text=to CharacterOffsetBegin=1770 CharacterOffsetEnd=1772 PartOfSpeech=TO] [Text=take CharacterOffsetBegin=1773 CharacterOffsetEnd=1777 PartOfSpeech=VB] [Text=him CharacterOffsetBegin=1778 CharacterOffsetEnd=1781 PartOfSpeech=PRP] [Text=for CharacterOffsetBegin=1782 CharacterOffsetEnd=1785 PartOfSpeech=IN] [Text=all CharacterOffsetBegin=1786 CharacterOffsetEnd=1789 PartOfSpeech=DT] [Text=he CharacterOffsetBegin=1790 CharacterOffsetEnd=1792 PartOfSpeech=PRP] [Text=has CharacterOffsetBegin=1793 CharacterOffsetEnd=1796 PartOfSpeech=VBZ] [Text=by CharacterOffsetBegin=1797 CharacterOffsetEnd=1799 PartOfSpeech=IN] [Text=crafting CharacterOffsetBegin=1800 CharacterOffsetEnd=1808 PartOfSpeech=VBG] [Text=all CharacterOffsetBegin=1809 CharacterOffsetEnd=1812 PartOfSpeech=DT] [Text=of CharacterOffsetBegin=1813 CharacterOffsetEnd=1815 PartOfSpeech=IN] [Text=the CharacterOffsetBegin=1816 CharacterOffsetEnd=1819 PartOfSpeech=DT] [Text=unfortunate CharacterOffsetBegin=1820 CharacterOffsetEnd=1831 PartOfSpeech=JJ] [Text=events CharacterOffsetBegin=1832 CharacterOffsetEnd=1838 PartOfSpeech=NNS] [Text=that CharacterOffsetBegin=1839 CharacterOffsetEnd=1843 PartOfSpeech=WDT] [Text=Jake CharacterOffsetBegin=1844 CharacterOffsetEnd=1848 PartOfSpeech=NNP] [Text=seems CharacterOffsetBegin=1849 CharacterOffsetEnd=1854 PartOfSpeech=VBZ] [Text=to CharacterOffsetBegin=1855 CharacterOffsetEnd=1857 PartOfSpeech=TO] [Text=find CharacterOffsetBegin=1858 CharacterOffsetEnd=1862 PartOfSpeech=VB] [Text=his CharacterOffsetBegin=1863 CharacterOffsetEnd=1866 PartOfSpeech=PRP$] [Text=way CharacterOffsetBegin=1867 CharacterOffsetEnd=1870 PartOfSpeech=NN] [Text=into CharacterOffsetBegin=1871 CharacterOffsetEnd=1875 PartOfSpeech=IN] [Text=. CharacterOffsetBegin=1875 CharacterOffsetEnd=1876 PartOfSpeech=.] 
root(ROOT-0, comes-6)
det(depth-2, The-1)
nsubj(comes-6, depth-2)
prep(depth-2, with-3)
det(story-5, the-4)
pobj(with-3, story-5)
advmod(realizes-9, when-7)
nsubj(realizes-9, Jake-8)
advcl(comes-6, realizes-9)
mark(very-well-22, that-10)
det(co-12, some-11)
nsubj(very-well-22, co-12)
punct(co-12, --13)
dep(co-12, convicts-14)
nsubj(spent-16, he-15)
rcmod(convicts-14, spent-16)
dobj(spent-16, time-17)
prep(spent-16, with-18)
pcomp(with-18, in-19)
pobj(in-19, solitary-20)
aux(very-well-22, may-21)
ccomp(realizes-9, very-well-22)
cop(team-27, be-23)
det(team-27, the-24)
nn(team-27, loan-25)
nn(team-27, shark-26)
ccomp(very-well-22, team-27)
prep(team-27, out-28)
aux(take-30, to-29)
pcomp(out-28, take-30)
dobj(take-30, him-31)
prep(take-30, for-32)
pobj(for-32, all-33)
nsubj(has-35, he-34)
rcmod(all-33, has-35)
prep(has-35, by-36)
pcomp(by-36, crafting-37)
dobj(crafting-37, all-38)
prep(all-38, of-39)
det(events-42, the-40)
amod(events-42, unfortunate-41)
pobj(of-39, events-42)
dobj(seems-45, that-43)
nsubj(seems-45, Jake-44)
rcmod(events-42, seems-45)
aux(find-47, to-46)
xcomp(seems-45, find-47)
poss(way-49, his-48)
dobj(find-47, way-49)
prep(find-47, into-50)
punct(comes-6, .-51)

Sentence #12 (51 tokens):
When faced with this reality though, Zack (Vincent Pastore) and Avi show Jake just how twisted he has become from being in solitary, having only the company of his mind and his ego then makes it so that their actual existence is elusive even to Jake.
[Text=When CharacterOffsetBegin=1881 CharacterOffsetEnd=1885 PartOfSpeech=WRB] [Text=faced CharacterOffsetBegin=1886 CharacterOffsetEnd=1891 PartOfSpeech=VBN] [Text=with CharacterOffsetBegin=1892 CharacterOffsetEnd=1896 PartOfSpeech=IN] [Text=this CharacterOffsetBegin=1897 CharacterOffsetEnd=1901 PartOfSpeech=DT] [Text=reality CharacterOffsetBegin=1902 CharacterOffsetEnd=1909 PartOfSpeech=NN] [Text=though CharacterOffsetBegin=1910 CharacterOffsetEnd=1916 PartOfSpeech=RB] [Text=, CharacterOffsetBegin=1916 CharacterOffsetEnd=1917 PartOfSpeech=,] [Text=Zack CharacterOffsetBegin=1918 CharacterOffsetEnd=1922 PartOfSpeech=NNP] [Text=-LRB- CharacterOffsetBegin=1923 CharacterOffsetEnd=1924 PartOfSpeech=-LRB-] [Text=Vincent CharacterOffsetBegin=1924 CharacterOffsetEnd=1931 PartOfSpeech=NNP] [Text=Pastore CharacterOffsetBegin=1932 CharacterOffsetEnd=1939 PartOfSpeech=NNP] [Text=-RRB- CharacterOffsetBegin=1939 CharacterOffsetEnd=1940 PartOfSpeech=-RRB-] [Text=and CharacterOffsetBegin=1941 CharacterOffsetEnd=1944 PartOfSpeech=CC] [Text=Avi CharacterOffsetBegin=1945 CharacterOffsetEnd=1948 PartOfSpeech=NNP] [Text=show CharacterOffsetBegin=1949 CharacterOffsetEnd=1953 PartOfSpeech=VBP] [Text=Jake CharacterOffsetBegin=1954 CharacterOffsetEnd=1958 PartOfSpeech=NNP] [Text=just CharacterOffsetBegin=1959 CharacterOffsetEnd=1963 PartOfSpeech=RB] [Text=how CharacterOffsetBegin=1964 CharacterOffsetEnd=1967 PartOfSpeech=WRB] [Text=twisted CharacterOffsetBegin=1968 CharacterOffsetEnd=1975 PartOfSpeech=VBN] [Text=he CharacterOffsetBegin=1976 CharacterOffsetEnd=1978 PartOfSpeech=PRP] [Text=has CharacterOffsetBegin=1979 CharacterOffsetEnd=1982 PartOfSpeech=VBZ] [Text=become CharacterOffsetBegin=1983 CharacterOffsetEnd=1989 PartOfSpeech=VBN] [Text=from CharacterOffsetBegin=1990 CharacterOffsetEnd=1994 PartOfSpeech=IN] [Text=being CharacterOffsetBegin=1995 CharacterOffsetEnd=2000 PartOfSpeech=VBG] [Text=in CharacterOffsetBegin=2001 CharacterOffsetEnd=2003 PartOfSpeech=IN] [Text=solitary CharacterOffsetBegin=2004 CharacterOffsetEnd=2012 PartOfSpeech=JJ] [Text=, CharacterOffsetBegin=2012 CharacterOffsetEnd=2013 PartOfSpeech=,] [Text=having CharacterOffsetBegin=2014 CharacterOffsetEnd=2020 PartOfSpeech=VBG] [Text=only CharacterOffsetBegin=2021 CharacterOffsetEnd=2025 PartOfSpeech=RB] [Text=the CharacterOffsetBegin=2026 CharacterOffsetEnd=2029 PartOfSpeech=DT] [Text=company CharacterOffsetBegin=2030 CharacterOffsetEnd=2037 PartOfSpeech=NN] [Text=of CharacterOffsetBegin=2038 CharacterOffsetEnd=2040 PartOfSpeech=IN] [Text=his CharacterOffsetBegin=2041 CharacterOffsetEnd=2044 PartOfSpeech=PRP$] [Text=mind CharacterOffsetBegin=2045 CharacterOffsetEnd=2049 PartOfSpeech=NN] [Text=and CharacterOffsetBegin=2050 CharacterOffsetEnd=2053 PartOfSpeech=CC] [Text=his CharacterOffsetBegin=2054 CharacterOffsetEnd=2057 PartOfSpeech=PRP$] [Text=ego CharacterOffsetBegin=2058 CharacterOffsetEnd=2061 PartOfSpeech=NN] [Text=then CharacterOffsetBegin=2062 CharacterOffsetEnd=2066 PartOfSpeech=RB] [Text=makes CharacterOffsetBegin=2067 CharacterOffsetEnd=2072 PartOfSpeech=VBZ] [Text=it CharacterOffsetBegin=2073 CharacterOffsetEnd=2075 PartOfSpeech=PRP] [Text=so CharacterOffsetBegin=2076 CharacterOffsetEnd=2078 PartOfSpeech=RB] [Text=that CharacterOffsetBegin=2079 CharacterOffsetEnd=2083 PartOfSpeech=IN] [Text=their CharacterOffsetBegin=2084 CharacterOffsetEnd=2089 PartOfSpeech=PRP$] [Text=actual CharacterOffsetBegin=2090 CharacterOffsetEnd=2096 PartOfSpeech=JJ] [Text=existence CharacterOffsetBegin=2097 CharacterOffsetEnd=2106 PartOfSpeech=NN] [Text=is CharacterOffsetBegin=2107 CharacterOffsetEnd=2109 PartOfSpeech=VBZ] [Text=elusive CharacterOffsetBegin=2110 CharacterOffsetEnd=2117 PartOfSpeech=JJ] [Text=even CharacterOffsetBegin=2118 CharacterOffsetEnd=2122 PartOfSpeech=RB] [Text=to CharacterOffsetBegin=2123 CharacterOffsetEnd=2125 PartOfSpeech=TO] [Text=Jake CharacterOffsetBegin=2126 CharacterOffsetEnd=2130 PartOfSpeech=NNP] [Text=. CharacterOffsetBegin=2130 CharacterOffsetEnd=2131 PartOfSpeech=.] 
root(ROOT-0, faced-2)
advmod(faced-2, When-1)
prep(faced-2, with-3)
det(reality-5, this-4)
pobj(with-3, reality-5)
advmod(show-15, though-6)
punct(show-15, ,-7)
nsubj(show-15, Zack-8)
punct(Pastore-11, -LRB--9)
nn(Pastore-11, Vincent-10)
appos(Zack-8, Pastore-11)
punct(Pastore-11, -RRB--12)
cc(Zack-8, and-13)
conj(Zack-8, Avi-14)
advcl(faced-2, show-15)
dobj(show-15, Jake-16)
advmod(twisted-19, just-17)
advmod(twisted-19, how-18)
rcmod(Jake-16, twisted-19)
nsubj(become-22, he-20)
aux(become-22, has-21)
ccomp(twisted-19, become-22)
prep(become-22, from-23)
pcomp(from-23, being-24)
prep(being-24, in-25)
pobj(in-25, solitary-26)
punct(twisted-19, ,-27)
xcomp(twisted-19, having-28)
advmod(company-31, only-29)
det(company-31, the-30)
dobj(having-28, company-31)
prep(company-31, of-32)
poss(mind-34, his-33)
pobj(of-32, mind-34)
cc(company-31, and-35)
poss(ego-37, his-36)
nsubj(makes-39, ego-37)
advmod(makes-39, then-38)
conj(company-31, makes-39)
dobj(makes-39, it-40)
advmod(elusive-47, so-41)
mark(elusive-47, that-42)
poss(existence-45, their-43)
amod(existence-45, actual-44)
nsubj(elusive-47, existence-45)
cop(elusive-47, is-46)
advcl(makes-39, elusive-47)
advmod(to-49, even-48)
prep(elusive-47, to-49)
pobj(to-49, Jake-50)
punct(faced-2, .-51)

Sentence #13 (45 tokens):
The movie unravels to a humbling process for both Jake and Macha as they both come to grips with their inner demons.The style of the movie is top-notch as you get the gritty feel of the crime world represented and the characters it includes.
[Text=The CharacterOffsetBegin=2136 CharacterOffsetEnd=2139 PartOfSpeech=DT] [Text=movie CharacterOffsetBegin=2140 CharacterOffsetEnd=2145 PartOfSpeech=NN] [Text=unravels CharacterOffsetBegin=2146 CharacterOffsetEnd=2154 PartOfSpeech=VBZ] [Text=to CharacterOffsetBegin=2155 CharacterOffsetEnd=2157 PartOfSpeech=TO] [Text=a CharacterOffsetBegin=2158 CharacterOffsetEnd=2159 PartOfSpeech=DT] [Text=humbling CharacterOffsetBegin=2160 CharacterOffsetEnd=2168 PartOfSpeech=JJ] [Text=process CharacterOffsetBegin=2169 CharacterOffsetEnd=2176 PartOfSpeech=NN] [Text=for CharacterOffsetBegin=2177 CharacterOffsetEnd=2180 PartOfSpeech=IN] [Text=both CharacterOffsetBegin=2181 CharacterOffsetEnd=2185 PartOfSpeech=DT] [Text=Jake CharacterOffsetBegin=2186 CharacterOffsetEnd=2190 PartOfSpeech=NNP] [Text=and CharacterOffsetBegin=2191 CharacterOffsetEnd=2194 PartOfSpeech=CC] [Text=Macha CharacterOffsetBegin=2195 CharacterOffsetEnd=2200 PartOfSpeech=NNP] [Text=as CharacterOffsetBegin=2201 CharacterOffsetEnd=2203 PartOfSpeech=IN] [Text=they CharacterOffsetBegin=2204 CharacterOffsetEnd=2208 PartOfSpeech=PRP] [Text=both CharacterOffsetBegin=2209 CharacterOffsetEnd=2213 PartOfSpeech=DT] [Text=come CharacterOffsetBegin=2214 CharacterOffsetEnd=2218 PartOfSpeech=VBP] [Text=to CharacterOffsetBegin=2219 CharacterOffsetEnd=2221 PartOfSpeech=TO] [Text=grips CharacterOffsetBegin=2222 CharacterOffsetEnd=2227 PartOfSpeech=NNS] [Text=with CharacterOffsetBegin=2228 CharacterOffsetEnd=2232 PartOfSpeech=IN] [Text=their CharacterOffsetBegin=2233 CharacterOffsetEnd=2238 PartOfSpeech=PRP$] [Text=inner CharacterOffsetBegin=2239 CharacterOffsetEnd=2244 PartOfSpeech=JJ] [Text=demons.The CharacterOffsetBegin=2245 CharacterOffsetEnd=2255 PartOfSpeech=NN] [Text=style CharacterOffsetBegin=2256 CharacterOffsetEnd=2261 PartOfSpeech=NN] [Text=of CharacterOffsetBegin=2262 CharacterOffsetEnd=2264 PartOfSpeech=IN] [Text=the CharacterOffsetBegin=2265 CharacterOffsetEnd=2268 PartOfSpeech=DT] [Text=movie CharacterOffsetBegin=2269 CharacterOffsetEnd=2274 PartOfSpeech=NN] [Text=is CharacterOffsetBegin=2275 CharacterOffsetEnd=2277 PartOfSpeech=VBZ] [Text=top-notch CharacterOffsetBegin=2278 CharacterOffsetEnd=2287 PartOfSpeech=JJ] [Text=as CharacterOffsetBegin=2288 CharacterOffsetEnd=2290 PartOfSpeech=IN] [Text=you CharacterOffsetBegin=2291 CharacterOffsetEnd=2294 PartOfSpeech=PRP] [Text=get CharacterOffsetBegin=2295 CharacterOffsetEnd=2298 PartOfSpeech=VBP] [Text=the CharacterOffsetBegin=2299 CharacterOffsetEnd=2302 PartOfSpeech=DT] [Text=gritty CharacterOffsetBegin=2303 CharacterOffsetEnd=2309 PartOfSpeech=JJ] [Text=feel CharacterOffsetBegin=2310 CharacterOffsetEnd=2314 PartOfSpeech=NN] [Text=of CharacterOffsetBegin=2315 CharacterOffsetEnd=2317 PartOfSpeech=IN] [Text=the CharacterOffsetBegin=2318 CharacterOffsetEnd=2321 PartOfSpeech=DT] [Text=crime CharacterOffsetBegin=2322 CharacterOffsetEnd=2327 PartOfSpeech=NN] [Text=world CharacterOffsetBegin=2328 CharacterOffsetEnd=2333 PartOfSpeech=NN] [Text=represented CharacterOffsetBegin=2334 CharacterOffsetEnd=2345 PartOfSpeech=VBN] [Text=and CharacterOffsetBegin=2346 CharacterOffsetEnd=2349 PartOfSpeech=CC] [Text=the CharacterOffsetBegin=2350 CharacterOffsetEnd=2353 PartOfSpeech=DT] [Text=characters CharacterOffsetBegin=2354 CharacterOffsetEnd=2364 PartOfSpeech=NNS] [Text=it CharacterOffsetBegin=2365 CharacterOffsetEnd=2367 PartOfSpeech=PRP] [Text=includes CharacterOffsetBegin=2368 CharacterOffsetEnd=2376 PartOfSpeech=VBZ] [Text=. CharacterOffsetBegin=2376 CharacterOffsetEnd=2377 PartOfSpeech=.] 
root(ROOT-0, top-notch-28)
det(movie-2, The-1)
nsubj(unravels-3, movie-2)
nsubj(top-notch-28, unravels-3)
prep(unravels-3, to-4)
det(process-7, a-5)
amod(process-7, humbling-6)
pobj(to-4, process-7)
prep(process-7, for-8)
preconj(Jake-10, both-9)
pobj(for-8, Jake-10)
cc(Jake-10, and-11)
conj(Jake-10, Macha-12)
mark(come-16, as-13)
nsubj(come-16, they-14)
dep(come-16, both-15)
advcl(unravels-3, come-16)
prep(come-16, to-17)
pobj(to-17, grips-18)
prep(come-16, with-19)
poss(style-23, their-20)
amod(style-23, inner-21)
nn(style-23, demons.The-22)
pobj(with-19, style-23)
prep(style-23, of-24)
det(movie-26, the-25)
pobj(of-24, movie-26)
cop(top-notch-28, is-27)
mark(get-31, as-29)
nsubj(get-31, you-30)
advcl(top-notch-28, get-31)
det(feel-34, the-32)
amod(feel-34, gritty-33)
nsubj(represented-39, feel-34)
prep(feel-34, of-35)
det(world-38, the-36)
nn(world-38, crime-37)
pobj(of-35, world-38)
ccomp(get-31, represented-39)
cc(represented-39, and-40)
det(characters-42, the-41)
conj(represented-39, characters-42)
nsubj(includes-44, it-43)
rcmod(characters-42, includes-44)
punct(top-notch-28, .-45)

Sentence #14 (35 tokens):
Although a lot of nods at Ritchie's previous films are here it still has a presence of its own from the dialogue, the sets and the experimental take on the gangster genre.
[Text=Although CharacterOffsetBegin=2382 CharacterOffsetEnd=2390 PartOfSpeech=IN] [Text=a CharacterOffsetBegin=2391 CharacterOffsetEnd=2392 PartOfSpeech=DT] [Text=lot CharacterOffsetBegin=2393 CharacterOffsetEnd=2396 PartOfSpeech=NN] [Text=of CharacterOffsetBegin=2397 CharacterOffsetEnd=2399 PartOfSpeech=IN] [Text=nods CharacterOffsetBegin=2400 CharacterOffsetEnd=2404 PartOfSpeech=VBZ] [Text=at CharacterOffsetBegin=2405 CharacterOffsetEnd=2407 PartOfSpeech=IN] [Text=Ritchie CharacterOffsetBegin=2408 CharacterOffsetEnd=2415 PartOfSpeech=NNP] [Text='s CharacterOffsetBegin=2415 CharacterOffsetEnd=2417 PartOfSpeech=POS] [Text=previous CharacterOffsetBegin=2418 CharacterOffsetEnd=2426 PartOfSpeech=JJ] [Text=films CharacterOffsetBegin=2427 CharacterOffsetEnd=2432 PartOfSpeech=NNS] [Text=are CharacterOffsetBegin=2433 CharacterOffsetEnd=2436 PartOfSpeech=VBP] [Text=here CharacterOffsetBegin=2437 CharacterOffsetEnd=2441 PartOfSpeech=RB] [Text=it CharacterOffsetBegin=2442 CharacterOffsetEnd=2444 PartOfSpeech=PRP] [Text=still CharacterOffsetBegin=2445 CharacterOffsetEnd=2450 PartOfSpeech=RB] [Text=has CharacterOffsetBegin=2451 CharacterOffsetEnd=2454 PartOfSpeech=VBZ] [Text=a CharacterOffsetBegin=2455 CharacterOffsetEnd=2456 PartOfSpeech=DT] [Text=presence CharacterOffsetBegin=2457 CharacterOffsetEnd=2465 PartOfSpeech=NN] [Text=of CharacterOffsetBegin=2466 CharacterOffsetEnd=2468 PartOfSpeech=IN] [Text=its CharacterOffsetBegin=2469 CharacterOffsetEnd=2472 PartOfSpeech=PRP$] [Text=own CharacterOffsetBegin=2473 CharacterOffsetEnd=2476 PartOfSpeech=JJ] [Text=from CharacterOffsetBegin=2477 CharacterOffsetEnd=2481 PartOfSpeech=IN] [Text=the CharacterOffsetBegin=2482 CharacterOffsetEnd=2485 PartOfSpeech=DT] [Text=dialogue CharacterOffsetBegin=2486 CharacterOffsetEnd=2494 PartOfSpeech=NN] [Text=, CharacterOffsetBegin=2494 CharacterOffsetEnd=2495 PartOfSpeech=,] [Text=the CharacterOffsetBegin=2496 CharacterOffsetEnd=2499 PartOfSpeech=DT] [Text=sets CharacterOffsetBegin=2500 CharacterOffsetEnd=2504 PartOfSpeech=NNS] [Text=and CharacterOffsetBegin=2505 CharacterOffsetEnd=2508 PartOfSpeech=CC] [Text=the CharacterOffsetBegin=2509 CharacterOffsetEnd=2512 PartOfSpeech=DT] [Text=experimental CharacterOffsetBegin=2513 CharacterOffsetEnd=2525 PartOfSpeech=JJ] [Text=take CharacterOffsetBegin=2526 CharacterOffsetEnd=2530 PartOfSpeech=NN] [Text=on CharacterOffsetBegin=2531 CharacterOffsetEnd=2533 PartOfSpeech=IN] [Text=the CharacterOffsetBegin=2534 CharacterOffsetEnd=2537 PartOfSpeech=DT] [Text=gangster CharacterOffsetBegin=2538 CharacterOffsetEnd=2546 PartOfSpeech=NN] [Text=genre CharacterOffsetBegin=2547 CharacterOffsetEnd=2552 PartOfSpeech=NN] [Text=. CharacterOffsetBegin=2552 CharacterOffsetEnd=2553 PartOfSpeech=.] 
root(ROOT-0, has-15)
mark(are-11, Although-1)
det(lot-3, a-2)
nsubj(are-11, lot-3)
prep(lot-3, of-4)
pobj(of-4, nods-5)
prep(lot-3, at-6)
poss(films-10, Ritchie-7)
possessive(Ritchie-7, 's-8)
amod(films-10, previous-9)
pobj(at-6, films-10)
advcl(has-15, are-11)
advmod(are-11, here-12)
nsubj(has-15, it-13)
advmod(has-15, still-14)
det(presence-17, a-16)
dobj(has-15, presence-17)
prep(presence-17, of-18)
poss(own-20, its-19)
pobj(of-18, own-20)
prep(has-15, from-21)
det(dialogue-23, the-22)
pobj(from-21, dialogue-23)
punct(has-15, ,-24)
det(sets-26, the-25)
dobj(has-15, sets-26)
cc(sets-26, and-27)
det(take-30, the-28)
amod(take-30, experimental-29)
conj(sets-26, take-30)
prep(take-30, on-31)
det(genre-34, the-32)
nn(genre-34, gangster-33)
pobj(on-31, genre-34)
punct(has-15, .-35)

Sentence #15 (35 tokens):
It's also a great trip on humility and recognizing when you can easily let your ego or a preset notion mask you ability to accomplish what you want or overcome what you should.
[Text=It CharacterOffsetBegin=2558 CharacterOffsetEnd=2560 PartOfSpeech=PRP] [Text='s CharacterOffsetBegin=2560 CharacterOffsetEnd=2562 PartOfSpeech=VBZ] [Text=also CharacterOffsetBegin=2563 CharacterOffsetEnd=2567 PartOfSpeech=RB] [Text=a CharacterOffsetBegin=2568 CharacterOffsetEnd=2569 PartOfSpeech=DT] [Text=great CharacterOffsetBegin=2570 CharacterOffsetEnd=2575 PartOfSpeech=JJ] [Text=trip CharacterOffsetBegin=2576 CharacterOffsetEnd=2580 PartOfSpeech=NN] [Text=on CharacterOffsetBegin=2581 CharacterOffsetEnd=2583 PartOfSpeech=IN] [Text=humility CharacterOffsetBegin=2584 CharacterOffsetEnd=2592 PartOfSpeech=NN] [Text=and CharacterOffsetBegin=2593 CharacterOffsetEnd=2596 PartOfSpeech=CC] [Text=recognizing CharacterOffsetBegin=2597 CharacterOffsetEnd=2608 PartOfSpeech=VBG] [Text=when CharacterOffsetBegin=2609 CharacterOffsetEnd=2613 PartOfSpeech=WRB] [Text=you CharacterOffsetBegin=2614 CharacterOffsetEnd=2617 PartOfSpeech=PRP] [Text=can CharacterOffsetBegin=2618 CharacterOffsetEnd=2621 PartOfSpeech=MD] [Text=easily CharacterOffsetBegin=2622 CharacterOffsetEnd=2628 PartOfSpeech=RB] [Text=let CharacterOffsetBegin=2629 CharacterOffsetEnd=2632 PartOfSpeech=VB] [Text=your CharacterOffsetBegin=2633 CharacterOffsetEnd=2637 PartOfSpeech=PRP$] [Text=ego CharacterOffsetBegin=2638 CharacterOffsetEnd=2641 PartOfSpeech=NN] [Text=or CharacterOffsetBegin=2642 CharacterOffsetEnd=2644 PartOfSpeech=CC] [Text=a CharacterOffsetBegin=2645 CharacterOffsetEnd=2646 PartOfSpeech=DT] [Text=preset CharacterOffsetBegin=2647 CharacterOffsetEnd=2653 PartOfSpeech=JJ] [Text=notion CharacterOffsetBegin=2654 CharacterOffsetEnd=2660 PartOfSpeech=NN] [Text=mask CharacterOffsetBegin=2661 CharacterOffsetEnd=2665 PartOfSpeech=NN] [Text=you CharacterOffsetBegin=2666 CharacterOffsetEnd=2669 PartOfSpeech=PRP] [Text=ability CharacterOffsetBegin=2670 CharacterOffsetEnd=2677 PartOfSpeech=NN] [Text=to CharacterOffsetBegin=2678 CharacterOffsetEnd=2680 PartOfSpeech=TO] [Text=accomplish CharacterOffsetBegin=2681 CharacterOffsetEnd=2691 PartOfSpeech=VB] [Text=what CharacterOffsetBegin=2692 CharacterOffsetEnd=2696 PartOfSpeech=WP] [Text=you CharacterOffsetBegin=2697 CharacterOffsetEnd=2700 PartOfSpeech=PRP] [Text=want CharacterOffsetBegin=2701 CharacterOffsetEnd=2705 PartOfSpeech=VBP] [Text=or CharacterOffsetBegin=2706 CharacterOffsetEnd=2708 PartOfSpeech=CC] [Text=overcome CharacterOffsetBegin=2709 CharacterOffsetEnd=2717 PartOfSpeech=VBP] [Text=what CharacterOffsetBegin=2718 CharacterOffsetEnd=2722 PartOfSpeech=WP] [Text=you CharacterOffsetBegin=2723 CharacterOffsetEnd=2726 PartOfSpeech=PRP] [Text=should CharacterOffsetBegin=2727 CharacterOffsetEnd=2733 PartOfSpeech=MD] [Text=. CharacterOffsetBegin=2733 CharacterOffsetEnd=2734 PartOfSpeech=.] 
root(ROOT-0, trip-6)
nsubj(trip-6, It-1)
cop(trip-6, 's-2)
advmod(trip-6, also-3)
det(trip-6, a-4)
amod(trip-6, great-5)
prep(trip-6, on-7)
pobj(on-7, humility-8)
cc(trip-6, and-9)
conj(trip-6, recognizing-10)
advmod(let-15, when-11)
nsubj(let-15, you-12)
aux(let-15, can-13)
advmod(let-15, easily-14)
dep(trip-6, let-15)
poss(ego-17, your-16)
dobj(let-15, ego-17)
cc(ego-17, or-18)
det(notion-21, a-19)
amod(notion-21, preset-20)
conj(ego-17, notion-21)
dep(ego-17, mask-22)
nsubj(ability-24, you-23)
rcmod(mask-22, ability-24)
aux(accomplish-26, to-25)
infmod(ability-24, accomplish-26)
dobj(want-29, what-27)
nsubj(want-29, you-28)
ccomp(accomplish-26, want-29)
cc(want-29, or-30)
conj(want-29, overcome-31)
dobj(should-34, what-32)
nsubj(should-34, you-33)
ccomp(want-29, should-34)
punct(trip-6, .-35)

Sentence #16 (38 tokens):
The characters are well crafted in this movie with all sides being fleshed out and, true to Ritchie fashion, they're all tied in by some underhandedness that throws a wrench in everyone's affairs.
[Text=The CharacterOffsetBegin=2739 CharacterOffsetEnd=2742 PartOfSpeech=DT] [Text=characters CharacterOffsetBegin=2743 CharacterOffsetEnd=2753 PartOfSpeech=NNS] [Text=are CharacterOffsetBegin=2754 CharacterOffsetEnd=2757 PartOfSpeech=VBP] [Text=well CharacterOffsetBegin=2758 CharacterOffsetEnd=2762 PartOfSpeech=RB] [Text=crafted CharacterOffsetBegin=2763 CharacterOffsetEnd=2770 PartOfSpeech=VBN] [Text=in CharacterOffsetBegin=2771 CharacterOffsetEnd=2773 PartOfSpeech=IN] [Text=this CharacterOffsetBegin=2774 CharacterOffsetEnd=2778 PartOfSpeech=DT] [Text=movie CharacterOffsetBegin=2779 CharacterOffsetEnd=2784 PartOfSpeech=NN] [Text=with CharacterOffsetBegin=2785 CharacterOffsetEnd=2789 PartOfSpeech=IN] [Text=all CharacterOffsetBegin=2790 CharacterOffsetEnd=2793 PartOfSpeech=DT] [Text=sides CharacterOffsetBegin=2794 CharacterOffsetEnd=2799 PartOfSpeech=NNS] [Text=being CharacterOffsetBegin=2800 CharacterOffsetEnd=2805 PartOfSpeech=VBG] [Text=fleshed CharacterOffsetBegin=2806 CharacterOffsetEnd=2813 PartOfSpeech=VBN] [Text=out CharacterOffsetBegin=2814 CharacterOffsetEnd=2817 PartOfSpeech=IN] [Text=and CharacterOffsetBegin=2818 CharacterOffsetEnd=2821 PartOfSpeech=CC] [Text=, CharacterOffsetBegin=2821 CharacterOffsetEnd=2822 PartOfSpeech=,] [Text=true CharacterOffsetBegin=2823 CharacterOffsetEnd=2827 PartOfSpeech=JJ] [Text=to CharacterOffsetBegin=2828 CharacterOffsetEnd=2830 PartOfSpeech=TO] [Text=Ritchie CharacterOffsetBegin=2831 CharacterOffsetEnd=2838 PartOfSpeech=NNP] [Text=fashion CharacterOffsetBegin=2839 CharacterOffsetEnd=2846 PartOfSpeech=NN] [Text=, CharacterOffsetBegin=2846 CharacterOffsetEnd=2847 PartOfSpeech=,] [Text=they CharacterOffsetBegin=2848 CharacterOffsetEnd=2852 PartOfSpeech=PRP] [Text='re CharacterOffsetBegin=2852 CharacterOffsetEnd=2855 PartOfSpeech=VBP] [Text=all CharacterOffsetBegin=2856 CharacterOffsetEnd=2859 PartOfSpeech=DT] [Text=tied CharacterOffsetBegin=2860 CharacterOffsetEnd=2864 PartOfSpeech=VBN] [Text=in CharacterOffsetBegin=2865 CharacterOffsetEnd=2867 PartOfSpeech=RP] [Text=by CharacterOffsetBegin=2868 CharacterOffsetEnd=2870 PartOfSpeech=IN] [Text=some CharacterOffsetBegin=2871 CharacterOffsetEnd=2875 PartOfSpeech=DT] [Text=underhandedness CharacterOffsetBegin=2876 CharacterOffsetEnd=2891 PartOfSpeech=NN] [Text=that CharacterOffsetBegin=2892 CharacterOffsetEnd=2896 PartOfSpeech=WDT] [Text=throws CharacterOffsetBegin=2897 CharacterOffsetEnd=2903 PartOfSpeech=VBZ] [Text=a CharacterOffsetBegin=2904 CharacterOffsetEnd=2905 PartOfSpeech=DT] [Text=wrench CharacterOffsetBegin=2906 CharacterOffsetEnd=2912 PartOfSpeech=NN] [Text=in CharacterOffsetBegin=2913 CharacterOffsetEnd=2915 PartOfSpeech=IN] [Text=everyone CharacterOffsetBegin=2916 CharacterOffsetEnd=2924 PartOfSpeech=NN] [Text='s CharacterOffsetBegin=2924 CharacterOffsetEnd=2926 PartOfSpeech=POS] [Text=affairs CharacterOffsetBegin=2927 CharacterOffsetEnd=2934 PartOfSpeech=NNS] [Text=. CharacterOffsetBegin=2934 CharacterOffsetEnd=2935 PartOfSpeech=.] 
root(ROOT-0, crafted-5)
det(characters-2, The-1)
nsubjpass(crafted-5, characters-2)
auxpass(crafted-5, are-3)
advmod(crafted-5, well-4)
prep(crafted-5, in-6)
det(movie-8, this-7)
pobj(in-6, movie-8)
prep(crafted-5, with-9)
det(sides-11, all-10)
nsubjpass(fleshed-13, sides-11)
auxpass(fleshed-13, being-12)
pcomp(with-9, fleshed-13)
prt(fleshed-13, out-14)
cc(fleshed-13, and-15)
punct(fleshed-13, ,-16)
conj(fleshed-13, true-17)
prep(true-17, to-18)
nn(fashion-20, Ritchie-19)
pobj(to-18, fashion-20)
punct(fleshed-13, ,-21)
nsubjpass(tied-25, they-22)
auxpass(tied-25, 're-23)
dep(tied-25, all-24)
ccomp(fleshed-13, tied-25)
prt(tied-25, in-26)
prep(tied-25, by-27)
det(underhandedness-29, some-28)
pobj(by-27, underhandedness-29)
nsubj(throws-31, that-30)
rcmod(underhandedness-29, throws-31)
det(wrench-33, a-32)
dobj(throws-31, wrench-33)
prep(throws-31, in-34)
poss(affairs-37, everyone-35)
possessive(everyone-35, 's-36)
pobj(in-34, affairs-37)
punct(crafted-5, .-38)

Sentence #17 (58 tokens):
I could and would like to go on about this film and its unique nuances but I don't want to take too much away from it if you haven't seen it yet.It may take a few sittings to get through all the intricate layers but it's a great movie and it should be seen.
[Text=I CharacterOffsetBegin=2940 CharacterOffsetEnd=2941 PartOfSpeech=PRP] [Text=could CharacterOffsetBegin=2942 CharacterOffsetEnd=2947 PartOfSpeech=MD] [Text=and CharacterOffsetBegin=2948 CharacterOffsetEnd=2951 PartOfSpeech=CC] [Text=would CharacterOffsetBegin=2952 CharacterOffsetEnd=2957 PartOfSpeech=MD] [Text=like CharacterOffsetBegin=2958 CharacterOffsetEnd=2962 PartOfSpeech=VB] [Text=to CharacterOffsetBegin=2963 CharacterOffsetEnd=2965 PartOfSpeech=TO] [Text=go CharacterOffsetBegin=2966 CharacterOffsetEnd=2968 PartOfSpeech=VB] [Text=on CharacterOffsetBegin=2969 CharacterOffsetEnd=2971 PartOfSpeech=IN] [Text=about CharacterOffsetBegin=2972 CharacterOffsetEnd=2977 PartOfSpeech=IN] [Text=this CharacterOffsetBegin=2978 CharacterOffsetEnd=2982 PartOfSpeech=DT] [Text=film CharacterOffsetBegin=2983 CharacterOffsetEnd=2987 PartOfSpeech=NN] [Text=and CharacterOffsetBegin=2988 CharacterOffsetEnd=2991 PartOfSpeech=CC] [Text=its CharacterOffsetBegin=2992 CharacterOffsetEnd=2995 PartOfSpeech=PRP$] [Text=unique CharacterOffsetBegin=2996 CharacterOffsetEnd=3002 PartOfSpeech=JJ] [Text=nuances CharacterOffsetBegin=3003 CharacterOffsetEnd=3010 PartOfSpeech=NNS] [Text=but CharacterOffsetBegin=3011 CharacterOffsetEnd=3014 PartOfSpeech=CC] [Text=I CharacterOffsetBegin=3015 CharacterOffsetEnd=3016 PartOfSpeech=PRP] [Text=do CharacterOffsetBegin=3017 CharacterOffsetEnd=3019 PartOfSpeech=VBP] [Text=n't CharacterOffsetBegin=3019 CharacterOffsetEnd=3022 PartOfSpeech=RB] [Text=want CharacterOffsetBegin=3023 CharacterOffsetEnd=3027 PartOfSpeech=VB] [Text=to CharacterOffsetBegin=3028 CharacterOffsetEnd=3030 PartOfSpeech=TO] [Text=take CharacterOffsetBegin=3031 CharacterOffsetEnd=3035 PartOfSpeech=VB] [Text=too CharacterOffsetBegin=3036 CharacterOffsetEnd=3039 PartOfSpeech=RB] [Text=much CharacterOffsetBegin=3040 CharacterOffsetEnd=3044 PartOfSpeech=RB] [Text=away CharacterOffsetBegin=3045 CharacterOffsetEnd=3049 PartOfSpeech=RB] [Text=from CharacterOffsetBegin=3050 CharacterOffsetEnd=3054 PartOfSpeech=IN] [Text=it CharacterOffsetBegin=3055 CharacterOffsetEnd=3057 PartOfSpeech=PRP] [Text=if CharacterOffsetBegin=3058 CharacterOffsetEnd=3060 PartOfSpeech=IN] [Text=you CharacterOffsetBegin=3061 CharacterOffsetEnd=3064 PartOfSpeech=PRP] [Text=have CharacterOffsetBegin=3065 CharacterOffsetEnd=3069 PartOfSpeech=VBP] [Text=n't CharacterOffsetBegin=3069 CharacterOffsetEnd=3072 PartOfSpeech=RB] [Text=seen CharacterOffsetBegin=3073 CharacterOffsetEnd=3077 PartOfSpeech=VBN] [Text=it CharacterOffsetBegin=3078 CharacterOffsetEnd=3080 PartOfSpeech=PRP] [Text=yet.It CharacterOffsetBegin=3081 CharacterOffsetEnd=3087 PartOfSpeech=NN] [Text=may CharacterOffsetBegin=3088 CharacterOffsetEnd=3091 PartOfSpeech=MD] [Text=take CharacterOffsetBegin=3092 CharacterOffsetEnd=3096 PartOfSpeech=VB] [Text=a CharacterOffsetBegin=3097 CharacterOffsetEnd=3098 PartOfSpeech=DT] [Text=few CharacterOffsetBegin=3099 CharacterOffsetEnd=3102 PartOfSpeech=JJ] [Text=sittings CharacterOffsetBegin=3103 CharacterOffsetEnd=3111 PartOfSpeech=NNS] [Text=to CharacterOffsetBegin=3112 CharacterOffsetEnd=3114 PartOfSpeech=TO] [Text=get CharacterOffsetBegin=3115 CharacterOffsetEnd=3118 PartOfSpeech=VB] [Text=through CharacterOffsetBegin=3119 CharacterOffsetEnd=3126 PartOfSpeech=IN] [Text=all CharacterOffsetBegin=3127 CharacterOffsetEnd=3130 PartOfSpeech=PDT] [Text=the CharacterOffsetBegin=3131 CharacterOffsetEnd=3134 PartOfSpeech=DT] [Text=intricate CharacterOffsetBegin=3135 CharacterOffsetEnd=3144 PartOfSpeech=JJ] [Text=layers CharacterOffsetBegin=3145 CharacterOffsetEnd=3151 PartOfSpeech=NNS] [Text=but CharacterOffsetBegin=3152 CharacterOffsetEnd=3155 PartOfSpeech=CC] [Text=it CharacterOffsetBegin=3156 CharacterOffsetEnd=3158 PartOfSpeech=PRP] [Text='s CharacterOffsetBegin=3158 CharacterOffsetEnd=3160 PartOfSpeech=VBZ] [Text=a CharacterOffsetBegin=3161 CharacterOffsetEnd=3162 PartOfSpeech=DT] [Text=great CharacterOffsetBegin=3163 CharacterOffsetEnd=3168 PartOfSpeech=JJ] [Text=movie CharacterOffsetBegin=3169 CharacterOffsetEnd=3174 PartOfSpeech=NN] [Text=and CharacterOffsetBegin=3175 CharacterOffsetEnd=3178 PartOfSpeech=CC] [Text=it CharacterOffsetBegin=3179 CharacterOffsetEnd=3181 PartOfSpeech=PRP] [Text=should CharacterOffsetBegin=3182 CharacterOffsetEnd=3188 PartOfSpeech=MD] [Text=be CharacterOffsetBegin=3189 CharacterOffsetEnd=3191 PartOfSpeech=VB] [Text=seen CharacterOffsetBegin=3192 CharacterOffsetEnd=3196 PartOfSpeech=VBN] [Text=. CharacterOffsetBegin=3196 CharacterOffsetEnd=3197 PartOfSpeech=.] 
root(ROOT-0, could-2)
nsubj(could-2, I-1)
cc(could-2, and-3)
aux(like-5, would-4)
conj(could-2, like-5)
aux(go-7, to-6)
xcomp(like-5, go-7)
prep(go-7, on-8)
pcomp(on-8, about-9)
det(film-11, this-10)
pobj(about-9, film-11)
cc(film-11, and-12)
poss(nuances-15, its-13)
amod(nuances-15, unique-14)
conj(film-11, nuances-15)
cc(go-7, but-16)
nsubj(want-20, I-17)
aux(want-20, do-18)
neg(want-20, n't-19)
conj(go-7, want-20)
aux(take-22, to-21)
xcomp(want-20, take-22)
advmod(much-24, too-23)
dobj(take-22, much-24)
advmod(take-22, away-25)
prep(away-25, from-26)
pobj(from-26, it-27)
mark(seen-32, if-28)
nsubj(seen-32, you-29)
aux(seen-32, have-30)
neg(seen-32, n't-31)
advcl(take-36, seen-32)
nsubj(take-36, it-33)
nsubj(take-36, yet.It-34)
aux(take-36, may-35)
dep(want-20, take-36)
det(sittings-39, a-37)
amod(sittings-39, few-38)
dobj(take-36, sittings-39)
aux(get-41, to-40)
xcomp(take-36, get-41)
prep(get-41, through-42)
predet(layers-46, all-43)
det(layers-46, the-44)
amod(layers-46, intricate-45)
pobj(through-42, layers-46)
cc(take-36, but-47)
nsubj(movie-52, it-48)
cop(movie-52, 's-49)
det(movie-52, a-50)
amod(movie-52, great-51)
conj(take-36, movie-52)
cc(movie-52, and-53)
nsubjpass(seen-57, it-54)
aux(seen-57, should-55)
auxpass(seen-57, be-56)
conj(movie-52, seen-57)
punct(could-2, .-58)

Sentence #18 (43 tokens):
If you're lucky and you haven't seen the watered-down US release, see if you can get the original UK version as it will make for a great discussion piece among friends as you try to puzzle in your take.
[Text=If CharacterOffsetBegin=3202 CharacterOffsetEnd=3204 PartOfSpeech=IN] [Text=you CharacterOffsetBegin=3205 CharacterOffsetEnd=3208 PartOfSpeech=PRP] [Text='re CharacterOffsetBegin=3208 CharacterOffsetEnd=3211 PartOfSpeech=VBP] [Text=lucky CharacterOffsetBegin=3212 CharacterOffsetEnd=3217 PartOfSpeech=JJ] [Text=and CharacterOffsetBegin=3218 CharacterOffsetEnd=3221 PartOfSpeech=CC] [Text=you CharacterOffsetBegin=3222 CharacterOffsetEnd=3225 PartOfSpeech=PRP] [Text=have CharacterOffsetBegin=3226 CharacterOffsetEnd=3230 PartOfSpeech=VBP] [Text=n't CharacterOffsetBegin=3230 CharacterOffsetEnd=3233 PartOfSpeech=RB] [Text=seen CharacterOffsetBegin=3234 CharacterOffsetEnd=3238 PartOfSpeech=VBN] [Text=the CharacterOffsetBegin=3239 CharacterOffsetEnd=3242 PartOfSpeech=DT] [Text=watered-down CharacterOffsetBegin=3243 CharacterOffsetEnd=3255 PartOfSpeech=JJ] [Text=US CharacterOffsetBegin=3256 CharacterOffsetEnd=3258 PartOfSpeech=NNP] [Text=release CharacterOffsetBegin=3259 CharacterOffsetEnd=3266 PartOfSpeech=NN] [Text=, CharacterOffsetBegin=3266 CharacterOffsetEnd=3267 PartOfSpeech=,] [Text=see CharacterOffsetBegin=3268 CharacterOffsetEnd=3271 PartOfSpeech=VB] [Text=if CharacterOffsetBegin=3272 CharacterOffsetEnd=3274 PartOfSpeech=IN] [Text=you CharacterOffsetBegin=3275 CharacterOffsetEnd=3278 PartOfSpeech=PRP] [Text=can CharacterOffsetBegin=3279 CharacterOffsetEnd=3282 PartOfSpeech=MD] [Text=get CharacterOffsetBegin=3283 CharacterOffsetEnd=3286 PartOfSpeech=VB] [Text=the CharacterOffsetBegin=3287 CharacterOffsetEnd=3290 PartOfSpeech=DT] [Text=original CharacterOffsetBegin=3291 CharacterOffsetEnd=3299 PartOfSpeech=JJ] [Text=UK CharacterOffsetBegin=3300 CharacterOffsetEnd=3302 PartOfSpeech=NNP] [Text=version CharacterOffsetBegin=3303 CharacterOffsetEnd=3310 PartOfSpeech=NN] [Text=as CharacterOffsetBegin=3311 CharacterOffsetEnd=3313 PartOfSpeech=IN] [Text=it CharacterOffsetBegin=3314 CharacterOffsetEnd=3316 PartOfSpeech=PRP] [Text=will CharacterOffsetBegin=3317 CharacterOffsetEnd=3321 PartOfSpeech=MD] [Text=make CharacterOffsetBegin=3322 CharacterOffsetEnd=3326 PartOfSpeech=VB] [Text=for CharacterOffsetBegin=3327 CharacterOffsetEnd=3330 PartOfSpeech=IN] [Text=a CharacterOffsetBegin=3331 CharacterOffsetEnd=3332 PartOfSpeech=DT] [Text=great CharacterOffsetBegin=3333 CharacterOffsetEnd=3338 PartOfSpeech=JJ] [Text=discussion CharacterOffsetBegin=3339 CharacterOffsetEnd=3349 PartOfSpeech=NN] [Text=piece CharacterOffsetBegin=3350 CharacterOffsetEnd=3355 PartOfSpeech=NN] [Text=among CharacterOffsetBegin=3356 CharacterOffsetEnd=3361 PartOfSpeech=IN] [Text=friends CharacterOffsetBegin=3362 CharacterOffsetEnd=3369 PartOfSpeech=NNS] [Text=as CharacterOffsetBegin=3370 CharacterOffsetEnd=3372 PartOfSpeech=IN] [Text=you CharacterOffsetBegin=3373 CharacterOffsetEnd=3376 PartOfSpeech=PRP] [Text=try CharacterOffsetBegin=3377 CharacterOffsetEnd=3380 PartOfSpeech=VBP] [Text=to CharacterOffsetBegin=3381 CharacterOffsetEnd=3383 PartOfSpeech=TO] [Text=puzzle CharacterOffsetBegin=3384 CharacterOffsetEnd=3390 PartOfSpeech=VB] [Text=in CharacterOffsetBegin=3391 CharacterOffsetEnd=3393 PartOfSpeech=IN] [Text=your CharacterOffsetBegin=3394 CharacterOffsetEnd=3398 PartOfSpeech=PRP$] [Text=take CharacterOffsetBegin=3399 CharacterOffsetEnd=3403 PartOfSpeech=NN] [Text=. CharacterOffsetBegin=3403 CharacterOffsetEnd=3404 PartOfSpeech=.] 
root(ROOT-0, lucky-4)
mark(lucky-4, If-1)
nsubj(lucky-4, you-2)
cop(lucky-4, 're-3)
cc(lucky-4, and-5)
nsubj(seen-9, you-6)
aux(seen-9, have-7)
neg(seen-9, n't-8)
conj(lucky-4, seen-9)
det(release-13, the-10)
amod(release-13, watered-down-11)
nn(release-13, US-12)
dobj(seen-9, release-13)
punct(lucky-4, ,-14)
dep(lucky-4, see-15)
mark(get-19, if-16)
nsubj(get-19, you-17)
aux(get-19, can-18)
advcl(lucky-4, get-19)
det(version-23, the-20)
amod(version-23, original-21)
nn(version-23, UK-22)
dobj(get-19, version-23)
mark(make-27, as-24)
nsubj(make-27, it-25)
aux(make-27, will-26)
advcl(get-19, make-27)
prep(make-27, for-28)
det(piece-32, a-29)
amod(piece-32, great-30)
nn(piece-32, discussion-31)
pobj(for-28, piece-32)
prep(piece-32, among-33)
pobj(among-33, friends-34)
mark(try-37, as-35)
nsubj(try-37, you-36)
advcl(make-27, try-37)
aux(puzzle-39, to-38)
xcomp(try-37, puzzle-39)
prep(puzzle-39, in-40)
poss(take-42, your-41)
pobj(in-40, take-42)
punct(lucky-4, .-43)

Sentence #19 (25 tokens):
I saw it with my crew around early-2006 and we're still talking about it with little things we've picked up on today.
[Text=I CharacterOffsetBegin=3409 CharacterOffsetEnd=3410 PartOfSpeech=PRP] [Text=saw CharacterOffsetBegin=3411 CharacterOffsetEnd=3414 PartOfSpeech=VBD] [Text=it CharacterOffsetBegin=3415 CharacterOffsetEnd=3417 PartOfSpeech=PRP] [Text=with CharacterOffsetBegin=3418 CharacterOffsetEnd=3422 PartOfSpeech=IN] [Text=my CharacterOffsetBegin=3423 CharacterOffsetEnd=3425 PartOfSpeech=PRP$] [Text=crew CharacterOffsetBegin=3426 CharacterOffsetEnd=3430 PartOfSpeech=NN] [Text=around CharacterOffsetBegin=3431 CharacterOffsetEnd=3437 PartOfSpeech=IN] [Text=early-2006 CharacterOffsetBegin=3438 CharacterOffsetEnd=3448 PartOfSpeech=NN] [Text=and CharacterOffsetBegin=3449 CharacterOffsetEnd=3452 PartOfSpeech=CC] [Text=we CharacterOffsetBegin=3453 CharacterOffsetEnd=3455 PartOfSpeech=PRP] [Text='re CharacterOffsetBegin=3455 CharacterOffsetEnd=3458 PartOfSpeech=VBP] [Text=still CharacterOffsetBegin=3459 CharacterOffsetEnd=3464 PartOfSpeech=RB] [Text=talking CharacterOffsetBegin=3465 CharacterOffsetEnd=3472 PartOfSpeech=VBG] [Text=about CharacterOffsetBegin=3473 CharacterOffsetEnd=3478 PartOfSpeech=IN] [Text=it CharacterOffsetBegin=3479 CharacterOffsetEnd=3481 PartOfSpeech=PRP] [Text=with CharacterOffsetBegin=3482 CharacterOffsetEnd=3486 PartOfSpeech=IN] [Text=little CharacterOffsetBegin=3487 CharacterOffsetEnd=3493 PartOfSpeech=JJ] [Text=things CharacterOffsetBegin=3494 CharacterOffsetEnd=3500 PartOfSpeech=NNS] [Text=we CharacterOffsetBegin=3501 CharacterOffsetEnd=3503 PartOfSpeech=PRP] [Text='ve CharacterOffsetBegin=3503 CharacterOffsetEnd=3506 PartOfSpeech=VBP] [Text=picked CharacterOffsetBegin=3507 CharacterOffsetEnd=3513 PartOfSpeech=VBN] [Text=up CharacterOffsetBegin=3514 CharacterOffsetEnd=3516 PartOfSpeech=RP] [Text=on CharacterOffsetBegin=3517 CharacterOffsetEnd=3519 PartOfSpeech=IN] [Text=today CharacterOffsetBegin=3520 CharacterOffsetEnd=3525 PartOfSpeech=NN] [Text=. CharacterOffsetBegin=3525 CharacterOffsetEnd=3526 PartOfSpeech=.] 
root(ROOT-0, saw-2)
nsubj(saw-2, I-1)
dobj(saw-2, it-3)
prep(saw-2, with-4)
poss(crew-6, my-5)
pobj(with-4, crew-6)
prep(crew-6, around-7)
pobj(around-7, early-2006-8)
cc(saw-2, and-9)
nsubj(talking-13, we-10)
aux(talking-13, 're-11)
advmod(talking-13, still-12)
conj(saw-2, talking-13)
prep(talking-13, about-14)
pobj(about-14, it-15)
prep(talking-13, with-16)
amod(things-18, little-17)
pobj(with-16, things-18)
nsubj(picked-21, we-19)
aux(picked-21, 've-20)
rcmod(things-18, picked-21)
prt(picked-21, up-22)
prep(picked-21, on-23)
pobj(on-23, today-24)
punct(saw-2, .-25)

Sentence #20 (44 tokens):
It has garnered its cult status, and it's well- deserved as the film where Ritchie stepped out the box and broke his norm a bit.Standout Line: "Fear or revere me, but please, think I'm special.
[Text=It CharacterOffsetBegin=3531 CharacterOffsetEnd=3533 PartOfSpeech=PRP] [Text=has CharacterOffsetBegin=3534 CharacterOffsetEnd=3537 PartOfSpeech=VBZ] [Text=garnered CharacterOffsetBegin=3538 CharacterOffsetEnd=3546 PartOfSpeech=VBN] [Text=its CharacterOffsetBegin=3547 CharacterOffsetEnd=3550 PartOfSpeech=PRP$] [Text=cult CharacterOffsetBegin=3551 CharacterOffsetEnd=3555 PartOfSpeech=NN] [Text=status CharacterOffsetBegin=3556 CharacterOffsetEnd=3562 PartOfSpeech=NN] [Text=, CharacterOffsetBegin=3562 CharacterOffsetEnd=3563 PartOfSpeech=,] [Text=and CharacterOffsetBegin=3564 CharacterOffsetEnd=3567 PartOfSpeech=CC] [Text=it CharacterOffsetBegin=3568 CharacterOffsetEnd=3570 PartOfSpeech=PRP] [Text='s CharacterOffsetBegin=3570 CharacterOffsetEnd=3572 PartOfSpeech=VBZ] [Text=well CharacterOffsetBegin=3573 CharacterOffsetEnd=3577 PartOfSpeech=RB] [Text=- CharacterOffsetBegin=3577 CharacterOffsetEnd=3578 PartOfSpeech=:] [Text=deserved CharacterOffsetBegin=3579 CharacterOffsetEnd=3587 PartOfSpeech=VBD] [Text=as CharacterOffsetBegin=3588 CharacterOffsetEnd=3590 PartOfSpeech=IN] [Text=the CharacterOffsetBegin=3591 CharacterOffsetEnd=3594 PartOfSpeech=DT] [Text=film CharacterOffsetBegin=3595 CharacterOffsetEnd=3599 PartOfSpeech=NN] [Text=where CharacterOffsetBegin=3600 CharacterOffsetEnd=3605 PartOfSpeech=WRB] [Text=Ritchie CharacterOffsetBegin=3606 CharacterOffsetEnd=3613 PartOfSpeech=NNP] [Text=stepped CharacterOffsetBegin=3614 CharacterOffsetEnd=3621 PartOfSpeech=VBD] [Text=out CharacterOffsetBegin=3622 CharacterOffsetEnd=3625 PartOfSpeech=RP] [Text=the CharacterOffsetBegin=3626 CharacterOffsetEnd=3629 PartOfSpeech=DT] [Text=box CharacterOffsetBegin=3630 CharacterOffsetEnd=3633 PartOfSpeech=NN] [Text=and CharacterOffsetBegin=3634 CharacterOffsetEnd=3637 PartOfSpeech=CC] [Text=broke CharacterOffsetBegin=3638 CharacterOffsetEnd=3643 PartOfSpeech=VBD] [Text=his CharacterOffsetBegin=3644 CharacterOffsetEnd=3647 PartOfSpeech=PRP$] [Text=norm CharacterOffsetBegin=3648 CharacterOffsetEnd=3652 PartOfSpeech=NN] [Text=a CharacterOffsetBegin=3653 CharacterOffsetEnd=3654 PartOfSpeech=DT] [Text=bit.Standout CharacterOffsetBegin=3655 CharacterOffsetEnd=3667 PartOfSpeech=NNP] [Text=Line CharacterOffsetBegin=3668 CharacterOffsetEnd=3672 PartOfSpeech=NNP] [Text=: CharacterOffsetBegin=3672 CharacterOffsetEnd=3673 PartOfSpeech=:] [Text=`` CharacterOffsetBegin=3674 CharacterOffsetEnd=3675 PartOfSpeech=``] [Text=Fear CharacterOffsetBegin=3675 CharacterOffsetEnd=3679 PartOfSpeech=NN] [Text=or CharacterOffsetBegin=3680 CharacterOffsetEnd=3682 PartOfSpeech=CC] [Text=revere CharacterOffsetBegin=3683 CharacterOffsetEnd=3689 PartOfSpeech=VB] [Text=me CharacterOffsetBegin=3690 CharacterOffsetEnd=3692 PartOfSpeech=PRP] [Text=, CharacterOffsetBegin=3692 CharacterOffsetEnd=3693 PartOfSpeech=,] [Text=but CharacterOffsetBegin=3694 CharacterOffsetEnd=3697 PartOfSpeech=CC] [Text=please CharacterOffsetBegin=3698 CharacterOffsetEnd=3704 PartOfSpeech=VB] [Text=, CharacterOffsetBegin=3704 CharacterOffsetEnd=3705 PartOfSpeech=,] [Text=think CharacterOffsetBegin=3706 CharacterOffsetEnd=3711 PartOfSpeech=VB] [Text=I CharacterOffsetBegin=3712 CharacterOffsetEnd=3713 PartOfSpeech=PRP] [Text='m CharacterOffsetBegin=3713 CharacterOffsetEnd=3715 PartOfSpeech=VBP] [Text=special CharacterOffsetBegin=3716 CharacterOffsetEnd=3723 PartOfSpeech=JJ] [Text=. CharacterOffsetBegin=3723 CharacterOffsetEnd=3724 PartOfSpeech=.] 
root(ROOT-0, garnered-3)
nsubj(garnered-3, It-1)
aux(garnered-3, has-2)
poss(status-6, its-4)
nn(status-6, cult-5)
dobj(garnered-3, status-6)
punct(garnered-3, ,-7)
cc(garnered-3, and-8)
nsubj(deserved-13, it-9)
cop(deserved-13, 's-10)
advmod(deserved-13, well-11)
punct(well-11, --12)
conj(garnered-3, deserved-13)
prep(deserved-13, as-14)
det(film-16, the-15)
pobj(as-14, film-16)
advmod(stepped-19, where-17)
nsubj(stepped-19, Ritchie-18)
rcmod(film-16, stepped-19)
prt(stepped-19, out-20)
det(box-22, the-21)
dobj(stepped-19, box-22)
cc(stepped-19, and-23)
conj(stepped-19, broke-24)
poss(norm-26, his-25)
dobj(broke-24, norm-26)
det(Line-29, a-27)
nn(Line-29, bit.Standout-28)
dep(norm-26, Line-29)
punct(Line-29, :-30)
punct(Line-29, ``-31)
dep(Line-29, Fear-32)
cc(Fear-32, or-33)
conj(Fear-32, revere-34)
dobj(Fear-32, me-35)
punct(Fear-32, ,-36)
cc(Fear-32, but-37)
conj(Fear-32, please-38)
punct(Fear-32, ,-39)
partmod(Fear-32, think-40)
nsubj(special-43, I-41)
cop(special-43, 'm-42)
ccomp(think-40, special-43)
punct(garnered-3, .-44)

Sentence #21 (5 tokens):
We share an addiction.
[Text=We CharacterOffsetBegin=3729 CharacterOffsetEnd=3731 PartOfSpeech=PRP] [Text=share CharacterOffsetBegin=3732 CharacterOffsetEnd=3737 PartOfSpeech=VBP] [Text=an CharacterOffsetBegin=3738 CharacterOffsetEnd=3740 PartOfSpeech=DT] [Text=addiction CharacterOffsetBegin=3741 CharacterOffsetEnd=3750 PartOfSpeech=NN] [Text=. CharacterOffsetBegin=3750 CharacterOffsetEnd=3751 PartOfSpeech=.] 
root(ROOT-0, share-2)
nsubj(share-2, We-1)
det(addiction-4, an-3)
dobj(share-2, addiction-4)
punct(share-2, .-5)

Sentence #22 (6 tokens):
We're approval junkies."
[Text=We CharacterOffsetBegin=3756 CharacterOffsetEnd=3758 PartOfSpeech=PRP] [Text='re CharacterOffsetBegin=3758 CharacterOffsetEnd=3761 PartOfSpeech=VBP] [Text=approval CharacterOffsetBegin=3762 CharacterOffsetEnd=3770 PartOfSpeech=NN] [Text=junkies CharacterOffsetBegin=3771 CharacterOffsetEnd=3778 PartOfSpeech=NNS] [Text=. CharacterOffsetBegin=3778 CharacterOffsetEnd=3779 PartOfSpeech=.] [Text='' CharacterOffsetBegin=3779 CharacterOffsetEnd=3780 PartOfSpeech=''] 
root(ROOT-0, junkies-4)
nsubj(junkies-4, We-1)
cop(junkies-4, 're-2)
nn(junkies-4, approval-3)
punct(junkies-4, .-5)
punct(junkies-4, ''-6)

