Sentence #1 (58 tokens):
"Ah Ritchie's made another gangster film with Statham" thought the average fan, expecting another Snatch/Lock Stock; expecting perhaps a couple of temporal shifts, but none too hard for "me and the lads" to swallow after a few beers.Ah, pay attention, you do need to watch this film.
[Text=`` CharacterOffsetBegin=4 CharacterOffsetEnd=5 PartOfSpeech=``] [Text=Ah CharacterOffsetBegin=5 CharacterOffsetEnd=7 PartOfSpeech=UH] [Text=Ritchie CharacterOffsetBegin=8 CharacterOffsetEnd=15 PartOfSpeech=NNP] [Text='s CharacterOffsetBegin=15 CharacterOffsetEnd=17 PartOfSpeech=POS] [Text=made CharacterOffsetBegin=18 CharacterOffsetEnd=22 PartOfSpeech=VBN] [Text=another CharacterOffsetBegin=23 CharacterOffsetEnd=30 PartOfSpeech=DT] [Text=gangster CharacterOffsetBegin=31 CharacterOffsetEnd=39 PartOfSpeech=NN] [Text=film CharacterOffsetBegin=40 CharacterOffsetEnd=44 PartOfSpeech=NN] [Text=with CharacterOffsetBegin=45 CharacterOffsetEnd=49 PartOfSpeech=IN] [Text=Statham CharacterOffsetBegin=50 CharacterOffsetEnd=57 PartOfSpeech=NNP] [Text='' CharacterOffsetBegin=57 CharacterOffsetEnd=58 PartOfSpeech=''] [Text=thought CharacterOffsetBegin=59 CharacterOffsetEnd=66 PartOfSpeech=VBD] [Text=the CharacterOffsetBegin=67 CharacterOffsetEnd=70 PartOfSpeech=DT] [Text=average CharacterOffsetBegin=71 CharacterOffsetEnd=78 PartOfSpeech=JJ] [Text=fan CharacterOffsetBegin=79 CharacterOffsetEnd=82 PartOfSpeech=NN] [Text=, CharacterOffsetBegin=82 CharacterOffsetEnd=83 PartOfSpeech=,] [Text=expecting CharacterOffsetBegin=84 CharacterOffsetEnd=93 PartOfSpeech=VBG] [Text=another CharacterOffsetBegin=94 CharacterOffsetEnd=101 PartOfSpeech=DT] [Text=Snatch/Lock CharacterOffsetBegin=102 CharacterOffsetEnd=113 PartOfSpeech=NNP] [Text=Stock CharacterOffsetBegin=114 CharacterOffsetEnd=119 PartOfSpeech=NNP] [Text=; CharacterOffsetBegin=119 CharacterOffsetEnd=120 PartOfSpeech=:] [Text=expecting CharacterOffsetBegin=121 CharacterOffsetEnd=130 PartOfSpeech=VBG] [Text=perhaps CharacterOffsetBegin=131 CharacterOffsetEnd=138 PartOfSpeech=RB] [Text=a CharacterOffsetBegin=139 CharacterOffsetEnd=140 PartOfSpeech=DT] [Text=couple CharacterOffsetBegin=141 CharacterOffsetEnd=147 PartOfSpeech=NN] [Text=of CharacterOffsetBegin=148 CharacterOffsetEnd=150 PartOfSpeech=IN] [Text=temporal CharacterOffsetBegin=151 CharacterOffsetEnd=159 PartOfSpeech=JJ] [Text=shifts CharacterOffsetBegin=160 CharacterOffsetEnd=166 PartOfSpeech=NNS] [Text=, CharacterOffsetBegin=166 CharacterOffsetEnd=167 PartOfSpeech=,] [Text=but CharacterOffsetBegin=168 CharacterOffsetEnd=171 PartOfSpeech=CC] [Text=none CharacterOffsetBegin=172 CharacterOffsetEnd=176 PartOfSpeech=NN] [Text=too CharacterOffsetBegin=177 CharacterOffsetEnd=180 PartOfSpeech=RB] [Text=hard CharacterOffsetBegin=181 CharacterOffsetEnd=185 PartOfSpeech=JJ] [Text=for CharacterOffsetBegin=186 CharacterOffsetEnd=189 PartOfSpeech=IN] [Text=`` CharacterOffsetBegin=190 CharacterOffsetEnd=191 PartOfSpeech=``] [Text=me CharacterOffsetBegin=191 CharacterOffsetEnd=193 PartOfSpeech=PRP] [Text=and CharacterOffsetBegin=194 CharacterOffsetEnd=197 PartOfSpeech=CC] [Text=the CharacterOffsetBegin=198 CharacterOffsetEnd=201 PartOfSpeech=DT] [Text=lads CharacterOffsetBegin=202 CharacterOffsetEnd=206 PartOfSpeech=NNS] [Text='' CharacterOffsetBegin=206 CharacterOffsetEnd=207 PartOfSpeech=''] [Text=to CharacterOffsetBegin=208 CharacterOffsetEnd=210 PartOfSpeech=TO] [Text=swallow CharacterOffsetBegin=211 CharacterOffsetEnd=218 PartOfSpeech=VB] [Text=after CharacterOffsetBegin=219 CharacterOffsetEnd=224 PartOfSpeech=IN] [Text=a CharacterOffsetBegin=225 CharacterOffsetEnd=226 PartOfSpeech=DT] [Text=few CharacterOffsetBegin=227 CharacterOffsetEnd=230 PartOfSpeech=JJ] [Text=beers.Ah CharacterOffsetBegin=231 CharacterOffsetEnd=239 PartOfSpeech=NN] [Text=, CharacterOffsetBegin=239 CharacterOffsetEnd=240 PartOfSpeech=,] [Text=pay CharacterOffsetBegin=241 CharacterOffsetEnd=244 PartOfSpeech=NN] [Text=attention CharacterOffsetBegin=245 CharacterOffsetEnd=254 PartOfSpeech=NN] [Text=, CharacterOffsetBegin=254 CharacterOffsetEnd=255 PartOfSpeech=,] [Text=you CharacterOffsetBegin=256 CharacterOffsetEnd=259 PartOfSpeech=PRP] [Text=do CharacterOffsetBegin=260 CharacterOffsetEnd=262 PartOfSpeech=VBP] [Text=need CharacterOffsetBegin=263 CharacterOffsetEnd=267 PartOfSpeech=VB] [Text=to CharacterOffsetBegin=268 CharacterOffsetEnd=270 PartOfSpeech=TO] [Text=watch CharacterOffsetBegin=271 CharacterOffsetEnd=276 PartOfSpeech=VB] [Text=this CharacterOffsetBegin=277 CharacterOffsetEnd=281 PartOfSpeech=DT] [Text=film CharacterOffsetBegin=282 CharacterOffsetEnd=286 PartOfSpeech=NN] [Text=. CharacterOffsetBegin=286 CharacterOffsetEnd=287 PartOfSpeech=.] 
root(ROOT-0, thought-12)
punct(thought-12, ``-1)
dep(thought-12, Ah-2)
dep(Ah-2, Ritchie-3)
possessive(Ritchie-3, 's-4)
partmod(Ritchie-3, made-5)
det(film-8, another-6)
amod(film-8, gangster-7)
dobj(made-5, film-8)
prep(Ritchie-3, with-9)
pobj(with-9, Statham-10)
punct(thought-12, ''-11)
det(fan-15, the-13)
amod(fan-15, average-14)
nsubj(thought-12, fan-15)
punct(thought-12, ,-16)
partmod(thought-12, expecting-17)
det(Stock-20, another-18)
nn(Stock-20, Snatch/Lock-19)
dobj(expecting-17, Stock-20)
punct(thought-12, ;-21)
parataxis(thought-12, expecting-22)
advmod(couple-25, perhaps-23)
det(couple-25, a-24)
dobj(expecting-22, couple-25)
prep(couple-25, of-26)
amod(shifts-28, temporal-27)
pobj(of-26, shifts-28)
punct(expecting-22, ,-29)
cc(expecting-22, but-30)
conj(expecting-22, none-31)
advmod(hard-33, too-32)
amod(none-31, hard-33)
prep(hard-33, for-34)
punct(for-34, ``-35)
pobj(for-34, me-36)
cc(me-36, and-37)
det(lads-39, the-38)
conj(me-36, lads-39)
punct(lads-39, ''-40)
aux(swallow-42, to-41)
xcomp(hard-33, swallow-42)
prep(swallow-42, after-43)
det(beers.Ah-46, a-44)
amod(beers.Ah-46, few-45)
pobj(after-43, beers.Ah-46)
punct(swallow-42, ,-47)
nn(attention-49, pay-48)
dep(swallow-42, attention-49)
punct(swallow-42, ,-50)
nsubj(need-53, you-51)
aux(need-53, do-52)
ccomp(swallow-42, need-53)
aux(watch-55, to-54)
xcomp(need-53, watch-55)
det(film-57, this-56)
dobj(watch-55, film-57)
punct(thought-12, .-58)

Sentence #2 (31 tokens):
No cups of tea, no extra diet cokes from the counter, no "keep it running" shouts as you nip to the fridge - watch the film!
[Text=No CharacterOffsetBegin=292 CharacterOffsetEnd=294 PartOfSpeech=DT] [Text=cups CharacterOffsetBegin=295 CharacterOffsetEnd=299 PartOfSpeech=NNS] [Text=of CharacterOffsetBegin=300 CharacterOffsetEnd=302 PartOfSpeech=IN] [Text=tea CharacterOffsetBegin=303 CharacterOffsetEnd=306 PartOfSpeech=NN] [Text=, CharacterOffsetBegin=306 CharacterOffsetEnd=307 PartOfSpeech=,] [Text=no CharacterOffsetBegin=308 CharacterOffsetEnd=310 PartOfSpeech=DT] [Text=extra CharacterOffsetBegin=311 CharacterOffsetEnd=316 PartOfSpeech=JJ] [Text=diet CharacterOffsetBegin=317 CharacterOffsetEnd=321 PartOfSpeech=NN] [Text=cokes CharacterOffsetBegin=322 CharacterOffsetEnd=327 PartOfSpeech=NNS] [Text=from CharacterOffsetBegin=328 CharacterOffsetEnd=332 PartOfSpeech=IN] [Text=the CharacterOffsetBegin=333 CharacterOffsetEnd=336 PartOfSpeech=DT] [Text=counter CharacterOffsetBegin=337 CharacterOffsetEnd=344 PartOfSpeech=NN] [Text=, CharacterOffsetBegin=344 CharacterOffsetEnd=345 PartOfSpeech=,] [Text=no CharacterOffsetBegin=346 CharacterOffsetEnd=348 PartOfSpeech=DT] [Text=`` CharacterOffsetBegin=349 CharacterOffsetEnd=350 PartOfSpeech=``] [Text=keep CharacterOffsetBegin=350 CharacterOffsetEnd=354 PartOfSpeech=VB] [Text=it CharacterOffsetBegin=355 CharacterOffsetEnd=357 PartOfSpeech=PRP] [Text=running CharacterOffsetBegin=358 CharacterOffsetEnd=365 PartOfSpeech=VBG] [Text='' CharacterOffsetBegin=365 CharacterOffsetEnd=366 PartOfSpeech=''] [Text=shouts CharacterOffsetBegin=367 CharacterOffsetEnd=373 PartOfSpeech=VBZ] [Text=as CharacterOffsetBegin=374 CharacterOffsetEnd=376 PartOfSpeech=IN] [Text=you CharacterOffsetBegin=377 CharacterOffsetEnd=380 PartOfSpeech=PRP] [Text=nip CharacterOffsetBegin=381 CharacterOffsetEnd=384 PartOfSpeech=VBP] [Text=to CharacterOffsetBegin=385 CharacterOffsetEnd=387 PartOfSpeech=TO] [Text=the CharacterOffsetBegin=388 CharacterOffsetEnd=391 PartOfSpeech=DT] [Text=fridge CharacterOffsetBegin=392 CharacterOffsetEnd=398 PartOfSpeech=NN] [Text=- CharacterOffsetBegin=399 CharacterOffsetEnd=400 PartOfSpeech=:] [Text=watch CharacterOffsetBegin=401 CharacterOffsetEnd=406 PartOfSpeech=VB] [Text=the CharacterOffsetBegin=407 CharacterOffsetEnd=410 PartOfSpeech=DT] [Text=film CharacterOffsetBegin=411 CharacterOffsetEnd=415 PartOfSpeech=NN] [Text=! CharacterOffsetBegin=415 CharacterOffsetEnd=416 PartOfSpeech=.] 
root(ROOT-0, shouts-20)
det(cups-2, No-1)
nsubj(keep-16, cups-2)
prep(cups-2, of-3)
pobj(of-3, tea-4)
punct(cups-2, ,-5)
det(diet-8, no-6)
amod(diet-8, extra-7)
appos(cups-2, diet-8)
dep(diet-8, cokes-9)
prep(cokes-9, from-10)
det(counter-12, the-11)
pobj(from-10, counter-12)
punct(cups-2, ,-13)
dep(keep-16, no-14)
punct(keep-16, ``-15)
dep(shouts-20, keep-16)
dobj(keep-16, it-17)
dep(keep-16, running-18)
punct(running-18, ''-19)
mark(nip-23, as-21)
nsubj(nip-23, you-22)
advcl(shouts-20, nip-23)
prep(nip-23, to-24)
det(fridge-26, the-25)
pobj(to-24, fridge-26)
punct(shouts-20, --27)
dep(shouts-20, watch-28)
det(film-30, the-29)
dobj(watch-28, film-30)
punct(shouts-20, !-31)

Sentence #3 (49 tokens):
No laughs other than those you may make yourself from the considerable violence (and if that floats your boat, so be it) but sharp solid direction, excellent dialogue, and great performances.My favourite - Big Pussy from The Sopranos, always a reliable hood.
[Text=No CharacterOffsetBegin=421 CharacterOffsetEnd=423 PartOfSpeech=DT] [Text=laughs CharacterOffsetBegin=424 CharacterOffsetEnd=430 PartOfSpeech=NNS] [Text=other CharacterOffsetBegin=431 CharacterOffsetEnd=436 PartOfSpeech=JJ] [Text=than CharacterOffsetBegin=437 CharacterOffsetEnd=441 PartOfSpeech=IN] [Text=those CharacterOffsetBegin=442 CharacterOffsetEnd=447 PartOfSpeech=DT] [Text=you CharacterOffsetBegin=448 CharacterOffsetEnd=451 PartOfSpeech=PRP] [Text=may CharacterOffsetBegin=452 CharacterOffsetEnd=455 PartOfSpeech=MD] [Text=make CharacterOffsetBegin=456 CharacterOffsetEnd=460 PartOfSpeech=VB] [Text=yourself CharacterOffsetBegin=461 CharacterOffsetEnd=469 PartOfSpeech=PRP] [Text=from CharacterOffsetBegin=470 CharacterOffsetEnd=474 PartOfSpeech=IN] [Text=the CharacterOffsetBegin=475 CharacterOffsetEnd=478 PartOfSpeech=DT] [Text=considerable CharacterOffsetBegin=479 CharacterOffsetEnd=491 PartOfSpeech=JJ] [Text=violence CharacterOffsetBegin=492 CharacterOffsetEnd=500 PartOfSpeech=NN] [Text=-LRB- CharacterOffsetBegin=501 CharacterOffsetEnd=502 PartOfSpeech=-LRB-] [Text=and CharacterOffsetBegin=502 CharacterOffsetEnd=505 PartOfSpeech=CC] [Text=if CharacterOffsetBegin=506 CharacterOffsetEnd=508 PartOfSpeech=IN] [Text=that CharacterOffsetBegin=509 CharacterOffsetEnd=513 PartOfSpeech=DT] [Text=floats CharacterOffsetBegin=514 CharacterOffsetEnd=520 PartOfSpeech=VBZ] [Text=your CharacterOffsetBegin=521 CharacterOffsetEnd=525 PartOfSpeech=PRP$] [Text=boat CharacterOffsetBegin=526 CharacterOffsetEnd=530 PartOfSpeech=NN] [Text=, CharacterOffsetBegin=530 CharacterOffsetEnd=531 PartOfSpeech=,] [Text=so CharacterOffsetBegin=532 CharacterOffsetEnd=534 PartOfSpeech=RB] [Text=be CharacterOffsetBegin=535 CharacterOffsetEnd=537 PartOfSpeech=VB] [Text=it CharacterOffsetBegin=538 CharacterOffsetEnd=540 PartOfSpeech=PRP] [Text=-RRB- CharacterOffsetBegin=540 CharacterOffsetEnd=541 PartOfSpeech=-RRB-] [Text=but CharacterOffsetBegin=542 CharacterOffsetEnd=545 PartOfSpeech=CC] [Text=sharp CharacterOffsetBegin=546 CharacterOffsetEnd=551 PartOfSpeech=JJ] [Text=solid CharacterOffsetBegin=552 CharacterOffsetEnd=557 PartOfSpeech=JJ] [Text=direction CharacterOffsetBegin=558 CharacterOffsetEnd=567 PartOfSpeech=NN] [Text=, CharacterOffsetBegin=567 CharacterOffsetEnd=568 PartOfSpeech=,] [Text=excellent CharacterOffsetBegin=569 CharacterOffsetEnd=578 PartOfSpeech=JJ] [Text=dialogue CharacterOffsetBegin=579 CharacterOffsetEnd=587 PartOfSpeech=NN] [Text=, CharacterOffsetBegin=587 CharacterOffsetEnd=588 PartOfSpeech=,] [Text=and CharacterOffsetBegin=589 CharacterOffsetEnd=592 PartOfSpeech=CC] [Text=great CharacterOffsetBegin=593 CharacterOffsetEnd=598 PartOfSpeech=JJ] [Text=performances.My CharacterOffsetBegin=599 CharacterOffsetEnd=614 PartOfSpeech=JJ] [Text=favourite CharacterOffsetBegin=615 CharacterOffsetEnd=624 PartOfSpeech=JJ] [Text=- CharacterOffsetBegin=625 CharacterOffsetEnd=626 PartOfSpeech=:] [Text=Big CharacterOffsetBegin=627 CharacterOffsetEnd=630 PartOfSpeech=JJ] [Text=Pussy CharacterOffsetBegin=631 CharacterOffsetEnd=636 PartOfSpeech=NNP] [Text=from CharacterOffsetBegin=637 CharacterOffsetEnd=641 PartOfSpeech=IN] [Text=The CharacterOffsetBegin=642 CharacterOffsetEnd=645 PartOfSpeech=DT] [Text=Sopranos CharacterOffsetBegin=646 CharacterOffsetEnd=654 PartOfSpeech=NNP] [Text=, CharacterOffsetBegin=654 CharacterOffsetEnd=655 PartOfSpeech=,] [Text=always CharacterOffsetBegin=656 CharacterOffsetEnd=662 PartOfSpeech=RB] [Text=a CharacterOffsetBegin=663 CharacterOffsetEnd=664 PartOfSpeech=DT] [Text=reliable CharacterOffsetBegin=665 CharacterOffsetEnd=673 PartOfSpeech=JJ] [Text=hood CharacterOffsetBegin=674 CharacterOffsetEnd=678 PartOfSpeech=NN] [Text=. CharacterOffsetBegin=678 CharacterOffsetEnd=679 PartOfSpeech=.] 
root(ROOT-0, laughs-2)
det(laughs-2, No-1)
amod(laughs-2, other-3)
prep(other-3, than-4)
pobj(than-4, those-5)
nsubj(make-8, you-6)
aux(make-8, may-7)
rcmod(those-5, make-8)
dobj(make-8, yourself-9)
prep(make-8, from-10)
det(violence-13, the-11)
amod(violence-13, considerable-12)
pobj(from-10, violence-13)
punct(hood-48, -LRB--14)
cc(hood-48, and-15)
mark(floats-18, if-16)
nsubj(floats-18, that-17)
conj(hood-48, floats-18)
poss(boat-20, your-19)
dobj(floats-18, boat-20)
punct(floats-18, ,-21)
advmod(floats-18, so-22)
dep(floats-18, be-23)
dep(be-23, it-24)
punct(it-24, -RRB--25)
cc(be-23, but-26)
amod(direction-29, sharp-27)
amod(direction-29, solid-28)
conj(be-23, direction-29)
punct(floats-18, ,-30)
amod(dialogue-32, excellent-31)
conj(floats-18, dialogue-32)
punct(floats-18, ,-33)
cc(floats-18, and-34)
amod(Pussy-40, great-35)
amod(Pussy-40, performances.My-36)
dep(Big-39, favourite-37)
punct(Big-39, --38)
amod(Pussy-40, Big-39)
conj(floats-18, Pussy-40)
prep(Pussy-40, from-41)
det(Sopranos-43, The-42)
pobj(from-41, Sopranos-43)
punct(hood-48, ,-44)
advmod(hood-48, always-45)
det(hood-48, a-46)
amod(hood-48, reliable-47)
dep(violence-13, hood-48)
punct(laughs-2, .-49)

