Sentence #1 (17 tokens):
Considering the big name cast and lavish production I expected a lot more of this film.
[Text=Considering CharacterOffsetBegin=4 CharacterOffsetEnd=15 PartOfSpeech=VBG] [Text=the CharacterOffsetBegin=16 CharacterOffsetEnd=19 PartOfSpeech=DT] [Text=big CharacterOffsetBegin=20 CharacterOffsetEnd=23 PartOfSpeech=JJ] [Text=name CharacterOffsetBegin=24 CharacterOffsetEnd=28 PartOfSpeech=NN] [Text=cast CharacterOffsetBegin=29 CharacterOffsetEnd=33 PartOfSpeech=NN] [Text=and CharacterOffsetBegin=34 CharacterOffsetEnd=37 PartOfSpeech=CC] [Text=lavish CharacterOffsetBegin=38 CharacterOffsetEnd=44 PartOfSpeech=JJ] [Text=production CharacterOffsetBegin=45 CharacterOffsetEnd=55 PartOfSpeech=NN] [Text=I CharacterOffsetBegin=56 CharacterOffsetEnd=57 PartOfSpeech=PRP] [Text=expected CharacterOffsetBegin=58 CharacterOffsetEnd=66 PartOfSpeech=VBD] [Text=a CharacterOffsetBegin=67 CharacterOffsetEnd=68 PartOfSpeech=DT] [Text=lot CharacterOffsetBegin=69 CharacterOffsetEnd=72 PartOfSpeech=NN] [Text=more CharacterOffsetBegin=73 CharacterOffsetEnd=77 PartOfSpeech=JJR] [Text=of CharacterOffsetBegin=78 CharacterOffsetEnd=80 PartOfSpeech=IN] [Text=this CharacterOffsetBegin=81 CharacterOffsetEnd=85 PartOfSpeech=DT] [Text=film CharacterOffsetBegin=86 CharacterOffsetEnd=90 PartOfSpeech=NN] [Text=. CharacterOffsetBegin=90 CharacterOffsetEnd=91 PartOfSpeech=.] 
root(ROOT-0, Considering-1)
det(cast-5, the-2)
amod(cast-5, big-3)
nn(cast-5, name-4)
dobj(Considering-1, cast-5)
cc(cast-5, and-6)
amod(production-8, lavish-7)
conj(cast-5, production-8)
nsubj(expected-10, I-9)
rcmod(cast-5, expected-10)
det(lot-12, a-11)
npadvmod(more-13, lot-12)
dobj(expected-10, more-13)
prep(more-13, of-14)
det(film-16, this-15)
pobj(of-14, film-16)
punct(Considering-1, .-17)

Sentence #2 (22 tokens):
The acting for the most part is great, although the story they have to work with is mediocre at best.
[Text=The CharacterOffsetBegin=96 CharacterOffsetEnd=99 PartOfSpeech=DT] [Text=acting CharacterOffsetBegin=100 CharacterOffsetEnd=106 PartOfSpeech=VBG] [Text=for CharacterOffsetBegin=107 CharacterOffsetEnd=110 PartOfSpeech=IN] [Text=the CharacterOffsetBegin=111 CharacterOffsetEnd=114 PartOfSpeech=DT] [Text=most CharacterOffsetBegin=115 CharacterOffsetEnd=119 PartOfSpeech=JJS] [Text=part CharacterOffsetBegin=120 CharacterOffsetEnd=124 PartOfSpeech=NN] [Text=is CharacterOffsetBegin=125 CharacterOffsetEnd=127 PartOfSpeech=VBZ] [Text=great CharacterOffsetBegin=128 CharacterOffsetEnd=133 PartOfSpeech=JJ] [Text=, CharacterOffsetBegin=133 CharacterOffsetEnd=134 PartOfSpeech=,] [Text=although CharacterOffsetBegin=135 CharacterOffsetEnd=143 PartOfSpeech=IN] [Text=the CharacterOffsetBegin=144 CharacterOffsetEnd=147 PartOfSpeech=DT] [Text=story CharacterOffsetBegin=148 CharacterOffsetEnd=153 PartOfSpeech=NN] [Text=they CharacterOffsetBegin=154 CharacterOffsetEnd=158 PartOfSpeech=PRP] [Text=have CharacterOffsetBegin=159 CharacterOffsetEnd=163 PartOfSpeech=VBP] [Text=to CharacterOffsetBegin=164 CharacterOffsetEnd=166 PartOfSpeech=TO] [Text=work CharacterOffsetBegin=167 CharacterOffsetEnd=171 PartOfSpeech=VB] [Text=with CharacterOffsetBegin=172 CharacterOffsetEnd=176 PartOfSpeech=IN] [Text=is CharacterOffsetBegin=177 CharacterOffsetEnd=179 PartOfSpeech=VBZ] [Text=mediocre CharacterOffsetBegin=180 CharacterOffsetEnd=188 PartOfSpeech=JJ] [Text=at CharacterOffsetBegin=189 CharacterOffsetEnd=191 PartOfSpeech=IN] [Text=best CharacterOffsetBegin=192 CharacterOffsetEnd=196 PartOfSpeech=JJS] [Text=. CharacterOffsetBegin=196 CharacterOffsetEnd=197 PartOfSpeech=.] 
root(ROOT-0, great-8)
det(acting-2, The-1)
nsubj(great-8, acting-2)
prep(acting-2, for-3)
det(part-6, the-4)
amod(part-6, most-5)
pobj(for-3, part-6)
cop(great-8, is-7)
punct(great-8, ,-9)
prep(great-8, although-10)
det(story-12, the-11)
pobj(although-10, story-12)
nsubj(have-14, they-13)
rcmod(story-12, have-14)
aux(work-16, to-15)
xcomp(have-14, work-16)
mark(mediocre-19, with-17)
cop(mediocre-19, is-18)
advcl(work-16, mediocre-19)
prep(mediocre-19, at-20)
pobj(at-20, best-21)
punct(great-8, .-22)

Sentence #3 (22 tokens):
However the film still warrants watching because of the acting and the stars and some and up and coming young talent.
[Text=However CharacterOffsetBegin=202 CharacterOffsetEnd=209 PartOfSpeech=RB] [Text=the CharacterOffsetBegin=210 CharacterOffsetEnd=213 PartOfSpeech=DT] [Text=film CharacterOffsetBegin=214 CharacterOffsetEnd=218 PartOfSpeech=NN] [Text=still CharacterOffsetBegin=219 CharacterOffsetEnd=224 PartOfSpeech=RB] [Text=warrants CharacterOffsetBegin=225 CharacterOffsetEnd=233 PartOfSpeech=VBZ] [Text=watching CharacterOffsetBegin=234 CharacterOffsetEnd=242 PartOfSpeech=VBG] [Text=because CharacterOffsetBegin=243 CharacterOffsetEnd=250 PartOfSpeech=IN] [Text=of CharacterOffsetBegin=251 CharacterOffsetEnd=253 PartOfSpeech=IN] [Text=the CharacterOffsetBegin=254 CharacterOffsetEnd=257 PartOfSpeech=DT] [Text=acting CharacterOffsetBegin=258 CharacterOffsetEnd=264 PartOfSpeech=VBG] [Text=and CharacterOffsetBegin=265 CharacterOffsetEnd=268 PartOfSpeech=CC] [Text=the CharacterOffsetBegin=269 CharacterOffsetEnd=272 PartOfSpeech=DT] [Text=stars CharacterOffsetBegin=273 CharacterOffsetEnd=278 PartOfSpeech=NNS] [Text=and CharacterOffsetBegin=279 CharacterOffsetEnd=282 PartOfSpeech=CC] [Text=some CharacterOffsetBegin=283 CharacterOffsetEnd=287 PartOfSpeech=DT] [Text=and CharacterOffsetBegin=288 CharacterOffsetEnd=291 PartOfSpeech=CC] [Text=up CharacterOffsetBegin=292 CharacterOffsetEnd=294 PartOfSpeech=RB] [Text=and CharacterOffsetBegin=295 CharacterOffsetEnd=298 PartOfSpeech=CC] [Text=coming CharacterOffsetBegin=299 CharacterOffsetEnd=305 PartOfSpeech=VBG] [Text=young CharacterOffsetBegin=306 CharacterOffsetEnd=311 PartOfSpeech=JJ] [Text=talent CharacterOffsetBegin=312 CharacterOffsetEnd=318 PartOfSpeech=NN] [Text=. CharacterOffsetBegin=318 CharacterOffsetEnd=319 PartOfSpeech=.] 
root(ROOT-0, warrants-5)
advmod(warrants-5, However-1)
det(film-3, the-2)
nsubj(warrants-5, film-3)
advmod(warrants-5, still-4)
xcomp(warrants-5, watching-6)
mwe(of-8, because-7)
prep(watching-6, of-8)
det(acting-10, the-9)
pobj(of-8, acting-10)
cc(acting-10, and-11)
det(stars-13, the-12)
conj(acting-10, stars-13)
cc(acting-10, and-14)
conj(acting-10, some-15)
cc(some-15, and-16)
conj(some-15, up-17)
cc(some-15, and-18)
amod(talent-21, coming-19)
amod(talent-21, young-20)
conj(some-15, talent-21)
punct(warrants-5, .-22)

