Sentence #1 (21 tokens):
A new way to enjoy Goldsworthy's work, Rivers and Tides allows fans to see his work in motion.
[Text=A CharacterOffsetBegin=4 CharacterOffsetEnd=5 PartOfSpeech=DT] [Text=new CharacterOffsetBegin=6 CharacterOffsetEnd=9 PartOfSpeech=JJ] [Text=way CharacterOffsetBegin=10 CharacterOffsetEnd=13 PartOfSpeech=NN] [Text=to CharacterOffsetBegin=14 CharacterOffsetEnd=16 PartOfSpeech=TO] [Text=enjoy CharacterOffsetBegin=17 CharacterOffsetEnd=22 PartOfSpeech=VB] [Text=Goldsworthy CharacterOffsetBegin=23 CharacterOffsetEnd=34 PartOfSpeech=NNP] [Text='s CharacterOffsetBegin=34 CharacterOffsetEnd=36 PartOfSpeech=POS] [Text=work CharacterOffsetBegin=37 CharacterOffsetEnd=41 PartOfSpeech=NN] [Text=, CharacterOffsetBegin=41 CharacterOffsetEnd=42 PartOfSpeech=,] [Text=Rivers CharacterOffsetBegin=43 CharacterOffsetEnd=49 PartOfSpeech=NNP] [Text=and CharacterOffsetBegin=50 CharacterOffsetEnd=53 PartOfSpeech=CC] [Text=Tides CharacterOffsetBegin=54 CharacterOffsetEnd=59 PartOfSpeech=NNP] [Text=allows CharacterOffsetBegin=60 CharacterOffsetEnd=66 PartOfSpeech=VBZ] [Text=fans CharacterOffsetBegin=67 CharacterOffsetEnd=71 PartOfSpeech=NNS] [Text=to CharacterOffsetBegin=72 CharacterOffsetEnd=74 PartOfSpeech=TO] [Text=see CharacterOffsetBegin=75 CharacterOffsetEnd=78 PartOfSpeech=VB] [Text=his CharacterOffsetBegin=79 CharacterOffsetEnd=82 PartOfSpeech=PRP$] [Text=work CharacterOffsetBegin=83 CharacterOffsetEnd=87 PartOfSpeech=NN] [Text=in CharacterOffsetBegin=88 CharacterOffsetEnd=90 PartOfSpeech=IN] [Text=motion CharacterOffsetBegin=91 CharacterOffsetEnd=97 PartOfSpeech=NN] [Text=. CharacterOffsetBegin=97 CharacterOffsetEnd=98 PartOfSpeech=.] 
root(ROOT-0, allows-13)
det(way-3, A-1)
amod(way-3, new-2)
nsubj(allows-13, way-3)
aux(enjoy-5, to-4)
infmod(way-3, enjoy-5)
poss(work-8, Goldsworthy-6)
possessive(Goldsworthy-6, 's-7)
dobj(enjoy-5, work-8)
punct(way-3, ,-9)
conj(way-3, Rivers-10)
cc(way-3, and-11)
conj(way-3, Tides-12)
nsubj(see-16, fans-14)
aux(see-16, to-15)
xcomp(allows-13, see-16)
poss(work-18, his-17)
dobj(see-16, work-18)
prep(see-16, in-19)
pobj(in-19, motion-20)
punct(allows-13, .-21)

Sentence #2 (22 tokens):
Watching Goldsworthy build his pieces, one develops an appreciation for every stone, leaf, and thorn that he uses.
[Text=Watching CharacterOffsetBegin=103 CharacterOffsetEnd=111 PartOfSpeech=VBG] [Text=Goldsworthy CharacterOffsetBegin=112 CharacterOffsetEnd=123 PartOfSpeech=NNP] [Text=build CharacterOffsetBegin=124 CharacterOffsetEnd=129 PartOfSpeech=VB] [Text=his CharacterOffsetBegin=130 CharacterOffsetEnd=133 PartOfSpeech=PRP$] [Text=pieces CharacterOffsetBegin=134 CharacterOffsetEnd=140 PartOfSpeech=NNS] [Text=, CharacterOffsetBegin=140 CharacterOffsetEnd=141 PartOfSpeech=,] [Text=one CharacterOffsetBegin=142 CharacterOffsetEnd=145 PartOfSpeech=CD] [Text=develops CharacterOffsetBegin=146 CharacterOffsetEnd=154 PartOfSpeech=VBZ] [Text=an CharacterOffsetBegin=155 CharacterOffsetEnd=157 PartOfSpeech=DT] [Text=appreciation CharacterOffsetBegin=158 CharacterOffsetEnd=170 PartOfSpeech=NN] [Text=for CharacterOffsetBegin=171 CharacterOffsetEnd=174 PartOfSpeech=IN] [Text=every CharacterOffsetBegin=175 CharacterOffsetEnd=180 PartOfSpeech=DT] [Text=stone CharacterOffsetBegin=181 CharacterOffsetEnd=186 PartOfSpeech=NN] [Text=, CharacterOffsetBegin=186 CharacterOffsetEnd=187 PartOfSpeech=,] [Text=leaf CharacterOffsetBegin=188 CharacterOffsetEnd=192 PartOfSpeech=NN] [Text=, CharacterOffsetBegin=192 CharacterOffsetEnd=193 PartOfSpeech=,] [Text=and CharacterOffsetBegin=194 CharacterOffsetEnd=197 PartOfSpeech=CC] [Text=thorn CharacterOffsetBegin=198 CharacterOffsetEnd=203 PartOfSpeech=VB] [Text=that CharacterOffsetBegin=204 CharacterOffsetEnd=208 PartOfSpeech=IN] [Text=he CharacterOffsetBegin=209 CharacterOffsetEnd=211 PartOfSpeech=PRP] [Text=uses CharacterOffsetBegin=212 CharacterOffsetEnd=216 PartOfSpeech=VBZ] [Text=. CharacterOffsetBegin=216 CharacterOffsetEnd=217 PartOfSpeech=.] 
root(ROOT-0, Watching-1)
nsubj(build-3, Goldsworthy-2)
ccomp(Watching-1, build-3)
poss(pieces-5, his-4)
dobj(build-3, pieces-5)
punct(Watching-1, ,-6)
nsubj(develops-8, one-7)
dep(Watching-1, develops-8)
det(appreciation-10, an-9)
dobj(develops-8, appreciation-10)
prep(appreciation-10, for-11)
det(stone-13, every-12)
pobj(for-11, stone-13)
punct(stone-13, ,-14)
conj(stone-13, leaf-15)
punct(stone-13, ,-16)
cc(stone-13, and-17)
conj(stone-13, thorn-18)
mark(uses-21, that-19)
nsubj(uses-21, he-20)
ccomp(thorn-18, uses-21)
punct(Watching-1, .-22)

Sentence #3 (20 tokens):
Goldsworthy describes how the flow of life, the rivers, and the tides inspires and affects his work.
[Text=Goldsworthy CharacterOffsetBegin=222 CharacterOffsetEnd=233 PartOfSpeech=NNP] [Text=describes CharacterOffsetBegin=234 CharacterOffsetEnd=243 PartOfSpeech=VBZ] [Text=how CharacterOffsetBegin=244 CharacterOffsetEnd=247 PartOfSpeech=WRB] [Text=the CharacterOffsetBegin=248 CharacterOffsetEnd=251 PartOfSpeech=DT] [Text=flow CharacterOffsetBegin=252 CharacterOffsetEnd=256 PartOfSpeech=NN] [Text=of CharacterOffsetBegin=257 CharacterOffsetEnd=259 PartOfSpeech=IN] [Text=life CharacterOffsetBegin=260 CharacterOffsetEnd=264 PartOfSpeech=NN] [Text=, CharacterOffsetBegin=264 CharacterOffsetEnd=265 PartOfSpeech=,] [Text=the CharacterOffsetBegin=266 CharacterOffsetEnd=269 PartOfSpeech=DT] [Text=rivers CharacterOffsetBegin=270 CharacterOffsetEnd=276 PartOfSpeech=NNS] [Text=, CharacterOffsetBegin=276 CharacterOffsetEnd=277 PartOfSpeech=,] [Text=and CharacterOffsetBegin=278 CharacterOffsetEnd=281 PartOfSpeech=CC] [Text=the CharacterOffsetBegin=282 CharacterOffsetEnd=285 PartOfSpeech=DT] [Text=tides CharacterOffsetBegin=286 CharacterOffsetEnd=291 PartOfSpeech=NNS] [Text=inspires CharacterOffsetBegin=292 CharacterOffsetEnd=300 PartOfSpeech=VBZ] [Text=and CharacterOffsetBegin=301 CharacterOffsetEnd=304 PartOfSpeech=CC] [Text=affects CharacterOffsetBegin=305 CharacterOffsetEnd=312 PartOfSpeech=VBZ] [Text=his CharacterOffsetBegin=313 CharacterOffsetEnd=316 PartOfSpeech=PRP$] [Text=work CharacterOffsetBegin=317 CharacterOffsetEnd=321 PartOfSpeech=NN] [Text=. CharacterOffsetBegin=321 CharacterOffsetEnd=322 PartOfSpeech=.] 
root(ROOT-0, describes-2)
nsubj(describes-2, Goldsworthy-1)
dobj(describes-2, how-3)
det(flow-5, the-4)
dep(how-3, flow-5)
prep(flow-5, of-6)
pobj(of-6, life-7)
punct(flow-5, ,-8)
det(rivers-10, the-9)
appos(flow-5, rivers-10)
punct(flow-5, ,-11)
cc(flow-5, and-12)
det(tides-14, the-13)
nsubj(inspires-15, tides-14)
conj(flow-5, inspires-15)
cc(flow-5, and-16)
conj(flow-5, affects-17)
poss(work-19, his-18)
dep(flow-5, work-19)
punct(describes-2, .-20)

Sentence #4 (28 tokens):
Although, I was happy the film covered the majority of Goldsworthy's pieces (no snowballs), I do feel it was a bit long.
[Text=Although CharacterOffsetBegin=327 CharacterOffsetEnd=335 PartOfSpeech=IN] [Text=, CharacterOffsetBegin=335 CharacterOffsetEnd=336 PartOfSpeech=,] [Text=I CharacterOffsetBegin=337 CharacterOffsetEnd=338 PartOfSpeech=PRP] [Text=was CharacterOffsetBegin=339 CharacterOffsetEnd=342 PartOfSpeech=VBD] [Text=happy CharacterOffsetBegin=343 CharacterOffsetEnd=348 PartOfSpeech=JJ] [Text=the CharacterOffsetBegin=349 CharacterOffsetEnd=352 PartOfSpeech=DT] [Text=film CharacterOffsetBegin=353 CharacterOffsetEnd=357 PartOfSpeech=NN] [Text=covered CharacterOffsetBegin=358 CharacterOffsetEnd=365 PartOfSpeech=VBD] [Text=the CharacterOffsetBegin=366 CharacterOffsetEnd=369 PartOfSpeech=DT] [Text=majority CharacterOffsetBegin=370 CharacterOffsetEnd=378 PartOfSpeech=NN] [Text=of CharacterOffsetBegin=379 CharacterOffsetEnd=381 PartOfSpeech=IN] [Text=Goldsworthy CharacterOffsetBegin=382 CharacterOffsetEnd=393 PartOfSpeech=NNP] [Text='s CharacterOffsetBegin=393 CharacterOffsetEnd=395 PartOfSpeech=POS] [Text=pieces CharacterOffsetBegin=396 CharacterOffsetEnd=402 PartOfSpeech=NNS] [Text=-LRB- CharacterOffsetBegin=403 CharacterOffsetEnd=404 PartOfSpeech=-LRB-] [Text=no CharacterOffsetBegin=404 CharacterOffsetEnd=406 PartOfSpeech=DT] [Text=snowballs CharacterOffsetBegin=407 CharacterOffsetEnd=416 PartOfSpeech=NNS] [Text=-RRB- CharacterOffsetBegin=416 CharacterOffsetEnd=417 PartOfSpeech=-RRB-] [Text=, CharacterOffsetBegin=417 CharacterOffsetEnd=418 PartOfSpeech=,] [Text=I CharacterOffsetBegin=419 CharacterOffsetEnd=420 PartOfSpeech=PRP] [Text=do CharacterOffsetBegin=421 CharacterOffsetEnd=423 PartOfSpeech=VBP] [Text=feel CharacterOffsetBegin=424 CharacterOffsetEnd=428 PartOfSpeech=VB] [Text=it CharacterOffsetBegin=429 CharacterOffsetEnd=431 PartOfSpeech=PRP] [Text=was CharacterOffsetBegin=432 CharacterOffsetEnd=435 PartOfSpeech=VBD] [Text=a CharacterOffsetBegin=436 CharacterOffsetEnd=437 PartOfSpeech=DT] [Text=bit CharacterOffsetBegin=438 CharacterOffsetEnd=441 PartOfSpeech=NN] [Text=long CharacterOffsetBegin=442 CharacterOffsetEnd=446 PartOfSpeech=JJ] [Text=. CharacterOffsetBegin=446 CharacterOffsetEnd=447 PartOfSpeech=.] 
root(ROOT-0, covered-8)
mark(happy-5, Although-1)
punct(happy-5, ,-2)
nsubj(happy-5, I-3)
cop(happy-5, was-4)
advcl(covered-8, happy-5)
det(film-7, the-6)
nsubj(covered-8, film-7)
det(majority-10, the-9)
dobj(covered-8, majority-10)
prep(majority-10, of-11)
pobj(of-11, Goldsworthy-12)
possessive(Goldsworthy-12, 's-13)
dep(Goldsworthy-12, pieces-14)
punct(snowballs-17, -LRB--15)
det(snowballs-17, no-16)
appos(pieces-14, snowballs-17)
punct(snowballs-17, -RRB--18)
punct(pieces-14, ,-19)
nsubj(feel-22, I-20)
aux(feel-22, do-21)
rcmod(pieces-14, feel-22)
nsubj(bit-26, it-23)
cop(bit-26, was-24)
det(bit-26, a-25)
ccomp(feel-22, bit-26)
amod(bit-26, long-27)
punct(covered-8, .-28)

Sentence #5 (27 tokens):
The film makers did a wonderful job of bringing Goldsworthy's work to life, and created a beautiful film that was a joy to watch.
[Text=The CharacterOffsetBegin=452 CharacterOffsetEnd=455 PartOfSpeech=DT] [Text=film CharacterOffsetBegin=456 CharacterOffsetEnd=460 PartOfSpeech=NN] [Text=makers CharacterOffsetBegin=461 CharacterOffsetEnd=467 PartOfSpeech=NNS] [Text=did CharacterOffsetBegin=468 CharacterOffsetEnd=471 PartOfSpeech=VBD] [Text=a CharacterOffsetBegin=472 CharacterOffsetEnd=473 PartOfSpeech=DT] [Text=wonderful CharacterOffsetBegin=474 CharacterOffsetEnd=483 PartOfSpeech=JJ] [Text=job CharacterOffsetBegin=484 CharacterOffsetEnd=487 PartOfSpeech=NN] [Text=of CharacterOffsetBegin=488 CharacterOffsetEnd=490 PartOfSpeech=IN] [Text=bringing CharacterOffsetBegin=491 CharacterOffsetEnd=499 PartOfSpeech=VBG] [Text=Goldsworthy CharacterOffsetBegin=500 CharacterOffsetEnd=511 PartOfSpeech=NNP] [Text='s CharacterOffsetBegin=511 CharacterOffsetEnd=513 PartOfSpeech=POS] [Text=work CharacterOffsetBegin=514 CharacterOffsetEnd=518 PartOfSpeech=NN] [Text=to CharacterOffsetBegin=519 CharacterOffsetEnd=521 PartOfSpeech=TO] [Text=life CharacterOffsetBegin=522 CharacterOffsetEnd=526 PartOfSpeech=NN] [Text=, CharacterOffsetBegin=526 CharacterOffsetEnd=527 PartOfSpeech=,] [Text=and CharacterOffsetBegin=528 CharacterOffsetEnd=531 PartOfSpeech=CC] [Text=created CharacterOffsetBegin=532 CharacterOffsetEnd=539 PartOfSpeech=VBD] [Text=a CharacterOffsetBegin=540 CharacterOffsetEnd=541 PartOfSpeech=DT] [Text=beautiful CharacterOffsetBegin=542 CharacterOffsetEnd=551 PartOfSpeech=JJ] [Text=film CharacterOffsetBegin=552 CharacterOffsetEnd=556 PartOfSpeech=NN] [Text=that CharacterOffsetBegin=557 CharacterOffsetEnd=561 PartOfSpeech=WDT] [Text=was CharacterOffsetBegin=562 CharacterOffsetEnd=565 PartOfSpeech=VBD] [Text=a CharacterOffsetBegin=566 CharacterOffsetEnd=567 PartOfSpeech=DT] [Text=joy CharacterOffsetBegin=568 CharacterOffsetEnd=571 PartOfSpeech=NN] [Text=to CharacterOffsetBegin=572 CharacterOffsetEnd=574 PartOfSpeech=TO] [Text=watch CharacterOffsetBegin=575 CharacterOffsetEnd=580 PartOfSpeech=VB] [Text=. CharacterOffsetBegin=580 CharacterOffsetEnd=581 PartOfSpeech=.] 
root(ROOT-0, did-4)
det(makers-3, The-1)
nn(makers-3, film-2)
nsubj(did-4, makers-3)
det(job-7, a-5)
amod(job-7, wonderful-6)
dobj(did-4, job-7)
prep(job-7, of-8)
pcomp(of-8, bringing-9)
poss(work-12, Goldsworthy-10)
possessive(Goldsworthy-10, 's-11)
dobj(bringing-9, work-12)
prep(bringing-9, to-13)
pobj(to-13, life-14)
punct(did-4, ,-15)
cc(did-4, and-16)
conj(did-4, created-17)
det(film-20, a-18)
amod(film-20, beautiful-19)
dobj(created-17, film-20)
nsubj(joy-24, that-21)
cop(joy-24, was-22)
det(joy-24, a-23)
rcmod(film-20, joy-24)
aux(watch-26, to-25)
infmod(joy-24, watch-26)
punct(did-4, .-27)

