Sentence #1 (75 tokens):
well, i said it all in the summary, i simpley adore the movie and the cast...i would give each actor an Oscar...great, great movie...i'm 25 now and i watched it 4 times in different periods and i always think i won't cry and i always do, about 2 or 3 times...;) meryl s. was absolutely brilliant, jeremy irons also.
[Text=well CharacterOffsetBegin=4 CharacterOffsetEnd=8 PartOfSpeech=RB] [Text=, CharacterOffsetBegin=8 CharacterOffsetEnd=9 PartOfSpeech=,] [Text=i CharacterOffsetBegin=10 CharacterOffsetEnd=11 PartOfSpeech=FW] [Text=said CharacterOffsetBegin=12 CharacterOffsetEnd=16 PartOfSpeech=VBD] [Text=it CharacterOffsetBegin=17 CharacterOffsetEnd=19 PartOfSpeech=PRP] [Text=all CharacterOffsetBegin=20 CharacterOffsetEnd=23 PartOfSpeech=DT] [Text=in CharacterOffsetBegin=24 CharacterOffsetEnd=26 PartOfSpeech=IN] [Text=the CharacterOffsetBegin=27 CharacterOffsetEnd=30 PartOfSpeech=DT] [Text=summary CharacterOffsetBegin=31 CharacterOffsetEnd=38 PartOfSpeech=NN] [Text=, CharacterOffsetBegin=38 CharacterOffsetEnd=39 PartOfSpeech=,] [Text=i CharacterOffsetBegin=40 CharacterOffsetEnd=41 PartOfSpeech=FW] [Text=simpley CharacterOffsetBegin=42 CharacterOffsetEnd=49 PartOfSpeech=FW] [Text=adore CharacterOffsetBegin=50 CharacterOffsetEnd=55 PartOfSpeech=VBP] [Text=the CharacterOffsetBegin=56 CharacterOffsetEnd=59 PartOfSpeech=DT] [Text=movie CharacterOffsetBegin=60 CharacterOffsetEnd=65 PartOfSpeech=NN] [Text=and CharacterOffsetBegin=66 CharacterOffsetEnd=69 PartOfSpeech=CC] [Text=the CharacterOffsetBegin=70 CharacterOffsetEnd=73 PartOfSpeech=DT] [Text=cast CharacterOffsetBegin=74 CharacterOffsetEnd=78 PartOfSpeech=NN] [Text=... CharacterOffsetBegin=78 CharacterOffsetEnd=81 PartOfSpeech=:] [Text=i CharacterOffsetBegin=81 CharacterOffsetEnd=82 PartOfSpeech=FW] [Text=would CharacterOffsetBegin=83 CharacterOffsetEnd=88 PartOfSpeech=MD] [Text=give CharacterOffsetBegin=89 CharacterOffsetEnd=93 PartOfSpeech=VB] [Text=each CharacterOffsetBegin=94 CharacterOffsetEnd=98 PartOfSpeech=DT] [Text=actor CharacterOffsetBegin=99 CharacterOffsetEnd=104 PartOfSpeech=NN] [Text=an CharacterOffsetBegin=105 CharacterOffsetEnd=107 PartOfSpeech=DT] [Text=Oscar CharacterOffsetBegin=108 CharacterOffsetEnd=113 PartOfSpeech=NNP] [Text=... CharacterOffsetBegin=113 CharacterOffsetEnd=116 PartOfSpeech=:] [Text=great CharacterOffsetBegin=116 CharacterOffsetEnd=121 PartOfSpeech=JJ] [Text=, CharacterOffsetBegin=121 CharacterOffsetEnd=122 PartOfSpeech=,] [Text=great CharacterOffsetBegin=123 CharacterOffsetEnd=128 PartOfSpeech=JJ] [Text=movie CharacterOffsetBegin=129 CharacterOffsetEnd=134 PartOfSpeech=NN] [Text=... CharacterOffsetBegin=134 CharacterOffsetEnd=137 PartOfSpeech=:] [Text=i CharacterOffsetBegin=137 CharacterOffsetEnd=138 PartOfSpeech=FW] [Text='m CharacterOffsetBegin=138 CharacterOffsetEnd=140 PartOfSpeech=VBP] [Text=25 CharacterOffsetBegin=141 CharacterOffsetEnd=143 PartOfSpeech=CD] [Text=now CharacterOffsetBegin=144 CharacterOffsetEnd=147 PartOfSpeech=RB] [Text=and CharacterOffsetBegin=148 CharacterOffsetEnd=151 PartOfSpeech=CC] [Text=i CharacterOffsetBegin=152 CharacterOffsetEnd=153 PartOfSpeech=FW] [Text=watched CharacterOffsetBegin=154 CharacterOffsetEnd=161 PartOfSpeech=VBN] [Text=it CharacterOffsetBegin=162 CharacterOffsetEnd=164 PartOfSpeech=PRP] [Text=4 CharacterOffsetBegin=165 CharacterOffsetEnd=166 PartOfSpeech=CD] [Text=times CharacterOffsetBegin=167 CharacterOffsetEnd=172 PartOfSpeech=NNS] [Text=in CharacterOffsetBegin=173 CharacterOffsetEnd=175 PartOfSpeech=IN] [Text=different CharacterOffsetBegin=176 CharacterOffsetEnd=185 PartOfSpeech=JJ] [Text=periods CharacterOffsetBegin=186 CharacterOffsetEnd=193 PartOfSpeech=NNS] [Text=and CharacterOffsetBegin=194 CharacterOffsetEnd=197 PartOfSpeech=CC] [Text=i CharacterOffsetBegin=198 CharacterOffsetEnd=199 PartOfSpeech=FW] [Text=always CharacterOffsetBegin=200 CharacterOffsetEnd=206 PartOfSpeech=RB] [Text=think CharacterOffsetBegin=207 CharacterOffsetEnd=212 PartOfSpeech=VBP] [Text=i CharacterOffsetBegin=213 CharacterOffsetEnd=214 PartOfSpeech=FW] [Text=wo CharacterOffsetBegin=215 CharacterOffsetEnd=217 PartOfSpeech=MD] [Text=n't CharacterOffsetBegin=217 CharacterOffsetEnd=220 PartOfSpeech=RB] [Text=cry CharacterOffsetBegin=221 CharacterOffsetEnd=224 PartOfSpeech=VB] [Text=and CharacterOffsetBegin=225 CharacterOffsetEnd=228 PartOfSpeech=CC] [Text=i CharacterOffsetBegin=229 CharacterOffsetEnd=230 PartOfSpeech=FW] [Text=always CharacterOffsetBegin=231 CharacterOffsetEnd=237 PartOfSpeech=RB] [Text=do CharacterOffsetBegin=238 CharacterOffsetEnd=240 PartOfSpeech=VBP] [Text=, CharacterOffsetBegin=240 CharacterOffsetEnd=241 PartOfSpeech=,] [Text=about CharacterOffsetBegin=242 CharacterOffsetEnd=247 PartOfSpeech=IN] [Text=2 CharacterOffsetBegin=248 CharacterOffsetEnd=249 PartOfSpeech=CD] [Text=or CharacterOffsetBegin=250 CharacterOffsetEnd=252 PartOfSpeech=CC] [Text=3 CharacterOffsetBegin=253 CharacterOffsetEnd=254 PartOfSpeech=CD] [Text=times CharacterOffsetBegin=255 CharacterOffsetEnd=260 PartOfSpeech=NNS] [Text=... CharacterOffsetBegin=260 CharacterOffsetEnd=263 PartOfSpeech=:] [Text=;-RRB- CharacterOffsetBegin=263 CharacterOffsetEnd=265 PartOfSpeech=JJ] [Text=meryl CharacterOffsetBegin=266 CharacterOffsetEnd=271 PartOfSpeech=NN] [Text=s. CharacterOffsetBegin=272 CharacterOffsetEnd=274 PartOfSpeech=NN] [Text=was CharacterOffsetBegin=275 CharacterOffsetEnd=278 PartOfSpeech=VBD] [Text=absolutely CharacterOffsetBegin=279 CharacterOffsetEnd=289 PartOfSpeech=RB] [Text=brilliant CharacterOffsetBegin=290 CharacterOffsetEnd=299 PartOfSpeech=JJ] [Text=, CharacterOffsetBegin=299 CharacterOffsetEnd=300 PartOfSpeech=,] [Text=jeremy CharacterOffsetBegin=301 CharacterOffsetEnd=307 PartOfSpeech=JJ] [Text=irons CharacterOffsetBegin=308 CharacterOffsetEnd=313 PartOfSpeech=NNS] [Text=also CharacterOffsetBegin=314 CharacterOffsetEnd=318 PartOfSpeech=RB] [Text=. CharacterOffsetBegin=318 CharacterOffsetEnd=319 PartOfSpeech=.] 
root(ROOT-0, said-4)
advmod(said-4, well-1)
punct(said-4, ,-2)
nsubj(said-4, i-3)
dobj(said-4, it-5)
det(it-5, all-6)
prep(said-4, in-7)
det(summary-9, the-8)
pobj(in-7, summary-9)
punct(said-4, ,-10)
dep(said-4, i-11)
prep(i-11, simpley-12)
pcomp(simpley-12, adore-13)
det(movie-15, the-14)
dobj(adore-13, movie-15)
cc(movie-15, and-16)
det(cast-18, the-17)
conj(movie-15, cast-18)
punct(i-11, ...-19)
nsubj(give-22, i-20)
aux(give-22, would-21)
dep(i-11, give-22)
det(actor-24, each-23)
iobj(give-22, actor-24)
det(Oscar-26, an-25)
dobj(give-22, Oscar-26)
punct(give-22, ...-27)
amod(movie-31, great-28)
punct(movie-31, ,-29)
amod(movie-31, great-30)
dep(give-22, movie-31)
punct(movie-31, ...-32)
nsubj(25-35, i-33)
cop(25-35, 'm-34)
dep(movie-31, 25-35)
advmod(25-35, now-36)
cc(25-35, and-37)
nsubj(watched-39, i-38)
conj(25-35, watched-39)
nsubj(think-49, it-40)
number(times-42, 4-41)
dep(in-43, times-42)
dep(think-49, in-43)
amod(periods-45, different-44)
nsubj(think-49, periods-45)
cc(periods-45, and-46)
conj(periods-45, i-47)
advmod(think-49, always-48)
ccomp(watched-39, think-49)
nsubj(cry-53, i-50)
aux(cry-53, wo-51)
neg(cry-53, n't-52)
ccomp(think-49, cry-53)
cc(cry-53, and-54)
nsubj(do-57, i-55)
advmod(do-57, always-56)
conj(cry-53, do-57)
punct(think-49, ,-58)
quantmod(times-63, about-59)
number(times-63, 2-60)
cc(2-60, or-61)
conj(2-60, 3-62)
dep(think-49, times-63)
punct(times-63, ...-64)
amod(s.-67, ;-RRB--65)
nn(s.-67, meryl-66)
nsubj(brilliant-70, s.-67)
cop(brilliant-70, was-68)
advmod(brilliant-70, absolutely-69)
dep(times-63, brilliant-70)
punct(brilliant-70, ,-71)
amod(irons-73, jeremy-72)
appos(brilliant-70, irons-73)
advmod(irons-73, also-74)
punct(said-4, .-75)

Sentence #2 (1 tokens):
.
[Text=. CharacterOffsetBegin=319 CharacterOffsetEnd=320 PartOfSpeech=.] 
root(ROOT-0, .-1)

Sentence #3 (69 tokens):
just brilliant...i wish the movie received more awards... i really don't know anybody who watched it and didn't loved it... also, glenn close was fantastic... the story was beautiful and sad at the same time... i loved the fact that despite everything clara and esteban loved each other so much, and how blanca was close to her parents...
[Text=just CharacterOffsetBegin=320 CharacterOffsetEnd=324 PartOfSpeech=RB] [Text=brilliant CharacterOffsetBegin=325 CharacterOffsetEnd=334 PartOfSpeech=JJ] [Text=... CharacterOffsetBegin=334 CharacterOffsetEnd=337 PartOfSpeech=:] [Text=i CharacterOffsetBegin=337 CharacterOffsetEnd=338 PartOfSpeech=FW] [Text=wish CharacterOffsetBegin=339 CharacterOffsetEnd=343 PartOfSpeech=VB] [Text=the CharacterOffsetBegin=344 CharacterOffsetEnd=347 PartOfSpeech=DT] [Text=movie CharacterOffsetBegin=348 CharacterOffsetEnd=353 PartOfSpeech=NN] [Text=received CharacterOffsetBegin=354 CharacterOffsetEnd=362 PartOfSpeech=VBD] [Text=more CharacterOffsetBegin=363 CharacterOffsetEnd=367 PartOfSpeech=JJR] [Text=awards CharacterOffsetBegin=368 CharacterOffsetEnd=374 PartOfSpeech=NNS] [Text=... CharacterOffsetBegin=374 CharacterOffsetEnd=377 PartOfSpeech=:] [Text=i CharacterOffsetBegin=378 CharacterOffsetEnd=379 PartOfSpeech=FW] [Text=really CharacterOffsetBegin=380 CharacterOffsetEnd=386 PartOfSpeech=RB] [Text=do CharacterOffsetBegin=387 CharacterOffsetEnd=389 PartOfSpeech=VBP] [Text=n't CharacterOffsetBegin=389 CharacterOffsetEnd=392 PartOfSpeech=RB] [Text=know CharacterOffsetBegin=393 CharacterOffsetEnd=397 PartOfSpeech=VB] [Text=anybody CharacterOffsetBegin=398 CharacterOffsetEnd=405 PartOfSpeech=NN] [Text=who CharacterOffsetBegin=406 CharacterOffsetEnd=409 PartOfSpeech=WP] [Text=watched CharacterOffsetBegin=410 CharacterOffsetEnd=417 PartOfSpeech=VBD] [Text=it CharacterOffsetBegin=418 CharacterOffsetEnd=420 PartOfSpeech=PRP] [Text=and CharacterOffsetBegin=421 CharacterOffsetEnd=424 PartOfSpeech=CC] [Text=did CharacterOffsetBegin=425 CharacterOffsetEnd=428 PartOfSpeech=VBD] [Text=n't CharacterOffsetBegin=428 CharacterOffsetEnd=431 PartOfSpeech=RB] [Text=loved CharacterOffsetBegin=432 CharacterOffsetEnd=437 PartOfSpeech=VBD] [Text=it CharacterOffsetBegin=438 CharacterOffsetEnd=440 PartOfSpeech=PRP] [Text=... CharacterOffsetBegin=440 CharacterOffsetEnd=443 PartOfSpeech=:] [Text=also CharacterOffsetBegin=444 CharacterOffsetEnd=448 PartOfSpeech=RB] [Text=, CharacterOffsetBegin=448 CharacterOffsetEnd=449 PartOfSpeech=,] [Text=glenn CharacterOffsetBegin=450 CharacterOffsetEnd=455 PartOfSpeech=NN] [Text=close CharacterOffsetBegin=456 CharacterOffsetEnd=461 PartOfSpeech=NN] [Text=was CharacterOffsetBegin=462 CharacterOffsetEnd=465 PartOfSpeech=VBD] [Text=fantastic CharacterOffsetBegin=466 CharacterOffsetEnd=475 PartOfSpeech=JJ] [Text=... CharacterOffsetBegin=475 CharacterOffsetEnd=478 PartOfSpeech=:] [Text=the CharacterOffsetBegin=479 CharacterOffsetEnd=482 PartOfSpeech=DT] [Text=story CharacterOffsetBegin=483 CharacterOffsetEnd=488 PartOfSpeech=NN] [Text=was CharacterOffsetBegin=489 CharacterOffsetEnd=492 PartOfSpeech=VBD] [Text=beautiful CharacterOffsetBegin=493 CharacterOffsetEnd=502 PartOfSpeech=JJ] [Text=and CharacterOffsetBegin=503 CharacterOffsetEnd=506 PartOfSpeech=CC] [Text=sad CharacterOffsetBegin=507 CharacterOffsetEnd=510 PartOfSpeech=JJ] [Text=at CharacterOffsetBegin=511 CharacterOffsetEnd=513 PartOfSpeech=IN] [Text=the CharacterOffsetBegin=514 CharacterOffsetEnd=517 PartOfSpeech=DT] [Text=same CharacterOffsetBegin=518 CharacterOffsetEnd=522 PartOfSpeech=JJ] [Text=time CharacterOffsetBegin=523 CharacterOffsetEnd=527 PartOfSpeech=NN] [Text=... CharacterOffsetBegin=527 CharacterOffsetEnd=530 PartOfSpeech=:] [Text=i CharacterOffsetBegin=531 CharacterOffsetEnd=532 PartOfSpeech=FW] [Text=loved CharacterOffsetBegin=533 CharacterOffsetEnd=538 PartOfSpeech=VBD] [Text=the CharacterOffsetBegin=539 CharacterOffsetEnd=542 PartOfSpeech=DT] [Text=fact CharacterOffsetBegin=543 CharacterOffsetEnd=547 PartOfSpeech=NN] [Text=that CharacterOffsetBegin=548 CharacterOffsetEnd=552 PartOfSpeech=IN] [Text=despite CharacterOffsetBegin=553 CharacterOffsetEnd=560 PartOfSpeech=IN] [Text=everything CharacterOffsetBegin=561 CharacterOffsetEnd=571 PartOfSpeech=NN] [Text=clara CharacterOffsetBegin=572 CharacterOffsetEnd=577 PartOfSpeech=NN] [Text=and CharacterOffsetBegin=578 CharacterOffsetEnd=581 PartOfSpeech=CC] [Text=esteban CharacterOffsetBegin=582 CharacterOffsetEnd=589 PartOfSpeech=NN] [Text=loved CharacterOffsetBegin=590 CharacterOffsetEnd=595 PartOfSpeech=VBD] [Text=each CharacterOffsetBegin=596 CharacterOffsetEnd=600 PartOfSpeech=DT] [Text=other CharacterOffsetBegin=601 CharacterOffsetEnd=606 PartOfSpeech=JJ] [Text=so CharacterOffsetBegin=607 CharacterOffsetEnd=609 PartOfSpeech=RB] [Text=much CharacterOffsetBegin=610 CharacterOffsetEnd=614 PartOfSpeech=RB] [Text=, CharacterOffsetBegin=614 CharacterOffsetEnd=615 PartOfSpeech=,] [Text=and CharacterOffsetBegin=616 CharacterOffsetEnd=619 PartOfSpeech=CC] [Text=how CharacterOffsetBegin=620 CharacterOffsetEnd=623 PartOfSpeech=WRB] [Text=blanca CharacterOffsetBegin=624 CharacterOffsetEnd=630 PartOfSpeech=FW] [Text=was CharacterOffsetBegin=631 CharacterOffsetEnd=634 PartOfSpeech=VBD] [Text=close CharacterOffsetBegin=635 CharacterOffsetEnd=640 PartOfSpeech=JJ] [Text=to CharacterOffsetBegin=641 CharacterOffsetEnd=643 PartOfSpeech=TO] [Text=her CharacterOffsetBegin=644 CharacterOffsetEnd=647 PartOfSpeech=PRP$] [Text=parents CharacterOffsetBegin=648 CharacterOffsetEnd=655 PartOfSpeech=NNS] [Text=... CharacterOffsetBegin=655 CharacterOffsetEnd=658 PartOfSpeech=:] 
root(ROOT-0, wish-5)
advmod(brilliant-2, just-1)
dep(wish-5, brilliant-2)
punct(wish-5, ...-3)
nsubj(wish-5, i-4)
det(movie-7, the-6)
nsubj(received-8, movie-7)
ccomp(wish-5, received-8)
amod(awards-10, more-9)
dobj(received-8, awards-10)
punct(awards-10, ...-11)
nsubj(know-16, i-12)
advmod(know-16, really-13)
aux(know-16, do-14)
neg(know-16, n't-15)
dep(awards-10, know-16)
dobj(know-16, anybody-17)
nsubj(watched-19, who-18)
rcmod(anybody-17, watched-19)
dobj(watched-19, it-20)
cc(know-16, and-21)
aux(loved-24, did-22)
neg(loved-24, n't-23)
conj(know-16, loved-24)
dobj(loved-24, it-25)
punct(wish-5, ...-26)
advmod(fantastic-32, also-27)
punct(fantastic-32, ,-28)
nn(close-30, glenn-29)
nsubj(fantastic-32, close-30)
cop(fantastic-32, was-31)
parataxis(wish-5, fantastic-32)
punct(wish-5, ...-33)
det(story-35, the-34)
nsubj(beautiful-37, story-35)
cop(beautiful-37, was-36)
parataxis(wish-5, beautiful-37)
cc(beautiful-37, and-38)
conj(beautiful-37, sad-39)
prep(sad-39, at-40)
det(time-43, the-41)
amod(time-43, same-42)
pobj(at-40, time-43)
punct(wish-5, ...-44)
nsubj(loved-46, i-45)
parataxis(wish-5, loved-46)
det(fact-48, the-47)
dobj(loved-46, fact-48)
dep(fact-48, that-49)
dep(that-49, despite-50)
pobj(despite-50, everything-51)
nsubj(loved-55, clara-52)
cc(clara-52, and-53)
conj(clara-52, esteban-54)
rcmod(everything-51, loved-55)
det(other-57, each-56)
dobj(loved-55, other-57)
advmod(much-59, so-58)
advmod(loved-55, much-59)
punct(despite-50, ,-60)
cc(despite-50, and-61)
advmod(close-65, how-62)
nsubj(close-65, blanca-63)
cop(close-65, was-64)
conj(despite-50, close-65)
prep(close-65, to-66)
poss(parents-68, her-67)
pobj(to-66, parents-68)
punct(wish-5, ...-69)

