Sentence #1 (11 tokens):
Mukhsin is a beautiful movie about a first love story.
[Text=Mukhsin CharacterOffsetBegin=4 CharacterOffsetEnd=11 PartOfSpeech=NNP] [Text=is CharacterOffsetBegin=12 CharacterOffsetEnd=14 PartOfSpeech=VBZ] [Text=a CharacterOffsetBegin=15 CharacterOffsetEnd=16 PartOfSpeech=DT] [Text=beautiful CharacterOffsetBegin=17 CharacterOffsetEnd=26 PartOfSpeech=JJ] [Text=movie CharacterOffsetBegin=27 CharacterOffsetEnd=32 PartOfSpeech=NN] [Text=about CharacterOffsetBegin=33 CharacterOffsetEnd=38 PartOfSpeech=IN] [Text=a CharacterOffsetBegin=39 CharacterOffsetEnd=40 PartOfSpeech=DT] [Text=first CharacterOffsetBegin=41 CharacterOffsetEnd=46 PartOfSpeech=JJ] [Text=love CharacterOffsetBegin=47 CharacterOffsetEnd=51 PartOfSpeech=NN] [Text=story CharacterOffsetBegin=52 CharacterOffsetEnd=57 PartOfSpeech=NN] [Text=. CharacterOffsetBegin=57 CharacterOffsetEnd=58 PartOfSpeech=.] 
root(ROOT-0, movie-5)
nsubj(movie-5, Mukhsin-1)
cop(movie-5, is-2)
det(movie-5, a-3)
amod(movie-5, beautiful-4)
prep(movie-5, about-6)
det(story-10, a-7)
amod(story-10, first-8)
nn(story-10, love-9)
pobj(about-6, story-10)
punct(movie-5, .-11)

Sentence #2 (22 tokens):
Everyone probably has one, and this is writer-director Yasmin Ahmad's story of hers, with a boy called Mukhsin.
[Text=Everyone CharacterOffsetBegin=63 CharacterOffsetEnd=71 PartOfSpeech=NN] [Text=probably CharacterOffsetBegin=72 CharacterOffsetEnd=80 PartOfSpeech=RB] [Text=has CharacterOffsetBegin=81 CharacterOffsetEnd=84 PartOfSpeech=VBZ] [Text=one CharacterOffsetBegin=85 CharacterOffsetEnd=88 PartOfSpeech=CD] [Text=, CharacterOffsetBegin=88 CharacterOffsetEnd=89 PartOfSpeech=,] [Text=and CharacterOffsetBegin=90 CharacterOffsetEnd=93 PartOfSpeech=CC] [Text=this CharacterOffsetBegin=94 CharacterOffsetEnd=98 PartOfSpeech=DT] [Text=is CharacterOffsetBegin=99 CharacterOffsetEnd=101 PartOfSpeech=VBZ] [Text=writer-director CharacterOffsetBegin=102 CharacterOffsetEnd=117 PartOfSpeech=JJ] [Text=Yasmin CharacterOffsetBegin=118 CharacterOffsetEnd=124 PartOfSpeech=NNP] [Text=Ahmad CharacterOffsetBegin=125 CharacterOffsetEnd=130 PartOfSpeech=NNP] [Text='s CharacterOffsetBegin=130 CharacterOffsetEnd=132 PartOfSpeech=POS] [Text=story CharacterOffsetBegin=133 CharacterOffsetEnd=138 PartOfSpeech=NN] [Text=of CharacterOffsetBegin=139 CharacterOffsetEnd=141 PartOfSpeech=IN] [Text=hers CharacterOffsetBegin=142 CharacterOffsetEnd=146 PartOfSpeech=NNS] [Text=, CharacterOffsetBegin=146 CharacterOffsetEnd=147 PartOfSpeech=,] [Text=with CharacterOffsetBegin=148 CharacterOffsetEnd=152 PartOfSpeech=IN] [Text=a CharacterOffsetBegin=153 CharacterOffsetEnd=154 PartOfSpeech=DT] [Text=boy CharacterOffsetBegin=155 CharacterOffsetEnd=158 PartOfSpeech=NN] [Text=called CharacterOffsetBegin=159 CharacterOffsetEnd=165 PartOfSpeech=VBN] [Text=Mukhsin CharacterOffsetBegin=166 CharacterOffsetEnd=173 PartOfSpeech=NNP] [Text=. CharacterOffsetBegin=173 CharacterOffsetEnd=174 PartOfSpeech=.] 
root(ROOT-0, has-3)
nsubj(has-3, Everyone-1)
advmod(has-3, probably-2)
dobj(has-3, one-4)
punct(has-3, ,-5)
cc(has-3, and-6)
nsubj(story-13, this-7)
cop(story-13, is-8)
amod(story-13, writer-director-9)
nn(Ahmad-11, Yasmin-10)
poss(story-13, Ahmad-11)
possessive(Ahmad-11, 's-12)
conj(has-3, story-13)
prep(story-13, of-14)
pobj(of-14, hers-15)
punct(has-3, ,-16)
prep(has-3, with-17)
det(boy-19, a-18)
pobj(with-17, boy-19)
partmod(boy-19, called-20)
dep(called-20, Mukhsin-21)
punct(has-3, .-22)

Sentence #3 (47 tokens):
We know that her movies have been semi-autobiographical of sorts, having scenes drawn upon her personal experiences, and it is indeed this sharing and translating of these emotions to the big screen, that has her films always exude a warm sincerity and honesty.
[Text=We CharacterOffsetBegin=179 CharacterOffsetEnd=181 PartOfSpeech=PRP] [Text=know CharacterOffsetBegin=182 CharacterOffsetEnd=186 PartOfSpeech=VBP] [Text=that CharacterOffsetBegin=187 CharacterOffsetEnd=191 PartOfSpeech=IN] [Text=her CharacterOffsetBegin=192 CharacterOffsetEnd=195 PartOfSpeech=PRP$] [Text=movies CharacterOffsetBegin=196 CharacterOffsetEnd=202 PartOfSpeech=NNS] [Text=have CharacterOffsetBegin=203 CharacterOffsetEnd=207 PartOfSpeech=VBP] [Text=been CharacterOffsetBegin=208 CharacterOffsetEnd=212 PartOfSpeech=VBN] [Text=semi-autobiographical CharacterOffsetBegin=213 CharacterOffsetEnd=234 PartOfSpeech=JJ] [Text=of CharacterOffsetBegin=235 CharacterOffsetEnd=237 PartOfSpeech=IN] [Text=sorts CharacterOffsetBegin=238 CharacterOffsetEnd=243 PartOfSpeech=NNS] [Text=, CharacterOffsetBegin=243 CharacterOffsetEnd=244 PartOfSpeech=,] [Text=having CharacterOffsetBegin=245 CharacterOffsetEnd=251 PartOfSpeech=VBG] [Text=scenes CharacterOffsetBegin=252 CharacterOffsetEnd=258 PartOfSpeech=NNS] [Text=drawn CharacterOffsetBegin=259 CharacterOffsetEnd=264 PartOfSpeech=VBN] [Text=upon CharacterOffsetBegin=265 CharacterOffsetEnd=269 PartOfSpeech=IN] [Text=her CharacterOffsetBegin=270 CharacterOffsetEnd=273 PartOfSpeech=PRP$] [Text=personal CharacterOffsetBegin=274 CharacterOffsetEnd=282 PartOfSpeech=JJ] [Text=experiences CharacterOffsetBegin=283 CharacterOffsetEnd=294 PartOfSpeech=NNS] [Text=, CharacterOffsetBegin=294 CharacterOffsetEnd=295 PartOfSpeech=,] [Text=and CharacterOffsetBegin=296 CharacterOffsetEnd=299 PartOfSpeech=CC] [Text=it CharacterOffsetBegin=300 CharacterOffsetEnd=302 PartOfSpeech=PRP] [Text=is CharacterOffsetBegin=303 CharacterOffsetEnd=305 PartOfSpeech=VBZ] [Text=indeed CharacterOffsetBegin=306 CharacterOffsetEnd=312 PartOfSpeech=RB] [Text=this CharacterOffsetBegin=313 CharacterOffsetEnd=317 PartOfSpeech=DT] [Text=sharing CharacterOffsetBegin=318 CharacterOffsetEnd=325 PartOfSpeech=NN] [Text=and CharacterOffsetBegin=326 CharacterOffsetEnd=329 PartOfSpeech=CC] [Text=translating CharacterOffsetBegin=330 CharacterOffsetEnd=341 PartOfSpeech=VBG] [Text=of CharacterOffsetBegin=342 CharacterOffsetEnd=344 PartOfSpeech=IN] [Text=these CharacterOffsetBegin=345 CharacterOffsetEnd=350 PartOfSpeech=DT] [Text=emotions CharacterOffsetBegin=351 CharacterOffsetEnd=359 PartOfSpeech=NNS] [Text=to CharacterOffsetBegin=360 CharacterOffsetEnd=362 PartOfSpeech=TO] [Text=the CharacterOffsetBegin=363 CharacterOffsetEnd=366 PartOfSpeech=DT] [Text=big CharacterOffsetBegin=367 CharacterOffsetEnd=370 PartOfSpeech=JJ] [Text=screen CharacterOffsetBegin=371 CharacterOffsetEnd=377 PartOfSpeech=NN] [Text=, CharacterOffsetBegin=377 CharacterOffsetEnd=378 PartOfSpeech=,] [Text=that CharacterOffsetBegin=379 CharacterOffsetEnd=383 PartOfSpeech=WDT] [Text=has CharacterOffsetBegin=384 CharacterOffsetEnd=387 PartOfSpeech=VBZ] [Text=her CharacterOffsetBegin=388 CharacterOffsetEnd=391 PartOfSpeech=PRP$] [Text=films CharacterOffsetBegin=392 CharacterOffsetEnd=397 PartOfSpeech=NNS] [Text=always CharacterOffsetBegin=398 CharacterOffsetEnd=404 PartOfSpeech=RB] [Text=exude CharacterOffsetBegin=405 CharacterOffsetEnd=410 PartOfSpeech=VBP] [Text=a CharacterOffsetBegin=411 CharacterOffsetEnd=412 PartOfSpeech=DT] [Text=warm CharacterOffsetBegin=413 CharacterOffsetEnd=417 PartOfSpeech=JJ] [Text=sincerity CharacterOffsetBegin=418 CharacterOffsetEnd=427 PartOfSpeech=NN] [Text=and CharacterOffsetBegin=428 CharacterOffsetEnd=431 PartOfSpeech=CC] [Text=honesty CharacterOffsetBegin=432 CharacterOffsetEnd=439 PartOfSpeech=NN] [Text=. CharacterOffsetBegin=439 CharacterOffsetEnd=440 PartOfSpeech=.] 
root(ROOT-0, know-2)
nsubj(know-2, We-1)
mark(semi-autobiographical-8, that-3)
poss(movies-5, her-4)
nsubj(semi-autobiographical-8, movies-5)
aux(semi-autobiographical-8, have-6)
cop(semi-autobiographical-8, been-7)
ccomp(know-2, semi-autobiographical-8)
prep(semi-autobiographical-8, of-9)
pobj(of-9, sorts-10)
punct(semi-autobiographical-8, ,-11)
partmod(semi-autobiographical-8, having-12)
dobj(having-12, scenes-13)
partmod(scenes-13, drawn-14)
prep(drawn-14, upon-15)
poss(experiences-18, her-16)
amod(experiences-18, personal-17)
pobj(upon-15, experiences-18)
punct(know-2, ,-19)
cc(know-2, and-20)
nsubj(sharing-25, it-21)
cop(sharing-25, is-22)
advmod(sharing-25, indeed-23)
det(sharing-25, this-24)
conj(know-2, sharing-25)
cc(sharing-25, and-26)
conj(sharing-25, translating-27)
prep(sharing-25, of-28)
det(emotions-30, these-29)
pobj(of-28, emotions-30)
prep(sharing-25, to-31)
det(screen-34, the-32)
amod(screen-34, big-33)
pobj(to-31, screen-34)
punct(sharing-25, ,-35)
nsubj(has-37, that-36)
rcmod(sharing-25, has-37)
poss(films-39, her-38)
dobj(has-37, films-39)
advmod(exude-41, always-40)
advcl(has-37, exude-41)
det(sincerity-44, a-42)
amod(sincerity-44, warm-43)
dobj(exude-41, sincerity-44)
cc(sincerity-44, and-45)
conj(sincerity-44, honesty-46)
punct(know-2, .-47)

Sentence #4 (38 tokens):
Mukhsin is no different, and probably the most polished ad confident work to date (though I must add, as a personal bias, that Sepet still has a special place in my heart).
[Text=Mukhsin CharacterOffsetBegin=445 CharacterOffsetEnd=452 PartOfSpeech=NNP] [Text=is CharacterOffsetBegin=453 CharacterOffsetEnd=455 PartOfSpeech=VBZ] [Text=no CharacterOffsetBegin=456 CharacterOffsetEnd=458 PartOfSpeech=DT] [Text=different CharacterOffsetBegin=459 CharacterOffsetEnd=468 PartOfSpeech=JJ] [Text=, CharacterOffsetBegin=468 CharacterOffsetEnd=469 PartOfSpeech=,] [Text=and CharacterOffsetBegin=470 CharacterOffsetEnd=473 PartOfSpeech=CC] [Text=probably CharacterOffsetBegin=474 CharacterOffsetEnd=482 PartOfSpeech=RB] [Text=the CharacterOffsetBegin=483 CharacterOffsetEnd=486 PartOfSpeech=DT] [Text=most CharacterOffsetBegin=487 CharacterOffsetEnd=491 PartOfSpeech=RBS] [Text=polished CharacterOffsetBegin=492 CharacterOffsetEnd=500 PartOfSpeech=JJ] [Text=ad CharacterOffsetBegin=501 CharacterOffsetEnd=503 PartOfSpeech=NN] [Text=confident CharacterOffsetBegin=504 CharacterOffsetEnd=513 PartOfSpeech=JJ] [Text=work CharacterOffsetBegin=514 CharacterOffsetEnd=518 PartOfSpeech=NN] [Text=to CharacterOffsetBegin=519 CharacterOffsetEnd=521 PartOfSpeech=TO] [Text=date CharacterOffsetBegin=522 CharacterOffsetEnd=526 PartOfSpeech=NN] [Text=-LRB- CharacterOffsetBegin=527 CharacterOffsetEnd=528 PartOfSpeech=-LRB-] [Text=though CharacterOffsetBegin=528 CharacterOffsetEnd=534 PartOfSpeech=IN] [Text=I CharacterOffsetBegin=535 CharacterOffsetEnd=536 PartOfSpeech=PRP] [Text=must CharacterOffsetBegin=537 CharacterOffsetEnd=541 PartOfSpeech=MD] [Text=add CharacterOffsetBegin=542 CharacterOffsetEnd=545 PartOfSpeech=VB] [Text=, CharacterOffsetBegin=545 CharacterOffsetEnd=546 PartOfSpeech=,] [Text=as CharacterOffsetBegin=547 CharacterOffsetEnd=549 PartOfSpeech=IN] [Text=a CharacterOffsetBegin=550 CharacterOffsetEnd=551 PartOfSpeech=DT] [Text=personal CharacterOffsetBegin=552 CharacterOffsetEnd=560 PartOfSpeech=JJ] [Text=bias CharacterOffsetBegin=561 CharacterOffsetEnd=565 PartOfSpeech=NN] [Text=, CharacterOffsetBegin=565 CharacterOffsetEnd=566 PartOfSpeech=,] [Text=that CharacterOffsetBegin=567 CharacterOffsetEnd=571 PartOfSpeech=WDT] [Text=Sepet CharacterOffsetBegin=572 CharacterOffsetEnd=577 PartOfSpeech=NNP] [Text=still CharacterOffsetBegin=578 CharacterOffsetEnd=583 PartOfSpeech=RB] [Text=has CharacterOffsetBegin=584 CharacterOffsetEnd=587 PartOfSpeech=VBZ] [Text=a CharacterOffsetBegin=588 CharacterOffsetEnd=589 PartOfSpeech=DT] [Text=special CharacterOffsetBegin=590 CharacterOffsetEnd=597 PartOfSpeech=JJ] [Text=place CharacterOffsetBegin=598 CharacterOffsetEnd=603 PartOfSpeech=NN] [Text=in CharacterOffsetBegin=604 CharacterOffsetEnd=606 PartOfSpeech=IN] [Text=my CharacterOffsetBegin=607 CharacterOffsetEnd=609 PartOfSpeech=PRP$] [Text=heart CharacterOffsetBegin=610 CharacterOffsetEnd=615 PartOfSpeech=NN] [Text=-RRB- CharacterOffsetBegin=615 CharacterOffsetEnd=616 PartOfSpeech=-RRB-] [Text=. CharacterOffsetBegin=616 CharacterOffsetEnd=617 PartOfSpeech=.] 
root(ROOT-0, different-4)
nsubj(different-4, Mukhsin-1)
cop(different-4, is-2)
det(different-4, no-3)
punct(different-4, ,-5)
cc(different-4, and-6)
advmod(work-13, probably-7)
det(work-13, the-8)
advmod(polished-10, most-9)
amod(work-13, polished-10)
nn(work-13, ad-11)
amod(work-13, confident-12)
conj(different-4, work-13)
prep(work-13, to-14)
pobj(to-14, date-15)
punct(add-20, -LRB--16)
mark(add-20, though-17)
nsubj(add-20, I-18)
aux(add-20, must-19)
dep(work-13, add-20)
punct(add-20, ,-21)
prep(add-20, as-22)
det(bias-25, a-23)
amod(bias-25, personal-24)
pobj(as-22, bias-25)
punct(bias-25, ,-26)
mark(has-30, that-27)
nsubj(has-30, Sepet-28)
advmod(has-30, still-29)
dep(bias-25, has-30)
det(place-33, a-31)
amod(place-33, special-32)
dobj(has-30, place-33)
prep(place-33, in-34)
poss(heart-36, my-35)
pobj(in-34, heart-36)
punct(has-30, -RRB--37)
punct(different-4, .-38)

Sentence #5 (31 tokens):
Our favourite family is back - Pak Atan, Mak Inom, Orked and Kak Yam, though this time, we go back to when Orked is age 10.
[Text=Our CharacterOffsetBegin=617 CharacterOffsetEnd=620 PartOfSpeech=PRP$] [Text=favourite CharacterOffsetBegin=621 CharacterOffsetEnd=630 PartOfSpeech=JJ] [Text=family CharacterOffsetBegin=631 CharacterOffsetEnd=637 PartOfSpeech=NN] [Text=is CharacterOffsetBegin=638 CharacterOffsetEnd=640 PartOfSpeech=VBZ] [Text=back CharacterOffsetBegin=641 CharacterOffsetEnd=645 PartOfSpeech=RB] [Text=- CharacterOffsetBegin=646 CharacterOffsetEnd=647 PartOfSpeech=:] [Text=Pak CharacterOffsetBegin=648 CharacterOffsetEnd=651 PartOfSpeech=NNP] [Text=Atan CharacterOffsetBegin=652 CharacterOffsetEnd=656 PartOfSpeech=NNP] [Text=, CharacterOffsetBegin=656 CharacterOffsetEnd=657 PartOfSpeech=,] [Text=Mak CharacterOffsetBegin=658 CharacterOffsetEnd=661 PartOfSpeech=NNP] [Text=Inom CharacterOffsetBegin=662 CharacterOffsetEnd=666 PartOfSpeech=NNP] [Text=, CharacterOffsetBegin=666 CharacterOffsetEnd=667 PartOfSpeech=,] [Text=Orked CharacterOffsetBegin=668 CharacterOffsetEnd=673 PartOfSpeech=NNP] [Text=and CharacterOffsetBegin=674 CharacterOffsetEnd=677 PartOfSpeech=CC] [Text=Kak CharacterOffsetBegin=678 CharacterOffsetEnd=681 PartOfSpeech=NNP] [Text=Yam CharacterOffsetBegin=682 CharacterOffsetEnd=685 PartOfSpeech=NNP] [Text=, CharacterOffsetBegin=685 CharacterOffsetEnd=686 PartOfSpeech=,] [Text=though CharacterOffsetBegin=687 CharacterOffsetEnd=693 PartOfSpeech=IN] [Text=this CharacterOffsetBegin=694 CharacterOffsetEnd=698 PartOfSpeech=DT] [Text=time CharacterOffsetBegin=699 CharacterOffsetEnd=703 PartOfSpeech=NN] [Text=, CharacterOffsetBegin=703 CharacterOffsetEnd=704 PartOfSpeech=,] [Text=we CharacterOffsetBegin=705 CharacterOffsetEnd=707 PartOfSpeech=PRP] [Text=go CharacterOffsetBegin=708 CharacterOffsetEnd=710 PartOfSpeech=VBP] [Text=back CharacterOffsetBegin=711 CharacterOffsetEnd=715 PartOfSpeech=RB] [Text=to CharacterOffsetBegin=716 CharacterOffsetEnd=718 PartOfSpeech=TO] [Text=when CharacterOffsetBegin=719 CharacterOffsetEnd=723 PartOfSpeech=WRB] [Text=Orked CharacterOffsetBegin=724 CharacterOffsetEnd=729 PartOfSpeech=NNP] [Text=is CharacterOffsetBegin=730 CharacterOffsetEnd=732 PartOfSpeech=VBZ] [Text=age CharacterOffsetBegin=733 CharacterOffsetEnd=736 PartOfSpeech=NN] [Text=10 CharacterOffsetBegin=737 CharacterOffsetEnd=739 PartOfSpeech=CD] [Text=. CharacterOffsetBegin=739 CharacterOffsetEnd=740 PartOfSpeech=.] 
root(ROOT-0, is-4)
poss(family-3, Our-1)
amod(family-3, favourite-2)
nsubj(is-4, family-3)
advmod(is-4, back-5)
punct(is-4, --6)
nn(Atan-8, Pak-7)
dep(is-4, Atan-8)
punct(Atan-8, ,-9)
nn(Inom-11, Mak-10)
conj(Atan-8, Inom-11)
punct(Atan-8, ,-12)
conj(Atan-8, Orked-13)
cc(Atan-8, and-14)
nn(Yam-16, Kak-15)
conj(Atan-8, Yam-16)
punct(Atan-8, ,-17)
mark(go-23, though-18)
det(time-20, this-19)
tmod(go-23, time-20)
punct(go-23, ,-21)
nsubj(go-23, we-22)
dep(Atan-8, go-23)
advmod(go-23, back-24)
prep(go-23, to-25)
advmod(age-29, when-26)
nsubj(age-29, Orked-27)
cop(age-29, is-28)
pcomp(to-25, age-29)
num(age-29, 10-30)
punct(is-4, .-31)

Sentence #6 (61 tokens):
The characters are all younger from the movies we've journeyed with them, from Rabun to Gubra, and here, Sharifah Amani's sisters Sharifah Aryana and Sharifah Aleya take on the roles of Orked and Mak Inom respectively, which perhaps accounted for their excellent chemistry together on screen, nevermind that their not playing sibling roles.
[Text=The CharacterOffsetBegin=745 CharacterOffsetEnd=748 PartOfSpeech=DT] [Text=characters CharacterOffsetBegin=749 CharacterOffsetEnd=759 PartOfSpeech=NNS] [Text=are CharacterOffsetBegin=760 CharacterOffsetEnd=763 PartOfSpeech=VBP] [Text=all CharacterOffsetBegin=764 CharacterOffsetEnd=767 PartOfSpeech=DT] [Text=younger CharacterOffsetBegin=768 CharacterOffsetEnd=775 PartOfSpeech=JJR] [Text=from CharacterOffsetBegin=776 CharacterOffsetEnd=780 PartOfSpeech=IN] [Text=the CharacterOffsetBegin=781 CharacterOffsetEnd=784 PartOfSpeech=DT] [Text=movies CharacterOffsetBegin=785 CharacterOffsetEnd=791 PartOfSpeech=NNS] [Text=we CharacterOffsetBegin=792 CharacterOffsetEnd=794 PartOfSpeech=PRP] [Text='ve CharacterOffsetBegin=794 CharacterOffsetEnd=797 PartOfSpeech=VBP] [Text=journeyed CharacterOffsetBegin=798 CharacterOffsetEnd=807 PartOfSpeech=VBN] [Text=with CharacterOffsetBegin=808 CharacterOffsetEnd=812 PartOfSpeech=IN] [Text=them CharacterOffsetBegin=813 CharacterOffsetEnd=817 PartOfSpeech=PRP] [Text=, CharacterOffsetBegin=817 CharacterOffsetEnd=818 PartOfSpeech=,] [Text=from CharacterOffsetBegin=819 CharacterOffsetEnd=823 PartOfSpeech=IN] [Text=Rabun CharacterOffsetBegin=824 CharacterOffsetEnd=829 PartOfSpeech=NNP] [Text=to CharacterOffsetBegin=830 CharacterOffsetEnd=832 PartOfSpeech=TO] [Text=Gubra CharacterOffsetBegin=833 CharacterOffsetEnd=838 PartOfSpeech=NNP] [Text=, CharacterOffsetBegin=838 CharacterOffsetEnd=839 PartOfSpeech=,] [Text=and CharacterOffsetBegin=840 CharacterOffsetEnd=843 PartOfSpeech=CC] [Text=here CharacterOffsetBegin=844 CharacterOffsetEnd=848 PartOfSpeech=RB] [Text=, CharacterOffsetBegin=848 CharacterOffsetEnd=849 PartOfSpeech=,] [Text=Sharifah CharacterOffsetBegin=850 CharacterOffsetEnd=858 PartOfSpeech=NNP] [Text=Amani CharacterOffsetBegin=859 CharacterOffsetEnd=864 PartOfSpeech=NNP] [Text='s CharacterOffsetBegin=864 CharacterOffsetEnd=866 PartOfSpeech=POS] [Text=sisters CharacterOffsetBegin=867 CharacterOffsetEnd=874 PartOfSpeech=NNS] [Text=Sharifah CharacterOffsetBegin=875 CharacterOffsetEnd=883 PartOfSpeech=NNP] [Text=Aryana CharacterOffsetBegin=884 CharacterOffsetEnd=890 PartOfSpeech=NNP] [Text=and CharacterOffsetBegin=891 CharacterOffsetEnd=894 PartOfSpeech=CC] [Text=Sharifah CharacterOffsetBegin=895 CharacterOffsetEnd=903 PartOfSpeech=NNP] [Text=Aleya CharacterOffsetBegin=904 CharacterOffsetEnd=909 PartOfSpeech=NNP] [Text=take CharacterOffsetBegin=910 CharacterOffsetEnd=914 PartOfSpeech=VB] [Text=on CharacterOffsetBegin=915 CharacterOffsetEnd=917 PartOfSpeech=RP] [Text=the CharacterOffsetBegin=918 CharacterOffsetEnd=921 PartOfSpeech=DT] [Text=roles CharacterOffsetBegin=922 CharacterOffsetEnd=927 PartOfSpeech=NNS] [Text=of CharacterOffsetBegin=928 CharacterOffsetEnd=930 PartOfSpeech=IN] [Text=Orked CharacterOffsetBegin=931 CharacterOffsetEnd=936 PartOfSpeech=NNP] [Text=and CharacterOffsetBegin=937 CharacterOffsetEnd=940 PartOfSpeech=CC] [Text=Mak CharacterOffsetBegin=941 CharacterOffsetEnd=944 PartOfSpeech=NNP] [Text=Inom CharacterOffsetBegin=945 CharacterOffsetEnd=949 PartOfSpeech=NNP] [Text=respectively CharacterOffsetBegin=950 CharacterOffsetEnd=962 PartOfSpeech=RB] [Text=, CharacterOffsetBegin=962 CharacterOffsetEnd=963 PartOfSpeech=,] [Text=which CharacterOffsetBegin=964 CharacterOffsetEnd=969 PartOfSpeech=WDT] [Text=perhaps CharacterOffsetBegin=970 CharacterOffsetEnd=977 PartOfSpeech=RB] [Text=accounted CharacterOffsetBegin=978 CharacterOffsetEnd=987 PartOfSpeech=VBD] [Text=for CharacterOffsetBegin=988 CharacterOffsetEnd=991 PartOfSpeech=IN] [Text=their CharacterOffsetBegin=992 CharacterOffsetEnd=997 PartOfSpeech=PRP$] [Text=excellent CharacterOffsetBegin=998 CharacterOffsetEnd=1007 PartOfSpeech=JJ] [Text=chemistry CharacterOffsetBegin=1008 CharacterOffsetEnd=1017 PartOfSpeech=NN] [Text=together CharacterOffsetBegin=1018 CharacterOffsetEnd=1026 PartOfSpeech=RB] [Text=on CharacterOffsetBegin=1027 CharacterOffsetEnd=1029 PartOfSpeech=IN] [Text=screen CharacterOffsetBegin=1030 CharacterOffsetEnd=1036 PartOfSpeech=NN] [Text=, CharacterOffsetBegin=1036 CharacterOffsetEnd=1037 PartOfSpeech=,] [Text=nevermind CharacterOffsetBegin=1038 CharacterOffsetEnd=1047 PartOfSpeech=NN] [Text=that CharacterOffsetBegin=1048 CharacterOffsetEnd=1052 PartOfSpeech=IN] [Text=their CharacterOffsetBegin=1053 CharacterOffsetEnd=1058 PartOfSpeech=PRP$] [Text=not CharacterOffsetBegin=1059 CharacterOffsetEnd=1062 PartOfSpeech=RB] [Text=playing CharacterOffsetBegin=1063 CharacterOffsetEnd=1070 PartOfSpeech=VBG] [Text=sibling CharacterOffsetBegin=1071 CharacterOffsetEnd=1078 PartOfSpeech=NN] [Text=roles CharacterOffsetBegin=1079 CharacterOffsetEnd=1084 PartOfSpeech=NNS] [Text=. CharacterOffsetBegin=1084 CharacterOffsetEnd=1085 PartOfSpeech=.] 
root(ROOT-0, younger-5)
det(characters-2, The-1)
nsubj(younger-5, characters-2)
cop(younger-5, are-3)
advmod(younger-5, all-4)
prep(younger-5, from-6)
det(movies-8, the-7)
pobj(from-6, movies-8)
nsubj(journeyed-11, we-9)
aux(journeyed-11, 've-10)
rcmod(movies-8, journeyed-11)
prep(journeyed-11, with-12)
pobj(with-12, them-13)
punct(younger-5, ,-14)
prep(younger-5, from-15)
pobj(from-15, Rabun-16)
prep(from-15, to-17)
pobj(to-17, Gubra-18)
punct(younger-5, ,-19)
cc(younger-5, and-20)
conj(younger-5, here-21)
punct(younger-5, ,-22)
nn(Amani-24, Sharifah-23)
poss(Aryana-28, Amani-24)
possessive(Amani-24, 's-25)
nn(Aryana-28, sisters-26)
nn(Aryana-28, Sharifah-27)
nsubj(take-32, Aryana-28)
cc(Aryana-28, and-29)
nn(Aleya-31, Sharifah-30)
conj(Aryana-28, Aleya-31)
ccomp(younger-5, take-32)
prt(take-32, on-33)
det(roles-35, the-34)
dobj(take-32, roles-35)
prep(roles-35, of-36)
pobj(of-36, Orked-37)
cc(Orked-37, and-38)
nn(Inom-40, Mak-39)
conj(Orked-37, Inom-40)
advmod(Orked-37, respectively-41)
punct(Orked-37, ,-42)
nsubj(accounted-45, which-43)
advmod(accounted-45, perhaps-44)
rcmod(Orked-37, accounted-45)
prep(accounted-45, for-46)
poss(chemistry-49, their-47)
amod(chemistry-49, excellent-48)
pobj(for-46, chemistry-49)
advmod(accounted-45, together-50)
prep(accounted-45, on-51)
pobj(on-51, screen-52)
punct(Orked-37, ,-53)
appos(Orked-37, nevermind-54)
prep(nevermind-54, that-55)
dep(that-55, their-56)
neg(playing-58, not-57)
partmod(their-56, playing-58)
nn(roles-60, sibling-59)
dobj(playing-58, roles-60)
punct(younger-5, .-61)

Sentence #7 (24 tokens):
The only constant it seems is Kak Yam, played by Adibah Noor, and even Pak Atan has hair on his head!
[Text=The CharacterOffsetBegin=1090 CharacterOffsetEnd=1093 PartOfSpeech=DT] [Text=only CharacterOffsetBegin=1094 CharacterOffsetEnd=1098 PartOfSpeech=JJ] [Text=constant CharacterOffsetBegin=1099 CharacterOffsetEnd=1107 PartOfSpeech=JJ] [Text=it CharacterOffsetBegin=1108 CharacterOffsetEnd=1110 PartOfSpeech=PRP] [Text=seems CharacterOffsetBegin=1111 CharacterOffsetEnd=1116 PartOfSpeech=VBZ] [Text=is CharacterOffsetBegin=1117 CharacterOffsetEnd=1119 PartOfSpeech=VBZ] [Text=Kak CharacterOffsetBegin=1120 CharacterOffsetEnd=1123 PartOfSpeech=NNP] [Text=Yam CharacterOffsetBegin=1124 CharacterOffsetEnd=1127 PartOfSpeech=NNP] [Text=, CharacterOffsetBegin=1127 CharacterOffsetEnd=1128 PartOfSpeech=,] [Text=played CharacterOffsetBegin=1129 CharacterOffsetEnd=1135 PartOfSpeech=VBN] [Text=by CharacterOffsetBegin=1136 CharacterOffsetEnd=1138 PartOfSpeech=IN] [Text=Adibah CharacterOffsetBegin=1139 CharacterOffsetEnd=1145 PartOfSpeech=NNP] [Text=Noor CharacterOffsetBegin=1146 CharacterOffsetEnd=1150 PartOfSpeech=NNP] [Text=, CharacterOffsetBegin=1150 CharacterOffsetEnd=1151 PartOfSpeech=,] [Text=and CharacterOffsetBegin=1152 CharacterOffsetEnd=1155 PartOfSpeech=CC] [Text=even CharacterOffsetBegin=1156 CharacterOffsetEnd=1160 PartOfSpeech=RB] [Text=Pak CharacterOffsetBegin=1161 CharacterOffsetEnd=1164 PartOfSpeech=NNP] [Text=Atan CharacterOffsetBegin=1165 CharacterOffsetEnd=1169 PartOfSpeech=NNP] [Text=has CharacterOffsetBegin=1170 CharacterOffsetEnd=1173 PartOfSpeech=VBZ] [Text=hair CharacterOffsetBegin=1174 CharacterOffsetEnd=1178 PartOfSpeech=NN] [Text=on CharacterOffsetBegin=1179 CharacterOffsetEnd=1181 PartOfSpeech=IN] [Text=his CharacterOffsetBegin=1182 CharacterOffsetEnd=1185 PartOfSpeech=PRP$] [Text=head CharacterOffsetBegin=1186 CharacterOffsetEnd=1190 PartOfSpeech=NN] [Text=! CharacterOffsetBegin=1190 CharacterOffsetEnd=1191 PartOfSpeech=.] 
root(ROOT-0, Yam-8)
det(constant-3, The-1)
amod(constant-3, only-2)
nsubj(Yam-8, constant-3)
nsubj(seems-5, it-4)
ccomp(constant-3, seems-5)
cop(Yam-8, is-6)
nn(Yam-8, Kak-7)
punct(Yam-8, ,-9)
partmod(Yam-8, played-10)
prep(played-10, by-11)
nn(Noor-13, Adibah-12)
pobj(by-11, Noor-13)
punct(Yam-8, ,-14)
cc(Yam-8, and-15)
advmod(Atan-18, even-16)
nn(Atan-18, Pak-17)
nsubj(has-19, Atan-18)
conj(Yam-8, has-19)
dobj(has-19, hair-20)
prep(has-19, on-21)
poss(head-23, his-22)
pobj(on-21, head-23)
punct(Yam-8, !-24)

Sentence #8 (23 tokens):
Through Mukshin the movie, we come full circle with the characters, and the world that Yasmin has introduced us to.
[Text=Through CharacterOffsetBegin=1196 CharacterOffsetEnd=1203 PartOfSpeech=IN] [Text=Mukshin CharacterOffsetBegin=1204 CharacterOffsetEnd=1211 PartOfSpeech=NNP] [Text=the CharacterOffsetBegin=1212 CharacterOffsetEnd=1215 PartOfSpeech=DT] [Text=movie CharacterOffsetBegin=1216 CharacterOffsetEnd=1221 PartOfSpeech=NN] [Text=, CharacterOffsetBegin=1221 CharacterOffsetEnd=1222 PartOfSpeech=,] [Text=we CharacterOffsetBegin=1223 CharacterOffsetEnd=1225 PartOfSpeech=PRP] [Text=come CharacterOffsetBegin=1226 CharacterOffsetEnd=1230 PartOfSpeech=VBP] [Text=full CharacterOffsetBegin=1231 CharacterOffsetEnd=1235 PartOfSpeech=JJ] [Text=circle CharacterOffsetBegin=1236 CharacterOffsetEnd=1242 PartOfSpeech=NN] [Text=with CharacterOffsetBegin=1243 CharacterOffsetEnd=1247 PartOfSpeech=IN] [Text=the CharacterOffsetBegin=1248 CharacterOffsetEnd=1251 PartOfSpeech=DT] [Text=characters CharacterOffsetBegin=1252 CharacterOffsetEnd=1262 PartOfSpeech=NNS] [Text=, CharacterOffsetBegin=1262 CharacterOffsetEnd=1263 PartOfSpeech=,] [Text=and CharacterOffsetBegin=1264 CharacterOffsetEnd=1267 PartOfSpeech=CC] [Text=the CharacterOffsetBegin=1268 CharacterOffsetEnd=1271 PartOfSpeech=DT] [Text=world CharacterOffsetBegin=1272 CharacterOffsetEnd=1277 PartOfSpeech=NN] [Text=that CharacterOffsetBegin=1278 CharacterOffsetEnd=1282 PartOfSpeech=WDT] [Text=Yasmin CharacterOffsetBegin=1283 CharacterOffsetEnd=1289 PartOfSpeech=NNP] [Text=has CharacterOffsetBegin=1290 CharacterOffsetEnd=1293 PartOfSpeech=VBZ] [Text=introduced CharacterOffsetBegin=1294 CharacterOffsetEnd=1304 PartOfSpeech=VBN] [Text=us CharacterOffsetBegin=1305 CharacterOffsetEnd=1307 PartOfSpeech=PRP] [Text=to CharacterOffsetBegin=1308 CharacterOffsetEnd=1310 PartOfSpeech=TO] [Text=. CharacterOffsetBegin=1310 CharacterOffsetEnd=1311 PartOfSpeech=.] 
root(ROOT-0, come-7)
prep(come-7, Through-1)
nn(movie-4, Mukshin-2)
det(movie-4, the-3)
pobj(Through-1, movie-4)
punct(come-7, ,-5)
nsubj(come-7, we-6)
amod(circle-9, full-8)
dobj(come-7, circle-9)
prep(come-7, with-10)
det(characters-12, the-11)
pobj(with-10, characters-12)
punct(come-7, ,-13)
cc(come-7, and-14)
det(world-16, the-15)
conj(come-7, world-16)
dobj(introduced-20, that-17)
nsubj(introduced-20, Yasmin-18)
aux(introduced-20, has-19)
rcmod(world-16, introduced-20)
dobj(introduced-20, us-21)
prep(introduced-20, to-22)
punct(come-7, .-23)

Sentence #9 (70 tokens):
We come to learn of and understand the family a little bit more, set in the days when they're still living in their kampung (revisited back in Rabun), where Orked attends a Chinese school, and packs some serious combination of punches (and you wonder about that burst of energy in Gubra, well, she had it in her since young!)
[Text=We CharacterOffsetBegin=1316 CharacterOffsetEnd=1318 PartOfSpeech=PRP] [Text=come CharacterOffsetBegin=1319 CharacterOffsetEnd=1323 PartOfSpeech=VBP] [Text=to CharacterOffsetBegin=1324 CharacterOffsetEnd=1326 PartOfSpeech=TO] [Text=learn CharacterOffsetBegin=1327 CharacterOffsetEnd=1332 PartOfSpeech=VB] [Text=of CharacterOffsetBegin=1333 CharacterOffsetEnd=1335 PartOfSpeech=IN] [Text=and CharacterOffsetBegin=1336 CharacterOffsetEnd=1339 PartOfSpeech=CC] [Text=understand CharacterOffsetBegin=1340 CharacterOffsetEnd=1350 PartOfSpeech=VB] [Text=the CharacterOffsetBegin=1351 CharacterOffsetEnd=1354 PartOfSpeech=DT] [Text=family CharacterOffsetBegin=1355 CharacterOffsetEnd=1361 PartOfSpeech=NN] [Text=a CharacterOffsetBegin=1362 CharacterOffsetEnd=1363 PartOfSpeech=DT] [Text=little CharacterOffsetBegin=1364 CharacterOffsetEnd=1370 PartOfSpeech=JJ] [Text=bit CharacterOffsetBegin=1371 CharacterOffsetEnd=1374 PartOfSpeech=NN] [Text=more CharacterOffsetBegin=1375 CharacterOffsetEnd=1379 PartOfSpeech=RBR] [Text=, CharacterOffsetBegin=1379 CharacterOffsetEnd=1380 PartOfSpeech=,] [Text=set CharacterOffsetBegin=1381 CharacterOffsetEnd=1384 PartOfSpeech=VBN] [Text=in CharacterOffsetBegin=1385 CharacterOffsetEnd=1387 PartOfSpeech=IN] [Text=the CharacterOffsetBegin=1388 CharacterOffsetEnd=1391 PartOfSpeech=DT] [Text=days CharacterOffsetBegin=1392 CharacterOffsetEnd=1396 PartOfSpeech=NNS] [Text=when CharacterOffsetBegin=1397 CharacterOffsetEnd=1401 PartOfSpeech=WRB] [Text=they CharacterOffsetBegin=1402 CharacterOffsetEnd=1406 PartOfSpeech=PRP] [Text='re CharacterOffsetBegin=1406 CharacterOffsetEnd=1409 PartOfSpeech=VBP] [Text=still CharacterOffsetBegin=1410 CharacterOffsetEnd=1415 PartOfSpeech=RB] [Text=living CharacterOffsetBegin=1416 CharacterOffsetEnd=1422 PartOfSpeech=VBG] [Text=in CharacterOffsetBegin=1423 CharacterOffsetEnd=1425 PartOfSpeech=IN] [Text=their CharacterOffsetBegin=1426 CharacterOffsetEnd=1431 PartOfSpeech=PRP$] [Text=kampung CharacterOffsetBegin=1432 CharacterOffsetEnd=1439 PartOfSpeech=NN] [Text=-LRB- CharacterOffsetBegin=1440 CharacterOffsetEnd=1441 PartOfSpeech=-LRB-] [Text=revisited CharacterOffsetBegin=1441 CharacterOffsetEnd=1450 PartOfSpeech=VBN] [Text=back CharacterOffsetBegin=1451 CharacterOffsetEnd=1455 PartOfSpeech=RB] [Text=in CharacterOffsetBegin=1456 CharacterOffsetEnd=1458 PartOfSpeech=IN] [Text=Rabun CharacterOffsetBegin=1459 CharacterOffsetEnd=1464 PartOfSpeech=NN] [Text=-RRB- CharacterOffsetBegin=1464 CharacterOffsetEnd=1465 PartOfSpeech=-RRB-] [Text=, CharacterOffsetBegin=1465 CharacterOffsetEnd=1466 PartOfSpeech=,] [Text=where CharacterOffsetBegin=1467 CharacterOffsetEnd=1472 PartOfSpeech=WRB] [Text=Orked CharacterOffsetBegin=1473 CharacterOffsetEnd=1478 PartOfSpeech=NNP] [Text=attends CharacterOffsetBegin=1479 CharacterOffsetEnd=1486 PartOfSpeech=VBZ] [Text=a CharacterOffsetBegin=1487 CharacterOffsetEnd=1488 PartOfSpeech=DT] [Text=Chinese CharacterOffsetBegin=1489 CharacterOffsetEnd=1496 PartOfSpeech=JJ] [Text=school CharacterOffsetBegin=1497 CharacterOffsetEnd=1503 PartOfSpeech=NN] [Text=, CharacterOffsetBegin=1503 CharacterOffsetEnd=1504 PartOfSpeech=,] [Text=and CharacterOffsetBegin=1505 CharacterOffsetEnd=1508 PartOfSpeech=CC] [Text=packs CharacterOffsetBegin=1509 CharacterOffsetEnd=1514 PartOfSpeech=VBZ] [Text=some CharacterOffsetBegin=1515 CharacterOffsetEnd=1519 PartOfSpeech=DT] [Text=serious CharacterOffsetBegin=1520 CharacterOffsetEnd=1527 PartOfSpeech=JJ] [Text=combination CharacterOffsetBegin=1528 CharacterOffsetEnd=1539 PartOfSpeech=NN] [Text=of CharacterOffsetBegin=1540 CharacterOffsetEnd=1542 PartOfSpeech=IN] [Text=punches CharacterOffsetBegin=1543 CharacterOffsetEnd=1550 PartOfSpeech=NNS] [Text=-LRB- CharacterOffsetBegin=1551 CharacterOffsetEnd=1552 PartOfSpeech=-LRB-] [Text=and CharacterOffsetBegin=1552 CharacterOffsetEnd=1555 PartOfSpeech=CC] [Text=you CharacterOffsetBegin=1556 CharacterOffsetEnd=1559 PartOfSpeech=PRP] [Text=wonder CharacterOffsetBegin=1560 CharacterOffsetEnd=1566 PartOfSpeech=VBP] [Text=about CharacterOffsetBegin=1567 CharacterOffsetEnd=1572 PartOfSpeech=IN] [Text=that CharacterOffsetBegin=1573 CharacterOffsetEnd=1577 PartOfSpeech=DT] [Text=burst CharacterOffsetBegin=1578 CharacterOffsetEnd=1583 PartOfSpeech=NN] [Text=of CharacterOffsetBegin=1584 CharacterOffsetEnd=1586 PartOfSpeech=IN] [Text=energy CharacterOffsetBegin=1587 CharacterOffsetEnd=1593 PartOfSpeech=NN] [Text=in CharacterOffsetBegin=1594 CharacterOffsetEnd=1596 PartOfSpeech=IN] [Text=Gubra CharacterOffsetBegin=1597 CharacterOffsetEnd=1602 PartOfSpeech=NNP] [Text=, CharacterOffsetBegin=1602 CharacterOffsetEnd=1603 PartOfSpeech=,] [Text=well CharacterOffsetBegin=1604 CharacterOffsetEnd=1608 PartOfSpeech=RB] [Text=, CharacterOffsetBegin=1608 CharacterOffsetEnd=1609 PartOfSpeech=,] [Text=she CharacterOffsetBegin=1610 CharacterOffsetEnd=1613 PartOfSpeech=PRP] [Text=had CharacterOffsetBegin=1614 CharacterOffsetEnd=1617 PartOfSpeech=VBD] [Text=it CharacterOffsetBegin=1618 CharacterOffsetEnd=1620 PartOfSpeech=PRP] [Text=in CharacterOffsetBegin=1621 CharacterOffsetEnd=1623 PartOfSpeech=IN] [Text=her CharacterOffsetBegin=1624 CharacterOffsetEnd=1627 PartOfSpeech=PRP$] [Text=since CharacterOffsetBegin=1628 CharacterOffsetEnd=1633 PartOfSpeech=IN] [Text=young CharacterOffsetBegin=1634 CharacterOffsetEnd=1639 PartOfSpeech=JJ] [Text=! CharacterOffsetBegin=1639 CharacterOffsetEnd=1640 PartOfSpeech=.] [Text=-RRB- CharacterOffsetBegin=1640 CharacterOffsetEnd=1641 PartOfSpeech=-RRB-] 
root(ROOT-0, come-2)
nsubj(come-2, We-1)
aux(learn-4, to-3)
xcomp(come-2, learn-4)
prep(learn-4, of-5)
cc(come-2, and-6)
conj(come-2, understand-7)
det(family-9, the-8)
dobj(understand-7, family-9)
det(bit-12, a-10)
amod(bit-12, little-11)
npadvmod(more-13, bit-12)
advmod(family-9, more-13)
punct(family-9, ,-14)
partmod(family-9, set-15)
prep(set-15, in-16)
det(days-18, the-17)
pobj(in-16, days-18)
advmod(living-23, when-19)
nsubj(living-23, they-20)
aux(living-23, 're-21)
advmod(living-23, still-22)
rcmod(days-18, living-23)
prep(living-23, in-24)
poss(kampung-26, their-25)
pobj(in-24, kampung-26)
punct(revisited-28, -LRB--27)
dep(kampung-26, revisited-28)
advmod(revisited-28, back-29)
prep(back-29, in-30)
pobj(in-30, Rabun-31)
punct(revisited-28, -RRB--32)
punct(kampung-26, ,-33)
advmod(attends-36, where-34)
nsubj(attends-36, Orked-35)
rcmod(kampung-26, attends-36)
det(school-39, a-37)
amod(school-39, Chinese-38)
dobj(attends-36, school-39)
punct(family-9, ,-40)
cc(come-2, and-41)
conj(come-2, packs-42)
det(combination-45, some-43)
amod(combination-45, serious-44)
dobj(packs-42, combination-45)
prep(combination-45, of-46)
pobj(of-46, punches-47)
punct(wonder-51, -LRB--48)
cc(wonder-51, and-49)
nsubj(wonder-51, you-50)
dep(punches-47, wonder-51)
prep(wonder-51, about-52)
nsubj(burst-54, that-53)
pcomp(about-52, burst-54)
prep(burst-54, of-55)
pobj(of-55, energy-56)
prep(burst-54, in-57)
pobj(in-57, Gubra-58)
punct(Gubra-58, ,-59)
advmod(Gubra-58, well-60)
punct(wonder-51, ,-61)
nsubj(had-63, she-62)
ccomp(wonder-51, had-63)
dobj(had-63, it-64)
prep(had-63, in-65)
pobj(in-65, her-66)
prep(her-66, since-67)
pobj(since-67, young-68)
punct(wonder-51, !-69)
punct(come-2, -RRB--70)

Sentence #10 (1 tokens):
.
[Text=. CharacterOffsetBegin=1641 CharacterOffsetEnd=1642 PartOfSpeech=.] 
root(ROOT-0, .-1)

Sentence #11 (79 tokens):
The perennial tomboy and doted child of the family, she prefers playing with the boys in games, rather than mindless "masak-masak" with the girls, and favourite outings include going with the family to football matches.The arrival of a boy called Mukhsin (Mohd Syafie Naswip) to the village provides a cool peer for Orked to hang out and do stuff with - cycling through the villages, climbing trees, flying kites.
[Text=The CharacterOffsetBegin=1647 CharacterOffsetEnd=1650 PartOfSpeech=DT] [Text=perennial CharacterOffsetBegin=1651 CharacterOffsetEnd=1660 PartOfSpeech=JJ] [Text=tomboy CharacterOffsetBegin=1661 CharacterOffsetEnd=1667 PartOfSpeech=NN] [Text=and CharacterOffsetBegin=1668 CharacterOffsetEnd=1671 PartOfSpeech=CC] [Text=doted CharacterOffsetBegin=1672 CharacterOffsetEnd=1677 PartOfSpeech=VBD] [Text=child CharacterOffsetBegin=1678 CharacterOffsetEnd=1683 PartOfSpeech=NN] [Text=of CharacterOffsetBegin=1684 CharacterOffsetEnd=1686 PartOfSpeech=IN] [Text=the CharacterOffsetBegin=1687 CharacterOffsetEnd=1690 PartOfSpeech=DT] [Text=family CharacterOffsetBegin=1691 CharacterOffsetEnd=1697 PartOfSpeech=NN] [Text=, CharacterOffsetBegin=1697 CharacterOffsetEnd=1698 PartOfSpeech=,] [Text=she CharacterOffsetBegin=1699 CharacterOffsetEnd=1702 PartOfSpeech=PRP] [Text=prefers CharacterOffsetBegin=1703 CharacterOffsetEnd=1710 PartOfSpeech=VBZ] [Text=playing CharacterOffsetBegin=1711 CharacterOffsetEnd=1718 PartOfSpeech=VBG] [Text=with CharacterOffsetBegin=1719 CharacterOffsetEnd=1723 PartOfSpeech=IN] [Text=the CharacterOffsetBegin=1724 CharacterOffsetEnd=1727 PartOfSpeech=DT] [Text=boys CharacterOffsetBegin=1728 CharacterOffsetEnd=1732 PartOfSpeech=NNS] [Text=in CharacterOffsetBegin=1733 CharacterOffsetEnd=1735 PartOfSpeech=IN] [Text=games CharacterOffsetBegin=1736 CharacterOffsetEnd=1741 PartOfSpeech=NNS] [Text=, CharacterOffsetBegin=1741 CharacterOffsetEnd=1742 PartOfSpeech=,] [Text=rather CharacterOffsetBegin=1743 CharacterOffsetEnd=1749 PartOfSpeech=RB] [Text=than CharacterOffsetBegin=1750 CharacterOffsetEnd=1754 PartOfSpeech=IN] [Text=mindless CharacterOffsetBegin=1755 CharacterOffsetEnd=1763 PartOfSpeech=JJ] [Text=`` CharacterOffsetBegin=1764 CharacterOffsetEnd=1765 PartOfSpeech=``] [Text=masak-masak CharacterOffsetBegin=1765 CharacterOffsetEnd=1776 PartOfSpeech=NN] [Text='' CharacterOffsetBegin=1776 CharacterOffsetEnd=1777 PartOfSpeech=''] [Text=with CharacterOffsetBegin=1778 CharacterOffsetEnd=1782 PartOfSpeech=IN] [Text=the CharacterOffsetBegin=1783 CharacterOffsetEnd=1786 PartOfSpeech=DT] [Text=girls CharacterOffsetBegin=1787 CharacterOffsetEnd=1792 PartOfSpeech=NNS] [Text=, CharacterOffsetBegin=1792 CharacterOffsetEnd=1793 PartOfSpeech=,] [Text=and CharacterOffsetBegin=1794 CharacterOffsetEnd=1797 PartOfSpeech=CC] [Text=favourite CharacterOffsetBegin=1798 CharacterOffsetEnd=1807 PartOfSpeech=JJ] [Text=outings CharacterOffsetBegin=1808 CharacterOffsetEnd=1815 PartOfSpeech=NNS] [Text=include CharacterOffsetBegin=1816 CharacterOffsetEnd=1823 PartOfSpeech=VBP] [Text=going CharacterOffsetBegin=1824 CharacterOffsetEnd=1829 PartOfSpeech=VBG] [Text=with CharacterOffsetBegin=1830 CharacterOffsetEnd=1834 PartOfSpeech=IN] [Text=the CharacterOffsetBegin=1835 CharacterOffsetEnd=1838 PartOfSpeech=DT] [Text=family CharacterOffsetBegin=1839 CharacterOffsetEnd=1845 PartOfSpeech=NN] [Text=to CharacterOffsetBegin=1846 CharacterOffsetEnd=1848 PartOfSpeech=TO] [Text=football CharacterOffsetBegin=1849 CharacterOffsetEnd=1857 PartOfSpeech=NN] [Text=matches.The CharacterOffsetBegin=1858 CharacterOffsetEnd=1869 PartOfSpeech=NN] [Text=arrival CharacterOffsetBegin=1870 CharacterOffsetEnd=1877 PartOfSpeech=NN] [Text=of CharacterOffsetBegin=1878 CharacterOffsetEnd=1880 PartOfSpeech=IN] [Text=a CharacterOffsetBegin=1881 CharacterOffsetEnd=1882 PartOfSpeech=DT] [Text=boy CharacterOffsetBegin=1883 CharacterOffsetEnd=1886 PartOfSpeech=NN] [Text=called CharacterOffsetBegin=1887 CharacterOffsetEnd=1893 PartOfSpeech=VBN] [Text=Mukhsin CharacterOffsetBegin=1894 CharacterOffsetEnd=1901 PartOfSpeech=NNP] [Text=-LRB- CharacterOffsetBegin=1902 CharacterOffsetEnd=1903 PartOfSpeech=-LRB-] [Text=Mohd CharacterOffsetBegin=1903 CharacterOffsetEnd=1907 PartOfSpeech=NNP] [Text=Syafie CharacterOffsetBegin=1908 CharacterOffsetEnd=1914 PartOfSpeech=NNP] [Text=Naswip CharacterOffsetBegin=1915 CharacterOffsetEnd=1921 PartOfSpeech=NNP] [Text=-RRB- CharacterOffsetBegin=1921 CharacterOffsetEnd=1922 PartOfSpeech=-RRB-] [Text=to CharacterOffsetBegin=1923 CharacterOffsetEnd=1925 PartOfSpeech=TO] [Text=the CharacterOffsetBegin=1926 CharacterOffsetEnd=1929 PartOfSpeech=DT] [Text=village CharacterOffsetBegin=1930 CharacterOffsetEnd=1937 PartOfSpeech=NN] [Text=provides CharacterOffsetBegin=1938 CharacterOffsetEnd=1946 PartOfSpeech=VBZ] [Text=a CharacterOffsetBegin=1947 CharacterOffsetEnd=1948 PartOfSpeech=DT] [Text=cool CharacterOffsetBegin=1949 CharacterOffsetEnd=1953 PartOfSpeech=JJ] [Text=peer CharacterOffsetBegin=1954 CharacterOffsetEnd=1958 PartOfSpeech=VB] [Text=for CharacterOffsetBegin=1959 CharacterOffsetEnd=1962 PartOfSpeech=IN] [Text=Orked CharacterOffsetBegin=1963 CharacterOffsetEnd=1968 PartOfSpeech=NNP] [Text=to CharacterOffsetBegin=1969 CharacterOffsetEnd=1971 PartOfSpeech=TO] [Text=hang CharacterOffsetBegin=1972 CharacterOffsetEnd=1976 PartOfSpeech=VB] [Text=out CharacterOffsetBegin=1977 CharacterOffsetEnd=1980 PartOfSpeech=RP] [Text=and CharacterOffsetBegin=1981 CharacterOffsetEnd=1984 PartOfSpeech=CC] [Text=do CharacterOffsetBegin=1985 CharacterOffsetEnd=1987 PartOfSpeech=VBP] [Text=stuff CharacterOffsetBegin=1988 CharacterOffsetEnd=1993 PartOfSpeech=NN] [Text=with CharacterOffsetBegin=1994 CharacterOffsetEnd=1998 PartOfSpeech=IN] [Text=- CharacterOffsetBegin=1999 CharacterOffsetEnd=2000 PartOfSpeech=:] [Text=cycling CharacterOffsetBegin=2001 CharacterOffsetEnd=2008 PartOfSpeech=NN] [Text=through CharacterOffsetBegin=2009 CharacterOffsetEnd=2016 PartOfSpeech=IN] [Text=the CharacterOffsetBegin=2017 CharacterOffsetEnd=2020 PartOfSpeech=DT] [Text=villages CharacterOffsetBegin=2021 CharacterOffsetEnd=2029 PartOfSpeech=NNS] [Text=, CharacterOffsetBegin=2029 CharacterOffsetEnd=2030 PartOfSpeech=,] [Text=climbing CharacterOffsetBegin=2031 CharacterOffsetEnd=2039 PartOfSpeech=VBG] [Text=trees CharacterOffsetBegin=2040 CharacterOffsetEnd=2045 PartOfSpeech=NNS] [Text=, CharacterOffsetBegin=2045 CharacterOffsetEnd=2046 PartOfSpeech=,] [Text=flying CharacterOffsetBegin=2047 CharacterOffsetEnd=2053 PartOfSpeech=VBG] [Text=kites CharacterOffsetBegin=2054 CharacterOffsetEnd=2059 PartOfSpeech=NNS] [Text=. CharacterOffsetBegin=2059 CharacterOffsetEnd=2060 PartOfSpeech=.] 
root(ROOT-0, prefers-12)
det(tomboy-3, The-1)
amod(tomboy-3, perennial-2)
nsubj(prefers-12, tomboy-3)
cc(tomboy-3, and-4)
nn(child-6, doted-5)
conj(tomboy-3, child-6)
prep(tomboy-3, of-7)
det(family-9, the-8)
pobj(of-7, family-9)
punct(prefers-12, ,-10)
nsubj(prefers-12, she-11)
xcomp(prefers-12, playing-13)
prep(playing-13, with-14)
det(boys-16, the-15)
pobj(with-14, boys-16)
prep(boys-16, in-17)
pobj(in-17, games-18)
punct(prefers-12, ,-19)
advmod(than-21, rather-20)
prep(prefers-12, than-21)
amod(masak-masak-24, mindless-22)
punct(masak-masak-24, ``-23)
pobj(than-21, masak-masak-24)
punct(masak-masak-24, ''-25)
prep(masak-masak-24, with-26)
det(girls-28, the-27)
pobj(with-26, girls-28)
punct(prefers-12, ,-29)
cc(prefers-12, and-30)
amod(outings-32, favourite-31)
nsubj(include-33, outings-32)
conj(prefers-12, include-33)
csubj(provides-55, going-34)
prep(going-34, with-35)
det(family-37, the-36)
pobj(with-35, family-37)
prep(going-34, to-38)
nn(arrival-41, football-39)
nn(arrival-41, matches.The-40)
pobj(to-38, arrival-41)
prep(arrival-41, of-42)
det(boy-44, a-43)
pobj(of-42, boy-44)
partmod(boy-44, called-45)
dep(called-45, Mukhsin-46)
punct(Naswip-50, -LRB--47)
nn(Naswip-50, Mohd-48)
nn(Naswip-50, Syafie-49)
appos(Mukhsin-46, Naswip-50)
punct(Naswip-50, -RRB--51)
prep(called-45, to-52)
det(village-54, the-53)
pobj(to-52, village-54)
ccomp(include-33, provides-55)
det(peer-58, a-56)
amod(peer-58, cool-57)
dobj(provides-55, peer-58)
mark(hang-62, for-59)
nsubj(hang-62, Orked-60)
aux(hang-62, to-61)
advcl(peer-58, hang-62)
prt(hang-62, out-63)
cc(hang-62, and-64)
conj(hang-62, do-65)
dobj(do-65, stuff-66)
prep(hang-62, with-67)
punct(cycling-69, --68)
pobj(with-67, cycling-69)
prep(hang-62, through-70)
det(villages-72, the-71)
pobj(through-70, villages-72)
punct(villages-72, ,-73)
amod(trees-75, climbing-74)
conj(villages-72, trees-75)
punct(villages-72, ,-76)
amod(kites-78, flying-77)
appos(villages-72, kites-78)
punct(prefers-12, .-79)

Sentence #12 (64 tokens):
And as what is desired to be explored, the crossing of that line between friendship and romance, both beautiful emotions.Mukhsin does have its cheeky moments which liven up the story, and bring about laughter, because some of the incidents, we would have experienced it ourselves, and sometimes serve as a throwback to our own recollection of childhood.
[Text=And CharacterOffsetBegin=2065 CharacterOffsetEnd=2068 PartOfSpeech=CC] [Text=as CharacterOffsetBegin=2069 CharacterOffsetEnd=2071 PartOfSpeech=IN] [Text=what CharacterOffsetBegin=2072 CharacterOffsetEnd=2076 PartOfSpeech=WP] [Text=is CharacterOffsetBegin=2077 CharacterOffsetEnd=2079 PartOfSpeech=VBZ] [Text=desired CharacterOffsetBegin=2080 CharacterOffsetEnd=2087 PartOfSpeech=VBN] [Text=to CharacterOffsetBegin=2088 CharacterOffsetEnd=2090 PartOfSpeech=TO] [Text=be CharacterOffsetBegin=2091 CharacterOffsetEnd=2093 PartOfSpeech=VB] [Text=explored CharacterOffsetBegin=2094 CharacterOffsetEnd=2102 PartOfSpeech=VBN] [Text=, CharacterOffsetBegin=2102 CharacterOffsetEnd=2103 PartOfSpeech=,] [Text=the CharacterOffsetBegin=2104 CharacterOffsetEnd=2107 PartOfSpeech=DT] [Text=crossing CharacterOffsetBegin=2108 CharacterOffsetEnd=2116 PartOfSpeech=VBG] [Text=of CharacterOffsetBegin=2117 CharacterOffsetEnd=2119 PartOfSpeech=IN] [Text=that CharacterOffsetBegin=2120 CharacterOffsetEnd=2124 PartOfSpeech=DT] [Text=line CharacterOffsetBegin=2125 CharacterOffsetEnd=2129 PartOfSpeech=NN] [Text=between CharacterOffsetBegin=2130 CharacterOffsetEnd=2137 PartOfSpeech=IN] [Text=friendship CharacterOffsetBegin=2138 CharacterOffsetEnd=2148 PartOfSpeech=NN] [Text=and CharacterOffsetBegin=2149 CharacterOffsetEnd=2152 PartOfSpeech=CC] [Text=romance CharacterOffsetBegin=2153 CharacterOffsetEnd=2160 PartOfSpeech=NN] [Text=, CharacterOffsetBegin=2160 CharacterOffsetEnd=2161 PartOfSpeech=,] [Text=both CharacterOffsetBegin=2162 CharacterOffsetEnd=2166 PartOfSpeech=CC] [Text=beautiful CharacterOffsetBegin=2167 CharacterOffsetEnd=2176 PartOfSpeech=JJ] [Text=emotions.Mukhsin CharacterOffsetBegin=2177 CharacterOffsetEnd=2193 PartOfSpeech=NN] [Text=does CharacterOffsetBegin=2194 CharacterOffsetEnd=2198 PartOfSpeech=VBZ] [Text=have CharacterOffsetBegin=2199 CharacterOffsetEnd=2203 PartOfSpeech=VB] [Text=its CharacterOffsetBegin=2204 CharacterOffsetEnd=2207 PartOfSpeech=PRP$] [Text=cheeky CharacterOffsetBegin=2208 CharacterOffsetEnd=2214 PartOfSpeech=JJ] [Text=moments CharacterOffsetBegin=2215 CharacterOffsetEnd=2222 PartOfSpeech=NNS] [Text=which CharacterOffsetBegin=2223 CharacterOffsetEnd=2228 PartOfSpeech=WDT] [Text=liven CharacterOffsetBegin=2229 CharacterOffsetEnd=2234 PartOfSpeech=VBP] [Text=up CharacterOffsetBegin=2235 CharacterOffsetEnd=2237 PartOfSpeech=RP] [Text=the CharacterOffsetBegin=2238 CharacterOffsetEnd=2241 PartOfSpeech=DT] [Text=story CharacterOffsetBegin=2242 CharacterOffsetEnd=2247 PartOfSpeech=NN] [Text=, CharacterOffsetBegin=2247 CharacterOffsetEnd=2248 PartOfSpeech=,] [Text=and CharacterOffsetBegin=2249 CharacterOffsetEnd=2252 PartOfSpeech=CC] [Text=bring CharacterOffsetBegin=2253 CharacterOffsetEnd=2258 PartOfSpeech=VB] [Text=about CharacterOffsetBegin=2259 CharacterOffsetEnd=2264 PartOfSpeech=RB] [Text=laughter CharacterOffsetBegin=2265 CharacterOffsetEnd=2273 PartOfSpeech=NN] [Text=, CharacterOffsetBegin=2273 CharacterOffsetEnd=2274 PartOfSpeech=,] [Text=because CharacterOffsetBegin=2275 CharacterOffsetEnd=2282 PartOfSpeech=IN] [Text=some CharacterOffsetBegin=2283 CharacterOffsetEnd=2287 PartOfSpeech=DT] [Text=of CharacterOffsetBegin=2288 CharacterOffsetEnd=2290 PartOfSpeech=IN] [Text=the CharacterOffsetBegin=2291 CharacterOffsetEnd=2294 PartOfSpeech=DT] [Text=incidents CharacterOffsetBegin=2295 CharacterOffsetEnd=2304 PartOfSpeech=NNS] [Text=, CharacterOffsetBegin=2304 CharacterOffsetEnd=2305 PartOfSpeech=,] [Text=we CharacterOffsetBegin=2306 CharacterOffsetEnd=2308 PartOfSpeech=PRP] [Text=would CharacterOffsetBegin=2309 CharacterOffsetEnd=2314 PartOfSpeech=MD] [Text=have CharacterOffsetBegin=2315 CharacterOffsetEnd=2319 PartOfSpeech=VB] [Text=experienced CharacterOffsetBegin=2320 CharacterOffsetEnd=2331 PartOfSpeech=VBN] [Text=it CharacterOffsetBegin=2332 CharacterOffsetEnd=2334 PartOfSpeech=PRP] [Text=ourselves CharacterOffsetBegin=2335 CharacterOffsetEnd=2344 PartOfSpeech=PRP] [Text=, CharacterOffsetBegin=2344 CharacterOffsetEnd=2345 PartOfSpeech=,] [Text=and CharacterOffsetBegin=2346 CharacterOffsetEnd=2349 PartOfSpeech=CC] [Text=sometimes CharacterOffsetBegin=2350 CharacterOffsetEnd=2359 PartOfSpeech=RB] [Text=serve CharacterOffsetBegin=2360 CharacterOffsetEnd=2365 PartOfSpeech=VB] [Text=as CharacterOffsetBegin=2366 CharacterOffsetEnd=2368 PartOfSpeech=IN] [Text=a CharacterOffsetBegin=2369 CharacterOffsetEnd=2370 PartOfSpeech=DT] [Text=throwback CharacterOffsetBegin=2371 CharacterOffsetEnd=2380 PartOfSpeech=NN] [Text=to CharacterOffsetBegin=2381 CharacterOffsetEnd=2383 PartOfSpeech=TO] [Text=our CharacterOffsetBegin=2384 CharacterOffsetEnd=2387 PartOfSpeech=PRP$] [Text=own CharacterOffsetBegin=2388 CharacterOffsetEnd=2391 PartOfSpeech=JJ] [Text=recollection CharacterOffsetBegin=2392 CharacterOffsetEnd=2404 PartOfSpeech=NN] [Text=of CharacterOffsetBegin=2405 CharacterOffsetEnd=2407 PartOfSpeech=IN] [Text=childhood CharacterOffsetBegin=2408 CharacterOffsetEnd=2417 PartOfSpeech=NN] [Text=. CharacterOffsetBegin=2417 CharacterOffsetEnd=2418 PartOfSpeech=.] 
root(ROOT-0, And-1)
dep(And-1, as-2)
nsubjpass(desired-5, what-3)
auxpass(desired-5, is-4)
pcomp(as-2, desired-5)
aux(explored-8, to-6)
auxpass(explored-8, be-7)
xcomp(desired-5, explored-8)
punct(as-2, ,-9)
det(crossing-11, the-10)
dep(,-9, crossing-11)
prep(crossing-11, of-12)
det(line-14, that-13)
pobj(of-12, line-14)
prep(line-14, between-15)
pobj(between-15, friendship-16)
cc(friendship-16, and-17)
conj(friendship-16, romance-18)
punct(crossing-11, ,-19)
cc(crossing-11, both-20)
amod(emotions.Mukhsin-22, beautiful-21)
nsubj(have-24, emotions.Mukhsin-22)
aux(have-24, does-23)
conj(crossing-11, have-24)
poss(moments-27, its-25)
amod(moments-27, cheeky-26)
dobj(have-24, moments-27)
nsubj(liven-29, which-28)
rcmod(moments-27, liven-29)
prt(liven-29, up-30)
det(story-32, the-31)
dobj(liven-29, story-32)
punct(have-24, ,-33)
cc(have-24, and-34)
conj(have-24, bring-35)
prep(bring-35, about-36)
pobj(about-36, laughter-37)
punct(have-24, ,-38)
mark(experienced-48, because-39)
tmod(experienced-48, some-40)
prep(some-40, of-41)
det(incidents-43, the-42)
pobj(of-41, incidents-43)
punct(experienced-48, ,-44)
nsubj(experienced-48, we-45)
aux(experienced-48, would-46)
aux(experienced-48, have-47)
advcl(have-24, experienced-48)
dobj(experienced-48, it-49)
dep(it-49, ourselves-50)
punct(experienced-48, ,-51)
cc(experienced-48, and-52)
advmod(serve-54, sometimes-53)
conj(experienced-48, serve-54)
prep(serve-54, as-55)
det(throwback-57, a-56)
pobj(as-55, throwback-57)
prep(throwback-57, to-58)
poss(recollection-61, our-59)
amod(recollection-61, own-60)
pobj(to-58, recollection-61)
prep(recollection-61, of-62)
pobj(of-62, childhood-63)
punct(crossing-11, .-64)

Sentence #13 (10 tokens):
In short, those scenes screamed "fun"!
[Text=In CharacterOffsetBegin=2423 CharacterOffsetEnd=2425 PartOfSpeech=IN] [Text=short CharacterOffsetBegin=2426 CharacterOffsetEnd=2431 PartOfSpeech=JJ] [Text=, CharacterOffsetBegin=2431 CharacterOffsetEnd=2432 PartOfSpeech=,] [Text=those CharacterOffsetBegin=2433 CharacterOffsetEnd=2438 PartOfSpeech=DT] [Text=scenes CharacterOffsetBegin=2439 CharacterOffsetEnd=2445 PartOfSpeech=NNS] [Text=screamed CharacterOffsetBegin=2446 CharacterOffsetEnd=2454 PartOfSpeech=VBD] [Text=`` CharacterOffsetBegin=2455 CharacterOffsetEnd=2456 PartOfSpeech=``] [Text=fun CharacterOffsetBegin=2456 CharacterOffsetEnd=2459 PartOfSpeech=NN] [Text='' CharacterOffsetBegin=2459 CharacterOffsetEnd=2460 PartOfSpeech=''] [Text=! CharacterOffsetBegin=2460 CharacterOffsetEnd=2461 PartOfSpeech=.] 
root(ROOT-0, screamed-6)
prep(screamed-6, In-1)
pobj(In-1, short-2)
punct(screamed-6, ,-3)
det(scenes-5, those-4)
nsubj(screamed-6, scenes-5)
punct(screamed-6, ``-7)
dobj(screamed-6, fun-8)
punct(screamed-6, ''-9)
punct(screamed-6, !-10)

Sentence #14 (33 tokens):
We observe the life in a typical kampung, where some neighbours are very nice, while others, the nosy parkers and rumour mongers, spreading ill gossip stemming from envy.
[Text=We CharacterOffsetBegin=2466 CharacterOffsetEnd=2468 PartOfSpeech=PRP] [Text=observe CharacterOffsetBegin=2469 CharacterOffsetEnd=2476 PartOfSpeech=VBP] [Text=the CharacterOffsetBegin=2477 CharacterOffsetEnd=2480 PartOfSpeech=DT] [Text=life CharacterOffsetBegin=2481 CharacterOffsetEnd=2485 PartOfSpeech=NN] [Text=in CharacterOffsetBegin=2486 CharacterOffsetEnd=2488 PartOfSpeech=IN] [Text=a CharacterOffsetBegin=2489 CharacterOffsetEnd=2490 PartOfSpeech=DT] [Text=typical CharacterOffsetBegin=2491 CharacterOffsetEnd=2498 PartOfSpeech=JJ] [Text=kampung CharacterOffsetBegin=2499 CharacterOffsetEnd=2506 PartOfSpeech=NN] [Text=, CharacterOffsetBegin=2506 CharacterOffsetEnd=2507 PartOfSpeech=,] [Text=where CharacterOffsetBegin=2508 CharacterOffsetEnd=2513 PartOfSpeech=WRB] [Text=some CharacterOffsetBegin=2514 CharacterOffsetEnd=2518 PartOfSpeech=DT] [Text=neighbours CharacterOffsetBegin=2519 CharacterOffsetEnd=2529 PartOfSpeech=NNS] [Text=are CharacterOffsetBegin=2530 CharacterOffsetEnd=2533 PartOfSpeech=VBP] [Text=very CharacterOffsetBegin=2534 CharacterOffsetEnd=2538 PartOfSpeech=RB] [Text=nice CharacterOffsetBegin=2539 CharacterOffsetEnd=2543 PartOfSpeech=JJ] [Text=, CharacterOffsetBegin=2543 CharacterOffsetEnd=2544 PartOfSpeech=,] [Text=while CharacterOffsetBegin=2545 CharacterOffsetEnd=2550 PartOfSpeech=IN] [Text=others CharacterOffsetBegin=2551 CharacterOffsetEnd=2557 PartOfSpeech=NNS] [Text=, CharacterOffsetBegin=2557 CharacterOffsetEnd=2558 PartOfSpeech=,] [Text=the CharacterOffsetBegin=2559 CharacterOffsetEnd=2562 PartOfSpeech=DT] [Text=nosy CharacterOffsetBegin=2563 CharacterOffsetEnd=2567 PartOfSpeech=JJ] [Text=parkers CharacterOffsetBegin=2568 CharacterOffsetEnd=2575 PartOfSpeech=NNS] [Text=and CharacterOffsetBegin=2576 CharacterOffsetEnd=2579 PartOfSpeech=CC] [Text=rumour CharacterOffsetBegin=2580 CharacterOffsetEnd=2586 PartOfSpeech=NN] [Text=mongers CharacterOffsetBegin=2587 CharacterOffsetEnd=2594 PartOfSpeech=NNS] [Text=, CharacterOffsetBegin=2594 CharacterOffsetEnd=2595 PartOfSpeech=,] [Text=spreading CharacterOffsetBegin=2596 CharacterOffsetEnd=2605 PartOfSpeech=VBG] [Text=ill CharacterOffsetBegin=2606 CharacterOffsetEnd=2609 PartOfSpeech=JJ] [Text=gossip CharacterOffsetBegin=2610 CharacterOffsetEnd=2616 PartOfSpeech=NN] [Text=stemming CharacterOffsetBegin=2617 CharacterOffsetEnd=2625 PartOfSpeech=VBG] [Text=from CharacterOffsetBegin=2626 CharacterOffsetEnd=2630 PartOfSpeech=IN] [Text=envy CharacterOffsetBegin=2631 CharacterOffsetEnd=2635 PartOfSpeech=NN] [Text=. CharacterOffsetBegin=2635 CharacterOffsetEnd=2636 PartOfSpeech=.] 
root(ROOT-0, observe-2)
nsubj(observe-2, We-1)
det(life-4, the-3)
dobj(observe-2, life-4)
prep(life-4, in-5)
det(kampung-8, a-6)
amod(kampung-8, typical-7)
pobj(in-5, kampung-8)
punct(kampung-8, ,-9)
advmod(nice-15, where-10)
det(neighbours-12, some-11)
nsubj(nice-15, neighbours-12)
cop(nice-15, are-13)
advmod(nice-15, very-14)
rcmod(kampung-8, nice-15)
punct(observe-2, ,-16)
prep(observe-2, while-17)
pobj(while-17, others-18)
punct(others-18, ,-19)
det(parkers-22, the-20)
amod(parkers-22, nosy-21)
conj(others-18, parkers-22)
cc(others-18, and-23)
nn(mongers-25, rumour-24)
conj(others-18, mongers-25)
punct(others-18, ,-26)
partmod(others-18, spreading-27)
amod(gossip-29, ill-28)
dobj(spreading-27, gossip-29)
partmod(gossip-29, stemming-30)
prep(stemming-30, from-31)
pobj(from-31, envy-32)
punct(observe-2, .-33)

Sentence #15 (140 tokens):
There are 2 additional family dynamics seen, one from an immediate neighbour, and the other from Mukhsin's own, both of which serve as adequate subplots, and contrast to Orked's own.As always, Yasmin's movies are filled with excellent music, and for Mukhsin, it has something special, the song "Hujan" as penned by her father, as well as "Ne Me Quitte Pas", aptly used in the movie Given that the Yasmin's movies to date have been centred around the same characters, the beauty of it is that you can watch them as stand alone, or when watched and pieced together, makes a compelling family drama dealing with separate themes and universal issues like interracial romance, love, and forgiveness.
[Text=There CharacterOffsetBegin=2641 CharacterOffsetEnd=2646 PartOfSpeech=EX] [Text=are CharacterOffsetBegin=2647 CharacterOffsetEnd=2650 PartOfSpeech=VBP] [Text=2 CharacterOffsetBegin=2651 CharacterOffsetEnd=2652 PartOfSpeech=CD] [Text=additional CharacterOffsetBegin=2653 CharacterOffsetEnd=2663 PartOfSpeech=JJ] [Text=family CharacterOffsetBegin=2664 CharacterOffsetEnd=2670 PartOfSpeech=NN] [Text=dynamics CharacterOffsetBegin=2671 CharacterOffsetEnd=2679 PartOfSpeech=NNS] [Text=seen CharacterOffsetBegin=2680 CharacterOffsetEnd=2684 PartOfSpeech=VBN] [Text=, CharacterOffsetBegin=2684 CharacterOffsetEnd=2685 PartOfSpeech=,] [Text=one CharacterOffsetBegin=2686 CharacterOffsetEnd=2689 PartOfSpeech=CD] [Text=from CharacterOffsetBegin=2690 CharacterOffsetEnd=2694 PartOfSpeech=IN] [Text=an CharacterOffsetBegin=2695 CharacterOffsetEnd=2697 PartOfSpeech=DT] [Text=immediate CharacterOffsetBegin=2698 CharacterOffsetEnd=2707 PartOfSpeech=JJ] [Text=neighbour CharacterOffsetBegin=2708 CharacterOffsetEnd=2717 PartOfSpeech=NN] [Text=, CharacterOffsetBegin=2717 CharacterOffsetEnd=2718 PartOfSpeech=,] [Text=and CharacterOffsetBegin=2719 CharacterOffsetEnd=2722 PartOfSpeech=CC] [Text=the CharacterOffsetBegin=2723 CharacterOffsetEnd=2726 PartOfSpeech=DT] [Text=other CharacterOffsetBegin=2727 CharacterOffsetEnd=2732 PartOfSpeech=JJ] [Text=from CharacterOffsetBegin=2733 CharacterOffsetEnd=2737 PartOfSpeech=IN] [Text=Mukhsin CharacterOffsetBegin=2738 CharacterOffsetEnd=2745 PartOfSpeech=NNP] [Text='s CharacterOffsetBegin=2745 CharacterOffsetEnd=2747 PartOfSpeech=POS] [Text=own CharacterOffsetBegin=2748 CharacterOffsetEnd=2751 PartOfSpeech=JJ] [Text=, CharacterOffsetBegin=2751 CharacterOffsetEnd=2752 PartOfSpeech=,] [Text=both CharacterOffsetBegin=2753 CharacterOffsetEnd=2757 PartOfSpeech=DT] [Text=of CharacterOffsetBegin=2758 CharacterOffsetEnd=2760 PartOfSpeech=IN] [Text=which CharacterOffsetBegin=2761 CharacterOffsetEnd=2766 PartOfSpeech=WDT] [Text=serve CharacterOffsetBegin=2767 CharacterOffsetEnd=2772 PartOfSpeech=VBP] [Text=as CharacterOffsetBegin=2773 CharacterOffsetEnd=2775 PartOfSpeech=IN] [Text=adequate CharacterOffsetBegin=2776 CharacterOffsetEnd=2784 PartOfSpeech=JJ] [Text=subplots CharacterOffsetBegin=2785 CharacterOffsetEnd=2793 PartOfSpeech=NNS] [Text=, CharacterOffsetBegin=2793 CharacterOffsetEnd=2794 PartOfSpeech=,] [Text=and CharacterOffsetBegin=2795 CharacterOffsetEnd=2798 PartOfSpeech=CC] [Text=contrast CharacterOffsetBegin=2799 CharacterOffsetEnd=2807 PartOfSpeech=NN] [Text=to CharacterOffsetBegin=2808 CharacterOffsetEnd=2810 PartOfSpeech=TO] [Text=Orked CharacterOffsetBegin=2811 CharacterOffsetEnd=2816 PartOfSpeech=NNP] [Text='s CharacterOffsetBegin=2816 CharacterOffsetEnd=2818 PartOfSpeech=POS] [Text=own.As CharacterOffsetBegin=2819 CharacterOffsetEnd=2825 PartOfSpeech=NNS] [Text=always CharacterOffsetBegin=2826 CharacterOffsetEnd=2832 PartOfSpeech=RB] [Text=, CharacterOffsetBegin=2832 CharacterOffsetEnd=2833 PartOfSpeech=,] [Text=Yasmin CharacterOffsetBegin=2834 CharacterOffsetEnd=2840 PartOfSpeech=NNP] [Text='s CharacterOffsetBegin=2840 CharacterOffsetEnd=2842 PartOfSpeech=POS] [Text=movies CharacterOffsetBegin=2843 CharacterOffsetEnd=2849 PartOfSpeech=NNS] [Text=are CharacterOffsetBegin=2850 CharacterOffsetEnd=2853 PartOfSpeech=VBP] [Text=filled CharacterOffsetBegin=2854 CharacterOffsetEnd=2860 PartOfSpeech=VBN] [Text=with CharacterOffsetBegin=2861 CharacterOffsetEnd=2865 PartOfSpeech=IN] [Text=excellent CharacterOffsetBegin=2866 CharacterOffsetEnd=2875 PartOfSpeech=JJ] [Text=music CharacterOffsetBegin=2876 CharacterOffsetEnd=2881 PartOfSpeech=NN] [Text=, CharacterOffsetBegin=2881 CharacterOffsetEnd=2882 PartOfSpeech=,] [Text=and CharacterOffsetBegin=2883 CharacterOffsetEnd=2886 PartOfSpeech=CC] [Text=for CharacterOffsetBegin=2887 CharacterOffsetEnd=2890 PartOfSpeech=IN] [Text=Mukhsin CharacterOffsetBegin=2891 CharacterOffsetEnd=2898 PartOfSpeech=NNP] [Text=, CharacterOffsetBegin=2898 CharacterOffsetEnd=2899 PartOfSpeech=,] [Text=it CharacterOffsetBegin=2900 CharacterOffsetEnd=2902 PartOfSpeech=PRP] [Text=has CharacterOffsetBegin=2903 CharacterOffsetEnd=2906 PartOfSpeech=VBZ] [Text=something CharacterOffsetBegin=2907 CharacterOffsetEnd=2916 PartOfSpeech=NN] [Text=special CharacterOffsetBegin=2917 CharacterOffsetEnd=2924 PartOfSpeech=JJ] [Text=, CharacterOffsetBegin=2924 CharacterOffsetEnd=2925 PartOfSpeech=,] [Text=the CharacterOffsetBegin=2926 CharacterOffsetEnd=2929 PartOfSpeech=DT] [Text=song CharacterOffsetBegin=2930 CharacterOffsetEnd=2934 PartOfSpeech=NN] [Text=`` CharacterOffsetBegin=2935 CharacterOffsetEnd=2936 PartOfSpeech=``] [Text=Hujan CharacterOffsetBegin=2936 CharacterOffsetEnd=2941 PartOfSpeech=NNP] [Text='' CharacterOffsetBegin=2941 CharacterOffsetEnd=2942 PartOfSpeech=''] [Text=as CharacterOffsetBegin=2943 CharacterOffsetEnd=2945 PartOfSpeech=IN] [Text=penned CharacterOffsetBegin=2946 CharacterOffsetEnd=2952 PartOfSpeech=VBN] [Text=by CharacterOffsetBegin=2953 CharacterOffsetEnd=2955 PartOfSpeech=IN] [Text=her CharacterOffsetBegin=2956 CharacterOffsetEnd=2959 PartOfSpeech=PRP$] [Text=father CharacterOffsetBegin=2960 CharacterOffsetEnd=2966 PartOfSpeech=NN] [Text=, CharacterOffsetBegin=2966 CharacterOffsetEnd=2967 PartOfSpeech=,] [Text=as CharacterOffsetBegin=2968 CharacterOffsetEnd=2970 PartOfSpeech=RB] [Text=well CharacterOffsetBegin=2971 CharacterOffsetEnd=2975 PartOfSpeech=RB] [Text=as CharacterOffsetBegin=2976 CharacterOffsetEnd=2978 PartOfSpeech=IN] [Text=`` CharacterOffsetBegin=2979 CharacterOffsetEnd=2980 PartOfSpeech=``] [Text=Ne CharacterOffsetBegin=2980 CharacterOffsetEnd=2982 PartOfSpeech=NNP] [Text=Me CharacterOffsetBegin=2983 CharacterOffsetEnd=2985 PartOfSpeech=NNP] [Text=Quitte CharacterOffsetBegin=2986 CharacterOffsetEnd=2992 PartOfSpeech=NNP] [Text=Pas CharacterOffsetBegin=2993 CharacterOffsetEnd=2996 PartOfSpeech=NNP] [Text='' CharacterOffsetBegin=2996 CharacterOffsetEnd=2997 PartOfSpeech=''] [Text=, CharacterOffsetBegin=2997 CharacterOffsetEnd=2998 PartOfSpeech=,] [Text=aptly CharacterOffsetBegin=2999 CharacterOffsetEnd=3004 PartOfSpeech=RB] [Text=used CharacterOffsetBegin=3005 CharacterOffsetEnd=3009 PartOfSpeech=VBN] [Text=in CharacterOffsetBegin=3010 CharacterOffsetEnd=3012 PartOfSpeech=IN] [Text=the CharacterOffsetBegin=3013 CharacterOffsetEnd=3016 PartOfSpeech=DT] [Text=movie CharacterOffsetBegin=3017 CharacterOffsetEnd=3022 PartOfSpeech=NN] [Text=Given CharacterOffsetBegin=3023 CharacterOffsetEnd=3028 PartOfSpeech=VBN] [Text=that CharacterOffsetBegin=3029 CharacterOffsetEnd=3033 PartOfSpeech=IN] [Text=the CharacterOffsetBegin=3034 CharacterOffsetEnd=3037 PartOfSpeech=DT] [Text=Yasmin CharacterOffsetBegin=3038 CharacterOffsetEnd=3044 PartOfSpeech=NNP] [Text='s CharacterOffsetBegin=3044 CharacterOffsetEnd=3046 PartOfSpeech=POS] [Text=movies CharacterOffsetBegin=3047 CharacterOffsetEnd=3053 PartOfSpeech=NNS] [Text=to CharacterOffsetBegin=3054 CharacterOffsetEnd=3056 PartOfSpeech=TO] [Text=date CharacterOffsetBegin=3057 CharacterOffsetEnd=3061 PartOfSpeech=NN] [Text=have CharacterOffsetBegin=3062 CharacterOffsetEnd=3066 PartOfSpeech=VBP] [Text=been CharacterOffsetBegin=3067 CharacterOffsetEnd=3071 PartOfSpeech=VBN] [Text=centred CharacterOffsetBegin=3072 CharacterOffsetEnd=3079 PartOfSpeech=VBN] [Text=around CharacterOffsetBegin=3080 CharacterOffsetEnd=3086 PartOfSpeech=IN] [Text=the CharacterOffsetBegin=3087 CharacterOffsetEnd=3090 PartOfSpeech=DT] [Text=same CharacterOffsetBegin=3091 CharacterOffsetEnd=3095 PartOfSpeech=JJ] [Text=characters CharacterOffsetBegin=3096 CharacterOffsetEnd=3106 PartOfSpeech=NNS] [Text=, CharacterOffsetBegin=3106 CharacterOffsetEnd=3107 PartOfSpeech=,] [Text=the CharacterOffsetBegin=3108 CharacterOffsetEnd=3111 PartOfSpeech=DT] [Text=beauty CharacterOffsetBegin=3112 CharacterOffsetEnd=3118 PartOfSpeech=NN] [Text=of CharacterOffsetBegin=3119 CharacterOffsetEnd=3121 PartOfSpeech=IN] [Text=it CharacterOffsetBegin=3122 CharacterOffsetEnd=3124 PartOfSpeech=PRP] [Text=is CharacterOffsetBegin=3125 CharacterOffsetEnd=3127 PartOfSpeech=VBZ] [Text=that CharacterOffsetBegin=3128 CharacterOffsetEnd=3132 PartOfSpeech=IN] [Text=you CharacterOffsetBegin=3133 CharacterOffsetEnd=3136 PartOfSpeech=PRP] [Text=can CharacterOffsetBegin=3137 CharacterOffsetEnd=3140 PartOfSpeech=MD] [Text=watch CharacterOffsetBegin=3141 CharacterOffsetEnd=3146 PartOfSpeech=VB] [Text=them CharacterOffsetBegin=3147 CharacterOffsetEnd=3151 PartOfSpeech=PRP] [Text=as CharacterOffsetBegin=3152 CharacterOffsetEnd=3154 PartOfSpeech=IN] [Text=stand CharacterOffsetBegin=3155 CharacterOffsetEnd=3160 PartOfSpeech=NN] [Text=alone CharacterOffsetBegin=3161 CharacterOffsetEnd=3166 PartOfSpeech=RB] [Text=, CharacterOffsetBegin=3166 CharacterOffsetEnd=3167 PartOfSpeech=,] [Text=or CharacterOffsetBegin=3168 CharacterOffsetEnd=3170 PartOfSpeech=CC] [Text=when CharacterOffsetBegin=3171 CharacterOffsetEnd=3175 PartOfSpeech=WRB] [Text=watched CharacterOffsetBegin=3176 CharacterOffsetEnd=3183 PartOfSpeech=VBN] [Text=and CharacterOffsetBegin=3184 CharacterOffsetEnd=3187 PartOfSpeech=CC] [Text=pieced CharacterOffsetBegin=3188 CharacterOffsetEnd=3194 PartOfSpeech=VBN] [Text=together CharacterOffsetBegin=3195 CharacterOffsetEnd=3203 PartOfSpeech=RB] [Text=, CharacterOffsetBegin=3203 CharacterOffsetEnd=3204 PartOfSpeech=,] [Text=makes CharacterOffsetBegin=3205 CharacterOffsetEnd=3210 PartOfSpeech=VBZ] [Text=a CharacterOffsetBegin=3211 CharacterOffsetEnd=3212 PartOfSpeech=DT] [Text=compelling CharacterOffsetBegin=3213 CharacterOffsetEnd=3223 PartOfSpeech=JJ] [Text=family CharacterOffsetBegin=3224 CharacterOffsetEnd=3230 PartOfSpeech=NN] [Text=drama CharacterOffsetBegin=3231 CharacterOffsetEnd=3236 PartOfSpeech=NN] [Text=dealing CharacterOffsetBegin=3237 CharacterOffsetEnd=3244 PartOfSpeech=VBG] [Text=with CharacterOffsetBegin=3245 CharacterOffsetEnd=3249 PartOfSpeech=IN] [Text=separate CharacterOffsetBegin=3250 CharacterOffsetEnd=3258 PartOfSpeech=JJ] [Text=themes CharacterOffsetBegin=3259 CharacterOffsetEnd=3265 PartOfSpeech=NNS] [Text=and CharacterOffsetBegin=3266 CharacterOffsetEnd=3269 PartOfSpeech=CC] [Text=universal CharacterOffsetBegin=3270 CharacterOffsetEnd=3279 PartOfSpeech=JJ] [Text=issues CharacterOffsetBegin=3280 CharacterOffsetEnd=3286 PartOfSpeech=NNS] [Text=like CharacterOffsetBegin=3287 CharacterOffsetEnd=3291 PartOfSpeech=IN] [Text=interracial CharacterOffsetBegin=3292 CharacterOffsetEnd=3303 PartOfSpeech=JJ] [Text=romance CharacterOffsetBegin=3304 CharacterOffsetEnd=3311 PartOfSpeech=NN] [Text=, CharacterOffsetBegin=3311 CharacterOffsetEnd=3312 PartOfSpeech=,] [Text=love CharacterOffsetBegin=3313 CharacterOffsetEnd=3317 PartOfSpeech=NN] [Text=, CharacterOffsetBegin=3317 CharacterOffsetEnd=3318 PartOfSpeech=,] [Text=and CharacterOffsetBegin=3319 CharacterOffsetEnd=3322 PartOfSpeech=CC] [Text=forgiveness CharacterOffsetBegin=3323 CharacterOffsetEnd=3334 PartOfSpeech=NN] [Text=. CharacterOffsetBegin=3334 CharacterOffsetEnd=3335 PartOfSpeech=.] 
root(ROOT-0, are-2)
expl(are-2, There-1)
num(dynamics-6, 2-3)
amod(dynamics-6, additional-4)
nn(dynamics-6, family-5)
nsubj(seen-7, dynamics-6)
dep(are-2, seen-7)
punct(seen-7, ,-8)
conj(seen-7, one-9)
prep(one-9, from-10)
det(neighbour-13, an-11)
amod(neighbour-13, immediate-12)
pobj(from-10, neighbour-13)
punct(seen-7, ,-14)
cc(seen-7, and-15)
det(other-17, the-16)
dep(filled-43, other-17)
prep(other-17, from-18)
poss(own-21, Mukhsin-19)
possessive(Mukhsin-19, 's-20)
pobj(from-18, own-21)
punct(other-17, ,-22)
nsubj(serve-26, both-23)
prep(both-23, of-24)
pobj(of-24, which-25)
conj(other-17, serve-26)
prep(serve-26, as-27)
amod(subplots-29, adequate-28)
pobj(as-27, subplots-29)
punct(other-17, ,-30)
cc(other-17, and-31)
conj(other-17, contrast-32)
prep(contrast-32, to-33)
poss(own.As-36, Orked-34)
possessive(Orked-34, 's-35)
pobj(to-33, own.As-36)
advmod(own.As-36, always-37)
punct(filled-43, ,-38)
poss(movies-41, Yasmin-39)
possessive(Yasmin-39, 's-40)
nsubjpass(filled-43, movies-41)
auxpass(filled-43, are-42)
conj(seen-7, filled-43)
prep(filled-43, with-44)
amod(music-46, excellent-45)
pobj(with-44, music-46)
punct(seen-7, ,-47)
cc(seen-7, and-48)
prep(has-53, for-49)
pobj(for-49, Mukhsin-50)
punct(has-53, ,-51)
nsubj(has-53, it-52)
conj(seen-7, has-53)
dobj(has-53, something-54)
dep(something-54, special-55)
punct(special-55, ,-56)
det(song-58, the-57)
nsubj(,-56, song-58)
punct(Hujan-60, ``-59)
dep(song-58, Hujan-60)
punct(Hujan-60, ''-61)
prep(Hujan-60, as-62)
pobj(as-62, penned-63)
prep(penned-63, by-64)
poss(father-66, her-65)
pobj(by-64, father-66)
punct(Hujan-60, ,-67)
advmod(well-69, as-68)
cc(Hujan-60, well-69)
mwe(well-69, as-70)
punct(Pas-75, ``-71)
nn(Pas-75, Ne-72)
nn(Pas-75, Me-73)
nn(Pas-75, Quitte-74)
conj(Hujan-60, Pas-75)
punct(Pas-75, ''-76)
punct(Pas-75, ,-77)
advmod(used-79, aptly-78)
partmod(Pas-75, used-79)
prep(used-79, in-80)
det(movie-82, the-81)
pobj(in-80, movie-82)
partmod(movie-82, Given-83)
mark(centred-93, that-84)
det(Yasmin-86, the-85)
poss(movies-88, Yasmin-86)
possessive(Yasmin-86, 's-87)
nsubjpass(centred-93, movies-88)
prep(movies-88, to-89)
pobj(to-89, date-90)
aux(centred-93, have-91)
auxpass(centred-93, been-92)
ccomp(Given-83, centred-93)
prep(centred-93, around-94)
det(characters-97, the-95)
amod(characters-97, same-96)
pobj(around-94, characters-97)
punct(centred-93, ,-98)
det(beauty-100, the-99)
nsubj(is-103, beauty-100)
prep(beauty-100, of-101)
pobj(of-101, it-102)
ccomp(centred-93, is-103)
mark(watch-107, that-104)
nsubj(watch-107, you-105)
aux(watch-107, can-106)
ccomp(is-103, watch-107)
dobj(watch-107, them-108)
prep(watch-107, as-109)
pobj(as-109, stand-110)
advmod(stand-110, alone-111)
punct(stand-110, ,-112)
cc(stand-110, or-113)
advmod(watched-115, when-114)
advcl(makes-120, watched-115)
cc(watched-115, and-116)
conj(watched-115, pieced-117)
advmod(pieced-117, together-118)
punct(makes-120, ,-119)
conj(stand-110, makes-120)
det(drama-124, a-121)
amod(drama-124, compelling-122)
nn(drama-124, family-123)
dobj(makes-120, drama-124)
partmod(drama-124, dealing-125)
prep(dealing-125, with-126)
amod(themes-128, separate-127)
pobj(with-126, themes-128)
cc(themes-128, and-129)
amod(issues-131, universal-130)
conj(themes-128, issues-131)
prep(issues-131, like-132)
amod(romance-134, interracial-133)
pobj(like-132, romance-134)
punct(romance-134, ,-135)
conj(romance-134, love-136)
punct(romance-134, ,-137)
cc(romance-134, and-138)
conj(romance-134, forgiveness-139)
punct(song-58, .-140)

Sentence #16 (71 tokens):
Fans will definitely see the many links in Mukhsin back to the earlier movies, while new audiences will surely be curious to find out certain whys and significance of recurring characters or events, like that pudgy boy who steals glances at Orked.And speaking of whys, parts of Mukhsin too is curiously open, which probably is distinctive of Yasmin's style, or deliberately left as such.
[Text=Fans CharacterOffsetBegin=3340 CharacterOffsetEnd=3344 PartOfSpeech=NNS] [Text=will CharacterOffsetBegin=3345 CharacterOffsetEnd=3349 PartOfSpeech=MD] [Text=definitely CharacterOffsetBegin=3350 CharacterOffsetEnd=3360 PartOfSpeech=RB] [Text=see CharacterOffsetBegin=3361 CharacterOffsetEnd=3364 PartOfSpeech=VB] [Text=the CharacterOffsetBegin=3365 CharacterOffsetEnd=3368 PartOfSpeech=DT] [Text=many CharacterOffsetBegin=3369 CharacterOffsetEnd=3373 PartOfSpeech=JJ] [Text=links CharacterOffsetBegin=3374 CharacterOffsetEnd=3379 PartOfSpeech=NNS] [Text=in CharacterOffsetBegin=3380 CharacterOffsetEnd=3382 PartOfSpeech=IN] [Text=Mukhsin CharacterOffsetBegin=3383 CharacterOffsetEnd=3390 PartOfSpeech=NNP] [Text=back CharacterOffsetBegin=3391 CharacterOffsetEnd=3395 PartOfSpeech=RB] [Text=to CharacterOffsetBegin=3396 CharacterOffsetEnd=3398 PartOfSpeech=TO] [Text=the CharacterOffsetBegin=3399 CharacterOffsetEnd=3402 PartOfSpeech=DT] [Text=earlier CharacterOffsetBegin=3403 CharacterOffsetEnd=3410 PartOfSpeech=JJR] [Text=movies CharacterOffsetBegin=3411 CharacterOffsetEnd=3417 PartOfSpeech=NNS] [Text=, CharacterOffsetBegin=3417 CharacterOffsetEnd=3418 PartOfSpeech=,] [Text=while CharacterOffsetBegin=3419 CharacterOffsetEnd=3424 PartOfSpeech=IN] [Text=new CharacterOffsetBegin=3425 CharacterOffsetEnd=3428 PartOfSpeech=JJ] [Text=audiences CharacterOffsetBegin=3429 CharacterOffsetEnd=3438 PartOfSpeech=NNS] [Text=will CharacterOffsetBegin=3439 CharacterOffsetEnd=3443 PartOfSpeech=MD] [Text=surely CharacterOffsetBegin=3444 CharacterOffsetEnd=3450 PartOfSpeech=RB] [Text=be CharacterOffsetBegin=3451 CharacterOffsetEnd=3453 PartOfSpeech=VB] [Text=curious CharacterOffsetBegin=3454 CharacterOffsetEnd=3461 PartOfSpeech=JJ] [Text=to CharacterOffsetBegin=3462 CharacterOffsetEnd=3464 PartOfSpeech=TO] [Text=find CharacterOffsetBegin=3465 CharacterOffsetEnd=3469 PartOfSpeech=VB] [Text=out CharacterOffsetBegin=3470 CharacterOffsetEnd=3473 PartOfSpeech=RP] [Text=certain CharacterOffsetBegin=3474 CharacterOffsetEnd=3481 PartOfSpeech=JJ] [Text=whys CharacterOffsetBegin=3482 CharacterOffsetEnd=3486 PartOfSpeech=NNS] [Text=and CharacterOffsetBegin=3487 CharacterOffsetEnd=3490 PartOfSpeech=CC] [Text=significance CharacterOffsetBegin=3491 CharacterOffsetEnd=3503 PartOfSpeech=NN] [Text=of CharacterOffsetBegin=3504 CharacterOffsetEnd=3506 PartOfSpeech=IN] [Text=recurring CharacterOffsetBegin=3507 CharacterOffsetEnd=3516 PartOfSpeech=VBG] [Text=characters CharacterOffsetBegin=3517 CharacterOffsetEnd=3527 PartOfSpeech=NNS] [Text=or CharacterOffsetBegin=3528 CharacterOffsetEnd=3530 PartOfSpeech=CC] [Text=events CharacterOffsetBegin=3531 CharacterOffsetEnd=3537 PartOfSpeech=NNS] [Text=, CharacterOffsetBegin=3537 CharacterOffsetEnd=3538 PartOfSpeech=,] [Text=like CharacterOffsetBegin=3539 CharacterOffsetEnd=3543 PartOfSpeech=IN] [Text=that CharacterOffsetBegin=3544 CharacterOffsetEnd=3548 PartOfSpeech=DT] [Text=pudgy CharacterOffsetBegin=3549 CharacterOffsetEnd=3554 PartOfSpeech=JJ] [Text=boy CharacterOffsetBegin=3555 CharacterOffsetEnd=3558 PartOfSpeech=NN] [Text=who CharacterOffsetBegin=3559 CharacterOffsetEnd=3562 PartOfSpeech=WP] [Text=steals CharacterOffsetBegin=3563 CharacterOffsetEnd=3569 PartOfSpeech=VBZ] [Text=glances CharacterOffsetBegin=3570 CharacterOffsetEnd=3577 PartOfSpeech=NNS] [Text=at CharacterOffsetBegin=3578 CharacterOffsetEnd=3580 PartOfSpeech=IN] [Text=Orked.And CharacterOffsetBegin=3581 CharacterOffsetEnd=3590 PartOfSpeech=NN] [Text=speaking CharacterOffsetBegin=3591 CharacterOffsetEnd=3599 PartOfSpeech=NN] [Text=of CharacterOffsetBegin=3600 CharacterOffsetEnd=3602 PartOfSpeech=IN] [Text=whys CharacterOffsetBegin=3603 CharacterOffsetEnd=3607 PartOfSpeech=NNS] [Text=, CharacterOffsetBegin=3607 CharacterOffsetEnd=3608 PartOfSpeech=,] [Text=parts CharacterOffsetBegin=3609 CharacterOffsetEnd=3614 PartOfSpeech=NNS] [Text=of CharacterOffsetBegin=3615 CharacterOffsetEnd=3617 PartOfSpeech=IN] [Text=Mukhsin CharacterOffsetBegin=3618 CharacterOffsetEnd=3625 PartOfSpeech=NNP] [Text=too CharacterOffsetBegin=3626 CharacterOffsetEnd=3629 PartOfSpeech=RB] [Text=is CharacterOffsetBegin=3630 CharacterOffsetEnd=3632 PartOfSpeech=VBZ] [Text=curiously CharacterOffsetBegin=3633 CharacterOffsetEnd=3642 PartOfSpeech=RB] [Text=open CharacterOffsetBegin=3643 CharacterOffsetEnd=3647 PartOfSpeech=JJ] [Text=, CharacterOffsetBegin=3647 CharacterOffsetEnd=3648 PartOfSpeech=,] [Text=which CharacterOffsetBegin=3649 CharacterOffsetEnd=3654 PartOfSpeech=WDT] [Text=probably CharacterOffsetBegin=3655 CharacterOffsetEnd=3663 PartOfSpeech=RB] [Text=is CharacterOffsetBegin=3664 CharacterOffsetEnd=3666 PartOfSpeech=VBZ] [Text=distinctive CharacterOffsetBegin=3667 CharacterOffsetEnd=3678 PartOfSpeech=JJ] [Text=of CharacterOffsetBegin=3679 CharacterOffsetEnd=3681 PartOfSpeech=IN] [Text=Yasmin CharacterOffsetBegin=3682 CharacterOffsetEnd=3688 PartOfSpeech=NNP] [Text='s CharacterOffsetBegin=3688 CharacterOffsetEnd=3690 PartOfSpeech=POS] [Text=style CharacterOffsetBegin=3691 CharacterOffsetEnd=3696 PartOfSpeech=NN] [Text=, CharacterOffsetBegin=3696 CharacterOffsetEnd=3697 PartOfSpeech=,] [Text=or CharacterOffsetBegin=3698 CharacterOffsetEnd=3700 PartOfSpeech=CC] [Text=deliberately CharacterOffsetBegin=3701 CharacterOffsetEnd=3713 PartOfSpeech=RB] [Text=left CharacterOffsetBegin=3714 CharacterOffsetEnd=3718 PartOfSpeech=VBD] [Text=as CharacterOffsetBegin=3719 CharacterOffsetEnd=3721 PartOfSpeech=IN] [Text=such CharacterOffsetBegin=3722 CharacterOffsetEnd=3726 PartOfSpeech=JJ] [Text=. CharacterOffsetBegin=3726 CharacterOffsetEnd=3727 PartOfSpeech=.] 
root(ROOT-0, see-4)
nsubj(see-4, Fans-1)
aux(see-4, will-2)
advmod(see-4, definitely-3)
det(links-7, the-5)
amod(links-7, many-6)
dobj(see-4, links-7)
prep(links-7, in-8)
pobj(in-8, Mukhsin-9)
advmod(links-7, back-10)
prep(back-10, to-11)
det(movies-14, the-12)
amod(movies-14, earlier-13)
pobj(to-11, movies-14)
punct(see-4, ,-15)
mark(curious-22, while-16)
amod(audiences-18, new-17)
nsubj(curious-22, audiences-18)
aux(curious-22, will-19)
advmod(curious-22, surely-20)
cop(curious-22, be-21)
advcl(see-4, curious-22)
aux(find-24, to-23)
xcomp(curious-22, find-24)
prt(find-24, out-25)
amod(whys-27, certain-26)
dobj(find-24, whys-27)
cc(whys-27, and-28)
conj(whys-27, significance-29)
prep(significance-29, of-30)
nn(characters-32, recurring-31)
pobj(of-30, characters-32)
cc(characters-32, or-33)
conj(characters-32, events-34)
punct(whys-27, ,-35)
prep(open-55, like-36)
det(boy-39, that-37)
amod(boy-39, pudgy-38)
pobj(like-36, boy-39)
nsubj(steals-41, who-40)
rcmod(boy-39, steals-41)
dobj(steals-41, glances-42)
prep(steals-41, at-43)
nn(speaking-45, Orked.And-44)
pobj(at-43, speaking-45)
prep(speaking-45, of-46)
pobj(of-46, whys-47)
punct(whys-47, ,-48)
appos(whys-47, parts-49)
prep(parts-49, of-50)
pobj(of-50, Mukhsin-51)
advmod(open-55, too-52)
cop(open-55, is-53)
advmod(open-55, curiously-54)
rcmod(whys-27, open-55)
punct(open-55, ,-56)
nsubj(distinctive-60, which-57)
advmod(distinctive-60, probably-58)
cop(distinctive-60, is-59)
rcmod(open-55, distinctive-60)
prep(distinctive-60, of-61)
poss(style-64, Yasmin-62)
possessive(Yasmin-62, 's-63)
pobj(of-61, style-64)
punct(distinctive-60, ,-65)
cc(distinctive-60, or-66)
advmod(left-68, deliberately-67)
conj(distinctive-60, left-68)
prep(left-68, as-69)
pobj(as-69, such-70)
punct(see-4, .-71)

Sentence #17 (25 tokens):
I thought that as a story about childhood, recollected from memory, then there are details which will be left out for sure.
[Text=I CharacterOffsetBegin=3732 CharacterOffsetEnd=3733 PartOfSpeech=PRP] [Text=thought CharacterOffsetBegin=3734 CharacterOffsetEnd=3741 PartOfSpeech=VBD] [Text=that CharacterOffsetBegin=3742 CharacterOffsetEnd=3746 PartOfSpeech=IN] [Text=as CharacterOffsetBegin=3747 CharacterOffsetEnd=3749 PartOfSpeech=IN] [Text=a CharacterOffsetBegin=3750 CharacterOffsetEnd=3751 PartOfSpeech=DT] [Text=story CharacterOffsetBegin=3752 CharacterOffsetEnd=3757 PartOfSpeech=NN] [Text=about CharacterOffsetBegin=3758 CharacterOffsetEnd=3763 PartOfSpeech=IN] [Text=childhood CharacterOffsetBegin=3764 CharacterOffsetEnd=3773 PartOfSpeech=NN] [Text=, CharacterOffsetBegin=3773 CharacterOffsetEnd=3774 PartOfSpeech=,] [Text=recollected CharacterOffsetBegin=3775 CharacterOffsetEnd=3786 PartOfSpeech=VBN] [Text=from CharacterOffsetBegin=3787 CharacterOffsetEnd=3791 PartOfSpeech=IN] [Text=memory CharacterOffsetBegin=3792 CharacterOffsetEnd=3798 PartOfSpeech=NN] [Text=, CharacterOffsetBegin=3798 CharacterOffsetEnd=3799 PartOfSpeech=,] [Text=then CharacterOffsetBegin=3800 CharacterOffsetEnd=3804 PartOfSpeech=RB] [Text=there CharacterOffsetBegin=3805 CharacterOffsetEnd=3810 PartOfSpeech=EX] [Text=are CharacterOffsetBegin=3811 CharacterOffsetEnd=3814 PartOfSpeech=VBP] [Text=details CharacterOffsetBegin=3815 CharacterOffsetEnd=3822 PartOfSpeech=NNS] [Text=which CharacterOffsetBegin=3823 CharacterOffsetEnd=3828 PartOfSpeech=WDT] [Text=will CharacterOffsetBegin=3829 CharacterOffsetEnd=3833 PartOfSpeech=MD] [Text=be CharacterOffsetBegin=3834 CharacterOffsetEnd=3836 PartOfSpeech=VB] [Text=left CharacterOffsetBegin=3837 CharacterOffsetEnd=3841 PartOfSpeech=VBN] [Text=out CharacterOffsetBegin=3842 CharacterOffsetEnd=3845 PartOfSpeech=RP] [Text=for CharacterOffsetBegin=3846 CharacterOffsetEnd=3849 PartOfSpeech=IN] [Text=sure CharacterOffsetBegin=3850 CharacterOffsetEnd=3854 PartOfSpeech=JJ] [Text=. CharacterOffsetBegin=3854 CharacterOffsetEnd=3855 PartOfSpeech=.] 
root(ROOT-0, thought-2)
nsubj(thought-2, I-1)
mark(are-16, that-3)
prep(are-16, as-4)
det(story-6, a-5)
pobj(as-4, story-6)
prep(story-6, about-7)
pobj(about-7, childhood-8)
punct(are-16, ,-9)
partmod(are-16, recollected-10)
prep(recollected-10, from-11)
pobj(from-11, memory-12)
punct(are-16, ,-13)
advmod(are-16, then-14)
expl(are-16, there-15)
ccomp(thought-2, are-16)
nsubj(are-16, details-17)
nsubjpass(left-21, which-18)
aux(left-21, will-19)
auxpass(left-21, be-20)
rcmod(details-17, left-21)
prt(left-21, out-22)
prep(left-21, for-23)
pobj(for-23, sure-24)
punct(thought-2, .-25)

Sentence #18 (56 tokens):
And subtly, I felt that Mukhsin exhibited this perfectly, with not so detailed details, and the focus on what can be remembered in significant episodes between the two.Another highly recommended movie, and a rare one that I feel is suitable for all ages - bring along your kid brother or sister!
[Text=And CharacterOffsetBegin=3860 CharacterOffsetEnd=3863 PartOfSpeech=CC] [Text=subtly CharacterOffsetBegin=3864 CharacterOffsetEnd=3870 PartOfSpeech=RB] [Text=, CharacterOffsetBegin=3870 CharacterOffsetEnd=3871 PartOfSpeech=,] [Text=I CharacterOffsetBegin=3872 CharacterOffsetEnd=3873 PartOfSpeech=PRP] [Text=felt CharacterOffsetBegin=3874 CharacterOffsetEnd=3878 PartOfSpeech=VBD] [Text=that CharacterOffsetBegin=3879 CharacterOffsetEnd=3883 PartOfSpeech=IN] [Text=Mukhsin CharacterOffsetBegin=3884 CharacterOffsetEnd=3891 PartOfSpeech=NNP] [Text=exhibited CharacterOffsetBegin=3892 CharacterOffsetEnd=3901 PartOfSpeech=VBD] [Text=this CharacterOffsetBegin=3902 CharacterOffsetEnd=3906 PartOfSpeech=DT] [Text=perfectly CharacterOffsetBegin=3907 CharacterOffsetEnd=3916 PartOfSpeech=RB] [Text=, CharacterOffsetBegin=3916 CharacterOffsetEnd=3917 PartOfSpeech=,] [Text=with CharacterOffsetBegin=3918 CharacterOffsetEnd=3922 PartOfSpeech=IN] [Text=not CharacterOffsetBegin=3923 CharacterOffsetEnd=3926 PartOfSpeech=RB] [Text=so CharacterOffsetBegin=3927 CharacterOffsetEnd=3929 PartOfSpeech=RB] [Text=detailed CharacterOffsetBegin=3930 CharacterOffsetEnd=3938 PartOfSpeech=JJ] [Text=details CharacterOffsetBegin=3939 CharacterOffsetEnd=3946 PartOfSpeech=NNS] [Text=, CharacterOffsetBegin=3946 CharacterOffsetEnd=3947 PartOfSpeech=,] [Text=and CharacterOffsetBegin=3948 CharacterOffsetEnd=3951 PartOfSpeech=CC] [Text=the CharacterOffsetBegin=3952 CharacterOffsetEnd=3955 PartOfSpeech=DT] [Text=focus CharacterOffsetBegin=3956 CharacterOffsetEnd=3961 PartOfSpeech=NN] [Text=on CharacterOffsetBegin=3962 CharacterOffsetEnd=3964 PartOfSpeech=IN] [Text=what CharacterOffsetBegin=3965 CharacterOffsetEnd=3969 PartOfSpeech=WP] [Text=can CharacterOffsetBegin=3970 CharacterOffsetEnd=3973 PartOfSpeech=MD] [Text=be CharacterOffsetBegin=3974 CharacterOffsetEnd=3976 PartOfSpeech=VB] [Text=remembered CharacterOffsetBegin=3977 CharacterOffsetEnd=3987 PartOfSpeech=VBN] [Text=in CharacterOffsetBegin=3988 CharacterOffsetEnd=3990 PartOfSpeech=IN] [Text=significant CharacterOffsetBegin=3991 CharacterOffsetEnd=4002 PartOfSpeech=JJ] [Text=episodes CharacterOffsetBegin=4003 CharacterOffsetEnd=4011 PartOfSpeech=NNS] [Text=between CharacterOffsetBegin=4012 CharacterOffsetEnd=4019 PartOfSpeech=IN] [Text=the CharacterOffsetBegin=4020 CharacterOffsetEnd=4023 PartOfSpeech=DT] [Text=two.Another CharacterOffsetBegin=4024 CharacterOffsetEnd=4035 PartOfSpeech=NN] [Text=highly CharacterOffsetBegin=4036 CharacterOffsetEnd=4042 PartOfSpeech=RB] [Text=recommended CharacterOffsetBegin=4043 CharacterOffsetEnd=4054 PartOfSpeech=VBD] [Text=movie CharacterOffsetBegin=4055 CharacterOffsetEnd=4060 PartOfSpeech=NN] [Text=, CharacterOffsetBegin=4060 CharacterOffsetEnd=4061 PartOfSpeech=,] [Text=and CharacterOffsetBegin=4062 CharacterOffsetEnd=4065 PartOfSpeech=CC] [Text=a CharacterOffsetBegin=4066 CharacterOffsetEnd=4067 PartOfSpeech=DT] [Text=rare CharacterOffsetBegin=4068 CharacterOffsetEnd=4072 PartOfSpeech=JJ] [Text=one CharacterOffsetBegin=4073 CharacterOffsetEnd=4076 PartOfSpeech=CD] [Text=that CharacterOffsetBegin=4077 CharacterOffsetEnd=4081 PartOfSpeech=IN] [Text=I CharacterOffsetBegin=4082 CharacterOffsetEnd=4083 PartOfSpeech=PRP] [Text=feel CharacterOffsetBegin=4084 CharacterOffsetEnd=4088 PartOfSpeech=VBP] [Text=is CharacterOffsetBegin=4089 CharacterOffsetEnd=4091 PartOfSpeech=VBZ] [Text=suitable CharacterOffsetBegin=4092 CharacterOffsetEnd=4100 PartOfSpeech=JJ] [Text=for CharacterOffsetBegin=4101 CharacterOffsetEnd=4104 PartOfSpeech=IN] [Text=all CharacterOffsetBegin=4105 CharacterOffsetEnd=4108 PartOfSpeech=DT] [Text=ages CharacterOffsetBegin=4109 CharacterOffsetEnd=4113 PartOfSpeech=NNS] [Text=- CharacterOffsetBegin=4114 CharacterOffsetEnd=4115 PartOfSpeech=:] [Text=bring CharacterOffsetBegin=4116 CharacterOffsetEnd=4121 PartOfSpeech=VB] [Text=along CharacterOffsetBegin=4122 CharacterOffsetEnd=4127 PartOfSpeech=RP] [Text=your CharacterOffsetBegin=4128 CharacterOffsetEnd=4132 PartOfSpeech=PRP$] [Text=kid CharacterOffsetBegin=4133 CharacterOffsetEnd=4136 PartOfSpeech=NN] [Text=brother CharacterOffsetBegin=4137 CharacterOffsetEnd=4144 PartOfSpeech=NN] [Text=or CharacterOffsetBegin=4145 CharacterOffsetEnd=4147 PartOfSpeech=CC] [Text=sister CharacterOffsetBegin=4148 CharacterOffsetEnd=4154 PartOfSpeech=NN] [Text=! CharacterOffsetBegin=4154 CharacterOffsetEnd=4155 PartOfSpeech=.] 
root(ROOT-0, felt-5)
cc(felt-5, And-1)
advmod(felt-5, subtly-2)
punct(felt-5, ,-3)
nsubj(felt-5, I-4)
mark(exhibited-8, that-6)
nsubj(exhibited-8, Mukhsin-7)
ccomp(felt-5, exhibited-8)
det(focus-20, this-9)
advmod(focus-20, perfectly-10)
punct(focus-20, ,-11)
prep(focus-20, with-12)
neg(details-16, not-13)
advmod(detailed-15, so-14)
amod(details-16, detailed-15)
pobj(with-12, details-16)
punct(focus-20, ,-17)
cc(focus-20, and-18)
det(focus-20, the-19)
dobj(exhibited-8, focus-20)
prep(focus-20, on-21)
nsubjpass(remembered-25, what-22)
aux(remembered-25, can-23)
auxpass(remembered-25, be-24)
pcomp(on-21, remembered-25)
prep(remembered-25, in-26)
amod(episodes-28, significant-27)
pobj(in-26, episodes-28)
mark(movie-34, between-29)
det(two.Another-31, the-30)
nsubj(movie-34, two.Another-31)
advmod(recommended-33, highly-32)
amod(movie-34, recommended-33)
advcl(remembered-25, movie-34)
punct(felt-5, ,-35)
cc(felt-5, and-36)
det(one-39, a-37)
amod(one-39, rare-38)
nsubj(suitable-44, one-39)
dobj(feel-42, that-40)
nsubj(feel-42, I-41)
rcmod(one-39, feel-42)
cop(suitable-44, is-43)
conj(felt-5, suitable-44)
prep(suitable-44, for-45)
det(ages-47, all-46)
pobj(for-45, ages-47)
punct(suitable-44, --48)
dep(suitable-44, bring-49)
prt(bring-49, along-50)
poss(brother-53, your-51)
nn(brother-53, kid-52)
dobj(bring-49, brother-53)
cc(brother-53, or-54)
conj(brother-53, sister-55)
punct(felt-5, !-56)

