Sentence #1 (20 tokens):
I watched the presentation of this on PBS in the U.S. when it originally aired in 1988 (?)
[Text=I CharacterOffsetBegin=4 CharacterOffsetEnd=5 PartOfSpeech=PRP] [Text=watched CharacterOffsetBegin=6 CharacterOffsetEnd=13 PartOfSpeech=VBD] [Text=the CharacterOffsetBegin=14 CharacterOffsetEnd=17 PartOfSpeech=DT] [Text=presentation CharacterOffsetBegin=18 CharacterOffsetEnd=30 PartOfSpeech=NN] [Text=of CharacterOffsetBegin=31 CharacterOffsetEnd=33 PartOfSpeech=IN] [Text=this CharacterOffsetBegin=34 CharacterOffsetEnd=38 PartOfSpeech=DT] [Text=on CharacterOffsetBegin=39 CharacterOffsetEnd=41 PartOfSpeech=IN] [Text=PBS CharacterOffsetBegin=42 CharacterOffsetEnd=45 PartOfSpeech=NNP] [Text=in CharacterOffsetBegin=46 CharacterOffsetEnd=48 PartOfSpeech=IN] [Text=the CharacterOffsetBegin=49 CharacterOffsetEnd=52 PartOfSpeech=DT] [Text=U.S. CharacterOffsetBegin=53 CharacterOffsetEnd=57 PartOfSpeech=NNP] [Text=when CharacterOffsetBegin=58 CharacterOffsetEnd=62 PartOfSpeech=WRB] [Text=it CharacterOffsetBegin=63 CharacterOffsetEnd=65 PartOfSpeech=PRP] [Text=originally CharacterOffsetBegin=66 CharacterOffsetEnd=76 PartOfSpeech=RB] [Text=aired CharacterOffsetBegin=77 CharacterOffsetEnd=82 PartOfSpeech=VBD] [Text=in CharacterOffsetBegin=83 CharacterOffsetEnd=85 PartOfSpeech=IN] [Text=1988 CharacterOffsetBegin=86 CharacterOffsetEnd=90 PartOfSpeech=CD] [Text=-LRB- CharacterOffsetBegin=91 CharacterOffsetEnd=92 PartOfSpeech=-LRB-] [Text=? CharacterOffsetBegin=92 CharacterOffsetEnd=93 PartOfSpeech=.] [Text=-RRB- CharacterOffsetBegin=93 CharacterOffsetEnd=94 PartOfSpeech=-RRB-] 
root(ROOT-0, watched-2)
nsubj(watched-2, I-1)
det(presentation-4, the-3)
dobj(watched-2, presentation-4)
prep(presentation-4, of-5)
pobj(of-5, this-6)
prep(presentation-4, on-7)
pobj(on-7, PBS-8)
prep(PBS-8, in-9)
det(U.S.-11, the-10)
pobj(in-9, U.S.-11)
advmod(aired-15, when-12)
nsubj(aired-15, it-13)
advmod(aired-15, originally-14)
advcl(watched-2, aired-15)
prep(aired-15, in-16)
pobj(in-16, 1988-17)
punct(1988-17, -LRB--18)
punct(-LRB--18, ?-19)
punct(?-19, -RRB--20)

Sentence #2 (1 tokens):
.
[Text=. CharacterOffsetBegin=94 CharacterOffsetEnd=95 PartOfSpeech=.] 
root(ROOT-0, .-1)

Sentence #3 (18 tokens):
Assuming the miniseries was available on DVD I purchased first editions of all three books last year.
[Text=Assuming CharacterOffsetBegin=100 CharacterOffsetEnd=108 PartOfSpeech=VBG] [Text=the CharacterOffsetBegin=109 CharacterOffsetEnd=112 PartOfSpeech=DT] [Text=miniseries CharacterOffsetBegin=113 CharacterOffsetEnd=123 PartOfSpeech=NN] [Text=was CharacterOffsetBegin=124 CharacterOffsetEnd=127 PartOfSpeech=VBD] [Text=available CharacterOffsetBegin=128 CharacterOffsetEnd=137 PartOfSpeech=JJ] [Text=on CharacterOffsetBegin=138 CharacterOffsetEnd=140 PartOfSpeech=IN] [Text=DVD CharacterOffsetBegin=141 CharacterOffsetEnd=144 PartOfSpeech=NN] [Text=I CharacterOffsetBegin=145 CharacterOffsetEnd=146 PartOfSpeech=PRP] [Text=purchased CharacterOffsetBegin=147 CharacterOffsetEnd=156 PartOfSpeech=VBD] [Text=first CharacterOffsetBegin=157 CharacterOffsetEnd=162 PartOfSpeech=JJ] [Text=editions CharacterOffsetBegin=163 CharacterOffsetEnd=171 PartOfSpeech=NNS] [Text=of CharacterOffsetBegin=172 CharacterOffsetEnd=174 PartOfSpeech=IN] [Text=all CharacterOffsetBegin=175 CharacterOffsetEnd=178 PartOfSpeech=DT] [Text=three CharacterOffsetBegin=179 CharacterOffsetEnd=184 PartOfSpeech=CD] [Text=books CharacterOffsetBegin=185 CharacterOffsetEnd=190 PartOfSpeech=NNS] [Text=last CharacterOffsetBegin=191 CharacterOffsetEnd=195 PartOfSpeech=JJ] [Text=year CharacterOffsetBegin=196 CharacterOffsetEnd=200 PartOfSpeech=NN] [Text=. CharacterOffsetBegin=200 CharacterOffsetEnd=201 PartOfSpeech=.] 
root(ROOT-0, Assuming-1)
det(miniseries-3, the-2)
nsubj(available-5, miniseries-3)
cop(available-5, was-4)
ccomp(Assuming-1, available-5)
prep(available-5, on-6)
pobj(on-6, DVD-7)
nsubj(purchased-9, I-8)
rcmod(DVD-7, purchased-9)
amod(editions-11, first-10)
dobj(purchased-9, editions-11)
prep(editions-11, of-12)
det(books-15, all-13)
num(books-15, three-14)
pobj(of-12, books-15)
amod(year-17, last-16)
tmod(purchased-9, year-17)
punct(Assuming-1, .-18)

Sentence #4 (14 tokens):
Since then I have been searching for the series on internet movie sites.
[Text=Since CharacterOffsetBegin=206 CharacterOffsetEnd=211 PartOfSpeech=IN] [Text=then CharacterOffsetBegin=212 CharacterOffsetEnd=216 PartOfSpeech=RB] [Text=I CharacterOffsetBegin=217 CharacterOffsetEnd=218 PartOfSpeech=PRP] [Text=have CharacterOffsetBegin=219 CharacterOffsetEnd=223 PartOfSpeech=VBP] [Text=been CharacterOffsetBegin=224 CharacterOffsetEnd=228 PartOfSpeech=VBN] [Text=searching CharacterOffsetBegin=229 CharacterOffsetEnd=238 PartOfSpeech=VBG] [Text=for CharacterOffsetBegin=239 CharacterOffsetEnd=242 PartOfSpeech=IN] [Text=the CharacterOffsetBegin=243 CharacterOffsetEnd=246 PartOfSpeech=DT] [Text=series CharacterOffsetBegin=247 CharacterOffsetEnd=253 PartOfSpeech=NN] [Text=on CharacterOffsetBegin=254 CharacterOffsetEnd=256 PartOfSpeech=IN] [Text=internet CharacterOffsetBegin=257 CharacterOffsetEnd=265 PartOfSpeech=NN] [Text=movie CharacterOffsetBegin=266 CharacterOffsetEnd=271 PartOfSpeech=NN] [Text=sites CharacterOffsetBegin=272 CharacterOffsetEnd=277 PartOfSpeech=NNS] [Text=. CharacterOffsetBegin=277 CharacterOffsetEnd=278 PartOfSpeech=.] 
root(ROOT-0, searching-6)
prep(searching-6, Since-1)
pobj(Since-1, then-2)
nsubj(searching-6, I-3)
aux(searching-6, have-4)
aux(searching-6, been-5)
prep(searching-6, for-7)
det(series-9, the-8)
pobj(for-7, series-9)
prep(series-9, on-10)
nn(sites-13, internet-11)
nn(sites-13, movie-12)
pobj(on-10, sites-13)
punct(searching-6, .-14)

Sentence #5 (7 tokens):
Today I found this web site.
[Text=Today CharacterOffsetBegin=283 CharacterOffsetEnd=288 PartOfSpeech=NN] [Text=I CharacterOffsetBegin=289 CharacterOffsetEnd=290 PartOfSpeech=PRP] [Text=found CharacterOffsetBegin=291 CharacterOffsetEnd=296 PartOfSpeech=VBD] [Text=this CharacterOffsetBegin=297 CharacterOffsetEnd=301 PartOfSpeech=DT] [Text=web CharacterOffsetBegin=302 CharacterOffsetEnd=305 PartOfSpeech=NN] [Text=site CharacterOffsetBegin=306 CharacterOffsetEnd=310 PartOfSpeech=NN] [Text=. CharacterOffsetBegin=310 CharacterOffsetEnd=311 PartOfSpeech=.] 
root(ROOT-0, found-3)
tmod(found-3, Today-1)
nsubj(found-3, I-2)
det(site-6, this-4)
nn(site-6, web-5)
dobj(found-3, site-6)
punct(found-3, .-7)

Sentence #6 (19 tokens):
I will give up the search.I too would like to buy this complete - 26 episodes - miniseries.
[Text=I CharacterOffsetBegin=316 CharacterOffsetEnd=317 PartOfSpeech=PRP] [Text=will CharacterOffsetBegin=318 CharacterOffsetEnd=322 PartOfSpeech=MD] [Text=give CharacterOffsetBegin=323 CharacterOffsetEnd=327 PartOfSpeech=VB] [Text=up CharacterOffsetBegin=328 CharacterOffsetEnd=330 PartOfSpeech=RP] [Text=the CharacterOffsetBegin=331 CharacterOffsetEnd=334 PartOfSpeech=DT] [Text=search.I CharacterOffsetBegin=335 CharacterOffsetEnd=343 PartOfSpeech=NN] [Text=too CharacterOffsetBegin=344 CharacterOffsetEnd=347 PartOfSpeech=RB] [Text=would CharacterOffsetBegin=348 CharacterOffsetEnd=353 PartOfSpeech=MD] [Text=like CharacterOffsetBegin=354 CharacterOffsetEnd=358 PartOfSpeech=VB] [Text=to CharacterOffsetBegin=359 CharacterOffsetEnd=361 PartOfSpeech=TO] [Text=buy CharacterOffsetBegin=362 CharacterOffsetEnd=365 PartOfSpeech=VB] [Text=this CharacterOffsetBegin=366 CharacterOffsetEnd=370 PartOfSpeech=DT] [Text=complete CharacterOffsetBegin=371 CharacterOffsetEnd=379 PartOfSpeech=JJ] [Text=- CharacterOffsetBegin=380 CharacterOffsetEnd=381 PartOfSpeech=:] [Text=26 CharacterOffsetBegin=382 CharacterOffsetEnd=384 PartOfSpeech=CD] [Text=episodes CharacterOffsetBegin=385 CharacterOffsetEnd=393 PartOfSpeech=NNS] [Text=- CharacterOffsetBegin=394 CharacterOffsetEnd=395 PartOfSpeech=:] [Text=miniseries CharacterOffsetBegin=396 CharacterOffsetEnd=406 PartOfSpeech=NNS] [Text=. CharacterOffsetBegin=406 CharacterOffsetEnd=407 PartOfSpeech=.] 
root(ROOT-0, give-3)
nsubj(give-3, I-1)
aux(give-3, will-2)
prt(give-3, up-4)
det(search.I-6, the-5)
dobj(give-3, search.I-6)
advmod(like-9, too-7)
aux(like-9, would-8)
dep(give-3, like-9)
aux(buy-11, to-10)
xcomp(like-9, buy-11)
det(episodes-16, this-12)
amod(episodes-16, complete-13)
punct(episodes-16, --14)
num(episodes-16, 26-15)
dobj(buy-11, episodes-16)
punct(episodes-16, --17)
dep(episodes-16, miniseries-18)
punct(give-3, .-19)

Sentence #7 (18 tokens):
After buying the DVDs I would read each book, then watch the episodes for that book.
[Text=After CharacterOffsetBegin=412 CharacterOffsetEnd=417 PartOfSpeech=IN] [Text=buying CharacterOffsetBegin=418 CharacterOffsetEnd=424 PartOfSpeech=VBG] [Text=the CharacterOffsetBegin=425 CharacterOffsetEnd=428 PartOfSpeech=DT] [Text=DVDs CharacterOffsetBegin=429 CharacterOffsetEnd=433 PartOfSpeech=NNS] [Text=I CharacterOffsetBegin=434 CharacterOffsetEnd=435 PartOfSpeech=PRP] [Text=would CharacterOffsetBegin=436 CharacterOffsetEnd=441 PartOfSpeech=MD] [Text=read CharacterOffsetBegin=442 CharacterOffsetEnd=446 PartOfSpeech=VB] [Text=each CharacterOffsetBegin=447 CharacterOffsetEnd=451 PartOfSpeech=DT] [Text=book CharacterOffsetBegin=452 CharacterOffsetEnd=456 PartOfSpeech=NN] [Text=, CharacterOffsetBegin=456 CharacterOffsetEnd=457 PartOfSpeech=,] [Text=then CharacterOffsetBegin=458 CharacterOffsetEnd=462 PartOfSpeech=RB] [Text=watch CharacterOffsetBegin=463 CharacterOffsetEnd=468 PartOfSpeech=VBP] [Text=the CharacterOffsetBegin=469 CharacterOffsetEnd=472 PartOfSpeech=DT] [Text=episodes CharacterOffsetBegin=473 CharacterOffsetEnd=481 PartOfSpeech=NNS] [Text=for CharacterOffsetBegin=482 CharacterOffsetEnd=485 PartOfSpeech=IN] [Text=that CharacterOffsetBegin=486 CharacterOffsetEnd=490 PartOfSpeech=DT] [Text=book CharacterOffsetBegin=491 CharacterOffsetEnd=495 PartOfSpeech=NN] [Text=. CharacterOffsetBegin=495 CharacterOffsetEnd=496 PartOfSpeech=.] 
root(ROOT-0, watch-12)
prep(watch-12, After-1)
pcomp(After-1, buying-2)
det(DVDs-4, the-3)
dobj(buying-2, DVDs-4)
nsubj(read-7, I-5)
aux(read-7, would-6)
rcmod(DVDs-4, read-7)
det(book-9, each-8)
dobj(read-7, book-9)
punct(watch-12, ,-10)
advmod(watch-12, then-11)
det(episodes-14, the-13)
dobj(watch-12, episodes-14)
prep(watch-12, for-15)
det(book-17, that-16)
pobj(for-15, book-17)
punct(watch-12, .-18)

Sentence #8 (46 tokens):
That is what I did with John LeCarre's Karla trilogy and Larry McMurty's Texas ranger trilogy.Does anyone have any suggestions for great books or book series that became very good TV miniseries - or movie series - that are now available on DVD?
[Text=That CharacterOffsetBegin=501 CharacterOffsetEnd=505 PartOfSpeech=DT] [Text=is CharacterOffsetBegin=506 CharacterOffsetEnd=508 PartOfSpeech=VBZ] [Text=what CharacterOffsetBegin=509 CharacterOffsetEnd=513 PartOfSpeech=WP] [Text=I CharacterOffsetBegin=514 CharacterOffsetEnd=515 PartOfSpeech=PRP] [Text=did CharacterOffsetBegin=516 CharacterOffsetEnd=519 PartOfSpeech=VBD] [Text=with CharacterOffsetBegin=520 CharacterOffsetEnd=524 PartOfSpeech=IN] [Text=John CharacterOffsetBegin=525 CharacterOffsetEnd=529 PartOfSpeech=NNP] [Text=LeCarre CharacterOffsetBegin=530 CharacterOffsetEnd=537 PartOfSpeech=NNP] [Text='s CharacterOffsetBegin=537 CharacterOffsetEnd=539 PartOfSpeech=POS] [Text=Karla CharacterOffsetBegin=540 CharacterOffsetEnd=545 PartOfSpeech=NNP] [Text=trilogy CharacterOffsetBegin=546 CharacterOffsetEnd=553 PartOfSpeech=NN] [Text=and CharacterOffsetBegin=554 CharacterOffsetEnd=557 PartOfSpeech=CC] [Text=Larry CharacterOffsetBegin=558 CharacterOffsetEnd=563 PartOfSpeech=NNP] [Text=McMurty CharacterOffsetBegin=564 CharacterOffsetEnd=571 PartOfSpeech=NNP] [Text='s CharacterOffsetBegin=571 CharacterOffsetEnd=573 PartOfSpeech=POS] [Text=Texas CharacterOffsetBegin=574 CharacterOffsetEnd=579 PartOfSpeech=NNP] [Text=ranger CharacterOffsetBegin=580 CharacterOffsetEnd=586 PartOfSpeech=NN] [Text=trilogy.Does CharacterOffsetBegin=587 CharacterOffsetEnd=599 PartOfSpeech=NNS] [Text=anyone CharacterOffsetBegin=600 CharacterOffsetEnd=606 PartOfSpeech=NN] [Text=have CharacterOffsetBegin=607 CharacterOffsetEnd=611 PartOfSpeech=VBP] [Text=any CharacterOffsetBegin=612 CharacterOffsetEnd=615 PartOfSpeech=DT] [Text=suggestions CharacterOffsetBegin=616 CharacterOffsetEnd=627 PartOfSpeech=NNS] [Text=for CharacterOffsetBegin=628 CharacterOffsetEnd=631 PartOfSpeech=IN] [Text=great CharacterOffsetBegin=632 CharacterOffsetEnd=637 PartOfSpeech=JJ] [Text=books CharacterOffsetBegin=638 CharacterOffsetEnd=643 PartOfSpeech=NNS] [Text=or CharacterOffsetBegin=644 CharacterOffsetEnd=646 PartOfSpeech=CC] [Text=book CharacterOffsetBegin=647 CharacterOffsetEnd=651 PartOfSpeech=NN] [Text=series CharacterOffsetBegin=652 CharacterOffsetEnd=658 PartOfSpeech=NN] [Text=that CharacterOffsetBegin=659 CharacterOffsetEnd=663 PartOfSpeech=WDT] [Text=became CharacterOffsetBegin=664 CharacterOffsetEnd=670 PartOfSpeech=VBD] [Text=very CharacterOffsetBegin=671 CharacterOffsetEnd=675 PartOfSpeech=RB] [Text=good CharacterOffsetBegin=676 CharacterOffsetEnd=680 PartOfSpeech=JJ] [Text=TV CharacterOffsetBegin=681 CharacterOffsetEnd=683 PartOfSpeech=NN] [Text=miniseries CharacterOffsetBegin=684 CharacterOffsetEnd=694 PartOfSpeech=NN] [Text=- CharacterOffsetBegin=695 CharacterOffsetEnd=696 PartOfSpeech=:] [Text=or CharacterOffsetBegin=697 CharacterOffsetEnd=699 PartOfSpeech=CC] [Text=movie CharacterOffsetBegin=700 CharacterOffsetEnd=705 PartOfSpeech=NN] [Text=series CharacterOffsetBegin=706 CharacterOffsetEnd=712 PartOfSpeech=NN] [Text=- CharacterOffsetBegin=713 CharacterOffsetEnd=714 PartOfSpeech=:] [Text=that CharacterOffsetBegin=715 CharacterOffsetEnd=719 PartOfSpeech=WDT] [Text=are CharacterOffsetBegin=720 CharacterOffsetEnd=723 PartOfSpeech=VBP] [Text=now CharacterOffsetBegin=724 CharacterOffsetEnd=727 PartOfSpeech=RB] [Text=available CharacterOffsetBegin=728 CharacterOffsetEnd=737 PartOfSpeech=JJ] [Text=on CharacterOffsetBegin=738 CharacterOffsetEnd=740 PartOfSpeech=IN] [Text=DVD CharacterOffsetBegin=741 CharacterOffsetEnd=744 PartOfSpeech=NN] [Text=? CharacterOffsetBegin=744 CharacterOffsetEnd=745 PartOfSpeech=.] 
root(ROOT-0, is-2)
nsubj(is-2, That-1)
dobj(did-5, what-3)
nsubj(did-5, I-4)
ccomp(is-2, did-5)
prep(did-5, with-6)
nn(LeCarre-8, John-7)
poss(trilogy-11, LeCarre-8)
possessive(LeCarre-8, 's-9)
nn(trilogy-11, Karla-10)
pobj(with-6, trilogy-11)
cc(trilogy-11, and-12)
nn(McMurty-14, Larry-13)
poss(trilogy.Does-18, McMurty-14)
possessive(McMurty-14, 's-15)
nn(trilogy.Does-18, Texas-16)
nn(trilogy.Does-18, ranger-17)
conj(trilogy-11, trilogy.Does-18)
nsubj(have-20, anyone-19)
rcmod(trilogy.Does-18, have-20)
det(suggestions-22, any-21)
dobj(have-20, suggestions-22)
prep(suggestions-22, for-23)
amod(books-25, great-24)
pobj(for-23, books-25)
cc(books-25, or-26)
nn(series-28, book-27)
conj(books-25, series-28)
nsubj(miniseries-34, that-29)
cop(miniseries-34, became-30)
advmod(good-32, very-31)
amod(miniseries-34, good-32)
nn(miniseries-34, TV-33)
rcmod(suggestions-22, miniseries-34)
punct(miniseries-34, --35)
cc(miniseries-34, or-36)
nn(series-38, movie-37)
dep(available-43, series-38)
punct(available-43, --39)
nsubj(available-43, that-40)
cop(available-43, are-41)
advmod(available-43, now-42)
conj(miniseries-34, available-43)
prep(available-43, on-44)
pobj(on-44, DVD-45)
punct(is-2, ?-46)

