Sentence #1 (28 tokens):
My personal opinion is that this movie had no real story line to the first john carpenter's vampires but i don't care I LOVED IT.
[Text=My CharacterOffsetBegin=4 CharacterOffsetEnd=6 PartOfSpeech=PRP$] [Text=personal CharacterOffsetBegin=7 CharacterOffsetEnd=15 PartOfSpeech=JJ] [Text=opinion CharacterOffsetBegin=16 CharacterOffsetEnd=23 PartOfSpeech=NN] [Text=is CharacterOffsetBegin=24 CharacterOffsetEnd=26 PartOfSpeech=VBZ] [Text=that CharacterOffsetBegin=27 CharacterOffsetEnd=31 PartOfSpeech=IN] [Text=this CharacterOffsetBegin=32 CharacterOffsetEnd=36 PartOfSpeech=DT] [Text=movie CharacterOffsetBegin=37 CharacterOffsetEnd=42 PartOfSpeech=NN] [Text=had CharacterOffsetBegin=43 CharacterOffsetEnd=46 PartOfSpeech=VBD] [Text=no CharacterOffsetBegin=47 CharacterOffsetEnd=49 PartOfSpeech=DT] [Text=real CharacterOffsetBegin=50 CharacterOffsetEnd=54 PartOfSpeech=JJ] [Text=story CharacterOffsetBegin=55 CharacterOffsetEnd=60 PartOfSpeech=NN] [Text=line CharacterOffsetBegin=61 CharacterOffsetEnd=65 PartOfSpeech=NN] [Text=to CharacterOffsetBegin=66 CharacterOffsetEnd=68 PartOfSpeech=TO] [Text=the CharacterOffsetBegin=69 CharacterOffsetEnd=72 PartOfSpeech=DT] [Text=first CharacterOffsetBegin=73 CharacterOffsetEnd=78 PartOfSpeech=JJ] [Text=john CharacterOffsetBegin=79 CharacterOffsetEnd=83 PartOfSpeech=NN] [Text=carpenter CharacterOffsetBegin=84 CharacterOffsetEnd=93 PartOfSpeech=NN] [Text='s CharacterOffsetBegin=93 CharacterOffsetEnd=95 PartOfSpeech=POS] [Text=vampires CharacterOffsetBegin=96 CharacterOffsetEnd=104 PartOfSpeech=NNS] [Text=but CharacterOffsetBegin=105 CharacterOffsetEnd=108 PartOfSpeech=CC] [Text=i CharacterOffsetBegin=109 CharacterOffsetEnd=110 PartOfSpeech=FW] [Text=do CharacterOffsetBegin=111 CharacterOffsetEnd=113 PartOfSpeech=VBP] [Text=n't CharacterOffsetBegin=113 CharacterOffsetEnd=116 PartOfSpeech=RB] [Text=care CharacterOffsetBegin=117 CharacterOffsetEnd=121 PartOfSpeech=VB] [Text=I CharacterOffsetBegin=122 CharacterOffsetEnd=123 PartOfSpeech=PRP] [Text=LOVED CharacterOffsetBegin=124 CharacterOffsetEnd=129 PartOfSpeech=VBD] [Text=IT CharacterOffsetBegin=130 CharacterOffsetEnd=132 PartOfSpeech=PRP] [Text=. CharacterOffsetBegin=132 CharacterOffsetEnd=133 PartOfSpeech=.] 
root(ROOT-0, is-4)
poss(opinion-3, My-1)
amod(opinion-3, personal-2)
nsubj(is-4, opinion-3)
mark(had-8, that-5)
det(movie-7, this-6)
nsubj(had-8, movie-7)
ccomp(is-4, had-8)
det(line-12, no-9)
amod(line-12, real-10)
nn(line-12, story-11)
dobj(had-8, line-12)
prep(line-12, to-13)
det(carpenter-17, the-14)
amod(carpenter-17, first-15)
nn(carpenter-17, john-16)
poss(vampires-19, carpenter-17)
possessive(carpenter-17, 's-18)
pobj(to-13, vampires-19)
cc(had-8, but-20)
nsubj(care-24, i-21)
aux(care-24, do-22)
neg(care-24, n't-23)
conj(had-8, care-24)
dobj(care-24, I-25)
dep(care-24, LOVED-26)
dobj(LOVED-26, IT-27)
punct(is-4, .-28)

Sentence #2 (12 tokens):
Jon Bon Jovi (Derek) was great in this movie.
[Text=Jon CharacterOffsetBegin=138 CharacterOffsetEnd=141 PartOfSpeech=NNP] [Text=Bon CharacterOffsetBegin=142 CharacterOffsetEnd=145 PartOfSpeech=NNP] [Text=Jovi CharacterOffsetBegin=146 CharacterOffsetEnd=150 PartOfSpeech=NNP] [Text=-LRB- CharacterOffsetBegin=151 CharacterOffsetEnd=152 PartOfSpeech=-LRB-] [Text=Derek CharacterOffsetBegin=152 CharacterOffsetEnd=157 PartOfSpeech=NNP] [Text=-RRB- CharacterOffsetBegin=157 CharacterOffsetEnd=158 PartOfSpeech=-RRB-] [Text=was CharacterOffsetBegin=159 CharacterOffsetEnd=162 PartOfSpeech=VBD] [Text=great CharacterOffsetBegin=163 CharacterOffsetEnd=168 PartOfSpeech=JJ] [Text=in CharacterOffsetBegin=169 CharacterOffsetEnd=171 PartOfSpeech=IN] [Text=this CharacterOffsetBegin=172 CharacterOffsetEnd=176 PartOfSpeech=DT] [Text=movie CharacterOffsetBegin=177 CharacterOffsetEnd=182 PartOfSpeech=NN] [Text=. CharacterOffsetBegin=182 CharacterOffsetEnd=183 PartOfSpeech=.] 
root(ROOT-0, Jon-1)
dep(Jon-1, Bon-2)
nsubj(great-8, Jovi-3)
punct(Derek-5, -LRB--4)
appos(Jovi-3, Derek-5)
punct(Derek-5, -RRB--6)
cop(great-8, was-7)
rcmod(Bon-2, great-8)
prep(great-8, in-9)
det(movie-11, this-10)
pobj(in-9, movie-11)
punct(Jon-1, .-12)

Sentence #3 (20 tokens):
He really mad me believe that he was the person you would never think he was a famous ROCKSTAR.
[Text=He CharacterOffsetBegin=188 CharacterOffsetEnd=190 PartOfSpeech=PRP] [Text=really CharacterOffsetBegin=191 CharacterOffsetEnd=197 PartOfSpeech=RB] [Text=mad CharacterOffsetBegin=198 CharacterOffsetEnd=201 PartOfSpeech=JJ] [Text=me CharacterOffsetBegin=202 CharacterOffsetEnd=204 PartOfSpeech=PRP] [Text=believe CharacterOffsetBegin=205 CharacterOffsetEnd=212 PartOfSpeech=VBP] [Text=that CharacterOffsetBegin=213 CharacterOffsetEnd=217 PartOfSpeech=IN] [Text=he CharacterOffsetBegin=218 CharacterOffsetEnd=220 PartOfSpeech=PRP] [Text=was CharacterOffsetBegin=221 CharacterOffsetEnd=224 PartOfSpeech=VBD] [Text=the CharacterOffsetBegin=225 CharacterOffsetEnd=228 PartOfSpeech=DT] [Text=person CharacterOffsetBegin=229 CharacterOffsetEnd=235 PartOfSpeech=NN] [Text=you CharacterOffsetBegin=236 CharacterOffsetEnd=239 PartOfSpeech=PRP] [Text=would CharacterOffsetBegin=240 CharacterOffsetEnd=245 PartOfSpeech=MD] [Text=never CharacterOffsetBegin=246 CharacterOffsetEnd=251 PartOfSpeech=RB] [Text=think CharacterOffsetBegin=252 CharacterOffsetEnd=257 PartOfSpeech=VB] [Text=he CharacterOffsetBegin=258 CharacterOffsetEnd=260 PartOfSpeech=PRP] [Text=was CharacterOffsetBegin=261 CharacterOffsetEnd=264 PartOfSpeech=VBD] [Text=a CharacterOffsetBegin=265 CharacterOffsetEnd=266 PartOfSpeech=DT] [Text=famous CharacterOffsetBegin=267 CharacterOffsetEnd=273 PartOfSpeech=JJ] [Text=ROCKSTAR CharacterOffsetBegin=274 CharacterOffsetEnd=282 PartOfSpeech=NN] [Text=. CharacterOffsetBegin=282 CharacterOffsetEnd=283 PartOfSpeech=.] 
root(ROOT-0, mad-3)
nsubj(mad-3, He-1)
advmod(mad-3, really-2)
nsubj(believe-5, me-4)
ccomp(mad-3, believe-5)
mark(person-10, that-6)
nsubj(person-10, he-7)
cop(person-10, was-8)
det(person-10, the-9)
ccomp(believe-5, person-10)
nsubj(think-14, you-11)
aux(think-14, would-12)
neg(think-14, never-13)
rcmod(person-10, think-14)
nsubj(ROCKSTAR-19, he-15)
cop(ROCKSTAR-19, was-16)
det(ROCKSTAR-19, a-17)
amod(ROCKSTAR-19, famous-18)
ccomp(think-14, ROCKSTAR-19)
punct(mad-3, .-20)

Sentence #4 (9 tokens):
There were some bad things about this movie.
[Text=There CharacterOffsetBegin=288 CharacterOffsetEnd=293 PartOfSpeech=EX] [Text=were CharacterOffsetBegin=294 CharacterOffsetEnd=298 PartOfSpeech=VBD] [Text=some CharacterOffsetBegin=299 CharacterOffsetEnd=303 PartOfSpeech=DT] [Text=bad CharacterOffsetBegin=304 CharacterOffsetEnd=307 PartOfSpeech=JJ] [Text=things CharacterOffsetBegin=308 CharacterOffsetEnd=314 PartOfSpeech=NNS] [Text=about CharacterOffsetBegin=315 CharacterOffsetEnd=320 PartOfSpeech=IN] [Text=this CharacterOffsetBegin=321 CharacterOffsetEnd=325 PartOfSpeech=DT] [Text=movie CharacterOffsetBegin=326 CharacterOffsetEnd=331 PartOfSpeech=NN] [Text=. CharacterOffsetBegin=331 CharacterOffsetEnd=332 PartOfSpeech=.] 
root(ROOT-0, were-2)
expl(were-2, There-1)
det(things-5, some-3)
amod(things-5, bad-4)
nsubj(were-2, things-5)
prep(things-5, about-6)
det(movie-8, this-7)
pobj(about-6, movie-8)
punct(were-2, .-9)

Sentence #5 (42 tokens):
Like the story line,there should have been more to the movie.there should have been a sequel to the movie that followed the movies story line and they should have kept the same main characters in all three vampires movies.
[Text=Like CharacterOffsetBegin=337 CharacterOffsetEnd=341 PartOfSpeech=IN] [Text=the CharacterOffsetBegin=342 CharacterOffsetEnd=345 PartOfSpeech=DT] [Text=story CharacterOffsetBegin=346 CharacterOffsetEnd=351 PartOfSpeech=NN] [Text=line CharacterOffsetBegin=352 CharacterOffsetEnd=356 PartOfSpeech=NN] [Text=, CharacterOffsetBegin=356 CharacterOffsetEnd=357 PartOfSpeech=,] [Text=there CharacterOffsetBegin=357 CharacterOffsetEnd=362 PartOfSpeech=EX] [Text=should CharacterOffsetBegin=363 CharacterOffsetEnd=369 PartOfSpeech=MD] [Text=have CharacterOffsetBegin=370 CharacterOffsetEnd=374 PartOfSpeech=VB] [Text=been CharacterOffsetBegin=375 CharacterOffsetEnd=379 PartOfSpeech=VBN] [Text=more CharacterOffsetBegin=380 CharacterOffsetEnd=384 PartOfSpeech=JJR] [Text=to CharacterOffsetBegin=385 CharacterOffsetEnd=387 PartOfSpeech=TO] [Text=the CharacterOffsetBegin=388 CharacterOffsetEnd=391 PartOfSpeech=DT] [Text=movie.there CharacterOffsetBegin=392 CharacterOffsetEnd=403 PartOfSpeech=NN] [Text=should CharacterOffsetBegin=404 CharacterOffsetEnd=410 PartOfSpeech=MD] [Text=have CharacterOffsetBegin=411 CharacterOffsetEnd=415 PartOfSpeech=VB] [Text=been CharacterOffsetBegin=416 CharacterOffsetEnd=420 PartOfSpeech=VBN] [Text=a CharacterOffsetBegin=421 CharacterOffsetEnd=422 PartOfSpeech=DT] [Text=sequel CharacterOffsetBegin=423 CharacterOffsetEnd=429 PartOfSpeech=NN] [Text=to CharacterOffsetBegin=430 CharacterOffsetEnd=432 PartOfSpeech=TO] [Text=the CharacterOffsetBegin=433 CharacterOffsetEnd=436 PartOfSpeech=DT] [Text=movie CharacterOffsetBegin=437 CharacterOffsetEnd=442 PartOfSpeech=NN] [Text=that CharacterOffsetBegin=443 CharacterOffsetEnd=447 PartOfSpeech=WDT] [Text=followed CharacterOffsetBegin=448 CharacterOffsetEnd=456 PartOfSpeech=VBD] [Text=the CharacterOffsetBegin=457 CharacterOffsetEnd=460 PartOfSpeech=DT] [Text=movies CharacterOffsetBegin=461 CharacterOffsetEnd=467 PartOfSpeech=NNS] [Text=story CharacterOffsetBegin=468 CharacterOffsetEnd=473 PartOfSpeech=NN] [Text=line CharacterOffsetBegin=474 CharacterOffsetEnd=478 PartOfSpeech=NN] [Text=and CharacterOffsetBegin=479 CharacterOffsetEnd=482 PartOfSpeech=CC] [Text=they CharacterOffsetBegin=483 CharacterOffsetEnd=487 PartOfSpeech=PRP] [Text=should CharacterOffsetBegin=488 CharacterOffsetEnd=494 PartOfSpeech=MD] [Text=have CharacterOffsetBegin=495 CharacterOffsetEnd=499 PartOfSpeech=VB] [Text=kept CharacterOffsetBegin=500 CharacterOffsetEnd=504 PartOfSpeech=VBN] [Text=the CharacterOffsetBegin=505 CharacterOffsetEnd=508 PartOfSpeech=DT] [Text=same CharacterOffsetBegin=509 CharacterOffsetEnd=513 PartOfSpeech=JJ] [Text=main CharacterOffsetBegin=514 CharacterOffsetEnd=518 PartOfSpeech=JJ] [Text=characters CharacterOffsetBegin=519 CharacterOffsetEnd=529 PartOfSpeech=NNS] [Text=in CharacterOffsetBegin=530 CharacterOffsetEnd=532 PartOfSpeech=IN] [Text=all CharacterOffsetBegin=533 CharacterOffsetEnd=536 PartOfSpeech=DT] [Text=three CharacterOffsetBegin=537 CharacterOffsetEnd=542 PartOfSpeech=CD] [Text=vampires CharacterOffsetBegin=543 CharacterOffsetEnd=551 PartOfSpeech=NNS] [Text=movies CharacterOffsetBegin=552 CharacterOffsetEnd=558 PartOfSpeech=NNS] [Text=. CharacterOffsetBegin=558 CharacterOffsetEnd=559 PartOfSpeech=.] 
root(ROOT-0, sequel-18)
prep(more-10, Like-1)
det(line-4, the-2)
nn(line-4, story-3)
pobj(Like-1, line-4)
punct(more-10, ,-5)
expl(more-10, there-6)
aux(more-10, should-7)
aux(more-10, have-8)
cop(more-10, been-9)
csubj(sequel-18, more-10)
prep(more-10, to-11)
det(movie.there-13, the-12)
pobj(to-11, movie.there-13)
aux(sequel-18, should-14)
aux(sequel-18, have-15)
cop(sequel-18, been-16)
det(sequel-18, a-17)
prep(sequel-18, to-19)
det(movie-21, the-20)
pobj(to-19, movie-21)
nsubj(followed-23, that-22)
rcmod(movie-21, followed-23)
det(line-27, the-24)
nn(line-27, movies-25)
nn(line-27, story-26)
dobj(followed-23, line-27)
cc(followed-23, and-28)
nsubj(kept-32, they-29)
aux(kept-32, should-30)
aux(kept-32, have-31)
conj(followed-23, kept-32)
det(characters-36, the-33)
amod(characters-36, same-34)
amod(characters-36, main-35)
dobj(kept-32, characters-36)
prep(kept-32, in-37)
det(movies-41, all-38)
num(movies-41, three-39)
nn(movies-41, vampires-40)
pobj(in-37, movies-41)
punct(sequel-18, .-42)

Sentence #6 (17 tokens):
i really liked the clothes that the people wore and the setting they pick in Mexico.
[Text=i CharacterOffsetBegin=564 CharacterOffsetEnd=565 PartOfSpeech=LS] [Text=really CharacterOffsetBegin=566 CharacterOffsetEnd=572 PartOfSpeech=RB] [Text=liked CharacterOffsetBegin=573 CharacterOffsetEnd=578 PartOfSpeech=VBD] [Text=the CharacterOffsetBegin=579 CharacterOffsetEnd=582 PartOfSpeech=DT] [Text=clothes CharacterOffsetBegin=583 CharacterOffsetEnd=590 PartOfSpeech=NNS] [Text=that CharacterOffsetBegin=591 CharacterOffsetEnd=595 PartOfSpeech=IN] [Text=the CharacterOffsetBegin=596 CharacterOffsetEnd=599 PartOfSpeech=DT] [Text=people CharacterOffsetBegin=600 CharacterOffsetEnd=606 PartOfSpeech=NNS] [Text=wore CharacterOffsetBegin=607 CharacterOffsetEnd=611 PartOfSpeech=VBD] [Text=and CharacterOffsetBegin=612 CharacterOffsetEnd=615 PartOfSpeech=CC] [Text=the CharacterOffsetBegin=616 CharacterOffsetEnd=619 PartOfSpeech=DT] [Text=setting CharacterOffsetBegin=620 CharacterOffsetEnd=627 PartOfSpeech=VBG] [Text=they CharacterOffsetBegin=628 CharacterOffsetEnd=632 PartOfSpeech=PRP] [Text=pick CharacterOffsetBegin=633 CharacterOffsetEnd=637 PartOfSpeech=VBP] [Text=in CharacterOffsetBegin=638 CharacterOffsetEnd=640 PartOfSpeech=IN] [Text=Mexico CharacterOffsetBegin=641 CharacterOffsetEnd=647 PartOfSpeech=NNP] [Text=. CharacterOffsetBegin=647 CharacterOffsetEnd=648 PartOfSpeech=.] 
root(ROOT-0, liked-3)
nsubj(liked-3, i-1)
advmod(liked-3, really-2)
det(clothes-5, the-4)
dobj(liked-3, clothes-5)
dobj(wore-9, that-6)
det(people-8, the-7)
nsubj(wore-9, people-8)
rcmod(clothes-5, wore-9)
cc(wore-9, and-10)
det(setting-12, the-11)
conj(wore-9, setting-12)
nsubj(pick-14, they-13)
rcmod(setting-12, pick-14)
prep(pick-14, in-15)
pobj(in-15, Mexico-16)
punct(liked-3, .-17)

Sentence #7 (12 tokens):
i liked how it was old Mexico and not new Mexico.
[Text=i CharacterOffsetBegin=653 CharacterOffsetEnd=654 PartOfSpeech=LS] [Text=liked CharacterOffsetBegin=655 CharacterOffsetEnd=660 PartOfSpeech=VBD] [Text=how CharacterOffsetBegin=661 CharacterOffsetEnd=664 PartOfSpeech=WRB] [Text=it CharacterOffsetBegin=665 CharacterOffsetEnd=667 PartOfSpeech=PRP] [Text=was CharacterOffsetBegin=668 CharacterOffsetEnd=671 PartOfSpeech=VBD] [Text=old CharacterOffsetBegin=672 CharacterOffsetEnd=675 PartOfSpeech=JJ] [Text=Mexico CharacterOffsetBegin=676 CharacterOffsetEnd=682 PartOfSpeech=NNP] [Text=and CharacterOffsetBegin=683 CharacterOffsetEnd=686 PartOfSpeech=CC] [Text=not CharacterOffsetBegin=687 CharacterOffsetEnd=690 PartOfSpeech=RB] [Text=new CharacterOffsetBegin=691 CharacterOffsetEnd=694 PartOfSpeech=JJ] [Text=Mexico CharacterOffsetBegin=695 CharacterOffsetEnd=701 PartOfSpeech=NNP] [Text=. CharacterOffsetBegin=701 CharacterOffsetEnd=702 PartOfSpeech=.] 
root(ROOT-0, liked-2)
nsubj(liked-2, i-1)
advmod(old-6, how-3)
nsubj(old-6, it-4)
cop(old-6, was-5)
ccomp(liked-2, old-6)
dobj(old-6, Mexico-7)
cc(Mexico-7, and-8)
neg(new-10, not-9)
amod(Mexico-11, new-10)
conj(Mexico-7, Mexico-11)
punct(liked-2, .-12)

Sentence #8 (10 tokens):
with the clay houses and the old fashion churches.
[Text=with CharacterOffsetBegin=707 CharacterOffsetEnd=711 PartOfSpeech=IN] [Text=the CharacterOffsetBegin=712 CharacterOffsetEnd=715 PartOfSpeech=DT] [Text=clay CharacterOffsetBegin=716 CharacterOffsetEnd=720 PartOfSpeech=NN] [Text=houses CharacterOffsetBegin=721 CharacterOffsetEnd=727 PartOfSpeech=NNS] [Text=and CharacterOffsetBegin=728 CharacterOffsetEnd=731 PartOfSpeech=CC] [Text=the CharacterOffsetBegin=732 CharacterOffsetEnd=735 PartOfSpeech=DT] [Text=old CharacterOffsetBegin=736 CharacterOffsetEnd=739 PartOfSpeech=JJ] [Text=fashion CharacterOffsetBegin=740 CharacterOffsetEnd=747 PartOfSpeech=NN] [Text=churches CharacterOffsetBegin=748 CharacterOffsetEnd=756 PartOfSpeech=NNS] [Text=. CharacterOffsetBegin=756 CharacterOffsetEnd=757 PartOfSpeech=.] 
root(ROOT-0, with-1)
det(houses-4, the-2)
nn(houses-4, clay-3)
pobj(with-1, houses-4)
cc(houses-4, and-5)
det(churches-9, the-6)
amod(churches-9, old-7)
nn(churches-9, fashion-8)
conj(houses-4, churches-9)
punct(with-1, .-10)

Sentence #9 (30 tokens):
i was a little confused with the vampires and how they were able to walk in churches but it was cool how they didn't follow Dracula vampire rules.
[Text=i CharacterOffsetBegin=762 CharacterOffsetEnd=763 PartOfSpeech=LS] [Text=was CharacterOffsetBegin=764 CharacterOffsetEnd=767 PartOfSpeech=VBD] [Text=a CharacterOffsetBegin=768 CharacterOffsetEnd=769 PartOfSpeech=DT] [Text=little CharacterOffsetBegin=770 CharacterOffsetEnd=776 PartOfSpeech=JJ] [Text=confused CharacterOffsetBegin=777 CharacterOffsetEnd=785 PartOfSpeech=JJ] [Text=with CharacterOffsetBegin=786 CharacterOffsetEnd=790 PartOfSpeech=IN] [Text=the CharacterOffsetBegin=791 CharacterOffsetEnd=794 PartOfSpeech=DT] [Text=vampires CharacterOffsetBegin=795 CharacterOffsetEnd=803 PartOfSpeech=NNS] [Text=and CharacterOffsetBegin=804 CharacterOffsetEnd=807 PartOfSpeech=CC] [Text=how CharacterOffsetBegin=808 CharacterOffsetEnd=811 PartOfSpeech=WRB] [Text=they CharacterOffsetBegin=812 CharacterOffsetEnd=816 PartOfSpeech=PRP] [Text=were CharacterOffsetBegin=817 CharacterOffsetEnd=821 PartOfSpeech=VBD] [Text=able CharacterOffsetBegin=822 CharacterOffsetEnd=826 PartOfSpeech=JJ] [Text=to CharacterOffsetBegin=827 CharacterOffsetEnd=829 PartOfSpeech=TO] [Text=walk CharacterOffsetBegin=830 CharacterOffsetEnd=834 PartOfSpeech=VB] [Text=in CharacterOffsetBegin=835 CharacterOffsetEnd=837 PartOfSpeech=IN] [Text=churches CharacterOffsetBegin=838 CharacterOffsetEnd=846 PartOfSpeech=NNS] [Text=but CharacterOffsetBegin=847 CharacterOffsetEnd=850 PartOfSpeech=CC] [Text=it CharacterOffsetBegin=851 CharacterOffsetEnd=853 PartOfSpeech=PRP] [Text=was CharacterOffsetBegin=854 CharacterOffsetEnd=857 PartOfSpeech=VBD] [Text=cool CharacterOffsetBegin=858 CharacterOffsetEnd=862 PartOfSpeech=JJ] [Text=how CharacterOffsetBegin=863 CharacterOffsetEnd=866 PartOfSpeech=WRB] [Text=they CharacterOffsetBegin=867 CharacterOffsetEnd=871 PartOfSpeech=PRP] [Text=did CharacterOffsetBegin=872 CharacterOffsetEnd=875 PartOfSpeech=VBD] [Text=n't CharacterOffsetBegin=875 CharacterOffsetEnd=878 PartOfSpeech=RB] [Text=follow CharacterOffsetBegin=879 CharacterOffsetEnd=885 PartOfSpeech=VB] [Text=Dracula CharacterOffsetBegin=886 CharacterOffsetEnd=893 PartOfSpeech=NNP] [Text=vampire CharacterOffsetBegin=894 CharacterOffsetEnd=901 PartOfSpeech=NN] [Text=rules CharacterOffsetBegin=902 CharacterOffsetEnd=907 PartOfSpeech=NNS] [Text=. CharacterOffsetBegin=907 CharacterOffsetEnd=908 PartOfSpeech=.] 
root(ROOT-0, little-4)
nsubj(little-4, i-1)
cop(little-4, was-2)
det(little-4, a-3)
amod(little-4, confused-5)
prep(confused-5, with-6)
det(vampires-8, the-7)
pobj(with-6, vampires-8)
cc(vampires-8, and-9)
advmod(able-13, how-10)
nsubj(able-13, they-11)
cop(able-13, were-12)
conj(vampires-8, able-13)
aux(walk-15, to-14)
xcomp(able-13, walk-15)
prep(walk-15, in-16)
pobj(in-16, churches-17)
cc(little-4, but-18)
nsubj(cool-21, it-19)
cop(cool-21, was-20)
conj(little-4, cool-21)
advmod(follow-26, how-22)
nsubj(follow-26, they-23)
aux(follow-26, did-24)
neg(follow-26, n't-25)
ccomp(cool-21, follow-26)
nn(rules-29, Dracula-27)
nn(rules-29, vampire-28)
dobj(follow-26, rules-29)
punct(little-4, .-30)

