Sentence #1 (27 tokens):
Two great comedians in a great Neil Simon movie based on his hit play.Great combination, especially when the comedians in question are Matthau and Burns.
[Text=Two CharacterOffsetBegin=4 CharacterOffsetEnd=7 PartOfSpeech=CD] [Text=great CharacterOffsetBegin=8 CharacterOffsetEnd=13 PartOfSpeech=JJ] [Text=comedians CharacterOffsetBegin=14 CharacterOffsetEnd=23 PartOfSpeech=NNS] [Text=in CharacterOffsetBegin=24 CharacterOffsetEnd=26 PartOfSpeech=IN] [Text=a CharacterOffsetBegin=27 CharacterOffsetEnd=28 PartOfSpeech=DT] [Text=great CharacterOffsetBegin=29 CharacterOffsetEnd=34 PartOfSpeech=JJ] [Text=Neil CharacterOffsetBegin=35 CharacterOffsetEnd=39 PartOfSpeech=NNP] [Text=Simon CharacterOffsetBegin=40 CharacterOffsetEnd=45 PartOfSpeech=NNP] [Text=movie CharacterOffsetBegin=46 CharacterOffsetEnd=51 PartOfSpeech=NN] [Text=based CharacterOffsetBegin=52 CharacterOffsetEnd=57 PartOfSpeech=VBN] [Text=on CharacterOffsetBegin=58 CharacterOffsetEnd=60 PartOfSpeech=IN] [Text=his CharacterOffsetBegin=61 CharacterOffsetEnd=64 PartOfSpeech=PRP$] [Text=hit CharacterOffsetBegin=65 CharacterOffsetEnd=68 PartOfSpeech=NN] [Text=play.Great CharacterOffsetBegin=69 CharacterOffsetEnd=79 PartOfSpeech=NN] [Text=combination CharacterOffsetBegin=80 CharacterOffsetEnd=91 PartOfSpeech=NN] [Text=, CharacterOffsetBegin=91 CharacterOffsetEnd=92 PartOfSpeech=,] [Text=especially CharacterOffsetBegin=93 CharacterOffsetEnd=103 PartOfSpeech=RB] [Text=when CharacterOffsetBegin=104 CharacterOffsetEnd=108 PartOfSpeech=WRB] [Text=the CharacterOffsetBegin=109 CharacterOffsetEnd=112 PartOfSpeech=DT] [Text=comedians CharacterOffsetBegin=113 CharacterOffsetEnd=122 PartOfSpeech=NNS] [Text=in CharacterOffsetBegin=123 CharacterOffsetEnd=125 PartOfSpeech=IN] [Text=question CharacterOffsetBegin=126 CharacterOffsetEnd=134 PartOfSpeech=NN] [Text=are CharacterOffsetBegin=135 CharacterOffsetEnd=138 PartOfSpeech=VBP] [Text=Matthau CharacterOffsetBegin=139 CharacterOffsetEnd=146 PartOfSpeech=NNP] [Text=and CharacterOffsetBegin=147 CharacterOffsetEnd=150 PartOfSpeech=CC] [Text=Burns CharacterOffsetBegin=151 CharacterOffsetEnd=156 PartOfSpeech=NNP] [Text=. CharacterOffsetBegin=156 CharacterOffsetEnd=157 PartOfSpeech=.] 
root(ROOT-0, comedians-3)
num(comedians-3, Two-1)
amod(comedians-3, great-2)
prep(comedians-3, in-4)
det(movie-9, a-5)
amod(movie-9, great-6)
nn(movie-9, Neil-7)
nn(movie-9, Simon-8)
pobj(in-4, movie-9)
partmod(comedians-3, based-10)
prep(based-10, on-11)
poss(combination-15, his-12)
nn(combination-15, hit-13)
nn(combination-15, play.Great-14)
pobj(on-11, combination-15)
punct(combination-15, ,-16)
advmod(when-18, especially-17)
advmod(Matthau-24, when-18)
det(comedians-20, the-19)
nsubj(Matthau-24, comedians-20)
prep(comedians-20, in-21)
pobj(in-21, question-22)
cop(Matthau-24, are-23)
rcmod(combination-15, Matthau-24)
cc(Matthau-24, and-25)
conj(Matthau-24, Burns-26)
punct(comedians-3, .-27)

Sentence #2 (20 tokens):
Small wonder why Burns won an Oscar for this; he's as sharp and as funny as ever.
[Text=Small CharacterOffsetBegin=162 CharacterOffsetEnd=167 PartOfSpeech=JJ] [Text=wonder CharacterOffsetBegin=168 CharacterOffsetEnd=174 PartOfSpeech=NN] [Text=why CharacterOffsetBegin=175 CharacterOffsetEnd=178 PartOfSpeech=WRB] [Text=Burns CharacterOffsetBegin=179 CharacterOffsetEnd=184 PartOfSpeech=NNP] [Text=won CharacterOffsetBegin=185 CharacterOffsetEnd=188 PartOfSpeech=VBD] [Text=an CharacterOffsetBegin=189 CharacterOffsetEnd=191 PartOfSpeech=DT] [Text=Oscar CharacterOffsetBegin=192 CharacterOffsetEnd=197 PartOfSpeech=NNP] [Text=for CharacterOffsetBegin=198 CharacterOffsetEnd=201 PartOfSpeech=IN] [Text=this CharacterOffsetBegin=202 CharacterOffsetEnd=206 PartOfSpeech=DT] [Text=; CharacterOffsetBegin=206 CharacterOffsetEnd=207 PartOfSpeech=:] [Text=he CharacterOffsetBegin=208 CharacterOffsetEnd=210 PartOfSpeech=PRP] [Text='s CharacterOffsetBegin=210 CharacterOffsetEnd=212 PartOfSpeech=VBZ] [Text=as CharacterOffsetBegin=213 CharacterOffsetEnd=215 PartOfSpeech=RB] [Text=sharp CharacterOffsetBegin=216 CharacterOffsetEnd=221 PartOfSpeech=JJ] [Text=and CharacterOffsetBegin=222 CharacterOffsetEnd=225 PartOfSpeech=CC] [Text=as CharacterOffsetBegin=226 CharacterOffsetEnd=228 PartOfSpeech=IN] [Text=funny CharacterOffsetBegin=229 CharacterOffsetEnd=234 PartOfSpeech=JJ] [Text=as CharacterOffsetBegin=235 CharacterOffsetEnd=237 PartOfSpeech=IN] [Text=ever CharacterOffsetBegin=238 CharacterOffsetEnd=242 PartOfSpeech=RB] [Text=. CharacterOffsetBegin=242 CharacterOffsetEnd=243 PartOfSpeech=.] 
root(ROOT-0, wonder-2)
amod(wonder-2, Small-1)
advmod(won-5, why-3)
nsubj(won-5, Burns-4)
rcmod(wonder-2, won-5)
det(Oscar-7, an-6)
dobj(won-5, Oscar-7)
prep(Oscar-7, for-8)
pobj(for-8, this-9)
punct(wonder-2, ;-10)
nsubj(sharp-14, he-11)
cop(sharp-14, 's-12)
advmod(sharp-14, as-13)
dep(wonder-2, sharp-14)
cc(sharp-14, and-15)
conj(sharp-14, as-16)
pobj(as-16, funny-17)
prep(funny-17, as-18)
pcomp(as-18, ever-19)
punct(wonder-2, .-20)

Sentence #3 (60 tokens):
And Matthau is every bit his match, if a tad more crotchety.This is familiar Simon territory: two old vaudeville partners reunite for a TV special but still can't stand one another after all these years.It's a delight to watch these two pick at each other, their scenes together make this film an absolute delight.
[Text=And CharacterOffsetBegin=248 CharacterOffsetEnd=251 PartOfSpeech=CC] [Text=Matthau CharacterOffsetBegin=252 CharacterOffsetEnd=259 PartOfSpeech=NNP] [Text=is CharacterOffsetBegin=260 CharacterOffsetEnd=262 PartOfSpeech=VBZ] [Text=every CharacterOffsetBegin=263 CharacterOffsetEnd=268 PartOfSpeech=DT] [Text=bit CharacterOffsetBegin=269 CharacterOffsetEnd=272 PartOfSpeech=NN] [Text=his CharacterOffsetBegin=273 CharacterOffsetEnd=276 PartOfSpeech=PRP$] [Text=match CharacterOffsetBegin=277 CharacterOffsetEnd=282 PartOfSpeech=NN] [Text=, CharacterOffsetBegin=282 CharacterOffsetEnd=283 PartOfSpeech=,] [Text=if CharacterOffsetBegin=284 CharacterOffsetEnd=286 PartOfSpeech=IN] [Text=a CharacterOffsetBegin=287 CharacterOffsetEnd=288 PartOfSpeech=DT] [Text=tad CharacterOffsetBegin=289 CharacterOffsetEnd=292 PartOfSpeech=NN] [Text=more CharacterOffsetBegin=293 CharacterOffsetEnd=297 PartOfSpeech=RBR] [Text=crotchety.This CharacterOffsetBegin=298 CharacterOffsetEnd=312 PartOfSpeech=NNPS] [Text=is CharacterOffsetBegin=313 CharacterOffsetEnd=315 PartOfSpeech=VBZ] [Text=familiar CharacterOffsetBegin=316 CharacterOffsetEnd=324 PartOfSpeech=JJ] [Text=Simon CharacterOffsetBegin=325 CharacterOffsetEnd=330 PartOfSpeech=NNP] [Text=territory CharacterOffsetBegin=331 CharacterOffsetEnd=340 PartOfSpeech=NN] [Text=: CharacterOffsetBegin=340 CharacterOffsetEnd=341 PartOfSpeech=:] [Text=two CharacterOffsetBegin=342 CharacterOffsetEnd=345 PartOfSpeech=CD] [Text=old CharacterOffsetBegin=346 CharacterOffsetEnd=349 PartOfSpeech=JJ] [Text=vaudeville CharacterOffsetBegin=350 CharacterOffsetEnd=360 PartOfSpeech=NN] [Text=partners CharacterOffsetBegin=361 CharacterOffsetEnd=369 PartOfSpeech=NNS] [Text=reunite CharacterOffsetBegin=370 CharacterOffsetEnd=377 PartOfSpeech=VBP] [Text=for CharacterOffsetBegin=378 CharacterOffsetEnd=381 PartOfSpeech=IN] [Text=a CharacterOffsetBegin=382 CharacterOffsetEnd=383 PartOfSpeech=DT] [Text=TV CharacterOffsetBegin=384 CharacterOffsetEnd=386 PartOfSpeech=NN] [Text=special CharacterOffsetBegin=387 CharacterOffsetEnd=394 PartOfSpeech=JJ] [Text=but CharacterOffsetBegin=395 CharacterOffsetEnd=398 PartOfSpeech=CC] [Text=still CharacterOffsetBegin=399 CharacterOffsetEnd=404 PartOfSpeech=RB] [Text=ca CharacterOffsetBegin=405 CharacterOffsetEnd=407 PartOfSpeech=MD] [Text=n't CharacterOffsetBegin=407 CharacterOffsetEnd=410 PartOfSpeech=RB] [Text=stand CharacterOffsetBegin=411 CharacterOffsetEnd=416 PartOfSpeech=VB] [Text=one CharacterOffsetBegin=417 CharacterOffsetEnd=420 PartOfSpeech=CD] [Text=another CharacterOffsetBegin=421 CharacterOffsetEnd=428 PartOfSpeech=DT] [Text=after CharacterOffsetBegin=429 CharacterOffsetEnd=434 PartOfSpeech=IN] [Text=all CharacterOffsetBegin=435 CharacterOffsetEnd=438 PartOfSpeech=DT] [Text=these CharacterOffsetBegin=439 CharacterOffsetEnd=444 PartOfSpeech=DT] [Text=years.It CharacterOffsetBegin=445 CharacterOffsetEnd=453 PartOfSpeech=NNP] [Text='s CharacterOffsetBegin=453 CharacterOffsetEnd=455 PartOfSpeech=POS] [Text=a CharacterOffsetBegin=456 CharacterOffsetEnd=457 PartOfSpeech=DT] [Text=delight CharacterOffsetBegin=458 CharacterOffsetEnd=465 PartOfSpeech=NN] [Text=to CharacterOffsetBegin=466 CharacterOffsetEnd=468 PartOfSpeech=TO] [Text=watch CharacterOffsetBegin=469 CharacterOffsetEnd=474 PartOfSpeech=VB] [Text=these CharacterOffsetBegin=475 CharacterOffsetEnd=480 PartOfSpeech=DT] [Text=two CharacterOffsetBegin=481 CharacterOffsetEnd=484 PartOfSpeech=CD] [Text=pick CharacterOffsetBegin=485 CharacterOffsetEnd=489 PartOfSpeech=NN] [Text=at CharacterOffsetBegin=490 CharacterOffsetEnd=492 PartOfSpeech=IN] [Text=each CharacterOffsetBegin=493 CharacterOffsetEnd=497 PartOfSpeech=DT] [Text=other CharacterOffsetBegin=498 CharacterOffsetEnd=503 PartOfSpeech=JJ] [Text=, CharacterOffsetBegin=503 CharacterOffsetEnd=504 PartOfSpeech=,] [Text=their CharacterOffsetBegin=505 CharacterOffsetEnd=510 PartOfSpeech=PRP$] [Text=scenes CharacterOffsetBegin=511 CharacterOffsetEnd=517 PartOfSpeech=NNS] [Text=together CharacterOffsetBegin=518 CharacterOffsetEnd=526 PartOfSpeech=RB] [Text=make CharacterOffsetBegin=527 CharacterOffsetEnd=531 PartOfSpeech=VBP] [Text=this CharacterOffsetBegin=532 CharacterOffsetEnd=536 PartOfSpeech=DT] [Text=film CharacterOffsetBegin=537 CharacterOffsetEnd=541 PartOfSpeech=NN] [Text=an CharacterOffsetBegin=542 CharacterOffsetEnd=544 PartOfSpeech=DT] [Text=absolute CharacterOffsetBegin=545 CharacterOffsetEnd=553 PartOfSpeech=JJ] [Text=delight CharacterOffsetBegin=554 CharacterOffsetEnd=561 PartOfSpeech=NN] [Text=. CharacterOffsetBegin=561 CharacterOffsetEnd=562 PartOfSpeech=.] 
root(ROOT-0, bit-5)
cc(bit-5, And-1)
nsubj(bit-5, Matthau-2)
cop(bit-5, is-3)
det(bit-5, every-4)
poss(match-7, his-6)
dobj(bit-5, match-7)
punct(bit-5, ,-8)
prep(bit-5, if-9)
det(tad-11, a-10)
dep(if-9, tad-11)
amod(crotchety.This-13, more-12)
nsubj(territory-17, crotchety.This-13)
cop(territory-17, is-14)
amod(territory-17, familiar-15)
nn(territory-17, Simon-16)
rcmod(tad-11, territory-17)
punct(tad-11, :-18)
num(partners-22, two-19)
amod(partners-22, old-20)
nn(partners-22, vaudeville-21)
nsubj(reunite-23, partners-22)
dep(tad-11, reunite-23)
prep(reunite-23, for-24)
det(special-27, a-25)
nn(special-27, TV-26)
pobj(for-24, special-27)
cc(reunite-23, but-28)
advmod(stand-32, still-29)
aux(stand-32, ca-30)
neg(stand-32, n't-31)
conj(reunite-23, stand-32)
num(another-34, one-33)
dobj(stand-32, another-34)
advmod(another-34, after-35)
pobj(after-35, all-36)
det(years.It-38, these-37)
poss(delight-41, years.It-38)
possessive(years.It-38, 's-39)
det(delight-41, a-40)
dep(another-34, delight-41)
aux(watch-43, to-42)
infmod(delight-41, watch-43)
det(pick-46, these-44)
num(pick-46, two-45)
dobj(watch-43, pick-46)
prep(pick-46, at-47)
det(other-49, each-48)
pobj(at-47, other-49)
punct(another-34, ,-50)
poss(scenes-52, their-51)
nsubj(make-54, scenes-52)
advmod(scenes-52, together-53)
rcmod(another-34, make-54)
det(film-56, this-55)
nsubj(delight-59, film-56)
det(delight-59, an-57)
amod(delight-59, absolute-58)
xcomp(make-54, delight-59)
punct(bit-5, .-60)

Sentence #4 (16 tokens):
Myself, I especially enjoyed the "knock, knock, knock / ENTER!"
[Text=Myself CharacterOffsetBegin=567 CharacterOffsetEnd=573 PartOfSpeech=NNP] [Text=, CharacterOffsetBegin=573 CharacterOffsetEnd=574 PartOfSpeech=,] [Text=I CharacterOffsetBegin=575 CharacterOffsetEnd=576 PartOfSpeech=PRP] [Text=especially CharacterOffsetBegin=577 CharacterOffsetEnd=587 PartOfSpeech=RB] [Text=enjoyed CharacterOffsetBegin=588 CharacterOffsetEnd=595 PartOfSpeech=VBD] [Text=the CharacterOffsetBegin=596 CharacterOffsetEnd=599 PartOfSpeech=DT] [Text=`` CharacterOffsetBegin=600 CharacterOffsetEnd=601 PartOfSpeech=``] [Text=knock CharacterOffsetBegin=601 CharacterOffsetEnd=606 PartOfSpeech=VB] [Text=, CharacterOffsetBegin=606 CharacterOffsetEnd=607 PartOfSpeech=,] [Text=knock CharacterOffsetBegin=608 CharacterOffsetEnd=613 PartOfSpeech=VB] [Text=, CharacterOffsetBegin=613 CharacterOffsetEnd=614 PartOfSpeech=,] [Text=knock CharacterOffsetBegin=615 CharacterOffsetEnd=620 PartOfSpeech=VB] [Text=/ CharacterOffsetBegin=621 CharacterOffsetEnd=622 PartOfSpeech=:] [Text=ENTER CharacterOffsetBegin=623 CharacterOffsetEnd=628 PartOfSpeech=VB] [Text=! CharacterOffsetBegin=628 CharacterOffsetEnd=629 PartOfSpeech=.] [Text='' CharacterOffsetBegin=629 CharacterOffsetEnd=630 PartOfSpeech=''] 
root(ROOT-0, Myself-1)
punct(Myself-1, ,-2)
nsubj(enjoyed-5, I-3)
advmod(enjoyed-5, especially-4)
rcmod(Myself-1, enjoyed-5)
det(knock-8, the-6)
punct(knock-8, ``-7)
dobj(enjoyed-5, knock-8)
punct(knock-8, ,-9)
conj(knock-8, knock-10)
punct(knock-8, ,-11)
dep(knock-8, knock-12)
punct(knock-12, /-13)
dep(knock-12, ENTER-14)
punct(knock-8, !-15)
punct(knock-8, ''-16)

Sentence #5 (2 tokens):
scene.
[Text=scene CharacterOffsetBegin=635 CharacterOffsetEnd=640 PartOfSpeech=NN] [Text=. CharacterOffsetBegin=640 CharacterOffsetEnd=641 PartOfSpeech=.] 
root(ROOT-0, scene-1)
punct(scene-1, .-2)

Sentence #6 (27 tokens):
And if you're a fan of either Burns or Matthau, you'll enjoy it, too.In fact, you'll enjoy the whole movie.
[Text=And CharacterOffsetBegin=646 CharacterOffsetEnd=649 PartOfSpeech=CC] [Text=if CharacterOffsetBegin=650 CharacterOffsetEnd=652 PartOfSpeech=IN] [Text=you CharacterOffsetBegin=653 CharacterOffsetEnd=656 PartOfSpeech=PRP] [Text='re CharacterOffsetBegin=656 CharacterOffsetEnd=659 PartOfSpeech=VBP] [Text=a CharacterOffsetBegin=660 CharacterOffsetEnd=661 PartOfSpeech=DT] [Text=fan CharacterOffsetBegin=662 CharacterOffsetEnd=665 PartOfSpeech=NN] [Text=of CharacterOffsetBegin=666 CharacterOffsetEnd=668 PartOfSpeech=IN] [Text=either CharacterOffsetBegin=669 CharacterOffsetEnd=675 PartOfSpeech=CC] [Text=Burns CharacterOffsetBegin=676 CharacterOffsetEnd=681 PartOfSpeech=NNP] [Text=or CharacterOffsetBegin=682 CharacterOffsetEnd=684 PartOfSpeech=CC] [Text=Matthau CharacterOffsetBegin=685 CharacterOffsetEnd=692 PartOfSpeech=NNP] [Text=, CharacterOffsetBegin=692 CharacterOffsetEnd=693 PartOfSpeech=,] [Text=you CharacterOffsetBegin=694 CharacterOffsetEnd=697 PartOfSpeech=PRP] [Text='ll CharacterOffsetBegin=697 CharacterOffsetEnd=700 PartOfSpeech=MD] [Text=enjoy CharacterOffsetBegin=701 CharacterOffsetEnd=706 PartOfSpeech=VB] [Text=it CharacterOffsetBegin=707 CharacterOffsetEnd=709 PartOfSpeech=PRP] [Text=, CharacterOffsetBegin=709 CharacterOffsetEnd=710 PartOfSpeech=,] [Text=too.In CharacterOffsetBegin=711 CharacterOffsetEnd=717 PartOfSpeech=NN] [Text=fact CharacterOffsetBegin=718 CharacterOffsetEnd=722 PartOfSpeech=NN] [Text=, CharacterOffsetBegin=722 CharacterOffsetEnd=723 PartOfSpeech=,] [Text=you CharacterOffsetBegin=724 CharacterOffsetEnd=727 PartOfSpeech=PRP] [Text='ll CharacterOffsetBegin=727 CharacterOffsetEnd=730 PartOfSpeech=MD] [Text=enjoy CharacterOffsetBegin=731 CharacterOffsetEnd=736 PartOfSpeech=VB] [Text=the CharacterOffsetBegin=737 CharacterOffsetEnd=740 PartOfSpeech=DT] [Text=whole CharacterOffsetBegin=741 CharacterOffsetEnd=746 PartOfSpeech=JJ] [Text=movie CharacterOffsetBegin=747 CharacterOffsetEnd=752 PartOfSpeech=NN] [Text=. CharacterOffsetBegin=752 CharacterOffsetEnd=753 PartOfSpeech=.] 
root(ROOT-0, enjoy-15)
cc(enjoy-15, And-1)
mark(fan-6, if-2)
nsubj(fan-6, you-3)
cop(fan-6, 're-4)
det(fan-6, a-5)
advcl(enjoy-15, fan-6)
prep(fan-6, of-7)
preconj(Burns-9, either-8)
pobj(of-7, Burns-9)
cc(Burns-9, or-10)
conj(Burns-9, Matthau-11)
punct(enjoy-15, ,-12)
nsubj(enjoy-15, you-13)
aux(enjoy-15, 'll-14)
dobj(enjoy-15, it-16)
punct(enjoy-15, ,-17)
nn(fact-19, too.In-18)
dep(enjoy-15, fact-19)
punct(enjoy-15, ,-20)
nsubj(enjoy-23, you-21)
aux(enjoy-23, 'll-22)
ccomp(enjoy-15, enjoy-23)
det(movie-26, the-24)
amod(movie-26, whole-25)
dobj(enjoy-23, movie-26)
punct(enjoy-15, .-27)

Sentence #7 (3 tokens):
Ten stars.
[Text=Ten CharacterOffsetBegin=758 CharacterOffsetEnd=761 PartOfSpeech=CD] [Text=stars CharacterOffsetBegin=762 CharacterOffsetEnd=767 PartOfSpeech=NNS] [Text=. CharacterOffsetBegin=767 CharacterOffsetEnd=768 PartOfSpeech=.] 
root(ROOT-0, stars-2)
num(stars-2, Ten-1)
punct(stars-2, .-3)

Sentence #8 (10 tokens):
Put a little "Sunshine" in your life.
[Text=Put CharacterOffsetBegin=773 CharacterOffsetEnd=776 PartOfSpeech=VB] [Text=a CharacterOffsetBegin=777 CharacterOffsetEnd=778 PartOfSpeech=DT] [Text=little CharacterOffsetBegin=779 CharacterOffsetEnd=785 PartOfSpeech=JJ] [Text=`` CharacterOffsetBegin=786 CharacterOffsetEnd=787 PartOfSpeech=``] [Text=Sunshine CharacterOffsetBegin=787 CharacterOffsetEnd=795 PartOfSpeech=NNP] [Text='' CharacterOffsetBegin=795 CharacterOffsetEnd=796 PartOfSpeech=''] [Text=in CharacterOffsetBegin=797 CharacterOffsetEnd=799 PartOfSpeech=IN] [Text=your CharacterOffsetBegin=800 CharacterOffsetEnd=804 PartOfSpeech=PRP$] [Text=life CharacterOffsetBegin=805 CharacterOffsetEnd=809 PartOfSpeech=NN] [Text=. CharacterOffsetBegin=809 CharacterOffsetEnd=810 PartOfSpeech=.] 
root(ROOT-0, Put-1)
det(Sunshine-5, a-2)
amod(Sunshine-5, little-3)
punct(Sunshine-5, ``-4)
dobj(Put-1, Sunshine-5)
punct(Sunshine-5, ''-6)
prep(Sunshine-5, in-7)
poss(life-9, your-8)
pobj(in-7, life-9)
punct(Put-1, .-10)

