Sentence #1 (28 tokens):
This show was appreciated by critics and those who realized that any similarities between "Pushing Daisies" style and anyone else's was not a steal.
[Text=This CharacterOffsetBegin=4 CharacterOffsetEnd=8 PartOfSpeech=DT] [Text=show CharacterOffsetBegin=9 CharacterOffsetEnd=13 PartOfSpeech=NN] [Text=was CharacterOffsetBegin=14 CharacterOffsetEnd=17 PartOfSpeech=VBD] [Text=appreciated CharacterOffsetBegin=18 CharacterOffsetEnd=29 PartOfSpeech=VBN] [Text=by CharacterOffsetBegin=30 CharacterOffsetEnd=32 PartOfSpeech=IN] [Text=critics CharacterOffsetBegin=33 CharacterOffsetEnd=40 PartOfSpeech=NNS] [Text=and CharacterOffsetBegin=41 CharacterOffsetEnd=44 PartOfSpeech=CC] [Text=those CharacterOffsetBegin=45 CharacterOffsetEnd=50 PartOfSpeech=DT] [Text=who CharacterOffsetBegin=51 CharacterOffsetEnd=54 PartOfSpeech=WP] [Text=realized CharacterOffsetBegin=55 CharacterOffsetEnd=63 PartOfSpeech=VBD] [Text=that CharacterOffsetBegin=64 CharacterOffsetEnd=68 PartOfSpeech=IN] [Text=any CharacterOffsetBegin=69 CharacterOffsetEnd=72 PartOfSpeech=DT] [Text=similarities CharacterOffsetBegin=73 CharacterOffsetEnd=85 PartOfSpeech=NNS] [Text=between CharacterOffsetBegin=86 CharacterOffsetEnd=93 PartOfSpeech=IN] [Text=`` CharacterOffsetBegin=94 CharacterOffsetEnd=95 PartOfSpeech=``] [Text=Pushing CharacterOffsetBegin=95 CharacterOffsetEnd=102 PartOfSpeech=VBG] [Text=Daisies CharacterOffsetBegin=103 CharacterOffsetEnd=110 PartOfSpeech=NNS] [Text='' CharacterOffsetBegin=110 CharacterOffsetEnd=111 PartOfSpeech=''] [Text=style CharacterOffsetBegin=112 CharacterOffsetEnd=117 PartOfSpeech=NN] [Text=and CharacterOffsetBegin=118 CharacterOffsetEnd=121 PartOfSpeech=CC] [Text=anyone CharacterOffsetBegin=122 CharacterOffsetEnd=128 PartOfSpeech=NN] [Text=else CharacterOffsetBegin=129 CharacterOffsetEnd=133 PartOfSpeech=RB] [Text='s CharacterOffsetBegin=133 CharacterOffsetEnd=135 PartOfSpeech=POS] [Text=was CharacterOffsetBegin=136 CharacterOffsetEnd=139 PartOfSpeech=VBD] [Text=not CharacterOffsetBegin=140 CharacterOffsetEnd=143 PartOfSpeech=RB] [Text=a CharacterOffsetBegin=144 CharacterOffsetEnd=145 PartOfSpeech=DT] [Text=steal CharacterOffsetBegin=146 CharacterOffsetEnd=151 PartOfSpeech=VB] [Text=. CharacterOffsetBegin=151 CharacterOffsetEnd=152 PartOfSpeech=.] 
root(ROOT-0, appreciated-4)
det(show-2, This-1)
nsubjpass(appreciated-4, show-2)
auxpass(appreciated-4, was-3)
prep(appreciated-4, by-5)
pobj(by-5, critics-6)
cc(critics-6, and-7)
conj(critics-6, those-8)
nsubj(realized-10, who-9)
rcmod(those-8, realized-10)
mark(steal-27, that-11)
det(similarities-13, any-12)
nsubj(steal-27, similarities-13)
prep(similarities-13, between-14)
punct(style-19, ``-15)
amod(style-19, Pushing-16)
nn(style-19, Daisies-17)
punct(style-19, ''-18)
pobj(between-14, style-19)
cc(style-19, and-20)
conj(style-19, anyone-21)
amod('s-23, else-22)
possessive(anyone-21, 's-23)
cop(steal-27, was-24)
neg(steal-27, not-25)
det(steal-27, a-26)
ccomp(realized-10, steal-27)
punct(appreciated-4, .-28)

Sentence #2 (10 tokens):
(Yes, I've seen "Amelie."
[Text=-LRB- CharacterOffsetBegin=157 CharacterOffsetEnd=158 PartOfSpeech=-LRB-] [Text=Yes CharacterOffsetBegin=158 CharacterOffsetEnd=161 PartOfSpeech=UH] [Text=, CharacterOffsetBegin=161 CharacterOffsetEnd=162 PartOfSpeech=,] [Text=I CharacterOffsetBegin=163 CharacterOffsetEnd=164 PartOfSpeech=PRP] [Text='ve CharacterOffsetBegin=164 CharacterOffsetEnd=167 PartOfSpeech=VBP] [Text=seen CharacterOffsetBegin=168 CharacterOffsetEnd=172 PartOfSpeech=VBN] [Text=`` CharacterOffsetBegin=173 CharacterOffsetEnd=174 PartOfSpeech=``] [Text=Amelie CharacterOffsetBegin=174 CharacterOffsetEnd=180 PartOfSpeech=NNP] [Text=. CharacterOffsetBegin=180 CharacterOffsetEnd=181 PartOfSpeech=.] [Text='' CharacterOffsetBegin=181 CharacterOffsetEnd=182 PartOfSpeech=''] 
root(ROOT-0, Yes-2)
punct(Yes-2, -LRB--1)
punct(Yes-2, ,-3)
nsubj(seen-6, I-4)
aux(seen-6, 've-5)
dep(Yes-2, seen-6)
punct(seen-6, ``-7)
dobj(seen-6, Amelie-8)
punct(Yes-2, .-9)
punct(Yes-2, ''-10)

Sentence #3 (16 tokens):
"Pushing Daisies" is somewhat similar but still different enough to be original.)
[Text=`` CharacterOffsetBegin=187 CharacterOffsetEnd=188 PartOfSpeech=``] [Text=Pushing CharacterOffsetBegin=188 CharacterOffsetEnd=195 PartOfSpeech=VBG] [Text=Daisies CharacterOffsetBegin=196 CharacterOffsetEnd=203 PartOfSpeech=NNS] [Text='' CharacterOffsetBegin=203 CharacterOffsetEnd=204 PartOfSpeech=''] [Text=is CharacterOffsetBegin=205 CharacterOffsetEnd=207 PartOfSpeech=VBZ] [Text=somewhat CharacterOffsetBegin=208 CharacterOffsetEnd=216 PartOfSpeech=RB] [Text=similar CharacterOffsetBegin=217 CharacterOffsetEnd=224 PartOfSpeech=JJ] [Text=but CharacterOffsetBegin=225 CharacterOffsetEnd=228 PartOfSpeech=CC] [Text=still CharacterOffsetBegin=229 CharacterOffsetEnd=234 PartOfSpeech=RB] [Text=different CharacterOffsetBegin=235 CharacterOffsetEnd=244 PartOfSpeech=JJ] [Text=enough CharacterOffsetBegin=245 CharacterOffsetEnd=251 PartOfSpeech=JJ] [Text=to CharacterOffsetBegin=252 CharacterOffsetEnd=254 PartOfSpeech=TO] [Text=be CharacterOffsetBegin=255 CharacterOffsetEnd=257 PartOfSpeech=VB] [Text=original CharacterOffsetBegin=258 CharacterOffsetEnd=266 PartOfSpeech=JJ] [Text=. CharacterOffsetBegin=266 CharacterOffsetEnd=267 PartOfSpeech=.] [Text=-RRB- CharacterOffsetBegin=267 CharacterOffsetEnd=268 PartOfSpeech=-RRB-] 
root(ROOT-0, similar-7)
punct(Daisies-3, ``-1)
nn(Daisies-3, Pushing-2)
nsubj(similar-7, Daisies-3)
punct(Daisies-3, ''-4)
cop(similar-7, is-5)
advmod(similar-7, somewhat-6)
cc(similar-7, but-8)
advmod(similar-7, still-9)
amod(enough-11, different-10)
conj(similar-7, enough-11)
aux(original-14, to-12)
cop(original-14, be-13)
infmod(enough-11, original-14)
punct(similar-7, .-15)
punct(similar-7, -RRB--16)

Sentence #4 (17 tokens):
Rather, there are too few shows on TV that have this kind of quirky charm.
[Text=Rather CharacterOffsetBegin=273 CharacterOffsetEnd=279 PartOfSpeech=RB] [Text=, CharacterOffsetBegin=279 CharacterOffsetEnd=280 PartOfSpeech=,] [Text=there CharacterOffsetBegin=281 CharacterOffsetEnd=286 PartOfSpeech=EX] [Text=are CharacterOffsetBegin=287 CharacterOffsetEnd=290 PartOfSpeech=VBP] [Text=too CharacterOffsetBegin=291 CharacterOffsetEnd=294 PartOfSpeech=RB] [Text=few CharacterOffsetBegin=295 CharacterOffsetEnd=298 PartOfSpeech=JJ] [Text=shows CharacterOffsetBegin=299 CharacterOffsetEnd=304 PartOfSpeech=NNS] [Text=on CharacterOffsetBegin=305 CharacterOffsetEnd=307 PartOfSpeech=IN] [Text=TV CharacterOffsetBegin=308 CharacterOffsetEnd=310 PartOfSpeech=NN] [Text=that CharacterOffsetBegin=311 CharacterOffsetEnd=315 PartOfSpeech=WDT] [Text=have CharacterOffsetBegin=316 CharacterOffsetEnd=320 PartOfSpeech=VBP] [Text=this CharacterOffsetBegin=321 CharacterOffsetEnd=325 PartOfSpeech=DT] [Text=kind CharacterOffsetBegin=326 CharacterOffsetEnd=330 PartOfSpeech=NN] [Text=of CharacterOffsetBegin=331 CharacterOffsetEnd=333 PartOfSpeech=IN] [Text=quirky CharacterOffsetBegin=334 CharacterOffsetEnd=340 PartOfSpeech=JJ] [Text=charm CharacterOffsetBegin=341 CharacterOffsetEnd=346 PartOfSpeech=NN] [Text=. CharacterOffsetBegin=346 CharacterOffsetEnd=347 PartOfSpeech=.] 
root(ROOT-0, shows-7)
advmod(are-4, Rather-1)
punct(are-4, ,-2)
expl(are-4, there-3)
cop(shows-7, are-4)
advmod(few-6, too-5)
amod(shows-7, few-6)
prep(shows-7, on-8)
pobj(on-8, TV-9)
nsubj(have-11, that-10)
rcmod(shows-7, have-11)
det(kind-13, this-12)
dobj(have-11, kind-13)
prep(kind-13, of-14)
amod(charm-16, quirky-15)
pobj(of-14, charm-16)
punct(shows-7, .-17)

Sentence #5 (26 tokens):
The greatest similarity is to "Dead Like Me" but "P.D" comes by that similarity honestly: Bryan Fuller created both shows.
[Text=The CharacterOffsetBegin=352 CharacterOffsetEnd=355 PartOfSpeech=DT] [Text=greatest CharacterOffsetBegin=356 CharacterOffsetEnd=364 PartOfSpeech=JJS] [Text=similarity CharacterOffsetBegin=365 CharacterOffsetEnd=375 PartOfSpeech=NN] [Text=is CharacterOffsetBegin=376 CharacterOffsetEnd=378 PartOfSpeech=VBZ] [Text=to CharacterOffsetBegin=379 CharacterOffsetEnd=381 PartOfSpeech=TO] [Text=`` CharacterOffsetBegin=382 CharacterOffsetEnd=383 PartOfSpeech=``] [Text=Dead CharacterOffsetBegin=383 CharacterOffsetEnd=387 PartOfSpeech=JJ] [Text=Like CharacterOffsetBegin=388 CharacterOffsetEnd=392 PartOfSpeech=IN] [Text=Me CharacterOffsetBegin=393 CharacterOffsetEnd=395 PartOfSpeech=PRP] [Text='' CharacterOffsetBegin=395 CharacterOffsetEnd=396 PartOfSpeech=''] [Text=but CharacterOffsetBegin=397 CharacterOffsetEnd=400 PartOfSpeech=CC] [Text=`` CharacterOffsetBegin=401 CharacterOffsetEnd=402 PartOfSpeech=``] [Text=P.D CharacterOffsetBegin=402 CharacterOffsetEnd=405 PartOfSpeech=NNP] [Text='' CharacterOffsetBegin=405 CharacterOffsetEnd=406 PartOfSpeech=''] [Text=comes CharacterOffsetBegin=407 CharacterOffsetEnd=412 PartOfSpeech=VBZ] [Text=by CharacterOffsetBegin=413 CharacterOffsetEnd=415 PartOfSpeech=IN] [Text=that CharacterOffsetBegin=416 CharacterOffsetEnd=420 PartOfSpeech=DT] [Text=similarity CharacterOffsetBegin=421 CharacterOffsetEnd=431 PartOfSpeech=NN] [Text=honestly CharacterOffsetBegin=432 CharacterOffsetEnd=440 PartOfSpeech=RB] [Text=: CharacterOffsetBegin=440 CharacterOffsetEnd=441 PartOfSpeech=:] [Text=Bryan CharacterOffsetBegin=442 CharacterOffsetEnd=447 PartOfSpeech=NNP] [Text=Fuller CharacterOffsetBegin=448 CharacterOffsetEnd=454 PartOfSpeech=NNP] [Text=created CharacterOffsetBegin=455 CharacterOffsetEnd=462 PartOfSpeech=VBD] [Text=both CharacterOffsetBegin=463 CharacterOffsetEnd=467 PartOfSpeech=DT] [Text=shows CharacterOffsetBegin=468 CharacterOffsetEnd=473 PartOfSpeech=NNS] [Text=. CharacterOffsetBegin=473 CharacterOffsetEnd=474 PartOfSpeech=.] 
root(ROOT-0, is-4)
det(similarity-3, The-1)
amod(similarity-3, greatest-2)
nsubj(is-4, similarity-3)
aux(Dead-7, to-5)
punct(Dead-7, ``-6)
xcomp(is-4, Dead-7)
prep(Dead-7, Like-8)
pobj(Like-8, Me-9)
punct(Dead-7, ''-10)
cc(Dead-7, but-11)
punct(Dead-7, ``-12)
conj(Dead-7, P.D-13)
punct(Dead-7, ''-14)
dep(is-4, comes-15)
prep(comes-15, by-16)
det(similarity-18, that-17)
pobj(by-16, similarity-18)
advmod(similarity-18, honestly-19)
punct(similarity-18, :-20)
nn(Fuller-22, Bryan-21)
nsubj(created-23, Fuller-22)
dep(similarity-18, created-23)
det(shows-25, both-24)
dobj(created-23, shows-25)
punct(is-4, .-26)

Sentence #6 (15 tokens):
(Both shows involve an "undead" young woman, For example.)
[Text=-LRB- CharacterOffsetBegin=479 CharacterOffsetEnd=480 PartOfSpeech=-LRB-] [Text=Both CharacterOffsetBegin=480 CharacterOffsetEnd=484 PartOfSpeech=DT] [Text=shows CharacterOffsetBegin=485 CharacterOffsetEnd=490 PartOfSpeech=NNS] [Text=involve CharacterOffsetBegin=491 CharacterOffsetEnd=498 PartOfSpeech=VBP] [Text=an CharacterOffsetBegin=499 CharacterOffsetEnd=501 PartOfSpeech=DT] [Text=`` CharacterOffsetBegin=502 CharacterOffsetEnd=503 PartOfSpeech=``] [Text=undead CharacterOffsetBegin=503 CharacterOffsetEnd=509 PartOfSpeech=NN] [Text='' CharacterOffsetBegin=509 CharacterOffsetEnd=510 PartOfSpeech=''] [Text=young CharacterOffsetBegin=511 CharacterOffsetEnd=516 PartOfSpeech=JJ] [Text=woman CharacterOffsetBegin=517 CharacterOffsetEnd=522 PartOfSpeech=NN] [Text=, CharacterOffsetBegin=522 CharacterOffsetEnd=523 PartOfSpeech=,] [Text=For CharacterOffsetBegin=524 CharacterOffsetEnd=527 PartOfSpeech=IN] [Text=example CharacterOffsetBegin=528 CharacterOffsetEnd=535 PartOfSpeech=NN] [Text=. CharacterOffsetBegin=535 CharacterOffsetEnd=536 PartOfSpeech=.] [Text=-RRB- CharacterOffsetBegin=536 CharacterOffsetEnd=537 PartOfSpeech=-RRB-] 
root(ROOT-0, involve-4)
punct(involve-4, -LRB--1)
det(shows-3, Both-2)
nsubj(involve-4, shows-3)
det(woman-10, an-5)
punct(woman-10, ``-6)
nn(woman-10, undead-7)
punct(woman-10, ''-8)
amod(woman-10, young-9)
dobj(involve-4, woman-10)
punct(involve-4, ,-11)
prep(involve-4, For-12)
pobj(For-12, example-13)
punct(involve-4, .-14)
punct(involve-4, -RRB--15)

Sentence #7 (31 tokens):
This show never stopped being funny and charming, and it was always odd, yet was consistently humane.I must say a word about the conventions of on-going story lines.
[Text=This CharacterOffsetBegin=542 CharacterOffsetEnd=546 PartOfSpeech=DT] [Text=show CharacterOffsetBegin=547 CharacterOffsetEnd=551 PartOfSpeech=NN] [Text=never CharacterOffsetBegin=552 CharacterOffsetEnd=557 PartOfSpeech=RB] [Text=stopped CharacterOffsetBegin=558 CharacterOffsetEnd=565 PartOfSpeech=VBD] [Text=being CharacterOffsetBegin=566 CharacterOffsetEnd=571 PartOfSpeech=VBG] [Text=funny CharacterOffsetBegin=572 CharacterOffsetEnd=577 PartOfSpeech=JJ] [Text=and CharacterOffsetBegin=578 CharacterOffsetEnd=581 PartOfSpeech=CC] [Text=charming CharacterOffsetBegin=582 CharacterOffsetEnd=590 PartOfSpeech=JJ] [Text=, CharacterOffsetBegin=590 CharacterOffsetEnd=591 PartOfSpeech=,] [Text=and CharacterOffsetBegin=592 CharacterOffsetEnd=595 PartOfSpeech=CC] [Text=it CharacterOffsetBegin=596 CharacterOffsetEnd=598 PartOfSpeech=PRP] [Text=was CharacterOffsetBegin=599 CharacterOffsetEnd=602 PartOfSpeech=VBD] [Text=always CharacterOffsetBegin=603 CharacterOffsetEnd=609 PartOfSpeech=RB] [Text=odd CharacterOffsetBegin=610 CharacterOffsetEnd=613 PartOfSpeech=JJ] [Text=, CharacterOffsetBegin=613 CharacterOffsetEnd=614 PartOfSpeech=,] [Text=yet CharacterOffsetBegin=615 CharacterOffsetEnd=618 PartOfSpeech=RB] [Text=was CharacterOffsetBegin=619 CharacterOffsetEnd=622 PartOfSpeech=VBD] [Text=consistently CharacterOffsetBegin=623 CharacterOffsetEnd=635 PartOfSpeech=RB] [Text=humane.I CharacterOffsetBegin=636 CharacterOffsetEnd=644 PartOfSpeech=NNP] [Text=must CharacterOffsetBegin=645 CharacterOffsetEnd=649 PartOfSpeech=MD] [Text=say CharacterOffsetBegin=650 CharacterOffsetEnd=653 PartOfSpeech=VB] [Text=a CharacterOffsetBegin=654 CharacterOffsetEnd=655 PartOfSpeech=DT] [Text=word CharacterOffsetBegin=656 CharacterOffsetEnd=660 PartOfSpeech=NN] [Text=about CharacterOffsetBegin=661 CharacterOffsetEnd=666 PartOfSpeech=IN] [Text=the CharacterOffsetBegin=667 CharacterOffsetEnd=670 PartOfSpeech=DT] [Text=conventions CharacterOffsetBegin=671 CharacterOffsetEnd=682 PartOfSpeech=NNS] [Text=of CharacterOffsetBegin=683 CharacterOffsetEnd=685 PartOfSpeech=IN] [Text=on-going CharacterOffsetBegin=686 CharacterOffsetEnd=694 PartOfSpeech=JJ] [Text=story CharacterOffsetBegin=695 CharacterOffsetEnd=700 PartOfSpeech=NN] [Text=lines CharacterOffsetBegin=701 CharacterOffsetEnd=706 PartOfSpeech=NNS] [Text=. CharacterOffsetBegin=706 CharacterOffsetEnd=707 PartOfSpeech=.] 
root(ROOT-0, stopped-4)
det(show-2, This-1)
nsubj(stopped-4, show-2)
neg(stopped-4, never-3)
cop(funny-6, being-5)
xcomp(stopped-4, funny-6)
cc(funny-6, and-7)
conj(funny-6, charming-8)
punct(stopped-4, ,-9)
cc(stopped-4, and-10)
nsubj(odd-14, it-11)
cop(odd-14, was-12)
advmod(odd-14, always-13)
conj(stopped-4, odd-14)
punct(odd-14, ,-15)
advmod(odd-14, yet-16)
cop(humane.I-19, was-17)
advmod(humane.I-19, consistently-18)
nsubj(say-21, humane.I-19)
aux(say-21, must-20)
parataxis(odd-14, say-21)
det(word-23, a-22)
dobj(say-21, word-23)
prep(word-23, about-24)
det(conventions-26, the-25)
pobj(about-24, conventions-26)
prep(conventions-26, of-27)
amod(lines-30, on-going-28)
nn(lines-30, story-29)
pobj(of-27, lines-30)
punct(stopped-4, .-31)

Sentence #8 (40 tokens):
some people have complained that this show lacked a moral center because in the first (and several subsequent) episodes Ned seems to get away with causing the death of Chuck's father without consequences of any kind.
[Text=some CharacterOffsetBegin=712 CharacterOffsetEnd=716 PartOfSpeech=DT] [Text=people CharacterOffsetBegin=717 CharacterOffsetEnd=723 PartOfSpeech=NNS] [Text=have CharacterOffsetBegin=724 CharacterOffsetEnd=728 PartOfSpeech=VBP] [Text=complained CharacterOffsetBegin=729 CharacterOffsetEnd=739 PartOfSpeech=VBN] [Text=that CharacterOffsetBegin=740 CharacterOffsetEnd=744 PartOfSpeech=IN] [Text=this CharacterOffsetBegin=745 CharacterOffsetEnd=749 PartOfSpeech=DT] [Text=show CharacterOffsetBegin=750 CharacterOffsetEnd=754 PartOfSpeech=NN] [Text=lacked CharacterOffsetBegin=755 CharacterOffsetEnd=761 PartOfSpeech=VBD] [Text=a CharacterOffsetBegin=762 CharacterOffsetEnd=763 PartOfSpeech=DT] [Text=moral CharacterOffsetBegin=764 CharacterOffsetEnd=769 PartOfSpeech=JJ] [Text=center CharacterOffsetBegin=770 CharacterOffsetEnd=776 PartOfSpeech=NN] [Text=because CharacterOffsetBegin=777 CharacterOffsetEnd=784 PartOfSpeech=IN] [Text=in CharacterOffsetBegin=785 CharacterOffsetEnd=787 PartOfSpeech=IN] [Text=the CharacterOffsetBegin=788 CharacterOffsetEnd=791 PartOfSpeech=DT] [Text=first CharacterOffsetBegin=792 CharacterOffsetEnd=797 PartOfSpeech=JJ] [Text=-LRB- CharacterOffsetBegin=798 CharacterOffsetEnd=799 PartOfSpeech=-LRB-] [Text=and CharacterOffsetBegin=799 CharacterOffsetEnd=802 PartOfSpeech=CC] [Text=several CharacterOffsetBegin=803 CharacterOffsetEnd=810 PartOfSpeech=JJ] [Text=subsequent CharacterOffsetBegin=811 CharacterOffsetEnd=821 PartOfSpeech=JJ] [Text=-RRB- CharacterOffsetBegin=821 CharacterOffsetEnd=822 PartOfSpeech=-RRB-] [Text=episodes CharacterOffsetBegin=823 CharacterOffsetEnd=831 PartOfSpeech=NNS] [Text=Ned CharacterOffsetBegin=832 CharacterOffsetEnd=835 PartOfSpeech=NNP] [Text=seems CharacterOffsetBegin=836 CharacterOffsetEnd=841 PartOfSpeech=VBZ] [Text=to CharacterOffsetBegin=842 CharacterOffsetEnd=844 PartOfSpeech=TO] [Text=get CharacterOffsetBegin=845 CharacterOffsetEnd=848 PartOfSpeech=VB] [Text=away CharacterOffsetBegin=849 CharacterOffsetEnd=853 PartOfSpeech=RP] [Text=with CharacterOffsetBegin=854 CharacterOffsetEnd=858 PartOfSpeech=IN] [Text=causing CharacterOffsetBegin=859 CharacterOffsetEnd=866 PartOfSpeech=VBG] [Text=the CharacterOffsetBegin=867 CharacterOffsetEnd=870 PartOfSpeech=DT] [Text=death CharacterOffsetBegin=871 CharacterOffsetEnd=876 PartOfSpeech=NN] [Text=of CharacterOffsetBegin=877 CharacterOffsetEnd=879 PartOfSpeech=IN] [Text=Chuck CharacterOffsetBegin=880 CharacterOffsetEnd=885 PartOfSpeech=NNP] [Text='s CharacterOffsetBegin=885 CharacterOffsetEnd=887 PartOfSpeech=POS] [Text=father CharacterOffsetBegin=888 CharacterOffsetEnd=894 PartOfSpeech=NN] [Text=without CharacterOffsetBegin=895 CharacterOffsetEnd=902 PartOfSpeech=IN] [Text=consequences CharacterOffsetBegin=903 CharacterOffsetEnd=915 PartOfSpeech=NNS] [Text=of CharacterOffsetBegin=916 CharacterOffsetEnd=918 PartOfSpeech=IN] [Text=any CharacterOffsetBegin=919 CharacterOffsetEnd=922 PartOfSpeech=DT] [Text=kind CharacterOffsetBegin=923 CharacterOffsetEnd=927 PartOfSpeech=NN] [Text=. CharacterOffsetBegin=927 CharacterOffsetEnd=928 PartOfSpeech=.] 
root(ROOT-0, complained-4)
det(people-2, some-1)
nsubj(complained-4, people-2)
aux(complained-4, have-3)
mark(lacked-8, that-5)
det(show-7, this-6)
nsubj(lacked-8, show-7)
ccomp(complained-4, lacked-8)
det(center-11, a-9)
amod(center-11, moral-10)
dobj(lacked-8, center-11)
mark(seems-23, because-12)
prep(seems-23, in-13)
det(episodes-21, the-14)
amod(episodes-21, first-15)
punct(subsequent-19, -LRB--16)
cc(subsequent-19, and-17)
amod(subsequent-19, several-18)
amod(episodes-21, subsequent-19)
punct(episodes-21, -RRB--20)
pobj(in-13, episodes-21)
nsubj(seems-23, Ned-22)
advcl(lacked-8, seems-23)
aux(get-25, to-24)
xcomp(seems-23, get-25)
prt(get-25, away-26)
prep(get-25, with-27)
pcomp(with-27, causing-28)
det(death-30, the-29)
dobj(causing-28, death-30)
prep(death-30, of-31)
poss(father-34, Chuck-32)
possessive(Chuck-32, 's-33)
pobj(of-31, father-34)
prep(causing-28, without-35)
pobj(without-35, consequences-36)
prep(consequences-36, of-37)
det(kind-39, any-38)
pobj(of-37, kind-39)
punct(complained-4, .-40)

Sentence #9 (60 tokens):
First of all, this must be a new definition of "without consequences of any kind" because, in spite of the fact that Ned was only a boy and did not realize that he had caused the death of Chuck's father, he nevertheless felt guilty from the moment he realized what he had done.
[Text=First CharacterOffsetBegin=933 CharacterOffsetEnd=938 PartOfSpeech=NNP] [Text=of CharacterOffsetBegin=939 CharacterOffsetEnd=941 PartOfSpeech=IN] [Text=all CharacterOffsetBegin=942 CharacterOffsetEnd=945 PartOfSpeech=DT] [Text=, CharacterOffsetBegin=945 CharacterOffsetEnd=946 PartOfSpeech=,] [Text=this CharacterOffsetBegin=947 CharacterOffsetEnd=951 PartOfSpeech=DT] [Text=must CharacterOffsetBegin=952 CharacterOffsetEnd=956 PartOfSpeech=MD] [Text=be CharacterOffsetBegin=957 CharacterOffsetEnd=959 PartOfSpeech=VB] [Text=a CharacterOffsetBegin=960 CharacterOffsetEnd=961 PartOfSpeech=DT] [Text=new CharacterOffsetBegin=962 CharacterOffsetEnd=965 PartOfSpeech=JJ] [Text=definition CharacterOffsetBegin=966 CharacterOffsetEnd=976 PartOfSpeech=NN] [Text=of CharacterOffsetBegin=977 CharacterOffsetEnd=979 PartOfSpeech=IN] [Text=`` CharacterOffsetBegin=980 CharacterOffsetEnd=981 PartOfSpeech=``] [Text=without CharacterOffsetBegin=981 CharacterOffsetEnd=988 PartOfSpeech=IN] [Text=consequences CharacterOffsetBegin=989 CharacterOffsetEnd=1001 PartOfSpeech=NNS] [Text=of CharacterOffsetBegin=1002 CharacterOffsetEnd=1004 PartOfSpeech=IN] [Text=any CharacterOffsetBegin=1005 CharacterOffsetEnd=1008 PartOfSpeech=DT] [Text=kind CharacterOffsetBegin=1009 CharacterOffsetEnd=1013 PartOfSpeech=NN] [Text='' CharacterOffsetBegin=1013 CharacterOffsetEnd=1014 PartOfSpeech=''] [Text=because CharacterOffsetBegin=1015 CharacterOffsetEnd=1022 PartOfSpeech=IN] [Text=, CharacterOffsetBegin=1022 CharacterOffsetEnd=1023 PartOfSpeech=,] [Text=in CharacterOffsetBegin=1024 CharacterOffsetEnd=1026 PartOfSpeech=IN] [Text=spite CharacterOffsetBegin=1027 CharacterOffsetEnd=1032 PartOfSpeech=NN] [Text=of CharacterOffsetBegin=1033 CharacterOffsetEnd=1035 PartOfSpeech=IN] [Text=the CharacterOffsetBegin=1036 CharacterOffsetEnd=1039 PartOfSpeech=DT] [Text=fact CharacterOffsetBegin=1040 CharacterOffsetEnd=1044 PartOfSpeech=NN] [Text=that CharacterOffsetBegin=1045 CharacterOffsetEnd=1049 PartOfSpeech=IN] [Text=Ned CharacterOffsetBegin=1050 CharacterOffsetEnd=1053 PartOfSpeech=NNP] [Text=was CharacterOffsetBegin=1054 CharacterOffsetEnd=1057 PartOfSpeech=VBD] [Text=only CharacterOffsetBegin=1058 CharacterOffsetEnd=1062 PartOfSpeech=RB] [Text=a CharacterOffsetBegin=1063 CharacterOffsetEnd=1064 PartOfSpeech=DT] [Text=boy CharacterOffsetBegin=1065 CharacterOffsetEnd=1068 PartOfSpeech=NN] [Text=and CharacterOffsetBegin=1069 CharacterOffsetEnd=1072 PartOfSpeech=CC] [Text=did CharacterOffsetBegin=1073 CharacterOffsetEnd=1076 PartOfSpeech=VBD] [Text=not CharacterOffsetBegin=1077 CharacterOffsetEnd=1080 PartOfSpeech=RB] [Text=realize CharacterOffsetBegin=1081 CharacterOffsetEnd=1088 PartOfSpeech=VB] [Text=that CharacterOffsetBegin=1089 CharacterOffsetEnd=1093 PartOfSpeech=IN] [Text=he CharacterOffsetBegin=1094 CharacterOffsetEnd=1096 PartOfSpeech=PRP] [Text=had CharacterOffsetBegin=1097 CharacterOffsetEnd=1100 PartOfSpeech=VBD] [Text=caused CharacterOffsetBegin=1101 CharacterOffsetEnd=1107 PartOfSpeech=VBN] [Text=the CharacterOffsetBegin=1108 CharacterOffsetEnd=1111 PartOfSpeech=DT] [Text=death CharacterOffsetBegin=1112 CharacterOffsetEnd=1117 PartOfSpeech=NN] [Text=of CharacterOffsetBegin=1118 CharacterOffsetEnd=1120 PartOfSpeech=IN] [Text=Chuck CharacterOffsetBegin=1121 CharacterOffsetEnd=1126 PartOfSpeech=NNP] [Text='s CharacterOffsetBegin=1126 CharacterOffsetEnd=1128 PartOfSpeech=POS] [Text=father CharacterOffsetBegin=1129 CharacterOffsetEnd=1135 PartOfSpeech=NN] [Text=, CharacterOffsetBegin=1135 CharacterOffsetEnd=1136 PartOfSpeech=,] [Text=he CharacterOffsetBegin=1137 CharacterOffsetEnd=1139 PartOfSpeech=PRP] [Text=nevertheless CharacterOffsetBegin=1140 CharacterOffsetEnd=1152 PartOfSpeech=RB] [Text=felt CharacterOffsetBegin=1153 CharacterOffsetEnd=1157 PartOfSpeech=VBD] [Text=guilty CharacterOffsetBegin=1158 CharacterOffsetEnd=1164 PartOfSpeech=JJ] [Text=from CharacterOffsetBegin=1165 CharacterOffsetEnd=1169 PartOfSpeech=IN] [Text=the CharacterOffsetBegin=1170 CharacterOffsetEnd=1173 PartOfSpeech=DT] [Text=moment CharacterOffsetBegin=1174 CharacterOffsetEnd=1180 PartOfSpeech=NN] [Text=he CharacterOffsetBegin=1181 CharacterOffsetEnd=1183 PartOfSpeech=PRP] [Text=realized CharacterOffsetBegin=1184 CharacterOffsetEnd=1192 PartOfSpeech=VBD] [Text=what CharacterOffsetBegin=1193 CharacterOffsetEnd=1197 PartOfSpeech=WP] [Text=he CharacterOffsetBegin=1198 CharacterOffsetEnd=1200 PartOfSpeech=PRP] [Text=had CharacterOffsetBegin=1201 CharacterOffsetEnd=1204 PartOfSpeech=VBD] [Text=done CharacterOffsetBegin=1205 CharacterOffsetEnd=1209 PartOfSpeech=VBN] [Text=. CharacterOffsetBegin=1209 CharacterOffsetEnd=1210 PartOfSpeech=.] 
root(ROOT-0, First-1)
prep(First-1, of-2)
pobj(of-2, all-3)
punct(First-1, ,-4)
nsubj(definition-10, this-5)
aux(definition-10, must-6)
cop(definition-10, be-7)
det(definition-10, a-8)
amod(definition-10, new-9)
rcmod(First-1, definition-10)
prep(definition-10, of-11)
punct(of-11, ``-12)
prep(of-11, without-13)
pobj(without-13, consequences-14)
prep(consequences-14, of-15)
det(kind-17, any-16)
pobj(of-15, kind-17)
punct(of-11, ''-18)
mark(felt-49, because-19)
punct(felt-49, ,-20)
prep(felt-49, in-21)
pobj(in-21, spite-22)
prep(spite-22, of-23)
det(fact-25, the-24)
pobj(of-23, fact-25)
mark(boy-31, that-26)
nsubj(boy-31, Ned-27)
cop(boy-31, was-28)
advmod(boy-31, only-29)
det(boy-31, a-30)
ccomp(fact-25, boy-31)
cc(boy-31, and-32)
aux(realize-35, did-33)
neg(realize-35, not-34)
conj(boy-31, realize-35)
mark(caused-39, that-36)
nsubj(caused-39, he-37)
aux(caused-39, had-38)
ccomp(boy-31, caused-39)
det(death-41, the-40)
dobj(caused-39, death-41)
prep(death-41, of-42)
poss(father-45, Chuck-43)
possessive(Chuck-43, 's-44)
pobj(of-42, father-45)
punct(felt-49, ,-46)
nsubj(felt-49, he-47)
advmod(felt-49, nevertheless-48)
advcl(definition-10, felt-49)
acomp(felt-49, guilty-50)
prep(guilty-50, from-51)
det(moment-53, the-52)
pobj(from-51, moment-53)
nsubj(realized-55, he-54)
ccomp(felt-49, realized-55)
dobj(done-59, what-56)
nsubj(done-59, he-57)
aux(done-59, had-58)
ccomp(realized-55, done-59)
punct(First-1, .-60)

Sentence #10 (28 tokens):
Further, about a dozen episodes into the series, Ned finally did confess to Chuck that he had caused her father's death with his gift.
[Text=Further CharacterOffsetBegin=1215 CharacterOffsetEnd=1222 PartOfSpeech=RB] [Text=, CharacterOffsetBegin=1222 CharacterOffsetEnd=1223 PartOfSpeech=,] [Text=about CharacterOffsetBegin=1224 CharacterOffsetEnd=1229 PartOfSpeech=IN] [Text=a CharacterOffsetBegin=1230 CharacterOffsetEnd=1231 PartOfSpeech=DT] [Text=dozen CharacterOffsetBegin=1232 CharacterOffsetEnd=1237 PartOfSpeech=NN] [Text=episodes CharacterOffsetBegin=1238 CharacterOffsetEnd=1246 PartOfSpeech=NNS] [Text=into CharacterOffsetBegin=1247 CharacterOffsetEnd=1251 PartOfSpeech=IN] [Text=the CharacterOffsetBegin=1252 CharacterOffsetEnd=1255 PartOfSpeech=DT] [Text=series CharacterOffsetBegin=1256 CharacterOffsetEnd=1262 PartOfSpeech=NN] [Text=, CharacterOffsetBegin=1262 CharacterOffsetEnd=1263 PartOfSpeech=,] [Text=Ned CharacterOffsetBegin=1264 CharacterOffsetEnd=1267 PartOfSpeech=NNP] [Text=finally CharacterOffsetBegin=1268 CharacterOffsetEnd=1275 PartOfSpeech=RB] [Text=did CharacterOffsetBegin=1276 CharacterOffsetEnd=1279 PartOfSpeech=VBD] [Text=confess CharacterOffsetBegin=1280 CharacterOffsetEnd=1287 PartOfSpeech=VB] [Text=to CharacterOffsetBegin=1288 CharacterOffsetEnd=1290 PartOfSpeech=TO] [Text=Chuck CharacterOffsetBegin=1291 CharacterOffsetEnd=1296 PartOfSpeech=NNP] [Text=that CharacterOffsetBegin=1297 CharacterOffsetEnd=1301 PartOfSpeech=IN] [Text=he CharacterOffsetBegin=1302 CharacterOffsetEnd=1304 PartOfSpeech=PRP] [Text=had CharacterOffsetBegin=1305 CharacterOffsetEnd=1308 PartOfSpeech=VBD] [Text=caused CharacterOffsetBegin=1309 CharacterOffsetEnd=1315 PartOfSpeech=VBN] [Text=her CharacterOffsetBegin=1316 CharacterOffsetEnd=1319 PartOfSpeech=PRP$] [Text=father CharacterOffsetBegin=1320 CharacterOffsetEnd=1326 PartOfSpeech=NN] [Text='s CharacterOffsetBegin=1326 CharacterOffsetEnd=1328 PartOfSpeech=POS] [Text=death CharacterOffsetBegin=1329 CharacterOffsetEnd=1334 PartOfSpeech=NN] [Text=with CharacterOffsetBegin=1335 CharacterOffsetEnd=1339 PartOfSpeech=IN] [Text=his CharacterOffsetBegin=1340 CharacterOffsetEnd=1343 PartOfSpeech=PRP$] [Text=gift CharacterOffsetBegin=1344 CharacterOffsetEnd=1348 PartOfSpeech=NN] [Text=. CharacterOffsetBegin=1348 CharacterOffsetEnd=1349 PartOfSpeech=.] 
root(ROOT-0, episodes-6)
advmod(episodes-6, Further-1)
punct(episodes-6, ,-2)
quantmod(dozen-5, about-3)
quantmod(dozen-5, a-4)
num(episodes-6, dozen-5)
prep(episodes-6, into-7)
det(series-9, the-8)
pobj(into-7, series-9)
punct(episodes-6, ,-10)
nsubj(confess-14, Ned-11)
advmod(confess-14, finally-12)
aux(confess-14, did-13)
rcmod(episodes-6, confess-14)
prep(confess-14, to-15)
pobj(to-15, Chuck-16)
mark(caused-20, that-17)
nsubj(caused-20, he-18)
aux(caused-20, had-19)
ccomp(confess-14, caused-20)
poss(father-22, her-21)
poss(death-24, father-22)
possessive(father-22, 's-23)
dobj(caused-20, death-24)
prep(caused-20, with-25)
poss(gift-27, his-26)
pobj(with-25, gift-27)
punct(episodes-6, .-28)

Sentence #11 (40 tokens):
Now, there are no police to charge people with magically causing one person's death by bringing another person back to life, so the questions of absolution and restitution have to be taken up without societal guidance.
[Text=Now CharacterOffsetBegin=1354 CharacterOffsetEnd=1357 PartOfSpeech=RB] [Text=, CharacterOffsetBegin=1357 CharacterOffsetEnd=1358 PartOfSpeech=,] [Text=there CharacterOffsetBegin=1359 CharacterOffsetEnd=1364 PartOfSpeech=EX] [Text=are CharacterOffsetBegin=1365 CharacterOffsetEnd=1368 PartOfSpeech=VBP] [Text=no CharacterOffsetBegin=1369 CharacterOffsetEnd=1371 PartOfSpeech=DT] [Text=police CharacterOffsetBegin=1372 CharacterOffsetEnd=1378 PartOfSpeech=NN] [Text=to CharacterOffsetBegin=1379 CharacterOffsetEnd=1381 PartOfSpeech=TO] [Text=charge CharacterOffsetBegin=1382 CharacterOffsetEnd=1388 PartOfSpeech=VB] [Text=people CharacterOffsetBegin=1389 CharacterOffsetEnd=1395 PartOfSpeech=NNS] [Text=with CharacterOffsetBegin=1396 CharacterOffsetEnd=1400 PartOfSpeech=IN] [Text=magically CharacterOffsetBegin=1401 CharacterOffsetEnd=1410 PartOfSpeech=RB] [Text=causing CharacterOffsetBegin=1411 CharacterOffsetEnd=1418 PartOfSpeech=VBG] [Text=one CharacterOffsetBegin=1419 CharacterOffsetEnd=1422 PartOfSpeech=CD] [Text=person CharacterOffsetBegin=1423 CharacterOffsetEnd=1429 PartOfSpeech=NN] [Text='s CharacterOffsetBegin=1429 CharacterOffsetEnd=1431 PartOfSpeech=POS] [Text=death CharacterOffsetBegin=1432 CharacterOffsetEnd=1437 PartOfSpeech=NN] [Text=by CharacterOffsetBegin=1438 CharacterOffsetEnd=1440 PartOfSpeech=IN] [Text=bringing CharacterOffsetBegin=1441 CharacterOffsetEnd=1449 PartOfSpeech=VBG] [Text=another CharacterOffsetBegin=1450 CharacterOffsetEnd=1457 PartOfSpeech=DT] [Text=person CharacterOffsetBegin=1458 CharacterOffsetEnd=1464 PartOfSpeech=NN] [Text=back CharacterOffsetBegin=1465 CharacterOffsetEnd=1469 PartOfSpeech=RB] [Text=to CharacterOffsetBegin=1470 CharacterOffsetEnd=1472 PartOfSpeech=TO] [Text=life CharacterOffsetBegin=1473 CharacterOffsetEnd=1477 PartOfSpeech=NN] [Text=, CharacterOffsetBegin=1477 CharacterOffsetEnd=1478 PartOfSpeech=,] [Text=so CharacterOffsetBegin=1479 CharacterOffsetEnd=1481 PartOfSpeech=IN] [Text=the CharacterOffsetBegin=1482 CharacterOffsetEnd=1485 PartOfSpeech=DT] [Text=questions CharacterOffsetBegin=1486 CharacterOffsetEnd=1495 PartOfSpeech=NNS] [Text=of CharacterOffsetBegin=1496 CharacterOffsetEnd=1498 PartOfSpeech=IN] [Text=absolution CharacterOffsetBegin=1499 CharacterOffsetEnd=1509 PartOfSpeech=NN] [Text=and CharacterOffsetBegin=1510 CharacterOffsetEnd=1513 PartOfSpeech=CC] [Text=restitution CharacterOffsetBegin=1514 CharacterOffsetEnd=1525 PartOfSpeech=NN] [Text=have CharacterOffsetBegin=1526 CharacterOffsetEnd=1530 PartOfSpeech=VBP] [Text=to CharacterOffsetBegin=1531 CharacterOffsetEnd=1533 PartOfSpeech=TO] [Text=be CharacterOffsetBegin=1534 CharacterOffsetEnd=1536 PartOfSpeech=VB] [Text=taken CharacterOffsetBegin=1537 CharacterOffsetEnd=1542 PartOfSpeech=VBN] [Text=up CharacterOffsetBegin=1543 CharacterOffsetEnd=1545 PartOfSpeech=RP] [Text=without CharacterOffsetBegin=1546 CharacterOffsetEnd=1553 PartOfSpeech=IN] [Text=societal CharacterOffsetBegin=1554 CharacterOffsetEnd=1562 PartOfSpeech=JJ] [Text=guidance CharacterOffsetBegin=1563 CharacterOffsetEnd=1571 PartOfSpeech=NN] [Text=. CharacterOffsetBegin=1571 CharacterOffsetEnd=1572 PartOfSpeech=.] 
root(ROOT-0, are-4)
advmod(are-4, Now-1)
punct(are-4, ,-2)
expl(are-4, there-3)
det(police-6, no-5)
nsubj(are-4, police-6)
aux(charge-8, to-7)
infmod(police-6, charge-8)
dobj(charge-8, people-9)
prep(charge-8, with-10)
pcomp(with-10, magically-11)
partmod(magically-11, causing-12)
num(person-14, one-13)
poss(death-16, person-14)
possessive(person-14, 's-15)
dobj(causing-12, death-16)
prep(causing-12, by-17)
pcomp(by-17, bringing-18)
det(person-20, another-19)
dobj(bringing-18, person-20)
advmod(bringing-18, back-21)
prep(back-21, to-22)
pobj(to-22, life-23)
punct(are-4, ,-24)
mark(have-32, so-25)
det(questions-27, the-26)
nsubj(have-32, questions-27)
prep(questions-27, of-28)
pobj(of-28, absolution-29)
cc(absolution-29, and-30)
conj(absolution-29, restitution-31)
advcl(are-4, have-32)
aux(taken-35, to-33)
auxpass(taken-35, be-34)
xcomp(have-32, taken-35)
prt(taken-35, up-36)
prep(taken-35, without-37)
amod(guidance-39, societal-38)
pobj(without-37, guidance-39)
punct(are-4, .-40)

Sentence #12 (34 tokens):
In other words, it's between Ned and Chuck, who was not inclined to forgive Ned anytime soon.But this does point out a problem with continuing story lines in network dramas.
[Text=In CharacterOffsetBegin=1577 CharacterOffsetEnd=1579 PartOfSpeech=IN] [Text=other CharacterOffsetBegin=1580 CharacterOffsetEnd=1585 PartOfSpeech=JJ] [Text=words CharacterOffsetBegin=1586 CharacterOffsetEnd=1591 PartOfSpeech=NNS] [Text=, CharacterOffsetBegin=1591 CharacterOffsetEnd=1592 PartOfSpeech=,] [Text=it CharacterOffsetBegin=1593 CharacterOffsetEnd=1595 PartOfSpeech=PRP] [Text='s CharacterOffsetBegin=1595 CharacterOffsetEnd=1597 PartOfSpeech=VBZ] [Text=between CharacterOffsetBegin=1598 CharacterOffsetEnd=1605 PartOfSpeech=IN] [Text=Ned CharacterOffsetBegin=1606 CharacterOffsetEnd=1609 PartOfSpeech=NNP] [Text=and CharacterOffsetBegin=1610 CharacterOffsetEnd=1613 PartOfSpeech=CC] [Text=Chuck CharacterOffsetBegin=1614 CharacterOffsetEnd=1619 PartOfSpeech=NNP] [Text=, CharacterOffsetBegin=1619 CharacterOffsetEnd=1620 PartOfSpeech=,] [Text=who CharacterOffsetBegin=1621 CharacterOffsetEnd=1624 PartOfSpeech=WP] [Text=was CharacterOffsetBegin=1625 CharacterOffsetEnd=1628 PartOfSpeech=VBD] [Text=not CharacterOffsetBegin=1629 CharacterOffsetEnd=1632 PartOfSpeech=RB] [Text=inclined CharacterOffsetBegin=1633 CharacterOffsetEnd=1641 PartOfSpeech=VBN] [Text=to CharacterOffsetBegin=1642 CharacterOffsetEnd=1644 PartOfSpeech=TO] [Text=forgive CharacterOffsetBegin=1645 CharacterOffsetEnd=1652 PartOfSpeech=VB] [Text=Ned CharacterOffsetBegin=1653 CharacterOffsetEnd=1656 PartOfSpeech=NNP] [Text=anytime CharacterOffsetBegin=1657 CharacterOffsetEnd=1664 PartOfSpeech=RB] [Text=soon.But CharacterOffsetBegin=1665 CharacterOffsetEnd=1673 PartOfSpeech=NN] [Text=this CharacterOffsetBegin=1674 CharacterOffsetEnd=1678 PartOfSpeech=DT] [Text=does CharacterOffsetBegin=1679 CharacterOffsetEnd=1683 PartOfSpeech=VBZ] [Text=point CharacterOffsetBegin=1684 CharacterOffsetEnd=1689 PartOfSpeech=VB] [Text=out CharacterOffsetBegin=1690 CharacterOffsetEnd=1693 PartOfSpeech=RP] [Text=a CharacterOffsetBegin=1694 CharacterOffsetEnd=1695 PartOfSpeech=DT] [Text=problem CharacterOffsetBegin=1696 CharacterOffsetEnd=1703 PartOfSpeech=NN] [Text=with CharacterOffsetBegin=1704 CharacterOffsetEnd=1708 PartOfSpeech=IN] [Text=continuing CharacterOffsetBegin=1709 CharacterOffsetEnd=1719 PartOfSpeech=VBG] [Text=story CharacterOffsetBegin=1720 CharacterOffsetEnd=1725 PartOfSpeech=NN] [Text=lines CharacterOffsetBegin=1726 CharacterOffsetEnd=1731 PartOfSpeech=NNS] [Text=in CharacterOffsetBegin=1732 CharacterOffsetEnd=1734 PartOfSpeech=IN] [Text=network CharacterOffsetBegin=1735 CharacterOffsetEnd=1742 PartOfSpeech=NN] [Text=dramas CharacterOffsetBegin=1743 CharacterOffsetEnd=1749 PartOfSpeech=NN] [Text=. CharacterOffsetBegin=1749 CharacterOffsetEnd=1750 PartOfSpeech=.] 
root(ROOT-0, 's-6)
prep('s-6, In-1)
amod(words-3, other-2)
pobj(In-1, words-3)
punct('s-6, ,-4)
nsubj('s-6, it-5)
prep('s-6, between-7)
pobj(between-7, Ned-8)
cc(Ned-8, and-9)
conj(Ned-8, Chuck-10)
punct(Ned-8, ,-11)
nsubjpass(inclined-15, who-12)
auxpass(inclined-15, was-13)
neg(inclined-15, not-14)
rcmod(Ned-8, inclined-15)
aux(forgive-17, to-16)
xcomp(inclined-15, forgive-17)
nn(soon.But-20, Ned-18)
advmod(soon.But-20, anytime-19)
dobj(forgive-17, soon.But-20)
nsubj(point-23, this-21)
aux(point-23, does-22)
rcmod(soon.But-20, point-23)
prt(point-23, out-24)
det(problem-26, a-25)
dobj(point-23, problem-26)
prep(problem-26, with-27)
amod(lines-30, continuing-28)
nn(lines-30, story-29)
pobj(with-27, lines-30)
prep(lines-30, in-31)
nn(dramas-33, network-32)
pobj(in-31, dramas-33)
punct('s-6, .-34)

Sentence #13 (48 tokens):
I remember when David Caruso's character on "NYPD Blue" did something wrong and it seemed he got away with it--for a whole year--then he got caught and was forced to resign from the job (and left the show).
[Text=I CharacterOffsetBegin=1755 CharacterOffsetEnd=1756 PartOfSpeech=PRP] [Text=remember CharacterOffsetBegin=1757 CharacterOffsetEnd=1765 PartOfSpeech=VBP] [Text=when CharacterOffsetBegin=1766 CharacterOffsetEnd=1770 PartOfSpeech=WRB] [Text=David CharacterOffsetBegin=1771 CharacterOffsetEnd=1776 PartOfSpeech=NNP] [Text=Caruso CharacterOffsetBegin=1777 CharacterOffsetEnd=1783 PartOfSpeech=NNP] [Text='s CharacterOffsetBegin=1783 CharacterOffsetEnd=1785 PartOfSpeech=POS] [Text=character CharacterOffsetBegin=1786 CharacterOffsetEnd=1795 PartOfSpeech=NN] [Text=on CharacterOffsetBegin=1796 CharacterOffsetEnd=1798 PartOfSpeech=IN] [Text=`` CharacterOffsetBegin=1799 CharacterOffsetEnd=1800 PartOfSpeech=``] [Text=NYPD CharacterOffsetBegin=1800 CharacterOffsetEnd=1804 PartOfSpeech=NNP] [Text=Blue CharacterOffsetBegin=1805 CharacterOffsetEnd=1809 PartOfSpeech=NNP] [Text='' CharacterOffsetBegin=1809 CharacterOffsetEnd=1810 PartOfSpeech=''] [Text=did CharacterOffsetBegin=1811 CharacterOffsetEnd=1814 PartOfSpeech=VBD] [Text=something CharacterOffsetBegin=1815 CharacterOffsetEnd=1824 PartOfSpeech=NN] [Text=wrong CharacterOffsetBegin=1825 CharacterOffsetEnd=1830 PartOfSpeech=JJ] [Text=and CharacterOffsetBegin=1831 CharacterOffsetEnd=1834 PartOfSpeech=CC] [Text=it CharacterOffsetBegin=1835 CharacterOffsetEnd=1837 PartOfSpeech=PRP] [Text=seemed CharacterOffsetBegin=1838 CharacterOffsetEnd=1844 PartOfSpeech=VBD] [Text=he CharacterOffsetBegin=1845 CharacterOffsetEnd=1847 PartOfSpeech=PRP] [Text=got CharacterOffsetBegin=1848 CharacterOffsetEnd=1851 PartOfSpeech=VBD] [Text=away CharacterOffsetBegin=1852 CharacterOffsetEnd=1856 PartOfSpeech=RB] [Text=with CharacterOffsetBegin=1857 CharacterOffsetEnd=1861 PartOfSpeech=IN] [Text=it CharacterOffsetBegin=1862 CharacterOffsetEnd=1864 PartOfSpeech=PRP] [Text=-- CharacterOffsetBegin=1864 CharacterOffsetEnd=1866 PartOfSpeech=:] [Text=for CharacterOffsetBegin=1866 CharacterOffsetEnd=1869 PartOfSpeech=IN] [Text=a CharacterOffsetBegin=1870 CharacterOffsetEnd=1871 PartOfSpeech=DT] [Text=whole CharacterOffsetBegin=1872 CharacterOffsetEnd=1877 PartOfSpeech=JJ] [Text=year CharacterOffsetBegin=1878 CharacterOffsetEnd=1882 PartOfSpeech=NN] [Text=-- CharacterOffsetBegin=1882 CharacterOffsetEnd=1884 PartOfSpeech=:] [Text=then CharacterOffsetBegin=1884 CharacterOffsetEnd=1888 PartOfSpeech=RB] [Text=he CharacterOffsetBegin=1889 CharacterOffsetEnd=1891 PartOfSpeech=PRP] [Text=got CharacterOffsetBegin=1892 CharacterOffsetEnd=1895 PartOfSpeech=VBD] [Text=caught CharacterOffsetBegin=1896 CharacterOffsetEnd=1902 PartOfSpeech=VBN] [Text=and CharacterOffsetBegin=1903 CharacterOffsetEnd=1906 PartOfSpeech=CC] [Text=was CharacterOffsetBegin=1907 CharacterOffsetEnd=1910 PartOfSpeech=VBD] [Text=forced CharacterOffsetBegin=1911 CharacterOffsetEnd=1917 PartOfSpeech=VBN] [Text=to CharacterOffsetBegin=1918 CharacterOffsetEnd=1920 PartOfSpeech=TO] [Text=resign CharacterOffsetBegin=1921 CharacterOffsetEnd=1927 PartOfSpeech=VB] [Text=from CharacterOffsetBegin=1928 CharacterOffsetEnd=1932 PartOfSpeech=IN] [Text=the CharacterOffsetBegin=1933 CharacterOffsetEnd=1936 PartOfSpeech=DT] [Text=job CharacterOffsetBegin=1937 CharacterOffsetEnd=1940 PartOfSpeech=NN] [Text=-LRB- CharacterOffsetBegin=1941 CharacterOffsetEnd=1942 PartOfSpeech=-LRB-] [Text=and CharacterOffsetBegin=1942 CharacterOffsetEnd=1945 PartOfSpeech=CC] [Text=left CharacterOffsetBegin=1946 CharacterOffsetEnd=1950 PartOfSpeech=VBD] [Text=the CharacterOffsetBegin=1951 CharacterOffsetEnd=1954 PartOfSpeech=DT] [Text=show CharacterOffsetBegin=1955 CharacterOffsetEnd=1959 PartOfSpeech=NN] [Text=-RRB- CharacterOffsetBegin=1959 CharacterOffsetEnd=1960 PartOfSpeech=-RRB-] [Text=. CharacterOffsetBegin=1960 CharacterOffsetEnd=1961 PartOfSpeech=.] 
root(ROOT-0, remember-2)
nsubj(remember-2, I-1)
advmod(did-13, when-3)
nn(Caruso-5, David-4)
poss(character-7, Caruso-5)
possessive(Caruso-5, 's-6)
nsubj(did-13, character-7)
prep(character-7, on-8)
punct(on-8, ``-9)
nn(Blue-11, NYPD-10)
pobj(on-8, Blue-11)
punct(on-8, ''-12)
advcl(remember-2, did-13)
dobj(did-13, something-14)
amod(something-14, wrong-15)
cc(did-13, and-16)
nsubj(seemed-18, it-17)
conj(did-13, seemed-18)
nsubj(got-20, he-19)
ccomp(seemed-18, got-20)
advmod(got-20, away-21)
prep(got-20, with-22)
pobj(with-22, it-23)
punct(got-20, ---24)
prep(got-20, for-25)
det(year-28, a-26)
amod(year-28, whole-27)
pobj(for-25, year-28)
punct(got-20, ---29)
advmod(caught-33, then-30)
nsubjpass(caught-33, he-31)
auxpass(caught-33, got-32)
parataxis(got-20, caught-33)
cc(caught-33, and-34)
auxpass(forced-36, was-35)
conj(caught-33, forced-36)
aux(resign-38, to-37)
xcomp(forced-36, resign-38)
prep(resign-38, from-39)
det(job-41, the-40)
pobj(from-39, job-41)
punct(left-44, -LRB--42)
cc(left-44, and-43)
dep(job-41, left-44)
det(show-46, the-45)
dobj(left-44, show-46)
punct(left-44, -RRB--47)
punct(remember-2, .-48)

Sentence #14 (42 tokens):
The point is, viewers should learn by now and not assume that just because a regular character does something wrong in a single episode, and is not caught in that episode, that he has gotten away with it.
[Text=The CharacterOffsetBegin=1966 CharacterOffsetEnd=1969 PartOfSpeech=DT] [Text=point CharacterOffsetBegin=1970 CharacterOffsetEnd=1975 PartOfSpeech=NN] [Text=is CharacterOffsetBegin=1976 CharacterOffsetEnd=1978 PartOfSpeech=VBZ] [Text=, CharacterOffsetBegin=1978 CharacterOffsetEnd=1979 PartOfSpeech=,] [Text=viewers CharacterOffsetBegin=1980 CharacterOffsetEnd=1987 PartOfSpeech=NNS] [Text=should CharacterOffsetBegin=1988 CharacterOffsetEnd=1994 PartOfSpeech=MD] [Text=learn CharacterOffsetBegin=1995 CharacterOffsetEnd=2000 PartOfSpeech=VB] [Text=by CharacterOffsetBegin=2001 CharacterOffsetEnd=2003 PartOfSpeech=IN] [Text=now CharacterOffsetBegin=2004 CharacterOffsetEnd=2007 PartOfSpeech=RB] [Text=and CharacterOffsetBegin=2008 CharacterOffsetEnd=2011 PartOfSpeech=CC] [Text=not CharacterOffsetBegin=2012 CharacterOffsetEnd=2015 PartOfSpeech=RB] [Text=assume CharacterOffsetBegin=2016 CharacterOffsetEnd=2022 PartOfSpeech=VB] [Text=that CharacterOffsetBegin=2023 CharacterOffsetEnd=2027 PartOfSpeech=DT] [Text=just CharacterOffsetBegin=2028 CharacterOffsetEnd=2032 PartOfSpeech=RB] [Text=because CharacterOffsetBegin=2033 CharacterOffsetEnd=2040 PartOfSpeech=IN] [Text=a CharacterOffsetBegin=2041 CharacterOffsetEnd=2042 PartOfSpeech=DT] [Text=regular CharacterOffsetBegin=2043 CharacterOffsetEnd=2050 PartOfSpeech=JJ] [Text=character CharacterOffsetBegin=2051 CharacterOffsetEnd=2060 PartOfSpeech=NN] [Text=does CharacterOffsetBegin=2061 CharacterOffsetEnd=2065 PartOfSpeech=VBZ] [Text=something CharacterOffsetBegin=2066 CharacterOffsetEnd=2075 PartOfSpeech=NN] [Text=wrong CharacterOffsetBegin=2076 CharacterOffsetEnd=2081 PartOfSpeech=JJ] [Text=in CharacterOffsetBegin=2082 CharacterOffsetEnd=2084 PartOfSpeech=IN] [Text=a CharacterOffsetBegin=2085 CharacterOffsetEnd=2086 PartOfSpeech=DT] [Text=single CharacterOffsetBegin=2087 CharacterOffsetEnd=2093 PartOfSpeech=JJ] [Text=episode CharacterOffsetBegin=2094 CharacterOffsetEnd=2101 PartOfSpeech=NN] [Text=, CharacterOffsetBegin=2101 CharacterOffsetEnd=2102 PartOfSpeech=,] [Text=and CharacterOffsetBegin=2103 CharacterOffsetEnd=2106 PartOfSpeech=CC] [Text=is CharacterOffsetBegin=2107 CharacterOffsetEnd=2109 PartOfSpeech=VBZ] [Text=not CharacterOffsetBegin=2110 CharacterOffsetEnd=2113 PartOfSpeech=RB] [Text=caught CharacterOffsetBegin=2114 CharacterOffsetEnd=2120 PartOfSpeech=VBN] [Text=in CharacterOffsetBegin=2121 CharacterOffsetEnd=2123 PartOfSpeech=IN] [Text=that CharacterOffsetBegin=2124 CharacterOffsetEnd=2128 PartOfSpeech=DT] [Text=episode CharacterOffsetBegin=2129 CharacterOffsetEnd=2136 PartOfSpeech=NN] [Text=, CharacterOffsetBegin=2136 CharacterOffsetEnd=2137 PartOfSpeech=,] [Text=that CharacterOffsetBegin=2138 CharacterOffsetEnd=2142 PartOfSpeech=IN] [Text=he CharacterOffsetBegin=2143 CharacterOffsetEnd=2145 PartOfSpeech=PRP] [Text=has CharacterOffsetBegin=2146 CharacterOffsetEnd=2149 PartOfSpeech=VBZ] [Text=gotten CharacterOffsetBegin=2150 CharacterOffsetEnd=2156 PartOfSpeech=VBN] [Text=away CharacterOffsetBegin=2157 CharacterOffsetEnd=2161 PartOfSpeech=RP] [Text=with CharacterOffsetBegin=2162 CharacterOffsetEnd=2166 PartOfSpeech=IN] [Text=it CharacterOffsetBegin=2167 CharacterOffsetEnd=2169 PartOfSpeech=PRP] [Text=. CharacterOffsetBegin=2169 CharacterOffsetEnd=2170 PartOfSpeech=.] 
root(ROOT-0, learn-7)
det(point-2, The-1)
nsubj(is-3, point-2)
dep(learn-7, is-3)
punct(learn-7, ,-4)
nsubj(learn-7, viewers-5)
aux(learn-7, should-6)
prep(learn-7, by-8)
advmod(assume-12, now-9)
cc(now-9, and-10)
conj(now-9, not-11)
pcomp(by-8, assume-12)
dobj(assume-12, that-13)
advmod(does-19, just-14)
mark(does-19, because-15)
det(character-18, a-16)
amod(character-18, regular-17)
nsubj(does-19, character-18)
advcl(assume-12, does-19)
dobj(does-19, something-20)
amod(something-20, wrong-21)
prep(wrong-21, in-22)
det(episode-25, a-23)
amod(episode-25, single-24)
pobj(in-22, episode-25)
punct(does-19, ,-26)
cc(does-19, and-27)
auxpass(caught-30, is-28)
neg(caught-30, not-29)
conj(does-19, caught-30)
prep(caught-30, in-31)
det(episode-33, that-32)
pobj(in-31, episode-33)
punct(learn-7, ,-34)
mark(gotten-38, that-35)
nsubj(gotten-38, he-36)
aux(gotten-38, has-37)
ccomp(learn-7, gotten-38)
prt(gotten-38, away-39)
prep(gotten-38, with-40)
pobj(with-40, it-41)
punct(learn-7, .-42)

Sentence #15 (12 tokens):
There is always next week--and maybe even next year.
[Text=There CharacterOffsetBegin=2175 CharacterOffsetEnd=2180 PartOfSpeech=EX] [Text=is CharacterOffsetBegin=2181 CharacterOffsetEnd=2183 PartOfSpeech=VBZ] [Text=always CharacterOffsetBegin=2184 CharacterOffsetEnd=2190 PartOfSpeech=RB] [Text=next CharacterOffsetBegin=2191 CharacterOffsetEnd=2195 PartOfSpeech=JJ] [Text=week CharacterOffsetBegin=2196 CharacterOffsetEnd=2200 PartOfSpeech=NN] [Text=-- CharacterOffsetBegin=2200 CharacterOffsetEnd=2202 PartOfSpeech=:] [Text=and CharacterOffsetBegin=2202 CharacterOffsetEnd=2205 PartOfSpeech=CC] [Text=maybe CharacterOffsetBegin=2206 CharacterOffsetEnd=2211 PartOfSpeech=RB] [Text=even CharacterOffsetBegin=2212 CharacterOffsetEnd=2216 PartOfSpeech=RB] [Text=next CharacterOffsetBegin=2217 CharacterOffsetEnd=2221 PartOfSpeech=JJ] [Text=year CharacterOffsetBegin=2222 CharacterOffsetEnd=2226 PartOfSpeech=NN] [Text=. CharacterOffsetBegin=2226 CharacterOffsetEnd=2227 PartOfSpeech=.] 
root(ROOT-0, is-2)
expl(is-2, There-1)
advmod(is-2, always-3)
amod(week-5, next-4)
tmod(is-2, week-5)
punct(is-2, ---6)
cc(is-2, and-7)
advmod(year-11, maybe-8)
advmod(year-11, even-9)
amod(year-11, next-10)
conj(is-2, year-11)
punct(is-2, .-12)

