Sentence #1 (39 tokens):
This video is so hilariously funny, it makes everything elseby Eddie Murphy seem very disappointing (even Beverly Hills Cop and The Nutty Professor, which just goes to show you how good this really is).
[Text=This CharacterOffsetBegin=4 CharacterOffsetEnd=8 PartOfSpeech=DT] [Text=video CharacterOffsetBegin=9 CharacterOffsetEnd=14 PartOfSpeech=NN] [Text=is CharacterOffsetBegin=15 CharacterOffsetEnd=17 PartOfSpeech=VBZ] [Text=so CharacterOffsetBegin=18 CharacterOffsetEnd=20 PartOfSpeech=RB] [Text=hilariously CharacterOffsetBegin=21 CharacterOffsetEnd=32 PartOfSpeech=RB] [Text=funny CharacterOffsetBegin=33 CharacterOffsetEnd=38 PartOfSpeech=JJ] [Text=, CharacterOffsetBegin=38 CharacterOffsetEnd=39 PartOfSpeech=,] [Text=it CharacterOffsetBegin=40 CharacterOffsetEnd=42 PartOfSpeech=PRP] [Text=makes CharacterOffsetBegin=43 CharacterOffsetEnd=48 PartOfSpeech=VBZ] [Text=everything CharacterOffsetBegin=49 CharacterOffsetEnd=59 PartOfSpeech=NN] [Text=elseby CharacterOffsetBegin=60 CharacterOffsetEnd=66 PartOfSpeech=JJ] [Text=Eddie CharacterOffsetBegin=67 CharacterOffsetEnd=72 PartOfSpeech=NNP] [Text=Murphy CharacterOffsetBegin=73 CharacterOffsetEnd=79 PartOfSpeech=NNP] [Text=seem CharacterOffsetBegin=80 CharacterOffsetEnd=84 PartOfSpeech=VBP] [Text=very CharacterOffsetBegin=85 CharacterOffsetEnd=89 PartOfSpeech=RB] [Text=disappointing CharacterOffsetBegin=90 CharacterOffsetEnd=103 PartOfSpeech=JJ] [Text=-LRB- CharacterOffsetBegin=104 CharacterOffsetEnd=105 PartOfSpeech=-LRB-] [Text=even CharacterOffsetBegin=105 CharacterOffsetEnd=109 PartOfSpeech=RB] [Text=Beverly CharacterOffsetBegin=110 CharacterOffsetEnd=117 PartOfSpeech=NNP] [Text=Hills CharacterOffsetBegin=118 CharacterOffsetEnd=123 PartOfSpeech=NNP] [Text=Cop CharacterOffsetBegin=124 CharacterOffsetEnd=127 PartOfSpeech=NN] [Text=and CharacterOffsetBegin=128 CharacterOffsetEnd=131 PartOfSpeech=CC] [Text=The CharacterOffsetBegin=132 CharacterOffsetEnd=135 PartOfSpeech=DT] [Text=Nutty CharacterOffsetBegin=136 CharacterOffsetEnd=141 PartOfSpeech=NNP] [Text=Professor CharacterOffsetBegin=142 CharacterOffsetEnd=151 PartOfSpeech=NNP] [Text=, CharacterOffsetBegin=151 CharacterOffsetEnd=152 PartOfSpeech=,] [Text=which CharacterOffsetBegin=153 CharacterOffsetEnd=158 PartOfSpeech=WDT] [Text=just CharacterOffsetBegin=159 CharacterOffsetEnd=163 PartOfSpeech=RB] [Text=goes CharacterOffsetBegin=164 CharacterOffsetEnd=168 PartOfSpeech=VBZ] [Text=to CharacterOffsetBegin=169 CharacterOffsetEnd=171 PartOfSpeech=TO] [Text=show CharacterOffsetBegin=172 CharacterOffsetEnd=176 PartOfSpeech=VB] [Text=you CharacterOffsetBegin=177 CharacterOffsetEnd=180 PartOfSpeech=PRP] [Text=how CharacterOffsetBegin=181 CharacterOffsetEnd=184 PartOfSpeech=WRB] [Text=good CharacterOffsetBegin=185 CharacterOffsetEnd=189 PartOfSpeech=JJ] [Text=this CharacterOffsetBegin=190 CharacterOffsetEnd=194 PartOfSpeech=DT] [Text=really CharacterOffsetBegin=195 CharacterOffsetEnd=201 PartOfSpeech=RB] [Text=is CharacterOffsetBegin=202 CharacterOffsetEnd=204 PartOfSpeech=VBZ] [Text=-RRB- CharacterOffsetBegin=204 CharacterOffsetEnd=205 PartOfSpeech=-RRB-] [Text=. CharacterOffsetBegin=205 CharacterOffsetEnd=206 PartOfSpeech=.] 
root(ROOT-0, funny-6)
det(video-2, This-1)
nsubj(funny-6, video-2)
cop(funny-6, is-3)
advmod(hilariously-5, so-4)
advmod(funny-6, hilariously-5)
punct(funny-6, ,-7)
nsubj(makes-9, it-8)
dep(funny-6, makes-9)
dobj(makes-9, everything-10)
amod(Murphy-13, elseby-11)
nn(Murphy-13, Eddie-12)
nsubj(disappointing-16, Murphy-13)
cop(disappointing-16, seem-14)
advmod(disappointing-16, very-15)
rcmod(everything-10, disappointing-16)
punct(Cop-21, -LRB--17)
advmod(Hills-20, even-18)
nn(Hills-20, Beverly-19)
nn(Cop-21, Hills-20)
dep(disappointing-16, Cop-21)
cc(Cop-21, and-22)
det(Professor-25, The-23)
nn(Professor-25, Nutty-24)
conj(Cop-21, Professor-25)
punct(Professor-25, ,-26)
nsubj(goes-29, which-27)
advmod(goes-29, just-28)
rcmod(Professor-25, goes-29)
aux(show-31, to-30)
xcomp(goes-29, show-31)
dobj(show-31, you-32)
advmod(good-34, how-33)
dep(is-37, good-34)
nsubj(is-37, this-35)
advmod(is-37, really-36)
dep(show-31, is-37)
punct(is-37, -RRB--38)
punct(funny-6, .-39)

Sentence #2 (28 tokens):
To be honest, I don't think that I've everlaughed at something as much as this, including Naked Gun and the rarely seen Bargearse.
[Text=To CharacterOffsetBegin=211 CharacterOffsetEnd=213 PartOfSpeech=TO] [Text=be CharacterOffsetBegin=214 CharacterOffsetEnd=216 PartOfSpeech=VB] [Text=honest CharacterOffsetBegin=217 CharacterOffsetEnd=223 PartOfSpeech=JJ] [Text=, CharacterOffsetBegin=223 CharacterOffsetEnd=224 PartOfSpeech=,] [Text=I CharacterOffsetBegin=225 CharacterOffsetEnd=226 PartOfSpeech=PRP] [Text=do CharacterOffsetBegin=227 CharacterOffsetEnd=229 PartOfSpeech=VBP] [Text=n't CharacterOffsetBegin=229 CharacterOffsetEnd=232 PartOfSpeech=RB] [Text=think CharacterOffsetBegin=233 CharacterOffsetEnd=238 PartOfSpeech=VB] [Text=that CharacterOffsetBegin=239 CharacterOffsetEnd=243 PartOfSpeech=IN] [Text=I CharacterOffsetBegin=244 CharacterOffsetEnd=245 PartOfSpeech=PRP] [Text='ve CharacterOffsetBegin=245 CharacterOffsetEnd=248 PartOfSpeech=VBP] [Text=everlaughed CharacterOffsetBegin=249 CharacterOffsetEnd=260 PartOfSpeech=VBN] [Text=at CharacterOffsetBegin=261 CharacterOffsetEnd=263 PartOfSpeech=IN] [Text=something CharacterOffsetBegin=264 CharacterOffsetEnd=273 PartOfSpeech=NN] [Text=as CharacterOffsetBegin=274 CharacterOffsetEnd=276 PartOfSpeech=RB] [Text=much CharacterOffsetBegin=277 CharacterOffsetEnd=281 PartOfSpeech=RB] [Text=as CharacterOffsetBegin=282 CharacterOffsetEnd=284 PartOfSpeech=IN] [Text=this CharacterOffsetBegin=285 CharacterOffsetEnd=289 PartOfSpeech=DT] [Text=, CharacterOffsetBegin=289 CharacterOffsetEnd=290 PartOfSpeech=,] [Text=including CharacterOffsetBegin=291 CharacterOffsetEnd=300 PartOfSpeech=VBG] [Text=Naked CharacterOffsetBegin=301 CharacterOffsetEnd=306 PartOfSpeech=JJ] [Text=Gun CharacterOffsetBegin=307 CharacterOffsetEnd=310 PartOfSpeech=NN] [Text=and CharacterOffsetBegin=311 CharacterOffsetEnd=314 PartOfSpeech=CC] [Text=the CharacterOffsetBegin=315 CharacterOffsetEnd=318 PartOfSpeech=DT] [Text=rarely CharacterOffsetBegin=319 CharacterOffsetEnd=325 PartOfSpeech=RB] [Text=seen CharacterOffsetBegin=326 CharacterOffsetEnd=330 PartOfSpeech=VBN] [Text=Bargearse CharacterOffsetBegin=331 CharacterOffsetEnd=340 PartOfSpeech=NNP] [Text=. CharacterOffsetBegin=340 CharacterOffsetEnd=341 PartOfSpeech=.] 
root(ROOT-0, think-8)
aux(honest-3, To-1)
cop(honest-3, be-2)
advcl(think-8, honest-3)
punct(think-8, ,-4)
nsubj(think-8, I-5)
aux(think-8, do-6)
neg(think-8, n't-7)
mark(everlaughed-12, that-9)
nsubj(everlaughed-12, I-10)
aux(everlaughed-12, 've-11)
ccomp(think-8, everlaughed-12)
prep(everlaughed-12, at-13)
pobj(at-13, something-14)
advmod(much-16, as-15)
amod(something-14, much-16)
prep(much-16, as-17)
pobj(as-17, this-18)
punct(this-18, ,-19)
prep(this-18, including-20)
amod(Gun-22, Naked-21)
pobj(including-20, Gun-22)
cc(Gun-22, and-23)
det(Bargearse-27, the-24)
advmod(seen-26, rarely-25)
amod(Bargearse-27, seen-26)
conj(Gun-22, Bargearse-27)
punct(think-8, .-28)

Sentence #3 (42 tokens):
This show is amazing, although it must be said that it is certainly filled with the word beginning with F that is four letters long (plus its extended version beginning with M) but it didn't bother me.
[Text=This CharacterOffsetBegin=346 CharacterOffsetEnd=350 PartOfSpeech=DT] [Text=show CharacterOffsetBegin=351 CharacterOffsetEnd=355 PartOfSpeech=NN] [Text=is CharacterOffsetBegin=356 CharacterOffsetEnd=358 PartOfSpeech=VBZ] [Text=amazing CharacterOffsetBegin=359 CharacterOffsetEnd=366 PartOfSpeech=JJ] [Text=, CharacterOffsetBegin=366 CharacterOffsetEnd=367 PartOfSpeech=,] [Text=although CharacterOffsetBegin=368 CharacterOffsetEnd=376 PartOfSpeech=IN] [Text=it CharacterOffsetBegin=377 CharacterOffsetEnd=379 PartOfSpeech=PRP] [Text=must CharacterOffsetBegin=380 CharacterOffsetEnd=384 PartOfSpeech=MD] [Text=be CharacterOffsetBegin=385 CharacterOffsetEnd=387 PartOfSpeech=VB] [Text=said CharacterOffsetBegin=388 CharacterOffsetEnd=392 PartOfSpeech=VBD] [Text=that CharacterOffsetBegin=393 CharacterOffsetEnd=397 PartOfSpeech=IN] [Text=it CharacterOffsetBegin=398 CharacterOffsetEnd=400 PartOfSpeech=PRP] [Text=is CharacterOffsetBegin=401 CharacterOffsetEnd=403 PartOfSpeech=VBZ] [Text=certainly CharacterOffsetBegin=404 CharacterOffsetEnd=413 PartOfSpeech=RB] [Text=filled CharacterOffsetBegin=414 CharacterOffsetEnd=420 PartOfSpeech=VBN] [Text=with CharacterOffsetBegin=421 CharacterOffsetEnd=425 PartOfSpeech=IN] [Text=the CharacterOffsetBegin=426 CharacterOffsetEnd=429 PartOfSpeech=DT] [Text=word CharacterOffsetBegin=430 CharacterOffsetEnd=434 PartOfSpeech=NN] [Text=beginning CharacterOffsetBegin=435 CharacterOffsetEnd=444 PartOfSpeech=VBG] [Text=with CharacterOffsetBegin=445 CharacterOffsetEnd=449 PartOfSpeech=IN] [Text=F CharacterOffsetBegin=450 CharacterOffsetEnd=451 PartOfSpeech=NN] [Text=that CharacterOffsetBegin=452 CharacterOffsetEnd=456 PartOfSpeech=WDT] [Text=is CharacterOffsetBegin=457 CharacterOffsetEnd=459 PartOfSpeech=VBZ] [Text=four CharacterOffsetBegin=460 CharacterOffsetEnd=464 PartOfSpeech=CD] [Text=letters CharacterOffsetBegin=465 CharacterOffsetEnd=472 PartOfSpeech=NNS] [Text=long CharacterOffsetBegin=473 CharacterOffsetEnd=477 PartOfSpeech=RB] [Text=-LRB- CharacterOffsetBegin=478 CharacterOffsetEnd=479 PartOfSpeech=-LRB-] [Text=plus CharacterOffsetBegin=479 CharacterOffsetEnd=483 PartOfSpeech=CC] [Text=its CharacterOffsetBegin=484 CharacterOffsetEnd=487 PartOfSpeech=PRP$] [Text=extended CharacterOffsetBegin=488 CharacterOffsetEnd=496 PartOfSpeech=VBN] [Text=version CharacterOffsetBegin=497 CharacterOffsetEnd=504 PartOfSpeech=NN] [Text=beginning CharacterOffsetBegin=505 CharacterOffsetEnd=514 PartOfSpeech=VBG] [Text=with CharacterOffsetBegin=515 CharacterOffsetEnd=519 PartOfSpeech=IN] [Text=M CharacterOffsetBegin=520 CharacterOffsetEnd=521 PartOfSpeech=NN] [Text=-RRB- CharacterOffsetBegin=521 CharacterOffsetEnd=522 PartOfSpeech=-RRB-] [Text=but CharacterOffsetBegin=523 CharacterOffsetEnd=526 PartOfSpeech=CC] [Text=it CharacterOffsetBegin=527 CharacterOffsetEnd=529 PartOfSpeech=PRP] [Text=did CharacterOffsetBegin=530 CharacterOffsetEnd=533 PartOfSpeech=VBD] [Text=n't CharacterOffsetBegin=533 CharacterOffsetEnd=536 PartOfSpeech=RB] [Text=bother CharacterOffsetBegin=537 CharacterOffsetEnd=543 PartOfSpeech=VB] [Text=me CharacterOffsetBegin=544 CharacterOffsetEnd=546 PartOfSpeech=PRP] [Text=. CharacterOffsetBegin=546 CharacterOffsetEnd=547 PartOfSpeech=.] 
root(ROOT-0, amazing-4)
det(show-2, This-1)
nsubj(amazing-4, show-2)
cop(amazing-4, is-3)
punct(amazing-4, ,-5)
mark(said-10, although-6)
nsubj(said-10, it-7)
aux(said-10, must-8)
auxpass(said-10, be-9)
advcl(amazing-4, said-10)
mark(filled-15, that-11)
nsubjpass(filled-15, it-12)
auxpass(filled-15, is-13)
advmod(filled-15, certainly-14)
ccomp(said-10, filled-15)
prep(filled-15, with-16)
det(word-18, the-17)
pobj(with-16, word-18)
partmod(word-18, beginning-19)
prep(beginning-19, with-20)
pobj(with-20, F-21)
nsubj(letters-25, that-22)
cop(letters-25, is-23)
num(letters-25, four-24)
rcmod(F-21, letters-25)
advmod(beginning-32, long-26)
punct(plus-28, -LRB--27)
cc(beginning-32, plus-28)
poss(version-31, its-29)
amod(version-31, extended-30)
nsubj(beginning-32, version-31)
partmod(letters-25, beginning-32)
prep(beginning-32, with-33)
pobj(with-33, M-34)
punct(beginning-32, -RRB--35)
cc(letters-25, but-36)
nsubj(bother-40, it-37)
aux(bother-40, did-38)
neg(bother-40, n't-39)
conj(letters-25, bother-40)
dobj(bother-40, me-41)
punct(amazing-4, .-42)

Sentence #4 (19 tokens):
See it, the funniest thing I've ever seen and probably the funniest you ever have too.
[Text=See CharacterOffsetBegin=552 CharacterOffsetEnd=555 PartOfSpeech=VB] [Text=it CharacterOffsetBegin=556 CharacterOffsetEnd=558 PartOfSpeech=PRP] [Text=, CharacterOffsetBegin=558 CharacterOffsetEnd=559 PartOfSpeech=,] [Text=the CharacterOffsetBegin=560 CharacterOffsetEnd=563 PartOfSpeech=DT] [Text=funniest CharacterOffsetBegin=564 CharacterOffsetEnd=572 PartOfSpeech=JJS] [Text=thing CharacterOffsetBegin=573 CharacterOffsetEnd=578 PartOfSpeech=NN] [Text=I CharacterOffsetBegin=579 CharacterOffsetEnd=580 PartOfSpeech=PRP] [Text='ve CharacterOffsetBegin=580 CharacterOffsetEnd=583 PartOfSpeech=VBP] [Text=ever CharacterOffsetBegin=584 CharacterOffsetEnd=588 PartOfSpeech=RB] [Text=seen CharacterOffsetBegin=589 CharacterOffsetEnd=593 PartOfSpeech=VBN] [Text=and CharacterOffsetBegin=594 CharacterOffsetEnd=597 PartOfSpeech=CC] [Text=probably CharacterOffsetBegin=598 CharacterOffsetEnd=606 PartOfSpeech=RB] [Text=the CharacterOffsetBegin=607 CharacterOffsetEnd=610 PartOfSpeech=DT] [Text=funniest CharacterOffsetBegin=611 CharacterOffsetEnd=619 PartOfSpeech=JJS] [Text=you CharacterOffsetBegin=620 CharacterOffsetEnd=623 PartOfSpeech=PRP] [Text=ever CharacterOffsetBegin=624 CharacterOffsetEnd=628 PartOfSpeech=RB] [Text=have CharacterOffsetBegin=629 CharacterOffsetEnd=633 PartOfSpeech=VBP] [Text=too CharacterOffsetBegin=634 CharacterOffsetEnd=637 PartOfSpeech=RB] [Text=. CharacterOffsetBegin=637 CharacterOffsetEnd=638 PartOfSpeech=.] 
root(ROOT-0, See-1)
dobj(See-1, it-2)
punct(it-2, ,-3)
det(thing-6, the-4)
amod(thing-6, funniest-5)
appos(it-2, thing-6)
nsubj(seen-10, I-7)
aux(seen-10, 've-8)
advmod(seen-10, ever-9)
rcmod(thing-6, seen-10)
cc(seen-10, and-11)
advmod(seen-10, probably-12)
det(funniest-14, the-13)
dep(probably-12, funniest-14)
nsubj(have-17, you-15)
advmod(have-17, ever-16)
rcmod(funniest-14, have-17)
advmod(have-17, too-18)
punct(See-1, .-19)

