Sentence #1 (38 tokens):
I have seen my fair share of comedy and standup movies but this one is so original, so fresh, it will make you wonder why you always walked right pass it in the video store.
[Text=I CharacterOffsetBegin=4 CharacterOffsetEnd=5 PartOfSpeech=PRP] [Text=have CharacterOffsetBegin=6 CharacterOffsetEnd=10 PartOfSpeech=VBP] [Text=seen CharacterOffsetBegin=11 CharacterOffsetEnd=15 PartOfSpeech=VBN] [Text=my CharacterOffsetBegin=16 CharacterOffsetEnd=18 PartOfSpeech=PRP$] [Text=fair CharacterOffsetBegin=19 CharacterOffsetEnd=23 PartOfSpeech=JJ] [Text=share CharacterOffsetBegin=24 CharacterOffsetEnd=29 PartOfSpeech=NN] [Text=of CharacterOffsetBegin=30 CharacterOffsetEnd=32 PartOfSpeech=IN] [Text=comedy CharacterOffsetBegin=33 CharacterOffsetEnd=39 PartOfSpeech=NN] [Text=and CharacterOffsetBegin=40 CharacterOffsetEnd=43 PartOfSpeech=CC] [Text=standup CharacterOffsetBegin=44 CharacterOffsetEnd=51 PartOfSpeech=NN] [Text=movies CharacterOffsetBegin=52 CharacterOffsetEnd=58 PartOfSpeech=NNS] [Text=but CharacterOffsetBegin=59 CharacterOffsetEnd=62 PartOfSpeech=CC] [Text=this CharacterOffsetBegin=63 CharacterOffsetEnd=67 PartOfSpeech=DT] [Text=one CharacterOffsetBegin=68 CharacterOffsetEnd=71 PartOfSpeech=CD] [Text=is CharacterOffsetBegin=72 CharacterOffsetEnd=74 PartOfSpeech=VBZ] [Text=so CharacterOffsetBegin=75 CharacterOffsetEnd=77 PartOfSpeech=RB] [Text=original CharacterOffsetBegin=78 CharacterOffsetEnd=86 PartOfSpeech=JJ] [Text=, CharacterOffsetBegin=86 CharacterOffsetEnd=87 PartOfSpeech=,] [Text=so CharacterOffsetBegin=88 CharacterOffsetEnd=90 PartOfSpeech=RB] [Text=fresh CharacterOffsetBegin=91 CharacterOffsetEnd=96 PartOfSpeech=JJ] [Text=, CharacterOffsetBegin=96 CharacterOffsetEnd=97 PartOfSpeech=,] [Text=it CharacterOffsetBegin=98 CharacterOffsetEnd=100 PartOfSpeech=PRP] [Text=will CharacterOffsetBegin=101 CharacterOffsetEnd=105 PartOfSpeech=MD] [Text=make CharacterOffsetBegin=106 CharacterOffsetEnd=110 PartOfSpeech=VB] [Text=you CharacterOffsetBegin=111 CharacterOffsetEnd=114 PartOfSpeech=PRP] [Text=wonder CharacterOffsetBegin=115 CharacterOffsetEnd=121 PartOfSpeech=VB] [Text=why CharacterOffsetBegin=122 CharacterOffsetEnd=125 PartOfSpeech=WRB] [Text=you CharacterOffsetBegin=126 CharacterOffsetEnd=129 PartOfSpeech=PRP] [Text=always CharacterOffsetBegin=130 CharacterOffsetEnd=136 PartOfSpeech=RB] [Text=walked CharacterOffsetBegin=137 CharacterOffsetEnd=143 PartOfSpeech=VBD] [Text=right CharacterOffsetBegin=144 CharacterOffsetEnd=149 PartOfSpeech=JJ] [Text=pass CharacterOffsetBegin=150 CharacterOffsetEnd=154 PartOfSpeech=NN] [Text=it CharacterOffsetBegin=155 CharacterOffsetEnd=157 PartOfSpeech=PRP] [Text=in CharacterOffsetBegin=158 CharacterOffsetEnd=160 PartOfSpeech=IN] [Text=the CharacterOffsetBegin=161 CharacterOffsetEnd=164 PartOfSpeech=DT] [Text=video CharacterOffsetBegin=165 CharacterOffsetEnd=170 PartOfSpeech=NN] [Text=store CharacterOffsetBegin=171 CharacterOffsetEnd=176 PartOfSpeech=NN] [Text=. CharacterOffsetBegin=176 CharacterOffsetEnd=177 PartOfSpeech=.] 
root(ROOT-0, seen-3)
nsubj(seen-3, I-1)
aux(seen-3, have-2)
poss(share-6, my-4)
amod(share-6, fair-5)
dobj(seen-3, share-6)
prep(share-6, of-7)
nn(movies-11, comedy-8)
cc(comedy-8, and-9)
conj(comedy-8, standup-10)
pobj(of-7, movies-11)
cc(seen-3, but-12)
det(one-14, this-13)
nsubj(original-17, one-14)
cop(original-17, is-15)
advmod(original-17, so-16)
conj(seen-3, original-17)
punct(original-17, ,-18)
advmod(fresh-20, so-19)
ccomp(make-24, fresh-20)
punct(make-24, ,-21)
nsubj(make-24, it-22)
aux(make-24, will-23)
conj(original-17, make-24)
nsubj(wonder-26, you-25)
xcomp(make-24, wonder-26)
advmod(walked-30, why-27)
nsubj(walked-30, you-28)
advmod(walked-30, always-29)
advcl(wonder-26, walked-30)
amod(pass-32, right-31)
dobj(walked-30, pass-32)
dobj(pass-32, it-33)
prep(pass-32, in-34)
det(store-37, the-35)
nn(store-37, video-36)
pobj(in-34, store-37)
punct(seen-3, .-38)

Sentence #2 (15 tokens):
Murphy has some pretty raunchy jokes but this is just too funny to pass.
[Text=Murphy CharacterOffsetBegin=182 CharacterOffsetEnd=188 PartOfSpeech=NNP] [Text=has CharacterOffsetBegin=189 CharacterOffsetEnd=192 PartOfSpeech=VBZ] [Text=some CharacterOffsetBegin=193 CharacterOffsetEnd=197 PartOfSpeech=DT] [Text=pretty CharacterOffsetBegin=198 CharacterOffsetEnd=204 PartOfSpeech=RB] [Text=raunchy CharacterOffsetBegin=205 CharacterOffsetEnd=212 PartOfSpeech=JJ] [Text=jokes CharacterOffsetBegin=213 CharacterOffsetEnd=218 PartOfSpeech=NNS] [Text=but CharacterOffsetBegin=219 CharacterOffsetEnd=222 PartOfSpeech=CC] [Text=this CharacterOffsetBegin=223 CharacterOffsetEnd=227 PartOfSpeech=DT] [Text=is CharacterOffsetBegin=228 CharacterOffsetEnd=230 PartOfSpeech=VBZ] [Text=just CharacterOffsetBegin=231 CharacterOffsetEnd=235 PartOfSpeech=RB] [Text=too CharacterOffsetBegin=236 CharacterOffsetEnd=239 PartOfSpeech=RB] [Text=funny CharacterOffsetBegin=240 CharacterOffsetEnd=245 PartOfSpeech=JJ] [Text=to CharacterOffsetBegin=246 CharacterOffsetEnd=248 PartOfSpeech=TO] [Text=pass CharacterOffsetBegin=249 CharacterOffsetEnd=253 PartOfSpeech=VB] [Text=. CharacterOffsetBegin=253 CharacterOffsetEnd=254 PartOfSpeech=.] 
root(ROOT-0, has-2)
nsubj(has-2, Murphy-1)
det(jokes-6, some-3)
advmod(raunchy-5, pretty-4)
amod(jokes-6, raunchy-5)
dobj(has-2, jokes-6)
cc(has-2, but-7)
nsubj(funny-12, this-8)
cop(funny-12, is-9)
advmod(funny-12, just-10)
advmod(funny-12, too-11)
conj(has-2, funny-12)
aux(pass-14, to-13)
xcomp(funny-12, pass-14)
punct(has-2, .-15)

Sentence #3 (9 tokens):
If only every movie could be this funny.
[Text=If CharacterOffsetBegin=259 CharacterOffsetEnd=261 PartOfSpeech=IN] [Text=only CharacterOffsetBegin=262 CharacterOffsetEnd=266 PartOfSpeech=RB] [Text=every CharacterOffsetBegin=267 CharacterOffsetEnd=272 PartOfSpeech=DT] [Text=movie CharacterOffsetBegin=273 CharacterOffsetEnd=278 PartOfSpeech=NN] [Text=could CharacterOffsetBegin=279 CharacterOffsetEnd=284 PartOfSpeech=MD] [Text=be CharacterOffsetBegin=285 CharacterOffsetEnd=287 PartOfSpeech=VB] [Text=this CharacterOffsetBegin=288 CharacterOffsetEnd=292 PartOfSpeech=DT] [Text=funny CharacterOffsetBegin=293 CharacterOffsetEnd=298 PartOfSpeech=JJ] [Text=. CharacterOffsetBegin=298 CharacterOffsetEnd=299 PartOfSpeech=.] 
root(ROOT-0, funny-8)
mark(funny-8, If-1)
advmod(movie-4, only-2)
det(movie-4, every-3)
nsubj(funny-8, movie-4)
aux(funny-8, could-5)
cop(funny-8, be-6)
dep(funny-8, this-7)
punct(funny-8, .-9)

Sentence #4 (37 tokens):
it should be called "107 minutes of the most incredible comedy" Murphy is a comic genius in this film and will make you say "this is the guy that did dr.
    doulittle!"
[Text=it CharacterOffsetBegin=304 CharacterOffsetEnd=306 PartOfSpeech=PRP] [Text=should CharacterOffsetBegin=307 CharacterOffsetEnd=313 PartOfSpeech=MD] [Text=be CharacterOffsetBegin=314 CharacterOffsetEnd=316 PartOfSpeech=VB] [Text=called CharacterOffsetBegin=317 CharacterOffsetEnd=323 PartOfSpeech=VBN] [Text=`` CharacterOffsetBegin=324 CharacterOffsetEnd=325 PartOfSpeech=``] [Text=107 CharacterOffsetBegin=325 CharacterOffsetEnd=328 PartOfSpeech=CD] [Text=minutes CharacterOffsetBegin=329 CharacterOffsetEnd=336 PartOfSpeech=NNS] [Text=of CharacterOffsetBegin=337 CharacterOffsetEnd=339 PartOfSpeech=IN] [Text=the CharacterOffsetBegin=340 CharacterOffsetEnd=343 PartOfSpeech=DT] [Text=most CharacterOffsetBegin=344 CharacterOffsetEnd=348 PartOfSpeech=RBS] [Text=incredible CharacterOffsetBegin=349 CharacterOffsetEnd=359 PartOfSpeech=JJ] [Text=comedy CharacterOffsetBegin=360 CharacterOffsetEnd=366 PartOfSpeech=NN] [Text='' CharacterOffsetBegin=366 CharacterOffsetEnd=367 PartOfSpeech=''] [Text=Murphy CharacterOffsetBegin=368 CharacterOffsetEnd=374 PartOfSpeech=NNP] [Text=is CharacterOffsetBegin=375 CharacterOffsetEnd=377 PartOfSpeech=VBZ] [Text=a CharacterOffsetBegin=378 CharacterOffsetEnd=379 PartOfSpeech=DT] [Text=comic CharacterOffsetBegin=380 CharacterOffsetEnd=385 PartOfSpeech=JJ] [Text=genius CharacterOffsetBegin=386 CharacterOffsetEnd=392 PartOfSpeech=NN] [Text=in CharacterOffsetBegin=393 CharacterOffsetEnd=395 PartOfSpeech=IN] [Text=this CharacterOffsetBegin=396 CharacterOffsetEnd=400 PartOfSpeech=DT] [Text=film CharacterOffsetBegin=401 CharacterOffsetEnd=405 PartOfSpeech=NN] [Text=and CharacterOffsetBegin=406 CharacterOffsetEnd=409 PartOfSpeech=CC] [Text=will CharacterOffsetBegin=410 CharacterOffsetEnd=414 PartOfSpeech=MD] [Text=make CharacterOffsetBegin=415 CharacterOffsetEnd=419 PartOfSpeech=VB] [Text=you CharacterOffsetBegin=420 CharacterOffsetEnd=423 PartOfSpeech=PRP] [Text=say CharacterOffsetBegin=424 CharacterOffsetEnd=427 PartOfSpeech=VB] [Text=`` CharacterOffsetBegin=428 CharacterOffsetEnd=429 PartOfSpeech=``] [Text=this CharacterOffsetBegin=429 CharacterOffsetEnd=433 PartOfSpeech=DT] [Text=is CharacterOffsetBegin=434 CharacterOffsetEnd=436 PartOfSpeech=VBZ] [Text=the CharacterOffsetBegin=437 CharacterOffsetEnd=440 PartOfSpeech=DT] [Text=guy CharacterOffsetBegin=441 CharacterOffsetEnd=444 PartOfSpeech=NN] [Text=that CharacterOffsetBegin=445 CharacterOffsetEnd=449 PartOfSpeech=WDT] [Text=did CharacterOffsetBegin=450 CharacterOffsetEnd=453 PartOfSpeech=VBD] [Text=dr. CharacterOffsetBegin=454 CharacterOffsetEnd=457 PartOfSpeech=VB] [Text=doulittle CharacterOffsetBegin=462 CharacterOffsetEnd=471 PartOfSpeech=NN] [Text=! CharacterOffsetBegin=471 CharacterOffsetEnd=472 PartOfSpeech=.] [Text='' CharacterOffsetBegin=472 CharacterOffsetEnd=473 PartOfSpeech=''] 
root(ROOT-0, called-4)
nsubjpass(called-4, it-1)
aux(called-4, should-2)
auxpass(called-4, be-3)
punct(called-4, ``-5)
num(minutes-7, 107-6)
dep(called-4, minutes-7)
prep(minutes-7, of-8)
det(comedy-12, the-9)
advmod(incredible-11, most-10)
amod(comedy-12, incredible-11)
pobj(of-8, comedy-12)
punct(comedy-12, ''-13)
nsubj(genius-18, Murphy-14)
cop(genius-18, is-15)
det(genius-18, a-16)
amod(genius-18, comic-17)
rcmod(comedy-12, genius-18)
prep(genius-18, in-19)
det(film-21, this-20)
pobj(in-19, film-21)
cc(called-4, and-22)
aux(make-24, will-23)
conj(called-4, make-24)
nsubj(say-26, you-25)
ccomp(make-24, say-26)
punct(say-26, ``-27)
nsubj(guy-31, this-28)
cop(guy-31, is-29)
det(guy-31, the-30)
ccomp(say-26, guy-31)
nsubj(dr.-34, that-32)
aux(dr.-34, did-33)
rcmod(guy-31, dr.-34)
dobj(dr.-34, doulittle-35)
punct(called-4, !-36)
punct(called-4, ''-37)

Sentence #5 (34 tokens):
He talkes about the ice cream man, shoe throwing mothers, his aunt with a mustache, racism, and everything else you could possibly think of and the ones you couldnt.
[Text=He CharacterOffsetBegin=478 CharacterOffsetEnd=480 PartOfSpeech=PRP] [Text=talkes CharacterOffsetBegin=481 CharacterOffsetEnd=487 PartOfSpeech=VBZ] [Text=about CharacterOffsetBegin=488 CharacterOffsetEnd=493 PartOfSpeech=IN] [Text=the CharacterOffsetBegin=494 CharacterOffsetEnd=497 PartOfSpeech=DT] [Text=ice CharacterOffsetBegin=498 CharacterOffsetEnd=501 PartOfSpeech=NN] [Text=cream CharacterOffsetBegin=502 CharacterOffsetEnd=507 PartOfSpeech=NN] [Text=man CharacterOffsetBegin=508 CharacterOffsetEnd=511 PartOfSpeech=NN] [Text=, CharacterOffsetBegin=511 CharacterOffsetEnd=512 PartOfSpeech=,] [Text=shoe CharacterOffsetBegin=513 CharacterOffsetEnd=517 PartOfSpeech=NN] [Text=throwing CharacterOffsetBegin=518 CharacterOffsetEnd=526 PartOfSpeech=VBG] [Text=mothers CharacterOffsetBegin=527 CharacterOffsetEnd=534 PartOfSpeech=NNS] [Text=, CharacterOffsetBegin=534 CharacterOffsetEnd=535 PartOfSpeech=,] [Text=his CharacterOffsetBegin=536 CharacterOffsetEnd=539 PartOfSpeech=PRP$] [Text=aunt CharacterOffsetBegin=540 CharacterOffsetEnd=544 PartOfSpeech=NN] [Text=with CharacterOffsetBegin=545 CharacterOffsetEnd=549 PartOfSpeech=IN] [Text=a CharacterOffsetBegin=550 CharacterOffsetEnd=551 PartOfSpeech=DT] [Text=mustache CharacterOffsetBegin=552 CharacterOffsetEnd=560 PartOfSpeech=NN] [Text=, CharacterOffsetBegin=560 CharacterOffsetEnd=561 PartOfSpeech=,] [Text=racism CharacterOffsetBegin=562 CharacterOffsetEnd=568 PartOfSpeech=NN] [Text=, CharacterOffsetBegin=568 CharacterOffsetEnd=569 PartOfSpeech=,] [Text=and CharacterOffsetBegin=570 CharacterOffsetEnd=573 PartOfSpeech=CC] [Text=everything CharacterOffsetBegin=574 CharacterOffsetEnd=584 PartOfSpeech=NN] [Text=else CharacterOffsetBegin=585 CharacterOffsetEnd=589 PartOfSpeech=RB] [Text=you CharacterOffsetBegin=590 CharacterOffsetEnd=593 PartOfSpeech=PRP] [Text=could CharacterOffsetBegin=594 CharacterOffsetEnd=599 PartOfSpeech=MD] [Text=possibly CharacterOffsetBegin=600 CharacterOffsetEnd=608 PartOfSpeech=RB] [Text=think CharacterOffsetBegin=609 CharacterOffsetEnd=614 PartOfSpeech=VB] [Text=of CharacterOffsetBegin=615 CharacterOffsetEnd=617 PartOfSpeech=IN] [Text=and CharacterOffsetBegin=618 CharacterOffsetEnd=621 PartOfSpeech=CC] [Text=the CharacterOffsetBegin=622 CharacterOffsetEnd=625 PartOfSpeech=DT] [Text=ones CharacterOffsetBegin=626 CharacterOffsetEnd=630 PartOfSpeech=NNS] [Text=you CharacterOffsetBegin=631 CharacterOffsetEnd=634 PartOfSpeech=PRP] [Text=couldnt CharacterOffsetBegin=635 CharacterOffsetEnd=642 PartOfSpeech=VBP] [Text=. CharacterOffsetBegin=642 CharacterOffsetEnd=643 PartOfSpeech=.] 
root(ROOT-0, talkes-2)
nsubj(talkes-2, He-1)
prep(talkes-2, about-3)
det(man-7, the-4)
nn(man-7, ice-5)
nn(man-7, cream-6)
pobj(about-3, man-7)
punct(talkes-2, ,-8)
conj(talkes-2, shoe-9)
partmod(shoe-9, throwing-10)
dobj(throwing-10, mothers-11)
punct(talkes-2, ,-12)
poss(aunt-14, his-13)
conj(talkes-2, aunt-14)
prep(aunt-14, with-15)
det(mustache-17, a-16)
pobj(with-15, mustache-17)
punct(mustache-17, ,-18)
conj(mustache-17, racism-19)
punct(mustache-17, ,-20)
cc(mustache-17, and-21)
conj(mustache-17, everything-22)
advmod(think-27, else-23)
nsubj(think-27, you-24)
aux(think-27, could-25)
advmod(think-27, possibly-26)
ccomp(everything-22, think-27)
prep(think-27, of-28)
cc(of-28, and-29)
det(ones-31, the-30)
conj(of-28, ones-31)
nsubj(couldnt-33, you-32)
rcmod(ones-31, couldnt-33)
punct(talkes-2, .-34)

Sentence #6 (22 tokens):
Please if you ever see one comedy in your life this is it, if only all movies could be Delirious.
[Text=Please CharacterOffsetBegin=648 CharacterOffsetEnd=654 PartOfSpeech=VB] [Text=if CharacterOffsetBegin=655 CharacterOffsetEnd=657 PartOfSpeech=IN] [Text=you CharacterOffsetBegin=658 CharacterOffsetEnd=661 PartOfSpeech=PRP] [Text=ever CharacterOffsetBegin=662 CharacterOffsetEnd=666 PartOfSpeech=RB] [Text=see CharacterOffsetBegin=667 CharacterOffsetEnd=670 PartOfSpeech=VBP] [Text=one CharacterOffsetBegin=671 CharacterOffsetEnd=674 PartOfSpeech=CD] [Text=comedy CharacterOffsetBegin=675 CharacterOffsetEnd=681 PartOfSpeech=NN] [Text=in CharacterOffsetBegin=682 CharacterOffsetEnd=684 PartOfSpeech=IN] [Text=your CharacterOffsetBegin=685 CharacterOffsetEnd=689 PartOfSpeech=PRP$] [Text=life CharacterOffsetBegin=690 CharacterOffsetEnd=694 PartOfSpeech=NN] [Text=this CharacterOffsetBegin=695 CharacterOffsetEnd=699 PartOfSpeech=DT] [Text=is CharacterOffsetBegin=700 CharacterOffsetEnd=702 PartOfSpeech=VBZ] [Text=it CharacterOffsetBegin=703 CharacterOffsetEnd=705 PartOfSpeech=PRP] [Text=, CharacterOffsetBegin=705 CharacterOffsetEnd=706 PartOfSpeech=,] [Text=if CharacterOffsetBegin=707 CharacterOffsetEnd=709 PartOfSpeech=IN] [Text=only CharacterOffsetBegin=710 CharacterOffsetEnd=714 PartOfSpeech=RB] [Text=all CharacterOffsetBegin=715 CharacterOffsetEnd=718 PartOfSpeech=DT] [Text=movies CharacterOffsetBegin=719 CharacterOffsetEnd=725 PartOfSpeech=NNS] [Text=could CharacterOffsetBegin=726 CharacterOffsetEnd=731 PartOfSpeech=MD] [Text=be CharacterOffsetBegin=732 CharacterOffsetEnd=734 PartOfSpeech=VB] [Text=Delirious CharacterOffsetBegin=735 CharacterOffsetEnd=744 PartOfSpeech=JJ] [Text=. CharacterOffsetBegin=744 CharacterOffsetEnd=745 PartOfSpeech=.] 
root(ROOT-0, Please-1)
mark(see-5, if-2)
nsubj(see-5, you-3)
advmod(see-5, ever-4)
dep(Please-1, see-5)
num(comedy-7, one-6)
dobj(see-5, comedy-7)
prep(comedy-7, in-8)
poss(life-10, your-9)
pobj(in-8, life-10)
nsubj(is-12, this-11)
dep(see-5, is-12)
dep(Delirious-21, it-13)
punct(Delirious-21, ,-14)
mark(Delirious-21, if-15)
advmod(movies-18, only-16)
det(movies-18, all-17)
nsubj(Delirious-21, movies-18)
aux(Delirious-21, could-19)
cop(Delirious-21, be-20)
ccomp(is-12, Delirious-21)
punct(Please-1, .-22)

