Sentence #1 (18 tokens):
This is an early film "Pilot" for the hit Canadian tv show Trailer Park Boys.
[Text=This CharacterOffsetBegin=4 CharacterOffsetEnd=8 PartOfSpeech=DT] [Text=is CharacterOffsetBegin=9 CharacterOffsetEnd=11 PartOfSpeech=VBZ] [Text=an CharacterOffsetBegin=12 CharacterOffsetEnd=14 PartOfSpeech=DT] [Text=early CharacterOffsetBegin=15 CharacterOffsetEnd=20 PartOfSpeech=JJ] [Text=film CharacterOffsetBegin=21 CharacterOffsetEnd=25 PartOfSpeech=NN] [Text=`` CharacterOffsetBegin=26 CharacterOffsetEnd=27 PartOfSpeech=``] [Text=Pilot CharacterOffsetBegin=27 CharacterOffsetEnd=32 PartOfSpeech=NN] [Text='' CharacterOffsetBegin=32 CharacterOffsetEnd=33 PartOfSpeech=''] [Text=for CharacterOffsetBegin=34 CharacterOffsetEnd=37 PartOfSpeech=IN] [Text=the CharacterOffsetBegin=38 CharacterOffsetEnd=41 PartOfSpeech=DT] [Text=hit CharacterOffsetBegin=42 CharacterOffsetEnd=45 PartOfSpeech=NN] [Text=Canadian CharacterOffsetBegin=46 CharacterOffsetEnd=54 PartOfSpeech=JJ] [Text=tv CharacterOffsetBegin=55 CharacterOffsetEnd=57 PartOfSpeech=NN] [Text=show CharacterOffsetBegin=58 CharacterOffsetEnd=62 PartOfSpeech=NN] [Text=Trailer CharacterOffsetBegin=63 CharacterOffsetEnd=70 PartOfSpeech=NNP] [Text=Park CharacterOffsetBegin=71 CharacterOffsetEnd=75 PartOfSpeech=NNP] [Text=Boys CharacterOffsetBegin=76 CharacterOffsetEnd=80 PartOfSpeech=NNPS] [Text=. CharacterOffsetBegin=80 CharacterOffsetEnd=81 PartOfSpeech=.] 
root(ROOT-0, film-5)
nsubj(film-5, This-1)
cop(film-5, is-2)
det(film-5, an-3)
amod(film-5, early-4)
punct(Pilot-7, ``-6)
dobj(film-5, Pilot-7)
punct(Pilot-7, ''-8)
prep(Pilot-7, for-9)
det(Boys-17, the-10)
amod(Boys-17, hit-11)
amod(Boys-17, Canadian-12)
nn(Boys-17, tv-13)
nn(Boys-17, show-14)
nn(Boys-17, Trailer-15)
nn(Boys-17, Park-16)
pobj(for-9, Boys-17)
punct(film-5, .-18)

Sentence #2 (21 tokens):
It was played to executives at a few networks before Showcase decided to sign them up for a tv series.
[Text=It CharacterOffsetBegin=86 CharacterOffsetEnd=88 PartOfSpeech=PRP] [Text=was CharacterOffsetBegin=89 CharacterOffsetEnd=92 PartOfSpeech=VBD] [Text=played CharacterOffsetBegin=93 CharacterOffsetEnd=99 PartOfSpeech=VBN] [Text=to CharacterOffsetBegin=100 CharacterOffsetEnd=102 PartOfSpeech=TO] [Text=executives CharacterOffsetBegin=103 CharacterOffsetEnd=113 PartOfSpeech=NNS] [Text=at CharacterOffsetBegin=114 CharacterOffsetEnd=116 PartOfSpeech=IN] [Text=a CharacterOffsetBegin=117 CharacterOffsetEnd=118 PartOfSpeech=DT] [Text=few CharacterOffsetBegin=119 CharacterOffsetEnd=122 PartOfSpeech=JJ] [Text=networks CharacterOffsetBegin=123 CharacterOffsetEnd=131 PartOfSpeech=NNS] [Text=before CharacterOffsetBegin=132 CharacterOffsetEnd=138 PartOfSpeech=IN] [Text=Showcase CharacterOffsetBegin=139 CharacterOffsetEnd=147 PartOfSpeech=NN] [Text=decided CharacterOffsetBegin=148 CharacterOffsetEnd=155 PartOfSpeech=VBD] [Text=to CharacterOffsetBegin=156 CharacterOffsetEnd=158 PartOfSpeech=TO] [Text=sign CharacterOffsetBegin=159 CharacterOffsetEnd=163 PartOfSpeech=VB] [Text=them CharacterOffsetBegin=164 CharacterOffsetEnd=168 PartOfSpeech=PRP] [Text=up CharacterOffsetBegin=169 CharacterOffsetEnd=171 PartOfSpeech=RP] [Text=for CharacterOffsetBegin=172 CharacterOffsetEnd=175 PartOfSpeech=IN] [Text=a CharacterOffsetBegin=176 CharacterOffsetEnd=177 PartOfSpeech=DT] [Text=tv CharacterOffsetBegin=178 CharacterOffsetEnd=180 PartOfSpeech=NN] [Text=series CharacterOffsetBegin=181 CharacterOffsetEnd=187 PartOfSpeech=NN] [Text=. CharacterOffsetBegin=187 CharacterOffsetEnd=188 PartOfSpeech=.] 
root(ROOT-0, played-3)
nsubjpass(played-3, It-1)
auxpass(played-3, was-2)
prep(played-3, to-4)
pobj(to-4, executives-5)
prep(played-3, at-6)
det(networks-9, a-7)
amod(networks-9, few-8)
pobj(at-6, networks-9)
mark(decided-12, before-10)
nsubj(decided-12, Showcase-11)
advcl(played-3, decided-12)
aux(sign-14, to-13)
xcomp(decided-12, sign-14)
dobj(sign-14, them-15)
prt(sign-14, up-16)
prep(sign-14, for-17)
det(series-20, a-18)
nn(series-20, tv-19)
pobj(for-17, series-20)
punct(played-3, .-21)

Sentence #3 (17 tokens):
Great acting and a very funny cast make this one of the best cult comedy films.
[Text=Great CharacterOffsetBegin=193 CharacterOffsetEnd=198 PartOfSpeech=NNP] [Text=acting CharacterOffsetBegin=199 CharacterOffsetEnd=205 PartOfSpeech=VBG] [Text=and CharacterOffsetBegin=206 CharacterOffsetEnd=209 PartOfSpeech=CC] [Text=a CharacterOffsetBegin=210 CharacterOffsetEnd=211 PartOfSpeech=DT] [Text=very CharacterOffsetBegin=212 CharacterOffsetEnd=216 PartOfSpeech=RB] [Text=funny CharacterOffsetBegin=217 CharacterOffsetEnd=222 PartOfSpeech=JJ] [Text=cast CharacterOffsetBegin=223 CharacterOffsetEnd=227 PartOfSpeech=NN] [Text=make CharacterOffsetBegin=228 CharacterOffsetEnd=232 PartOfSpeech=VB] [Text=this CharacterOffsetBegin=233 CharacterOffsetEnd=237 PartOfSpeech=DT] [Text=one CharacterOffsetBegin=238 CharacterOffsetEnd=241 PartOfSpeech=CD] [Text=of CharacterOffsetBegin=242 CharacterOffsetEnd=244 PartOfSpeech=IN] [Text=the CharacterOffsetBegin=245 CharacterOffsetEnd=248 PartOfSpeech=DT] [Text=best CharacterOffsetBegin=249 CharacterOffsetEnd=253 PartOfSpeech=JJS] [Text=cult CharacterOffsetBegin=254 CharacterOffsetEnd=258 PartOfSpeech=NN] [Text=comedy CharacterOffsetBegin=259 CharacterOffsetEnd=265 PartOfSpeech=NN] [Text=films CharacterOffsetBegin=266 CharacterOffsetEnd=271 PartOfSpeech=NNS] [Text=. CharacterOffsetBegin=271 CharacterOffsetEnd=272 PartOfSpeech=.] 
root(ROOT-0, acting-2)
amod(acting-2, Great-1)
cc(acting-2, and-3)
det(cast-7, a-4)
advmod(funny-6, very-5)
amod(cast-7, funny-6)
nsubj(make-8, cast-7)
conj(acting-2, make-8)
det(one-10, this-9)
dobj(make-8, one-10)
prep(one-10, of-11)
det(films-16, the-12)
amod(films-16, best-13)
nn(films-16, cult-14)
nn(films-16, comedy-15)
pobj(of-11, films-16)
punct(acting-2, .-17)

Sentence #4 (20 tokens):
The movie plot is that these two small time criminals go around "exterminating" peoples pets for money.
[Text=The CharacterOffsetBegin=277 CharacterOffsetEnd=280 PartOfSpeech=DT] [Text=movie CharacterOffsetBegin=281 CharacterOffsetEnd=286 PartOfSpeech=NN] [Text=plot CharacterOffsetBegin=287 CharacterOffsetEnd=291 PartOfSpeech=NN] [Text=is CharacterOffsetBegin=292 CharacterOffsetEnd=294 PartOfSpeech=VBZ] [Text=that CharacterOffsetBegin=295 CharacterOffsetEnd=299 PartOfSpeech=IN] [Text=these CharacterOffsetBegin=300 CharacterOffsetEnd=305 PartOfSpeech=DT] [Text=two CharacterOffsetBegin=306 CharacterOffsetEnd=309 PartOfSpeech=CD] [Text=small CharacterOffsetBegin=310 CharacterOffsetEnd=315 PartOfSpeech=JJ] [Text=time CharacterOffsetBegin=316 CharacterOffsetEnd=320 PartOfSpeech=NN] [Text=criminals CharacterOffsetBegin=321 CharacterOffsetEnd=330 PartOfSpeech=NNS] [Text=go CharacterOffsetBegin=331 CharacterOffsetEnd=333 PartOfSpeech=VBP] [Text=around CharacterOffsetBegin=334 CharacterOffsetEnd=340 PartOfSpeech=IN] [Text=`` CharacterOffsetBegin=341 CharacterOffsetEnd=342 PartOfSpeech=``] [Text=exterminating CharacterOffsetBegin=342 CharacterOffsetEnd=355 PartOfSpeech=VBG] [Text='' CharacterOffsetBegin=355 CharacterOffsetEnd=356 PartOfSpeech=''] [Text=peoples CharacterOffsetBegin=357 CharacterOffsetEnd=364 PartOfSpeech=NNS] [Text=pets CharacterOffsetBegin=365 CharacterOffsetEnd=369 PartOfSpeech=NNS] [Text=for CharacterOffsetBegin=370 CharacterOffsetEnd=373 PartOfSpeech=IN] [Text=money CharacterOffsetBegin=374 CharacterOffsetEnd=379 PartOfSpeech=NN] [Text=. CharacterOffsetBegin=379 CharacterOffsetEnd=380 PartOfSpeech=.] 
root(ROOT-0, is-4)
det(plot-3, The-1)
nn(plot-3, movie-2)
nsubj(is-4, plot-3)
prep(is-4, that-5)
det(time-9, these-6)
num(time-9, two-7)
amod(time-9, small-8)
dep(that-5, time-9)
nsubj(go-11, criminals-10)
rcmod(time-9, go-11)
prep(go-11, around-12)
punct(exterminating-14, ``-13)
pcomp(around-12, exterminating-14)
punct(exterminating-14, ''-15)
nn(pets-17, peoples-16)
dobj(exterminating-14, pets-17)
prep(pets-17, for-18)
pobj(for-18, money-19)
punct(is-4, .-20)

Sentence #5 (19 tokens):
If you have a dog next door whos barking all night these are the guys you go to!
[Text=If CharacterOffsetBegin=385 CharacterOffsetEnd=387 PartOfSpeech=IN] [Text=you CharacterOffsetBegin=388 CharacterOffsetEnd=391 PartOfSpeech=PRP] [Text=have CharacterOffsetBegin=392 CharacterOffsetEnd=396 PartOfSpeech=VBP] [Text=a CharacterOffsetBegin=397 CharacterOffsetEnd=398 PartOfSpeech=DT] [Text=dog CharacterOffsetBegin=399 CharacterOffsetEnd=402 PartOfSpeech=NN] [Text=next CharacterOffsetBegin=403 CharacterOffsetEnd=407 PartOfSpeech=JJ] [Text=door CharacterOffsetBegin=408 CharacterOffsetEnd=412 PartOfSpeech=NN] [Text=whos CharacterOffsetBegin=413 CharacterOffsetEnd=417 PartOfSpeech=NNS] [Text=barking CharacterOffsetBegin=418 CharacterOffsetEnd=425 PartOfSpeech=VBG] [Text=all CharacterOffsetBegin=426 CharacterOffsetEnd=429 PartOfSpeech=DT] [Text=night CharacterOffsetBegin=430 CharacterOffsetEnd=435 PartOfSpeech=NN] [Text=these CharacterOffsetBegin=436 CharacterOffsetEnd=441 PartOfSpeech=DT] [Text=are CharacterOffsetBegin=442 CharacterOffsetEnd=445 PartOfSpeech=VBP] [Text=the CharacterOffsetBegin=446 CharacterOffsetEnd=449 PartOfSpeech=DT] [Text=guys CharacterOffsetBegin=450 CharacterOffsetEnd=454 PartOfSpeech=NNS] [Text=you CharacterOffsetBegin=455 CharacterOffsetEnd=458 PartOfSpeech=PRP] [Text=go CharacterOffsetBegin=459 CharacterOffsetEnd=461 PartOfSpeech=VBP] [Text=to CharacterOffsetBegin=462 CharacterOffsetEnd=464 PartOfSpeech=TO] [Text=! CharacterOffsetBegin=464 CharacterOffsetEnd=465 PartOfSpeech=.] 
root(ROOT-0, have-3)
mark(have-3, If-1)
nsubj(have-3, you-2)
det(dog-5, a-4)
dobj(have-3, dog-5)
amod(whos-8, next-6)
nn(whos-8, door-7)
dep(have-3, whos-8)
dep(whos-8, barking-9)
det(night-11, all-10)
tmod(barking-9, night-11)
nsubj(guys-15, these-12)
cop(guys-15, are-13)
det(guys-15, the-14)
dep(barking-9, guys-15)
nsubj(go-17, you-16)
rcmod(guys-15, go-17)
prep(go-17, to-18)
punct(have-3, !-19)

Sentence #6 (25 tokens):
But they get into trouble when they come across a job too big for them to deal with and end up in a shootout.
[Text=But CharacterOffsetBegin=470 CharacterOffsetEnd=473 PartOfSpeech=CC] [Text=they CharacterOffsetBegin=474 CharacterOffsetEnd=478 PartOfSpeech=PRP] [Text=get CharacterOffsetBegin=479 CharacterOffsetEnd=482 PartOfSpeech=VBP] [Text=into CharacterOffsetBegin=483 CharacterOffsetEnd=487 PartOfSpeech=IN] [Text=trouble CharacterOffsetBegin=488 CharacterOffsetEnd=495 PartOfSpeech=NN] [Text=when CharacterOffsetBegin=496 CharacterOffsetEnd=500 PartOfSpeech=WRB] [Text=they CharacterOffsetBegin=501 CharacterOffsetEnd=505 PartOfSpeech=PRP] [Text=come CharacterOffsetBegin=506 CharacterOffsetEnd=510 PartOfSpeech=VBP] [Text=across CharacterOffsetBegin=511 CharacterOffsetEnd=517 PartOfSpeech=IN] [Text=a CharacterOffsetBegin=518 CharacterOffsetEnd=519 PartOfSpeech=DT] [Text=job CharacterOffsetBegin=520 CharacterOffsetEnd=523 PartOfSpeech=NN] [Text=too CharacterOffsetBegin=524 CharacterOffsetEnd=527 PartOfSpeech=RB] [Text=big CharacterOffsetBegin=528 CharacterOffsetEnd=531 PartOfSpeech=JJ] [Text=for CharacterOffsetBegin=532 CharacterOffsetEnd=535 PartOfSpeech=IN] [Text=them CharacterOffsetBegin=536 CharacterOffsetEnd=540 PartOfSpeech=PRP] [Text=to CharacterOffsetBegin=541 CharacterOffsetEnd=543 PartOfSpeech=TO] [Text=deal CharacterOffsetBegin=544 CharacterOffsetEnd=548 PartOfSpeech=VB] [Text=with CharacterOffsetBegin=549 CharacterOffsetEnd=553 PartOfSpeech=IN] [Text=and CharacterOffsetBegin=554 CharacterOffsetEnd=557 PartOfSpeech=CC] [Text=end CharacterOffsetBegin=558 CharacterOffsetEnd=561 PartOfSpeech=VB] [Text=up CharacterOffsetBegin=562 CharacterOffsetEnd=564 PartOfSpeech=RP] [Text=in CharacterOffsetBegin=565 CharacterOffsetEnd=567 PartOfSpeech=IN] [Text=a CharacterOffsetBegin=568 CharacterOffsetEnd=569 PartOfSpeech=DT] [Text=shootout CharacterOffsetBegin=570 CharacterOffsetEnd=578 PartOfSpeech=NN] [Text=. CharacterOffsetBegin=578 CharacterOffsetEnd=579 PartOfSpeech=.] 
root(ROOT-0, get-3)
cc(get-3, But-1)
nsubj(get-3, they-2)
prep(get-3, into-4)
pobj(into-4, trouble-5)
advmod(come-8, when-6)
nsubj(come-8, they-7)
advcl(get-3, come-8)
prep(come-8, across-9)
det(job-11, a-10)
pobj(across-9, job-11)
advmod(big-13, too-12)
acomp(come-8, big-13)
mark(deal-17, for-14)
nsubj(deal-17, them-15)
aux(deal-17, to-16)
advcl(big-13, deal-17)
advmod(deal-17, with-18)
cc(deal-17, and-19)
conj(deal-17, end-20)
prt(end-20, up-21)
prep(end-20, in-22)
det(shootout-24, a-23)
pobj(in-22, shootout-24)
punct(get-3, .-25)

Sentence #7 (15 tokens):
Watch this movie if you want to understand the beginning of the tv series.
[Text=Watch CharacterOffsetBegin=584 CharacterOffsetEnd=589 PartOfSpeech=VB] [Text=this CharacterOffsetBegin=590 CharacterOffsetEnd=594 PartOfSpeech=DT] [Text=movie CharacterOffsetBegin=595 CharacterOffsetEnd=600 PartOfSpeech=NN] [Text=if CharacterOffsetBegin=601 CharacterOffsetEnd=603 PartOfSpeech=IN] [Text=you CharacterOffsetBegin=604 CharacterOffsetEnd=607 PartOfSpeech=PRP] [Text=want CharacterOffsetBegin=608 CharacterOffsetEnd=612 PartOfSpeech=VBP] [Text=to CharacterOffsetBegin=613 CharacterOffsetEnd=615 PartOfSpeech=TO] [Text=understand CharacterOffsetBegin=616 CharacterOffsetEnd=626 PartOfSpeech=VB] [Text=the CharacterOffsetBegin=627 CharacterOffsetEnd=630 PartOfSpeech=DT] [Text=beginning CharacterOffsetBegin=631 CharacterOffsetEnd=640 PartOfSpeech=NN] [Text=of CharacterOffsetBegin=641 CharacterOffsetEnd=643 PartOfSpeech=IN] [Text=the CharacterOffsetBegin=644 CharacterOffsetEnd=647 PartOfSpeech=DT] [Text=tv CharacterOffsetBegin=648 CharacterOffsetEnd=650 PartOfSpeech=NN] [Text=series CharacterOffsetBegin=651 CharacterOffsetEnd=657 PartOfSpeech=NN] [Text=. CharacterOffsetBegin=657 CharacterOffsetEnd=658 PartOfSpeech=.] 
root(ROOT-0, Watch-1)
det(movie-3, this-2)
dobj(Watch-1, movie-3)
mark(want-6, if-4)
nsubj(want-6, you-5)
advcl(Watch-1, want-6)
aux(understand-8, to-7)
xcomp(want-6, understand-8)
det(beginning-10, the-9)
dobj(understand-8, beginning-10)
prep(beginning-10, of-11)
det(series-14, the-12)
nn(series-14, tv-13)
pobj(of-11, series-14)
punct(Watch-1, .-15)

Sentence #8 (25 tokens):
I highly recommend it!Rated R for swearing, violence, and drug use.Its not too offensive either (they dont actually show killing animals)
[Text=I CharacterOffsetBegin=663 CharacterOffsetEnd=664 PartOfSpeech=PRP] [Text=highly CharacterOffsetBegin=665 CharacterOffsetEnd=671 PartOfSpeech=RB] [Text=recommend CharacterOffsetBegin=672 CharacterOffsetEnd=681 PartOfSpeech=VB] [Text=it!Rated CharacterOffsetBegin=682 CharacterOffsetEnd=690 PartOfSpeech=JJ] [Text=R CharacterOffsetBegin=691 CharacterOffsetEnd=692 PartOfSpeech=NN] [Text=for CharacterOffsetBegin=693 CharacterOffsetEnd=696 PartOfSpeech=IN] [Text=swearing CharacterOffsetBegin=697 CharacterOffsetEnd=705 PartOfSpeech=NN] [Text=, CharacterOffsetBegin=705 CharacterOffsetEnd=706 PartOfSpeech=,] [Text=violence CharacterOffsetBegin=707 CharacterOffsetEnd=715 PartOfSpeech=NN] [Text=, CharacterOffsetBegin=715 CharacterOffsetEnd=716 PartOfSpeech=,] [Text=and CharacterOffsetBegin=717 CharacterOffsetEnd=720 PartOfSpeech=CC] [Text=drug CharacterOffsetBegin=721 CharacterOffsetEnd=725 PartOfSpeech=NN] [Text=use.Its CharacterOffsetBegin=726 CharacterOffsetEnd=733 PartOfSpeech=NNS] [Text=not CharacterOffsetBegin=734 CharacterOffsetEnd=737 PartOfSpeech=RB] [Text=too CharacterOffsetBegin=738 CharacterOffsetEnd=741 PartOfSpeech=RB] [Text=offensive CharacterOffsetBegin=742 CharacterOffsetEnd=751 PartOfSpeech=JJ] [Text=either CharacterOffsetBegin=752 CharacterOffsetEnd=758 PartOfSpeech=CC] [Text=-LRB- CharacterOffsetBegin=759 CharacterOffsetEnd=760 PartOfSpeech=-LRB-] [Text=they CharacterOffsetBegin=760 CharacterOffsetEnd=764 PartOfSpeech=PRP] [Text=dont CharacterOffsetBegin=765 CharacterOffsetEnd=769 PartOfSpeech=VBP] [Text=actually CharacterOffsetBegin=770 CharacterOffsetEnd=778 PartOfSpeech=RB] [Text=show CharacterOffsetBegin=779 CharacterOffsetEnd=783 PartOfSpeech=VBP] [Text=killing CharacterOffsetBegin=784 CharacterOffsetEnd=791 PartOfSpeech=VBG] [Text=animals CharacterOffsetBegin=792 CharacterOffsetEnd=799 PartOfSpeech=NNS] [Text=-RRB- CharacterOffsetBegin=799 CharacterOffsetEnd=800 PartOfSpeech=-RRB-] 
root(ROOT-0, recommend-3)
nsubj(recommend-3, I-1)
advmod(recommend-3, highly-2)
amod(R-5, it!Rated-4)
dobj(recommend-3, R-5)
prep(R-5, for-6)
pobj(for-6, swearing-7)
punct(swearing-7, ,-8)
conj(swearing-7, violence-9)
punct(swearing-7, ,-10)
cc(swearing-7, and-11)
nn(use.Its-13, drug-12)
nsubj(offensive-16, use.Its-13)
neg(offensive-16, not-14)
advmod(offensive-16, too-15)
conj(swearing-7, offensive-16)
cc(show-22, either-17)
punct(dont-20, -LRB--18)
nsubj(dont-20, they-19)
nsubj(show-22, dont-20)
advmod(show-22, actually-21)
ccomp(recommend-3, show-22)
partmod(show-22, killing-23)
dobj(killing-23, animals-24)
punct(recommend-3, -RRB--25)

