Sentence #1 (48 tokens):
A bizarre and brilliant combination of talents between the director, Robert Siodmak and Ella Raines as a secretary trying to save her boss from the electric chair by tracking down a mysterious "phantom" woman, and Franchot Tone as a crazed and murderous sculptor.
[Text=A CharacterOffsetBegin=4 CharacterOffsetEnd=5 PartOfSpeech=DT] [Text=bizarre CharacterOffsetBegin=6 CharacterOffsetEnd=13 PartOfSpeech=JJ] [Text=and CharacterOffsetBegin=14 CharacterOffsetEnd=17 PartOfSpeech=CC] [Text=brilliant CharacterOffsetBegin=18 CharacterOffsetEnd=27 PartOfSpeech=JJ] [Text=combination CharacterOffsetBegin=28 CharacterOffsetEnd=39 PartOfSpeech=NN] [Text=of CharacterOffsetBegin=40 CharacterOffsetEnd=42 PartOfSpeech=IN] [Text=talents CharacterOffsetBegin=43 CharacterOffsetEnd=50 PartOfSpeech=NNS] [Text=between CharacterOffsetBegin=51 CharacterOffsetEnd=58 PartOfSpeech=IN] [Text=the CharacterOffsetBegin=59 CharacterOffsetEnd=62 PartOfSpeech=DT] [Text=director CharacterOffsetBegin=63 CharacterOffsetEnd=71 PartOfSpeech=NN] [Text=, CharacterOffsetBegin=71 CharacterOffsetEnd=72 PartOfSpeech=,] [Text=Robert CharacterOffsetBegin=73 CharacterOffsetEnd=79 PartOfSpeech=NNP] [Text=Siodmak CharacterOffsetBegin=80 CharacterOffsetEnd=87 PartOfSpeech=NNP] [Text=and CharacterOffsetBegin=88 CharacterOffsetEnd=91 PartOfSpeech=CC] [Text=Ella CharacterOffsetBegin=92 CharacterOffsetEnd=96 PartOfSpeech=NNP] [Text=Raines CharacterOffsetBegin=97 CharacterOffsetEnd=103 PartOfSpeech=NNP] [Text=as CharacterOffsetBegin=104 CharacterOffsetEnd=106 PartOfSpeech=IN] [Text=a CharacterOffsetBegin=107 CharacterOffsetEnd=108 PartOfSpeech=DT] [Text=secretary CharacterOffsetBegin=109 CharacterOffsetEnd=118 PartOfSpeech=NN] [Text=trying CharacterOffsetBegin=119 CharacterOffsetEnd=125 PartOfSpeech=VBG] [Text=to CharacterOffsetBegin=126 CharacterOffsetEnd=128 PartOfSpeech=TO] [Text=save CharacterOffsetBegin=129 CharacterOffsetEnd=133 PartOfSpeech=VB] [Text=her CharacterOffsetBegin=134 CharacterOffsetEnd=137 PartOfSpeech=PRP$] [Text=boss CharacterOffsetBegin=138 CharacterOffsetEnd=142 PartOfSpeech=NN] [Text=from CharacterOffsetBegin=143 CharacterOffsetEnd=147 PartOfSpeech=IN] [Text=the CharacterOffsetBegin=148 CharacterOffsetEnd=151 PartOfSpeech=DT] [Text=electric CharacterOffsetBegin=152 CharacterOffsetEnd=160 PartOfSpeech=JJ] [Text=chair CharacterOffsetBegin=161 CharacterOffsetEnd=166 PartOfSpeech=NN] [Text=by CharacterOffsetBegin=167 CharacterOffsetEnd=169 PartOfSpeech=IN] [Text=tracking CharacterOffsetBegin=170 CharacterOffsetEnd=178 PartOfSpeech=VBG] [Text=down CharacterOffsetBegin=179 CharacterOffsetEnd=183 PartOfSpeech=RP] [Text=a CharacterOffsetBegin=184 CharacterOffsetEnd=185 PartOfSpeech=DT] [Text=mysterious CharacterOffsetBegin=186 CharacterOffsetEnd=196 PartOfSpeech=JJ] [Text=`` CharacterOffsetBegin=197 CharacterOffsetEnd=198 PartOfSpeech=``] [Text=phantom CharacterOffsetBegin=198 CharacterOffsetEnd=205 PartOfSpeech=JJ] [Text='' CharacterOffsetBegin=205 CharacterOffsetEnd=206 PartOfSpeech=''] [Text=woman CharacterOffsetBegin=207 CharacterOffsetEnd=212 PartOfSpeech=NN] [Text=, CharacterOffsetBegin=212 CharacterOffsetEnd=213 PartOfSpeech=,] [Text=and CharacterOffsetBegin=214 CharacterOffsetEnd=217 PartOfSpeech=CC] [Text=Franchot CharacterOffsetBegin=218 CharacterOffsetEnd=226 PartOfSpeech=NNP] [Text=Tone CharacterOffsetBegin=227 CharacterOffsetEnd=231 PartOfSpeech=NNP] [Text=as CharacterOffsetBegin=232 CharacterOffsetEnd=234 PartOfSpeech=IN] [Text=a CharacterOffsetBegin=235 CharacterOffsetEnd=236 PartOfSpeech=DT] [Text=crazed CharacterOffsetBegin=237 CharacterOffsetEnd=243 PartOfSpeech=JJ] [Text=and CharacterOffsetBegin=244 CharacterOffsetEnd=247 PartOfSpeech=CC] [Text=murderous CharacterOffsetBegin=248 CharacterOffsetEnd=257 PartOfSpeech=JJ] [Text=sculptor CharacterOffsetBegin=258 CharacterOffsetEnd=266 PartOfSpeech=NN] [Text=. CharacterOffsetBegin=266 CharacterOffsetEnd=267 PartOfSpeech=.] 
root(ROOT-0, combination-5)
det(combination-5, A-1)
amod(combination-5, bizarre-2)
cc(bizarre-2, and-3)
conj(bizarre-2, brilliant-4)
prep(combination-5, of-6)
pobj(of-6, talents-7)
prep(talents-7, between-8)
det(director-10, the-9)
pobj(between-8, director-10)
punct(director-10, ,-11)
nn(Siodmak-13, Robert-12)
conj(director-10, Siodmak-13)
cc(director-10, and-14)
nn(Raines-16, Ella-15)
conj(director-10, Raines-16)
prep(combination-5, as-17)
det(secretary-19, a-18)
pobj(as-17, secretary-19)
partmod(secretary-19, trying-20)
aux(save-22, to-21)
xcomp(trying-20, save-22)
poss(boss-24, her-23)
dobj(save-22, boss-24)
prep(save-22, from-25)
det(chair-28, the-26)
amod(chair-28, electric-27)
pobj(from-25, chair-28)
prep(save-22, by-29)
pcomp(by-29, tracking-30)
prt(tracking-30, down-31)
det(woman-37, a-32)
amod(woman-37, mysterious-33)
punct(woman-37, ``-34)
amod(woman-37, phantom-35)
punct(woman-37, ''-36)
dobj(tracking-30, woman-37)
punct(combination-5, ,-38)
cc(combination-5, and-39)
nn(Tone-41, Franchot-40)
conj(combination-5, Tone-41)
prep(Tone-41, as-42)
det(sculptor-47, a-43)
amod(sculptor-47, crazed-44)
cc(crazed-44, and-45)
conj(crazed-44, murderous-46)
pobj(as-42, sculptor-47)
punct(combination-5, .-48)

Sentence #2 (34 tokens):
As well there are some fascinating smaller parts played by Elisha Cook Jr as a drugged out trap drummer, as well as the other characters who make up parts of the conspiracy.
[Text=As CharacterOffsetBegin=272 CharacterOffsetEnd=274 PartOfSpeech=RB] [Text=well CharacterOffsetBegin=275 CharacterOffsetEnd=279 PartOfSpeech=RB] [Text=there CharacterOffsetBegin=280 CharacterOffsetEnd=285 PartOfSpeech=EX] [Text=are CharacterOffsetBegin=286 CharacterOffsetEnd=289 PartOfSpeech=VBP] [Text=some CharacterOffsetBegin=290 CharacterOffsetEnd=294 PartOfSpeech=DT] [Text=fascinating CharacterOffsetBegin=295 CharacterOffsetEnd=306 PartOfSpeech=JJ] [Text=smaller CharacterOffsetBegin=307 CharacterOffsetEnd=314 PartOfSpeech=JJR] [Text=parts CharacterOffsetBegin=315 CharacterOffsetEnd=320 PartOfSpeech=NNS] [Text=played CharacterOffsetBegin=321 CharacterOffsetEnd=327 PartOfSpeech=VBN] [Text=by CharacterOffsetBegin=328 CharacterOffsetEnd=330 PartOfSpeech=IN] [Text=Elisha CharacterOffsetBegin=331 CharacterOffsetEnd=337 PartOfSpeech=NNP] [Text=Cook CharacterOffsetBegin=338 CharacterOffsetEnd=342 PartOfSpeech=NNP] [Text=Jr CharacterOffsetBegin=343 CharacterOffsetEnd=345 PartOfSpeech=NNP] [Text=as CharacterOffsetBegin=346 CharacterOffsetEnd=348 PartOfSpeech=IN] [Text=a CharacterOffsetBegin=349 CharacterOffsetEnd=350 PartOfSpeech=DT] [Text=drugged CharacterOffsetBegin=351 CharacterOffsetEnd=358 PartOfSpeech=VBN] [Text=out CharacterOffsetBegin=359 CharacterOffsetEnd=362 PartOfSpeech=RP] [Text=trap CharacterOffsetBegin=363 CharacterOffsetEnd=367 PartOfSpeech=NN] [Text=drummer CharacterOffsetBegin=368 CharacterOffsetEnd=375 PartOfSpeech=NN] [Text=, CharacterOffsetBegin=375 CharacterOffsetEnd=376 PartOfSpeech=,] [Text=as CharacterOffsetBegin=377 CharacterOffsetEnd=379 PartOfSpeech=RB] [Text=well CharacterOffsetBegin=380 CharacterOffsetEnd=384 PartOfSpeech=RB] [Text=as CharacterOffsetBegin=385 CharacterOffsetEnd=387 PartOfSpeech=IN] [Text=the CharacterOffsetBegin=388 CharacterOffsetEnd=391 PartOfSpeech=DT] [Text=other CharacterOffsetBegin=392 CharacterOffsetEnd=397 PartOfSpeech=JJ] [Text=characters CharacterOffsetBegin=398 CharacterOffsetEnd=408 PartOfSpeech=NNS] [Text=who CharacterOffsetBegin=409 CharacterOffsetEnd=412 PartOfSpeech=WP] [Text=make CharacterOffsetBegin=413 CharacterOffsetEnd=417 PartOfSpeech=VBP] [Text=up CharacterOffsetBegin=418 CharacterOffsetEnd=420 PartOfSpeech=RP] [Text=parts CharacterOffsetBegin=421 CharacterOffsetEnd=426 PartOfSpeech=NNS] [Text=of CharacterOffsetBegin=427 CharacterOffsetEnd=429 PartOfSpeech=IN] [Text=the CharacterOffsetBegin=430 CharacterOffsetEnd=433 PartOfSpeech=DT] [Text=conspiracy CharacterOffsetBegin=434 CharacterOffsetEnd=444 PartOfSpeech=NN] [Text=. CharacterOffsetBegin=444 CharacterOffsetEnd=445 PartOfSpeech=.] 
root(ROOT-0, are-4)
advmod(well-2, As-1)
advmod(are-4, well-2)
expl(are-4, there-3)
det(parts-8, some-5)
amod(parts-8, fascinating-6)
amod(parts-8, smaller-7)
nsubj(are-4, parts-8)
partmod(parts-8, played-9)
prep(played-9, by-10)
nn(Jr-13, Elisha-11)
nn(Jr-13, Cook-12)
pobj(by-10, Jr-13)
prep(played-9, as-14)
det(drummer-19, a-15)
amod(drummer-19, drugged-16)
advmod(drugged-16, out-17)
nn(drummer-19, trap-18)
pobj(as-14, drummer-19)
punct(are-4, ,-20)
advmod(well-22, as-21)
cc(are-4, well-22)
mwe(well-22, as-23)
det(characters-26, the-24)
amod(characters-26, other-25)
conj(are-4, characters-26)
nsubj(make-28, who-27)
rcmod(characters-26, make-28)
prt(make-28, up-29)
dobj(make-28, parts-30)
prep(parts-30, of-31)
det(conspiracy-33, the-32)
pobj(of-31, conspiracy-33)
punct(are-4, .-34)

Sentence #3 (27 tokens):
If you're used to seeing Raines in more wholesome parts, she's allowed to go overboard here, especially in her scenes with Cook.
[Text=If CharacterOffsetBegin=450 CharacterOffsetEnd=452 PartOfSpeech=IN] [Text=you CharacterOffsetBegin=453 CharacterOffsetEnd=456 PartOfSpeech=PRP] [Text='re CharacterOffsetBegin=456 CharacterOffsetEnd=459 PartOfSpeech=VBP] [Text=used CharacterOffsetBegin=460 CharacterOffsetEnd=464 PartOfSpeech=VBN] [Text=to CharacterOffsetBegin=465 CharacterOffsetEnd=467 PartOfSpeech=TO] [Text=seeing CharacterOffsetBegin=468 CharacterOffsetEnd=474 PartOfSpeech=VBG] [Text=Raines CharacterOffsetBegin=475 CharacterOffsetEnd=481 PartOfSpeech=NNP] [Text=in CharacterOffsetBegin=482 CharacterOffsetEnd=484 PartOfSpeech=IN] [Text=more CharacterOffsetBegin=485 CharacterOffsetEnd=489 PartOfSpeech=RBR] [Text=wholesome CharacterOffsetBegin=490 CharacterOffsetEnd=499 PartOfSpeech=JJ] [Text=parts CharacterOffsetBegin=500 CharacterOffsetEnd=505 PartOfSpeech=NNS] [Text=, CharacterOffsetBegin=505 CharacterOffsetEnd=506 PartOfSpeech=,] [Text=she CharacterOffsetBegin=507 CharacterOffsetEnd=510 PartOfSpeech=PRP] [Text='s CharacterOffsetBegin=510 CharacterOffsetEnd=512 PartOfSpeech=VBZ] [Text=allowed CharacterOffsetBegin=513 CharacterOffsetEnd=520 PartOfSpeech=VBN] [Text=to CharacterOffsetBegin=521 CharacterOffsetEnd=523 PartOfSpeech=TO] [Text=go CharacterOffsetBegin=524 CharacterOffsetEnd=526 PartOfSpeech=VB] [Text=overboard CharacterOffsetBegin=527 CharacterOffsetEnd=536 PartOfSpeech=RB] [Text=here CharacterOffsetBegin=537 CharacterOffsetEnd=541 PartOfSpeech=RB] [Text=, CharacterOffsetBegin=541 CharacterOffsetEnd=542 PartOfSpeech=,] [Text=especially CharacterOffsetBegin=543 CharacterOffsetEnd=553 PartOfSpeech=RB] [Text=in CharacterOffsetBegin=554 CharacterOffsetEnd=556 PartOfSpeech=IN] [Text=her CharacterOffsetBegin=557 CharacterOffsetEnd=560 PartOfSpeech=PRP$] [Text=scenes CharacterOffsetBegin=561 CharacterOffsetEnd=567 PartOfSpeech=NNS] [Text=with CharacterOffsetBegin=568 CharacterOffsetEnd=572 PartOfSpeech=IN] [Text=Cook CharacterOffsetBegin=573 CharacterOffsetEnd=577 PartOfSpeech=NNP] [Text=. CharacterOffsetBegin=577 CharacterOffsetEnd=578 PartOfSpeech=.] 
root(ROOT-0, allowed-15)
mark(used-4, If-1)
nsubjpass(used-4, you-2)
auxpass(used-4, 're-3)
advcl(allowed-15, used-4)
prep(used-4, to-5)
pcomp(to-5, seeing-6)
dobj(seeing-6, Raines-7)
prep(Raines-7, in-8)
amod(parts-11, more-9)
amod(parts-11, wholesome-10)
pobj(in-8, parts-11)
punct(allowed-15, ,-12)
nsubjpass(allowed-15, she-13)
auxpass(allowed-15, 's-14)
aux(go-17, to-16)
xcomp(allowed-15, go-17)
advmod(go-17, overboard-18)
advmod(overboard-18, here-19)
punct(go-17, ,-20)
advmod(in-22, especially-21)
prep(go-17, in-22)
poss(scenes-24, her-23)
pobj(in-22, scenes-24)
prep(scenes-24, with-25)
pobj(with-25, Cook-26)
punct(allowed-15, .-27)

Sentence #4 (21 tokens):
Franchot Tone also plays someone very different, and though it isn't a convincing part, he acts phenomenally.
[Text=Franchot CharacterOffsetBegin=583 CharacterOffsetEnd=591 PartOfSpeech=NNP] [Text=Tone CharacterOffsetBegin=592 CharacterOffsetEnd=596 PartOfSpeech=NNP] [Text=also CharacterOffsetBegin=597 CharacterOffsetEnd=601 PartOfSpeech=RB] [Text=plays CharacterOffsetBegin=602 CharacterOffsetEnd=607 PartOfSpeech=VBZ] [Text=someone CharacterOffsetBegin=608 CharacterOffsetEnd=615 PartOfSpeech=NN] [Text=very CharacterOffsetBegin=616 CharacterOffsetEnd=620 PartOfSpeech=RB] [Text=different CharacterOffsetBegin=621 CharacterOffsetEnd=630 PartOfSpeech=JJ] [Text=, CharacterOffsetBegin=630 CharacterOffsetEnd=631 PartOfSpeech=,] [Text=and CharacterOffsetBegin=632 CharacterOffsetEnd=635 PartOfSpeech=CC] [Text=though CharacterOffsetBegin=636 CharacterOffsetEnd=642 PartOfSpeech=IN] [Text=it CharacterOffsetBegin=643 CharacterOffsetEnd=645 PartOfSpeech=PRP] [Text=is CharacterOffsetBegin=646 CharacterOffsetEnd=648 PartOfSpeech=VBZ] [Text=n't CharacterOffsetBegin=648 CharacterOffsetEnd=651 PartOfSpeech=RB] [Text=a CharacterOffsetBegin=652 CharacterOffsetEnd=653 PartOfSpeech=DT] [Text=convincing CharacterOffsetBegin=654 CharacterOffsetEnd=664 PartOfSpeech=JJ] [Text=part CharacterOffsetBegin=665 CharacterOffsetEnd=669 PartOfSpeech=NN] [Text=, CharacterOffsetBegin=669 CharacterOffsetEnd=670 PartOfSpeech=,] [Text=he CharacterOffsetBegin=671 CharacterOffsetEnd=673 PartOfSpeech=PRP] [Text=acts CharacterOffsetBegin=674 CharacterOffsetEnd=678 PartOfSpeech=VBZ] [Text=phenomenally CharacterOffsetBegin=679 CharacterOffsetEnd=691 PartOfSpeech=RB] [Text=. CharacterOffsetBegin=691 CharacterOffsetEnd=692 PartOfSpeech=.] 
root(ROOT-0, plays-4)
nn(Tone-2, Franchot-1)
nsubj(plays-4, Tone-2)
advmod(plays-4, also-3)
dobj(plays-4, someone-5)
advmod(different-7, very-6)
amod(someone-5, different-7)
punct(plays-4, ,-8)
cc(plays-4, and-9)
mark(part-16, though-10)
nsubj(part-16, it-11)
cop(part-16, is-12)
neg(part-16, n't-13)
det(part-16, a-14)
amod(part-16, convincing-15)
advcl(acts-19, part-16)
punct(acts-19, ,-17)
nsubj(acts-19, he-18)
conj(plays-4, acts-19)
advmod(acts-19, phenomenally-20)
punct(plays-4, .-21)

Sentence #5 (17 tokens):
While the conspiracy is too contrived, the film has real atmosphere and is very interesting.
[Text=While CharacterOffsetBegin=697 CharacterOffsetEnd=702 PartOfSpeech=IN] [Text=the CharacterOffsetBegin=703 CharacterOffsetEnd=706 PartOfSpeech=DT] [Text=conspiracy CharacterOffsetBegin=707 CharacterOffsetEnd=717 PartOfSpeech=NN] [Text=is CharacterOffsetBegin=718 CharacterOffsetEnd=720 PartOfSpeech=VBZ] [Text=too CharacterOffsetBegin=721 CharacterOffsetEnd=724 PartOfSpeech=RB] [Text=contrived CharacterOffsetBegin=725 CharacterOffsetEnd=734 PartOfSpeech=JJ] [Text=, CharacterOffsetBegin=734 CharacterOffsetEnd=735 PartOfSpeech=,] [Text=the CharacterOffsetBegin=736 CharacterOffsetEnd=739 PartOfSpeech=DT] [Text=film CharacterOffsetBegin=740 CharacterOffsetEnd=744 PartOfSpeech=NN] [Text=has CharacterOffsetBegin=745 CharacterOffsetEnd=748 PartOfSpeech=VBZ] [Text=real CharacterOffsetBegin=749 CharacterOffsetEnd=753 PartOfSpeech=JJ] [Text=atmosphere CharacterOffsetBegin=754 CharacterOffsetEnd=764 PartOfSpeech=NN] [Text=and CharacterOffsetBegin=765 CharacterOffsetEnd=768 PartOfSpeech=CC] [Text=is CharacterOffsetBegin=769 CharacterOffsetEnd=771 PartOfSpeech=VBZ] [Text=very CharacterOffsetBegin=772 CharacterOffsetEnd=776 PartOfSpeech=RB] [Text=interesting CharacterOffsetBegin=777 CharacterOffsetEnd=788 PartOfSpeech=JJ] [Text=. CharacterOffsetBegin=788 CharacterOffsetEnd=789 PartOfSpeech=.] 
root(ROOT-0, has-10)
mark(contrived-6, While-1)
det(conspiracy-3, the-2)
nsubj(contrived-6, conspiracy-3)
cop(contrived-6, is-4)
advmod(contrived-6, too-5)
advcl(has-10, contrived-6)
punct(has-10, ,-7)
det(film-9, the-8)
nsubj(has-10, film-9)
amod(atmosphere-12, real-11)
dobj(has-10, atmosphere-12)
cc(has-10, and-13)
cop(interesting-16, is-14)
advmod(interesting-16, very-15)
conj(has-10, interesting-16)
punct(has-10, .-17)

