Sentence #1 (13 tokens):
I was not expecting the powerful filmmaking experience of "Girlfight".
[Text=I CharacterOffsetBegin=4 CharacterOffsetEnd=5 PartOfSpeech=PRP] [Text=was CharacterOffsetBegin=6 CharacterOffsetEnd=9 PartOfSpeech=VBD] [Text=not CharacterOffsetBegin=10 CharacterOffsetEnd=13 PartOfSpeech=RB] [Text=expecting CharacterOffsetBegin=14 CharacterOffsetEnd=23 PartOfSpeech=VBG] [Text=the CharacterOffsetBegin=24 CharacterOffsetEnd=27 PartOfSpeech=DT] [Text=powerful CharacterOffsetBegin=28 CharacterOffsetEnd=36 PartOfSpeech=JJ] [Text=filmmaking CharacterOffsetBegin=37 CharacterOffsetEnd=47 PartOfSpeech=NN] [Text=experience CharacterOffsetBegin=48 CharacterOffsetEnd=58 PartOfSpeech=NN] [Text=of CharacterOffsetBegin=59 CharacterOffsetEnd=61 PartOfSpeech=IN] [Text=`` CharacterOffsetBegin=62 CharacterOffsetEnd=63 PartOfSpeech=``] [Text=Girlfight CharacterOffsetBegin=63 CharacterOffsetEnd=72 PartOfSpeech=NNP] [Text='' CharacterOffsetBegin=72 CharacterOffsetEnd=73 PartOfSpeech=''] [Text=. CharacterOffsetBegin=73 CharacterOffsetEnd=74 PartOfSpeech=.] 
root(ROOT-0, expecting-4)
nsubj(expecting-4, I-1)
aux(expecting-4, was-2)
neg(expecting-4, not-3)
det(experience-8, the-5)
amod(experience-8, powerful-6)
nn(experience-8, filmmaking-7)
dobj(expecting-4, experience-8)
prep(experience-8, of-9)
punct(of-9, ``-10)
pobj(of-9, Girlfight-11)
punct(of-9, ''-12)
punct(expecting-4, .-13)

Sentence #2 (14 tokens):
It's an Indie; low-budget, no big-name actors, freshman director.
[Text=It CharacterOffsetBegin=79 CharacterOffsetEnd=81 PartOfSpeech=PRP] [Text='s CharacterOffsetBegin=81 CharacterOffsetEnd=83 PartOfSpeech=VBZ] [Text=an CharacterOffsetBegin=84 CharacterOffsetEnd=86 PartOfSpeech=DT] [Text=Indie CharacterOffsetBegin=87 CharacterOffsetEnd=92 PartOfSpeech=NNP] [Text=; CharacterOffsetBegin=92 CharacterOffsetEnd=93 PartOfSpeech=:] [Text=low-budget CharacterOffsetBegin=94 CharacterOffsetEnd=104 PartOfSpeech=JJ] [Text=, CharacterOffsetBegin=104 CharacterOffsetEnd=105 PartOfSpeech=,] [Text=no CharacterOffsetBegin=106 CharacterOffsetEnd=108 PartOfSpeech=DT] [Text=big-name CharacterOffsetBegin=109 CharacterOffsetEnd=117 PartOfSpeech=JJ] [Text=actors CharacterOffsetBegin=118 CharacterOffsetEnd=124 PartOfSpeech=NNS] [Text=, CharacterOffsetBegin=124 CharacterOffsetEnd=125 PartOfSpeech=,] [Text=freshman CharacterOffsetBegin=126 CharacterOffsetEnd=134 PartOfSpeech=NN] [Text=director CharacterOffsetBegin=135 CharacterOffsetEnd=143 PartOfSpeech=NN] [Text=. CharacterOffsetBegin=143 CharacterOffsetEnd=144 PartOfSpeech=.] 
root(ROOT-0, Indie-4)
nsubj(Indie-4, It-1)
cop(Indie-4, 's-2)
det(Indie-4, an-3)
punct(Indie-4, ;-5)
conj(Indie-4, low-budget-6)
punct(low-budget-6, ,-7)
det(actors-10, no-8)
amod(actors-10, big-name-9)
appos(low-budget-6, actors-10)
punct(actors-10, ,-11)
nn(director-13, freshman-12)
appos(actors-10, director-13)
punct(Indie-4, .-14)

Sentence #3 (36 tokens):
I had heard it was good, but not this good.Placed in a contemporary, ethnic, working-class Brooklyn, Karyn Kusama has done an extraordinary job of capturing the day-do-day struggles of urban Latinos.
[Text=I CharacterOffsetBegin=149 CharacterOffsetEnd=150 PartOfSpeech=PRP] [Text=had CharacterOffsetBegin=151 CharacterOffsetEnd=154 PartOfSpeech=VBD] [Text=heard CharacterOffsetBegin=155 CharacterOffsetEnd=160 PartOfSpeech=VBN] [Text=it CharacterOffsetBegin=161 CharacterOffsetEnd=163 PartOfSpeech=PRP] [Text=was CharacterOffsetBegin=164 CharacterOffsetEnd=167 PartOfSpeech=VBD] [Text=good CharacterOffsetBegin=168 CharacterOffsetEnd=172 PartOfSpeech=JJ] [Text=, CharacterOffsetBegin=172 CharacterOffsetEnd=173 PartOfSpeech=,] [Text=but CharacterOffsetBegin=174 CharacterOffsetEnd=177 PartOfSpeech=CC] [Text=not CharacterOffsetBegin=178 CharacterOffsetEnd=181 PartOfSpeech=RB] [Text=this CharacterOffsetBegin=182 CharacterOffsetEnd=186 PartOfSpeech=DT] [Text=good.Placed CharacterOffsetBegin=187 CharacterOffsetEnd=198 PartOfSpeech=NN] [Text=in CharacterOffsetBegin=199 CharacterOffsetEnd=201 PartOfSpeech=IN] [Text=a CharacterOffsetBegin=202 CharacterOffsetEnd=203 PartOfSpeech=DT] [Text=contemporary CharacterOffsetBegin=204 CharacterOffsetEnd=216 PartOfSpeech=JJ] [Text=, CharacterOffsetBegin=216 CharacterOffsetEnd=217 PartOfSpeech=,] [Text=ethnic CharacterOffsetBegin=218 CharacterOffsetEnd=224 PartOfSpeech=JJ] [Text=, CharacterOffsetBegin=224 CharacterOffsetEnd=225 PartOfSpeech=,] [Text=working-class CharacterOffsetBegin=226 CharacterOffsetEnd=239 PartOfSpeech=JJ] [Text=Brooklyn CharacterOffsetBegin=240 CharacterOffsetEnd=248 PartOfSpeech=NNP] [Text=, CharacterOffsetBegin=248 CharacterOffsetEnd=249 PartOfSpeech=,] [Text=Karyn CharacterOffsetBegin=250 CharacterOffsetEnd=255 PartOfSpeech=NNP] [Text=Kusama CharacterOffsetBegin=256 CharacterOffsetEnd=262 PartOfSpeech=NNP] [Text=has CharacterOffsetBegin=263 CharacterOffsetEnd=266 PartOfSpeech=VBZ] [Text=done CharacterOffsetBegin=267 CharacterOffsetEnd=271 PartOfSpeech=VBN] [Text=an CharacterOffsetBegin=272 CharacterOffsetEnd=274 PartOfSpeech=DT] [Text=extraordinary CharacterOffsetBegin=275 CharacterOffsetEnd=288 PartOfSpeech=JJ] [Text=job CharacterOffsetBegin=289 CharacterOffsetEnd=292 PartOfSpeech=NN] [Text=of CharacterOffsetBegin=293 CharacterOffsetEnd=295 PartOfSpeech=IN] [Text=capturing CharacterOffsetBegin=296 CharacterOffsetEnd=305 PartOfSpeech=VBG] [Text=the CharacterOffsetBegin=306 CharacterOffsetEnd=309 PartOfSpeech=DT] [Text=day-do-day CharacterOffsetBegin=310 CharacterOffsetEnd=320 PartOfSpeech=JJ] [Text=struggles CharacterOffsetBegin=321 CharacterOffsetEnd=330 PartOfSpeech=NNS] [Text=of CharacterOffsetBegin=331 CharacterOffsetEnd=333 PartOfSpeech=IN] [Text=urban CharacterOffsetBegin=334 CharacterOffsetEnd=339 PartOfSpeech=JJ] [Text=Latinos CharacterOffsetBegin=340 CharacterOffsetEnd=347 PartOfSpeech=NNPS] [Text=. CharacterOffsetBegin=347 CharacterOffsetEnd=348 PartOfSpeech=.] 
root(ROOT-0, heard-3)
nsubj(heard-3, I-1)
aux(heard-3, had-2)
nsubj(good-6, it-4)
cop(good-6, was-5)
ccomp(heard-3, good-6)
punct(heard-3, ,-7)
cc(heard-3, but-8)
neg(good.Placed-11, not-9)
det(good.Placed-11, this-10)
conj(heard-3, good.Placed-11)
prep(good.Placed-11, in-12)
det(Brooklyn-19, a-13)
amod(Brooklyn-19, contemporary-14)
punct(Brooklyn-19, ,-15)
amod(Brooklyn-19, ethnic-16)
punct(Brooklyn-19, ,-17)
amod(Brooklyn-19, working-class-18)
pobj(in-12, Brooklyn-19)
punct(heard-3, ,-20)
nn(Kusama-22, Karyn-21)
nsubj(done-24, Kusama-22)
aux(done-24, has-23)
ccomp(heard-3, done-24)
det(job-27, an-25)
amod(job-27, extraordinary-26)
dobj(done-24, job-27)
prep(job-27, of-28)
pcomp(of-28, capturing-29)
det(struggles-32, the-30)
amod(struggles-32, day-do-day-31)
dobj(capturing-29, struggles-32)
prep(struggles-32, of-33)
amod(Latinos-35, urban-34)
pobj(of-33, Latinos-35)
punct(heard-3, .-36)

Sentence #4 (28 tokens):
Diana, the protagonist, is seething with anger and lashes out at her high school peers, getting in trouble with the school and her friends.
[Text=Diana CharacterOffsetBegin=353 CharacterOffsetEnd=358 PartOfSpeech=NNP] [Text=, CharacterOffsetBegin=358 CharacterOffsetEnd=359 PartOfSpeech=,] [Text=the CharacterOffsetBegin=360 CharacterOffsetEnd=363 PartOfSpeech=DT] [Text=protagonist CharacterOffsetBegin=364 CharacterOffsetEnd=375 PartOfSpeech=NN] [Text=, CharacterOffsetBegin=375 CharacterOffsetEnd=376 PartOfSpeech=,] [Text=is CharacterOffsetBegin=377 CharacterOffsetEnd=379 PartOfSpeech=VBZ] [Text=seething CharacterOffsetBegin=380 CharacterOffsetEnd=388 PartOfSpeech=VBG] [Text=with CharacterOffsetBegin=389 CharacterOffsetEnd=393 PartOfSpeech=IN] [Text=anger CharacterOffsetBegin=394 CharacterOffsetEnd=399 PartOfSpeech=NN] [Text=and CharacterOffsetBegin=400 CharacterOffsetEnd=403 PartOfSpeech=CC] [Text=lashes CharacterOffsetBegin=404 CharacterOffsetEnd=410 PartOfSpeech=VBZ] [Text=out CharacterOffsetBegin=411 CharacterOffsetEnd=414 PartOfSpeech=RP] [Text=at CharacterOffsetBegin=415 CharacterOffsetEnd=417 PartOfSpeech=IN] [Text=her CharacterOffsetBegin=418 CharacterOffsetEnd=421 PartOfSpeech=PRP$] [Text=high CharacterOffsetBegin=422 CharacterOffsetEnd=426 PartOfSpeech=JJ] [Text=school CharacterOffsetBegin=427 CharacterOffsetEnd=433 PartOfSpeech=NN] [Text=peers CharacterOffsetBegin=434 CharacterOffsetEnd=439 PartOfSpeech=NNS] [Text=, CharacterOffsetBegin=439 CharacterOffsetEnd=440 PartOfSpeech=,] [Text=getting CharacterOffsetBegin=441 CharacterOffsetEnd=448 PartOfSpeech=VBG] [Text=in CharacterOffsetBegin=449 CharacterOffsetEnd=451 PartOfSpeech=IN] [Text=trouble CharacterOffsetBegin=452 CharacterOffsetEnd=459 PartOfSpeech=NN] [Text=with CharacterOffsetBegin=460 CharacterOffsetEnd=464 PartOfSpeech=IN] [Text=the CharacterOffsetBegin=465 CharacterOffsetEnd=468 PartOfSpeech=DT] [Text=school CharacterOffsetBegin=469 CharacterOffsetEnd=475 PartOfSpeech=NN] [Text=and CharacterOffsetBegin=476 CharacterOffsetEnd=479 PartOfSpeech=CC] [Text=her CharacterOffsetBegin=480 CharacterOffsetEnd=483 PartOfSpeech=PRP$] [Text=friends CharacterOffsetBegin=484 CharacterOffsetEnd=491 PartOfSpeech=NNS] [Text=. CharacterOffsetBegin=491 CharacterOffsetEnd=492 PartOfSpeech=.] 
root(ROOT-0, seething-7)
nsubj(seething-7, Diana-1)
punct(Diana-1, ,-2)
det(protagonist-4, the-3)
appos(Diana-1, protagonist-4)
punct(Diana-1, ,-5)
aux(seething-7, is-6)
prep(seething-7, with-8)
pobj(with-8, anger-9)
cc(seething-7, and-10)
conj(seething-7, lashes-11)
prt(lashes-11, out-12)
prep(lashes-11, at-13)
poss(peers-17, her-14)
amod(peers-17, high-15)
nn(peers-17, school-16)
pobj(at-13, peers-17)
punct(seething-7, ,-18)
partmod(seething-7, getting-19)
prep(getting-19, in-20)
pobj(in-20, trouble-21)
prep(trouble-21, with-22)
det(school-24, the-23)
pobj(with-22, school-24)
cc(school-24, and-25)
poss(friends-27, her-26)
conj(school-24, friends-27)
punct(seething-7, .-28)

Sentence #5 (30 tokens):
She is being raised by her single father, who appears to love her and her brother, but applies a strict, sex-based double standard on his children.
[Text=She CharacterOffsetBegin=497 CharacterOffsetEnd=500 PartOfSpeech=PRP] [Text=is CharacterOffsetBegin=501 CharacterOffsetEnd=503 PartOfSpeech=VBZ] [Text=being CharacterOffsetBegin=504 CharacterOffsetEnd=509 PartOfSpeech=VBG] [Text=raised CharacterOffsetBegin=510 CharacterOffsetEnd=516 PartOfSpeech=VBN] [Text=by CharacterOffsetBegin=517 CharacterOffsetEnd=519 PartOfSpeech=IN] [Text=her CharacterOffsetBegin=520 CharacterOffsetEnd=523 PartOfSpeech=PRP$] [Text=single CharacterOffsetBegin=524 CharacterOffsetEnd=530 PartOfSpeech=JJ] [Text=father CharacterOffsetBegin=531 CharacterOffsetEnd=537 PartOfSpeech=NN] [Text=, CharacterOffsetBegin=537 CharacterOffsetEnd=538 PartOfSpeech=,] [Text=who CharacterOffsetBegin=539 CharacterOffsetEnd=542 PartOfSpeech=WP] [Text=appears CharacterOffsetBegin=543 CharacterOffsetEnd=550 PartOfSpeech=VBZ] [Text=to CharacterOffsetBegin=551 CharacterOffsetEnd=553 PartOfSpeech=TO] [Text=love CharacterOffsetBegin=554 CharacterOffsetEnd=558 PartOfSpeech=VB] [Text=her CharacterOffsetBegin=559 CharacterOffsetEnd=562 PartOfSpeech=PRP] [Text=and CharacterOffsetBegin=563 CharacterOffsetEnd=566 PartOfSpeech=CC] [Text=her CharacterOffsetBegin=567 CharacterOffsetEnd=570 PartOfSpeech=PRP$] [Text=brother CharacterOffsetBegin=571 CharacterOffsetEnd=578 PartOfSpeech=NN] [Text=, CharacterOffsetBegin=578 CharacterOffsetEnd=579 PartOfSpeech=,] [Text=but CharacterOffsetBegin=580 CharacterOffsetEnd=583 PartOfSpeech=CC] [Text=applies CharacterOffsetBegin=584 CharacterOffsetEnd=591 PartOfSpeech=VBZ] [Text=a CharacterOffsetBegin=592 CharacterOffsetEnd=593 PartOfSpeech=DT] [Text=strict CharacterOffsetBegin=594 CharacterOffsetEnd=600 PartOfSpeech=JJ] [Text=, CharacterOffsetBegin=600 CharacterOffsetEnd=601 PartOfSpeech=,] [Text=sex-based CharacterOffsetBegin=602 CharacterOffsetEnd=611 PartOfSpeech=JJ] [Text=double CharacterOffsetBegin=612 CharacterOffsetEnd=618 PartOfSpeech=JJ] [Text=standard CharacterOffsetBegin=619 CharacterOffsetEnd=627 PartOfSpeech=NN] [Text=on CharacterOffsetBegin=628 CharacterOffsetEnd=630 PartOfSpeech=IN] [Text=his CharacterOffsetBegin=631 CharacterOffsetEnd=634 PartOfSpeech=PRP$] [Text=children CharacterOffsetBegin=635 CharacterOffsetEnd=643 PartOfSpeech=NNS] [Text=. CharacterOffsetBegin=643 CharacterOffsetEnd=644 PartOfSpeech=.] 
root(ROOT-0, raised-4)
nsubjpass(raised-4, She-1)
aux(raised-4, is-2)
auxpass(raised-4, being-3)
prep(raised-4, by-5)
poss(father-8, her-6)
amod(father-8, single-7)
pobj(by-5, father-8)
punct(father-8, ,-9)
nsubj(appears-11, who-10)
rcmod(father-8, appears-11)
aux(love-13, to-12)
xcomp(appears-11, love-13)
dobj(love-13, her-14)
cc(her-14, and-15)
poss(brother-17, her-16)
conj(her-14, brother-17)
punct(raised-4, ,-18)
cc(raised-4, but-19)
conj(raised-4, applies-20)
det(standard-26, a-21)
amod(standard-26, strict-22)
punct(standard-26, ,-23)
amod(standard-26, sex-based-24)
amod(standard-26, double-25)
dobj(applies-20, standard-26)
prep(standard-26, on-27)
poss(children-29, his-28)
pobj(on-27, children-29)
punct(raised-4, .-30)

Sentence #6 (32 tokens):
The father's double standard is illustrated by the fact that Tiny, the brother, is taking boxing lessons at the local gym, but Diana is denied similar pursuits.
[Text=The CharacterOffsetBegin=649 CharacterOffsetEnd=652 PartOfSpeech=DT] [Text=father CharacterOffsetBegin=653 CharacterOffsetEnd=659 PartOfSpeech=NN] [Text='s CharacterOffsetBegin=659 CharacterOffsetEnd=661 PartOfSpeech=POS] [Text=double CharacterOffsetBegin=662 CharacterOffsetEnd=668 PartOfSpeech=JJ] [Text=standard CharacterOffsetBegin=669 CharacterOffsetEnd=677 PartOfSpeech=NN] [Text=is CharacterOffsetBegin=678 CharacterOffsetEnd=680 PartOfSpeech=VBZ] [Text=illustrated CharacterOffsetBegin=681 CharacterOffsetEnd=692 PartOfSpeech=VBN] [Text=by CharacterOffsetBegin=693 CharacterOffsetEnd=695 PartOfSpeech=IN] [Text=the CharacterOffsetBegin=696 CharacterOffsetEnd=699 PartOfSpeech=DT] [Text=fact CharacterOffsetBegin=700 CharacterOffsetEnd=704 PartOfSpeech=NN] [Text=that CharacterOffsetBegin=705 CharacterOffsetEnd=709 PartOfSpeech=IN] [Text=Tiny CharacterOffsetBegin=710 CharacterOffsetEnd=714 PartOfSpeech=NNP] [Text=, CharacterOffsetBegin=714 CharacterOffsetEnd=715 PartOfSpeech=,] [Text=the CharacterOffsetBegin=716 CharacterOffsetEnd=719 PartOfSpeech=DT] [Text=brother CharacterOffsetBegin=720 CharacterOffsetEnd=727 PartOfSpeech=NN] [Text=, CharacterOffsetBegin=727 CharacterOffsetEnd=728 PartOfSpeech=,] [Text=is CharacterOffsetBegin=729 CharacterOffsetEnd=731 PartOfSpeech=VBZ] [Text=taking CharacterOffsetBegin=732 CharacterOffsetEnd=738 PartOfSpeech=VBG] [Text=boxing CharacterOffsetBegin=739 CharacterOffsetEnd=745 PartOfSpeech=NN] [Text=lessons CharacterOffsetBegin=746 CharacterOffsetEnd=753 PartOfSpeech=NNS] [Text=at CharacterOffsetBegin=754 CharacterOffsetEnd=756 PartOfSpeech=IN] [Text=the CharacterOffsetBegin=757 CharacterOffsetEnd=760 PartOfSpeech=DT] [Text=local CharacterOffsetBegin=761 CharacterOffsetEnd=766 PartOfSpeech=JJ] [Text=gym CharacterOffsetBegin=767 CharacterOffsetEnd=770 PartOfSpeech=NN] [Text=, CharacterOffsetBegin=770 CharacterOffsetEnd=771 PartOfSpeech=,] [Text=but CharacterOffsetBegin=772 CharacterOffsetEnd=775 PartOfSpeech=CC] [Text=Diana CharacterOffsetBegin=776 CharacterOffsetEnd=781 PartOfSpeech=NNP] [Text=is CharacterOffsetBegin=782 CharacterOffsetEnd=784 PartOfSpeech=VBZ] [Text=denied CharacterOffsetBegin=785 CharacterOffsetEnd=791 PartOfSpeech=VBN] [Text=similar CharacterOffsetBegin=792 CharacterOffsetEnd=799 PartOfSpeech=JJ] [Text=pursuits CharacterOffsetBegin=800 CharacterOffsetEnd=808 PartOfSpeech=NNS] [Text=. CharacterOffsetBegin=808 CharacterOffsetEnd=809 PartOfSpeech=.] 
root(ROOT-0, illustrated-7)
det(father-2, The-1)
poss(standard-5, father-2)
possessive(father-2, 's-3)
amod(standard-5, double-4)
nsubjpass(illustrated-7, standard-5)
auxpass(illustrated-7, is-6)
prep(illustrated-7, by-8)
det(fact-10, the-9)
pobj(by-8, fact-10)
mark(taking-18, that-11)
nsubj(taking-18, Tiny-12)
punct(Tiny-12, ,-13)
det(brother-15, the-14)
appos(Tiny-12, brother-15)
punct(Tiny-12, ,-16)
aux(taking-18, is-17)
ccomp(fact-10, taking-18)
nn(lessons-20, boxing-19)
dobj(taking-18, lessons-20)
prep(taking-18, at-21)
det(gym-24, the-22)
amod(gym-24, local-23)
pobj(at-21, gym-24)
punct(illustrated-7, ,-25)
cc(illustrated-7, but-26)
nsubjpass(denied-29, Diana-27)
auxpass(denied-29, is-28)
conj(illustrated-7, denied-29)
amod(pursuits-31, similar-30)
dobj(denied-29, pursuits-31)
punct(illustrated-7, .-32)

Sentence #7 (16 tokens):
On an errand to the gym to meet Tiny, Diana is captivated by boxing.
[Text=On CharacterOffsetBegin=814 CharacterOffsetEnd=816 PartOfSpeech=IN] [Text=an CharacterOffsetBegin=817 CharacterOffsetEnd=819 PartOfSpeech=DT] [Text=errand CharacterOffsetBegin=820 CharacterOffsetEnd=826 PartOfSpeech=NN] [Text=to CharacterOffsetBegin=827 CharacterOffsetEnd=829 PartOfSpeech=TO] [Text=the CharacterOffsetBegin=830 CharacterOffsetEnd=833 PartOfSpeech=DT] [Text=gym CharacterOffsetBegin=834 CharacterOffsetEnd=837 PartOfSpeech=NN] [Text=to CharacterOffsetBegin=838 CharacterOffsetEnd=840 PartOfSpeech=TO] [Text=meet CharacterOffsetBegin=841 CharacterOffsetEnd=845 PartOfSpeech=VB] [Text=Tiny CharacterOffsetBegin=846 CharacterOffsetEnd=850 PartOfSpeech=NNP] [Text=, CharacterOffsetBegin=850 CharacterOffsetEnd=851 PartOfSpeech=,] [Text=Diana CharacterOffsetBegin=852 CharacterOffsetEnd=857 PartOfSpeech=NNP] [Text=is CharacterOffsetBegin=858 CharacterOffsetEnd=860 PartOfSpeech=VBZ] [Text=captivated CharacterOffsetBegin=861 CharacterOffsetEnd=871 PartOfSpeech=VBN] [Text=by CharacterOffsetBegin=872 CharacterOffsetEnd=874 PartOfSpeech=IN] [Text=boxing CharacterOffsetBegin=875 CharacterOffsetEnd=881 PartOfSpeech=NN] [Text=. CharacterOffsetBegin=881 CharacterOffsetEnd=882 PartOfSpeech=.] 
root(ROOT-0, meet-8)
prep(meet-8, On-1)
det(errand-3, an-2)
pobj(On-1, errand-3)
prep(errand-3, to-4)
det(gym-6, the-5)
pobj(to-4, gym-6)
aux(meet-8, to-7)
nsubjpass(captivated-13, Tiny-9)
punct(Tiny-9, ,-10)
appos(Tiny-9, Diana-11)
auxpass(captivated-13, is-12)
ccomp(meet-8, captivated-13)
prep(captivated-13, by-14)
pobj(by-14, boxing-15)
punct(meet-8, .-16)

Sentence #8 (59 tokens):
Tiny doesn't like boxing, so he and Diana trade places; he gets the money from Dad then gives it to Diana to take the lessons in his place.This is actually a feel-good movie, as Diana grows and learns about herself through boxing, meets a guy, and addresses some very serious issues head-on.
[Text=Tiny CharacterOffsetBegin=887 CharacterOffsetEnd=891 PartOfSpeech=NNP] [Text=does CharacterOffsetBegin=892 CharacterOffsetEnd=896 PartOfSpeech=VBZ] [Text=n't CharacterOffsetBegin=896 CharacterOffsetEnd=899 PartOfSpeech=RB] [Text=like CharacterOffsetBegin=900 CharacterOffsetEnd=904 PartOfSpeech=VB] [Text=boxing CharacterOffsetBegin=905 CharacterOffsetEnd=911 PartOfSpeech=NN] [Text=, CharacterOffsetBegin=911 CharacterOffsetEnd=912 PartOfSpeech=,] [Text=so CharacterOffsetBegin=913 CharacterOffsetEnd=915 PartOfSpeech=RB] [Text=he CharacterOffsetBegin=916 CharacterOffsetEnd=918 PartOfSpeech=PRP] [Text=and CharacterOffsetBegin=919 CharacterOffsetEnd=922 PartOfSpeech=CC] [Text=Diana CharacterOffsetBegin=923 CharacterOffsetEnd=928 PartOfSpeech=NNP] [Text=trade CharacterOffsetBegin=929 CharacterOffsetEnd=934 PartOfSpeech=NN] [Text=places CharacterOffsetBegin=935 CharacterOffsetEnd=941 PartOfSpeech=NNS] [Text=; CharacterOffsetBegin=941 CharacterOffsetEnd=942 PartOfSpeech=:] [Text=he CharacterOffsetBegin=943 CharacterOffsetEnd=945 PartOfSpeech=PRP] [Text=gets CharacterOffsetBegin=946 CharacterOffsetEnd=950 PartOfSpeech=VBZ] [Text=the CharacterOffsetBegin=951 CharacterOffsetEnd=954 PartOfSpeech=DT] [Text=money CharacterOffsetBegin=955 CharacterOffsetEnd=960 PartOfSpeech=NN] [Text=from CharacterOffsetBegin=961 CharacterOffsetEnd=965 PartOfSpeech=IN] [Text=Dad CharacterOffsetBegin=966 CharacterOffsetEnd=969 PartOfSpeech=NNP] [Text=then CharacterOffsetBegin=970 CharacterOffsetEnd=974 PartOfSpeech=RB] [Text=gives CharacterOffsetBegin=975 CharacterOffsetEnd=980 PartOfSpeech=VBZ] [Text=it CharacterOffsetBegin=981 CharacterOffsetEnd=983 PartOfSpeech=PRP] [Text=to CharacterOffsetBegin=984 CharacterOffsetEnd=986 PartOfSpeech=TO] [Text=Diana CharacterOffsetBegin=987 CharacterOffsetEnd=992 PartOfSpeech=NNP] [Text=to CharacterOffsetBegin=993 CharacterOffsetEnd=995 PartOfSpeech=TO] [Text=take CharacterOffsetBegin=996 CharacterOffsetEnd=1000 PartOfSpeech=VB] [Text=the CharacterOffsetBegin=1001 CharacterOffsetEnd=1004 PartOfSpeech=DT] [Text=lessons CharacterOffsetBegin=1005 CharacterOffsetEnd=1012 PartOfSpeech=NNS] [Text=in CharacterOffsetBegin=1013 CharacterOffsetEnd=1015 PartOfSpeech=IN] [Text=his CharacterOffsetBegin=1016 CharacterOffsetEnd=1019 PartOfSpeech=PRP$] [Text=place.This CharacterOffsetBegin=1020 CharacterOffsetEnd=1030 PartOfSpeech=NN] [Text=is CharacterOffsetBegin=1031 CharacterOffsetEnd=1033 PartOfSpeech=VBZ] [Text=actually CharacterOffsetBegin=1034 CharacterOffsetEnd=1042 PartOfSpeech=RB] [Text=a CharacterOffsetBegin=1043 CharacterOffsetEnd=1044 PartOfSpeech=DT] [Text=feel-good CharacterOffsetBegin=1045 CharacterOffsetEnd=1054 PartOfSpeech=JJ] [Text=movie CharacterOffsetBegin=1055 CharacterOffsetEnd=1060 PartOfSpeech=NN] [Text=, CharacterOffsetBegin=1060 CharacterOffsetEnd=1061 PartOfSpeech=,] [Text=as CharacterOffsetBegin=1062 CharacterOffsetEnd=1064 PartOfSpeech=IN] [Text=Diana CharacterOffsetBegin=1065 CharacterOffsetEnd=1070 PartOfSpeech=NNP] [Text=grows CharacterOffsetBegin=1071 CharacterOffsetEnd=1076 PartOfSpeech=VBZ] [Text=and CharacterOffsetBegin=1077 CharacterOffsetEnd=1080 PartOfSpeech=CC] [Text=learns CharacterOffsetBegin=1081 CharacterOffsetEnd=1087 PartOfSpeech=VBZ] [Text=about CharacterOffsetBegin=1088 CharacterOffsetEnd=1093 PartOfSpeech=IN] [Text=herself CharacterOffsetBegin=1094 CharacterOffsetEnd=1101 PartOfSpeech=PRP] [Text=through CharacterOffsetBegin=1102 CharacterOffsetEnd=1109 PartOfSpeech=IN] [Text=boxing CharacterOffsetBegin=1110 CharacterOffsetEnd=1116 PartOfSpeech=NN] [Text=, CharacterOffsetBegin=1116 CharacterOffsetEnd=1117 PartOfSpeech=,] [Text=meets CharacterOffsetBegin=1118 CharacterOffsetEnd=1123 PartOfSpeech=VBZ] [Text=a CharacterOffsetBegin=1124 CharacterOffsetEnd=1125 PartOfSpeech=DT] [Text=guy CharacterOffsetBegin=1126 CharacterOffsetEnd=1129 PartOfSpeech=NN] [Text=, CharacterOffsetBegin=1129 CharacterOffsetEnd=1130 PartOfSpeech=,] [Text=and CharacterOffsetBegin=1131 CharacterOffsetEnd=1134 PartOfSpeech=CC] [Text=addresses CharacterOffsetBegin=1135 CharacterOffsetEnd=1144 PartOfSpeech=VBZ] [Text=some CharacterOffsetBegin=1145 CharacterOffsetEnd=1149 PartOfSpeech=DT] [Text=very CharacterOffsetBegin=1150 CharacterOffsetEnd=1154 PartOfSpeech=RB] [Text=serious CharacterOffsetBegin=1155 CharacterOffsetEnd=1162 PartOfSpeech=JJ] [Text=issues CharacterOffsetBegin=1163 CharacterOffsetEnd=1169 PartOfSpeech=NNS] [Text=head-on CharacterOffsetBegin=1170 CharacterOffsetEnd=1177 PartOfSpeech=JJ] [Text=. CharacterOffsetBegin=1177 CharacterOffsetEnd=1178 PartOfSpeech=.] 
root(ROOT-0, like-4)
nsubj(like-4, Tiny-1)
aux(like-4, does-2)
neg(like-4, n't-3)
dobj(like-4, boxing-5)
punct(like-4, ,-6)
advmod(like-4, so-7)
dep(so-7, he-8)
cc(he-8, and-9)
nn(places-12, Diana-10)
nn(places-12, trade-11)
conj(he-8, places-12)
punct(like-4, ;-13)
nsubj(gets-15, he-14)
parataxis(like-4, gets-15)
det(money-17, the-16)
dobj(gets-15, money-17)
prep(gets-15, from-18)
pobj(from-18, Dad-19)
advmod(gets-15, then-20)
csubj(movie-36, gives-21)
dobj(gives-21, it-22)
prep(gives-21, to-23)
pobj(to-23, Diana-24)
aux(take-26, to-25)
xcomp(gives-21, take-26)
det(lessons-28, the-27)
dobj(take-26, lessons-28)
prep(take-26, in-29)
poss(place.This-31, his-30)
pobj(in-29, place.This-31)
cop(movie-36, is-32)
advmod(movie-36, actually-33)
det(movie-36, a-34)
amod(movie-36, feel-good-35)
dep(gets-15, movie-36)
punct(movie-36, ,-37)
mark(grows-40, as-38)
nsubj(grows-40, Diana-39)
dep(movie-36, grows-40)
cc(grows-40, and-41)
conj(grows-40, learns-42)
prep(learns-42, about-43)
pobj(about-43, herself-44)
prep(learns-42, through-45)
pobj(through-45, boxing-46)
punct(movie-36, ,-47)
conj(movie-36, meets-48)
det(guy-50, a-49)
dobj(meets-48, guy-50)
punct(movie-36, ,-51)
cc(movie-36, and-52)
conj(movie-36, addresses-53)
det(issues-57, some-54)
advmod(serious-56, very-55)
amod(issues-57, serious-56)
dobj(addresses-53, issues-57)
amod(issues-57, head-on-58)
punct(like-4, .-59)

Sentence #9 (25 tokens):
There's no giggly, 'everything that can go right does go right' resolution a la "Bend It Like Beckham".
[Text=There CharacterOffsetBegin=1183 CharacterOffsetEnd=1188 PartOfSpeech=EX] [Text='s CharacterOffsetBegin=1188 CharacterOffsetEnd=1190 PartOfSpeech=VBZ] [Text=no CharacterOffsetBegin=1191 CharacterOffsetEnd=1193 PartOfSpeech=DT] [Text=giggly CharacterOffsetBegin=1194 CharacterOffsetEnd=1200 PartOfSpeech=JJ] [Text=, CharacterOffsetBegin=1200 CharacterOffsetEnd=1201 PartOfSpeech=,] [Text=` CharacterOffsetBegin=1202 CharacterOffsetEnd=1203 PartOfSpeech=``] [Text=everything CharacterOffsetBegin=1203 CharacterOffsetEnd=1213 PartOfSpeech=NN] [Text=that CharacterOffsetBegin=1214 CharacterOffsetEnd=1218 PartOfSpeech=WDT] [Text=can CharacterOffsetBegin=1219 CharacterOffsetEnd=1222 PartOfSpeech=MD] [Text=go CharacterOffsetBegin=1223 CharacterOffsetEnd=1225 PartOfSpeech=VB] [Text=right CharacterOffsetBegin=1226 CharacterOffsetEnd=1231 PartOfSpeech=RB] [Text=does CharacterOffsetBegin=1232 CharacterOffsetEnd=1236 PartOfSpeech=VBZ] [Text=go CharacterOffsetBegin=1237 CharacterOffsetEnd=1239 PartOfSpeech=VB] [Text=right CharacterOffsetBegin=1240 CharacterOffsetEnd=1245 PartOfSpeech=RB] [Text=' CharacterOffsetBegin=1245 CharacterOffsetEnd=1246 PartOfSpeech=''] [Text=resolution CharacterOffsetBegin=1247 CharacterOffsetEnd=1257 PartOfSpeech=NN] [Text=a CharacterOffsetBegin=1258 CharacterOffsetEnd=1259 PartOfSpeech=DT] [Text=la CharacterOffsetBegin=1260 CharacterOffsetEnd=1262 PartOfSpeech=NNP] [Text=`` CharacterOffsetBegin=1263 CharacterOffsetEnd=1264 PartOfSpeech=``] [Text=Bend CharacterOffsetBegin=1264 CharacterOffsetEnd=1268 PartOfSpeech=NNP] [Text=It CharacterOffsetBegin=1269 CharacterOffsetEnd=1271 PartOfSpeech=PRP] [Text=Like CharacterOffsetBegin=1272 CharacterOffsetEnd=1276 PartOfSpeech=IN] [Text=Beckham CharacterOffsetBegin=1277 CharacterOffsetEnd=1284 PartOfSpeech=NNP] [Text='' CharacterOffsetBegin=1284 CharacterOffsetEnd=1285 PartOfSpeech=''] [Text=. CharacterOffsetBegin=1285 CharacterOffsetEnd=1286 PartOfSpeech=.] 
root(ROOT-0, 's-2)
expl('s-2, There-1)
det(giggly-4, no-3)
nsubj('s-2, giggly-4)
punct('s-2, ,-5)
punct('s-2, `-6)
nsubj('s-2, everything-7)
nsubj(go-10, that-8)
aux(go-10, can-9)
rcmod(everything-7, go-10)
advmod(go-13, right-11)
aux(go-13, does-12)
ccomp(go-10, go-13)
amod(resolution-16, right-14)
punct(right-14, '-15)
dobj(go-13, resolution-16)
det(Bend-20, a-17)
nn(Bend-20, la-18)
punct(Bend-20, ``-19)
dep(resolution-16, Bend-20)
dep(Bend-20, It-21)
prep(It-21, Like-22)
pobj(Like-22, Beckham-23)
punct(Beckham-23, ''-24)
punct('s-2, .-25)

Sentence #10 (31 tokens):
The reality and attendant personal issues are too big for pat resolutions, but in my opinion, "Girlfight" is a better and more satisfying film for it.
[Text=The CharacterOffsetBegin=1291 CharacterOffsetEnd=1294 PartOfSpeech=DT] [Text=reality CharacterOffsetBegin=1295 CharacterOffsetEnd=1302 PartOfSpeech=NN] [Text=and CharacterOffsetBegin=1303 CharacterOffsetEnd=1306 PartOfSpeech=CC] [Text=attendant CharacterOffsetBegin=1307 CharacterOffsetEnd=1316 PartOfSpeech=JJ] [Text=personal CharacterOffsetBegin=1317 CharacterOffsetEnd=1325 PartOfSpeech=JJ] [Text=issues CharacterOffsetBegin=1326 CharacterOffsetEnd=1332 PartOfSpeech=NNS] [Text=are CharacterOffsetBegin=1333 CharacterOffsetEnd=1336 PartOfSpeech=VBP] [Text=too CharacterOffsetBegin=1337 CharacterOffsetEnd=1340 PartOfSpeech=RB] [Text=big CharacterOffsetBegin=1341 CharacterOffsetEnd=1344 PartOfSpeech=JJ] [Text=for CharacterOffsetBegin=1345 CharacterOffsetEnd=1348 PartOfSpeech=IN] [Text=pat CharacterOffsetBegin=1349 CharacterOffsetEnd=1352 PartOfSpeech=NN] [Text=resolutions CharacterOffsetBegin=1353 CharacterOffsetEnd=1364 PartOfSpeech=NNS] [Text=, CharacterOffsetBegin=1364 CharacterOffsetEnd=1365 PartOfSpeech=,] [Text=but CharacterOffsetBegin=1366 CharacterOffsetEnd=1369 PartOfSpeech=CC] [Text=in CharacterOffsetBegin=1370 CharacterOffsetEnd=1372 PartOfSpeech=IN] [Text=my CharacterOffsetBegin=1373 CharacterOffsetEnd=1375 PartOfSpeech=PRP$] [Text=opinion CharacterOffsetBegin=1376 CharacterOffsetEnd=1383 PartOfSpeech=NN] [Text=, CharacterOffsetBegin=1383 CharacterOffsetEnd=1384 PartOfSpeech=,] [Text=`` CharacterOffsetBegin=1385 CharacterOffsetEnd=1386 PartOfSpeech=``] [Text=Girlfight CharacterOffsetBegin=1386 CharacterOffsetEnd=1395 PartOfSpeech=NNP] [Text='' CharacterOffsetBegin=1395 CharacterOffsetEnd=1396 PartOfSpeech=''] [Text=is CharacterOffsetBegin=1397 CharacterOffsetEnd=1399 PartOfSpeech=VBZ] [Text=a CharacterOffsetBegin=1400 CharacterOffsetEnd=1401 PartOfSpeech=DT] [Text=better CharacterOffsetBegin=1402 CharacterOffsetEnd=1408 PartOfSpeech=JJR] [Text=and CharacterOffsetBegin=1409 CharacterOffsetEnd=1412 PartOfSpeech=CC] [Text=more CharacterOffsetBegin=1413 CharacterOffsetEnd=1417 PartOfSpeech=RBR] [Text=satisfying CharacterOffsetBegin=1418 CharacterOffsetEnd=1428 PartOfSpeech=JJ] [Text=film CharacterOffsetBegin=1429 CharacterOffsetEnd=1433 PartOfSpeech=NN] [Text=for CharacterOffsetBegin=1434 CharacterOffsetEnd=1437 PartOfSpeech=IN] [Text=it CharacterOffsetBegin=1438 CharacterOffsetEnd=1440 PartOfSpeech=PRP] [Text=. CharacterOffsetBegin=1440 CharacterOffsetEnd=1441 PartOfSpeech=.] 
root(ROOT-0, big-9)
det(reality-2, The-1)
nsubj(big-9, reality-2)
cc(reality-2, and-3)
amod(issues-6, attendant-4)
amod(issues-6, personal-5)
conj(reality-2, issues-6)
cop(big-9, are-7)
advmod(big-9, too-8)
prep(big-9, for-10)
nn(resolutions-12, pat-11)
pobj(for-10, resolutions-12)
punct(big-9, ,-13)
cc(big-9, but-14)
prep(film-28, in-15)
poss(opinion-17, my-16)
pobj(in-15, opinion-17)
punct(film-28, ,-18)
punct(film-28, ``-19)
nsubj(film-28, Girlfight-20)
punct(film-28, ''-21)
cop(film-28, is-22)
det(film-28, a-23)
amod(film-28, better-24)
cc(better-24, and-25)
conj(better-24, more-26)
amod(film-28, satisfying-27)
conj(big-9, film-28)
prep(film-28, for-29)
pobj(for-29, it-30)
punct(big-9, .-31)

