Sentence #1 (34 tokens):
What people fail to understand about this movie is that it isn't a beginning, middle, and end, it is just the conclusion of a 26 episode long TV series.
[Text=What CharacterOffsetBegin=4 CharacterOffsetEnd=8 PartOfSpeech=WDT] [Text=people CharacterOffsetBegin=9 CharacterOffsetEnd=15 PartOfSpeech=NNS] [Text=fail CharacterOffsetBegin=16 CharacterOffsetEnd=20 PartOfSpeech=VBP] [Text=to CharacterOffsetBegin=21 CharacterOffsetEnd=23 PartOfSpeech=TO] [Text=understand CharacterOffsetBegin=24 CharacterOffsetEnd=34 PartOfSpeech=VB] [Text=about CharacterOffsetBegin=35 CharacterOffsetEnd=40 PartOfSpeech=IN] [Text=this CharacterOffsetBegin=41 CharacterOffsetEnd=45 PartOfSpeech=DT] [Text=movie CharacterOffsetBegin=46 CharacterOffsetEnd=51 PartOfSpeech=NN] [Text=is CharacterOffsetBegin=52 CharacterOffsetEnd=54 PartOfSpeech=VBZ] [Text=that CharacterOffsetBegin=55 CharacterOffsetEnd=59 PartOfSpeech=IN] [Text=it CharacterOffsetBegin=60 CharacterOffsetEnd=62 PartOfSpeech=PRP] [Text=is CharacterOffsetBegin=63 CharacterOffsetEnd=65 PartOfSpeech=VBZ] [Text=n't CharacterOffsetBegin=65 CharacterOffsetEnd=68 PartOfSpeech=RB] [Text=a CharacterOffsetBegin=69 CharacterOffsetEnd=70 PartOfSpeech=DT] [Text=beginning CharacterOffsetBegin=71 CharacterOffsetEnd=80 PartOfSpeech=NN] [Text=, CharacterOffsetBegin=80 CharacterOffsetEnd=81 PartOfSpeech=,] [Text=middle CharacterOffsetBegin=82 CharacterOffsetEnd=88 PartOfSpeech=NN] [Text=, CharacterOffsetBegin=88 CharacterOffsetEnd=89 PartOfSpeech=,] [Text=and CharacterOffsetBegin=90 CharacterOffsetEnd=93 PartOfSpeech=CC] [Text=end CharacterOffsetBegin=94 CharacterOffsetEnd=97 PartOfSpeech=NN] [Text=, CharacterOffsetBegin=97 CharacterOffsetEnd=98 PartOfSpeech=,] [Text=it CharacterOffsetBegin=99 CharacterOffsetEnd=101 PartOfSpeech=PRP] [Text=is CharacterOffsetBegin=102 CharacterOffsetEnd=104 PartOfSpeech=VBZ] [Text=just CharacterOffsetBegin=105 CharacterOffsetEnd=109 PartOfSpeech=RB] [Text=the CharacterOffsetBegin=110 CharacterOffsetEnd=113 PartOfSpeech=DT] [Text=conclusion CharacterOffsetBegin=114 CharacterOffsetEnd=124 PartOfSpeech=NN] [Text=of CharacterOffsetBegin=125 CharacterOffsetEnd=127 PartOfSpeech=IN] [Text=a CharacterOffsetBegin=128 CharacterOffsetEnd=129 PartOfSpeech=DT] [Text=26 CharacterOffsetBegin=130 CharacterOffsetEnd=132 PartOfSpeech=CD] [Text=episode CharacterOffsetBegin=133 CharacterOffsetEnd=140 PartOfSpeech=NN] [Text=long CharacterOffsetBegin=141 CharacterOffsetEnd=145 PartOfSpeech=JJ] [Text=TV CharacterOffsetBegin=146 CharacterOffsetEnd=148 PartOfSpeech=NN] [Text=series CharacterOffsetBegin=149 CharacterOffsetEnd=155 PartOfSpeech=NN] [Text=. CharacterOffsetBegin=155 CharacterOffsetEnd=156 PartOfSpeech=.] 
root(ROOT-0, conclusion-26)
dobj(fail-3, What-1)
nsubj(fail-3, people-2)
csubj(is-9, fail-3)
aux(understand-5, to-4)
xcomp(fail-3, understand-5)
prep(understand-5, about-6)
det(movie-8, this-7)
pobj(about-6, movie-8)
cop(conclusion-26, is-9)
mark(beginning-15, that-10)
nsubj(beginning-15, it-11)
cop(beginning-15, is-12)
neg(beginning-15, n't-13)
det(beginning-15, a-14)
ccomp(conclusion-26, beginning-15)
punct(beginning-15, ,-16)
conj(beginning-15, middle-17)
punct(beginning-15, ,-18)
cc(beginning-15, and-19)
conj(beginning-15, end-20)
punct(conclusion-26, ,-21)
nsubj(conclusion-26, it-22)
cop(conclusion-26, is-23)
advmod(conclusion-26, just-24)
det(conclusion-26, the-25)
prep(conclusion-26, of-27)
det(episode-30, a-28)
num(episode-30, 26-29)
pobj(of-27, episode-30)
amod(series-33, long-31)
nn(series-33, TV-32)
dep(episode-30, series-33)
punct(conclusion-26, .-34)

Sentence #2 (16 tokens):
So remember that when you all talk about how the world wasn't explored enough.
[Text=So CharacterOffsetBegin=161 CharacterOffsetEnd=163 PartOfSpeech=RB] [Text=remember CharacterOffsetBegin=164 CharacterOffsetEnd=172 PartOfSpeech=VBP] [Text=that CharacterOffsetBegin=173 CharacterOffsetEnd=177 PartOfSpeech=IN] [Text=when CharacterOffsetBegin=178 CharacterOffsetEnd=182 PartOfSpeech=WRB] [Text=you CharacterOffsetBegin=183 CharacterOffsetEnd=186 PartOfSpeech=PRP] [Text=all CharacterOffsetBegin=187 CharacterOffsetEnd=190 PartOfSpeech=DT] [Text=talk CharacterOffsetBegin=191 CharacterOffsetEnd=195 PartOfSpeech=VBP] [Text=about CharacterOffsetBegin=196 CharacterOffsetEnd=201 PartOfSpeech=IN] [Text=how CharacterOffsetBegin=202 CharacterOffsetEnd=205 PartOfSpeech=WRB] [Text=the CharacterOffsetBegin=206 CharacterOffsetEnd=209 PartOfSpeech=DT] [Text=world CharacterOffsetBegin=210 CharacterOffsetEnd=215 PartOfSpeech=NN] [Text=was CharacterOffsetBegin=216 CharacterOffsetEnd=219 PartOfSpeech=VBD] [Text=n't CharacterOffsetBegin=219 CharacterOffsetEnd=222 PartOfSpeech=RB] [Text=explored CharacterOffsetBegin=223 CharacterOffsetEnd=231 PartOfSpeech=VBN] [Text=enough CharacterOffsetBegin=232 CharacterOffsetEnd=238 PartOfSpeech=RB] [Text=. CharacterOffsetBegin=238 CharacterOffsetEnd=239 PartOfSpeech=.] 
root(ROOT-0, remember-2)
advmod(remember-2, So-1)
dobj(remember-2, that-3)
advmod(talk-7, when-4)
nsubj(talk-7, you-5)
det(you-5, all-6)
rcmod(that-3, talk-7)
prep(talk-7, about-8)
advmod(explored-14, how-9)
det(world-11, the-10)
nsubjpass(explored-14, world-11)
auxpass(explored-14, was-12)
neg(explored-14, n't-13)
pcomp(about-8, explored-14)
advmod(explored-14, enough-15)
punct(remember-2, .-16)

Sentence #3 (42 tokens):
That was all done in the TV show.As great and stunning as the visuals are, I think the ***SPOILERS*** argument between Lian-Chu and Gwizdo near the end of the film was what really made me love this movie.
[Text=That CharacterOffsetBegin=244 CharacterOffsetEnd=248 PartOfSpeech=DT] [Text=was CharacterOffsetBegin=249 CharacterOffsetEnd=252 PartOfSpeech=VBD] [Text=all CharacterOffsetBegin=253 CharacterOffsetEnd=256 PartOfSpeech=DT] [Text=done CharacterOffsetBegin=257 CharacterOffsetEnd=261 PartOfSpeech=VBN] [Text=in CharacterOffsetBegin=262 CharacterOffsetEnd=264 PartOfSpeech=IN] [Text=the CharacterOffsetBegin=265 CharacterOffsetEnd=268 PartOfSpeech=DT] [Text=TV CharacterOffsetBegin=269 CharacterOffsetEnd=271 PartOfSpeech=NN] [Text=show.As CharacterOffsetBegin=272 CharacterOffsetEnd=279 PartOfSpeech=NN] [Text=great CharacterOffsetBegin=280 CharacterOffsetEnd=285 PartOfSpeech=JJ] [Text=and CharacterOffsetBegin=286 CharacterOffsetEnd=289 PartOfSpeech=CC] [Text=stunning CharacterOffsetBegin=290 CharacterOffsetEnd=298 PartOfSpeech=JJ] [Text=as CharacterOffsetBegin=299 CharacterOffsetEnd=301 PartOfSpeech=IN] [Text=the CharacterOffsetBegin=302 CharacterOffsetEnd=305 PartOfSpeech=DT] [Text=visuals CharacterOffsetBegin=306 CharacterOffsetEnd=313 PartOfSpeech=NNS] [Text=are CharacterOffsetBegin=314 CharacterOffsetEnd=317 PartOfSpeech=VBP] [Text=, CharacterOffsetBegin=317 CharacterOffsetEnd=318 PartOfSpeech=,] [Text=I CharacterOffsetBegin=319 CharacterOffsetEnd=320 PartOfSpeech=PRP] [Text=think CharacterOffsetBegin=321 CharacterOffsetEnd=326 PartOfSpeech=VBP] [Text=the CharacterOffsetBegin=327 CharacterOffsetEnd=330 PartOfSpeech=DT] [Text=*** CharacterOffsetBegin=331 CharacterOffsetEnd=334 PartOfSpeech=CD] [Text=SPOILERS CharacterOffsetBegin=334 CharacterOffsetEnd=342 PartOfSpeech=NNP] [Text=*** CharacterOffsetBegin=342 CharacterOffsetEnd=345 PartOfSpeech=CD] [Text=argument CharacterOffsetBegin=346 CharacterOffsetEnd=354 PartOfSpeech=NN] [Text=between CharacterOffsetBegin=355 CharacterOffsetEnd=362 PartOfSpeech=IN] [Text=Lian-Chu CharacterOffsetBegin=363 CharacterOffsetEnd=371 PartOfSpeech=NNP] [Text=and CharacterOffsetBegin=372 CharacterOffsetEnd=375 PartOfSpeech=CC] [Text=Gwizdo CharacterOffsetBegin=376 CharacterOffsetEnd=382 PartOfSpeech=NNP] [Text=near CharacterOffsetBegin=383 CharacterOffsetEnd=387 PartOfSpeech=IN] [Text=the CharacterOffsetBegin=388 CharacterOffsetEnd=391 PartOfSpeech=DT] [Text=end CharacterOffsetBegin=392 CharacterOffsetEnd=395 PartOfSpeech=NN] [Text=of CharacterOffsetBegin=396 CharacterOffsetEnd=398 PartOfSpeech=IN] [Text=the CharacterOffsetBegin=399 CharacterOffsetEnd=402 PartOfSpeech=DT] [Text=film CharacterOffsetBegin=403 CharacterOffsetEnd=407 PartOfSpeech=NN] [Text=was CharacterOffsetBegin=408 CharacterOffsetEnd=411 PartOfSpeech=VBD] [Text=what CharacterOffsetBegin=412 CharacterOffsetEnd=416 PartOfSpeech=WP] [Text=really CharacterOffsetBegin=417 CharacterOffsetEnd=423 PartOfSpeech=RB] [Text=made CharacterOffsetBegin=424 CharacterOffsetEnd=428 PartOfSpeech=VBD] [Text=me CharacterOffsetBegin=429 CharacterOffsetEnd=431 PartOfSpeech=PRP] [Text=love CharacterOffsetBegin=432 CharacterOffsetEnd=436 PartOfSpeech=VB] [Text=this CharacterOffsetBegin=437 CharacterOffsetEnd=441 PartOfSpeech=DT] [Text=movie CharacterOffsetBegin=442 CharacterOffsetEnd=447 PartOfSpeech=NN] [Text=. CharacterOffsetBegin=447 CharacterOffsetEnd=448 PartOfSpeech=.] 
root(ROOT-0, think-18)
nsubjpass(done-4, That-1)
auxpass(done-4, was-2)
dep(done-4, all-3)
ccomp(think-18, done-4)
prep(done-4, in-5)
det(show.As-8, the-6)
nn(show.As-8, TV-7)
pobj(in-5, show.As-8)
amod(show.As-8, great-9)
cc(great-9, and-10)
conj(great-9, stunning-11)
mark(are-15, as-12)
det(visuals-14, the-13)
nsubj(are-15, visuals-14)
ccomp(great-9, are-15)
punct(think-18, ,-16)
nsubj(think-18, I-17)
det(argument-23, the-19)
num(argument-23, ***-20)
nn(argument-23, SPOILERS-21)
num(argument-23, ***-22)
nsubj(was-34, argument-23)
prep(argument-23, between-24)
pobj(between-24, Lian-Chu-25)
cc(Lian-Chu-25, and-26)
conj(Lian-Chu-25, Gwizdo-27)
prep(Lian-Chu-25, near-28)
det(end-30, the-29)
pobj(near-28, end-30)
prep(end-30, of-31)
det(film-33, the-32)
pobj(of-31, film-33)
ccomp(think-18, was-34)
nsubj(made-37, what-35)
advmod(made-37, really-36)
ccomp(was-34, made-37)
nsubj(love-39, me-38)
xcomp(made-37, love-39)
det(movie-41, this-40)
dobj(love-39, movie-41)
punct(think-18, .-42)

Sentence #4 (35 tokens):
Seeing characters I had followed through 26 episodes fight like that was agonizing, and seeing Gwizdo walking sadly off by himself amidst the floating ruins while Lian-Chu sharpened his blade was almost tear-jerking.
[Text=Seeing CharacterOffsetBegin=453 CharacterOffsetEnd=459 PartOfSpeech=VBG] [Text=characters CharacterOffsetBegin=460 CharacterOffsetEnd=470 PartOfSpeech=NNS] [Text=I CharacterOffsetBegin=471 CharacterOffsetEnd=472 PartOfSpeech=PRP] [Text=had CharacterOffsetBegin=473 CharacterOffsetEnd=476 PartOfSpeech=VBD] [Text=followed CharacterOffsetBegin=477 CharacterOffsetEnd=485 PartOfSpeech=VBN] [Text=through CharacterOffsetBegin=486 CharacterOffsetEnd=493 PartOfSpeech=IN] [Text=26 CharacterOffsetBegin=494 CharacterOffsetEnd=496 PartOfSpeech=CD] [Text=episodes CharacterOffsetBegin=497 CharacterOffsetEnd=505 PartOfSpeech=NNS] [Text=fight CharacterOffsetBegin=506 CharacterOffsetEnd=511 PartOfSpeech=VB] [Text=like CharacterOffsetBegin=512 CharacterOffsetEnd=516 PartOfSpeech=IN] [Text=that CharacterOffsetBegin=517 CharacterOffsetEnd=521 PartOfSpeech=DT] [Text=was CharacterOffsetBegin=522 CharacterOffsetEnd=525 PartOfSpeech=VBD] [Text=agonizing CharacterOffsetBegin=526 CharacterOffsetEnd=535 PartOfSpeech=JJ] [Text=, CharacterOffsetBegin=535 CharacterOffsetEnd=536 PartOfSpeech=,] [Text=and CharacterOffsetBegin=537 CharacterOffsetEnd=540 PartOfSpeech=CC] [Text=seeing CharacterOffsetBegin=541 CharacterOffsetEnd=547 PartOfSpeech=VBG] [Text=Gwizdo CharacterOffsetBegin=548 CharacterOffsetEnd=554 PartOfSpeech=NNP] [Text=walking CharacterOffsetBegin=555 CharacterOffsetEnd=562 PartOfSpeech=VBG] [Text=sadly CharacterOffsetBegin=563 CharacterOffsetEnd=568 PartOfSpeech=RB] [Text=off CharacterOffsetBegin=569 CharacterOffsetEnd=572 PartOfSpeech=RB] [Text=by CharacterOffsetBegin=573 CharacterOffsetEnd=575 PartOfSpeech=IN] [Text=himself CharacterOffsetBegin=576 CharacterOffsetEnd=583 PartOfSpeech=PRP] [Text=amidst CharacterOffsetBegin=584 CharacterOffsetEnd=590 PartOfSpeech=IN] [Text=the CharacterOffsetBegin=591 CharacterOffsetEnd=594 PartOfSpeech=DT] [Text=floating CharacterOffsetBegin=595 CharacterOffsetEnd=603 PartOfSpeech=VBG] [Text=ruins CharacterOffsetBegin=604 CharacterOffsetEnd=609 PartOfSpeech=NNS] [Text=while CharacterOffsetBegin=610 CharacterOffsetEnd=615 PartOfSpeech=IN] [Text=Lian-Chu CharacterOffsetBegin=616 CharacterOffsetEnd=624 PartOfSpeech=NNP] [Text=sharpened CharacterOffsetBegin=625 CharacterOffsetEnd=634 PartOfSpeech=VBD] [Text=his CharacterOffsetBegin=635 CharacterOffsetEnd=638 PartOfSpeech=PRP$] [Text=blade CharacterOffsetBegin=639 CharacterOffsetEnd=644 PartOfSpeech=NN] [Text=was CharacterOffsetBegin=645 CharacterOffsetEnd=648 PartOfSpeech=VBD] [Text=almost CharacterOffsetBegin=649 CharacterOffsetEnd=655 PartOfSpeech=RB] [Text=tear-jerking CharacterOffsetBegin=656 CharacterOffsetEnd=668 PartOfSpeech=JJ] [Text=. CharacterOffsetBegin=668 CharacterOffsetEnd=669 PartOfSpeech=.] 
root(ROOT-0, Seeing-1)
dobj(Seeing-1, characters-2)
nsubj(followed-5, I-3)
aux(followed-5, had-4)
dep(Seeing-1, followed-5)
mark(fight-9, through-6)
num(episodes-8, 26-7)
nsubj(fight-9, episodes-8)
csubj(agonizing-13, fight-9)
prep(fight-9, like-10)
pobj(like-10, that-11)
cop(agonizing-13, was-12)
ccomp(followed-5, agonizing-13)
punct(followed-5, ,-14)
cc(followed-5, and-15)
conj(followed-5, seeing-16)
nsubj(walking-18, Gwizdo-17)
ccomp(seeing-16, walking-18)
advmod(walking-18, sadly-19)
advmod(sadly-19, off-20)
prep(off-20, by-21)
pobj(by-21, himself-22)
dep(tear-jerking-34, amidst-23)
det(ruins-26, the-24)
amod(ruins-26, floating-25)
nsubj(tear-jerking-34, ruins-26)
mark(sharpened-29, while-27)
nsubj(sharpened-29, Lian-Chu-28)
advcl(tear-jerking-34, sharpened-29)
poss(blade-31, his-30)
dobj(sharpened-29, blade-31)
cop(tear-jerking-34, was-32)
advmod(tear-jerking-34, almost-33)
rcmod(himself-22, tear-jerking-34)
punct(Seeing-1, .-35)

Sentence #5 (35 tokens):
Then we got a total contrast with Lian-Chu fighting these insanely awesome dragons (Which had been featured before in the series) while Gwizdo is babbling insanely and indirectly threatening to kill Zoe.
[Text=Then CharacterOffsetBegin=674 CharacterOffsetEnd=678 PartOfSpeech=RB] [Text=we CharacterOffsetBegin=679 CharacterOffsetEnd=681 PartOfSpeech=PRP] [Text=got CharacterOffsetBegin=682 CharacterOffsetEnd=685 PartOfSpeech=VBD] [Text=a CharacterOffsetBegin=686 CharacterOffsetEnd=687 PartOfSpeech=DT] [Text=total CharacterOffsetBegin=688 CharacterOffsetEnd=693 PartOfSpeech=JJ] [Text=contrast CharacterOffsetBegin=694 CharacterOffsetEnd=702 PartOfSpeech=NN] [Text=with CharacterOffsetBegin=703 CharacterOffsetEnd=707 PartOfSpeech=IN] [Text=Lian-Chu CharacterOffsetBegin=708 CharacterOffsetEnd=716 PartOfSpeech=JJ] [Text=fighting CharacterOffsetBegin=717 CharacterOffsetEnd=725 PartOfSpeech=VBG] [Text=these CharacterOffsetBegin=726 CharacterOffsetEnd=731 PartOfSpeech=DT] [Text=insanely CharacterOffsetBegin=732 CharacterOffsetEnd=740 PartOfSpeech=RB] [Text=awesome CharacterOffsetBegin=741 CharacterOffsetEnd=748 PartOfSpeech=JJ] [Text=dragons CharacterOffsetBegin=749 CharacterOffsetEnd=756 PartOfSpeech=NNS] [Text=-LRB- CharacterOffsetBegin=757 CharacterOffsetEnd=758 PartOfSpeech=-LRB-] [Text=Which CharacterOffsetBegin=758 CharacterOffsetEnd=763 PartOfSpeech=WDT] [Text=had CharacterOffsetBegin=764 CharacterOffsetEnd=767 PartOfSpeech=VBD] [Text=been CharacterOffsetBegin=768 CharacterOffsetEnd=772 PartOfSpeech=VBN] [Text=featured CharacterOffsetBegin=773 CharacterOffsetEnd=781 PartOfSpeech=VBN] [Text=before CharacterOffsetBegin=782 CharacterOffsetEnd=788 PartOfSpeech=IN] [Text=in CharacterOffsetBegin=789 CharacterOffsetEnd=791 PartOfSpeech=IN] [Text=the CharacterOffsetBegin=792 CharacterOffsetEnd=795 PartOfSpeech=DT] [Text=series CharacterOffsetBegin=796 CharacterOffsetEnd=802 PartOfSpeech=NN] [Text=-RRB- CharacterOffsetBegin=802 CharacterOffsetEnd=803 PartOfSpeech=-RRB-] [Text=while CharacterOffsetBegin=804 CharacterOffsetEnd=809 PartOfSpeech=IN] [Text=Gwizdo CharacterOffsetBegin=810 CharacterOffsetEnd=816 PartOfSpeech=NNP] [Text=is CharacterOffsetBegin=817 CharacterOffsetEnd=819 PartOfSpeech=VBZ] [Text=babbling CharacterOffsetBegin=820 CharacterOffsetEnd=828 PartOfSpeech=VBG] [Text=insanely CharacterOffsetBegin=829 CharacterOffsetEnd=837 PartOfSpeech=RB] [Text=and CharacterOffsetBegin=838 CharacterOffsetEnd=841 PartOfSpeech=CC] [Text=indirectly CharacterOffsetBegin=842 CharacterOffsetEnd=852 PartOfSpeech=RB] [Text=threatening CharacterOffsetBegin=853 CharacterOffsetEnd=864 PartOfSpeech=VBG] [Text=to CharacterOffsetBegin=865 CharacterOffsetEnd=867 PartOfSpeech=TO] [Text=kill CharacterOffsetBegin=868 CharacterOffsetEnd=872 PartOfSpeech=VB] [Text=Zoe CharacterOffsetBegin=873 CharacterOffsetEnd=876 PartOfSpeech=NNP] [Text=. CharacterOffsetBegin=876 CharacterOffsetEnd=877 PartOfSpeech=.] 
root(ROOT-0, got-3)
advmod(got-3, Then-1)
nsubj(got-3, we-2)
det(contrast-6, a-4)
amod(contrast-6, total-5)
dobj(got-3, contrast-6)
prep(contrast-6, with-7)
pobj(with-7, Lian-Chu-8)
partmod(Lian-Chu-8, fighting-9)
dobj(fighting-9, these-10)
dep(these-10, insanely-11)
dep(insanely-11, awesome-12)
dep(awesome-12, dragons-13)
punct(featured-18, -LRB--14)
nsubjpass(featured-18, Which-15)
aux(featured-18, had-16)
auxpass(featured-18, been-17)
dep(dragons-13, featured-18)
prep(featured-18, before-19)
pcomp(before-19, in-20)
det(series-22, the-21)
pobj(in-20, series-22)
punct(featured-18, -RRB--23)
mark(babbling-27, while-24)
nsubj(babbling-27, Gwizdo-25)
aux(babbling-27, is-26)
advcl(dragons-13, babbling-27)
dobj(babbling-27, insanely-28)
cc(insanely-28, and-29)
advmod(threatening-31, indirectly-30)
conj(insanely-28, threatening-31)
aux(kill-33, to-32)
infmod(insanely-28, kill-33)
dobj(kill-33, Zoe-34)
punct(got-3, .-35)

Sentence #6 (19 tokens):
*Shudder* I'm surprised that this particular scene hasn't been mentioned more in the warnings.
[Text=* CharacterOffsetBegin=882 CharacterOffsetEnd=883 PartOfSpeech=SYM] [Text=Shudder CharacterOffsetBegin=883 CharacterOffsetEnd=890 PartOfSpeech=NN] [Text=* CharacterOffsetBegin=890 CharacterOffsetEnd=891 PartOfSpeech=SYM] [Text=I CharacterOffsetBegin=892 CharacterOffsetEnd=893 PartOfSpeech=PRP] [Text='m CharacterOffsetBegin=893 CharacterOffsetEnd=895 PartOfSpeech=VBP] [Text=surprised CharacterOffsetBegin=896 CharacterOffsetEnd=905 PartOfSpeech=JJ] [Text=that CharacterOffsetBegin=906 CharacterOffsetEnd=910 PartOfSpeech=IN] [Text=this CharacterOffsetBegin=911 CharacterOffsetEnd=915 PartOfSpeech=DT] [Text=particular CharacterOffsetBegin=916 CharacterOffsetEnd=926 PartOfSpeech=JJ] [Text=scene CharacterOffsetBegin=927 CharacterOffsetEnd=932 PartOfSpeech=NN] [Text=has CharacterOffsetBegin=933 CharacterOffsetEnd=936 PartOfSpeech=VBZ] [Text=n't CharacterOffsetBegin=936 CharacterOffsetEnd=939 PartOfSpeech=RB] [Text=been CharacterOffsetBegin=940 CharacterOffsetEnd=944 PartOfSpeech=VBN] [Text=mentioned CharacterOffsetBegin=945 CharacterOffsetEnd=954 PartOfSpeech=VBN] [Text=more CharacterOffsetBegin=955 CharacterOffsetEnd=959 PartOfSpeech=RBR] [Text=in CharacterOffsetBegin=960 CharacterOffsetEnd=962 PartOfSpeech=IN] [Text=the CharacterOffsetBegin=963 CharacterOffsetEnd=966 PartOfSpeech=DT] [Text=warnings CharacterOffsetBegin=967 CharacterOffsetEnd=975 PartOfSpeech=NNS] [Text=. CharacterOffsetBegin=975 CharacterOffsetEnd=976 PartOfSpeech=.] 
root(ROOT-0, surprised-6)
dep(surprised-6, *-1)
dep(surprised-6, Shudder-2)
dep(surprised-6, *-3)
nsubj(surprised-6, I-4)
cop(surprised-6, 'm-5)
mark(mentioned-14, that-7)
det(scene-10, this-8)
amod(scene-10, particular-9)
nsubj(mentioned-14, scene-10)
aux(mentioned-14, has-11)
neg(mentioned-14, n't-12)
auxpass(mentioned-14, been-13)
ccomp(surprised-6, mentioned-14)
advmod(in-16, more-15)
prep(mentioned-14, in-16)
det(warnings-18, the-17)
pobj(in-16, warnings-18)
punct(surprised-6, .-19)

Sentence #7 (28 tokens):
Any kid that has a lick of sense will be able to see that Gwizdo wasn't himself and was fully intent on strangling that little girl.
[Text=Any CharacterOffsetBegin=981 CharacterOffsetEnd=984 PartOfSpeech=DT] [Text=kid CharacterOffsetBegin=985 CharacterOffsetEnd=988 PartOfSpeech=NN] [Text=that CharacterOffsetBegin=989 CharacterOffsetEnd=993 PartOfSpeech=WDT] [Text=has CharacterOffsetBegin=994 CharacterOffsetEnd=997 PartOfSpeech=VBZ] [Text=a CharacterOffsetBegin=998 CharacterOffsetEnd=999 PartOfSpeech=DT] [Text=lick CharacterOffsetBegin=1000 CharacterOffsetEnd=1004 PartOfSpeech=NN] [Text=of CharacterOffsetBegin=1005 CharacterOffsetEnd=1007 PartOfSpeech=IN] [Text=sense CharacterOffsetBegin=1008 CharacterOffsetEnd=1013 PartOfSpeech=NN] [Text=will CharacterOffsetBegin=1014 CharacterOffsetEnd=1018 PartOfSpeech=MD] [Text=be CharacterOffsetBegin=1019 CharacterOffsetEnd=1021 PartOfSpeech=VB] [Text=able CharacterOffsetBegin=1022 CharacterOffsetEnd=1026 PartOfSpeech=JJ] [Text=to CharacterOffsetBegin=1027 CharacterOffsetEnd=1029 PartOfSpeech=TO] [Text=see CharacterOffsetBegin=1030 CharacterOffsetEnd=1033 PartOfSpeech=VB] [Text=that CharacterOffsetBegin=1034 CharacterOffsetEnd=1038 PartOfSpeech=DT] [Text=Gwizdo CharacterOffsetBegin=1039 CharacterOffsetEnd=1045 PartOfSpeech=NNP] [Text=was CharacterOffsetBegin=1046 CharacterOffsetEnd=1049 PartOfSpeech=VBD] [Text=n't CharacterOffsetBegin=1049 CharacterOffsetEnd=1052 PartOfSpeech=RB] [Text=himself CharacterOffsetBegin=1053 CharacterOffsetEnd=1060 PartOfSpeech=PRP] [Text=and CharacterOffsetBegin=1061 CharacterOffsetEnd=1064 PartOfSpeech=CC] [Text=was CharacterOffsetBegin=1065 CharacterOffsetEnd=1068 PartOfSpeech=VBD] [Text=fully CharacterOffsetBegin=1069 CharacterOffsetEnd=1074 PartOfSpeech=RB] [Text=intent CharacterOffsetBegin=1075 CharacterOffsetEnd=1081 PartOfSpeech=JJ] [Text=on CharacterOffsetBegin=1082 CharacterOffsetEnd=1084 PartOfSpeech=IN] [Text=strangling CharacterOffsetBegin=1085 CharacterOffsetEnd=1095 PartOfSpeech=VBG] [Text=that CharacterOffsetBegin=1096 CharacterOffsetEnd=1100 PartOfSpeech=DT] [Text=little CharacterOffsetBegin=1101 CharacterOffsetEnd=1107 PartOfSpeech=JJ] [Text=girl CharacterOffsetBegin=1108 CharacterOffsetEnd=1112 PartOfSpeech=NN] [Text=. CharacterOffsetBegin=1112 CharacterOffsetEnd=1113 PartOfSpeech=.] 
root(ROOT-0, able-11)
det(kid-2, Any-1)
nsubj(able-11, kid-2)
nsubj(has-4, that-3)
rcmod(kid-2, has-4)
det(lick-6, a-5)
dobj(has-4, lick-6)
prep(lick-6, of-7)
pobj(of-7, sense-8)
aux(able-11, will-9)
cop(able-11, be-10)
aux(see-13, to-12)
xcomp(able-11, see-13)
mark(himself-18, that-14)
nsubj(himself-18, Gwizdo-15)
cop(himself-18, was-16)
neg(himself-18, n't-17)
ccomp(see-13, himself-18)
cc(himself-18, and-19)
cop(intent-22, was-20)
advmod(intent-22, fully-21)
conj(himself-18, intent-22)
prep(intent-22, on-23)
pcomp(on-23, strangling-24)
det(girl-27, that-25)
amod(girl-27, little-26)
dobj(strangling-24, girl-27)
punct(able-11, .-28)

Sentence #8 (12 tokens):
It was enough to bother me, and I'm 15.
[Text=It CharacterOffsetBegin=1118 CharacterOffsetEnd=1120 PartOfSpeech=PRP] [Text=was CharacterOffsetBegin=1121 CharacterOffsetEnd=1124 PartOfSpeech=VBD] [Text=enough CharacterOffsetBegin=1125 CharacterOffsetEnd=1131 PartOfSpeech=RB] [Text=to CharacterOffsetBegin=1132 CharacterOffsetEnd=1134 PartOfSpeech=TO] [Text=bother CharacterOffsetBegin=1135 CharacterOffsetEnd=1141 PartOfSpeech=VB] [Text=me CharacterOffsetBegin=1142 CharacterOffsetEnd=1144 PartOfSpeech=PRP] [Text=, CharacterOffsetBegin=1144 CharacterOffsetEnd=1145 PartOfSpeech=,] [Text=and CharacterOffsetBegin=1146 CharacterOffsetEnd=1149 PartOfSpeech=CC] [Text=I CharacterOffsetBegin=1150 CharacterOffsetEnd=1151 PartOfSpeech=PRP] [Text='m CharacterOffsetBegin=1151 CharacterOffsetEnd=1153 PartOfSpeech=VBP] [Text=15 CharacterOffsetBegin=1154 CharacterOffsetEnd=1156 PartOfSpeech=CD] [Text=. CharacterOffsetBegin=1156 CharacterOffsetEnd=1157 PartOfSpeech=.] 
root(ROOT-0, enough-3)
nsubj(enough-3, It-1)
cop(enough-3, was-2)
aux(bother-5, to-4)
xcomp(enough-3, bother-5)
dobj(bother-5, me-6)
punct(enough-3, ,-7)
cc(enough-3, and-8)
nsubj(15-11, I-9)
cop(15-11, 'm-10)
conj(enough-3, 15-11)
punct(enough-3, .-12)

Sentence #9 (31 tokens):
The world is amazing, the plot is a lot better than most multi-million blockbusters, and it was a nice way to see some of my favorite characters go.
[Text=The CharacterOffsetBegin=1157 CharacterOffsetEnd=1160 PartOfSpeech=DT] [Text=world CharacterOffsetBegin=1161 CharacterOffsetEnd=1166 PartOfSpeech=NN] [Text=is CharacterOffsetBegin=1167 CharacterOffsetEnd=1169 PartOfSpeech=VBZ] [Text=amazing CharacterOffsetBegin=1170 CharacterOffsetEnd=1177 PartOfSpeech=JJ] [Text=, CharacterOffsetBegin=1177 CharacterOffsetEnd=1178 PartOfSpeech=,] [Text=the CharacterOffsetBegin=1179 CharacterOffsetEnd=1182 PartOfSpeech=DT] [Text=plot CharacterOffsetBegin=1183 CharacterOffsetEnd=1187 PartOfSpeech=NN] [Text=is CharacterOffsetBegin=1188 CharacterOffsetEnd=1190 PartOfSpeech=VBZ] [Text=a CharacterOffsetBegin=1191 CharacterOffsetEnd=1192 PartOfSpeech=DT] [Text=lot CharacterOffsetBegin=1193 CharacterOffsetEnd=1196 PartOfSpeech=NN] [Text=better CharacterOffsetBegin=1197 CharacterOffsetEnd=1203 PartOfSpeech=JJR] [Text=than CharacterOffsetBegin=1204 CharacterOffsetEnd=1208 PartOfSpeech=IN] [Text=most CharacterOffsetBegin=1209 CharacterOffsetEnd=1213 PartOfSpeech=JJS] [Text=multi-million CharacterOffsetBegin=1214 CharacterOffsetEnd=1227 PartOfSpeech=JJ] [Text=blockbusters CharacterOffsetBegin=1228 CharacterOffsetEnd=1240 PartOfSpeech=NNS] [Text=, CharacterOffsetBegin=1240 CharacterOffsetEnd=1241 PartOfSpeech=,] [Text=and CharacterOffsetBegin=1242 CharacterOffsetEnd=1245 PartOfSpeech=CC] [Text=it CharacterOffsetBegin=1246 CharacterOffsetEnd=1248 PartOfSpeech=PRP] [Text=was CharacterOffsetBegin=1249 CharacterOffsetEnd=1252 PartOfSpeech=VBD] [Text=a CharacterOffsetBegin=1253 CharacterOffsetEnd=1254 PartOfSpeech=DT] [Text=nice CharacterOffsetBegin=1255 CharacterOffsetEnd=1259 PartOfSpeech=JJ] [Text=way CharacterOffsetBegin=1260 CharacterOffsetEnd=1263 PartOfSpeech=NN] [Text=to CharacterOffsetBegin=1264 CharacterOffsetEnd=1266 PartOfSpeech=TO] [Text=see CharacterOffsetBegin=1267 CharacterOffsetEnd=1270 PartOfSpeech=VB] [Text=some CharacterOffsetBegin=1271 CharacterOffsetEnd=1275 PartOfSpeech=DT] [Text=of CharacterOffsetBegin=1276 CharacterOffsetEnd=1278 PartOfSpeech=IN] [Text=my CharacterOffsetBegin=1279 CharacterOffsetEnd=1281 PartOfSpeech=PRP$] [Text=favorite CharacterOffsetBegin=1282 CharacterOffsetEnd=1290 PartOfSpeech=JJ] [Text=characters CharacterOffsetBegin=1291 CharacterOffsetEnd=1301 PartOfSpeech=NNS] [Text=go CharacterOffsetBegin=1302 CharacterOffsetEnd=1304 PartOfSpeech=VBP] [Text=. CharacterOffsetBegin=1304 CharacterOffsetEnd=1305 PartOfSpeech=.] 
root(ROOT-0, better-11)
det(world-2, The-1)
nsubj(amazing-4, world-2)
cop(amazing-4, is-3)
dep(better-11, amazing-4)
punct(better-11, ,-5)
det(plot-7, the-6)
nsubj(better-11, plot-7)
cop(better-11, is-8)
det(lot-10, a-9)
npadvmod(better-11, lot-10)
prep(better-11, than-12)
amod(blockbusters-15, most-13)
amod(blockbusters-15, multi-million-14)
pobj(than-12, blockbusters-15)
punct(better-11, ,-16)
cc(better-11, and-17)
nsubj(way-22, it-18)
cop(way-22, was-19)
det(way-22, a-20)
amod(way-22, nice-21)
conj(better-11, way-22)
aux(see-24, to-23)
infmod(way-22, see-24)
nsubj(go-30, some-25)
prep(some-25, of-26)
poss(characters-29, my-27)
amod(characters-29, favorite-28)
pobj(of-26, characters-29)
ccomp(see-24, go-30)
punct(better-11, .-31)

Sentence #10 (4 tokens):
Check it out.
[Text=Check CharacterOffsetBegin=1310 CharacterOffsetEnd=1315 PartOfSpeech=VB] [Text=it CharacterOffsetBegin=1316 CharacterOffsetEnd=1318 PartOfSpeech=PRP] [Text=out CharacterOffsetBegin=1319 CharacterOffsetEnd=1322 PartOfSpeech=RP] [Text=. CharacterOffsetBegin=1322 CharacterOffsetEnd=1323 PartOfSpeech=.] 
root(ROOT-0, Check-1)
dobj(Check-1, it-2)
prt(Check-1, out-3)
punct(Check-1, .-4)

Sentence #11 (1 tokens):
:)
[Text=:-RRB- CharacterOffsetBegin=1328 CharacterOffsetEnd=1330 PartOfSpeech=NN] 
root(ROOT-0, :-RRB--1)

