Sentence #1 (18 tokens):
The only thing about this film that bums me out is that the DVD is so expensive.
[Text=The CharacterOffsetBegin=4 CharacterOffsetEnd=7 PartOfSpeech=DT] [Text=only CharacterOffsetBegin=8 CharacterOffsetEnd=12 PartOfSpeech=JJ] [Text=thing CharacterOffsetBegin=13 CharacterOffsetEnd=18 PartOfSpeech=NN] [Text=about CharacterOffsetBegin=19 CharacterOffsetEnd=24 PartOfSpeech=IN] [Text=this CharacterOffsetBegin=25 CharacterOffsetEnd=29 PartOfSpeech=DT] [Text=film CharacterOffsetBegin=30 CharacterOffsetEnd=34 PartOfSpeech=NN] [Text=that CharacterOffsetBegin=35 CharacterOffsetEnd=39 PartOfSpeech=WDT] [Text=bums CharacterOffsetBegin=40 CharacterOffsetEnd=44 PartOfSpeech=NNS] [Text=me CharacterOffsetBegin=45 CharacterOffsetEnd=47 PartOfSpeech=PRP] [Text=out CharacterOffsetBegin=48 CharacterOffsetEnd=51 PartOfSpeech=RP] [Text=is CharacterOffsetBegin=52 CharacterOffsetEnd=54 PartOfSpeech=VBZ] [Text=that CharacterOffsetBegin=55 CharacterOffsetEnd=59 PartOfSpeech=IN] [Text=the CharacterOffsetBegin=60 CharacterOffsetEnd=63 PartOfSpeech=DT] [Text=DVD CharacterOffsetBegin=64 CharacterOffsetEnd=67 PartOfSpeech=NN] [Text=is CharacterOffsetBegin=68 CharacterOffsetEnd=70 PartOfSpeech=VBZ] [Text=so CharacterOffsetBegin=71 CharacterOffsetEnd=73 PartOfSpeech=RB] [Text=expensive CharacterOffsetBegin=74 CharacterOffsetEnd=83 PartOfSpeech=JJ] [Text=. CharacterOffsetBegin=83 CharacterOffsetEnd=84 PartOfSpeech=.] 
root(ROOT-0, thing-3)
det(thing-3, The-1)
amod(thing-3, only-2)
prep(thing-3, about-4)
det(film-6, this-5)
pobj(about-4, film-6)
dobj(is-11, that-7)
nsubj(is-11, bums-8)
dobj(bums-8, me-9)
prt(bums-8, out-10)
rcmod(film-6, is-11)
mark(expensive-17, that-12)
det(DVD-14, the-13)
nsubj(expensive-17, DVD-14)
cop(expensive-17, is-15)
advmod(expensive-17, so-16)
ccomp(is-11, expensive-17)
punct(thing-3, .-18)

Sentence #2 (54 tokens):
It's too much for my budget at the moment, or I would purchase it, because the film is a good example of film noir...and I enjoy watching Richard Widmark, Jean Peters and Thelma Ritter.Criterion produces great DVDs but sometimes the asking price is just a bit much.
[Text=It CharacterOffsetBegin=89 CharacterOffsetEnd=91 PartOfSpeech=PRP] [Text='s CharacterOffsetBegin=91 CharacterOffsetEnd=93 PartOfSpeech=VBZ] [Text=too CharacterOffsetBegin=94 CharacterOffsetEnd=97 PartOfSpeech=RB] [Text=much CharacterOffsetBegin=98 CharacterOffsetEnd=102 PartOfSpeech=JJ] [Text=for CharacterOffsetBegin=103 CharacterOffsetEnd=106 PartOfSpeech=IN] [Text=my CharacterOffsetBegin=107 CharacterOffsetEnd=109 PartOfSpeech=PRP$] [Text=budget CharacterOffsetBegin=110 CharacterOffsetEnd=116 PartOfSpeech=NN] [Text=at CharacterOffsetBegin=117 CharacterOffsetEnd=119 PartOfSpeech=IN] [Text=the CharacterOffsetBegin=120 CharacterOffsetEnd=123 PartOfSpeech=DT] [Text=moment CharacterOffsetBegin=124 CharacterOffsetEnd=130 PartOfSpeech=NN] [Text=, CharacterOffsetBegin=130 CharacterOffsetEnd=131 PartOfSpeech=,] [Text=or CharacterOffsetBegin=132 CharacterOffsetEnd=134 PartOfSpeech=CC] [Text=I CharacterOffsetBegin=135 CharacterOffsetEnd=136 PartOfSpeech=PRP] [Text=would CharacterOffsetBegin=137 CharacterOffsetEnd=142 PartOfSpeech=MD] [Text=purchase CharacterOffsetBegin=143 CharacterOffsetEnd=151 PartOfSpeech=VB] [Text=it CharacterOffsetBegin=152 CharacterOffsetEnd=154 PartOfSpeech=PRP] [Text=, CharacterOffsetBegin=154 CharacterOffsetEnd=155 PartOfSpeech=,] [Text=because CharacterOffsetBegin=156 CharacterOffsetEnd=163 PartOfSpeech=IN] [Text=the CharacterOffsetBegin=164 CharacterOffsetEnd=167 PartOfSpeech=DT] [Text=film CharacterOffsetBegin=168 CharacterOffsetEnd=172 PartOfSpeech=NN] [Text=is CharacterOffsetBegin=173 CharacterOffsetEnd=175 PartOfSpeech=VBZ] [Text=a CharacterOffsetBegin=176 CharacterOffsetEnd=177 PartOfSpeech=DT] [Text=good CharacterOffsetBegin=178 CharacterOffsetEnd=182 PartOfSpeech=JJ] [Text=example CharacterOffsetBegin=183 CharacterOffsetEnd=190 PartOfSpeech=NN] [Text=of CharacterOffsetBegin=191 CharacterOffsetEnd=193 PartOfSpeech=IN] [Text=film CharacterOffsetBegin=194 CharacterOffsetEnd=198 PartOfSpeech=NN] [Text=noir CharacterOffsetBegin=199 CharacterOffsetEnd=203 PartOfSpeech=JJ] [Text=... CharacterOffsetBegin=203 CharacterOffsetEnd=206 PartOfSpeech=:] [Text=and CharacterOffsetBegin=206 CharacterOffsetEnd=209 PartOfSpeech=CC] [Text=I CharacterOffsetBegin=210 CharacterOffsetEnd=211 PartOfSpeech=PRP] [Text=enjoy CharacterOffsetBegin=212 CharacterOffsetEnd=217 PartOfSpeech=VBP] [Text=watching CharacterOffsetBegin=218 CharacterOffsetEnd=226 PartOfSpeech=VBG] [Text=Richard CharacterOffsetBegin=227 CharacterOffsetEnd=234 PartOfSpeech=NNP] [Text=Widmark CharacterOffsetBegin=235 CharacterOffsetEnd=242 PartOfSpeech=NNP] [Text=, CharacterOffsetBegin=242 CharacterOffsetEnd=243 PartOfSpeech=,] [Text=Jean CharacterOffsetBegin=244 CharacterOffsetEnd=248 PartOfSpeech=NNP] [Text=Peters CharacterOffsetBegin=249 CharacterOffsetEnd=255 PartOfSpeech=NNP] [Text=and CharacterOffsetBegin=256 CharacterOffsetEnd=259 PartOfSpeech=CC] [Text=Thelma CharacterOffsetBegin=260 CharacterOffsetEnd=266 PartOfSpeech=NNP] [Text=Ritter.Criterion CharacterOffsetBegin=267 CharacterOffsetEnd=283 PartOfSpeech=NNP] [Text=produces CharacterOffsetBegin=284 CharacterOffsetEnd=292 PartOfSpeech=VBZ] [Text=great CharacterOffsetBegin=293 CharacterOffsetEnd=298 PartOfSpeech=JJ] [Text=DVDs CharacterOffsetBegin=299 CharacterOffsetEnd=303 PartOfSpeech=NNS] [Text=but CharacterOffsetBegin=304 CharacterOffsetEnd=307 PartOfSpeech=CC] [Text=sometimes CharacterOffsetBegin=308 CharacterOffsetEnd=317 PartOfSpeech=RB] [Text=the CharacterOffsetBegin=318 CharacterOffsetEnd=321 PartOfSpeech=DT] [Text=asking CharacterOffsetBegin=322 CharacterOffsetEnd=328 PartOfSpeech=VBG] [Text=price CharacterOffsetBegin=329 CharacterOffsetEnd=334 PartOfSpeech=NN] [Text=is CharacterOffsetBegin=335 CharacterOffsetEnd=337 PartOfSpeech=VBZ] [Text=just CharacterOffsetBegin=338 CharacterOffsetEnd=342 PartOfSpeech=RB] [Text=a CharacterOffsetBegin=343 CharacterOffsetEnd=344 PartOfSpeech=DT] [Text=bit CharacterOffsetBegin=345 CharacterOffsetEnd=348 PartOfSpeech=NN] [Text=much CharacterOffsetBegin=349 CharacterOffsetEnd=353 PartOfSpeech=JJ] [Text=. CharacterOffsetBegin=353 CharacterOffsetEnd=354 PartOfSpeech=.] 
root(ROOT-0, much-4)
nsubj(much-4, It-1)
cop(much-4, 's-2)
advmod(much-4, too-3)
prep(much-4, for-5)
poss(budget-7, my-6)
pobj(for-5, budget-7)
prep(much-4, at-8)
det(moment-10, the-9)
pobj(at-8, moment-10)
punct(much-4, ,-11)
cc(much-4, or-12)
nsubj(purchase-15, I-13)
aux(purchase-15, would-14)
conj(much-4, purchase-15)
dobj(purchase-15, it-16)
punct(much-4, ,-17)
mark(example-24, because-18)
det(film-20, the-19)
nsubj(example-24, film-20)
cop(example-24, is-21)
det(example-24, a-22)
amod(example-24, good-23)
advcl(much-4, example-24)
prep(example-24, of-25)
nn(noir-27, film-26)
pobj(of-25, noir-27)
punct(much-4, ...-28)
cc(much-4, and-29)
nsubj(enjoy-31, I-30)
conj(much-4, enjoy-31)
xcomp(enjoy-31, watching-32)
nn(Widmark-34, Richard-33)
nsubj(produces-41, Widmark-34)
punct(Widmark-34, ,-35)
nn(Peters-37, Jean-36)
conj(Widmark-34, Peters-37)
cc(Widmark-34, and-38)
nn(Ritter.Criterion-40, Thelma-39)
conj(Widmark-34, Ritter.Criterion-40)
ccomp(watching-32, produces-41)
amod(DVDs-43, great-42)
dobj(produces-41, DVDs-43)
cc(produces-41, but-44)
advmod(bit-52, sometimes-45)
det(price-48, the-46)
nn(price-48, asking-47)
nsubj(bit-52, price-48)
cop(bit-52, is-49)
advmod(bit-52, just-50)
det(bit-52, a-51)
conj(produces-41, bit-52)
dobj(bit-52, much-53)
punct(much-4, .-54)

Sentence #3 (22 tokens):
That's the case here for an 80-minute black-and-white, mono sound film that is good but nothing extraordinary, cinematography-wise.
[Text=That CharacterOffsetBegin=359 CharacterOffsetEnd=363 PartOfSpeech=DT] [Text='s CharacterOffsetBegin=363 CharacterOffsetEnd=365 PartOfSpeech=VBZ] [Text=the CharacterOffsetBegin=366 CharacterOffsetEnd=369 PartOfSpeech=DT] [Text=case CharacterOffsetBegin=370 CharacterOffsetEnd=374 PartOfSpeech=NN] [Text=here CharacterOffsetBegin=375 CharacterOffsetEnd=379 PartOfSpeech=RB] [Text=for CharacterOffsetBegin=380 CharacterOffsetEnd=383 PartOfSpeech=IN] [Text=an CharacterOffsetBegin=384 CharacterOffsetEnd=386 PartOfSpeech=DT] [Text=80-minute CharacterOffsetBegin=387 CharacterOffsetEnd=396 PartOfSpeech=JJ] [Text=black-and-white CharacterOffsetBegin=397 CharacterOffsetEnd=412 PartOfSpeech=JJ] [Text=, CharacterOffsetBegin=412 CharacterOffsetEnd=413 PartOfSpeech=,] [Text=mono CharacterOffsetBegin=414 CharacterOffsetEnd=418 PartOfSpeech=FW] [Text=sound CharacterOffsetBegin=419 CharacterOffsetEnd=424 PartOfSpeech=JJ] [Text=film CharacterOffsetBegin=425 CharacterOffsetEnd=429 PartOfSpeech=NN] [Text=that CharacterOffsetBegin=430 CharacterOffsetEnd=434 PartOfSpeech=WDT] [Text=is CharacterOffsetBegin=435 CharacterOffsetEnd=437 PartOfSpeech=VBZ] [Text=good CharacterOffsetBegin=438 CharacterOffsetEnd=442 PartOfSpeech=JJ] [Text=but CharacterOffsetBegin=443 CharacterOffsetEnd=446 PartOfSpeech=CC] [Text=nothing CharacterOffsetBegin=447 CharacterOffsetEnd=454 PartOfSpeech=NN] [Text=extraordinary CharacterOffsetBegin=455 CharacterOffsetEnd=468 PartOfSpeech=JJ] [Text=, CharacterOffsetBegin=468 CharacterOffsetEnd=469 PartOfSpeech=,] [Text=cinematography-wise CharacterOffsetBegin=470 CharacterOffsetEnd=489 PartOfSpeech=JJ] [Text=. CharacterOffsetBegin=489 CharacterOffsetEnd=490 PartOfSpeech=.] 
root(ROOT-0, case-4)
nsubj(case-4, That-1)
cop(case-4, 's-2)
det(case-4, the-3)
advmod(case-4, here-5)
prep(case-4, for-6)
det(black-and-white-9, an-7)
amod(black-and-white-9, 80-minute-8)
pobj(for-6, black-and-white-9)
punct(case-4, ,-10)
nn(film-13, mono-11)
amod(film-13, sound-12)
appos(case-4, film-13)
nsubj(good-16, that-14)
cop(good-16, is-15)
rcmod(film-13, good-16)
cc(good-16, but-17)
dep(cinematography-wise-21, nothing-18)
amod(cinematography-wise-21, extraordinary-19)
punct(cinematography-wise-21, ,-20)
conj(good-16, cinematography-wise-21)
punct(case-4, .-22)

Sentence #4 (41 tokens):
The story is the story here (as opposed to visuals, actors, sound, sets, etc.)
    as a pickpocket (Widmark) inadvertently winds up with espionage microfilm in his possession after pilfering Peters' purse.
[Text=The CharacterOffsetBegin=490 CharacterOffsetEnd=493 PartOfSpeech=DT] [Text=story CharacterOffsetBegin=494 CharacterOffsetEnd=499 PartOfSpeech=NN] [Text=is CharacterOffsetBegin=500 CharacterOffsetEnd=502 PartOfSpeech=VBZ] [Text=the CharacterOffsetBegin=503 CharacterOffsetEnd=506 PartOfSpeech=DT] [Text=story CharacterOffsetBegin=507 CharacterOffsetEnd=512 PartOfSpeech=NN] [Text=here CharacterOffsetBegin=513 CharacterOffsetEnd=517 PartOfSpeech=RB] [Text=-LRB- CharacterOffsetBegin=518 CharacterOffsetEnd=519 PartOfSpeech=-LRB-] [Text=as CharacterOffsetBegin=519 CharacterOffsetEnd=521 PartOfSpeech=IN] [Text=opposed CharacterOffsetBegin=522 CharacterOffsetEnd=529 PartOfSpeech=VBN] [Text=to CharacterOffsetBegin=530 CharacterOffsetEnd=532 PartOfSpeech=TO] [Text=visuals CharacterOffsetBegin=533 CharacterOffsetEnd=540 PartOfSpeech=NNS] [Text=, CharacterOffsetBegin=540 CharacterOffsetEnd=541 PartOfSpeech=,] [Text=actors CharacterOffsetBegin=542 CharacterOffsetEnd=548 PartOfSpeech=NNS] [Text=, CharacterOffsetBegin=548 CharacterOffsetEnd=549 PartOfSpeech=,] [Text=sound CharacterOffsetBegin=550 CharacterOffsetEnd=555 PartOfSpeech=NN] [Text=, CharacterOffsetBegin=555 CharacterOffsetEnd=556 PartOfSpeech=,] [Text=sets CharacterOffsetBegin=557 CharacterOffsetEnd=561 PartOfSpeech=NNS] [Text=, CharacterOffsetBegin=561 CharacterOffsetEnd=562 PartOfSpeech=,] [Text=etc. CharacterOffsetBegin=563 CharacterOffsetEnd=567 PartOfSpeech=FW] [Text=-RRB- CharacterOffsetBegin=567 CharacterOffsetEnd=568 PartOfSpeech=-RRB-] [Text=as CharacterOffsetBegin=573 CharacterOffsetEnd=575 PartOfSpeech=IN] [Text=a CharacterOffsetBegin=576 CharacterOffsetEnd=577 PartOfSpeech=DT] [Text=pickpocket CharacterOffsetBegin=578 CharacterOffsetEnd=588 PartOfSpeech=NN] [Text=-LRB- CharacterOffsetBegin=589 CharacterOffsetEnd=590 PartOfSpeech=-LRB-] [Text=Widmark CharacterOffsetBegin=590 CharacterOffsetEnd=597 PartOfSpeech=NNP] [Text=-RRB- CharacterOffsetBegin=597 CharacterOffsetEnd=598 PartOfSpeech=-RRB-] [Text=inadvertently CharacterOffsetBegin=599 CharacterOffsetEnd=612 PartOfSpeech=RB] [Text=winds CharacterOffsetBegin=613 CharacterOffsetEnd=618 PartOfSpeech=NNS] [Text=up CharacterOffsetBegin=619 CharacterOffsetEnd=621 PartOfSpeech=IN] [Text=with CharacterOffsetBegin=622 CharacterOffsetEnd=626 PartOfSpeech=IN] [Text=espionage CharacterOffsetBegin=627 CharacterOffsetEnd=636 PartOfSpeech=NN] [Text=microfilm CharacterOffsetBegin=637 CharacterOffsetEnd=646 PartOfSpeech=NN] [Text=in CharacterOffsetBegin=647 CharacterOffsetEnd=649 PartOfSpeech=IN] [Text=his CharacterOffsetBegin=650 CharacterOffsetEnd=653 PartOfSpeech=PRP$] [Text=possession CharacterOffsetBegin=654 CharacterOffsetEnd=664 PartOfSpeech=NN] [Text=after CharacterOffsetBegin=665 CharacterOffsetEnd=670 PartOfSpeech=IN] [Text=pilfering CharacterOffsetBegin=671 CharacterOffsetEnd=680 PartOfSpeech=VBG] [Text=Peters CharacterOffsetBegin=681 CharacterOffsetEnd=687 PartOfSpeech=NNP] [Text=' CharacterOffsetBegin=687 CharacterOffsetEnd=688 PartOfSpeech=POS] [Text=purse CharacterOffsetBegin=689 CharacterOffsetEnd=694 PartOfSpeech=NN] [Text=. CharacterOffsetBegin=694 CharacterOffsetEnd=695 PartOfSpeech=.] 
root(ROOT-0, story-5)
det(story-2, The-1)
nsubj(story-5, story-2)
cop(story-5, is-3)
det(story-5, the-4)
advmod(story-5, here-6)
punct(story-5, -LRB--7)
mark(opposed-9, as-8)
advcl(-LRB--7, opposed-9)
prep(opposed-9, to-10)
pobj(to-10, visuals-11)
punct(visuals-11, ,-12)
conj(visuals-11, actors-13)
punct(visuals-11, ,-14)
conj(visuals-11, sound-15)
punct(visuals-11, ,-16)
conj(visuals-11, sets-17)
punct(visuals-11, ,-18)
advmod(up-29, etc.-19)
punct(up-29, -RRB--20)
prep(up-29, as-21)
det(winds-28, a-22)
amod(winds-28, pickpocket-23)
punct(Widmark-25, -LRB--24)
dep(winds-28, Widmark-25)
punct(Widmark-25, -RRB--26)
amod(winds-28, inadvertently-27)
pobj(as-21, winds-28)
advmod(visuals-11, up-29)
prep(up-29, with-30)
nn(microfilm-32, espionage-31)
pobj(with-30, microfilm-32)
prep(up-29, in-33)
poss(possession-35, his-34)
pobj(in-33, possession-35)
prep(up-29, after-36)
pcomp(after-36, pilfering-37)
poss(purse-40, Peters-38)
possessive(Peters-38, '-39)
dobj(pilfering-37, purse-40)
punct(opposed-9, .-41)

Sentence #5 (7 tokens):
(say that three times!)
[Text=-LRB- CharacterOffsetBegin=700 CharacterOffsetEnd=701 PartOfSpeech=-LRB-] [Text=say CharacterOffsetBegin=701 CharacterOffsetEnd=704 PartOfSpeech=VB] [Text=that CharacterOffsetBegin=705 CharacterOffsetEnd=709 PartOfSpeech=IN] [Text=three CharacterOffsetBegin=710 CharacterOffsetEnd=715 PartOfSpeech=CD] [Text=times CharacterOffsetBegin=716 CharacterOffsetEnd=721 PartOfSpeech=NNS] [Text=! CharacterOffsetBegin=721 CharacterOffsetEnd=722 PartOfSpeech=.] [Text=-RRB- CharacterOffsetBegin=722 CharacterOffsetEnd=723 PartOfSpeech=-RRB-] 
root(ROOT-0, say-2)
punct(say-2, -LRB--1)
dep(say-2, that-3)
num(times-5, three-4)
dep(that-3, times-5)
punct(times-5, !-6)
punct(say-2, -RRB--7)

Sentence #6 (1 tokens):
.
[Text=. CharacterOffsetBegin=723 CharacterOffsetEnd=724 PartOfSpeech=.] 
root(ROOT-0, .-1)

Sentence #7 (34 tokens):
Everyone but Peters is a believable character in this movie: Widmark, the cops, the U.S. agents and the Communists and, especially Ritter as "Moe," an informant.
[Text=Everyone CharacterOffsetBegin=729 CharacterOffsetEnd=737 PartOfSpeech=NN] [Text=but CharacterOffsetBegin=738 CharacterOffsetEnd=741 PartOfSpeech=CC] [Text=Peters CharacterOffsetBegin=742 CharacterOffsetEnd=748 PartOfSpeech=NNP] [Text=is CharacterOffsetBegin=749 CharacterOffsetEnd=751 PartOfSpeech=VBZ] [Text=a CharacterOffsetBegin=752 CharacterOffsetEnd=753 PartOfSpeech=DT] [Text=believable CharacterOffsetBegin=754 CharacterOffsetEnd=764 PartOfSpeech=JJ] [Text=character CharacterOffsetBegin=765 CharacterOffsetEnd=774 PartOfSpeech=NN] [Text=in CharacterOffsetBegin=775 CharacterOffsetEnd=777 PartOfSpeech=IN] [Text=this CharacterOffsetBegin=778 CharacterOffsetEnd=782 PartOfSpeech=DT] [Text=movie CharacterOffsetBegin=783 CharacterOffsetEnd=788 PartOfSpeech=NN] [Text=: CharacterOffsetBegin=788 CharacterOffsetEnd=789 PartOfSpeech=:] [Text=Widmark CharacterOffsetBegin=790 CharacterOffsetEnd=797 PartOfSpeech=NNP] [Text=, CharacterOffsetBegin=797 CharacterOffsetEnd=798 PartOfSpeech=,] [Text=the CharacterOffsetBegin=799 CharacterOffsetEnd=802 PartOfSpeech=DT] [Text=cops CharacterOffsetBegin=803 CharacterOffsetEnd=807 PartOfSpeech=NNS] [Text=, CharacterOffsetBegin=807 CharacterOffsetEnd=808 PartOfSpeech=,] [Text=the CharacterOffsetBegin=809 CharacterOffsetEnd=812 PartOfSpeech=DT] [Text=U.S. CharacterOffsetBegin=813 CharacterOffsetEnd=817 PartOfSpeech=NNP] [Text=agents CharacterOffsetBegin=818 CharacterOffsetEnd=824 PartOfSpeech=NNS] [Text=and CharacterOffsetBegin=825 CharacterOffsetEnd=828 PartOfSpeech=CC] [Text=the CharacterOffsetBegin=829 CharacterOffsetEnd=832 PartOfSpeech=DT] [Text=Communists CharacterOffsetBegin=833 CharacterOffsetEnd=843 PartOfSpeech=NNPS] [Text=and CharacterOffsetBegin=844 CharacterOffsetEnd=847 PartOfSpeech=CC] [Text=, CharacterOffsetBegin=847 CharacterOffsetEnd=848 PartOfSpeech=,] [Text=especially CharacterOffsetBegin=849 CharacterOffsetEnd=859 PartOfSpeech=RB] [Text=Ritter CharacterOffsetBegin=860 CharacterOffsetEnd=866 PartOfSpeech=NNP] [Text=as CharacterOffsetBegin=867 CharacterOffsetEnd=869 PartOfSpeech=IN] [Text=`` CharacterOffsetBegin=870 CharacterOffsetEnd=871 PartOfSpeech=``] [Text=Moe CharacterOffsetBegin=871 CharacterOffsetEnd=874 PartOfSpeech=NNP] [Text=, CharacterOffsetBegin=874 CharacterOffsetEnd=875 PartOfSpeech=,] [Text='' CharacterOffsetBegin=875 CharacterOffsetEnd=876 PartOfSpeech=''] [Text=an CharacterOffsetBegin=877 CharacterOffsetEnd=879 PartOfSpeech=DT] [Text=informant CharacterOffsetBegin=880 CharacterOffsetEnd=889 PartOfSpeech=NN] [Text=. CharacterOffsetBegin=889 CharacterOffsetEnd=890 PartOfSpeech=.] 
root(ROOT-0, character-7)
nsubj(character-7, Everyone-1)
cc(Everyone-1, but-2)
conj(Everyone-1, Peters-3)
cop(character-7, is-4)
det(character-7, a-5)
amod(character-7, believable-6)
prep(character-7, in-8)
det(movie-10, this-9)
pobj(in-8, movie-10)
punct(character-7, :-11)
dep(character-7, Widmark-12)
punct(Widmark-12, ,-13)
det(cops-15, the-14)
appos(Widmark-12, cops-15)
punct(Widmark-12, ,-16)
det(agents-19, the-17)
nn(agents-19, U.S.-18)
appos(Widmark-12, agents-19)
cc(agents-19, and-20)
det(Communists-22, the-21)
conj(agents-19, Communists-22)
cc(agents-19, and-23)
punct(agents-19, ,-24)
advmod(Ritter-26, especially-25)
dep(Widmark-12, Ritter-26)
prep(Ritter-26, as-27)
punct(Moe-29, ``-28)
pobj(as-27, Moe-29)
punct(Moe-29, ,-30)
punct(Moe-29, ''-31)
det(informant-33, an-32)
dep(Moe-29, informant-33)
punct(character-7, .-34)

Sentence #8 (44 tokens):
She and Widmark are the stars of this film.Peters does a decent job of playing the cheap floozy but loses her credibility early on by "falling in love" with Widmark on the first meeting even though he's nasty to her.
[Text=She CharacterOffsetBegin=895 CharacterOffsetEnd=898 PartOfSpeech=PRP] [Text=and CharacterOffsetBegin=899 CharacterOffsetEnd=902 PartOfSpeech=CC] [Text=Widmark CharacterOffsetBegin=903 CharacterOffsetEnd=910 PartOfSpeech=NNP] [Text=are CharacterOffsetBegin=911 CharacterOffsetEnd=914 PartOfSpeech=VBP] [Text=the CharacterOffsetBegin=915 CharacterOffsetEnd=918 PartOfSpeech=DT] [Text=stars CharacterOffsetBegin=919 CharacterOffsetEnd=924 PartOfSpeech=NNS] [Text=of CharacterOffsetBegin=925 CharacterOffsetEnd=927 PartOfSpeech=IN] [Text=this CharacterOffsetBegin=928 CharacterOffsetEnd=932 PartOfSpeech=DT] [Text=film.Peters CharacterOffsetBegin=933 CharacterOffsetEnd=944 PartOfSpeech=NN] [Text=does CharacterOffsetBegin=945 CharacterOffsetEnd=949 PartOfSpeech=VBZ] [Text=a CharacterOffsetBegin=950 CharacterOffsetEnd=951 PartOfSpeech=DT] [Text=decent CharacterOffsetBegin=952 CharacterOffsetEnd=958 PartOfSpeech=JJ] [Text=job CharacterOffsetBegin=959 CharacterOffsetEnd=962 PartOfSpeech=NN] [Text=of CharacterOffsetBegin=963 CharacterOffsetEnd=965 PartOfSpeech=IN] [Text=playing CharacterOffsetBegin=966 CharacterOffsetEnd=973 PartOfSpeech=VBG] [Text=the CharacterOffsetBegin=974 CharacterOffsetEnd=977 PartOfSpeech=DT] [Text=cheap CharacterOffsetBegin=978 CharacterOffsetEnd=983 PartOfSpeech=JJ] [Text=floozy CharacterOffsetBegin=984 CharacterOffsetEnd=990 PartOfSpeech=NN] [Text=but CharacterOffsetBegin=991 CharacterOffsetEnd=994 PartOfSpeech=CC] [Text=loses CharacterOffsetBegin=995 CharacterOffsetEnd=1000 PartOfSpeech=VBZ] [Text=her CharacterOffsetBegin=1001 CharacterOffsetEnd=1004 PartOfSpeech=PRP$] [Text=credibility CharacterOffsetBegin=1005 CharacterOffsetEnd=1016 PartOfSpeech=NN] [Text=early CharacterOffsetBegin=1017 CharacterOffsetEnd=1022 PartOfSpeech=RB] [Text=on CharacterOffsetBegin=1023 CharacterOffsetEnd=1025 PartOfSpeech=IN] [Text=by CharacterOffsetBegin=1026 CharacterOffsetEnd=1028 PartOfSpeech=IN] [Text=`` CharacterOffsetBegin=1029 CharacterOffsetEnd=1030 PartOfSpeech=``] [Text=falling CharacterOffsetBegin=1030 CharacterOffsetEnd=1037 PartOfSpeech=VBG] [Text=in CharacterOffsetBegin=1038 CharacterOffsetEnd=1040 PartOfSpeech=IN] [Text=love CharacterOffsetBegin=1041 CharacterOffsetEnd=1045 PartOfSpeech=NN] [Text='' CharacterOffsetBegin=1045 CharacterOffsetEnd=1046 PartOfSpeech=''] [Text=with CharacterOffsetBegin=1047 CharacterOffsetEnd=1051 PartOfSpeech=IN] [Text=Widmark CharacterOffsetBegin=1052 CharacterOffsetEnd=1059 PartOfSpeech=NNP] [Text=on CharacterOffsetBegin=1060 CharacterOffsetEnd=1062 PartOfSpeech=IN] [Text=the CharacterOffsetBegin=1063 CharacterOffsetEnd=1066 PartOfSpeech=DT] [Text=first CharacterOffsetBegin=1067 CharacterOffsetEnd=1072 PartOfSpeech=JJ] [Text=meeting CharacterOffsetBegin=1073 CharacterOffsetEnd=1080 PartOfSpeech=NN] [Text=even CharacterOffsetBegin=1081 CharacterOffsetEnd=1085 PartOfSpeech=RB] [Text=though CharacterOffsetBegin=1086 CharacterOffsetEnd=1092 PartOfSpeech=IN] [Text=he CharacterOffsetBegin=1093 CharacterOffsetEnd=1095 PartOfSpeech=PRP] [Text='s CharacterOffsetBegin=1095 CharacterOffsetEnd=1097 PartOfSpeech=VBZ] [Text=nasty CharacterOffsetBegin=1098 CharacterOffsetEnd=1103 PartOfSpeech=JJ] [Text=to CharacterOffsetBegin=1104 CharacterOffsetEnd=1106 PartOfSpeech=TO] [Text=her CharacterOffsetBegin=1107 CharacterOffsetEnd=1110 PartOfSpeech=PRP] [Text=. CharacterOffsetBegin=1110 CharacterOffsetEnd=1111 PartOfSpeech=.] 
root(ROOT-0, stars-6)
nsubj(stars-6, She-1)
cc(She-1, and-2)
conj(She-1, Widmark-3)
cop(stars-6, are-4)
det(stars-6, the-5)
prep(stars-6, of-7)
det(film.Peters-9, this-8)
pobj(of-7, film.Peters-9)
dep(stars-6, does-10)
det(job-13, a-11)
amod(job-13, decent-12)
dobj(does-10, job-13)
prep(job-13, of-14)
pcomp(of-14, playing-15)
det(floozy-18, the-16)
amod(floozy-18, cheap-17)
dobj(playing-15, floozy-18)
cc(does-10, but-19)
conj(does-10, loses-20)
poss(credibility-22, her-21)
dobj(loses-20, credibility-22)
advmod(on-24, early-23)
prep(loses-20, on-24)
prep(on-24, by-25)
punct(by-25, ``-26)
pcomp(by-25, falling-27)
prep(falling-27, in-28)
pobj(in-28, love-29)
punct(falling-27, ''-30)
prep(falling-27, with-31)
pobj(with-31, Widmark-32)
prep(falling-27, on-33)
det(meeting-36, the-34)
amod(meeting-36, first-35)
pobj(on-33, meeting-36)
advmod(nasty-41, even-37)
mark(nasty-41, though-38)
nsubj(nasty-41, he-39)
cop(nasty-41, 's-40)
advcl(falling-27, nasty-41)
prep(nasty-41, to-42)
pobj(to-42, her-43)
punct(stars-6, .-44)

Sentence #9 (6 tokens):
Only in world of film!!
[Text=Only CharacterOffsetBegin=1116 CharacterOffsetEnd=1120 PartOfSpeech=RB] [Text=in CharacterOffsetBegin=1121 CharacterOffsetEnd=1123 PartOfSpeech=IN] [Text=world CharacterOffsetBegin=1124 CharacterOffsetEnd=1129 PartOfSpeech=NN] [Text=of CharacterOffsetBegin=1130 CharacterOffsetEnd=1132 PartOfSpeech=IN] [Text=film CharacterOffsetBegin=1133 CharacterOffsetEnd=1137 PartOfSpeech=NN] [Text=!! CharacterOffsetBegin=1137 CharacterOffsetEnd=1139 PartOfSpeech=CD] 
root(ROOT-0, in-2)
advmod(in-2, Only-1)
pobj(in-2, world-3)
prep(world-3, of-4)
pobj(of-4, film-5)
num(film-5, !!-6)

Sentence #10 (41 tokens):
Too bad, because that ludicrous romance part of the story takes away from it.This an average film noir which means good, but not great and certainly not worth owning at a price of $25-$35.
[Text=Too CharacterOffsetBegin=1144 CharacterOffsetEnd=1147 PartOfSpeech=RB] [Text=bad CharacterOffsetBegin=1148 CharacterOffsetEnd=1151 PartOfSpeech=JJ] [Text=, CharacterOffsetBegin=1151 CharacterOffsetEnd=1152 PartOfSpeech=,] [Text=because CharacterOffsetBegin=1153 CharacterOffsetEnd=1160 PartOfSpeech=IN] [Text=that CharacterOffsetBegin=1161 CharacterOffsetEnd=1165 PartOfSpeech=DT] [Text=ludicrous CharacterOffsetBegin=1166 CharacterOffsetEnd=1175 PartOfSpeech=JJ] [Text=romance CharacterOffsetBegin=1176 CharacterOffsetEnd=1183 PartOfSpeech=NN] [Text=part CharacterOffsetBegin=1184 CharacterOffsetEnd=1188 PartOfSpeech=NN] [Text=of CharacterOffsetBegin=1189 CharacterOffsetEnd=1191 PartOfSpeech=IN] [Text=the CharacterOffsetBegin=1192 CharacterOffsetEnd=1195 PartOfSpeech=DT] [Text=story CharacterOffsetBegin=1196 CharacterOffsetEnd=1201 PartOfSpeech=NN] [Text=takes CharacterOffsetBegin=1202 CharacterOffsetEnd=1207 PartOfSpeech=VBZ] [Text=away CharacterOffsetBegin=1208 CharacterOffsetEnd=1212 PartOfSpeech=RP] [Text=from CharacterOffsetBegin=1213 CharacterOffsetEnd=1217 PartOfSpeech=IN] [Text=it.This CharacterOffsetBegin=1218 CharacterOffsetEnd=1225 PartOfSpeech=NNP] [Text=an CharacterOffsetBegin=1226 CharacterOffsetEnd=1228 PartOfSpeech=DT] [Text=average CharacterOffsetBegin=1229 CharacterOffsetEnd=1236 PartOfSpeech=JJ] [Text=film CharacterOffsetBegin=1237 CharacterOffsetEnd=1241 PartOfSpeech=NN] [Text=noir CharacterOffsetBegin=1242 CharacterOffsetEnd=1246 PartOfSpeech=JJ] [Text=which CharacterOffsetBegin=1247 CharacterOffsetEnd=1252 PartOfSpeech=WDT] [Text=means CharacterOffsetBegin=1253 CharacterOffsetEnd=1258 PartOfSpeech=VBZ] [Text=good CharacterOffsetBegin=1259 CharacterOffsetEnd=1263 PartOfSpeech=JJ] [Text=, CharacterOffsetBegin=1263 CharacterOffsetEnd=1264 PartOfSpeech=,] [Text=but CharacterOffsetBegin=1265 CharacterOffsetEnd=1268 PartOfSpeech=CC] [Text=not CharacterOffsetBegin=1269 CharacterOffsetEnd=1272 PartOfSpeech=RB] [Text=great CharacterOffsetBegin=1273 CharacterOffsetEnd=1278 PartOfSpeech=JJ] [Text=and CharacterOffsetBegin=1279 CharacterOffsetEnd=1282 PartOfSpeech=CC] [Text=certainly CharacterOffsetBegin=1283 CharacterOffsetEnd=1292 PartOfSpeech=RB] [Text=not CharacterOffsetBegin=1293 CharacterOffsetEnd=1296 PartOfSpeech=RB] [Text=worth CharacterOffsetBegin=1297 CharacterOffsetEnd=1302 PartOfSpeech=JJ] [Text=owning CharacterOffsetBegin=1303 CharacterOffsetEnd=1309 PartOfSpeech=VBG] [Text=at CharacterOffsetBegin=1310 CharacterOffsetEnd=1312 PartOfSpeech=IN] [Text=a CharacterOffsetBegin=1313 CharacterOffsetEnd=1314 PartOfSpeech=DT] [Text=price CharacterOffsetBegin=1315 CharacterOffsetEnd=1320 PartOfSpeech=NN] [Text=of CharacterOffsetBegin=1321 CharacterOffsetEnd=1323 PartOfSpeech=IN] [Text=$ CharacterOffsetBegin=1324 CharacterOffsetEnd=1325 PartOfSpeech=$] [Text=25 CharacterOffsetBegin=1325 CharacterOffsetEnd=1327 PartOfSpeech=CD] [Text=- CharacterOffsetBegin=1327 CharacterOffsetEnd=1328 PartOfSpeech=:] [Text=$ CharacterOffsetBegin=1328 CharacterOffsetEnd=1329 PartOfSpeech=$] [Text=35 CharacterOffsetBegin=1329 CharacterOffsetEnd=1331 PartOfSpeech=CD] [Text=. CharacterOffsetBegin=1331 CharacterOffsetEnd=1332 PartOfSpeech=.] 
root(ROOT-0, bad-2)
advmod(bad-2, Too-1)
punct(bad-2, ,-3)
mark(takes-12, because-4)
det(part-8, that-5)
amod(part-8, ludicrous-6)
nn(part-8, romance-7)
nsubj(takes-12, part-8)
prep(part-8, of-9)
det(story-11, the-10)
pobj(of-9, story-11)
advcl(bad-2, takes-12)
prt(takes-12, away-13)
prep(takes-12, from-14)
pobj(from-14, it.This-15)
det(film-18, an-16)
amod(film-18, average-17)
dobj(takes-12, film-18)
amod(film-18, noir-19)
nsubj(means-21, which-20)
rcmod(noir-19, means-21)
acomp(means-21, good-22)
punct(means-21, ,-23)
cc(means-21, but-24)
neg(great-26, not-25)
conj(means-21, great-26)
cc(great-26, and-27)
advmod(worth-30, certainly-28)
neg(worth-30, not-29)
conj(great-26, worth-30)
dep(great-26, owning-31)
prep(owning-31, at-32)
det(price-34, a-33)
pobj(at-32, price-34)
prep(price-34, of-35)
pobj(of-35, $-36)
num($-36, 25-37)
punct($-36, --38)
dep($-36, $-39)
num($-39, 35-40)
punct(bad-2, .-41)

Sentence #11 (16 tokens):
For that price, one could do a lot better in the film noir market.
[Text=For CharacterOffsetBegin=1337 CharacterOffsetEnd=1340 PartOfSpeech=IN] [Text=that CharacterOffsetBegin=1341 CharacterOffsetEnd=1345 PartOfSpeech=DT] [Text=price CharacterOffsetBegin=1346 CharacterOffsetEnd=1351 PartOfSpeech=NN] [Text=, CharacterOffsetBegin=1351 CharacterOffsetEnd=1352 PartOfSpeech=,] [Text=one CharacterOffsetBegin=1353 CharacterOffsetEnd=1356 PartOfSpeech=CD] [Text=could CharacterOffsetBegin=1357 CharacterOffsetEnd=1362 PartOfSpeech=MD] [Text=do CharacterOffsetBegin=1363 CharacterOffsetEnd=1365 PartOfSpeech=VB] [Text=a CharacterOffsetBegin=1366 CharacterOffsetEnd=1367 PartOfSpeech=DT] [Text=lot CharacterOffsetBegin=1368 CharacterOffsetEnd=1371 PartOfSpeech=NN] [Text=better CharacterOffsetBegin=1372 CharacterOffsetEnd=1378 PartOfSpeech=RBR] [Text=in CharacterOffsetBegin=1379 CharacterOffsetEnd=1381 PartOfSpeech=IN] [Text=the CharacterOffsetBegin=1382 CharacterOffsetEnd=1385 PartOfSpeech=DT] [Text=film CharacterOffsetBegin=1386 CharacterOffsetEnd=1390 PartOfSpeech=NN] [Text=noir CharacterOffsetBegin=1391 CharacterOffsetEnd=1395 PartOfSpeech=JJ] [Text=market CharacterOffsetBegin=1396 CharacterOffsetEnd=1402 PartOfSpeech=NN] [Text=. CharacterOffsetBegin=1402 CharacterOffsetEnd=1403 PartOfSpeech=.] 
root(ROOT-0, do-7)
prep(do-7, For-1)
det(price-3, that-2)
pobj(For-1, price-3)
punct(do-7, ,-4)
nsubj(do-7, one-5)
aux(do-7, could-6)
det(lot-9, a-8)
npadvmod(better-10, lot-9)
advmod(do-7, better-10)
prep(do-7, in-11)
det(market-15, the-12)
nn(market-15, film-13)
amod(market-15, noir-14)
pobj(in-11, market-15)
punct(do-7, .-16)

