Sentence #1 (23 tokens):
This is a classic British comedy-thriller I had always wanted to check out but no opportunity had arisen for that until now.
[Text=This CharacterOffsetBegin=4 CharacterOffsetEnd=8 PartOfSpeech=DT] [Text=is CharacterOffsetBegin=9 CharacterOffsetEnd=11 PartOfSpeech=VBZ] [Text=a CharacterOffsetBegin=12 CharacterOffsetEnd=13 PartOfSpeech=DT] [Text=classic CharacterOffsetBegin=14 CharacterOffsetEnd=21 PartOfSpeech=JJ] [Text=British CharacterOffsetBegin=22 CharacterOffsetEnd=29 PartOfSpeech=JJ] [Text=comedy-thriller CharacterOffsetBegin=30 CharacterOffsetEnd=45 PartOfSpeech=NN] [Text=I CharacterOffsetBegin=46 CharacterOffsetEnd=47 PartOfSpeech=PRP] [Text=had CharacterOffsetBegin=48 CharacterOffsetEnd=51 PartOfSpeech=VBD] [Text=always CharacterOffsetBegin=52 CharacterOffsetEnd=58 PartOfSpeech=RB] [Text=wanted CharacterOffsetBegin=59 CharacterOffsetEnd=65 PartOfSpeech=VBN] [Text=to CharacterOffsetBegin=66 CharacterOffsetEnd=68 PartOfSpeech=TO] [Text=check CharacterOffsetBegin=69 CharacterOffsetEnd=74 PartOfSpeech=VB] [Text=out CharacterOffsetBegin=75 CharacterOffsetEnd=78 PartOfSpeech=RP] [Text=but CharacterOffsetBegin=79 CharacterOffsetEnd=82 PartOfSpeech=CC] [Text=no CharacterOffsetBegin=83 CharacterOffsetEnd=85 PartOfSpeech=DT] [Text=opportunity CharacterOffsetBegin=86 CharacterOffsetEnd=97 PartOfSpeech=NN] [Text=had CharacterOffsetBegin=98 CharacterOffsetEnd=101 PartOfSpeech=VBD] [Text=arisen CharacterOffsetBegin=102 CharacterOffsetEnd=108 PartOfSpeech=VBN] [Text=for CharacterOffsetBegin=109 CharacterOffsetEnd=112 PartOfSpeech=IN] [Text=that CharacterOffsetBegin=113 CharacterOffsetEnd=117 PartOfSpeech=DT] [Text=until CharacterOffsetBegin=118 CharacterOffsetEnd=123 PartOfSpeech=IN] [Text=now CharacterOffsetBegin=124 CharacterOffsetEnd=127 PartOfSpeech=RB] [Text=. CharacterOffsetBegin=127 CharacterOffsetEnd=128 PartOfSpeech=.] 
root(ROOT-0, comedy-thriller-6)
nsubj(comedy-thriller-6, This-1)
cop(comedy-thriller-6, is-2)
det(comedy-thriller-6, a-3)
amod(comedy-thriller-6, classic-4)
amod(comedy-thriller-6, British-5)
nsubj(wanted-10, I-7)
aux(wanted-10, had-8)
advmod(wanted-10, always-9)
rcmod(comedy-thriller-6, wanted-10)
aux(check-12, to-11)
xcomp(wanted-10, check-12)
prt(check-12, out-13)
cc(check-12, but-14)
det(opportunity-16, no-15)
nsubj(arisen-18, opportunity-16)
aux(arisen-18, had-17)
conj(check-12, arisen-18)
prep(arisen-18, for-19)
pobj(for-19, that-20)
prep(arisen-18, until-21)
pcomp(until-21, now-22)
punct(comedy-thriller-6, .-23)

Sentence #2 (43 tokens):
It's based on a popular stage play which had already been filmed a number of times previously (most notably in 1931 by the same director but, unfortunately, this version seems not to have survived in its entirety!
    )
[Text=It CharacterOffsetBegin=133 CharacterOffsetEnd=135 PartOfSpeech=PRP] [Text='s CharacterOffsetBegin=135 CharacterOffsetEnd=137 PartOfSpeech=VBZ] [Text=based CharacterOffsetBegin=138 CharacterOffsetEnd=143 PartOfSpeech=VBN] [Text=on CharacterOffsetBegin=144 CharacterOffsetEnd=146 PartOfSpeech=IN] [Text=a CharacterOffsetBegin=147 CharacterOffsetEnd=148 PartOfSpeech=DT] [Text=popular CharacterOffsetBegin=149 CharacterOffsetEnd=156 PartOfSpeech=JJ] [Text=stage CharacterOffsetBegin=157 CharacterOffsetEnd=162 PartOfSpeech=NN] [Text=play CharacterOffsetBegin=163 CharacterOffsetEnd=167 PartOfSpeech=NN] [Text=which CharacterOffsetBegin=168 CharacterOffsetEnd=173 PartOfSpeech=WDT] [Text=had CharacterOffsetBegin=174 CharacterOffsetEnd=177 PartOfSpeech=VBD] [Text=already CharacterOffsetBegin=178 CharacterOffsetEnd=185 PartOfSpeech=RB] [Text=been CharacterOffsetBegin=186 CharacterOffsetEnd=190 PartOfSpeech=VBN] [Text=filmed CharacterOffsetBegin=191 CharacterOffsetEnd=197 PartOfSpeech=VBN] [Text=a CharacterOffsetBegin=198 CharacterOffsetEnd=199 PartOfSpeech=DT] [Text=number CharacterOffsetBegin=200 CharacterOffsetEnd=206 PartOfSpeech=NN] [Text=of CharacterOffsetBegin=207 CharacterOffsetEnd=209 PartOfSpeech=IN] [Text=times CharacterOffsetBegin=210 CharacterOffsetEnd=215 PartOfSpeech=NNS] [Text=previously CharacterOffsetBegin=216 CharacterOffsetEnd=226 PartOfSpeech=RB] [Text=-LRB- CharacterOffsetBegin=227 CharacterOffsetEnd=228 PartOfSpeech=-LRB-] [Text=most CharacterOffsetBegin=228 CharacterOffsetEnd=232 PartOfSpeech=RBS] [Text=notably CharacterOffsetBegin=233 CharacterOffsetEnd=240 PartOfSpeech=RB] [Text=in CharacterOffsetBegin=241 CharacterOffsetEnd=243 PartOfSpeech=IN] [Text=1931 CharacterOffsetBegin=244 CharacterOffsetEnd=248 PartOfSpeech=CD] [Text=by CharacterOffsetBegin=249 CharacterOffsetEnd=251 PartOfSpeech=IN] [Text=the CharacterOffsetBegin=252 CharacterOffsetEnd=255 PartOfSpeech=DT] [Text=same CharacterOffsetBegin=256 CharacterOffsetEnd=260 PartOfSpeech=JJ] [Text=director CharacterOffsetBegin=261 CharacterOffsetEnd=269 PartOfSpeech=NN] [Text=but CharacterOffsetBegin=270 CharacterOffsetEnd=273 PartOfSpeech=CC] [Text=, CharacterOffsetBegin=273 CharacterOffsetEnd=274 PartOfSpeech=,] [Text=unfortunately CharacterOffsetBegin=275 CharacterOffsetEnd=288 PartOfSpeech=RB] [Text=, CharacterOffsetBegin=288 CharacterOffsetEnd=289 PartOfSpeech=,] [Text=this CharacterOffsetBegin=290 CharacterOffsetEnd=294 PartOfSpeech=DT] [Text=version CharacterOffsetBegin=295 CharacterOffsetEnd=302 PartOfSpeech=NN] [Text=seems CharacterOffsetBegin=303 CharacterOffsetEnd=308 PartOfSpeech=VBZ] [Text=not CharacterOffsetBegin=309 CharacterOffsetEnd=312 PartOfSpeech=RB] [Text=to CharacterOffsetBegin=313 CharacterOffsetEnd=315 PartOfSpeech=TO] [Text=have CharacterOffsetBegin=316 CharacterOffsetEnd=320 PartOfSpeech=VB] [Text=survived CharacterOffsetBegin=321 CharacterOffsetEnd=329 PartOfSpeech=VBN] [Text=in CharacterOffsetBegin=330 CharacterOffsetEnd=332 PartOfSpeech=IN] [Text=its CharacterOffsetBegin=333 CharacterOffsetEnd=336 PartOfSpeech=PRP$] [Text=entirety CharacterOffsetBegin=337 CharacterOffsetEnd=345 PartOfSpeech=NN] [Text=! CharacterOffsetBegin=345 CharacterOffsetEnd=346 PartOfSpeech=.] [Text=-RRB- CharacterOffsetBegin=351 CharacterOffsetEnd=352 PartOfSpeech=-RRB-] 
root(ROOT-0, based-3)
nsubjpass(based-3, It-1)
auxpass(based-3, 's-2)
prep(based-3, on-4)
det(play-8, a-5)
amod(play-8, popular-6)
nn(play-8, stage-7)
pobj(on-4, play-8)
nsubj(filmed-13, which-9)
aux(filmed-13, had-10)
advmod(filmed-13, already-11)
auxpass(filmed-13, been-12)
rcmod(play-8, filmed-13)
det(number-15, a-14)
dobj(filmed-13, number-15)
prep(number-15, of-16)
pobj(of-16, times-17)
advmod(in-22, previously-18)
punct(in-22, -LRB--19)
advmod(notably-21, most-20)
advmod(in-22, notably-21)
prep(filmed-13, in-22)
pobj(in-22, 1931-23)
prep(filmed-13, by-24)
det(director-27, the-25)
amod(director-27, same-26)
pobj(by-24, director-27)
cc(filmed-13, but-28)
punct(filmed-13, ,-29)
conj(filmed-13, unfortunately-30)
punct(filmed-13, ,-31)
det(version-33, this-32)
nsubj(seems-34, version-33)
ccomp(filmed-13, seems-34)
neg(survived-38, not-35)
aux(survived-38, to-36)
aux(survived-38, have-37)
xcomp(seems-34, survived-38)
prep(survived-38, in-39)
poss(entirety-41, its-40)
pobj(in-39, entirety-41)
punct(based-3, !-42)
punct(based-3, -RRB--43)

Sentence #3 (92 tokens):
; for the remake under review, the plot has been updated to the then-current wartime situation.Anyway, I was mainly familiar with early British comedians through the films of Will Hay: given that this one features a similar plot of legendary hauntings, smuggling and enemy agents, it's very much in that vein (it was actually scripted by Hay's regular writing team of Marriott Edgar, Val Guest and J.O.C.
    Orton); the stranded travelers element, then, was an equally tried-and-true formula.
[Text=; CharacterOffsetBegin=352 CharacterOffsetEnd=353 PartOfSpeech=:] [Text=for CharacterOffsetBegin=354 CharacterOffsetEnd=357 PartOfSpeech=IN] [Text=the CharacterOffsetBegin=358 CharacterOffsetEnd=361 PartOfSpeech=DT] [Text=remake CharacterOffsetBegin=362 CharacterOffsetEnd=368 PartOfSpeech=NN] [Text=under CharacterOffsetBegin=369 CharacterOffsetEnd=374 PartOfSpeech=IN] [Text=review CharacterOffsetBegin=375 CharacterOffsetEnd=381 PartOfSpeech=NN] [Text=, CharacterOffsetBegin=381 CharacterOffsetEnd=382 PartOfSpeech=,] [Text=the CharacterOffsetBegin=383 CharacterOffsetEnd=386 PartOfSpeech=DT] [Text=plot CharacterOffsetBegin=387 CharacterOffsetEnd=391 PartOfSpeech=NN] [Text=has CharacterOffsetBegin=392 CharacterOffsetEnd=395 PartOfSpeech=VBZ] [Text=been CharacterOffsetBegin=396 CharacterOffsetEnd=400 PartOfSpeech=VBN] [Text=updated CharacterOffsetBegin=401 CharacterOffsetEnd=408 PartOfSpeech=VBN] [Text=to CharacterOffsetBegin=409 CharacterOffsetEnd=411 PartOfSpeech=TO] [Text=the CharacterOffsetBegin=412 CharacterOffsetEnd=415 PartOfSpeech=DT] [Text=then-current CharacterOffsetBegin=416 CharacterOffsetEnd=428 PartOfSpeech=JJ] [Text=wartime CharacterOffsetBegin=429 CharacterOffsetEnd=436 PartOfSpeech=NN] [Text=situation.Anyway CharacterOffsetBegin=437 CharacterOffsetEnd=453 PartOfSpeech=NN] [Text=, CharacterOffsetBegin=453 CharacterOffsetEnd=454 PartOfSpeech=,] [Text=I CharacterOffsetBegin=455 CharacterOffsetEnd=456 PartOfSpeech=PRP] [Text=was CharacterOffsetBegin=457 CharacterOffsetEnd=460 PartOfSpeech=VBD] [Text=mainly CharacterOffsetBegin=461 CharacterOffsetEnd=467 PartOfSpeech=RB] [Text=familiar CharacterOffsetBegin=468 CharacterOffsetEnd=476 PartOfSpeech=JJ] [Text=with CharacterOffsetBegin=477 CharacterOffsetEnd=481 PartOfSpeech=IN] [Text=early CharacterOffsetBegin=482 CharacterOffsetEnd=487 PartOfSpeech=JJ] [Text=British CharacterOffsetBegin=488 CharacterOffsetEnd=495 PartOfSpeech=JJ] [Text=comedians CharacterOffsetBegin=496 CharacterOffsetEnd=505 PartOfSpeech=NNS] [Text=through CharacterOffsetBegin=506 CharacterOffsetEnd=513 PartOfSpeech=IN] [Text=the CharacterOffsetBegin=514 CharacterOffsetEnd=517 PartOfSpeech=DT] [Text=films CharacterOffsetBegin=518 CharacterOffsetEnd=523 PartOfSpeech=NNS] [Text=of CharacterOffsetBegin=524 CharacterOffsetEnd=526 PartOfSpeech=IN] [Text=Will CharacterOffsetBegin=527 CharacterOffsetEnd=531 PartOfSpeech=NNP] [Text=Hay CharacterOffsetBegin=532 CharacterOffsetEnd=535 PartOfSpeech=NNP] [Text=: CharacterOffsetBegin=535 CharacterOffsetEnd=536 PartOfSpeech=:] [Text=given CharacterOffsetBegin=537 CharacterOffsetEnd=542 PartOfSpeech=VBN] [Text=that CharacterOffsetBegin=543 CharacterOffsetEnd=547 PartOfSpeech=IN] [Text=this CharacterOffsetBegin=548 CharacterOffsetEnd=552 PartOfSpeech=DT] [Text=one CharacterOffsetBegin=553 CharacterOffsetEnd=556 PartOfSpeech=CD] [Text=features CharacterOffsetBegin=557 CharacterOffsetEnd=565 PartOfSpeech=VBZ] [Text=a CharacterOffsetBegin=566 CharacterOffsetEnd=567 PartOfSpeech=DT] [Text=similar CharacterOffsetBegin=568 CharacterOffsetEnd=575 PartOfSpeech=JJ] [Text=plot CharacterOffsetBegin=576 CharacterOffsetEnd=580 PartOfSpeech=NN] [Text=of CharacterOffsetBegin=581 CharacterOffsetEnd=583 PartOfSpeech=IN] [Text=legendary CharacterOffsetBegin=584 CharacterOffsetEnd=593 PartOfSpeech=JJ] [Text=hauntings CharacterOffsetBegin=594 CharacterOffsetEnd=603 PartOfSpeech=NNS] [Text=, CharacterOffsetBegin=603 CharacterOffsetEnd=604 PartOfSpeech=,] [Text=smuggling CharacterOffsetBegin=605 CharacterOffsetEnd=614 PartOfSpeech=NN] [Text=and CharacterOffsetBegin=615 CharacterOffsetEnd=618 PartOfSpeech=CC] [Text=enemy CharacterOffsetBegin=619 CharacterOffsetEnd=624 PartOfSpeech=NN] [Text=agents CharacterOffsetBegin=625 CharacterOffsetEnd=631 PartOfSpeech=NNS] [Text=, CharacterOffsetBegin=631 CharacterOffsetEnd=632 PartOfSpeech=,] [Text=it CharacterOffsetBegin=633 CharacterOffsetEnd=635 PartOfSpeech=PRP] [Text='s CharacterOffsetBegin=635 CharacterOffsetEnd=637 PartOfSpeech=VBZ] [Text=very CharacterOffsetBegin=638 CharacterOffsetEnd=642 PartOfSpeech=RB] [Text=much CharacterOffsetBegin=643 CharacterOffsetEnd=647 PartOfSpeech=JJ] [Text=in CharacterOffsetBegin=648 CharacterOffsetEnd=650 PartOfSpeech=IN] [Text=that CharacterOffsetBegin=651 CharacterOffsetEnd=655 PartOfSpeech=DT] [Text=vein CharacterOffsetBegin=656 CharacterOffsetEnd=660 PartOfSpeech=NN] [Text=-LRB- CharacterOffsetBegin=661 CharacterOffsetEnd=662 PartOfSpeech=-LRB-] [Text=it CharacterOffsetBegin=662 CharacterOffsetEnd=664 PartOfSpeech=PRP] [Text=was CharacterOffsetBegin=665 CharacterOffsetEnd=668 PartOfSpeech=VBD] [Text=actually CharacterOffsetBegin=669 CharacterOffsetEnd=677 PartOfSpeech=RB] [Text=scripted CharacterOffsetBegin=678 CharacterOffsetEnd=686 PartOfSpeech=VBN] [Text=by CharacterOffsetBegin=687 CharacterOffsetEnd=689 PartOfSpeech=IN] [Text=Hay CharacterOffsetBegin=690 CharacterOffsetEnd=693 PartOfSpeech=NN] [Text='s CharacterOffsetBegin=693 CharacterOffsetEnd=695 PartOfSpeech=POS] [Text=regular CharacterOffsetBegin=696 CharacterOffsetEnd=703 PartOfSpeech=JJ] [Text=writing CharacterOffsetBegin=704 CharacterOffsetEnd=711 PartOfSpeech=VBG] [Text=team CharacterOffsetBegin=712 CharacterOffsetEnd=716 PartOfSpeech=NN] [Text=of CharacterOffsetBegin=717 CharacterOffsetEnd=719 PartOfSpeech=IN] [Text=Marriott CharacterOffsetBegin=720 CharacterOffsetEnd=728 PartOfSpeech=NNP] [Text=Edgar CharacterOffsetBegin=729 CharacterOffsetEnd=734 PartOfSpeech=NNP] [Text=, CharacterOffsetBegin=734 CharacterOffsetEnd=735 PartOfSpeech=,] [Text=Val CharacterOffsetBegin=736 CharacterOffsetEnd=739 PartOfSpeech=NN] [Text=Guest CharacterOffsetBegin=740 CharacterOffsetEnd=745 PartOfSpeech=NN] [Text=and CharacterOffsetBegin=746 CharacterOffsetEnd=749 PartOfSpeech=CC] [Text=J.O.C. CharacterOffsetBegin=750 CharacterOffsetEnd=756 PartOfSpeech=NNP] [Text=Orton CharacterOffsetBegin=761 CharacterOffsetEnd=766 PartOfSpeech=NNP] [Text=-RRB- CharacterOffsetBegin=766 CharacterOffsetEnd=767 PartOfSpeech=-RRB-] [Text=; CharacterOffsetBegin=767 CharacterOffsetEnd=768 PartOfSpeech=:] [Text=the CharacterOffsetBegin=769 CharacterOffsetEnd=772 PartOfSpeech=DT] [Text=stranded CharacterOffsetBegin=773 CharacterOffsetEnd=781 PartOfSpeech=JJ] [Text=travelers CharacterOffsetBegin=782 CharacterOffsetEnd=791 PartOfSpeech=NNS] [Text=element CharacterOffsetBegin=792 CharacterOffsetEnd=799 PartOfSpeech=NN] [Text=, CharacterOffsetBegin=799 CharacterOffsetEnd=800 PartOfSpeech=,] [Text=then CharacterOffsetBegin=801 CharacterOffsetEnd=805 PartOfSpeech=RB] [Text=, CharacterOffsetBegin=805 CharacterOffsetEnd=806 PartOfSpeech=,] [Text=was CharacterOffsetBegin=807 CharacterOffsetEnd=810 PartOfSpeech=VBD] [Text=an CharacterOffsetBegin=811 CharacterOffsetEnd=813 PartOfSpeech=DT] [Text=equally CharacterOffsetBegin=814 CharacterOffsetEnd=821 PartOfSpeech=RB] [Text=tried-and-true CharacterOffsetBegin=822 CharacterOffsetEnd=836 PartOfSpeech=JJ] [Text=formula CharacterOffsetBegin=837 CharacterOffsetEnd=844 PartOfSpeech=NN] [Text=. CharacterOffsetBegin=844 CharacterOffsetEnd=845 PartOfSpeech=.] 
root(ROOT-0, familiar-22)
punct(for-2, ;-1)
dep(updated-12, for-2)
det(remake-4, the-3)
pobj(for-2, remake-4)
prep(remake-4, under-5)
pobj(under-5, review-6)
punct(for-2, ,-7)
det(plot-9, the-8)
nsubjpass(updated-12, plot-9)
aux(updated-12, has-10)
auxpass(updated-12, been-11)
advcl(familiar-22, updated-12)
prep(updated-12, to-13)
det(situation.Anyway-17, the-14)
amod(situation.Anyway-17, then-current-15)
nn(situation.Anyway-17, wartime-16)
pobj(to-13, situation.Anyway-17)
punct(familiar-22, ,-18)
nsubj(familiar-22, I-19)
cop(familiar-22, was-20)
advmod(familiar-22, mainly-21)
prep(familiar-22, with-23)
amod(comedians-26, early-24)
amod(comedians-26, British-25)
pobj(with-23, comedians-26)
prep(familiar-22, through-27)
det(films-29, the-28)
pobj(through-27, films-29)
prep(films-29, of-30)
nn(Hay-32, Will-31)
pobj(of-30, Hay-32)
punct(familiar-22, :-33)
dep(familiar-22, given-34)
mark(features-38, that-35)
det(one-37, this-36)
nsubj(features-38, one-37)
ccomp(given-34, features-38)
det(plot-41, a-39)
amod(plot-41, similar-40)
dobj(features-38, plot-41)
prep(plot-41, of-42)
amod(hauntings-44, legendary-43)
pobj(of-42, hauntings-44)
punct(hauntings-44, ,-45)
conj(hauntings-44, smuggling-46)
cc(hauntings-44, and-47)
nn(agents-49, enemy-48)
conj(hauntings-44, agents-49)
punct(given-34, ,-50)
nsubj(much-54, it-51)
cop(much-54, 's-52)
advmod(much-54, very-53)
dep(given-34, much-54)
prep(much-54, in-55)
det(formula-91, that-56)
dep(formula-91, vein-57)
punct(scripted-62, -LRB--58)
nsubjpass(scripted-62, it-59)
auxpass(scripted-62, was-60)
advmod(scripted-62, actually-61)
dep(vein-57, scripted-62)
prep(scripted-62, by-63)
poss(team-68, Hay-64)
possessive(Hay-64, 's-65)
amod(team-68, regular-66)
nn(team-68, writing-67)
pobj(by-63, team-68)
prep(team-68, of-69)
nn(Edgar-71, Marriott-70)
pobj(of-69, Edgar-71)
punct(Edgar-71, ,-72)
nn(Guest-74, Val-73)
conj(Edgar-71, Guest-74)
cc(Edgar-71, and-75)
nn(Orton-77, J.O.C.-76)
conj(Edgar-71, Orton-77)
punct(scripted-62, -RRB--78)
punct(vein-57, ;-79)
det(element-83, the-80)
amod(element-83, stranded-81)
nn(element-83, travelers-82)
nsubj(formula-91, element-83)
punct(element-83, ,-84)
advmod(element-83, then-85)
punct(element-83, ,-86)
cop(formula-91, was-87)
det(formula-91, an-88)
advmod(tried-and-true-90, equally-89)
amod(formula-91, tried-and-true-90)
pobj(in-55, formula-91)
punct(familiar-22, .-92)

Sentence #4 (161 tokens):
The star this time around is Arthur Askey (abetted by Richard Murdoch) - none of whose films I had watched before - who is as unlikely a hero as Hay himself and whose personality proves to be just as potentially irritating...but one soon warms up to him, and Askey certainly comes up with a number of witty lines and amusing bits of business throughout to justify the fact that the lead character of the play (and the 1931 film version) was split into two here, with Murdoch acting as the star's straight partner.The remote single setting (the events of the film largely take place during one stormy night) provides for some wonderful atmosphere; the last half-hour - with the sudden appearance of a mysterious couple (Raymond Huntley and Linden Travers) and eventually the arrival of the titular vehicle itself - is especially gripping and well handled.
[Text=The CharacterOffsetBegin=850 CharacterOffsetEnd=853 PartOfSpeech=DT] [Text=star CharacterOffsetBegin=854 CharacterOffsetEnd=858 PartOfSpeech=NN] [Text=this CharacterOffsetBegin=859 CharacterOffsetEnd=863 PartOfSpeech=DT] [Text=time CharacterOffsetBegin=864 CharacterOffsetEnd=868 PartOfSpeech=NN] [Text=around CharacterOffsetBegin=869 CharacterOffsetEnd=875 PartOfSpeech=RP] [Text=is CharacterOffsetBegin=876 CharacterOffsetEnd=878 PartOfSpeech=VBZ] [Text=Arthur CharacterOffsetBegin=879 CharacterOffsetEnd=885 PartOfSpeech=NNP] [Text=Askey CharacterOffsetBegin=886 CharacterOffsetEnd=891 PartOfSpeech=NNP] [Text=-LRB- CharacterOffsetBegin=892 CharacterOffsetEnd=893 PartOfSpeech=-LRB-] [Text=abetted CharacterOffsetBegin=893 CharacterOffsetEnd=900 PartOfSpeech=VBN] [Text=by CharacterOffsetBegin=901 CharacterOffsetEnd=903 PartOfSpeech=IN] [Text=Richard CharacterOffsetBegin=904 CharacterOffsetEnd=911 PartOfSpeech=NNP] [Text=Murdoch CharacterOffsetBegin=912 CharacterOffsetEnd=919 PartOfSpeech=NNP] [Text=-RRB- CharacterOffsetBegin=919 CharacterOffsetEnd=920 PartOfSpeech=-RRB-] [Text=- CharacterOffsetBegin=921 CharacterOffsetEnd=922 PartOfSpeech=:] [Text=none CharacterOffsetBegin=923 CharacterOffsetEnd=927 PartOfSpeech=NN] [Text=of CharacterOffsetBegin=928 CharacterOffsetEnd=930 PartOfSpeech=IN] [Text=whose CharacterOffsetBegin=931 CharacterOffsetEnd=936 PartOfSpeech=WP$] [Text=films CharacterOffsetBegin=937 CharacterOffsetEnd=942 PartOfSpeech=NNS] [Text=I CharacterOffsetBegin=943 CharacterOffsetEnd=944 PartOfSpeech=PRP] [Text=had CharacterOffsetBegin=945 CharacterOffsetEnd=948 PartOfSpeech=VBD] [Text=watched CharacterOffsetBegin=949 CharacterOffsetEnd=956 PartOfSpeech=VBN] [Text=before CharacterOffsetBegin=957 CharacterOffsetEnd=963 PartOfSpeech=IN] [Text=- CharacterOffsetBegin=964 CharacterOffsetEnd=965 PartOfSpeech=:] [Text=who CharacterOffsetBegin=966 CharacterOffsetEnd=969 PartOfSpeech=WP] [Text=is CharacterOffsetBegin=970 CharacterOffsetEnd=972 PartOfSpeech=VBZ] [Text=as CharacterOffsetBegin=973 CharacterOffsetEnd=975 PartOfSpeech=IN] [Text=unlikely CharacterOffsetBegin=976 CharacterOffsetEnd=984 PartOfSpeech=JJ] [Text=a CharacterOffsetBegin=985 CharacterOffsetEnd=986 PartOfSpeech=DT] [Text=hero CharacterOffsetBegin=987 CharacterOffsetEnd=991 PartOfSpeech=NN] [Text=as CharacterOffsetBegin=992 CharacterOffsetEnd=994 PartOfSpeech=IN] [Text=Hay CharacterOffsetBegin=995 CharacterOffsetEnd=998 PartOfSpeech=NN] [Text=himself CharacterOffsetBegin=999 CharacterOffsetEnd=1006 PartOfSpeech=PRP] [Text=and CharacterOffsetBegin=1007 CharacterOffsetEnd=1010 PartOfSpeech=CC] [Text=whose CharacterOffsetBegin=1011 CharacterOffsetEnd=1016 PartOfSpeech=WP$] [Text=personality CharacterOffsetBegin=1017 CharacterOffsetEnd=1028 PartOfSpeech=NN] [Text=proves CharacterOffsetBegin=1029 CharacterOffsetEnd=1035 PartOfSpeech=VBZ] [Text=to CharacterOffsetBegin=1036 CharacterOffsetEnd=1038 PartOfSpeech=TO] [Text=be CharacterOffsetBegin=1039 CharacterOffsetEnd=1041 PartOfSpeech=VB] [Text=just CharacterOffsetBegin=1042 CharacterOffsetEnd=1046 PartOfSpeech=RB] [Text=as CharacterOffsetBegin=1047 CharacterOffsetEnd=1049 PartOfSpeech=IN] [Text=potentially CharacterOffsetBegin=1050 CharacterOffsetEnd=1061 PartOfSpeech=RB] [Text=irritating CharacterOffsetBegin=1062 CharacterOffsetEnd=1072 PartOfSpeech=JJ] [Text=... CharacterOffsetBegin=1072 CharacterOffsetEnd=1075 PartOfSpeech=:] [Text=but CharacterOffsetBegin=1075 CharacterOffsetEnd=1078 PartOfSpeech=CC] [Text=one CharacterOffsetBegin=1079 CharacterOffsetEnd=1082 PartOfSpeech=CD] [Text=soon CharacterOffsetBegin=1083 CharacterOffsetEnd=1087 PartOfSpeech=RB] [Text=warms CharacterOffsetBegin=1088 CharacterOffsetEnd=1093 PartOfSpeech=VBZ] [Text=up CharacterOffsetBegin=1094 CharacterOffsetEnd=1096 PartOfSpeech=RP] [Text=to CharacterOffsetBegin=1097 CharacterOffsetEnd=1099 PartOfSpeech=TO] [Text=him CharacterOffsetBegin=1100 CharacterOffsetEnd=1103 PartOfSpeech=PRP] [Text=, CharacterOffsetBegin=1103 CharacterOffsetEnd=1104 PartOfSpeech=,] [Text=and CharacterOffsetBegin=1105 CharacterOffsetEnd=1108 PartOfSpeech=CC] [Text=Askey CharacterOffsetBegin=1109 CharacterOffsetEnd=1114 PartOfSpeech=NNP] [Text=certainly CharacterOffsetBegin=1115 CharacterOffsetEnd=1124 PartOfSpeech=RB] [Text=comes CharacterOffsetBegin=1125 CharacterOffsetEnd=1130 PartOfSpeech=VBZ] [Text=up CharacterOffsetBegin=1131 CharacterOffsetEnd=1133 PartOfSpeech=RP] [Text=with CharacterOffsetBegin=1134 CharacterOffsetEnd=1138 PartOfSpeech=IN] [Text=a CharacterOffsetBegin=1139 CharacterOffsetEnd=1140 PartOfSpeech=DT] [Text=number CharacterOffsetBegin=1141 CharacterOffsetEnd=1147 PartOfSpeech=NN] [Text=of CharacterOffsetBegin=1148 CharacterOffsetEnd=1150 PartOfSpeech=IN] [Text=witty CharacterOffsetBegin=1151 CharacterOffsetEnd=1156 PartOfSpeech=JJ] [Text=lines CharacterOffsetBegin=1157 CharacterOffsetEnd=1162 PartOfSpeech=NNS] [Text=and CharacterOffsetBegin=1163 CharacterOffsetEnd=1166 PartOfSpeech=CC] [Text=amusing CharacterOffsetBegin=1167 CharacterOffsetEnd=1174 PartOfSpeech=JJ] [Text=bits CharacterOffsetBegin=1175 CharacterOffsetEnd=1179 PartOfSpeech=NNS] [Text=of CharacterOffsetBegin=1180 CharacterOffsetEnd=1182 PartOfSpeech=IN] [Text=business CharacterOffsetBegin=1183 CharacterOffsetEnd=1191 PartOfSpeech=NN] [Text=throughout CharacterOffsetBegin=1192 CharacterOffsetEnd=1202 PartOfSpeech=IN] [Text=to CharacterOffsetBegin=1203 CharacterOffsetEnd=1205 PartOfSpeech=TO] [Text=justify CharacterOffsetBegin=1206 CharacterOffsetEnd=1213 PartOfSpeech=VB] [Text=the CharacterOffsetBegin=1214 CharacterOffsetEnd=1217 PartOfSpeech=DT] [Text=fact CharacterOffsetBegin=1218 CharacterOffsetEnd=1222 PartOfSpeech=NN] [Text=that CharacterOffsetBegin=1223 CharacterOffsetEnd=1227 PartOfSpeech=IN] [Text=the CharacterOffsetBegin=1228 CharacterOffsetEnd=1231 PartOfSpeech=DT] [Text=lead CharacterOffsetBegin=1232 CharacterOffsetEnd=1236 PartOfSpeech=JJ] [Text=character CharacterOffsetBegin=1237 CharacterOffsetEnd=1246 PartOfSpeech=NN] [Text=of CharacterOffsetBegin=1247 CharacterOffsetEnd=1249 PartOfSpeech=IN] [Text=the CharacterOffsetBegin=1250 CharacterOffsetEnd=1253 PartOfSpeech=DT] [Text=play CharacterOffsetBegin=1254 CharacterOffsetEnd=1258 PartOfSpeech=NN] [Text=-LRB- CharacterOffsetBegin=1259 CharacterOffsetEnd=1260 PartOfSpeech=-LRB-] [Text=and CharacterOffsetBegin=1260 CharacterOffsetEnd=1263 PartOfSpeech=CC] [Text=the CharacterOffsetBegin=1264 CharacterOffsetEnd=1267 PartOfSpeech=DT] [Text=1931 CharacterOffsetBegin=1268 CharacterOffsetEnd=1272 PartOfSpeech=CD] [Text=film CharacterOffsetBegin=1273 CharacterOffsetEnd=1277 PartOfSpeech=NN] [Text=version CharacterOffsetBegin=1278 CharacterOffsetEnd=1285 PartOfSpeech=NN] [Text=-RRB- CharacterOffsetBegin=1285 CharacterOffsetEnd=1286 PartOfSpeech=-RRB-] [Text=was CharacterOffsetBegin=1287 CharacterOffsetEnd=1290 PartOfSpeech=VBD] [Text=split CharacterOffsetBegin=1291 CharacterOffsetEnd=1296 PartOfSpeech=VBN] [Text=into CharacterOffsetBegin=1297 CharacterOffsetEnd=1301 PartOfSpeech=IN] [Text=two CharacterOffsetBegin=1302 CharacterOffsetEnd=1305 PartOfSpeech=CD] [Text=here CharacterOffsetBegin=1306 CharacterOffsetEnd=1310 PartOfSpeech=RB] [Text=, CharacterOffsetBegin=1310 CharacterOffsetEnd=1311 PartOfSpeech=,] [Text=with CharacterOffsetBegin=1312 CharacterOffsetEnd=1316 PartOfSpeech=IN] [Text=Murdoch CharacterOffsetBegin=1317 CharacterOffsetEnd=1324 PartOfSpeech=NNP] [Text=acting CharacterOffsetBegin=1325 CharacterOffsetEnd=1331 PartOfSpeech=VBG] [Text=as CharacterOffsetBegin=1332 CharacterOffsetEnd=1334 PartOfSpeech=IN] [Text=the CharacterOffsetBegin=1335 CharacterOffsetEnd=1338 PartOfSpeech=DT] [Text=star CharacterOffsetBegin=1339 CharacterOffsetEnd=1343 PartOfSpeech=NN] [Text='s CharacterOffsetBegin=1343 CharacterOffsetEnd=1345 PartOfSpeech=POS] [Text=straight CharacterOffsetBegin=1346 CharacterOffsetEnd=1354 PartOfSpeech=JJ] [Text=partner.The CharacterOffsetBegin=1355 CharacterOffsetEnd=1366 PartOfSpeech=NN] [Text=remote CharacterOffsetBegin=1367 CharacterOffsetEnd=1373 PartOfSpeech=JJ] [Text=single CharacterOffsetBegin=1374 CharacterOffsetEnd=1380 PartOfSpeech=JJ] [Text=setting CharacterOffsetBegin=1381 CharacterOffsetEnd=1388 PartOfSpeech=NN] [Text=-LRB- CharacterOffsetBegin=1389 CharacterOffsetEnd=1390 PartOfSpeech=-LRB-] [Text=the CharacterOffsetBegin=1390 CharacterOffsetEnd=1393 PartOfSpeech=DT] [Text=events CharacterOffsetBegin=1394 CharacterOffsetEnd=1400 PartOfSpeech=NNS] [Text=of CharacterOffsetBegin=1401 CharacterOffsetEnd=1403 PartOfSpeech=IN] [Text=the CharacterOffsetBegin=1404 CharacterOffsetEnd=1407 PartOfSpeech=DT] [Text=film CharacterOffsetBegin=1408 CharacterOffsetEnd=1412 PartOfSpeech=NN] [Text=largely CharacterOffsetBegin=1413 CharacterOffsetEnd=1420 PartOfSpeech=RB] [Text=take CharacterOffsetBegin=1421 CharacterOffsetEnd=1425 PartOfSpeech=VB] [Text=place CharacterOffsetBegin=1426 CharacterOffsetEnd=1431 PartOfSpeech=NN] [Text=during CharacterOffsetBegin=1432 CharacterOffsetEnd=1438 PartOfSpeech=IN] [Text=one CharacterOffsetBegin=1439 CharacterOffsetEnd=1442 PartOfSpeech=CD] [Text=stormy CharacterOffsetBegin=1443 CharacterOffsetEnd=1449 PartOfSpeech=JJ] [Text=night CharacterOffsetBegin=1450 CharacterOffsetEnd=1455 PartOfSpeech=NN] [Text=-RRB- CharacterOffsetBegin=1455 CharacterOffsetEnd=1456 PartOfSpeech=-RRB-] [Text=provides CharacterOffsetBegin=1457 CharacterOffsetEnd=1465 PartOfSpeech=VBZ] [Text=for CharacterOffsetBegin=1466 CharacterOffsetEnd=1469 PartOfSpeech=IN] [Text=some CharacterOffsetBegin=1470 CharacterOffsetEnd=1474 PartOfSpeech=DT] [Text=wonderful CharacterOffsetBegin=1475 CharacterOffsetEnd=1484 PartOfSpeech=JJ] [Text=atmosphere CharacterOffsetBegin=1485 CharacterOffsetEnd=1495 PartOfSpeech=NN] [Text=; CharacterOffsetBegin=1495 CharacterOffsetEnd=1496 PartOfSpeech=:] [Text=the CharacterOffsetBegin=1497 CharacterOffsetEnd=1500 PartOfSpeech=DT] [Text=last CharacterOffsetBegin=1501 CharacterOffsetEnd=1505 PartOfSpeech=JJ] [Text=half-hour CharacterOffsetBegin=1506 CharacterOffsetEnd=1515 PartOfSpeech=NN] [Text=- CharacterOffsetBegin=1516 CharacterOffsetEnd=1517 PartOfSpeech=:] [Text=with CharacterOffsetBegin=1518 CharacterOffsetEnd=1522 PartOfSpeech=IN] [Text=the CharacterOffsetBegin=1523 CharacterOffsetEnd=1526 PartOfSpeech=DT] [Text=sudden CharacterOffsetBegin=1527 CharacterOffsetEnd=1533 PartOfSpeech=JJ] [Text=appearance CharacterOffsetBegin=1534 CharacterOffsetEnd=1544 PartOfSpeech=NN] [Text=of CharacterOffsetBegin=1545 CharacterOffsetEnd=1547 PartOfSpeech=IN] [Text=a CharacterOffsetBegin=1548 CharacterOffsetEnd=1549 PartOfSpeech=DT] [Text=mysterious CharacterOffsetBegin=1550 CharacterOffsetEnd=1560 PartOfSpeech=JJ] [Text=couple CharacterOffsetBegin=1561 CharacterOffsetEnd=1567 PartOfSpeech=NN] [Text=-LRB- CharacterOffsetBegin=1568 CharacterOffsetEnd=1569 PartOfSpeech=-LRB-] [Text=Raymond CharacterOffsetBegin=1569 CharacterOffsetEnd=1576 PartOfSpeech=NNP] [Text=Huntley CharacterOffsetBegin=1577 CharacterOffsetEnd=1584 PartOfSpeech=NNP] [Text=and CharacterOffsetBegin=1585 CharacterOffsetEnd=1588 PartOfSpeech=CC] [Text=Linden CharacterOffsetBegin=1589 CharacterOffsetEnd=1595 PartOfSpeech=NNP] [Text=Travers CharacterOffsetBegin=1596 CharacterOffsetEnd=1603 PartOfSpeech=NNP] [Text=-RRB- CharacterOffsetBegin=1603 CharacterOffsetEnd=1604 PartOfSpeech=-RRB-] [Text=and CharacterOffsetBegin=1605 CharacterOffsetEnd=1608 PartOfSpeech=CC] [Text=eventually CharacterOffsetBegin=1609 CharacterOffsetEnd=1619 PartOfSpeech=RB] [Text=the CharacterOffsetBegin=1620 CharacterOffsetEnd=1623 PartOfSpeech=DT] [Text=arrival CharacterOffsetBegin=1624 CharacterOffsetEnd=1631 PartOfSpeech=NN] [Text=of CharacterOffsetBegin=1632 CharacterOffsetEnd=1634 PartOfSpeech=IN] [Text=the CharacterOffsetBegin=1635 CharacterOffsetEnd=1638 PartOfSpeech=DT] [Text=titular CharacterOffsetBegin=1639 CharacterOffsetEnd=1646 PartOfSpeech=JJ] [Text=vehicle CharacterOffsetBegin=1647 CharacterOffsetEnd=1654 PartOfSpeech=NN] [Text=itself CharacterOffsetBegin=1655 CharacterOffsetEnd=1661 PartOfSpeech=PRP] [Text=- CharacterOffsetBegin=1662 CharacterOffsetEnd=1663 PartOfSpeech=:] [Text=is CharacterOffsetBegin=1664 CharacterOffsetEnd=1666 PartOfSpeech=VBZ] [Text=especially CharacterOffsetBegin=1667 CharacterOffsetEnd=1677 PartOfSpeech=RB] [Text=gripping CharacterOffsetBegin=1678 CharacterOffsetEnd=1686 PartOfSpeech=JJ] [Text=and CharacterOffsetBegin=1687 CharacterOffsetEnd=1690 PartOfSpeech=CC] [Text=well CharacterOffsetBegin=1691 CharacterOffsetEnd=1695 PartOfSpeech=RB] [Text=handled CharacterOffsetBegin=1696 CharacterOffsetEnd=1703 PartOfSpeech=VBN] [Text=. CharacterOffsetBegin=1703 CharacterOffsetEnd=1704 PartOfSpeech=.] 
root(ROOT-0, star-2)
det(star-2, The-1)
det(time-4, this-3)
tmod(star-2, time-4)
prep(time-4, around-5)
dep(star-2, is-6)
dep(is-6, Arthur-7)
dep(Arthur-7, Askey-8)
punct(abetted-10, -LRB--9)
dep(Askey-8, abetted-10)
prep(abetted-10, by-11)
nn(Murdoch-13, Richard-12)
pobj(by-11, Murdoch-13)
punct(abetted-10, -RRB--14)
punct(Askey-8, --15)
dep(Askey-8, none-16)
prep(none-16, of-17)
poss(films-19, whose-18)
dobj(watched-22, films-19)
nsubj(watched-22, I-20)
aux(watched-22, had-21)
pcomp(of-17, watched-22)
dep(watched-22, before-23)
punct(before-23, --24)
dep(--24, who-25)
dep(who-25, is-26)
prep(is-26, as-27)
amod(hero-30, unlikely-28)
det(hero-30, a-29)
pobj(as-27, hero-30)
prep(hero-30, as-31)
pobj(as-31, Hay-32)
dep(Hay-32, himself-33)
cc(Hay-32, and-34)
poss(personality-36, whose-35)
nsubj(proves-37, personality-36)
conj(Hay-32, proves-37)
aux(provides-120, to-38)
aux(provides-120, be-39)
advmod(be-39, just-40)
prep(just-40, as-41)
advmod(irritating-43, potentially-42)
pobj(as-41, irritating-43)
punct(be-39, ...-44)
cc(be-39, but-45)
nsubj(warms-48, one-46)
advmod(warms-48, soon-47)
conj(be-39, warms-48)
prt(warms-48, up-49)
prep(warms-48, to-50)
pobj(to-50, him-51)
punct(be-39, ,-52)
cc(be-39, and-53)
nsubj(comes-56, Askey-54)
advmod(comes-56, certainly-55)
conj(be-39, comes-56)
prt(comes-56, up-57)
prep(comes-56, with-58)
det(number-60, a-59)
pobj(with-58, number-60)
prep(number-60, of-61)
amod(lines-63, witty-62)
pobj(of-61, lines-63)
cc(lines-63, and-64)
amod(bits-66, amusing-65)
conj(lines-63, bits-66)
prep(bits-66, of-67)
pobj(of-67, business-68)
prep(comes-56, throughout-69)
aux(justify-71, to-70)
pcomp(throughout-69, justify-71)
det(fact-73, the-72)
dobj(justify-71, fact-73)
mark(split-89, that-74)
det(character-77, the-75)
amod(character-77, lead-76)
nsubjpass(split-89, character-77)
prep(character-77, of-78)
det(play-80, the-79)
pobj(of-78, play-80)
punct(version-86, -LRB--81)
cc(version-86, and-82)
det(version-86, the-83)
num(version-86, 1931-84)
nn(version-86, film-85)
appos(play-80, version-86)
punct(version-86, -RRB--87)
auxpass(split-89, was-88)
ccomp(fact-73, split-89)
prep(split-89, into-90)
pobj(into-90, two-91)
advmod(two-91, here-92)
punct(provides-120, ,-93)
prep(provides-120, with-94)
nsubj(acting-96, Murdoch-95)
pcomp(with-94, acting-96)
prep(acting-96, as-97)
det(star-99, the-98)
poss(setting-105, star-99)
possessive(star-99, 's-100)
amod(setting-105, straight-101)
nn(setting-105, partner.The-102)
amod(setting-105, remote-103)
amod(setting-105, single-104)
pobj(as-97, setting-105)
punct(take-113, -LRB--106)
det(events-108, the-107)
nsubj(take-113, events-108)
prep(events-108, of-109)
det(film-111, the-110)
pobj(of-109, film-111)
advmod(take-113, largely-112)
dep(setting-105, take-113)
dobj(take-113, place-114)
prep(take-113, during-115)
num(night-118, one-116)
amod(night-118, stormy-117)
pobj(during-115, night-118)
punct(take-113, -RRB--119)
xcomp(proves-37, provides-120)
prep(provides-120, for-121)
det(atmosphere-124, some-122)
amod(atmosphere-124, wonderful-123)
pobj(for-121, atmosphere-124)
punct(is-26, ;-125)
det(half-hour-128, the-126)
amod(half-hour-128, last-127)
nsubj(gripping-157, half-hour-128)
punct(half-hour-128, --129)
prep(half-hour-128, with-130)
det(appearance-133, the-131)
amod(appearance-133, sudden-132)
pobj(with-130, appearance-133)
prep(appearance-133, of-134)
det(couple-137, a-135)
amod(couple-137, mysterious-136)
pobj(of-134, couple-137)
punct(Huntley-140, -LRB--138)
nn(Huntley-140, Raymond-139)
appos(couple-137, Huntley-140)
cc(Huntley-140, and-141)
nn(Travers-143, Linden-142)
conj(Huntley-140, Travers-143)
punct(Huntley-140, -RRB--144)
cc(couple-137, and-145)
advmod(arrival-148, eventually-146)
det(arrival-148, the-147)
conj(couple-137, arrival-148)
prep(arrival-148, of-149)
det(vehicle-152, the-150)
amod(vehicle-152, titular-151)
pobj(of-149, vehicle-152)
dep(vehicle-152, itself-153)
punct(half-hour-128, --154)
cop(gripping-157, is-155)
advmod(gripping-157, especially-156)
parataxis(is-26, gripping-157)
cc(gripping-157, and-158)
advmod(handled-160, well-159)
conj(gripping-157, handled-160)
punct(who-25, .-161)

Sentence #5 (39 tokens):
Also worth mentioning from the remaining cast list is Kathleen Harrison as the stereotypical frightened spinster, with a parrot as her constant companion and who is driven by all the excitement to take her very first drink.
[Text=Also CharacterOffsetBegin=1709 CharacterOffsetEnd=1713 PartOfSpeech=RB] [Text=worth CharacterOffsetBegin=1714 CharacterOffsetEnd=1719 PartOfSpeech=JJ] [Text=mentioning CharacterOffsetBegin=1720 CharacterOffsetEnd=1730 PartOfSpeech=VBG] [Text=from CharacterOffsetBegin=1731 CharacterOffsetEnd=1735 PartOfSpeech=IN] [Text=the CharacterOffsetBegin=1736 CharacterOffsetEnd=1739 PartOfSpeech=DT] [Text=remaining CharacterOffsetBegin=1740 CharacterOffsetEnd=1749 PartOfSpeech=VBG] [Text=cast CharacterOffsetBegin=1750 CharacterOffsetEnd=1754 PartOfSpeech=NN] [Text=list CharacterOffsetBegin=1755 CharacterOffsetEnd=1759 PartOfSpeech=NN] [Text=is CharacterOffsetBegin=1760 CharacterOffsetEnd=1762 PartOfSpeech=VBZ] [Text=Kathleen CharacterOffsetBegin=1763 CharacterOffsetEnd=1771 PartOfSpeech=NNP] [Text=Harrison CharacterOffsetBegin=1772 CharacterOffsetEnd=1780 PartOfSpeech=NNP] [Text=as CharacterOffsetBegin=1781 CharacterOffsetEnd=1783 PartOfSpeech=IN] [Text=the CharacterOffsetBegin=1784 CharacterOffsetEnd=1787 PartOfSpeech=DT] [Text=stereotypical CharacterOffsetBegin=1788 CharacterOffsetEnd=1801 PartOfSpeech=JJ] [Text=frightened CharacterOffsetBegin=1802 CharacterOffsetEnd=1812 PartOfSpeech=JJ] [Text=spinster CharacterOffsetBegin=1813 CharacterOffsetEnd=1821 PartOfSpeech=NN] [Text=, CharacterOffsetBegin=1821 CharacterOffsetEnd=1822 PartOfSpeech=,] [Text=with CharacterOffsetBegin=1823 CharacterOffsetEnd=1827 PartOfSpeech=IN] [Text=a CharacterOffsetBegin=1828 CharacterOffsetEnd=1829 PartOfSpeech=DT] [Text=parrot CharacterOffsetBegin=1830 CharacterOffsetEnd=1836 PartOfSpeech=NN] [Text=as CharacterOffsetBegin=1837 CharacterOffsetEnd=1839 PartOfSpeech=IN] [Text=her CharacterOffsetBegin=1840 CharacterOffsetEnd=1843 PartOfSpeech=PRP$] [Text=constant CharacterOffsetBegin=1844 CharacterOffsetEnd=1852 PartOfSpeech=JJ] [Text=companion CharacterOffsetBegin=1853 CharacterOffsetEnd=1862 PartOfSpeech=NN] [Text=and CharacterOffsetBegin=1863 CharacterOffsetEnd=1866 PartOfSpeech=CC] [Text=who CharacterOffsetBegin=1867 CharacterOffsetEnd=1870 PartOfSpeech=WP] [Text=is CharacterOffsetBegin=1871 CharacterOffsetEnd=1873 PartOfSpeech=VBZ] [Text=driven CharacterOffsetBegin=1874 CharacterOffsetEnd=1880 PartOfSpeech=VBN] [Text=by CharacterOffsetBegin=1881 CharacterOffsetEnd=1883 PartOfSpeech=IN] [Text=all CharacterOffsetBegin=1884 CharacterOffsetEnd=1887 PartOfSpeech=PDT] [Text=the CharacterOffsetBegin=1888 CharacterOffsetEnd=1891 PartOfSpeech=DT] [Text=excitement CharacterOffsetBegin=1892 CharacterOffsetEnd=1902 PartOfSpeech=NN] [Text=to CharacterOffsetBegin=1903 CharacterOffsetEnd=1905 PartOfSpeech=TO] [Text=take CharacterOffsetBegin=1906 CharacterOffsetEnd=1910 PartOfSpeech=VB] [Text=her CharacterOffsetBegin=1911 CharacterOffsetEnd=1914 PartOfSpeech=PRP$] [Text=very CharacterOffsetBegin=1915 CharacterOffsetEnd=1919 PartOfSpeech=RB] [Text=first CharacterOffsetBegin=1920 CharacterOffsetEnd=1925 PartOfSpeech=JJ] [Text=drink CharacterOffsetBegin=1926 CharacterOffsetEnd=1931 PartOfSpeech=NN] [Text=. CharacterOffsetBegin=1931 CharacterOffsetEnd=1932 PartOfSpeech=.] 
root(ROOT-0, worth-2)
advmod(worth-2, Also-1)
dep(worth-2, mentioning-3)
prep(mentioning-3, from-4)
det(list-8, the-5)
amod(list-8, remaining-6)
nn(list-8, cast-7)
pobj(from-4, list-8)
aux(worth-2, is-9)
nn(Harrison-11, Kathleen-10)
nsubj(worth-2, Harrison-11)
prep(worth-2, as-12)
det(spinster-16, the-13)
amod(spinster-16, stereotypical-14)
amod(spinster-16, frightened-15)
pobj(as-12, spinster-16)
punct(worth-2, ,-17)
prep(worth-2, with-18)
det(parrot-20, a-19)
pobj(with-18, parrot-20)
prep(parrot-20, as-21)
poss(companion-24, her-22)
amod(companion-24, constant-23)
pobj(as-21, companion-24)
cc(companion-24, and-25)
nsubjpass(driven-28, who-26)
auxpass(driven-28, is-27)
conj(companion-24, driven-28)
prep(driven-28, by-29)
predet(excitement-32, all-30)
det(excitement-32, the-31)
pobj(by-29, excitement-32)
aux(take-34, to-33)
xcomp(driven-28, take-34)
poss(drink-38, her-35)
advmod(first-37, very-36)
amod(drink-38, first-37)
dobj(take-34, drink-38)
punct(worth-2, .-39)

