Sentence #1 (41 tokens):
I couldn't wait to get my hands on this one, when I read about Fred Astaire teaming up with George Burns & Gracie Allen in a movie with a script by P.G.
    Wodehouse and music by the Gershwins.
[Text=I CharacterOffsetBegin=4 CharacterOffsetEnd=5 PartOfSpeech=PRP] [Text=could CharacterOffsetBegin=6 CharacterOffsetEnd=11 PartOfSpeech=MD] [Text=n't CharacterOffsetBegin=11 CharacterOffsetEnd=14 PartOfSpeech=RB] [Text=wait CharacterOffsetBegin=15 CharacterOffsetEnd=19 PartOfSpeech=VB] [Text=to CharacterOffsetBegin=20 CharacterOffsetEnd=22 PartOfSpeech=TO] [Text=get CharacterOffsetBegin=23 CharacterOffsetEnd=26 PartOfSpeech=VB] [Text=my CharacterOffsetBegin=27 CharacterOffsetEnd=29 PartOfSpeech=PRP$] [Text=hands CharacterOffsetBegin=30 CharacterOffsetEnd=35 PartOfSpeech=NNS] [Text=on CharacterOffsetBegin=36 CharacterOffsetEnd=38 PartOfSpeech=IN] [Text=this CharacterOffsetBegin=39 CharacterOffsetEnd=43 PartOfSpeech=DT] [Text=one CharacterOffsetBegin=44 CharacterOffsetEnd=47 PartOfSpeech=CD] [Text=, CharacterOffsetBegin=47 CharacterOffsetEnd=48 PartOfSpeech=,] [Text=when CharacterOffsetBegin=49 CharacterOffsetEnd=53 PartOfSpeech=WRB] [Text=I CharacterOffsetBegin=54 CharacterOffsetEnd=55 PartOfSpeech=PRP] [Text=read CharacterOffsetBegin=56 CharacterOffsetEnd=60 PartOfSpeech=VBP] [Text=about CharacterOffsetBegin=61 CharacterOffsetEnd=66 PartOfSpeech=IN] [Text=Fred CharacterOffsetBegin=67 CharacterOffsetEnd=71 PartOfSpeech=NNP] [Text=Astaire CharacterOffsetBegin=72 CharacterOffsetEnd=79 PartOfSpeech=NNP] [Text=teaming CharacterOffsetBegin=80 CharacterOffsetEnd=87 PartOfSpeech=VBG] [Text=up CharacterOffsetBegin=88 CharacterOffsetEnd=90 PartOfSpeech=RP] [Text=with CharacterOffsetBegin=91 CharacterOffsetEnd=95 PartOfSpeech=IN] [Text=George CharacterOffsetBegin=96 CharacterOffsetEnd=102 PartOfSpeech=NNP] [Text=Burns CharacterOffsetBegin=103 CharacterOffsetEnd=108 PartOfSpeech=NNP] [Text=& CharacterOffsetBegin=109 CharacterOffsetEnd=110 PartOfSpeech=CC] [Text=Gracie CharacterOffsetBegin=111 CharacterOffsetEnd=117 PartOfSpeech=NNP] [Text=Allen CharacterOffsetBegin=118 CharacterOffsetEnd=123 PartOfSpeech=NNP] [Text=in CharacterOffsetBegin=124 CharacterOffsetEnd=126 PartOfSpeech=IN] [Text=a CharacterOffsetBegin=127 CharacterOffsetEnd=128 PartOfSpeech=DT] [Text=movie CharacterOffsetBegin=129 CharacterOffsetEnd=134 PartOfSpeech=NN] [Text=with CharacterOffsetBegin=135 CharacterOffsetEnd=139 PartOfSpeech=IN] [Text=a CharacterOffsetBegin=140 CharacterOffsetEnd=141 PartOfSpeech=DT] [Text=script CharacterOffsetBegin=142 CharacterOffsetEnd=148 PartOfSpeech=NN] [Text=by CharacterOffsetBegin=149 CharacterOffsetEnd=151 PartOfSpeech=IN] [Text=P.G. CharacterOffsetBegin=152 CharacterOffsetEnd=156 PartOfSpeech=NNP] [Text=Wodehouse CharacterOffsetBegin=161 CharacterOffsetEnd=170 PartOfSpeech=NNP] [Text=and CharacterOffsetBegin=171 CharacterOffsetEnd=174 PartOfSpeech=CC] [Text=music CharacterOffsetBegin=175 CharacterOffsetEnd=180 PartOfSpeech=NN] [Text=by CharacterOffsetBegin=181 CharacterOffsetEnd=183 PartOfSpeech=IN] [Text=the CharacterOffsetBegin=184 CharacterOffsetEnd=187 PartOfSpeech=DT] [Text=Gershwins CharacterOffsetBegin=188 CharacterOffsetEnd=197 PartOfSpeech=NNPS] [Text=. CharacterOffsetBegin=197 CharacterOffsetEnd=198 PartOfSpeech=.] 
root(ROOT-0, wait-4)
nsubj(wait-4, I-1)
aux(wait-4, could-2)
neg(wait-4, n't-3)
aux(get-6, to-5)
xcomp(wait-4, get-6)
poss(hands-8, my-7)
dobj(get-6, hands-8)
prep(get-6, on-9)
det(one-11, this-10)
pobj(on-9, one-11)
punct(get-6, ,-12)
advmod(read-15, when-13)
nsubj(read-15, I-14)
advcl(get-6, read-15)
advmod(teaming-19, about-16)
nn(Astaire-18, Fred-17)
nsubj(teaming-19, Astaire-18)
ccomp(read-15, teaming-19)
prt(teaming-19, up-20)
prep(teaming-19, with-21)
nn(Burns-23, George-22)
pobj(with-21, Burns-23)
cc(Burns-23, &-24)
nn(Allen-26, Gracie-25)
conj(Burns-23, Allen-26)
prep(teaming-19, in-27)
det(movie-29, a-28)
pobj(in-27, movie-29)
prep(movie-29, with-30)
det(script-32, a-31)
pobj(with-30, script-32)
prep(script-32, by-33)
nn(Wodehouse-35, P.G.-34)
pobj(by-33, Wodehouse-35)
cc(Wodehouse-35, and-36)
conj(Wodehouse-35, music-37)
prep(script-32, by-38)
det(Gershwins-40, the-39)
pobj(by-38, Gershwins-40)
punct(wait-4, .-41)

Sentence #2 (36 tokens):
It is definitely worth seeing, but lacks the cohesive quality of the Fred & Ginger movies.The story would probably be better to read in a Wodehouse book, where the humor comes across better.
[Text=It CharacterOffsetBegin=203 CharacterOffsetEnd=205 PartOfSpeech=PRP] [Text=is CharacterOffsetBegin=206 CharacterOffsetEnd=208 PartOfSpeech=VBZ] [Text=definitely CharacterOffsetBegin=209 CharacterOffsetEnd=219 PartOfSpeech=RB] [Text=worth CharacterOffsetBegin=220 CharacterOffsetEnd=225 PartOfSpeech=JJ] [Text=seeing CharacterOffsetBegin=226 CharacterOffsetEnd=232 PartOfSpeech=VBG] [Text=, CharacterOffsetBegin=232 CharacterOffsetEnd=233 PartOfSpeech=,] [Text=but CharacterOffsetBegin=234 CharacterOffsetEnd=237 PartOfSpeech=CC] [Text=lacks CharacterOffsetBegin=238 CharacterOffsetEnd=243 PartOfSpeech=VBZ] [Text=the CharacterOffsetBegin=244 CharacterOffsetEnd=247 PartOfSpeech=DT] [Text=cohesive CharacterOffsetBegin=248 CharacterOffsetEnd=256 PartOfSpeech=JJ] [Text=quality CharacterOffsetBegin=257 CharacterOffsetEnd=264 PartOfSpeech=NN] [Text=of CharacterOffsetBegin=265 CharacterOffsetEnd=267 PartOfSpeech=IN] [Text=the CharacterOffsetBegin=268 CharacterOffsetEnd=271 PartOfSpeech=DT] [Text=Fred CharacterOffsetBegin=272 CharacterOffsetEnd=276 PartOfSpeech=NNP] [Text=& CharacterOffsetBegin=277 CharacterOffsetEnd=278 PartOfSpeech=CC] [Text=Ginger CharacterOffsetBegin=279 CharacterOffsetEnd=285 PartOfSpeech=NNP] [Text=movies.The CharacterOffsetBegin=286 CharacterOffsetEnd=296 PartOfSpeech=NNP] [Text=story CharacterOffsetBegin=297 CharacterOffsetEnd=302 PartOfSpeech=NN] [Text=would CharacterOffsetBegin=303 CharacterOffsetEnd=308 PartOfSpeech=MD] [Text=probably CharacterOffsetBegin=309 CharacterOffsetEnd=317 PartOfSpeech=RB] [Text=be CharacterOffsetBegin=318 CharacterOffsetEnd=320 PartOfSpeech=VB] [Text=better CharacterOffsetBegin=321 CharacterOffsetEnd=327 PartOfSpeech=JJR] [Text=to CharacterOffsetBegin=328 CharacterOffsetEnd=330 PartOfSpeech=TO] [Text=read CharacterOffsetBegin=331 CharacterOffsetEnd=335 PartOfSpeech=VB] [Text=in CharacterOffsetBegin=336 CharacterOffsetEnd=338 PartOfSpeech=IN] [Text=a CharacterOffsetBegin=339 CharacterOffsetEnd=340 PartOfSpeech=DT] [Text=Wodehouse CharacterOffsetBegin=341 CharacterOffsetEnd=350 PartOfSpeech=NNP] [Text=book CharacterOffsetBegin=351 CharacterOffsetEnd=355 PartOfSpeech=NN] [Text=, CharacterOffsetBegin=355 CharacterOffsetEnd=356 PartOfSpeech=,] [Text=where CharacterOffsetBegin=357 CharacterOffsetEnd=362 PartOfSpeech=WRB] [Text=the CharacterOffsetBegin=363 CharacterOffsetEnd=366 PartOfSpeech=DT] [Text=humor CharacterOffsetBegin=367 CharacterOffsetEnd=372 PartOfSpeech=NN] [Text=comes CharacterOffsetBegin=373 CharacterOffsetEnd=378 PartOfSpeech=VBZ] [Text=across CharacterOffsetBegin=379 CharacterOffsetEnd=385 PartOfSpeech=IN] [Text=better CharacterOffsetBegin=386 CharacterOffsetEnd=392 PartOfSpeech=JJR] [Text=. CharacterOffsetBegin=392 CharacterOffsetEnd=393 PartOfSpeech=.] 
root(ROOT-0, worth-4)
nsubj(worth-4, It-1)
cop(worth-4, is-2)
advmod(worth-4, definitely-3)
dep(worth-4, seeing-5)
punct(worth-4, ,-6)
cc(worth-4, but-7)
conj(worth-4, lacks-8)
det(quality-11, the-9)
amod(quality-11, cohesive-10)
dobj(lacks-8, quality-11)
prep(quality-11, of-12)
det(Fred-14, the-13)
pobj(of-12, Fred-14)
cc(Fred-14, &-15)
nn(story-18, Ginger-16)
nn(story-18, movies.The-17)
conj(Fred-14, story-18)
aux(better-22, would-19)
advmod(better-22, probably-20)
cop(better-22, be-21)
dep(worth-4, better-22)
aux(read-24, to-23)
xcomp(worth-4, read-24)
prep(read-24, in-25)
det(book-28, a-26)
nn(book-28, Wodehouse-27)
pobj(in-25, book-28)
punct(book-28, ,-29)
advmod(comes-33, where-30)
det(humor-32, the-31)
nsubj(comes-33, humor-32)
rcmod(book-28, comes-33)
prep(comes-33, across-34)
pobj(across-34, better-35)
punct(worth-4, .-36)

Sentence #3 (19 tokens):
Some of the acting is downright painful to watch (notably the young boy and the damsel).
[Text=Some CharacterOffsetBegin=398 CharacterOffsetEnd=402 PartOfSpeech=DT] [Text=of CharacterOffsetBegin=403 CharacterOffsetEnd=405 PartOfSpeech=IN] [Text=the CharacterOffsetBegin=406 CharacterOffsetEnd=409 PartOfSpeech=DT] [Text=acting CharacterOffsetBegin=410 CharacterOffsetEnd=416 PartOfSpeech=NN] [Text=is CharacterOffsetBegin=417 CharacterOffsetEnd=419 PartOfSpeech=VBZ] [Text=downright CharacterOffsetBegin=420 CharacterOffsetEnd=429 PartOfSpeech=RB] [Text=painful CharacterOffsetBegin=430 CharacterOffsetEnd=437 PartOfSpeech=JJ] [Text=to CharacterOffsetBegin=438 CharacterOffsetEnd=440 PartOfSpeech=TO] [Text=watch CharacterOffsetBegin=441 CharacterOffsetEnd=446 PartOfSpeech=VB] [Text=-LRB- CharacterOffsetBegin=447 CharacterOffsetEnd=448 PartOfSpeech=-LRB-] [Text=notably CharacterOffsetBegin=448 CharacterOffsetEnd=455 PartOfSpeech=RB] [Text=the CharacterOffsetBegin=456 CharacterOffsetEnd=459 PartOfSpeech=DT] [Text=young CharacterOffsetBegin=460 CharacterOffsetEnd=465 PartOfSpeech=JJ] [Text=boy CharacterOffsetBegin=466 CharacterOffsetEnd=469 PartOfSpeech=NN] [Text=and CharacterOffsetBegin=470 CharacterOffsetEnd=473 PartOfSpeech=CC] [Text=the CharacterOffsetBegin=474 CharacterOffsetEnd=477 PartOfSpeech=DT] [Text=damsel CharacterOffsetBegin=478 CharacterOffsetEnd=484 PartOfSpeech=NN] [Text=-RRB- CharacterOffsetBegin=484 CharacterOffsetEnd=485 PartOfSpeech=-RRB-] [Text=. CharacterOffsetBegin=485 CharacterOffsetEnd=486 PartOfSpeech=.] 
root(ROOT-0, painful-7)
nsubj(painful-7, Some-1)
prep(Some-1, of-2)
det(acting-4, the-3)
pobj(of-2, acting-4)
cop(painful-7, is-5)
advmod(painful-7, downright-6)
aux(watch-9, to-8)
xcomp(painful-7, watch-9)
punct(boy-14, -LRB--10)
advmod(boy-14, notably-11)
det(boy-14, the-12)
amod(boy-14, young-13)
dobj(watch-9, boy-14)
cc(boy-14, and-15)
det(damsel-17, the-16)
conj(boy-14, damsel-17)
punct(boy-14, -RRB--18)
punct(painful-7, .-19)

Sentence #4 (3 tokens):
But...!
[Text=But CharacterOffsetBegin=486 CharacterOffsetEnd=489 PartOfSpeech=CC] [Text=... CharacterOffsetBegin=489 CharacterOffsetEnd=492 PartOfSpeech=:] [Text=! CharacterOffsetBegin=492 CharacterOffsetEnd=493 PartOfSpeech=.] 
root(ROOT-0, But-1)
punct(But-1, ...-2)
punct(But-1, !-3)

Sentence #5 (10 tokens):
The funhouse dance is worth more than most movies.
[Text=The CharacterOffsetBegin=498 CharacterOffsetEnd=501 PartOfSpeech=DT] [Text=funhouse CharacterOffsetBegin=502 CharacterOffsetEnd=510 PartOfSpeech=NN] [Text=dance CharacterOffsetBegin=511 CharacterOffsetEnd=516 PartOfSpeech=NN] [Text=is CharacterOffsetBegin=517 CharacterOffsetEnd=519 PartOfSpeech=VBZ] [Text=worth CharacterOffsetBegin=520 CharacterOffsetEnd=525 PartOfSpeech=JJ] [Text=more CharacterOffsetBegin=526 CharacterOffsetEnd=530 PartOfSpeech=JJR] [Text=than CharacterOffsetBegin=531 CharacterOffsetEnd=535 PartOfSpeech=IN] [Text=most CharacterOffsetBegin=536 CharacterOffsetEnd=540 PartOfSpeech=JJS] [Text=movies CharacterOffsetBegin=541 CharacterOffsetEnd=547 PartOfSpeech=NNS] [Text=. CharacterOffsetBegin=547 CharacterOffsetEnd=548 PartOfSpeech=.] 
root(ROOT-0, worth-5)
det(dance-3, The-1)
nn(dance-3, funhouse-2)
nsubj(worth-5, dance-3)
cop(worth-5, is-4)
dep(worth-5, more-6)
prep(more-6, than-7)
amod(movies-9, most-8)
pobj(than-7, movies-9)
punct(worth-5, .-10)

Sentence #6 (17 tokens):
I never knew that Gracie Allen could dance, but boy does she in this movie.
[Text=I CharacterOffsetBegin=553 CharacterOffsetEnd=554 PartOfSpeech=PRP] [Text=never CharacterOffsetBegin=555 CharacterOffsetEnd=560 PartOfSpeech=RB] [Text=knew CharacterOffsetBegin=561 CharacterOffsetEnd=565 PartOfSpeech=VBD] [Text=that CharacterOffsetBegin=566 CharacterOffsetEnd=570 PartOfSpeech=IN] [Text=Gracie CharacterOffsetBegin=571 CharacterOffsetEnd=577 PartOfSpeech=NNP] [Text=Allen CharacterOffsetBegin=578 CharacterOffsetEnd=583 PartOfSpeech=NNP] [Text=could CharacterOffsetBegin=584 CharacterOffsetEnd=589 PartOfSpeech=MD] [Text=dance CharacterOffsetBegin=590 CharacterOffsetEnd=595 PartOfSpeech=VB] [Text=, CharacterOffsetBegin=595 CharacterOffsetEnd=596 PartOfSpeech=,] [Text=but CharacterOffsetBegin=597 CharacterOffsetEnd=600 PartOfSpeech=CC] [Text=boy CharacterOffsetBegin=601 CharacterOffsetEnd=604 PartOfSpeech=NN] [Text=does CharacterOffsetBegin=605 CharacterOffsetEnd=609 PartOfSpeech=VBZ] [Text=she CharacterOffsetBegin=610 CharacterOffsetEnd=613 PartOfSpeech=PRP] [Text=in CharacterOffsetBegin=614 CharacterOffsetEnd=616 PartOfSpeech=IN] [Text=this CharacterOffsetBegin=617 CharacterOffsetEnd=621 PartOfSpeech=DT] [Text=movie CharacterOffsetBegin=622 CharacterOffsetEnd=627 PartOfSpeech=NN] [Text=. CharacterOffsetBegin=627 CharacterOffsetEnd=628 PartOfSpeech=.] 
root(ROOT-0, knew-3)
nsubj(knew-3, I-1)
neg(knew-3, never-2)
mark(dance-8, that-4)
nn(Allen-6, Gracie-5)
nsubj(dance-8, Allen-6)
aux(dance-8, could-7)
ccomp(knew-3, dance-8)
punct(knew-3, ,-9)
cc(knew-3, but-10)
conj(knew-3, boy-11)
partmod(boy-11, does-12)
dobj(does-12, she-13)
prep(does-12, in-14)
det(movie-16, this-15)
pobj(in-14, movie-16)
punct(knew-3, .-17)

Sentence #7 (17 tokens):
Have you ever tried to remain standing on one of those spinning discs in a funhouse?
[Text=Have CharacterOffsetBegin=633 CharacterOffsetEnd=637 PartOfSpeech=VBP] [Text=you CharacterOffsetBegin=638 CharacterOffsetEnd=641 PartOfSpeech=PRP] [Text=ever CharacterOffsetBegin=642 CharacterOffsetEnd=646 PartOfSpeech=RB] [Text=tried CharacterOffsetBegin=647 CharacterOffsetEnd=652 PartOfSpeech=VBD] [Text=to CharacterOffsetBegin=653 CharacterOffsetEnd=655 PartOfSpeech=TO] [Text=remain CharacterOffsetBegin=656 CharacterOffsetEnd=662 PartOfSpeech=VB] [Text=standing CharacterOffsetBegin=663 CharacterOffsetEnd=671 PartOfSpeech=NN] [Text=on CharacterOffsetBegin=672 CharacterOffsetEnd=674 PartOfSpeech=IN] [Text=one CharacterOffsetBegin=675 CharacterOffsetEnd=678 PartOfSpeech=CD] [Text=of CharacterOffsetBegin=679 CharacterOffsetEnd=681 PartOfSpeech=IN] [Text=those CharacterOffsetBegin=682 CharacterOffsetEnd=687 PartOfSpeech=DT] [Text=spinning CharacterOffsetBegin=688 CharacterOffsetEnd=696 PartOfSpeech=VBG] [Text=discs CharacterOffsetBegin=697 CharacterOffsetEnd=702 PartOfSpeech=NNS] [Text=in CharacterOffsetBegin=703 CharacterOffsetEnd=705 PartOfSpeech=IN] [Text=a CharacterOffsetBegin=706 CharacterOffsetEnd=707 PartOfSpeech=DT] [Text=funhouse CharacterOffsetBegin=708 CharacterOffsetEnd=716 PartOfSpeech=NN] [Text=? CharacterOffsetBegin=716 CharacterOffsetEnd=717 PartOfSpeech=.] 
root(ROOT-0, tried-4)
aux(tried-4, Have-1)
nsubj(tried-4, you-2)
advmod(tried-4, ever-3)
aux(standing-7, to-5)
cop(standing-7, remain-6)
xcomp(tried-4, standing-7)
prep(standing-7, on-8)
pobj(on-8, one-9)
prep(one-9, of-10)
det(discs-13, those-11)
nn(discs-13, spinning-12)
pobj(of-10, discs-13)
prep(standing-7, in-14)
det(funhouse-16, a-15)
pobj(in-14, funhouse-16)
punct(tried-4, ?-17)

Sentence #8 (8 tokens):
Imagine tapdancing on one in high heels!
[Text=Imagine CharacterOffsetBegin=722 CharacterOffsetEnd=729 PartOfSpeech=VB] [Text=tapdancing CharacterOffsetBegin=730 CharacterOffsetEnd=740 PartOfSpeech=VBG] [Text=on CharacterOffsetBegin=741 CharacterOffsetEnd=743 PartOfSpeech=IN] [Text=one CharacterOffsetBegin=744 CharacterOffsetEnd=747 PartOfSpeech=CD] [Text=in CharacterOffsetBegin=748 CharacterOffsetEnd=750 PartOfSpeech=IN] [Text=high CharacterOffsetBegin=751 CharacterOffsetEnd=755 PartOfSpeech=JJ] [Text=heels CharacterOffsetBegin=756 CharacterOffsetEnd=761 PartOfSpeech=NNS] [Text=! CharacterOffsetBegin=761 CharacterOffsetEnd=762 PartOfSpeech=.] 
root(ROOT-0, Imagine-1)
partmod(Imagine-1, tapdancing-2)
prep(tapdancing-2, on-3)
pobj(on-3, one-4)
prep(one-4, in-5)
amod(heels-7, high-6)
pobj(in-5, heels-7)
punct(Imagine-1, !-8)

Sentence #9 (42 tokens):
She keeps up wonderfully with Astaire and adds greatly to the overall quality of the picture.Several nice songs, particularly fun are Nice Work if you Can Get It and Stiff Upper Lip.Recommended for fans of Astaire, Burns & Allen.
[Text=She CharacterOffsetBegin=767 CharacterOffsetEnd=770 PartOfSpeech=PRP] [Text=keeps CharacterOffsetBegin=771 CharacterOffsetEnd=776 PartOfSpeech=VBZ] [Text=up CharacterOffsetBegin=777 CharacterOffsetEnd=779 PartOfSpeech=RP] [Text=wonderfully CharacterOffsetBegin=780 CharacterOffsetEnd=791 PartOfSpeech=RB] [Text=with CharacterOffsetBegin=792 CharacterOffsetEnd=796 PartOfSpeech=IN] [Text=Astaire CharacterOffsetBegin=797 CharacterOffsetEnd=804 PartOfSpeech=NNP] [Text=and CharacterOffsetBegin=805 CharacterOffsetEnd=808 PartOfSpeech=CC] [Text=adds CharacterOffsetBegin=809 CharacterOffsetEnd=813 PartOfSpeech=VBZ] [Text=greatly CharacterOffsetBegin=814 CharacterOffsetEnd=821 PartOfSpeech=RB] [Text=to CharacterOffsetBegin=822 CharacterOffsetEnd=824 PartOfSpeech=TO] [Text=the CharacterOffsetBegin=825 CharacterOffsetEnd=828 PartOfSpeech=DT] [Text=overall CharacterOffsetBegin=829 CharacterOffsetEnd=836 PartOfSpeech=JJ] [Text=quality CharacterOffsetBegin=837 CharacterOffsetEnd=844 PartOfSpeech=NN] [Text=of CharacterOffsetBegin=845 CharacterOffsetEnd=847 PartOfSpeech=IN] [Text=the CharacterOffsetBegin=848 CharacterOffsetEnd=851 PartOfSpeech=DT] [Text=picture.Several CharacterOffsetBegin=852 CharacterOffsetEnd=867 PartOfSpeech=NN] [Text=nice CharacterOffsetBegin=868 CharacterOffsetEnd=872 PartOfSpeech=JJ] [Text=songs CharacterOffsetBegin=873 CharacterOffsetEnd=878 PartOfSpeech=NNS] [Text=, CharacterOffsetBegin=878 CharacterOffsetEnd=879 PartOfSpeech=,] [Text=particularly CharacterOffsetBegin=880 CharacterOffsetEnd=892 PartOfSpeech=RB] [Text=fun CharacterOffsetBegin=893 CharacterOffsetEnd=896 PartOfSpeech=NN] [Text=are CharacterOffsetBegin=897 CharacterOffsetEnd=900 PartOfSpeech=VBP] [Text=Nice CharacterOffsetBegin=901 CharacterOffsetEnd=905 PartOfSpeech=JJ] [Text=Work CharacterOffsetBegin=906 CharacterOffsetEnd=910 PartOfSpeech=NN] [Text=if CharacterOffsetBegin=911 CharacterOffsetEnd=913 PartOfSpeech=IN] [Text=you CharacterOffsetBegin=914 CharacterOffsetEnd=917 PartOfSpeech=PRP] [Text=Can CharacterOffsetBegin=918 CharacterOffsetEnd=921 PartOfSpeech=MD] [Text=Get CharacterOffsetBegin=922 CharacterOffsetEnd=925 PartOfSpeech=VB] [Text=It CharacterOffsetBegin=926 CharacterOffsetEnd=928 PartOfSpeech=PRP] [Text=and CharacterOffsetBegin=929 CharacterOffsetEnd=932 PartOfSpeech=CC] [Text=Stiff CharacterOffsetBegin=933 CharacterOffsetEnd=938 PartOfSpeech=NNP] [Text=Upper CharacterOffsetBegin=939 CharacterOffsetEnd=944 PartOfSpeech=NNP] [Text=Lip.Recommended CharacterOffsetBegin=945 CharacterOffsetEnd=960 PartOfSpeech=NNP] [Text=for CharacterOffsetBegin=961 CharacterOffsetEnd=964 PartOfSpeech=IN] [Text=fans CharacterOffsetBegin=965 CharacterOffsetEnd=969 PartOfSpeech=NNS] [Text=of CharacterOffsetBegin=970 CharacterOffsetEnd=972 PartOfSpeech=IN] [Text=Astaire CharacterOffsetBegin=973 CharacterOffsetEnd=980 PartOfSpeech=NNP] [Text=, CharacterOffsetBegin=980 CharacterOffsetEnd=981 PartOfSpeech=,] [Text=Burns CharacterOffsetBegin=982 CharacterOffsetEnd=987 PartOfSpeech=NNP] [Text=& CharacterOffsetBegin=988 CharacterOffsetEnd=989 PartOfSpeech=CC] [Text=Allen CharacterOffsetBegin=990 CharacterOffsetEnd=995 PartOfSpeech=NNP] [Text=. CharacterOffsetBegin=995 CharacterOffsetEnd=996 PartOfSpeech=.] 
root(ROOT-0, keeps-2)
nsubj(keeps-2, She-1)
prt(keeps-2, up-3)
dobj(keeps-2, wonderfully-4)
prep(wonderfully-4, with-5)
pobj(with-5, Astaire-6)
cc(keeps-2, and-7)
conj(keeps-2, adds-8)
advmod(adds-8, greatly-9)
prep(adds-8, to-10)
det(quality-13, the-11)
amod(quality-13, overall-12)
pobj(to-10, quality-13)
prep(quality-13, of-14)
det(picture.Several-16, the-15)
pobj(of-14, picture.Several-16)
amod(songs-18, nice-17)
dep(picture.Several-16, songs-18)
punct(songs-18, ,-19)
advmod(fun-21, particularly-20)
nsubj(Work-24, fun-21)
cop(Work-24, are-22)
amod(Work-24, Nice-23)
rcmod(songs-18, Work-24)
mark(Get-28, if-25)
nsubj(Get-28, you-26)
aux(Get-28, Can-27)
advcl(Work-24, Get-28)
dobj(Get-28, It-29)
cc(Get-28, and-30)
nn(Lip.Recommended-33, Stiff-31)
nn(Lip.Recommended-33, Upper-32)
conj(Get-28, Lip.Recommended-33)
prep(Lip.Recommended-33, for-34)
pobj(for-34, fans-35)
prep(fans-35, of-36)
pobj(of-36, Astaire-37)
punct(Astaire-37, ,-38)
conj(Astaire-37, Burns-39)
cc(Astaire-37, &-40)
conj(Astaire-37, Allen-41)
punct(keeps-2, .-42)

Sentence #10 (17 tokens):
I had to go back and re-watch the funhouse dance as soon as the credits rolled.
[Text=I CharacterOffsetBegin=1001 CharacterOffsetEnd=1002 PartOfSpeech=PRP] [Text=had CharacterOffsetBegin=1003 CharacterOffsetEnd=1006 PartOfSpeech=VBD] [Text=to CharacterOffsetBegin=1007 CharacterOffsetEnd=1009 PartOfSpeech=TO] [Text=go CharacterOffsetBegin=1010 CharacterOffsetEnd=1012 PartOfSpeech=VB] [Text=back CharacterOffsetBegin=1013 CharacterOffsetEnd=1017 PartOfSpeech=RB] [Text=and CharacterOffsetBegin=1018 CharacterOffsetEnd=1021 PartOfSpeech=CC] [Text=re-watch CharacterOffsetBegin=1022 CharacterOffsetEnd=1030 PartOfSpeech=VB] [Text=the CharacterOffsetBegin=1031 CharacterOffsetEnd=1034 PartOfSpeech=DT] [Text=funhouse CharacterOffsetBegin=1035 CharacterOffsetEnd=1043 PartOfSpeech=NN] [Text=dance CharacterOffsetBegin=1044 CharacterOffsetEnd=1049 PartOfSpeech=NN] [Text=as CharacterOffsetBegin=1050 CharacterOffsetEnd=1052 PartOfSpeech=RB] [Text=soon CharacterOffsetBegin=1053 CharacterOffsetEnd=1057 PartOfSpeech=RB] [Text=as CharacterOffsetBegin=1058 CharacterOffsetEnd=1060 PartOfSpeech=IN] [Text=the CharacterOffsetBegin=1061 CharacterOffsetEnd=1064 PartOfSpeech=DT] [Text=credits CharacterOffsetBegin=1065 CharacterOffsetEnd=1072 PartOfSpeech=NNS] [Text=rolled CharacterOffsetBegin=1073 CharacterOffsetEnd=1079 PartOfSpeech=VBD] [Text=. CharacterOffsetBegin=1079 CharacterOffsetEnd=1080 PartOfSpeech=.] 
root(ROOT-0, had-2)
nsubj(had-2, I-1)
aux(go-4, to-3)
xcomp(had-2, go-4)
advmod(go-4, back-5)
cc(go-4, and-6)
conj(go-4, re-watch-7)
det(dance-10, the-8)
nn(dance-10, funhouse-9)
dobj(re-watch-7, dance-10)
advmod(soon-12, as-11)
advmod(re-watch-7, soon-12)
mark(rolled-16, as-13)
det(credits-15, the-14)
nsubj(rolled-16, credits-15)
ccomp(soon-12, rolled-16)
punct(had-2, .-17)

