Sentence #1 (17 tokens):
Knowing when to end a movie is just as important as casting, directing and acting.
[Text=Knowing CharacterOffsetBegin=4 CharacterOffsetEnd=11 PartOfSpeech=VBG] [Text=when CharacterOffsetBegin=12 CharacterOffsetEnd=16 PartOfSpeech=WRB] [Text=to CharacterOffsetBegin=17 CharacterOffsetEnd=19 PartOfSpeech=TO] [Text=end CharacterOffsetBegin=20 CharacterOffsetEnd=23 PartOfSpeech=VB] [Text=a CharacterOffsetBegin=24 CharacterOffsetEnd=25 PartOfSpeech=DT] [Text=movie CharacterOffsetBegin=26 CharacterOffsetEnd=31 PartOfSpeech=NN] [Text=is CharacterOffsetBegin=32 CharacterOffsetEnd=34 PartOfSpeech=VBZ] [Text=just CharacterOffsetBegin=35 CharacterOffsetEnd=39 PartOfSpeech=RB] [Text=as CharacterOffsetBegin=40 CharacterOffsetEnd=42 PartOfSpeech=RB] [Text=important CharacterOffsetBegin=43 CharacterOffsetEnd=52 PartOfSpeech=JJ] [Text=as CharacterOffsetBegin=53 CharacterOffsetEnd=55 PartOfSpeech=IN] [Text=casting CharacterOffsetBegin=56 CharacterOffsetEnd=63 PartOfSpeech=NN] [Text=, CharacterOffsetBegin=63 CharacterOffsetEnd=64 PartOfSpeech=,] [Text=directing CharacterOffsetBegin=65 CharacterOffsetEnd=74 PartOfSpeech=VBG] [Text=and CharacterOffsetBegin=75 CharacterOffsetEnd=78 PartOfSpeech=CC] [Text=acting CharacterOffsetBegin=79 CharacterOffsetEnd=85 PartOfSpeech=VBG] [Text=. CharacterOffsetBegin=85 CharacterOffsetEnd=86 PartOfSpeech=.] 
root(ROOT-0, important-10)
csubj(important-10, Knowing-1)
advmod(end-4, when-2)
aux(end-4, to-3)
advcl(Knowing-1, end-4)
det(movie-6, a-5)
dobj(end-4, movie-6)
cop(important-10, is-7)
advmod(important-10, just-8)
advmod(important-10, as-9)
prep(important-10, as-11)
pobj(as-11, casting-12)
punct(casting-12, ,-13)
conj(casting-12, directing-14)
cc(casting-12, and-15)
conj(casting-12, acting-16)
punct(important-10, .-17)

Sentence #2 (13 tokens):
And it's nice to see when a director/script get it right.
[Text=And CharacterOffsetBegin=91 CharacterOffsetEnd=94 PartOfSpeech=CC] [Text=it CharacterOffsetBegin=95 CharacterOffsetEnd=97 PartOfSpeech=PRP] [Text='s CharacterOffsetBegin=97 CharacterOffsetEnd=99 PartOfSpeech=VBZ] [Text=nice CharacterOffsetBegin=100 CharacterOffsetEnd=104 PartOfSpeech=JJ] [Text=to CharacterOffsetBegin=105 CharacterOffsetEnd=107 PartOfSpeech=TO] [Text=see CharacterOffsetBegin=108 CharacterOffsetEnd=111 PartOfSpeech=VB] [Text=when CharacterOffsetBegin=112 CharacterOffsetEnd=116 PartOfSpeech=WRB] [Text=a CharacterOffsetBegin=117 CharacterOffsetEnd=118 PartOfSpeech=DT] [Text=director/script CharacterOffsetBegin=119 CharacterOffsetEnd=134 PartOfSpeech=NN] [Text=get CharacterOffsetBegin=135 CharacterOffsetEnd=138 PartOfSpeech=VB] [Text=it CharacterOffsetBegin=139 CharacterOffsetEnd=141 PartOfSpeech=PRP] [Text=right CharacterOffsetBegin=142 CharacterOffsetEnd=147 PartOfSpeech=RB] [Text=. CharacterOffsetBegin=147 CharacterOffsetEnd=148 PartOfSpeech=.] 
root(ROOT-0, nice-4)
cc(nice-4, And-1)
nsubj(nice-4, it-2)
cop(nice-4, 's-3)
aux(see-6, to-5)
xcomp(nice-4, see-6)
advmod(get-10, when-7)
det(director/script-9, a-8)
nsubj(get-10, director/script-9)
advcl(see-6, get-10)
dobj(get-10, it-11)
advmod(get-10, right-12)
punct(nice-4, .-13)

Sentence #3 (24 tokens):
Clocking in at just 82 minutes, 10 ITEMS OR LESS doesn't stretch the story, trying to grasp at inane topics.
[Text=Clocking CharacterOffsetBegin=153 CharacterOffsetEnd=161 PartOfSpeech=VBG] [Text=in CharacterOffsetBegin=162 CharacterOffsetEnd=164 PartOfSpeech=IN] [Text=at CharacterOffsetBegin=165 CharacterOffsetEnd=167 PartOfSpeech=IN] [Text=just CharacterOffsetBegin=168 CharacterOffsetEnd=172 PartOfSpeech=RB] [Text=82 CharacterOffsetBegin=173 CharacterOffsetEnd=175 PartOfSpeech=CD] [Text=minutes CharacterOffsetBegin=176 CharacterOffsetEnd=183 PartOfSpeech=NNS] [Text=, CharacterOffsetBegin=183 CharacterOffsetEnd=184 PartOfSpeech=,] [Text=10 CharacterOffsetBegin=185 CharacterOffsetEnd=187 PartOfSpeech=CD] [Text=ITEMS CharacterOffsetBegin=188 CharacterOffsetEnd=193 PartOfSpeech=NNS] [Text=OR CharacterOffsetBegin=194 CharacterOffsetEnd=196 PartOfSpeech=NN] [Text=LESS CharacterOffsetBegin=197 CharacterOffsetEnd=201 PartOfSpeech=NN] [Text=does CharacterOffsetBegin=202 CharacterOffsetEnd=206 PartOfSpeech=VBZ] [Text=n't CharacterOffsetBegin=206 CharacterOffsetEnd=209 PartOfSpeech=RB] [Text=stretch CharacterOffsetBegin=210 CharacterOffsetEnd=217 PartOfSpeech=VB] [Text=the CharacterOffsetBegin=218 CharacterOffsetEnd=221 PartOfSpeech=DT] [Text=story CharacterOffsetBegin=222 CharacterOffsetEnd=227 PartOfSpeech=NN] [Text=, CharacterOffsetBegin=227 CharacterOffsetEnd=228 PartOfSpeech=,] [Text=trying CharacterOffsetBegin=229 CharacterOffsetEnd=235 PartOfSpeech=VBG] [Text=to CharacterOffsetBegin=236 CharacterOffsetEnd=238 PartOfSpeech=TO] [Text=grasp CharacterOffsetBegin=239 CharacterOffsetEnd=244 PartOfSpeech=VB] [Text=at CharacterOffsetBegin=245 CharacterOffsetEnd=247 PartOfSpeech=IN] [Text=inane CharacterOffsetBegin=248 CharacterOffsetEnd=253 PartOfSpeech=JJ] [Text=topics CharacterOffsetBegin=254 CharacterOffsetEnd=260 PartOfSpeech=NNS] [Text=. CharacterOffsetBegin=260 CharacterOffsetEnd=261 PartOfSpeech=.] 
root(ROOT-0, Clocking-1)
prep(Clocking-1, in-2)
pcomp(in-2, at-3)
advmod(minutes-6, just-4)
num(minutes-6, 82-5)
pobj(at-3, minutes-6)
punct(Clocking-1, ,-7)
num(LESS-11, 10-8)
nn(LESS-11, ITEMS-9)
nn(LESS-11, OR-10)
nsubj(stretch-14, LESS-11)
aux(stretch-14, does-12)
neg(stretch-14, n't-13)
ccomp(Clocking-1, stretch-14)
det(story-16, the-15)
dobj(stretch-14, story-16)
punct(stretch-14, ,-17)
partmod(stretch-14, trying-18)
aux(grasp-20, to-19)
xcomp(trying-18, grasp-20)
prep(grasp-20, at-21)
amod(topics-23, inane-22)
pobj(at-21, topics-23)
punct(Clocking-1, .-24)

Sentence #4 (36 tokens):
It stays focused, being funny, sad, and well thought out.Morgan Freeman (LUCKY NUMBER SLEVIN) stars as "Him", an aging actor grasping at any roles presented to him.
[Text=It CharacterOffsetBegin=266 CharacterOffsetEnd=268 PartOfSpeech=PRP] [Text=stays CharacterOffsetBegin=269 CharacterOffsetEnd=274 PartOfSpeech=VBZ] [Text=focused CharacterOffsetBegin=275 CharacterOffsetEnd=282 PartOfSpeech=VBN] [Text=, CharacterOffsetBegin=282 CharacterOffsetEnd=283 PartOfSpeech=,] [Text=being CharacterOffsetBegin=284 CharacterOffsetEnd=289 PartOfSpeech=VBG] [Text=funny CharacterOffsetBegin=290 CharacterOffsetEnd=295 PartOfSpeech=JJ] [Text=, CharacterOffsetBegin=295 CharacterOffsetEnd=296 PartOfSpeech=,] [Text=sad CharacterOffsetBegin=297 CharacterOffsetEnd=300 PartOfSpeech=JJ] [Text=, CharacterOffsetBegin=300 CharacterOffsetEnd=301 PartOfSpeech=,] [Text=and CharacterOffsetBegin=302 CharacterOffsetEnd=305 PartOfSpeech=CC] [Text=well CharacterOffsetBegin=306 CharacterOffsetEnd=310 PartOfSpeech=RB] [Text=thought CharacterOffsetBegin=311 CharacterOffsetEnd=318 PartOfSpeech=VBD] [Text=out.Morgan CharacterOffsetBegin=319 CharacterOffsetEnd=329 PartOfSpeech=NNP] [Text=Freeman CharacterOffsetBegin=330 CharacterOffsetEnd=337 PartOfSpeech=NNP] [Text=-LRB- CharacterOffsetBegin=338 CharacterOffsetEnd=339 PartOfSpeech=-LRB-] [Text=LUCKY CharacterOffsetBegin=339 CharacterOffsetEnd=344 PartOfSpeech=JJ] [Text=NUMBER CharacterOffsetBegin=345 CharacterOffsetEnd=351 PartOfSpeech=NN] [Text=SLEVIN CharacterOffsetBegin=352 CharacterOffsetEnd=358 PartOfSpeech=NN] [Text=-RRB- CharacterOffsetBegin=358 CharacterOffsetEnd=359 PartOfSpeech=-RRB-] [Text=stars CharacterOffsetBegin=360 CharacterOffsetEnd=365 PartOfSpeech=VBZ] [Text=as CharacterOffsetBegin=366 CharacterOffsetEnd=368 PartOfSpeech=IN] [Text=`` CharacterOffsetBegin=369 CharacterOffsetEnd=370 PartOfSpeech=``] [Text=Him CharacterOffsetBegin=370 CharacterOffsetEnd=373 PartOfSpeech=PRP] [Text='' CharacterOffsetBegin=373 CharacterOffsetEnd=374 PartOfSpeech=''] [Text=, CharacterOffsetBegin=374 CharacterOffsetEnd=375 PartOfSpeech=,] [Text=an CharacterOffsetBegin=376 CharacterOffsetEnd=378 PartOfSpeech=DT] [Text=aging CharacterOffsetBegin=379 CharacterOffsetEnd=384 PartOfSpeech=NN] [Text=actor CharacterOffsetBegin=385 CharacterOffsetEnd=390 PartOfSpeech=NN] [Text=grasping CharacterOffsetBegin=391 CharacterOffsetEnd=399 PartOfSpeech=VBG] [Text=at CharacterOffsetBegin=400 CharacterOffsetEnd=402 PartOfSpeech=IN] [Text=any CharacterOffsetBegin=403 CharacterOffsetEnd=406 PartOfSpeech=DT] [Text=roles CharacterOffsetBegin=407 CharacterOffsetEnd=412 PartOfSpeech=NNS] [Text=presented CharacterOffsetBegin=413 CharacterOffsetEnd=422 PartOfSpeech=VBN] [Text=to CharacterOffsetBegin=423 CharacterOffsetEnd=425 PartOfSpeech=TO] [Text=him CharacterOffsetBegin=426 CharacterOffsetEnd=429 PartOfSpeech=PRP] [Text=. CharacterOffsetBegin=429 CharacterOffsetEnd=430 PartOfSpeech=.] 
root(ROOT-0, focused-3)
nsubjpass(focused-3, It-1)
auxpass(focused-3, stays-2)
punct(focused-3, ,-4)
cop(funny-6, being-5)
dep(focused-3, funny-6)
punct(funny-6, ,-7)
conj(funny-6, sad-8)
punct(funny-6, ,-9)
cc(focused-3, and-10)
advmod(thought-12, well-11)
conj(focused-3, thought-12)
nn(stars-20, out.Morgan-13)
nn(stars-20, Freeman-14)
punct(SLEVIN-18, -LRB--15)
amod(SLEVIN-18, LUCKY-16)
nn(SLEVIN-18, NUMBER-17)
appos(Freeman-14, SLEVIN-18)
punct(SLEVIN-18, -RRB--19)
dep(thought-12, stars-20)
dep(stars-20, as-21)
punct(as-21, ``-22)
dep(``-22, Him-23)
punct(Him-23, ''-24)
punct(''-24, ,-25)
det(actor-28, an-26)
amod(actor-28, aging-27)
nsubj(,-25, actor-28)
partmod(actor-28, grasping-29)
prep(grasping-29, at-30)
det(roles-32, any-31)
pobj(at-30, roles-32)
partmod(roles-32, presented-33)
prep(presented-33, to-34)
pobj(to-34, him-35)
punct(actor-28, .-36)

Sentence #5 (29 tokens):
We're introduced to "Him" as he travels to a supermarket in an out-of-the-way section of town by The Kid (Jonah Hill, CLICK).
[Text=We CharacterOffsetBegin=435 CharacterOffsetEnd=437 PartOfSpeech=PRP] [Text='re CharacterOffsetBegin=437 CharacterOffsetEnd=440 PartOfSpeech=VBP] [Text=introduced CharacterOffsetBegin=441 CharacterOffsetEnd=451 PartOfSpeech=VBN] [Text=to CharacterOffsetBegin=452 CharacterOffsetEnd=454 PartOfSpeech=TO] [Text=`` CharacterOffsetBegin=455 CharacterOffsetEnd=456 PartOfSpeech=``] [Text=Him CharacterOffsetBegin=456 CharacterOffsetEnd=459 PartOfSpeech=PRP] [Text='' CharacterOffsetBegin=459 CharacterOffsetEnd=460 PartOfSpeech=''] [Text=as CharacterOffsetBegin=461 CharacterOffsetEnd=463 PartOfSpeech=IN] [Text=he CharacterOffsetBegin=464 CharacterOffsetEnd=466 PartOfSpeech=PRP] [Text=travels CharacterOffsetBegin=467 CharacterOffsetEnd=474 PartOfSpeech=VBZ] [Text=to CharacterOffsetBegin=475 CharacterOffsetEnd=477 PartOfSpeech=TO] [Text=a CharacterOffsetBegin=478 CharacterOffsetEnd=479 PartOfSpeech=DT] [Text=supermarket CharacterOffsetBegin=480 CharacterOffsetEnd=491 PartOfSpeech=NN] [Text=in CharacterOffsetBegin=492 CharacterOffsetEnd=494 PartOfSpeech=IN] [Text=an CharacterOffsetBegin=495 CharacterOffsetEnd=497 PartOfSpeech=DT] [Text=out-of-the-way CharacterOffsetBegin=498 CharacterOffsetEnd=512 PartOfSpeech=JJ] [Text=section CharacterOffsetBegin=513 CharacterOffsetEnd=520 PartOfSpeech=NN] [Text=of CharacterOffsetBegin=521 CharacterOffsetEnd=523 PartOfSpeech=IN] [Text=town CharacterOffsetBegin=524 CharacterOffsetEnd=528 PartOfSpeech=NN] [Text=by CharacterOffsetBegin=529 CharacterOffsetEnd=531 PartOfSpeech=IN] [Text=The CharacterOffsetBegin=532 CharacterOffsetEnd=535 PartOfSpeech=DT] [Text=Kid CharacterOffsetBegin=536 CharacterOffsetEnd=539 PartOfSpeech=NN] [Text=-LRB- CharacterOffsetBegin=540 CharacterOffsetEnd=541 PartOfSpeech=-LRB-] [Text=Jonah CharacterOffsetBegin=541 CharacterOffsetEnd=546 PartOfSpeech=NNP] [Text=Hill CharacterOffsetBegin=547 CharacterOffsetEnd=551 PartOfSpeech=NNP] [Text=, CharacterOffsetBegin=551 CharacterOffsetEnd=552 PartOfSpeech=,] [Text=CLICK CharacterOffsetBegin=553 CharacterOffsetEnd=558 PartOfSpeech=NN] [Text=-RRB- CharacterOffsetBegin=558 CharacterOffsetEnd=559 PartOfSpeech=-RRB-] [Text=. CharacterOffsetBegin=559 CharacterOffsetEnd=560 PartOfSpeech=.] 
root(ROOT-0, introduced-3)
nsubjpass(introduced-3, We-1)
auxpass(introduced-3, 're-2)
aux(travels-10, to-4)
punct(travels-10, ``-5)
nsubj(travels-10, Him-6)
punct(travels-10, ''-7)
mark(travels-10, as-8)
nsubj(travels-10, he-9)
xcomp(introduced-3, travels-10)
prep(travels-10, to-11)
det(supermarket-13, a-12)
pobj(to-11, supermarket-13)
prep(travels-10, in-14)
det(section-17, an-15)
amod(section-17, out-of-the-way-16)
pobj(in-14, section-17)
prep(section-17, of-18)
pobj(of-18, town-19)
prep(travels-10, by-20)
pobj(by-20, The-21)
amod(The-21, Kid-22)
punct(Hill-25, -LRB--23)
nn(Hill-25, Jonah-24)
dep(Kid-22, Hill-25)
punct(Hill-25, ,-26)
dep(Hill-25, CLICK-27)
punct(Hill-25, -RRB--28)
punct(introduced-3, .-29)

Sentence #6 (26 tokens):
Realizing he has a star in his car, The Kid pressures Him to talk about his absence in cinema over the past few years.
[Text=Realizing CharacterOffsetBegin=565 CharacterOffsetEnd=574 PartOfSpeech=VBG] [Text=he CharacterOffsetBegin=575 CharacterOffsetEnd=577 PartOfSpeech=PRP] [Text=has CharacterOffsetBegin=578 CharacterOffsetEnd=581 PartOfSpeech=VBZ] [Text=a CharacterOffsetBegin=582 CharacterOffsetEnd=583 PartOfSpeech=DT] [Text=star CharacterOffsetBegin=584 CharacterOffsetEnd=588 PartOfSpeech=NN] [Text=in CharacterOffsetBegin=589 CharacterOffsetEnd=591 PartOfSpeech=IN] [Text=his CharacterOffsetBegin=592 CharacterOffsetEnd=595 PartOfSpeech=PRP$] [Text=car CharacterOffsetBegin=596 CharacterOffsetEnd=599 PartOfSpeech=NN] [Text=, CharacterOffsetBegin=599 CharacterOffsetEnd=600 PartOfSpeech=,] [Text=The CharacterOffsetBegin=601 CharacterOffsetEnd=604 PartOfSpeech=DT] [Text=Kid CharacterOffsetBegin=605 CharacterOffsetEnd=608 PartOfSpeech=NN] [Text=pressures CharacterOffsetBegin=609 CharacterOffsetEnd=618 PartOfSpeech=NNS] [Text=Him CharacterOffsetBegin=619 CharacterOffsetEnd=622 PartOfSpeech=PRP] [Text=to CharacterOffsetBegin=623 CharacterOffsetEnd=625 PartOfSpeech=TO] [Text=talk CharacterOffsetBegin=626 CharacterOffsetEnd=630 PartOfSpeech=VB] [Text=about CharacterOffsetBegin=631 CharacterOffsetEnd=636 PartOfSpeech=IN] [Text=his CharacterOffsetBegin=637 CharacterOffsetEnd=640 PartOfSpeech=PRP$] [Text=absence CharacterOffsetBegin=641 CharacterOffsetEnd=648 PartOfSpeech=NN] [Text=in CharacterOffsetBegin=649 CharacterOffsetEnd=651 PartOfSpeech=IN] [Text=cinema CharacterOffsetBegin=652 CharacterOffsetEnd=658 PartOfSpeech=NN] [Text=over CharacterOffsetBegin=659 CharacterOffsetEnd=663 PartOfSpeech=IN] [Text=the CharacterOffsetBegin=664 CharacterOffsetEnd=667 PartOfSpeech=DT] [Text=past CharacterOffsetBegin=668 CharacterOffsetEnd=672 PartOfSpeech=JJ] [Text=few CharacterOffsetBegin=673 CharacterOffsetEnd=676 PartOfSpeech=JJ] [Text=years CharacterOffsetBegin=677 CharacterOffsetEnd=682 PartOfSpeech=NNS] [Text=. CharacterOffsetBegin=682 CharacterOffsetEnd=683 PartOfSpeech=.] 
root(ROOT-0, Realizing-1)
nsubj(has-3, he-2)
ccomp(Realizing-1, has-3)
det(star-5, a-4)
dobj(has-3, star-5)
prep(has-3, in-6)
poss(car-8, his-7)
pobj(in-6, car-8)
punct(Realizing-1, ,-9)
det(pressures-12, The-10)
nn(pressures-12, Kid-11)
nsubj(,-9, pressures-12)
nsubj(talk-15, Him-13)
aux(talk-15, to-14)
rcmod(pressures-12, talk-15)
prep(talk-15, about-16)
poss(absence-18, his-17)
pobj(about-16, absence-18)
prep(absence-18, in-19)
pobj(in-19, cinema-20)
prep(talk-15, over-21)
det(years-25, the-22)
amod(years-25, past-23)
amod(years-25, few-24)
pobj(over-21, years-25)
punct(pressures-12, .-26)

Sentence #7 (52 tokens):
Him isn't very forthcoming because, not only has he been out of it for while, he's also en route to a shooting location of an indie film he might act in ("I haven't decided if I'm going to accept the part.")
[Text=Him CharacterOffsetBegin=688 CharacterOffsetEnd=691 PartOfSpeech=PRP] [Text=is CharacterOffsetBegin=692 CharacterOffsetEnd=694 PartOfSpeech=VBZ] [Text=n't CharacterOffsetBegin=694 CharacterOffsetEnd=697 PartOfSpeech=RB] [Text=very CharacterOffsetBegin=698 CharacterOffsetEnd=702 PartOfSpeech=RB] [Text=forthcoming CharacterOffsetBegin=703 CharacterOffsetEnd=714 PartOfSpeech=JJ] [Text=because CharacterOffsetBegin=715 CharacterOffsetEnd=722 PartOfSpeech=IN] [Text=, CharacterOffsetBegin=722 CharacterOffsetEnd=723 PartOfSpeech=,] [Text=not CharacterOffsetBegin=724 CharacterOffsetEnd=727 PartOfSpeech=RB] [Text=only CharacterOffsetBegin=728 CharacterOffsetEnd=732 PartOfSpeech=RB] [Text=has CharacterOffsetBegin=733 CharacterOffsetEnd=736 PartOfSpeech=VBZ] [Text=he CharacterOffsetBegin=737 CharacterOffsetEnd=739 PartOfSpeech=PRP] [Text=been CharacterOffsetBegin=740 CharacterOffsetEnd=744 PartOfSpeech=VBN] [Text=out CharacterOffsetBegin=745 CharacterOffsetEnd=748 PartOfSpeech=IN] [Text=of CharacterOffsetBegin=749 CharacterOffsetEnd=751 PartOfSpeech=IN] [Text=it CharacterOffsetBegin=752 CharacterOffsetEnd=754 PartOfSpeech=PRP] [Text=for CharacterOffsetBegin=755 CharacterOffsetEnd=758 PartOfSpeech=IN] [Text=while CharacterOffsetBegin=759 CharacterOffsetEnd=764 PartOfSpeech=IN] [Text=, CharacterOffsetBegin=764 CharacterOffsetEnd=765 PartOfSpeech=,] [Text=he CharacterOffsetBegin=766 CharacterOffsetEnd=768 PartOfSpeech=PRP] [Text='s CharacterOffsetBegin=768 CharacterOffsetEnd=770 PartOfSpeech=VBZ] [Text=also CharacterOffsetBegin=771 CharacterOffsetEnd=775 PartOfSpeech=RB] [Text=en CharacterOffsetBegin=776 CharacterOffsetEnd=778 PartOfSpeech=IN] [Text=route CharacterOffsetBegin=779 CharacterOffsetEnd=784 PartOfSpeech=NN] [Text=to CharacterOffsetBegin=785 CharacterOffsetEnd=787 PartOfSpeech=TO] [Text=a CharacterOffsetBegin=788 CharacterOffsetEnd=789 PartOfSpeech=DT] [Text=shooting CharacterOffsetBegin=790 CharacterOffsetEnd=798 PartOfSpeech=NN] [Text=location CharacterOffsetBegin=799 CharacterOffsetEnd=807 PartOfSpeech=NN] [Text=of CharacterOffsetBegin=808 CharacterOffsetEnd=810 PartOfSpeech=IN] [Text=an CharacterOffsetBegin=811 CharacterOffsetEnd=813 PartOfSpeech=DT] [Text=indie CharacterOffsetBegin=814 CharacterOffsetEnd=819 PartOfSpeech=JJ] [Text=film CharacterOffsetBegin=820 CharacterOffsetEnd=824 PartOfSpeech=NN] [Text=he CharacterOffsetBegin=825 CharacterOffsetEnd=827 PartOfSpeech=PRP] [Text=might CharacterOffsetBegin=828 CharacterOffsetEnd=833 PartOfSpeech=MD] [Text=act CharacterOffsetBegin=834 CharacterOffsetEnd=837 PartOfSpeech=VB] [Text=in CharacterOffsetBegin=838 CharacterOffsetEnd=840 PartOfSpeech=IN] [Text=-LRB- CharacterOffsetBegin=841 CharacterOffsetEnd=842 PartOfSpeech=-LRB-] [Text=`` CharacterOffsetBegin=842 CharacterOffsetEnd=843 PartOfSpeech=``] [Text=I CharacterOffsetBegin=843 CharacterOffsetEnd=844 PartOfSpeech=PRP] [Text=have CharacterOffsetBegin=845 CharacterOffsetEnd=849 PartOfSpeech=VBP] [Text=n't CharacterOffsetBegin=849 CharacterOffsetEnd=852 PartOfSpeech=RB] [Text=decided CharacterOffsetBegin=853 CharacterOffsetEnd=860 PartOfSpeech=VBN] [Text=if CharacterOffsetBegin=861 CharacterOffsetEnd=863 PartOfSpeech=IN] [Text=I CharacterOffsetBegin=864 CharacterOffsetEnd=865 PartOfSpeech=PRP] [Text='m CharacterOffsetBegin=865 CharacterOffsetEnd=867 PartOfSpeech=VBP] [Text=going CharacterOffsetBegin=868 CharacterOffsetEnd=873 PartOfSpeech=VBG] [Text=to CharacterOffsetBegin=874 CharacterOffsetEnd=876 PartOfSpeech=TO] [Text=accept CharacterOffsetBegin=877 CharacterOffsetEnd=883 PartOfSpeech=VB] [Text=the CharacterOffsetBegin=884 CharacterOffsetEnd=887 PartOfSpeech=DT] [Text=part CharacterOffsetBegin=888 CharacterOffsetEnd=892 PartOfSpeech=NN] [Text=. CharacterOffsetBegin=892 CharacterOffsetEnd=893 PartOfSpeech=.] [Text='' CharacterOffsetBegin=893 CharacterOffsetEnd=894 PartOfSpeech=''] [Text=-RRB- CharacterOffsetBegin=894 CharacterOffsetEnd=895 PartOfSpeech=-RRB-] 
root(ROOT-0, forthcoming-5)
nsubj(forthcoming-5, Him-1)
cop(forthcoming-5, is-2)
neg(forthcoming-5, n't-3)
advmod(forthcoming-5, very-4)
dep(been-12, because-6)
punct(been-12, ,-7)
neg(only-9, not-8)
dep(been-12, only-9)
aux(been-12, has-10)
nsubj(been-12, he-11)
dep(forthcoming-5, been-12)
advmod(been-12, out-13)
prep(out-13, of-14)
pobj(of-14, it-15)
prep(been-12, for-16)
pobj(for-16, while-17)
punct(forthcoming-5, ,-18)
dep(forthcoming-5, he-19)
dep(he-19, 's-20)
advmod('s-20, also-21)
dep(also-21, en-22)
pobj(en-22, route-23)
prep(route-23, to-24)
det(location-27, a-25)
nn(location-27, shooting-26)
pobj(to-24, location-27)
prep(location-27, of-28)
det(film-31, an-29)
amod(film-31, indie-30)
pobj(of-28, film-31)
nsubj(act-34, he-32)
aux(act-34, might-33)
rcmod(film-31, act-34)
prep(act-34, in-35)
punct(decided-41, -LRB--36)
punct(decided-41, ``-37)
nsubj(decided-41, I-38)
aux(decided-41, have-39)
neg(decided-41, n't-40)
pcomp(in-35, decided-41)
mark(going-45, if-42)
nsubj(going-45, I-43)
aux(going-45, 'm-44)
advcl(decided-41, going-45)
aux(accept-47, to-46)
xcomp(going-45, accept-47)
det(part-49, the-48)
dobj(accept-47, part-49)
punct(-RRB--52, .-50)
punct(-RRB--52, ''-51)
punct('s-20, -RRB--52)

Sentence #8 (1 tokens):
.
[Text=. CharacterOffsetBegin=895 CharacterOffsetEnd=896 PartOfSpeech=.] 
root(ROOT-0, .-1)

Sentence #9 (23 tokens):
The Kid is a relative of the director involved in this indie venture and soon drops him in the middle of nowheresville.
[Text=The CharacterOffsetBegin=901 CharacterOffsetEnd=904 PartOfSpeech=DT] [Text=Kid CharacterOffsetBegin=905 CharacterOffsetEnd=908 PartOfSpeech=NN] [Text=is CharacterOffsetBegin=909 CharacterOffsetEnd=911 PartOfSpeech=VBZ] [Text=a CharacterOffsetBegin=912 CharacterOffsetEnd=913 PartOfSpeech=DT] [Text=relative CharacterOffsetBegin=914 CharacterOffsetEnd=922 PartOfSpeech=JJ] [Text=of CharacterOffsetBegin=923 CharacterOffsetEnd=925 PartOfSpeech=IN] [Text=the CharacterOffsetBegin=926 CharacterOffsetEnd=929 PartOfSpeech=DT] [Text=director CharacterOffsetBegin=930 CharacterOffsetEnd=938 PartOfSpeech=NN] [Text=involved CharacterOffsetBegin=939 CharacterOffsetEnd=947 PartOfSpeech=VBN] [Text=in CharacterOffsetBegin=948 CharacterOffsetEnd=950 PartOfSpeech=IN] [Text=this CharacterOffsetBegin=951 CharacterOffsetEnd=955 PartOfSpeech=DT] [Text=indie CharacterOffsetBegin=956 CharacterOffsetEnd=961 PartOfSpeech=JJ] [Text=venture CharacterOffsetBegin=962 CharacterOffsetEnd=969 PartOfSpeech=NN] [Text=and CharacterOffsetBegin=970 CharacterOffsetEnd=973 PartOfSpeech=CC] [Text=soon CharacterOffsetBegin=974 CharacterOffsetEnd=978 PartOfSpeech=RB] [Text=drops CharacterOffsetBegin=979 CharacterOffsetEnd=984 PartOfSpeech=VBZ] [Text=him CharacterOffsetBegin=985 CharacterOffsetEnd=988 PartOfSpeech=PRP] [Text=in CharacterOffsetBegin=989 CharacterOffsetEnd=991 PartOfSpeech=IN] [Text=the CharacterOffsetBegin=992 CharacterOffsetEnd=995 PartOfSpeech=DT] [Text=middle CharacterOffsetBegin=996 CharacterOffsetEnd=1002 PartOfSpeech=NN] [Text=of CharacterOffsetBegin=1003 CharacterOffsetEnd=1005 PartOfSpeech=IN] [Text=nowheresville CharacterOffsetBegin=1006 CharacterOffsetEnd=1019 PartOfSpeech=NN] [Text=. CharacterOffsetBegin=1019 CharacterOffsetEnd=1020 PartOfSpeech=.] 
root(ROOT-0, relative-5)
det(Kid-2, The-1)
nsubj(relative-5, Kid-2)
cop(relative-5, is-3)
det(relative-5, a-4)
prep(relative-5, of-6)
det(director-8, the-7)
pobj(of-6, director-8)
partmod(director-8, involved-9)
prep(involved-9, in-10)
det(venture-13, this-11)
amod(venture-13, indie-12)
pobj(in-10, venture-13)
cc(relative-5, and-14)
advmod(drops-16, soon-15)
conj(relative-5, drops-16)
dobj(drops-16, him-17)
prep(drops-16, in-18)
det(middle-20, the-19)
pobj(in-18, middle-20)
prep(middle-20, of-21)
pobj(of-21, nowheresville-22)
punct(relative-5, .-23)

Sentence #10 (11 tokens):
Stuck, Him decides to check out the local market.
[Text=Stuck CharacterOffsetBegin=1025 CharacterOffsetEnd=1030 PartOfSpeech=NNP] [Text=, CharacterOffsetBegin=1030 CharacterOffsetEnd=1031 PartOfSpeech=,] [Text=Him CharacterOffsetBegin=1032 CharacterOffsetEnd=1035 PartOfSpeech=PRP] [Text=decides CharacterOffsetBegin=1036 CharacterOffsetEnd=1043 PartOfSpeech=VBZ] [Text=to CharacterOffsetBegin=1044 CharacterOffsetEnd=1046 PartOfSpeech=TO] [Text=check CharacterOffsetBegin=1047 CharacterOffsetEnd=1052 PartOfSpeech=VB] [Text=out CharacterOffsetBegin=1053 CharacterOffsetEnd=1056 PartOfSpeech=RP] [Text=the CharacterOffsetBegin=1057 CharacterOffsetEnd=1060 PartOfSpeech=DT] [Text=local CharacterOffsetBegin=1061 CharacterOffsetEnd=1066 PartOfSpeech=JJ] [Text=market CharacterOffsetBegin=1067 CharacterOffsetEnd=1073 PartOfSpeech=NN] [Text=. CharacterOffsetBegin=1073 CharacterOffsetEnd=1074 PartOfSpeech=.] 
root(ROOT-0, decides-4)
nsubj(decides-4, Stuck-1)
punct(Stuck-1, ,-2)
appos(Stuck-1, Him-3)
aux(check-6, to-5)
xcomp(decides-4, check-6)
prt(check-6, out-7)
det(market-10, the-8)
amod(market-10, local-9)
dobj(check-6, market-10)
punct(decides-4, .-11)

Sentence #11 (20 tokens):
He immediately runs into the beautiful Scarlet (Paz Vega) who operates the 10 items or less register.
[Text=He CharacterOffsetBegin=1079 CharacterOffsetEnd=1081 PartOfSpeech=PRP] [Text=immediately CharacterOffsetBegin=1082 CharacterOffsetEnd=1093 PartOfSpeech=RB] [Text=runs CharacterOffsetBegin=1094 CharacterOffsetEnd=1098 PartOfSpeech=VBZ] [Text=into CharacterOffsetBegin=1099 CharacterOffsetEnd=1103 PartOfSpeech=IN] [Text=the CharacterOffsetBegin=1104 CharacterOffsetEnd=1107 PartOfSpeech=DT] [Text=beautiful CharacterOffsetBegin=1108 CharacterOffsetEnd=1117 PartOfSpeech=JJ] [Text=Scarlet CharacterOffsetBegin=1118 CharacterOffsetEnd=1125 PartOfSpeech=JJ] [Text=-LRB- CharacterOffsetBegin=1126 CharacterOffsetEnd=1127 PartOfSpeech=-LRB-] [Text=Paz CharacterOffsetBegin=1127 CharacterOffsetEnd=1130 PartOfSpeech=NNP] [Text=Vega CharacterOffsetBegin=1131 CharacterOffsetEnd=1135 PartOfSpeech=NNP] [Text=-RRB- CharacterOffsetBegin=1135 CharacterOffsetEnd=1136 PartOfSpeech=-RRB-] [Text=who CharacterOffsetBegin=1137 CharacterOffsetEnd=1140 PartOfSpeech=WP] [Text=operates CharacterOffsetBegin=1141 CharacterOffsetEnd=1149 PartOfSpeech=VBZ] [Text=the CharacterOffsetBegin=1150 CharacterOffsetEnd=1153 PartOfSpeech=DT] [Text=10 CharacterOffsetBegin=1154 CharacterOffsetEnd=1156 PartOfSpeech=CD] [Text=items CharacterOffsetBegin=1157 CharacterOffsetEnd=1162 PartOfSpeech=NNS] [Text=or CharacterOffsetBegin=1163 CharacterOffsetEnd=1165 PartOfSpeech=CC] [Text=less CharacterOffsetBegin=1166 CharacterOffsetEnd=1170 PartOfSpeech=JJR] [Text=register CharacterOffsetBegin=1171 CharacterOffsetEnd=1179 PartOfSpeech=NN] [Text=. CharacterOffsetBegin=1179 CharacterOffsetEnd=1180 PartOfSpeech=.] 
root(ROOT-0, runs-3)
nsubj(runs-3, He-1)
advmod(runs-3, immediately-2)
prep(runs-3, into-4)
pobj(into-4, the-5)
amod(the-5, beautiful-6)
dep(beautiful-6, Scarlet-7)
punct(Vega-10, -LRB--8)
nn(Vega-10, Paz-9)
dep(Scarlet-7, Vega-10)
punct(Vega-10, -RRB--11)
nsubj(operates-13, who-12)
rcmod(Scarlet-7, operates-13)
det(items-16, the-14)
num(items-16, 10-15)
dobj(operates-13, items-16)
cc(items-16, or-17)
amod(register-19, less-18)
conj(items-16, register-19)
punct(runs-3, .-20)

Sentence #12 (23 tokens):
Not just strikingly pretty but intelligent, Him begins using her as his prime research subject for his upcoming independent film role.
[Text=Not CharacterOffsetBegin=1185 CharacterOffsetEnd=1188 PartOfSpeech=RB] [Text=just CharacterOffsetBegin=1189 CharacterOffsetEnd=1193 PartOfSpeech=RB] [Text=strikingly CharacterOffsetBegin=1194 CharacterOffsetEnd=1204 PartOfSpeech=RB] [Text=pretty CharacterOffsetBegin=1205 CharacterOffsetEnd=1211 PartOfSpeech=RB] [Text=but CharacterOffsetBegin=1212 CharacterOffsetEnd=1215 PartOfSpeech=CC] [Text=intelligent CharacterOffsetBegin=1216 CharacterOffsetEnd=1227 PartOfSpeech=JJ] [Text=, CharacterOffsetBegin=1227 CharacterOffsetEnd=1228 PartOfSpeech=,] [Text=Him CharacterOffsetBegin=1229 CharacterOffsetEnd=1232 PartOfSpeech=PRP] [Text=begins CharacterOffsetBegin=1233 CharacterOffsetEnd=1239 PartOfSpeech=VBZ] [Text=using CharacterOffsetBegin=1240 CharacterOffsetEnd=1245 PartOfSpeech=VBG] [Text=her CharacterOffsetBegin=1246 CharacterOffsetEnd=1249 PartOfSpeech=PRP$] [Text=as CharacterOffsetBegin=1250 CharacterOffsetEnd=1252 PartOfSpeech=IN] [Text=his CharacterOffsetBegin=1253 CharacterOffsetEnd=1256 PartOfSpeech=PRP$] [Text=prime CharacterOffsetBegin=1257 CharacterOffsetEnd=1262 PartOfSpeech=JJ] [Text=research CharacterOffsetBegin=1263 CharacterOffsetEnd=1271 PartOfSpeech=NN] [Text=subject CharacterOffsetBegin=1272 CharacterOffsetEnd=1279 PartOfSpeech=NN] [Text=for CharacterOffsetBegin=1280 CharacterOffsetEnd=1283 PartOfSpeech=IN] [Text=his CharacterOffsetBegin=1284 CharacterOffsetEnd=1287 PartOfSpeech=PRP$] [Text=upcoming CharacterOffsetBegin=1288 CharacterOffsetEnd=1296 PartOfSpeech=VBG] [Text=independent CharacterOffsetBegin=1297 CharacterOffsetEnd=1308 PartOfSpeech=JJ] [Text=film CharacterOffsetBegin=1309 CharacterOffsetEnd=1313 PartOfSpeech=NN] [Text=role CharacterOffsetBegin=1314 CharacterOffsetEnd=1318 PartOfSpeech=NN] [Text=. CharacterOffsetBegin=1318 CharacterOffsetEnd=1319 PartOfSpeech=.] 
root(ROOT-0, strikingly-3)
neg(strikingly-3, Not-1)
advmod(strikingly-3, just-2)
dep(strikingly-3, pretty-4)
cc(pretty-4, but-5)
conj(pretty-4, intelligent-6)
punct(strikingly-3, ,-7)
nsubj(begins-9, Him-8)
dep(strikingly-3, begins-9)
xcomp(begins-9, using-10)
dobj(using-10, her-11)
prep(using-10, as-12)
poss(subject-16, his-13)
amod(subject-16, prime-14)
nn(subject-16, research-15)
pobj(as-12, subject-16)
prep(subject-16, for-17)
poss(role-22, his-18)
nn(role-22, upcoming-19)
amod(role-22, independent-20)
nn(role-22, film-21)
pobj(for-17, role-22)
punct(strikingly-3, .-23)

Sentence #13 (41 tokens):
He learns how she figures out numbers so quickly and why she knows the quirks of every member of this isolated community.But Him doesn't just use Scarlet, he helps her so he can see deeper into her life.
[Text=He CharacterOffsetBegin=1324 CharacterOffsetEnd=1326 PartOfSpeech=PRP] [Text=learns CharacterOffsetBegin=1327 CharacterOffsetEnd=1333 PartOfSpeech=VBZ] [Text=how CharacterOffsetBegin=1334 CharacterOffsetEnd=1337 PartOfSpeech=WRB] [Text=she CharacterOffsetBegin=1338 CharacterOffsetEnd=1341 PartOfSpeech=PRP] [Text=figures CharacterOffsetBegin=1342 CharacterOffsetEnd=1349 PartOfSpeech=VBZ] [Text=out CharacterOffsetBegin=1350 CharacterOffsetEnd=1353 PartOfSpeech=RP] [Text=numbers CharacterOffsetBegin=1354 CharacterOffsetEnd=1361 PartOfSpeech=NNS] [Text=so CharacterOffsetBegin=1362 CharacterOffsetEnd=1364 PartOfSpeech=RB] [Text=quickly CharacterOffsetBegin=1365 CharacterOffsetEnd=1372 PartOfSpeech=RB] [Text=and CharacterOffsetBegin=1373 CharacterOffsetEnd=1376 PartOfSpeech=CC] [Text=why CharacterOffsetBegin=1377 CharacterOffsetEnd=1380 PartOfSpeech=WRB] [Text=she CharacterOffsetBegin=1381 CharacterOffsetEnd=1384 PartOfSpeech=PRP] [Text=knows CharacterOffsetBegin=1385 CharacterOffsetEnd=1390 PartOfSpeech=VBZ] [Text=the CharacterOffsetBegin=1391 CharacterOffsetEnd=1394 PartOfSpeech=DT] [Text=quirks CharacterOffsetBegin=1395 CharacterOffsetEnd=1401 PartOfSpeech=NNS] [Text=of CharacterOffsetBegin=1402 CharacterOffsetEnd=1404 PartOfSpeech=IN] [Text=every CharacterOffsetBegin=1405 CharacterOffsetEnd=1410 PartOfSpeech=DT] [Text=member CharacterOffsetBegin=1411 CharacterOffsetEnd=1417 PartOfSpeech=NN] [Text=of CharacterOffsetBegin=1418 CharacterOffsetEnd=1420 PartOfSpeech=IN] [Text=this CharacterOffsetBegin=1421 CharacterOffsetEnd=1425 PartOfSpeech=DT] [Text=isolated CharacterOffsetBegin=1426 CharacterOffsetEnd=1434 PartOfSpeech=VBN] [Text=community.But CharacterOffsetBegin=1435 CharacterOffsetEnd=1448 PartOfSpeech=NNP] [Text=Him CharacterOffsetBegin=1449 CharacterOffsetEnd=1452 PartOfSpeech=PRP] [Text=does CharacterOffsetBegin=1453 CharacterOffsetEnd=1457 PartOfSpeech=VBZ] [Text=n't CharacterOffsetBegin=1457 CharacterOffsetEnd=1460 PartOfSpeech=RB] [Text=just CharacterOffsetBegin=1461 CharacterOffsetEnd=1465 PartOfSpeech=RB] [Text=use CharacterOffsetBegin=1466 CharacterOffsetEnd=1469 PartOfSpeech=VB] [Text=Scarlet CharacterOffsetBegin=1470 CharacterOffsetEnd=1477 PartOfSpeech=JJ] [Text=, CharacterOffsetBegin=1477 CharacterOffsetEnd=1478 PartOfSpeech=,] [Text=he CharacterOffsetBegin=1479 CharacterOffsetEnd=1481 PartOfSpeech=PRP] [Text=helps CharacterOffsetBegin=1482 CharacterOffsetEnd=1487 PartOfSpeech=VBZ] [Text=her CharacterOffsetBegin=1488 CharacterOffsetEnd=1491 PartOfSpeech=PRP$] [Text=so CharacterOffsetBegin=1492 CharacterOffsetEnd=1494 PartOfSpeech=IN] [Text=he CharacterOffsetBegin=1495 CharacterOffsetEnd=1497 PartOfSpeech=PRP] [Text=can CharacterOffsetBegin=1498 CharacterOffsetEnd=1501 PartOfSpeech=MD] [Text=see CharacterOffsetBegin=1502 CharacterOffsetEnd=1505 PartOfSpeech=VB] [Text=deeper CharacterOffsetBegin=1506 CharacterOffsetEnd=1512 PartOfSpeech=JJR] [Text=into CharacterOffsetBegin=1513 CharacterOffsetEnd=1517 PartOfSpeech=IN] [Text=her CharacterOffsetBegin=1518 CharacterOffsetEnd=1521 PartOfSpeech=PRP$] [Text=life CharacterOffsetBegin=1522 CharacterOffsetEnd=1526 PartOfSpeech=NN] [Text=. CharacterOffsetBegin=1526 CharacterOffsetEnd=1527 PartOfSpeech=.] 
root(ROOT-0, learns-2)
nsubj(learns-2, He-1)
advmod(figures-5, how-3)
nsubj(figures-5, she-4)
ccomp(learns-2, figures-5)
prt(figures-5, out-6)
dobj(figures-5, numbers-7)
advmod(quickly-9, so-8)
advmod(numbers-7, quickly-9)
cc(quickly-9, and-10)
advmod(knows-13, why-11)
nsubj(knows-13, she-12)
conj(quickly-9, knows-13)
det(quirks-15, the-14)
dobj(knows-13, quirks-15)
prep(quirks-15, of-16)
det(member-18, every-17)
pobj(of-16, member-18)
prep(member-18, of-19)
pobj(of-19, this-20)
partmod(this-20, isolated-21)
dobj(isolated-21, community.But-22)
nsubj(use-27, Him-23)
aux(use-27, does-24)
neg(use-27, n't-25)
advmod(use-27, just-26)
rcmod(community.But-22, use-27)
dobj(use-27, Scarlet-28)
punct(learns-2, ,-29)
nsubj(helps-31, he-30)
ccomp(learns-2, helps-31)
dobj(helps-31, her-32)
mark(see-36, so-33)
nsubj(see-36, he-34)
aux(see-36, can-35)
dep(her-32, see-36)
advmod(see-36, deeper-37)
prep(see-36, into-38)
poss(life-40, her-39)
pobj(into-38, life-40)
punct(learns-2, .-41)

Sentence #14 (48 tokens):
They travel together to get her car back from a cheating husband, and he teaches her how to act to get a new job she's pining for, and how to dress for success even when confronted with Target as the epitome of local clothing.
[Text=They CharacterOffsetBegin=1532 CharacterOffsetEnd=1536 PartOfSpeech=PRP] [Text=travel CharacterOffsetBegin=1537 CharacterOffsetEnd=1543 PartOfSpeech=VBP] [Text=together CharacterOffsetBegin=1544 CharacterOffsetEnd=1552 PartOfSpeech=RB] [Text=to CharacterOffsetBegin=1553 CharacterOffsetEnd=1555 PartOfSpeech=TO] [Text=get CharacterOffsetBegin=1556 CharacterOffsetEnd=1559 PartOfSpeech=VB] [Text=her CharacterOffsetBegin=1560 CharacterOffsetEnd=1563 PartOfSpeech=PRP$] [Text=car CharacterOffsetBegin=1564 CharacterOffsetEnd=1567 PartOfSpeech=NN] [Text=back CharacterOffsetBegin=1568 CharacterOffsetEnd=1572 PartOfSpeech=RB] [Text=from CharacterOffsetBegin=1573 CharacterOffsetEnd=1577 PartOfSpeech=IN] [Text=a CharacterOffsetBegin=1578 CharacterOffsetEnd=1579 PartOfSpeech=DT] [Text=cheating CharacterOffsetBegin=1580 CharacterOffsetEnd=1588 PartOfSpeech=NN] [Text=husband CharacterOffsetBegin=1589 CharacterOffsetEnd=1596 PartOfSpeech=NN] [Text=, CharacterOffsetBegin=1596 CharacterOffsetEnd=1597 PartOfSpeech=,] [Text=and CharacterOffsetBegin=1598 CharacterOffsetEnd=1601 PartOfSpeech=CC] [Text=he CharacterOffsetBegin=1602 CharacterOffsetEnd=1604 PartOfSpeech=PRP] [Text=teaches CharacterOffsetBegin=1605 CharacterOffsetEnd=1612 PartOfSpeech=VBZ] [Text=her CharacterOffsetBegin=1613 CharacterOffsetEnd=1616 PartOfSpeech=PRP$] [Text=how CharacterOffsetBegin=1617 CharacterOffsetEnd=1620 PartOfSpeech=WRB] [Text=to CharacterOffsetBegin=1621 CharacterOffsetEnd=1623 PartOfSpeech=TO] [Text=act CharacterOffsetBegin=1624 CharacterOffsetEnd=1627 PartOfSpeech=VB] [Text=to CharacterOffsetBegin=1628 CharacterOffsetEnd=1630 PartOfSpeech=TO] [Text=get CharacterOffsetBegin=1631 CharacterOffsetEnd=1634 PartOfSpeech=VB] [Text=a CharacterOffsetBegin=1635 CharacterOffsetEnd=1636 PartOfSpeech=DT] [Text=new CharacterOffsetBegin=1637 CharacterOffsetEnd=1640 PartOfSpeech=JJ] [Text=job CharacterOffsetBegin=1641 CharacterOffsetEnd=1644 PartOfSpeech=NN] [Text=she CharacterOffsetBegin=1645 CharacterOffsetEnd=1648 PartOfSpeech=PRP] [Text='s CharacterOffsetBegin=1648 CharacterOffsetEnd=1650 PartOfSpeech=VBZ] [Text=pining CharacterOffsetBegin=1651 CharacterOffsetEnd=1657 PartOfSpeech=VBG] [Text=for CharacterOffsetBegin=1658 CharacterOffsetEnd=1661 PartOfSpeech=IN] [Text=, CharacterOffsetBegin=1661 CharacterOffsetEnd=1662 PartOfSpeech=,] [Text=and CharacterOffsetBegin=1663 CharacterOffsetEnd=1666 PartOfSpeech=CC] [Text=how CharacterOffsetBegin=1667 CharacterOffsetEnd=1670 PartOfSpeech=WRB] [Text=to CharacterOffsetBegin=1671 CharacterOffsetEnd=1673 PartOfSpeech=TO] [Text=dress CharacterOffsetBegin=1674 CharacterOffsetEnd=1679 PartOfSpeech=VB] [Text=for CharacterOffsetBegin=1680 CharacterOffsetEnd=1683 PartOfSpeech=IN] [Text=success CharacterOffsetBegin=1684 CharacterOffsetEnd=1691 PartOfSpeech=NN] [Text=even CharacterOffsetBegin=1692 CharacterOffsetEnd=1696 PartOfSpeech=RB] [Text=when CharacterOffsetBegin=1697 CharacterOffsetEnd=1701 PartOfSpeech=WRB] [Text=confronted CharacterOffsetBegin=1702 CharacterOffsetEnd=1712 PartOfSpeech=VBN] [Text=with CharacterOffsetBegin=1713 CharacterOffsetEnd=1717 PartOfSpeech=IN] [Text=Target CharacterOffsetBegin=1718 CharacterOffsetEnd=1724 PartOfSpeech=NN] [Text=as CharacterOffsetBegin=1725 CharacterOffsetEnd=1727 PartOfSpeech=IN] [Text=the CharacterOffsetBegin=1728 CharacterOffsetEnd=1731 PartOfSpeech=DT] [Text=epitome CharacterOffsetBegin=1732 CharacterOffsetEnd=1739 PartOfSpeech=NN] [Text=of CharacterOffsetBegin=1740 CharacterOffsetEnd=1742 PartOfSpeech=IN] [Text=local CharacterOffsetBegin=1743 CharacterOffsetEnd=1748 PartOfSpeech=JJ] [Text=clothing CharacterOffsetBegin=1749 CharacterOffsetEnd=1757 PartOfSpeech=NN] [Text=. CharacterOffsetBegin=1757 CharacterOffsetEnd=1758 PartOfSpeech=.] 
root(ROOT-0, travel-2)
nsubj(travel-2, They-1)
advmod(travel-2, together-3)
aux(get-5, to-4)
xcomp(travel-2, get-5)
poss(car-7, her-6)
dobj(get-5, car-7)
advmod(get-5, back-8)
prep(back-8, from-9)
det(husband-12, a-10)
nn(husband-12, cheating-11)
pobj(from-9, husband-12)
punct(travel-2, ,-13)
cc(travel-2, and-14)
nsubj(teaches-16, he-15)
conj(travel-2, teaches-16)
dobj(teaches-16, her-17)
advmod(act-20, how-18)
aux(act-20, to-19)
xcomp(teaches-16, act-20)
aux(get-22, to-21)
xcomp(act-20, get-22)
det(job-25, a-23)
amod(job-25, new-24)
dobj(get-22, job-25)
nsubj(pining-28, she-26)
aux(pining-28, 's-27)
rcmod(job-25, pining-28)
prep(pining-28, for-29)
punct(travel-2, ,-30)
cc(travel-2, and-31)
advmod(dress-34, how-32)
aux(dress-34, to-33)
conj(travel-2, dress-34)
prep(dress-34, for-35)
pobj(for-35, success-36)
advmod(confronted-39, even-37)
advmod(confronted-39, when-38)
advcl(dress-34, confronted-39)
prep(confronted-39, with-40)
pobj(with-40, Target-41)
prep(Target-41, as-42)
det(epitome-44, the-43)
pobj(as-42, epitome-44)
prep(epitome-44, of-45)
amod(clothing-47, local-46)
pobj(of-45, clothing-47)
punct(travel-2, .-48)

Sentence #15 (39 tokens):
This is probably one of the funniest moments as we get a glimpse of Him, too, showing his complete lack of understanding of the chain-store retail world ("These shirts are only $12 bucks!
[Text=This CharacterOffsetBegin=1763 CharacterOffsetEnd=1767 PartOfSpeech=DT] [Text=is CharacterOffsetBegin=1768 CharacterOffsetEnd=1770 PartOfSpeech=VBZ] [Text=probably CharacterOffsetBegin=1771 CharacterOffsetEnd=1779 PartOfSpeech=RB] [Text=one CharacterOffsetBegin=1780 CharacterOffsetEnd=1783 PartOfSpeech=CD] [Text=of CharacterOffsetBegin=1784 CharacterOffsetEnd=1786 PartOfSpeech=IN] [Text=the CharacterOffsetBegin=1787 CharacterOffsetEnd=1790 PartOfSpeech=DT] [Text=funniest CharacterOffsetBegin=1791 CharacterOffsetEnd=1799 PartOfSpeech=JJS] [Text=moments CharacterOffsetBegin=1800 CharacterOffsetEnd=1807 PartOfSpeech=NNS] [Text=as CharacterOffsetBegin=1808 CharacterOffsetEnd=1810 PartOfSpeech=IN] [Text=we CharacterOffsetBegin=1811 CharacterOffsetEnd=1813 PartOfSpeech=PRP] [Text=get CharacterOffsetBegin=1814 CharacterOffsetEnd=1817 PartOfSpeech=VBP] [Text=a CharacterOffsetBegin=1818 CharacterOffsetEnd=1819 PartOfSpeech=DT] [Text=glimpse CharacterOffsetBegin=1820 CharacterOffsetEnd=1827 PartOfSpeech=NN] [Text=of CharacterOffsetBegin=1828 CharacterOffsetEnd=1830 PartOfSpeech=IN] [Text=Him CharacterOffsetBegin=1831 CharacterOffsetEnd=1834 PartOfSpeech=PRP] [Text=, CharacterOffsetBegin=1834 CharacterOffsetEnd=1835 PartOfSpeech=,] [Text=too CharacterOffsetBegin=1836 CharacterOffsetEnd=1839 PartOfSpeech=RB] [Text=, CharacterOffsetBegin=1839 CharacterOffsetEnd=1840 PartOfSpeech=,] [Text=showing CharacterOffsetBegin=1841 CharacterOffsetEnd=1848 PartOfSpeech=VBG] [Text=his CharacterOffsetBegin=1849 CharacterOffsetEnd=1852 PartOfSpeech=PRP$] [Text=complete CharacterOffsetBegin=1853 CharacterOffsetEnd=1861 PartOfSpeech=JJ] [Text=lack CharacterOffsetBegin=1862 CharacterOffsetEnd=1866 PartOfSpeech=NN] [Text=of CharacterOffsetBegin=1867 CharacterOffsetEnd=1869 PartOfSpeech=IN] [Text=understanding CharacterOffsetBegin=1870 CharacterOffsetEnd=1883 PartOfSpeech=NN] [Text=of CharacterOffsetBegin=1884 CharacterOffsetEnd=1886 PartOfSpeech=IN] [Text=the CharacterOffsetBegin=1887 CharacterOffsetEnd=1890 PartOfSpeech=DT] [Text=chain-store CharacterOffsetBegin=1891 CharacterOffsetEnd=1902 PartOfSpeech=JJ] [Text=retail CharacterOffsetBegin=1903 CharacterOffsetEnd=1909 PartOfSpeech=JJ] [Text=world CharacterOffsetBegin=1910 CharacterOffsetEnd=1915 PartOfSpeech=NN] [Text=-LRB- CharacterOffsetBegin=1916 CharacterOffsetEnd=1917 PartOfSpeech=-LRB-] [Text=`` CharacterOffsetBegin=1917 CharacterOffsetEnd=1918 PartOfSpeech=``] [Text=These CharacterOffsetBegin=1918 CharacterOffsetEnd=1923 PartOfSpeech=DT] [Text=shirts CharacterOffsetBegin=1924 CharacterOffsetEnd=1930 PartOfSpeech=NNS] [Text=are CharacterOffsetBegin=1931 CharacterOffsetEnd=1934 PartOfSpeech=VBP] [Text=only CharacterOffsetBegin=1935 CharacterOffsetEnd=1939 PartOfSpeech=RB] [Text=$ CharacterOffsetBegin=1940 CharacterOffsetEnd=1941 PartOfSpeech=$] [Text=12 CharacterOffsetBegin=1941 CharacterOffsetEnd=1943 PartOfSpeech=CD] [Text=bucks CharacterOffsetBegin=1944 CharacterOffsetEnd=1949 PartOfSpeech=NNS] [Text=! CharacterOffsetBegin=1949 CharacterOffsetEnd=1950 PartOfSpeech=.] 
root(ROOT-0, one-4)
nsubj(one-4, This-1)
cop(one-4, is-2)
advmod(one-4, probably-3)
prep(one-4, of-5)
det(moments-8, the-6)
amod(moments-8, funniest-7)
pobj(of-5, moments-8)
mark(get-11, as-9)
nsubj(get-11, we-10)
dep(moments-8, get-11)
det(glimpse-13, a-12)
dobj(get-11, glimpse-13)
prep(glimpse-13, of-14)
pobj(of-14, Him-15)
punct(get-11, ,-16)
advmod(get-11, too-17)
punct(get-11, ,-18)
xcomp(get-11, showing-19)
poss(lack-22, his-20)
amod(lack-22, complete-21)
dobj(showing-19, lack-22)
prep(lack-22, of-23)
pobj(of-23, understanding-24)
prep(understanding-24, of-25)
det(world-29, the-26)
amod(world-29, chain-store-27)
amod(world-29, retail-28)
pobj(of-25, world-29)
punct($-36, -LRB--30)
punct($-36, ``-31)
det(shirts-33, These-32)
nsubj($-36, shirts-33)
cop($-36, are-34)
advmod($-36, only-35)
dep(world-29, $-36)
number($-36, 12-37)
dep($-36, bucks-38)
punct(one-4, !-39)

Sentence #16 (7 tokens):
How is this possible?!")
[Text=How CharacterOffsetBegin=1955 CharacterOffsetEnd=1958 PartOfSpeech=WRB] [Text=is CharacterOffsetBegin=1959 CharacterOffsetEnd=1961 PartOfSpeech=VBZ] [Text=this CharacterOffsetBegin=1962 CharacterOffsetEnd=1966 PartOfSpeech=DT] [Text=possible CharacterOffsetBegin=1967 CharacterOffsetEnd=1975 PartOfSpeech=JJ] [Text=?! CharacterOffsetBegin=1975 CharacterOffsetEnd=1977 PartOfSpeech=NN] [Text='' CharacterOffsetBegin=1977 CharacterOffsetEnd=1978 PartOfSpeech=''] [Text=-RRB- CharacterOffsetBegin=1978 CharacterOffsetEnd=1979 PartOfSpeech=-RRB-] 
root(ROOT-0, ?!-5)
advmod(?!-5, How-1)
cop(?!-5, is-2)
det(?!-5, this-3)
amod(?!-5, possible-4)
punct(?!-5, ''-6)
punct(?!-5, -RRB--7)

Sentence #17 (17 tokens):
The ending, as stated at the beginning of this review, is abrupt but apropos.
[Text=The CharacterOffsetBegin=1984 CharacterOffsetEnd=1987 PartOfSpeech=DT] [Text=ending CharacterOffsetBegin=1988 CharacterOffsetEnd=1994 PartOfSpeech=VBG] [Text=, CharacterOffsetBegin=1994 CharacterOffsetEnd=1995 PartOfSpeech=,] [Text=as CharacterOffsetBegin=1996 CharacterOffsetEnd=1998 PartOfSpeech=IN] [Text=stated CharacterOffsetBegin=1999 CharacterOffsetEnd=2005 PartOfSpeech=VBN] [Text=at CharacterOffsetBegin=2006 CharacterOffsetEnd=2008 PartOfSpeech=IN] [Text=the CharacterOffsetBegin=2009 CharacterOffsetEnd=2012 PartOfSpeech=DT] [Text=beginning CharacterOffsetBegin=2013 CharacterOffsetEnd=2022 PartOfSpeech=NN] [Text=of CharacterOffsetBegin=2023 CharacterOffsetEnd=2025 PartOfSpeech=IN] [Text=this CharacterOffsetBegin=2026 CharacterOffsetEnd=2030 PartOfSpeech=DT] [Text=review CharacterOffsetBegin=2031 CharacterOffsetEnd=2037 PartOfSpeech=NN] [Text=, CharacterOffsetBegin=2037 CharacterOffsetEnd=2038 PartOfSpeech=,] [Text=is CharacterOffsetBegin=2039 CharacterOffsetEnd=2041 PartOfSpeech=VBZ] [Text=abrupt CharacterOffsetBegin=2042 CharacterOffsetEnd=2048 PartOfSpeech=JJ] [Text=but CharacterOffsetBegin=2049 CharacterOffsetEnd=2052 PartOfSpeech=CC] [Text=apropos CharacterOffsetBegin=2053 CharacterOffsetEnd=2060 PartOfSpeech=NNS] [Text=. CharacterOffsetBegin=2060 CharacterOffsetEnd=2061 PartOfSpeech=.] 
root(ROOT-0, abrupt-14)
det(ending-2, The-1)
nsubj(abrupt-14, ending-2)
punct(ending-2, ,-3)
mark(stated-5, as-4)
advcl(ending-2, stated-5)
prep(stated-5, at-6)
det(beginning-8, the-7)
pobj(at-6, beginning-8)
prep(beginning-8, of-9)
det(review-11, this-10)
pobj(of-9, review-11)
punct(ending-2, ,-12)
cop(abrupt-14, is-13)
cc(abrupt-14, but-15)
conj(abrupt-14, apropos-16)
punct(abrupt-14, .-17)

Sentence #18 (18 tokens):
There's no way these two could ever remain friends even though they form a unique bond.
[Text=There CharacterOffsetBegin=2066 CharacterOffsetEnd=2071 PartOfSpeech=EX] [Text='s CharacterOffsetBegin=2071 CharacterOffsetEnd=2073 PartOfSpeech=VBZ] [Text=no CharacterOffsetBegin=2074 CharacterOffsetEnd=2076 PartOfSpeech=DT] [Text=way CharacterOffsetBegin=2077 CharacterOffsetEnd=2080 PartOfSpeech=NN] [Text=these CharacterOffsetBegin=2081 CharacterOffsetEnd=2086 PartOfSpeech=DT] [Text=two CharacterOffsetBegin=2087 CharacterOffsetEnd=2090 PartOfSpeech=CD] [Text=could CharacterOffsetBegin=2091 CharacterOffsetEnd=2096 PartOfSpeech=MD] [Text=ever CharacterOffsetBegin=2097 CharacterOffsetEnd=2101 PartOfSpeech=RB] [Text=remain CharacterOffsetBegin=2102 CharacterOffsetEnd=2108 PartOfSpeech=VB] [Text=friends CharacterOffsetBegin=2109 CharacterOffsetEnd=2116 PartOfSpeech=NNS] [Text=even CharacterOffsetBegin=2117 CharacterOffsetEnd=2121 PartOfSpeech=RB] [Text=though CharacterOffsetBegin=2122 CharacterOffsetEnd=2128 PartOfSpeech=IN] [Text=they CharacterOffsetBegin=2129 CharacterOffsetEnd=2133 PartOfSpeech=PRP] [Text=form CharacterOffsetBegin=2134 CharacterOffsetEnd=2138 PartOfSpeech=VBP] [Text=a CharacterOffsetBegin=2139 CharacterOffsetEnd=2140 PartOfSpeech=DT] [Text=unique CharacterOffsetBegin=2141 CharacterOffsetEnd=2147 PartOfSpeech=JJ] [Text=bond CharacterOffsetBegin=2148 CharacterOffsetEnd=2152 PartOfSpeech=NN] [Text=. CharacterOffsetBegin=2152 CharacterOffsetEnd=2153 PartOfSpeech=.] 
root(ROOT-0, 's-2)
expl('s-2, There-1)
det(way-4, no-3)
nsubj('s-2, way-4)
det(two-6, these-5)
nsubj(friends-10, two-6)
aux(friends-10, could-7)
advmod(friends-10, ever-8)
cop(friends-10, remain-9)
rcmod(way-4, friends-10)
advmod(form-14, even-11)
mark(form-14, though-12)
nsubj(form-14, they-13)
advcl(friends-10, form-14)
det(bond-17, a-15)
amod(bond-17, unique-16)
dobj(form-14, bond-17)
punct('s-2, .-18)

Sentence #19 (14 tokens):
They know when to say goodbye and what each garnered from the other.
[Text=They CharacterOffsetBegin=2158 CharacterOffsetEnd=2162 PartOfSpeech=PRP] [Text=know CharacterOffsetBegin=2163 CharacterOffsetEnd=2167 PartOfSpeech=VBP] [Text=when CharacterOffsetBegin=2168 CharacterOffsetEnd=2172 PartOfSpeech=WRB] [Text=to CharacterOffsetBegin=2173 CharacterOffsetEnd=2175 PartOfSpeech=TO] [Text=say CharacterOffsetBegin=2176 CharacterOffsetEnd=2179 PartOfSpeech=VB] [Text=goodbye CharacterOffsetBegin=2180 CharacterOffsetEnd=2187 PartOfSpeech=NN] [Text=and CharacterOffsetBegin=2188 CharacterOffsetEnd=2191 PartOfSpeech=CC] [Text=what CharacterOffsetBegin=2192 CharacterOffsetEnd=2196 PartOfSpeech=WP] [Text=each CharacterOffsetBegin=2197 CharacterOffsetEnd=2201 PartOfSpeech=DT] [Text=garnered CharacterOffsetBegin=2202 CharacterOffsetEnd=2210 PartOfSpeech=VBN] [Text=from CharacterOffsetBegin=2211 CharacterOffsetEnd=2215 PartOfSpeech=IN] [Text=the CharacterOffsetBegin=2216 CharacterOffsetEnd=2219 PartOfSpeech=DT] [Text=other CharacterOffsetBegin=2220 CharacterOffsetEnd=2225 PartOfSpeech=JJ] [Text=. CharacterOffsetBegin=2225 CharacterOffsetEnd=2226 PartOfSpeech=.] 
root(ROOT-0, know-2)
nsubj(know-2, They-1)
advmod(say-5, when-3)
aux(say-5, to-4)
advcl(know-2, say-5)
dobj(say-5, goodbye-6)
cc(goodbye-6, and-7)
dobj(garnered-10, what-8)
dep(garnered-10, each-9)
conj(goodbye-6, garnered-10)
prep(garnered-10, from-11)
det(other-13, the-12)
pobj(from-11, other-13)
punct(know-2, .-14)

Sentence #20 (33 tokens):
It's a quiet but riveting moment as Scarlet's clunker car sits idling outside Him's L.A. mansion.This is a great independent production and one that wastes little time getting going.
[Text=It CharacterOffsetBegin=2231 CharacterOffsetEnd=2233 PartOfSpeech=PRP] [Text='s CharacterOffsetBegin=2233 CharacterOffsetEnd=2235 PartOfSpeech=VBZ] [Text=a CharacterOffsetBegin=2236 CharacterOffsetEnd=2237 PartOfSpeech=DT] [Text=quiet CharacterOffsetBegin=2238 CharacterOffsetEnd=2243 PartOfSpeech=JJ] [Text=but CharacterOffsetBegin=2244 CharacterOffsetEnd=2247 PartOfSpeech=CC] [Text=riveting CharacterOffsetBegin=2248 CharacterOffsetEnd=2256 PartOfSpeech=JJ] [Text=moment CharacterOffsetBegin=2257 CharacterOffsetEnd=2263 PartOfSpeech=NN] [Text=as CharacterOffsetBegin=2264 CharacterOffsetEnd=2266 PartOfSpeech=IN] [Text=Scarlet CharacterOffsetBegin=2267 CharacterOffsetEnd=2274 PartOfSpeech=JJ] [Text='s CharacterOffsetBegin=2274 CharacterOffsetEnd=2276 PartOfSpeech=POS] [Text=clunker CharacterOffsetBegin=2277 CharacterOffsetEnd=2284 PartOfSpeech=NN] [Text=car CharacterOffsetBegin=2285 CharacterOffsetEnd=2288 PartOfSpeech=NN] [Text=sits CharacterOffsetBegin=2289 CharacterOffsetEnd=2293 PartOfSpeech=VBZ] [Text=idling CharacterOffsetBegin=2294 CharacterOffsetEnd=2300 PartOfSpeech=VBG] [Text=outside CharacterOffsetBegin=2301 CharacterOffsetEnd=2308 PartOfSpeech=JJ] [Text=Him CharacterOffsetBegin=2309 CharacterOffsetEnd=2312 PartOfSpeech=PRP] [Text='s CharacterOffsetBegin=2312 CharacterOffsetEnd=2314 PartOfSpeech=POS] [Text=L.A. CharacterOffsetBegin=2315 CharacterOffsetEnd=2319 PartOfSpeech=NNP] [Text=mansion.This CharacterOffsetBegin=2320 CharacterOffsetEnd=2332 PartOfSpeech=NNP] [Text=is CharacterOffsetBegin=2333 CharacterOffsetEnd=2335 PartOfSpeech=VBZ] [Text=a CharacterOffsetBegin=2336 CharacterOffsetEnd=2337 PartOfSpeech=DT] [Text=great CharacterOffsetBegin=2338 CharacterOffsetEnd=2343 PartOfSpeech=JJ] [Text=independent CharacterOffsetBegin=2344 CharacterOffsetEnd=2355 PartOfSpeech=JJ] [Text=production CharacterOffsetBegin=2356 CharacterOffsetEnd=2366 PartOfSpeech=NN] [Text=and CharacterOffsetBegin=2367 CharacterOffsetEnd=2370 PartOfSpeech=CC] [Text=one CharacterOffsetBegin=2371 CharacterOffsetEnd=2374 PartOfSpeech=CD] [Text=that CharacterOffsetBegin=2375 CharacterOffsetEnd=2379 PartOfSpeech=WDT] [Text=wastes CharacterOffsetBegin=2380 CharacterOffsetEnd=2386 PartOfSpeech=VBZ] [Text=little CharacterOffsetBegin=2387 CharacterOffsetEnd=2393 PartOfSpeech=JJ] [Text=time CharacterOffsetBegin=2394 CharacterOffsetEnd=2398 PartOfSpeech=NN] [Text=getting CharacterOffsetBegin=2399 CharacterOffsetEnd=2406 PartOfSpeech=VBG] [Text=going CharacterOffsetBegin=2407 CharacterOffsetEnd=2412 PartOfSpeech=VBG] [Text=. CharacterOffsetBegin=2412 CharacterOffsetEnd=2413 PartOfSpeech=.] 
root(ROOT-0, production-24)
nsubj(moment-7, It-1)
cop(moment-7, 's-2)
det(moment-7, a-3)
amod(moment-7, quiet-4)
cc(quiet-4, but-5)
conj(quiet-4, riveting-6)
nsubj(production-24, moment-7)
mark(sits-13, as-8)
poss(car-12, Scarlet-9)
possessive(Scarlet-9, 's-10)
nn(car-12, clunker-11)
nsubj(sits-13, car-12)
advcl(moment-7, sits-13)
xcomp(sits-13, idling-14)
prep(idling-14, outside-15)
poss(mansion.This-19, Him-16)
possessive(Him-16, 's-17)
nn(mansion.This-19, L.A.-18)
pobj(outside-15, mansion.This-19)
cop(production-24, is-20)
det(production-24, a-21)
amod(production-24, great-22)
amod(production-24, independent-23)
cc(production-24, and-25)
conj(production-24, one-26)
nsubj(wastes-28, that-27)
rcmod(one-26, wastes-28)
amod(time-30, little-29)
dobj(wastes-28, time-30)
aux(going-32, getting-31)
partmod(time-30, going-32)
punct(production-24, .-33)

Sentence #21 (9 tokens):
And it won't waste your time either.
[Text=And CharacterOffsetBegin=2418 CharacterOffsetEnd=2421 PartOfSpeech=CC] [Text=it CharacterOffsetBegin=2422 CharacterOffsetEnd=2424 PartOfSpeech=PRP] [Text=wo CharacterOffsetBegin=2425 CharacterOffsetEnd=2427 PartOfSpeech=MD] [Text=n't CharacterOffsetBegin=2427 CharacterOffsetEnd=2430 PartOfSpeech=RB] [Text=waste CharacterOffsetBegin=2431 CharacterOffsetEnd=2436 PartOfSpeech=VB] [Text=your CharacterOffsetBegin=2437 CharacterOffsetEnd=2441 PartOfSpeech=PRP$] [Text=time CharacterOffsetBegin=2442 CharacterOffsetEnd=2446 PartOfSpeech=NN] [Text=either CharacterOffsetBegin=2447 CharacterOffsetEnd=2453 PartOfSpeech=CC] [Text=. CharacterOffsetBegin=2453 CharacterOffsetEnd=2454 PartOfSpeech=.] 
root(ROOT-0, waste-5)
cc(waste-5, And-1)
nsubj(waste-5, it-2)
aux(waste-5, wo-3)
neg(waste-5, n't-4)
poss(time-7, your-6)
dobj(waste-5, time-7)
advmod(waste-5, either-8)
punct(waste-5, .-9)

