Sentence #1 (14 tokens):
As other reviewers have noted, this is an unjustly neglected Depression-era film.
[Text=As CharacterOffsetBegin=4 CharacterOffsetEnd=6 PartOfSpeech=IN] [Text=other CharacterOffsetBegin=7 CharacterOffsetEnd=12 PartOfSpeech=JJ] [Text=reviewers CharacterOffsetBegin=13 CharacterOffsetEnd=22 PartOfSpeech=NNS] [Text=have CharacterOffsetBegin=23 CharacterOffsetEnd=27 PartOfSpeech=VBP] [Text=noted CharacterOffsetBegin=28 CharacterOffsetEnd=33 PartOfSpeech=VBN] [Text=, CharacterOffsetBegin=33 CharacterOffsetEnd=34 PartOfSpeech=,] [Text=this CharacterOffsetBegin=35 CharacterOffsetEnd=39 PartOfSpeech=DT] [Text=is CharacterOffsetBegin=40 CharacterOffsetEnd=42 PartOfSpeech=VBZ] [Text=an CharacterOffsetBegin=43 CharacterOffsetEnd=45 PartOfSpeech=DT] [Text=unjustly CharacterOffsetBegin=46 CharacterOffsetEnd=54 PartOfSpeech=RB] [Text=neglected CharacterOffsetBegin=55 CharacterOffsetEnd=64 PartOfSpeech=VBN] [Text=Depression-era CharacterOffsetBegin=65 CharacterOffsetEnd=79 PartOfSpeech=JJ] [Text=film CharacterOffsetBegin=80 CharacterOffsetEnd=84 PartOfSpeech=NN] [Text=. CharacterOffsetBegin=84 CharacterOffsetEnd=85 PartOfSpeech=.] 
root(ROOT-0, film-13)
mark(noted-5, As-1)
amod(reviewers-3, other-2)
nsubj(noted-5, reviewers-3)
aux(noted-5, have-4)
advcl(film-13, noted-5)
punct(film-13, ,-6)
nsubj(film-13, this-7)
cop(film-13, is-8)
det(film-13, an-9)
advmod(neglected-11, unjustly-10)
amod(film-13, neglected-11)
amod(film-13, Depression-era-12)
punct(film-13, .-14)

Sentence #2 (27 tokens):
Directed by Frank Borzage (two Oscars) and written by Jo Swerling (Leave Her to Heaven, The Westerner, Lifeboat, etc.
    )
[Text=Directed CharacterOffsetBegin=90 CharacterOffsetEnd=98 PartOfSpeech=NNP] [Text=by CharacterOffsetBegin=99 CharacterOffsetEnd=101 PartOfSpeech=IN] [Text=Frank CharacterOffsetBegin=102 CharacterOffsetEnd=107 PartOfSpeech=NNP] [Text=Borzage CharacterOffsetBegin=108 CharacterOffsetEnd=115 PartOfSpeech=NNP] [Text=-LRB- CharacterOffsetBegin=116 CharacterOffsetEnd=117 PartOfSpeech=-LRB-] [Text=two CharacterOffsetBegin=117 CharacterOffsetEnd=120 PartOfSpeech=CD] [Text=Oscars CharacterOffsetBegin=121 CharacterOffsetEnd=127 PartOfSpeech=NNS] [Text=-RRB- CharacterOffsetBegin=127 CharacterOffsetEnd=128 PartOfSpeech=-RRB-] [Text=and CharacterOffsetBegin=129 CharacterOffsetEnd=132 PartOfSpeech=CC] [Text=written CharacterOffsetBegin=133 CharacterOffsetEnd=140 PartOfSpeech=VBN] [Text=by CharacterOffsetBegin=141 CharacterOffsetEnd=143 PartOfSpeech=IN] [Text=Jo CharacterOffsetBegin=144 CharacterOffsetEnd=146 PartOfSpeech=NNP] [Text=Swerling CharacterOffsetBegin=147 CharacterOffsetEnd=155 PartOfSpeech=NNP] [Text=-LRB- CharacterOffsetBegin=156 CharacterOffsetEnd=157 PartOfSpeech=-LRB-] [Text=Leave CharacterOffsetBegin=157 CharacterOffsetEnd=162 PartOfSpeech=VB] [Text=Her CharacterOffsetBegin=163 CharacterOffsetEnd=166 PartOfSpeech=PRP$] [Text=to CharacterOffsetBegin=167 CharacterOffsetEnd=169 PartOfSpeech=TO] [Text=Heaven CharacterOffsetBegin=170 CharacterOffsetEnd=176 PartOfSpeech=NNP] [Text=, CharacterOffsetBegin=176 CharacterOffsetEnd=177 PartOfSpeech=,] [Text=The CharacterOffsetBegin=178 CharacterOffsetEnd=181 PartOfSpeech=DT] [Text=Westerner CharacterOffsetBegin=182 CharacterOffsetEnd=191 PartOfSpeech=NNP] [Text=, CharacterOffsetBegin=191 CharacterOffsetEnd=192 PartOfSpeech=,] [Text=Lifeboat CharacterOffsetBegin=193 CharacterOffsetEnd=201 PartOfSpeech=NNP] [Text=, CharacterOffsetBegin=201 CharacterOffsetEnd=202 PartOfSpeech=,] [Text=etc. CharacterOffsetBegin=203 CharacterOffsetEnd=206 PartOfSpeech=FW] [Text=. CharacterOffsetBegin=206 CharacterOffsetEnd=207 PartOfSpeech=.] [Text=-RRB- CharacterOffsetBegin=212 CharacterOffsetEnd=213 PartOfSpeech=-RRB-] 
root(ROOT-0, Directed-1)
prep(Directed-1, by-2)
nn(Borzage-4, Frank-3)
pobj(by-2, Borzage-4)
punct(Oscars-7, -LRB--5)
num(Oscars-7, two-6)
appos(Borzage-4, Oscars-7)
punct(Oscars-7, -RRB--8)
cc(Borzage-4, and-9)
conj(Borzage-4, written-10)
prep(written-10, by-11)
pobj(by-11, Jo-12)
dep(Jo-12, Swerling-13)
punct(Leave-15, -LRB--14)
appos(Swerling-13, Leave-15)
dep(Leave-15, Her-16)
prep(Her-16, to-17)
pobj(to-17, Heaven-18)
punct(Her-16, ,-19)
dep(Her-16, The-20)
dep(The-20, Westerner-21)
punct(Westerner-21, ,-22)
conj(Westerner-21, Lifeboat-23)
punct(Westerner-21, ,-24)
conj(Westerner-21, etc.-25)
punct(Westerner-21, .-26)
punct(Leave-15, -RRB--27)

Sentence #3 (20 tokens):
, it is a tough-minded, well-structured and -realized move about denizens of a New York City shantytown.
[Text=, CharacterOffsetBegin=213 CharacterOffsetEnd=214 PartOfSpeech=,] [Text=it CharacterOffsetBegin=215 CharacterOffsetEnd=217 PartOfSpeech=PRP] [Text=is CharacterOffsetBegin=218 CharacterOffsetEnd=220 PartOfSpeech=VBZ] [Text=a CharacterOffsetBegin=221 CharacterOffsetEnd=222 PartOfSpeech=DT] [Text=tough-minded CharacterOffsetBegin=223 CharacterOffsetEnd=235 PartOfSpeech=JJ] [Text=, CharacterOffsetBegin=235 CharacterOffsetEnd=236 PartOfSpeech=,] [Text=well-structured CharacterOffsetBegin=237 CharacterOffsetEnd=252 PartOfSpeech=JJ] [Text=and CharacterOffsetBegin=253 CharacterOffsetEnd=256 PartOfSpeech=CC] [Text=- CharacterOffsetBegin=257 CharacterOffsetEnd=258 PartOfSpeech=:] [Text=realized CharacterOffsetBegin=258 CharacterOffsetEnd=266 PartOfSpeech=VBN] [Text=move CharacterOffsetBegin=267 CharacterOffsetEnd=271 PartOfSpeech=NN] [Text=about CharacterOffsetBegin=272 CharacterOffsetEnd=277 PartOfSpeech=IN] [Text=denizens CharacterOffsetBegin=278 CharacterOffsetEnd=286 PartOfSpeech=NNS] [Text=of CharacterOffsetBegin=287 CharacterOffsetEnd=289 PartOfSpeech=IN] [Text=a CharacterOffsetBegin=290 CharacterOffsetEnd=291 PartOfSpeech=DT] [Text=New CharacterOffsetBegin=292 CharacterOffsetEnd=295 PartOfSpeech=NNP] [Text=York CharacterOffsetBegin=296 CharacterOffsetEnd=300 PartOfSpeech=NNP] [Text=City CharacterOffsetBegin=301 CharacterOffsetEnd=305 PartOfSpeech=NNP] [Text=shantytown CharacterOffsetBegin=306 CharacterOffsetEnd=316 PartOfSpeech=NN] [Text=. CharacterOffsetBegin=316 CharacterOffsetEnd=317 PartOfSpeech=.] 
root(ROOT-0, well-structured-7)
punct(well-structured-7, ,-1)
nsubj(well-structured-7, it-2)
cop(well-structured-7, is-3)
det(well-structured-7, a-4)
amod(well-structured-7, tough-minded-5)
punct(well-structured-7, ,-6)
cc(well-structured-7, and-8)
punct(well-structured-7, --9)
amod(move-11, realized-10)
dep(well-structured-7, move-11)
prep(move-11, about-12)
pobj(about-12, denizens-13)
prep(denizens-13, of-14)
det(shantytown-19, a-15)
nn(shantytown-19, New-16)
nn(shantytown-19, York-17)
nn(shantytown-19, City-18)
pobj(of-14, shantytown-19)
punct(well-structured-7, .-20)

Sentence #4 (33 tokens):
They're grifters, beggars, and women forced into prostitution, but they're a community of people both good and bad, with loyalties as complex as any group's.
[Text=They CharacterOffsetBegin=322 CharacterOffsetEnd=326 PartOfSpeech=PRP] [Text='re CharacterOffsetBegin=326 CharacterOffsetEnd=329 PartOfSpeech=VBP] [Text=grifters CharacterOffsetBegin=330 CharacterOffsetEnd=338 PartOfSpeech=NNS] [Text=, CharacterOffsetBegin=338 CharacterOffsetEnd=339 PartOfSpeech=,] [Text=beggars CharacterOffsetBegin=340 CharacterOffsetEnd=347 PartOfSpeech=NNS] [Text=, CharacterOffsetBegin=347 CharacterOffsetEnd=348 PartOfSpeech=,] [Text=and CharacterOffsetBegin=349 CharacterOffsetEnd=352 PartOfSpeech=CC] [Text=women CharacterOffsetBegin=353 CharacterOffsetEnd=358 PartOfSpeech=NNS] [Text=forced CharacterOffsetBegin=359 CharacterOffsetEnd=365 PartOfSpeech=VBN] [Text=into CharacterOffsetBegin=366 CharacterOffsetEnd=370 PartOfSpeech=IN] [Text=prostitution CharacterOffsetBegin=371 CharacterOffsetEnd=383 PartOfSpeech=NN] [Text=, CharacterOffsetBegin=383 CharacterOffsetEnd=384 PartOfSpeech=,] [Text=but CharacterOffsetBegin=385 CharacterOffsetEnd=388 PartOfSpeech=CC] [Text=they CharacterOffsetBegin=389 CharacterOffsetEnd=393 PartOfSpeech=PRP] [Text='re CharacterOffsetBegin=393 CharacterOffsetEnd=396 PartOfSpeech=VBP] [Text=a CharacterOffsetBegin=397 CharacterOffsetEnd=398 PartOfSpeech=DT] [Text=community CharacterOffsetBegin=399 CharacterOffsetEnd=408 PartOfSpeech=NN] [Text=of CharacterOffsetBegin=409 CharacterOffsetEnd=411 PartOfSpeech=IN] [Text=people CharacterOffsetBegin=412 CharacterOffsetEnd=418 PartOfSpeech=NNS] [Text=both CharacterOffsetBegin=419 CharacterOffsetEnd=423 PartOfSpeech=DT] [Text=good CharacterOffsetBegin=424 CharacterOffsetEnd=428 PartOfSpeech=JJ] [Text=and CharacterOffsetBegin=429 CharacterOffsetEnd=432 PartOfSpeech=CC] [Text=bad CharacterOffsetBegin=433 CharacterOffsetEnd=436 PartOfSpeech=JJ] [Text=, CharacterOffsetBegin=436 CharacterOffsetEnd=437 PartOfSpeech=,] [Text=with CharacterOffsetBegin=438 CharacterOffsetEnd=442 PartOfSpeech=IN] [Text=loyalties CharacterOffsetBegin=443 CharacterOffsetEnd=452 PartOfSpeech=NNS] [Text=as CharacterOffsetBegin=453 CharacterOffsetEnd=455 PartOfSpeech=IN] [Text=complex CharacterOffsetBegin=456 CharacterOffsetEnd=463 PartOfSpeech=NN] [Text=as CharacterOffsetBegin=464 CharacterOffsetEnd=466 PartOfSpeech=IN] [Text=any CharacterOffsetBegin=467 CharacterOffsetEnd=470 PartOfSpeech=DT] [Text=group CharacterOffsetBegin=471 CharacterOffsetEnd=476 PartOfSpeech=NN] [Text='s CharacterOffsetBegin=476 CharacterOffsetEnd=478 PartOfSpeech=POS] [Text=. CharacterOffsetBegin=478 CharacterOffsetEnd=479 PartOfSpeech=.] 
root(ROOT-0, grifters-3)
nsubj(grifters-3, They-1)
cop(grifters-3, 're-2)
punct(grifters-3, ,-4)
conj(grifters-3, beggars-5)
punct(grifters-3, ,-6)
cc(grifters-3, and-7)
conj(grifters-3, women-8)
partmod(women-8, forced-9)
prep(forced-9, into-10)
pobj(into-10, prostitution-11)
punct(grifters-3, ,-12)
cc(grifters-3, but-13)
nsubj(community-17, they-14)
cop(community-17, 're-15)
det(community-17, a-16)
conj(grifters-3, community-17)
prep(community-17, of-18)
pobj(of-18, people-19)
preconj(good-21, both-20)
amod(community-17, good-21)
cc(good-21, and-22)
conj(good-21, bad-23)
punct(community-17, ,-24)
prep(community-17, with-25)
pobj(with-25, loyalties-26)
prep(loyalties-26, as-27)
pobj(as-27, complex-28)
prep(community-17, as-29)
det(group-31, any-30)
pobj(as-29, group-31)
possessive(group-31, 's-32)
punct(grifters-3, .-33)

Sentence #5 (26 tokens):
Perhaps primary among this movie's many admirable qualities is the contrast between Spencer Tracy's character, Bill, and Loretta Young's Trina.
[Text=Perhaps CharacterOffsetBegin=479 CharacterOffsetEnd=486 PartOfSpeech=RB] [Text=primary CharacterOffsetBegin=487 CharacterOffsetEnd=494 PartOfSpeech=JJ] [Text=among CharacterOffsetBegin=495 CharacterOffsetEnd=500 PartOfSpeech=IN] [Text=this CharacterOffsetBegin=501 CharacterOffsetEnd=505 PartOfSpeech=DT] [Text=movie CharacterOffsetBegin=506 CharacterOffsetEnd=511 PartOfSpeech=NN] [Text='s CharacterOffsetBegin=511 CharacterOffsetEnd=513 PartOfSpeech=POS] [Text=many CharacterOffsetBegin=514 CharacterOffsetEnd=518 PartOfSpeech=JJ] [Text=admirable CharacterOffsetBegin=519 CharacterOffsetEnd=528 PartOfSpeech=JJ] [Text=qualities CharacterOffsetBegin=529 CharacterOffsetEnd=538 PartOfSpeech=NNS] [Text=is CharacterOffsetBegin=539 CharacterOffsetEnd=541 PartOfSpeech=VBZ] [Text=the CharacterOffsetBegin=542 CharacterOffsetEnd=545 PartOfSpeech=DT] [Text=contrast CharacterOffsetBegin=546 CharacterOffsetEnd=554 PartOfSpeech=NN] [Text=between CharacterOffsetBegin=555 CharacterOffsetEnd=562 PartOfSpeech=IN] [Text=Spencer CharacterOffsetBegin=563 CharacterOffsetEnd=570 PartOfSpeech=NNP] [Text=Tracy CharacterOffsetBegin=571 CharacterOffsetEnd=576 PartOfSpeech=NNP] [Text='s CharacterOffsetBegin=576 CharacterOffsetEnd=578 PartOfSpeech=POS] [Text=character CharacterOffsetBegin=579 CharacterOffsetEnd=588 PartOfSpeech=NN] [Text=, CharacterOffsetBegin=588 CharacterOffsetEnd=589 PartOfSpeech=,] [Text=Bill CharacterOffsetBegin=590 CharacterOffsetEnd=594 PartOfSpeech=NNP] [Text=, CharacterOffsetBegin=594 CharacterOffsetEnd=595 PartOfSpeech=,] [Text=and CharacterOffsetBegin=596 CharacterOffsetEnd=599 PartOfSpeech=CC] [Text=Loretta CharacterOffsetBegin=600 CharacterOffsetEnd=607 PartOfSpeech=NNP] [Text=Young CharacterOffsetBegin=608 CharacterOffsetEnd=613 PartOfSpeech=NNP] [Text='s CharacterOffsetBegin=613 CharacterOffsetEnd=615 PartOfSpeech=POS] [Text=Trina CharacterOffsetBegin=616 CharacterOffsetEnd=621 PartOfSpeech=NNP] [Text=. CharacterOffsetBegin=621 CharacterOffsetEnd=622 PartOfSpeech=.] 
root(ROOT-0, contrast-12)
advmod(primary-2, Perhaps-1)
csubj(contrast-12, primary-2)
prep(primary-2, among-3)
det(movie-5, this-4)
poss(qualities-9, movie-5)
possessive(movie-5, 's-6)
amod(qualities-9, many-7)
amod(qualities-9, admirable-8)
pobj(among-3, qualities-9)
cop(contrast-12, is-10)
det(contrast-12, the-11)
prep(contrast-12, between-13)
nn(Tracy-15, Spencer-14)
poss(character-17, Tracy-15)
possessive(Tracy-15, 's-16)
pobj(between-13, character-17)
punct(character-17, ,-18)
appos(character-17, Bill-19)
punct(character-17, ,-20)
cc(character-17, and-21)
nn(Young-23, Loretta-22)
poss(Trina-25, Young-23)
possessive(Young-23, 's-24)
conj(character-17, Trina-25)
punct(contrast-12, .-26)

Sentence #6 (26 tokens):
He tough-talking, physically aggressive, and evidently fearless-- but Bill is not the character who gives this film its steely sense of survival.
[Text=He CharacterOffsetBegin=627 CharacterOffsetEnd=629 PartOfSpeech=PRP] [Text=tough-talking CharacterOffsetBegin=630 CharacterOffsetEnd=643 PartOfSpeech=JJ] [Text=, CharacterOffsetBegin=643 CharacterOffsetEnd=644 PartOfSpeech=,] [Text=physically CharacterOffsetBegin=645 CharacterOffsetEnd=655 PartOfSpeech=RB] [Text=aggressive CharacterOffsetBegin=656 CharacterOffsetEnd=666 PartOfSpeech=JJ] [Text=, CharacterOffsetBegin=666 CharacterOffsetEnd=667 PartOfSpeech=,] [Text=and CharacterOffsetBegin=668 CharacterOffsetEnd=671 PartOfSpeech=CC] [Text=evidently CharacterOffsetBegin=672 CharacterOffsetEnd=681 PartOfSpeech=RB] [Text=fearless CharacterOffsetBegin=682 CharacterOffsetEnd=690 PartOfSpeech=JJ] [Text=-- CharacterOffsetBegin=690 CharacterOffsetEnd=692 PartOfSpeech=:] [Text=but CharacterOffsetBegin=693 CharacterOffsetEnd=696 PartOfSpeech=CC] [Text=Bill CharacterOffsetBegin=697 CharacterOffsetEnd=701 PartOfSpeech=NNP] [Text=is CharacterOffsetBegin=702 CharacterOffsetEnd=704 PartOfSpeech=VBZ] [Text=not CharacterOffsetBegin=705 CharacterOffsetEnd=708 PartOfSpeech=RB] [Text=the CharacterOffsetBegin=709 CharacterOffsetEnd=712 PartOfSpeech=DT] [Text=character CharacterOffsetBegin=713 CharacterOffsetEnd=722 PartOfSpeech=NN] [Text=who CharacterOffsetBegin=723 CharacterOffsetEnd=726 PartOfSpeech=WP] [Text=gives CharacterOffsetBegin=727 CharacterOffsetEnd=732 PartOfSpeech=VBZ] [Text=this CharacterOffsetBegin=733 CharacterOffsetEnd=737 PartOfSpeech=DT] [Text=film CharacterOffsetBegin=738 CharacterOffsetEnd=742 PartOfSpeech=NN] [Text=its CharacterOffsetBegin=743 CharacterOffsetEnd=746 PartOfSpeech=PRP$] [Text=steely CharacterOffsetBegin=747 CharacterOffsetEnd=753 PartOfSpeech=JJ] [Text=sense CharacterOffsetBegin=754 CharacterOffsetEnd=759 PartOfSpeech=NN] [Text=of CharacterOffsetBegin=760 CharacterOffsetEnd=762 PartOfSpeech=IN] [Text=survival CharacterOffsetBegin=763 CharacterOffsetEnd=771 PartOfSpeech=NN] [Text=. CharacterOffsetBegin=771 CharacterOffsetEnd=772 PartOfSpeech=.] 
root(ROOT-0, aggressive-5)
dep(aggressive-5, He-1)
amod(aggressive-5, tough-talking-2)
punct(aggressive-5, ,-3)
advmod(aggressive-5, physically-4)
punct(aggressive-5, ,-6)
cc(aggressive-5, and-7)
advmod(fearless-9, evidently-8)
conj(aggressive-5, fearless-9)
punct(aggressive-5, ---10)
cc(aggressive-5, but-11)
nsubj(is-13, Bill-12)
cop(character-16, is-13)
neg(character-16, not-14)
det(character-16, the-15)
conj(aggressive-5, character-16)
nsubj(gives-18, who-17)
rcmod(character-16, gives-18)
det(film-20, this-19)
dobj(gives-18, film-20)
poss(sense-23, its-21)
amod(sense-23, steely-22)
dobj(gives-18, sense-23)
prep(sense-23, of-24)
pobj(of-24, survival-25)
punct(aggressive-5, .-26)

Sentence #7 (22 tokens):
While he blusters, Trina actually hangs tough (if that term can be applied to a character so ladylike).
[Text=While CharacterOffsetBegin=777 CharacterOffsetEnd=782 PartOfSpeech=IN] [Text=he CharacterOffsetBegin=783 CharacterOffsetEnd=785 PartOfSpeech=PRP] [Text=blusters CharacterOffsetBegin=786 CharacterOffsetEnd=794 PartOfSpeech=VBZ] [Text=, CharacterOffsetBegin=794 CharacterOffsetEnd=795 PartOfSpeech=,] [Text=Trina CharacterOffsetBegin=796 CharacterOffsetEnd=801 PartOfSpeech=NNP] [Text=actually CharacterOffsetBegin=802 CharacterOffsetEnd=810 PartOfSpeech=RB] [Text=hangs CharacterOffsetBegin=811 CharacterOffsetEnd=816 PartOfSpeech=VBZ] [Text=tough CharacterOffsetBegin=817 CharacterOffsetEnd=822 PartOfSpeech=JJ] [Text=-LRB- CharacterOffsetBegin=823 CharacterOffsetEnd=824 PartOfSpeech=-LRB-] [Text=if CharacterOffsetBegin=824 CharacterOffsetEnd=826 PartOfSpeech=IN] [Text=that CharacterOffsetBegin=827 CharacterOffsetEnd=831 PartOfSpeech=DT] [Text=term CharacterOffsetBegin=832 CharacterOffsetEnd=836 PartOfSpeech=NN] [Text=can CharacterOffsetBegin=837 CharacterOffsetEnd=840 PartOfSpeech=MD] [Text=be CharacterOffsetBegin=841 CharacterOffsetEnd=843 PartOfSpeech=VB] [Text=applied CharacterOffsetBegin=844 CharacterOffsetEnd=851 PartOfSpeech=VBN] [Text=to CharacterOffsetBegin=852 CharacterOffsetEnd=854 PartOfSpeech=TO] [Text=a CharacterOffsetBegin=855 CharacterOffsetEnd=856 PartOfSpeech=DT] [Text=character CharacterOffsetBegin=857 CharacterOffsetEnd=866 PartOfSpeech=NN] [Text=so CharacterOffsetBegin=867 CharacterOffsetEnd=869 PartOfSpeech=RB] [Text=ladylike CharacterOffsetBegin=870 CharacterOffsetEnd=878 PartOfSpeech=JJ] [Text=-RRB- CharacterOffsetBegin=878 CharacterOffsetEnd=879 PartOfSpeech=-RRB-] [Text=. CharacterOffsetBegin=879 CharacterOffsetEnd=880 PartOfSpeech=.] 
root(ROOT-0, hangs-7)
mark(blusters-3, While-1)
nsubj(blusters-3, he-2)
advcl(hangs-7, blusters-3)
punct(hangs-7, ,-4)
nsubj(hangs-7, Trina-5)
advmod(hangs-7, actually-6)
acomp(hangs-7, tough-8)
punct(applied-15, -LRB--9)
mark(applied-15, if-10)
det(term-12, that-11)
nsubjpass(applied-15, term-12)
aux(applied-15, can-13)
auxpass(applied-15, be-14)
ccomp(tough-8, applied-15)
prep(applied-15, to-16)
det(character-18, a-17)
pobj(to-16, character-18)
advmod(ladylike-20, so-19)
amod(character-18, ladylike-20)
punct(ladylike-20, -RRB--21)
punct(hangs-7, .-22)

Sentence #8 (10 tokens):
Her devotion to him is obvious, and complete.
[Text=Her CharacterOffsetBegin=885 CharacterOffsetEnd=888 PartOfSpeech=PRP$] [Text=devotion CharacterOffsetBegin=889 CharacterOffsetEnd=897 PartOfSpeech=NN] [Text=to CharacterOffsetBegin=898 CharacterOffsetEnd=900 PartOfSpeech=TO] [Text=him CharacterOffsetBegin=901 CharacterOffsetEnd=904 PartOfSpeech=PRP] [Text=is CharacterOffsetBegin=905 CharacterOffsetEnd=907 PartOfSpeech=VBZ] [Text=obvious CharacterOffsetBegin=908 CharacterOffsetEnd=915 PartOfSpeech=JJ] [Text=, CharacterOffsetBegin=915 CharacterOffsetEnd=916 PartOfSpeech=,] [Text=and CharacterOffsetBegin=917 CharacterOffsetEnd=920 PartOfSpeech=CC] [Text=complete CharacterOffsetBegin=921 CharacterOffsetEnd=929 PartOfSpeech=JJ] [Text=. CharacterOffsetBegin=929 CharacterOffsetEnd=930 PartOfSpeech=.] 
root(ROOT-0, obvious-6)
poss(devotion-2, Her-1)
nsubj(obvious-6, devotion-2)
prep(devotion-2, to-3)
pobj(to-3, him-4)
cop(obvious-6, is-5)
punct(obvious-6, ,-7)
cc(obvious-6, and-8)
conj(obvious-6, complete-9)
punct(obvious-6, .-10)

Sentence #9 (35 tokens):
When she becomes pregnant, she says she will raise it herself if he wants to leave, or "I'll even give up the kid if you'll only be happy."
[Text=When CharacterOffsetBegin=935 CharacterOffsetEnd=939 PartOfSpeech=WRB] [Text=she CharacterOffsetBegin=940 CharacterOffsetEnd=943 PartOfSpeech=PRP] [Text=becomes CharacterOffsetBegin=944 CharacterOffsetEnd=951 PartOfSpeech=VBZ] [Text=pregnant CharacterOffsetBegin=952 CharacterOffsetEnd=960 PartOfSpeech=JJ] [Text=, CharacterOffsetBegin=960 CharacterOffsetEnd=961 PartOfSpeech=,] [Text=she CharacterOffsetBegin=962 CharacterOffsetEnd=965 PartOfSpeech=PRP] [Text=says CharacterOffsetBegin=966 CharacterOffsetEnd=970 PartOfSpeech=VBZ] [Text=she CharacterOffsetBegin=971 CharacterOffsetEnd=974 PartOfSpeech=PRP] [Text=will CharacterOffsetBegin=975 CharacterOffsetEnd=979 PartOfSpeech=MD] [Text=raise CharacterOffsetBegin=980 CharacterOffsetEnd=985 PartOfSpeech=VB] [Text=it CharacterOffsetBegin=986 CharacterOffsetEnd=988 PartOfSpeech=PRP] [Text=herself CharacterOffsetBegin=989 CharacterOffsetEnd=996 PartOfSpeech=PRP] [Text=if CharacterOffsetBegin=997 CharacterOffsetEnd=999 PartOfSpeech=IN] [Text=he CharacterOffsetBegin=1000 CharacterOffsetEnd=1002 PartOfSpeech=PRP] [Text=wants CharacterOffsetBegin=1003 CharacterOffsetEnd=1008 PartOfSpeech=VBZ] [Text=to CharacterOffsetBegin=1009 CharacterOffsetEnd=1011 PartOfSpeech=TO] [Text=leave CharacterOffsetBegin=1012 CharacterOffsetEnd=1017 PartOfSpeech=VB] [Text=, CharacterOffsetBegin=1017 CharacterOffsetEnd=1018 PartOfSpeech=,] [Text=or CharacterOffsetBegin=1019 CharacterOffsetEnd=1021 PartOfSpeech=CC] [Text=`` CharacterOffsetBegin=1022 CharacterOffsetEnd=1023 PartOfSpeech=``] [Text=I CharacterOffsetBegin=1023 CharacterOffsetEnd=1024 PartOfSpeech=PRP] [Text='ll CharacterOffsetBegin=1024 CharacterOffsetEnd=1027 PartOfSpeech=MD] [Text=even CharacterOffsetBegin=1028 CharacterOffsetEnd=1032 PartOfSpeech=RB] [Text=give CharacterOffsetBegin=1033 CharacterOffsetEnd=1037 PartOfSpeech=VB] [Text=up CharacterOffsetBegin=1038 CharacterOffsetEnd=1040 PartOfSpeech=RP] [Text=the CharacterOffsetBegin=1041 CharacterOffsetEnd=1044 PartOfSpeech=DT] [Text=kid CharacterOffsetBegin=1045 CharacterOffsetEnd=1048 PartOfSpeech=NN] [Text=if CharacterOffsetBegin=1049 CharacterOffsetEnd=1051 PartOfSpeech=IN] [Text=you CharacterOffsetBegin=1052 CharacterOffsetEnd=1055 PartOfSpeech=PRP] [Text='ll CharacterOffsetBegin=1055 CharacterOffsetEnd=1058 PartOfSpeech=MD] [Text=only CharacterOffsetBegin=1059 CharacterOffsetEnd=1063 PartOfSpeech=RB] [Text=be CharacterOffsetBegin=1064 CharacterOffsetEnd=1066 PartOfSpeech=VB] [Text=happy CharacterOffsetBegin=1067 CharacterOffsetEnd=1072 PartOfSpeech=JJ] [Text=. CharacterOffsetBegin=1072 CharacterOffsetEnd=1073 PartOfSpeech=.] [Text='' CharacterOffsetBegin=1073 CharacterOffsetEnd=1074 PartOfSpeech=''] 
root(ROOT-0, says-7)
advmod(pregnant-4, When-1)
nsubj(pregnant-4, she-2)
cop(pregnant-4, becomes-3)
advcl(says-7, pregnant-4)
punct(says-7, ,-5)
nsubj(says-7, she-6)
nsubj(raise-10, she-8)
aux(raise-10, will-9)
ccomp(says-7, raise-10)
dobj(raise-10, it-11)
dobj(raise-10, herself-12)
mark(wants-15, if-13)
nsubj(wants-15, he-14)
advcl(raise-10, wants-15)
aux(leave-17, to-16)
xcomp(wants-15, leave-17)
punct(wants-15, ,-18)
cc(wants-15, or-19)
punct(give-24, ``-20)
nsubj(give-24, I-21)
aux(give-24, 'll-22)
advmod(give-24, even-23)
conj(wants-15, give-24)
prt(give-24, up-25)
det(kid-27, the-26)
dobj(give-24, kid-27)
mark(happy-33, if-28)
nsubj(happy-33, you-29)
aux(happy-33, 'll-30)
advmod(happy-33, only-31)
cop(happy-33, be-32)
advcl(give-24, happy-33)
punct(says-7, .-34)
punct(says-7, ''-35)

Sentence #10 (45 tokens):
Such is the dignity of Loretta Young's performance (at age 20) as a quite simple character, that she seems neither weak or dependent, but rather a woman who recognizes happiness when she finds it, and wants nothing more.
[Text=Such CharacterOffsetBegin=1079 CharacterOffsetEnd=1083 PartOfSpeech=JJ] [Text=is CharacterOffsetBegin=1084 CharacterOffsetEnd=1086 PartOfSpeech=VBZ] [Text=the CharacterOffsetBegin=1087 CharacterOffsetEnd=1090 PartOfSpeech=DT] [Text=dignity CharacterOffsetBegin=1091 CharacterOffsetEnd=1098 PartOfSpeech=NN] [Text=of CharacterOffsetBegin=1099 CharacterOffsetEnd=1101 PartOfSpeech=IN] [Text=Loretta CharacterOffsetBegin=1102 CharacterOffsetEnd=1109 PartOfSpeech=NNP] [Text=Young CharacterOffsetBegin=1110 CharacterOffsetEnd=1115 PartOfSpeech=NNP] [Text='s CharacterOffsetBegin=1115 CharacterOffsetEnd=1117 PartOfSpeech=POS] [Text=performance CharacterOffsetBegin=1118 CharacterOffsetEnd=1129 PartOfSpeech=NN] [Text=-LRB- CharacterOffsetBegin=1130 CharacterOffsetEnd=1131 PartOfSpeech=-LRB-] [Text=at CharacterOffsetBegin=1131 CharacterOffsetEnd=1133 PartOfSpeech=IN] [Text=age CharacterOffsetBegin=1134 CharacterOffsetEnd=1137 PartOfSpeech=NN] [Text=20 CharacterOffsetBegin=1138 CharacterOffsetEnd=1140 PartOfSpeech=CD] [Text=-RRB- CharacterOffsetBegin=1140 CharacterOffsetEnd=1141 PartOfSpeech=-RRB-] [Text=as CharacterOffsetBegin=1142 CharacterOffsetEnd=1144 PartOfSpeech=IN] [Text=a CharacterOffsetBegin=1145 CharacterOffsetEnd=1146 PartOfSpeech=DT] [Text=quite CharacterOffsetBegin=1147 CharacterOffsetEnd=1152 PartOfSpeech=RB] [Text=simple CharacterOffsetBegin=1153 CharacterOffsetEnd=1159 PartOfSpeech=JJ] [Text=character CharacterOffsetBegin=1160 CharacterOffsetEnd=1169 PartOfSpeech=NN] [Text=, CharacterOffsetBegin=1169 CharacterOffsetEnd=1170 PartOfSpeech=,] [Text=that CharacterOffsetBegin=1171 CharacterOffsetEnd=1175 PartOfSpeech=IN] [Text=she CharacterOffsetBegin=1176 CharacterOffsetEnd=1179 PartOfSpeech=PRP] [Text=seems CharacterOffsetBegin=1180 CharacterOffsetEnd=1185 PartOfSpeech=VBZ] [Text=neither CharacterOffsetBegin=1186 CharacterOffsetEnd=1193 PartOfSpeech=CC] [Text=weak CharacterOffsetBegin=1194 CharacterOffsetEnd=1198 PartOfSpeech=JJ] [Text=or CharacterOffsetBegin=1199 CharacterOffsetEnd=1201 PartOfSpeech=CC] [Text=dependent CharacterOffsetBegin=1202 CharacterOffsetEnd=1211 PartOfSpeech=JJ] [Text=, CharacterOffsetBegin=1211 CharacterOffsetEnd=1212 PartOfSpeech=,] [Text=but CharacterOffsetBegin=1213 CharacterOffsetEnd=1216 PartOfSpeech=CC] [Text=rather CharacterOffsetBegin=1217 CharacterOffsetEnd=1223 PartOfSpeech=RB] [Text=a CharacterOffsetBegin=1224 CharacterOffsetEnd=1225 PartOfSpeech=DT] [Text=woman CharacterOffsetBegin=1226 CharacterOffsetEnd=1231 PartOfSpeech=NN] [Text=who CharacterOffsetBegin=1232 CharacterOffsetEnd=1235 PartOfSpeech=WP] [Text=recognizes CharacterOffsetBegin=1236 CharacterOffsetEnd=1246 PartOfSpeech=VBZ] [Text=happiness CharacterOffsetBegin=1247 CharacterOffsetEnd=1256 PartOfSpeech=NN] [Text=when CharacterOffsetBegin=1257 CharacterOffsetEnd=1261 PartOfSpeech=WRB] [Text=she CharacterOffsetBegin=1262 CharacterOffsetEnd=1265 PartOfSpeech=PRP] [Text=finds CharacterOffsetBegin=1266 CharacterOffsetEnd=1271 PartOfSpeech=VBZ] [Text=it CharacterOffsetBegin=1272 CharacterOffsetEnd=1274 PartOfSpeech=PRP] [Text=, CharacterOffsetBegin=1274 CharacterOffsetEnd=1275 PartOfSpeech=,] [Text=and CharacterOffsetBegin=1276 CharacterOffsetEnd=1279 PartOfSpeech=CC] [Text=wants CharacterOffsetBegin=1280 CharacterOffsetEnd=1285 PartOfSpeech=VBZ] [Text=nothing CharacterOffsetBegin=1286 CharacterOffsetEnd=1293 PartOfSpeech=NN] [Text=more CharacterOffsetBegin=1294 CharacterOffsetEnd=1298 PartOfSpeech=JJR] [Text=. CharacterOffsetBegin=1298 CharacterOffsetEnd=1299 PartOfSpeech=.] 
root(ROOT-0, dignity-4)
nsubj(dignity-4, Such-1)
cop(dignity-4, is-2)
det(dignity-4, the-3)
prep(dignity-4, of-5)
nn(Young-7, Loretta-6)
poss(performance-9, Young-7)
possessive(Young-7, 's-8)
pobj(of-5, performance-9)
punct(at-11, -LRB--10)
prep(performance-9, at-11)
pobj(at-11, age-12)
num(age-12, 20-13)
punct(at-11, -RRB--14)
prep(dignity-4, as-15)
det(character-19, a-16)
advmod(simple-18, quite-17)
amod(character-19, simple-18)
pobj(as-15, character-19)
punct(dignity-4, ,-20)
mark(seems-23, that-21)
nsubj(seems-23, she-22)
dep(dignity-4, seems-23)
preconj(weak-25, neither-24)
nsubj(seems-23, weak-25)
cc(weak-25, or-26)
conj(weak-25, dependent-27)
punct(weak-25, ,-28)
cc(weak-25, but-29)
advmod(woman-32, rather-30)
det(woman-32, a-31)
conj(weak-25, woman-32)
nsubj(recognizes-34, who-33)
rcmod(woman-32, recognizes-34)
dobj(recognizes-34, happiness-35)
advmod(finds-38, when-36)
nsubj(finds-38, she-37)
advcl(recognizes-34, finds-38)
dobj(finds-38, it-39)
punct(seems-23, ,-40)
cc(seems-23, and-41)
conj(seems-23, wants-42)
dobj(wants-42, nothing-43)
amod(nothing-43, more-44)
punct(dignity-4, .-45)

