Sentence #1 (17 tokens):
I just have to say, this is one of my favorite movies of all time.
[Text=I CharacterOffsetBegin=4 CharacterOffsetEnd=5 PartOfSpeech=PRP] [Text=just CharacterOffsetBegin=6 CharacterOffsetEnd=10 PartOfSpeech=RB] [Text=have CharacterOffsetBegin=11 CharacterOffsetEnd=15 PartOfSpeech=VBP] [Text=to CharacterOffsetBegin=16 CharacterOffsetEnd=18 PartOfSpeech=TO] [Text=say CharacterOffsetBegin=19 CharacterOffsetEnd=22 PartOfSpeech=VB] [Text=, CharacterOffsetBegin=22 CharacterOffsetEnd=23 PartOfSpeech=,] [Text=this CharacterOffsetBegin=24 CharacterOffsetEnd=28 PartOfSpeech=DT] [Text=is CharacterOffsetBegin=29 CharacterOffsetEnd=31 PartOfSpeech=VBZ] [Text=one CharacterOffsetBegin=32 CharacterOffsetEnd=35 PartOfSpeech=CD] [Text=of CharacterOffsetBegin=36 CharacterOffsetEnd=38 PartOfSpeech=IN] [Text=my CharacterOffsetBegin=39 CharacterOffsetEnd=41 PartOfSpeech=PRP$] [Text=favorite CharacterOffsetBegin=42 CharacterOffsetEnd=50 PartOfSpeech=JJ] [Text=movies CharacterOffsetBegin=51 CharacterOffsetEnd=57 PartOfSpeech=NNS] [Text=of CharacterOffsetBegin=58 CharacterOffsetEnd=60 PartOfSpeech=IN] [Text=all CharacterOffsetBegin=61 CharacterOffsetEnd=64 PartOfSpeech=DT] [Text=time CharacterOffsetBegin=65 CharacterOffsetEnd=69 PartOfSpeech=NN] [Text=. CharacterOffsetBegin=69 CharacterOffsetEnd=70 PartOfSpeech=.] 
root(ROOT-0, have-3)
nsubj(have-3, I-1)
advmod(have-3, just-2)
aux(say-5, to-4)
xcomp(have-3, say-5)
punct(have-3, ,-6)
nsubj(one-9, this-7)
cop(one-9, is-8)
ccomp(have-3, one-9)
prep(one-9, of-10)
poss(movies-13, my-11)
amod(movies-13, favorite-12)
pobj(of-10, movies-13)
prep(movies-13, of-14)
det(time-16, all-15)
pobj(of-14, time-16)
punct(have-3, .-17)

Sentence #2 (14 tokens):
I cannot even count the number of times I've seen it.
[Text=I CharacterOffsetBegin=75 CharacterOffsetEnd=76 PartOfSpeech=PRP] [Text=can CharacterOffsetBegin=77 CharacterOffsetEnd=80 PartOfSpeech=MD] [Text=not CharacterOffsetBegin=80 CharacterOffsetEnd=83 PartOfSpeech=RB] [Text=even CharacterOffsetBegin=84 CharacterOffsetEnd=88 PartOfSpeech=RB] [Text=count CharacterOffsetBegin=89 CharacterOffsetEnd=94 PartOfSpeech=VB] [Text=the CharacterOffsetBegin=95 CharacterOffsetEnd=98 PartOfSpeech=DT] [Text=number CharacterOffsetBegin=99 CharacterOffsetEnd=105 PartOfSpeech=NN] [Text=of CharacterOffsetBegin=106 CharacterOffsetEnd=108 PartOfSpeech=IN] [Text=times CharacterOffsetBegin=109 CharacterOffsetEnd=114 PartOfSpeech=NNS] [Text=I CharacterOffsetBegin=115 CharacterOffsetEnd=116 PartOfSpeech=PRP] [Text='ve CharacterOffsetBegin=116 CharacterOffsetEnd=119 PartOfSpeech=VBP] [Text=seen CharacterOffsetBegin=120 CharacterOffsetEnd=124 PartOfSpeech=VBN] [Text=it CharacterOffsetBegin=125 CharacterOffsetEnd=127 PartOfSpeech=PRP] [Text=. CharacterOffsetBegin=127 CharacterOffsetEnd=128 PartOfSpeech=.] 
root(ROOT-0, count-5)
nsubj(count-5, I-1)
aux(count-5, can-2)
neg(count-5, not-3)
advmod(count-5, even-4)
det(number-7, the-6)
dobj(count-5, number-7)
prep(number-7, of-8)
pobj(of-8, times-9)
nsubj(seen-12, I-10)
aux(seen-12, 've-11)
rcmod(number-7, seen-12)
dobj(seen-12, it-13)
punct(count-5, .-14)

Sentence #3 (39 tokens):
I was already in love with John Travolta, but the first time the camera pans up his body after he's all clean-shaven looking beautiful for his first trip to Gilley's, I was in awe.
[Text=I CharacterOffsetBegin=133 CharacterOffsetEnd=134 PartOfSpeech=PRP] [Text=was CharacterOffsetBegin=135 CharacterOffsetEnd=138 PartOfSpeech=VBD] [Text=already CharacterOffsetBegin=139 CharacterOffsetEnd=146 PartOfSpeech=RB] [Text=in CharacterOffsetBegin=147 CharacterOffsetEnd=149 PartOfSpeech=IN] [Text=love CharacterOffsetBegin=150 CharacterOffsetEnd=154 PartOfSpeech=NN] [Text=with CharacterOffsetBegin=155 CharacterOffsetEnd=159 PartOfSpeech=IN] [Text=John CharacterOffsetBegin=160 CharacterOffsetEnd=164 PartOfSpeech=NNP] [Text=Travolta CharacterOffsetBegin=165 CharacterOffsetEnd=173 PartOfSpeech=NNP] [Text=, CharacterOffsetBegin=173 CharacterOffsetEnd=174 PartOfSpeech=,] [Text=but CharacterOffsetBegin=175 CharacterOffsetEnd=178 PartOfSpeech=CC] [Text=the CharacterOffsetBegin=179 CharacterOffsetEnd=182 PartOfSpeech=DT] [Text=first CharacterOffsetBegin=183 CharacterOffsetEnd=188 PartOfSpeech=JJ] [Text=time CharacterOffsetBegin=189 CharacterOffsetEnd=193 PartOfSpeech=NN] [Text=the CharacterOffsetBegin=194 CharacterOffsetEnd=197 PartOfSpeech=DT] [Text=camera CharacterOffsetBegin=198 CharacterOffsetEnd=204 PartOfSpeech=NN] [Text=pans CharacterOffsetBegin=205 CharacterOffsetEnd=209 PartOfSpeech=VBZ] [Text=up CharacterOffsetBegin=210 CharacterOffsetEnd=212 PartOfSpeech=RP] [Text=his CharacterOffsetBegin=213 CharacterOffsetEnd=216 PartOfSpeech=PRP$] [Text=body CharacterOffsetBegin=217 CharacterOffsetEnd=221 PartOfSpeech=NN] [Text=after CharacterOffsetBegin=222 CharacterOffsetEnd=227 PartOfSpeech=IN] [Text=he CharacterOffsetBegin=228 CharacterOffsetEnd=230 PartOfSpeech=PRP] [Text='s CharacterOffsetBegin=230 CharacterOffsetEnd=232 PartOfSpeech=VBZ] [Text=all CharacterOffsetBegin=233 CharacterOffsetEnd=236 PartOfSpeech=DT] [Text=clean-shaven CharacterOffsetBegin=237 CharacterOffsetEnd=249 PartOfSpeech=JJ] [Text=looking CharacterOffsetBegin=250 CharacterOffsetEnd=257 PartOfSpeech=VBG] [Text=beautiful CharacterOffsetBegin=258 CharacterOffsetEnd=267 PartOfSpeech=JJ] [Text=for CharacterOffsetBegin=268 CharacterOffsetEnd=271 PartOfSpeech=IN] [Text=his CharacterOffsetBegin=272 CharacterOffsetEnd=275 PartOfSpeech=PRP$] [Text=first CharacterOffsetBegin=276 CharacterOffsetEnd=281 PartOfSpeech=JJ] [Text=trip CharacterOffsetBegin=282 CharacterOffsetEnd=286 PartOfSpeech=NN] [Text=to CharacterOffsetBegin=287 CharacterOffsetEnd=289 PartOfSpeech=TO] [Text=Gilley CharacterOffsetBegin=290 CharacterOffsetEnd=296 PartOfSpeech=NNP] [Text='s CharacterOffsetBegin=296 CharacterOffsetEnd=298 PartOfSpeech=POS] [Text=, CharacterOffsetBegin=298 CharacterOffsetEnd=299 PartOfSpeech=,] [Text=I CharacterOffsetBegin=300 CharacterOffsetEnd=301 PartOfSpeech=PRP] [Text=was CharacterOffsetBegin=302 CharacterOffsetEnd=305 PartOfSpeech=VBD] [Text=in CharacterOffsetBegin=306 CharacterOffsetEnd=308 PartOfSpeech=IN] [Text=awe CharacterOffsetBegin=309 CharacterOffsetEnd=312 PartOfSpeech=NN] [Text=. CharacterOffsetBegin=312 CharacterOffsetEnd=313 PartOfSpeech=.] 
root(ROOT-0, was-2)
nsubj(was-2, I-1)
advmod(was-2, already-3)
prep(was-2, in-4)
pobj(in-4, love-5)
prep(was-2, with-6)
nn(Travolta-8, John-7)
pobj(with-6, Travolta-8)
punct(was-2, ,-9)
cc(was-2, but-10)
det(time-13, the-11)
amod(time-13, first-12)
conj(was-2, time-13)
det(camera-15, the-14)
nsubj(pans-16, camera-15)
rcmod(time-13, pans-16)
prt(pans-16, up-17)
poss(body-19, his-18)
dobj(pans-16, body-19)
mark(was-36, after-20)
nsubj(was-36, he-21)
aux(was-36, 's-22)
dep(was-36, all-23)
ccomp(was-36, clean-shaven-24)
partmod(clean-shaven-24, looking-25)
acomp(looking-25, beautiful-26)
prep(beautiful-26, for-27)
poss(trip-30, his-28)
amod(trip-30, first-29)
pobj(for-27, trip-30)
prep(trip-30, to-31)
pobj(to-31, Gilley-32)
possessive(Gilley-32, 's-33)
punct(was-36, ,-34)
nsubj(was-36, I-35)
advcl(pans-16, was-36)
prep(was-36, in-37)
pobj(in-37, awe-38)
punct(was-2, .-39)

Sentence #4 (34 tokens):
Debra Winger, as always, delivers a perfect performance as the young, naive wife of Bud, but with the necessary attitude to be married to a stubborn and hard-working cowboy.
[Text=Debra CharacterOffsetBegin=318 CharacterOffsetEnd=323 PartOfSpeech=NNP] [Text=Winger CharacterOffsetBegin=324 CharacterOffsetEnd=330 PartOfSpeech=NNP] [Text=, CharacterOffsetBegin=330 CharacterOffsetEnd=331 PartOfSpeech=,] [Text=as CharacterOffsetBegin=332 CharacterOffsetEnd=334 PartOfSpeech=IN] [Text=always CharacterOffsetBegin=335 CharacterOffsetEnd=341 PartOfSpeech=RB] [Text=, CharacterOffsetBegin=341 CharacterOffsetEnd=342 PartOfSpeech=,] [Text=delivers CharacterOffsetBegin=343 CharacterOffsetEnd=351 PartOfSpeech=VBZ] [Text=a CharacterOffsetBegin=352 CharacterOffsetEnd=353 PartOfSpeech=DT] [Text=perfect CharacterOffsetBegin=354 CharacterOffsetEnd=361 PartOfSpeech=JJ] [Text=performance CharacterOffsetBegin=362 CharacterOffsetEnd=373 PartOfSpeech=NN] [Text=as CharacterOffsetBegin=374 CharacterOffsetEnd=376 PartOfSpeech=IN] [Text=the CharacterOffsetBegin=377 CharacterOffsetEnd=380 PartOfSpeech=DT] [Text=young CharacterOffsetBegin=381 CharacterOffsetEnd=386 PartOfSpeech=JJ] [Text=, CharacterOffsetBegin=386 CharacterOffsetEnd=387 PartOfSpeech=,] [Text=naive CharacterOffsetBegin=388 CharacterOffsetEnd=393 PartOfSpeech=JJ] [Text=wife CharacterOffsetBegin=394 CharacterOffsetEnd=398 PartOfSpeech=NN] [Text=of CharacterOffsetBegin=399 CharacterOffsetEnd=401 PartOfSpeech=IN] [Text=Bud CharacterOffsetBegin=402 CharacterOffsetEnd=405 PartOfSpeech=NNP] [Text=, CharacterOffsetBegin=405 CharacterOffsetEnd=406 PartOfSpeech=,] [Text=but CharacterOffsetBegin=407 CharacterOffsetEnd=410 PartOfSpeech=CC] [Text=with CharacterOffsetBegin=411 CharacterOffsetEnd=415 PartOfSpeech=IN] [Text=the CharacterOffsetBegin=416 CharacterOffsetEnd=419 PartOfSpeech=DT] [Text=necessary CharacterOffsetBegin=420 CharacterOffsetEnd=429 PartOfSpeech=JJ] [Text=attitude CharacterOffsetBegin=430 CharacterOffsetEnd=438 PartOfSpeech=NN] [Text=to CharacterOffsetBegin=439 CharacterOffsetEnd=441 PartOfSpeech=TO] [Text=be CharacterOffsetBegin=442 CharacterOffsetEnd=444 PartOfSpeech=VB] [Text=married CharacterOffsetBegin=445 CharacterOffsetEnd=452 PartOfSpeech=VBN] [Text=to CharacterOffsetBegin=453 CharacterOffsetEnd=455 PartOfSpeech=TO] [Text=a CharacterOffsetBegin=456 CharacterOffsetEnd=457 PartOfSpeech=DT] [Text=stubborn CharacterOffsetBegin=458 CharacterOffsetEnd=466 PartOfSpeech=JJ] [Text=and CharacterOffsetBegin=467 CharacterOffsetEnd=470 PartOfSpeech=CC] [Text=hard-working CharacterOffsetBegin=471 CharacterOffsetEnd=483 PartOfSpeech=JJ] [Text=cowboy CharacterOffsetBegin=484 CharacterOffsetEnd=490 PartOfSpeech=NN] [Text=. CharacterOffsetBegin=490 CharacterOffsetEnd=491 PartOfSpeech=.] 
root(ROOT-0, delivers-7)
nn(Winger-2, Debra-1)
nsubj(delivers-7, Winger-2)
punct(Winger-2, ,-3)
prep(Winger-2, as-4)
pcomp(as-4, always-5)
punct(Winger-2, ,-6)
det(performance-10, a-8)
amod(performance-10, perfect-9)
dobj(delivers-7, performance-10)
prep(delivers-7, as-11)
det(wife-16, the-12)
amod(wife-16, young-13)
punct(wife-16, ,-14)
amod(wife-16, naive-15)
pobj(as-11, wife-16)
prep(wife-16, of-17)
pobj(of-17, Bud-18)
punct(delivers-7, ,-19)
cc(delivers-7, but-20)
conj(delivers-7, with-21)
det(attitude-24, the-22)
amod(attitude-24, necessary-23)
pobj(with-21, attitude-24)
aux(married-27, to-25)
auxpass(married-27, be-26)
infmod(attitude-24, married-27)
prep(married-27, to-28)
det(cowboy-33, a-29)
amod(cowboy-33, stubborn-30)
cc(stubborn-30, and-31)
conj(stubborn-30, hard-working-32)
pobj(to-28, cowboy-33)
punct(delivers-7, .-34)

Sentence #5 (29 tokens):
If you're not a country music person, which I wasn't, this is 1 soundtrack that'll have you singing right along with every word.
[Text=If CharacterOffsetBegin=496 CharacterOffsetEnd=498 PartOfSpeech=IN] [Text=you CharacterOffsetBegin=499 CharacterOffsetEnd=502 PartOfSpeech=PRP] [Text='re CharacterOffsetBegin=502 CharacterOffsetEnd=505 PartOfSpeech=VBP] [Text=not CharacterOffsetBegin=506 CharacterOffsetEnd=509 PartOfSpeech=RB] [Text=a CharacterOffsetBegin=510 CharacterOffsetEnd=511 PartOfSpeech=DT] [Text=country CharacterOffsetBegin=512 CharacterOffsetEnd=519 PartOfSpeech=NN] [Text=music CharacterOffsetBegin=520 CharacterOffsetEnd=525 PartOfSpeech=NN] [Text=person CharacterOffsetBegin=526 CharacterOffsetEnd=532 PartOfSpeech=NN] [Text=, CharacterOffsetBegin=532 CharacterOffsetEnd=533 PartOfSpeech=,] [Text=which CharacterOffsetBegin=534 CharacterOffsetEnd=539 PartOfSpeech=WDT] [Text=I CharacterOffsetBegin=540 CharacterOffsetEnd=541 PartOfSpeech=PRP] [Text=was CharacterOffsetBegin=542 CharacterOffsetEnd=545 PartOfSpeech=VBD] [Text=n't CharacterOffsetBegin=545 CharacterOffsetEnd=548 PartOfSpeech=RB] [Text=, CharacterOffsetBegin=548 CharacterOffsetEnd=549 PartOfSpeech=,] [Text=this CharacterOffsetBegin=550 CharacterOffsetEnd=554 PartOfSpeech=DT] [Text=is CharacterOffsetBegin=555 CharacterOffsetEnd=557 PartOfSpeech=VBZ] [Text=1 CharacterOffsetBegin=558 CharacterOffsetEnd=559 PartOfSpeech=CD] [Text=soundtrack CharacterOffsetBegin=560 CharacterOffsetEnd=570 PartOfSpeech=NN] [Text=that CharacterOffsetBegin=571 CharacterOffsetEnd=575 PartOfSpeech=WDT] [Text='ll CharacterOffsetBegin=575 CharacterOffsetEnd=578 PartOfSpeech=MD] [Text=have CharacterOffsetBegin=579 CharacterOffsetEnd=583 PartOfSpeech=VB] [Text=you CharacterOffsetBegin=584 CharacterOffsetEnd=587 PartOfSpeech=PRP] [Text=singing CharacterOffsetBegin=588 CharacterOffsetEnd=595 PartOfSpeech=NN] [Text=right CharacterOffsetBegin=596 CharacterOffsetEnd=601 PartOfSpeech=NN] [Text=along CharacterOffsetBegin=602 CharacterOffsetEnd=607 PartOfSpeech=IN] [Text=with CharacterOffsetBegin=608 CharacterOffsetEnd=612 PartOfSpeech=IN] [Text=every CharacterOffsetBegin=613 CharacterOffsetEnd=618 PartOfSpeech=DT] [Text=word CharacterOffsetBegin=619 CharacterOffsetEnd=623 PartOfSpeech=NN] [Text=. CharacterOffsetBegin=623 CharacterOffsetEnd=624 PartOfSpeech=.] 
root(ROOT-0, person-8)
mark(person-8, If-1)
nsubj(person-8, you-2)
cop(person-8, 're-3)
neg(person-8, not-4)
det(person-8, a-5)
nn(person-8, country-6)
nn(person-8, music-7)
punct(person-8, ,-9)
dobj(soundtrack-18, which-10)
nsubj(soundtrack-18, I-11)
cop(soundtrack-18, was-12)
neg(soundtrack-18, n't-13)
punct(soundtrack-18, ,-14)
nsubj(soundtrack-18, this-15)
cop(soundtrack-18, is-16)
num(soundtrack-18, 1-17)
rcmod(person-8, soundtrack-18)
nsubj(have-21, that-19)
aux(have-21, 'll-20)
rcmod(soundtrack-18, have-21)
nsubj(singing-23, you-22)
ccomp(have-21, singing-23)
dep(along-25, right-24)
prep(singing-23, along-25)
pcomp(along-25, with-26)
det(word-28, every-27)
pobj(with-26, word-28)
punct(person-8, .-29)

Sentence #6 (14 tokens):
If you get a chance, please see this movie-it won't disappoint.
[Text=If CharacterOffsetBegin=629 CharacterOffsetEnd=631 PartOfSpeech=IN] [Text=you CharacterOffsetBegin=632 CharacterOffsetEnd=635 PartOfSpeech=PRP] [Text=get CharacterOffsetBegin=636 CharacterOffsetEnd=639 PartOfSpeech=VBP] [Text=a CharacterOffsetBegin=640 CharacterOffsetEnd=641 PartOfSpeech=DT] [Text=chance CharacterOffsetBegin=642 CharacterOffsetEnd=648 PartOfSpeech=NN] [Text=, CharacterOffsetBegin=648 CharacterOffsetEnd=649 PartOfSpeech=,] [Text=please CharacterOffsetBegin=650 CharacterOffsetEnd=656 PartOfSpeech=VB] [Text=see CharacterOffsetBegin=657 CharacterOffsetEnd=660 PartOfSpeech=VB] [Text=this CharacterOffsetBegin=661 CharacterOffsetEnd=665 PartOfSpeech=DT] [Text=movie-it CharacterOffsetBegin=666 CharacterOffsetEnd=674 PartOfSpeech=NN] [Text=wo CharacterOffsetBegin=675 CharacterOffsetEnd=677 PartOfSpeech=MD] [Text=n't CharacterOffsetBegin=677 CharacterOffsetEnd=680 PartOfSpeech=RB] [Text=disappoint CharacterOffsetBegin=681 CharacterOffsetEnd=691 PartOfSpeech=VB] [Text=. CharacterOffsetBegin=691 CharacterOffsetEnd=692 PartOfSpeech=.] 
root(ROOT-0, see-8)
mark(get-3, If-1)
nsubj(get-3, you-2)
advcl(see-8, get-3)
det(chance-5, a-4)
dobj(get-3, chance-5)
punct(see-8, ,-6)
aux(see-8, please-7)
det(movie-it-10, this-9)
nsubj(disappoint-13, movie-it-10)
aux(disappoint-13, wo-11)
neg(disappoint-13, n't-12)
ccomp(see-8, disappoint-13)
punct(see-8, .-14)

