Sentence #1 (25 tokens):
If I'm going to watch a porn movie, I prefer it to have some sort of plot, and a descent dialogue.
[Text=If CharacterOffsetBegin=4 CharacterOffsetEnd=6 PartOfSpeech=IN] [Text=I CharacterOffsetBegin=7 CharacterOffsetEnd=8 PartOfSpeech=PRP] [Text='m CharacterOffsetBegin=8 CharacterOffsetEnd=10 PartOfSpeech=VBP] [Text=going CharacterOffsetBegin=11 CharacterOffsetEnd=16 PartOfSpeech=VBG] [Text=to CharacterOffsetBegin=17 CharacterOffsetEnd=19 PartOfSpeech=TO] [Text=watch CharacterOffsetBegin=20 CharacterOffsetEnd=25 PartOfSpeech=VB] [Text=a CharacterOffsetBegin=26 CharacterOffsetEnd=27 PartOfSpeech=DT] [Text=porn CharacterOffsetBegin=28 CharacterOffsetEnd=32 PartOfSpeech=NN] [Text=movie CharacterOffsetBegin=33 CharacterOffsetEnd=38 PartOfSpeech=NN] [Text=, CharacterOffsetBegin=38 CharacterOffsetEnd=39 PartOfSpeech=,] [Text=I CharacterOffsetBegin=40 CharacterOffsetEnd=41 PartOfSpeech=PRP] [Text=prefer CharacterOffsetBegin=42 CharacterOffsetEnd=48 PartOfSpeech=VBP] [Text=it CharacterOffsetBegin=49 CharacterOffsetEnd=51 PartOfSpeech=PRP] [Text=to CharacterOffsetBegin=52 CharacterOffsetEnd=54 PartOfSpeech=TO] [Text=have CharacterOffsetBegin=55 CharacterOffsetEnd=59 PartOfSpeech=VB] [Text=some CharacterOffsetBegin=60 CharacterOffsetEnd=64 PartOfSpeech=DT] [Text=sort CharacterOffsetBegin=65 CharacterOffsetEnd=69 PartOfSpeech=NN] [Text=of CharacterOffsetBegin=70 CharacterOffsetEnd=72 PartOfSpeech=IN] [Text=plot CharacterOffsetBegin=73 CharacterOffsetEnd=77 PartOfSpeech=NN] [Text=, CharacterOffsetBegin=77 CharacterOffsetEnd=78 PartOfSpeech=,] [Text=and CharacterOffsetBegin=79 CharacterOffsetEnd=82 PartOfSpeech=CC] [Text=a CharacterOffsetBegin=83 CharacterOffsetEnd=84 PartOfSpeech=DT] [Text=descent CharacterOffsetBegin=85 CharacterOffsetEnd=92 PartOfSpeech=NN] [Text=dialogue CharacterOffsetBegin=93 CharacterOffsetEnd=101 PartOfSpeech=NN] [Text=. CharacterOffsetBegin=101 CharacterOffsetEnd=102 PartOfSpeech=.] 
root(ROOT-0, prefer-12)
mark(going-4, If-1)
nsubj(going-4, I-2)
aux(going-4, 'm-3)
advcl(prefer-12, going-4)
aux(watch-6, to-5)
xcomp(going-4, watch-6)
det(movie-9, a-7)
nn(movie-9, porn-8)
dobj(watch-6, movie-9)
punct(prefer-12, ,-10)
nsubj(prefer-12, I-11)
dobj(prefer-12, it-13)
aux(have-15, to-14)
xcomp(prefer-12, have-15)
det(sort-17, some-16)
dobj(have-15, sort-17)
prep(sort-17, of-18)
pobj(of-18, plot-19)
punct(prefer-12, ,-20)
cc(prefer-12, and-21)
det(dialogue-24, a-22)
nn(dialogue-24, descent-23)
conj(prefer-12, dialogue-24)
punct(prefer-12, .-25)

Sentence #2 (34 tokens):
Behind Bedroom Doors is one of the few I've come across with those attributes.The new girl next door scams on the neighbor's human nature and weaknesses where seduction and sex concerned.
[Text=Behind CharacterOffsetBegin=107 CharacterOffsetEnd=113 PartOfSpeech=IN] [Text=Bedroom CharacterOffsetBegin=114 CharacterOffsetEnd=121 PartOfSpeech=NNP] [Text=Doors CharacterOffsetBegin=122 CharacterOffsetEnd=127 PartOfSpeech=NNP] [Text=is CharacterOffsetBegin=128 CharacterOffsetEnd=130 PartOfSpeech=VBZ] [Text=one CharacterOffsetBegin=131 CharacterOffsetEnd=134 PartOfSpeech=CD] [Text=of CharacterOffsetBegin=135 CharacterOffsetEnd=137 PartOfSpeech=IN] [Text=the CharacterOffsetBegin=138 CharacterOffsetEnd=141 PartOfSpeech=DT] [Text=few CharacterOffsetBegin=142 CharacterOffsetEnd=145 PartOfSpeech=JJ] [Text=I CharacterOffsetBegin=146 CharacterOffsetEnd=147 PartOfSpeech=PRP] [Text='ve CharacterOffsetBegin=147 CharacterOffsetEnd=150 PartOfSpeech=VBP] [Text=come CharacterOffsetBegin=151 CharacterOffsetEnd=155 PartOfSpeech=VBN] [Text=across CharacterOffsetBegin=156 CharacterOffsetEnd=162 PartOfSpeech=RP] [Text=with CharacterOffsetBegin=163 CharacterOffsetEnd=167 PartOfSpeech=IN] [Text=those CharacterOffsetBegin=168 CharacterOffsetEnd=173 PartOfSpeech=DT] [Text=attributes.The CharacterOffsetBegin=174 CharacterOffsetEnd=188 PartOfSpeech=NNP] [Text=new CharacterOffsetBegin=189 CharacterOffsetEnd=192 PartOfSpeech=JJ] [Text=girl CharacterOffsetBegin=193 CharacterOffsetEnd=197 PartOfSpeech=NN] [Text=next CharacterOffsetBegin=198 CharacterOffsetEnd=202 PartOfSpeech=JJ] [Text=door CharacterOffsetBegin=203 CharacterOffsetEnd=207 PartOfSpeech=NN] [Text=scams CharacterOffsetBegin=208 CharacterOffsetEnd=213 PartOfSpeech=NNS] [Text=on CharacterOffsetBegin=214 CharacterOffsetEnd=216 PartOfSpeech=IN] [Text=the CharacterOffsetBegin=217 CharacterOffsetEnd=220 PartOfSpeech=DT] [Text=neighbor CharacterOffsetBegin=221 CharacterOffsetEnd=229 PartOfSpeech=NN] [Text='s CharacterOffsetBegin=229 CharacterOffsetEnd=231 PartOfSpeech=POS] [Text=human CharacterOffsetBegin=232 CharacterOffsetEnd=237 PartOfSpeech=JJ] [Text=nature CharacterOffsetBegin=238 CharacterOffsetEnd=244 PartOfSpeech=NN] [Text=and CharacterOffsetBegin=245 CharacterOffsetEnd=248 PartOfSpeech=CC] [Text=weaknesses CharacterOffsetBegin=249 CharacterOffsetEnd=259 PartOfSpeech=NNS] [Text=where CharacterOffsetBegin=260 CharacterOffsetEnd=265 PartOfSpeech=WRB] [Text=seduction CharacterOffsetBegin=266 CharacterOffsetEnd=275 PartOfSpeech=NN] [Text=and CharacterOffsetBegin=276 CharacterOffsetEnd=279 PartOfSpeech=CC] [Text=sex CharacterOffsetBegin=280 CharacterOffsetEnd=283 PartOfSpeech=NN] [Text=concerned CharacterOffsetBegin=284 CharacterOffsetEnd=293 PartOfSpeech=JJ] [Text=. CharacterOffsetBegin=293 CharacterOffsetEnd=294 PartOfSpeech=.] 
root(ROOT-0, is-4)
prep(is-4, Behind-1)
nn(Doors-3, Bedroom-2)
pobj(Behind-1, Doors-3)
nsubj(is-4, one-5)
prep(one-5, of-6)
det(few-8, the-7)
pobj(of-6, few-8)
nsubj(come-11, I-9)
aux(come-11, 've-10)
rcmod(few-8, come-11)
prt(come-11, across-12)
prep(come-11, with-13)
det(girl-17, those-14)
nn(girl-17, attributes.The-15)
amod(girl-17, new-16)
pobj(with-13, girl-17)
amod(scams-20, next-18)
nn(scams-20, door-19)
dep(girl-17, scams-20)
prep(scams-20, on-21)
det(neighbor-23, the-22)
poss(nature-26, neighbor-23)
possessive(neighbor-23, 's-24)
amod(nature-26, human-25)
pobj(on-21, nature-26)
cc(nature-26, and-27)
conj(nature-26, weaknesses-28)
advmod(concerned-33, where-29)
nsubj(concerned-33, seduction-30)
cc(seduction-30, and-31)
conj(seduction-30, sex-32)
rcmod(weaknesses-28, concerned-33)
punct(is-4, .-34)

Sentence #3 (28 tokens):
Chelsea Blue,(I mean Brooke LaVelle) is the choice actress to play the part of the blackmailing seductress, and plays the part magnificently.
[Text=Chelsea CharacterOffsetBegin=299 CharacterOffsetEnd=306 PartOfSpeech=NNP] [Text=Blue CharacterOffsetBegin=307 CharacterOffsetEnd=311 PartOfSpeech=NNP] [Text=, CharacterOffsetBegin=311 CharacterOffsetEnd=312 PartOfSpeech=,] [Text=-LRB- CharacterOffsetBegin=312 CharacterOffsetEnd=313 PartOfSpeech=-LRB-] [Text=I CharacterOffsetBegin=313 CharacterOffsetEnd=314 PartOfSpeech=PRP] [Text=mean CharacterOffsetBegin=315 CharacterOffsetEnd=319 PartOfSpeech=VBP] [Text=Brooke CharacterOffsetBegin=320 CharacterOffsetEnd=326 PartOfSpeech=NNP] [Text=LaVelle CharacterOffsetBegin=327 CharacterOffsetEnd=334 PartOfSpeech=NNP] [Text=-RRB- CharacterOffsetBegin=334 CharacterOffsetEnd=335 PartOfSpeech=-RRB-] [Text=is CharacterOffsetBegin=336 CharacterOffsetEnd=338 PartOfSpeech=VBZ] [Text=the CharacterOffsetBegin=339 CharacterOffsetEnd=342 PartOfSpeech=DT] [Text=choice CharacterOffsetBegin=343 CharacterOffsetEnd=349 PartOfSpeech=NN] [Text=actress CharacterOffsetBegin=350 CharacterOffsetEnd=357 PartOfSpeech=NN] [Text=to CharacterOffsetBegin=358 CharacterOffsetEnd=360 PartOfSpeech=TO] [Text=play CharacterOffsetBegin=361 CharacterOffsetEnd=365 PartOfSpeech=VB] [Text=the CharacterOffsetBegin=366 CharacterOffsetEnd=369 PartOfSpeech=DT] [Text=part CharacterOffsetBegin=370 CharacterOffsetEnd=374 PartOfSpeech=NN] [Text=of CharacterOffsetBegin=375 CharacterOffsetEnd=377 PartOfSpeech=IN] [Text=the CharacterOffsetBegin=378 CharacterOffsetEnd=381 PartOfSpeech=DT] [Text=blackmailing CharacterOffsetBegin=382 CharacterOffsetEnd=394 PartOfSpeech=VBG] [Text=seductress CharacterOffsetBegin=395 CharacterOffsetEnd=405 PartOfSpeech=NN] [Text=, CharacterOffsetBegin=405 CharacterOffsetEnd=406 PartOfSpeech=,] [Text=and CharacterOffsetBegin=407 CharacterOffsetEnd=410 PartOfSpeech=CC] [Text=plays CharacterOffsetBegin=411 CharacterOffsetEnd=416 PartOfSpeech=VBZ] [Text=the CharacterOffsetBegin=417 CharacterOffsetEnd=420 PartOfSpeech=DT] [Text=part CharacterOffsetBegin=421 CharacterOffsetEnd=425 PartOfSpeech=NN] [Text=magnificently CharacterOffsetBegin=426 CharacterOffsetEnd=439 PartOfSpeech=RB] [Text=. CharacterOffsetBegin=439 CharacterOffsetEnd=440 PartOfSpeech=.] 
root(ROOT-0, choice-12)
nn(Blue-2, Chelsea-1)
nsubj(choice-12, Blue-2)
punct(Blue-2, ,-3)
punct(mean-6, -LRB--4)
nsubj(mean-6, I-5)
dep(Blue-2, mean-6)
nn(LaVelle-8, Brooke-7)
dobj(mean-6, LaVelle-8)
punct(mean-6, -RRB--9)
cop(choice-12, is-10)
det(choice-12, the-11)
nsubj(play-15, actress-13)
aux(play-15, to-14)
xcomp(choice-12, play-15)
det(part-17, the-16)
dobj(play-15, part-17)
prep(part-17, of-18)
pobj(of-18, the-19)
dep(the-19, blackmailing-20)
dobj(blackmailing-20, seductress-21)
punct(blackmailing-20, ,-22)
cc(blackmailing-20, and-23)
conj(blackmailing-20, plays-24)
det(part-26, the-25)
dobj(plays-24, part-26)
advmod(part-26, magnificently-27)
punct(choice-12, .-28)

Sentence #4 (11 tokens):
Chelsea Blue is a very talented and extremely beautiful actress.
[Text=Chelsea CharacterOffsetBegin=445 CharacterOffsetEnd=452 PartOfSpeech=NNP] [Text=Blue CharacterOffsetBegin=453 CharacterOffsetEnd=457 PartOfSpeech=NNP] [Text=is CharacterOffsetBegin=458 CharacterOffsetEnd=460 PartOfSpeech=VBZ] [Text=a CharacterOffsetBegin=461 CharacterOffsetEnd=462 PartOfSpeech=DT] [Text=very CharacterOffsetBegin=463 CharacterOffsetEnd=467 PartOfSpeech=RB] [Text=talented CharacterOffsetBegin=468 CharacterOffsetEnd=476 PartOfSpeech=JJ] [Text=and CharacterOffsetBegin=477 CharacterOffsetEnd=480 PartOfSpeech=CC] [Text=extremely CharacterOffsetBegin=481 CharacterOffsetEnd=490 PartOfSpeech=RB] [Text=beautiful CharacterOffsetBegin=491 CharacterOffsetEnd=500 PartOfSpeech=JJ] [Text=actress CharacterOffsetBegin=501 CharacterOffsetEnd=508 PartOfSpeech=NN] [Text=. CharacterOffsetBegin=508 CharacterOffsetEnd=509 PartOfSpeech=.] 
root(ROOT-0, actress-10)
nn(Blue-2, Chelsea-1)
nsubj(actress-10, Blue-2)
cop(actress-10, is-3)
det(actress-10, a-4)
advmod(talented-6, very-5)
amod(actress-10, talented-6)
cc(talented-6, and-7)
advmod(beautiful-9, extremely-8)
conj(talented-6, beautiful-9)
punct(actress-10, .-11)

Sentence #5 (14 tokens):
The movie get's an overall 10 just because she is in it.
[Text=The CharacterOffsetBegin=514 CharacterOffsetEnd=517 PartOfSpeech=DT] [Text=movie CharacterOffsetBegin=518 CharacterOffsetEnd=523 PartOfSpeech=NN] [Text=get CharacterOffsetBegin=524 CharacterOffsetEnd=527 PartOfSpeech=VB] [Text='s CharacterOffsetBegin=527 CharacterOffsetEnd=529 PartOfSpeech=POS] [Text=an CharacterOffsetBegin=530 CharacterOffsetEnd=532 PartOfSpeech=DT] [Text=overall CharacterOffsetBegin=533 CharacterOffsetEnd=540 PartOfSpeech=JJ] [Text=10 CharacterOffsetBegin=541 CharacterOffsetEnd=543 PartOfSpeech=CD] [Text=just CharacterOffsetBegin=544 CharacterOffsetEnd=548 PartOfSpeech=RB] [Text=because CharacterOffsetBegin=549 CharacterOffsetEnd=556 PartOfSpeech=IN] [Text=she CharacterOffsetBegin=557 CharacterOffsetEnd=560 PartOfSpeech=PRP] [Text=is CharacterOffsetBegin=561 CharacterOffsetEnd=563 PartOfSpeech=VBZ] [Text=in CharacterOffsetBegin=564 CharacterOffsetEnd=566 PartOfSpeech=IN] [Text=it CharacterOffsetBegin=567 CharacterOffsetEnd=569 PartOfSpeech=PRP] [Text=. CharacterOffsetBegin=569 CharacterOffsetEnd=570 PartOfSpeech=.] 
root(ROOT-0, get-3)
det(movie-2, The-1)
nsubj(get-3, movie-2)
cop(10-7, 's-4)
det(10-7, an-5)
amod(10-7, overall-6)
dobj(get-3, 10-7)
advmod(10-7, just-8)
mark(is-11, because-9)
nsubj(is-11, she-10)
advcl(get-3, is-11)
prep(is-11, in-12)
pobj(in-12, it-13)
punct(get-3, .-14)

Sentence #6 (13 tokens):
Her partner in the movie, Monique Alexander is a definite cutie.
[Text=Her CharacterOffsetBegin=575 CharacterOffsetEnd=578 PartOfSpeech=PRP$] [Text=partner CharacterOffsetBegin=579 CharacterOffsetEnd=586 PartOfSpeech=NN] [Text=in CharacterOffsetBegin=587 CharacterOffsetEnd=589 PartOfSpeech=IN] [Text=the CharacterOffsetBegin=590 CharacterOffsetEnd=593 PartOfSpeech=DT] [Text=movie CharacterOffsetBegin=594 CharacterOffsetEnd=599 PartOfSpeech=NN] [Text=, CharacterOffsetBegin=599 CharacterOffsetEnd=600 PartOfSpeech=,] [Text=Monique CharacterOffsetBegin=601 CharacterOffsetEnd=608 PartOfSpeech=NNP] [Text=Alexander CharacterOffsetBegin=609 CharacterOffsetEnd=618 PartOfSpeech=NNP] [Text=is CharacterOffsetBegin=619 CharacterOffsetEnd=621 PartOfSpeech=VBZ] [Text=a CharacterOffsetBegin=622 CharacterOffsetEnd=623 PartOfSpeech=DT] [Text=definite CharacterOffsetBegin=624 CharacterOffsetEnd=632 PartOfSpeech=JJ] [Text=cutie CharacterOffsetBegin=633 CharacterOffsetEnd=638 PartOfSpeech=NN] [Text=. CharacterOffsetBegin=638 CharacterOffsetEnd=639 PartOfSpeech=.] 
root(ROOT-0, cutie-12)
poss(partner-2, Her-1)
nsubj(cutie-12, partner-2)
prep(partner-2, in-3)
det(movie-5, the-4)
pobj(in-3, movie-5)
punct(partner-2, ,-6)
nn(Alexander-8, Monique-7)
appos(partner-2, Alexander-8)
cop(cutie-12, is-9)
det(cutie-12, a-10)
amod(cutie-12, definite-11)
punct(cutie-12, .-13)

Sentence #7 (8 tokens):
The two should do more work together.
[Text=The CharacterOffsetBegin=644 CharacterOffsetEnd=647 PartOfSpeech=DT] [Text=two CharacterOffsetBegin=648 CharacterOffsetEnd=651 PartOfSpeech=CD] [Text=should CharacterOffsetBegin=652 CharacterOffsetEnd=658 PartOfSpeech=MD] [Text=do CharacterOffsetBegin=659 CharacterOffsetEnd=661 PartOfSpeech=VB] [Text=more CharacterOffsetBegin=662 CharacterOffsetEnd=666 PartOfSpeech=JJR] [Text=work CharacterOffsetBegin=667 CharacterOffsetEnd=671 PartOfSpeech=NN] [Text=together CharacterOffsetBegin=672 CharacterOffsetEnd=680 PartOfSpeech=RB] [Text=. CharacterOffsetBegin=680 CharacterOffsetEnd=681 PartOfSpeech=.] 
root(ROOT-0, do-4)
det(two-2, The-1)
nsubj(do-4, two-2)
aux(do-4, should-3)
amod(work-6, more-5)
dobj(do-4, work-6)
advmod(do-4, together-7)
punct(do-4, .-8)

Sentence #8 (23 tokens):
In this movie, though, Monique, who plays Gigi, doesn't have a whole lot to do or say.
[Text=In CharacterOffsetBegin=686 CharacterOffsetEnd=688 PartOfSpeech=IN] [Text=this CharacterOffsetBegin=689 CharacterOffsetEnd=693 PartOfSpeech=DT] [Text=movie CharacterOffsetBegin=694 CharacterOffsetEnd=699 PartOfSpeech=NN] [Text=, CharacterOffsetBegin=699 CharacterOffsetEnd=700 PartOfSpeech=,] [Text=though CharacterOffsetBegin=701 CharacterOffsetEnd=707 PartOfSpeech=RB] [Text=, CharacterOffsetBegin=707 CharacterOffsetEnd=708 PartOfSpeech=,] [Text=Monique CharacterOffsetBegin=709 CharacterOffsetEnd=716 PartOfSpeech=NNP] [Text=, CharacterOffsetBegin=716 CharacterOffsetEnd=717 PartOfSpeech=,] [Text=who CharacterOffsetBegin=718 CharacterOffsetEnd=721 PartOfSpeech=WP] [Text=plays CharacterOffsetBegin=722 CharacterOffsetEnd=727 PartOfSpeech=VBZ] [Text=Gigi CharacterOffsetBegin=728 CharacterOffsetEnd=732 PartOfSpeech=NNP] [Text=, CharacterOffsetBegin=732 CharacterOffsetEnd=733 PartOfSpeech=,] [Text=does CharacterOffsetBegin=734 CharacterOffsetEnd=738 PartOfSpeech=VBZ] [Text=n't CharacterOffsetBegin=738 CharacterOffsetEnd=741 PartOfSpeech=RB] [Text=have CharacterOffsetBegin=742 CharacterOffsetEnd=746 PartOfSpeech=VB] [Text=a CharacterOffsetBegin=747 CharacterOffsetEnd=748 PartOfSpeech=DT] [Text=whole CharacterOffsetBegin=749 CharacterOffsetEnd=754 PartOfSpeech=JJ] [Text=lot CharacterOffsetBegin=755 CharacterOffsetEnd=758 PartOfSpeech=NN] [Text=to CharacterOffsetBegin=759 CharacterOffsetEnd=761 PartOfSpeech=TO] [Text=do CharacterOffsetBegin=762 CharacterOffsetEnd=764 PartOfSpeech=VB] [Text=or CharacterOffsetBegin=765 CharacterOffsetEnd=767 PartOfSpeech=CC] [Text=say CharacterOffsetBegin=768 CharacterOffsetEnd=771 PartOfSpeech=VB] [Text=. CharacterOffsetBegin=771 CharacterOffsetEnd=772 PartOfSpeech=.] 
root(ROOT-0, have-15)
prep(have-15, In-1)
det(movie-3, this-2)
pobj(In-1, movie-3)
punct(have-15, ,-4)
advmod(have-15, though-5)
punct(have-15, ,-6)
nsubj(have-15, Monique-7)
punct(Monique-7, ,-8)
nsubj(plays-10, who-9)
rcmod(Monique-7, plays-10)
dobj(plays-10, Gigi-11)
punct(Monique-7, ,-12)
aux(have-15, does-13)
neg(have-15, n't-14)
det(lot-18, a-16)
amod(lot-18, whole-17)
dobj(have-15, lot-18)
aux(do-20, to-19)
infmod(lot-18, do-20)
cc(do-20, or-21)
conj(do-20, say-22)
punct(have-15, .-23)

Sentence #9 (5 tokens):
That's too bad.
[Text=That CharacterOffsetBegin=777 CharacterOffsetEnd=781 PartOfSpeech=DT] [Text='s CharacterOffsetBegin=781 CharacterOffsetEnd=783 PartOfSpeech=VBZ] [Text=too CharacterOffsetBegin=784 CharacterOffsetEnd=787 PartOfSpeech=RB] [Text=bad CharacterOffsetBegin=788 CharacterOffsetEnd=791 PartOfSpeech=JJ] [Text=. CharacterOffsetBegin=791 CharacterOffsetEnd=792 PartOfSpeech=.] 
root(ROOT-0, bad-4)
nsubj(bad-4, That-1)
cop(bad-4, 's-2)
advmod(bad-4, too-3)
punct(bad-4, .-5)

Sentence #10 (11 tokens):
She seems like she has more talent to be shared.
[Text=She CharacterOffsetBegin=797 CharacterOffsetEnd=800 PartOfSpeech=PRP] [Text=seems CharacterOffsetBegin=801 CharacterOffsetEnd=806 PartOfSpeech=VBZ] [Text=like CharacterOffsetBegin=807 CharacterOffsetEnd=811 PartOfSpeech=IN] [Text=she CharacterOffsetBegin=812 CharacterOffsetEnd=815 PartOfSpeech=PRP] [Text=has CharacterOffsetBegin=816 CharacterOffsetEnd=819 PartOfSpeech=VBZ] [Text=more CharacterOffsetBegin=820 CharacterOffsetEnd=824 PartOfSpeech=JJR] [Text=talent CharacterOffsetBegin=825 CharacterOffsetEnd=831 PartOfSpeech=NN] [Text=to CharacterOffsetBegin=832 CharacterOffsetEnd=834 PartOfSpeech=TO] [Text=be CharacterOffsetBegin=835 CharacterOffsetEnd=837 PartOfSpeech=VB] [Text=shared CharacterOffsetBegin=838 CharacterOffsetEnd=844 PartOfSpeech=VBN] [Text=. CharacterOffsetBegin=844 CharacterOffsetEnd=845 PartOfSpeech=.] 
root(ROOT-0, seems-2)
nsubj(seems-2, She-1)
mark(has-5, like-3)
nsubj(has-5, she-4)
advcl(seems-2, has-5)
amod(talent-7, more-6)
dobj(has-5, talent-7)
aux(shared-10, to-8)
auxpass(shared-10, be-9)
infmod(talent-7, shared-10)
punct(seems-2, .-11)

Sentence #11 (15 tokens):
I like the girl who was the (possible) DA's wife next.
[Text=I CharacterOffsetBegin=850 CharacterOffsetEnd=851 PartOfSpeech=PRP] [Text=like CharacterOffsetBegin=852 CharacterOffsetEnd=856 PartOfSpeech=VBP] [Text=the CharacterOffsetBegin=857 CharacterOffsetEnd=860 PartOfSpeech=DT] [Text=girl CharacterOffsetBegin=861 CharacterOffsetEnd=865 PartOfSpeech=NN] [Text=who CharacterOffsetBegin=866 CharacterOffsetEnd=869 PartOfSpeech=WP] [Text=was CharacterOffsetBegin=870 CharacterOffsetEnd=873 PartOfSpeech=VBD] [Text=the CharacterOffsetBegin=874 CharacterOffsetEnd=877 PartOfSpeech=DT] [Text=-LRB- CharacterOffsetBegin=878 CharacterOffsetEnd=879 PartOfSpeech=-LRB-] [Text=possible CharacterOffsetBegin=879 CharacterOffsetEnd=887 PartOfSpeech=JJ] [Text=-RRB- CharacterOffsetBegin=887 CharacterOffsetEnd=888 PartOfSpeech=-RRB-] [Text=DA CharacterOffsetBegin=889 CharacterOffsetEnd=891 PartOfSpeech=NNP] [Text='s CharacterOffsetBegin=891 CharacterOffsetEnd=893 PartOfSpeech=POS] [Text=wife CharacterOffsetBegin=894 CharacterOffsetEnd=898 PartOfSpeech=NN] [Text=next CharacterOffsetBegin=899 CharacterOffsetEnd=903 PartOfSpeech=RB] [Text=. CharacterOffsetBegin=903 CharacterOffsetEnd=904 PartOfSpeech=.] 
root(ROOT-0, like-2)
nsubj(like-2, I-1)
det(girl-4, the-3)
dobj(like-2, girl-4)
nsubj(wife-13, who-5)
cop(wife-13, was-6)
det(DA-11, the-7)
punct(possible-9, -LRB--8)
dep(DA-11, possible-9)
punct(possible-9, -RRB--10)
poss(wife-13, DA-11)
possessive(DA-11, 's-12)
rcmod(girl-4, wife-13)
advmod(wife-13, next-14)
punct(like-2, .-15)

Sentence #12 (18 tokens):
I forget her name, but she's pretty good looking, and not a bad actress.
[Text=I CharacterOffsetBegin=909 CharacterOffsetEnd=910 PartOfSpeech=PRP] [Text=forget CharacterOffsetBegin=911 CharacterOffsetEnd=917 PartOfSpeech=VBP] [Text=her CharacterOffsetBegin=918 CharacterOffsetEnd=921 PartOfSpeech=PRP$] [Text=name CharacterOffsetBegin=922 CharacterOffsetEnd=926 PartOfSpeech=NN] [Text=, CharacterOffsetBegin=926 CharacterOffsetEnd=927 PartOfSpeech=,] [Text=but CharacterOffsetBegin=928 CharacterOffsetEnd=931 PartOfSpeech=CC] [Text=she CharacterOffsetBegin=932 CharacterOffsetEnd=935 PartOfSpeech=PRP] [Text='s CharacterOffsetBegin=935 CharacterOffsetEnd=937 PartOfSpeech=VBZ] [Text=pretty CharacterOffsetBegin=938 CharacterOffsetEnd=944 PartOfSpeech=RB] [Text=good CharacterOffsetBegin=945 CharacterOffsetEnd=949 PartOfSpeech=JJ] [Text=looking CharacterOffsetBegin=950 CharacterOffsetEnd=957 PartOfSpeech=VBG] [Text=, CharacterOffsetBegin=957 CharacterOffsetEnd=958 PartOfSpeech=,] [Text=and CharacterOffsetBegin=959 CharacterOffsetEnd=962 PartOfSpeech=CC] [Text=not CharacterOffsetBegin=963 CharacterOffsetEnd=966 PartOfSpeech=RB] [Text=a CharacterOffsetBegin=967 CharacterOffsetEnd=968 PartOfSpeech=DT] [Text=bad CharacterOffsetBegin=969 CharacterOffsetEnd=972 PartOfSpeech=JJ] [Text=actress CharacterOffsetBegin=973 CharacterOffsetEnd=980 PartOfSpeech=NN] [Text=. CharacterOffsetBegin=980 CharacterOffsetEnd=981 PartOfSpeech=.] 
root(ROOT-0, forget-2)
nsubj(forget-2, I-1)
poss(name-4, her-3)
dobj(forget-2, name-4)
punct(forget-2, ,-5)
cc(forget-2, but-6)
nsubj(good-10, she-7)
cop(good-10, 's-8)
advmod(good-10, pretty-9)
conj(forget-2, good-10)
dep(good-10, looking-11)
punct(looking-11, ,-12)
cc(looking-11, and-13)
neg(actress-17, not-14)
det(actress-17, a-15)
amod(actress-17, bad-16)
conj(looking-11, actress-17)
punct(forget-2, .-18)

Sentence #13 (18 tokens):
Nicole Sheridan...I'm still trying to figure out what some people are so excited about.
[Text=Nicole CharacterOffsetBegin=986 CharacterOffsetEnd=992 PartOfSpeech=NNP] [Text=Sheridan CharacterOffsetBegin=993 CharacterOffsetEnd=1001 PartOfSpeech=NNP] [Text=... CharacterOffsetBegin=1001 CharacterOffsetEnd=1004 PartOfSpeech=:] [Text=I CharacterOffsetBegin=1004 CharacterOffsetEnd=1005 PartOfSpeech=PRP] [Text='m CharacterOffsetBegin=1005 CharacterOffsetEnd=1007 PartOfSpeech=VBP] [Text=still CharacterOffsetBegin=1008 CharacterOffsetEnd=1013 PartOfSpeech=RB] [Text=trying CharacterOffsetBegin=1014 CharacterOffsetEnd=1020 PartOfSpeech=VBG] [Text=to CharacterOffsetBegin=1021 CharacterOffsetEnd=1023 PartOfSpeech=TO] [Text=figure CharacterOffsetBegin=1024 CharacterOffsetEnd=1030 PartOfSpeech=VB] [Text=out CharacterOffsetBegin=1031 CharacterOffsetEnd=1034 PartOfSpeech=RP] [Text=what CharacterOffsetBegin=1035 CharacterOffsetEnd=1039 PartOfSpeech=WP] [Text=some CharacterOffsetBegin=1040 CharacterOffsetEnd=1044 PartOfSpeech=DT] [Text=people CharacterOffsetBegin=1045 CharacterOffsetEnd=1051 PartOfSpeech=NNS] [Text=are CharacterOffsetBegin=1052 CharacterOffsetEnd=1055 PartOfSpeech=VBP] [Text=so CharacterOffsetBegin=1056 CharacterOffsetEnd=1058 PartOfSpeech=RB] [Text=excited CharacterOffsetBegin=1059 CharacterOffsetEnd=1066 PartOfSpeech=JJ] [Text=about CharacterOffsetBegin=1067 CharacterOffsetEnd=1072 PartOfSpeech=IN] [Text=. CharacterOffsetBegin=1072 CharacterOffsetEnd=1073 PartOfSpeech=.] 
root(ROOT-0, Sheridan-2)
nn(Sheridan-2, Nicole-1)
punct(Sheridan-2, ...-3)
nsubj(trying-7, I-4)
aux(trying-7, 'm-5)
advmod(trying-7, still-6)
rcmod(Sheridan-2, trying-7)
aux(figure-9, to-8)
xcomp(trying-7, figure-9)
prt(figure-9, out-10)
dobj(excited-16, what-11)
det(people-13, some-12)
nsubj(excited-16, people-13)
cop(excited-16, are-14)
advmod(excited-16, so-15)
ccomp(figure-9, excited-16)
prep(excited-16, about-17)
punct(Sheridan-2, .-18)

Sentence #14 (13 tokens):
It's obvious there are parts of her bought an paid for.
[Text=It CharacterOffsetBegin=1078 CharacterOffsetEnd=1080 PartOfSpeech=PRP] [Text='s CharacterOffsetBegin=1080 CharacterOffsetEnd=1082 PartOfSpeech=VBZ] [Text=obvious CharacterOffsetBegin=1083 CharacterOffsetEnd=1090 PartOfSpeech=JJ] [Text=there CharacterOffsetBegin=1091 CharacterOffsetEnd=1096 PartOfSpeech=EX] [Text=are CharacterOffsetBegin=1097 CharacterOffsetEnd=1100 PartOfSpeech=VBP] [Text=parts CharacterOffsetBegin=1101 CharacterOffsetEnd=1106 PartOfSpeech=NNS] [Text=of CharacterOffsetBegin=1107 CharacterOffsetEnd=1109 PartOfSpeech=IN] [Text=her CharacterOffsetBegin=1110 CharacterOffsetEnd=1113 PartOfSpeech=PRP$] [Text=bought CharacterOffsetBegin=1114 CharacterOffsetEnd=1120 PartOfSpeech=VBN] [Text=an CharacterOffsetBegin=1121 CharacterOffsetEnd=1123 PartOfSpeech=DT] [Text=paid CharacterOffsetBegin=1124 CharacterOffsetEnd=1128 PartOfSpeech=VBN] [Text=for CharacterOffsetBegin=1129 CharacterOffsetEnd=1132 PartOfSpeech=IN] [Text=. CharacterOffsetBegin=1132 CharacterOffsetEnd=1133 PartOfSpeech=.] 
root(ROOT-0, obvious-3)
nsubj(obvious-3, It-1)
cop(obvious-3, 's-2)
expl(are-5, there-4)
ccomp(obvious-3, are-5)
nsubj(are-5, parts-6)
prep(parts-6, of-7)
pobj(of-7, her-8)
dep(her-8, bought-9)
det(paid-11, an-10)
dobj(bought-9, paid-11)
prep(paid-11, for-12)
punct(obvious-3, .-13)

Sentence #15 (9 tokens):
Which is okay, but is she finished?
[Text=Which CharacterOffsetBegin=1138 CharacterOffsetEnd=1143 PartOfSpeech=WDT] [Text=is CharacterOffsetBegin=1144 CharacterOffsetEnd=1146 PartOfSpeech=VBZ] [Text=okay CharacterOffsetBegin=1147 CharacterOffsetEnd=1151 PartOfSpeech=JJ] [Text=, CharacterOffsetBegin=1151 CharacterOffsetEnd=1152 PartOfSpeech=,] [Text=but CharacterOffsetBegin=1153 CharacterOffsetEnd=1156 PartOfSpeech=CC] [Text=is CharacterOffsetBegin=1157 CharacterOffsetEnd=1159 PartOfSpeech=VBZ] [Text=she CharacterOffsetBegin=1160 CharacterOffsetEnd=1163 PartOfSpeech=PRP] [Text=finished CharacterOffsetBegin=1164 CharacterOffsetEnd=1172 PartOfSpeech=VB] [Text=? CharacterOffsetBegin=1172 CharacterOffsetEnd=1173 PartOfSpeech=.] 
root(ROOT-0, okay-3)
nsubj(okay-3, Which-1)
cop(okay-3, is-2)
punct(okay-3, ,-4)
cc(okay-3, but-5)
auxpass(finished-8, is-6)
nsubj(finished-8, she-7)
conj(okay-3, finished-8)
punct(okay-3, ?-9)

Sentence #16 (6 tokens):
Sorry, but come on!
[Text=Sorry CharacterOffsetBegin=1178 CharacterOffsetEnd=1183 PartOfSpeech=JJ] [Text=, CharacterOffsetBegin=1183 CharacterOffsetEnd=1184 PartOfSpeech=,] [Text=but CharacterOffsetBegin=1185 CharacterOffsetEnd=1188 PartOfSpeech=CC] [Text=come CharacterOffsetBegin=1189 CharacterOffsetEnd=1193 PartOfSpeech=VB] [Text=on CharacterOffsetBegin=1194 CharacterOffsetEnd=1196 PartOfSpeech=IN] [Text=! CharacterOffsetBegin=1196 CharacterOffsetEnd=1197 PartOfSpeech=.] 
root(ROOT-0, Sorry-1)
punct(Sorry-1, ,-2)
cc(Sorry-1, but-3)
conj(Sorry-1, come-4)
prt(come-4, on-5)
punct(Sorry-1, !-6)

Sentence #17 (23 tokens):
I'm afraid her performance here would have dropped the rating some, except Chelsea's talent and beauty overrides any negatives.
[Text=I CharacterOffsetBegin=1202 CharacterOffsetEnd=1203 PartOfSpeech=PRP] [Text='m CharacterOffsetBegin=1203 CharacterOffsetEnd=1205 PartOfSpeech=VBP] [Text=afraid CharacterOffsetBegin=1206 CharacterOffsetEnd=1212 PartOfSpeech=JJ] [Text=her CharacterOffsetBegin=1213 CharacterOffsetEnd=1216 PartOfSpeech=PRP$] [Text=performance CharacterOffsetBegin=1217 CharacterOffsetEnd=1228 PartOfSpeech=NN] [Text=here CharacterOffsetBegin=1229 CharacterOffsetEnd=1233 PartOfSpeech=RB] [Text=would CharacterOffsetBegin=1234 CharacterOffsetEnd=1239 PartOfSpeech=MD] [Text=have CharacterOffsetBegin=1240 CharacterOffsetEnd=1244 PartOfSpeech=VB] [Text=dropped CharacterOffsetBegin=1245 CharacterOffsetEnd=1252 PartOfSpeech=VBD] [Text=the CharacterOffsetBegin=1253 CharacterOffsetEnd=1256 PartOfSpeech=DT] [Text=rating CharacterOffsetBegin=1257 CharacterOffsetEnd=1263 PartOfSpeech=NN] [Text=some CharacterOffsetBegin=1264 CharacterOffsetEnd=1268 PartOfSpeech=DT] [Text=, CharacterOffsetBegin=1268 CharacterOffsetEnd=1269 PartOfSpeech=,] [Text=except CharacterOffsetBegin=1270 CharacterOffsetEnd=1276 PartOfSpeech=IN] [Text=Chelsea CharacterOffsetBegin=1277 CharacterOffsetEnd=1284 PartOfSpeech=NNP] [Text='s CharacterOffsetBegin=1284 CharacterOffsetEnd=1286 PartOfSpeech=POS] [Text=talent CharacterOffsetBegin=1287 CharacterOffsetEnd=1293 PartOfSpeech=NN] [Text=and CharacterOffsetBegin=1294 CharacterOffsetEnd=1297 PartOfSpeech=CC] [Text=beauty CharacterOffsetBegin=1298 CharacterOffsetEnd=1304 PartOfSpeech=NN] [Text=overrides CharacterOffsetBegin=1305 CharacterOffsetEnd=1314 PartOfSpeech=VBZ] [Text=any CharacterOffsetBegin=1315 CharacterOffsetEnd=1318 PartOfSpeech=DT] [Text=negatives CharacterOffsetBegin=1319 CharacterOffsetEnd=1328 PartOfSpeech=NNS] [Text=. CharacterOffsetBegin=1328 CharacterOffsetEnd=1329 PartOfSpeech=.] 
root(ROOT-0, afraid-3)
nsubj(afraid-3, I-1)
cop(afraid-3, 'm-2)
poss(performance-5, her-4)
nsubj(dropped-9, performance-5)
advmod(performance-5, here-6)
aux(dropped-9, would-7)
aux(dropped-9, have-8)
ccomp(afraid-3, dropped-9)
det(rating-11, the-10)
dobj(dropped-9, rating-11)
dep(rating-11, some-12)
punct(some-12, ,-13)
prep(some-12, except-14)
poss(talent-17, Chelsea-15)
possessive(Chelsea-15, 's-16)
pobj(except-14, talent-17)
cc(talent-17, and-18)
conj(talent-17, beauty-19)
dep(some-12, overrides-20)
det(negatives-22, any-21)
dobj(overrides-20, negatives-22)
punct(afraid-3, .-23)

Sentence #18 (9 tokens):
Overall, This movie is a good one.
[Text=Overall CharacterOffsetBegin=1334 CharacterOffsetEnd=1341 PartOfSpeech=RB] [Text=, CharacterOffsetBegin=1341 CharacterOffsetEnd=1342 PartOfSpeech=,] [Text=This CharacterOffsetBegin=1343 CharacterOffsetEnd=1347 PartOfSpeech=DT] [Text=movie CharacterOffsetBegin=1348 CharacterOffsetEnd=1353 PartOfSpeech=NN] [Text=is CharacterOffsetBegin=1354 CharacterOffsetEnd=1356 PartOfSpeech=VBZ] [Text=a CharacterOffsetBegin=1357 CharacterOffsetEnd=1358 PartOfSpeech=DT] [Text=good CharacterOffsetBegin=1359 CharacterOffsetEnd=1363 PartOfSpeech=JJ] [Text=one CharacterOffsetBegin=1364 CharacterOffsetEnd=1367 PartOfSpeech=CD] [Text=. CharacterOffsetBegin=1367 CharacterOffsetEnd=1368 PartOfSpeech=.] 
root(ROOT-0, one-8)
advmod(one-8, Overall-1)
punct(one-8, ,-2)
det(movie-4, This-3)
nsubj(one-8, movie-4)
cop(one-8, is-5)
det(one-8, a-6)
amod(one-8, good-7)
punct(one-8, .-9)

