Sentence #1 (11 tokens):
Didn't Mystic Pizza win the Oscar for that year?
[Text=Did CharacterOffsetBegin=4 CharacterOffsetEnd=7 PartOfSpeech=VBD] [Text=n't CharacterOffsetBegin=7 CharacterOffsetEnd=10 PartOfSpeech=RB] [Text=Mystic CharacterOffsetBegin=11 CharacterOffsetEnd=17 PartOfSpeech=NNP] [Text=Pizza CharacterOffsetBegin=18 CharacterOffsetEnd=23 PartOfSpeech=NNP] [Text=win CharacterOffsetBegin=24 CharacterOffsetEnd=27 PartOfSpeech=VB] [Text=the CharacterOffsetBegin=28 CharacterOffsetEnd=31 PartOfSpeech=DT] [Text=Oscar CharacterOffsetBegin=32 CharacterOffsetEnd=37 PartOfSpeech=NNP] [Text=for CharacterOffsetBegin=38 CharacterOffsetEnd=41 PartOfSpeech=IN] [Text=that CharacterOffsetBegin=42 CharacterOffsetEnd=46 PartOfSpeech=DT] [Text=year CharacterOffsetBegin=47 CharacterOffsetEnd=51 PartOfSpeech=NN] [Text=? CharacterOffsetBegin=51 CharacterOffsetEnd=52 PartOfSpeech=.] 
root(ROOT-0, win-5)
aux(win-5, Did-1)
neg(Pizza-4, n't-2)
nn(Pizza-4, Mystic-3)
nsubj(win-5, Pizza-4)
det(Oscar-7, the-6)
dobj(win-5, Oscar-7)
prep(win-5, for-8)
det(year-10, that-9)
pobj(for-8, year-10)
punct(win-5, ?-11)

Sentence #2 (29 tokens):
This movie never had a chance, due to the casting, but perhaps by now people can see why I felt that way upon leaving the theater.
[Text=This CharacterOffsetBegin=57 CharacterOffsetEnd=61 PartOfSpeech=DT] [Text=movie CharacterOffsetBegin=62 CharacterOffsetEnd=67 PartOfSpeech=NN] [Text=never CharacterOffsetBegin=68 CharacterOffsetEnd=73 PartOfSpeech=RB] [Text=had CharacterOffsetBegin=74 CharacterOffsetEnd=77 PartOfSpeech=VBD] [Text=a CharacterOffsetBegin=78 CharacterOffsetEnd=79 PartOfSpeech=DT] [Text=chance CharacterOffsetBegin=80 CharacterOffsetEnd=86 PartOfSpeech=NN] [Text=, CharacterOffsetBegin=86 CharacterOffsetEnd=87 PartOfSpeech=,] [Text=due CharacterOffsetBegin=88 CharacterOffsetEnd=91 PartOfSpeech=JJ] [Text=to CharacterOffsetBegin=92 CharacterOffsetEnd=94 PartOfSpeech=TO] [Text=the CharacterOffsetBegin=95 CharacterOffsetEnd=98 PartOfSpeech=DT] [Text=casting CharacterOffsetBegin=99 CharacterOffsetEnd=106 PartOfSpeech=NN] [Text=, CharacterOffsetBegin=106 CharacterOffsetEnd=107 PartOfSpeech=,] [Text=but CharacterOffsetBegin=108 CharacterOffsetEnd=111 PartOfSpeech=CC] [Text=perhaps CharacterOffsetBegin=112 CharacterOffsetEnd=119 PartOfSpeech=RB] [Text=by CharacterOffsetBegin=120 CharacterOffsetEnd=122 PartOfSpeech=IN] [Text=now CharacterOffsetBegin=123 CharacterOffsetEnd=126 PartOfSpeech=RB] [Text=people CharacterOffsetBegin=127 CharacterOffsetEnd=133 PartOfSpeech=NNS] [Text=can CharacterOffsetBegin=134 CharacterOffsetEnd=137 PartOfSpeech=MD] [Text=see CharacterOffsetBegin=138 CharacterOffsetEnd=141 PartOfSpeech=VB] [Text=why CharacterOffsetBegin=142 CharacterOffsetEnd=145 PartOfSpeech=WRB] [Text=I CharacterOffsetBegin=146 CharacterOffsetEnd=147 PartOfSpeech=PRP] [Text=felt CharacterOffsetBegin=148 CharacterOffsetEnd=152 PartOfSpeech=VBD] [Text=that CharacterOffsetBegin=153 CharacterOffsetEnd=157 PartOfSpeech=DT] [Text=way CharacterOffsetBegin=158 CharacterOffsetEnd=161 PartOfSpeech=NN] [Text=upon CharacterOffsetBegin=162 CharacterOffsetEnd=166 PartOfSpeech=IN] [Text=leaving CharacterOffsetBegin=167 CharacterOffsetEnd=174 PartOfSpeech=VBG] [Text=the CharacterOffsetBegin=175 CharacterOffsetEnd=178 PartOfSpeech=DT] [Text=theater CharacterOffsetBegin=179 CharacterOffsetEnd=186 PartOfSpeech=NN] [Text=. CharacterOffsetBegin=186 CharacterOffsetEnd=187 PartOfSpeech=.] 
root(ROOT-0, had-4)
det(movie-2, This-1)
nsubj(had-4, movie-2)
neg(had-4, never-3)
det(chance-6, a-5)
dobj(had-4, chance-6)
punct(had-4, ,-7)
dep(had-4, due-8)
prep(due-8, to-9)
det(casting-11, the-10)
pobj(to-9, casting-11)
punct(had-4, ,-12)
cc(had-4, but-13)
advmod(by-15, perhaps-14)
conj(had-4, by-15)
advmod(see-19, now-16)
nsubj(see-19, people-17)
aux(see-19, can-18)
pcomp(by-15, see-19)
advmod(felt-22, why-20)
nsubj(felt-22, I-21)
advcl(see-19, felt-22)
det(way-24, that-23)
dobj(felt-22, way-24)
prep(felt-22, upon-25)
pcomp(upon-25, leaving-26)
det(theater-28, the-27)
dobj(leaving-26, theater-28)
punct(had-4, .-29)

Sentence #3 (26 tokens):
Only "Wargames" left me feeling similarly disturbed after leaving the theater, with the feeling I was getting a glimpse of our future.
[Text=Only CharacterOffsetBegin=192 CharacterOffsetEnd=196 PartOfSpeech=RB] [Text=`` CharacterOffsetBegin=197 CharacterOffsetEnd=198 PartOfSpeech=``] [Text=Wargames CharacterOffsetBegin=198 CharacterOffsetEnd=206 PartOfSpeech=NNS] [Text='' CharacterOffsetBegin=206 CharacterOffsetEnd=207 PartOfSpeech=''] [Text=left CharacterOffsetBegin=208 CharacterOffsetEnd=212 PartOfSpeech=VBD] [Text=me CharacterOffsetBegin=213 CharacterOffsetEnd=215 PartOfSpeech=PRP] [Text=feeling CharacterOffsetBegin=216 CharacterOffsetEnd=223 PartOfSpeech=VBG] [Text=similarly CharacterOffsetBegin=224 CharacterOffsetEnd=233 PartOfSpeech=RB] [Text=disturbed CharacterOffsetBegin=234 CharacterOffsetEnd=243 PartOfSpeech=VBN] [Text=after CharacterOffsetBegin=244 CharacterOffsetEnd=249 PartOfSpeech=IN] [Text=leaving CharacterOffsetBegin=250 CharacterOffsetEnd=257 PartOfSpeech=VBG] [Text=the CharacterOffsetBegin=258 CharacterOffsetEnd=261 PartOfSpeech=DT] [Text=theater CharacterOffsetBegin=262 CharacterOffsetEnd=269 PartOfSpeech=NN] [Text=, CharacterOffsetBegin=269 CharacterOffsetEnd=270 PartOfSpeech=,] [Text=with CharacterOffsetBegin=271 CharacterOffsetEnd=275 PartOfSpeech=IN] [Text=the CharacterOffsetBegin=276 CharacterOffsetEnd=279 PartOfSpeech=DT] [Text=feeling CharacterOffsetBegin=280 CharacterOffsetEnd=287 PartOfSpeech=NN] [Text=I CharacterOffsetBegin=288 CharacterOffsetEnd=289 PartOfSpeech=PRP] [Text=was CharacterOffsetBegin=290 CharacterOffsetEnd=293 PartOfSpeech=VBD] [Text=getting CharacterOffsetBegin=294 CharacterOffsetEnd=301 PartOfSpeech=VBG] [Text=a CharacterOffsetBegin=302 CharacterOffsetEnd=303 PartOfSpeech=DT] [Text=glimpse CharacterOffsetBegin=304 CharacterOffsetEnd=311 PartOfSpeech=NN] [Text=of CharacterOffsetBegin=312 CharacterOffsetEnd=314 PartOfSpeech=IN] [Text=our CharacterOffsetBegin=315 CharacterOffsetEnd=318 PartOfSpeech=PRP$] [Text=future CharacterOffsetBegin=319 CharacterOffsetEnd=325 PartOfSpeech=NN] [Text=. CharacterOffsetBegin=325 CharacterOffsetEnd=326 PartOfSpeech=.] 
root(ROOT-0, left-5)
advmod(Wargames-3, Only-1)
punct(Wargames-3, ``-2)
nsubj(left-5, Wargames-3)
punct(Wargames-3, ''-4)
nsubj(feeling-7, me-6)
xcomp(left-5, feeling-7)
advmod(disturbed-9, similarly-8)
acomp(feeling-7, disturbed-9)
prep(feeling-7, after-10)
pcomp(after-10, leaving-11)
det(theater-13, the-12)
dobj(leaving-11, theater-13)
punct(left-5, ,-14)
prep(left-5, with-15)
det(feeling-17, the-16)
pobj(with-15, feeling-17)
nsubj(getting-20, I-18)
aux(getting-20, was-19)
rcmod(feeling-17, getting-20)
det(glimpse-22, a-21)
dobj(getting-20, glimpse-22)
prep(glimpse-22, of-23)
poss(future-25, our-24)
pobj(of-23, future-25)
punct(left-5, .-26)

Sentence #4 (103 tokens):
History has shown that this is exactly what happened.The casting is a pop-culture Cuisinart of the 1980s: you get Arnold as Ben Richards, the framed fugitive offered a chance to "run" for his freedom on the game show with the same title as the movie; Richard Dawson as Damon Killian, treating his role as if he were the host of Family Feud with the contestants using real guns; Jesse Ventura as "Captain Freedom" and co-wrestler Professor Tanaka as "Subzero," both "stalkers" who kill the "running men."
[Text=History CharacterOffsetBegin=331 CharacterOffsetEnd=338 PartOfSpeech=NN] [Text=has CharacterOffsetBegin=339 CharacterOffsetEnd=342 PartOfSpeech=VBZ] [Text=shown CharacterOffsetBegin=343 CharacterOffsetEnd=348 PartOfSpeech=VBN] [Text=that CharacterOffsetBegin=349 CharacterOffsetEnd=353 PartOfSpeech=IN] [Text=this CharacterOffsetBegin=354 CharacterOffsetEnd=358 PartOfSpeech=DT] [Text=is CharacterOffsetBegin=359 CharacterOffsetEnd=361 PartOfSpeech=VBZ] [Text=exactly CharacterOffsetBegin=362 CharacterOffsetEnd=369 PartOfSpeech=RB] [Text=what CharacterOffsetBegin=370 CharacterOffsetEnd=374 PartOfSpeech=WP] [Text=happened.The CharacterOffsetBegin=375 CharacterOffsetEnd=387 PartOfSpeech=NNP] [Text=casting CharacterOffsetBegin=388 CharacterOffsetEnd=395 PartOfSpeech=NN] [Text=is CharacterOffsetBegin=396 CharacterOffsetEnd=398 PartOfSpeech=VBZ] [Text=a CharacterOffsetBegin=399 CharacterOffsetEnd=400 PartOfSpeech=DT] [Text=pop-culture CharacterOffsetBegin=401 CharacterOffsetEnd=412 PartOfSpeech=JJ] [Text=Cuisinart CharacterOffsetBegin=413 CharacterOffsetEnd=422 PartOfSpeech=NNP] [Text=of CharacterOffsetBegin=423 CharacterOffsetEnd=425 PartOfSpeech=IN] [Text=the CharacterOffsetBegin=426 CharacterOffsetEnd=429 PartOfSpeech=DT] [Text=1980s CharacterOffsetBegin=430 CharacterOffsetEnd=435 PartOfSpeech=NNS] [Text=: CharacterOffsetBegin=435 CharacterOffsetEnd=436 PartOfSpeech=:] [Text=you CharacterOffsetBegin=437 CharacterOffsetEnd=440 PartOfSpeech=PRP] [Text=get CharacterOffsetBegin=441 CharacterOffsetEnd=444 PartOfSpeech=VBP] [Text=Arnold CharacterOffsetBegin=445 CharacterOffsetEnd=451 PartOfSpeech=NNP] [Text=as CharacterOffsetBegin=452 CharacterOffsetEnd=454 PartOfSpeech=IN] [Text=Ben CharacterOffsetBegin=455 CharacterOffsetEnd=458 PartOfSpeech=NNP] [Text=Richards CharacterOffsetBegin=459 CharacterOffsetEnd=467 PartOfSpeech=NNP] [Text=, CharacterOffsetBegin=467 CharacterOffsetEnd=468 PartOfSpeech=,] [Text=the CharacterOffsetBegin=469 CharacterOffsetEnd=472 PartOfSpeech=DT] [Text=framed CharacterOffsetBegin=473 CharacterOffsetEnd=479 PartOfSpeech=VBN] [Text=fugitive CharacterOffsetBegin=480 CharacterOffsetEnd=488 PartOfSpeech=JJ] [Text=offered CharacterOffsetBegin=489 CharacterOffsetEnd=496 PartOfSpeech=VBD] [Text=a CharacterOffsetBegin=497 CharacterOffsetEnd=498 PartOfSpeech=DT] [Text=chance CharacterOffsetBegin=499 CharacterOffsetEnd=505 PartOfSpeech=NN] [Text=to CharacterOffsetBegin=506 CharacterOffsetEnd=508 PartOfSpeech=TO] [Text=`` CharacterOffsetBegin=509 CharacterOffsetEnd=510 PartOfSpeech=``] [Text=run CharacterOffsetBegin=510 CharacterOffsetEnd=513 PartOfSpeech=VB] [Text='' CharacterOffsetBegin=513 CharacterOffsetEnd=514 PartOfSpeech=''] [Text=for CharacterOffsetBegin=515 CharacterOffsetEnd=518 PartOfSpeech=IN] [Text=his CharacterOffsetBegin=519 CharacterOffsetEnd=522 PartOfSpeech=PRP$] [Text=freedom CharacterOffsetBegin=523 CharacterOffsetEnd=530 PartOfSpeech=NN] [Text=on CharacterOffsetBegin=531 CharacterOffsetEnd=533 PartOfSpeech=IN] [Text=the CharacterOffsetBegin=534 CharacterOffsetEnd=537 PartOfSpeech=DT] [Text=game CharacterOffsetBegin=538 CharacterOffsetEnd=542 PartOfSpeech=NN] [Text=show CharacterOffsetBegin=543 CharacterOffsetEnd=547 PartOfSpeech=NN] [Text=with CharacterOffsetBegin=548 CharacterOffsetEnd=552 PartOfSpeech=IN] [Text=the CharacterOffsetBegin=553 CharacterOffsetEnd=556 PartOfSpeech=DT] [Text=same CharacterOffsetBegin=557 CharacterOffsetEnd=561 PartOfSpeech=JJ] [Text=title CharacterOffsetBegin=562 CharacterOffsetEnd=567 PartOfSpeech=NN] [Text=as CharacterOffsetBegin=568 CharacterOffsetEnd=570 PartOfSpeech=IN] [Text=the CharacterOffsetBegin=571 CharacterOffsetEnd=574 PartOfSpeech=DT] [Text=movie CharacterOffsetBegin=575 CharacterOffsetEnd=580 PartOfSpeech=NN] [Text=; CharacterOffsetBegin=580 CharacterOffsetEnd=581 PartOfSpeech=:] [Text=Richard CharacterOffsetBegin=582 CharacterOffsetEnd=589 PartOfSpeech=NNP] [Text=Dawson CharacterOffsetBegin=590 CharacterOffsetEnd=596 PartOfSpeech=NNP] [Text=as CharacterOffsetBegin=597 CharacterOffsetEnd=599 PartOfSpeech=IN] [Text=Damon CharacterOffsetBegin=600 CharacterOffsetEnd=605 PartOfSpeech=NNP] [Text=Killian CharacterOffsetBegin=606 CharacterOffsetEnd=613 PartOfSpeech=NNP] [Text=, CharacterOffsetBegin=613 CharacterOffsetEnd=614 PartOfSpeech=,] [Text=treating CharacterOffsetBegin=615 CharacterOffsetEnd=623 PartOfSpeech=VBG] [Text=his CharacterOffsetBegin=624 CharacterOffsetEnd=627 PartOfSpeech=PRP$] [Text=role CharacterOffsetBegin=628 CharacterOffsetEnd=632 PartOfSpeech=NN] [Text=as CharacterOffsetBegin=633 CharacterOffsetEnd=635 PartOfSpeech=IN] [Text=if CharacterOffsetBegin=636 CharacterOffsetEnd=638 PartOfSpeech=IN] [Text=he CharacterOffsetBegin=639 CharacterOffsetEnd=641 PartOfSpeech=PRP] [Text=were CharacterOffsetBegin=642 CharacterOffsetEnd=646 PartOfSpeech=VBD] [Text=the CharacterOffsetBegin=647 CharacterOffsetEnd=650 PartOfSpeech=DT] [Text=host CharacterOffsetBegin=651 CharacterOffsetEnd=655 PartOfSpeech=NN] [Text=of CharacterOffsetBegin=656 CharacterOffsetEnd=658 PartOfSpeech=IN] [Text=Family CharacterOffsetBegin=659 CharacterOffsetEnd=665 PartOfSpeech=NNP] [Text=Feud CharacterOffsetBegin=666 CharacterOffsetEnd=670 PartOfSpeech=NN] [Text=with CharacterOffsetBegin=671 CharacterOffsetEnd=675 PartOfSpeech=IN] [Text=the CharacterOffsetBegin=676 CharacterOffsetEnd=679 PartOfSpeech=DT] [Text=contestants CharacterOffsetBegin=680 CharacterOffsetEnd=691 PartOfSpeech=NNS] [Text=using CharacterOffsetBegin=692 CharacterOffsetEnd=697 PartOfSpeech=VBG] [Text=real CharacterOffsetBegin=698 CharacterOffsetEnd=702 PartOfSpeech=JJ] [Text=guns CharacterOffsetBegin=703 CharacterOffsetEnd=707 PartOfSpeech=NNS] [Text=; CharacterOffsetBegin=707 CharacterOffsetEnd=708 PartOfSpeech=:] [Text=Jesse CharacterOffsetBegin=709 CharacterOffsetEnd=714 PartOfSpeech=NNP] [Text=Ventura CharacterOffsetBegin=715 CharacterOffsetEnd=722 PartOfSpeech=NNP] [Text=as CharacterOffsetBegin=723 CharacterOffsetEnd=725 PartOfSpeech=IN] [Text=`` CharacterOffsetBegin=726 CharacterOffsetEnd=727 PartOfSpeech=``] [Text=Captain CharacterOffsetBegin=727 CharacterOffsetEnd=734 PartOfSpeech=NNP] [Text=Freedom CharacterOffsetBegin=735 CharacterOffsetEnd=742 PartOfSpeech=NNP] [Text='' CharacterOffsetBegin=742 CharacterOffsetEnd=743 PartOfSpeech=''] [Text=and CharacterOffsetBegin=744 CharacterOffsetEnd=747 PartOfSpeech=CC] [Text=co-wrestler CharacterOffsetBegin=748 CharacterOffsetEnd=759 PartOfSpeech=NN] [Text=Professor CharacterOffsetBegin=760 CharacterOffsetEnd=769 PartOfSpeech=NNP] [Text=Tanaka CharacterOffsetBegin=770 CharacterOffsetEnd=776 PartOfSpeech=NNP] [Text=as CharacterOffsetBegin=777 CharacterOffsetEnd=779 PartOfSpeech=IN] [Text=`` CharacterOffsetBegin=780 CharacterOffsetEnd=781 PartOfSpeech=``] [Text=Subzero CharacterOffsetBegin=781 CharacterOffsetEnd=788 PartOfSpeech=NNP] [Text=, CharacterOffsetBegin=788 CharacterOffsetEnd=789 PartOfSpeech=,] [Text='' CharacterOffsetBegin=789 CharacterOffsetEnd=790 PartOfSpeech=''] [Text=both CharacterOffsetBegin=791 CharacterOffsetEnd=795 PartOfSpeech=CC] [Text=`` CharacterOffsetBegin=796 CharacterOffsetEnd=797 PartOfSpeech=``] [Text=stalkers CharacterOffsetBegin=797 CharacterOffsetEnd=805 PartOfSpeech=NNS] [Text='' CharacterOffsetBegin=805 CharacterOffsetEnd=806 PartOfSpeech=''] [Text=who CharacterOffsetBegin=807 CharacterOffsetEnd=810 PartOfSpeech=WP] [Text=kill CharacterOffsetBegin=811 CharacterOffsetEnd=815 PartOfSpeech=VBP] [Text=the CharacterOffsetBegin=816 CharacterOffsetEnd=819 PartOfSpeech=DT] [Text=`` CharacterOffsetBegin=820 CharacterOffsetEnd=821 PartOfSpeech=``] [Text=running CharacterOffsetBegin=821 CharacterOffsetEnd=828 PartOfSpeech=VBG] [Text=men CharacterOffsetBegin=829 CharacterOffsetEnd=832 PartOfSpeech=NNS] [Text=. CharacterOffsetBegin=832 CharacterOffsetEnd=833 PartOfSpeech=.] [Text='' CharacterOffsetBegin=833 CharacterOffsetEnd=834 PartOfSpeech=''] 
root(ROOT-0, shown-3)
nsubj(shown-3, History-1)
aux(shown-3, has-2)
mark(is-6, that-4)
nsubj(is-6, this-5)
ccomp(shown-3, is-6)
advmod(Cuisinart-14, exactly-7)
dobj(Cuisinart-14, what-8)
nn(casting-10, happened.The-9)
nsubj(Cuisinart-14, casting-10)
cop(Cuisinart-14, is-11)
det(Cuisinart-14, a-12)
amod(Cuisinart-14, pop-culture-13)
ccomp(is-6, Cuisinart-14)
prep(Cuisinart-14, of-15)
det(1980s-17, the-16)
pobj(of-15, 1980s-17)
punct(Cuisinart-14, :-18)
nsubj(get-20, you-19)
parataxis(Cuisinart-14, get-20)
dobj(get-20, Arnold-21)
prep(Arnold-21, as-22)
nn(Richards-24, Ben-23)
pobj(as-22, Richards-24)
punct(Richards-24, ,-25)
det(fugitive-28, the-26)
amod(fugitive-28, framed-27)
nsubj(offered-29, fugitive-28)
rcmod(Richards-24, offered-29)
det(chance-31, a-30)
dobj(offered-29, chance-31)
aux(run-34, to-32)
punct(run-34, ``-33)
infmod(chance-31, run-34)
punct(run-34, ''-35)
prep(run-34, for-36)
poss(freedom-38, his-37)
pobj(for-36, freedom-38)
prep(freedom-38, on-39)
det(show-42, the-40)
nn(show-42, game-41)
pobj(on-39, show-42)
prep(show-42, with-43)
det(title-46, the-44)
amod(title-46, same-45)
pobj(with-43, title-46)
prep(title-46, as-47)
det(movie-49, the-48)
pobj(as-47, movie-49)
punct(Cuisinart-14, ;-50)
nn(Dawson-52, Richard-51)
conj(Cuisinart-14, Dawson-52)
prep(Dawson-52, as-53)
nn(Killian-55, Damon-54)
pobj(as-53, Killian-55)
punct(Cuisinart-14, ,-56)
partmod(Cuisinart-14, treating-57)
poss(role-59, his-58)
dobj(treating-57, role-59)
prep(treating-57, as-60)
mark(host-65, if-61)
nsubj(host-65, he-62)
cop(host-65, were-63)
det(host-65, the-64)
pcomp(as-60, host-65)
prep(host-65, of-66)
nn(Feud-68, Family-67)
pobj(of-66, Feud-68)
prep(Feud-68, with-69)
det(contestants-71, the-70)
pobj(with-69, contestants-71)
partmod(contestants-71, using-72)
amod(guns-74, real-73)
dobj(using-72, guns-74)
punct(host-65, ;-75)
nn(Ventura-77, Jesse-76)
dep(host-65, Ventura-77)
prep(Ventura-77, as-78)
punct(Freedom-81, ``-79)
nn(Freedom-81, Captain-80)
pobj(as-78, Freedom-81)
punct(Freedom-81, ''-82)
cc(Freedom-81, and-83)
nn(Tanaka-86, co-wrestler-84)
nn(Tanaka-86, Professor-85)
conj(Freedom-81, Tanaka-86)
prep(Freedom-81, as-87)
punct(Subzero-89, ``-88)
pobj(as-87, Subzero-89)
punct(Subzero-89, ,-90)
punct(Subzero-89, ''-91)
cc(Subzero-89, both-92)
punct(Subzero-89, ``-93)
conj(Subzero-89, stalkers-94)
punct(Subzero-89, ''-95)
nsubj(kill-97, who-96)
rcmod(Subzero-89, kill-97)
dep(kill-97, the-98)
punct(the-98, ``-99)
dep(``-99, running-100)
dobj(running-100, men-101)
punct(running-100, .-102)
punct(running-100, ''-103)

Sentence #5 (31 tokens):
Even Mick Fleetwood (Mic) and Dweezil Zappa (Stevie) show up, while the "dancers of the future" are none other than the Laker Girls.
[Text=Even CharacterOffsetBegin=839 CharacterOffsetEnd=843 PartOfSpeech=RB] [Text=Mick CharacterOffsetBegin=844 CharacterOffsetEnd=848 PartOfSpeech=NNP] [Text=Fleetwood CharacterOffsetBegin=849 CharacterOffsetEnd=858 PartOfSpeech=NNP] [Text=-LRB- CharacterOffsetBegin=859 CharacterOffsetEnd=860 PartOfSpeech=-LRB-] [Text=Mic CharacterOffsetBegin=860 CharacterOffsetEnd=863 PartOfSpeech=NNP] [Text=-RRB- CharacterOffsetBegin=863 CharacterOffsetEnd=864 PartOfSpeech=-RRB-] [Text=and CharacterOffsetBegin=865 CharacterOffsetEnd=868 PartOfSpeech=CC] [Text=Dweezil CharacterOffsetBegin=869 CharacterOffsetEnd=876 PartOfSpeech=NNP] [Text=Zappa CharacterOffsetBegin=877 CharacterOffsetEnd=882 PartOfSpeech=NNP] [Text=-LRB- CharacterOffsetBegin=883 CharacterOffsetEnd=884 PartOfSpeech=-LRB-] [Text=Stevie CharacterOffsetBegin=884 CharacterOffsetEnd=890 PartOfSpeech=NNP] [Text=-RRB- CharacterOffsetBegin=890 CharacterOffsetEnd=891 PartOfSpeech=-RRB-] [Text=show CharacterOffsetBegin=892 CharacterOffsetEnd=896 PartOfSpeech=VBP] [Text=up CharacterOffsetBegin=897 CharacterOffsetEnd=899 PartOfSpeech=RP] [Text=, CharacterOffsetBegin=899 CharacterOffsetEnd=900 PartOfSpeech=,] [Text=while CharacterOffsetBegin=901 CharacterOffsetEnd=906 PartOfSpeech=IN] [Text=the CharacterOffsetBegin=907 CharacterOffsetEnd=910 PartOfSpeech=DT] [Text=`` CharacterOffsetBegin=911 CharacterOffsetEnd=912 PartOfSpeech=``] [Text=dancers CharacterOffsetBegin=912 CharacterOffsetEnd=919 PartOfSpeech=NNS] [Text=of CharacterOffsetBegin=920 CharacterOffsetEnd=922 PartOfSpeech=IN] [Text=the CharacterOffsetBegin=923 CharacterOffsetEnd=926 PartOfSpeech=DT] [Text=future CharacterOffsetBegin=927 CharacterOffsetEnd=933 PartOfSpeech=NN] [Text='' CharacterOffsetBegin=933 CharacterOffsetEnd=934 PartOfSpeech=''] [Text=are CharacterOffsetBegin=935 CharacterOffsetEnd=938 PartOfSpeech=VBP] [Text=none CharacterOffsetBegin=939 CharacterOffsetEnd=943 PartOfSpeech=NN] [Text=other CharacterOffsetBegin=944 CharacterOffsetEnd=949 PartOfSpeech=JJ] [Text=than CharacterOffsetBegin=950 CharacterOffsetEnd=954 PartOfSpeech=IN] [Text=the CharacterOffsetBegin=955 CharacterOffsetEnd=958 PartOfSpeech=DT] [Text=Laker CharacterOffsetBegin=959 CharacterOffsetEnd=964 PartOfSpeech=NNP] [Text=Girls CharacterOffsetBegin=965 CharacterOffsetEnd=970 PartOfSpeech=NNPS] [Text=. CharacterOffsetBegin=970 CharacterOffsetEnd=971 PartOfSpeech=.] 
root(ROOT-0, Even-1)
dep(Even-1, Mick-2)
dep(Mick-2, Fleetwood-3)
punct(Mic-5, -LRB--4)
dep(Fleetwood-3, Mic-5)
punct(Mic-5, -RRB--6)
cc(Fleetwood-3, and-7)
dep(show-13, Dweezil-8)
nsubj(show-13, Zappa-9)
punct(Stevie-11, -LRB--10)
appos(Zappa-9, Stevie-11)
punct(Stevie-11, -RRB--12)
conj(Fleetwood-3, show-13)
prt(show-13, up-14)
punct(Even-1, ,-15)
dep(,-15, while-16)
det(dancers-19, the-17)
punct(dancers-19, ``-18)
pobj(while-16, dancers-19)
prep(dancers-19, of-20)
det(future-22, the-21)
pobj(of-20, future-22)
punct(dancers-19, ''-23)
partmod(dancers-19, are-24)
nsubj(are-24, none-25)
amod(none-25, other-26)
prep(other-26, than-27)
det(Girls-30, the-28)
nn(Girls-30, Laker-29)
pobj(than-27, Girls-30)
punct(while-16, .-31)

Sentence #6 (7 tokens):
This movie SCREAMS "80s."
[Text=This CharacterOffsetBegin=976 CharacterOffsetEnd=980 PartOfSpeech=DT] [Text=movie CharacterOffsetBegin=981 CharacterOffsetEnd=986 PartOfSpeech=NN] [Text=SCREAMS CharacterOffsetBegin=987 CharacterOffsetEnd=994 PartOfSpeech=NNS] [Text=`` CharacterOffsetBegin=995 CharacterOffsetEnd=996 PartOfSpeech=``] [Text=80s CharacterOffsetBegin=996 CharacterOffsetEnd=999 PartOfSpeech=CD] [Text=. CharacterOffsetBegin=999 CharacterOffsetEnd=1000 PartOfSpeech=.] [Text='' CharacterOffsetBegin=1000 CharacterOffsetEnd=1001 PartOfSpeech=''] 
root(ROOT-0, SCREAMS-3)
det(SCREAMS-3, This-1)
nn(SCREAMS-3, movie-2)
punct(80s-5, ``-4)
num(SCREAMS-3, 80s-5)
punct(SCREAMS-3, .-6)
punct(SCREAMS-3, ''-7)

Sentence #7 (48 tokens):
The plot is a good excuse for the action: Ben Richards is determined to prove his innocence, but agrees to be the Running Man when he is told that his buddies would be set free; instead, they join him as "contestants."
[Text=The CharacterOffsetBegin=1006 CharacterOffsetEnd=1009 PartOfSpeech=DT] [Text=plot CharacterOffsetBegin=1010 CharacterOffsetEnd=1014 PartOfSpeech=NN] [Text=is CharacterOffsetBegin=1015 CharacterOffsetEnd=1017 PartOfSpeech=VBZ] [Text=a CharacterOffsetBegin=1018 CharacterOffsetEnd=1019 PartOfSpeech=DT] [Text=good CharacterOffsetBegin=1020 CharacterOffsetEnd=1024 PartOfSpeech=JJ] [Text=excuse CharacterOffsetBegin=1025 CharacterOffsetEnd=1031 PartOfSpeech=NN] [Text=for CharacterOffsetBegin=1032 CharacterOffsetEnd=1035 PartOfSpeech=IN] [Text=the CharacterOffsetBegin=1036 CharacterOffsetEnd=1039 PartOfSpeech=DT] [Text=action CharacterOffsetBegin=1040 CharacterOffsetEnd=1046 PartOfSpeech=NN] [Text=: CharacterOffsetBegin=1046 CharacterOffsetEnd=1047 PartOfSpeech=:] [Text=Ben CharacterOffsetBegin=1048 CharacterOffsetEnd=1051 PartOfSpeech=NNP] [Text=Richards CharacterOffsetBegin=1052 CharacterOffsetEnd=1060 PartOfSpeech=NNP] [Text=is CharacterOffsetBegin=1061 CharacterOffsetEnd=1063 PartOfSpeech=VBZ] [Text=determined CharacterOffsetBegin=1064 CharacterOffsetEnd=1074 PartOfSpeech=VBN] [Text=to CharacterOffsetBegin=1075 CharacterOffsetEnd=1077 PartOfSpeech=TO] [Text=prove CharacterOffsetBegin=1078 CharacterOffsetEnd=1083 PartOfSpeech=VB] [Text=his CharacterOffsetBegin=1084 CharacterOffsetEnd=1087 PartOfSpeech=PRP$] [Text=innocence CharacterOffsetBegin=1088 CharacterOffsetEnd=1097 PartOfSpeech=NN] [Text=, CharacterOffsetBegin=1097 CharacterOffsetEnd=1098 PartOfSpeech=,] [Text=but CharacterOffsetBegin=1099 CharacterOffsetEnd=1102 PartOfSpeech=CC] [Text=agrees CharacterOffsetBegin=1103 CharacterOffsetEnd=1109 PartOfSpeech=VBZ] [Text=to CharacterOffsetBegin=1110 CharacterOffsetEnd=1112 PartOfSpeech=TO] [Text=be CharacterOffsetBegin=1113 CharacterOffsetEnd=1115 PartOfSpeech=VB] [Text=the CharacterOffsetBegin=1116 CharacterOffsetEnd=1119 PartOfSpeech=DT] [Text=Running CharacterOffsetBegin=1120 CharacterOffsetEnd=1127 PartOfSpeech=NN] [Text=Man CharacterOffsetBegin=1128 CharacterOffsetEnd=1131 PartOfSpeech=NN] [Text=when CharacterOffsetBegin=1132 CharacterOffsetEnd=1136 PartOfSpeech=WRB] [Text=he CharacterOffsetBegin=1137 CharacterOffsetEnd=1139 PartOfSpeech=PRP] [Text=is CharacterOffsetBegin=1140 CharacterOffsetEnd=1142 PartOfSpeech=VBZ] [Text=told CharacterOffsetBegin=1143 CharacterOffsetEnd=1147 PartOfSpeech=VBN] [Text=that CharacterOffsetBegin=1148 CharacterOffsetEnd=1152 PartOfSpeech=IN] [Text=his CharacterOffsetBegin=1153 CharacterOffsetEnd=1156 PartOfSpeech=PRP$] [Text=buddies CharacterOffsetBegin=1157 CharacterOffsetEnd=1164 PartOfSpeech=NNS] [Text=would CharacterOffsetBegin=1165 CharacterOffsetEnd=1170 PartOfSpeech=MD] [Text=be CharacterOffsetBegin=1171 CharacterOffsetEnd=1173 PartOfSpeech=VB] [Text=set CharacterOffsetBegin=1174 CharacterOffsetEnd=1177 PartOfSpeech=VBN] [Text=free CharacterOffsetBegin=1178 CharacterOffsetEnd=1182 PartOfSpeech=JJ] [Text=; CharacterOffsetBegin=1182 CharacterOffsetEnd=1183 PartOfSpeech=:] [Text=instead CharacterOffsetBegin=1184 CharacterOffsetEnd=1191 PartOfSpeech=RB] [Text=, CharacterOffsetBegin=1191 CharacterOffsetEnd=1192 PartOfSpeech=,] [Text=they CharacterOffsetBegin=1193 CharacterOffsetEnd=1197 PartOfSpeech=PRP] [Text=join CharacterOffsetBegin=1198 CharacterOffsetEnd=1202 PartOfSpeech=VBP] [Text=him CharacterOffsetBegin=1203 CharacterOffsetEnd=1206 PartOfSpeech=PRP] [Text=as CharacterOffsetBegin=1207 CharacterOffsetEnd=1209 PartOfSpeech=IN] [Text=`` CharacterOffsetBegin=1210 CharacterOffsetEnd=1211 PartOfSpeech=``] [Text=contestants CharacterOffsetBegin=1211 CharacterOffsetEnd=1222 PartOfSpeech=NNS] [Text=. CharacterOffsetBegin=1222 CharacterOffsetEnd=1223 PartOfSpeech=.] [Text='' CharacterOffsetBegin=1223 CharacterOffsetEnd=1224 PartOfSpeech=''] 
root(ROOT-0, excuse-6)
det(plot-2, The-1)
nsubj(excuse-6, plot-2)
cop(excuse-6, is-3)
det(excuse-6, a-4)
amod(excuse-6, good-5)
prep(excuse-6, for-7)
det(action-9, the-8)
pobj(for-7, action-9)
punct(excuse-6, :-10)
nn(Richards-12, Ben-11)
nsubjpass(determined-14, Richards-12)
auxpass(determined-14, is-13)
parataxis(excuse-6, determined-14)
aux(prove-16, to-15)
xcomp(determined-14, prove-16)
poss(innocence-18, his-17)
dobj(prove-16, innocence-18)
punct(determined-14, ,-19)
cc(determined-14, but-20)
conj(determined-14, agrees-21)
aux(Man-26, to-22)
cop(Man-26, be-23)
det(Man-26, the-24)
amod(Man-26, Running-25)
xcomp(agrees-21, Man-26)
advmod(told-30, when-27)
nsubjpass(told-30, he-28)
auxpass(told-30, is-29)
rcmod(Man-26, told-30)
mark(set-36, that-31)
poss(buddies-33, his-32)
nsubjpass(set-36, buddies-33)
aux(set-36, would-34)
auxpass(set-36, be-35)
ccomp(told-30, set-36)
acomp(set-36, free-37)
punct(excuse-6, ;-38)
advmod(join-42, instead-39)
punct(join-42, ,-40)
nsubj(join-42, they-41)
parataxis(excuse-6, join-42)
dobj(join-42, him-43)
prep(join-42, as-44)
punct(as-44, ``-45)
pobj(as-44, contestants-46)
punct(excuse-6, .-47)
punct(excuse-6, ''-48)

Sentence #8 (21 tokens):
Maria Conchita Alonzo as Amber Mendez is the standard by which one can properly judge Salma Hayek in the 1990s.
[Text=Maria CharacterOffsetBegin=1229 CharacterOffsetEnd=1234 PartOfSpeech=NNP] [Text=Conchita CharacterOffsetBegin=1235 CharacterOffsetEnd=1243 PartOfSpeech=NNP] [Text=Alonzo CharacterOffsetBegin=1244 CharacterOffsetEnd=1250 PartOfSpeech=NNP] [Text=as CharacterOffsetBegin=1251 CharacterOffsetEnd=1253 PartOfSpeech=IN] [Text=Amber CharacterOffsetBegin=1254 CharacterOffsetEnd=1259 PartOfSpeech=NNP] [Text=Mendez CharacterOffsetBegin=1260 CharacterOffsetEnd=1266 PartOfSpeech=NNP] [Text=is CharacterOffsetBegin=1267 CharacterOffsetEnd=1269 PartOfSpeech=VBZ] [Text=the CharacterOffsetBegin=1270 CharacterOffsetEnd=1273 PartOfSpeech=DT] [Text=standard CharacterOffsetBegin=1274 CharacterOffsetEnd=1282 PartOfSpeech=NN] [Text=by CharacterOffsetBegin=1283 CharacterOffsetEnd=1285 PartOfSpeech=IN] [Text=which CharacterOffsetBegin=1286 CharacterOffsetEnd=1291 PartOfSpeech=WDT] [Text=one CharacterOffsetBegin=1292 CharacterOffsetEnd=1295 PartOfSpeech=PRP] [Text=can CharacterOffsetBegin=1296 CharacterOffsetEnd=1299 PartOfSpeech=MD] [Text=properly CharacterOffsetBegin=1300 CharacterOffsetEnd=1308 PartOfSpeech=RB] [Text=judge CharacterOffsetBegin=1309 CharacterOffsetEnd=1314 PartOfSpeech=VB] [Text=Salma CharacterOffsetBegin=1315 CharacterOffsetEnd=1320 PartOfSpeech=NNP] [Text=Hayek CharacterOffsetBegin=1321 CharacterOffsetEnd=1326 PartOfSpeech=NNP] [Text=in CharacterOffsetBegin=1327 CharacterOffsetEnd=1329 PartOfSpeech=IN] [Text=the CharacterOffsetBegin=1330 CharacterOffsetEnd=1333 PartOfSpeech=DT] [Text=1990s CharacterOffsetBegin=1334 CharacterOffsetEnd=1339 PartOfSpeech=CD] [Text=. CharacterOffsetBegin=1339 CharacterOffsetEnd=1340 PartOfSpeech=.] 
root(ROOT-0, standard-9)
nn(Alonzo-3, Maria-1)
nn(Alonzo-3, Conchita-2)
nsubj(standard-9, Alonzo-3)
prep(Alonzo-3, as-4)
nn(Mendez-6, Amber-5)
pobj(as-4, Mendez-6)
cop(standard-9, is-7)
det(standard-9, the-8)
prep(judge-15, by-10)
pobj(by-10, which-11)
nsubj(judge-15, one-12)
aux(judge-15, can-13)
advmod(judge-15, properly-14)
rcmod(standard-9, judge-15)
nn(Hayek-17, Salma-16)
dobj(judge-15, Hayek-17)
prep(judge-15, in-18)
det(1990s-20, the-19)
pobj(in-18, 1990s-20)
punct(standard-9, .-21)

Sentence #9 (30 tokens):
The production value on the film was a bit poor, the lines were cheesy, and (at the time), the plot seemed a bit far-fetched.
[Text=The CharacterOffsetBegin=1340 CharacterOffsetEnd=1343 PartOfSpeech=DT] [Text=production CharacterOffsetBegin=1344 CharacterOffsetEnd=1354 PartOfSpeech=NN] [Text=value CharacterOffsetBegin=1355 CharacterOffsetEnd=1360 PartOfSpeech=NN] [Text=on CharacterOffsetBegin=1361 CharacterOffsetEnd=1363 PartOfSpeech=IN] [Text=the CharacterOffsetBegin=1364 CharacterOffsetEnd=1367 PartOfSpeech=DT] [Text=film CharacterOffsetBegin=1368 CharacterOffsetEnd=1372 PartOfSpeech=NN] [Text=was CharacterOffsetBegin=1373 CharacterOffsetEnd=1376 PartOfSpeech=VBD] [Text=a CharacterOffsetBegin=1377 CharacterOffsetEnd=1378 PartOfSpeech=DT] [Text=bit CharacterOffsetBegin=1379 CharacterOffsetEnd=1382 PartOfSpeech=NN] [Text=poor CharacterOffsetBegin=1383 CharacterOffsetEnd=1387 PartOfSpeech=JJ] [Text=, CharacterOffsetBegin=1387 CharacterOffsetEnd=1388 PartOfSpeech=,] [Text=the CharacterOffsetBegin=1389 CharacterOffsetEnd=1392 PartOfSpeech=DT] [Text=lines CharacterOffsetBegin=1393 CharacterOffsetEnd=1398 PartOfSpeech=NNS] [Text=were CharacterOffsetBegin=1399 CharacterOffsetEnd=1403 PartOfSpeech=VBD] [Text=cheesy CharacterOffsetBegin=1404 CharacterOffsetEnd=1410 PartOfSpeech=JJ] [Text=, CharacterOffsetBegin=1410 CharacterOffsetEnd=1411 PartOfSpeech=,] [Text=and CharacterOffsetBegin=1412 CharacterOffsetEnd=1415 PartOfSpeech=CC] [Text=-LRB- CharacterOffsetBegin=1416 CharacterOffsetEnd=1417 PartOfSpeech=-LRB-] [Text=at CharacterOffsetBegin=1417 CharacterOffsetEnd=1419 PartOfSpeech=IN] [Text=the CharacterOffsetBegin=1420 CharacterOffsetEnd=1423 PartOfSpeech=DT] [Text=time CharacterOffsetBegin=1424 CharacterOffsetEnd=1428 PartOfSpeech=NN] [Text=-RRB- CharacterOffsetBegin=1428 CharacterOffsetEnd=1429 PartOfSpeech=-RRB-] [Text=, CharacterOffsetBegin=1429 CharacterOffsetEnd=1430 PartOfSpeech=,] [Text=the CharacterOffsetBegin=1431 CharacterOffsetEnd=1434 PartOfSpeech=DT] [Text=plot CharacterOffsetBegin=1435 CharacterOffsetEnd=1439 PartOfSpeech=NN] [Text=seemed CharacterOffsetBegin=1440 CharacterOffsetEnd=1446 PartOfSpeech=VBD] [Text=a CharacterOffsetBegin=1447 CharacterOffsetEnd=1448 PartOfSpeech=DT] [Text=bit CharacterOffsetBegin=1449 CharacterOffsetEnd=1452 PartOfSpeech=NN] [Text=far-fetched CharacterOffsetBegin=1453 CharacterOffsetEnd=1464 PartOfSpeech=JJ] [Text=. CharacterOffsetBegin=1464 CharacterOffsetEnd=1465 PartOfSpeech=.] 
root(ROOT-0, far-fetched-29)
det(value-3, The-1)
nn(value-3, production-2)
nsubj(poor-10, value-3)
prep(value-3, on-4)
det(film-6, the-5)
pobj(on-4, film-6)
cop(poor-10, was-7)
det(poor-10, a-8)
nn(poor-10, bit-9)
ccomp(far-fetched-29, poor-10)
punct(poor-10, ,-11)
det(lines-13, the-12)
nsubj(cheesy-15, lines-13)
cop(cheesy-15, were-14)
conj(poor-10, cheesy-15)
punct(poor-10, ,-16)
cc(poor-10, and-17)
punct(at-19, -LRB--18)
conj(poor-10, at-19)
det(time-21, the-20)
pobj(at-19, time-21)
punct(at-19, -RRB--22)
punct(far-fetched-29, ,-23)
det(plot-25, the-24)
nsubj(far-fetched-29, plot-25)
cop(far-fetched-29, seemed-26)
det(far-fetched-29, a-27)
nn(far-fetched-29, bit-28)
punct(far-fetched-29, .-30)

Sentence #10 (36 tokens):
I remember thinking when I was leaving the theater that we were definitely heading in the direction of the film, but who could have seen how far we'd go there and how fast?
[Text=I CharacterOffsetBegin=1470 CharacterOffsetEnd=1471 PartOfSpeech=PRP] [Text=remember CharacterOffsetBegin=1472 CharacterOffsetEnd=1480 PartOfSpeech=VBP] [Text=thinking CharacterOffsetBegin=1481 CharacterOffsetEnd=1489 PartOfSpeech=VBG] [Text=when CharacterOffsetBegin=1490 CharacterOffsetEnd=1494 PartOfSpeech=WRB] [Text=I CharacterOffsetBegin=1495 CharacterOffsetEnd=1496 PartOfSpeech=PRP] [Text=was CharacterOffsetBegin=1497 CharacterOffsetEnd=1500 PartOfSpeech=VBD] [Text=leaving CharacterOffsetBegin=1501 CharacterOffsetEnd=1508 PartOfSpeech=VBG] [Text=the CharacterOffsetBegin=1509 CharacterOffsetEnd=1512 PartOfSpeech=DT] [Text=theater CharacterOffsetBegin=1513 CharacterOffsetEnd=1520 PartOfSpeech=NN] [Text=that CharacterOffsetBegin=1521 CharacterOffsetEnd=1525 PartOfSpeech=IN] [Text=we CharacterOffsetBegin=1526 CharacterOffsetEnd=1528 PartOfSpeech=PRP] [Text=were CharacterOffsetBegin=1529 CharacterOffsetEnd=1533 PartOfSpeech=VBD] [Text=definitely CharacterOffsetBegin=1534 CharacterOffsetEnd=1544 PartOfSpeech=RB] [Text=heading CharacterOffsetBegin=1545 CharacterOffsetEnd=1552 PartOfSpeech=VBG] [Text=in CharacterOffsetBegin=1553 CharacterOffsetEnd=1555 PartOfSpeech=IN] [Text=the CharacterOffsetBegin=1556 CharacterOffsetEnd=1559 PartOfSpeech=DT] [Text=direction CharacterOffsetBegin=1560 CharacterOffsetEnd=1569 PartOfSpeech=NN] [Text=of CharacterOffsetBegin=1570 CharacterOffsetEnd=1572 PartOfSpeech=IN] [Text=the CharacterOffsetBegin=1573 CharacterOffsetEnd=1576 PartOfSpeech=DT] [Text=film CharacterOffsetBegin=1577 CharacterOffsetEnd=1581 PartOfSpeech=NN] [Text=, CharacterOffsetBegin=1581 CharacterOffsetEnd=1582 PartOfSpeech=,] [Text=but CharacterOffsetBegin=1583 CharacterOffsetEnd=1586 PartOfSpeech=CC] [Text=who CharacterOffsetBegin=1587 CharacterOffsetEnd=1590 PartOfSpeech=WP] [Text=could CharacterOffsetBegin=1591 CharacterOffsetEnd=1596 PartOfSpeech=MD] [Text=have CharacterOffsetBegin=1597 CharacterOffsetEnd=1601 PartOfSpeech=VB] [Text=seen CharacterOffsetBegin=1602 CharacterOffsetEnd=1606 PartOfSpeech=VBN] [Text=how CharacterOffsetBegin=1607 CharacterOffsetEnd=1610 PartOfSpeech=WRB] [Text=far CharacterOffsetBegin=1611 CharacterOffsetEnd=1614 PartOfSpeech=RB] [Text=we CharacterOffsetBegin=1615 CharacterOffsetEnd=1617 PartOfSpeech=PRP] [Text='d CharacterOffsetBegin=1617 CharacterOffsetEnd=1619 PartOfSpeech=MD] [Text=go CharacterOffsetBegin=1620 CharacterOffsetEnd=1622 PartOfSpeech=VB] [Text=there CharacterOffsetBegin=1623 CharacterOffsetEnd=1628 PartOfSpeech=RB] [Text=and CharacterOffsetBegin=1629 CharacterOffsetEnd=1632 PartOfSpeech=CC] [Text=how CharacterOffsetBegin=1633 CharacterOffsetEnd=1636 PartOfSpeech=WRB] [Text=fast CharacterOffsetBegin=1637 CharacterOffsetEnd=1641 PartOfSpeech=JJ] [Text=? CharacterOffsetBegin=1641 CharacterOffsetEnd=1642 PartOfSpeech=.] 
root(ROOT-0, remember-2)
nsubj(remember-2, I-1)
ccomp(remember-2, thinking-3)
advmod(leaving-7, when-4)
nsubj(leaving-7, I-5)
aux(leaving-7, was-6)
advcl(thinking-3, leaving-7)
det(theater-9, the-8)
dobj(leaving-7, theater-9)
mark(heading-14, that-10)
nsubj(heading-14, we-11)
aux(heading-14, were-12)
advmod(heading-14, definitely-13)
ccomp(leaving-7, heading-14)
prep(heading-14, in-15)
det(direction-17, the-16)
pobj(in-15, direction-17)
prep(direction-17, of-18)
det(film-20, the-19)
pobj(of-18, film-20)
punct(remember-2, ,-21)
cc(remember-2, but-22)
nsubj(seen-26, who-23)
aux(seen-26, could-24)
aux(seen-26, have-25)
conj(remember-2, seen-26)
advmod(far-28, how-27)
advmod(go-31, far-28)
nsubj(go-31, we-29)
aux(go-31, 'd-30)
ccomp(seen-26, go-31)
advmod(go-31, there-32)
cc(go-31, and-33)
advmod(fast-35, how-34)
conj(go-31, fast-35)
punct(remember-2, ?-36)

Sentence #11 (25 tokens):
If The Running Man were listed in TV Guide, most people would assume it were just another reality show pushing the envelope today.
[Text=If CharacterOffsetBegin=1647 CharacterOffsetEnd=1649 PartOfSpeech=IN] [Text=The CharacterOffsetBegin=1650 CharacterOffsetEnd=1653 PartOfSpeech=DT] [Text=Running CharacterOffsetBegin=1654 CharacterOffsetEnd=1661 PartOfSpeech=VBG] [Text=Man CharacterOffsetBegin=1662 CharacterOffsetEnd=1665 PartOfSpeech=NN] [Text=were CharacterOffsetBegin=1666 CharacterOffsetEnd=1670 PartOfSpeech=VBD] [Text=listed CharacterOffsetBegin=1671 CharacterOffsetEnd=1677 PartOfSpeech=VBN] [Text=in CharacterOffsetBegin=1678 CharacterOffsetEnd=1680 PartOfSpeech=IN] [Text=TV CharacterOffsetBegin=1681 CharacterOffsetEnd=1683 PartOfSpeech=NN] [Text=Guide CharacterOffsetBegin=1684 CharacterOffsetEnd=1689 PartOfSpeech=NNP] [Text=, CharacterOffsetBegin=1689 CharacterOffsetEnd=1690 PartOfSpeech=,] [Text=most CharacterOffsetBegin=1691 CharacterOffsetEnd=1695 PartOfSpeech=JJS] [Text=people CharacterOffsetBegin=1696 CharacterOffsetEnd=1702 PartOfSpeech=NNS] [Text=would CharacterOffsetBegin=1703 CharacterOffsetEnd=1708 PartOfSpeech=MD] [Text=assume CharacterOffsetBegin=1709 CharacterOffsetEnd=1715 PartOfSpeech=VB] [Text=it CharacterOffsetBegin=1716 CharacterOffsetEnd=1718 PartOfSpeech=PRP] [Text=were CharacterOffsetBegin=1719 CharacterOffsetEnd=1723 PartOfSpeech=VBD] [Text=just CharacterOffsetBegin=1724 CharacterOffsetEnd=1728 PartOfSpeech=RB] [Text=another CharacterOffsetBegin=1729 CharacterOffsetEnd=1736 PartOfSpeech=DT] [Text=reality CharacterOffsetBegin=1737 CharacterOffsetEnd=1744 PartOfSpeech=NN] [Text=show CharacterOffsetBegin=1745 CharacterOffsetEnd=1749 PartOfSpeech=NN] [Text=pushing CharacterOffsetBegin=1750 CharacterOffsetEnd=1757 PartOfSpeech=VBG] [Text=the CharacterOffsetBegin=1758 CharacterOffsetEnd=1761 PartOfSpeech=DT] [Text=envelope CharacterOffsetBegin=1762 CharacterOffsetEnd=1770 PartOfSpeech=NN] [Text=today CharacterOffsetBegin=1771 CharacterOffsetEnd=1776 PartOfSpeech=NN] [Text=. CharacterOffsetBegin=1776 CharacterOffsetEnd=1777 PartOfSpeech=.] 
root(ROOT-0, assume-14)
mark(listed-6, If-1)
det(Man-4, The-2)
amod(Man-4, Running-3)
nsubjpass(listed-6, Man-4)
auxpass(listed-6, were-5)
advcl(assume-14, listed-6)
prep(listed-6, in-7)
nn(Guide-9, TV-8)
pobj(in-7, Guide-9)
punct(assume-14, ,-10)
amod(people-12, most-11)
nsubj(assume-14, people-12)
aux(assume-14, would-13)
nsubj(show-20, it-15)
cop(show-20, were-16)
advmod(show-20, just-17)
det(show-20, another-18)
nn(show-20, reality-19)
ccomp(assume-14, show-20)
partmod(show-20, pushing-21)
det(envelope-23, the-22)
dobj(pushing-21, envelope-23)
tmod(pushing-21, today-24)
punct(assume-14, .-25)

Sentence #12 (34 tokens):
The government influences on the media have only gotten worse, and the dumbed-down American public of the future that surrenders all of its freedoms for "national security" is downright chilling.
[Text=The CharacterOffsetBegin=1782 CharacterOffsetEnd=1785 PartOfSpeech=DT] [Text=government CharacterOffsetBegin=1786 CharacterOffsetEnd=1796 PartOfSpeech=NN] [Text=influences CharacterOffsetBegin=1797 CharacterOffsetEnd=1807 PartOfSpeech=VBZ] [Text=on CharacterOffsetBegin=1808 CharacterOffsetEnd=1810 PartOfSpeech=IN] [Text=the CharacterOffsetBegin=1811 CharacterOffsetEnd=1814 PartOfSpeech=DT] [Text=media CharacterOffsetBegin=1815 CharacterOffsetEnd=1820 PartOfSpeech=NNS] [Text=have CharacterOffsetBegin=1821 CharacterOffsetEnd=1825 PartOfSpeech=VBP] [Text=only CharacterOffsetBegin=1826 CharacterOffsetEnd=1830 PartOfSpeech=RB] [Text=gotten CharacterOffsetBegin=1831 CharacterOffsetEnd=1837 PartOfSpeech=VBN] [Text=worse CharacterOffsetBegin=1838 CharacterOffsetEnd=1843 PartOfSpeech=JJR] [Text=, CharacterOffsetBegin=1843 CharacterOffsetEnd=1844 PartOfSpeech=,] [Text=and CharacterOffsetBegin=1845 CharacterOffsetEnd=1848 PartOfSpeech=CC] [Text=the CharacterOffsetBegin=1849 CharacterOffsetEnd=1852 PartOfSpeech=DT] [Text=dumbed-down CharacterOffsetBegin=1853 CharacterOffsetEnd=1864 PartOfSpeech=JJ] [Text=American CharacterOffsetBegin=1865 CharacterOffsetEnd=1873 PartOfSpeech=JJ] [Text=public CharacterOffsetBegin=1874 CharacterOffsetEnd=1880 PartOfSpeech=NN] [Text=of CharacterOffsetBegin=1881 CharacterOffsetEnd=1883 PartOfSpeech=IN] [Text=the CharacterOffsetBegin=1884 CharacterOffsetEnd=1887 PartOfSpeech=DT] [Text=future CharacterOffsetBegin=1888 CharacterOffsetEnd=1894 PartOfSpeech=NN] [Text=that CharacterOffsetBegin=1895 CharacterOffsetEnd=1899 PartOfSpeech=WDT] [Text=surrenders CharacterOffsetBegin=1900 CharacterOffsetEnd=1910 PartOfSpeech=VBZ] [Text=all CharacterOffsetBegin=1911 CharacterOffsetEnd=1914 PartOfSpeech=DT] [Text=of CharacterOffsetBegin=1915 CharacterOffsetEnd=1917 PartOfSpeech=IN] [Text=its CharacterOffsetBegin=1918 CharacterOffsetEnd=1921 PartOfSpeech=PRP$] [Text=freedoms CharacterOffsetBegin=1922 CharacterOffsetEnd=1930 PartOfSpeech=NNS] [Text=for CharacterOffsetBegin=1931 CharacterOffsetEnd=1934 PartOfSpeech=IN] [Text=`` CharacterOffsetBegin=1935 CharacterOffsetEnd=1936 PartOfSpeech=``] [Text=national CharacterOffsetBegin=1936 CharacterOffsetEnd=1944 PartOfSpeech=JJ] [Text=security CharacterOffsetBegin=1945 CharacterOffsetEnd=1953 PartOfSpeech=NN] [Text='' CharacterOffsetBegin=1953 CharacterOffsetEnd=1954 PartOfSpeech=''] [Text=is CharacterOffsetBegin=1955 CharacterOffsetEnd=1957 PartOfSpeech=VBZ] [Text=downright CharacterOffsetBegin=1958 CharacterOffsetEnd=1967 PartOfSpeech=RB] [Text=chilling CharacterOffsetBegin=1968 CharacterOffsetEnd=1976 PartOfSpeech=JJ] [Text=. CharacterOffsetBegin=1976 CharacterOffsetEnd=1977 PartOfSpeech=.] 
root(ROOT-0, influences-3)
det(government-2, The-1)
nsubj(influences-3, government-2)
prep(influences-3, on-4)
det(media-6, the-5)
pobj(on-4, media-6)
aux(worse-10, have-7)
advmod(worse-10, only-8)
dep(worse-10, gotten-9)
dep(influences-3, worse-10)
punct(worse-10, ,-11)
cc(worse-10, and-12)
det(public-16, the-13)
amod(public-16, dumbed-down-14)
amod(public-16, American-15)
nsubj(chilling-33, public-16)
prep(public-16, of-17)
det(future-19, the-18)
pobj(of-17, future-19)
nsubj(surrenders-21, that-20)
rcmod(public-16, surrenders-21)
dobj(surrenders-21, all-22)
prep(all-22, of-23)
poss(freedoms-25, its-24)
pobj(of-23, freedoms-25)
prep(surrenders-21, for-26)
punct(security-29, ``-27)
amod(security-29, national-28)
pobj(for-26, security-29)
punct(security-29, ''-30)
cop(chilling-33, is-31)
advmod(chilling-33, downright-32)
conj(worse-10, chilling-33)
punct(influences-3, .-34)

Sentence #13 (108 tokens):
Ben Richards is played brilliantly by Arnold as one of the few remaining holdouts against a government tyranny that the rest of America is all too willing to accept in return for good television and some parting gifts for the audience.The movie was way over the top, maybe even off the cliff for its time, but as with Back to the Future III, the "ravine" it appeared to be sinking itself into in 1987 was replaced by completed tracks in 2006 and beyond, and this movie will sail into the future as one of the more prophetic films of our time.
[Text=Ben CharacterOffsetBegin=1982 CharacterOffsetEnd=1985 PartOfSpeech=NNP] [Text=Richards CharacterOffsetBegin=1986 CharacterOffsetEnd=1994 PartOfSpeech=NNP] [Text=is CharacterOffsetBegin=1995 CharacterOffsetEnd=1997 PartOfSpeech=VBZ] [Text=played CharacterOffsetBegin=1998 CharacterOffsetEnd=2004 PartOfSpeech=VBN] [Text=brilliantly CharacterOffsetBegin=2005 CharacterOffsetEnd=2016 PartOfSpeech=RB] [Text=by CharacterOffsetBegin=2017 CharacterOffsetEnd=2019 PartOfSpeech=IN] [Text=Arnold CharacterOffsetBegin=2020 CharacterOffsetEnd=2026 PartOfSpeech=NNP] [Text=as CharacterOffsetBegin=2027 CharacterOffsetEnd=2029 PartOfSpeech=IN] [Text=one CharacterOffsetBegin=2030 CharacterOffsetEnd=2033 PartOfSpeech=CD] [Text=of CharacterOffsetBegin=2034 CharacterOffsetEnd=2036 PartOfSpeech=IN] [Text=the CharacterOffsetBegin=2037 CharacterOffsetEnd=2040 PartOfSpeech=DT] [Text=few CharacterOffsetBegin=2041 CharacterOffsetEnd=2044 PartOfSpeech=JJ] [Text=remaining CharacterOffsetBegin=2045 CharacterOffsetEnd=2054 PartOfSpeech=VBG] [Text=holdouts CharacterOffsetBegin=2055 CharacterOffsetEnd=2063 PartOfSpeech=NNS] [Text=against CharacterOffsetBegin=2064 CharacterOffsetEnd=2071 PartOfSpeech=IN] [Text=a CharacterOffsetBegin=2072 CharacterOffsetEnd=2073 PartOfSpeech=DT] [Text=government CharacterOffsetBegin=2074 CharacterOffsetEnd=2084 PartOfSpeech=NN] [Text=tyranny CharacterOffsetBegin=2085 CharacterOffsetEnd=2092 PartOfSpeech=NN] [Text=that CharacterOffsetBegin=2093 CharacterOffsetEnd=2097 PartOfSpeech=IN] [Text=the CharacterOffsetBegin=2098 CharacterOffsetEnd=2101 PartOfSpeech=DT] [Text=rest CharacterOffsetBegin=2102 CharacterOffsetEnd=2106 PartOfSpeech=NN] [Text=of CharacterOffsetBegin=2107 CharacterOffsetEnd=2109 PartOfSpeech=IN] [Text=America CharacterOffsetBegin=2110 CharacterOffsetEnd=2117 PartOfSpeech=NNP] [Text=is CharacterOffsetBegin=2118 CharacterOffsetEnd=2120 PartOfSpeech=VBZ] [Text=all CharacterOffsetBegin=2121 CharacterOffsetEnd=2124 PartOfSpeech=DT] [Text=too CharacterOffsetBegin=2125 CharacterOffsetEnd=2128 PartOfSpeech=RB] [Text=willing CharacterOffsetBegin=2129 CharacterOffsetEnd=2136 PartOfSpeech=JJ] [Text=to CharacterOffsetBegin=2137 CharacterOffsetEnd=2139 PartOfSpeech=TO] [Text=accept CharacterOffsetBegin=2140 CharacterOffsetEnd=2146 PartOfSpeech=VB] [Text=in CharacterOffsetBegin=2147 CharacterOffsetEnd=2149 PartOfSpeech=IN] [Text=return CharacterOffsetBegin=2150 CharacterOffsetEnd=2156 PartOfSpeech=NN] [Text=for CharacterOffsetBegin=2157 CharacterOffsetEnd=2160 PartOfSpeech=IN] [Text=good CharacterOffsetBegin=2161 CharacterOffsetEnd=2165 PartOfSpeech=JJ] [Text=television CharacterOffsetBegin=2166 CharacterOffsetEnd=2176 PartOfSpeech=NN] [Text=and CharacterOffsetBegin=2177 CharacterOffsetEnd=2180 PartOfSpeech=CC] [Text=some CharacterOffsetBegin=2181 CharacterOffsetEnd=2185 PartOfSpeech=DT] [Text=parting CharacterOffsetBegin=2186 CharacterOffsetEnd=2193 PartOfSpeech=NN] [Text=gifts CharacterOffsetBegin=2194 CharacterOffsetEnd=2199 PartOfSpeech=NNS] [Text=for CharacterOffsetBegin=2200 CharacterOffsetEnd=2203 PartOfSpeech=IN] [Text=the CharacterOffsetBegin=2204 CharacterOffsetEnd=2207 PartOfSpeech=DT] [Text=audience.The CharacterOffsetBegin=2208 CharacterOffsetEnd=2220 PartOfSpeech=NN] [Text=movie CharacterOffsetBegin=2221 CharacterOffsetEnd=2226 PartOfSpeech=NN] [Text=was CharacterOffsetBegin=2227 CharacterOffsetEnd=2230 PartOfSpeech=VBD] [Text=way CharacterOffsetBegin=2231 CharacterOffsetEnd=2234 PartOfSpeech=NN] [Text=over CharacterOffsetBegin=2235 CharacterOffsetEnd=2239 PartOfSpeech=IN] [Text=the CharacterOffsetBegin=2240 CharacterOffsetEnd=2243 PartOfSpeech=DT] [Text=top CharacterOffsetBegin=2244 CharacterOffsetEnd=2247 PartOfSpeech=NN] [Text=, CharacterOffsetBegin=2247 CharacterOffsetEnd=2248 PartOfSpeech=,] [Text=maybe CharacterOffsetBegin=2249 CharacterOffsetEnd=2254 PartOfSpeech=RB] [Text=even CharacterOffsetBegin=2255 CharacterOffsetEnd=2259 PartOfSpeech=RB] [Text=off CharacterOffsetBegin=2260 CharacterOffsetEnd=2263 PartOfSpeech=IN] [Text=the CharacterOffsetBegin=2264 CharacterOffsetEnd=2267 PartOfSpeech=DT] [Text=cliff CharacterOffsetBegin=2268 CharacterOffsetEnd=2273 PartOfSpeech=NN] [Text=for CharacterOffsetBegin=2274 CharacterOffsetEnd=2277 PartOfSpeech=IN] [Text=its CharacterOffsetBegin=2278 CharacterOffsetEnd=2281 PartOfSpeech=PRP$] [Text=time CharacterOffsetBegin=2282 CharacterOffsetEnd=2286 PartOfSpeech=NN] [Text=, CharacterOffsetBegin=2286 CharacterOffsetEnd=2287 PartOfSpeech=,] [Text=but CharacterOffsetBegin=2288 CharacterOffsetEnd=2291 PartOfSpeech=CC] [Text=as CharacterOffsetBegin=2292 CharacterOffsetEnd=2294 PartOfSpeech=IN] [Text=with CharacterOffsetBegin=2295 CharacterOffsetEnd=2299 PartOfSpeech=IN] [Text=Back CharacterOffsetBegin=2300 CharacterOffsetEnd=2304 PartOfSpeech=RB] [Text=to CharacterOffsetBegin=2305 CharacterOffsetEnd=2307 PartOfSpeech=TO] [Text=the CharacterOffsetBegin=2308 CharacterOffsetEnd=2311 PartOfSpeech=DT] [Text=Future CharacterOffsetBegin=2312 CharacterOffsetEnd=2318 PartOfSpeech=NNP] [Text=III CharacterOffsetBegin=2319 CharacterOffsetEnd=2322 PartOfSpeech=NNP] [Text=, CharacterOffsetBegin=2322 CharacterOffsetEnd=2323 PartOfSpeech=,] [Text=the CharacterOffsetBegin=2324 CharacterOffsetEnd=2327 PartOfSpeech=DT] [Text=`` CharacterOffsetBegin=2328 CharacterOffsetEnd=2329 PartOfSpeech=``] [Text=ravine CharacterOffsetBegin=2329 CharacterOffsetEnd=2335 PartOfSpeech=NN] [Text='' CharacterOffsetBegin=2335 CharacterOffsetEnd=2336 PartOfSpeech=''] [Text=it CharacterOffsetBegin=2337 CharacterOffsetEnd=2339 PartOfSpeech=PRP] [Text=appeared CharacterOffsetBegin=2340 CharacterOffsetEnd=2348 PartOfSpeech=VBD] [Text=to CharacterOffsetBegin=2349 CharacterOffsetEnd=2351 PartOfSpeech=TO] [Text=be CharacterOffsetBegin=2352 CharacterOffsetEnd=2354 PartOfSpeech=VB] [Text=sinking CharacterOffsetBegin=2355 CharacterOffsetEnd=2362 PartOfSpeech=VBG] [Text=itself CharacterOffsetBegin=2363 CharacterOffsetEnd=2369 PartOfSpeech=PRP] [Text=into CharacterOffsetBegin=2370 CharacterOffsetEnd=2374 PartOfSpeech=IN] [Text=in CharacterOffsetBegin=2375 CharacterOffsetEnd=2377 PartOfSpeech=IN] [Text=1987 CharacterOffsetBegin=2378 CharacterOffsetEnd=2382 PartOfSpeech=CD] [Text=was CharacterOffsetBegin=2383 CharacterOffsetEnd=2386 PartOfSpeech=VBD] [Text=replaced CharacterOffsetBegin=2387 CharacterOffsetEnd=2395 PartOfSpeech=VBN] [Text=by CharacterOffsetBegin=2396 CharacterOffsetEnd=2398 PartOfSpeech=IN] [Text=completed CharacterOffsetBegin=2399 CharacterOffsetEnd=2408 PartOfSpeech=VBN] [Text=tracks CharacterOffsetBegin=2409 CharacterOffsetEnd=2415 PartOfSpeech=NNS] [Text=in CharacterOffsetBegin=2416 CharacterOffsetEnd=2418 PartOfSpeech=IN] [Text=2006 CharacterOffsetBegin=2419 CharacterOffsetEnd=2423 PartOfSpeech=CD] [Text=and CharacterOffsetBegin=2424 CharacterOffsetEnd=2427 PartOfSpeech=CC] [Text=beyond CharacterOffsetBegin=2428 CharacterOffsetEnd=2434 PartOfSpeech=IN] [Text=, CharacterOffsetBegin=2434 CharacterOffsetEnd=2435 PartOfSpeech=,] [Text=and CharacterOffsetBegin=2436 CharacterOffsetEnd=2439 PartOfSpeech=CC] [Text=this CharacterOffsetBegin=2440 CharacterOffsetEnd=2444 PartOfSpeech=DT] [Text=movie CharacterOffsetBegin=2445 CharacterOffsetEnd=2450 PartOfSpeech=NN] [Text=will CharacterOffsetBegin=2451 CharacterOffsetEnd=2455 PartOfSpeech=MD] [Text=sail CharacterOffsetBegin=2456 CharacterOffsetEnd=2460 PartOfSpeech=VB] [Text=into CharacterOffsetBegin=2461 CharacterOffsetEnd=2465 PartOfSpeech=IN] [Text=the CharacterOffsetBegin=2466 CharacterOffsetEnd=2469 PartOfSpeech=DT] [Text=future CharacterOffsetBegin=2470 CharacterOffsetEnd=2476 PartOfSpeech=NN] [Text=as CharacterOffsetBegin=2477 CharacterOffsetEnd=2479 PartOfSpeech=IN] [Text=one CharacterOffsetBegin=2480 CharacterOffsetEnd=2483 PartOfSpeech=CD] [Text=of CharacterOffsetBegin=2484 CharacterOffsetEnd=2486 PartOfSpeech=IN] [Text=the CharacterOffsetBegin=2487 CharacterOffsetEnd=2490 PartOfSpeech=DT] [Text=more CharacterOffsetBegin=2491 CharacterOffsetEnd=2495 PartOfSpeech=RBR] [Text=prophetic CharacterOffsetBegin=2496 CharacterOffsetEnd=2505 PartOfSpeech=JJ] [Text=films CharacterOffsetBegin=2506 CharacterOffsetEnd=2511 PartOfSpeech=NNS] [Text=of CharacterOffsetBegin=2512 CharacterOffsetEnd=2514 PartOfSpeech=IN] [Text=our CharacterOffsetBegin=2515 CharacterOffsetEnd=2518 PartOfSpeech=PRP$] [Text=time CharacterOffsetBegin=2519 CharacterOffsetEnd=2523 PartOfSpeech=NN] [Text=. CharacterOffsetBegin=2523 CharacterOffsetEnd=2524 PartOfSpeech=.] 
root(ROOT-0, played-4)
nn(Richards-2, Ben-1)
nsubjpass(played-4, Richards-2)
auxpass(played-4, is-3)
advmod(by-6, brilliantly-5)
prep(played-4, by-6)
pobj(by-6, Arnold-7)
prep(played-4, as-8)
pobj(as-8, one-9)
prep(one-9, of-10)
det(holdouts-14, the-11)
amod(holdouts-14, few-12)
amod(holdouts-14, remaining-13)
pobj(of-10, holdouts-14)
prep(holdouts-14, against-15)
det(tyranny-18, a-16)
nn(tyranny-18, government-17)
pobj(against-15, tyranny-18)
mark(willing-27, that-19)
det(rest-21, the-20)
nsubj(willing-27, rest-21)
prep(rest-21, of-22)
pobj(of-22, America-23)
cop(willing-27, is-24)
dep(willing-27, all-25)
advmod(willing-27, too-26)
dep(holdouts-14, willing-27)
aux(accept-29, to-28)
xcomp(willing-27, accept-29)
prep(accept-29, in-30)
pobj(in-30, return-31)
prep(return-31, for-32)
amod(television-34, good-33)
pobj(for-32, television-34)
cc(willing-27, and-35)
det(gifts-38, some-36)
amod(gifts-38, parting-37)
nsubj(way-44, gifts-38)
prep(gifts-38, for-39)
det(movie-42, the-40)
nn(movie-42, audience.The-41)
pobj(for-39, movie-42)
cop(way-44, was-43)
conj(willing-27, way-44)
prep(way-44, over-45)
det(top-47, the-46)
pobj(over-45, top-47)
punct(willing-27, ,-48)
advmod(off-51, maybe-49)
advmod(off-51, even-50)
conj(willing-27, off-51)
det(cliff-53, the-52)
pobj(off-51, cliff-53)
prep(off-51, for-54)
poss(time-56, its-55)
pobj(for-54, time-56)
punct(willing-27, ,-57)
cc(willing-27, but-58)
prep(appeared-72, as-59)
pcomp(as-59, with-60)
pobj(with-60, Back-61)
prep(Back-61, to-62)
det(III-65, the-63)
nn(III-65, Future-64)
pobj(to-62, III-65)
punct(appeared-72, ,-66)
det(ravine-69, the-67)
punct(ravine-69, ``-68)
dep(appeared-72, ravine-69)
punct(ravine-69, ''-70)
nsubj(appeared-72, it-71)
csubjpass(replaced-81, appeared-72)
aux(sinking-75, to-73)
aux(sinking-75, be-74)
xcomp(appeared-72, sinking-75)
dobj(sinking-75, itself-76)
prep(sinking-75, into-77)
pcomp(into-77, in-78)
pobj(in-78, 1987-79)
auxpass(replaced-81, was-80)
conj(willing-27, replaced-81)
prep(replaced-81, by-82)
amod(tracks-84, completed-83)
pobj(by-82, tracks-84)
prep(tracks-84, in-85)
pobj(in-85, 2006-86)
cc(replaced-81, and-87)
conj(replaced-81, beyond-88)
punct(willing-27, ,-89)
cc(willing-27, and-90)
det(movie-92, this-91)
nsubj(sail-94, movie-92)
aux(sail-94, will-93)
conj(willing-27, sail-94)
prep(sail-94, into-95)
det(future-97, the-96)
pobj(into-95, future-97)
prep(sail-94, as-98)
pobj(as-98, one-99)
prep(one-99, of-100)
det(films-104, the-101)
advmod(prophetic-103, more-102)
amod(films-104, prophetic-103)
pobj(of-100, films-104)
prep(films-104, of-105)
poss(time-107, our-106)
pobj(of-105, time-107)
punct(played-4, .-108)

Sentence #14 (22 tokens):
It is tragic that, as with Wargames, the academy did not give this brilliant screenplay the recognition it deserved.
[Text=It CharacterOffsetBegin=2529 CharacterOffsetEnd=2531 PartOfSpeech=PRP] [Text=is CharacterOffsetBegin=2532 CharacterOffsetEnd=2534 PartOfSpeech=VBZ] [Text=tragic CharacterOffsetBegin=2535 CharacterOffsetEnd=2541 PartOfSpeech=JJ] [Text=that CharacterOffsetBegin=2542 CharacterOffsetEnd=2546 PartOfSpeech=IN] [Text=, CharacterOffsetBegin=2546 CharacterOffsetEnd=2547 PartOfSpeech=,] [Text=as CharacterOffsetBegin=2548 CharacterOffsetEnd=2550 PartOfSpeech=IN] [Text=with CharacterOffsetBegin=2551 CharacterOffsetEnd=2555 PartOfSpeech=IN] [Text=Wargames CharacterOffsetBegin=2556 CharacterOffsetEnd=2564 PartOfSpeech=NNS] [Text=, CharacterOffsetBegin=2564 CharacterOffsetEnd=2565 PartOfSpeech=,] [Text=the CharacterOffsetBegin=2566 CharacterOffsetEnd=2569 PartOfSpeech=DT] [Text=academy CharacterOffsetBegin=2570 CharacterOffsetEnd=2577 PartOfSpeech=NN] [Text=did CharacterOffsetBegin=2578 CharacterOffsetEnd=2581 PartOfSpeech=VBD] [Text=not CharacterOffsetBegin=2582 CharacterOffsetEnd=2585 PartOfSpeech=RB] [Text=give CharacterOffsetBegin=2586 CharacterOffsetEnd=2590 PartOfSpeech=VB] [Text=this CharacterOffsetBegin=2591 CharacterOffsetEnd=2595 PartOfSpeech=DT] [Text=brilliant CharacterOffsetBegin=2596 CharacterOffsetEnd=2605 PartOfSpeech=JJ] [Text=screenplay CharacterOffsetBegin=2606 CharacterOffsetEnd=2616 PartOfSpeech=NN] [Text=the CharacterOffsetBegin=2617 CharacterOffsetEnd=2620 PartOfSpeech=DT] [Text=recognition CharacterOffsetBegin=2621 CharacterOffsetEnd=2632 PartOfSpeech=NN] [Text=it CharacterOffsetBegin=2633 CharacterOffsetEnd=2635 PartOfSpeech=PRP] [Text=deserved CharacterOffsetBegin=2636 CharacterOffsetEnd=2644 PartOfSpeech=VBD] [Text=. CharacterOffsetBegin=2644 CharacterOffsetEnd=2645 PartOfSpeech=.] 
root(ROOT-0, tragic-3)
nsubj(tragic-3, It-1)
cop(tragic-3, is-2)
mark(give-14, that-4)
punct(give-14, ,-5)
prep(give-14, as-6)
pcomp(as-6, with-7)
pobj(with-7, Wargames-8)
punct(give-14, ,-9)
det(academy-11, the-10)
nsubj(give-14, academy-11)
aux(give-14, did-12)
neg(give-14, not-13)
ccomp(tragic-3, give-14)
det(screenplay-17, this-15)
amod(screenplay-17, brilliant-16)
iobj(give-14, screenplay-17)
det(recognition-19, the-18)
dobj(give-14, recognition-19)
nsubj(deserved-21, it-20)
rcmod(recognition-19, deserved-21)
punct(tragic-3, .-22)

Sentence #15 (44 tokens):
"Serious" actors acting seriously while being so pretentious that you want to throw up may win more Oscars, but that doesn't make them better films than their "common man" counterparts, such as this one.An absolute must-see.
[Text=`` CharacterOffsetBegin=2650 CharacterOffsetEnd=2651 PartOfSpeech=``] [Text=Serious CharacterOffsetBegin=2651 CharacterOffsetEnd=2658 PartOfSpeech=JJ] [Text='' CharacterOffsetBegin=2658 CharacterOffsetEnd=2659 PartOfSpeech=''] [Text=actors CharacterOffsetBegin=2660 CharacterOffsetEnd=2666 PartOfSpeech=NNS] [Text=acting CharacterOffsetBegin=2667 CharacterOffsetEnd=2673 PartOfSpeech=VBG] [Text=seriously CharacterOffsetBegin=2674 CharacterOffsetEnd=2683 PartOfSpeech=RB] [Text=while CharacterOffsetBegin=2684 CharacterOffsetEnd=2689 PartOfSpeech=IN] [Text=being CharacterOffsetBegin=2690 CharacterOffsetEnd=2695 PartOfSpeech=VBG] [Text=so CharacterOffsetBegin=2696 CharacterOffsetEnd=2698 PartOfSpeech=RB] [Text=pretentious CharacterOffsetBegin=2699 CharacterOffsetEnd=2710 PartOfSpeech=JJ] [Text=that CharacterOffsetBegin=2711 CharacterOffsetEnd=2715 PartOfSpeech=IN] [Text=you CharacterOffsetBegin=2716 CharacterOffsetEnd=2719 PartOfSpeech=PRP] [Text=want CharacterOffsetBegin=2720 CharacterOffsetEnd=2724 PartOfSpeech=VBP] [Text=to CharacterOffsetBegin=2725 CharacterOffsetEnd=2727 PartOfSpeech=TO] [Text=throw CharacterOffsetBegin=2728 CharacterOffsetEnd=2733 PartOfSpeech=VB] [Text=up CharacterOffsetBegin=2734 CharacterOffsetEnd=2736 PartOfSpeech=RP] [Text=may CharacterOffsetBegin=2737 CharacterOffsetEnd=2740 PartOfSpeech=MD] [Text=win CharacterOffsetBegin=2741 CharacterOffsetEnd=2744 PartOfSpeech=VB] [Text=more CharacterOffsetBegin=2745 CharacterOffsetEnd=2749 PartOfSpeech=RBR] [Text=Oscars CharacterOffsetBegin=2750 CharacterOffsetEnd=2756 PartOfSpeech=NNPS] [Text=, CharacterOffsetBegin=2756 CharacterOffsetEnd=2757 PartOfSpeech=,] [Text=but CharacterOffsetBegin=2758 CharacterOffsetEnd=2761 PartOfSpeech=CC] [Text=that CharacterOffsetBegin=2762 CharacterOffsetEnd=2766 PartOfSpeech=IN] [Text=does CharacterOffsetBegin=2767 CharacterOffsetEnd=2771 PartOfSpeech=VBZ] [Text=n't CharacterOffsetBegin=2771 CharacterOffsetEnd=2774 PartOfSpeech=RB] [Text=make CharacterOffsetBegin=2775 CharacterOffsetEnd=2779 PartOfSpeech=VB] [Text=them CharacterOffsetBegin=2780 CharacterOffsetEnd=2784 PartOfSpeech=PRP] [Text=better CharacterOffsetBegin=2785 CharacterOffsetEnd=2791 PartOfSpeech=JJR] [Text=films CharacterOffsetBegin=2792 CharacterOffsetEnd=2797 PartOfSpeech=NNS] [Text=than CharacterOffsetBegin=2798 CharacterOffsetEnd=2802 PartOfSpeech=IN] [Text=their CharacterOffsetBegin=2803 CharacterOffsetEnd=2808 PartOfSpeech=PRP$] [Text=`` CharacterOffsetBegin=2809 CharacterOffsetEnd=2810 PartOfSpeech=``] [Text=common CharacterOffsetBegin=2810 CharacterOffsetEnd=2816 PartOfSpeech=JJ] [Text=man CharacterOffsetBegin=2817 CharacterOffsetEnd=2820 PartOfSpeech=NN] [Text='' CharacterOffsetBegin=2820 CharacterOffsetEnd=2821 PartOfSpeech=''] [Text=counterparts CharacterOffsetBegin=2822 CharacterOffsetEnd=2834 PartOfSpeech=NNS] [Text=, CharacterOffsetBegin=2834 CharacterOffsetEnd=2835 PartOfSpeech=,] [Text=such CharacterOffsetBegin=2836 CharacterOffsetEnd=2840 PartOfSpeech=JJ] [Text=as CharacterOffsetBegin=2841 CharacterOffsetEnd=2843 PartOfSpeech=IN] [Text=this CharacterOffsetBegin=2844 CharacterOffsetEnd=2848 PartOfSpeech=DT] [Text=one.An CharacterOffsetBegin=2849 CharacterOffsetEnd=2855 PartOfSpeech=NN] [Text=absolute CharacterOffsetBegin=2856 CharacterOffsetEnd=2864 PartOfSpeech=JJ] [Text=must-see CharacterOffsetBegin=2865 CharacterOffsetEnd=2873 PartOfSpeech=NN] [Text=. CharacterOffsetBegin=2873 CharacterOffsetEnd=2874 PartOfSpeech=.] 
root(ROOT-0, win-18)
punct(actors-4, ``-1)
amod(actors-4, Serious-2)
punct(actors-4, ''-3)
nsubj(win-18, actors-4)
partmod(actors-4, acting-5)
advmod(acting-5, seriously-6)
mark(pretentious-10, while-7)
cop(pretentious-10, being-8)
advmod(pretentious-10, so-9)
advcl(acting-5, pretentious-10)
mark(want-13, that-11)
nsubj(want-13, you-12)
ccomp(pretentious-10, want-13)
aux(throw-15, to-14)
xcomp(want-13, throw-15)
prt(throw-15, up-16)
aux(win-18, may-17)
advmod(Oscars-20, more-19)
dobj(win-18, Oscars-20)
punct(win-18, ,-21)
cc(win-18, but-22)
nsubj(make-26, that-23)
aux(make-26, does-24)
neg(make-26, n't-25)
conj(win-18, make-26)
nsubj(films-29, them-27)
amod(films-29, better-28)
xcomp(make-26, films-29)
prep(films-29, than-30)
poss(counterparts-36, their-31)
punct(counterparts-36, ``-32)
amod(counterparts-36, common-33)
nn(counterparts-36, man-34)
punct(counterparts-36, ''-35)
pobj(than-30, counterparts-36)
punct(counterparts-36, ,-37)
mwe(as-39, such-38)
prep(counterparts-36, as-39)
det(must-see-43, this-40)
nn(must-see-43, one.An-41)
amod(must-see-43, absolute-42)
pobj(as-39, must-see-43)
punct(win-18, .-44)

