Sentence #1 (26 tokens):
A Matter of Life and Death, what can you really say that would properly do justice to the genius and beauty of this film.
[Text=A CharacterOffsetBegin=4 CharacterOffsetEnd=5 PartOfSpeech=DT] [Text=Matter CharacterOffsetBegin=6 CharacterOffsetEnd=12 PartOfSpeech=NN] [Text=of CharacterOffsetBegin=13 CharacterOffsetEnd=15 PartOfSpeech=IN] [Text=Life CharacterOffsetBegin=16 CharacterOffsetEnd=20 PartOfSpeech=NNP] [Text=and CharacterOffsetBegin=21 CharacterOffsetEnd=24 PartOfSpeech=CC] [Text=Death CharacterOffsetBegin=25 CharacterOffsetEnd=30 PartOfSpeech=NNP] [Text=, CharacterOffsetBegin=30 CharacterOffsetEnd=31 PartOfSpeech=,] [Text=what CharacterOffsetBegin=32 CharacterOffsetEnd=36 PartOfSpeech=WP] [Text=can CharacterOffsetBegin=37 CharacterOffsetEnd=40 PartOfSpeech=MD] [Text=you CharacterOffsetBegin=41 CharacterOffsetEnd=44 PartOfSpeech=PRP] [Text=really CharacterOffsetBegin=45 CharacterOffsetEnd=51 PartOfSpeech=RB] [Text=say CharacterOffsetBegin=52 CharacterOffsetEnd=55 PartOfSpeech=VBP] [Text=that CharacterOffsetBegin=56 CharacterOffsetEnd=60 PartOfSpeech=DT] [Text=would CharacterOffsetBegin=61 CharacterOffsetEnd=66 PartOfSpeech=MD] [Text=properly CharacterOffsetBegin=67 CharacterOffsetEnd=75 PartOfSpeech=RB] [Text=do CharacterOffsetBegin=76 CharacterOffsetEnd=78 PartOfSpeech=VB] [Text=justice CharacterOffsetBegin=79 CharacterOffsetEnd=86 PartOfSpeech=NN] [Text=to CharacterOffsetBegin=87 CharacterOffsetEnd=89 PartOfSpeech=TO] [Text=the CharacterOffsetBegin=90 CharacterOffsetEnd=93 PartOfSpeech=DT] [Text=genius CharacterOffsetBegin=94 CharacterOffsetEnd=100 PartOfSpeech=NN] [Text=and CharacterOffsetBegin=101 CharacterOffsetEnd=104 PartOfSpeech=CC] [Text=beauty CharacterOffsetBegin=105 CharacterOffsetEnd=111 PartOfSpeech=NN] [Text=of CharacterOffsetBegin=112 CharacterOffsetEnd=114 PartOfSpeech=IN] [Text=this CharacterOffsetBegin=115 CharacterOffsetEnd=119 PartOfSpeech=DT] [Text=film CharacterOffsetBegin=120 CharacterOffsetEnd=124 PartOfSpeech=NN] [Text=. CharacterOffsetBegin=124 CharacterOffsetEnd=125 PartOfSpeech=.] 
root(ROOT-0, Matter-2)
det(Matter-2, A-1)
prep(Matter-2, of-3)
pobj(of-3, Life-4)
cc(Life-4, and-5)
conj(Life-4, Death-6)
punct(Matter-2, ,-7)
dobj(say-12, what-8)
aux(say-12, can-9)
nsubj(say-12, you-10)
advmod(say-12, really-11)
rcmod(Matter-2, say-12)
nsubj(do-16, that-13)
aux(do-16, would-14)
advmod(do-16, properly-15)
ccomp(say-12, do-16)
dobj(do-16, justice-17)
prep(do-16, to-18)
det(genius-20, the-19)
pobj(to-18, genius-20)
cc(genius-20, and-21)
conj(genius-20, beauty-22)
prep(genius-20, of-23)
det(film-25, this-24)
pobj(of-23, film-25)
punct(Matter-2, .-26)

Sentence #2 (19 tokens):
Powell and Pressburger's visual imagination knows no bounds, every frame is filled with fantastically bold compositions.
[Text=Powell CharacterOffsetBegin=130 CharacterOffsetEnd=136 PartOfSpeech=NNP] [Text=and CharacterOffsetBegin=137 CharacterOffsetEnd=140 PartOfSpeech=CC] [Text=Pressburger CharacterOffsetBegin=141 CharacterOffsetEnd=152 PartOfSpeech=NNP] [Text='s CharacterOffsetBegin=152 CharacterOffsetEnd=154 PartOfSpeech=POS] [Text=visual CharacterOffsetBegin=155 CharacterOffsetEnd=161 PartOfSpeech=JJ] [Text=imagination CharacterOffsetBegin=162 CharacterOffsetEnd=173 PartOfSpeech=NN] [Text=knows CharacterOffsetBegin=174 CharacterOffsetEnd=179 PartOfSpeech=VBZ] [Text=no CharacterOffsetBegin=180 CharacterOffsetEnd=182 PartOfSpeech=DT] [Text=bounds CharacterOffsetBegin=183 CharacterOffsetEnd=189 PartOfSpeech=NNS] [Text=, CharacterOffsetBegin=189 CharacterOffsetEnd=190 PartOfSpeech=,] [Text=every CharacterOffsetBegin=191 CharacterOffsetEnd=196 PartOfSpeech=DT] [Text=frame CharacterOffsetBegin=197 CharacterOffsetEnd=202 PartOfSpeech=NN] [Text=is CharacterOffsetBegin=203 CharacterOffsetEnd=205 PartOfSpeech=VBZ] [Text=filled CharacterOffsetBegin=206 CharacterOffsetEnd=212 PartOfSpeech=VBN] [Text=with CharacterOffsetBegin=213 CharacterOffsetEnd=217 PartOfSpeech=IN] [Text=fantastically CharacterOffsetBegin=218 CharacterOffsetEnd=231 PartOfSpeech=RB] [Text=bold CharacterOffsetBegin=232 CharacterOffsetEnd=236 PartOfSpeech=JJ] [Text=compositions CharacterOffsetBegin=237 CharacterOffsetEnd=249 PartOfSpeech=NNS] [Text=. CharacterOffsetBegin=249 CharacterOffsetEnd=250 PartOfSpeech=.] 
root(ROOT-0, knows-7)
nsubj(knows-7, Powell-1)
cc(Powell-1, and-2)
poss(imagination-6, Pressburger-3)
possessive(Pressburger-3, 's-4)
amod(imagination-6, visual-5)
conj(Powell-1, imagination-6)
det(bounds-9, no-8)
dobj(knows-7, bounds-9)
punct(knows-7, ,-10)
det(frame-12, every-11)
nsubjpass(filled-14, frame-12)
auxpass(filled-14, is-13)
ccomp(knows-7, filled-14)
prep(filled-14, with-15)
amod(compositions-18, fantastically-16)
amod(compositions-18, bold-17)
pobj(with-15, compositions-18)
punct(knows-7, .-19)

Sentence #3 (34 tokens):
The switches between the bold colours of "the real world" to the stark black and white of heaven is ingenious, showing us visually just how much more vibrant life is.
[Text=The CharacterOffsetBegin=255 CharacterOffsetEnd=258 PartOfSpeech=DT] [Text=switches CharacterOffsetBegin=259 CharacterOffsetEnd=267 PartOfSpeech=NNS] [Text=between CharacterOffsetBegin=268 CharacterOffsetEnd=275 PartOfSpeech=IN] [Text=the CharacterOffsetBegin=276 CharacterOffsetEnd=279 PartOfSpeech=DT] [Text=bold CharacterOffsetBegin=280 CharacterOffsetEnd=284 PartOfSpeech=JJ] [Text=colours CharacterOffsetBegin=285 CharacterOffsetEnd=292 PartOfSpeech=NNS] [Text=of CharacterOffsetBegin=293 CharacterOffsetEnd=295 PartOfSpeech=IN] [Text=`` CharacterOffsetBegin=296 CharacterOffsetEnd=297 PartOfSpeech=``] [Text=the CharacterOffsetBegin=297 CharacterOffsetEnd=300 PartOfSpeech=DT] [Text=real CharacterOffsetBegin=301 CharacterOffsetEnd=305 PartOfSpeech=JJ] [Text=world CharacterOffsetBegin=306 CharacterOffsetEnd=311 PartOfSpeech=NN] [Text='' CharacterOffsetBegin=311 CharacterOffsetEnd=312 PartOfSpeech=''] [Text=to CharacterOffsetBegin=313 CharacterOffsetEnd=315 PartOfSpeech=TO] [Text=the CharacterOffsetBegin=316 CharacterOffsetEnd=319 PartOfSpeech=DT] [Text=stark CharacterOffsetBegin=320 CharacterOffsetEnd=325 PartOfSpeech=JJ] [Text=black CharacterOffsetBegin=326 CharacterOffsetEnd=331 PartOfSpeech=JJ] [Text=and CharacterOffsetBegin=332 CharacterOffsetEnd=335 PartOfSpeech=CC] [Text=white CharacterOffsetBegin=336 CharacterOffsetEnd=341 PartOfSpeech=JJ] [Text=of CharacterOffsetBegin=342 CharacterOffsetEnd=344 PartOfSpeech=IN] [Text=heaven CharacterOffsetBegin=345 CharacterOffsetEnd=351 PartOfSpeech=NN] [Text=is CharacterOffsetBegin=352 CharacterOffsetEnd=354 PartOfSpeech=VBZ] [Text=ingenious CharacterOffsetBegin=355 CharacterOffsetEnd=364 PartOfSpeech=JJ] [Text=, CharacterOffsetBegin=364 CharacterOffsetEnd=365 PartOfSpeech=,] [Text=showing CharacterOffsetBegin=366 CharacterOffsetEnd=373 PartOfSpeech=VBG] [Text=us CharacterOffsetBegin=374 CharacterOffsetEnd=376 PartOfSpeech=PRP] [Text=visually CharacterOffsetBegin=377 CharacterOffsetEnd=385 PartOfSpeech=RB] [Text=just CharacterOffsetBegin=386 CharacterOffsetEnd=390 PartOfSpeech=RB] [Text=how CharacterOffsetBegin=391 CharacterOffsetEnd=394 PartOfSpeech=WRB] [Text=much CharacterOffsetBegin=395 CharacterOffsetEnd=399 PartOfSpeech=RB] [Text=more CharacterOffsetBegin=400 CharacterOffsetEnd=404 PartOfSpeech=RBR] [Text=vibrant CharacterOffsetBegin=405 CharacterOffsetEnd=412 PartOfSpeech=JJ] [Text=life CharacterOffsetBegin=413 CharacterOffsetEnd=417 PartOfSpeech=NN] [Text=is CharacterOffsetBegin=418 CharacterOffsetEnd=420 PartOfSpeech=VBZ] [Text=. CharacterOffsetBegin=420 CharacterOffsetEnd=421 PartOfSpeech=.] 
root(ROOT-0, switches-2)
det(switches-2, The-1)
prep(switches-2, between-3)
det(colours-6, the-4)
amod(colours-6, bold-5)
pobj(between-3, colours-6)
prep(colours-6, of-7)
punct(of-7, ``-8)
det(world-11, the-9)
amod(world-11, real-10)
pobj(of-7, world-11)
punct(of-7, ''-12)
prep(switches-2, to-13)
pobj(to-13, the-14)
nsubj(ingenious-22, stark-15)
amod(stark-15, black-16)
cc(black-16, and-17)
conj(black-16, white-18)
prep(black-16, of-19)
pobj(of-19, heaven-20)
cop(ingenious-22, is-21)
rcmod(the-14, ingenious-22)
punct(ingenious-22, ,-23)
dep(ingenious-22, showing-24)
dobj(showing-24, us-25)
amod(life-32, visually-26)
advmod(much-29, just-27)
advmod(much-29, how-28)
advmod(more-30, much-29)
advmod(life-32, more-30)
amod(life-32, vibrant-31)
nsubj(is-33, life-32)
dep(showing-24, is-33)
punct(switches-2, .-34)

Sentence #4 (30 tokens):
The final court scene is also fantastic, as the judge and jury descend the stairway to heaven to hold court over Peter (David Niven)'s operation.
[Text=The CharacterOffsetBegin=426 CharacterOffsetEnd=429 PartOfSpeech=DT] [Text=final CharacterOffsetBegin=430 CharacterOffsetEnd=435 PartOfSpeech=JJ] [Text=court CharacterOffsetBegin=436 CharacterOffsetEnd=441 PartOfSpeech=NN] [Text=scene CharacterOffsetBegin=442 CharacterOffsetEnd=447 PartOfSpeech=NN] [Text=is CharacterOffsetBegin=448 CharacterOffsetEnd=450 PartOfSpeech=VBZ] [Text=also CharacterOffsetBegin=451 CharacterOffsetEnd=455 PartOfSpeech=RB] [Text=fantastic CharacterOffsetBegin=456 CharacterOffsetEnd=465 PartOfSpeech=JJ] [Text=, CharacterOffsetBegin=465 CharacterOffsetEnd=466 PartOfSpeech=,] [Text=as CharacterOffsetBegin=467 CharacterOffsetEnd=469 PartOfSpeech=IN] [Text=the CharacterOffsetBegin=470 CharacterOffsetEnd=473 PartOfSpeech=DT] [Text=judge CharacterOffsetBegin=474 CharacterOffsetEnd=479 PartOfSpeech=NN] [Text=and CharacterOffsetBegin=480 CharacterOffsetEnd=483 PartOfSpeech=CC] [Text=jury CharacterOffsetBegin=484 CharacterOffsetEnd=488 PartOfSpeech=NN] [Text=descend CharacterOffsetBegin=489 CharacterOffsetEnd=496 PartOfSpeech=VBD] [Text=the CharacterOffsetBegin=497 CharacterOffsetEnd=500 PartOfSpeech=DT] [Text=stairway CharacterOffsetBegin=501 CharacterOffsetEnd=509 PartOfSpeech=NN] [Text=to CharacterOffsetBegin=510 CharacterOffsetEnd=512 PartOfSpeech=TO] [Text=heaven CharacterOffsetBegin=513 CharacterOffsetEnd=519 PartOfSpeech=NN] [Text=to CharacterOffsetBegin=520 CharacterOffsetEnd=522 PartOfSpeech=TO] [Text=hold CharacterOffsetBegin=523 CharacterOffsetEnd=527 PartOfSpeech=VB] [Text=court CharacterOffsetBegin=528 CharacterOffsetEnd=533 PartOfSpeech=NN] [Text=over CharacterOffsetBegin=534 CharacterOffsetEnd=538 PartOfSpeech=IN] [Text=Peter CharacterOffsetBegin=539 CharacterOffsetEnd=544 PartOfSpeech=NNP] [Text=-LRB- CharacterOffsetBegin=545 CharacterOffsetEnd=546 PartOfSpeech=-LRB-] [Text=David CharacterOffsetBegin=546 CharacterOffsetEnd=551 PartOfSpeech=NNP] [Text=Niven CharacterOffsetBegin=552 CharacterOffsetEnd=557 PartOfSpeech=NNP] [Text=-RRB- CharacterOffsetBegin=557 CharacterOffsetEnd=558 PartOfSpeech=-RRB-] [Text='s CharacterOffsetBegin=558 CharacterOffsetEnd=560 PartOfSpeech=POS] [Text=operation CharacterOffsetBegin=561 CharacterOffsetEnd=570 PartOfSpeech=NN] [Text=. CharacterOffsetBegin=570 CharacterOffsetEnd=571 PartOfSpeech=.] 
root(ROOT-0, fantastic-7)
det(scene-4, The-1)
amod(scene-4, final-2)
nn(scene-4, court-3)
nsubj(fantastic-7, scene-4)
cop(fantastic-7, is-5)
advmod(fantastic-7, also-6)
punct(fantastic-7, ,-8)
mark(descend-14, as-9)
det(judge-11, the-10)
nsubj(descend-14, judge-11)
cc(judge-11, and-12)
conj(judge-11, jury-13)
advcl(fantastic-7, descend-14)
det(stairway-16, the-15)
dobj(descend-14, stairway-16)
prep(stairway-16, to-17)
pobj(to-17, heaven-18)
aux(hold-20, to-19)
xcomp(descend-14, hold-20)
dobj(hold-20, court-21)
prep(hold-20, over-22)
nn(operation-29, Peter-23)
punct(Niven-26, -LRB--24)
nn(Niven-26, David-25)
poss(operation-29, Niven-26)
punct('s-28, -RRB--27)
possessive(Niven-26, 's-28)
pobj(over-22, operation-29)
punct(fantastic-7, .-30)

Sentence #5 (46 tokens):
All of the performances are spot on (Roger Livesey being a standout), and the romantic energy of the film is beautiful, never has there been a more romantic film than this (if there has I haven't seen it).
[Text=All CharacterOffsetBegin=576 CharacterOffsetEnd=579 PartOfSpeech=DT] [Text=of CharacterOffsetBegin=580 CharacterOffsetEnd=582 PartOfSpeech=IN] [Text=the CharacterOffsetBegin=583 CharacterOffsetEnd=586 PartOfSpeech=DT] [Text=performances CharacterOffsetBegin=587 CharacterOffsetEnd=599 PartOfSpeech=NNS] [Text=are CharacterOffsetBegin=600 CharacterOffsetEnd=603 PartOfSpeech=VBP] [Text=spot CharacterOffsetBegin=604 CharacterOffsetEnd=608 PartOfSpeech=NN] [Text=on CharacterOffsetBegin=609 CharacterOffsetEnd=611 PartOfSpeech=IN] [Text=-LRB- CharacterOffsetBegin=612 CharacterOffsetEnd=613 PartOfSpeech=-LRB-] [Text=Roger CharacterOffsetBegin=613 CharacterOffsetEnd=618 PartOfSpeech=NNP] [Text=Livesey CharacterOffsetBegin=619 CharacterOffsetEnd=626 PartOfSpeech=NNP] [Text=being CharacterOffsetBegin=627 CharacterOffsetEnd=632 PartOfSpeech=VBG] [Text=a CharacterOffsetBegin=633 CharacterOffsetEnd=634 PartOfSpeech=DT] [Text=standout CharacterOffsetBegin=635 CharacterOffsetEnd=643 PartOfSpeech=NN] [Text=-RRB- CharacterOffsetBegin=643 CharacterOffsetEnd=644 PartOfSpeech=-RRB-] [Text=, CharacterOffsetBegin=644 CharacterOffsetEnd=645 PartOfSpeech=,] [Text=and CharacterOffsetBegin=646 CharacterOffsetEnd=649 PartOfSpeech=CC] [Text=the CharacterOffsetBegin=650 CharacterOffsetEnd=653 PartOfSpeech=DT] [Text=romantic CharacterOffsetBegin=654 CharacterOffsetEnd=662 PartOfSpeech=JJ] [Text=energy CharacterOffsetBegin=663 CharacterOffsetEnd=669 PartOfSpeech=NN] [Text=of CharacterOffsetBegin=670 CharacterOffsetEnd=672 PartOfSpeech=IN] [Text=the CharacterOffsetBegin=673 CharacterOffsetEnd=676 PartOfSpeech=DT] [Text=film CharacterOffsetBegin=677 CharacterOffsetEnd=681 PartOfSpeech=NN] [Text=is CharacterOffsetBegin=682 CharacterOffsetEnd=684 PartOfSpeech=VBZ] [Text=beautiful CharacterOffsetBegin=685 CharacterOffsetEnd=694 PartOfSpeech=JJ] [Text=, CharacterOffsetBegin=694 CharacterOffsetEnd=695 PartOfSpeech=,] [Text=never CharacterOffsetBegin=696 CharacterOffsetEnd=701 PartOfSpeech=RB] [Text=has CharacterOffsetBegin=702 CharacterOffsetEnd=705 PartOfSpeech=VBZ] [Text=there CharacterOffsetBegin=706 CharacterOffsetEnd=711 PartOfSpeech=RB] [Text=been CharacterOffsetBegin=712 CharacterOffsetEnd=716 PartOfSpeech=VBN] [Text=a CharacterOffsetBegin=717 CharacterOffsetEnd=718 PartOfSpeech=DT] [Text=more CharacterOffsetBegin=719 CharacterOffsetEnd=723 PartOfSpeech=RBR] [Text=romantic CharacterOffsetBegin=724 CharacterOffsetEnd=732 PartOfSpeech=JJ] [Text=film CharacterOffsetBegin=733 CharacterOffsetEnd=737 PartOfSpeech=NN] [Text=than CharacterOffsetBegin=738 CharacterOffsetEnd=742 PartOfSpeech=IN] [Text=this CharacterOffsetBegin=743 CharacterOffsetEnd=747 PartOfSpeech=DT] [Text=-LRB- CharacterOffsetBegin=748 CharacterOffsetEnd=749 PartOfSpeech=-LRB-] [Text=if CharacterOffsetBegin=749 CharacterOffsetEnd=751 PartOfSpeech=IN] [Text=there CharacterOffsetBegin=752 CharacterOffsetEnd=757 PartOfSpeech=EX] [Text=has CharacterOffsetBegin=758 CharacterOffsetEnd=761 PartOfSpeech=VBZ] [Text=I CharacterOffsetBegin=762 CharacterOffsetEnd=763 PartOfSpeech=PRP] [Text=have CharacterOffsetBegin=764 CharacterOffsetEnd=768 PartOfSpeech=VBP] [Text=n't CharacterOffsetBegin=768 CharacterOffsetEnd=771 PartOfSpeech=RB] [Text=seen CharacterOffsetBegin=772 CharacterOffsetEnd=776 PartOfSpeech=VBN] [Text=it CharacterOffsetBegin=777 CharacterOffsetEnd=779 PartOfSpeech=PRP] [Text=-RRB- CharacterOffsetBegin=779 CharacterOffsetEnd=780 PartOfSpeech=-RRB-] [Text=. CharacterOffsetBegin=780 CharacterOffsetEnd=781 PartOfSpeech=.] 
root(ROOT-0, film-33)
nsubj(spot-6, All-1)
prep(All-1, of-2)
det(performances-4, the-3)
pobj(of-2, performances-4)
cop(spot-6, are-5)
nsubj(film-33, spot-6)
prep(spot-6, on-7)
punct(Livesey-10, -LRB--8)
nn(Livesey-10, Roger-9)
nsubj(standout-13, Livesey-10)
cop(standout-13, being-11)
det(standout-13, a-12)
pcomp(on-7, standout-13)
punct(standout-13, -RRB--14)
punct(spot-6, ,-15)
cc(spot-6, and-16)
det(energy-19, the-17)
amod(energy-19, romantic-18)
nsubj(beautiful-24, energy-19)
prep(energy-19, of-20)
det(film-22, the-21)
pobj(of-20, film-22)
cop(beautiful-24, is-23)
conj(spot-6, beautiful-24)
punct(spot-6, ,-25)
neg(has-27, never-26)
aux(film-33, has-27)
advmod(film-33, there-28)
cop(film-33, been-29)
det(film-33, a-30)
advmod(romantic-32, more-31)
amod(film-33, romantic-32)
prep(film-33, than-34)
pobj(than-34, this-35)
punct(has-39, -LRB--36)
mark(has-39, if-37)
expl(has-39, there-38)
dep(this-35, has-39)
nsubj(seen-43, I-40)
aux(seen-43, have-41)
neg(seen-43, n't-42)
ccomp(has-39, seen-43)
dobj(seen-43, it-44)
punct(has-39, -RRB--45)
punct(film-33, .-46)

Sentence #6 (20 tokens):
A Matter of Life and Death is all about the power of love and just how important life is.
[Text=A CharacterOffsetBegin=786 CharacterOffsetEnd=787 PartOfSpeech=DT] [Text=Matter CharacterOffsetBegin=788 CharacterOffsetEnd=794 PartOfSpeech=NN] [Text=of CharacterOffsetBegin=795 CharacterOffsetEnd=797 PartOfSpeech=IN] [Text=Life CharacterOffsetBegin=798 CharacterOffsetEnd=802 PartOfSpeech=NNP] [Text=and CharacterOffsetBegin=803 CharacterOffsetEnd=806 PartOfSpeech=CC] [Text=Death CharacterOffsetBegin=807 CharacterOffsetEnd=812 PartOfSpeech=NNP] [Text=is CharacterOffsetBegin=813 CharacterOffsetEnd=815 PartOfSpeech=VBZ] [Text=all CharacterOffsetBegin=816 CharacterOffsetEnd=819 PartOfSpeech=DT] [Text=about CharacterOffsetBegin=820 CharacterOffsetEnd=825 PartOfSpeech=IN] [Text=the CharacterOffsetBegin=826 CharacterOffsetEnd=829 PartOfSpeech=DT] [Text=power CharacterOffsetBegin=830 CharacterOffsetEnd=835 PartOfSpeech=NN] [Text=of CharacterOffsetBegin=836 CharacterOffsetEnd=838 PartOfSpeech=IN] [Text=love CharacterOffsetBegin=839 CharacterOffsetEnd=843 PartOfSpeech=NN] [Text=and CharacterOffsetBegin=844 CharacterOffsetEnd=847 PartOfSpeech=CC] [Text=just CharacterOffsetBegin=848 CharacterOffsetEnd=852 PartOfSpeech=RB] [Text=how CharacterOffsetBegin=853 CharacterOffsetEnd=856 PartOfSpeech=WRB] [Text=important CharacterOffsetBegin=857 CharacterOffsetEnd=866 PartOfSpeech=JJ] [Text=life CharacterOffsetBegin=867 CharacterOffsetEnd=871 PartOfSpeech=NN] [Text=is CharacterOffsetBegin=872 CharacterOffsetEnd=874 PartOfSpeech=VBZ] [Text=. CharacterOffsetBegin=874 CharacterOffsetEnd=875 PartOfSpeech=.] 
root(ROOT-0, is-19)
det(Matter-2, A-1)
nsubj(all-8, Matter-2)
prep(Matter-2, of-3)
pobj(of-3, Life-4)
cc(Matter-2, and-5)
conj(Matter-2, Death-6)
cop(all-8, is-7)
nsubj(is-19, all-8)
prep(all-8, about-9)
det(power-11, the-10)
pobj(about-9, power-11)
prep(power-11, of-12)
pobj(of-12, love-13)
cc(all-8, and-14)
advmod(important-17, just-15)
advmod(important-17, how-16)
amod(life-18, important-17)
conj(all-8, life-18)
punct(is-19, .-20)

Sentence #7 (49 tokens):
And Jack Cardiff's cinematography is reason enough to watch the film alone, the way he lights Kim Hunter's face makes her all the more beautiful, what a genius, he can make a simple things such as a game of table tennis look exciting.
[Text=And CharacterOffsetBegin=880 CharacterOffsetEnd=883 PartOfSpeech=CC] [Text=Jack CharacterOffsetBegin=884 CharacterOffsetEnd=888 PartOfSpeech=NNP] [Text=Cardiff CharacterOffsetBegin=889 CharacterOffsetEnd=896 PartOfSpeech=NNP] [Text='s CharacterOffsetBegin=896 CharacterOffsetEnd=898 PartOfSpeech=POS] [Text=cinematography CharacterOffsetBegin=899 CharacterOffsetEnd=913 PartOfSpeech=NN] [Text=is CharacterOffsetBegin=914 CharacterOffsetEnd=916 PartOfSpeech=VBZ] [Text=reason CharacterOffsetBegin=917 CharacterOffsetEnd=923 PartOfSpeech=NN] [Text=enough CharacterOffsetBegin=924 CharacterOffsetEnd=930 PartOfSpeech=RB] [Text=to CharacterOffsetBegin=931 CharacterOffsetEnd=933 PartOfSpeech=TO] [Text=watch CharacterOffsetBegin=934 CharacterOffsetEnd=939 PartOfSpeech=VB] [Text=the CharacterOffsetBegin=940 CharacterOffsetEnd=943 PartOfSpeech=DT] [Text=film CharacterOffsetBegin=944 CharacterOffsetEnd=948 PartOfSpeech=NN] [Text=alone CharacterOffsetBegin=949 CharacterOffsetEnd=954 PartOfSpeech=RB] [Text=, CharacterOffsetBegin=954 CharacterOffsetEnd=955 PartOfSpeech=,] [Text=the CharacterOffsetBegin=956 CharacterOffsetEnd=959 PartOfSpeech=DT] [Text=way CharacterOffsetBegin=960 CharacterOffsetEnd=963 PartOfSpeech=NN] [Text=he CharacterOffsetBegin=964 CharacterOffsetEnd=966 PartOfSpeech=PRP] [Text=lights CharacterOffsetBegin=967 CharacterOffsetEnd=973 PartOfSpeech=NNS] [Text=Kim CharacterOffsetBegin=974 CharacterOffsetEnd=977 PartOfSpeech=NNP] [Text=Hunter CharacterOffsetBegin=978 CharacterOffsetEnd=984 PartOfSpeech=NNP] [Text='s CharacterOffsetBegin=984 CharacterOffsetEnd=986 PartOfSpeech=POS] [Text=face CharacterOffsetBegin=987 CharacterOffsetEnd=991 PartOfSpeech=NN] [Text=makes CharacterOffsetBegin=992 CharacterOffsetEnd=997 PartOfSpeech=VBZ] [Text=her CharacterOffsetBegin=998 CharacterOffsetEnd=1001 PartOfSpeech=PRP$] [Text=all CharacterOffsetBegin=1002 CharacterOffsetEnd=1005 PartOfSpeech=PDT] [Text=the CharacterOffsetBegin=1006 CharacterOffsetEnd=1009 PartOfSpeech=DT] [Text=more CharacterOffsetBegin=1010 CharacterOffsetEnd=1014 PartOfSpeech=RBR] [Text=beautiful CharacterOffsetBegin=1015 CharacterOffsetEnd=1024 PartOfSpeech=JJ] [Text=, CharacterOffsetBegin=1024 CharacterOffsetEnd=1025 PartOfSpeech=,] [Text=what CharacterOffsetBegin=1026 CharacterOffsetEnd=1030 PartOfSpeech=WP] [Text=a CharacterOffsetBegin=1031 CharacterOffsetEnd=1032 PartOfSpeech=DT] [Text=genius CharacterOffsetBegin=1033 CharacterOffsetEnd=1039 PartOfSpeech=NN] [Text=, CharacterOffsetBegin=1039 CharacterOffsetEnd=1040 PartOfSpeech=,] [Text=he CharacterOffsetBegin=1041 CharacterOffsetEnd=1043 PartOfSpeech=PRP] [Text=can CharacterOffsetBegin=1044 CharacterOffsetEnd=1047 PartOfSpeech=MD] [Text=make CharacterOffsetBegin=1048 CharacterOffsetEnd=1052 PartOfSpeech=VB] [Text=a CharacterOffsetBegin=1053 CharacterOffsetEnd=1054 PartOfSpeech=DT] [Text=simple CharacterOffsetBegin=1055 CharacterOffsetEnd=1061 PartOfSpeech=JJ] [Text=things CharacterOffsetBegin=1062 CharacterOffsetEnd=1068 PartOfSpeech=NNS] [Text=such CharacterOffsetBegin=1069 CharacterOffsetEnd=1073 PartOfSpeech=JJ] [Text=as CharacterOffsetBegin=1074 CharacterOffsetEnd=1076 PartOfSpeech=IN] [Text=a CharacterOffsetBegin=1077 CharacterOffsetEnd=1078 PartOfSpeech=DT] [Text=game CharacterOffsetBegin=1079 CharacterOffsetEnd=1083 PartOfSpeech=NN] [Text=of CharacterOffsetBegin=1084 CharacterOffsetEnd=1086 PartOfSpeech=IN] [Text=table CharacterOffsetBegin=1087 CharacterOffsetEnd=1092 PartOfSpeech=NN] [Text=tennis CharacterOffsetBegin=1093 CharacterOffsetEnd=1099 PartOfSpeech=NN] [Text=look CharacterOffsetBegin=1100 CharacterOffsetEnd=1104 PartOfSpeech=NN] [Text=exciting CharacterOffsetBegin=1105 CharacterOffsetEnd=1113 PartOfSpeech=JJ] [Text=. CharacterOffsetBegin=1113 CharacterOffsetEnd=1114 PartOfSpeech=.] 
root(ROOT-0, reason-7)
cc(reason-7, And-1)
nn(Cardiff-3, Jack-2)
poss(cinematography-5, Cardiff-3)
possessive(Cardiff-3, 's-4)
nsubj(reason-7, cinematography-5)
cop(reason-7, is-6)
advmod(reason-7, enough-8)
aux(watch-10, to-9)
xcomp(enough-8, watch-10)
det(film-12, the-11)
dobj(watch-10, film-12)
advmod(watch-10, alone-13)
punct(reason-7, ,-14)
det(way-16, the-15)
npadvmod(reason-7, way-16)
nsubj(lights-18, he-17)
rcmod(way-16, lights-18)
nn(Hunter-20, Kim-19)
poss(face-22, Hunter-20)
possessive(Hunter-20, 's-21)
nsubj(makes-23, face-22)
rcmod(lights-18, makes-23)
dep(beautiful-28, her-24)
dep(beautiful-28, all-25)
det(beautiful-28, the-26)
advmod(beautiful-28, more-27)
dep(makes-23, beautiful-28)
punct(beautiful-28, ,-29)
dobj(make-36, what-30)
det(genius-32, a-31)
tmod(make-36, genius-32)
punct(make-36, ,-33)
nsubj(make-36, he-34)
aux(make-36, can-35)
ccomp(beautiful-28, make-36)
det(things-39, a-37)
amod(things-39, simple-38)
dobj(make-36, things-39)
mwe(as-41, such-40)
prep(things-39, as-41)
det(game-43, a-42)
pobj(as-41, game-43)
prep(game-43, of-44)
nn(look-47, table-45)
nn(look-47, tennis-46)
pobj(of-44, look-47)
amod(look-47, exciting-48)
punct(reason-7, .-49)

Sentence #8 (73 tokens):
And the sound design is also impeccable; the way the sound mutes at vital points was a decision way ahead of its timeThis is a true classic that can restore anyone's faith in cinema, under appreciated on its initial release and by today's audiences, but one of my all time favourites, which is why I give this film a 10/10, in a word - Beautiful.
[Text=And CharacterOffsetBegin=1119 CharacterOffsetEnd=1122 PartOfSpeech=CC] [Text=the CharacterOffsetBegin=1123 CharacterOffsetEnd=1126 PartOfSpeech=DT] [Text=sound CharacterOffsetBegin=1127 CharacterOffsetEnd=1132 PartOfSpeech=JJ] [Text=design CharacterOffsetBegin=1133 CharacterOffsetEnd=1139 PartOfSpeech=NN] [Text=is CharacterOffsetBegin=1140 CharacterOffsetEnd=1142 PartOfSpeech=VBZ] [Text=also CharacterOffsetBegin=1143 CharacterOffsetEnd=1147 PartOfSpeech=RB] [Text=impeccable CharacterOffsetBegin=1148 CharacterOffsetEnd=1158 PartOfSpeech=JJ] [Text=; CharacterOffsetBegin=1158 CharacterOffsetEnd=1159 PartOfSpeech=:] [Text=the CharacterOffsetBegin=1160 CharacterOffsetEnd=1163 PartOfSpeech=DT] [Text=way CharacterOffsetBegin=1164 CharacterOffsetEnd=1167 PartOfSpeech=NN] [Text=the CharacterOffsetBegin=1168 CharacterOffsetEnd=1171 PartOfSpeech=DT] [Text=sound CharacterOffsetBegin=1172 CharacterOffsetEnd=1177 PartOfSpeech=JJ] [Text=mutes CharacterOffsetBegin=1178 CharacterOffsetEnd=1183 PartOfSpeech=NNS] [Text=at CharacterOffsetBegin=1184 CharacterOffsetEnd=1186 PartOfSpeech=IN] [Text=vital CharacterOffsetBegin=1187 CharacterOffsetEnd=1192 PartOfSpeech=JJ] [Text=points CharacterOffsetBegin=1193 CharacterOffsetEnd=1199 PartOfSpeech=NNS] [Text=was CharacterOffsetBegin=1200 CharacterOffsetEnd=1203 PartOfSpeech=VBD] [Text=a CharacterOffsetBegin=1204 CharacterOffsetEnd=1205 PartOfSpeech=DT] [Text=decision CharacterOffsetBegin=1206 CharacterOffsetEnd=1214 PartOfSpeech=NN] [Text=way CharacterOffsetBegin=1215 CharacterOffsetEnd=1218 PartOfSpeech=NN] [Text=ahead CharacterOffsetBegin=1219 CharacterOffsetEnd=1224 PartOfSpeech=RB] [Text=of CharacterOffsetBegin=1225 CharacterOffsetEnd=1227 PartOfSpeech=IN] [Text=its CharacterOffsetBegin=1228 CharacterOffsetEnd=1231 PartOfSpeech=PRP$] [Text=timeThis CharacterOffsetBegin=1232 CharacterOffsetEnd=1240 PartOfSpeech=NNP] [Text=is CharacterOffsetBegin=1241 CharacterOffsetEnd=1243 PartOfSpeech=VBZ] [Text=a CharacterOffsetBegin=1244 CharacterOffsetEnd=1245 PartOfSpeech=DT] [Text=true CharacterOffsetBegin=1246 CharacterOffsetEnd=1250 PartOfSpeech=JJ] [Text=classic CharacterOffsetBegin=1251 CharacterOffsetEnd=1258 PartOfSpeech=NN] [Text=that CharacterOffsetBegin=1259 CharacterOffsetEnd=1263 PartOfSpeech=WDT] [Text=can CharacterOffsetBegin=1264 CharacterOffsetEnd=1267 PartOfSpeech=MD] [Text=restore CharacterOffsetBegin=1268 CharacterOffsetEnd=1275 PartOfSpeech=VB] [Text=anyone CharacterOffsetBegin=1276 CharacterOffsetEnd=1282 PartOfSpeech=NN] [Text='s CharacterOffsetBegin=1282 CharacterOffsetEnd=1284 PartOfSpeech=POS] [Text=faith CharacterOffsetBegin=1285 CharacterOffsetEnd=1290 PartOfSpeech=NN] [Text=in CharacterOffsetBegin=1291 CharacterOffsetEnd=1293 PartOfSpeech=IN] [Text=cinema CharacterOffsetBegin=1294 CharacterOffsetEnd=1300 PartOfSpeech=NN] [Text=, CharacterOffsetBegin=1300 CharacterOffsetEnd=1301 PartOfSpeech=,] [Text=under CharacterOffsetBegin=1302 CharacterOffsetEnd=1307 PartOfSpeech=IN] [Text=appreciated CharacterOffsetBegin=1308 CharacterOffsetEnd=1319 PartOfSpeech=VBN] [Text=on CharacterOffsetBegin=1320 CharacterOffsetEnd=1322 PartOfSpeech=IN] [Text=its CharacterOffsetBegin=1323 CharacterOffsetEnd=1326 PartOfSpeech=PRP$] [Text=initial CharacterOffsetBegin=1327 CharacterOffsetEnd=1334 PartOfSpeech=JJ] [Text=release CharacterOffsetBegin=1335 CharacterOffsetEnd=1342 PartOfSpeech=NN] [Text=and CharacterOffsetBegin=1343 CharacterOffsetEnd=1346 PartOfSpeech=CC] [Text=by CharacterOffsetBegin=1347 CharacterOffsetEnd=1349 PartOfSpeech=IN] [Text=today CharacterOffsetBegin=1350 CharacterOffsetEnd=1355 PartOfSpeech=NN] [Text='s CharacterOffsetBegin=1355 CharacterOffsetEnd=1357 PartOfSpeech=POS] [Text=audiences CharacterOffsetBegin=1358 CharacterOffsetEnd=1367 PartOfSpeech=NNS] [Text=, CharacterOffsetBegin=1367 CharacterOffsetEnd=1368 PartOfSpeech=,] [Text=but CharacterOffsetBegin=1369 CharacterOffsetEnd=1372 PartOfSpeech=CC] [Text=one CharacterOffsetBegin=1373 CharacterOffsetEnd=1376 PartOfSpeech=CD] [Text=of CharacterOffsetBegin=1377 CharacterOffsetEnd=1379 PartOfSpeech=IN] [Text=my CharacterOffsetBegin=1380 CharacterOffsetEnd=1382 PartOfSpeech=PRP$] [Text=all CharacterOffsetBegin=1383 CharacterOffsetEnd=1386 PartOfSpeech=DT] [Text=time CharacterOffsetBegin=1387 CharacterOffsetEnd=1391 PartOfSpeech=NN] [Text=favourites CharacterOffsetBegin=1392 CharacterOffsetEnd=1402 PartOfSpeech=NNS] [Text=, CharacterOffsetBegin=1402 CharacterOffsetEnd=1403 PartOfSpeech=,] [Text=which CharacterOffsetBegin=1404 CharacterOffsetEnd=1409 PartOfSpeech=WDT] [Text=is CharacterOffsetBegin=1410 CharacterOffsetEnd=1412 PartOfSpeech=VBZ] [Text=why CharacterOffsetBegin=1413 CharacterOffsetEnd=1416 PartOfSpeech=WRB] [Text=I CharacterOffsetBegin=1417 CharacterOffsetEnd=1418 PartOfSpeech=PRP] [Text=give CharacterOffsetBegin=1419 CharacterOffsetEnd=1423 PartOfSpeech=VBP] [Text=this CharacterOffsetBegin=1424 CharacterOffsetEnd=1428 PartOfSpeech=DT] [Text=film CharacterOffsetBegin=1429 CharacterOffsetEnd=1433 PartOfSpeech=NN] [Text=a CharacterOffsetBegin=1434 CharacterOffsetEnd=1435 PartOfSpeech=DT] [Text=10/10 CharacterOffsetBegin=1436 CharacterOffsetEnd=1441 PartOfSpeech=CD] [Text=, CharacterOffsetBegin=1441 CharacterOffsetEnd=1442 PartOfSpeech=,] [Text=in CharacterOffsetBegin=1443 CharacterOffsetEnd=1445 PartOfSpeech=IN] [Text=a CharacterOffsetBegin=1446 CharacterOffsetEnd=1447 PartOfSpeech=DT] [Text=word CharacterOffsetBegin=1448 CharacterOffsetEnd=1452 PartOfSpeech=NN] [Text=- CharacterOffsetBegin=1453 CharacterOffsetEnd=1454 PartOfSpeech=:] [Text=Beautiful CharacterOffsetBegin=1455 CharacterOffsetEnd=1464 PartOfSpeech=NNP] [Text=. CharacterOffsetBegin=1464 CharacterOffsetEnd=1465 PartOfSpeech=.] 
root(ROOT-0, impeccable-7)
cc(impeccable-7, And-1)
det(design-4, the-2)
amod(design-4, sound-3)
nsubj(impeccable-7, design-4)
cop(impeccable-7, is-5)
advmod(impeccable-7, also-6)
punct(impeccable-7, ;-8)
det(way-10, the-9)
nsubj(classic-28, way-10)
det(mutes-13, the-11)
amod(mutes-13, sound-12)
nsubj(way-20, mutes-13)
prep(mutes-13, at-14)
amod(points-16, vital-15)
pobj(at-14, points-16)
cop(way-20, was-17)
det(way-20, a-18)
nn(way-20, decision-19)
rcmod(way-10, way-20)
advmod(way-20, ahead-21)
prep(ahead-21, of-22)
poss(timeThis-24, its-23)
pobj(of-22, timeThis-24)
cop(classic-28, is-25)
det(classic-28, a-26)
amod(classic-28, true-27)
parataxis(impeccable-7, classic-28)
nsubj(restore-31, that-29)
aux(restore-31, can-30)
rcmod(classic-28, restore-31)
poss(faith-34, anyone-32)
possessive(anyone-32, 's-33)
dobj(restore-31, faith-34)
prep(faith-34, in-35)
pobj(in-35, cinema-36)
punct(restore-31, ,-37)
advmod(appreciated-39, under-38)
conj(restore-31, appreciated-39)
prep(appreciated-39, on-40)
poss(release-43, its-41)
amod(release-43, initial-42)
pobj(on-40, release-43)
cc(restore-31, and-44)
conj(restore-31, by-45)
poss(audiences-48, today-46)
possessive(today-46, 's-47)
pobj(by-45, audiences-48)
punct(classic-28, ,-49)
cc(classic-28, but-50)
conj(classic-28, one-51)
prep(one-51, of-52)
pobj(of-52, my-53)
det(time-55, all-54)
dep(my-53, time-55)
dep(time-55, favourites-56)
punct(time-55, ,-57)
nsubj(is-59, which-58)
rcmod(time-55, is-59)
advmod(give-62, why-60)
nsubj(give-62, I-61)
advcl(is-59, give-62)
det(film-64, this-63)
iobj(give-62, film-64)
det(10/10-66, a-65)
dobj(give-62, 10/10-66)
punct(time-55, ,-67)
prep(time-55, in-68)
det(word-70, a-69)
pobj(in-68, word-70)
punct(word-70, --71)
dep(word-70, Beautiful-72)
punct(impeccable-7, .-73)

