Sentence #1 (28 tokens):
This movie is the next segment in the pokemon movies which supplies everything on hopes and dreams of a pokemon warrior named Ash Ketchim and his friends.
[Text=This CharacterOffsetBegin=4 CharacterOffsetEnd=8 PartOfSpeech=DT] [Text=movie CharacterOffsetBegin=9 CharacterOffsetEnd=14 PartOfSpeech=NN] [Text=is CharacterOffsetBegin=15 CharacterOffsetEnd=17 PartOfSpeech=VBZ] [Text=the CharacterOffsetBegin=18 CharacterOffsetEnd=21 PartOfSpeech=DT] [Text=next CharacterOffsetBegin=22 CharacterOffsetEnd=26 PartOfSpeech=JJ] [Text=segment CharacterOffsetBegin=27 CharacterOffsetEnd=34 PartOfSpeech=NN] [Text=in CharacterOffsetBegin=35 CharacterOffsetEnd=37 PartOfSpeech=IN] [Text=the CharacterOffsetBegin=38 CharacterOffsetEnd=41 PartOfSpeech=DT] [Text=pokemon CharacterOffsetBegin=42 CharacterOffsetEnd=49 PartOfSpeech=NN] [Text=movies CharacterOffsetBegin=50 CharacterOffsetEnd=56 PartOfSpeech=NNS] [Text=which CharacterOffsetBegin=57 CharacterOffsetEnd=62 PartOfSpeech=WDT] [Text=supplies CharacterOffsetBegin=63 CharacterOffsetEnd=71 PartOfSpeech=VBZ] [Text=everything CharacterOffsetBegin=72 CharacterOffsetEnd=82 PartOfSpeech=NN] [Text=on CharacterOffsetBegin=83 CharacterOffsetEnd=85 PartOfSpeech=IN] [Text=hopes CharacterOffsetBegin=86 CharacterOffsetEnd=91 PartOfSpeech=NNS] [Text=and CharacterOffsetBegin=92 CharacterOffsetEnd=95 PartOfSpeech=CC] [Text=dreams CharacterOffsetBegin=96 CharacterOffsetEnd=102 PartOfSpeech=NNS] [Text=of CharacterOffsetBegin=103 CharacterOffsetEnd=105 PartOfSpeech=IN] [Text=a CharacterOffsetBegin=106 CharacterOffsetEnd=107 PartOfSpeech=DT] [Text=pokemon CharacterOffsetBegin=108 CharacterOffsetEnd=115 PartOfSpeech=JJ] [Text=warrior CharacterOffsetBegin=116 CharacterOffsetEnd=123 PartOfSpeech=NN] [Text=named CharacterOffsetBegin=124 CharacterOffsetEnd=129 PartOfSpeech=VBN] [Text=Ash CharacterOffsetBegin=130 CharacterOffsetEnd=133 PartOfSpeech=NNP] [Text=Ketchim CharacterOffsetBegin=134 CharacterOffsetEnd=141 PartOfSpeech=NNP] [Text=and CharacterOffsetBegin=142 CharacterOffsetEnd=145 PartOfSpeech=CC] [Text=his CharacterOffsetBegin=146 CharacterOffsetEnd=149 PartOfSpeech=PRP$] [Text=friends CharacterOffsetBegin=150 CharacterOffsetEnd=157 PartOfSpeech=NNS] [Text=. CharacterOffsetBegin=157 CharacterOffsetEnd=158 PartOfSpeech=.] 
root(ROOT-0, segment-6)
det(movie-2, This-1)
nsubj(segment-6, movie-2)
cop(segment-6, is-3)
det(segment-6, the-4)
amod(segment-6, next-5)
prep(segment-6, in-7)
det(movies-10, the-8)
nn(movies-10, pokemon-9)
pobj(in-7, movies-10)
nsubj(supplies-12, which-11)
rcmod(movies-10, supplies-12)
dobj(supplies-12, everything-13)
prep(supplies-12, on-14)
pobj(on-14, hopes-15)
cc(hopes-15, and-16)
conj(hopes-15, dreams-17)
prep(dreams-17, of-18)
det(warrior-21, a-19)
amod(warrior-21, pokemon-20)
pobj(of-18, warrior-21)
partmod(warrior-21, named-22)
nn(Ketchim-24, Ash-23)
dep(named-22, Ketchim-24)
cc(Ketchim-24, and-25)
poss(friends-27, his-26)
conj(Ketchim-24, friends-27)
punct(segment-6, .-28)

Sentence #2 (24 tokens):
they go out and they look battle and run into new pokemon and take on new adventures with Pikachu and other pokemon favorites.
[Text=they CharacterOffsetBegin=163 CharacterOffsetEnd=167 PartOfSpeech=PRP] [Text=go CharacterOffsetBegin=168 CharacterOffsetEnd=170 PartOfSpeech=VBP] [Text=out CharacterOffsetBegin=171 CharacterOffsetEnd=174 PartOfSpeech=RB] [Text=and CharacterOffsetBegin=175 CharacterOffsetEnd=178 PartOfSpeech=CC] [Text=they CharacterOffsetBegin=179 CharacterOffsetEnd=183 PartOfSpeech=PRP] [Text=look CharacterOffsetBegin=184 CharacterOffsetEnd=188 PartOfSpeech=VBP] [Text=battle CharacterOffsetBegin=189 CharacterOffsetEnd=195 PartOfSpeech=NN] [Text=and CharacterOffsetBegin=196 CharacterOffsetEnd=199 PartOfSpeech=CC] [Text=run CharacterOffsetBegin=200 CharacterOffsetEnd=203 PartOfSpeech=VB] [Text=into CharacterOffsetBegin=204 CharacterOffsetEnd=208 PartOfSpeech=IN] [Text=new CharacterOffsetBegin=209 CharacterOffsetEnd=212 PartOfSpeech=JJ] [Text=pokemon CharacterOffsetBegin=213 CharacterOffsetEnd=220 PartOfSpeech=NNS] [Text=and CharacterOffsetBegin=221 CharacterOffsetEnd=224 PartOfSpeech=CC] [Text=take CharacterOffsetBegin=225 CharacterOffsetEnd=229 PartOfSpeech=VB] [Text=on CharacterOffsetBegin=230 CharacterOffsetEnd=232 PartOfSpeech=RP] [Text=new CharacterOffsetBegin=233 CharacterOffsetEnd=236 PartOfSpeech=JJ] [Text=adventures CharacterOffsetBegin=237 CharacterOffsetEnd=247 PartOfSpeech=NNS] [Text=with CharacterOffsetBegin=248 CharacterOffsetEnd=252 PartOfSpeech=IN] [Text=Pikachu CharacterOffsetBegin=253 CharacterOffsetEnd=260 PartOfSpeech=NNP] [Text=and CharacterOffsetBegin=261 CharacterOffsetEnd=264 PartOfSpeech=CC] [Text=other CharacterOffsetBegin=265 CharacterOffsetEnd=270 PartOfSpeech=JJ] [Text=pokemon CharacterOffsetBegin=271 CharacterOffsetEnd=278 PartOfSpeech=NN] [Text=favorites CharacterOffsetBegin=279 CharacterOffsetEnd=288 PartOfSpeech=NNS] [Text=. CharacterOffsetBegin=288 CharacterOffsetEnd=289 PartOfSpeech=.] 
root(ROOT-0, go-2)
nsubj(go-2, they-1)
advmod(go-2, out-3)
cc(go-2, and-4)
nsubj(look-6, they-5)
conj(go-2, look-6)
dobj(look-6, battle-7)
cc(go-2, and-8)
conj(go-2, run-9)
prep(run-9, into-10)
amod(pokemon-12, new-11)
pobj(into-10, pokemon-12)
cc(go-2, and-13)
conj(go-2, take-14)
prt(take-14, on-15)
amod(adventures-17, new-16)
dobj(take-14, adventures-17)
prep(adventures-17, with-18)
pobj(with-18, Pikachu-19)
cc(Pikachu-19, and-20)
amod(favorites-23, other-21)
nn(favorites-23, pokemon-22)
conj(Pikachu-19, favorites-23)
punct(go-2, .-24)

Sentence #3 (14 tokens):
This adventure takes on with a new pokemon called Celebi a time pokemon.
[Text=This CharacterOffsetBegin=294 CharacterOffsetEnd=298 PartOfSpeech=DT] [Text=adventure CharacterOffsetBegin=299 CharacterOffsetEnd=308 PartOfSpeech=NN] [Text=takes CharacterOffsetBegin=309 CharacterOffsetEnd=314 PartOfSpeech=VBZ] [Text=on CharacterOffsetBegin=315 CharacterOffsetEnd=317 PartOfSpeech=RP] [Text=with CharacterOffsetBegin=318 CharacterOffsetEnd=322 PartOfSpeech=IN] [Text=a CharacterOffsetBegin=323 CharacterOffsetEnd=324 PartOfSpeech=DT] [Text=new CharacterOffsetBegin=325 CharacterOffsetEnd=328 PartOfSpeech=JJ] [Text=pokemon CharacterOffsetBegin=329 CharacterOffsetEnd=336 PartOfSpeech=NN] [Text=called CharacterOffsetBegin=337 CharacterOffsetEnd=343 PartOfSpeech=VBN] [Text=Celebi CharacterOffsetBegin=344 CharacterOffsetEnd=350 PartOfSpeech=NNP] [Text=a CharacterOffsetBegin=351 CharacterOffsetEnd=352 PartOfSpeech=DT] [Text=time CharacterOffsetBegin=353 CharacterOffsetEnd=357 PartOfSpeech=NN] [Text=pokemon CharacterOffsetBegin=358 CharacterOffsetEnd=365 PartOfSpeech=NN] [Text=. CharacterOffsetBegin=365 CharacterOffsetEnd=366 PartOfSpeech=.] 
root(ROOT-0, takes-3)
det(adventure-2, This-1)
nsubj(takes-3, adventure-2)
prt(takes-3, on-4)
prep(takes-3, with-5)
det(pokemon-8, a-6)
amod(pokemon-8, new-7)
pobj(with-5, pokemon-8)
partmod(pokemon-8, called-9)
dep(called-9, Celebi-10)
det(time-12, a-11)
dep(called-9, time-12)
dep(time-12, pokemon-13)
punct(takes-3, .-14)

Sentence #4 (14 tokens):
Go join ash Brock and Misty to find all sorts of new things!
[Text=Go CharacterOffsetBegin=371 CharacterOffsetEnd=373 PartOfSpeech=VB] [Text=join CharacterOffsetBegin=374 CharacterOffsetEnd=378 PartOfSpeech=VB] [Text=ash CharacterOffsetBegin=379 CharacterOffsetEnd=382 PartOfSpeech=JJ] [Text=Brock CharacterOffsetBegin=383 CharacterOffsetEnd=388 PartOfSpeech=NNP] [Text=and CharacterOffsetBegin=389 CharacterOffsetEnd=392 PartOfSpeech=CC] [Text=Misty CharacterOffsetBegin=393 CharacterOffsetEnd=398 PartOfSpeech=NNP] [Text=to CharacterOffsetBegin=399 CharacterOffsetEnd=401 PartOfSpeech=TO] [Text=find CharacterOffsetBegin=402 CharacterOffsetEnd=406 PartOfSpeech=VB] [Text=all CharacterOffsetBegin=407 CharacterOffsetEnd=410 PartOfSpeech=DT] [Text=sorts CharacterOffsetBegin=411 CharacterOffsetEnd=416 PartOfSpeech=NNS] [Text=of CharacterOffsetBegin=417 CharacterOffsetEnd=419 PartOfSpeech=IN] [Text=new CharacterOffsetBegin=420 CharacterOffsetEnd=423 PartOfSpeech=JJ] [Text=things CharacterOffsetBegin=424 CharacterOffsetEnd=430 PartOfSpeech=NNS] [Text=! CharacterOffsetBegin=430 CharacterOffsetEnd=431 PartOfSpeech=.] 
root(ROOT-0, Go-1)
xcomp(Go-1, join-2)
amod(Brock-4, ash-3)
dobj(join-2, Brock-4)
cc(Brock-4, and-5)
conj(Brock-4, Misty-6)
aux(find-8, to-7)
xcomp(join-2, find-8)
det(sorts-10, all-9)
dobj(find-8, sorts-10)
prep(sorts-10, of-11)
amod(things-13, new-12)
pobj(of-11, things-13)
punct(Go-1, !-14)

