Sentence #1 (12 tokens):
For what it is, this is a pretty good movie.
[Text=For CharacterOffsetBegin=4 CharacterOffsetEnd=7 PartOfSpeech=IN] [Text=what CharacterOffsetBegin=8 CharacterOffsetEnd=12 PartOfSpeech=WP] [Text=it CharacterOffsetBegin=13 CharacterOffsetEnd=15 PartOfSpeech=PRP] [Text=is CharacterOffsetBegin=16 CharacterOffsetEnd=18 PartOfSpeech=VBZ] [Text=, CharacterOffsetBegin=18 CharacterOffsetEnd=19 PartOfSpeech=,] [Text=this CharacterOffsetBegin=20 CharacterOffsetEnd=24 PartOfSpeech=DT] [Text=is CharacterOffsetBegin=25 CharacterOffsetEnd=27 PartOfSpeech=VBZ] [Text=a CharacterOffsetBegin=28 CharacterOffsetEnd=29 PartOfSpeech=DT] [Text=pretty CharacterOffsetBegin=30 CharacterOffsetEnd=36 PartOfSpeech=RB] [Text=good CharacterOffsetBegin=37 CharacterOffsetEnd=41 PartOfSpeech=JJ] [Text=movie CharacterOffsetBegin=42 CharacterOffsetEnd=47 PartOfSpeech=NN] [Text=. CharacterOffsetBegin=47 CharacterOffsetEnd=48 PartOfSpeech=.] 
root(ROOT-0, movie-11)
prep(movie-11, For-1)
dobj(is-4, what-2)
nsubj(is-4, it-3)
pcomp(For-1, is-4)
punct(movie-11, ,-5)
nsubj(movie-11, this-6)
cop(movie-11, is-7)
det(movie-11, a-8)
advmod(good-10, pretty-9)
amod(movie-11, good-10)
punct(movie-11, .-12)

Sentence #2 (25 tokens):
I like both Johns -Stamos ("Full House")& Stockwell ("Christine", "Top Gun").
[Text=I CharacterOffsetBegin=53 CharacterOffsetEnd=54 PartOfSpeech=PRP] [Text=like CharacterOffsetBegin=55 CharacterOffsetEnd=59 PartOfSpeech=VBP] [Text=both CharacterOffsetBegin=60 CharacterOffsetEnd=64 PartOfSpeech=DT] [Text=Johns CharacterOffsetBegin=65 CharacterOffsetEnd=70 PartOfSpeech=NNP] [Text=- CharacterOffsetBegin=71 CharacterOffsetEnd=72 PartOfSpeech=:] [Text=Stamos CharacterOffsetBegin=72 CharacterOffsetEnd=78 PartOfSpeech=NNP] [Text=-LRB- CharacterOffsetBegin=79 CharacterOffsetEnd=80 PartOfSpeech=-LRB-] [Text=`` CharacterOffsetBegin=80 CharacterOffsetEnd=81 PartOfSpeech=``] [Text=Full CharacterOffsetBegin=81 CharacterOffsetEnd=85 PartOfSpeech=JJ] [Text=House CharacterOffsetBegin=86 CharacterOffsetEnd=91 PartOfSpeech=NNP] [Text='' CharacterOffsetBegin=91 CharacterOffsetEnd=92 PartOfSpeech=''] [Text=-RRB- CharacterOffsetBegin=92 CharacterOffsetEnd=93 PartOfSpeech=-RRB-] [Text=& CharacterOffsetBegin=93 CharacterOffsetEnd=94 PartOfSpeech=CC] [Text=Stockwell CharacterOffsetBegin=95 CharacterOffsetEnd=104 PartOfSpeech=NNP] [Text=-LRB- CharacterOffsetBegin=105 CharacterOffsetEnd=106 PartOfSpeech=-LRB-] [Text=`` CharacterOffsetBegin=106 CharacterOffsetEnd=107 PartOfSpeech=``] [Text=Christine CharacterOffsetBegin=107 CharacterOffsetEnd=116 PartOfSpeech=NNP] [Text='' CharacterOffsetBegin=116 CharacterOffsetEnd=117 PartOfSpeech=''] [Text=, CharacterOffsetBegin=117 CharacterOffsetEnd=118 PartOfSpeech=,] [Text=`` CharacterOffsetBegin=119 CharacterOffsetEnd=120 PartOfSpeech=``] [Text=Top CharacterOffsetBegin=120 CharacterOffsetEnd=123 PartOfSpeech=JJ] [Text=Gun CharacterOffsetBegin=124 CharacterOffsetEnd=127 PartOfSpeech=NN] [Text='' CharacterOffsetBegin=127 CharacterOffsetEnd=128 PartOfSpeech=''] [Text=-RRB- CharacterOffsetBegin=128 CharacterOffsetEnd=129 PartOfSpeech=-RRB-] [Text=. CharacterOffsetBegin=129 CharacterOffsetEnd=130 PartOfSpeech=.] 
root(ROOT-0, like-2)
nsubj(like-2, I-1)
dep(like-2, both-3)
nn(House-10, Johns-4)
punct(House-10, --5)
nn(House-10, Stamos-6)
punct(House-10, -LRB--7)
punct(House-10, ``-8)
amod(House-10, Full-9)
dep(both-3, House-10)
punct(House-10, ''-11)
punct(House-10, -RRB--12)
cc(House-10, &-13)
conj(House-10, Stockwell-14)
punct(Christine-17, -LRB--15)
punct(Christine-17, ``-16)
dep(Stockwell-14, Christine-17)
punct(Christine-17, ''-18)
punct(Christine-17, ,-19)
punct(Christine-17, ``-20)
amod(Gun-22, Top-21)
dep(Christine-17, Gun-22)
punct(Christine-17, ''-23)
punct(Christine-17, -RRB--24)
punct(like-2, .-25)

Sentence #3 (6 tokens):
They both give strong performances.
[Text=They CharacterOffsetBegin=135 CharacterOffsetEnd=139 PartOfSpeech=PRP] [Text=both CharacterOffsetBegin=140 CharacterOffsetEnd=144 PartOfSpeech=DT] [Text=give CharacterOffsetBegin=145 CharacterOffsetEnd=149 PartOfSpeech=VBP] [Text=strong CharacterOffsetBegin=150 CharacterOffsetEnd=156 PartOfSpeech=JJ] [Text=performances CharacterOffsetBegin=157 CharacterOffsetEnd=169 PartOfSpeech=NNS] [Text=. CharacterOffsetBegin=169 CharacterOffsetEnd=170 PartOfSpeech=.] 
root(ROOT-0, give-3)
nsubj(give-3, They-1)
dep(give-3, both-2)
amod(performances-5, strong-4)
dobj(give-3, performances-5)
punct(give-3, .-6)

Sentence #4 (21 tokens):
The love interest is OK, but this is more of a guy's movie than a good date movie.
[Text=The CharacterOffsetBegin=175 CharacterOffsetEnd=178 PartOfSpeech=DT] [Text=love CharacterOffsetBegin=179 CharacterOffsetEnd=183 PartOfSpeech=NN] [Text=interest CharacterOffsetBegin=184 CharacterOffsetEnd=192 PartOfSpeech=NN] [Text=is CharacterOffsetBegin=193 CharacterOffsetEnd=195 PartOfSpeech=VBZ] [Text=OK CharacterOffsetBegin=196 CharacterOffsetEnd=198 PartOfSpeech=JJ] [Text=, CharacterOffsetBegin=198 CharacterOffsetEnd=199 PartOfSpeech=,] [Text=but CharacterOffsetBegin=200 CharacterOffsetEnd=203 PartOfSpeech=CC] [Text=this CharacterOffsetBegin=204 CharacterOffsetEnd=208 PartOfSpeech=DT] [Text=is CharacterOffsetBegin=209 CharacterOffsetEnd=211 PartOfSpeech=VBZ] [Text=more CharacterOffsetBegin=212 CharacterOffsetEnd=216 PartOfSpeech=JJR] [Text=of CharacterOffsetBegin=217 CharacterOffsetEnd=219 PartOfSpeech=IN] [Text=a CharacterOffsetBegin=220 CharacterOffsetEnd=221 PartOfSpeech=DT] [Text=guy CharacterOffsetBegin=222 CharacterOffsetEnd=225 PartOfSpeech=NN] [Text='s CharacterOffsetBegin=225 CharacterOffsetEnd=227 PartOfSpeech=POS] [Text=movie CharacterOffsetBegin=228 CharacterOffsetEnd=233 PartOfSpeech=NN] [Text=than CharacterOffsetBegin=234 CharacterOffsetEnd=238 PartOfSpeech=IN] [Text=a CharacterOffsetBegin=239 CharacterOffsetEnd=240 PartOfSpeech=DT] [Text=good CharacterOffsetBegin=241 CharacterOffsetEnd=245 PartOfSpeech=JJ] [Text=date CharacterOffsetBegin=246 CharacterOffsetEnd=250 PartOfSpeech=NN] [Text=movie CharacterOffsetBegin=251 CharacterOffsetEnd=256 PartOfSpeech=NN] [Text=. CharacterOffsetBegin=256 CharacterOffsetEnd=257 PartOfSpeech=.] 
root(ROOT-0, OK-5)
det(interest-3, The-1)
nn(interest-3, love-2)
nsubj(OK-5, interest-3)
cop(OK-5, is-4)
punct(OK-5, ,-6)
cc(OK-5, but-7)
nsubj(more-10, this-8)
cop(more-10, is-9)
conj(OK-5, more-10)
prep(more-10, of-11)
det(guy-13, a-12)
poss(movie-15, guy-13)
possessive(guy-13, 's-14)
pobj(of-11, movie-15)
prep(more-10, than-16)
det(movie-20, a-17)
amod(movie-20, good-18)
nn(movie-20, date-19)
pobj(than-16, movie-20)
punct(OK-5, .-21)

Sentence #5 (26 tokens):
I love Harleys, and I hated seeing them paint over the "14 coats of hand-rubbed lacquer" with good old Army Olive Drab.
[Text=I CharacterOffsetBegin=262 CharacterOffsetEnd=263 PartOfSpeech=PRP] [Text=love CharacterOffsetBegin=264 CharacterOffsetEnd=268 PartOfSpeech=VBP] [Text=Harleys CharacterOffsetBegin=269 CharacterOffsetEnd=276 PartOfSpeech=NNPS] [Text=, CharacterOffsetBegin=276 CharacterOffsetEnd=277 PartOfSpeech=,] [Text=and CharacterOffsetBegin=278 CharacterOffsetEnd=281 PartOfSpeech=CC] [Text=I CharacterOffsetBegin=282 CharacterOffsetEnd=283 PartOfSpeech=PRP] [Text=hated CharacterOffsetBegin=284 CharacterOffsetEnd=289 PartOfSpeech=VBD] [Text=seeing CharacterOffsetBegin=290 CharacterOffsetEnd=296 PartOfSpeech=VBG] [Text=them CharacterOffsetBegin=297 CharacterOffsetEnd=301 PartOfSpeech=PRP] [Text=paint CharacterOffsetBegin=302 CharacterOffsetEnd=307 PartOfSpeech=VBP] [Text=over CharacterOffsetBegin=308 CharacterOffsetEnd=312 PartOfSpeech=IN] [Text=the CharacterOffsetBegin=313 CharacterOffsetEnd=316 PartOfSpeech=DT] [Text=`` CharacterOffsetBegin=317 CharacterOffsetEnd=318 PartOfSpeech=``] [Text=14 CharacterOffsetBegin=318 CharacterOffsetEnd=320 PartOfSpeech=CD] [Text=coats CharacterOffsetBegin=321 CharacterOffsetEnd=326 PartOfSpeech=NNS] [Text=of CharacterOffsetBegin=327 CharacterOffsetEnd=329 PartOfSpeech=IN] [Text=hand-rubbed CharacterOffsetBegin=330 CharacterOffsetEnd=341 PartOfSpeech=JJ] [Text=lacquer CharacterOffsetBegin=342 CharacterOffsetEnd=349 PartOfSpeech=NN] [Text='' CharacterOffsetBegin=349 CharacterOffsetEnd=350 PartOfSpeech=''] [Text=with CharacterOffsetBegin=351 CharacterOffsetEnd=355 PartOfSpeech=IN] [Text=good CharacterOffsetBegin=356 CharacterOffsetEnd=360 PartOfSpeech=JJ] [Text=old CharacterOffsetBegin=361 CharacterOffsetEnd=364 PartOfSpeech=JJ] [Text=Army CharacterOffsetBegin=365 CharacterOffsetEnd=369 PartOfSpeech=NNP] [Text=Olive CharacterOffsetBegin=370 CharacterOffsetEnd=375 PartOfSpeech=NNP] [Text=Drab CharacterOffsetBegin=376 CharacterOffsetEnd=380 PartOfSpeech=NNP] [Text=. CharacterOffsetBegin=380 CharacterOffsetEnd=381 PartOfSpeech=.] 
root(ROOT-0, love-2)
nsubj(love-2, I-1)
dobj(love-2, Harleys-3)
punct(love-2, ,-4)
cc(love-2, and-5)
nsubj(hated-7, I-6)
conj(love-2, hated-7)
xcomp(hated-7, seeing-8)
nsubj(paint-10, them-9)
ccomp(seeing-8, paint-10)
prep(paint-10, over-11)
det(coats-15, the-12)
punct(coats-15, ``-13)
num(coats-15, 14-14)
pobj(over-11, coats-15)
prep(coats-15, of-16)
amod(lacquer-18, hand-rubbed-17)
pobj(of-16, lacquer-18)
punct(coats-15, ''-19)
prep(coats-15, with-20)
amod(Drab-25, good-21)
amod(Drab-25, old-22)
nn(Drab-25, Army-23)
nn(Drab-25, Olive-24)
pobj(with-20, Drab-25)
punct(love-2, .-26)

Sentence #6 (18 tokens):
There is a small history lesson here in that Harley-Davidson motorcycles played a key role in WWII.
[Text=There CharacterOffsetBegin=386 CharacterOffsetEnd=391 PartOfSpeech=EX] [Text=is CharacterOffsetBegin=392 CharacterOffsetEnd=394 PartOfSpeech=VBZ] [Text=a CharacterOffsetBegin=395 CharacterOffsetEnd=396 PartOfSpeech=DT] [Text=small CharacterOffsetBegin=397 CharacterOffsetEnd=402 PartOfSpeech=JJ] [Text=history CharacterOffsetBegin=403 CharacterOffsetEnd=410 PartOfSpeech=NN] [Text=lesson CharacterOffsetBegin=411 CharacterOffsetEnd=417 PartOfSpeech=NN] [Text=here CharacterOffsetBegin=418 CharacterOffsetEnd=422 PartOfSpeech=RB] [Text=in CharacterOffsetBegin=423 CharacterOffsetEnd=425 PartOfSpeech=IN] [Text=that CharacterOffsetBegin=426 CharacterOffsetEnd=430 PartOfSpeech=DT] [Text=Harley-Davidson CharacterOffsetBegin=431 CharacterOffsetEnd=446 PartOfSpeech=NNP] [Text=motorcycles CharacterOffsetBegin=447 CharacterOffsetEnd=458 PartOfSpeech=NNS] [Text=played CharacterOffsetBegin=459 CharacterOffsetEnd=465 PartOfSpeech=VBD] [Text=a CharacterOffsetBegin=466 CharacterOffsetEnd=467 PartOfSpeech=DT] [Text=key CharacterOffsetBegin=468 CharacterOffsetEnd=471 PartOfSpeech=JJ] [Text=role CharacterOffsetBegin=472 CharacterOffsetEnd=476 PartOfSpeech=NN] [Text=in CharacterOffsetBegin=477 CharacterOffsetEnd=479 PartOfSpeech=IN] [Text=WWII CharacterOffsetBegin=480 CharacterOffsetEnd=484 PartOfSpeech=NNP] [Text=. CharacterOffsetBegin=484 CharacterOffsetEnd=485 PartOfSpeech=.] 
root(ROOT-0, is-2)
expl(is-2, There-1)
det(lesson-6, a-3)
amod(lesson-6, small-4)
nn(lesson-6, history-5)
nsubj(is-2, lesson-6)
advmod(lesson-6, here-7)
prep(lesson-6, in-8)
mark(played-12, that-9)
nn(motorcycles-11, Harley-Davidson-10)
nsubj(played-12, motorcycles-11)
pcomp(in-8, played-12)
det(role-15, a-13)
amod(role-15, key-14)
dobj(played-12, role-15)
prep(role-15, in-16)
pobj(in-16, WWII-17)
punct(is-2, .-18)

Sentence #7 (13 tokens):
I don't know if the training was quite like this bunches!
[Text=I CharacterOffsetBegin=490 CharacterOffsetEnd=491 PartOfSpeech=PRP] [Text=do CharacterOffsetBegin=492 CharacterOffsetEnd=494 PartOfSpeech=VBP] [Text=n't CharacterOffsetBegin=494 CharacterOffsetEnd=497 PartOfSpeech=RB] [Text=know CharacterOffsetBegin=498 CharacterOffsetEnd=502 PartOfSpeech=VB] [Text=if CharacterOffsetBegin=503 CharacterOffsetEnd=505 PartOfSpeech=IN] [Text=the CharacterOffsetBegin=506 CharacterOffsetEnd=509 PartOfSpeech=DT] [Text=training CharacterOffsetBegin=510 CharacterOffsetEnd=518 PartOfSpeech=NN] [Text=was CharacterOffsetBegin=519 CharacterOffsetEnd=522 PartOfSpeech=VBD] [Text=quite CharacterOffsetBegin=523 CharacterOffsetEnd=528 PartOfSpeech=RB] [Text=like CharacterOffsetBegin=529 CharacterOffsetEnd=533 PartOfSpeech=IN] [Text=this CharacterOffsetBegin=534 CharacterOffsetEnd=538 PartOfSpeech=DT] [Text=bunches CharacterOffsetBegin=539 CharacterOffsetEnd=546 PartOfSpeech=NNS] [Text=! CharacterOffsetBegin=546 CharacterOffsetEnd=547 PartOfSpeech=.] 
root(ROOT-0, know-4)
nsubj(know-4, I-1)
aux(know-4, do-2)
neg(know-4, n't-3)
mark(like-10, if-5)
det(training-7, the-6)
nsubj(like-10, training-7)
cop(like-10, was-8)
advmod(like-10, quite-9)
advcl(know-4, like-10)
det(bunches-12, this-11)
pobj(like-10, bunches-12)
punct(know-4, !-13)

Sentence #8 (20 tokens):
The movie kept my interest all the way through without getting slow anywhere, with good riding action sequences.
[Text=The CharacterOffsetBegin=552 CharacterOffsetEnd=555 PartOfSpeech=DT] [Text=movie CharacterOffsetBegin=556 CharacterOffsetEnd=561 PartOfSpeech=NN] [Text=kept CharacterOffsetBegin=562 CharacterOffsetEnd=566 PartOfSpeech=VBD] [Text=my CharacterOffsetBegin=567 CharacterOffsetEnd=569 PartOfSpeech=PRP$] [Text=interest CharacterOffsetBegin=570 CharacterOffsetEnd=578 PartOfSpeech=NN] [Text=all CharacterOffsetBegin=579 CharacterOffsetEnd=582 PartOfSpeech=PDT] [Text=the CharacterOffsetBegin=583 CharacterOffsetEnd=586 PartOfSpeech=DT] [Text=way CharacterOffsetBegin=587 CharacterOffsetEnd=590 PartOfSpeech=NN] [Text=through CharacterOffsetBegin=591 CharacterOffsetEnd=598 PartOfSpeech=IN] [Text=without CharacterOffsetBegin=599 CharacterOffsetEnd=606 PartOfSpeech=IN] [Text=getting CharacterOffsetBegin=607 CharacterOffsetEnd=614 PartOfSpeech=VBG] [Text=slow CharacterOffsetBegin=615 CharacterOffsetEnd=619 PartOfSpeech=JJ] [Text=anywhere CharacterOffsetBegin=620 CharacterOffsetEnd=628 PartOfSpeech=RB] [Text=, CharacterOffsetBegin=628 CharacterOffsetEnd=629 PartOfSpeech=,] [Text=with CharacterOffsetBegin=630 CharacterOffsetEnd=634 PartOfSpeech=IN] [Text=good CharacterOffsetBegin=635 CharacterOffsetEnd=639 PartOfSpeech=JJ] [Text=riding CharacterOffsetBegin=640 CharacterOffsetEnd=646 PartOfSpeech=VBG] [Text=action CharacterOffsetBegin=647 CharacterOffsetEnd=653 PartOfSpeech=NN] [Text=sequences CharacterOffsetBegin=654 CharacterOffsetEnd=663 PartOfSpeech=NNS] [Text=. CharacterOffsetBegin=663 CharacterOffsetEnd=664 PartOfSpeech=.] 
root(ROOT-0, kept-3)
det(movie-2, The-1)
nsubj(kept-3, movie-2)
poss(interest-5, my-4)
nsubj(way-8, interest-5)
predet(way-8, all-6)
det(way-8, the-7)
xcomp(kept-3, way-8)
prep(way-8, through-9)
pcomp(through-9, without-10)
pcomp(without-10, getting-11)
acomp(getting-11, slow-12)
advmod(slow-12, anywhere-13)
punct(slow-12, ,-14)
prep(slow-12, with-15)
pobj(with-15, good-16)
dep(good-16, riding-17)
nn(sequences-19, action-18)
dobj(riding-17, sequences-19)
punct(kept-3, .-20)

Sentence #9 (29 tokens):
I love looking at the demographics of the vote history - one 18 year-old man gave the movie a 10 (true bike lover, I guess).
[Text=I CharacterOffsetBegin=669 CharacterOffsetEnd=670 PartOfSpeech=PRP] [Text=love CharacterOffsetBegin=671 CharacterOffsetEnd=675 PartOfSpeech=VBP] [Text=looking CharacterOffsetBegin=676 CharacterOffsetEnd=683 PartOfSpeech=VBG] [Text=at CharacterOffsetBegin=684 CharacterOffsetEnd=686 PartOfSpeech=IN] [Text=the CharacterOffsetBegin=687 CharacterOffsetEnd=690 PartOfSpeech=DT] [Text=demographics CharacterOffsetBegin=691 CharacterOffsetEnd=703 PartOfSpeech=NNS] [Text=of CharacterOffsetBegin=704 CharacterOffsetEnd=706 PartOfSpeech=IN] [Text=the CharacterOffsetBegin=707 CharacterOffsetEnd=710 PartOfSpeech=DT] [Text=vote CharacterOffsetBegin=711 CharacterOffsetEnd=715 PartOfSpeech=NN] [Text=history CharacterOffsetBegin=716 CharacterOffsetEnd=723 PartOfSpeech=NN] [Text=- CharacterOffsetBegin=724 CharacterOffsetEnd=725 PartOfSpeech=:] [Text=one CharacterOffsetBegin=726 CharacterOffsetEnd=729 PartOfSpeech=CD] [Text=18 CharacterOffsetBegin=730 CharacterOffsetEnd=732 PartOfSpeech=CD] [Text=year-old CharacterOffsetBegin=733 CharacterOffsetEnd=741 PartOfSpeech=JJ] [Text=man CharacterOffsetBegin=742 CharacterOffsetEnd=745 PartOfSpeech=NN] [Text=gave CharacterOffsetBegin=746 CharacterOffsetEnd=750 PartOfSpeech=VBD] [Text=the CharacterOffsetBegin=751 CharacterOffsetEnd=754 PartOfSpeech=DT] [Text=movie CharacterOffsetBegin=755 CharacterOffsetEnd=760 PartOfSpeech=NN] [Text=a CharacterOffsetBegin=761 CharacterOffsetEnd=762 PartOfSpeech=DT] [Text=10 CharacterOffsetBegin=763 CharacterOffsetEnd=765 PartOfSpeech=CD] [Text=-LRB- CharacterOffsetBegin=766 CharacterOffsetEnd=767 PartOfSpeech=-LRB-] [Text=true CharacterOffsetBegin=767 CharacterOffsetEnd=771 PartOfSpeech=JJ] [Text=bike CharacterOffsetBegin=772 CharacterOffsetEnd=776 PartOfSpeech=NN] [Text=lover CharacterOffsetBegin=777 CharacterOffsetEnd=782 PartOfSpeech=NN] [Text=, CharacterOffsetBegin=782 CharacterOffsetEnd=783 PartOfSpeech=,] [Text=I CharacterOffsetBegin=784 CharacterOffsetEnd=785 PartOfSpeech=PRP] [Text=guess CharacterOffsetBegin=786 CharacterOffsetEnd=791 PartOfSpeech=VBP] [Text=-RRB- CharacterOffsetBegin=791 CharacterOffsetEnd=792 PartOfSpeech=-RRB-] [Text=. CharacterOffsetBegin=792 CharacterOffsetEnd=793 PartOfSpeech=.] 
root(ROOT-0, love-2)
nsubj(love-2, I-1)
dep(love-2, looking-3)
prep(looking-3, at-4)
det(demographics-6, the-5)
pobj(at-4, demographics-6)
prep(demographics-6, of-7)
det(history-10, the-8)
nn(history-10, vote-9)
pobj(of-7, history-10)
punct(looking-3, --11)
num(man-15, one-12)
num(man-15, 18-13)
amod(man-15, year-old-14)
nsubj(gave-16, man-15)
dep(looking-3, gave-16)
det(movie-18, the-17)
iobj(gave-16, movie-18)
det(lover-24, a-19)
num(lover-24, 10-20)
punct(lover-24, -LRB--21)
amod(lover-24, true-22)
nn(lover-24, bike-23)
dobj(gave-16, lover-24)
punct(gave-16, ,-25)
nsubj(guess-27, I-26)
dep(gave-16, guess-27)
punct(gave-16, -RRB--28)
punct(love-2, .-29)

Sentence #10 (16 tokens):
I wouldn't give it a 10, but I did give it an 8.
[Text=I CharacterOffsetBegin=798 CharacterOffsetEnd=799 PartOfSpeech=PRP] [Text=would CharacterOffsetBegin=800 CharacterOffsetEnd=805 PartOfSpeech=MD] [Text=n't CharacterOffsetBegin=805 CharacterOffsetEnd=808 PartOfSpeech=RB] [Text=give CharacterOffsetBegin=809 CharacterOffsetEnd=813 PartOfSpeech=VB] [Text=it CharacterOffsetBegin=814 CharacterOffsetEnd=816 PartOfSpeech=PRP] [Text=a CharacterOffsetBegin=817 CharacterOffsetEnd=818 PartOfSpeech=DT] [Text=10 CharacterOffsetBegin=819 CharacterOffsetEnd=821 PartOfSpeech=CD] [Text=, CharacterOffsetBegin=821 CharacterOffsetEnd=822 PartOfSpeech=,] [Text=but CharacterOffsetBegin=823 CharacterOffsetEnd=826 PartOfSpeech=CC] [Text=I CharacterOffsetBegin=827 CharacterOffsetEnd=828 PartOfSpeech=PRP] [Text=did CharacterOffsetBegin=829 CharacterOffsetEnd=832 PartOfSpeech=VBD] [Text=give CharacterOffsetBegin=833 CharacterOffsetEnd=837 PartOfSpeech=VB] [Text=it CharacterOffsetBegin=838 CharacterOffsetEnd=840 PartOfSpeech=PRP] [Text=an CharacterOffsetBegin=841 CharacterOffsetEnd=843 PartOfSpeech=DT] [Text=8 CharacterOffsetBegin=844 CharacterOffsetEnd=845 PartOfSpeech=CD] [Text=. CharacterOffsetBegin=845 CharacterOffsetEnd=846 PartOfSpeech=.] 
root(ROOT-0, give-4)
nsubj(give-4, I-1)
aux(give-4, would-2)
neg(give-4, n't-3)
iobj(give-4, it-5)
det(10-7, a-6)
dobj(give-4, 10-7)
punct(give-4, ,-8)
cc(give-4, but-9)
nsubj(give-12, I-10)
aux(give-12, did-11)
conj(give-4, give-12)
iobj(give-12, it-13)
det(8-15, an-14)
dobj(give-12, 8-15)
punct(give-4, .-16)

Sentence #11 (11 tokens):
I do not weigh every movie with the same scale.
[Text=I CharacterOffsetBegin=851 CharacterOffsetEnd=852 PartOfSpeech=PRP] [Text=do CharacterOffsetBegin=853 CharacterOffsetEnd=855 PartOfSpeech=VBP] [Text=not CharacterOffsetBegin=856 CharacterOffsetEnd=859 PartOfSpeech=RB] [Text=weigh CharacterOffsetBegin=860 CharacterOffsetEnd=865 PartOfSpeech=VB] [Text=every CharacterOffsetBegin=866 CharacterOffsetEnd=871 PartOfSpeech=DT] [Text=movie CharacterOffsetBegin=872 CharacterOffsetEnd=877 PartOfSpeech=NN] [Text=with CharacterOffsetBegin=878 CharacterOffsetEnd=882 PartOfSpeech=IN] [Text=the CharacterOffsetBegin=883 CharacterOffsetEnd=886 PartOfSpeech=DT] [Text=same CharacterOffsetBegin=887 CharacterOffsetEnd=891 PartOfSpeech=JJ] [Text=scale CharacterOffsetBegin=892 CharacterOffsetEnd=897 PartOfSpeech=NN] [Text=. CharacterOffsetBegin=897 CharacterOffsetEnd=898 PartOfSpeech=.] 
root(ROOT-0, weigh-4)
nsubj(weigh-4, I-1)
aux(weigh-4, do-2)
neg(weigh-4, not-3)
det(movie-6, every-5)
dobj(weigh-4, movie-6)
prep(weigh-4, with-7)
det(scale-10, the-8)
amod(scale-10, same-9)
pobj(with-7, scale-10)
punct(weigh-4, .-11)

Sentence #12 (25 tokens):
There are movies that were big-budget, with great actors, that you expect to be good so when they fail they fail big.
[Text=There CharacterOffsetBegin=903 CharacterOffsetEnd=908 PartOfSpeech=EX] [Text=are CharacterOffsetBegin=909 CharacterOffsetEnd=912 PartOfSpeech=VBP] [Text=movies CharacterOffsetBegin=913 CharacterOffsetEnd=919 PartOfSpeech=NNS] [Text=that CharacterOffsetBegin=920 CharacterOffsetEnd=924 PartOfSpeech=WDT] [Text=were CharacterOffsetBegin=925 CharacterOffsetEnd=929 PartOfSpeech=VBD] [Text=big-budget CharacterOffsetBegin=930 CharacterOffsetEnd=940 PartOfSpeech=JJ] [Text=, CharacterOffsetBegin=940 CharacterOffsetEnd=941 PartOfSpeech=,] [Text=with CharacterOffsetBegin=942 CharacterOffsetEnd=946 PartOfSpeech=IN] [Text=great CharacterOffsetBegin=947 CharacterOffsetEnd=952 PartOfSpeech=JJ] [Text=actors CharacterOffsetBegin=953 CharacterOffsetEnd=959 PartOfSpeech=NNS] [Text=, CharacterOffsetBegin=959 CharacterOffsetEnd=960 PartOfSpeech=,] [Text=that CharacterOffsetBegin=961 CharacterOffsetEnd=965 PartOfSpeech=IN] [Text=you CharacterOffsetBegin=966 CharacterOffsetEnd=969 PartOfSpeech=PRP] [Text=expect CharacterOffsetBegin=970 CharacterOffsetEnd=976 PartOfSpeech=VBP] [Text=to CharacterOffsetBegin=977 CharacterOffsetEnd=979 PartOfSpeech=TO] [Text=be CharacterOffsetBegin=980 CharacterOffsetEnd=982 PartOfSpeech=VB] [Text=good CharacterOffsetBegin=983 CharacterOffsetEnd=987 PartOfSpeech=JJ] [Text=so CharacterOffsetBegin=988 CharacterOffsetEnd=990 PartOfSpeech=RB] [Text=when CharacterOffsetBegin=991 CharacterOffsetEnd=995 PartOfSpeech=WRB] [Text=they CharacterOffsetBegin=996 CharacterOffsetEnd=1000 PartOfSpeech=PRP] [Text=fail CharacterOffsetBegin=1001 CharacterOffsetEnd=1005 PartOfSpeech=VBP] [Text=they CharacterOffsetBegin=1006 CharacterOffsetEnd=1010 PartOfSpeech=PRP] [Text=fail CharacterOffsetBegin=1011 CharacterOffsetEnd=1015 PartOfSpeech=VBP] [Text=big CharacterOffsetBegin=1016 CharacterOffsetEnd=1019 PartOfSpeech=JJ] [Text=. CharacterOffsetBegin=1019 CharacterOffsetEnd=1020 PartOfSpeech=.] 
root(ROOT-0, are-2)
expl(are-2, There-1)
nsubj(are-2, movies-3)
nsubj(big-budget-6, that-4)
cop(big-budget-6, were-5)
rcmod(movies-3, big-budget-6)
punct(big-budget-6, ,-7)
prep(big-budget-6, with-8)
amod(actors-10, great-9)
pobj(with-8, actors-10)
punct(are-2, ,-11)
mark(expect-14, that-12)
nsubj(expect-14, you-13)
ccomp(are-2, expect-14)
aux(good-17, to-15)
cop(good-17, be-16)
xcomp(expect-14, good-17)
advmod(good-17, so-18)
advmod(fail-21, when-19)
nsubj(fail-21, they-20)
advcl(expect-14, fail-21)
nsubj(fail-23, they-22)
ccomp(fail-21, fail-23)
acomp(fail-23, big-24)
punct(are-2, .-25)

Sentence #13 (29 tokens):
(Star Wars - Episode I is my best example) I loved the first three SW movies, but I thought Episode I was weak in comparison.
[Text=-LRB- CharacterOffsetBegin=1025 CharacterOffsetEnd=1026 PartOfSpeech=-LRB-] [Text=Star CharacterOffsetBegin=1026 CharacterOffsetEnd=1030 PartOfSpeech=NNP] [Text=Wars CharacterOffsetBegin=1031 CharacterOffsetEnd=1035 PartOfSpeech=NNP] [Text=- CharacterOffsetBegin=1036 CharacterOffsetEnd=1037 PartOfSpeech=:] [Text=Episode CharacterOffsetBegin=1038 CharacterOffsetEnd=1045 PartOfSpeech=NN] [Text=I CharacterOffsetBegin=1046 CharacterOffsetEnd=1047 PartOfSpeech=PRP] [Text=is CharacterOffsetBegin=1048 CharacterOffsetEnd=1050 PartOfSpeech=VBZ] [Text=my CharacterOffsetBegin=1051 CharacterOffsetEnd=1053 PartOfSpeech=PRP$] [Text=best CharacterOffsetBegin=1054 CharacterOffsetEnd=1058 PartOfSpeech=JJS] [Text=example CharacterOffsetBegin=1059 CharacterOffsetEnd=1066 PartOfSpeech=NN] [Text=-RRB- CharacterOffsetBegin=1066 CharacterOffsetEnd=1067 PartOfSpeech=-RRB-] [Text=I CharacterOffsetBegin=1068 CharacterOffsetEnd=1069 PartOfSpeech=PRP] [Text=loved CharacterOffsetBegin=1070 CharacterOffsetEnd=1075 PartOfSpeech=VBD] [Text=the CharacterOffsetBegin=1076 CharacterOffsetEnd=1079 PartOfSpeech=DT] [Text=first CharacterOffsetBegin=1080 CharacterOffsetEnd=1085 PartOfSpeech=JJ] [Text=three CharacterOffsetBegin=1086 CharacterOffsetEnd=1091 PartOfSpeech=CD] [Text=SW CharacterOffsetBegin=1092 CharacterOffsetEnd=1094 PartOfSpeech=NN] [Text=movies CharacterOffsetBegin=1095 CharacterOffsetEnd=1101 PartOfSpeech=NNS] [Text=, CharacterOffsetBegin=1101 CharacterOffsetEnd=1102 PartOfSpeech=,] [Text=but CharacterOffsetBegin=1103 CharacterOffsetEnd=1106 PartOfSpeech=CC] [Text=I CharacterOffsetBegin=1107 CharacterOffsetEnd=1108 PartOfSpeech=PRP] [Text=thought CharacterOffsetBegin=1109 CharacterOffsetEnd=1116 PartOfSpeech=VBD] [Text=Episode CharacterOffsetBegin=1117 CharacterOffsetEnd=1124 PartOfSpeech=NNP] [Text=I CharacterOffsetBegin=1125 CharacterOffsetEnd=1126 PartOfSpeech=PRP] [Text=was CharacterOffsetBegin=1127 CharacterOffsetEnd=1130 PartOfSpeech=VBD] [Text=weak CharacterOffsetBegin=1131 CharacterOffsetEnd=1135 PartOfSpeech=JJ] [Text=in CharacterOffsetBegin=1136 CharacterOffsetEnd=1138 PartOfSpeech=IN] [Text=comparison CharacterOffsetBegin=1139 CharacterOffsetEnd=1149 PartOfSpeech=NN] [Text=. CharacterOffsetBegin=1149 CharacterOffsetEnd=1150 PartOfSpeech=.] 
root(ROOT-0, loved-13)
punct(Wars-3, -LRB--1)
nn(Wars-3, Star-2)
dep(loved-13, Wars-3)
punct(Wars-3, --4)
dep(example-10, Episode-5)
nsubj(example-10, I-6)
cop(example-10, is-7)
poss(example-10, my-8)
amod(example-10, best-9)
dep(Wars-3, example-10)
punct(Wars-3, -RRB--11)
nsubj(loved-13, I-12)
det(movies-18, the-14)
amod(movies-18, first-15)
num(movies-18, three-16)
nn(movies-18, SW-17)
dobj(loved-13, movies-18)
punct(loved-13, ,-19)
cc(loved-13, but-20)
nsubj(thought-22, I-21)
conj(loved-13, thought-22)
nsubj(weak-26, Episode-23)
nsubj(weak-26, I-24)
cop(weak-26, was-25)
ccomp(thought-22, weak-26)
prep(weak-26, in-27)
pobj(in-27, comparison-28)
punct(loved-13, .-29)

Sentence #14 (12 tokens):
So it gets a lower rating from me than this movie.
[Text=So CharacterOffsetBegin=1155 CharacterOffsetEnd=1157 PartOfSpeech=IN] [Text=it CharacterOffsetBegin=1158 CharacterOffsetEnd=1160 PartOfSpeech=PRP] [Text=gets CharacterOffsetBegin=1161 CharacterOffsetEnd=1165 PartOfSpeech=VBZ] [Text=a CharacterOffsetBegin=1166 CharacterOffsetEnd=1167 PartOfSpeech=DT] [Text=lower CharacterOffsetBegin=1168 CharacterOffsetEnd=1173 PartOfSpeech=JJR] [Text=rating CharacterOffsetBegin=1174 CharacterOffsetEnd=1180 PartOfSpeech=NN] [Text=from CharacterOffsetBegin=1181 CharacterOffsetEnd=1185 PartOfSpeech=IN] [Text=me CharacterOffsetBegin=1186 CharacterOffsetEnd=1188 PartOfSpeech=PRP] [Text=than CharacterOffsetBegin=1189 CharacterOffsetEnd=1193 PartOfSpeech=IN] [Text=this CharacterOffsetBegin=1194 CharacterOffsetEnd=1198 PartOfSpeech=DT] [Text=movie CharacterOffsetBegin=1199 CharacterOffsetEnd=1204 PartOfSpeech=NN] [Text=. CharacterOffsetBegin=1204 CharacterOffsetEnd=1205 PartOfSpeech=.] 
root(ROOT-0, gets-3)
dep(gets-3, So-1)
nsubj(gets-3, it-2)
det(rating-6, a-4)
amod(rating-6, lower-5)
dobj(gets-3, rating-6)
prep(gets-3, from-7)
pobj(from-7, me-8)
prep(gets-3, than-9)
det(movie-11, this-10)
pobj(than-9, movie-11)
punct(gets-3, .-12)

Sentence #15 (7 tokens):
I expect more from George Lucas.
[Text=I CharacterOffsetBegin=1210 CharacterOffsetEnd=1211 PartOfSpeech=PRP] [Text=expect CharacterOffsetBegin=1212 CharacterOffsetEnd=1218 PartOfSpeech=VBP] [Text=more CharacterOffsetBegin=1219 CharacterOffsetEnd=1223 PartOfSpeech=RBR] [Text=from CharacterOffsetBegin=1224 CharacterOffsetEnd=1228 PartOfSpeech=IN] [Text=George CharacterOffsetBegin=1229 CharacterOffsetEnd=1235 PartOfSpeech=NNP] [Text=Lucas CharacterOffsetBegin=1236 CharacterOffsetEnd=1241 PartOfSpeech=NNP] [Text=. CharacterOffsetBegin=1241 CharacterOffsetEnd=1242 PartOfSpeech=.] 
root(ROOT-0, expect-2)
nsubj(expect-2, I-1)
advmod(from-4, more-3)
prep(expect-2, from-4)
nn(Lucas-6, George-5)
pobj(from-4, Lucas-6)
punct(expect-2, .-7)

