Sentence #1 (30 tokens):
The opening sequence alone is worth the cost of admission, as Cheech and Chong drag that big ol garbage can across the parking lot, filled with gas.
[Text=The CharacterOffsetBegin=4 CharacterOffsetEnd=7 PartOfSpeech=DT] [Text=opening CharacterOffsetBegin=8 CharacterOffsetEnd=15 PartOfSpeech=NN] [Text=sequence CharacterOffsetBegin=16 CharacterOffsetEnd=24 PartOfSpeech=NN] [Text=alone CharacterOffsetBegin=25 CharacterOffsetEnd=30 PartOfSpeech=RB] [Text=is CharacterOffsetBegin=31 CharacterOffsetEnd=33 PartOfSpeech=VBZ] [Text=worth CharacterOffsetBegin=34 CharacterOffsetEnd=39 PartOfSpeech=JJ] [Text=the CharacterOffsetBegin=40 CharacterOffsetEnd=43 PartOfSpeech=DT] [Text=cost CharacterOffsetBegin=44 CharacterOffsetEnd=48 PartOfSpeech=NN] [Text=of CharacterOffsetBegin=49 CharacterOffsetEnd=51 PartOfSpeech=IN] [Text=admission CharacterOffsetBegin=52 CharacterOffsetEnd=61 PartOfSpeech=NN] [Text=, CharacterOffsetBegin=61 CharacterOffsetEnd=62 PartOfSpeech=,] [Text=as CharacterOffsetBegin=63 CharacterOffsetEnd=65 PartOfSpeech=IN] [Text=Cheech CharacterOffsetBegin=66 CharacterOffsetEnd=72 PartOfSpeech=NNP] [Text=and CharacterOffsetBegin=73 CharacterOffsetEnd=76 PartOfSpeech=CC] [Text=Chong CharacterOffsetBegin=77 CharacterOffsetEnd=82 PartOfSpeech=NNP] [Text=drag CharacterOffsetBegin=83 CharacterOffsetEnd=87 PartOfSpeech=VBP] [Text=that CharacterOffsetBegin=88 CharacterOffsetEnd=92 PartOfSpeech=IN] [Text=big CharacterOffsetBegin=93 CharacterOffsetEnd=96 PartOfSpeech=JJ] [Text=ol CharacterOffsetBegin=97 CharacterOffsetEnd=99 PartOfSpeech=NN] [Text=garbage CharacterOffsetBegin=100 CharacterOffsetEnd=107 PartOfSpeech=NN] [Text=can CharacterOffsetBegin=108 CharacterOffsetEnd=111 PartOfSpeech=MD] [Text=across CharacterOffsetBegin=112 CharacterOffsetEnd=118 PartOfSpeech=IN] [Text=the CharacterOffsetBegin=119 CharacterOffsetEnd=122 PartOfSpeech=DT] [Text=parking CharacterOffsetBegin=123 CharacterOffsetEnd=130 PartOfSpeech=NN] [Text=lot CharacterOffsetBegin=131 CharacterOffsetEnd=134 PartOfSpeech=NN] [Text=, CharacterOffsetBegin=134 CharacterOffsetEnd=135 PartOfSpeech=,] [Text=filled CharacterOffsetBegin=136 CharacterOffsetEnd=142 PartOfSpeech=VBN] [Text=with CharacterOffsetBegin=143 CharacterOffsetEnd=147 PartOfSpeech=IN] [Text=gas CharacterOffsetBegin=148 CharacterOffsetEnd=151 PartOfSpeech=NN] [Text=. CharacterOffsetBegin=151 CharacterOffsetEnd=152 PartOfSpeech=.] 
root(ROOT-0, worth-6)
det(sequence-3, The-1)
nn(sequence-3, opening-2)
nsubj(worth-6, sequence-3)
advmod(sequence-3, alone-4)
cop(worth-6, is-5)
det(cost-8, the-7)
nsubj(drag-16, cost-8)
prep(cost-8, of-9)
pobj(of-9, admission-10)
punct(cost-8, ,-11)
prep(cost-8, as-12)
pobj(as-12, Cheech-13)
cc(Cheech-13, and-14)
conj(Cheech-13, Chong-15)
ccomp(worth-6, drag-16)
mark(filled-27, that-17)
amod(garbage-20, big-18)
nn(garbage-20, ol-19)
nsubjpass(filled-27, garbage-20)
aux(filled-27, can-21)
prep(filled-27, across-22)
det(lot-25, the-23)
nn(lot-25, parking-24)
pobj(across-22, lot-25)
punct(filled-27, ,-26)
ccomp(drag-16, filled-27)
prep(filled-27, with-28)
pobj(with-28, gas-29)
punct(worth-6, .-30)

Sentence #2 (8 tokens):
"Don't Spill it Man !
    "
[Text=`` CharacterOffsetBegin=157 CharacterOffsetEnd=158 PartOfSpeech=``] [Text=Do CharacterOffsetBegin=158 CharacterOffsetEnd=160 PartOfSpeech=VBP] [Text=n't CharacterOffsetBegin=160 CharacterOffsetEnd=163 PartOfSpeech=RB] [Text=Spill CharacterOffsetBegin=164 CharacterOffsetEnd=169 PartOfSpeech=NN] [Text=it CharacterOffsetBegin=170 CharacterOffsetEnd=172 PartOfSpeech=PRP] [Text=Man CharacterOffsetBegin=173 CharacterOffsetEnd=176 PartOfSpeech=NN] [Text=! CharacterOffsetBegin=177 CharacterOffsetEnd=178 PartOfSpeech=.] [Text='' CharacterOffsetBegin=183 CharacterOffsetEnd=184 PartOfSpeech=''] 
root(ROOT-0, Spill-4)
punct(Spill-4, ``-1)
aux(Spill-4, Do-2)
neg(Spill-4, n't-3)
nsubj(Man-6, it-5)
rcmod(Spill-4, Man-6)
punct(Spill-4, !-7)
punct(Spill-4, ''-8)

Sentence #3 (4 tokens):
, hilarious stuff.
[Text=, CharacterOffsetBegin=184 CharacterOffsetEnd=185 PartOfSpeech=,] [Text=hilarious CharacterOffsetBegin=186 CharacterOffsetEnd=195 PartOfSpeech=JJ] [Text=stuff CharacterOffsetBegin=196 CharacterOffsetEnd=201 PartOfSpeech=NN] [Text=. CharacterOffsetBegin=201 CharacterOffsetEnd=202 PartOfSpeech=.] 
root(ROOT-0, stuff-3)
punct(stuff-3, ,-1)
amod(stuff-3, hilarious-2)
punct(stuff-3, .-4)

Sentence #4 (20 tokens):
And then, as 'the plot' ensues, you're in for one heck of a ride.
[Text=And CharacterOffsetBegin=207 CharacterOffsetEnd=210 PartOfSpeech=CC] [Text=then CharacterOffsetBegin=211 CharacterOffsetEnd=215 PartOfSpeech=RB] [Text=, CharacterOffsetBegin=215 CharacterOffsetEnd=216 PartOfSpeech=,] [Text=as CharacterOffsetBegin=217 CharacterOffsetEnd=219 PartOfSpeech=IN] [Text=` CharacterOffsetBegin=220 CharacterOffsetEnd=221 PartOfSpeech=``] [Text=the CharacterOffsetBegin=221 CharacterOffsetEnd=224 PartOfSpeech=DT] [Text=plot CharacterOffsetBegin=225 CharacterOffsetEnd=229 PartOfSpeech=NN] [Text=' CharacterOffsetBegin=229 CharacterOffsetEnd=230 PartOfSpeech=''] [Text=ensues CharacterOffsetBegin=231 CharacterOffsetEnd=237 PartOfSpeech=VBZ] [Text=, CharacterOffsetBegin=237 CharacterOffsetEnd=238 PartOfSpeech=,] [Text=you CharacterOffsetBegin=239 CharacterOffsetEnd=242 PartOfSpeech=PRP] [Text='re CharacterOffsetBegin=242 CharacterOffsetEnd=245 PartOfSpeech=VBP] [Text=in CharacterOffsetBegin=246 CharacterOffsetEnd=248 PartOfSpeech=IN] [Text=for CharacterOffsetBegin=249 CharacterOffsetEnd=252 PartOfSpeech=IN] [Text=one CharacterOffsetBegin=253 CharacterOffsetEnd=256 PartOfSpeech=CD] [Text=heck CharacterOffsetBegin=257 CharacterOffsetEnd=261 PartOfSpeech=NN] [Text=of CharacterOffsetBegin=262 CharacterOffsetEnd=264 PartOfSpeech=IN] [Text=a CharacterOffsetBegin=265 CharacterOffsetEnd=266 PartOfSpeech=DT] [Text=ride CharacterOffsetBegin=267 CharacterOffsetEnd=271 PartOfSpeech=NN] [Text=. CharacterOffsetBegin=271 CharacterOffsetEnd=272 PartOfSpeech=.] 
root(ROOT-0, ensues-9)
cc(ensues-9, And-1)
advmod(ensues-9, then-2)
punct(ensues-9, ,-3)
prep(ensues-9, as-4)
punct(plot-7, `-5)
det(plot-7, the-6)
pobj(as-4, plot-7)
punct(plot-7, '-8)
punct(ensues-9, ,-10)
nsubj('re-12, you-11)
ccomp(ensues-9, 're-12)
prep('re-12, in-13)
pcomp(in-13, for-14)
num(heck-16, one-15)
pobj(for-14, heck-16)
prep(heck-16, of-17)
det(ride-19, a-18)
pobj(of-17, ride-19)
punct(ensues-9, .-20)

Sentence #5 (18 tokens):
I watched this film recently and it holds up, being just as funny upon each viewing.
[Text=I CharacterOffsetBegin=277 CharacterOffsetEnd=278 PartOfSpeech=PRP] [Text=watched CharacterOffsetBegin=279 CharacterOffsetEnd=286 PartOfSpeech=VBD] [Text=this CharacterOffsetBegin=287 CharacterOffsetEnd=291 PartOfSpeech=DT] [Text=film CharacterOffsetBegin=292 CharacterOffsetEnd=296 PartOfSpeech=NN] [Text=recently CharacterOffsetBegin=297 CharacterOffsetEnd=305 PartOfSpeech=RB] [Text=and CharacterOffsetBegin=306 CharacterOffsetEnd=309 PartOfSpeech=CC] [Text=it CharacterOffsetBegin=310 CharacterOffsetEnd=312 PartOfSpeech=PRP] [Text=holds CharacterOffsetBegin=313 CharacterOffsetEnd=318 PartOfSpeech=VBZ] [Text=up CharacterOffsetBegin=319 CharacterOffsetEnd=321 PartOfSpeech=RP] [Text=, CharacterOffsetBegin=321 CharacterOffsetEnd=322 PartOfSpeech=,] [Text=being CharacterOffsetBegin=323 CharacterOffsetEnd=328 PartOfSpeech=VBG] [Text=just CharacterOffsetBegin=329 CharacterOffsetEnd=333 PartOfSpeech=RB] [Text=as CharacterOffsetBegin=334 CharacterOffsetEnd=336 PartOfSpeech=IN] [Text=funny CharacterOffsetBegin=337 CharacterOffsetEnd=342 PartOfSpeech=JJ] [Text=upon CharacterOffsetBegin=343 CharacterOffsetEnd=347 PartOfSpeech=IN] [Text=each CharacterOffsetBegin=348 CharacterOffsetEnd=352 PartOfSpeech=DT] [Text=viewing CharacterOffsetBegin=353 CharacterOffsetEnd=360 PartOfSpeech=NN] [Text=. CharacterOffsetBegin=360 CharacterOffsetEnd=361 PartOfSpeech=.] 
root(ROOT-0, watched-2)
nsubj(watched-2, I-1)
det(film-4, this-3)
dobj(watched-2, film-4)
advmod(watched-2, recently-5)
cc(watched-2, and-6)
nsubj(holds-8, it-7)
conj(watched-2, holds-8)
prt(holds-8, up-9)
punct(holds-8, ,-10)
xcomp(holds-8, being-11)
advmod(being-11, just-12)
prep(just-12, as-13)
pobj(as-13, funny-14)
prep(funny-14, upon-15)
det(viewing-17, each-16)
pobj(upon-15, viewing-17)
punct(watched-2, .-18)

Sentence #6 (4 tokens):
check it out.
[Text=check CharacterOffsetBegin=366 CharacterOffsetEnd=371 PartOfSpeech=VB] [Text=it CharacterOffsetBegin=372 CharacterOffsetEnd=374 PartOfSpeech=PRP] [Text=out CharacterOffsetBegin=375 CharacterOffsetEnd=378 PartOfSpeech=RP] [Text=. CharacterOffsetBegin=378 CharacterOffsetEnd=379 PartOfSpeech=.] 
root(ROOT-0, check-1)
dobj(check-1, it-2)
prt(check-1, out-3)
punct(check-1, .-4)

