Sentence #1 (17 tokens):
I see a lot of folks on this site wishing AG would come out on DVD.
[Text=I CharacterOffsetBegin=4 CharacterOffsetEnd=5 PartOfSpeech=PRP] [Text=see CharacterOffsetBegin=6 CharacterOffsetEnd=9 PartOfSpeech=VBP] [Text=a CharacterOffsetBegin=10 CharacterOffsetEnd=11 PartOfSpeech=DT] [Text=lot CharacterOffsetBegin=12 CharacterOffsetEnd=15 PartOfSpeech=NN] [Text=of CharacterOffsetBegin=16 CharacterOffsetEnd=18 PartOfSpeech=IN] [Text=folks CharacterOffsetBegin=19 CharacterOffsetEnd=24 PartOfSpeech=NNS] [Text=on CharacterOffsetBegin=25 CharacterOffsetEnd=27 PartOfSpeech=IN] [Text=this CharacterOffsetBegin=28 CharacterOffsetEnd=32 PartOfSpeech=DT] [Text=site CharacterOffsetBegin=33 CharacterOffsetEnd=37 PartOfSpeech=NN] [Text=wishing CharacterOffsetBegin=38 CharacterOffsetEnd=45 PartOfSpeech=VBG] [Text=AG CharacterOffsetBegin=46 CharacterOffsetEnd=48 PartOfSpeech=NNP] [Text=would CharacterOffsetBegin=49 CharacterOffsetEnd=54 PartOfSpeech=MD] [Text=come CharacterOffsetBegin=55 CharacterOffsetEnd=59 PartOfSpeech=VB] [Text=out CharacterOffsetBegin=60 CharacterOffsetEnd=63 PartOfSpeech=RP] [Text=on CharacterOffsetBegin=64 CharacterOffsetEnd=66 PartOfSpeech=IN] [Text=DVD CharacterOffsetBegin=67 CharacterOffsetEnd=70 PartOfSpeech=NN] [Text=. CharacterOffsetBegin=70 CharacterOffsetEnd=71 PartOfSpeech=.] 
root(ROOT-0, see-2)
nsubj(see-2, I-1)
det(lot-4, a-3)
dobj(see-2, lot-4)
prep(lot-4, of-5)
pobj(of-5, folks-6)
prep(see-2, on-7)
det(site-9, this-8)
pobj(on-7, site-9)
nn(AG-11, wishing-10)
nsubj(come-13, AG-11)
aux(come-13, would-12)
rcmod(site-9, come-13)
prt(come-13, out-14)
prep(come-13, on-15)
pobj(on-15, DVD-16)
punct(see-2, .-17)

Sentence #2 (8 tokens):
Well, I bought it on DVD.
[Text=Well CharacterOffsetBegin=76 CharacterOffsetEnd=80 PartOfSpeech=RB] [Text=, CharacterOffsetBegin=80 CharacterOffsetEnd=81 PartOfSpeech=,] [Text=I CharacterOffsetBegin=82 CharacterOffsetEnd=83 PartOfSpeech=PRP] [Text=bought CharacterOffsetBegin=84 CharacterOffsetEnd=90 PartOfSpeech=VBD] [Text=it CharacterOffsetBegin=91 CharacterOffsetEnd=93 PartOfSpeech=PRP] [Text=on CharacterOffsetBegin=94 CharacterOffsetEnd=96 PartOfSpeech=IN] [Text=DVD CharacterOffsetBegin=97 CharacterOffsetEnd=100 PartOfSpeech=NN] [Text=. CharacterOffsetBegin=100 CharacterOffsetEnd=101 PartOfSpeech=.] 
root(ROOT-0, bought-4)
advmod(bought-4, Well-1)
punct(bought-4, ,-2)
nsubj(bought-4, I-3)
dobj(bought-4, it-5)
prep(bought-4, on-6)
pobj(on-6, DVD-7)
punct(bought-4, .-8)

Sentence #3 (8 tokens):
(From Borders, no less!)
[Text=-LRB- CharacterOffsetBegin=106 CharacterOffsetEnd=107 PartOfSpeech=-LRB-] [Text=From CharacterOffsetBegin=107 CharacterOffsetEnd=111 PartOfSpeech=IN] [Text=Borders CharacterOffsetBegin=112 CharacterOffsetEnd=119 PartOfSpeech=NNS] [Text=, CharacterOffsetBegin=119 CharacterOffsetEnd=120 PartOfSpeech=,] [Text=no CharacterOffsetBegin=121 CharacterOffsetEnd=123 PartOfSpeech=DT] [Text=less CharacterOffsetBegin=124 CharacterOffsetEnd=128 PartOfSpeech=JJR] [Text=! CharacterOffsetBegin=128 CharacterOffsetEnd=129 PartOfSpeech=.] [Text=-RRB- CharacterOffsetBegin=129 CharacterOffsetEnd=130 PartOfSpeech=-RRB-] 
root(ROOT-0, less-6)
punct(less-6, -LRB--1)
prep(less-6, From-2)
pobj(From-2, Borders-3)
punct(less-6, ,-4)
det(less-6, no-5)
punct(less-6, !-7)
punct(less-6, -RRB--8)

Sentence #4 (62 tokens):
While it is great to have this terrific show in a boxed DVD form, I am upset by the fact that they added very few in the way of "extra's" (A director commentary from Shaun Cassidy on the Pilot episode) and the episodes are shown in the same order they were put out on TV.
[Text=While CharacterOffsetBegin=135 CharacterOffsetEnd=140 PartOfSpeech=IN] [Text=it CharacterOffsetBegin=141 CharacterOffsetEnd=143 PartOfSpeech=PRP] [Text=is CharacterOffsetBegin=144 CharacterOffsetEnd=146 PartOfSpeech=VBZ] [Text=great CharacterOffsetBegin=147 CharacterOffsetEnd=152 PartOfSpeech=JJ] [Text=to CharacterOffsetBegin=153 CharacterOffsetEnd=155 PartOfSpeech=TO] [Text=have CharacterOffsetBegin=156 CharacterOffsetEnd=160 PartOfSpeech=VB] [Text=this CharacterOffsetBegin=161 CharacterOffsetEnd=165 PartOfSpeech=DT] [Text=terrific CharacterOffsetBegin=166 CharacterOffsetEnd=174 PartOfSpeech=JJ] [Text=show CharacterOffsetBegin=175 CharacterOffsetEnd=179 PartOfSpeech=NN] [Text=in CharacterOffsetBegin=180 CharacterOffsetEnd=182 PartOfSpeech=IN] [Text=a CharacterOffsetBegin=183 CharacterOffsetEnd=184 PartOfSpeech=DT] [Text=boxed CharacterOffsetBegin=185 CharacterOffsetEnd=190 PartOfSpeech=JJ] [Text=DVD CharacterOffsetBegin=191 CharacterOffsetEnd=194 PartOfSpeech=NN] [Text=form CharacterOffsetBegin=195 CharacterOffsetEnd=199 PartOfSpeech=NN] [Text=, CharacterOffsetBegin=199 CharacterOffsetEnd=200 PartOfSpeech=,] [Text=I CharacterOffsetBegin=201 CharacterOffsetEnd=202 PartOfSpeech=PRP] [Text=am CharacterOffsetBegin=203 CharacterOffsetEnd=205 PartOfSpeech=VBP] [Text=upset CharacterOffsetBegin=206 CharacterOffsetEnd=211 PartOfSpeech=VBN] [Text=by CharacterOffsetBegin=212 CharacterOffsetEnd=214 PartOfSpeech=IN] [Text=the CharacterOffsetBegin=215 CharacterOffsetEnd=218 PartOfSpeech=DT] [Text=fact CharacterOffsetBegin=219 CharacterOffsetEnd=223 PartOfSpeech=NN] [Text=that CharacterOffsetBegin=224 CharacterOffsetEnd=228 PartOfSpeech=IN] [Text=they CharacterOffsetBegin=229 CharacterOffsetEnd=233 PartOfSpeech=PRP] [Text=added CharacterOffsetBegin=234 CharacterOffsetEnd=239 PartOfSpeech=VBD] [Text=very CharacterOffsetBegin=240 CharacterOffsetEnd=244 PartOfSpeech=RB] [Text=few CharacterOffsetBegin=245 CharacterOffsetEnd=248 PartOfSpeech=JJ] [Text=in CharacterOffsetBegin=249 CharacterOffsetEnd=251 PartOfSpeech=IN] [Text=the CharacterOffsetBegin=252 CharacterOffsetEnd=255 PartOfSpeech=DT] [Text=way CharacterOffsetBegin=256 CharacterOffsetEnd=259 PartOfSpeech=NN] [Text=of CharacterOffsetBegin=260 CharacterOffsetEnd=262 PartOfSpeech=IN] [Text=`` CharacterOffsetBegin=263 CharacterOffsetEnd=264 PartOfSpeech=``] [Text=extra CharacterOffsetBegin=264 CharacterOffsetEnd=269 PartOfSpeech=JJ] [Text='s CharacterOffsetBegin=269 CharacterOffsetEnd=271 PartOfSpeech=POS] [Text='' CharacterOffsetBegin=271 CharacterOffsetEnd=272 PartOfSpeech=''] [Text=-LRB- CharacterOffsetBegin=273 CharacterOffsetEnd=274 PartOfSpeech=-LRB-] [Text=A CharacterOffsetBegin=274 CharacterOffsetEnd=275 PartOfSpeech=DT] [Text=director CharacterOffsetBegin=276 CharacterOffsetEnd=284 PartOfSpeech=NN] [Text=commentary CharacterOffsetBegin=285 CharacterOffsetEnd=295 PartOfSpeech=NN] [Text=from CharacterOffsetBegin=296 CharacterOffsetEnd=300 PartOfSpeech=IN] [Text=Shaun CharacterOffsetBegin=301 CharacterOffsetEnd=306 PartOfSpeech=NNP] [Text=Cassidy CharacterOffsetBegin=307 CharacterOffsetEnd=314 PartOfSpeech=NNP] [Text=on CharacterOffsetBegin=315 CharacterOffsetEnd=317 PartOfSpeech=IN] [Text=the CharacterOffsetBegin=318 CharacterOffsetEnd=321 PartOfSpeech=DT] [Text=Pilot CharacterOffsetBegin=322 CharacterOffsetEnd=327 PartOfSpeech=NN] [Text=episode CharacterOffsetBegin=328 CharacterOffsetEnd=335 PartOfSpeech=NN] [Text=-RRB- CharacterOffsetBegin=335 CharacterOffsetEnd=336 PartOfSpeech=-RRB-] [Text=and CharacterOffsetBegin=337 CharacterOffsetEnd=340 PartOfSpeech=CC] [Text=the CharacterOffsetBegin=341 CharacterOffsetEnd=344 PartOfSpeech=DT] [Text=episodes CharacterOffsetBegin=345 CharacterOffsetEnd=353 PartOfSpeech=NNS] [Text=are CharacterOffsetBegin=354 CharacterOffsetEnd=357 PartOfSpeech=VBP] [Text=shown CharacterOffsetBegin=358 CharacterOffsetEnd=363 PartOfSpeech=VBN] [Text=in CharacterOffsetBegin=364 CharacterOffsetEnd=366 PartOfSpeech=IN] [Text=the CharacterOffsetBegin=367 CharacterOffsetEnd=370 PartOfSpeech=DT] [Text=same CharacterOffsetBegin=371 CharacterOffsetEnd=375 PartOfSpeech=JJ] [Text=order CharacterOffsetBegin=376 CharacterOffsetEnd=381 PartOfSpeech=NN] [Text=they CharacterOffsetBegin=382 CharacterOffsetEnd=386 PartOfSpeech=PRP] [Text=were CharacterOffsetBegin=387 CharacterOffsetEnd=391 PartOfSpeech=VBD] [Text=put CharacterOffsetBegin=392 CharacterOffsetEnd=395 PartOfSpeech=VBN] [Text=out CharacterOffsetBegin=396 CharacterOffsetEnd=399 PartOfSpeech=RP] [Text=on CharacterOffsetBegin=400 CharacterOffsetEnd=402 PartOfSpeech=IN] [Text=TV CharacterOffsetBegin=403 CharacterOffsetEnd=405 PartOfSpeech=NN] [Text=. CharacterOffsetBegin=405 CharacterOffsetEnd=406 PartOfSpeech=.] 
root(ROOT-0, upset-18)
mark(great-4, While-1)
nsubj(great-4, it-2)
cop(great-4, is-3)
advcl(upset-18, great-4)
aux(have-6, to-5)
xcomp(great-4, have-6)
det(show-9, this-7)
amod(show-9, terrific-8)
dobj(have-6, show-9)
prep(show-9, in-10)
det(form-14, a-11)
amod(form-14, boxed-12)
nn(form-14, DVD-13)
pobj(in-10, form-14)
punct(upset-18, ,-15)
nsubjpass(upset-18, I-16)
auxpass(upset-18, am-17)
prep(upset-18, by-19)
det(fact-21, the-20)
pobj(by-19, fact-21)
mark(added-24, that-22)
nsubj(added-24, they-23)
ccomp(fact-21, added-24)
advmod(few-26, very-25)
dobj(added-24, few-26)
prep(added-24, in-27)
det(way-29, the-28)
pobj(in-27, way-29)
prep(way-29, of-30)
punct(director-37, ``-31)
poss(director-37, extra-32)
possessive(extra-32, 's-33)
punct(director-37, ''-34)
punct(director-37, -LRB--35)
det(director-37, A-36)
nn(commentary-38, director-37)
pobj(of-30, commentary-38)
prep(way-29, from-39)
nn(Cassidy-41, Shaun-40)
pobj(from-39, Cassidy-41)
prep(way-29, on-42)
det(episode-45, the-43)
nn(episode-45, Pilot-44)
pobj(on-42, episode-45)
punct(added-24, -RRB--46)
cc(upset-18, and-47)
det(episodes-49, the-48)
nsubjpass(shown-51, episodes-49)
auxpass(shown-51, are-50)
conj(upset-18, shown-51)
prep(shown-51, in-52)
det(order-55, the-53)
amod(order-55, same-54)
pobj(in-52, order-55)
nsubjpass(put-58, they-56)
auxpass(put-58, were-57)
rcmod(order-55, put-58)
prt(put-58, out-59)
prep(put-58, on-60)
pobj(on-60, TV-61)
punct(upset-18, .-62)

Sentence #5 (29 tokens):
The missing episodes that were never shown prior to being run on Sci Fi channel are in the box set, but are tacked on the final DVD.
[Text=The CharacterOffsetBegin=411 CharacterOffsetEnd=414 PartOfSpeech=DT] [Text=missing CharacterOffsetBegin=415 CharacterOffsetEnd=422 PartOfSpeech=VBG] [Text=episodes CharacterOffsetBegin=423 CharacterOffsetEnd=431 PartOfSpeech=NNS] [Text=that CharacterOffsetBegin=432 CharacterOffsetEnd=436 PartOfSpeech=WDT] [Text=were CharacterOffsetBegin=437 CharacterOffsetEnd=441 PartOfSpeech=VBD] [Text=never CharacterOffsetBegin=442 CharacterOffsetEnd=447 PartOfSpeech=RB] [Text=shown CharacterOffsetBegin=448 CharacterOffsetEnd=453 PartOfSpeech=VBN] [Text=prior CharacterOffsetBegin=454 CharacterOffsetEnd=459 PartOfSpeech=RB] [Text=to CharacterOffsetBegin=460 CharacterOffsetEnd=462 PartOfSpeech=TO] [Text=being CharacterOffsetBegin=463 CharacterOffsetEnd=468 PartOfSpeech=VBG] [Text=run CharacterOffsetBegin=469 CharacterOffsetEnd=472 PartOfSpeech=VBN] [Text=on CharacterOffsetBegin=473 CharacterOffsetEnd=475 PartOfSpeech=IN] [Text=Sci CharacterOffsetBegin=476 CharacterOffsetEnd=479 PartOfSpeech=NNP] [Text=Fi CharacterOffsetBegin=480 CharacterOffsetEnd=482 PartOfSpeech=NNP] [Text=channel CharacterOffsetBegin=483 CharacterOffsetEnd=490 PartOfSpeech=NN] [Text=are CharacterOffsetBegin=491 CharacterOffsetEnd=494 PartOfSpeech=VBP] [Text=in CharacterOffsetBegin=495 CharacterOffsetEnd=497 PartOfSpeech=IN] [Text=the CharacterOffsetBegin=498 CharacterOffsetEnd=501 PartOfSpeech=DT] [Text=box CharacterOffsetBegin=502 CharacterOffsetEnd=505 PartOfSpeech=NN] [Text=set CharacterOffsetBegin=506 CharacterOffsetEnd=509 PartOfSpeech=NN] [Text=, CharacterOffsetBegin=509 CharacterOffsetEnd=510 PartOfSpeech=,] [Text=but CharacterOffsetBegin=511 CharacterOffsetEnd=514 PartOfSpeech=CC] [Text=are CharacterOffsetBegin=515 CharacterOffsetEnd=518 PartOfSpeech=VBP] [Text=tacked CharacterOffsetBegin=519 CharacterOffsetEnd=525 PartOfSpeech=VBN] [Text=on CharacterOffsetBegin=526 CharacterOffsetEnd=528 PartOfSpeech=RP] [Text=the CharacterOffsetBegin=529 CharacterOffsetEnd=532 PartOfSpeech=DT] [Text=final CharacterOffsetBegin=533 CharacterOffsetEnd=538 PartOfSpeech=JJ] [Text=DVD CharacterOffsetBegin=539 CharacterOffsetEnd=542 PartOfSpeech=NN] [Text=. CharacterOffsetBegin=542 CharacterOffsetEnd=543 PartOfSpeech=.] 
root(ROOT-0, are-16)
det(episodes-3, The-1)
amod(episodes-3, missing-2)
nsubj(are-16, episodes-3)
nsubjpass(shown-7, that-4)
auxpass(shown-7, were-5)
neg(shown-7, never-6)
rcmod(episodes-3, shown-7)
advmod(shown-7, prior-8)
prep(prior-8, to-9)
auxpass(run-11, being-10)
pcomp(to-9, run-11)
prep(run-11, on-12)
nn(channel-15, Sci-13)
nn(channel-15, Fi-14)
pobj(on-12, channel-15)
prep(are-16, in-17)
det(set-20, the-18)
nn(set-20, box-19)
pobj(in-17, set-20)
punct(are-16, ,-21)
cc(are-16, but-22)
auxpass(tacked-24, are-23)
conj(are-16, tacked-24)
prt(tacked-24, on-25)
det(DVD-28, the-26)
amod(DVD-28, final-27)
dobj(tacked-24, DVD-28)
punct(are-16, .-29)

Sentence #6 (22 tokens):
If you buy the DVD set, get the actual order they are to be viewed and you will be happier.
[Text=If CharacterOffsetBegin=548 CharacterOffsetEnd=550 PartOfSpeech=IN] [Text=you CharacterOffsetBegin=551 CharacterOffsetEnd=554 PartOfSpeech=PRP] [Text=buy CharacterOffsetBegin=555 CharacterOffsetEnd=558 PartOfSpeech=VBP] [Text=the CharacterOffsetBegin=559 CharacterOffsetEnd=562 PartOfSpeech=DT] [Text=DVD CharacterOffsetBegin=563 CharacterOffsetEnd=566 PartOfSpeech=NN] [Text=set CharacterOffsetBegin=567 CharacterOffsetEnd=570 PartOfSpeech=NN] [Text=, CharacterOffsetBegin=570 CharacterOffsetEnd=571 PartOfSpeech=,] [Text=get CharacterOffsetBegin=572 CharacterOffsetEnd=575 PartOfSpeech=VB] [Text=the CharacterOffsetBegin=576 CharacterOffsetEnd=579 PartOfSpeech=DT] [Text=actual CharacterOffsetBegin=580 CharacterOffsetEnd=586 PartOfSpeech=JJ] [Text=order CharacterOffsetBegin=587 CharacterOffsetEnd=592 PartOfSpeech=NN] [Text=they CharacterOffsetBegin=593 CharacterOffsetEnd=597 PartOfSpeech=PRP] [Text=are CharacterOffsetBegin=598 CharacterOffsetEnd=601 PartOfSpeech=VBP] [Text=to CharacterOffsetBegin=602 CharacterOffsetEnd=604 PartOfSpeech=TO] [Text=be CharacterOffsetBegin=605 CharacterOffsetEnd=607 PartOfSpeech=VB] [Text=viewed CharacterOffsetBegin=608 CharacterOffsetEnd=614 PartOfSpeech=VBN] [Text=and CharacterOffsetBegin=615 CharacterOffsetEnd=618 PartOfSpeech=CC] [Text=you CharacterOffsetBegin=619 CharacterOffsetEnd=622 PartOfSpeech=PRP] [Text=will CharacterOffsetBegin=623 CharacterOffsetEnd=627 PartOfSpeech=MD] [Text=be CharacterOffsetBegin=628 CharacterOffsetEnd=630 PartOfSpeech=VB] [Text=happier CharacterOffsetBegin=631 CharacterOffsetEnd=638 PartOfSpeech=JJR] [Text=. CharacterOffsetBegin=638 CharacterOffsetEnd=639 PartOfSpeech=.] 
root(ROOT-0, buy-3)
mark(buy-3, If-1)
nsubj(buy-3, you-2)
det(set-6, the-4)
nn(set-6, DVD-5)
dobj(buy-3, set-6)
punct(buy-3, ,-7)
xcomp(buy-3, get-8)
det(order-11, the-9)
amod(order-11, actual-10)
dobj(get-8, order-11)
nsubj(are-13, they-12)
rcmod(order-11, are-13)
aux(viewed-16, to-14)
auxpass(viewed-16, be-15)
xcomp(are-13, viewed-16)
cc(viewed-16, and-17)
nsubj(happier-21, you-18)
aux(happier-21, will-19)
cop(happier-21, be-20)
conj(viewed-16, happier-21)
punct(buy-3, .-22)

Sentence #7 (29 tokens):
(You will need to swap DVD's in and out of your player to see them in order, but you will be glad you did.
    )
[Text=-LRB- CharacterOffsetBegin=644 CharacterOffsetEnd=645 PartOfSpeech=-LRB-] [Text=You CharacterOffsetBegin=645 CharacterOffsetEnd=648 PartOfSpeech=PRP] [Text=will CharacterOffsetBegin=649 CharacterOffsetEnd=653 PartOfSpeech=MD] [Text=need CharacterOffsetBegin=654 CharacterOffsetEnd=658 PartOfSpeech=VB] [Text=to CharacterOffsetBegin=659 CharacterOffsetEnd=661 PartOfSpeech=TO] [Text=swap CharacterOffsetBegin=662 CharacterOffsetEnd=666 PartOfSpeech=VB] [Text=DVD CharacterOffsetBegin=667 CharacterOffsetEnd=670 PartOfSpeech=NN] [Text='s CharacterOffsetBegin=670 CharacterOffsetEnd=672 PartOfSpeech=POS] [Text=in CharacterOffsetBegin=673 CharacterOffsetEnd=675 PartOfSpeech=IN] [Text=and CharacterOffsetBegin=676 CharacterOffsetEnd=679 PartOfSpeech=CC] [Text=out CharacterOffsetBegin=680 CharacterOffsetEnd=683 PartOfSpeech=IN] [Text=of CharacterOffsetBegin=684 CharacterOffsetEnd=686 PartOfSpeech=IN] [Text=your CharacterOffsetBegin=687 CharacterOffsetEnd=691 PartOfSpeech=PRP$] [Text=player CharacterOffsetBegin=692 CharacterOffsetEnd=698 PartOfSpeech=NN] [Text=to CharacterOffsetBegin=699 CharacterOffsetEnd=701 PartOfSpeech=TO] [Text=see CharacterOffsetBegin=702 CharacterOffsetEnd=705 PartOfSpeech=VB] [Text=them CharacterOffsetBegin=706 CharacterOffsetEnd=710 PartOfSpeech=PRP] [Text=in CharacterOffsetBegin=711 CharacterOffsetEnd=713 PartOfSpeech=IN] [Text=order CharacterOffsetBegin=714 CharacterOffsetEnd=719 PartOfSpeech=NN] [Text=, CharacterOffsetBegin=719 CharacterOffsetEnd=720 PartOfSpeech=,] [Text=but CharacterOffsetBegin=721 CharacterOffsetEnd=724 PartOfSpeech=CC] [Text=you CharacterOffsetBegin=725 CharacterOffsetEnd=728 PartOfSpeech=PRP] [Text=will CharacterOffsetBegin=729 CharacterOffsetEnd=733 PartOfSpeech=MD] [Text=be CharacterOffsetBegin=734 CharacterOffsetEnd=736 PartOfSpeech=VB] [Text=glad CharacterOffsetBegin=737 CharacterOffsetEnd=741 PartOfSpeech=JJ] [Text=you CharacterOffsetBegin=742 CharacterOffsetEnd=745 PartOfSpeech=PRP] [Text=did CharacterOffsetBegin=746 CharacterOffsetEnd=749 PartOfSpeech=VBD] [Text=. CharacterOffsetBegin=749 CharacterOffsetEnd=750 PartOfSpeech=.] [Text=-RRB- CharacterOffsetBegin=755 CharacterOffsetEnd=756 PartOfSpeech=-RRB-] 
root(ROOT-0, need-4)
punct(need-4, -LRB--1)
nsubj(need-4, You-2)
aux(need-4, will-3)
aux(swap-6, to-5)
xcomp(need-4, swap-6)
dobj(swap-6, DVD-7)
possessive(DVD-7, 's-8)
prep(swap-6, in-9)
cc(in-9, and-10)
conj(in-9, out-11)
pcomp(out-11, of-12)
poss(player-14, your-13)
pobj(of-12, player-14)
aux(see-16, to-15)
xcomp(need-4, see-16)
dobj(see-16, them-17)
prep(see-16, in-18)
pobj(in-18, order-19)
punct(need-4, ,-20)
cc(need-4, but-21)
nsubj(glad-25, you-22)
aux(glad-25, will-23)
cop(glad-25, be-24)
conj(need-4, glad-25)
nsubj(did-27, you-26)
ccomp(glad-25, did-27)
punct(need-4, .-28)
punct(need-4, -RRB--29)

Sentence #8 (1 tokens):
S
[Text=S CharacterOffsetBegin=756 CharacterOffsetEnd=757 PartOfSpeech=NN] 
root(ROOT-0, S-1)

