Sentence #1 (12 tokens):
This film is the most cult movie on metal there is.
[Text=This CharacterOffsetBegin=4 CharacterOffsetEnd=8 PartOfSpeech=DT] [Text=film CharacterOffsetBegin=9 CharacterOffsetEnd=13 PartOfSpeech=NN] [Text=is CharacterOffsetBegin=14 CharacterOffsetEnd=16 PartOfSpeech=VBZ] [Text=the CharacterOffsetBegin=17 CharacterOffsetEnd=20 PartOfSpeech=DT] [Text=most CharacterOffsetBegin=21 CharacterOffsetEnd=25 PartOfSpeech=RBS] [Text=cult CharacterOffsetBegin=26 CharacterOffsetEnd=30 PartOfSpeech=NN] [Text=movie CharacterOffsetBegin=31 CharacterOffsetEnd=36 PartOfSpeech=NN] [Text=on CharacterOffsetBegin=37 CharacterOffsetEnd=39 PartOfSpeech=IN] [Text=metal CharacterOffsetBegin=40 CharacterOffsetEnd=45 PartOfSpeech=NN] [Text=there CharacterOffsetBegin=46 CharacterOffsetEnd=51 PartOfSpeech=EX] [Text=is CharacterOffsetBegin=52 CharacterOffsetEnd=54 PartOfSpeech=VBZ] [Text=. CharacterOffsetBegin=54 CharacterOffsetEnd=55 PartOfSpeech=.] 
root(ROOT-0, movie-7)
det(film-2, This-1)
nsubj(movie-7, film-2)
cop(movie-7, is-3)
det(movie-7, the-4)
advmod(cult-6, most-5)
amod(movie-7, cult-6)
prep(movie-7, on-8)
pobj(on-8, metal-9)
expl(is-11, there-10)
rcmod(movie-7, is-11)
punct(movie-7, .-12)

Sentence #2 (25 tokens):
Premise: A kid gets a hold of the final recording of his favorite artist Sammy Curr who recently dies in a hotel fire.
[Text=Premise CharacterOffsetBegin=60 CharacterOffsetEnd=67 PartOfSpeech=NN] [Text=: CharacterOffsetBegin=67 CharacterOffsetEnd=68 PartOfSpeech=:] [Text=A CharacterOffsetBegin=69 CharacterOffsetEnd=70 PartOfSpeech=DT] [Text=kid CharacterOffsetBegin=71 CharacterOffsetEnd=74 PartOfSpeech=NN] [Text=gets CharacterOffsetBegin=75 CharacterOffsetEnd=79 PartOfSpeech=VBZ] [Text=a CharacterOffsetBegin=80 CharacterOffsetEnd=81 PartOfSpeech=DT] [Text=hold CharacterOffsetBegin=82 CharacterOffsetEnd=86 PartOfSpeech=NN] [Text=of CharacterOffsetBegin=87 CharacterOffsetEnd=89 PartOfSpeech=IN] [Text=the CharacterOffsetBegin=90 CharacterOffsetEnd=93 PartOfSpeech=DT] [Text=final CharacterOffsetBegin=94 CharacterOffsetEnd=99 PartOfSpeech=JJ] [Text=recording CharacterOffsetBegin=100 CharacterOffsetEnd=109 PartOfSpeech=NN] [Text=of CharacterOffsetBegin=110 CharacterOffsetEnd=112 PartOfSpeech=IN] [Text=his CharacterOffsetBegin=113 CharacterOffsetEnd=116 PartOfSpeech=PRP$] [Text=favorite CharacterOffsetBegin=117 CharacterOffsetEnd=125 PartOfSpeech=JJ] [Text=artist CharacterOffsetBegin=126 CharacterOffsetEnd=132 PartOfSpeech=NN] [Text=Sammy CharacterOffsetBegin=133 CharacterOffsetEnd=138 PartOfSpeech=NNP] [Text=Curr CharacterOffsetBegin=139 CharacterOffsetEnd=143 PartOfSpeech=NNP] [Text=who CharacterOffsetBegin=144 CharacterOffsetEnd=147 PartOfSpeech=WP] [Text=recently CharacterOffsetBegin=148 CharacterOffsetEnd=156 PartOfSpeech=RB] [Text=dies CharacterOffsetBegin=157 CharacterOffsetEnd=161 PartOfSpeech=VBZ] [Text=in CharacterOffsetBegin=162 CharacterOffsetEnd=164 PartOfSpeech=IN] [Text=a CharacterOffsetBegin=165 CharacterOffsetEnd=166 PartOfSpeech=DT] [Text=hotel CharacterOffsetBegin=167 CharacterOffsetEnd=172 PartOfSpeech=NN] [Text=fire CharacterOffsetBegin=173 CharacterOffsetEnd=177 PartOfSpeech=NN] [Text=. CharacterOffsetBegin=177 CharacterOffsetEnd=178 PartOfSpeech=.] 
root(ROOT-0, Premise-1)
punct(Premise-1, :-2)
det(kid-4, A-3)
nsubj(gets-5, kid-4)
dep(Premise-1, gets-5)
det(hold-7, a-6)
dobj(gets-5, hold-7)
prep(hold-7, of-8)
det(recording-11, the-9)
amod(recording-11, final-10)
pobj(of-8, recording-11)
prep(recording-11, of-12)
poss(artist-15, his-13)
amod(artist-15, favorite-14)
pobj(of-12, artist-15)
nn(Curr-17, Sammy-16)
dep(artist-15, Curr-17)
nsubj(dies-20, who-18)
advmod(dies-20, recently-19)
rcmod(Curr-17, dies-20)
prep(dies-20, in-21)
det(fire-24, a-22)
nn(fire-24, hotel-23)
pobj(in-21, fire-24)
punct(Premise-1, .-25)

Sentence #3 (30 tokens):
He plays it backwards and summons him back from the dead to get revenge in the name of heavy metal on those b**tardly jocks who torment him.
[Text=He CharacterOffsetBegin=183 CharacterOffsetEnd=185 PartOfSpeech=PRP] [Text=plays CharacterOffsetBegin=186 CharacterOffsetEnd=191 PartOfSpeech=VBZ] [Text=it CharacterOffsetBegin=192 CharacterOffsetEnd=194 PartOfSpeech=PRP] [Text=backwards CharacterOffsetBegin=195 CharacterOffsetEnd=204 PartOfSpeech=RB] [Text=and CharacterOffsetBegin=205 CharacterOffsetEnd=208 PartOfSpeech=CC] [Text=summons CharacterOffsetBegin=209 CharacterOffsetEnd=216 PartOfSpeech=NN] [Text=him CharacterOffsetBegin=217 CharacterOffsetEnd=220 PartOfSpeech=PRP] [Text=back CharacterOffsetBegin=221 CharacterOffsetEnd=225 PartOfSpeech=RB] [Text=from CharacterOffsetBegin=226 CharacterOffsetEnd=230 PartOfSpeech=IN] [Text=the CharacterOffsetBegin=231 CharacterOffsetEnd=234 PartOfSpeech=DT] [Text=dead CharacterOffsetBegin=235 CharacterOffsetEnd=239 PartOfSpeech=JJ] [Text=to CharacterOffsetBegin=240 CharacterOffsetEnd=242 PartOfSpeech=TO] [Text=get CharacterOffsetBegin=243 CharacterOffsetEnd=246 PartOfSpeech=VB] [Text=revenge CharacterOffsetBegin=247 CharacterOffsetEnd=254 PartOfSpeech=NN] [Text=in CharacterOffsetBegin=255 CharacterOffsetEnd=257 PartOfSpeech=IN] [Text=the CharacterOffsetBegin=258 CharacterOffsetEnd=261 PartOfSpeech=DT] [Text=name CharacterOffsetBegin=262 CharacterOffsetEnd=266 PartOfSpeech=NN] [Text=of CharacterOffsetBegin=267 CharacterOffsetEnd=269 PartOfSpeech=IN] [Text=heavy CharacterOffsetBegin=270 CharacterOffsetEnd=275 PartOfSpeech=JJ] [Text=metal CharacterOffsetBegin=276 CharacterOffsetEnd=281 PartOfSpeech=NN] [Text=on CharacterOffsetBegin=282 CharacterOffsetEnd=284 PartOfSpeech=IN] [Text=those CharacterOffsetBegin=285 CharacterOffsetEnd=290 PartOfSpeech=DT] [Text=b CharacterOffsetBegin=291 CharacterOffsetEnd=292 PartOfSpeech=NN] [Text=** CharacterOffsetBegin=292 CharacterOffsetEnd=294 PartOfSpeech=SYM] [Text=tardly CharacterOffsetBegin=294 CharacterOffsetEnd=300 PartOfSpeech=RB] [Text=jocks CharacterOffsetBegin=301 CharacterOffsetEnd=306 PartOfSpeech=NNS] [Text=who CharacterOffsetBegin=307 CharacterOffsetEnd=310 PartOfSpeech=WP] [Text=torment CharacterOffsetBegin=311 CharacterOffsetEnd=318 PartOfSpeech=VBP] [Text=him CharacterOffsetBegin=319 CharacterOffsetEnd=322 PartOfSpeech=PRP] [Text=. CharacterOffsetBegin=322 CharacterOffsetEnd=323 PartOfSpeech=.] 
root(ROOT-0, plays-2)
nsubj(plays-2, He-1)
dobj(plays-2, it-3)
advmod(plays-2, backwards-4)
cc(backwards-4, and-5)
conj(backwards-4, summons-6)
dobj(summons-6, him-7)
advmod(summons-6, back-8)
prep(back-8, from-9)
det(dead-11, the-10)
pobj(from-9, dead-11)
aux(get-13, to-12)
infmod(backwards-4, get-13)
dobj(get-13, revenge-14)
prep(revenge-14, in-15)
det(name-17, the-16)
pobj(in-15, name-17)
prep(name-17, of-18)
amod(metal-20, heavy-19)
pobj(of-18, metal-20)
prep(name-17, on-21)
det(jocks-26, those-22)
nn(jocks-26, b-23)
dep(jocks-26, **-24)
amod(jocks-26, tardly-25)
pobj(on-21, jocks-26)
nsubj(torment-28, who-27)
rcmod(jocks-26, torment-28)
dobj(torment-28, him-29)
punct(plays-2, .-30)

Sentence #4 (63 tokens):
Any fan of true metal will enjoy this movie, and if you are a metal head being tormented by jocks, play a Sammy Curr album backwards.........no wait he is fictitious, well get a hold of this movie and watch it with your fist in the air, your head banging, and the volume at 11!
[Text=Any CharacterOffsetBegin=328 CharacterOffsetEnd=331 PartOfSpeech=DT] [Text=fan CharacterOffsetBegin=332 CharacterOffsetEnd=335 PartOfSpeech=NN] [Text=of CharacterOffsetBegin=336 CharacterOffsetEnd=338 PartOfSpeech=IN] [Text=true CharacterOffsetBegin=339 CharacterOffsetEnd=343 PartOfSpeech=JJ] [Text=metal CharacterOffsetBegin=344 CharacterOffsetEnd=349 PartOfSpeech=NN] [Text=will CharacterOffsetBegin=350 CharacterOffsetEnd=354 PartOfSpeech=MD] [Text=enjoy CharacterOffsetBegin=355 CharacterOffsetEnd=360 PartOfSpeech=VB] [Text=this CharacterOffsetBegin=361 CharacterOffsetEnd=365 PartOfSpeech=DT] [Text=movie CharacterOffsetBegin=366 CharacterOffsetEnd=371 PartOfSpeech=NN] [Text=, CharacterOffsetBegin=371 CharacterOffsetEnd=372 PartOfSpeech=,] [Text=and CharacterOffsetBegin=373 CharacterOffsetEnd=376 PartOfSpeech=CC] [Text=if CharacterOffsetBegin=377 CharacterOffsetEnd=379 PartOfSpeech=IN] [Text=you CharacterOffsetBegin=380 CharacterOffsetEnd=383 PartOfSpeech=PRP] [Text=are CharacterOffsetBegin=384 CharacterOffsetEnd=387 PartOfSpeech=VBP] [Text=a CharacterOffsetBegin=388 CharacterOffsetEnd=389 PartOfSpeech=DT] [Text=metal CharacterOffsetBegin=390 CharacterOffsetEnd=395 PartOfSpeech=NN] [Text=head CharacterOffsetBegin=396 CharacterOffsetEnd=400 PartOfSpeech=NN] [Text=being CharacterOffsetBegin=401 CharacterOffsetEnd=406 PartOfSpeech=VBG] [Text=tormented CharacterOffsetBegin=407 CharacterOffsetEnd=416 PartOfSpeech=VBN] [Text=by CharacterOffsetBegin=417 CharacterOffsetEnd=419 PartOfSpeech=IN] [Text=jocks CharacterOffsetBegin=420 CharacterOffsetEnd=425 PartOfSpeech=NNS] [Text=, CharacterOffsetBegin=425 CharacterOffsetEnd=426 PartOfSpeech=,] [Text=play CharacterOffsetBegin=427 CharacterOffsetEnd=431 PartOfSpeech=VBP] [Text=a CharacterOffsetBegin=432 CharacterOffsetEnd=433 PartOfSpeech=DT] [Text=Sammy CharacterOffsetBegin=434 CharacterOffsetEnd=439 PartOfSpeech=NNP] [Text=Curr CharacterOffsetBegin=440 CharacterOffsetEnd=444 PartOfSpeech=NNP] [Text=album CharacterOffsetBegin=445 CharacterOffsetEnd=450 PartOfSpeech=NN] [Text=backwards CharacterOffsetBegin=451 CharacterOffsetEnd=460 PartOfSpeech=RB] [Text=... CharacterOffsetBegin=460 CharacterOffsetEnd=465 PartOfSpeech=:] [Text=... CharacterOffsetBegin=465 CharacterOffsetEnd=469 PartOfSpeech=:] [Text=no CharacterOffsetBegin=469 CharacterOffsetEnd=471 PartOfSpeech=DT] [Text=wait CharacterOffsetBegin=472 CharacterOffsetEnd=476 PartOfSpeech=NN] [Text=he CharacterOffsetBegin=477 CharacterOffsetEnd=479 PartOfSpeech=PRP] [Text=is CharacterOffsetBegin=480 CharacterOffsetEnd=482 PartOfSpeech=VBZ] [Text=fictitious CharacterOffsetBegin=483 CharacterOffsetEnd=493 PartOfSpeech=JJ] [Text=, CharacterOffsetBegin=493 CharacterOffsetEnd=494 PartOfSpeech=,] [Text=well CharacterOffsetBegin=495 CharacterOffsetEnd=499 PartOfSpeech=RB] [Text=get CharacterOffsetBegin=500 CharacterOffsetEnd=503 PartOfSpeech=VB] [Text=a CharacterOffsetBegin=504 CharacterOffsetEnd=505 PartOfSpeech=DT] [Text=hold CharacterOffsetBegin=506 CharacterOffsetEnd=510 PartOfSpeech=NN] [Text=of CharacterOffsetBegin=511 CharacterOffsetEnd=513 PartOfSpeech=IN] [Text=this CharacterOffsetBegin=514 CharacterOffsetEnd=518 PartOfSpeech=DT] [Text=movie CharacterOffsetBegin=519 CharacterOffsetEnd=524 PartOfSpeech=NN] [Text=and CharacterOffsetBegin=525 CharacterOffsetEnd=528 PartOfSpeech=CC] [Text=watch CharacterOffsetBegin=529 CharacterOffsetEnd=534 PartOfSpeech=VB] [Text=it CharacterOffsetBegin=535 CharacterOffsetEnd=537 PartOfSpeech=PRP] [Text=with CharacterOffsetBegin=538 CharacterOffsetEnd=542 PartOfSpeech=IN] [Text=your CharacterOffsetBegin=543 CharacterOffsetEnd=547 PartOfSpeech=PRP$] [Text=fist CharacterOffsetBegin=548 CharacterOffsetEnd=552 PartOfSpeech=NN] [Text=in CharacterOffsetBegin=553 CharacterOffsetEnd=555 PartOfSpeech=IN] [Text=the CharacterOffsetBegin=556 CharacterOffsetEnd=559 PartOfSpeech=DT] [Text=air CharacterOffsetBegin=560 CharacterOffsetEnd=563 PartOfSpeech=NN] [Text=, CharacterOffsetBegin=563 CharacterOffsetEnd=564 PartOfSpeech=,] [Text=your CharacterOffsetBegin=565 CharacterOffsetEnd=569 PartOfSpeech=PRP$] [Text=head CharacterOffsetBegin=570 CharacterOffsetEnd=574 PartOfSpeech=NN] [Text=banging CharacterOffsetBegin=575 CharacterOffsetEnd=582 PartOfSpeech=VBG] [Text=, CharacterOffsetBegin=582 CharacterOffsetEnd=583 PartOfSpeech=,] [Text=and CharacterOffsetBegin=584 CharacterOffsetEnd=587 PartOfSpeech=CC] [Text=the CharacterOffsetBegin=588 CharacterOffsetEnd=591 PartOfSpeech=DT] [Text=volume CharacterOffsetBegin=592 CharacterOffsetEnd=598 PartOfSpeech=NN] [Text=at CharacterOffsetBegin=599 CharacterOffsetEnd=601 PartOfSpeech=IN] [Text=11 CharacterOffsetBegin=602 CharacterOffsetEnd=604 PartOfSpeech=CD] [Text=! CharacterOffsetBegin=604 CharacterOffsetEnd=605 PartOfSpeech=.] 
root(ROOT-0, enjoy-7)
det(fan-2, Any-1)
nsubj(enjoy-7, fan-2)
prep(fan-2, of-3)
amod(metal-5, true-4)
pobj(of-3, metal-5)
aux(enjoy-7, will-6)
det(movie-9, this-8)
dobj(enjoy-7, movie-9)
punct(enjoy-7, ,-10)
cc(enjoy-7, and-11)
mark(head-17, if-12)
nsubj(head-17, you-13)
cop(head-17, are-14)
det(head-17, a-15)
nn(head-17, metal-16)
conj(enjoy-7, head-17)
auxpass(tormented-19, being-18)
dep(head-17, tormented-19)
prep(tormented-19, by-20)
pobj(by-20, jocks-21)
punct(head-17, ,-22)
dep(head-17, play-23)
det(album-27, a-24)
nn(album-27, Sammy-25)
nn(album-27, Curr-26)
dobj(play-23, album-27)
advmod(album-27, backwards-28)
punct(head-17, ...-29)
punct(head-17, ...-30)
det(wait-32, no-31)
dep(head-17, wait-32)
nsubj(fictitious-35, he-33)
cop(fictitious-35, is-34)
rcmod(wait-32, fictitious-35)
punct(wait-32, ,-36)
advmod(get-38, well-37)
conj(wait-32, get-38)
det(hold-40, a-39)
dobj(get-38, hold-40)
prep(hold-40, of-41)
det(movie-43, this-42)
pobj(of-41, movie-43)
cc(wait-32, and-44)
conj(wait-32, watch-45)
dobj(watch-45, it-46)
prep(watch-45, with-47)
poss(fist-49, your-48)
pobj(with-47, fist-49)
prep(fist-49, in-50)
det(air-52, the-51)
pobj(in-50, air-52)
punct(head-17, ,-53)
poss(head-55, your-54)
nsubj(banging-56, head-55)
dep(head-17, banging-56)
punct(head-17, ,-57)
cc(head-17, and-58)
det(volume-60, the-59)
conj(head-17, volume-60)
prep(volume-60, at-61)
pobj(at-61, 11-62)
punct(enjoy-7, !-63)

