Sentence #1 (13 tokens):
This is a good family show with a great cast of actors.
[Text=This CharacterOffsetBegin=4 CharacterOffsetEnd=8 PartOfSpeech=DT] [Text=is CharacterOffsetBegin=9 CharacterOffsetEnd=11 PartOfSpeech=VBZ] [Text=a CharacterOffsetBegin=12 CharacterOffsetEnd=13 PartOfSpeech=DT] [Text=good CharacterOffsetBegin=14 CharacterOffsetEnd=18 PartOfSpeech=JJ] [Text=family CharacterOffsetBegin=19 CharacterOffsetEnd=25 PartOfSpeech=NN] [Text=show CharacterOffsetBegin=26 CharacterOffsetEnd=30 PartOfSpeech=NN] [Text=with CharacterOffsetBegin=31 CharacterOffsetEnd=35 PartOfSpeech=IN] [Text=a CharacterOffsetBegin=36 CharacterOffsetEnd=37 PartOfSpeech=DT] [Text=great CharacterOffsetBegin=38 CharacterOffsetEnd=43 PartOfSpeech=JJ] [Text=cast CharacterOffsetBegin=44 CharacterOffsetEnd=48 PartOfSpeech=NN] [Text=of CharacterOffsetBegin=49 CharacterOffsetEnd=51 PartOfSpeech=IN] [Text=actors CharacterOffsetBegin=52 CharacterOffsetEnd=58 PartOfSpeech=NNS] [Text=. CharacterOffsetBegin=58 CharacterOffsetEnd=59 PartOfSpeech=.] 
root(ROOT-0, show-6)
nsubj(show-6, This-1)
cop(show-6, is-2)
det(show-6, a-3)
amod(show-6, good-4)
nn(show-6, family-5)
prep(show-6, with-7)
det(cast-10, a-8)
amod(cast-10, great-9)
pobj(with-7, cast-10)
prep(cast-10, of-11)
pobj(of-11, actors-12)
punct(show-6, .-13)

Sentence #2 (13 tokens):
It's a nice break from the reality show blitz of late.
[Text=It CharacterOffsetBegin=64 CharacterOffsetEnd=66 PartOfSpeech=PRP] [Text='s CharacterOffsetBegin=66 CharacterOffsetEnd=68 PartOfSpeech=VBZ] [Text=a CharacterOffsetBegin=69 CharacterOffsetEnd=70 PartOfSpeech=DT] [Text=nice CharacterOffsetBegin=71 CharacterOffsetEnd=75 PartOfSpeech=JJ] [Text=break CharacterOffsetBegin=76 CharacterOffsetEnd=81 PartOfSpeech=NN] [Text=from CharacterOffsetBegin=82 CharacterOffsetEnd=86 PartOfSpeech=IN] [Text=the CharacterOffsetBegin=87 CharacterOffsetEnd=90 PartOfSpeech=DT] [Text=reality CharacterOffsetBegin=91 CharacterOffsetEnd=98 PartOfSpeech=NN] [Text=show CharacterOffsetBegin=99 CharacterOffsetEnd=103 PartOfSpeech=NN] [Text=blitz CharacterOffsetBegin=104 CharacterOffsetEnd=109 PartOfSpeech=NN] [Text=of CharacterOffsetBegin=110 CharacterOffsetEnd=112 PartOfSpeech=IN] [Text=late CharacterOffsetBegin=113 CharacterOffsetEnd=117 PartOfSpeech=JJ] [Text=. CharacterOffsetBegin=117 CharacterOffsetEnd=118 PartOfSpeech=.] 
root(ROOT-0, break-5)
nsubj(break-5, It-1)
cop(break-5, 's-2)
det(break-5, a-3)
amod(break-5, nice-4)
prep(break-5, from-6)
det(blitz-10, the-7)
nn(blitz-10, reality-8)
nn(blitz-10, show-9)
pobj(from-6, blitz-10)
prep(blitz-10, of-11)
pobj(of-11, late-12)
punct(break-5, .-13)

Sentence #3 (31 tokens):
There is nothing else quite like it on television right now either, unless you count Joan of Arcadia as being similar because it has a teen lead character too.
[Text=There CharacterOffsetBegin=123 CharacterOffsetEnd=128 PartOfSpeech=EX] [Text=is CharacterOffsetBegin=129 CharacterOffsetEnd=131 PartOfSpeech=VBZ] [Text=nothing CharacterOffsetBegin=132 CharacterOffsetEnd=139 PartOfSpeech=NN] [Text=else CharacterOffsetBegin=140 CharacterOffsetEnd=144 PartOfSpeech=JJ] [Text=quite CharacterOffsetBegin=145 CharacterOffsetEnd=150 PartOfSpeech=RB] [Text=like CharacterOffsetBegin=151 CharacterOffsetEnd=155 PartOfSpeech=IN] [Text=it CharacterOffsetBegin=156 CharacterOffsetEnd=158 PartOfSpeech=PRP] [Text=on CharacterOffsetBegin=159 CharacterOffsetEnd=161 PartOfSpeech=IN] [Text=television CharacterOffsetBegin=162 CharacterOffsetEnd=172 PartOfSpeech=NN] [Text=right CharacterOffsetBegin=173 CharacterOffsetEnd=178 PartOfSpeech=NN] [Text=now CharacterOffsetBegin=179 CharacterOffsetEnd=182 PartOfSpeech=RB] [Text=either CharacterOffsetBegin=183 CharacterOffsetEnd=189 PartOfSpeech=RB] [Text=, CharacterOffsetBegin=189 CharacterOffsetEnd=190 PartOfSpeech=,] [Text=unless CharacterOffsetBegin=191 CharacterOffsetEnd=197 PartOfSpeech=IN] [Text=you CharacterOffsetBegin=198 CharacterOffsetEnd=201 PartOfSpeech=PRP] [Text=count CharacterOffsetBegin=202 CharacterOffsetEnd=207 PartOfSpeech=VBP] [Text=Joan CharacterOffsetBegin=208 CharacterOffsetEnd=212 PartOfSpeech=NNP] [Text=of CharacterOffsetBegin=213 CharacterOffsetEnd=215 PartOfSpeech=IN] [Text=Arcadia CharacterOffsetBegin=216 CharacterOffsetEnd=223 PartOfSpeech=NNP] [Text=as CharacterOffsetBegin=224 CharacterOffsetEnd=226 PartOfSpeech=IN] [Text=being CharacterOffsetBegin=227 CharacterOffsetEnd=232 PartOfSpeech=VBG] [Text=similar CharacterOffsetBegin=233 CharacterOffsetEnd=240 PartOfSpeech=JJ] [Text=because CharacterOffsetBegin=241 CharacterOffsetEnd=248 PartOfSpeech=IN] [Text=it CharacterOffsetBegin=249 CharacterOffsetEnd=251 PartOfSpeech=PRP] [Text=has CharacterOffsetBegin=252 CharacterOffsetEnd=255 PartOfSpeech=VBZ] [Text=a CharacterOffsetBegin=256 CharacterOffsetEnd=257 PartOfSpeech=DT] [Text=teen CharacterOffsetBegin=258 CharacterOffsetEnd=262 PartOfSpeech=JJ] [Text=lead CharacterOffsetBegin=263 CharacterOffsetEnd=267 PartOfSpeech=JJ] [Text=character CharacterOffsetBegin=268 CharacterOffsetEnd=277 PartOfSpeech=NN] [Text=too CharacterOffsetBegin=278 CharacterOffsetEnd=281 PartOfSpeech=RB] [Text=. CharacterOffsetBegin=281 CharacterOffsetEnd=282 PartOfSpeech=.] 
root(ROOT-0, is-2)
expl(is-2, There-1)
nsubj(is-2, nothing-3)
amod(nothing-3, else-4)
advmod(like-6, quite-5)
prep(nothing-3, like-6)
pobj(like-6, it-7)
prep(nothing-3, on-8)
pobj(on-8, television-9)
dep(nothing-3, right-10)
advmod(right-10, now-11)
dep(right-10, either-12)
punct(right-10, ,-13)
mark(count-16, unless-14)
nsubj(count-16, you-15)
advcl(is-2, count-16)
dobj(count-16, Joan-17)
prep(Joan-17, of-18)
pobj(of-18, Arcadia-19)
prep(count-16, as-20)
cop(similar-22, being-21)
pcomp(as-20, similar-22)
mark(has-25, because-23)
nsubj(has-25, it-24)
advcl(is-2, has-25)
det(character-29, a-26)
amod(character-29, teen-27)
amod(character-29, lead-28)
dobj(has-25, character-29)
advmod(character-29, too-30)
punct(is-2, .-31)

Sentence #4 (34 tokens):
Anyway, Clubhouse is worth a look because Jeremy Sumpter gives the main character (Pete Young) a kind of likability and naivet that is appealing without being overly sweet and cuddly.
[Text=Anyway CharacterOffsetBegin=287 CharacterOffsetEnd=293 PartOfSpeech=RB] [Text=, CharacterOffsetBegin=293 CharacterOffsetEnd=294 PartOfSpeech=,] [Text=Clubhouse CharacterOffsetBegin=295 CharacterOffsetEnd=304 PartOfSpeech=NNP] [Text=is CharacterOffsetBegin=305 CharacterOffsetEnd=307 PartOfSpeech=VBZ] [Text=worth CharacterOffsetBegin=308 CharacterOffsetEnd=313 PartOfSpeech=IN] [Text=a CharacterOffsetBegin=314 CharacterOffsetEnd=315 PartOfSpeech=DT] [Text=look CharacterOffsetBegin=316 CharacterOffsetEnd=320 PartOfSpeech=NN] [Text=because CharacterOffsetBegin=321 CharacterOffsetEnd=328 PartOfSpeech=IN] [Text=Jeremy CharacterOffsetBegin=329 CharacterOffsetEnd=335 PartOfSpeech=NNP] [Text=Sumpter CharacterOffsetBegin=336 CharacterOffsetEnd=343 PartOfSpeech=NNP] [Text=gives CharacterOffsetBegin=344 CharacterOffsetEnd=349 PartOfSpeech=VBZ] [Text=the CharacterOffsetBegin=350 CharacterOffsetEnd=353 PartOfSpeech=DT] [Text=main CharacterOffsetBegin=354 CharacterOffsetEnd=358 PartOfSpeech=JJ] [Text=character CharacterOffsetBegin=359 CharacterOffsetEnd=368 PartOfSpeech=NN] [Text=-LRB- CharacterOffsetBegin=369 CharacterOffsetEnd=370 PartOfSpeech=-LRB-] [Text=Pete CharacterOffsetBegin=370 CharacterOffsetEnd=374 PartOfSpeech=NNP] [Text=Young CharacterOffsetBegin=375 CharacterOffsetEnd=380 PartOfSpeech=NNP] [Text=-RRB- CharacterOffsetBegin=380 CharacterOffsetEnd=381 PartOfSpeech=-RRB-] [Text=a CharacterOffsetBegin=382 CharacterOffsetEnd=383 PartOfSpeech=DT] [Text=kind CharacterOffsetBegin=384 CharacterOffsetEnd=388 PartOfSpeech=NN] [Text=of CharacterOffsetBegin=389 CharacterOffsetEnd=391 PartOfSpeech=IN] [Text=likability CharacterOffsetBegin=392 CharacterOffsetEnd=402 PartOfSpeech=NN] [Text=and CharacterOffsetBegin=403 CharacterOffsetEnd=406 PartOfSpeech=CC] [Text=naivet CharacterOffsetBegin=407 CharacterOffsetEnd=413 PartOfSpeech=NN] [Text=that CharacterOffsetBegin=414 CharacterOffsetEnd=418 PartOfSpeech=WDT] [Text=is CharacterOffsetBegin=419 CharacterOffsetEnd=421 PartOfSpeech=VBZ] [Text=appealing CharacterOffsetBegin=422 CharacterOffsetEnd=431 PartOfSpeech=VBG] [Text=without CharacterOffsetBegin=432 CharacterOffsetEnd=439 PartOfSpeech=IN] [Text=being CharacterOffsetBegin=440 CharacterOffsetEnd=445 PartOfSpeech=VBG] [Text=overly CharacterOffsetBegin=446 CharacterOffsetEnd=452 PartOfSpeech=RB] [Text=sweet CharacterOffsetBegin=453 CharacterOffsetEnd=458 PartOfSpeech=JJ] [Text=and CharacterOffsetBegin=459 CharacterOffsetEnd=462 PartOfSpeech=CC] [Text=cuddly CharacterOffsetBegin=463 CharacterOffsetEnd=469 PartOfSpeech=JJ] [Text=. CharacterOffsetBegin=469 CharacterOffsetEnd=470 PartOfSpeech=.] 
root(ROOT-0, is-4)
advmod(is-4, Anyway-1)
punct(is-4, ,-2)
nsubj(is-4, Clubhouse-3)
prep(is-4, worth-5)
det(look-7, a-6)
dep(worth-5, look-7)
mark(gives-11, because-8)
nn(Sumpter-10, Jeremy-9)
nsubj(gives-11, Sumpter-10)
dep(look-7, gives-11)
det(character-14, the-12)
amod(character-14, main-13)
dobj(gives-11, character-14)
punct(Young-17, -LRB--15)
nn(Young-17, Pete-16)
appos(character-14, Young-17)
punct(Young-17, -RRB--18)
det(kind-20, a-19)
dep(character-14, kind-20)
prep(kind-20, of-21)
pobj(of-21, likability-22)
cc(likability-22, and-23)
conj(likability-22, naivet-24)
nsubj(appealing-27, that-25)
aux(appealing-27, is-26)
rcmod(kind-20, appealing-27)
prep(appealing-27, without-28)
cop(sweet-31, being-29)
advmod(sweet-31, overly-30)
pcomp(without-28, sweet-31)
cc(sweet-31, and-32)
conj(sweet-31, cuddly-33)
punct(is-4, .-34)

Sentence #5 (29 tokens):
Dean Cain, Christopher Lloyd, Mare Winningham and Kirsten Storms round out the rest of the main cast members, and each is terrific in their role.
[Text=Dean CharacterOffsetBegin=475 CharacterOffsetEnd=479 PartOfSpeech=NNP] [Text=Cain CharacterOffsetBegin=480 CharacterOffsetEnd=484 PartOfSpeech=NNP] [Text=, CharacterOffsetBegin=484 CharacterOffsetEnd=485 PartOfSpeech=,] [Text=Christopher CharacterOffsetBegin=486 CharacterOffsetEnd=497 PartOfSpeech=NNP] [Text=Lloyd CharacterOffsetBegin=498 CharacterOffsetEnd=503 PartOfSpeech=NNP] [Text=, CharacterOffsetBegin=503 CharacterOffsetEnd=504 PartOfSpeech=,] [Text=Mare CharacterOffsetBegin=505 CharacterOffsetEnd=509 PartOfSpeech=NNP] [Text=Winningham CharacterOffsetBegin=510 CharacterOffsetEnd=520 PartOfSpeech=NNP] [Text=and CharacterOffsetBegin=521 CharacterOffsetEnd=524 PartOfSpeech=CC] [Text=Kirsten CharacterOffsetBegin=525 CharacterOffsetEnd=532 PartOfSpeech=NNP] [Text=Storms CharacterOffsetBegin=533 CharacterOffsetEnd=539 PartOfSpeech=NNP] [Text=round CharacterOffsetBegin=540 CharacterOffsetEnd=545 PartOfSpeech=NN] [Text=out CharacterOffsetBegin=546 CharacterOffsetEnd=549 PartOfSpeech=IN] [Text=the CharacterOffsetBegin=550 CharacterOffsetEnd=553 PartOfSpeech=DT] [Text=rest CharacterOffsetBegin=554 CharacterOffsetEnd=558 PartOfSpeech=NN] [Text=of CharacterOffsetBegin=559 CharacterOffsetEnd=561 PartOfSpeech=IN] [Text=the CharacterOffsetBegin=562 CharacterOffsetEnd=565 PartOfSpeech=DT] [Text=main CharacterOffsetBegin=566 CharacterOffsetEnd=570 PartOfSpeech=JJ] [Text=cast CharacterOffsetBegin=571 CharacterOffsetEnd=575 PartOfSpeech=NN] [Text=members CharacterOffsetBegin=576 CharacterOffsetEnd=583 PartOfSpeech=NNS] [Text=, CharacterOffsetBegin=583 CharacterOffsetEnd=584 PartOfSpeech=,] [Text=and CharacterOffsetBegin=585 CharacterOffsetEnd=588 PartOfSpeech=CC] [Text=each CharacterOffsetBegin=589 CharacterOffsetEnd=593 PartOfSpeech=DT] [Text=is CharacterOffsetBegin=594 CharacterOffsetEnd=596 PartOfSpeech=VBZ] [Text=terrific CharacterOffsetBegin=597 CharacterOffsetEnd=605 PartOfSpeech=JJ] [Text=in CharacterOffsetBegin=606 CharacterOffsetEnd=608 PartOfSpeech=IN] [Text=their CharacterOffsetBegin=609 CharacterOffsetEnd=614 PartOfSpeech=PRP$] [Text=role CharacterOffsetBegin=615 CharacterOffsetEnd=619 PartOfSpeech=NN] [Text=. CharacterOffsetBegin=619 CharacterOffsetEnd=620 PartOfSpeech=.] 
root(ROOT-0, Cain-2)
nn(Cain-2, Dean-1)
punct(Cain-2, ,-3)
nn(Lloyd-5, Christopher-4)
appos(Cain-2, Lloyd-5)
punct(Cain-2, ,-6)
nn(Winningham-8, Mare-7)
appos(Cain-2, Winningham-8)
cc(Winningham-8, and-9)
nn(round-12, Kirsten-10)
nn(round-12, Storms-11)
conj(Winningham-8, round-12)
prep(Winningham-8, out-13)
det(rest-15, the-14)
pobj(out-13, rest-15)
prep(rest-15, of-16)
det(members-20, the-17)
amod(members-20, main-18)
nn(members-20, cast-19)
pobj(of-16, members-20)
punct(Cain-2, ,-21)
cc(Cain-2, and-22)
nsubj(terrific-25, each-23)
cop(terrific-25, is-24)
conj(Cain-2, terrific-25)
prep(terrific-25, in-26)
poss(role-28, their-27)
pobj(in-26, role-28)
punct(Cain-2, .-29)

Sentence #6 (35 tokens):
I really like Kirsten Storms as Pete's sister Betsy; she is quite a pill, but she still cares about her mom and brother, even though she hates to show it.
[Text=I CharacterOffsetBegin=625 CharacterOffsetEnd=626 PartOfSpeech=PRP] [Text=really CharacterOffsetBegin=627 CharacterOffsetEnd=633 PartOfSpeech=RB] [Text=like CharacterOffsetBegin=634 CharacterOffsetEnd=638 PartOfSpeech=IN] [Text=Kirsten CharacterOffsetBegin=639 CharacterOffsetEnd=646 PartOfSpeech=NNP] [Text=Storms CharacterOffsetBegin=647 CharacterOffsetEnd=653 PartOfSpeech=NNP] [Text=as CharacterOffsetBegin=654 CharacterOffsetEnd=656 PartOfSpeech=IN] [Text=Pete CharacterOffsetBegin=657 CharacterOffsetEnd=661 PartOfSpeech=NNP] [Text='s CharacterOffsetBegin=661 CharacterOffsetEnd=663 PartOfSpeech=POS] [Text=sister CharacterOffsetBegin=664 CharacterOffsetEnd=670 PartOfSpeech=NN] [Text=Betsy CharacterOffsetBegin=671 CharacterOffsetEnd=676 PartOfSpeech=NNP] [Text=; CharacterOffsetBegin=676 CharacterOffsetEnd=677 PartOfSpeech=:] [Text=she CharacterOffsetBegin=678 CharacterOffsetEnd=681 PartOfSpeech=PRP] [Text=is CharacterOffsetBegin=682 CharacterOffsetEnd=684 PartOfSpeech=VBZ] [Text=quite CharacterOffsetBegin=685 CharacterOffsetEnd=690 PartOfSpeech=RB] [Text=a CharacterOffsetBegin=691 CharacterOffsetEnd=692 PartOfSpeech=DT] [Text=pill CharacterOffsetBegin=693 CharacterOffsetEnd=697 PartOfSpeech=NN] [Text=, CharacterOffsetBegin=697 CharacterOffsetEnd=698 PartOfSpeech=,] [Text=but CharacterOffsetBegin=699 CharacterOffsetEnd=702 PartOfSpeech=CC] [Text=she CharacterOffsetBegin=703 CharacterOffsetEnd=706 PartOfSpeech=PRP] [Text=still CharacterOffsetBegin=707 CharacterOffsetEnd=712 PartOfSpeech=RB] [Text=cares CharacterOffsetBegin=713 CharacterOffsetEnd=718 PartOfSpeech=VBZ] [Text=about CharacterOffsetBegin=719 CharacterOffsetEnd=724 PartOfSpeech=IN] [Text=her CharacterOffsetBegin=725 CharacterOffsetEnd=728 PartOfSpeech=PRP$] [Text=mom CharacterOffsetBegin=729 CharacterOffsetEnd=732 PartOfSpeech=NN] [Text=and CharacterOffsetBegin=733 CharacterOffsetEnd=736 PartOfSpeech=CC] [Text=brother CharacterOffsetBegin=737 CharacterOffsetEnd=744 PartOfSpeech=NN] [Text=, CharacterOffsetBegin=744 CharacterOffsetEnd=745 PartOfSpeech=,] [Text=even CharacterOffsetBegin=746 CharacterOffsetEnd=750 PartOfSpeech=RB] [Text=though CharacterOffsetBegin=751 CharacterOffsetEnd=757 PartOfSpeech=IN] [Text=she CharacterOffsetBegin=758 CharacterOffsetEnd=761 PartOfSpeech=PRP] [Text=hates CharacterOffsetBegin=762 CharacterOffsetEnd=767 PartOfSpeech=VBZ] [Text=to CharacterOffsetBegin=768 CharacterOffsetEnd=770 PartOfSpeech=TO] [Text=show CharacterOffsetBegin=771 CharacterOffsetEnd=775 PartOfSpeech=VB] [Text=it CharacterOffsetBegin=776 CharacterOffsetEnd=778 PartOfSpeech=PRP] [Text=. CharacterOffsetBegin=778 CharacterOffsetEnd=779 PartOfSpeech=.] 
root(ROOT-0, like-3)
nsubj(like-3, I-1)
advmod(like-3, really-2)
nn(Storms-5, Kirsten-4)
pobj(like-3, Storms-5)
prep(Storms-5, as-6)
poss(Betsy-10, Pete-7)
possessive(Pete-7, 's-8)
nn(Betsy-10, sister-9)
pobj(as-6, Betsy-10)
punct(like-3, ;-11)
nsubj(pill-16, she-12)
cop(pill-16, is-13)
advmod(pill-16, quite-14)
det(pill-16, a-15)
parataxis(like-3, pill-16)
punct(pill-16, ,-17)
cc(pill-16, but-18)
nsubj(cares-21, she-19)
advmod(cares-21, still-20)
conj(pill-16, cares-21)
prep(cares-21, about-22)
poss(mom-24, her-23)
pobj(about-22, mom-24)
cc(mom-24, and-25)
conj(mom-24, brother-26)
punct(pill-16, ,-27)
advmod(hates-31, even-28)
mark(hates-31, though-29)
nsubj(hates-31, she-30)
advcl(pill-16, hates-31)
aux(show-33, to-32)
xcomp(hates-31, show-33)
dobj(show-33, it-34)
punct(like-3, .-35)

Sentence #7 (44 tokens):
It may take a few episodes to really find it's legs, but Clubhouse is easily one of the best shows to come along in a good long while, so check it out people--you'll be glad you did!
[Text=It CharacterOffsetBegin=784 CharacterOffsetEnd=786 PartOfSpeech=PRP] [Text=may CharacterOffsetBegin=787 CharacterOffsetEnd=790 PartOfSpeech=MD] [Text=take CharacterOffsetBegin=791 CharacterOffsetEnd=795 PartOfSpeech=VB] [Text=a CharacterOffsetBegin=796 CharacterOffsetEnd=797 PartOfSpeech=DT] [Text=few CharacterOffsetBegin=798 CharacterOffsetEnd=801 PartOfSpeech=JJ] [Text=episodes CharacterOffsetBegin=802 CharacterOffsetEnd=810 PartOfSpeech=NNS] [Text=to CharacterOffsetBegin=811 CharacterOffsetEnd=813 PartOfSpeech=TO] [Text=really CharacterOffsetBegin=814 CharacterOffsetEnd=820 PartOfSpeech=RB] [Text=find CharacterOffsetBegin=821 CharacterOffsetEnd=825 PartOfSpeech=VB] [Text=it CharacterOffsetBegin=826 CharacterOffsetEnd=828 PartOfSpeech=PRP] [Text='s CharacterOffsetBegin=828 CharacterOffsetEnd=830 PartOfSpeech=VBZ] [Text=legs CharacterOffsetBegin=831 CharacterOffsetEnd=835 PartOfSpeech=NNS] [Text=, CharacterOffsetBegin=835 CharacterOffsetEnd=836 PartOfSpeech=,] [Text=but CharacterOffsetBegin=837 CharacterOffsetEnd=840 PartOfSpeech=CC] [Text=Clubhouse CharacterOffsetBegin=841 CharacterOffsetEnd=850 PartOfSpeech=NNP] [Text=is CharacterOffsetBegin=851 CharacterOffsetEnd=853 PartOfSpeech=VBZ] [Text=easily CharacterOffsetBegin=854 CharacterOffsetEnd=860 PartOfSpeech=RB] [Text=one CharacterOffsetBegin=861 CharacterOffsetEnd=864 PartOfSpeech=CD] [Text=of CharacterOffsetBegin=865 CharacterOffsetEnd=867 PartOfSpeech=IN] [Text=the CharacterOffsetBegin=868 CharacterOffsetEnd=871 PartOfSpeech=DT] [Text=best CharacterOffsetBegin=872 CharacterOffsetEnd=876 PartOfSpeech=JJS] [Text=shows CharacterOffsetBegin=877 CharacterOffsetEnd=882 PartOfSpeech=NNS] [Text=to CharacterOffsetBegin=883 CharacterOffsetEnd=885 PartOfSpeech=TO] [Text=come CharacterOffsetBegin=886 CharacterOffsetEnd=890 PartOfSpeech=VB] [Text=along CharacterOffsetBegin=891 CharacterOffsetEnd=896 PartOfSpeech=RB] [Text=in CharacterOffsetBegin=897 CharacterOffsetEnd=899 PartOfSpeech=IN] [Text=a CharacterOffsetBegin=900 CharacterOffsetEnd=901 PartOfSpeech=DT] [Text=good CharacterOffsetBegin=902 CharacterOffsetEnd=906 PartOfSpeech=JJ] [Text=long CharacterOffsetBegin=907 CharacterOffsetEnd=911 PartOfSpeech=JJ] [Text=while CharacterOffsetBegin=912 CharacterOffsetEnd=917 PartOfSpeech=NN] [Text=, CharacterOffsetBegin=917 CharacterOffsetEnd=918 PartOfSpeech=,] [Text=so CharacterOffsetBegin=919 CharacterOffsetEnd=921 PartOfSpeech=RB] [Text=check CharacterOffsetBegin=922 CharacterOffsetEnd=927 PartOfSpeech=VB] [Text=it CharacterOffsetBegin=928 CharacterOffsetEnd=930 PartOfSpeech=PRP] [Text=out CharacterOffsetBegin=931 CharacterOffsetEnd=934 PartOfSpeech=IN] [Text=people CharacterOffsetBegin=935 CharacterOffsetEnd=941 PartOfSpeech=NNS] [Text=-- CharacterOffsetBegin=941 CharacterOffsetEnd=943 PartOfSpeech=:] [Text=you CharacterOffsetBegin=943 CharacterOffsetEnd=946 PartOfSpeech=PRP] [Text='ll CharacterOffsetBegin=946 CharacterOffsetEnd=949 PartOfSpeech=MD] [Text=be CharacterOffsetBegin=950 CharacterOffsetEnd=952 PartOfSpeech=VB] [Text=glad CharacterOffsetBegin=953 CharacterOffsetEnd=957 PartOfSpeech=JJ] [Text=you CharacterOffsetBegin=958 CharacterOffsetEnd=961 PartOfSpeech=PRP] [Text=did CharacterOffsetBegin=962 CharacterOffsetEnd=965 PartOfSpeech=VBD] [Text=! CharacterOffsetBegin=965 CharacterOffsetEnd=966 PartOfSpeech=.] 
root(ROOT-0, take-3)
nsubj(take-3, It-1)
aux(take-3, may-2)
det(episodes-6, a-4)
amod(episodes-6, few-5)
dobj(take-3, episodes-6)
aux(find-9, to-7)
advmod(find-9, really-8)
xcomp(take-3, find-9)
nsubj(legs-12, it-10)
cop(legs-12, 's-11)
ccomp(find-9, legs-12)
punct(legs-12, ,-13)
cc(legs-12, but-14)
nsubj(one-18, Clubhouse-15)
cop(one-18, is-16)
advmod(one-18, easily-17)
conj(legs-12, one-18)
prep(one-18, of-19)
det(shows-22, the-20)
amod(shows-22, best-21)
pobj(of-19, shows-22)
aux(come-24, to-23)
dep(shows-22, come-24)
advmod(come-24, along-25)
prep(come-24, in-26)
det(long-29, a-27)
amod(long-29, good-28)
pobj(in-26, long-29)
tmod(come-24, while-30)
punct(come-24, ,-31)
advmod(check-33, so-32)
dep(come-24, check-33)
dobj(check-33, it-34)
prep(check-33, out-35)
pobj(out-35, people-36)
punct(come-24, ---37)
nsubj(glad-41, you-38)
aux(glad-41, 'll-39)
cop(glad-41, be-40)
parataxis(come-24, glad-41)
nsubj(did-43, you-42)
ccomp(glad-41, did-43)
punct(take-3, !-44)

