Sentence #1 (24 tokens):
Gene Tierney and Dana Andrews, who were both so memorable in 1944's "Laura, re-teamed for this excellent 1950 film-noir.
[Text=Gene CharacterOffsetBegin=4 CharacterOffsetEnd=8 PartOfSpeech=NNP] [Text=Tierney CharacterOffsetBegin=9 CharacterOffsetEnd=16 PartOfSpeech=NNP] [Text=and CharacterOffsetBegin=17 CharacterOffsetEnd=20 PartOfSpeech=CC] [Text=Dana CharacterOffsetBegin=21 CharacterOffsetEnd=25 PartOfSpeech=NNP] [Text=Andrews CharacterOffsetBegin=26 CharacterOffsetEnd=33 PartOfSpeech=NNP] [Text=, CharacterOffsetBegin=33 CharacterOffsetEnd=34 PartOfSpeech=,] [Text=who CharacterOffsetBegin=35 CharacterOffsetEnd=38 PartOfSpeech=WP] [Text=were CharacterOffsetBegin=39 CharacterOffsetEnd=43 PartOfSpeech=VBD] [Text=both CharacterOffsetBegin=44 CharacterOffsetEnd=48 PartOfSpeech=DT] [Text=so CharacterOffsetBegin=49 CharacterOffsetEnd=51 PartOfSpeech=RB] [Text=memorable CharacterOffsetBegin=52 CharacterOffsetEnd=61 PartOfSpeech=JJ] [Text=in CharacterOffsetBegin=62 CharacterOffsetEnd=64 PartOfSpeech=IN] [Text=1944 CharacterOffsetBegin=65 CharacterOffsetEnd=69 PartOfSpeech=CD] [Text='s CharacterOffsetBegin=69 CharacterOffsetEnd=71 PartOfSpeech=POS] [Text=`` CharacterOffsetBegin=72 CharacterOffsetEnd=73 PartOfSpeech=``] [Text=Laura CharacterOffsetBegin=73 CharacterOffsetEnd=78 PartOfSpeech=NNP] [Text=, CharacterOffsetBegin=78 CharacterOffsetEnd=79 PartOfSpeech=,] [Text=re-teamed CharacterOffsetBegin=80 CharacterOffsetEnd=89 PartOfSpeech=VBD] [Text=for CharacterOffsetBegin=90 CharacterOffsetEnd=93 PartOfSpeech=IN] [Text=this CharacterOffsetBegin=94 CharacterOffsetEnd=98 PartOfSpeech=DT] [Text=excellent CharacterOffsetBegin=99 CharacterOffsetEnd=108 PartOfSpeech=JJ] [Text=1950 CharacterOffsetBegin=109 CharacterOffsetEnd=113 PartOfSpeech=CD] [Text=film-noir CharacterOffsetBegin=114 CharacterOffsetEnd=123 PartOfSpeech=NN] [Text=. CharacterOffsetBegin=123 CharacterOffsetEnd=124 PartOfSpeech=.] 
root(ROOT-0, re-teamed-18)
nn(Tierney-2, Gene-1)
nsubj(re-teamed-18, Tierney-2)
cc(Tierney-2, and-3)
nn(Andrews-5, Dana-4)
conj(Tierney-2, Andrews-5)
punct(Tierney-2, ,-6)
nsubj(memorable-11, who-7)
cop(memorable-11, were-8)
dep(memorable-11, both-9)
advmod(memorable-11, so-10)
rcmod(Tierney-2, memorable-11)
prep(memorable-11, in-12)
poss(Laura-16, 1944-13)
possessive(1944-13, 's-14)
punct(Laura-16, ``-15)
pobj(in-12, Laura-16)
punct(Tierney-2, ,-17)
prep(re-teamed-18, for-19)
det(film-noir-23, this-20)
amod(film-noir-23, excellent-21)
num(film-noir-23, 1950-22)
pobj(for-19, film-noir-23)
punct(re-teamed-18, .-24)

Sentence #2 (34 tokens):
An embittered policeman, Andrews as Mark, can't get over the fact that his father was a hoodlum who died in a police shootout while trying to break out of jail.
[Text=An CharacterOffsetBegin=124 CharacterOffsetEnd=126 PartOfSpeech=DT] [Text=embittered CharacterOffsetBegin=127 CharacterOffsetEnd=137 PartOfSpeech=JJ] [Text=policeman CharacterOffsetBegin=138 CharacterOffsetEnd=147 PartOfSpeech=NN] [Text=, CharacterOffsetBegin=147 CharacterOffsetEnd=148 PartOfSpeech=,] [Text=Andrews CharacterOffsetBegin=149 CharacterOffsetEnd=156 PartOfSpeech=NNP] [Text=as CharacterOffsetBegin=157 CharacterOffsetEnd=159 PartOfSpeech=IN] [Text=Mark CharacterOffsetBegin=160 CharacterOffsetEnd=164 PartOfSpeech=NNP] [Text=, CharacterOffsetBegin=164 CharacterOffsetEnd=165 PartOfSpeech=,] [Text=ca CharacterOffsetBegin=166 CharacterOffsetEnd=168 PartOfSpeech=MD] [Text=n't CharacterOffsetBegin=168 CharacterOffsetEnd=171 PartOfSpeech=RB] [Text=get CharacterOffsetBegin=172 CharacterOffsetEnd=175 PartOfSpeech=VB] [Text=over CharacterOffsetBegin=176 CharacterOffsetEnd=180 PartOfSpeech=IN] [Text=the CharacterOffsetBegin=181 CharacterOffsetEnd=184 PartOfSpeech=DT] [Text=fact CharacterOffsetBegin=185 CharacterOffsetEnd=189 PartOfSpeech=NN] [Text=that CharacterOffsetBegin=190 CharacterOffsetEnd=194 PartOfSpeech=IN] [Text=his CharacterOffsetBegin=195 CharacterOffsetEnd=198 PartOfSpeech=PRP$] [Text=father CharacterOffsetBegin=199 CharacterOffsetEnd=205 PartOfSpeech=NN] [Text=was CharacterOffsetBegin=206 CharacterOffsetEnd=209 PartOfSpeech=VBD] [Text=a CharacterOffsetBegin=210 CharacterOffsetEnd=211 PartOfSpeech=DT] [Text=hoodlum CharacterOffsetBegin=212 CharacterOffsetEnd=219 PartOfSpeech=NN] [Text=who CharacterOffsetBegin=220 CharacterOffsetEnd=223 PartOfSpeech=WP] [Text=died CharacterOffsetBegin=224 CharacterOffsetEnd=228 PartOfSpeech=VBD] [Text=in CharacterOffsetBegin=229 CharacterOffsetEnd=231 PartOfSpeech=IN] [Text=a CharacterOffsetBegin=232 CharacterOffsetEnd=233 PartOfSpeech=DT] [Text=police CharacterOffsetBegin=234 CharacterOffsetEnd=240 PartOfSpeech=NN] [Text=shootout CharacterOffsetBegin=241 CharacterOffsetEnd=249 PartOfSpeech=NN] [Text=while CharacterOffsetBegin=250 CharacterOffsetEnd=255 PartOfSpeech=IN] [Text=trying CharacterOffsetBegin=256 CharacterOffsetEnd=262 PartOfSpeech=VBG] [Text=to CharacterOffsetBegin=263 CharacterOffsetEnd=265 PartOfSpeech=TO] [Text=break CharacterOffsetBegin=266 CharacterOffsetEnd=271 PartOfSpeech=VB] [Text=out CharacterOffsetBegin=272 CharacterOffsetEnd=275 PartOfSpeech=RP] [Text=of CharacterOffsetBegin=276 CharacterOffsetEnd=278 PartOfSpeech=IN] [Text=jail CharacterOffsetBegin=279 CharacterOffsetEnd=283 PartOfSpeech=NN] [Text=. CharacterOffsetBegin=283 CharacterOffsetEnd=284 PartOfSpeech=.] 
root(ROOT-0, get-11)
det(policeman-3, An-1)
amod(policeman-3, embittered-2)
nsubj(get-11, policeman-3)
punct(policeman-3, ,-4)
appos(policeman-3, Andrews-5)
prep(Andrews-5, as-6)
pobj(as-6, Mark-7)
punct(policeman-3, ,-8)
aux(get-11, ca-9)
neg(get-11, n't-10)
prep(get-11, over-12)
det(fact-14, the-13)
pobj(over-12, fact-14)
mark(hoodlum-20, that-15)
poss(father-17, his-16)
nsubj(hoodlum-20, father-17)
cop(hoodlum-20, was-18)
det(hoodlum-20, a-19)
ccomp(fact-14, hoodlum-20)
nsubj(died-22, who-21)
rcmod(hoodlum-20, died-22)
prep(died-22, in-23)
det(shootout-26, a-24)
nn(shootout-26, police-25)
pobj(in-23, shootout-26)
mark(trying-28, while-27)
advcl(died-22, trying-28)
aux(break-30, to-29)
xcomp(trying-28, break-30)
prt(break-30, out-31)
prep(break-30, of-32)
pobj(of-32, jail-33)
punct(get-11, .-34)

Sentence #3 (18 tokens):
As a result of his bitterness, Mark doesn't know when to stop using his hands.
[Text=As CharacterOffsetBegin=289 CharacterOffsetEnd=291 PartOfSpeech=IN] [Text=a CharacterOffsetBegin=292 CharacterOffsetEnd=293 PartOfSpeech=DT] [Text=result CharacterOffsetBegin=294 CharacterOffsetEnd=300 PartOfSpeech=NN] [Text=of CharacterOffsetBegin=301 CharacterOffsetEnd=303 PartOfSpeech=IN] [Text=his CharacterOffsetBegin=304 CharacterOffsetEnd=307 PartOfSpeech=PRP$] [Text=bitterness CharacterOffsetBegin=308 CharacterOffsetEnd=318 PartOfSpeech=NN] [Text=, CharacterOffsetBegin=318 CharacterOffsetEnd=319 PartOfSpeech=,] [Text=Mark CharacterOffsetBegin=320 CharacterOffsetEnd=324 PartOfSpeech=NNP] [Text=does CharacterOffsetBegin=325 CharacterOffsetEnd=329 PartOfSpeech=VBZ] [Text=n't CharacterOffsetBegin=329 CharacterOffsetEnd=332 PartOfSpeech=RB] [Text=know CharacterOffsetBegin=333 CharacterOffsetEnd=337 PartOfSpeech=VB] [Text=when CharacterOffsetBegin=338 CharacterOffsetEnd=342 PartOfSpeech=WRB] [Text=to CharacterOffsetBegin=343 CharacterOffsetEnd=345 PartOfSpeech=TO] [Text=stop CharacterOffsetBegin=346 CharacterOffsetEnd=350 PartOfSpeech=VB] [Text=using CharacterOffsetBegin=351 CharacterOffsetEnd=356 PartOfSpeech=VBG] [Text=his CharacterOffsetBegin=357 CharacterOffsetEnd=360 PartOfSpeech=PRP$] [Text=hands CharacterOffsetBegin=361 CharacterOffsetEnd=366 PartOfSpeech=NNS] [Text=. CharacterOffsetBegin=366 CharacterOffsetEnd=367 PartOfSpeech=.] 
root(ROOT-0, know-11)
prep(know-11, As-1)
det(result-3, a-2)
pobj(As-1, result-3)
prep(result-3, of-4)
poss(bitterness-6, his-5)
pobj(of-4, bitterness-6)
punct(know-11, ,-7)
nsubj(know-11, Mark-8)
aux(know-11, does-9)
neg(know-11, n't-10)
advmod(stop-14, when-12)
aux(stop-14, to-13)
advcl(know-11, stop-14)
xcomp(stop-14, using-15)
poss(hands-17, his-16)
dobj(using-15, hands-17)
punct(know-11, .-18)

Sentence #4 (15 tokens):
It's this inability that leads to the accidental death of a small-time hood.
[Text=It CharacterOffsetBegin=372 CharacterOffsetEnd=374 PartOfSpeech=PRP] [Text='s CharacterOffsetBegin=374 CharacterOffsetEnd=376 PartOfSpeech=VBZ] [Text=this CharacterOffsetBegin=377 CharacterOffsetEnd=381 PartOfSpeech=DT] [Text=inability CharacterOffsetBegin=382 CharacterOffsetEnd=391 PartOfSpeech=NN] [Text=that CharacterOffsetBegin=392 CharacterOffsetEnd=396 PartOfSpeech=WDT] [Text=leads CharacterOffsetBegin=397 CharacterOffsetEnd=402 PartOfSpeech=VBZ] [Text=to CharacterOffsetBegin=403 CharacterOffsetEnd=405 PartOfSpeech=TO] [Text=the CharacterOffsetBegin=406 CharacterOffsetEnd=409 PartOfSpeech=DT] [Text=accidental CharacterOffsetBegin=410 CharacterOffsetEnd=420 PartOfSpeech=JJ] [Text=death CharacterOffsetBegin=421 CharacterOffsetEnd=426 PartOfSpeech=NN] [Text=of CharacterOffsetBegin=427 CharacterOffsetEnd=429 PartOfSpeech=IN] [Text=a CharacterOffsetBegin=430 CharacterOffsetEnd=431 PartOfSpeech=DT] [Text=small-time CharacterOffsetBegin=432 CharacterOffsetEnd=442 PartOfSpeech=JJ] [Text=hood CharacterOffsetBegin=443 CharacterOffsetEnd=447 PartOfSpeech=NN] [Text=. CharacterOffsetBegin=447 CharacterOffsetEnd=448 PartOfSpeech=.] 
root(ROOT-0, inability-4)
nsubj(inability-4, It-1)
cop(inability-4, 's-2)
det(inability-4, this-3)
nsubj(leads-6, that-5)
rcmod(inability-4, leads-6)
prep(leads-6, to-7)
det(death-10, the-8)
amod(death-10, accidental-9)
pobj(to-7, death-10)
prep(death-10, of-11)
det(hood-14, a-12)
amod(hood-14, small-time-13)
pobj(of-11, hood-14)
punct(inability-4, .-15)

Sentence #5 (66 tokens):
(Craig Stevens)In trying to frame gangster Gary Merrill, Mark unintentionally puts the heat on innocent cab-drive, Tom Tully, who is the father of Gene Tierney, who was separated by Stevens.This is a well-thought out film dealing with the conscience of a basically decent human being.The ending is not exactly upbeat as Mark will have to face the music.
[Text=-LRB- CharacterOffsetBegin=453 CharacterOffsetEnd=454 PartOfSpeech=-LRB-] [Text=Craig CharacterOffsetBegin=454 CharacterOffsetEnd=459 PartOfSpeech=NNP] [Text=Stevens CharacterOffsetBegin=460 CharacterOffsetEnd=467 PartOfSpeech=NNP] [Text=-RRB- CharacterOffsetBegin=467 CharacterOffsetEnd=468 PartOfSpeech=-RRB-] [Text=In CharacterOffsetBegin=468 CharacterOffsetEnd=470 PartOfSpeech=IN] [Text=trying CharacterOffsetBegin=471 CharacterOffsetEnd=477 PartOfSpeech=VBG] [Text=to CharacterOffsetBegin=478 CharacterOffsetEnd=480 PartOfSpeech=TO] [Text=frame CharacterOffsetBegin=481 CharacterOffsetEnd=486 PartOfSpeech=VB] [Text=gangster CharacterOffsetBegin=487 CharacterOffsetEnd=495 PartOfSpeech=NN] [Text=Gary CharacterOffsetBegin=496 CharacterOffsetEnd=500 PartOfSpeech=NNP] [Text=Merrill CharacterOffsetBegin=501 CharacterOffsetEnd=508 PartOfSpeech=NNP] [Text=, CharacterOffsetBegin=508 CharacterOffsetEnd=509 PartOfSpeech=,] [Text=Mark CharacterOffsetBegin=510 CharacterOffsetEnd=514 PartOfSpeech=NNP] [Text=unintentionally CharacterOffsetBegin=515 CharacterOffsetEnd=530 PartOfSpeech=RB] [Text=puts CharacterOffsetBegin=531 CharacterOffsetEnd=535 PartOfSpeech=VBZ] [Text=the CharacterOffsetBegin=536 CharacterOffsetEnd=539 PartOfSpeech=DT] [Text=heat CharacterOffsetBegin=540 CharacterOffsetEnd=544 PartOfSpeech=NN] [Text=on CharacterOffsetBegin=545 CharacterOffsetEnd=547 PartOfSpeech=IN] [Text=innocent CharacterOffsetBegin=548 CharacterOffsetEnd=556 PartOfSpeech=JJ] [Text=cab-drive CharacterOffsetBegin=557 CharacterOffsetEnd=566 PartOfSpeech=NN] [Text=, CharacterOffsetBegin=566 CharacterOffsetEnd=567 PartOfSpeech=,] [Text=Tom CharacterOffsetBegin=568 CharacterOffsetEnd=571 PartOfSpeech=NNP] [Text=Tully CharacterOffsetBegin=572 CharacterOffsetEnd=577 PartOfSpeech=NNP] [Text=, CharacterOffsetBegin=577 CharacterOffsetEnd=578 PartOfSpeech=,] [Text=who CharacterOffsetBegin=579 CharacterOffsetEnd=582 PartOfSpeech=WP] [Text=is CharacterOffsetBegin=583 CharacterOffsetEnd=585 PartOfSpeech=VBZ] [Text=the CharacterOffsetBegin=586 CharacterOffsetEnd=589 PartOfSpeech=DT] [Text=father CharacterOffsetBegin=590 CharacterOffsetEnd=596 PartOfSpeech=NN] [Text=of CharacterOffsetBegin=597 CharacterOffsetEnd=599 PartOfSpeech=IN] [Text=Gene CharacterOffsetBegin=600 CharacterOffsetEnd=604 PartOfSpeech=NNP] [Text=Tierney CharacterOffsetBegin=605 CharacterOffsetEnd=612 PartOfSpeech=NNP] [Text=, CharacterOffsetBegin=612 CharacterOffsetEnd=613 PartOfSpeech=,] [Text=who CharacterOffsetBegin=614 CharacterOffsetEnd=617 PartOfSpeech=WP] [Text=was CharacterOffsetBegin=618 CharacterOffsetEnd=621 PartOfSpeech=VBD] [Text=separated CharacterOffsetBegin=622 CharacterOffsetEnd=631 PartOfSpeech=VBN] [Text=by CharacterOffsetBegin=632 CharacterOffsetEnd=634 PartOfSpeech=IN] [Text=Stevens.This CharacterOffsetBegin=635 CharacterOffsetEnd=647 PartOfSpeech=NN] [Text=is CharacterOffsetBegin=648 CharacterOffsetEnd=650 PartOfSpeech=VBZ] [Text=a CharacterOffsetBegin=651 CharacterOffsetEnd=652 PartOfSpeech=DT] [Text=well-thought CharacterOffsetBegin=653 CharacterOffsetEnd=665 PartOfSpeech=JJ] [Text=out CharacterOffsetBegin=666 CharacterOffsetEnd=669 PartOfSpeech=IN] [Text=film CharacterOffsetBegin=670 CharacterOffsetEnd=674 PartOfSpeech=NN] [Text=dealing CharacterOffsetBegin=675 CharacterOffsetEnd=682 PartOfSpeech=VBG] [Text=with CharacterOffsetBegin=683 CharacterOffsetEnd=687 PartOfSpeech=IN] [Text=the CharacterOffsetBegin=688 CharacterOffsetEnd=691 PartOfSpeech=DT] [Text=conscience CharacterOffsetBegin=692 CharacterOffsetEnd=702 PartOfSpeech=NN] [Text=of CharacterOffsetBegin=703 CharacterOffsetEnd=705 PartOfSpeech=IN] [Text=a CharacterOffsetBegin=706 CharacterOffsetEnd=707 PartOfSpeech=DT] [Text=basically CharacterOffsetBegin=708 CharacterOffsetEnd=717 PartOfSpeech=RB] [Text=decent CharacterOffsetBegin=718 CharacterOffsetEnd=724 PartOfSpeech=JJ] [Text=human CharacterOffsetBegin=725 CharacterOffsetEnd=730 PartOfSpeech=JJ] [Text=being.The CharacterOffsetBegin=731 CharacterOffsetEnd=740 PartOfSpeech=NN] [Text=ending CharacterOffsetBegin=741 CharacterOffsetEnd=747 PartOfSpeech=VBG] [Text=is CharacterOffsetBegin=748 CharacterOffsetEnd=750 PartOfSpeech=VBZ] [Text=not CharacterOffsetBegin=751 CharacterOffsetEnd=754 PartOfSpeech=RB] [Text=exactly CharacterOffsetBegin=755 CharacterOffsetEnd=762 PartOfSpeech=RB] [Text=upbeat CharacterOffsetBegin=763 CharacterOffsetEnd=769 PartOfSpeech=JJ] [Text=as CharacterOffsetBegin=770 CharacterOffsetEnd=772 PartOfSpeech=IN] [Text=Mark CharacterOffsetBegin=773 CharacterOffsetEnd=777 PartOfSpeech=NNP] [Text=will CharacterOffsetBegin=778 CharacterOffsetEnd=782 PartOfSpeech=MD] [Text=have CharacterOffsetBegin=783 CharacterOffsetEnd=787 PartOfSpeech=VB] [Text=to CharacterOffsetBegin=788 CharacterOffsetEnd=790 PartOfSpeech=TO] [Text=face CharacterOffsetBegin=791 CharacterOffsetEnd=795 PartOfSpeech=VB] [Text=the CharacterOffsetBegin=796 CharacterOffsetEnd=799 PartOfSpeech=DT] [Text=music CharacterOffsetBegin=800 CharacterOffsetEnd=805 PartOfSpeech=NN] [Text=. CharacterOffsetBegin=805 CharacterOffsetEnd=806 PartOfSpeech=.] 
root(ROOT-0, upbeat-57)
punct(Stevens-3, -LRB--1)
nn(Stevens-3, Craig-2)
nsubj(film-42, Stevens-3)
punct(Stevens-3, -RRB--4)
prep(Stevens-3, In-5)
pcomp(In-5, trying-6)
aux(frame-8, to-7)
xcomp(trying-6, frame-8)
nn(Merrill-11, gangster-9)
nn(Merrill-11, Gary-10)
nsubj(puts-15, Merrill-11)
punct(Merrill-11, ,-12)
nn(unintentionally-14, Mark-13)
advmod(puts-15, unintentionally-14)
ccomp(frame-8, puts-15)
det(heat-17, the-16)
dobj(puts-15, heat-17)
prep(puts-15, on-18)
amod(cab-drive-20, innocent-19)
pobj(on-18, cab-drive-20)
punct(Stevens-3, ,-21)
nn(Tully-23, Tom-22)
appos(Stevens-3, Tully-23)
punct(Stevens-3, ,-24)
nsubj(father-28, who-25)
cop(father-28, is-26)
det(father-28, the-27)
rcmod(Stevens-3, father-28)
prep(father-28, of-29)
nn(Tierney-31, Gene-30)
pobj(of-29, Tierney-31)
punct(Tierney-31, ,-32)
nsubjpass(separated-35, who-33)
auxpass(separated-35, was-34)
rcmod(Tierney-31, separated-35)
prep(separated-35, by-36)
pobj(by-36, Stevens.This-37)
cop(film-42, is-38)
det(film-42, a-39)
amod(film-42, well-thought-40)
amod(film-42, out-41)
nsubj(upbeat-57, film-42)
partmod(film-42, dealing-43)
prep(dealing-43, with-44)
det(conscience-46, the-45)
pobj(with-44, conscience-46)
prep(conscience-46, of-47)
det(being.The-52, a-48)
advmod(being.The-52, basically-49)
amod(being.The-52, decent-50)
amod(being.The-52, human-51)
pobj(of-47, being.The-52)
partmod(being.The-52, ending-53)
cop(upbeat-57, is-54)
neg(upbeat-57, not-55)
advmod(upbeat-57, exactly-56)
mark(have-61, as-58)
nsubj(have-61, Mark-59)
aux(have-61, will-60)
advcl(upbeat-57, have-61)
aux(face-63, to-62)
xcomp(have-61, face-63)
det(music-65, the-64)
dobj(face-63, music-65)
punct(upbeat-57, .-66)

Sentence #6 (12 tokens):
At least, he finally admits to what he has done.
[Text=At CharacterOffsetBegin=811 CharacterOffsetEnd=813 PartOfSpeech=IN] [Text=least CharacterOffsetBegin=814 CharacterOffsetEnd=819 PartOfSpeech=JJS] [Text=, CharacterOffsetBegin=819 CharacterOffsetEnd=820 PartOfSpeech=,] [Text=he CharacterOffsetBegin=821 CharacterOffsetEnd=823 PartOfSpeech=PRP] [Text=finally CharacterOffsetBegin=824 CharacterOffsetEnd=831 PartOfSpeech=RB] [Text=admits CharacterOffsetBegin=832 CharacterOffsetEnd=838 PartOfSpeech=VBZ] [Text=to CharacterOffsetBegin=839 CharacterOffsetEnd=841 PartOfSpeech=TO] [Text=what CharacterOffsetBegin=842 CharacterOffsetEnd=846 PartOfSpeech=WP] [Text=he CharacterOffsetBegin=847 CharacterOffsetEnd=849 PartOfSpeech=PRP] [Text=has CharacterOffsetBegin=850 CharacterOffsetEnd=853 PartOfSpeech=VBZ] [Text=done CharacterOffsetBegin=854 CharacterOffsetEnd=858 PartOfSpeech=VBN] [Text=. CharacterOffsetBegin=858 CharacterOffsetEnd=859 PartOfSpeech=.] 
root(ROOT-0, admits-6)
prep(admits-6, At-1)
pobj(At-1, least-2)
punct(admits-6, ,-3)
nsubj(admits-6, he-4)
advmod(admits-6, finally-5)
prep(admits-6, to-7)
dobj(done-11, what-8)
nsubj(done-11, he-9)
aux(done-11, has-10)
pcomp(to-7, done-11)
punct(admits-6, .-12)

