Sentence #1 (22 tokens):
Gena Rowlands plays an actress who loses her grip on reality when she witnesses the death of a fan of hers.
[Text=Gena CharacterOffsetBegin=4 CharacterOffsetEnd=8 PartOfSpeech=NNP] [Text=Rowlands CharacterOffsetBegin=9 CharacterOffsetEnd=17 PartOfSpeech=NNP] [Text=plays CharacterOffsetBegin=18 CharacterOffsetEnd=23 PartOfSpeech=VBZ] [Text=an CharacterOffsetBegin=24 CharacterOffsetEnd=26 PartOfSpeech=DT] [Text=actress CharacterOffsetBegin=27 CharacterOffsetEnd=34 PartOfSpeech=NN] [Text=who CharacterOffsetBegin=35 CharacterOffsetEnd=38 PartOfSpeech=WP] [Text=loses CharacterOffsetBegin=39 CharacterOffsetEnd=44 PartOfSpeech=VBZ] [Text=her CharacterOffsetBegin=45 CharacterOffsetEnd=48 PartOfSpeech=PRP$] [Text=grip CharacterOffsetBegin=49 CharacterOffsetEnd=53 PartOfSpeech=NN] [Text=on CharacterOffsetBegin=54 CharacterOffsetEnd=56 PartOfSpeech=IN] [Text=reality CharacterOffsetBegin=57 CharacterOffsetEnd=64 PartOfSpeech=NN] [Text=when CharacterOffsetBegin=65 CharacterOffsetEnd=69 PartOfSpeech=WRB] [Text=she CharacterOffsetBegin=70 CharacterOffsetEnd=73 PartOfSpeech=PRP] [Text=witnesses CharacterOffsetBegin=74 CharacterOffsetEnd=83 PartOfSpeech=NNS] [Text=the CharacterOffsetBegin=84 CharacterOffsetEnd=87 PartOfSpeech=DT] [Text=death CharacterOffsetBegin=88 CharacterOffsetEnd=93 PartOfSpeech=NN] [Text=of CharacterOffsetBegin=94 CharacterOffsetEnd=96 PartOfSpeech=IN] [Text=a CharacterOffsetBegin=97 CharacterOffsetEnd=98 PartOfSpeech=DT] [Text=fan CharacterOffsetBegin=99 CharacterOffsetEnd=102 PartOfSpeech=NN] [Text=of CharacterOffsetBegin=103 CharacterOffsetEnd=105 PartOfSpeech=IN] [Text=hers CharacterOffsetBegin=106 CharacterOffsetEnd=110 PartOfSpeech=NNS] [Text=. CharacterOffsetBegin=110 CharacterOffsetEnd=111 PartOfSpeech=.] 
root(ROOT-0, plays-3)
nn(Rowlands-2, Gena-1)
nsubj(plays-3, Rowlands-2)
det(actress-5, an-4)
dobj(plays-3, actress-5)
nsubj(loses-7, who-6)
rcmod(actress-5, loses-7)
poss(grip-9, her-8)
dobj(loses-7, grip-9)
prep(loses-7, on-10)
pobj(on-10, reality-11)
advmod(witnesses-14, when-12)
nsubj(witnesses-14, she-13)
advcl(loses-7, witnesses-14)
det(death-16, the-15)
dobj(witnesses-14, death-16)
prep(death-16, of-17)
det(fan-19, a-18)
pobj(of-17, fan-19)
prep(fan-19, of-20)
pobj(of-20, hers-21)
punct(plays-3, .-22)

Sentence #2 (22 tokens):
She becomes increasingly deluded from reality, and as a result her emotional turmoil intrudes with her work as an actress.
[Text=She CharacterOffsetBegin=116 CharacterOffsetEnd=119 PartOfSpeech=PRP] [Text=becomes CharacterOffsetBegin=120 CharacterOffsetEnd=127 PartOfSpeech=VBZ] [Text=increasingly CharacterOffsetBegin=128 CharacterOffsetEnd=140 PartOfSpeech=RB] [Text=deluded CharacterOffsetBegin=141 CharacterOffsetEnd=148 PartOfSpeech=JJ] [Text=from CharacterOffsetBegin=149 CharacterOffsetEnd=153 PartOfSpeech=IN] [Text=reality CharacterOffsetBegin=154 CharacterOffsetEnd=161 PartOfSpeech=NN] [Text=, CharacterOffsetBegin=161 CharacterOffsetEnd=162 PartOfSpeech=,] [Text=and CharacterOffsetBegin=163 CharacterOffsetEnd=166 PartOfSpeech=CC] [Text=as CharacterOffsetBegin=167 CharacterOffsetEnd=169 PartOfSpeech=IN] [Text=a CharacterOffsetBegin=170 CharacterOffsetEnd=171 PartOfSpeech=DT] [Text=result CharacterOffsetBegin=172 CharacterOffsetEnd=178 PartOfSpeech=NN] [Text=her CharacterOffsetBegin=179 CharacterOffsetEnd=182 PartOfSpeech=PRP$] [Text=emotional CharacterOffsetBegin=183 CharacterOffsetEnd=192 PartOfSpeech=JJ] [Text=turmoil CharacterOffsetBegin=193 CharacterOffsetEnd=200 PartOfSpeech=NN] [Text=intrudes CharacterOffsetBegin=201 CharacterOffsetEnd=209 PartOfSpeech=VBZ] [Text=with CharacterOffsetBegin=210 CharacterOffsetEnd=214 PartOfSpeech=IN] [Text=her CharacterOffsetBegin=215 CharacterOffsetEnd=218 PartOfSpeech=PRP$] [Text=work CharacterOffsetBegin=219 CharacterOffsetEnd=223 PartOfSpeech=NN] [Text=as CharacterOffsetBegin=224 CharacterOffsetEnd=226 PartOfSpeech=IN] [Text=an CharacterOffsetBegin=227 CharacterOffsetEnd=229 PartOfSpeech=DT] [Text=actress CharacterOffsetBegin=230 CharacterOffsetEnd=237 PartOfSpeech=NN] [Text=. CharacterOffsetBegin=237 CharacterOffsetEnd=238 PartOfSpeech=.] 
root(ROOT-0, deluded-4)
nsubj(deluded-4, She-1)
cop(deluded-4, becomes-2)
advmod(deluded-4, increasingly-3)
prep(deluded-4, from-5)
pobj(from-5, reality-6)
punct(deluded-4, ,-7)
cc(deluded-4, and-8)
conj(deluded-4, as-9)
det(result-11, a-10)
pobj(as-9, result-11)
poss(turmoil-14, her-12)
amod(turmoil-14, emotional-13)
nsubj(intrudes-15, turmoil-14)
rcmod(result-11, intrudes-15)
prep(intrudes-15, with-16)
poss(work-18, her-17)
pobj(with-16, work-18)
prep(intrudes-15, as-19)
det(actress-21, an-20)
pobj(as-19, actress-21)
punct(deluded-4, .-22)

Sentence #3 (44 tokens):
In the sense that she breaks all the rules of acting and improvises everything, yet still manages to engage her audience makes the film interesting (if a bit self-important) as a parallel of Cassavettes' own struggles as a filmmaker.
[Text=In CharacterOffsetBegin=243 CharacterOffsetEnd=245 PartOfSpeech=IN] [Text=the CharacterOffsetBegin=246 CharacterOffsetEnd=249 PartOfSpeech=DT] [Text=sense CharacterOffsetBegin=250 CharacterOffsetEnd=255 PartOfSpeech=NN] [Text=that CharacterOffsetBegin=256 CharacterOffsetEnd=260 PartOfSpeech=IN] [Text=she CharacterOffsetBegin=261 CharacterOffsetEnd=264 PartOfSpeech=PRP] [Text=breaks CharacterOffsetBegin=265 CharacterOffsetEnd=271 PartOfSpeech=VBZ] [Text=all CharacterOffsetBegin=272 CharacterOffsetEnd=275 PartOfSpeech=PDT] [Text=the CharacterOffsetBegin=276 CharacterOffsetEnd=279 PartOfSpeech=DT] [Text=rules CharacterOffsetBegin=280 CharacterOffsetEnd=285 PartOfSpeech=NNS] [Text=of CharacterOffsetBegin=286 CharacterOffsetEnd=288 PartOfSpeech=IN] [Text=acting CharacterOffsetBegin=289 CharacterOffsetEnd=295 PartOfSpeech=VBG] [Text=and CharacterOffsetBegin=296 CharacterOffsetEnd=299 PartOfSpeech=CC] [Text=improvises CharacterOffsetBegin=300 CharacterOffsetEnd=310 PartOfSpeech=VBZ] [Text=everything CharacterOffsetBegin=311 CharacterOffsetEnd=321 PartOfSpeech=NN] [Text=, CharacterOffsetBegin=321 CharacterOffsetEnd=322 PartOfSpeech=,] [Text=yet CharacterOffsetBegin=323 CharacterOffsetEnd=326 PartOfSpeech=RB] [Text=still CharacterOffsetBegin=327 CharacterOffsetEnd=332 PartOfSpeech=RB] [Text=manages CharacterOffsetBegin=333 CharacterOffsetEnd=340 PartOfSpeech=VBZ] [Text=to CharacterOffsetBegin=341 CharacterOffsetEnd=343 PartOfSpeech=TO] [Text=engage CharacterOffsetBegin=344 CharacterOffsetEnd=350 PartOfSpeech=VB] [Text=her CharacterOffsetBegin=351 CharacterOffsetEnd=354 PartOfSpeech=PRP$] [Text=audience CharacterOffsetBegin=355 CharacterOffsetEnd=363 PartOfSpeech=NN] [Text=makes CharacterOffsetBegin=364 CharacterOffsetEnd=369 PartOfSpeech=VBZ] [Text=the CharacterOffsetBegin=370 CharacterOffsetEnd=373 PartOfSpeech=DT] [Text=film CharacterOffsetBegin=374 CharacterOffsetEnd=378 PartOfSpeech=NN] [Text=interesting CharacterOffsetBegin=379 CharacterOffsetEnd=390 PartOfSpeech=JJ] [Text=-LRB- CharacterOffsetBegin=391 CharacterOffsetEnd=392 PartOfSpeech=-LRB-] [Text=if CharacterOffsetBegin=392 CharacterOffsetEnd=394 PartOfSpeech=IN] [Text=a CharacterOffsetBegin=395 CharacterOffsetEnd=396 PartOfSpeech=DT] [Text=bit CharacterOffsetBegin=397 CharacterOffsetEnd=400 PartOfSpeech=NN] [Text=self-important CharacterOffsetBegin=401 CharacterOffsetEnd=415 PartOfSpeech=JJ] [Text=-RRB- CharacterOffsetBegin=415 CharacterOffsetEnd=416 PartOfSpeech=-RRB-] [Text=as CharacterOffsetBegin=417 CharacterOffsetEnd=419 PartOfSpeech=IN] [Text=a CharacterOffsetBegin=420 CharacterOffsetEnd=421 PartOfSpeech=DT] [Text=parallel CharacterOffsetBegin=422 CharacterOffsetEnd=430 PartOfSpeech=NN] [Text=of CharacterOffsetBegin=431 CharacterOffsetEnd=433 PartOfSpeech=IN] [Text=Cassavettes CharacterOffsetBegin=434 CharacterOffsetEnd=445 PartOfSpeech=NNP] [Text=' CharacterOffsetBegin=445 CharacterOffsetEnd=446 PartOfSpeech=POS] [Text=own CharacterOffsetBegin=447 CharacterOffsetEnd=450 PartOfSpeech=JJ] [Text=struggles CharacterOffsetBegin=451 CharacterOffsetEnd=460 PartOfSpeech=NNS] [Text=as CharacterOffsetBegin=461 CharacterOffsetEnd=463 PartOfSpeech=IN] [Text=a CharacterOffsetBegin=464 CharacterOffsetEnd=465 PartOfSpeech=DT] [Text=filmmaker CharacterOffsetBegin=466 CharacterOffsetEnd=475 PartOfSpeech=NN] [Text=. CharacterOffsetBegin=475 CharacterOffsetEnd=476 PartOfSpeech=.] 
root(ROOT-0, breaks-6)
prep(breaks-6, In-1)
det(sense-3, the-2)
pobj(In-1, sense-3)
mark(breaks-6, that-4)
nsubj(breaks-6, she-5)
predet(rules-9, all-7)
det(rules-9, the-8)
dobj(breaks-6, rules-9)
prep(rules-9, of-10)
pcomp(of-10, acting-11)
cc(acting-11, and-12)
conj(acting-11, improvises-13)
dobj(acting-11, everything-14)
punct(breaks-6, ,-15)
advmod(breaks-6, yet-16)
advmod(manages-18, still-17)
dep(breaks-6, manages-18)
aux(engage-20, to-19)
xcomp(manages-18, engage-20)
poss(audience-22, her-21)
dobj(engage-20, audience-22)
partmod(manages-18, makes-23)
det(film-25, the-24)
dobj(makes-23, film-25)
amod(film-25, interesting-26)
punct(bit-30, -LRB--27)
mark(bit-30, if-28)
det(bit-30, a-29)
dep(interesting-26, bit-30)
dep(bit-30, self-important-31)
punct(bit-30, -RRB--32)
prep(bit-30, as-33)
det(parallel-35, a-34)
pobj(as-33, parallel-35)
prep(parallel-35, of-36)
poss(struggles-40, Cassavettes-37)
possessive(Cassavettes-37, '-38)
amod(struggles-40, own-39)
pobj(of-36, struggles-40)
prep(struggles-40, as-41)
det(filmmaker-43, a-42)
pobj(as-41, filmmaker-43)
punct(bit-30, .-44)

Sentence #4 (55 tokens):
There's so many ideas thrown around, and as result it becomes a bit muddled (I'm still pondering the relation between the dead fan and Rowlands, among many other things), but the way they're presented in their rawest form makes it a consistently interesting and thought-provoking film.
[Text=There CharacterOffsetBegin=481 CharacterOffsetEnd=486 PartOfSpeech=EX] [Text='s CharacterOffsetBegin=486 CharacterOffsetEnd=488 PartOfSpeech=VBZ] [Text=so CharacterOffsetBegin=489 CharacterOffsetEnd=491 PartOfSpeech=RB] [Text=many CharacterOffsetBegin=492 CharacterOffsetEnd=496 PartOfSpeech=JJ] [Text=ideas CharacterOffsetBegin=497 CharacterOffsetEnd=502 PartOfSpeech=NNS] [Text=thrown CharacterOffsetBegin=503 CharacterOffsetEnd=509 PartOfSpeech=VBN] [Text=around CharacterOffsetBegin=510 CharacterOffsetEnd=516 PartOfSpeech=RB] [Text=, CharacterOffsetBegin=516 CharacterOffsetEnd=517 PartOfSpeech=,] [Text=and CharacterOffsetBegin=518 CharacterOffsetEnd=521 PartOfSpeech=CC] [Text=as CharacterOffsetBegin=522 CharacterOffsetEnd=524 PartOfSpeech=IN] [Text=result CharacterOffsetBegin=525 CharacterOffsetEnd=531 PartOfSpeech=VBP] [Text=it CharacterOffsetBegin=532 CharacterOffsetEnd=534 PartOfSpeech=PRP] [Text=becomes CharacterOffsetBegin=535 CharacterOffsetEnd=542 PartOfSpeech=VBZ] [Text=a CharacterOffsetBegin=543 CharacterOffsetEnd=544 PartOfSpeech=DT] [Text=bit CharacterOffsetBegin=545 CharacterOffsetEnd=548 PartOfSpeech=NN] [Text=muddled CharacterOffsetBegin=549 CharacterOffsetEnd=556 PartOfSpeech=VBN] [Text=-LRB- CharacterOffsetBegin=557 CharacterOffsetEnd=558 PartOfSpeech=-LRB-] [Text=I CharacterOffsetBegin=558 CharacterOffsetEnd=559 PartOfSpeech=PRP] [Text='m CharacterOffsetBegin=559 CharacterOffsetEnd=561 PartOfSpeech=VBP] [Text=still CharacterOffsetBegin=562 CharacterOffsetEnd=567 PartOfSpeech=RB] [Text=pondering CharacterOffsetBegin=568 CharacterOffsetEnd=577 PartOfSpeech=VBG] [Text=the CharacterOffsetBegin=578 CharacterOffsetEnd=581 PartOfSpeech=DT] [Text=relation CharacterOffsetBegin=582 CharacterOffsetEnd=590 PartOfSpeech=NN] [Text=between CharacterOffsetBegin=591 CharacterOffsetEnd=598 PartOfSpeech=IN] [Text=the CharacterOffsetBegin=599 CharacterOffsetEnd=602 PartOfSpeech=DT] [Text=dead CharacterOffsetBegin=603 CharacterOffsetEnd=607 PartOfSpeech=JJ] [Text=fan CharacterOffsetBegin=608 CharacterOffsetEnd=611 PartOfSpeech=NN] [Text=and CharacterOffsetBegin=612 CharacterOffsetEnd=615 PartOfSpeech=CC] [Text=Rowlands CharacterOffsetBegin=616 CharacterOffsetEnd=624 PartOfSpeech=NNP] [Text=, CharacterOffsetBegin=624 CharacterOffsetEnd=625 PartOfSpeech=,] [Text=among CharacterOffsetBegin=626 CharacterOffsetEnd=631 PartOfSpeech=IN] [Text=many CharacterOffsetBegin=632 CharacterOffsetEnd=636 PartOfSpeech=JJ] [Text=other CharacterOffsetBegin=637 CharacterOffsetEnd=642 PartOfSpeech=JJ] [Text=things CharacterOffsetBegin=643 CharacterOffsetEnd=649 PartOfSpeech=NNS] [Text=-RRB- CharacterOffsetBegin=649 CharacterOffsetEnd=650 PartOfSpeech=-RRB-] [Text=, CharacterOffsetBegin=650 CharacterOffsetEnd=651 PartOfSpeech=,] [Text=but CharacterOffsetBegin=652 CharacterOffsetEnd=655 PartOfSpeech=CC] [Text=the CharacterOffsetBegin=656 CharacterOffsetEnd=659 PartOfSpeech=DT] [Text=way CharacterOffsetBegin=660 CharacterOffsetEnd=663 PartOfSpeech=NN] [Text=they CharacterOffsetBegin=664 CharacterOffsetEnd=668 PartOfSpeech=PRP] [Text='re CharacterOffsetBegin=668 CharacterOffsetEnd=671 PartOfSpeech=VBP] [Text=presented CharacterOffsetBegin=672 CharacterOffsetEnd=681 PartOfSpeech=VBN] [Text=in CharacterOffsetBegin=682 CharacterOffsetEnd=684 PartOfSpeech=IN] [Text=their CharacterOffsetBegin=685 CharacterOffsetEnd=690 PartOfSpeech=PRP$] [Text=rawest CharacterOffsetBegin=691 CharacterOffsetEnd=697 PartOfSpeech=JJS] [Text=form CharacterOffsetBegin=698 CharacterOffsetEnd=702 PartOfSpeech=NN] [Text=makes CharacterOffsetBegin=703 CharacterOffsetEnd=708 PartOfSpeech=VBZ] [Text=it CharacterOffsetBegin=709 CharacterOffsetEnd=711 PartOfSpeech=PRP] [Text=a CharacterOffsetBegin=712 CharacterOffsetEnd=713 PartOfSpeech=DT] [Text=consistently CharacterOffsetBegin=714 CharacterOffsetEnd=726 PartOfSpeech=RB] [Text=interesting CharacterOffsetBegin=727 CharacterOffsetEnd=738 PartOfSpeech=JJ] [Text=and CharacterOffsetBegin=739 CharacterOffsetEnd=742 PartOfSpeech=CC] [Text=thought-provoking CharacterOffsetBegin=743 CharacterOffsetEnd=760 PartOfSpeech=JJ] [Text=film CharacterOffsetBegin=761 CharacterOffsetEnd=765 PartOfSpeech=NN] [Text=. CharacterOffsetBegin=765 CharacterOffsetEnd=766 PartOfSpeech=.] 
root(ROOT-0, 's-2)
expl('s-2, There-1)
advmod(many-4, so-3)
amod(ideas-5, many-4)
nsubj('s-2, ideas-5)
partmod(ideas-5, thrown-6)
advmod(thrown-6, around-7)
punct(ideas-5, ,-8)
cc(ideas-5, and-9)
advmod(result-11, as-10)
conj(ideas-5, result-11)
nsubj(bit-15, it-12)
cop(bit-15, becomes-13)
det(bit-15, a-14)
ccomp(result-11, bit-15)
dep(bit-15, muddled-16)
punct(pondering-21, -LRB--17)
nsubj(pondering-21, I-18)
aux(pondering-21, 'm-19)
advmod(pondering-21, still-20)
dep(muddled-16, pondering-21)
det(relation-23, the-22)
dobj(pondering-21, relation-23)
prep(relation-23, between-24)
det(fan-27, the-25)
amod(fan-27, dead-26)
pobj(between-24, fan-27)
cc(fan-27, and-28)
conj(fan-27, Rowlands-29)
punct(pondering-21, ,-30)
prep(pondering-21, among-31)
amod(things-34, many-32)
amod(things-34, other-33)
pobj(among-31, things-34)
punct(pondering-21, -RRB--35)
punct('s-2, ,-36)
cc('s-2, but-37)
det(way-39, the-38)
nsubj(makes-47, way-39)
nsubjpass(presented-42, they-40)
auxpass(presented-42, 're-41)
rcmod(way-39, presented-42)
prep(presented-42, in-43)
poss(form-46, their-44)
amod(form-46, rawest-45)
pobj(in-43, form-46)
conj('s-2, makes-47)
nsubj(film-54, it-48)
det(film-54, a-49)
advmod(interesting-51, consistently-50)
amod(film-54, interesting-51)
cc(interesting-51, and-52)
conj(interesting-51, thought-provoking-53)
xcomp(makes-47, film-54)
punct('s-2, .-55)

Sentence #5 (11 tokens):
Would be great on a double bill with Mulholland Drive.
[Text=Would CharacterOffsetBegin=771 CharacterOffsetEnd=776 PartOfSpeech=MD] [Text=be CharacterOffsetBegin=777 CharacterOffsetEnd=779 PartOfSpeech=VB] [Text=great CharacterOffsetBegin=780 CharacterOffsetEnd=785 PartOfSpeech=JJ] [Text=on CharacterOffsetBegin=786 CharacterOffsetEnd=788 PartOfSpeech=IN] [Text=a CharacterOffsetBegin=789 CharacterOffsetEnd=790 PartOfSpeech=DT] [Text=double CharacterOffsetBegin=791 CharacterOffsetEnd=797 PartOfSpeech=JJ] [Text=bill CharacterOffsetBegin=798 CharacterOffsetEnd=802 PartOfSpeech=NN] [Text=with CharacterOffsetBegin=803 CharacterOffsetEnd=807 PartOfSpeech=IN] [Text=Mulholland CharacterOffsetBegin=808 CharacterOffsetEnd=818 PartOfSpeech=NNP] [Text=Drive CharacterOffsetBegin=819 CharacterOffsetEnd=824 PartOfSpeech=NNP] [Text=. CharacterOffsetBegin=824 CharacterOffsetEnd=825 PartOfSpeech=.] 
root(ROOT-0, great-3)
aux(great-3, Would-1)
cop(great-3, be-2)
prep(great-3, on-4)
det(bill-7, a-5)
amod(bill-7, double-6)
pobj(on-4, bill-7)
prep(bill-7, with-8)
nn(Drive-10, Mulholland-9)
pobj(with-8, Drive-10)
punct(great-3, .-11)

