Sentence #1 (38 tokens):
Psychotic transsexual Bobbi murders the patient (Angie Dickinson) of a prominent doctor (Michael Caine) and then pursues the high-priced prostitute (Nancy Allen) who caught a glimpse of Bobbi in the elevator.
[Text=Psychotic CharacterOffsetBegin=4 CharacterOffsetEnd=13 PartOfSpeech=JJ] [Text=transsexual CharacterOffsetBegin=14 CharacterOffsetEnd=25 PartOfSpeech=NN] [Text=Bobbi CharacterOffsetBegin=26 CharacterOffsetEnd=31 PartOfSpeech=NNP] [Text=murders CharacterOffsetBegin=32 CharacterOffsetEnd=39 PartOfSpeech=NNS] [Text=the CharacterOffsetBegin=40 CharacterOffsetEnd=43 PartOfSpeech=DT] [Text=patient CharacterOffsetBegin=44 CharacterOffsetEnd=51 PartOfSpeech=NN] [Text=-LRB- CharacterOffsetBegin=52 CharacterOffsetEnd=53 PartOfSpeech=-LRB-] [Text=Angie CharacterOffsetBegin=53 CharacterOffsetEnd=58 PartOfSpeech=NNP] [Text=Dickinson CharacterOffsetBegin=59 CharacterOffsetEnd=68 PartOfSpeech=NNP] [Text=-RRB- CharacterOffsetBegin=68 CharacterOffsetEnd=69 PartOfSpeech=-RRB-] [Text=of CharacterOffsetBegin=70 CharacterOffsetEnd=72 PartOfSpeech=IN] [Text=a CharacterOffsetBegin=73 CharacterOffsetEnd=74 PartOfSpeech=DT] [Text=prominent CharacterOffsetBegin=75 CharacterOffsetEnd=84 PartOfSpeech=JJ] [Text=doctor CharacterOffsetBegin=85 CharacterOffsetEnd=91 PartOfSpeech=NN] [Text=-LRB- CharacterOffsetBegin=92 CharacterOffsetEnd=93 PartOfSpeech=-LRB-] [Text=Michael CharacterOffsetBegin=93 CharacterOffsetEnd=100 PartOfSpeech=NNP] [Text=Caine CharacterOffsetBegin=101 CharacterOffsetEnd=106 PartOfSpeech=NNP] [Text=-RRB- CharacterOffsetBegin=106 CharacterOffsetEnd=107 PartOfSpeech=-RRB-] [Text=and CharacterOffsetBegin=108 CharacterOffsetEnd=111 PartOfSpeech=CC] [Text=then CharacterOffsetBegin=112 CharacterOffsetEnd=116 PartOfSpeech=RB] [Text=pursues CharacterOffsetBegin=117 CharacterOffsetEnd=124 PartOfSpeech=VBZ] [Text=the CharacterOffsetBegin=125 CharacterOffsetEnd=128 PartOfSpeech=DT] [Text=high-priced CharacterOffsetBegin=129 CharacterOffsetEnd=140 PartOfSpeech=JJ] [Text=prostitute CharacterOffsetBegin=141 CharacterOffsetEnd=151 PartOfSpeech=NN] [Text=-LRB- CharacterOffsetBegin=152 CharacterOffsetEnd=153 PartOfSpeech=-LRB-] [Text=Nancy CharacterOffsetBegin=153 CharacterOffsetEnd=158 PartOfSpeech=NNP] [Text=Allen CharacterOffsetBegin=159 CharacterOffsetEnd=164 PartOfSpeech=NNP] [Text=-RRB- CharacterOffsetBegin=164 CharacterOffsetEnd=165 PartOfSpeech=-RRB-] [Text=who CharacterOffsetBegin=166 CharacterOffsetEnd=169 PartOfSpeech=WP] [Text=caught CharacterOffsetBegin=170 CharacterOffsetEnd=176 PartOfSpeech=VBD] [Text=a CharacterOffsetBegin=177 CharacterOffsetEnd=178 PartOfSpeech=DT] [Text=glimpse CharacterOffsetBegin=179 CharacterOffsetEnd=186 PartOfSpeech=NN] [Text=of CharacterOffsetBegin=187 CharacterOffsetEnd=189 PartOfSpeech=IN] [Text=Bobbi CharacterOffsetBegin=190 CharacterOffsetEnd=195 PartOfSpeech=NNP] [Text=in CharacterOffsetBegin=196 CharacterOffsetEnd=198 PartOfSpeech=IN] [Text=the CharacterOffsetBegin=199 CharacterOffsetEnd=202 PartOfSpeech=DT] [Text=elevator CharacterOffsetBegin=203 CharacterOffsetEnd=211 PartOfSpeech=NN] [Text=. CharacterOffsetBegin=211 CharacterOffsetEnd=212 PartOfSpeech=.] 
root(ROOT-0, murders-4)
amod(murders-4, Psychotic-1)
nn(murders-4, transsexual-2)
nn(murders-4, Bobbi-3)
det(patient-6, the-5)
dobj(murders-4, patient-6)
punct(Dickinson-9, -LRB--7)
nn(Dickinson-9, Angie-8)
appos(patient-6, Dickinson-9)
punct(Dickinson-9, -RRB--10)
prep(patient-6, of-11)
det(doctor-14, a-12)
amod(doctor-14, prominent-13)
pobj(of-11, doctor-14)
punct(Caine-17, -LRB--15)
nn(Caine-17, Michael-16)
appos(doctor-14, Caine-17)
punct(Caine-17, -RRB--18)
cc(murders-4, and-19)
advmod(murders-4, then-20)
conj(murders-4, pursues-21)
det(prostitute-24, the-22)
amod(prostitute-24, high-priced-23)
dobj(pursues-21, prostitute-24)
punct(Allen-27, -LRB--25)
nn(Allen-27, Nancy-26)
appos(prostitute-24, Allen-27)
punct(Allen-27, -RRB--28)
nsubj(caught-30, who-29)
rcmod(prostitute-24, caught-30)
det(glimpse-32, a-31)
dobj(caught-30, glimpse-32)
prep(glimpse-32, of-33)
pobj(of-33, Bobbi-34)
prep(caught-30, in-35)
det(elevator-37, the-36)
pobj(in-35, elevator-37)
punct(murders-4, .-38)

Sentence #2 (71 tokens):
Liz (Allen) comes under suspicion of the crime and teams up with the patient's son (Keith Gordon) to catch the killer.It can be summed up in a couple of words: it's very sexy (Dickinson and Allen look great), it's very bloody - with the kind of gore usually reserved for splatter movies, and boy is it well crafted.
[Text=Liz CharacterOffsetBegin=217 CharacterOffsetEnd=220 PartOfSpeech=NNP] [Text=-LRB- CharacterOffsetBegin=221 CharacterOffsetEnd=222 PartOfSpeech=-LRB-] [Text=Allen CharacterOffsetBegin=222 CharacterOffsetEnd=227 PartOfSpeech=NNP] [Text=-RRB- CharacterOffsetBegin=227 CharacterOffsetEnd=228 PartOfSpeech=-RRB-] [Text=comes CharacterOffsetBegin=229 CharacterOffsetEnd=234 PartOfSpeech=VBZ] [Text=under CharacterOffsetBegin=235 CharacterOffsetEnd=240 PartOfSpeech=IN] [Text=suspicion CharacterOffsetBegin=241 CharacterOffsetEnd=250 PartOfSpeech=NN] [Text=of CharacterOffsetBegin=251 CharacterOffsetEnd=253 PartOfSpeech=IN] [Text=the CharacterOffsetBegin=254 CharacterOffsetEnd=257 PartOfSpeech=DT] [Text=crime CharacterOffsetBegin=258 CharacterOffsetEnd=263 PartOfSpeech=NN] [Text=and CharacterOffsetBegin=264 CharacterOffsetEnd=267 PartOfSpeech=CC] [Text=teams CharacterOffsetBegin=268 CharacterOffsetEnd=273 PartOfSpeech=NNS] [Text=up CharacterOffsetBegin=274 CharacterOffsetEnd=276 PartOfSpeech=RP] [Text=with CharacterOffsetBegin=277 CharacterOffsetEnd=281 PartOfSpeech=IN] [Text=the CharacterOffsetBegin=282 CharacterOffsetEnd=285 PartOfSpeech=DT] [Text=patient CharacterOffsetBegin=286 CharacterOffsetEnd=293 PartOfSpeech=NN] [Text='s CharacterOffsetBegin=293 CharacterOffsetEnd=295 PartOfSpeech=POS] [Text=son CharacterOffsetBegin=296 CharacterOffsetEnd=299 PartOfSpeech=NN] [Text=-LRB- CharacterOffsetBegin=300 CharacterOffsetEnd=301 PartOfSpeech=-LRB-] [Text=Keith CharacterOffsetBegin=301 CharacterOffsetEnd=306 PartOfSpeech=NNP] [Text=Gordon CharacterOffsetBegin=307 CharacterOffsetEnd=313 PartOfSpeech=NNP] [Text=-RRB- CharacterOffsetBegin=313 CharacterOffsetEnd=314 PartOfSpeech=-RRB-] [Text=to CharacterOffsetBegin=315 CharacterOffsetEnd=317 PartOfSpeech=TO] [Text=catch CharacterOffsetBegin=318 CharacterOffsetEnd=323 PartOfSpeech=VB] [Text=the CharacterOffsetBegin=324 CharacterOffsetEnd=327 PartOfSpeech=DT] [Text=killer.It CharacterOffsetBegin=328 CharacterOffsetEnd=337 PartOfSpeech=NNP] [Text=can CharacterOffsetBegin=338 CharacterOffsetEnd=341 PartOfSpeech=MD] [Text=be CharacterOffsetBegin=342 CharacterOffsetEnd=344 PartOfSpeech=VB] [Text=summed CharacterOffsetBegin=345 CharacterOffsetEnd=351 PartOfSpeech=VBN] [Text=up CharacterOffsetBegin=352 CharacterOffsetEnd=354 PartOfSpeech=RP] [Text=in CharacterOffsetBegin=355 CharacterOffsetEnd=357 PartOfSpeech=IN] [Text=a CharacterOffsetBegin=358 CharacterOffsetEnd=359 PartOfSpeech=DT] [Text=couple CharacterOffsetBegin=360 CharacterOffsetEnd=366 PartOfSpeech=NN] [Text=of CharacterOffsetBegin=367 CharacterOffsetEnd=369 PartOfSpeech=IN] [Text=words CharacterOffsetBegin=370 CharacterOffsetEnd=375 PartOfSpeech=NNS] [Text=: CharacterOffsetBegin=375 CharacterOffsetEnd=376 PartOfSpeech=:] [Text=it CharacterOffsetBegin=377 CharacterOffsetEnd=379 PartOfSpeech=PRP] [Text='s CharacterOffsetBegin=379 CharacterOffsetEnd=381 PartOfSpeech=VBZ] [Text=very CharacterOffsetBegin=382 CharacterOffsetEnd=386 PartOfSpeech=RB] [Text=sexy CharacterOffsetBegin=387 CharacterOffsetEnd=391 PartOfSpeech=JJ] [Text=-LRB- CharacterOffsetBegin=392 CharacterOffsetEnd=393 PartOfSpeech=-LRB-] [Text=Dickinson CharacterOffsetBegin=393 CharacterOffsetEnd=402 PartOfSpeech=NNP] [Text=and CharacterOffsetBegin=403 CharacterOffsetEnd=406 PartOfSpeech=CC] [Text=Allen CharacterOffsetBegin=407 CharacterOffsetEnd=412 PartOfSpeech=NNP] [Text=look CharacterOffsetBegin=413 CharacterOffsetEnd=417 PartOfSpeech=VBP] [Text=great CharacterOffsetBegin=418 CharacterOffsetEnd=423 PartOfSpeech=JJ] [Text=-RRB- CharacterOffsetBegin=423 CharacterOffsetEnd=424 PartOfSpeech=-RRB-] [Text=, CharacterOffsetBegin=424 CharacterOffsetEnd=425 PartOfSpeech=,] [Text=it CharacterOffsetBegin=426 CharacterOffsetEnd=428 PartOfSpeech=PRP] [Text='s CharacterOffsetBegin=428 CharacterOffsetEnd=430 PartOfSpeech=VBZ] [Text=very CharacterOffsetBegin=431 CharacterOffsetEnd=435 PartOfSpeech=RB] [Text=bloody CharacterOffsetBegin=436 CharacterOffsetEnd=442 PartOfSpeech=JJ] [Text=- CharacterOffsetBegin=443 CharacterOffsetEnd=444 PartOfSpeech=:] [Text=with CharacterOffsetBegin=445 CharacterOffsetEnd=449 PartOfSpeech=IN] [Text=the CharacterOffsetBegin=450 CharacterOffsetEnd=453 PartOfSpeech=DT] [Text=kind CharacterOffsetBegin=454 CharacterOffsetEnd=458 PartOfSpeech=NN] [Text=of CharacterOffsetBegin=459 CharacterOffsetEnd=461 PartOfSpeech=IN] [Text=gore CharacterOffsetBegin=462 CharacterOffsetEnd=466 PartOfSpeech=VB] [Text=usually CharacterOffsetBegin=467 CharacterOffsetEnd=474 PartOfSpeech=RB] [Text=reserved CharacterOffsetBegin=475 CharacterOffsetEnd=483 PartOfSpeech=VBN] [Text=for CharacterOffsetBegin=484 CharacterOffsetEnd=487 PartOfSpeech=IN] [Text=splatter CharacterOffsetBegin=488 CharacterOffsetEnd=496 PartOfSpeech=NN] [Text=movies CharacterOffsetBegin=497 CharacterOffsetEnd=503 PartOfSpeech=NNS] [Text=, CharacterOffsetBegin=503 CharacterOffsetEnd=504 PartOfSpeech=,] [Text=and CharacterOffsetBegin=505 CharacterOffsetEnd=508 PartOfSpeech=CC] [Text=boy CharacterOffsetBegin=509 CharacterOffsetEnd=512 PartOfSpeech=NN] [Text=is CharacterOffsetBegin=513 CharacterOffsetEnd=515 PartOfSpeech=VBZ] [Text=it CharacterOffsetBegin=516 CharacterOffsetEnd=518 PartOfSpeech=PRP] [Text=well CharacterOffsetBegin=519 CharacterOffsetEnd=523 PartOfSpeech=RB] [Text=crafted CharacterOffsetBegin=524 CharacterOffsetEnd=531 PartOfSpeech=VBD] [Text=. CharacterOffsetBegin=531 CharacterOffsetEnd=532 PartOfSpeech=.] 
root(ROOT-0, comes-5)
nsubj(comes-5, Liz-1)
punct(Allen-3, -LRB--2)
appos(Liz-1, Allen-3)
punct(Allen-3, -RRB--4)
prep(comes-5, under-6)
pobj(under-6, suspicion-7)
prep(suspicion-7, of-8)
det(crime-10, the-9)
pobj(of-8, crime-10)
cc(suspicion-7, and-11)
conj(suspicion-7, teams-12)
prt(teams-12, up-13)
prep(teams-12, with-14)
det(patient-16, the-15)
poss(son-18, patient-16)
possessive(patient-16, 's-17)
pobj(with-14, son-18)
punct(Gordon-21, -LRB--19)
nn(Gordon-21, Keith-20)
appos(son-18, Gordon-21)
punct(Gordon-21, -RRB--22)
aux(catch-24, to-23)
xcomp(comes-5, catch-24)
det(killer.It-26, the-25)
nsubjpass(summed-29, killer.It-26)
aux(summed-29, can-27)
auxpass(summed-29, be-28)
ccomp(catch-24, summed-29)
prt(summed-29, up-30)
prep(summed-29, in-31)
det(couple-33, a-32)
pobj(in-31, couple-33)
prep(couple-33, of-34)
pobj(of-34, words-35)
punct(comes-5, :-36)
nsubj(sexy-40, it-37)
cop(sexy-40, 's-38)
advmod(sexy-40, very-39)
parataxis(comes-5, sexy-40)
punct(Dickinson-42, -LRB--41)
nsubj(look-45, Dickinson-42)
cc(Dickinson-42, and-43)
conj(Dickinson-42, Allen-44)
ccomp(sexy-40, look-45)
amod(bloody-52, great-46)
punct(bloody-52, -RRB--47)
punct(bloody-52, ,-48)
nsubj(bloody-52, it-49)
cop(bloody-52, 's-50)
advmod(bloody-52, very-51)
dobj(look-45, bloody-52)
punct(bloody-52, --53)
prep(crafted-70, with-54)
det(kind-56, the-55)
pobj(with-54, kind-56)
prep(kind-56, of-57)
pobj(of-57, gore-58)
advmod(reserved-60, usually-59)
partmod(gore-58, reserved-60)
prep(reserved-60, for-61)
nn(movies-63, splatter-62)
pobj(for-61, movies-63)
punct(with-54, ,-64)
cc(with-54, and-65)
conj(with-54, boy-66)
auxpass(crafted-70, is-67)
nsubj(crafted-70, it-68)
advmod(crafted-70, well-69)
rcmod(bloody-52, crafted-70)
punct(comes-5, .-71)

Sentence #3 (22 tokens):
Writer / director De Palma's script is OK but it really takes a backseat to the man's film-making abilities.
[Text=Writer CharacterOffsetBegin=537 CharacterOffsetEnd=543 PartOfSpeech=NN] [Text=/ CharacterOffsetBegin=544 CharacterOffsetEnd=545 PartOfSpeech=:] [Text=director CharacterOffsetBegin=546 CharacterOffsetEnd=554 PartOfSpeech=NN] [Text=De CharacterOffsetBegin=555 CharacterOffsetEnd=557 PartOfSpeech=NNP] [Text=Palma CharacterOffsetBegin=558 CharacterOffsetEnd=563 PartOfSpeech=NNP] [Text='s CharacterOffsetBegin=563 CharacterOffsetEnd=565 PartOfSpeech=POS] [Text=script CharacterOffsetBegin=566 CharacterOffsetEnd=572 PartOfSpeech=NN] [Text=is CharacterOffsetBegin=573 CharacterOffsetEnd=575 PartOfSpeech=VBZ] [Text=OK CharacterOffsetBegin=576 CharacterOffsetEnd=578 PartOfSpeech=JJ] [Text=but CharacterOffsetBegin=579 CharacterOffsetEnd=582 PartOfSpeech=CC] [Text=it CharacterOffsetBegin=583 CharacterOffsetEnd=585 PartOfSpeech=PRP] [Text=really CharacterOffsetBegin=586 CharacterOffsetEnd=592 PartOfSpeech=RB] [Text=takes CharacterOffsetBegin=593 CharacterOffsetEnd=598 PartOfSpeech=VBZ] [Text=a CharacterOffsetBegin=599 CharacterOffsetEnd=600 PartOfSpeech=DT] [Text=backseat CharacterOffsetBegin=601 CharacterOffsetEnd=609 PartOfSpeech=NN] [Text=to CharacterOffsetBegin=610 CharacterOffsetEnd=612 PartOfSpeech=TO] [Text=the CharacterOffsetBegin=613 CharacterOffsetEnd=616 PartOfSpeech=DT] [Text=man CharacterOffsetBegin=617 CharacterOffsetEnd=620 PartOfSpeech=NN] [Text='s CharacterOffsetBegin=620 CharacterOffsetEnd=622 PartOfSpeech=POS] [Text=film-making CharacterOffsetBegin=623 CharacterOffsetEnd=634 PartOfSpeech=JJ] [Text=abilities CharacterOffsetBegin=635 CharacterOffsetEnd=644 PartOfSpeech=NNS] [Text=. CharacterOffsetBegin=644 CharacterOffsetEnd=645 PartOfSpeech=.] 
root(ROOT-0, OK-9)
nn(script-7, Writer-1)
punct(script-7, /-2)
nn(Palma-5, director-3)
nn(Palma-5, De-4)
poss(script-7, Palma-5)
possessive(Palma-5, 's-6)
nsubj(OK-9, script-7)
cop(OK-9, is-8)
cc(OK-9, but-10)
nsubj(takes-13, it-11)
advmod(takes-13, really-12)
conj(OK-9, takes-13)
det(backseat-15, a-14)
dobj(takes-13, backseat-15)
prep(takes-13, to-16)
det(man-18, the-17)
poss(abilities-21, man-18)
possessive(man-18, 's-19)
amod(abilities-21, film-making-20)
pobj(to-16, abilities-21)
punct(OK-9, .-22)

Sentence #4 (19 tokens):
It is highly successful on a visceral level and I actually get involved / interested with these characters.
[Text=It CharacterOffsetBegin=650 CharacterOffsetEnd=652 PartOfSpeech=PRP] [Text=is CharacterOffsetBegin=653 CharacterOffsetEnd=655 PartOfSpeech=VBZ] [Text=highly CharacterOffsetBegin=656 CharacterOffsetEnd=662 PartOfSpeech=RB] [Text=successful CharacterOffsetBegin=663 CharacterOffsetEnd=673 PartOfSpeech=JJ] [Text=on CharacterOffsetBegin=674 CharacterOffsetEnd=676 PartOfSpeech=IN] [Text=a CharacterOffsetBegin=677 CharacterOffsetEnd=678 PartOfSpeech=DT] [Text=visceral CharacterOffsetBegin=679 CharacterOffsetEnd=687 PartOfSpeech=JJ] [Text=level CharacterOffsetBegin=688 CharacterOffsetEnd=693 PartOfSpeech=NN] [Text=and CharacterOffsetBegin=694 CharacterOffsetEnd=697 PartOfSpeech=CC] [Text=I CharacterOffsetBegin=698 CharacterOffsetEnd=699 PartOfSpeech=PRP] [Text=actually CharacterOffsetBegin=700 CharacterOffsetEnd=708 PartOfSpeech=RB] [Text=get CharacterOffsetBegin=709 CharacterOffsetEnd=712 PartOfSpeech=VBP] [Text=involved CharacterOffsetBegin=713 CharacterOffsetEnd=721 PartOfSpeech=VBN] [Text=/ CharacterOffsetBegin=722 CharacterOffsetEnd=723 PartOfSpeech=:] [Text=interested CharacterOffsetBegin=724 CharacterOffsetEnd=734 PartOfSpeech=JJ] [Text=with CharacterOffsetBegin=735 CharacterOffsetEnd=739 PartOfSpeech=IN] [Text=these CharacterOffsetBegin=740 CharacterOffsetEnd=745 PartOfSpeech=DT] [Text=characters CharacterOffsetBegin=746 CharacterOffsetEnd=756 PartOfSpeech=NNS] [Text=. CharacterOffsetBegin=756 CharacterOffsetEnd=757 PartOfSpeech=.] 
root(ROOT-0, successful-4)
nsubj(successful-4, It-1)
cop(successful-4, is-2)
advmod(successful-4, highly-3)
prep(successful-4, on-5)
det(level-8, a-6)
amod(level-8, visceral-7)
pobj(on-5, level-8)
cc(successful-4, and-9)
nsubjpass(involved-13, I-10)
advmod(involved-13, actually-11)
auxpass(involved-13, get-12)
conj(successful-4, involved-13)
punct(involved-13, /-14)
dep(involved-13, interested-15)
prep(interested-15, with-16)
det(characters-18, these-17)
pobj(with-16, characters-18)
punct(successful-4, .-19)

Sentence #5 (58 tokens):
I can notice the standard De Palma homages to / ripoffs of Hitchcock - at least from one of the Master's pictures.And to top it all off, it has a professional and believable cast.This was De Palma's third movie with ex-wife Nancy Allen (after "Carrie" and "Home Movies".
    )
[Text=I CharacterOffsetBegin=762 CharacterOffsetEnd=763 PartOfSpeech=PRP] [Text=can CharacterOffsetBegin=764 CharacterOffsetEnd=767 PartOfSpeech=MD] [Text=notice CharacterOffsetBegin=768 CharacterOffsetEnd=774 PartOfSpeech=VB] [Text=the CharacterOffsetBegin=775 CharacterOffsetEnd=778 PartOfSpeech=DT] [Text=standard CharacterOffsetBegin=779 CharacterOffsetEnd=787 PartOfSpeech=JJ] [Text=De CharacterOffsetBegin=788 CharacterOffsetEnd=790 PartOfSpeech=NNP] [Text=Palma CharacterOffsetBegin=791 CharacterOffsetEnd=796 PartOfSpeech=NNP] [Text=homages CharacterOffsetBegin=797 CharacterOffsetEnd=804 PartOfSpeech=NNS] [Text=to CharacterOffsetBegin=805 CharacterOffsetEnd=807 PartOfSpeech=TO] [Text=/ CharacterOffsetBegin=808 CharacterOffsetEnd=809 PartOfSpeech=:] [Text=ripoffs CharacterOffsetBegin=810 CharacterOffsetEnd=817 PartOfSpeech=NNS] [Text=of CharacterOffsetBegin=818 CharacterOffsetEnd=820 PartOfSpeech=IN] [Text=Hitchcock CharacterOffsetBegin=821 CharacterOffsetEnd=830 PartOfSpeech=NNP] [Text=- CharacterOffsetBegin=831 CharacterOffsetEnd=832 PartOfSpeech=:] [Text=at CharacterOffsetBegin=833 CharacterOffsetEnd=835 PartOfSpeech=IN] [Text=least CharacterOffsetBegin=836 CharacterOffsetEnd=841 PartOfSpeech=JJS] [Text=from CharacterOffsetBegin=842 CharacterOffsetEnd=846 PartOfSpeech=IN] [Text=one CharacterOffsetBegin=847 CharacterOffsetEnd=850 PartOfSpeech=CD] [Text=of CharacterOffsetBegin=851 CharacterOffsetEnd=853 PartOfSpeech=IN] [Text=the CharacterOffsetBegin=854 CharacterOffsetEnd=857 PartOfSpeech=DT] [Text=Master CharacterOffsetBegin=858 CharacterOffsetEnd=864 PartOfSpeech=NN] [Text='s CharacterOffsetBegin=864 CharacterOffsetEnd=866 PartOfSpeech=POS] [Text=pictures.And CharacterOffsetBegin=867 CharacterOffsetEnd=879 PartOfSpeech=NN] [Text=to CharacterOffsetBegin=880 CharacterOffsetEnd=882 PartOfSpeech=TO] [Text=top CharacterOffsetBegin=883 CharacterOffsetEnd=886 PartOfSpeech=VB] [Text=it CharacterOffsetBegin=887 CharacterOffsetEnd=889 PartOfSpeech=PRP] [Text=all CharacterOffsetBegin=890 CharacterOffsetEnd=893 PartOfSpeech=DT] [Text=off CharacterOffsetBegin=894 CharacterOffsetEnd=897 PartOfSpeech=RP] [Text=, CharacterOffsetBegin=897 CharacterOffsetEnd=898 PartOfSpeech=,] [Text=it CharacterOffsetBegin=899 CharacterOffsetEnd=901 PartOfSpeech=PRP] [Text=has CharacterOffsetBegin=902 CharacterOffsetEnd=905 PartOfSpeech=VBZ] [Text=a CharacterOffsetBegin=906 CharacterOffsetEnd=907 PartOfSpeech=DT] [Text=professional CharacterOffsetBegin=908 CharacterOffsetEnd=920 PartOfSpeech=JJ] [Text=and CharacterOffsetBegin=921 CharacterOffsetEnd=924 PartOfSpeech=CC] [Text=believable CharacterOffsetBegin=925 CharacterOffsetEnd=935 PartOfSpeech=JJ] [Text=cast.This CharacterOffsetBegin=936 CharacterOffsetEnd=945 PartOfSpeech=NN] [Text=was CharacterOffsetBegin=946 CharacterOffsetEnd=949 PartOfSpeech=VBD] [Text=De CharacterOffsetBegin=950 CharacterOffsetEnd=952 PartOfSpeech=NNP] [Text=Palma CharacterOffsetBegin=953 CharacterOffsetEnd=958 PartOfSpeech=NNP] [Text='s CharacterOffsetBegin=958 CharacterOffsetEnd=960 PartOfSpeech=POS] [Text=third CharacterOffsetBegin=961 CharacterOffsetEnd=966 PartOfSpeech=JJ] [Text=movie CharacterOffsetBegin=967 CharacterOffsetEnd=972 PartOfSpeech=NN] [Text=with CharacterOffsetBegin=973 CharacterOffsetEnd=977 PartOfSpeech=IN] [Text=ex-wife CharacterOffsetBegin=978 CharacterOffsetEnd=985 PartOfSpeech=NN] [Text=Nancy CharacterOffsetBegin=986 CharacterOffsetEnd=991 PartOfSpeech=NNP] [Text=Allen CharacterOffsetBegin=992 CharacterOffsetEnd=997 PartOfSpeech=NNP] [Text=-LRB- CharacterOffsetBegin=998 CharacterOffsetEnd=999 PartOfSpeech=-LRB-] [Text=after CharacterOffsetBegin=999 CharacterOffsetEnd=1004 PartOfSpeech=IN] [Text=`` CharacterOffsetBegin=1005 CharacterOffsetEnd=1006 PartOfSpeech=``] [Text=Carrie CharacterOffsetBegin=1006 CharacterOffsetEnd=1012 PartOfSpeech=NNP] [Text='' CharacterOffsetBegin=1012 CharacterOffsetEnd=1013 PartOfSpeech=''] [Text=and CharacterOffsetBegin=1014 CharacterOffsetEnd=1017 PartOfSpeech=CC] [Text=`` CharacterOffsetBegin=1018 CharacterOffsetEnd=1019 PartOfSpeech=``] [Text=Home CharacterOffsetBegin=1019 CharacterOffsetEnd=1023 PartOfSpeech=NNP] [Text=Movies CharacterOffsetBegin=1024 CharacterOffsetEnd=1030 PartOfSpeech=NNPS] [Text='' CharacterOffsetBegin=1030 CharacterOffsetEnd=1031 PartOfSpeech=''] [Text=. CharacterOffsetBegin=1031 CharacterOffsetEnd=1032 PartOfSpeech=.] [Text=-RRB- CharacterOffsetBegin=1037 CharacterOffsetEnd=1038 PartOfSpeech=-RRB-] 
root(ROOT-0, notice-3)
nsubj(notice-3, I-1)
aux(notice-3, can-2)
det(homages-8, the-4)
amod(homages-8, standard-5)
nn(homages-8, De-6)
nn(homages-8, Palma-7)
dobj(notice-3, homages-8)
prep(notice-3, to-9)
punct(ripoffs-11, /-10)
pobj(to-9, ripoffs-11)
prep(ripoffs-11, of-12)
pobj(of-12, Hitchcock-13)
punct(notice-3, --14)
advmod(from-17, at-15)
pobj(at-15, least-16)
prep(notice-3, from-17)
pobj(from-17, one-18)
prep(one-18, of-19)
det(Master-21, the-20)
poss(pictures.And-23, Master-21)
possessive(Master-21, 's-22)
pobj(of-19, pictures.And-23)
aux(top-25, to-24)
infmod(pictures.And-23, top-25)
dobj(top-25, it-26)
advmod(off-28, all-27)
prt(top-25, off-28)
punct(notice-3, ,-29)
nsubj(has-31, it-30)
ccomp(notice-3, has-31)
det(cast.This-36, a-32)
amod(cast.This-36, professional-33)
cc(professional-33, and-34)
conj(professional-33, believable-35)
dobj(has-31, cast.This-36)
cop(movie-42, was-37)
nn(Palma-39, De-38)
poss(movie-42, Palma-39)
possessive(Palma-39, 's-40)
amod(movie-42, third-41)
dep(notice-3, movie-42)
prep(movie-42, with-43)
pobj(with-43, ex-wife-44)
dep(ex-wife-44, Nancy-45)
dep(Nancy-45, Allen-46)
punct(after-48, -LRB--47)
prep(Allen-46, after-48)
punct(Carrie-50, ``-49)
pobj(after-48, Carrie-50)
punct(Carrie-50, ''-51)
cc(Carrie-50, and-52)
punct(Carrie-50, ``-53)
nn(Movies-55, Home-54)
conj(Carrie-50, Movies-55)
punct(Carrie-50, ''-56)
punct(Allen-46, .-57)
punct(notice-3, -RRB--58)

Sentence #6 (14 tokens):
By the way, dancer-turned-actress Rachel Ticotin was one of the production assistants.
[Text=By CharacterOffsetBegin=1038 CharacterOffsetEnd=1040 PartOfSpeech=IN] [Text=the CharacterOffsetBegin=1041 CharacterOffsetEnd=1044 PartOfSpeech=DT] [Text=way CharacterOffsetBegin=1045 CharacterOffsetEnd=1048 PartOfSpeech=NN] [Text=, CharacterOffsetBegin=1048 CharacterOffsetEnd=1049 PartOfSpeech=,] [Text=dancer-turned-actress CharacterOffsetBegin=1050 CharacterOffsetEnd=1071 PartOfSpeech=JJ] [Text=Rachel CharacterOffsetBegin=1072 CharacterOffsetEnd=1078 PartOfSpeech=NNP] [Text=Ticotin CharacterOffsetBegin=1079 CharacterOffsetEnd=1086 PartOfSpeech=NNP] [Text=was CharacterOffsetBegin=1087 CharacterOffsetEnd=1090 PartOfSpeech=VBD] [Text=one CharacterOffsetBegin=1091 CharacterOffsetEnd=1094 PartOfSpeech=CD] [Text=of CharacterOffsetBegin=1095 CharacterOffsetEnd=1097 PartOfSpeech=IN] [Text=the CharacterOffsetBegin=1098 CharacterOffsetEnd=1101 PartOfSpeech=DT] [Text=production CharacterOffsetBegin=1102 CharacterOffsetEnd=1112 PartOfSpeech=NN] [Text=assistants CharacterOffsetBegin=1113 CharacterOffsetEnd=1123 PartOfSpeech=NNS] [Text=. CharacterOffsetBegin=1123 CharacterOffsetEnd=1124 PartOfSpeech=.] 
root(ROOT-0, one-9)
prep(one-9, By-1)
det(way-3, the-2)
pobj(By-1, way-3)
punct(one-9, ,-4)
amod(Ticotin-7, dancer-turned-actress-5)
nn(Ticotin-7, Rachel-6)
nsubj(one-9, Ticotin-7)
cop(one-9, was-8)
prep(one-9, of-10)
det(assistants-13, the-11)
nn(assistants-13, production-12)
pobj(of-10, assistants-13)
punct(one-9, .-14)

Sentence #7 (45 tokens):
There's a bit of trivia for you.I wouldn't think a thriller could be classy and bloody at the same time but this picture pulls it off.One of the best things about it is a typically striking Pino Donaggio music score.8/10
[Text=There CharacterOffsetBegin=1129 CharacterOffsetEnd=1134 PartOfSpeech=EX] [Text='s CharacterOffsetBegin=1134 CharacterOffsetEnd=1136 PartOfSpeech=VBZ] [Text=a CharacterOffsetBegin=1137 CharacterOffsetEnd=1138 PartOfSpeech=DT] [Text=bit CharacterOffsetBegin=1139 CharacterOffsetEnd=1142 PartOfSpeech=NN] [Text=of CharacterOffsetBegin=1143 CharacterOffsetEnd=1145 PartOfSpeech=IN] [Text=trivia CharacterOffsetBegin=1146 CharacterOffsetEnd=1152 PartOfSpeech=NNS] [Text=for CharacterOffsetBegin=1153 CharacterOffsetEnd=1156 PartOfSpeech=IN] [Text=you.I CharacterOffsetBegin=1157 CharacterOffsetEnd=1162 PartOfSpeech=NN] [Text=would CharacterOffsetBegin=1163 CharacterOffsetEnd=1168 PartOfSpeech=MD] [Text=n't CharacterOffsetBegin=1168 CharacterOffsetEnd=1171 PartOfSpeech=RB] [Text=think CharacterOffsetBegin=1172 CharacterOffsetEnd=1177 PartOfSpeech=VB] [Text=a CharacterOffsetBegin=1178 CharacterOffsetEnd=1179 PartOfSpeech=DT] [Text=thriller CharacterOffsetBegin=1180 CharacterOffsetEnd=1188 PartOfSpeech=NN] [Text=could CharacterOffsetBegin=1189 CharacterOffsetEnd=1194 PartOfSpeech=MD] [Text=be CharacterOffsetBegin=1195 CharacterOffsetEnd=1197 PartOfSpeech=VB] [Text=classy CharacterOffsetBegin=1198 CharacterOffsetEnd=1204 PartOfSpeech=JJ] [Text=and CharacterOffsetBegin=1205 CharacterOffsetEnd=1208 PartOfSpeech=CC] [Text=bloody CharacterOffsetBegin=1209 CharacterOffsetEnd=1215 PartOfSpeech=JJ] [Text=at CharacterOffsetBegin=1216 CharacterOffsetEnd=1218 PartOfSpeech=IN] [Text=the CharacterOffsetBegin=1219 CharacterOffsetEnd=1222 PartOfSpeech=DT] [Text=same CharacterOffsetBegin=1223 CharacterOffsetEnd=1227 PartOfSpeech=JJ] [Text=time CharacterOffsetBegin=1228 CharacterOffsetEnd=1232 PartOfSpeech=NN] [Text=but CharacterOffsetBegin=1233 CharacterOffsetEnd=1236 PartOfSpeech=CC] [Text=this CharacterOffsetBegin=1237 CharacterOffsetEnd=1241 PartOfSpeech=DT] [Text=picture CharacterOffsetBegin=1242 CharacterOffsetEnd=1249 PartOfSpeech=NN] [Text=pulls CharacterOffsetBegin=1250 CharacterOffsetEnd=1255 PartOfSpeech=VBZ] [Text=it CharacterOffsetBegin=1256 CharacterOffsetEnd=1258 PartOfSpeech=PRP] [Text=off.One CharacterOffsetBegin=1259 CharacterOffsetEnd=1266 PartOfSpeech=NN] [Text=of CharacterOffsetBegin=1267 CharacterOffsetEnd=1269 PartOfSpeech=IN] [Text=the CharacterOffsetBegin=1270 CharacterOffsetEnd=1273 PartOfSpeech=DT] [Text=best CharacterOffsetBegin=1274 CharacterOffsetEnd=1278 PartOfSpeech=JJS] [Text=things CharacterOffsetBegin=1279 CharacterOffsetEnd=1285 PartOfSpeech=NNS] [Text=about CharacterOffsetBegin=1286 CharacterOffsetEnd=1291 PartOfSpeech=IN] [Text=it CharacterOffsetBegin=1292 CharacterOffsetEnd=1294 PartOfSpeech=PRP] [Text=is CharacterOffsetBegin=1295 CharacterOffsetEnd=1297 PartOfSpeech=VBZ] [Text=a CharacterOffsetBegin=1298 CharacterOffsetEnd=1299 PartOfSpeech=DT] [Text=typically CharacterOffsetBegin=1300 CharacterOffsetEnd=1309 PartOfSpeech=RB] [Text=striking CharacterOffsetBegin=1310 CharacterOffsetEnd=1318 PartOfSpeech=JJ] [Text=Pino CharacterOffsetBegin=1319 CharacterOffsetEnd=1323 PartOfSpeech=NNP] [Text=Donaggio CharacterOffsetBegin=1324 CharacterOffsetEnd=1332 PartOfSpeech=NNP] [Text=music CharacterOffsetBegin=1333 CharacterOffsetEnd=1338 PartOfSpeech=NN] [Text=score CharacterOffsetBegin=1339 CharacterOffsetEnd=1344 PartOfSpeech=NN] [Text=.8 CharacterOffsetBegin=1344 CharacterOffsetEnd=1346 PartOfSpeech=CD] [Text=/ CharacterOffsetBegin=1346 CharacterOffsetEnd=1347 PartOfSpeech=:] [Text=10 CharacterOffsetBegin=1347 CharacterOffsetEnd=1349 PartOfSpeech=CD] 
root(ROOT-0, 's-2)
expl('s-2, There-1)
det(bit-4, a-3)
nsubj('s-2, bit-4)
prep(bit-4, of-5)
pobj(of-5, trivia-6)
prep(bit-4, for-7)
pobj(for-7, you.I-8)
aux(think-11, would-9)
neg(think-11, n't-10)
dep('s-2, think-11)
det(thriller-13, a-12)
nsubj(classy-16, thriller-13)
aux(classy-16, could-14)
cop(classy-16, be-15)
ccomp(think-11, classy-16)
cc(classy-16, and-17)
conj(classy-16, bloody-18)
prep(bloody-18, at-19)
det(time-22, the-20)
amod(time-22, same-21)
pobj(at-19, time-22)
cc(classy-16, but-23)
det(picture-25, this-24)
nsubj(pulls-26, picture-25)
conj(classy-16, pulls-26)
nsubj(off.One-28, it-27)
nsubj(score-42, off.One-28)
prep(off.One-28, of-29)
det(things-32, the-30)
amod(things-32, best-31)
pobj(of-29, things-32)
prep(things-32, about-33)
pobj(about-33, it-34)
cop(score-42, is-35)
det(score-42, a-36)
advmod(striking-38, typically-37)
amod(score-42, striking-38)
nn(score-42, Pino-39)
nn(score-42, Donaggio-40)
nn(score-42, music-41)
ccomp(pulls-26, score-42)
num(score-42, .8-43)
punct(score-42, /-44)
dep(pulls-26, 10-45)

