Sentence #1 (34 tokens):
I wouldn't say this is a bad movie; in fact it's pretty typical of the type of film that the "poverty row" studios were releasing at the time.
[Text=I CharacterOffsetBegin=4 CharacterOffsetEnd=5 PartOfSpeech=PRP] [Text=would CharacterOffsetBegin=6 CharacterOffsetEnd=11 PartOfSpeech=MD] [Text=n't CharacterOffsetBegin=11 CharacterOffsetEnd=14 PartOfSpeech=RB] [Text=say CharacterOffsetBegin=15 CharacterOffsetEnd=18 PartOfSpeech=VB] [Text=this CharacterOffsetBegin=19 CharacterOffsetEnd=23 PartOfSpeech=DT] [Text=is CharacterOffsetBegin=24 CharacterOffsetEnd=26 PartOfSpeech=VBZ] [Text=a CharacterOffsetBegin=27 CharacterOffsetEnd=28 PartOfSpeech=DT] [Text=bad CharacterOffsetBegin=29 CharacterOffsetEnd=32 PartOfSpeech=JJ] [Text=movie CharacterOffsetBegin=33 CharacterOffsetEnd=38 PartOfSpeech=NN] [Text=; CharacterOffsetBegin=38 CharacterOffsetEnd=39 PartOfSpeech=:] [Text=in CharacterOffsetBegin=40 CharacterOffsetEnd=42 PartOfSpeech=IN] [Text=fact CharacterOffsetBegin=43 CharacterOffsetEnd=47 PartOfSpeech=NN] [Text=it CharacterOffsetBegin=48 CharacterOffsetEnd=50 PartOfSpeech=PRP] [Text='s CharacterOffsetBegin=50 CharacterOffsetEnd=52 PartOfSpeech=VBZ] [Text=pretty CharacterOffsetBegin=53 CharacterOffsetEnd=59 PartOfSpeech=RB] [Text=typical CharacterOffsetBegin=60 CharacterOffsetEnd=67 PartOfSpeech=JJ] [Text=of CharacterOffsetBegin=68 CharacterOffsetEnd=70 PartOfSpeech=IN] [Text=the CharacterOffsetBegin=71 CharacterOffsetEnd=74 PartOfSpeech=DT] [Text=type CharacterOffsetBegin=75 CharacterOffsetEnd=79 PartOfSpeech=NN] [Text=of CharacterOffsetBegin=80 CharacterOffsetEnd=82 PartOfSpeech=IN] [Text=film CharacterOffsetBegin=83 CharacterOffsetEnd=87 PartOfSpeech=NN] [Text=that CharacterOffsetBegin=88 CharacterOffsetEnd=92 PartOfSpeech=IN] [Text=the CharacterOffsetBegin=93 CharacterOffsetEnd=96 PartOfSpeech=DT] [Text=`` CharacterOffsetBegin=97 CharacterOffsetEnd=98 PartOfSpeech=``] [Text=poverty CharacterOffsetBegin=98 CharacterOffsetEnd=105 PartOfSpeech=NN] [Text=row CharacterOffsetBegin=106 CharacterOffsetEnd=109 PartOfSpeech=NN] [Text='' CharacterOffsetBegin=109 CharacterOffsetEnd=110 PartOfSpeech=''] [Text=studios CharacterOffsetBegin=111 CharacterOffsetEnd=118 PartOfSpeech=NNS] [Text=were CharacterOffsetBegin=119 CharacterOffsetEnd=123 PartOfSpeech=VBD] [Text=releasing CharacterOffsetBegin=124 CharacterOffsetEnd=133 PartOfSpeech=VBG] [Text=at CharacterOffsetBegin=134 CharacterOffsetEnd=136 PartOfSpeech=IN] [Text=the CharacterOffsetBegin=137 CharacterOffsetEnd=140 PartOfSpeech=DT] [Text=time CharacterOffsetBegin=141 CharacterOffsetEnd=145 PartOfSpeech=NN] [Text=. CharacterOffsetBegin=145 CharacterOffsetEnd=146 PartOfSpeech=.] 
root(ROOT-0, say-4)
nsubj(say-4, I-1)
aux(say-4, would-2)
neg(say-4, n't-3)
nsubj(movie-9, this-5)
cop(movie-9, is-6)
det(movie-9, a-7)
amod(movie-9, bad-8)
ccomp(say-4, movie-9)
punct(say-4, ;-10)
prep(typical-16, in-11)
pobj(in-11, fact-12)
nsubj(typical-16, it-13)
cop(typical-16, 's-14)
advmod(typical-16, pretty-15)
parataxis(say-4, typical-16)
prep(typical-16, of-17)
det(type-19, the-18)
pobj(of-17, type-19)
prep(type-19, of-20)
pobj(of-20, film-21)
prep(type-19, that-22)
det(row-26, the-23)
punct(row-26, ``-24)
nn(row-26, poverty-25)
dep(that-22, row-26)
punct(row-26, ''-27)
nsubj(releasing-30, studios-28)
aux(releasing-30, were-29)
rcmod(row-26, releasing-30)
prep(releasing-30, at-31)
det(time-33, the-32)
pobj(at-31, time-33)
punct(say-4, .-34)

Sentence #2 (27 tokens):
Filmed for Monogram, Bela Lugosi is very effective in his role as the somewhat demented doctor-scientist, masquerading as a respected member of the community.
[Text=Filmed CharacterOffsetBegin=151 CharacterOffsetEnd=157 PartOfSpeech=VBN] [Text=for CharacterOffsetBegin=158 CharacterOffsetEnd=161 PartOfSpeech=IN] [Text=Monogram CharacterOffsetBegin=162 CharacterOffsetEnd=170 PartOfSpeech=NNP] [Text=, CharacterOffsetBegin=170 CharacterOffsetEnd=171 PartOfSpeech=,] [Text=Bela CharacterOffsetBegin=172 CharacterOffsetEnd=176 PartOfSpeech=NNP] [Text=Lugosi CharacterOffsetBegin=177 CharacterOffsetEnd=183 PartOfSpeech=NNP] [Text=is CharacterOffsetBegin=184 CharacterOffsetEnd=186 PartOfSpeech=VBZ] [Text=very CharacterOffsetBegin=187 CharacterOffsetEnd=191 PartOfSpeech=RB] [Text=effective CharacterOffsetBegin=192 CharacterOffsetEnd=201 PartOfSpeech=JJ] [Text=in CharacterOffsetBegin=202 CharacterOffsetEnd=204 PartOfSpeech=IN] [Text=his CharacterOffsetBegin=205 CharacterOffsetEnd=208 PartOfSpeech=PRP$] [Text=role CharacterOffsetBegin=209 CharacterOffsetEnd=213 PartOfSpeech=NN] [Text=as CharacterOffsetBegin=214 CharacterOffsetEnd=216 PartOfSpeech=IN] [Text=the CharacterOffsetBegin=217 CharacterOffsetEnd=220 PartOfSpeech=DT] [Text=somewhat CharacterOffsetBegin=221 CharacterOffsetEnd=229 PartOfSpeech=RB] [Text=demented CharacterOffsetBegin=230 CharacterOffsetEnd=238 PartOfSpeech=JJ] [Text=doctor-scientist CharacterOffsetBegin=239 CharacterOffsetEnd=255 PartOfSpeech=NN] [Text=, CharacterOffsetBegin=255 CharacterOffsetEnd=256 PartOfSpeech=,] [Text=masquerading CharacterOffsetBegin=257 CharacterOffsetEnd=269 PartOfSpeech=VBG] [Text=as CharacterOffsetBegin=270 CharacterOffsetEnd=272 PartOfSpeech=IN] [Text=a CharacterOffsetBegin=273 CharacterOffsetEnd=274 PartOfSpeech=DT] [Text=respected CharacterOffsetBegin=275 CharacterOffsetEnd=284 PartOfSpeech=JJ] [Text=member CharacterOffsetBegin=285 CharacterOffsetEnd=291 PartOfSpeech=NN] [Text=of CharacterOffsetBegin=292 CharacterOffsetEnd=294 PartOfSpeech=IN] [Text=the CharacterOffsetBegin=295 CharacterOffsetEnd=298 PartOfSpeech=DT] [Text=community CharacterOffsetBegin=299 CharacterOffsetEnd=308 PartOfSpeech=NN] [Text=. CharacterOffsetBegin=308 CharacterOffsetEnd=309 PartOfSpeech=.] 
root(ROOT-0, effective-9)
nsubj(effective-9, Filmed-1)
prep(Filmed-1, for-2)
pobj(for-2, Monogram-3)
punct(Monogram-3, ,-4)
nn(Lugosi-6, Bela-5)
appos(Monogram-3, Lugosi-6)
cop(effective-9, is-7)
advmod(effective-9, very-8)
prep(effective-9, in-10)
poss(role-12, his-11)
pobj(in-10, role-12)
prep(effective-9, as-13)
det(doctor-scientist-17, the-14)
advmod(demented-16, somewhat-15)
amod(doctor-scientist-17, demented-16)
pobj(as-13, doctor-scientist-17)
punct(effective-9, ,-18)
xcomp(effective-9, masquerading-19)
prep(masquerading-19, as-20)
det(member-23, a-21)
amod(member-23, respected-22)
pobj(as-20, member-23)
prep(member-23, of-24)
det(community-26, the-25)
pobj(of-24, community-26)
punct(effective-9, .-27)

Sentence #3 (41 tokens):
In this movie, Bela and his henchmen have the nasty habit of stealing young brides, and, after their demise, injecting Bela's wife with a serum taken from their bodies in order to keep her young.
[Text=In CharacterOffsetBegin=314 CharacterOffsetEnd=316 PartOfSpeech=IN] [Text=this CharacterOffsetBegin=317 CharacterOffsetEnd=321 PartOfSpeech=DT] [Text=movie CharacterOffsetBegin=322 CharacterOffsetEnd=327 PartOfSpeech=NN] [Text=, CharacterOffsetBegin=327 CharacterOffsetEnd=328 PartOfSpeech=,] [Text=Bela CharacterOffsetBegin=329 CharacterOffsetEnd=333 PartOfSpeech=NNP] [Text=and CharacterOffsetBegin=334 CharacterOffsetEnd=337 PartOfSpeech=CC] [Text=his CharacterOffsetBegin=338 CharacterOffsetEnd=341 PartOfSpeech=PRP$] [Text=henchmen CharacterOffsetBegin=342 CharacterOffsetEnd=350 PartOfSpeech=NNS] [Text=have CharacterOffsetBegin=351 CharacterOffsetEnd=355 PartOfSpeech=VBP] [Text=the CharacterOffsetBegin=356 CharacterOffsetEnd=359 PartOfSpeech=DT] [Text=nasty CharacterOffsetBegin=360 CharacterOffsetEnd=365 PartOfSpeech=JJ] [Text=habit CharacterOffsetBegin=366 CharacterOffsetEnd=371 PartOfSpeech=NN] [Text=of CharacterOffsetBegin=372 CharacterOffsetEnd=374 PartOfSpeech=IN] [Text=stealing CharacterOffsetBegin=375 CharacterOffsetEnd=383 PartOfSpeech=VBG] [Text=young CharacterOffsetBegin=384 CharacterOffsetEnd=389 PartOfSpeech=JJ] [Text=brides CharacterOffsetBegin=390 CharacterOffsetEnd=396 PartOfSpeech=NNS] [Text=, CharacterOffsetBegin=396 CharacterOffsetEnd=397 PartOfSpeech=,] [Text=and CharacterOffsetBegin=398 CharacterOffsetEnd=401 PartOfSpeech=CC] [Text=, CharacterOffsetBegin=401 CharacterOffsetEnd=402 PartOfSpeech=,] [Text=after CharacterOffsetBegin=403 CharacterOffsetEnd=408 PartOfSpeech=IN] [Text=their CharacterOffsetBegin=409 CharacterOffsetEnd=414 PartOfSpeech=PRP$] [Text=demise CharacterOffsetBegin=415 CharacterOffsetEnd=421 PartOfSpeech=NN] [Text=, CharacterOffsetBegin=421 CharacterOffsetEnd=422 PartOfSpeech=,] [Text=injecting CharacterOffsetBegin=423 CharacterOffsetEnd=432 PartOfSpeech=VBG] [Text=Bela CharacterOffsetBegin=433 CharacterOffsetEnd=437 PartOfSpeech=NNP] [Text='s CharacterOffsetBegin=437 CharacterOffsetEnd=439 PartOfSpeech=POS] [Text=wife CharacterOffsetBegin=440 CharacterOffsetEnd=444 PartOfSpeech=NN] [Text=with CharacterOffsetBegin=445 CharacterOffsetEnd=449 PartOfSpeech=IN] [Text=a CharacterOffsetBegin=450 CharacterOffsetEnd=451 PartOfSpeech=DT] [Text=serum CharacterOffsetBegin=452 CharacterOffsetEnd=457 PartOfSpeech=NN] [Text=taken CharacterOffsetBegin=458 CharacterOffsetEnd=463 PartOfSpeech=VBN] [Text=from CharacterOffsetBegin=464 CharacterOffsetEnd=468 PartOfSpeech=IN] [Text=their CharacterOffsetBegin=469 CharacterOffsetEnd=474 PartOfSpeech=PRP$] [Text=bodies CharacterOffsetBegin=475 CharacterOffsetEnd=481 PartOfSpeech=NNS] [Text=in CharacterOffsetBegin=482 CharacterOffsetEnd=484 PartOfSpeech=IN] [Text=order CharacterOffsetBegin=485 CharacterOffsetEnd=490 PartOfSpeech=NN] [Text=to CharacterOffsetBegin=491 CharacterOffsetEnd=493 PartOfSpeech=TO] [Text=keep CharacterOffsetBegin=494 CharacterOffsetEnd=498 PartOfSpeech=VB] [Text=her CharacterOffsetBegin=499 CharacterOffsetEnd=502 PartOfSpeech=PRP$] [Text=young CharacterOffsetBegin=503 CharacterOffsetEnd=508 PartOfSpeech=JJ] [Text=. CharacterOffsetBegin=508 CharacterOffsetEnd=509 PartOfSpeech=.] 
root(ROOT-0, have-9)
prep(have-9, In-1)
det(movie-3, this-2)
pobj(In-1, movie-3)
punct(have-9, ,-4)
nsubj(have-9, Bela-5)
cc(Bela-5, and-6)
poss(henchmen-8, his-7)
conj(Bela-5, henchmen-8)
det(habit-12, the-10)
amod(habit-12, nasty-11)
dobj(have-9, habit-12)
prep(habit-12, of-13)
pcomp(of-13, stealing-14)
amod(brides-16, young-15)
dobj(stealing-14, brides-16)
punct(have-9, ,-17)
cc(have-9, and-18)
punct(have-9, ,-19)
conj(have-9, after-20)
poss(demise-22, their-21)
pobj(after-20, demise-22)
punct(after-20, ,-23)
dep(,-23, injecting-24)
poss(wife-27, Bela-25)
possessive(Bela-25, 's-26)
dobj(injecting-24, wife-27)
prep(wife-27, with-28)
det(serum-30, a-29)
pobj(with-28, serum-30)
partmod(serum-30, taken-31)
prep(taken-31, from-32)
poss(bodies-34, their-33)
pobj(from-32, bodies-34)
mark(keep-38, in-35)
dep(keep-38, order-36)
aux(keep-38, to-37)
advcl(taken-31, keep-38)
poss(young-40, her-39)
dobj(keep-38, young-40)
punct(injecting-24, .-41)

Sentence #4 (33 tokens):
Lugosi is more than up to the task in making this an enjoyable film, however, the movie suffers from the ultra-wooden acting of co stars Luana Walters and Tristram Coffin.
[Text=Lugosi CharacterOffsetBegin=514 CharacterOffsetEnd=520 PartOfSpeech=NNP] [Text=is CharacterOffsetBegin=521 CharacterOffsetEnd=523 PartOfSpeech=VBZ] [Text=more CharacterOffsetBegin=524 CharacterOffsetEnd=528 PartOfSpeech=RBR] [Text=than CharacterOffsetBegin=529 CharacterOffsetEnd=533 PartOfSpeech=IN] [Text=up CharacterOffsetBegin=534 CharacterOffsetEnd=536 PartOfSpeech=RB] [Text=to CharacterOffsetBegin=537 CharacterOffsetEnd=539 PartOfSpeech=TO] [Text=the CharacterOffsetBegin=540 CharacterOffsetEnd=543 PartOfSpeech=DT] [Text=task CharacterOffsetBegin=544 CharacterOffsetEnd=548 PartOfSpeech=NN] [Text=in CharacterOffsetBegin=549 CharacterOffsetEnd=551 PartOfSpeech=IN] [Text=making CharacterOffsetBegin=552 CharacterOffsetEnd=558 PartOfSpeech=VBG] [Text=this CharacterOffsetBegin=559 CharacterOffsetEnd=563 PartOfSpeech=DT] [Text=an CharacterOffsetBegin=564 CharacterOffsetEnd=566 PartOfSpeech=DT] [Text=enjoyable CharacterOffsetBegin=567 CharacterOffsetEnd=576 PartOfSpeech=JJ] [Text=film CharacterOffsetBegin=577 CharacterOffsetEnd=581 PartOfSpeech=NN] [Text=, CharacterOffsetBegin=581 CharacterOffsetEnd=582 PartOfSpeech=,] [Text=however CharacterOffsetBegin=583 CharacterOffsetEnd=590 PartOfSpeech=RB] [Text=, CharacterOffsetBegin=590 CharacterOffsetEnd=591 PartOfSpeech=,] [Text=the CharacterOffsetBegin=592 CharacterOffsetEnd=595 PartOfSpeech=DT] [Text=movie CharacterOffsetBegin=596 CharacterOffsetEnd=601 PartOfSpeech=NN] [Text=suffers CharacterOffsetBegin=602 CharacterOffsetEnd=609 PartOfSpeech=VBZ] [Text=from CharacterOffsetBegin=610 CharacterOffsetEnd=614 PartOfSpeech=IN] [Text=the CharacterOffsetBegin=615 CharacterOffsetEnd=618 PartOfSpeech=DT] [Text=ultra-wooden CharacterOffsetBegin=619 CharacterOffsetEnd=631 PartOfSpeech=JJ] [Text=acting CharacterOffsetBegin=632 CharacterOffsetEnd=638 PartOfSpeech=NN] [Text=of CharacterOffsetBegin=639 CharacterOffsetEnd=641 PartOfSpeech=IN] [Text=co CharacterOffsetBegin=642 CharacterOffsetEnd=644 PartOfSpeech=NN] [Text=stars CharacterOffsetBegin=645 CharacterOffsetEnd=650 PartOfSpeech=NNS] [Text=Luana CharacterOffsetBegin=651 CharacterOffsetEnd=656 PartOfSpeech=NNP] [Text=Walters CharacterOffsetBegin=657 CharacterOffsetEnd=664 PartOfSpeech=NNP] [Text=and CharacterOffsetBegin=665 CharacterOffsetEnd=668 PartOfSpeech=CC] [Text=Tristram CharacterOffsetBegin=669 CharacterOffsetEnd=677 PartOfSpeech=NNP] [Text=Coffin CharacterOffsetBegin=678 CharacterOffsetEnd=684 PartOfSpeech=NNP] [Text=. CharacterOffsetBegin=684 CharacterOffsetEnd=685 PartOfSpeech=.] 
root(ROOT-0, suffers-20)
nsubj(suffers-20, Lugosi-1)
cop(suffers-20, is-2)
advmod(is-2, more-3)
prep(more-3, than-4)
pobj(than-4, up-5)
prep(up-5, to-6)
det(task-8, the-7)
pobj(to-6, task-8)
prep(up-5, in-9)
pcomp(in-9, making-10)
det(film-14, this-11)
det(film-14, an-12)
amod(film-14, enjoyable-13)
dobj(making-10, film-14)
punct(suffers-20, ,-15)
advmod(suffers-20, however-16)
punct(suffers-20, ,-17)
det(movie-19, the-18)
nsubj(suffers-20, movie-19)
prep(suffers-20, from-21)
det(acting-24, the-22)
amod(acting-24, ultra-wooden-23)
pobj(from-21, acting-24)
prep(acting-24, of-25)
nn(Walters-29, co-26)
nn(Walters-29, stars-27)
nn(Walters-29, Luana-28)
pobj(of-25, Walters-29)
cc(Walters-29, and-30)
nn(Coffin-32, Tristram-31)
conj(Walters-29, Coffin-32)
punct(suffers-20, .-33)

Sentence #5 (19 tokens):
Coffin (nice name for a guy in a horror flick) is especially bad in this case.
[Text=Coffin CharacterOffsetBegin=690 CharacterOffsetEnd=696 PartOfSpeech=NN] [Text=-LRB- CharacterOffsetBegin=697 CharacterOffsetEnd=698 PartOfSpeech=-LRB-] [Text=nice CharacterOffsetBegin=698 CharacterOffsetEnd=702 PartOfSpeech=JJ] [Text=name CharacterOffsetBegin=703 CharacterOffsetEnd=707 PartOfSpeech=NN] [Text=for CharacterOffsetBegin=708 CharacterOffsetEnd=711 PartOfSpeech=IN] [Text=a CharacterOffsetBegin=712 CharacterOffsetEnd=713 PartOfSpeech=DT] [Text=guy CharacterOffsetBegin=714 CharacterOffsetEnd=717 PartOfSpeech=NN] [Text=in CharacterOffsetBegin=718 CharacterOffsetEnd=720 PartOfSpeech=IN] [Text=a CharacterOffsetBegin=721 CharacterOffsetEnd=722 PartOfSpeech=DT] [Text=horror CharacterOffsetBegin=723 CharacterOffsetEnd=729 PartOfSpeech=NN] [Text=flick CharacterOffsetBegin=730 CharacterOffsetEnd=735 PartOfSpeech=NN] [Text=-RRB- CharacterOffsetBegin=735 CharacterOffsetEnd=736 PartOfSpeech=-RRB-] [Text=is CharacterOffsetBegin=737 CharacterOffsetEnd=739 PartOfSpeech=VBZ] [Text=especially CharacterOffsetBegin=740 CharacterOffsetEnd=750 PartOfSpeech=RB] [Text=bad CharacterOffsetBegin=751 CharacterOffsetEnd=754 PartOfSpeech=JJ] [Text=in CharacterOffsetBegin=755 CharacterOffsetEnd=757 PartOfSpeech=IN] [Text=this CharacterOffsetBegin=758 CharacterOffsetEnd=762 PartOfSpeech=DT] [Text=case CharacterOffsetBegin=763 CharacterOffsetEnd=767 PartOfSpeech=NN] [Text=. CharacterOffsetBegin=767 CharacterOffsetEnd=768 PartOfSpeech=.] 
root(ROOT-0, bad-15)
nn(name-4, Coffin-1)
punct(name-4, -LRB--2)
amod(name-4, nice-3)
nsubj(bad-15, name-4)
prep(name-4, for-5)
det(guy-7, a-6)
pobj(for-5, guy-7)
prep(guy-7, in-8)
det(flick-11, a-9)
nn(flick-11, horror-10)
pobj(in-8, flick-11)
punct(name-4, -RRB--12)
cop(bad-15, is-13)
advmod(bad-15, especially-14)
prep(bad-15, in-16)
det(case-18, this-17)
pobj(in-16, case-18)
punct(bad-15, .-19)

Sentence #6 (24 tokens):
I've seen him in numerous movies and tv shows and he is always the same; stiff, wooden and utterly unconvincing.
[Text=I CharacterOffsetBegin=773 CharacterOffsetEnd=774 PartOfSpeech=PRP] [Text='ve CharacterOffsetBegin=774 CharacterOffsetEnd=777 PartOfSpeech=VBP] [Text=seen CharacterOffsetBegin=778 CharacterOffsetEnd=782 PartOfSpeech=VBN] [Text=him CharacterOffsetBegin=783 CharacterOffsetEnd=786 PartOfSpeech=PRP] [Text=in CharacterOffsetBegin=787 CharacterOffsetEnd=789 PartOfSpeech=IN] [Text=numerous CharacterOffsetBegin=790 CharacterOffsetEnd=798 PartOfSpeech=JJ] [Text=movies CharacterOffsetBegin=799 CharacterOffsetEnd=805 PartOfSpeech=NNS] [Text=and CharacterOffsetBegin=806 CharacterOffsetEnd=809 PartOfSpeech=CC] [Text=tv CharacterOffsetBegin=810 CharacterOffsetEnd=812 PartOfSpeech=NN] [Text=shows CharacterOffsetBegin=813 CharacterOffsetEnd=818 PartOfSpeech=NNS] [Text=and CharacterOffsetBegin=819 CharacterOffsetEnd=822 PartOfSpeech=CC] [Text=he CharacterOffsetBegin=823 CharacterOffsetEnd=825 PartOfSpeech=PRP] [Text=is CharacterOffsetBegin=826 CharacterOffsetEnd=828 PartOfSpeech=VBZ] [Text=always CharacterOffsetBegin=829 CharacterOffsetEnd=835 PartOfSpeech=RB] [Text=the CharacterOffsetBegin=836 CharacterOffsetEnd=839 PartOfSpeech=DT] [Text=same CharacterOffsetBegin=840 CharacterOffsetEnd=844 PartOfSpeech=JJ] [Text=; CharacterOffsetBegin=844 CharacterOffsetEnd=845 PartOfSpeech=:] [Text=stiff CharacterOffsetBegin=846 CharacterOffsetEnd=851 PartOfSpeech=NN] [Text=, CharacterOffsetBegin=851 CharacterOffsetEnd=852 PartOfSpeech=,] [Text=wooden CharacterOffsetBegin=853 CharacterOffsetEnd=859 PartOfSpeech=JJ] [Text=and CharacterOffsetBegin=860 CharacterOffsetEnd=863 PartOfSpeech=CC] [Text=utterly CharacterOffsetBegin=864 CharacterOffsetEnd=871 PartOfSpeech=RB] [Text=unconvincing CharacterOffsetBegin=872 CharacterOffsetEnd=884 PartOfSpeech=JJ] [Text=. CharacterOffsetBegin=884 CharacterOffsetEnd=885 PartOfSpeech=.] 
root(ROOT-0, seen-3)
nsubj(seen-3, I-1)
aux(seen-3, 've-2)
dobj(seen-3, him-4)
prep(seen-3, in-5)
amod(movies-7, numerous-6)
pobj(in-5, movies-7)
cc(movies-7, and-8)
nn(shows-10, tv-9)
conj(movies-7, shows-10)
cc(seen-3, and-11)
nsubj(same-16, he-12)
cop(same-16, is-13)
advmod(same-16, always-14)
det(same-16, the-15)
conj(seen-3, same-16)
punct(seen-3, ;-17)
amod(unconvincing-23, stiff-18)
punct(stiff-18, ,-19)
conj(stiff-18, wooden-20)
cc(stiff-18, and-21)
conj(stiff-18, utterly-22)
conj(seen-3, unconvincing-23)
punct(seen-3, .-24)

Sentence #7 (20 tokens):
Miss Walters is only slightly better, but she too lacks the acting talent to make her role believable.
[Text=Miss CharacterOffsetBegin=890 CharacterOffsetEnd=894 PartOfSpeech=NNP] [Text=Walters CharacterOffsetBegin=895 CharacterOffsetEnd=902 PartOfSpeech=NNP] [Text=is CharacterOffsetBegin=903 CharacterOffsetEnd=905 PartOfSpeech=VBZ] [Text=only CharacterOffsetBegin=906 CharacterOffsetEnd=910 PartOfSpeech=RB] [Text=slightly CharacterOffsetBegin=911 CharacterOffsetEnd=919 PartOfSpeech=RB] [Text=better CharacterOffsetBegin=920 CharacterOffsetEnd=926 PartOfSpeech=JJR] [Text=, CharacterOffsetBegin=926 CharacterOffsetEnd=927 PartOfSpeech=,] [Text=but CharacterOffsetBegin=928 CharacterOffsetEnd=931 PartOfSpeech=CC] [Text=she CharacterOffsetBegin=932 CharacterOffsetEnd=935 PartOfSpeech=PRP] [Text=too CharacterOffsetBegin=936 CharacterOffsetEnd=939 PartOfSpeech=RB] [Text=lacks CharacterOffsetBegin=940 CharacterOffsetEnd=945 PartOfSpeech=VBZ] [Text=the CharacterOffsetBegin=946 CharacterOffsetEnd=949 PartOfSpeech=DT] [Text=acting CharacterOffsetBegin=950 CharacterOffsetEnd=956 PartOfSpeech=VBG] [Text=talent CharacterOffsetBegin=957 CharacterOffsetEnd=963 PartOfSpeech=NN] [Text=to CharacterOffsetBegin=964 CharacterOffsetEnd=966 PartOfSpeech=TO] [Text=make CharacterOffsetBegin=967 CharacterOffsetEnd=971 PartOfSpeech=VB] [Text=her CharacterOffsetBegin=972 CharacterOffsetEnd=975 PartOfSpeech=PRP$] [Text=role CharacterOffsetBegin=976 CharacterOffsetEnd=980 PartOfSpeech=NN] [Text=believable CharacterOffsetBegin=981 CharacterOffsetEnd=991 PartOfSpeech=JJ] [Text=. CharacterOffsetBegin=991 CharacterOffsetEnd=992 PartOfSpeech=.] 
root(ROOT-0, better-6)
nn(Walters-2, Miss-1)
nsubj(better-6, Walters-2)
cop(better-6, is-3)
advmod(slightly-5, only-4)
advmod(better-6, slightly-5)
punct(better-6, ,-7)
cc(better-6, but-8)
nsubj(lacks-11, she-9)
advmod(lacks-11, too-10)
conj(better-6, lacks-11)
det(talent-14, the-12)
amod(talent-14, acting-13)
dobj(lacks-11, talent-14)
aux(make-16, to-15)
xcomp(lacks-11, make-16)
poss(role-18, her-17)
nsubj(believable-19, role-18)
xcomp(make-16, believable-19)
punct(better-6, .-20)

Sentence #8 (23 tokens):
Still, the viewer can enjoy the great Lugosi act out yet another dastardly scheme only to be foiled in the end!
[Text=Still CharacterOffsetBegin=997 CharacterOffsetEnd=1002 PartOfSpeech=RB] [Text=, CharacterOffsetBegin=1002 CharacterOffsetEnd=1003 PartOfSpeech=,] [Text=the CharacterOffsetBegin=1004 CharacterOffsetEnd=1007 PartOfSpeech=DT] [Text=viewer CharacterOffsetBegin=1008 CharacterOffsetEnd=1014 PartOfSpeech=NN] [Text=can CharacterOffsetBegin=1015 CharacterOffsetEnd=1018 PartOfSpeech=MD] [Text=enjoy CharacterOffsetBegin=1019 CharacterOffsetEnd=1024 PartOfSpeech=VB] [Text=the CharacterOffsetBegin=1025 CharacterOffsetEnd=1028 PartOfSpeech=DT] [Text=great CharacterOffsetBegin=1029 CharacterOffsetEnd=1034 PartOfSpeech=JJ] [Text=Lugosi CharacterOffsetBegin=1035 CharacterOffsetEnd=1041 PartOfSpeech=JJ] [Text=act CharacterOffsetBegin=1042 CharacterOffsetEnd=1045 PartOfSpeech=NN] [Text=out CharacterOffsetBegin=1046 CharacterOffsetEnd=1049 PartOfSpeech=IN] [Text=yet CharacterOffsetBegin=1050 CharacterOffsetEnd=1053 PartOfSpeech=RB] [Text=another CharacterOffsetBegin=1054 CharacterOffsetEnd=1061 PartOfSpeech=DT] [Text=dastardly CharacterOffsetBegin=1062 CharacterOffsetEnd=1071 PartOfSpeech=JJ] [Text=scheme CharacterOffsetBegin=1072 CharacterOffsetEnd=1078 PartOfSpeech=NN] [Text=only CharacterOffsetBegin=1079 CharacterOffsetEnd=1083 PartOfSpeech=RB] [Text=to CharacterOffsetBegin=1084 CharacterOffsetEnd=1086 PartOfSpeech=TO] [Text=be CharacterOffsetBegin=1087 CharacterOffsetEnd=1089 PartOfSpeech=VB] [Text=foiled CharacterOffsetBegin=1090 CharacterOffsetEnd=1096 PartOfSpeech=JJ] [Text=in CharacterOffsetBegin=1097 CharacterOffsetEnd=1099 PartOfSpeech=IN] [Text=the CharacterOffsetBegin=1100 CharacterOffsetEnd=1103 PartOfSpeech=DT] [Text=end CharacterOffsetBegin=1104 CharacterOffsetEnd=1107 PartOfSpeech=NN] [Text=! CharacterOffsetBegin=1107 CharacterOffsetEnd=1108 PartOfSpeech=.] 
root(ROOT-0, enjoy-6)
advmod(enjoy-6, Still-1)
punct(enjoy-6, ,-2)
det(viewer-4, the-3)
nsubj(enjoy-6, viewer-4)
aux(enjoy-6, can-5)
det(act-10, the-7)
amod(act-10, great-8)
amod(act-10, Lugosi-9)
dobj(enjoy-6, act-10)
prep(enjoy-6, out-11)
advmod(scheme-15, yet-12)
det(scheme-15, another-13)
amod(scheme-15, dastardly-14)
pobj(out-11, scheme-15)
advmod(foiled-19, only-16)
aux(foiled-19, to-17)
cop(foiled-19, be-18)
xcomp(enjoy-6, foiled-19)
prep(foiled-19, in-20)
det(end-22, the-21)
pobj(in-20, end-22)
punct(enjoy-6, !-23)

Sentence #9 (21 tokens):
Despite the poor acting by some, "The Corpse Vanishes" is an enjoyable movie for all to see.
[Text=Despite CharacterOffsetBegin=1113 CharacterOffsetEnd=1120 PartOfSpeech=IN] [Text=the CharacterOffsetBegin=1121 CharacterOffsetEnd=1124 PartOfSpeech=DT] [Text=poor CharacterOffsetBegin=1125 CharacterOffsetEnd=1129 PartOfSpeech=JJ] [Text=acting CharacterOffsetBegin=1130 CharacterOffsetEnd=1136 PartOfSpeech=NN] [Text=by CharacterOffsetBegin=1137 CharacterOffsetEnd=1139 PartOfSpeech=IN] [Text=some CharacterOffsetBegin=1140 CharacterOffsetEnd=1144 PartOfSpeech=DT] [Text=, CharacterOffsetBegin=1144 CharacterOffsetEnd=1145 PartOfSpeech=,] [Text=`` CharacterOffsetBegin=1146 CharacterOffsetEnd=1147 PartOfSpeech=``] [Text=The CharacterOffsetBegin=1147 CharacterOffsetEnd=1150 PartOfSpeech=DT] [Text=Corpse CharacterOffsetBegin=1151 CharacterOffsetEnd=1157 PartOfSpeech=NN] [Text=Vanishes CharacterOffsetBegin=1158 CharacterOffsetEnd=1166 PartOfSpeech=VBZ] [Text='' CharacterOffsetBegin=1166 CharacterOffsetEnd=1167 PartOfSpeech=''] [Text=is CharacterOffsetBegin=1168 CharacterOffsetEnd=1170 PartOfSpeech=VBZ] [Text=an CharacterOffsetBegin=1171 CharacterOffsetEnd=1173 PartOfSpeech=DT] [Text=enjoyable CharacterOffsetBegin=1174 CharacterOffsetEnd=1183 PartOfSpeech=JJ] [Text=movie CharacterOffsetBegin=1184 CharacterOffsetEnd=1189 PartOfSpeech=NN] [Text=for CharacterOffsetBegin=1190 CharacterOffsetEnd=1193 PartOfSpeech=IN] [Text=all CharacterOffsetBegin=1194 CharacterOffsetEnd=1197 PartOfSpeech=DT] [Text=to CharacterOffsetBegin=1198 CharacterOffsetEnd=1200 PartOfSpeech=TO] [Text=see CharacterOffsetBegin=1201 CharacterOffsetEnd=1204 PartOfSpeech=VB] [Text=. CharacterOffsetBegin=1204 CharacterOffsetEnd=1205 PartOfSpeech=.] 
root(ROOT-0, movie-16)
prep(Vanishes-11, Despite-1)
det(acting-4, the-2)
amod(acting-4, poor-3)
pobj(Despite-1, acting-4)
prep(acting-4, by-5)
pobj(by-5, some-6)
punct(Vanishes-11, ,-7)
punct(Vanishes-11, ``-8)
det(Corpse-10, The-9)
nsubj(Vanishes-11, Corpse-10)
dep(movie-16, Vanishes-11)
punct(Vanishes-11, ''-12)
cop(movie-16, is-13)
det(movie-16, an-14)
amod(movie-16, enjoyable-15)
mark(see-20, for-17)
dep(see-20, all-18)
aux(see-20, to-19)
infmod(movie-16, see-20)
punct(movie-16, .-21)

