Sentence #1 (12 tokens):
How can the viewer rating for this movie be just 5.4?!
[Text=How CharacterOffsetBegin=4 CharacterOffsetEnd=7 PartOfSpeech=WRB] [Text=can CharacterOffsetBegin=8 CharacterOffsetEnd=11 PartOfSpeech=MD] [Text=the CharacterOffsetBegin=12 CharacterOffsetEnd=15 PartOfSpeech=DT] [Text=viewer CharacterOffsetBegin=16 CharacterOffsetEnd=22 PartOfSpeech=NN] [Text=rating CharacterOffsetBegin=23 CharacterOffsetEnd=29 PartOfSpeech=NN] [Text=for CharacterOffsetBegin=30 CharacterOffsetEnd=33 PartOfSpeech=IN] [Text=this CharacterOffsetBegin=34 CharacterOffsetEnd=38 PartOfSpeech=DT] [Text=movie CharacterOffsetBegin=39 CharacterOffsetEnd=44 PartOfSpeech=NN] [Text=be CharacterOffsetBegin=45 CharacterOffsetEnd=47 PartOfSpeech=VB] [Text=just CharacterOffsetBegin=48 CharacterOffsetEnd=52 PartOfSpeech=RB] [Text=5.4 CharacterOffsetBegin=53 CharacterOffsetEnd=56 PartOfSpeech=CD] [Text=?! CharacterOffsetBegin=56 CharacterOffsetEnd=58 PartOfSpeech=IN] 
root(ROOT-0, 5.4-11)
advmod(5.4-11, How-1)
aux(5.4-11, can-2)
det(rating-5, the-3)
nn(rating-5, viewer-4)
nsubj(5.4-11, rating-5)
prep(rating-5, for-6)
det(movie-8, this-7)
pobj(for-6, movie-8)
cop(5.4-11, be-9)
quantmod(5.4-11, just-10)
dep(5.4-11, ?!-12)

Sentence #2 (18 tokens):
Just the lovely young Alisan Porter should automatically start you at 6 when you decide your rating.
[Text=Just CharacterOffsetBegin=63 CharacterOffsetEnd=67 PartOfSpeech=RB] [Text=the CharacterOffsetBegin=68 CharacterOffsetEnd=71 PartOfSpeech=DT] [Text=lovely CharacterOffsetBegin=72 CharacterOffsetEnd=78 PartOfSpeech=JJ] [Text=young CharacterOffsetBegin=79 CharacterOffsetEnd=84 PartOfSpeech=JJ] [Text=Alisan CharacterOffsetBegin=85 CharacterOffsetEnd=91 PartOfSpeech=NNP] [Text=Porter CharacterOffsetBegin=92 CharacterOffsetEnd=98 PartOfSpeech=NNP] [Text=should CharacterOffsetBegin=99 CharacterOffsetEnd=105 PartOfSpeech=MD] [Text=automatically CharacterOffsetBegin=106 CharacterOffsetEnd=119 PartOfSpeech=RB] [Text=start CharacterOffsetBegin=120 CharacterOffsetEnd=125 PartOfSpeech=VB] [Text=you CharacterOffsetBegin=126 CharacterOffsetEnd=129 PartOfSpeech=PRP] [Text=at CharacterOffsetBegin=130 CharacterOffsetEnd=132 PartOfSpeech=IN] [Text=6 CharacterOffsetBegin=133 CharacterOffsetEnd=134 PartOfSpeech=CD] [Text=when CharacterOffsetBegin=135 CharacterOffsetEnd=139 PartOfSpeech=WRB] [Text=you CharacterOffsetBegin=140 CharacterOffsetEnd=143 PartOfSpeech=PRP] [Text=decide CharacterOffsetBegin=144 CharacterOffsetEnd=150 PartOfSpeech=VBP] [Text=your CharacterOffsetBegin=151 CharacterOffsetEnd=155 PartOfSpeech=PRP$] [Text=rating CharacterOffsetBegin=156 CharacterOffsetEnd=162 PartOfSpeech=NN] [Text=. CharacterOffsetBegin=162 CharacterOffsetEnd=163 PartOfSpeech=.] 
root(ROOT-0, start-9)
advmod(Porter-6, Just-1)
det(Porter-6, the-2)
amod(Porter-6, lovely-3)
amod(Porter-6, young-4)
nn(Porter-6, Alisan-5)
nsubj(start-9, Porter-6)
aux(start-9, should-7)
advmod(start-9, automatically-8)
dobj(start-9, you-10)
prep(start-9, at-11)
pobj(at-11, 6-12)
advmod(decide-15, when-13)
nsubj(decide-15, you-14)
advcl(start-9, decide-15)
poss(rating-17, your-16)
dobj(decide-15, rating-17)
punct(start-9, .-18)

Sentence #3 (28 tokens):
James Belushi is good in this too, his first good serious role, I hadn't liked him in anything but About Last Night until this.
[Text=James CharacterOffsetBegin=168 CharacterOffsetEnd=173 PartOfSpeech=NNP] [Text=Belushi CharacterOffsetBegin=174 CharacterOffsetEnd=181 PartOfSpeech=NNP] [Text=is CharacterOffsetBegin=182 CharacterOffsetEnd=184 PartOfSpeech=VBZ] [Text=good CharacterOffsetBegin=185 CharacterOffsetEnd=189 PartOfSpeech=JJ] [Text=in CharacterOffsetBegin=190 CharacterOffsetEnd=192 PartOfSpeech=IN] [Text=this CharacterOffsetBegin=193 CharacterOffsetEnd=197 PartOfSpeech=DT] [Text=too CharacterOffsetBegin=198 CharacterOffsetEnd=201 PartOfSpeech=RB] [Text=, CharacterOffsetBegin=201 CharacterOffsetEnd=202 PartOfSpeech=,] [Text=his CharacterOffsetBegin=203 CharacterOffsetEnd=206 PartOfSpeech=PRP$] [Text=first CharacterOffsetBegin=207 CharacterOffsetEnd=212 PartOfSpeech=JJ] [Text=good CharacterOffsetBegin=213 CharacterOffsetEnd=217 PartOfSpeech=JJ] [Text=serious CharacterOffsetBegin=218 CharacterOffsetEnd=225 PartOfSpeech=JJ] [Text=role CharacterOffsetBegin=226 CharacterOffsetEnd=230 PartOfSpeech=NN] [Text=, CharacterOffsetBegin=230 CharacterOffsetEnd=231 PartOfSpeech=,] [Text=I CharacterOffsetBegin=232 CharacterOffsetEnd=233 PartOfSpeech=PRP] [Text=had CharacterOffsetBegin=234 CharacterOffsetEnd=237 PartOfSpeech=VBD] [Text=n't CharacterOffsetBegin=237 CharacterOffsetEnd=240 PartOfSpeech=RB] [Text=liked CharacterOffsetBegin=241 CharacterOffsetEnd=246 PartOfSpeech=VBD] [Text=him CharacterOffsetBegin=247 CharacterOffsetEnd=250 PartOfSpeech=PRP] [Text=in CharacterOffsetBegin=251 CharacterOffsetEnd=253 PartOfSpeech=IN] [Text=anything CharacterOffsetBegin=254 CharacterOffsetEnd=262 PartOfSpeech=NN] [Text=but CharacterOffsetBegin=263 CharacterOffsetEnd=266 PartOfSpeech=CC] [Text=About CharacterOffsetBegin=267 CharacterOffsetEnd=272 PartOfSpeech=IN] [Text=Last CharacterOffsetBegin=273 CharacterOffsetEnd=277 PartOfSpeech=JJ] [Text=Night CharacterOffsetBegin=278 CharacterOffsetEnd=283 PartOfSpeech=NN] [Text=until CharacterOffsetBegin=284 CharacterOffsetEnd=289 PartOfSpeech=IN] [Text=this CharacterOffsetBegin=290 CharacterOffsetEnd=294 PartOfSpeech=DT] [Text=. CharacterOffsetBegin=294 CharacterOffsetEnd=295 PartOfSpeech=.] 
root(ROOT-0, good-4)
nn(Belushi-2, James-1)
nsubj(good-4, Belushi-2)
cop(good-4, is-3)
prep(good-4, in-5)
pobj(in-5, this-6)
advmod(good-4, too-7)
punct(good-4, ,-8)
poss(role-13, his-9)
amod(role-13, first-10)
amod(role-13, good-11)
amod(role-13, serious-12)
dep(good-4, role-13)
punct(role-13, ,-14)
nsubj(liked-18, I-15)
aux(liked-18, had-16)
neg(liked-18, n't-17)
rcmod(role-13, liked-18)
dobj(liked-18, him-19)
prep(liked-18, in-20)
pobj(in-20, anything-21)
cc(liked-18, but-22)
amod(Night-25, About-23)
amod(Night-25, Last-24)
conj(liked-18, Night-25)
prep(Night-25, until-26)
pobj(until-26, this-27)
punct(good-4, .-28)

Sentence #4 (11 tokens):
He was pretty good in Gang Related with Tupac also.
[Text=He CharacterOffsetBegin=300 CharacterOffsetEnd=302 PartOfSpeech=PRP] [Text=was CharacterOffsetBegin=303 CharacterOffsetEnd=306 PartOfSpeech=VBD] [Text=pretty CharacterOffsetBegin=307 CharacterOffsetEnd=313 PartOfSpeech=RB] [Text=good CharacterOffsetBegin=314 CharacterOffsetEnd=318 PartOfSpeech=JJ] [Text=in CharacterOffsetBegin=319 CharacterOffsetEnd=321 PartOfSpeech=IN] [Text=Gang CharacterOffsetBegin=322 CharacterOffsetEnd=326 PartOfSpeech=NN] [Text=Related CharacterOffsetBegin=327 CharacterOffsetEnd=334 PartOfSpeech=VBN] [Text=with CharacterOffsetBegin=335 CharacterOffsetEnd=339 PartOfSpeech=IN] [Text=Tupac CharacterOffsetBegin=340 CharacterOffsetEnd=345 PartOfSpeech=NN] [Text=also CharacterOffsetBegin=346 CharacterOffsetEnd=350 PartOfSpeech=RB] [Text=. CharacterOffsetBegin=350 CharacterOffsetEnd=351 PartOfSpeech=.] 
root(ROOT-0, good-4)
nsubj(good-4, He-1)
cop(good-4, was-2)
advmod(good-4, pretty-3)
prep(good-4, in-5)
pobj(in-5, Gang-6)
partmod(Gang-6, Related-7)
prep(Related-7, with-8)
pobj(with-8, Tupac-9)
advmod(Related-7, also-10)
punct(good-4, .-11)

Sentence #5 (9 tokens):
Kelly Lynch, you gotta love her.
[Text=Kelly CharacterOffsetBegin=356 CharacterOffsetEnd=361 PartOfSpeech=NNP] [Text=Lynch CharacterOffsetBegin=362 CharacterOffsetEnd=367 PartOfSpeech=NNP] [Text=, CharacterOffsetBegin=367 CharacterOffsetEnd=368 PartOfSpeech=,] [Text=you CharacterOffsetBegin=369 CharacterOffsetEnd=372 PartOfSpeech=PRP] [Text=got CharacterOffsetBegin=373 CharacterOffsetEnd=376 PartOfSpeech=VBD] [Text=ta CharacterOffsetBegin=376 CharacterOffsetEnd=378 PartOfSpeech=NN] [Text=love CharacterOffsetBegin=379 CharacterOffsetEnd=383 PartOfSpeech=VB] [Text=her CharacterOffsetBegin=384 CharacterOffsetEnd=387 PartOfSpeech=PRP] [Text=. CharacterOffsetBegin=387 CharacterOffsetEnd=388 PartOfSpeech=.] 
root(ROOT-0, Lynch-2)
nn(Lynch-2, Kelly-1)
punct(Lynch-2, ,-3)
nsubj(got-5, you-4)
rcmod(Lynch-2, got-5)
nsubj(love-7, ta-6)
xcomp(got-5, love-7)
dobj(love-7, her-8)
punct(Lynch-2, .-9)

Sentence #6 (5 tokens):
Well, I do.
[Text=Well CharacterOffsetBegin=393 CharacterOffsetEnd=397 PartOfSpeech=RB] [Text=, CharacterOffsetBegin=397 CharacterOffsetEnd=398 PartOfSpeech=,] [Text=I CharacterOffsetBegin=399 CharacterOffsetEnd=400 PartOfSpeech=PRP] [Text=do CharacterOffsetBegin=401 CharacterOffsetEnd=403 PartOfSpeech=VBP] [Text=. CharacterOffsetBegin=403 CharacterOffsetEnd=404 PartOfSpeech=.] 
root(ROOT-0, do-4)
advmod(do-4, Well-1)
punct(do-4, ,-2)
nsubj(do-4, I-3)
punct(do-4, .-5)

Sentence #7 (14 tokens):
I'm only wondering what happened to Miss Porter?i gave Curly Sue a 7
[Text=I CharacterOffsetBegin=409 CharacterOffsetEnd=410 PartOfSpeech=PRP] [Text='m CharacterOffsetBegin=410 CharacterOffsetEnd=412 PartOfSpeech=VBP] [Text=only CharacterOffsetBegin=413 CharacterOffsetEnd=417 PartOfSpeech=RB] [Text=wondering CharacterOffsetBegin=418 CharacterOffsetEnd=427 PartOfSpeech=VBG] [Text=what CharacterOffsetBegin=428 CharacterOffsetEnd=432 PartOfSpeech=WP] [Text=happened CharacterOffsetBegin=433 CharacterOffsetEnd=441 PartOfSpeech=VBD] [Text=to CharacterOffsetBegin=442 CharacterOffsetEnd=444 PartOfSpeech=TO] [Text=Miss CharacterOffsetBegin=445 CharacterOffsetEnd=449 PartOfSpeech=NNP] [Text=Porter?i CharacterOffsetBegin=450 CharacterOffsetEnd=458 PartOfSpeech=NNP] [Text=gave CharacterOffsetBegin=459 CharacterOffsetEnd=463 PartOfSpeech=VBD] [Text=Curly CharacterOffsetBegin=464 CharacterOffsetEnd=469 PartOfSpeech=NNP] [Text=Sue CharacterOffsetBegin=470 CharacterOffsetEnd=473 PartOfSpeech=VB] [Text=a CharacterOffsetBegin=474 CharacterOffsetEnd=475 PartOfSpeech=DT] [Text=7 CharacterOffsetBegin=476 CharacterOffsetEnd=477 PartOfSpeech=CD] 
root(ROOT-0, gave-10)
nsubj(wondering-4, I-1)
aux(wondering-4, 'm-2)
advmod(wondering-4, only-3)
ccomp(gave-10, wondering-4)
nsubj(happened-6, what-5)
ccomp(wondering-4, happened-6)
prep(happened-6, to-7)
nn(Porter?i-9, Miss-8)
pobj(to-7, Porter?i-9)
nsubj(Sue-12, Curly-11)
xcomp(gave-10, Sue-12)
det(7-14, a-13)
dobj(Sue-12, 7-14)

