Sentence #1 (8 tokens):
Dr. Mordrid, what can I say?
[Text=Dr. CharacterOffsetBegin=4 CharacterOffsetEnd=7 PartOfSpeech=NNP] [Text=Mordrid CharacterOffsetBegin=8 CharacterOffsetEnd=15 PartOfSpeech=NNP] [Text=, CharacterOffsetBegin=15 CharacterOffsetEnd=16 PartOfSpeech=,] [Text=what CharacterOffsetBegin=17 CharacterOffsetEnd=21 PartOfSpeech=WP] [Text=can CharacterOffsetBegin=22 CharacterOffsetEnd=25 PartOfSpeech=MD] [Text=I CharacterOffsetBegin=26 CharacterOffsetEnd=27 PartOfSpeech=PRP] [Text=say CharacterOffsetBegin=28 CharacterOffsetEnd=31 PartOfSpeech=VB] [Text=? CharacterOffsetBegin=31 CharacterOffsetEnd=32 PartOfSpeech=.] 
root(ROOT-0, Mordrid-2)
nn(Mordrid-2, Dr.-1)
punct(Mordrid-2, ,-3)
dobj(say-7, what-4)
aux(say-7, can-5)
nsubj(say-7, I-6)
rcmod(Mordrid-2, say-7)
punct(Mordrid-2, ?-8)

Sentence #2 (30 tokens):
Jeffrey Combs has done it again!Anton Mordrid has been on Earth for 100 years waiting for Kabal, an evil sorcerer, to come so he can kill him.
[Text=Jeffrey CharacterOffsetBegin=37 CharacterOffsetEnd=44 PartOfSpeech=NNP] [Text=Combs CharacterOffsetBegin=45 CharacterOffsetEnd=50 PartOfSpeech=NNP] [Text=has CharacterOffsetBegin=51 CharacterOffsetEnd=54 PartOfSpeech=VBZ] [Text=done CharacterOffsetBegin=55 CharacterOffsetEnd=59 PartOfSpeech=VBN] [Text=it CharacterOffsetBegin=60 CharacterOffsetEnd=62 PartOfSpeech=PRP] [Text=again!Anton CharacterOffsetBegin=63 CharacterOffsetEnd=74 PartOfSpeech=JJ] [Text=Mordrid CharacterOffsetBegin=75 CharacterOffsetEnd=82 PartOfSpeech=NN] [Text=has CharacterOffsetBegin=83 CharacterOffsetEnd=86 PartOfSpeech=VBZ] [Text=been CharacterOffsetBegin=87 CharacterOffsetEnd=91 PartOfSpeech=VBN] [Text=on CharacterOffsetBegin=92 CharacterOffsetEnd=94 PartOfSpeech=IN] [Text=Earth CharacterOffsetBegin=95 CharacterOffsetEnd=100 PartOfSpeech=NNP] [Text=for CharacterOffsetBegin=101 CharacterOffsetEnd=104 PartOfSpeech=IN] [Text=100 CharacterOffsetBegin=105 CharacterOffsetEnd=108 PartOfSpeech=CD] [Text=years CharacterOffsetBegin=109 CharacterOffsetEnd=114 PartOfSpeech=NNS] [Text=waiting CharacterOffsetBegin=115 CharacterOffsetEnd=122 PartOfSpeech=VBG] [Text=for CharacterOffsetBegin=123 CharacterOffsetEnd=126 PartOfSpeech=IN] [Text=Kabal CharacterOffsetBegin=127 CharacterOffsetEnd=132 PartOfSpeech=NNP] [Text=, CharacterOffsetBegin=132 CharacterOffsetEnd=133 PartOfSpeech=,] [Text=an CharacterOffsetBegin=134 CharacterOffsetEnd=136 PartOfSpeech=DT] [Text=evil CharacterOffsetBegin=137 CharacterOffsetEnd=141 PartOfSpeech=JJ] [Text=sorcerer CharacterOffsetBegin=142 CharacterOffsetEnd=150 PartOfSpeech=NN] [Text=, CharacterOffsetBegin=150 CharacterOffsetEnd=151 PartOfSpeech=,] [Text=to CharacterOffsetBegin=152 CharacterOffsetEnd=154 PartOfSpeech=TO] [Text=come CharacterOffsetBegin=155 CharacterOffsetEnd=159 PartOfSpeech=VB] [Text=so CharacterOffsetBegin=160 CharacterOffsetEnd=162 PartOfSpeech=RB] [Text=he CharacterOffsetBegin=163 CharacterOffsetEnd=165 PartOfSpeech=PRP] [Text=can CharacterOffsetBegin=166 CharacterOffsetEnd=169 PartOfSpeech=MD] [Text=kill CharacterOffsetBegin=170 CharacterOffsetEnd=174 PartOfSpeech=VB] [Text=him CharacterOffsetBegin=175 CharacterOffsetEnd=178 PartOfSpeech=PRP] [Text=. CharacterOffsetBegin=178 CharacterOffsetEnd=179 PartOfSpeech=.] 
root(ROOT-0, done-4)
nn(Combs-2, Jeffrey-1)
nsubj(done-4, Combs-2)
aux(done-4, has-3)
nsubj(been-9, it-5)
amod(Mordrid-7, again!Anton-6)
nsubj(been-9, Mordrid-7)
aux(been-9, has-8)
ccomp(done-4, been-9)
prep(been-9, on-10)
pobj(on-10, Earth-11)
prep(been-9, for-12)
num(years-14, 100-13)
pobj(for-12, years-14)
xcomp(been-9, waiting-15)
mark(come-24, for-16)
nsubj(come-24, Kabal-17)
punct(Kabal-17, ,-18)
det(sorcerer-21, an-19)
amod(sorcerer-21, evil-20)
appos(Kabal-17, sorcerer-21)
punct(Kabal-17, ,-22)
aux(come-24, to-23)
advcl(waiting-15, come-24)
advmod(come-24, so-25)
nsubj(kill-28, he-26)
aux(kill-28, can-27)
ccomp(come-24, kill-28)
dobj(kill-28, him-29)
punct(done-4, .-30)

Sentence #3 (37 tokens):
Mordrid and Kabal used to train together as kids, so Mordrid knows all Kabal's tricks.The film as a little bit confusing at begin with, but soon you feel a part of the action.
[Text=Mordrid CharacterOffsetBegin=184 CharacterOffsetEnd=191 PartOfSpeech=NN] [Text=and CharacterOffsetBegin=192 CharacterOffsetEnd=195 PartOfSpeech=CC] [Text=Kabal CharacterOffsetBegin=196 CharacterOffsetEnd=201 PartOfSpeech=NNP] [Text=used CharacterOffsetBegin=202 CharacterOffsetEnd=206 PartOfSpeech=VBD] [Text=to CharacterOffsetBegin=207 CharacterOffsetEnd=209 PartOfSpeech=TO] [Text=train CharacterOffsetBegin=210 CharacterOffsetEnd=215 PartOfSpeech=VB] [Text=together CharacterOffsetBegin=216 CharacterOffsetEnd=224 PartOfSpeech=RB] [Text=as CharacterOffsetBegin=225 CharacterOffsetEnd=227 PartOfSpeech=IN] [Text=kids CharacterOffsetBegin=228 CharacterOffsetEnd=232 PartOfSpeech=NNS] [Text=, CharacterOffsetBegin=232 CharacterOffsetEnd=233 PartOfSpeech=,] [Text=so CharacterOffsetBegin=234 CharacterOffsetEnd=236 PartOfSpeech=RB] [Text=Mordrid CharacterOffsetBegin=237 CharacterOffsetEnd=244 PartOfSpeech=JJ] [Text=knows CharacterOffsetBegin=245 CharacterOffsetEnd=250 PartOfSpeech=VBZ] [Text=all CharacterOffsetBegin=251 CharacterOffsetEnd=254 PartOfSpeech=DT] [Text=Kabal CharacterOffsetBegin=255 CharacterOffsetEnd=260 PartOfSpeech=NNP] [Text='s CharacterOffsetBegin=260 CharacterOffsetEnd=262 PartOfSpeech=POS] [Text=tricks.The CharacterOffsetBegin=263 CharacterOffsetEnd=273 PartOfSpeech=NN] [Text=film CharacterOffsetBegin=274 CharacterOffsetEnd=278 PartOfSpeech=NN] [Text=as CharacterOffsetBegin=279 CharacterOffsetEnd=281 PartOfSpeech=IN] [Text=a CharacterOffsetBegin=282 CharacterOffsetEnd=283 PartOfSpeech=DT] [Text=little CharacterOffsetBegin=284 CharacterOffsetEnd=290 PartOfSpeech=JJ] [Text=bit CharacterOffsetBegin=291 CharacterOffsetEnd=294 PartOfSpeech=NN] [Text=confusing CharacterOffsetBegin=295 CharacterOffsetEnd=304 PartOfSpeech=JJ] [Text=at CharacterOffsetBegin=305 CharacterOffsetEnd=307 PartOfSpeech=IN] [Text=begin CharacterOffsetBegin=308 CharacterOffsetEnd=313 PartOfSpeech=VB] [Text=with CharacterOffsetBegin=314 CharacterOffsetEnd=318 PartOfSpeech=IN] [Text=, CharacterOffsetBegin=318 CharacterOffsetEnd=319 PartOfSpeech=,] [Text=but CharacterOffsetBegin=320 CharacterOffsetEnd=323 PartOfSpeech=CC] [Text=soon CharacterOffsetBegin=324 CharacterOffsetEnd=328 PartOfSpeech=RB] [Text=you CharacterOffsetBegin=329 CharacterOffsetEnd=332 PartOfSpeech=PRP] [Text=feel CharacterOffsetBegin=333 CharacterOffsetEnd=337 PartOfSpeech=VBP] [Text=a CharacterOffsetBegin=338 CharacterOffsetEnd=339 PartOfSpeech=DT] [Text=part CharacterOffsetBegin=340 CharacterOffsetEnd=344 PartOfSpeech=NN] [Text=of CharacterOffsetBegin=345 CharacterOffsetEnd=347 PartOfSpeech=IN] [Text=the CharacterOffsetBegin=348 CharacterOffsetEnd=351 PartOfSpeech=DT] [Text=action CharacterOffsetBegin=352 CharacterOffsetEnd=358 PartOfSpeech=NN] [Text=. CharacterOffsetBegin=358 CharacterOffsetEnd=359 PartOfSpeech=.] 
root(ROOT-0, used-4)
nsubj(used-4, Mordrid-1)
cc(Mordrid-1, and-2)
conj(Mordrid-1, Kabal-3)
aux(train-6, to-5)
xcomp(used-4, train-6)
advmod(train-6, together-7)
prep(train-6, as-8)
pobj(as-8, kids-9)
punct(used-4, ,-10)
advmod(Mordrid-12, so-11)
nsubj(knows-13, Mordrid-12)
ccomp(used-4, knows-13)
det(Kabal-15, all-14)
poss(film-18, Kabal-15)
possessive(Kabal-15, 's-16)
nn(film-18, tricks.The-17)
dobj(knows-13, film-18)
prep(knows-13, as-19)
det(bit-22, a-20)
amod(bit-22, little-21)
npadvmod(confusing-23, bit-22)
pobj(as-19, confusing-23)
prep(knows-13, at-24)
pobj(at-24, begin-25)
advmod(begin-25, with-26)
punct(used-4, ,-27)
cc(used-4, but-28)
advmod(feel-31, soon-29)
nsubj(feel-31, you-30)
conj(used-4, feel-31)
det(part-33, a-32)
dobj(feel-31, part-33)
prep(part-33, of-34)
det(action-36, the-35)
pobj(of-34, action-36)
punct(used-4, .-37)

Sentence #4 (36 tokens):
I won't give away the ending, so go and watch Doctor Mordrid!I found the film to be very enjoyable because it doesn't have a lot of violence in, nor sexual scenes.
[Text=I CharacterOffsetBegin=364 CharacterOffsetEnd=365 PartOfSpeech=PRP] [Text=wo CharacterOffsetBegin=366 CharacterOffsetEnd=368 PartOfSpeech=MD] [Text=n't CharacterOffsetBegin=368 CharacterOffsetEnd=371 PartOfSpeech=RB] [Text=give CharacterOffsetBegin=372 CharacterOffsetEnd=376 PartOfSpeech=VB] [Text=away CharacterOffsetBegin=377 CharacterOffsetEnd=381 PartOfSpeech=RP] [Text=the CharacterOffsetBegin=382 CharacterOffsetEnd=385 PartOfSpeech=DT] [Text=ending CharacterOffsetBegin=386 CharacterOffsetEnd=392 PartOfSpeech=VBG] [Text=, CharacterOffsetBegin=392 CharacterOffsetEnd=393 PartOfSpeech=,] [Text=so CharacterOffsetBegin=394 CharacterOffsetEnd=396 PartOfSpeech=RB] [Text=go CharacterOffsetBegin=397 CharacterOffsetEnd=399 PartOfSpeech=VB] [Text=and CharacterOffsetBegin=400 CharacterOffsetEnd=403 PartOfSpeech=CC] [Text=watch CharacterOffsetBegin=404 CharacterOffsetEnd=409 PartOfSpeech=VB] [Text=Doctor CharacterOffsetBegin=410 CharacterOffsetEnd=416 PartOfSpeech=NNP] [Text=Mordrid!I CharacterOffsetBegin=417 CharacterOffsetEnd=426 PartOfSpeech=NNP] [Text=found CharacterOffsetBegin=427 CharacterOffsetEnd=432 PartOfSpeech=VBD] [Text=the CharacterOffsetBegin=433 CharacterOffsetEnd=436 PartOfSpeech=DT] [Text=film CharacterOffsetBegin=437 CharacterOffsetEnd=441 PartOfSpeech=NN] [Text=to CharacterOffsetBegin=442 CharacterOffsetEnd=444 PartOfSpeech=TO] [Text=be CharacterOffsetBegin=445 CharacterOffsetEnd=447 PartOfSpeech=VB] [Text=very CharacterOffsetBegin=448 CharacterOffsetEnd=452 PartOfSpeech=RB] [Text=enjoyable CharacterOffsetBegin=453 CharacterOffsetEnd=462 PartOfSpeech=JJ] [Text=because CharacterOffsetBegin=463 CharacterOffsetEnd=470 PartOfSpeech=IN] [Text=it CharacterOffsetBegin=471 CharacterOffsetEnd=473 PartOfSpeech=PRP] [Text=does CharacterOffsetBegin=474 CharacterOffsetEnd=478 PartOfSpeech=VBZ] [Text=n't CharacterOffsetBegin=478 CharacterOffsetEnd=481 PartOfSpeech=RB] [Text=have CharacterOffsetBegin=482 CharacterOffsetEnd=486 PartOfSpeech=VB] [Text=a CharacterOffsetBegin=487 CharacterOffsetEnd=488 PartOfSpeech=DT] [Text=lot CharacterOffsetBegin=489 CharacterOffsetEnd=492 PartOfSpeech=NN] [Text=of CharacterOffsetBegin=493 CharacterOffsetEnd=495 PartOfSpeech=IN] [Text=violence CharacterOffsetBegin=496 CharacterOffsetEnd=504 PartOfSpeech=NN] [Text=in CharacterOffsetBegin=505 CharacterOffsetEnd=507 PartOfSpeech=IN] [Text=, CharacterOffsetBegin=507 CharacterOffsetEnd=508 PartOfSpeech=,] [Text=nor CharacterOffsetBegin=509 CharacterOffsetEnd=512 PartOfSpeech=CC] [Text=sexual CharacterOffsetBegin=513 CharacterOffsetEnd=519 PartOfSpeech=JJ] [Text=scenes CharacterOffsetBegin=520 CharacterOffsetEnd=526 PartOfSpeech=NNS] [Text=. CharacterOffsetBegin=526 CharacterOffsetEnd=527 PartOfSpeech=.] 
root(ROOT-0, give-4)
nsubj(give-4, I-1)
aux(give-4, wo-2)
neg(give-4, n't-3)
prt(give-4, away-5)
det(ending-7, the-6)
dobj(give-4, ending-7)
punct(ending-7, ,-8)
advmod(go-10, so-9)
conj(ending-7, go-10)
cc(ending-7, and-11)
conj(ending-7, watch-12)
nn(Mordrid!I-14, Doctor-13)
nsubj(found-15, Mordrid!I-14)
rcmod(watch-12, found-15)
det(film-17, the-16)
nsubj(enjoyable-21, film-17)
aux(enjoyable-21, to-18)
cop(enjoyable-21, be-19)
advmod(enjoyable-21, very-20)
xcomp(found-15, enjoyable-21)
mark(have-26, because-22)
nsubj(have-26, it-23)
aux(have-26, does-24)
neg(have-26, n't-25)
advcl(enjoyable-21, have-26)
det(lot-28, a-27)
dobj(have-26, lot-28)
prep(lot-28, of-29)
pobj(of-29, violence-30)
prep(have-26, in-31)
punct(in-31, ,-32)
cc(in-31, nor-33)
conj(in-31, sexual-34)
pobj(in-31, scenes-35)
punct(give-4, .-36)

Sentence #5 (13 tokens):
The film focused on the plot and that's what I like!
[Text=The CharacterOffsetBegin=532 CharacterOffsetEnd=535 PartOfSpeech=DT] [Text=film CharacterOffsetBegin=536 CharacterOffsetEnd=540 PartOfSpeech=NN] [Text=focused CharacterOffsetBegin=541 CharacterOffsetEnd=548 PartOfSpeech=VBD] [Text=on CharacterOffsetBegin=549 CharacterOffsetEnd=551 PartOfSpeech=IN] [Text=the CharacterOffsetBegin=552 CharacterOffsetEnd=555 PartOfSpeech=DT] [Text=plot CharacterOffsetBegin=556 CharacterOffsetEnd=560 PartOfSpeech=NN] [Text=and CharacterOffsetBegin=561 CharacterOffsetEnd=564 PartOfSpeech=CC] [Text=that CharacterOffsetBegin=565 CharacterOffsetEnd=569 PartOfSpeech=DT] [Text='s CharacterOffsetBegin=569 CharacterOffsetEnd=571 PartOfSpeech=VBZ] [Text=what CharacterOffsetBegin=572 CharacterOffsetEnd=576 PartOfSpeech=WP] [Text=I CharacterOffsetBegin=577 CharacterOffsetEnd=578 PartOfSpeech=PRP] [Text=like CharacterOffsetBegin=579 CharacterOffsetEnd=583 PartOfSpeech=VBP] [Text=! CharacterOffsetBegin=583 CharacterOffsetEnd=584 PartOfSpeech=.] 
root(ROOT-0, focused-3)
det(film-2, The-1)
nsubj(focused-3, film-2)
prep(focused-3, on-4)
det(plot-6, the-5)
pobj(on-4, plot-6)
cc(focused-3, and-7)
nsubj('s-9, that-8)
conj(focused-3, 's-9)
dobj(like-12, what-10)
nsubj(like-12, I-11)
ccomp('s-9, like-12)
punct(focused-3, !-13)

Sentence #6 (15 tokens):
I find the best films are the ones where times seems to fly by.
[Text=I CharacterOffsetBegin=589 CharacterOffsetEnd=590 PartOfSpeech=PRP] [Text=find CharacterOffsetBegin=591 CharacterOffsetEnd=595 PartOfSpeech=VBP] [Text=the CharacterOffsetBegin=596 CharacterOffsetEnd=599 PartOfSpeech=DT] [Text=best CharacterOffsetBegin=600 CharacterOffsetEnd=604 PartOfSpeech=JJS] [Text=films CharacterOffsetBegin=605 CharacterOffsetEnd=610 PartOfSpeech=NNS] [Text=are CharacterOffsetBegin=611 CharacterOffsetEnd=614 PartOfSpeech=VBP] [Text=the CharacterOffsetBegin=615 CharacterOffsetEnd=618 PartOfSpeech=DT] [Text=ones CharacterOffsetBegin=619 CharacterOffsetEnd=623 PartOfSpeech=NNS] [Text=where CharacterOffsetBegin=624 CharacterOffsetEnd=629 PartOfSpeech=WRB] [Text=times CharacterOffsetBegin=630 CharacterOffsetEnd=635 PartOfSpeech=NNS] [Text=seems CharacterOffsetBegin=636 CharacterOffsetEnd=641 PartOfSpeech=VBZ] [Text=to CharacterOffsetBegin=642 CharacterOffsetEnd=644 PartOfSpeech=TO] [Text=fly CharacterOffsetBegin=645 CharacterOffsetEnd=648 PartOfSpeech=VB] [Text=by CharacterOffsetBegin=649 CharacterOffsetEnd=651 PartOfSpeech=IN] [Text=. CharacterOffsetBegin=651 CharacterOffsetEnd=652 PartOfSpeech=.] 
root(ROOT-0, ones-8)
nsubj(find-2, I-1)
csubj(ones-8, find-2)
det(films-5, the-3)
amod(films-5, best-4)
dobj(find-2, films-5)
cop(ones-8, are-6)
det(ones-8, the-7)
advmod(seems-11, where-9)
nsubj(seems-11, times-10)
rcmod(ones-8, seems-11)
aux(fly-13, to-12)
xcomp(seems-11, fly-13)
prep(fly-13, by-14)
punct(ones-8, .-15)

Sentence #7 (11 tokens):
This is because you are so engrossed in the film.
[Text=This CharacterOffsetBegin=657 CharacterOffsetEnd=661 PartOfSpeech=DT] [Text=is CharacterOffsetBegin=662 CharacterOffsetEnd=664 PartOfSpeech=VBZ] [Text=because CharacterOffsetBegin=665 CharacterOffsetEnd=672 PartOfSpeech=IN] [Text=you CharacterOffsetBegin=673 CharacterOffsetEnd=676 PartOfSpeech=PRP] [Text=are CharacterOffsetBegin=677 CharacterOffsetEnd=680 PartOfSpeech=VBP] [Text=so CharacterOffsetBegin=681 CharacterOffsetEnd=683 PartOfSpeech=RB] [Text=engrossed CharacterOffsetBegin=684 CharacterOffsetEnd=693 PartOfSpeech=VBN] [Text=in CharacterOffsetBegin=694 CharacterOffsetEnd=696 PartOfSpeech=IN] [Text=the CharacterOffsetBegin=697 CharacterOffsetEnd=700 PartOfSpeech=DT] [Text=film CharacterOffsetBegin=701 CharacterOffsetEnd=705 PartOfSpeech=NN] [Text=. CharacterOffsetBegin=705 CharacterOffsetEnd=706 PartOfSpeech=.] 
root(ROOT-0, is-2)
nsubj(is-2, This-1)
mark(engrossed-7, because-3)
nsubj(engrossed-7, you-4)
cop(engrossed-7, are-5)
advmod(engrossed-7, so-6)
advcl(is-2, engrossed-7)
prep(engrossed-7, in-8)
det(film-10, the-9)
pobj(in-8, film-10)
punct(is-2, .-11)

Sentence #8 (8 tokens):
Doctor Mordrid is a fantasticly engrossing movie!
[Text=Doctor CharacterOffsetBegin=711 CharacterOffsetEnd=717 PartOfSpeech=NN] [Text=Mordrid CharacterOffsetBegin=718 CharacterOffsetEnd=725 PartOfSpeech=NN] [Text=is CharacterOffsetBegin=726 CharacterOffsetEnd=728 PartOfSpeech=VBZ] [Text=a CharacterOffsetBegin=729 CharacterOffsetEnd=730 PartOfSpeech=DT] [Text=fantasticly CharacterOffsetBegin=731 CharacterOffsetEnd=742 PartOfSpeech=RB] [Text=engrossing CharacterOffsetBegin=743 CharacterOffsetEnd=753 PartOfSpeech=JJ] [Text=movie CharacterOffsetBegin=754 CharacterOffsetEnd=759 PartOfSpeech=NN] [Text=! CharacterOffsetBegin=759 CharacterOffsetEnd=760 PartOfSpeech=.] 
root(ROOT-0, movie-7)
nn(Mordrid-2, Doctor-1)
nsubj(movie-7, Mordrid-2)
cop(movie-7, is-3)
det(movie-7, a-4)
amod(movie-7, fantasticly-5)
amod(movie-7, engrossing-6)
punct(movie-7, !-8)

Sentence #9 (9 tokens):
I give it a 20 out of 10.
[Text=I CharacterOffsetBegin=765 CharacterOffsetEnd=766 PartOfSpeech=PRP] [Text=give CharacterOffsetBegin=767 CharacterOffsetEnd=771 PartOfSpeech=VBP] [Text=it CharacterOffsetBegin=772 CharacterOffsetEnd=774 PartOfSpeech=PRP] [Text=a CharacterOffsetBegin=775 CharacterOffsetEnd=776 PartOfSpeech=DT] [Text=20 CharacterOffsetBegin=777 CharacterOffsetEnd=779 PartOfSpeech=CD] [Text=out CharacterOffsetBegin=780 CharacterOffsetEnd=783 PartOfSpeech=IN] [Text=of CharacterOffsetBegin=784 CharacterOffsetEnd=786 PartOfSpeech=IN] [Text=10 CharacterOffsetBegin=787 CharacterOffsetEnd=789 PartOfSpeech=CD] [Text=. CharacterOffsetBegin=789 CharacterOffsetEnd=790 PartOfSpeech=.] 
root(ROOT-0, give-2)
nsubj(give-2, I-1)
iobj(give-2, it-3)
det(20-5, a-4)
dobj(give-2, 20-5)
prep(give-2, out-6)
pcomp(out-6, of-7)
pobj(of-7, 10-8)
punct(give-2, .-9)

Sentence #10 (3 tokens):
Worth seeing!
[Text=Worth CharacterOffsetBegin=795 CharacterOffsetEnd=800 PartOfSpeech=NNP] [Text=seeing CharacterOffsetBegin=801 CharacterOffsetEnd=807 PartOfSpeech=VBG] [Text=! CharacterOffsetBegin=807 CharacterOffsetEnd=808 PartOfSpeech=.] 
root(ROOT-0, seeing-2)
aux(seeing-2, Worth-1)
punct(seeing-2, !-3)

