Sentence #1 (21 tokens):
The film is exceptional in it's gay iconography and extends this beyond the asthetics to the music and cast.
[Text=The CharacterOffsetBegin=4 CharacterOffsetEnd=7 PartOfSpeech=DT] [Text=film CharacterOffsetBegin=8 CharacterOffsetEnd=12 PartOfSpeech=NN] [Text=is CharacterOffsetBegin=13 CharacterOffsetEnd=15 PartOfSpeech=VBZ] [Text=exceptional CharacterOffsetBegin=16 CharacterOffsetEnd=27 PartOfSpeech=JJ] [Text=in CharacterOffsetBegin=28 CharacterOffsetEnd=30 PartOfSpeech=IN] [Text=it CharacterOffsetBegin=31 CharacterOffsetEnd=33 PartOfSpeech=PRP] [Text='s CharacterOffsetBegin=33 CharacterOffsetEnd=35 PartOfSpeech=VBZ] [Text=gay CharacterOffsetBegin=36 CharacterOffsetEnd=39 PartOfSpeech=JJ] [Text=iconography CharacterOffsetBegin=40 CharacterOffsetEnd=51 PartOfSpeech=NN] [Text=and CharacterOffsetBegin=52 CharacterOffsetEnd=55 PartOfSpeech=CC] [Text=extends CharacterOffsetBegin=56 CharacterOffsetEnd=63 PartOfSpeech=VBZ] [Text=this CharacterOffsetBegin=64 CharacterOffsetEnd=68 PartOfSpeech=DT] [Text=beyond CharacterOffsetBegin=69 CharacterOffsetEnd=75 PartOfSpeech=IN] [Text=the CharacterOffsetBegin=76 CharacterOffsetEnd=79 PartOfSpeech=DT] [Text=asthetics CharacterOffsetBegin=80 CharacterOffsetEnd=89 PartOfSpeech=NNS] [Text=to CharacterOffsetBegin=90 CharacterOffsetEnd=92 PartOfSpeech=TO] [Text=the CharacterOffsetBegin=93 CharacterOffsetEnd=96 PartOfSpeech=DT] [Text=music CharacterOffsetBegin=97 CharacterOffsetEnd=102 PartOfSpeech=NN] [Text=and CharacterOffsetBegin=103 CharacterOffsetEnd=106 PartOfSpeech=CC] [Text=cast CharacterOffsetBegin=107 CharacterOffsetEnd=111 PartOfSpeech=NN] [Text=. CharacterOffsetBegin=111 CharacterOffsetEnd=112 PartOfSpeech=.] 
root(ROOT-0, exceptional-4)
det(film-2, The-1)
nsubj(exceptional-4, film-2)
cop(exceptional-4, is-3)
mark(iconography-9, in-5)
nsubj(iconography-9, it-6)
cop(iconography-9, 's-7)
amod(iconography-9, gay-8)
advcl(exceptional-4, iconography-9)
cc(iconography-9, and-10)
conj(iconography-9, extends-11)
dobj(iconography-9, this-12)
prep(this-12, beyond-13)
det(asthetics-15, the-14)
pobj(beyond-13, asthetics-15)
prep(asthetics-15, to-16)
det(music-18, the-17)
pobj(to-16, music-18)
cc(asthetics-15, and-19)
conj(asthetics-15, cast-20)
punct(exceptional-4, .-21)

Sentence #2 (18 tokens):
Throughout the whole film exists a childlike wonder as seen through the eyes of the main character.
[Text=Throughout CharacterOffsetBegin=117 CharacterOffsetEnd=127 PartOfSpeech=IN] [Text=the CharacterOffsetBegin=128 CharacterOffsetEnd=131 PartOfSpeech=DT] [Text=whole CharacterOffsetBegin=132 CharacterOffsetEnd=137 PartOfSpeech=JJ] [Text=film CharacterOffsetBegin=138 CharacterOffsetEnd=142 PartOfSpeech=NN] [Text=exists CharacterOffsetBegin=143 CharacterOffsetEnd=149 PartOfSpeech=VBZ] [Text=a CharacterOffsetBegin=150 CharacterOffsetEnd=151 PartOfSpeech=DT] [Text=childlike CharacterOffsetBegin=152 CharacterOffsetEnd=161 PartOfSpeech=JJ] [Text=wonder CharacterOffsetBegin=162 CharacterOffsetEnd=168 PartOfSpeech=NN] [Text=as CharacterOffsetBegin=169 CharacterOffsetEnd=171 PartOfSpeech=IN] [Text=seen CharacterOffsetBegin=172 CharacterOffsetEnd=176 PartOfSpeech=VBN] [Text=through CharacterOffsetBegin=177 CharacterOffsetEnd=184 PartOfSpeech=IN] [Text=the CharacterOffsetBegin=185 CharacterOffsetEnd=188 PartOfSpeech=DT] [Text=eyes CharacterOffsetBegin=189 CharacterOffsetEnd=193 PartOfSpeech=NNS] [Text=of CharacterOffsetBegin=194 CharacterOffsetEnd=196 PartOfSpeech=IN] [Text=the CharacterOffsetBegin=197 CharacterOffsetEnd=200 PartOfSpeech=DT] [Text=main CharacterOffsetBegin=201 CharacterOffsetEnd=205 PartOfSpeech=JJ] [Text=character CharacterOffsetBegin=206 CharacterOffsetEnd=215 PartOfSpeech=NN] [Text=. CharacterOffsetBegin=215 CharacterOffsetEnd=216 PartOfSpeech=.] 
root(ROOT-0, exists-5)
prep(exists-5, Throughout-1)
det(film-4, the-2)
amod(film-4, whole-3)
pobj(Throughout-1, film-4)
det(wonder-8, a-6)
amod(wonder-8, childlike-7)
nsubj(exists-5, wonder-8)
mark(seen-10, as-9)
dep(wonder-8, seen-10)
prep(seen-10, through-11)
det(eyes-13, the-12)
pobj(through-11, eyes-13)
prep(eyes-13, of-14)
det(character-17, the-15)
amod(character-17, main-16)
pobj(of-14, character-17)
punct(exists-5, .-18)

Sentence #3 (13 tokens):
Her lighthearted take on the world around us is comical and beautiful.
[Text=Her CharacterOffsetBegin=221 CharacterOffsetEnd=224 PartOfSpeech=PRP$] [Text=lighthearted CharacterOffsetBegin=225 CharacterOffsetEnd=237 PartOfSpeech=JJ] [Text=take CharacterOffsetBegin=238 CharacterOffsetEnd=242 PartOfSpeech=NN] [Text=on CharacterOffsetBegin=243 CharacterOffsetEnd=245 PartOfSpeech=IN] [Text=the CharacterOffsetBegin=246 CharacterOffsetEnd=249 PartOfSpeech=DT] [Text=world CharacterOffsetBegin=250 CharacterOffsetEnd=255 PartOfSpeech=NN] [Text=around CharacterOffsetBegin=256 CharacterOffsetEnd=262 PartOfSpeech=IN] [Text=us CharacterOffsetBegin=263 CharacterOffsetEnd=265 PartOfSpeech=PRP] [Text=is CharacterOffsetBegin=266 CharacterOffsetEnd=268 PartOfSpeech=VBZ] [Text=comical CharacterOffsetBegin=269 CharacterOffsetEnd=276 PartOfSpeech=JJ] [Text=and CharacterOffsetBegin=277 CharacterOffsetEnd=280 PartOfSpeech=CC] [Text=beautiful CharacterOffsetBegin=281 CharacterOffsetEnd=290 PartOfSpeech=JJ] [Text=. CharacterOffsetBegin=290 CharacterOffsetEnd=291 PartOfSpeech=.] 
root(ROOT-0, comical-10)
poss(take-3, Her-1)
amod(take-3, lighthearted-2)
nsubj(comical-10, take-3)
prep(take-3, on-4)
det(world-6, the-5)
pobj(on-4, world-6)
prep(take-3, around-7)
pobj(around-7, us-8)
cop(comical-10, is-9)
cc(comical-10, and-11)
conj(comical-10, beautiful-12)
punct(comical-10, .-13)

Sentence #4 (11 tokens):
In a way it's a slacker movie for girls.
[Text=In CharacterOffsetBegin=296 CharacterOffsetEnd=298 PartOfSpeech=IN] [Text=a CharacterOffsetBegin=299 CharacterOffsetEnd=300 PartOfSpeech=DT] [Text=way CharacterOffsetBegin=301 CharacterOffsetEnd=304 PartOfSpeech=NN] [Text=it CharacterOffsetBegin=305 CharacterOffsetEnd=307 PartOfSpeech=PRP] [Text='s CharacterOffsetBegin=307 CharacterOffsetEnd=309 PartOfSpeech=VBZ] [Text=a CharacterOffsetBegin=310 CharacterOffsetEnd=311 PartOfSpeech=DT] [Text=slacker CharacterOffsetBegin=312 CharacterOffsetEnd=319 PartOfSpeech=NN] [Text=movie CharacterOffsetBegin=320 CharacterOffsetEnd=325 PartOfSpeech=NN] [Text=for CharacterOffsetBegin=326 CharacterOffsetEnd=329 PartOfSpeech=IN] [Text=girls CharacterOffsetBegin=330 CharacterOffsetEnd=335 PartOfSpeech=NNS] [Text=. CharacterOffsetBegin=335 CharacterOffsetEnd=336 PartOfSpeech=.] 
root(ROOT-0, movie-8)
prep(movie-8, In-1)
det(way-3, a-2)
pobj(In-1, way-3)
nsubj(movie-8, it-4)
cop(movie-8, 's-5)
det(movie-8, a-6)
nn(movie-8, slacker-7)
prep(movie-8, for-9)
pobj(for-9, girls-10)
punct(movie-8, .-11)

Sentence #5 (11 tokens):
Watch this is you fancy a relaxing entertaining mid-night movie.
[Text=Watch CharacterOffsetBegin=341 CharacterOffsetEnd=346 PartOfSpeech=VB] [Text=this CharacterOffsetBegin=347 CharacterOffsetEnd=351 PartOfSpeech=DT] [Text=is CharacterOffsetBegin=352 CharacterOffsetEnd=354 PartOfSpeech=VBZ] [Text=you CharacterOffsetBegin=355 CharacterOffsetEnd=358 PartOfSpeech=PRP] [Text=fancy CharacterOffsetBegin=359 CharacterOffsetEnd=364 PartOfSpeech=JJ] [Text=a CharacterOffsetBegin=365 CharacterOffsetEnd=366 PartOfSpeech=DT] [Text=relaxing CharacterOffsetBegin=367 CharacterOffsetEnd=375 PartOfSpeech=NN] [Text=entertaining CharacterOffsetBegin=376 CharacterOffsetEnd=388 PartOfSpeech=JJ] [Text=mid-night CharacterOffsetBegin=389 CharacterOffsetEnd=398 PartOfSpeech=JJ] [Text=movie CharacterOffsetBegin=399 CharacterOffsetEnd=404 PartOfSpeech=NN] [Text=. CharacterOffsetBegin=404 CharacterOffsetEnd=405 PartOfSpeech=.] 
root(ROOT-0, movie-10)
csubj(movie-10, Watch-1)
dobj(Watch-1, this-2)
cop(movie-10, is-3)
nsubj(movie-10, you-4)
dep(movie-10, fancy-5)
det(movie-10, a-6)
amod(movie-10, relaxing-7)
amod(movie-10, entertaining-8)
amod(movie-10, mid-night-9)
punct(movie-10, .-11)

Sentence #6 (18 tokens):
Buy this if you like diferent takes on the world of media and love combined (?
    )
[Text=Buy CharacterOffsetBegin=410 CharacterOffsetEnd=413 PartOfSpeech=VB] [Text=this CharacterOffsetBegin=414 CharacterOffsetEnd=418 PartOfSpeech=DT] [Text=if CharacterOffsetBegin=419 CharacterOffsetEnd=421 PartOfSpeech=IN] [Text=you CharacterOffsetBegin=422 CharacterOffsetEnd=425 PartOfSpeech=PRP] [Text=like CharacterOffsetBegin=426 CharacterOffsetEnd=430 PartOfSpeech=IN] [Text=diferent CharacterOffsetBegin=431 CharacterOffsetEnd=439 PartOfSpeech=JJ] [Text=takes CharacterOffsetBegin=440 CharacterOffsetEnd=445 PartOfSpeech=VBZ] [Text=on CharacterOffsetBegin=446 CharacterOffsetEnd=448 PartOfSpeech=IN] [Text=the CharacterOffsetBegin=449 CharacterOffsetEnd=452 PartOfSpeech=DT] [Text=world CharacterOffsetBegin=453 CharacterOffsetEnd=458 PartOfSpeech=NN] [Text=of CharacterOffsetBegin=459 CharacterOffsetEnd=461 PartOfSpeech=IN] [Text=media CharacterOffsetBegin=462 CharacterOffsetEnd=467 PartOfSpeech=NNS] [Text=and CharacterOffsetBegin=468 CharacterOffsetEnd=471 PartOfSpeech=CC] [Text=love CharacterOffsetBegin=472 CharacterOffsetEnd=476 PartOfSpeech=VBP] [Text=combined CharacterOffsetBegin=477 CharacterOffsetEnd=485 PartOfSpeech=VBN] [Text=-LRB- CharacterOffsetBegin=486 CharacterOffsetEnd=487 PartOfSpeech=-LRB-] [Text=? CharacterOffsetBegin=487 CharacterOffsetEnd=488 PartOfSpeech=.] [Text=-RRB- CharacterOffsetBegin=493 CharacterOffsetEnd=494 PartOfSpeech=-RRB-] 
root(ROOT-0, Buy-1)
dobj(Buy-1, this-2)
mark(takes-7, if-3)
nsubj(takes-7, you-4)
mark(takes-7, like-5)
nsubj(takes-7, diferent-6)
advcl(Buy-1, takes-7)
prep(takes-7, on-8)
det(world-10, the-9)
pobj(on-8, world-10)
prep(world-10, of-11)
pobj(of-11, media-12)
cc(Buy-1, and-13)
conj(Buy-1, love-14)
dep(love-14, combined-15)
punct(combined-15, -LRB--16)
punct(-LRB--16, ?-17)
punct(?-17, -RRB--18)

Sentence #7 (1 tokens):
.
[Text=. CharacterOffsetBegin=494 CharacterOffsetEnd=495 PartOfSpeech=.] 
root(ROOT-0, .-1)

