Sentence #1 (23 tokens):
With such actors as Ralph Richardson, Raymond Massey, Cedrick Hardwicke, and Margaretta Scott, how can you go wrong.
[Text=With CharacterOffsetBegin=4 CharacterOffsetEnd=8 PartOfSpeech=IN] [Text=such CharacterOffsetBegin=9 CharacterOffsetEnd=13 PartOfSpeech=JJ] [Text=actors CharacterOffsetBegin=14 CharacterOffsetEnd=20 PartOfSpeech=NNS] [Text=as CharacterOffsetBegin=21 CharacterOffsetEnd=23 PartOfSpeech=IN] [Text=Ralph CharacterOffsetBegin=24 CharacterOffsetEnd=29 PartOfSpeech=NNP] [Text=Richardson CharacterOffsetBegin=30 CharacterOffsetEnd=40 PartOfSpeech=NNP] [Text=, CharacterOffsetBegin=40 CharacterOffsetEnd=41 PartOfSpeech=,] [Text=Raymond CharacterOffsetBegin=42 CharacterOffsetEnd=49 PartOfSpeech=NNP] [Text=Massey CharacterOffsetBegin=50 CharacterOffsetEnd=56 PartOfSpeech=NNP] [Text=, CharacterOffsetBegin=56 CharacterOffsetEnd=57 PartOfSpeech=,] [Text=Cedrick CharacterOffsetBegin=58 CharacterOffsetEnd=65 PartOfSpeech=NNP] [Text=Hardwicke CharacterOffsetBegin=66 CharacterOffsetEnd=75 PartOfSpeech=NNP] [Text=, CharacterOffsetBegin=75 CharacterOffsetEnd=76 PartOfSpeech=,] [Text=and CharacterOffsetBegin=77 CharacterOffsetEnd=80 PartOfSpeech=CC] [Text=Margaretta CharacterOffsetBegin=81 CharacterOffsetEnd=91 PartOfSpeech=NNP] [Text=Scott CharacterOffsetBegin=92 CharacterOffsetEnd=97 PartOfSpeech=NNP] [Text=, CharacterOffsetBegin=97 CharacterOffsetEnd=98 PartOfSpeech=,] [Text=how CharacterOffsetBegin=99 CharacterOffsetEnd=102 PartOfSpeech=WRB] [Text=can CharacterOffsetBegin=103 CharacterOffsetEnd=106 PartOfSpeech=MD] [Text=you CharacterOffsetBegin=107 CharacterOffsetEnd=110 PartOfSpeech=PRP] [Text=go CharacterOffsetBegin=111 CharacterOffsetEnd=113 PartOfSpeech=VB] [Text=wrong CharacterOffsetBegin=114 CharacterOffsetEnd=119 PartOfSpeech=JJ] [Text=. CharacterOffsetBegin=119 CharacterOffsetEnd=120 PartOfSpeech=.] 
root(ROOT-0, go-21)
prep(go-21, With-1)
amod(actors-3, such-2)
pobj(With-1, actors-3)
prep(actors-3, as-4)
nn(Richardson-6, Ralph-5)
pobj(as-4, Richardson-6)
punct(Richardson-6, ,-7)
nn(Massey-9, Raymond-8)
conj(Richardson-6, Massey-9)
punct(Richardson-6, ,-10)
nn(Hardwicke-12, Cedrick-11)
conj(Richardson-6, Hardwicke-12)
punct(Richardson-6, ,-13)
cc(Richardson-6, and-14)
nn(Scott-16, Margaretta-15)
conj(Richardson-6, Scott-16)
punct(go-21, ,-17)
advmod(go-21, how-18)
aux(go-21, can-19)
nsubj(go-21, you-20)
acomp(go-21, wrong-22)
punct(go-21, .-23)

Sentence #2 (9 tokens):
Very unusual scenics, especially the modern ones.
[Text=Very CharacterOffsetBegin=125 CharacterOffsetEnd=129 PartOfSpeech=RB] [Text=unusual CharacterOffsetBegin=130 CharacterOffsetEnd=137 PartOfSpeech=JJ] [Text=scenics CharacterOffsetBegin=138 CharacterOffsetEnd=145 PartOfSpeech=NNS] [Text=, CharacterOffsetBegin=145 CharacterOffsetEnd=146 PartOfSpeech=,] [Text=especially CharacterOffsetBegin=147 CharacterOffsetEnd=157 PartOfSpeech=RB] [Text=the CharacterOffsetBegin=158 CharacterOffsetEnd=161 PartOfSpeech=DT] [Text=modern CharacterOffsetBegin=162 CharacterOffsetEnd=168 PartOfSpeech=JJ] [Text=ones CharacterOffsetBegin=169 CharacterOffsetEnd=173 PartOfSpeech=NNS] [Text=. CharacterOffsetBegin=173 CharacterOffsetEnd=174 PartOfSpeech=.] 
root(ROOT-0, scenics-3)
advmod(scenics-3, Very-1)
amod(scenics-3, unusual-2)
punct(scenics-3, ,-4)
advmod(ones-8, especially-5)
det(ones-8, the-6)
amod(ones-8, modern-7)
appos(scenics-3, ones-8)
punct(scenics-3, .-9)

Sentence #3 (10 tokens):
The realization of the modern machinery is very effective.
[Text=The CharacterOffsetBegin=179 CharacterOffsetEnd=182 PartOfSpeech=DT] [Text=realization CharacterOffsetBegin=183 CharacterOffsetEnd=194 PartOfSpeech=NN] [Text=of CharacterOffsetBegin=195 CharacterOffsetEnd=197 PartOfSpeech=IN] [Text=the CharacterOffsetBegin=198 CharacterOffsetEnd=201 PartOfSpeech=DT] [Text=modern CharacterOffsetBegin=202 CharacterOffsetEnd=208 PartOfSpeech=JJ] [Text=machinery CharacterOffsetBegin=209 CharacterOffsetEnd=218 PartOfSpeech=NN] [Text=is CharacterOffsetBegin=219 CharacterOffsetEnd=221 PartOfSpeech=VBZ] [Text=very CharacterOffsetBegin=222 CharacterOffsetEnd=226 PartOfSpeech=RB] [Text=effective CharacterOffsetBegin=227 CharacterOffsetEnd=236 PartOfSpeech=JJ] [Text=. CharacterOffsetBegin=236 CharacterOffsetEnd=237 PartOfSpeech=.] 
root(ROOT-0, effective-9)
det(realization-2, The-1)
nsubj(effective-9, realization-2)
prep(realization-2, of-3)
det(machinery-6, the-4)
amod(machinery-6, modern-5)
pobj(of-3, machinery-6)
cop(effective-9, is-7)
advmod(effective-9, very-8)
punct(effective-9, .-10)

Sentence #4 (21 tokens):
Here you have ray-gun blasts from building vehicles that help clear the area, so new structures can be made.
[Text=Here CharacterOffsetBegin=242 CharacterOffsetEnd=246 PartOfSpeech=RB] [Text=you CharacterOffsetBegin=247 CharacterOffsetEnd=250 PartOfSpeech=PRP] [Text=have CharacterOffsetBegin=251 CharacterOffsetEnd=255 PartOfSpeech=VBP] [Text=ray-gun CharacterOffsetBegin=256 CharacterOffsetEnd=263 PartOfSpeech=JJ] [Text=blasts CharacterOffsetBegin=264 CharacterOffsetEnd=270 PartOfSpeech=NNS] [Text=from CharacterOffsetBegin=271 CharacterOffsetEnd=275 PartOfSpeech=IN] [Text=building CharacterOffsetBegin=276 CharacterOffsetEnd=284 PartOfSpeech=VBG] [Text=vehicles CharacterOffsetBegin=285 CharacterOffsetEnd=293 PartOfSpeech=NNS] [Text=that CharacterOffsetBegin=294 CharacterOffsetEnd=298 PartOfSpeech=WDT] [Text=help CharacterOffsetBegin=299 CharacterOffsetEnd=303 PartOfSpeech=VBP] [Text=clear CharacterOffsetBegin=304 CharacterOffsetEnd=309 PartOfSpeech=VB] [Text=the CharacterOffsetBegin=310 CharacterOffsetEnd=313 PartOfSpeech=DT] [Text=area CharacterOffsetBegin=314 CharacterOffsetEnd=318 PartOfSpeech=NN] [Text=, CharacterOffsetBegin=318 CharacterOffsetEnd=319 PartOfSpeech=,] [Text=so CharacterOffsetBegin=320 CharacterOffsetEnd=322 PartOfSpeech=RB] [Text=new CharacterOffsetBegin=323 CharacterOffsetEnd=326 PartOfSpeech=JJ] [Text=structures CharacterOffsetBegin=327 CharacterOffsetEnd=337 PartOfSpeech=NNS] [Text=can CharacterOffsetBegin=338 CharacterOffsetEnd=341 PartOfSpeech=MD] [Text=be CharacterOffsetBegin=342 CharacterOffsetEnd=344 PartOfSpeech=VB] [Text=made CharacterOffsetBegin=345 CharacterOffsetEnd=349 PartOfSpeech=VBN] [Text=. CharacterOffsetBegin=349 CharacterOffsetEnd=350 PartOfSpeech=.] 
root(ROOT-0, have-3)
advmod(have-3, Here-1)
nsubj(have-3, you-2)
amod(blasts-5, ray-gun-4)
dobj(have-3, blasts-5)
prep(blasts-5, from-6)
pcomp(from-6, building-7)
dobj(building-7, vehicles-8)
nsubj(help-10, that-9)
rcmod(vehicles-8, help-10)
ccomp(help-10, clear-11)
det(area-13, the-12)
dobj(clear-11, area-13)
punct(have-3, ,-14)
advmod(structures-17, so-15)
amod(structures-17, new-16)
nsubjpass(made-20, structures-17)
aux(made-20, can-18)
auxpass(made-20, be-19)
ccomp(have-3, made-20)
punct(have-3, .-21)

Sentence #5 (37 tokens):
Although she's much younger in this film, It's not very hard to figure out who the future Mrs. Pumphrey from the BBC series, All Creatures Great and Small is going to be!
[Text=Although CharacterOffsetBegin=355 CharacterOffsetEnd=363 PartOfSpeech=IN] [Text=she CharacterOffsetBegin=364 CharacterOffsetEnd=367 PartOfSpeech=PRP] [Text='s CharacterOffsetBegin=367 CharacterOffsetEnd=369 PartOfSpeech=VBZ] [Text=much CharacterOffsetBegin=370 CharacterOffsetEnd=374 PartOfSpeech=JJ] [Text=younger CharacterOffsetBegin=375 CharacterOffsetEnd=382 PartOfSpeech=JJR] [Text=in CharacterOffsetBegin=383 CharacterOffsetEnd=385 PartOfSpeech=IN] [Text=this CharacterOffsetBegin=386 CharacterOffsetEnd=390 PartOfSpeech=DT] [Text=film CharacterOffsetBegin=391 CharacterOffsetEnd=395 PartOfSpeech=NN] [Text=, CharacterOffsetBegin=395 CharacterOffsetEnd=396 PartOfSpeech=,] [Text=It CharacterOffsetBegin=397 CharacterOffsetEnd=399 PartOfSpeech=PRP] [Text='s CharacterOffsetBegin=399 CharacterOffsetEnd=401 PartOfSpeech=VBZ] [Text=not CharacterOffsetBegin=402 CharacterOffsetEnd=405 PartOfSpeech=RB] [Text=very CharacterOffsetBegin=406 CharacterOffsetEnd=410 PartOfSpeech=RB] [Text=hard CharacterOffsetBegin=411 CharacterOffsetEnd=415 PartOfSpeech=JJ] [Text=to CharacterOffsetBegin=416 CharacterOffsetEnd=418 PartOfSpeech=TO] [Text=figure CharacterOffsetBegin=419 CharacterOffsetEnd=425 PartOfSpeech=VB] [Text=out CharacterOffsetBegin=426 CharacterOffsetEnd=429 PartOfSpeech=RP] [Text=who CharacterOffsetBegin=430 CharacterOffsetEnd=433 PartOfSpeech=WP] [Text=the CharacterOffsetBegin=434 CharacterOffsetEnd=437 PartOfSpeech=DT] [Text=future CharacterOffsetBegin=438 CharacterOffsetEnd=444 PartOfSpeech=JJ] [Text=Mrs. CharacterOffsetBegin=445 CharacterOffsetEnd=449 PartOfSpeech=NNP] [Text=Pumphrey CharacterOffsetBegin=450 CharacterOffsetEnd=458 PartOfSpeech=NNP] [Text=from CharacterOffsetBegin=459 CharacterOffsetEnd=463 PartOfSpeech=IN] [Text=the CharacterOffsetBegin=464 CharacterOffsetEnd=467 PartOfSpeech=DT] [Text=BBC CharacterOffsetBegin=468 CharacterOffsetEnd=471 PartOfSpeech=NNP] [Text=series CharacterOffsetBegin=472 CharacterOffsetEnd=478 PartOfSpeech=NN] [Text=, CharacterOffsetBegin=478 CharacterOffsetEnd=479 PartOfSpeech=,] [Text=All CharacterOffsetBegin=480 CharacterOffsetEnd=483 PartOfSpeech=DT] [Text=Creatures CharacterOffsetBegin=484 CharacterOffsetEnd=493 PartOfSpeech=NNS] [Text=Great CharacterOffsetBegin=494 CharacterOffsetEnd=499 PartOfSpeech=JJ] [Text=and CharacterOffsetBegin=500 CharacterOffsetEnd=503 PartOfSpeech=CC] [Text=Small CharacterOffsetBegin=504 CharacterOffsetEnd=509 PartOfSpeech=JJ] [Text=is CharacterOffsetBegin=510 CharacterOffsetEnd=512 PartOfSpeech=VBZ] [Text=going CharacterOffsetBegin=513 CharacterOffsetEnd=518 PartOfSpeech=VBG] [Text=to CharacterOffsetBegin=519 CharacterOffsetEnd=521 PartOfSpeech=TO] [Text=be CharacterOffsetBegin=522 CharacterOffsetEnd=524 PartOfSpeech=VB] [Text=! CharacterOffsetBegin=524 CharacterOffsetEnd=525 PartOfSpeech=.] 
root(ROOT-0, hard-14)
mark(younger-5, Although-1)
nsubj(younger-5, she-2)
cop(younger-5, 's-3)
advmod(younger-5, much-4)
advcl(hard-14, younger-5)
prep(younger-5, in-6)
det(film-8, this-7)
pobj(in-6, film-8)
punct(hard-14, ,-9)
nsubj(hard-14, It-10)
cop(hard-14, 's-11)
neg(hard-14, not-12)
advmod(hard-14, very-13)
aux(figure-16, to-15)
xcomp(hard-14, figure-16)
prt(figure-16, out-17)
dep(figure-16, who-18)
det(Pumphrey-22, the-19)
amod(Pumphrey-22, future-20)
nn(Pumphrey-22, Mrs.-21)
dep(who-18, Pumphrey-22)
prep(Pumphrey-22, from-23)
det(series-26, the-24)
nn(series-26, BBC-25)
pobj(from-23, series-26)
punct(Pumphrey-22, ,-27)
dep(going-34, All-28)
nsubj(going-34, Creatures-29)
amod(Creatures-29, Great-30)
cc(Great-30, and-31)
conj(Great-30, Small-32)
aux(going-34, is-33)
dep(Pumphrey-22, going-34)
aux(be-36, to-35)
xcomp(going-34, be-36)
punct(Pumphrey-22, !-37)

Sentence #6 (13 tokens):
Really effective "reappearance" of both Raymond Massey and Ralph Richardson.
[Text=Really CharacterOffsetBegin=530 CharacterOffsetEnd=536 PartOfSpeech=RB] [Text=effective CharacterOffsetBegin=537 CharacterOffsetEnd=546 PartOfSpeech=JJ] [Text=`` CharacterOffsetBegin=547 CharacterOffsetEnd=548 PartOfSpeech=``] [Text=reappearance CharacterOffsetBegin=548 CharacterOffsetEnd=560 PartOfSpeech=NN] [Text='' CharacterOffsetBegin=560 CharacterOffsetEnd=561 PartOfSpeech=''] [Text=of CharacterOffsetBegin=562 CharacterOffsetEnd=564 PartOfSpeech=IN] [Text=both CharacterOffsetBegin=565 CharacterOffsetEnd=569 PartOfSpeech=DT] [Text=Raymond CharacterOffsetBegin=570 CharacterOffsetEnd=577 PartOfSpeech=NNP] [Text=Massey CharacterOffsetBegin=578 CharacterOffsetEnd=584 PartOfSpeech=NNP] [Text=and CharacterOffsetBegin=585 CharacterOffsetEnd=588 PartOfSpeech=CC] [Text=Ralph CharacterOffsetBegin=589 CharacterOffsetEnd=594 PartOfSpeech=NNP] [Text=Richardson CharacterOffsetBegin=595 CharacterOffsetEnd=605 PartOfSpeech=NNP] [Text=. CharacterOffsetBegin=605 CharacterOffsetEnd=606 PartOfSpeech=.] 
root(ROOT-0, reappearance-4)
advmod(effective-2, Really-1)
amod(reappearance-4, effective-2)
punct(reappearance-4, ``-3)
punct(reappearance-4, ''-5)
prep(reappearance-4, of-6)
preconj(Massey-9, both-7)
nn(Massey-9, Raymond-8)
pobj(of-6, Massey-9)
cc(Massey-9, and-10)
nn(Richardson-12, Ralph-11)
conj(Massey-9, Richardson-12)
punct(reappearance-4, .-13)

Sentence #7 (18 tokens):
The musical score is by the renowned Swiss composer, Artur Honegger and it is also unusual.
[Text=The CharacterOffsetBegin=611 CharacterOffsetEnd=614 PartOfSpeech=DT] [Text=musical CharacterOffsetBegin=615 CharacterOffsetEnd=622 PartOfSpeech=JJ] [Text=score CharacterOffsetBegin=623 CharacterOffsetEnd=628 PartOfSpeech=NN] [Text=is CharacterOffsetBegin=629 CharacterOffsetEnd=631 PartOfSpeech=VBZ] [Text=by CharacterOffsetBegin=632 CharacterOffsetEnd=634 PartOfSpeech=IN] [Text=the CharacterOffsetBegin=635 CharacterOffsetEnd=638 PartOfSpeech=DT] [Text=renowned CharacterOffsetBegin=639 CharacterOffsetEnd=647 PartOfSpeech=JJ] [Text=Swiss CharacterOffsetBegin=648 CharacterOffsetEnd=653 PartOfSpeech=JJ] [Text=composer CharacterOffsetBegin=654 CharacterOffsetEnd=662 PartOfSpeech=NN] [Text=, CharacterOffsetBegin=662 CharacterOffsetEnd=663 PartOfSpeech=,] [Text=Artur CharacterOffsetBegin=664 CharacterOffsetEnd=669 PartOfSpeech=NNP] [Text=Honegger CharacterOffsetBegin=670 CharacterOffsetEnd=678 PartOfSpeech=NNP] [Text=and CharacterOffsetBegin=679 CharacterOffsetEnd=682 PartOfSpeech=CC] [Text=it CharacterOffsetBegin=683 CharacterOffsetEnd=685 PartOfSpeech=PRP] [Text=is CharacterOffsetBegin=686 CharacterOffsetEnd=688 PartOfSpeech=VBZ] [Text=also CharacterOffsetBegin=689 CharacterOffsetEnd=693 PartOfSpeech=RB] [Text=unusual CharacterOffsetBegin=694 CharacterOffsetEnd=701 PartOfSpeech=JJ] [Text=. CharacterOffsetBegin=701 CharacterOffsetEnd=702 PartOfSpeech=.] 
root(ROOT-0, is-4)
det(score-3, The-1)
amod(score-3, musical-2)
nsubj(is-4, score-3)
prep(is-4, by-5)
det(composer-9, the-6)
amod(composer-9, renowned-7)
amod(composer-9, Swiss-8)
pobj(by-5, composer-9)
punct(composer-9, ,-10)
nn(Honegger-12, Artur-11)
conj(composer-9, Honegger-12)
cc(composer-9, and-13)
nsubj(unusual-17, it-14)
cop(unusual-17, is-15)
advmod(unusual-17, also-16)
conj(composer-9, unusual-17)
punct(is-4, .-18)

Sentence #8 (24 tokens):
For the time (1936) it looks like they used really, large sets or the effects make it seem that way.
[Text=For CharacterOffsetBegin=707 CharacterOffsetEnd=710 PartOfSpeech=IN] [Text=the CharacterOffsetBegin=711 CharacterOffsetEnd=714 PartOfSpeech=DT] [Text=time CharacterOffsetBegin=715 CharacterOffsetEnd=719 PartOfSpeech=NN] [Text=-LRB- CharacterOffsetBegin=720 CharacterOffsetEnd=721 PartOfSpeech=-LRB-] [Text=1936 CharacterOffsetBegin=721 CharacterOffsetEnd=725 PartOfSpeech=CD] [Text=-RRB- CharacterOffsetBegin=725 CharacterOffsetEnd=726 PartOfSpeech=-RRB-] [Text=it CharacterOffsetBegin=727 CharacterOffsetEnd=729 PartOfSpeech=PRP] [Text=looks CharacterOffsetBegin=730 CharacterOffsetEnd=735 PartOfSpeech=VBZ] [Text=like CharacterOffsetBegin=736 CharacterOffsetEnd=740 PartOfSpeech=IN] [Text=they CharacterOffsetBegin=741 CharacterOffsetEnd=745 PartOfSpeech=PRP] [Text=used CharacterOffsetBegin=746 CharacterOffsetEnd=750 PartOfSpeech=VBD] [Text=really CharacterOffsetBegin=751 CharacterOffsetEnd=757 PartOfSpeech=RB] [Text=, CharacterOffsetBegin=757 CharacterOffsetEnd=758 PartOfSpeech=,] [Text=large CharacterOffsetBegin=759 CharacterOffsetEnd=764 PartOfSpeech=JJ] [Text=sets CharacterOffsetBegin=765 CharacterOffsetEnd=769 PartOfSpeech=NNS] [Text=or CharacterOffsetBegin=770 CharacterOffsetEnd=772 PartOfSpeech=CC] [Text=the CharacterOffsetBegin=773 CharacterOffsetEnd=776 PartOfSpeech=DT] [Text=effects CharacterOffsetBegin=777 CharacterOffsetEnd=784 PartOfSpeech=NNS] [Text=make CharacterOffsetBegin=785 CharacterOffsetEnd=789 PartOfSpeech=VBP] [Text=it CharacterOffsetBegin=790 CharacterOffsetEnd=792 PartOfSpeech=PRP] [Text=seem CharacterOffsetBegin=793 CharacterOffsetEnd=797 PartOfSpeech=VB] [Text=that CharacterOffsetBegin=798 CharacterOffsetEnd=802 PartOfSpeech=DT] [Text=way CharacterOffsetBegin=803 CharacterOffsetEnd=806 PartOfSpeech=NN] [Text=. CharacterOffsetBegin=806 CharacterOffsetEnd=807 PartOfSpeech=.] 
root(ROOT-0, looks-8)
prep(looks-8, For-1)
det(time-3, the-2)
pobj(For-1, time-3)
punct(1936-5, -LRB--4)
dep(looks-8, 1936-5)
punct(1936-5, -RRB--6)
nsubj(looks-8, it-7)
mark(used-11, like-9)
nsubj(used-11, they-10)
advcl(looks-8, used-11)
advmod(used-11, really-12)
punct(looks-8, ,-13)
amod(sets-15, large-14)
nsubj(make-19, sets-15)
cc(sets-15, or-16)
det(effects-18, the-17)
conj(sets-15, effects-18)
ccomp(looks-8, make-19)
nsubj(seem-21, it-20)
ccomp(make-19, seem-21)
det(way-23, that-22)
dobj(seem-21, way-23)
punct(looks-8, .-24)

Sentence #9 (9 tokens):
Lastly, it's a really good story.
[Text=Lastly CharacterOffsetBegin=812 CharacterOffsetEnd=818 PartOfSpeech=RB] [Text=, CharacterOffsetBegin=818 CharacterOffsetEnd=819 PartOfSpeech=,] [Text=it CharacterOffsetBegin=820 CharacterOffsetEnd=822 PartOfSpeech=PRP] [Text='s CharacterOffsetBegin=822 CharacterOffsetEnd=824 PartOfSpeech=VBZ] [Text=a CharacterOffsetBegin=825 CharacterOffsetEnd=826 PartOfSpeech=DT] [Text=really CharacterOffsetBegin=827 CharacterOffsetEnd=833 PartOfSpeech=RB] [Text=good CharacterOffsetBegin=834 CharacterOffsetEnd=838 PartOfSpeech=JJ] [Text=story CharacterOffsetBegin=839 CharacterOffsetEnd=844 PartOfSpeech=NN] [Text=. CharacterOffsetBegin=844 CharacterOffsetEnd=845 PartOfSpeech=.] 
root(ROOT-0, story-8)
advmod(story-8, Lastly-1)
punct(story-8, ,-2)
nsubj(story-8, it-3)
cop(story-8, 's-4)
det(story-8, a-5)
advmod(good-7, really-6)
amod(story-8, good-7)
punct(story-8, .-9)

