Sentence #1 (19 tokens):
Inspector "Dirty" Harry Callahan once again angers his superiors with his maverick approach to police work.
[Text=Inspector CharacterOffsetBegin=4 CharacterOffsetEnd=13 PartOfSpeech=NNP] [Text=`` CharacterOffsetBegin=14 CharacterOffsetEnd=15 PartOfSpeech=``] [Text=Dirty CharacterOffsetBegin=15 CharacterOffsetEnd=20 PartOfSpeech=NNP] [Text='' CharacterOffsetBegin=20 CharacterOffsetEnd=21 PartOfSpeech=''] [Text=Harry CharacterOffsetBegin=22 CharacterOffsetEnd=27 PartOfSpeech=NNP] [Text=Callahan CharacterOffsetBegin=28 CharacterOffsetEnd=36 PartOfSpeech=NNP] [Text=once CharacterOffsetBegin=37 CharacterOffsetEnd=41 PartOfSpeech=RB] [Text=again CharacterOffsetBegin=42 CharacterOffsetEnd=47 PartOfSpeech=RB] [Text=angers CharacterOffsetBegin=48 CharacterOffsetEnd=54 PartOfSpeech=VBZ] [Text=his CharacterOffsetBegin=55 CharacterOffsetEnd=58 PartOfSpeech=PRP$] [Text=superiors CharacterOffsetBegin=59 CharacterOffsetEnd=68 PartOfSpeech=NNS] [Text=with CharacterOffsetBegin=69 CharacterOffsetEnd=73 PartOfSpeech=IN] [Text=his CharacterOffsetBegin=74 CharacterOffsetEnd=77 PartOfSpeech=PRP$] [Text=maverick CharacterOffsetBegin=78 CharacterOffsetEnd=86 PartOfSpeech=NN] [Text=approach CharacterOffsetBegin=87 CharacterOffsetEnd=95 PartOfSpeech=NN] [Text=to CharacterOffsetBegin=96 CharacterOffsetEnd=98 PartOfSpeech=TO] [Text=police CharacterOffsetBegin=99 CharacterOffsetEnd=105 PartOfSpeech=NN] [Text=work CharacterOffsetBegin=106 CharacterOffsetEnd=110 PartOfSpeech=NN] [Text=. CharacterOffsetBegin=110 CharacterOffsetEnd=111 PartOfSpeech=.] 
root(ROOT-0, angers-9)
nn(Callahan-6, Inspector-1)
punct(Callahan-6, ``-2)
nn(Callahan-6, Dirty-3)
punct(Callahan-6, ''-4)
nn(Callahan-6, Harry-5)
nsubj(angers-9, Callahan-6)
advmod(again-8, once-7)
advmod(angers-9, again-8)
poss(superiors-11, his-10)
dobj(angers-9, superiors-11)
prep(angers-9, with-12)
poss(approach-15, his-13)
nn(approach-15, maverick-14)
pobj(with-12, approach-15)
prep(approach-15, to-16)
nn(work-18, police-17)
pobj(to-16, work-18)
punct(angers-9, .-19)

Sentence #2 (19 tokens):
Refusing to take a vacation he is given a simple case which takes him outside of San Francisco.
[Text=Refusing CharacterOffsetBegin=116 CharacterOffsetEnd=124 PartOfSpeech=VBG] [Text=to CharacterOffsetBegin=125 CharacterOffsetEnd=127 PartOfSpeech=TO] [Text=take CharacterOffsetBegin=128 CharacterOffsetEnd=132 PartOfSpeech=VB] [Text=a CharacterOffsetBegin=133 CharacterOffsetEnd=134 PartOfSpeech=DT] [Text=vacation CharacterOffsetBegin=135 CharacterOffsetEnd=143 PartOfSpeech=NN] [Text=he CharacterOffsetBegin=144 CharacterOffsetEnd=146 PartOfSpeech=PRP] [Text=is CharacterOffsetBegin=147 CharacterOffsetEnd=149 PartOfSpeech=VBZ] [Text=given CharacterOffsetBegin=150 CharacterOffsetEnd=155 PartOfSpeech=VBN] [Text=a CharacterOffsetBegin=156 CharacterOffsetEnd=157 PartOfSpeech=DT] [Text=simple CharacterOffsetBegin=158 CharacterOffsetEnd=164 PartOfSpeech=JJ] [Text=case CharacterOffsetBegin=165 CharacterOffsetEnd=169 PartOfSpeech=NN] [Text=which CharacterOffsetBegin=170 CharacterOffsetEnd=175 PartOfSpeech=WDT] [Text=takes CharacterOffsetBegin=176 CharacterOffsetEnd=181 PartOfSpeech=VBZ] [Text=him CharacterOffsetBegin=182 CharacterOffsetEnd=185 PartOfSpeech=PRP] [Text=outside CharacterOffsetBegin=186 CharacterOffsetEnd=193 PartOfSpeech=IN] [Text=of CharacterOffsetBegin=194 CharacterOffsetEnd=196 PartOfSpeech=IN] [Text=San CharacterOffsetBegin=197 CharacterOffsetEnd=200 PartOfSpeech=NNP] [Text=Francisco CharacterOffsetBegin=201 CharacterOffsetEnd=210 PartOfSpeech=NNP] [Text=. CharacterOffsetBegin=210 CharacterOffsetEnd=211 PartOfSpeech=.] 
root(ROOT-0, Refusing-1)
aux(take-3, to-2)
xcomp(Refusing-1, take-3)
det(vacation-5, a-4)
dobj(take-3, vacation-5)
nsubjpass(given-8, he-6)
auxpass(given-8, is-7)
rcmod(vacation-5, given-8)
det(case-11, a-9)
amod(case-11, simple-10)
dobj(given-8, case-11)
nsubj(takes-13, which-12)
rcmod(case-11, takes-13)
dobj(takes-13, him-14)
advmod(takes-13, outside-15)
prep(outside-15, of-16)
nn(Francisco-18, San-17)
pobj(of-16, Francisco-18)
punct(Refusing-1, .-19)

Sentence #3 (74 tokens):
However, he soon discovers a link between a recent murder in the city and a murder outside of the city, which leads him to the trail of a revenge killer.As an entry in the Dirty Harry franchise the film starts with some very promising moments, including the legendary "Go ahead, make my day" line that Eastwood delivers wonderfully through clenched teeth before single handedly foiling a robbery.
[Text=However CharacterOffsetBegin=216 CharacterOffsetEnd=223 PartOfSpeech=RB] [Text=, CharacterOffsetBegin=223 CharacterOffsetEnd=224 PartOfSpeech=,] [Text=he CharacterOffsetBegin=225 CharacterOffsetEnd=227 PartOfSpeech=PRP] [Text=soon CharacterOffsetBegin=228 CharacterOffsetEnd=232 PartOfSpeech=RB] [Text=discovers CharacterOffsetBegin=233 CharacterOffsetEnd=242 PartOfSpeech=VBZ] [Text=a CharacterOffsetBegin=243 CharacterOffsetEnd=244 PartOfSpeech=DT] [Text=link CharacterOffsetBegin=245 CharacterOffsetEnd=249 PartOfSpeech=NN] [Text=between CharacterOffsetBegin=250 CharacterOffsetEnd=257 PartOfSpeech=IN] [Text=a CharacterOffsetBegin=258 CharacterOffsetEnd=259 PartOfSpeech=DT] [Text=recent CharacterOffsetBegin=260 CharacterOffsetEnd=266 PartOfSpeech=JJ] [Text=murder CharacterOffsetBegin=267 CharacterOffsetEnd=273 PartOfSpeech=NN] [Text=in CharacterOffsetBegin=274 CharacterOffsetEnd=276 PartOfSpeech=IN] [Text=the CharacterOffsetBegin=277 CharacterOffsetEnd=280 PartOfSpeech=DT] [Text=city CharacterOffsetBegin=281 CharacterOffsetEnd=285 PartOfSpeech=NN] [Text=and CharacterOffsetBegin=286 CharacterOffsetEnd=289 PartOfSpeech=CC] [Text=a CharacterOffsetBegin=290 CharacterOffsetEnd=291 PartOfSpeech=DT] [Text=murder CharacterOffsetBegin=292 CharacterOffsetEnd=298 PartOfSpeech=NN] [Text=outside CharacterOffsetBegin=299 CharacterOffsetEnd=306 PartOfSpeech=IN] [Text=of CharacterOffsetBegin=307 CharacterOffsetEnd=309 PartOfSpeech=IN] [Text=the CharacterOffsetBegin=310 CharacterOffsetEnd=313 PartOfSpeech=DT] [Text=city CharacterOffsetBegin=314 CharacterOffsetEnd=318 PartOfSpeech=NN] [Text=, CharacterOffsetBegin=318 CharacterOffsetEnd=319 PartOfSpeech=,] [Text=which CharacterOffsetBegin=320 CharacterOffsetEnd=325 PartOfSpeech=WDT] [Text=leads CharacterOffsetBegin=326 CharacterOffsetEnd=331 PartOfSpeech=VBZ] [Text=him CharacterOffsetBegin=332 CharacterOffsetEnd=335 PartOfSpeech=PRP] [Text=to CharacterOffsetBegin=336 CharacterOffsetEnd=338 PartOfSpeech=TO] [Text=the CharacterOffsetBegin=339 CharacterOffsetEnd=342 PartOfSpeech=DT] [Text=trail CharacterOffsetBegin=343 CharacterOffsetEnd=348 PartOfSpeech=NN] [Text=of CharacterOffsetBegin=349 CharacterOffsetEnd=351 PartOfSpeech=IN] [Text=a CharacterOffsetBegin=352 CharacterOffsetEnd=353 PartOfSpeech=DT] [Text=revenge CharacterOffsetBegin=354 CharacterOffsetEnd=361 PartOfSpeech=NN] [Text=killer.As CharacterOffsetBegin=362 CharacterOffsetEnd=371 PartOfSpeech=NNP] [Text=an CharacterOffsetBegin=372 CharacterOffsetEnd=374 PartOfSpeech=DT] [Text=entry CharacterOffsetBegin=375 CharacterOffsetEnd=380 PartOfSpeech=NN] [Text=in CharacterOffsetBegin=381 CharacterOffsetEnd=383 PartOfSpeech=IN] [Text=the CharacterOffsetBegin=384 CharacterOffsetEnd=387 PartOfSpeech=DT] [Text=Dirty CharacterOffsetBegin=388 CharacterOffsetEnd=393 PartOfSpeech=NNP] [Text=Harry CharacterOffsetBegin=394 CharacterOffsetEnd=399 PartOfSpeech=NNP] [Text=franchise CharacterOffsetBegin=400 CharacterOffsetEnd=409 PartOfSpeech=NN] [Text=the CharacterOffsetBegin=410 CharacterOffsetEnd=413 PartOfSpeech=DT] [Text=film CharacterOffsetBegin=414 CharacterOffsetEnd=418 PartOfSpeech=NN] [Text=starts CharacterOffsetBegin=419 CharacterOffsetEnd=425 PartOfSpeech=VBZ] [Text=with CharacterOffsetBegin=426 CharacterOffsetEnd=430 PartOfSpeech=IN] [Text=some CharacterOffsetBegin=431 CharacterOffsetEnd=435 PartOfSpeech=DT] [Text=very CharacterOffsetBegin=436 CharacterOffsetEnd=440 PartOfSpeech=RB] [Text=promising CharacterOffsetBegin=441 CharacterOffsetEnd=450 PartOfSpeech=JJ] [Text=moments CharacterOffsetBegin=451 CharacterOffsetEnd=458 PartOfSpeech=NNS] [Text=, CharacterOffsetBegin=458 CharacterOffsetEnd=459 PartOfSpeech=,] [Text=including CharacterOffsetBegin=460 CharacterOffsetEnd=469 PartOfSpeech=VBG] [Text=the CharacterOffsetBegin=470 CharacterOffsetEnd=473 PartOfSpeech=DT] [Text=legendary CharacterOffsetBegin=474 CharacterOffsetEnd=483 PartOfSpeech=JJ] [Text=`` CharacterOffsetBegin=484 CharacterOffsetEnd=485 PartOfSpeech=``] [Text=Go CharacterOffsetBegin=485 CharacterOffsetEnd=487 PartOfSpeech=VB] [Text=ahead CharacterOffsetBegin=488 CharacterOffsetEnd=493 PartOfSpeech=RB] [Text=, CharacterOffsetBegin=493 CharacterOffsetEnd=494 PartOfSpeech=,] [Text=make CharacterOffsetBegin=495 CharacterOffsetEnd=499 PartOfSpeech=VB] [Text=my CharacterOffsetBegin=500 CharacterOffsetEnd=502 PartOfSpeech=PRP$] [Text=day CharacterOffsetBegin=503 CharacterOffsetEnd=506 PartOfSpeech=NN] [Text='' CharacterOffsetBegin=506 CharacterOffsetEnd=507 PartOfSpeech=''] [Text=line CharacterOffsetBegin=508 CharacterOffsetEnd=512 PartOfSpeech=NN] [Text=that CharacterOffsetBegin=513 CharacterOffsetEnd=517 PartOfSpeech=WDT] [Text=Eastwood CharacterOffsetBegin=518 CharacterOffsetEnd=526 PartOfSpeech=NNP] [Text=delivers CharacterOffsetBegin=527 CharacterOffsetEnd=535 PartOfSpeech=VBZ] [Text=wonderfully CharacterOffsetBegin=536 CharacterOffsetEnd=547 PartOfSpeech=RB] [Text=through CharacterOffsetBegin=548 CharacterOffsetEnd=555 PartOfSpeech=IN] [Text=clenched CharacterOffsetBegin=556 CharacterOffsetEnd=564 PartOfSpeech=VBN] [Text=teeth CharacterOffsetBegin=565 CharacterOffsetEnd=570 PartOfSpeech=NNS] [Text=before CharacterOffsetBegin=571 CharacterOffsetEnd=577 PartOfSpeech=IN] [Text=single CharacterOffsetBegin=578 CharacterOffsetEnd=584 PartOfSpeech=JJ] [Text=handedly CharacterOffsetBegin=585 CharacterOffsetEnd=593 PartOfSpeech=RB] [Text=foiling CharacterOffsetBegin=594 CharacterOffsetEnd=601 PartOfSpeech=VBG] [Text=a CharacterOffsetBegin=602 CharacterOffsetEnd=603 PartOfSpeech=DT] [Text=robbery CharacterOffsetBegin=604 CharacterOffsetEnd=611 PartOfSpeech=NN] [Text=. CharacterOffsetBegin=611 CharacterOffsetEnd=612 PartOfSpeech=.] 
root(ROOT-0, discovers-5)
advmod(discovers-5, However-1)
punct(discovers-5, ,-2)
nsubj(discovers-5, he-3)
advmod(discovers-5, soon-4)
det(link-7, a-6)
dobj(discovers-5, link-7)
prep(link-7, between-8)
det(murder-11, a-9)
amod(murder-11, recent-10)
pobj(between-8, murder-11)
prep(murder-11, in-12)
det(city-14, the-13)
pobj(in-12, city-14)
cc(murder-11, and-15)
det(murder-17, a-16)
conj(murder-11, murder-17)
prep(murder-17, outside-18)
pcomp(outside-18, of-19)
det(city-21, the-20)
pobj(of-19, city-21)
punct(city-21, ,-22)
nsubj(leads-24, which-23)
rcmod(city-21, leads-24)
dobj(leads-24, him-25)
prep(leads-24, to-26)
det(trail-28, the-27)
pobj(to-26, trail-28)
prep(trail-28, of-29)
det(killer.As-32, a-30)
nn(killer.As-32, revenge-31)
pobj(of-29, killer.As-32)
det(entry-34, an-33)
dep(killer.As-32, entry-34)
prep(entry-34, in-35)
det(franchise-39, the-36)
nn(franchise-39, Dirty-37)
nn(franchise-39, Harry-38)
pobj(in-35, franchise-39)
det(film-41, the-40)
nsubj(starts-42, film-41)
rcmod(entry-34, starts-42)
prep(starts-42, with-43)
det(moments-47, some-44)
advmod(promising-46, very-45)
amod(moments-47, promising-46)
pobj(with-43, moments-47)
punct(moments-47, ,-48)
prep(moments-47, including-49)
det(Go-53, the-50)
amod(Go-53, legendary-51)
punct(Go-53, ``-52)
pobj(including-49, Go-53)
advmod(Go-53, ahead-54)
punct(Go-53, ,-55)
partmod(Go-53, make-56)
poss(day-58, my-57)
dep(line-60, day-58)
punct(day-58, ''-59)
dobj(make-56, line-60)
dobj(delivers-63, that-61)
nsubj(delivers-63, Eastwood-62)
rcmod(line-60, delivers-63)
dobj(delivers-63, wonderfully-64)
prep(wonderfully-64, through-65)
nn(teeth-67, clenched-66)
pobj(through-65, teeth-67)
prep(wonderfully-64, before-68)
amod(foiling-71, single-69)
advmod(foiling-71, handedly-70)
pcomp(before-68, foiling-71)
det(robbery-73, a-72)
dobj(foiling-71, robbery-73)
punct(discovers-5, .-74)

Sentence #4 (12 tokens):
Very badass and it just what fans can expect from him.
[Text=Very CharacterOffsetBegin=617 CharacterOffsetEnd=621 PartOfSpeech=RB] [Text=badass CharacterOffsetBegin=622 CharacterOffsetEnd=628 PartOfSpeech=NN] [Text=and CharacterOffsetBegin=629 CharacterOffsetEnd=632 PartOfSpeech=CC] [Text=it CharacterOffsetBegin=633 CharacterOffsetEnd=635 PartOfSpeech=PRP] [Text=just CharacterOffsetBegin=636 CharacterOffsetEnd=640 PartOfSpeech=RB] [Text=what CharacterOffsetBegin=641 CharacterOffsetEnd=645 PartOfSpeech=WP] [Text=fans CharacterOffsetBegin=646 CharacterOffsetEnd=650 PartOfSpeech=NNS] [Text=can CharacterOffsetBegin=651 CharacterOffsetEnd=654 PartOfSpeech=MD] [Text=expect CharacterOffsetBegin=655 CharacterOffsetEnd=661 PartOfSpeech=VB] [Text=from CharacterOffsetBegin=662 CharacterOffsetEnd=666 PartOfSpeech=IN] [Text=him CharacterOffsetBegin=667 CharacterOffsetEnd=670 PartOfSpeech=PRP] [Text=. CharacterOffsetBegin=670 CharacterOffsetEnd=671 PartOfSpeech=.] 
root(ROOT-0, badass-2)
nn(badass-2, Very-1)
cc(badass-2, and-3)
nsubj(expect-9, it-4)
advmod(expect-9, just-5)
dobj(expect-9, what-6)
nsubj(expect-9, fans-7)
aux(expect-9, can-8)
conj(badass-2, expect-9)
prep(expect-9, from-10)
pobj(from-10, him-11)
punct(badass-2, .-12)

Sentence #5 (15 tokens):
However, the film soon shifts gears and focuses on the mysterious revenge killer.
[Text=However CharacterOffsetBegin=676 CharacterOffsetEnd=683 PartOfSpeech=RB] [Text=, CharacterOffsetBegin=683 CharacterOffsetEnd=684 PartOfSpeech=,] [Text=the CharacterOffsetBegin=685 CharacterOffsetEnd=688 PartOfSpeech=DT] [Text=film CharacterOffsetBegin=689 CharacterOffsetEnd=693 PartOfSpeech=NN] [Text=soon CharacterOffsetBegin=694 CharacterOffsetEnd=698 PartOfSpeech=RB] [Text=shifts CharacterOffsetBegin=699 CharacterOffsetEnd=705 PartOfSpeech=VBZ] [Text=gears CharacterOffsetBegin=706 CharacterOffsetEnd=711 PartOfSpeech=NNS] [Text=and CharacterOffsetBegin=712 CharacterOffsetEnd=715 PartOfSpeech=CC] [Text=focuses CharacterOffsetBegin=716 CharacterOffsetEnd=723 PartOfSpeech=VBZ] [Text=on CharacterOffsetBegin=724 CharacterOffsetEnd=726 PartOfSpeech=IN] [Text=the CharacterOffsetBegin=727 CharacterOffsetEnd=730 PartOfSpeech=DT] [Text=mysterious CharacterOffsetBegin=731 CharacterOffsetEnd=741 PartOfSpeech=JJ] [Text=revenge CharacterOffsetBegin=742 CharacterOffsetEnd=749 PartOfSpeech=JJ] [Text=killer CharacterOffsetBegin=750 CharacterOffsetEnd=756 PartOfSpeech=NN] [Text=. CharacterOffsetBegin=756 CharacterOffsetEnd=757 PartOfSpeech=.] 
root(ROOT-0, shifts-6)
advmod(shifts-6, However-1)
punct(shifts-6, ,-2)
det(film-4, the-3)
nsubj(shifts-6, film-4)
advmod(shifts-6, soon-5)
dobj(shifts-6, gears-7)
cc(shifts-6, and-8)
conj(shifts-6, focuses-9)
prep(focuses-9, on-10)
det(killer-14, the-11)
amod(killer-14, mysterious-12)
nn(killer-14, revenge-13)
pobj(on-10, killer-14)
punct(shifts-6, .-15)

Sentence #6 (21 tokens):
The problem is that this killer isn't all that mysterious as she is characterized as much as Harry is.
[Text=The CharacterOffsetBegin=762 CharacterOffsetEnd=765 PartOfSpeech=DT] [Text=problem CharacterOffsetBegin=766 CharacterOffsetEnd=773 PartOfSpeech=NN] [Text=is CharacterOffsetBegin=774 CharacterOffsetEnd=776 PartOfSpeech=VBZ] [Text=that CharacterOffsetBegin=777 CharacterOffsetEnd=781 PartOfSpeech=IN] [Text=this CharacterOffsetBegin=782 CharacterOffsetEnd=786 PartOfSpeech=DT] [Text=killer CharacterOffsetBegin=787 CharacterOffsetEnd=793 PartOfSpeech=NN] [Text=is CharacterOffsetBegin=794 CharacterOffsetEnd=796 PartOfSpeech=VBZ] [Text=n't CharacterOffsetBegin=796 CharacterOffsetEnd=799 PartOfSpeech=RB] [Text=all CharacterOffsetBegin=800 CharacterOffsetEnd=803 PartOfSpeech=DT] [Text=that CharacterOffsetBegin=804 CharacterOffsetEnd=808 PartOfSpeech=DT] [Text=mysterious CharacterOffsetBegin=809 CharacterOffsetEnd=819 PartOfSpeech=JJ] [Text=as CharacterOffsetBegin=820 CharacterOffsetEnd=822 PartOfSpeech=IN] [Text=she CharacterOffsetBegin=823 CharacterOffsetEnd=826 PartOfSpeech=PRP] [Text=is CharacterOffsetBegin=827 CharacterOffsetEnd=829 PartOfSpeech=VBZ] [Text=characterized CharacterOffsetBegin=830 CharacterOffsetEnd=843 PartOfSpeech=VBN] [Text=as CharacterOffsetBegin=844 CharacterOffsetEnd=846 PartOfSpeech=RB] [Text=much CharacterOffsetBegin=847 CharacterOffsetEnd=851 PartOfSpeech=RB] [Text=as CharacterOffsetBegin=852 CharacterOffsetEnd=854 PartOfSpeech=IN] [Text=Harry CharacterOffsetBegin=855 CharacterOffsetEnd=860 PartOfSpeech=NNP] [Text=is CharacterOffsetBegin=861 CharacterOffsetEnd=863 PartOfSpeech=VBZ] [Text=. CharacterOffsetBegin=863 CharacterOffsetEnd=864 PartOfSpeech=.] 
root(ROOT-0, is-3)
det(problem-2, The-1)
nsubj(is-3, problem-2)
prep(is-3, that-4)
det(killer-6, this-5)
dep(that-4, killer-6)
amod(killer-6, is-7)
advmod(is-7, n't-8)
dep(n't-8, all-9)
dep(all-9, that-10)
amod(that-10, mysterious-11)
mark(characterized-15, as-12)
nsubjpass(characterized-15, she-13)
auxpass(characterized-15, is-14)
dep(mysterious-11, characterized-15)
advmod(much-17, as-16)
advmod(characterized-15, much-17)
mark(is-20, as-18)
nsubj(is-20, Harry-19)
ccomp(much-17, is-20)
punct(is-3, .-21)

Sentence #7 (72 tokens):
This really detracts from the presence of the main character who ruled all of his previous film appearances with, pardon the pun, Magnum Force.On the bright side this new storyline does draw several parallels to Harry's own unorthodox methods and gives his character dramatic depth that was not there before, but fans that were looking for another badass Harry outing will more than likely be somewhat disappointed.
[Text=This CharacterOffsetBegin=869 CharacterOffsetEnd=873 PartOfSpeech=DT] [Text=really CharacterOffsetBegin=874 CharacterOffsetEnd=880 PartOfSpeech=RB] [Text=detracts CharacterOffsetBegin=881 CharacterOffsetEnd=889 PartOfSpeech=VBZ] [Text=from CharacterOffsetBegin=890 CharacterOffsetEnd=894 PartOfSpeech=IN] [Text=the CharacterOffsetBegin=895 CharacterOffsetEnd=898 PartOfSpeech=DT] [Text=presence CharacterOffsetBegin=899 CharacterOffsetEnd=907 PartOfSpeech=NN] [Text=of CharacterOffsetBegin=908 CharacterOffsetEnd=910 PartOfSpeech=IN] [Text=the CharacterOffsetBegin=911 CharacterOffsetEnd=914 PartOfSpeech=DT] [Text=main CharacterOffsetBegin=915 CharacterOffsetEnd=919 PartOfSpeech=JJ] [Text=character CharacterOffsetBegin=920 CharacterOffsetEnd=929 PartOfSpeech=NN] [Text=who CharacterOffsetBegin=930 CharacterOffsetEnd=933 PartOfSpeech=WP] [Text=ruled CharacterOffsetBegin=934 CharacterOffsetEnd=939 PartOfSpeech=VBD] [Text=all CharacterOffsetBegin=940 CharacterOffsetEnd=943 PartOfSpeech=DT] [Text=of CharacterOffsetBegin=944 CharacterOffsetEnd=946 PartOfSpeech=IN] [Text=his CharacterOffsetBegin=947 CharacterOffsetEnd=950 PartOfSpeech=PRP$] [Text=previous CharacterOffsetBegin=951 CharacterOffsetEnd=959 PartOfSpeech=JJ] [Text=film CharacterOffsetBegin=960 CharacterOffsetEnd=964 PartOfSpeech=NN] [Text=appearances CharacterOffsetBegin=965 CharacterOffsetEnd=976 PartOfSpeech=NNS] [Text=with CharacterOffsetBegin=977 CharacterOffsetEnd=981 PartOfSpeech=IN] [Text=, CharacterOffsetBegin=981 CharacterOffsetEnd=982 PartOfSpeech=,] [Text=pardon CharacterOffsetBegin=983 CharacterOffsetEnd=989 PartOfSpeech=NN] [Text=the CharacterOffsetBegin=990 CharacterOffsetEnd=993 PartOfSpeech=DT] [Text=pun CharacterOffsetBegin=994 CharacterOffsetEnd=997 PartOfSpeech=NN] [Text=, CharacterOffsetBegin=997 CharacterOffsetEnd=998 PartOfSpeech=,] [Text=Magnum CharacterOffsetBegin=999 CharacterOffsetEnd=1005 PartOfSpeech=NNP] [Text=Force.On CharacterOffsetBegin=1006 CharacterOffsetEnd=1014 PartOfSpeech=NNP] [Text=the CharacterOffsetBegin=1015 CharacterOffsetEnd=1018 PartOfSpeech=DT] [Text=bright CharacterOffsetBegin=1019 CharacterOffsetEnd=1025 PartOfSpeech=JJ] [Text=side CharacterOffsetBegin=1026 CharacterOffsetEnd=1030 PartOfSpeech=NN] [Text=this CharacterOffsetBegin=1031 CharacterOffsetEnd=1035 PartOfSpeech=DT] [Text=new CharacterOffsetBegin=1036 CharacterOffsetEnd=1039 PartOfSpeech=JJ] [Text=storyline CharacterOffsetBegin=1040 CharacterOffsetEnd=1049 PartOfSpeech=NN] [Text=does CharacterOffsetBegin=1050 CharacterOffsetEnd=1054 PartOfSpeech=VBZ] [Text=draw CharacterOffsetBegin=1055 CharacterOffsetEnd=1059 PartOfSpeech=VB] [Text=several CharacterOffsetBegin=1060 CharacterOffsetEnd=1067 PartOfSpeech=JJ] [Text=parallels CharacterOffsetBegin=1068 CharacterOffsetEnd=1077 PartOfSpeech=NNS] [Text=to CharacterOffsetBegin=1078 CharacterOffsetEnd=1080 PartOfSpeech=TO] [Text=Harry CharacterOffsetBegin=1081 CharacterOffsetEnd=1086 PartOfSpeech=NNP] [Text='s CharacterOffsetBegin=1086 CharacterOffsetEnd=1088 PartOfSpeech=POS] [Text=own CharacterOffsetBegin=1089 CharacterOffsetEnd=1092 PartOfSpeech=JJ] [Text=unorthodox CharacterOffsetBegin=1093 CharacterOffsetEnd=1103 PartOfSpeech=JJ] [Text=methods CharacterOffsetBegin=1104 CharacterOffsetEnd=1111 PartOfSpeech=NNS] [Text=and CharacterOffsetBegin=1112 CharacterOffsetEnd=1115 PartOfSpeech=CC] [Text=gives CharacterOffsetBegin=1116 CharacterOffsetEnd=1121 PartOfSpeech=VBZ] [Text=his CharacterOffsetBegin=1122 CharacterOffsetEnd=1125 PartOfSpeech=PRP$] [Text=character CharacterOffsetBegin=1126 CharacterOffsetEnd=1135 PartOfSpeech=NN] [Text=dramatic CharacterOffsetBegin=1136 CharacterOffsetEnd=1144 PartOfSpeech=JJ] [Text=depth CharacterOffsetBegin=1145 CharacterOffsetEnd=1150 PartOfSpeech=NN] [Text=that CharacterOffsetBegin=1151 CharacterOffsetEnd=1155 PartOfSpeech=WDT] [Text=was CharacterOffsetBegin=1156 CharacterOffsetEnd=1159 PartOfSpeech=VBD] [Text=not CharacterOffsetBegin=1160 CharacterOffsetEnd=1163 PartOfSpeech=RB] [Text=there CharacterOffsetBegin=1164 CharacterOffsetEnd=1169 PartOfSpeech=RB] [Text=before CharacterOffsetBegin=1170 CharacterOffsetEnd=1176 PartOfSpeech=IN] [Text=, CharacterOffsetBegin=1176 CharacterOffsetEnd=1177 PartOfSpeech=,] [Text=but CharacterOffsetBegin=1178 CharacterOffsetEnd=1181 PartOfSpeech=CC] [Text=fans CharacterOffsetBegin=1182 CharacterOffsetEnd=1186 PartOfSpeech=NNS] [Text=that CharacterOffsetBegin=1187 CharacterOffsetEnd=1191 PartOfSpeech=WDT] [Text=were CharacterOffsetBegin=1192 CharacterOffsetEnd=1196 PartOfSpeech=VBD] [Text=looking CharacterOffsetBegin=1197 CharacterOffsetEnd=1204 PartOfSpeech=VBG] [Text=for CharacterOffsetBegin=1205 CharacterOffsetEnd=1208 PartOfSpeech=IN] [Text=another CharacterOffsetBegin=1209 CharacterOffsetEnd=1216 PartOfSpeech=DT] [Text=badass CharacterOffsetBegin=1217 CharacterOffsetEnd=1223 PartOfSpeech=NN] [Text=Harry CharacterOffsetBegin=1224 CharacterOffsetEnd=1229 PartOfSpeech=NNP] [Text=outing CharacterOffsetBegin=1230 CharacterOffsetEnd=1236 PartOfSpeech=NNP] [Text=will CharacterOffsetBegin=1237 CharacterOffsetEnd=1241 PartOfSpeech=MD] [Text=more CharacterOffsetBegin=1242 CharacterOffsetEnd=1246 PartOfSpeech=RBR] [Text=than CharacterOffsetBegin=1247 CharacterOffsetEnd=1251 PartOfSpeech=IN] [Text=likely CharacterOffsetBegin=1252 CharacterOffsetEnd=1258 PartOfSpeech=JJ] [Text=be CharacterOffsetBegin=1259 CharacterOffsetEnd=1261 PartOfSpeech=VB] [Text=somewhat CharacterOffsetBegin=1262 CharacterOffsetEnd=1270 PartOfSpeech=RB] [Text=disappointed CharacterOffsetBegin=1271 CharacterOffsetEnd=1283 PartOfSpeech=JJ] [Text=. CharacterOffsetBegin=1283 CharacterOffsetEnd=1284 PartOfSpeech=.] 
root(ROOT-0, detracts-3)
nsubj(detracts-3, This-1)
advmod(detracts-3, really-2)
prep(detracts-3, from-4)
det(presence-6, the-5)
pobj(from-4, presence-6)
prep(presence-6, of-7)
det(character-10, the-8)
amod(character-10, main-9)
pobj(of-7, character-10)
nsubj(ruled-12, who-11)
rcmod(character-10, ruled-12)
dobj(ruled-12, all-13)
prep(all-13, of-14)
poss(film-17, his-15)
amod(film-17, previous-16)
pobj(of-14, film-17)
dep(film-17, appearances-18)
advmod(disappointed-71, with-19)
punct(disappointed-71, ,-20)
nsubj(disappointed-71, pardon-21)
det(pun-23, the-22)
dep(pardon-21, pun-23)
punct(pun-23, ,-24)
nn(Force.On-26, Magnum-25)
conj(pun-23, Force.On-26)
det(side-29, the-27)
amod(side-29, bright-28)
dobj(Force.On-26, side-29)
det(storyline-32, this-30)
amod(storyline-32, new-31)
nsubj(draw-34, storyline-32)
aux(draw-34, does-33)
rcmod(side-29, draw-34)
amod(parallels-36, several-35)
dobj(draw-34, parallels-36)
prep(parallels-36, to-37)
poss(methods-42, Harry-38)
possessive(Harry-38, 's-39)
amod(methods-42, own-40)
amod(methods-42, unorthodox-41)
pobj(to-37, methods-42)
cc(pun-23, and-43)
conj(pun-23, gives-44)
poss(character-46, his-45)
dobj(gives-44, character-46)
amod(depth-48, dramatic-47)
dep(character-46, depth-48)
nsubj(was-50, that-49)
rcmod(depth-48, was-50)
neg(was-50, not-51)
advmod(was-50, there-52)
advmod(was-50, before-53)
punct(pardon-21, ,-54)
cc(pardon-21, but-55)
conj(pardon-21, fans-56)
nsubj(looking-59, that-57)
aux(looking-59, were-58)
rcmod(fans-56, looking-59)
prep(looking-59, for-60)
det(outing-64, another-61)
nn(outing-64, badass-62)
nn(outing-64, Harry-63)
pobj(for-60, outing-64)
aux(disappointed-71, will-65)
advmod(than-67, more-66)
advmod(likely-68, than-67)
dep(disappointed-71, likely-68)
cop(disappointed-71, be-69)
advmod(disappointed-71, somewhat-70)
amod(appearances-18, disappointed-71)
punct(detracts-3, .-72)

Sentence #8 (31 tokens):
However, a tense climax ends the film on an exciting note so if you don't mind something a little different, it is a good movie for fans.
[Text=However CharacterOffsetBegin=1289 CharacterOffsetEnd=1296 PartOfSpeech=RB] [Text=, CharacterOffsetBegin=1296 CharacterOffsetEnd=1297 PartOfSpeech=,] [Text=a CharacterOffsetBegin=1298 CharacterOffsetEnd=1299 PartOfSpeech=DT] [Text=tense CharacterOffsetBegin=1300 CharacterOffsetEnd=1305 PartOfSpeech=JJ] [Text=climax CharacterOffsetBegin=1306 CharacterOffsetEnd=1312 PartOfSpeech=NN] [Text=ends CharacterOffsetBegin=1313 CharacterOffsetEnd=1317 PartOfSpeech=VBZ] [Text=the CharacterOffsetBegin=1318 CharacterOffsetEnd=1321 PartOfSpeech=DT] [Text=film CharacterOffsetBegin=1322 CharacterOffsetEnd=1326 PartOfSpeech=NN] [Text=on CharacterOffsetBegin=1327 CharacterOffsetEnd=1329 PartOfSpeech=IN] [Text=an CharacterOffsetBegin=1330 CharacterOffsetEnd=1332 PartOfSpeech=DT] [Text=exciting CharacterOffsetBegin=1333 CharacterOffsetEnd=1341 PartOfSpeech=JJ] [Text=note CharacterOffsetBegin=1342 CharacterOffsetEnd=1346 PartOfSpeech=NN] [Text=so CharacterOffsetBegin=1347 CharacterOffsetEnd=1349 PartOfSpeech=IN] [Text=if CharacterOffsetBegin=1350 CharacterOffsetEnd=1352 PartOfSpeech=IN] [Text=you CharacterOffsetBegin=1353 CharacterOffsetEnd=1356 PartOfSpeech=PRP] [Text=do CharacterOffsetBegin=1357 CharacterOffsetEnd=1359 PartOfSpeech=VBP] [Text=n't CharacterOffsetBegin=1359 CharacterOffsetEnd=1362 PartOfSpeech=RB] [Text=mind CharacterOffsetBegin=1363 CharacterOffsetEnd=1367 PartOfSpeech=VB] [Text=something CharacterOffsetBegin=1368 CharacterOffsetEnd=1377 PartOfSpeech=NN] [Text=a CharacterOffsetBegin=1378 CharacterOffsetEnd=1379 PartOfSpeech=DT] [Text=little CharacterOffsetBegin=1380 CharacterOffsetEnd=1386 PartOfSpeech=JJ] [Text=different CharacterOffsetBegin=1387 CharacterOffsetEnd=1396 PartOfSpeech=JJ] [Text=, CharacterOffsetBegin=1396 CharacterOffsetEnd=1397 PartOfSpeech=,] [Text=it CharacterOffsetBegin=1398 CharacterOffsetEnd=1400 PartOfSpeech=PRP] [Text=is CharacterOffsetBegin=1401 CharacterOffsetEnd=1403 PartOfSpeech=VBZ] [Text=a CharacterOffsetBegin=1404 CharacterOffsetEnd=1405 PartOfSpeech=DT] [Text=good CharacterOffsetBegin=1406 CharacterOffsetEnd=1410 PartOfSpeech=JJ] [Text=movie CharacterOffsetBegin=1411 CharacterOffsetEnd=1416 PartOfSpeech=NN] [Text=for CharacterOffsetBegin=1417 CharacterOffsetEnd=1420 PartOfSpeech=IN] [Text=fans CharacterOffsetBegin=1421 CharacterOffsetEnd=1425 PartOfSpeech=NNS] [Text=. CharacterOffsetBegin=1425 CharacterOffsetEnd=1426 PartOfSpeech=.] 
root(ROOT-0, ends-6)
advmod(ends-6, However-1)
punct(ends-6, ,-2)
det(climax-5, a-3)
amod(climax-5, tense-4)
nsubj(ends-6, climax-5)
det(film-8, the-7)
dobj(ends-6, film-8)
prep(ends-6, on-9)
det(note-12, an-10)
amod(note-12, exciting-11)
pobj(on-9, note-12)
prep(ends-6, so-13)
mark(mind-18, if-14)
nsubj(mind-18, you-15)
aux(mind-18, do-16)
neg(mind-18, n't-17)
dep(so-13, mind-18)
dobj(mind-18, something-19)
det(little-21, a-20)
dobj(something-19, little-21)
amod(little-21, different-22)
punct(little-21, ,-23)
nsubj(movie-28, it-24)
cop(movie-28, is-25)
det(movie-28, a-26)
amod(movie-28, good-27)
rcmod(little-21, movie-28)
prep(movie-28, for-29)
pobj(for-29, fans-30)
punct(ends-6, .-31)

Sentence #9 (9 tokens):
--- 7/10Rated R for violence and a rape scene
[Text=-- CharacterOffsetBegin=1431 CharacterOffsetEnd=1434 PartOfSpeech=:] [Text=7/10Rated CharacterOffsetBegin=1435 CharacterOffsetEnd=1444 PartOfSpeech=VBN] [Text=R CharacterOffsetBegin=1445 CharacterOffsetEnd=1446 PartOfSpeech=NN] [Text=for CharacterOffsetBegin=1447 CharacterOffsetEnd=1450 PartOfSpeech=IN] [Text=violence CharacterOffsetBegin=1451 CharacterOffsetEnd=1459 PartOfSpeech=NN] [Text=and CharacterOffsetBegin=1460 CharacterOffsetEnd=1463 PartOfSpeech=CC] [Text=a CharacterOffsetBegin=1464 CharacterOffsetEnd=1465 PartOfSpeech=DT] [Text=rape CharacterOffsetBegin=1466 CharacterOffsetEnd=1470 PartOfSpeech=NN] [Text=scene CharacterOffsetBegin=1471 CharacterOffsetEnd=1476 PartOfSpeech=NN] 
root(ROOT-0, 7/10Rated-2)
punct(7/10Rated-2, ---1)
dep(7/10Rated-2, R-3)
prep(R-3, for-4)
pobj(for-4, violence-5)
cc(violence-5, and-6)
det(scene-9, a-7)
nn(scene-9, rape-8)
conj(violence-5, scene-9)

