Sentence #1 (36 tokens):
This film, along with WESTFRONT 1918, are my favorite Pabst-directed films and I enjoyed them more than his much more famous films which starred Louise Brooks (such as PANDORA'S BOX).
[Text=This CharacterOffsetBegin=4 CharacterOffsetEnd=8 PartOfSpeech=DT] [Text=film CharacterOffsetBegin=9 CharacterOffsetEnd=13 PartOfSpeech=NN] [Text=, CharacterOffsetBegin=13 CharacterOffsetEnd=14 PartOfSpeech=,] [Text=along CharacterOffsetBegin=15 CharacterOffsetEnd=20 PartOfSpeech=IN] [Text=with CharacterOffsetBegin=21 CharacterOffsetEnd=25 PartOfSpeech=IN] [Text=WESTFRONT CharacterOffsetBegin=26 CharacterOffsetEnd=35 PartOfSpeech=JJ] [Text=1918 CharacterOffsetBegin=36 CharacterOffsetEnd=40 PartOfSpeech=CD] [Text=, CharacterOffsetBegin=40 CharacterOffsetEnd=41 PartOfSpeech=,] [Text=are CharacterOffsetBegin=42 CharacterOffsetEnd=45 PartOfSpeech=VBP] [Text=my CharacterOffsetBegin=46 CharacterOffsetEnd=48 PartOfSpeech=PRP$] [Text=favorite CharacterOffsetBegin=49 CharacterOffsetEnd=57 PartOfSpeech=JJ] [Text=Pabst-directed CharacterOffsetBegin=58 CharacterOffsetEnd=72 PartOfSpeech=JJ] [Text=films CharacterOffsetBegin=73 CharacterOffsetEnd=78 PartOfSpeech=NNS] [Text=and CharacterOffsetBegin=79 CharacterOffsetEnd=82 PartOfSpeech=CC] [Text=I CharacterOffsetBegin=83 CharacterOffsetEnd=84 PartOfSpeech=PRP] [Text=enjoyed CharacterOffsetBegin=85 CharacterOffsetEnd=92 PartOfSpeech=VBD] [Text=them CharacterOffsetBegin=93 CharacterOffsetEnd=97 PartOfSpeech=PRP] [Text=more CharacterOffsetBegin=98 CharacterOffsetEnd=102 PartOfSpeech=JJR] [Text=than CharacterOffsetBegin=103 CharacterOffsetEnd=107 PartOfSpeech=IN] [Text=his CharacterOffsetBegin=108 CharacterOffsetEnd=111 PartOfSpeech=PRP$] [Text=much CharacterOffsetBegin=112 CharacterOffsetEnd=116 PartOfSpeech=JJ] [Text=more CharacterOffsetBegin=117 CharacterOffsetEnd=121 PartOfSpeech=RBR] [Text=famous CharacterOffsetBegin=122 CharacterOffsetEnd=128 PartOfSpeech=JJ] [Text=films CharacterOffsetBegin=129 CharacterOffsetEnd=134 PartOfSpeech=NNS] [Text=which CharacterOffsetBegin=135 CharacterOffsetEnd=140 PartOfSpeech=WDT] [Text=starred CharacterOffsetBegin=141 CharacterOffsetEnd=148 PartOfSpeech=VBD] [Text=Louise CharacterOffsetBegin=149 CharacterOffsetEnd=155 PartOfSpeech=NNP] [Text=Brooks CharacterOffsetBegin=156 CharacterOffsetEnd=162 PartOfSpeech=NNP] [Text=-LRB- CharacterOffsetBegin=163 CharacterOffsetEnd=164 PartOfSpeech=-LRB-] [Text=such CharacterOffsetBegin=164 CharacterOffsetEnd=168 PartOfSpeech=JJ] [Text=as CharacterOffsetBegin=169 CharacterOffsetEnd=171 PartOfSpeech=IN] [Text=PANDORA CharacterOffsetBegin=172 CharacterOffsetEnd=179 PartOfSpeech=NNP] [Text='S CharacterOffsetBegin=179 CharacterOffsetEnd=181 PartOfSpeech=POS] [Text=BOX CharacterOffsetBegin=182 CharacterOffsetEnd=185 PartOfSpeech=NN] [Text=-RRB- CharacterOffsetBegin=185 CharacterOffsetEnd=186 PartOfSpeech=-RRB-] [Text=. CharacterOffsetBegin=186 CharacterOffsetEnd=187 PartOfSpeech=.] 
root(ROOT-0, films-13)
det(film-2, This-1)
nsubj(films-13, film-2)
punct(film-2, ,-3)
prep(film-2, along-4)
pcomp(along-4, with-5)
amod(1918-7, WESTFRONT-6)
pobj(with-5, 1918-7)
punct(film-2, ,-8)
cop(films-13, are-9)
poss(films-13, my-10)
amod(films-13, favorite-11)
amod(films-13, Pabst-directed-12)
cc(films-13, and-14)
nsubj(enjoyed-16, I-15)
conj(films-13, enjoyed-16)
dobj(enjoyed-16, them-17)
advmod(enjoyed-16, more-18)
prep(more-18, than-19)
poss(films-24, his-20)
amod(films-24, much-21)
advmod(famous-23, more-22)
amod(films-24, famous-23)
pobj(than-19, films-24)
nsubj(starred-26, which-25)
rcmod(films-24, starred-26)
dobj(starred-26, Louise-27)
dep(Louise-27, Brooks-28)
punct(Brooks-28, -LRB--29)
mwe(as-31, such-30)
prep(-LRB--29, as-31)
poss(BOX-34, PANDORA-32)
possessive(PANDORA-32, 'S-33)
pobj(as-31, BOX-34)
punct(as-31, -RRB--35)
punct(films-13, .-36)

Sentence #2 (22 tokens):
It's probably because both are very similar to the Neo-Realist films that the Italians perfected in the 1940s and 50s.
[Text=It CharacterOffsetBegin=192 CharacterOffsetEnd=194 PartOfSpeech=PRP] [Text='s CharacterOffsetBegin=194 CharacterOffsetEnd=196 PartOfSpeech=VBZ] [Text=probably CharacterOffsetBegin=197 CharacterOffsetEnd=205 PartOfSpeech=RB] [Text=because CharacterOffsetBegin=206 CharacterOffsetEnd=213 PartOfSpeech=IN] [Text=both CharacterOffsetBegin=214 CharacterOffsetEnd=218 PartOfSpeech=DT] [Text=are CharacterOffsetBegin=219 CharacterOffsetEnd=222 PartOfSpeech=VBP] [Text=very CharacterOffsetBegin=223 CharacterOffsetEnd=227 PartOfSpeech=RB] [Text=similar CharacterOffsetBegin=228 CharacterOffsetEnd=235 PartOfSpeech=JJ] [Text=to CharacterOffsetBegin=236 CharacterOffsetEnd=238 PartOfSpeech=TO] [Text=the CharacterOffsetBegin=239 CharacterOffsetEnd=242 PartOfSpeech=DT] [Text=Neo-Realist CharacterOffsetBegin=243 CharacterOffsetEnd=254 PartOfSpeech=NNP] [Text=films CharacterOffsetBegin=255 CharacterOffsetEnd=260 PartOfSpeech=NNS] [Text=that CharacterOffsetBegin=261 CharacterOffsetEnd=265 PartOfSpeech=IN] [Text=the CharacterOffsetBegin=266 CharacterOffsetEnd=269 PartOfSpeech=DT] [Text=Italians CharacterOffsetBegin=270 CharacterOffsetEnd=278 PartOfSpeech=NNPS] [Text=perfected CharacterOffsetBegin=279 CharacterOffsetEnd=288 PartOfSpeech=VBD] [Text=in CharacterOffsetBegin=289 CharacterOffsetEnd=291 PartOfSpeech=IN] [Text=the CharacterOffsetBegin=292 CharacterOffsetEnd=295 PartOfSpeech=DT] [Text=1940s CharacterOffsetBegin=296 CharacterOffsetEnd=301 PartOfSpeech=NNS] [Text=and CharacterOffsetBegin=302 CharacterOffsetEnd=305 PartOfSpeech=CC] [Text=50s CharacterOffsetBegin=306 CharacterOffsetEnd=309 PartOfSpeech=NNS] [Text=. CharacterOffsetBegin=309 CharacterOffsetEnd=310 PartOfSpeech=.] 
root(ROOT-0, probably-3)
nsubj(probably-3, It-1)
cop(probably-3, 's-2)
mark(similar-8, because-4)
nsubj(similar-8, both-5)
cop(similar-8, are-6)
advmod(similar-8, very-7)
advcl(probably-3, similar-8)
prep(similar-8, to-9)
det(films-12, the-10)
nn(films-12, Neo-Realist-11)
pobj(to-9, films-12)
mark(perfected-16, that-13)
det(Italians-15, the-14)
nsubj(perfected-16, Italians-15)
ccomp(films-12, perfected-16)
prep(perfected-16, in-17)
det(1940s-19, the-18)
pobj(in-17, 1940s-19)
cc(1940s-19, and-20)
conj(1940s-19, 50s-21)
punct(probably-3, .-22)

Sentence #3 (52 tokens):
This style film called for using non-actors (just typical folks) in everyday settings in order to create intensely involving and realistic films.In this case, the film is about French and German coal miners, so appropriately, the people in the roles seem like miners--not actors.
[Text=This CharacterOffsetBegin=315 CharacterOffsetEnd=319 PartOfSpeech=DT] [Text=style CharacterOffsetBegin=320 CharacterOffsetEnd=325 PartOfSpeech=NN] [Text=film CharacterOffsetBegin=326 CharacterOffsetEnd=330 PartOfSpeech=NN] [Text=called CharacterOffsetBegin=331 CharacterOffsetEnd=337 PartOfSpeech=VBN] [Text=for CharacterOffsetBegin=338 CharacterOffsetEnd=341 PartOfSpeech=IN] [Text=using CharacterOffsetBegin=342 CharacterOffsetEnd=347 PartOfSpeech=VBG] [Text=non-actors CharacterOffsetBegin=348 CharacterOffsetEnd=358 PartOfSpeech=NNS] [Text=-LRB- CharacterOffsetBegin=359 CharacterOffsetEnd=360 PartOfSpeech=-LRB-] [Text=just CharacterOffsetBegin=360 CharacterOffsetEnd=364 PartOfSpeech=RB] [Text=typical CharacterOffsetBegin=365 CharacterOffsetEnd=372 PartOfSpeech=JJ] [Text=folks CharacterOffsetBegin=373 CharacterOffsetEnd=378 PartOfSpeech=NNS] [Text=-RRB- CharacterOffsetBegin=378 CharacterOffsetEnd=379 PartOfSpeech=-RRB-] [Text=in CharacterOffsetBegin=380 CharacterOffsetEnd=382 PartOfSpeech=IN] [Text=everyday CharacterOffsetBegin=383 CharacterOffsetEnd=391 PartOfSpeech=JJ] [Text=settings CharacterOffsetBegin=392 CharacterOffsetEnd=400 PartOfSpeech=NNS] [Text=in CharacterOffsetBegin=401 CharacterOffsetEnd=403 PartOfSpeech=IN] [Text=order CharacterOffsetBegin=404 CharacterOffsetEnd=409 PartOfSpeech=NN] [Text=to CharacterOffsetBegin=410 CharacterOffsetEnd=412 PartOfSpeech=TO] [Text=create CharacterOffsetBegin=413 CharacterOffsetEnd=419 PartOfSpeech=VB] [Text=intensely CharacterOffsetBegin=420 CharacterOffsetEnd=429 PartOfSpeech=RB] [Text=involving CharacterOffsetBegin=430 CharacterOffsetEnd=439 PartOfSpeech=VBG] [Text=and CharacterOffsetBegin=440 CharacterOffsetEnd=443 PartOfSpeech=CC] [Text=realistic CharacterOffsetBegin=444 CharacterOffsetEnd=453 PartOfSpeech=JJ] [Text=films.In CharacterOffsetBegin=454 CharacterOffsetEnd=462 PartOfSpeech=NN] [Text=this CharacterOffsetBegin=463 CharacterOffsetEnd=467 PartOfSpeech=DT] [Text=case CharacterOffsetBegin=468 CharacterOffsetEnd=472 PartOfSpeech=NN] [Text=, CharacterOffsetBegin=472 CharacterOffsetEnd=473 PartOfSpeech=,] [Text=the CharacterOffsetBegin=474 CharacterOffsetEnd=477 PartOfSpeech=DT] [Text=film CharacterOffsetBegin=478 CharacterOffsetEnd=482 PartOfSpeech=NN] [Text=is CharacterOffsetBegin=483 CharacterOffsetEnd=485 PartOfSpeech=VBZ] [Text=about CharacterOffsetBegin=486 CharacterOffsetEnd=491 PartOfSpeech=IN] [Text=French CharacterOffsetBegin=492 CharacterOffsetEnd=498 PartOfSpeech=JJ] [Text=and CharacterOffsetBegin=499 CharacterOffsetEnd=502 PartOfSpeech=CC] [Text=German CharacterOffsetBegin=503 CharacterOffsetEnd=509 PartOfSpeech=JJ] [Text=coal CharacterOffsetBegin=510 CharacterOffsetEnd=514 PartOfSpeech=NN] [Text=miners CharacterOffsetBegin=515 CharacterOffsetEnd=521 PartOfSpeech=NNS] [Text=, CharacterOffsetBegin=521 CharacterOffsetEnd=522 PartOfSpeech=,] [Text=so CharacterOffsetBegin=523 CharacterOffsetEnd=525 PartOfSpeech=RB] [Text=appropriately CharacterOffsetBegin=526 CharacterOffsetEnd=539 PartOfSpeech=RB] [Text=, CharacterOffsetBegin=539 CharacterOffsetEnd=540 PartOfSpeech=,] [Text=the CharacterOffsetBegin=541 CharacterOffsetEnd=544 PartOfSpeech=DT] [Text=people CharacterOffsetBegin=545 CharacterOffsetEnd=551 PartOfSpeech=NNS] [Text=in CharacterOffsetBegin=552 CharacterOffsetEnd=554 PartOfSpeech=IN] [Text=the CharacterOffsetBegin=555 CharacterOffsetEnd=558 PartOfSpeech=DT] [Text=roles CharacterOffsetBegin=559 CharacterOffsetEnd=564 PartOfSpeech=NNS] [Text=seem CharacterOffsetBegin=565 CharacterOffsetEnd=569 PartOfSpeech=VBP] [Text=like CharacterOffsetBegin=570 CharacterOffsetEnd=574 PartOfSpeech=IN] [Text=miners CharacterOffsetBegin=575 CharacterOffsetEnd=581 PartOfSpeech=NNS] [Text=-- CharacterOffsetBegin=581 CharacterOffsetEnd=583 PartOfSpeech=:] [Text=not CharacterOffsetBegin=583 CharacterOffsetEnd=586 PartOfSpeech=RB] [Text=actors CharacterOffsetBegin=587 CharacterOffsetEnd=593 PartOfSpeech=NNS] [Text=. CharacterOffsetBegin=593 CharacterOffsetEnd=594 PartOfSpeech=.] 
root(ROOT-0, film-3)
det(film-3, This-1)
nn(film-3, style-2)
partmod(film-3, called-4)
prep(called-4, for-5)
pcomp(for-5, using-6)
dobj(using-6, non-actors-7)
punct(folks-11, -LRB--8)
advmod(typical-10, just-9)
amod(folks-11, typical-10)
appos(non-actors-7, folks-11)
punct(folks-11, -RRB--12)
prep(using-6, in-13)
amod(settings-15, everyday-14)
pobj(in-13, settings-15)
mark(create-19, in-16)
dep(create-19, order-17)
aux(create-19, to-18)
advcl(using-6, create-19)
dobj(create-19, intensely-20)
partmod(intensely-20, involving-21)
cc(involving-21, and-22)
conj(involving-21, realistic-23)
dobj(involving-21, films.In-24)
det(case-26, this-25)
dobj(films.In-24, case-26)
punct(films.In-24, ,-27)
det(film-29, the-28)
appos(films.In-24, film-29)
dep(film-29, is-30)
prep(is-30, about-31)
amod(miners-36, French-32)
cc(French-32, and-33)
conj(French-32, German-34)
nn(miners-36, coal-35)
pobj(about-31, miners-36)
punct(is-30, ,-37)
advmod(appropriately-39, so-38)
dep(is-30, appropriately-39)
punct(appropriately-39, ,-40)
det(people-42, the-41)
nsubj(seem-46, people-42)
prep(people-42, in-43)
det(roles-45, the-44)
pobj(in-43, roles-45)
dep(appropriately-39, seem-46)
prep(seem-46, like-47)
pobj(like-47, miners-48)
punct(miners-48, ---49)
neg(actors-51, not-50)
dep(miners-48, actors-51)
punct(film-3, .-52)

Sentence #4 (20 tokens):
The central conflict as the film begins is that there is a huge mine located on the Franco-German border.
[Text=The CharacterOffsetBegin=599 CharacterOffsetEnd=602 PartOfSpeech=DT] [Text=central CharacterOffsetBegin=603 CharacterOffsetEnd=610 PartOfSpeech=JJ] [Text=conflict CharacterOffsetBegin=611 CharacterOffsetEnd=619 PartOfSpeech=NN] [Text=as CharacterOffsetBegin=620 CharacterOffsetEnd=622 PartOfSpeech=IN] [Text=the CharacterOffsetBegin=623 CharacterOffsetEnd=626 PartOfSpeech=DT] [Text=film CharacterOffsetBegin=627 CharacterOffsetEnd=631 PartOfSpeech=NN] [Text=begins CharacterOffsetBegin=632 CharacterOffsetEnd=638 PartOfSpeech=VBZ] [Text=is CharacterOffsetBegin=639 CharacterOffsetEnd=641 PartOfSpeech=VBZ] [Text=that CharacterOffsetBegin=642 CharacterOffsetEnd=646 PartOfSpeech=IN] [Text=there CharacterOffsetBegin=647 CharacterOffsetEnd=652 PartOfSpeech=EX] [Text=is CharacterOffsetBegin=653 CharacterOffsetEnd=655 PartOfSpeech=VBZ] [Text=a CharacterOffsetBegin=656 CharacterOffsetEnd=657 PartOfSpeech=DT] [Text=huge CharacterOffsetBegin=658 CharacterOffsetEnd=662 PartOfSpeech=JJ] [Text=mine CharacterOffsetBegin=663 CharacterOffsetEnd=667 PartOfSpeech=NN] [Text=located CharacterOffsetBegin=668 CharacterOffsetEnd=675 PartOfSpeech=JJ] [Text=on CharacterOffsetBegin=676 CharacterOffsetEnd=678 PartOfSpeech=IN] [Text=the CharacterOffsetBegin=679 CharacterOffsetEnd=682 PartOfSpeech=DT] [Text=Franco-German CharacterOffsetBegin=683 CharacterOffsetEnd=696 PartOfSpeech=JJ] [Text=border CharacterOffsetBegin=697 CharacterOffsetEnd=703 PartOfSpeech=NN] [Text=. CharacterOffsetBegin=703 CharacterOffsetEnd=704 PartOfSpeech=.] 
root(ROOT-0, begins-7)
det(conflict-3, The-1)
amod(conflict-3, central-2)
nsubj(begins-7, conflict-3)
prep(conflict-3, as-4)
det(film-6, the-5)
pobj(as-4, film-6)
ccomp(begins-7, is-8)
mark(is-11, that-9)
expl(is-11, there-10)
ccomp(is-8, is-11)
det(mine-14, a-12)
amod(mine-14, huge-13)
nsubj(is-11, mine-14)
partmod(mine-14, located-15)
prep(located-15, on-16)
det(border-19, the-17)
amod(border-19, Franco-German-18)
pobj(on-16, border-19)
punct(begins-7, .-20)

Sentence #5 (31 tokens):
Instead of one big mine, it is divided at the border and German workers are not welcome in the French mine, despite there being greater unemployment in Germany.
[Text=Instead CharacterOffsetBegin=709 CharacterOffsetEnd=716 PartOfSpeech=RB] [Text=of CharacterOffsetBegin=717 CharacterOffsetEnd=719 PartOfSpeech=IN] [Text=one CharacterOffsetBegin=720 CharacterOffsetEnd=723 PartOfSpeech=CD] [Text=big CharacterOffsetBegin=724 CharacterOffsetEnd=727 PartOfSpeech=JJ] [Text=mine CharacterOffsetBegin=728 CharacterOffsetEnd=732 PartOfSpeech=NN] [Text=, CharacterOffsetBegin=732 CharacterOffsetEnd=733 PartOfSpeech=,] [Text=it CharacterOffsetBegin=734 CharacterOffsetEnd=736 PartOfSpeech=PRP] [Text=is CharacterOffsetBegin=737 CharacterOffsetEnd=739 PartOfSpeech=VBZ] [Text=divided CharacterOffsetBegin=740 CharacterOffsetEnd=747 PartOfSpeech=VBN] [Text=at CharacterOffsetBegin=748 CharacterOffsetEnd=750 PartOfSpeech=IN] [Text=the CharacterOffsetBegin=751 CharacterOffsetEnd=754 PartOfSpeech=DT] [Text=border CharacterOffsetBegin=755 CharacterOffsetEnd=761 PartOfSpeech=NN] [Text=and CharacterOffsetBegin=762 CharacterOffsetEnd=765 PartOfSpeech=CC] [Text=German CharacterOffsetBegin=766 CharacterOffsetEnd=772 PartOfSpeech=JJ] [Text=workers CharacterOffsetBegin=773 CharacterOffsetEnd=780 PartOfSpeech=NNS] [Text=are CharacterOffsetBegin=781 CharacterOffsetEnd=784 PartOfSpeech=VBP] [Text=not CharacterOffsetBegin=785 CharacterOffsetEnd=788 PartOfSpeech=RB] [Text=welcome CharacterOffsetBegin=789 CharacterOffsetEnd=796 PartOfSpeech=VB] [Text=in CharacterOffsetBegin=797 CharacterOffsetEnd=799 PartOfSpeech=IN] [Text=the CharacterOffsetBegin=800 CharacterOffsetEnd=803 PartOfSpeech=DT] [Text=French CharacterOffsetBegin=804 CharacterOffsetEnd=810 PartOfSpeech=JJ] [Text=mine CharacterOffsetBegin=811 CharacterOffsetEnd=815 PartOfSpeech=NN] [Text=, CharacterOffsetBegin=815 CharacterOffsetEnd=816 PartOfSpeech=,] [Text=despite CharacterOffsetBegin=817 CharacterOffsetEnd=824 PartOfSpeech=IN] [Text=there CharacterOffsetBegin=825 CharacterOffsetEnd=830 PartOfSpeech=EX] [Text=being CharacterOffsetBegin=831 CharacterOffsetEnd=836 PartOfSpeech=VBG] [Text=greater CharacterOffsetBegin=837 CharacterOffsetEnd=844 PartOfSpeech=JJR] [Text=unemployment CharacterOffsetBegin=845 CharacterOffsetEnd=857 PartOfSpeech=NN] [Text=in CharacterOffsetBegin=858 CharacterOffsetEnd=860 PartOfSpeech=IN] [Text=Germany CharacterOffsetBegin=861 CharacterOffsetEnd=868 PartOfSpeech=NNP] [Text=. CharacterOffsetBegin=868 CharacterOffsetEnd=869 PartOfSpeech=.] 
root(ROOT-0, welcome-18)
advmod(of-2, Instead-1)
prep(divided-9, of-2)
num(mine-5, one-3)
amod(mine-5, big-4)
pobj(of-2, mine-5)
punct(divided-9, ,-6)
nsubjpass(divided-9, it-7)
auxpass(divided-9, is-8)
csubj(welcome-18, divided-9)
prep(divided-9, at-10)
det(border-12, the-11)
pobj(at-10, border-12)
cc(border-12, and-13)
amod(workers-15, German-14)
conj(border-12, workers-15)
cop(welcome-18, are-16)
neg(welcome-18, not-17)
prep(welcome-18, in-19)
det(mine-22, the-20)
amod(mine-22, French-21)
pobj(in-19, mine-22)
punct(welcome-18, ,-23)
prep(welcome-18, despite-24)
expl(unemployment-28, there-25)
dep(unemployment-28, being-26)
amod(unemployment-28, greater-27)
pobj(despite-24, unemployment-28)
prep(unemployment-28, in-29)
pobj(in-29, Germany-30)
punct(welcome-18, .-31)

Sentence #6 (33 tokens):
This, language differences (illustrated wonderfully in a dance hall scene) and WWI conspire to create a huge rift between the factions--resulting in a WE vs.
    THEY mentality.
[Text=This CharacterOffsetBegin=874 CharacterOffsetEnd=878 PartOfSpeech=DT] [Text=, CharacterOffsetBegin=878 CharacterOffsetEnd=879 PartOfSpeech=,] [Text=language CharacterOffsetBegin=880 CharacterOffsetEnd=888 PartOfSpeech=NN] [Text=differences CharacterOffsetBegin=889 CharacterOffsetEnd=900 PartOfSpeech=NNS] [Text=-LRB- CharacterOffsetBegin=901 CharacterOffsetEnd=902 PartOfSpeech=-LRB-] [Text=illustrated CharacterOffsetBegin=902 CharacterOffsetEnd=913 PartOfSpeech=JJ] [Text=wonderfully CharacterOffsetBegin=914 CharacterOffsetEnd=925 PartOfSpeech=RB] [Text=in CharacterOffsetBegin=926 CharacterOffsetEnd=928 PartOfSpeech=IN] [Text=a CharacterOffsetBegin=929 CharacterOffsetEnd=930 PartOfSpeech=DT] [Text=dance CharacterOffsetBegin=931 CharacterOffsetEnd=936 PartOfSpeech=NN] [Text=hall CharacterOffsetBegin=937 CharacterOffsetEnd=941 PartOfSpeech=NN] [Text=scene CharacterOffsetBegin=942 CharacterOffsetEnd=947 PartOfSpeech=NN] [Text=-RRB- CharacterOffsetBegin=947 CharacterOffsetEnd=948 PartOfSpeech=-RRB-] [Text=and CharacterOffsetBegin=949 CharacterOffsetEnd=952 PartOfSpeech=CC] [Text=WWI CharacterOffsetBegin=953 CharacterOffsetEnd=956 PartOfSpeech=NNP] [Text=conspire CharacterOffsetBegin=957 CharacterOffsetEnd=965 PartOfSpeech=VBP] [Text=to CharacterOffsetBegin=966 CharacterOffsetEnd=968 PartOfSpeech=TO] [Text=create CharacterOffsetBegin=969 CharacterOffsetEnd=975 PartOfSpeech=VB] [Text=a CharacterOffsetBegin=976 CharacterOffsetEnd=977 PartOfSpeech=DT] [Text=huge CharacterOffsetBegin=978 CharacterOffsetEnd=982 PartOfSpeech=JJ] [Text=rift CharacterOffsetBegin=983 CharacterOffsetEnd=987 PartOfSpeech=NN] [Text=between CharacterOffsetBegin=988 CharacterOffsetEnd=995 PartOfSpeech=IN] [Text=the CharacterOffsetBegin=996 CharacterOffsetEnd=999 PartOfSpeech=DT] [Text=factions CharacterOffsetBegin=1000 CharacterOffsetEnd=1008 PartOfSpeech=NNS] [Text=-- CharacterOffsetBegin=1008 CharacterOffsetEnd=1010 PartOfSpeech=:] [Text=resulting CharacterOffsetBegin=1010 CharacterOffsetEnd=1019 PartOfSpeech=VBG] [Text=in CharacterOffsetBegin=1020 CharacterOffsetEnd=1022 PartOfSpeech=IN] [Text=a CharacterOffsetBegin=1023 CharacterOffsetEnd=1024 PartOfSpeech=DT] [Text=WE CharacterOffsetBegin=1025 CharacterOffsetEnd=1027 PartOfSpeech=NNP] [Text=vs. CharacterOffsetBegin=1028 CharacterOffsetEnd=1031 PartOfSpeech=FW] [Text=THEY CharacterOffsetBegin=1036 CharacterOffsetEnd=1040 PartOfSpeech=NNP] [Text=mentality CharacterOffsetBegin=1041 CharacterOffsetEnd=1050 PartOfSpeech=NN] [Text=. CharacterOffsetBegin=1050 CharacterOffsetEnd=1051 PartOfSpeech=.] 
root(ROOT-0, conspire-16)
nsubj(conspire-16, This-1)
punct(This-1, ,-2)
nn(differences-4, language-3)
conj(This-1, differences-4)
punct(illustrated-6, -LRB--5)
dep(differences-4, illustrated-6)
dep(illustrated-6, wonderfully-7)
prep(wonderfully-7, in-8)
det(scene-12, a-9)
nn(scene-12, dance-10)
nn(scene-12, hall-11)
pobj(in-8, scene-12)
punct(illustrated-6, -RRB--13)
cc(This-1, and-14)
conj(This-1, WWI-15)
aux(create-18, to-17)
xcomp(conspire-16, create-18)
det(rift-21, a-19)
amod(rift-21, huge-20)
dobj(create-18, rift-21)
prep(rift-21, between-22)
det(factions-24, the-23)
pobj(between-22, factions-24)
punct(create-18, ---25)
dep(create-18, resulting-26)
prep(resulting-26, in-27)
det(mentality-32, a-28)
nn(mentality-32, WE-29)
nn(mentality-32, vs.-30)
nn(mentality-32, THEY-31)
pobj(in-27, mentality-32)
punct(conspire-16, .-33)

Sentence #7 (22 tokens):
Later, an explosion causes a huge collapse in the French and the Germans refuse to sit back and do nothing.
[Text=Later CharacterOffsetBegin=1056 CharacterOffsetEnd=1061 PartOfSpeech=RB] [Text=, CharacterOffsetBegin=1061 CharacterOffsetEnd=1062 PartOfSpeech=,] [Text=an CharacterOffsetBegin=1063 CharacterOffsetEnd=1065 PartOfSpeech=DT] [Text=explosion CharacterOffsetBegin=1066 CharacterOffsetEnd=1075 PartOfSpeech=NN] [Text=causes CharacterOffsetBegin=1076 CharacterOffsetEnd=1082 PartOfSpeech=VBZ] [Text=a CharacterOffsetBegin=1083 CharacterOffsetEnd=1084 PartOfSpeech=DT] [Text=huge CharacterOffsetBegin=1085 CharacterOffsetEnd=1089 PartOfSpeech=JJ] [Text=collapse CharacterOffsetBegin=1090 CharacterOffsetEnd=1098 PartOfSpeech=NN] [Text=in CharacterOffsetBegin=1099 CharacterOffsetEnd=1101 PartOfSpeech=IN] [Text=the CharacterOffsetBegin=1102 CharacterOffsetEnd=1105 PartOfSpeech=DT] [Text=French CharacterOffsetBegin=1106 CharacterOffsetEnd=1112 PartOfSpeech=JJ] [Text=and CharacterOffsetBegin=1113 CharacterOffsetEnd=1116 PartOfSpeech=CC] [Text=the CharacterOffsetBegin=1117 CharacterOffsetEnd=1120 PartOfSpeech=DT] [Text=Germans CharacterOffsetBegin=1121 CharacterOffsetEnd=1128 PartOfSpeech=NNPS] [Text=refuse CharacterOffsetBegin=1129 CharacterOffsetEnd=1135 PartOfSpeech=VBP] [Text=to CharacterOffsetBegin=1136 CharacterOffsetEnd=1138 PartOfSpeech=TO] [Text=sit CharacterOffsetBegin=1139 CharacterOffsetEnd=1142 PartOfSpeech=VB] [Text=back CharacterOffsetBegin=1143 CharacterOffsetEnd=1147 PartOfSpeech=RB] [Text=and CharacterOffsetBegin=1148 CharacterOffsetEnd=1151 PartOfSpeech=CC] [Text=do CharacterOffsetBegin=1152 CharacterOffsetEnd=1154 PartOfSpeech=VB] [Text=nothing CharacterOffsetBegin=1155 CharacterOffsetEnd=1162 PartOfSpeech=NN] [Text=. CharacterOffsetBegin=1162 CharacterOffsetEnd=1163 PartOfSpeech=.] 
root(ROOT-0, causes-5)
advmod(causes-5, Later-1)
punct(causes-5, ,-2)
det(explosion-4, an-3)
nsubj(causes-5, explosion-4)
det(collapse-8, a-6)
amod(collapse-8, huge-7)
dobj(causes-5, collapse-8)
prep(collapse-8, in-9)
det(French-11, the-10)
pobj(in-9, French-11)
cc(causes-5, and-12)
det(Germans-14, the-13)
nsubj(refuse-15, Germans-14)
conj(causes-5, refuse-15)
aux(sit-17, to-16)
xcomp(refuse-15, sit-17)
advmod(sit-17, back-18)
cc(sit-17, and-19)
conj(sit-17, do-20)
dobj(do-20, nothing-21)
punct(causes-5, .-22)

Sentence #8 (45 tokens):
Risking their own lives, they prove that there is true comradeship between miners and men in general.The film is a strong criticism of xenophobia and tried, in vain, to get the German audiences to see the futility of war and hatred.
[Text=Risking CharacterOffsetBegin=1168 CharacterOffsetEnd=1175 PartOfSpeech=VBG] [Text=their CharacterOffsetBegin=1176 CharacterOffsetEnd=1181 PartOfSpeech=PRP$] [Text=own CharacterOffsetBegin=1182 CharacterOffsetEnd=1185 PartOfSpeech=JJ] [Text=lives CharacterOffsetBegin=1186 CharacterOffsetEnd=1191 PartOfSpeech=NNS] [Text=, CharacterOffsetBegin=1191 CharacterOffsetEnd=1192 PartOfSpeech=,] [Text=they CharacterOffsetBegin=1193 CharacterOffsetEnd=1197 PartOfSpeech=PRP] [Text=prove CharacterOffsetBegin=1198 CharacterOffsetEnd=1203 PartOfSpeech=VBP] [Text=that CharacterOffsetBegin=1204 CharacterOffsetEnd=1208 PartOfSpeech=IN] [Text=there CharacterOffsetBegin=1209 CharacterOffsetEnd=1214 PartOfSpeech=EX] [Text=is CharacterOffsetBegin=1215 CharacterOffsetEnd=1217 PartOfSpeech=VBZ] [Text=true CharacterOffsetBegin=1218 CharacterOffsetEnd=1222 PartOfSpeech=JJ] [Text=comradeship CharacterOffsetBegin=1223 CharacterOffsetEnd=1234 PartOfSpeech=NN] [Text=between CharacterOffsetBegin=1235 CharacterOffsetEnd=1242 PartOfSpeech=IN] [Text=miners CharacterOffsetBegin=1243 CharacterOffsetEnd=1249 PartOfSpeech=NNS] [Text=and CharacterOffsetBegin=1250 CharacterOffsetEnd=1253 PartOfSpeech=CC] [Text=men CharacterOffsetBegin=1254 CharacterOffsetEnd=1257 PartOfSpeech=NNS] [Text=in CharacterOffsetBegin=1258 CharacterOffsetEnd=1260 PartOfSpeech=IN] [Text=general.The CharacterOffsetBegin=1261 CharacterOffsetEnd=1272 PartOfSpeech=NN] [Text=film CharacterOffsetBegin=1273 CharacterOffsetEnd=1277 PartOfSpeech=NN] [Text=is CharacterOffsetBegin=1278 CharacterOffsetEnd=1280 PartOfSpeech=VBZ] [Text=a CharacterOffsetBegin=1281 CharacterOffsetEnd=1282 PartOfSpeech=DT] [Text=strong CharacterOffsetBegin=1283 CharacterOffsetEnd=1289 PartOfSpeech=JJ] [Text=criticism CharacterOffsetBegin=1290 CharacterOffsetEnd=1299 PartOfSpeech=NN] [Text=of CharacterOffsetBegin=1300 CharacterOffsetEnd=1302 PartOfSpeech=IN] [Text=xenophobia CharacterOffsetBegin=1303 CharacterOffsetEnd=1313 PartOfSpeech=NN] [Text=and CharacterOffsetBegin=1314 CharacterOffsetEnd=1317 PartOfSpeech=CC] [Text=tried CharacterOffsetBegin=1318 CharacterOffsetEnd=1323 PartOfSpeech=VBD] [Text=, CharacterOffsetBegin=1323 CharacterOffsetEnd=1324 PartOfSpeech=,] [Text=in CharacterOffsetBegin=1325 CharacterOffsetEnd=1327 PartOfSpeech=IN] [Text=vain CharacterOffsetBegin=1328 CharacterOffsetEnd=1332 PartOfSpeech=JJ] [Text=, CharacterOffsetBegin=1332 CharacterOffsetEnd=1333 PartOfSpeech=,] [Text=to CharacterOffsetBegin=1334 CharacterOffsetEnd=1336 PartOfSpeech=TO] [Text=get CharacterOffsetBegin=1337 CharacterOffsetEnd=1340 PartOfSpeech=VB] [Text=the CharacterOffsetBegin=1341 CharacterOffsetEnd=1344 PartOfSpeech=DT] [Text=German CharacterOffsetBegin=1345 CharacterOffsetEnd=1351 PartOfSpeech=JJ] [Text=audiences CharacterOffsetBegin=1352 CharacterOffsetEnd=1361 PartOfSpeech=NNS] [Text=to CharacterOffsetBegin=1362 CharacterOffsetEnd=1364 PartOfSpeech=TO] [Text=see CharacterOffsetBegin=1365 CharacterOffsetEnd=1368 PartOfSpeech=VB] [Text=the CharacterOffsetBegin=1369 CharacterOffsetEnd=1372 PartOfSpeech=DT] [Text=futility CharacterOffsetBegin=1373 CharacterOffsetEnd=1381 PartOfSpeech=NN] [Text=of CharacterOffsetBegin=1382 CharacterOffsetEnd=1384 PartOfSpeech=IN] [Text=war CharacterOffsetBegin=1385 CharacterOffsetEnd=1388 PartOfSpeech=NN] [Text=and CharacterOffsetBegin=1389 CharacterOffsetEnd=1392 PartOfSpeech=CC] [Text=hatred CharacterOffsetBegin=1393 CharacterOffsetEnd=1399 PartOfSpeech=NN] [Text=. CharacterOffsetBegin=1399 CharacterOffsetEnd=1400 PartOfSpeech=.] 
root(ROOT-0, criticism-23)
partmod(prove-7, Risking-1)
poss(lives-4, their-2)
amod(lives-4, own-3)
dobj(Risking-1, lives-4)
punct(prove-7, ,-5)
nsubj(prove-7, they-6)
csubj(criticism-23, prove-7)
mark(is-10, that-8)
expl(is-10, there-9)
ccomp(prove-7, is-10)
amod(comradeship-12, true-11)
nsubj(is-10, comradeship-12)
prep(comradeship-12, between-13)
pobj(between-13, miners-14)
cc(miners-14, and-15)
conj(miners-14, men-16)
prep(miners-14, in-17)
nn(film-19, general.The-18)
pobj(in-17, film-19)
cop(criticism-23, is-20)
det(criticism-23, a-21)
amod(criticism-23, strong-22)
prep(criticism-23, of-24)
pobj(of-24, xenophobia-25)
cc(criticism-23, and-26)
conj(criticism-23, tried-27)
punct(tried-27, ,-28)
prep(tried-27, in-29)
pobj(in-29, vain-30)
punct(criticism-23, ,-31)
aux(get-33, to-32)
infmod(criticism-23, get-33)
det(audiences-36, the-34)
amod(audiences-36, German-35)
nsubj(see-38, audiences-36)
aux(see-38, to-37)
xcomp(get-33, see-38)
det(futility-40, the-39)
dobj(see-38, futility-40)
prep(futility-40, of-41)
pobj(of-41, war-42)
cc(war-42, and-43)
conj(war-42, hatred-44)
punct(criticism-23, .-45)

Sentence #9 (19 tokens):
It was a gorgeously moving film with some of the scariest and claustrophobic images I have ever seen.
[Text=It CharacterOffsetBegin=1405 CharacterOffsetEnd=1407 PartOfSpeech=PRP] [Text=was CharacterOffsetBegin=1408 CharacterOffsetEnd=1411 PartOfSpeech=VBD] [Text=a CharacterOffsetBegin=1412 CharacterOffsetEnd=1413 PartOfSpeech=DT] [Text=gorgeously CharacterOffsetBegin=1414 CharacterOffsetEnd=1424 PartOfSpeech=RB] [Text=moving CharacterOffsetBegin=1425 CharacterOffsetEnd=1431 PartOfSpeech=VBG] [Text=film CharacterOffsetBegin=1432 CharacterOffsetEnd=1436 PartOfSpeech=NN] [Text=with CharacterOffsetBegin=1437 CharacterOffsetEnd=1441 PartOfSpeech=IN] [Text=some CharacterOffsetBegin=1442 CharacterOffsetEnd=1446 PartOfSpeech=DT] [Text=of CharacterOffsetBegin=1447 CharacterOffsetEnd=1449 PartOfSpeech=IN] [Text=the CharacterOffsetBegin=1450 CharacterOffsetEnd=1453 PartOfSpeech=DT] [Text=scariest CharacterOffsetBegin=1454 CharacterOffsetEnd=1462 PartOfSpeech=JJS] [Text=and CharacterOffsetBegin=1463 CharacterOffsetEnd=1466 PartOfSpeech=CC] [Text=claustrophobic CharacterOffsetBegin=1467 CharacterOffsetEnd=1481 PartOfSpeech=JJ] [Text=images CharacterOffsetBegin=1482 CharacterOffsetEnd=1488 PartOfSpeech=NNS] [Text=I CharacterOffsetBegin=1489 CharacterOffsetEnd=1490 PartOfSpeech=PRP] [Text=have CharacterOffsetBegin=1491 CharacterOffsetEnd=1495 PartOfSpeech=VBP] [Text=ever CharacterOffsetBegin=1496 CharacterOffsetEnd=1500 PartOfSpeech=RB] [Text=seen CharacterOffsetBegin=1501 CharacterOffsetEnd=1505 PartOfSpeech=VBN] [Text=. CharacterOffsetBegin=1505 CharacterOffsetEnd=1506 PartOfSpeech=.] 
root(ROOT-0, film-6)
nsubj(film-6, It-1)
cop(film-6, was-2)
det(film-6, a-3)
amod(film-6, gorgeously-4)
amod(film-6, moving-5)
prep(film-6, with-7)
pobj(with-7, some-8)
prep(some-8, of-9)
det(images-14, the-10)
amod(images-14, scariest-11)
cc(scariest-11, and-12)
conj(scariest-11, claustrophobic-13)
pobj(of-9, images-14)
nsubj(seen-18, I-15)
aux(seen-18, have-16)
advmod(seen-18, ever-17)
rcmod(images-14, seen-18)
punct(film-6, .-19)

Sentence #10 (14 tokens):
Considering history, though, the film's impact was minimal at best.
[Text=Considering CharacterOffsetBegin=1511 CharacterOffsetEnd=1522 PartOfSpeech=VBG] [Text=history CharacterOffsetBegin=1523 CharacterOffsetEnd=1530 PartOfSpeech=NN] [Text=, CharacterOffsetBegin=1530 CharacterOffsetEnd=1531 PartOfSpeech=,] [Text=though CharacterOffsetBegin=1532 CharacterOffsetEnd=1538 PartOfSpeech=RB] [Text=, CharacterOffsetBegin=1538 CharacterOffsetEnd=1539 PartOfSpeech=,] [Text=the CharacterOffsetBegin=1540 CharacterOffsetEnd=1543 PartOfSpeech=DT] [Text=film CharacterOffsetBegin=1544 CharacterOffsetEnd=1548 PartOfSpeech=NN] [Text='s CharacterOffsetBegin=1548 CharacterOffsetEnd=1550 PartOfSpeech=POS] [Text=impact CharacterOffsetBegin=1551 CharacterOffsetEnd=1557 PartOfSpeech=NN] [Text=was CharacterOffsetBegin=1558 CharacterOffsetEnd=1561 PartOfSpeech=VBD] [Text=minimal CharacterOffsetBegin=1562 CharacterOffsetEnd=1569 PartOfSpeech=JJ] [Text=at CharacterOffsetBegin=1570 CharacterOffsetEnd=1572 PartOfSpeech=IN] [Text=best CharacterOffsetBegin=1573 CharacterOffsetEnd=1577 PartOfSpeech=JJS] [Text=. CharacterOffsetBegin=1577 CharacterOffsetEnd=1578 PartOfSpeech=.] 
root(ROOT-0, minimal-11)
nn(history-2, Considering-1)
nsubj(minimal-11, history-2)
punct(minimal-11, ,-3)
advmod(minimal-11, though-4)
punct(minimal-11, ,-5)
det(film-7, the-6)
poss(impact-9, film-7)
possessive(film-7, 's-8)
nsubj(minimal-11, impact-9)
cop(minimal-11, was-10)
prep(minimal-11, at-12)
pobj(at-12, best-13)
punct(minimal-11, .-14)

Sentence #11 (45 tokens):
It's a real shame, as like this one, WESTFRONT 1918, JACCUSE (Gance) and ALL QUIET ON THE WESTERN FRONT (Milestone) had great messages of peace and harmony but ultimately were failures in positively swaying public opinion.
[Text=It CharacterOffsetBegin=1583 CharacterOffsetEnd=1585 PartOfSpeech=PRP] [Text='s CharacterOffsetBegin=1585 CharacterOffsetEnd=1587 PartOfSpeech=VBZ] [Text=a CharacterOffsetBegin=1588 CharacterOffsetEnd=1589 PartOfSpeech=DT] [Text=real CharacterOffsetBegin=1590 CharacterOffsetEnd=1594 PartOfSpeech=JJ] [Text=shame CharacterOffsetBegin=1595 CharacterOffsetEnd=1600 PartOfSpeech=NN] [Text=, CharacterOffsetBegin=1600 CharacterOffsetEnd=1601 PartOfSpeech=,] [Text=as CharacterOffsetBegin=1602 CharacterOffsetEnd=1604 PartOfSpeech=IN] [Text=like CharacterOffsetBegin=1605 CharacterOffsetEnd=1609 PartOfSpeech=IN] [Text=this CharacterOffsetBegin=1610 CharacterOffsetEnd=1614 PartOfSpeech=DT] [Text=one CharacterOffsetBegin=1615 CharacterOffsetEnd=1618 PartOfSpeech=CD] [Text=, CharacterOffsetBegin=1618 CharacterOffsetEnd=1619 PartOfSpeech=,] [Text=WESTFRONT CharacterOffsetBegin=1620 CharacterOffsetEnd=1629 PartOfSpeech=JJ] [Text=1918 CharacterOffsetBegin=1630 CharacterOffsetEnd=1634 PartOfSpeech=CD] [Text=, CharacterOffsetBegin=1634 CharacterOffsetEnd=1635 PartOfSpeech=,] [Text=JACCUSE CharacterOffsetBegin=1636 CharacterOffsetEnd=1643 PartOfSpeech=NN] [Text=-LRB- CharacterOffsetBegin=1644 CharacterOffsetEnd=1645 PartOfSpeech=-LRB-] [Text=Gance CharacterOffsetBegin=1645 CharacterOffsetEnd=1650 PartOfSpeech=NN] [Text=-RRB- CharacterOffsetBegin=1650 CharacterOffsetEnd=1651 PartOfSpeech=-RRB-] [Text=and CharacterOffsetBegin=1652 CharacterOffsetEnd=1655 PartOfSpeech=CC] [Text=ALL CharacterOffsetBegin=1656 CharacterOffsetEnd=1659 PartOfSpeech=NN] [Text=QUIET CharacterOffsetBegin=1660 CharacterOffsetEnd=1665 PartOfSpeech=JJ] [Text=ON CharacterOffsetBegin=1666 CharacterOffsetEnd=1668 PartOfSpeech=IN] [Text=THE CharacterOffsetBegin=1669 CharacterOffsetEnd=1672 PartOfSpeech=DT] [Text=WESTERN CharacterOffsetBegin=1673 CharacterOffsetEnd=1680 PartOfSpeech=JJ] [Text=FRONT CharacterOffsetBegin=1681 CharacterOffsetEnd=1686 PartOfSpeech=NN] [Text=-LRB- CharacterOffsetBegin=1687 CharacterOffsetEnd=1688 PartOfSpeech=-LRB-] [Text=Milestone CharacterOffsetBegin=1688 CharacterOffsetEnd=1697 PartOfSpeech=NN] [Text=-RRB- CharacterOffsetBegin=1697 CharacterOffsetEnd=1698 PartOfSpeech=-RRB-] [Text=had CharacterOffsetBegin=1699 CharacterOffsetEnd=1702 PartOfSpeech=VBD] [Text=great CharacterOffsetBegin=1703 CharacterOffsetEnd=1708 PartOfSpeech=JJ] [Text=messages CharacterOffsetBegin=1709 CharacterOffsetEnd=1717 PartOfSpeech=NNS] [Text=of CharacterOffsetBegin=1718 CharacterOffsetEnd=1720 PartOfSpeech=IN] [Text=peace CharacterOffsetBegin=1721 CharacterOffsetEnd=1726 PartOfSpeech=NN] [Text=and CharacterOffsetBegin=1727 CharacterOffsetEnd=1730 PartOfSpeech=CC] [Text=harmony CharacterOffsetBegin=1731 CharacterOffsetEnd=1738 PartOfSpeech=NN] [Text=but CharacterOffsetBegin=1739 CharacterOffsetEnd=1742 PartOfSpeech=CC] [Text=ultimately CharacterOffsetBegin=1743 CharacterOffsetEnd=1753 PartOfSpeech=RB] [Text=were CharacterOffsetBegin=1754 CharacterOffsetEnd=1758 PartOfSpeech=VBD] [Text=failures CharacterOffsetBegin=1759 CharacterOffsetEnd=1767 PartOfSpeech=NNS] [Text=in CharacterOffsetBegin=1768 CharacterOffsetEnd=1770 PartOfSpeech=IN] [Text=positively CharacterOffsetBegin=1771 CharacterOffsetEnd=1781 PartOfSpeech=RB] [Text=swaying CharacterOffsetBegin=1782 CharacterOffsetEnd=1789 PartOfSpeech=VBG] [Text=public CharacterOffsetBegin=1790 CharacterOffsetEnd=1796 PartOfSpeech=JJ] [Text=opinion CharacterOffsetBegin=1797 CharacterOffsetEnd=1804 PartOfSpeech=NN] [Text=. CharacterOffsetBegin=1804 CharacterOffsetEnd=1805 PartOfSpeech=.] 
root(ROOT-0, shame-5)
nsubj(shame-5, It-1)
cop(shame-5, 's-2)
det(shame-5, a-3)
amod(shame-5, real-4)
punct(shame-5, ,-6)
prep(shame-5, as-7)
pcomp(as-7, like-8)
det(one-10, this-9)
pobj(like-8, one-10)
punct(shame-5, ,-11)
amod(shame-5, WESTFRONT-12)
dep(WESTFRONT-12, 1918-13)
punct(shame-5, ,-14)
conj(shame-5, JACCUSE-15)
punct(Gance-17, -LRB--16)
dep(JACCUSE-15, Gance-17)
punct(Gance-17, -RRB--18)
cc(shame-5, and-19)
conj(shame-5, ALL-20)
nsubj(had-29, QUIET-21)
dep(had-29, ON-22)
dep(had-29, THE-23)
dep(had-29, WESTERN-24)
nsubj(had-29, FRONT-25)
punct(Milestone-27, -LRB--26)
appos(FRONT-25, Milestone-27)
punct(Milestone-27, -RRB--28)
rcmod(ALL-20, had-29)
amod(messages-31, great-30)
dobj(had-29, messages-31)
prep(messages-31, of-32)
pobj(of-32, peace-33)
cc(peace-33, and-34)
conj(peace-33, harmony-35)
cc(had-29, but-36)
advmod(failures-39, ultimately-37)
cop(failures-39, were-38)
conj(had-29, failures-39)
prep(failures-39, in-40)
advmod(swaying-42, positively-41)
pcomp(in-40, swaying-42)
amod(opinion-44, public-43)
dobj(swaying-42, opinion-44)
punct(shame-5, .-45)

Sentence #12 (22 tokens):
So, from a historical point of view, it's an amazing and sad relic that is well worth seeing.
[Text=So CharacterOffsetBegin=1810 CharacterOffsetEnd=1812 PartOfSpeech=RB] [Text=, CharacterOffsetBegin=1812 CharacterOffsetEnd=1813 PartOfSpeech=,] [Text=from CharacterOffsetBegin=1814 CharacterOffsetEnd=1818 PartOfSpeech=IN] [Text=a CharacterOffsetBegin=1819 CharacterOffsetEnd=1820 PartOfSpeech=DT] [Text=historical CharacterOffsetBegin=1821 CharacterOffsetEnd=1831 PartOfSpeech=JJ] [Text=point CharacterOffsetBegin=1832 CharacterOffsetEnd=1837 PartOfSpeech=NN] [Text=of CharacterOffsetBegin=1838 CharacterOffsetEnd=1840 PartOfSpeech=IN] [Text=view CharacterOffsetBegin=1841 CharacterOffsetEnd=1845 PartOfSpeech=NN] [Text=, CharacterOffsetBegin=1845 CharacterOffsetEnd=1846 PartOfSpeech=,] [Text=it CharacterOffsetBegin=1847 CharacterOffsetEnd=1849 PartOfSpeech=PRP] [Text='s CharacterOffsetBegin=1849 CharacterOffsetEnd=1851 PartOfSpeech=VBZ] [Text=an CharacterOffsetBegin=1852 CharacterOffsetEnd=1854 PartOfSpeech=DT] [Text=amazing CharacterOffsetBegin=1855 CharacterOffsetEnd=1862 PartOfSpeech=JJ] [Text=and CharacterOffsetBegin=1863 CharacterOffsetEnd=1866 PartOfSpeech=CC] [Text=sad CharacterOffsetBegin=1867 CharacterOffsetEnd=1870 PartOfSpeech=JJ] [Text=relic CharacterOffsetBegin=1871 CharacterOffsetEnd=1876 PartOfSpeech=NN] [Text=that CharacterOffsetBegin=1877 CharacterOffsetEnd=1881 PartOfSpeech=WDT] [Text=is CharacterOffsetBegin=1882 CharacterOffsetEnd=1884 PartOfSpeech=VBZ] [Text=well CharacterOffsetBegin=1885 CharacterOffsetEnd=1889 PartOfSpeech=RB] [Text=worth CharacterOffsetBegin=1890 CharacterOffsetEnd=1895 PartOfSpeech=JJ] [Text=seeing CharacterOffsetBegin=1896 CharacterOffsetEnd=1902 PartOfSpeech=VBG] [Text=. CharacterOffsetBegin=1902 CharacterOffsetEnd=1903 PartOfSpeech=.] 
root(ROOT-0, relic-16)
advmod(relic-16, So-1)
punct(So-1, ,-2)
prep(So-1, from-3)
det(point-6, a-4)
amod(point-6, historical-5)
pobj(from-3, point-6)
prep(point-6, of-7)
pobj(of-7, view-8)
punct(relic-16, ,-9)
nsubj(relic-16, it-10)
cop(relic-16, 's-11)
det(relic-16, an-12)
amod(relic-16, amazing-13)
cc(amazing-13, and-14)
conj(amazing-13, sad-15)
nsubj(worth-20, that-17)
cop(worth-20, is-18)
advmod(worth-20, well-19)
rcmod(relic-16, worth-20)
dep(worth-20, seeing-21)
punct(relic-16, .-22)

