Sentence #1 (14 tokens):
A chance encounter between a salesman and a hit-man changes both their lives.
[Text=A CharacterOffsetBegin=4 CharacterOffsetEnd=5 PartOfSpeech=DT] [Text=chance CharacterOffsetBegin=6 CharacterOffsetEnd=12 PartOfSpeech=NN] [Text=encounter CharacterOffsetBegin=13 CharacterOffsetEnd=22 PartOfSpeech=NN] [Text=between CharacterOffsetBegin=23 CharacterOffsetEnd=30 PartOfSpeech=IN] [Text=a CharacterOffsetBegin=31 CharacterOffsetEnd=32 PartOfSpeech=DT] [Text=salesman CharacterOffsetBegin=33 CharacterOffsetEnd=41 PartOfSpeech=NN] [Text=and CharacterOffsetBegin=42 CharacterOffsetEnd=45 PartOfSpeech=CC] [Text=a CharacterOffsetBegin=46 CharacterOffsetEnd=47 PartOfSpeech=DT] [Text=hit-man CharacterOffsetBegin=48 CharacterOffsetEnd=55 PartOfSpeech=JJ] [Text=changes CharacterOffsetBegin=56 CharacterOffsetEnd=63 PartOfSpeech=NNS] [Text=both CharacterOffsetBegin=64 CharacterOffsetEnd=68 PartOfSpeech=CC] [Text=their CharacterOffsetBegin=69 CharacterOffsetEnd=74 PartOfSpeech=PRP$] [Text=lives CharacterOffsetBegin=75 CharacterOffsetEnd=80 PartOfSpeech=NNS] [Text=. CharacterOffsetBegin=80 CharacterOffsetEnd=81 PartOfSpeech=.] 
root(ROOT-0, chance-2)
det(chance-2, A-1)
dep(chance-2, encounter-3)
prep(encounter-3, between-4)
det(salesman-6, a-5)
pobj(between-4, salesman-6)
cc(salesman-6, and-7)
det(changes-10, a-8)
amod(changes-10, hit-man-9)
conj(salesman-6, changes-10)
cc(encounter-3, both-11)
poss(lives-13, their-12)
conj(encounter-3, lives-13)
punct(chance-2, .-14)

Sentence #2 (15 tokens):
This is an odd film that works, an impressive effort for writer-director Shepard.
[Text=This CharacterOffsetBegin=86 CharacterOffsetEnd=90 PartOfSpeech=DT] [Text=is CharacterOffsetBegin=91 CharacterOffsetEnd=93 PartOfSpeech=VBZ] [Text=an CharacterOffsetBegin=94 CharacterOffsetEnd=96 PartOfSpeech=DT] [Text=odd CharacterOffsetBegin=97 CharacterOffsetEnd=100 PartOfSpeech=JJ] [Text=film CharacterOffsetBegin=101 CharacterOffsetEnd=105 PartOfSpeech=NN] [Text=that CharacterOffsetBegin=106 CharacterOffsetEnd=110 PartOfSpeech=WDT] [Text=works CharacterOffsetBegin=111 CharacterOffsetEnd=116 PartOfSpeech=VBZ] [Text=, CharacterOffsetBegin=116 CharacterOffsetEnd=117 PartOfSpeech=,] [Text=an CharacterOffsetBegin=118 CharacterOffsetEnd=120 PartOfSpeech=DT] [Text=impressive CharacterOffsetBegin=121 CharacterOffsetEnd=131 PartOfSpeech=JJ] [Text=effort CharacterOffsetBegin=132 CharacterOffsetEnd=138 PartOfSpeech=NN] [Text=for CharacterOffsetBegin=139 CharacterOffsetEnd=142 PartOfSpeech=IN] [Text=writer-director CharacterOffsetBegin=143 CharacterOffsetEnd=158 PartOfSpeech=NN] [Text=Shepard CharacterOffsetBegin=159 CharacterOffsetEnd=166 PartOfSpeech=NNP] [Text=. CharacterOffsetBegin=166 CharacterOffsetEnd=167 PartOfSpeech=.] 
root(ROOT-0, film-5)
nsubj(film-5, This-1)
cop(film-5, is-2)
det(film-5, an-3)
amod(film-5, odd-4)
nsubj(works-7, that-6)
rcmod(film-5, works-7)
punct(works-7, ,-8)
det(effort-11, an-9)
amod(effort-11, impressive-10)
dobj(works-7, effort-11)
prep(effort-11, for-12)
nn(Shepard-14, writer-director-13)
pobj(for-12, Shepard-14)
punct(film-5, .-15)

Sentence #3 (46 tokens):
In a daringly unglamorous role that is a far cry from James Bond, Brosnan is surprisingly effective as the lonely hit-man who starts to buckle under the stress of his job, but is unable to connect emotionally with anyone to help him cope.
[Text=In CharacterOffsetBegin=172 CharacterOffsetEnd=174 PartOfSpeech=IN] [Text=a CharacterOffsetBegin=175 CharacterOffsetEnd=176 PartOfSpeech=DT] [Text=daringly CharacterOffsetBegin=177 CharacterOffsetEnd=185 PartOfSpeech=RB] [Text=unglamorous CharacterOffsetBegin=186 CharacterOffsetEnd=197 PartOfSpeech=JJ] [Text=role CharacterOffsetBegin=198 CharacterOffsetEnd=202 PartOfSpeech=NN] [Text=that CharacterOffsetBegin=203 CharacterOffsetEnd=207 PartOfSpeech=WDT] [Text=is CharacterOffsetBegin=208 CharacterOffsetEnd=210 PartOfSpeech=VBZ] [Text=a CharacterOffsetBegin=211 CharacterOffsetEnd=212 PartOfSpeech=DT] [Text=far CharacterOffsetBegin=213 CharacterOffsetEnd=216 PartOfSpeech=JJ] [Text=cry CharacterOffsetBegin=217 CharacterOffsetEnd=220 PartOfSpeech=NN] [Text=from CharacterOffsetBegin=221 CharacterOffsetEnd=225 PartOfSpeech=IN] [Text=James CharacterOffsetBegin=226 CharacterOffsetEnd=231 PartOfSpeech=NNP] [Text=Bond CharacterOffsetBegin=232 CharacterOffsetEnd=236 PartOfSpeech=NNP] [Text=, CharacterOffsetBegin=236 CharacterOffsetEnd=237 PartOfSpeech=,] [Text=Brosnan CharacterOffsetBegin=238 CharacterOffsetEnd=245 PartOfSpeech=NNP] [Text=is CharacterOffsetBegin=246 CharacterOffsetEnd=248 PartOfSpeech=VBZ] [Text=surprisingly CharacterOffsetBegin=249 CharacterOffsetEnd=261 PartOfSpeech=RB] [Text=effective CharacterOffsetBegin=262 CharacterOffsetEnd=271 PartOfSpeech=JJ] [Text=as CharacterOffsetBegin=272 CharacterOffsetEnd=274 PartOfSpeech=IN] [Text=the CharacterOffsetBegin=275 CharacterOffsetEnd=278 PartOfSpeech=DT] [Text=lonely CharacterOffsetBegin=279 CharacterOffsetEnd=285 PartOfSpeech=JJ] [Text=hit-man CharacterOffsetBegin=286 CharacterOffsetEnd=293 PartOfSpeech=NN] [Text=who CharacterOffsetBegin=294 CharacterOffsetEnd=297 PartOfSpeech=WP] [Text=starts CharacterOffsetBegin=298 CharacterOffsetEnd=304 PartOfSpeech=VBZ] [Text=to CharacterOffsetBegin=305 CharacterOffsetEnd=307 PartOfSpeech=TO] [Text=buckle CharacterOffsetBegin=308 CharacterOffsetEnd=314 PartOfSpeech=VB] [Text=under CharacterOffsetBegin=315 CharacterOffsetEnd=320 PartOfSpeech=IN] [Text=the CharacterOffsetBegin=321 CharacterOffsetEnd=324 PartOfSpeech=DT] [Text=stress CharacterOffsetBegin=325 CharacterOffsetEnd=331 PartOfSpeech=NN] [Text=of CharacterOffsetBegin=332 CharacterOffsetEnd=334 PartOfSpeech=IN] [Text=his CharacterOffsetBegin=335 CharacterOffsetEnd=338 PartOfSpeech=PRP$] [Text=job CharacterOffsetBegin=339 CharacterOffsetEnd=342 PartOfSpeech=NN] [Text=, CharacterOffsetBegin=342 CharacterOffsetEnd=343 PartOfSpeech=,] [Text=but CharacterOffsetBegin=344 CharacterOffsetEnd=347 PartOfSpeech=CC] [Text=is CharacterOffsetBegin=348 CharacterOffsetEnd=350 PartOfSpeech=VBZ] [Text=unable CharacterOffsetBegin=351 CharacterOffsetEnd=357 PartOfSpeech=JJ] [Text=to CharacterOffsetBegin=358 CharacterOffsetEnd=360 PartOfSpeech=TO] [Text=connect CharacterOffsetBegin=361 CharacterOffsetEnd=368 PartOfSpeech=VB] [Text=emotionally CharacterOffsetBegin=369 CharacterOffsetEnd=380 PartOfSpeech=RB] [Text=with CharacterOffsetBegin=381 CharacterOffsetEnd=385 PartOfSpeech=IN] [Text=anyone CharacterOffsetBegin=386 CharacterOffsetEnd=392 PartOfSpeech=NN] [Text=to CharacterOffsetBegin=393 CharacterOffsetEnd=395 PartOfSpeech=TO] [Text=help CharacterOffsetBegin=396 CharacterOffsetEnd=400 PartOfSpeech=VB] [Text=him CharacterOffsetBegin=401 CharacterOffsetEnd=404 PartOfSpeech=PRP] [Text=cope CharacterOffsetBegin=405 CharacterOffsetEnd=409 PartOfSpeech=VB] [Text=. CharacterOffsetBegin=409 CharacterOffsetEnd=410 PartOfSpeech=.] 
root(ROOT-0, effective-18)
prep(effective-18, In-1)
det(role-5, a-2)
amod(role-5, daringly-3)
amod(role-5, unglamorous-4)
pobj(In-1, role-5)
nsubj(cry-10, that-6)
cop(cry-10, is-7)
det(cry-10, a-8)
amod(cry-10, far-9)
rcmod(role-5, cry-10)
prep(cry-10, from-11)
nn(Bond-13, James-12)
pobj(from-11, Bond-13)
punct(Bond-13, ,-14)
appos(Bond-13, Brosnan-15)
cop(effective-18, is-16)
advmod(effective-18, surprisingly-17)
prep(effective-18, as-19)
det(hit-man-22, the-20)
amod(hit-man-22, lonely-21)
pobj(as-19, hit-man-22)
nsubj(starts-24, who-23)
rcmod(hit-man-22, starts-24)
aux(buckle-26, to-25)
xcomp(starts-24, buckle-26)
prep(buckle-26, under-27)
det(stress-29, the-28)
pobj(under-27, stress-29)
prep(stress-29, of-30)
poss(job-32, his-31)
pobj(of-30, job-32)
punct(effective-18, ,-33)
cc(effective-18, but-34)
cop(unable-36, is-35)
conj(effective-18, unable-36)
aux(connect-38, to-37)
xcomp(unable-36, connect-38)
advmod(connect-38, emotionally-39)
prep(connect-38, with-40)
pobj(with-40, anyone-41)
aux(help-43, to-42)
xcomp(connect-38, help-43)
nsubj(cope-45, him-44)
ccomp(help-43, cope-45)
punct(effective-18, .-46)

Sentence #4 (18 tokens):
Kinnear is equally good as the salesman, a decent fellow with a void in his life.
[Text=Kinnear CharacterOffsetBegin=415 CharacterOffsetEnd=422 PartOfSpeech=NNP] [Text=is CharacterOffsetBegin=423 CharacterOffsetEnd=425 PartOfSpeech=VBZ] [Text=equally CharacterOffsetBegin=426 CharacterOffsetEnd=433 PartOfSpeech=RB] [Text=good CharacterOffsetBegin=434 CharacterOffsetEnd=438 PartOfSpeech=JJ] [Text=as CharacterOffsetBegin=439 CharacterOffsetEnd=441 PartOfSpeech=IN] [Text=the CharacterOffsetBegin=442 CharacterOffsetEnd=445 PartOfSpeech=DT] [Text=salesman CharacterOffsetBegin=446 CharacterOffsetEnd=454 PartOfSpeech=NN] [Text=, CharacterOffsetBegin=454 CharacterOffsetEnd=455 PartOfSpeech=,] [Text=a CharacterOffsetBegin=456 CharacterOffsetEnd=457 PartOfSpeech=DT] [Text=decent CharacterOffsetBegin=458 CharacterOffsetEnd=464 PartOfSpeech=JJ] [Text=fellow CharacterOffsetBegin=465 CharacterOffsetEnd=471 PartOfSpeech=NN] [Text=with CharacterOffsetBegin=472 CharacterOffsetEnd=476 PartOfSpeech=IN] [Text=a CharacterOffsetBegin=477 CharacterOffsetEnd=478 PartOfSpeech=DT] [Text=void CharacterOffsetBegin=479 CharacterOffsetEnd=483 PartOfSpeech=NN] [Text=in CharacterOffsetBegin=484 CharacterOffsetEnd=486 PartOfSpeech=IN] [Text=his CharacterOffsetBegin=487 CharacterOffsetEnd=490 PartOfSpeech=PRP$] [Text=life CharacterOffsetBegin=491 CharacterOffsetEnd=495 PartOfSpeech=NN] [Text=. CharacterOffsetBegin=495 CharacterOffsetEnd=496 PartOfSpeech=.] 
root(ROOT-0, good-4)
nsubj(good-4, Kinnear-1)
cop(good-4, is-2)
advmod(good-4, equally-3)
prep(good-4, as-5)
det(salesman-7, the-6)
pobj(as-5, salesman-7)
punct(salesman-7, ,-8)
det(fellow-11, a-9)
amod(fellow-11, decent-10)
appos(salesman-7, fellow-11)
prep(fellow-11, with-12)
det(void-14, a-13)
pobj(with-12, void-14)
prep(void-14, in-15)
poss(life-17, his-16)
pobj(in-15, life-17)
punct(good-4, .-18)

Sentence #5 (9 tokens):
Davis is fine as Kinnear's flirtatious wife.
[Text=Davis CharacterOffsetBegin=501 CharacterOffsetEnd=506 PartOfSpeech=NNP] [Text=is CharacterOffsetBegin=507 CharacterOffsetEnd=509 PartOfSpeech=VBZ] [Text=fine CharacterOffsetBegin=510 CharacterOffsetEnd=514 PartOfSpeech=JJ] [Text=as CharacterOffsetBegin=515 CharacterOffsetEnd=517 PartOfSpeech=IN] [Text=Kinnear CharacterOffsetBegin=518 CharacterOffsetEnd=525 PartOfSpeech=NNP] [Text='s CharacterOffsetBegin=525 CharacterOffsetEnd=527 PartOfSpeech=POS] [Text=flirtatious CharacterOffsetBegin=528 CharacterOffsetEnd=539 PartOfSpeech=JJ] [Text=wife CharacterOffsetBegin=540 CharacterOffsetEnd=544 PartOfSpeech=NN] [Text=. CharacterOffsetBegin=544 CharacterOffsetEnd=545 PartOfSpeech=.] 
root(ROOT-0, fine-3)
nsubj(fine-3, Davis-1)
cop(fine-3, is-2)
prep(fine-3, as-4)
poss(wife-8, Kinnear-5)
possessive(Kinnear-5, 's-6)
amod(wife-8, flirtatious-7)
pobj(as-4, wife-8)
punct(fine-3, .-9)

Sentence #6 (21 tokens):
Mainly a character study, the film is rewarding because it feels fresh and unpredictable, an extremely dark comedy.
[Text=Mainly CharacterOffsetBegin=550 CharacterOffsetEnd=556 PartOfSpeech=RB] [Text=a CharacterOffsetBegin=557 CharacterOffsetEnd=558 PartOfSpeech=DT] [Text=character CharacterOffsetBegin=559 CharacterOffsetEnd=568 PartOfSpeech=NN] [Text=study CharacterOffsetBegin=569 CharacterOffsetEnd=574 PartOfSpeech=NN] [Text=, CharacterOffsetBegin=574 CharacterOffsetEnd=575 PartOfSpeech=,] [Text=the CharacterOffsetBegin=576 CharacterOffsetEnd=579 PartOfSpeech=DT] [Text=film CharacterOffsetBegin=580 CharacterOffsetEnd=584 PartOfSpeech=NN] [Text=is CharacterOffsetBegin=585 CharacterOffsetEnd=587 PartOfSpeech=VBZ] [Text=rewarding CharacterOffsetBegin=588 CharacterOffsetEnd=597 PartOfSpeech=JJ] [Text=because CharacterOffsetBegin=598 CharacterOffsetEnd=605 PartOfSpeech=IN] [Text=it CharacterOffsetBegin=606 CharacterOffsetEnd=608 PartOfSpeech=PRP] [Text=feels CharacterOffsetBegin=609 CharacterOffsetEnd=614 PartOfSpeech=VBZ] [Text=fresh CharacterOffsetBegin=615 CharacterOffsetEnd=620 PartOfSpeech=JJ] [Text=and CharacterOffsetBegin=621 CharacterOffsetEnd=624 PartOfSpeech=CC] [Text=unpredictable CharacterOffsetBegin=625 CharacterOffsetEnd=638 PartOfSpeech=JJ] [Text=, CharacterOffsetBegin=638 CharacterOffsetEnd=639 PartOfSpeech=,] [Text=an CharacterOffsetBegin=640 CharacterOffsetEnd=642 PartOfSpeech=DT] [Text=extremely CharacterOffsetBegin=643 CharacterOffsetEnd=652 PartOfSpeech=RB] [Text=dark CharacterOffsetBegin=653 CharacterOffsetEnd=657 PartOfSpeech=JJ] [Text=comedy CharacterOffsetBegin=658 CharacterOffsetEnd=664 PartOfSpeech=NN] [Text=. CharacterOffsetBegin=664 CharacterOffsetEnd=665 PartOfSpeech=.] 
root(ROOT-0, study-4)
advmod(study-4, Mainly-1)
det(study-4, a-2)
nn(study-4, character-3)
punct(study-4, ,-5)
det(film-7, the-6)
nsubj(rewarding-9, film-7)
cop(rewarding-9, is-8)
rcmod(study-4, rewarding-9)
mark(feels-12, because-10)
nsubj(feels-12, it-11)
advcl(rewarding-9, feels-12)
acomp(feels-12, fresh-13)
cc(fresh-13, and-14)
conj(fresh-13, unpredictable-15)
punct(fresh-13, ,-16)
det(comedy-20, an-17)
advmod(dark-19, extremely-18)
amod(comedy-20, dark-19)
dep(fresh-13, comedy-20)
punct(study-4, .-21)

