Sentence #1 (34 tokens):
A powerful adaptation of the best-selling book and the smash Broadway play about the lives of Bessie and Sadie Delany, two "colored" sisters who lived past the age of 100.
[Text=A CharacterOffsetBegin=4 CharacterOffsetEnd=5 PartOfSpeech=DT] [Text=powerful CharacterOffsetBegin=6 CharacterOffsetEnd=14 PartOfSpeech=JJ] [Text=adaptation CharacterOffsetBegin=15 CharacterOffsetEnd=25 PartOfSpeech=NN] [Text=of CharacterOffsetBegin=26 CharacterOffsetEnd=28 PartOfSpeech=IN] [Text=the CharacterOffsetBegin=29 CharacterOffsetEnd=32 PartOfSpeech=DT] [Text=best-selling CharacterOffsetBegin=33 CharacterOffsetEnd=45 PartOfSpeech=JJ] [Text=book CharacterOffsetBegin=46 CharacterOffsetEnd=50 PartOfSpeech=NN] [Text=and CharacterOffsetBegin=51 CharacterOffsetEnd=54 PartOfSpeech=CC] [Text=the CharacterOffsetBegin=55 CharacterOffsetEnd=58 PartOfSpeech=DT] [Text=smash CharacterOffsetBegin=59 CharacterOffsetEnd=64 PartOfSpeech=NN] [Text=Broadway CharacterOffsetBegin=65 CharacterOffsetEnd=73 PartOfSpeech=NNP] [Text=play CharacterOffsetBegin=74 CharacterOffsetEnd=78 PartOfSpeech=VB] [Text=about CharacterOffsetBegin=79 CharacterOffsetEnd=84 PartOfSpeech=IN] [Text=the CharacterOffsetBegin=85 CharacterOffsetEnd=88 PartOfSpeech=DT] [Text=lives CharacterOffsetBegin=89 CharacterOffsetEnd=94 PartOfSpeech=NNS] [Text=of CharacterOffsetBegin=95 CharacterOffsetEnd=97 PartOfSpeech=IN] [Text=Bessie CharacterOffsetBegin=98 CharacterOffsetEnd=104 PartOfSpeech=NNP] [Text=and CharacterOffsetBegin=105 CharacterOffsetEnd=108 PartOfSpeech=CC] [Text=Sadie CharacterOffsetBegin=109 CharacterOffsetEnd=114 PartOfSpeech=NNP] [Text=Delany CharacterOffsetBegin=115 CharacterOffsetEnd=121 PartOfSpeech=NNP] [Text=, CharacterOffsetBegin=121 CharacterOffsetEnd=122 PartOfSpeech=,] [Text=two CharacterOffsetBegin=123 CharacterOffsetEnd=126 PartOfSpeech=CD] [Text=`` CharacterOffsetBegin=127 CharacterOffsetEnd=128 PartOfSpeech=``] [Text=colored CharacterOffsetBegin=128 CharacterOffsetEnd=135 PartOfSpeech=VBN] [Text='' CharacterOffsetBegin=135 CharacterOffsetEnd=136 PartOfSpeech=''] [Text=sisters CharacterOffsetBegin=137 CharacterOffsetEnd=144 PartOfSpeech=NNS] [Text=who CharacterOffsetBegin=145 CharacterOffsetEnd=148 PartOfSpeech=WP] [Text=lived CharacterOffsetBegin=149 CharacterOffsetEnd=154 PartOfSpeech=VBD] [Text=past CharacterOffsetBegin=155 CharacterOffsetEnd=159 PartOfSpeech=IN] [Text=the CharacterOffsetBegin=160 CharacterOffsetEnd=163 PartOfSpeech=DT] [Text=age CharacterOffsetBegin=164 CharacterOffsetEnd=167 PartOfSpeech=NN] [Text=of CharacterOffsetBegin=168 CharacterOffsetEnd=170 PartOfSpeech=IN] [Text=100 CharacterOffsetBegin=171 CharacterOffsetEnd=174 PartOfSpeech=CD] [Text=. CharacterOffsetBegin=174 CharacterOffsetEnd=175 PartOfSpeech=.] 
root(ROOT-0, adaptation-3)
det(adaptation-3, A-1)
amod(adaptation-3, powerful-2)
prep(adaptation-3, of-4)
det(book-7, the-5)
amod(book-7, best-selling-6)
pobj(of-4, book-7)
cc(book-7, and-8)
det(play-12, the-9)
nn(play-12, smash-10)
nn(play-12, Broadway-11)
conj(book-7, play-12)
prep(play-12, about-13)
det(lives-15, the-14)
pobj(about-13, lives-15)
prep(lives-15, of-16)
pobj(of-16, Bessie-17)
cc(Bessie-17, and-18)
nn(Delany-20, Sadie-19)
conj(Bessie-17, Delany-20)
punct(adaptation-3, ,-21)
num(sisters-26, two-22)
punct(colored-24, ``-23)
dep(sisters-26, colored-24)
punct(colored-24, ''-25)
appos(adaptation-3, sisters-26)
nsubj(lived-28, who-27)
rcmod(sisters-26, lived-28)
prep(lived-28, past-29)
det(age-31, the-30)
pobj(past-29, age-31)
prep(age-31, of-32)
pobj(of-32, 100-33)
punct(adaptation-3, .-34)

Sentence #2 (39 tokens):
Wonderfully played in their old age by Ruby Dee and Diahann Carroll, respectively, they tell their story in flashbacks to Amy Hill Hearth (played by Amy Madigan), a white New York Times reporter.
[Text=Wonderfully CharacterOffsetBegin=180 CharacterOffsetEnd=191 PartOfSpeech=RB] [Text=played CharacterOffsetBegin=192 CharacterOffsetEnd=198 PartOfSpeech=VBN] [Text=in CharacterOffsetBegin=199 CharacterOffsetEnd=201 PartOfSpeech=IN] [Text=their CharacterOffsetBegin=202 CharacterOffsetEnd=207 PartOfSpeech=PRP$] [Text=old CharacterOffsetBegin=208 CharacterOffsetEnd=211 PartOfSpeech=JJ] [Text=age CharacterOffsetBegin=212 CharacterOffsetEnd=215 PartOfSpeech=NN] [Text=by CharacterOffsetBegin=216 CharacterOffsetEnd=218 PartOfSpeech=IN] [Text=Ruby CharacterOffsetBegin=219 CharacterOffsetEnd=223 PartOfSpeech=NNP] [Text=Dee CharacterOffsetBegin=224 CharacterOffsetEnd=227 PartOfSpeech=NNP] [Text=and CharacterOffsetBegin=228 CharacterOffsetEnd=231 PartOfSpeech=CC] [Text=Diahann CharacterOffsetBegin=232 CharacterOffsetEnd=239 PartOfSpeech=NNP] [Text=Carroll CharacterOffsetBegin=240 CharacterOffsetEnd=247 PartOfSpeech=NNP] [Text=, CharacterOffsetBegin=247 CharacterOffsetEnd=248 PartOfSpeech=,] [Text=respectively CharacterOffsetBegin=249 CharacterOffsetEnd=261 PartOfSpeech=RB] [Text=, CharacterOffsetBegin=261 CharacterOffsetEnd=262 PartOfSpeech=,] [Text=they CharacterOffsetBegin=263 CharacterOffsetEnd=267 PartOfSpeech=PRP] [Text=tell CharacterOffsetBegin=268 CharacterOffsetEnd=272 PartOfSpeech=VBP] [Text=their CharacterOffsetBegin=273 CharacterOffsetEnd=278 PartOfSpeech=PRP$] [Text=story CharacterOffsetBegin=279 CharacterOffsetEnd=284 PartOfSpeech=NN] [Text=in CharacterOffsetBegin=285 CharacterOffsetEnd=287 PartOfSpeech=IN] [Text=flashbacks CharacterOffsetBegin=288 CharacterOffsetEnd=298 PartOfSpeech=NNS] [Text=to CharacterOffsetBegin=299 CharacterOffsetEnd=301 PartOfSpeech=TO] [Text=Amy CharacterOffsetBegin=302 CharacterOffsetEnd=305 PartOfSpeech=NNP] [Text=Hill CharacterOffsetBegin=306 CharacterOffsetEnd=310 PartOfSpeech=NNP] [Text=Hearth CharacterOffsetBegin=311 CharacterOffsetEnd=317 PartOfSpeech=NNP] [Text=-LRB- CharacterOffsetBegin=318 CharacterOffsetEnd=319 PartOfSpeech=-LRB-] [Text=played CharacterOffsetBegin=319 CharacterOffsetEnd=325 PartOfSpeech=VBN] [Text=by CharacterOffsetBegin=326 CharacterOffsetEnd=328 PartOfSpeech=IN] [Text=Amy CharacterOffsetBegin=329 CharacterOffsetEnd=332 PartOfSpeech=NNP] [Text=Madigan CharacterOffsetBegin=333 CharacterOffsetEnd=340 PartOfSpeech=NNP] [Text=-RRB- CharacterOffsetBegin=340 CharacterOffsetEnd=341 PartOfSpeech=-RRB-] [Text=, CharacterOffsetBegin=341 CharacterOffsetEnd=342 PartOfSpeech=,] [Text=a CharacterOffsetBegin=343 CharacterOffsetEnd=344 PartOfSpeech=DT] [Text=white CharacterOffsetBegin=345 CharacterOffsetEnd=350 PartOfSpeech=JJ] [Text=New CharacterOffsetBegin=351 CharacterOffsetEnd=354 PartOfSpeech=NNP] [Text=York CharacterOffsetBegin=355 CharacterOffsetEnd=359 PartOfSpeech=NNP] [Text=Times CharacterOffsetBegin=360 CharacterOffsetEnd=365 PartOfSpeech=NNP] [Text=reporter CharacterOffsetBegin=366 CharacterOffsetEnd=374 PartOfSpeech=NN] [Text=. CharacterOffsetBegin=374 CharacterOffsetEnd=375 PartOfSpeech=.] 
root(ROOT-0, played-2)
advmod(played-2, Wonderfully-1)
prep(played-2, in-3)
poss(age-6, their-4)
amod(age-6, old-5)
pobj(in-3, age-6)
prep(played-2, by-7)
nn(Dee-9, Ruby-8)
pobj(by-7, Dee-9)
cc(Dee-9, and-10)
nn(Carroll-12, Diahann-11)
conj(Dee-9, Carroll-12)
punct(Dee-9, ,-13)
advmod(Dee-9, respectively-14)
punct(Dee-9, ,-15)
nsubj(tell-17, they-16)
rcmod(Dee-9, tell-17)
poss(story-19, their-18)
dobj(tell-17, story-19)
prep(tell-17, in-20)
pobj(in-20, flashbacks-21)
prep(flashbacks-21, to-22)
pobj(to-22, Amy-23)
dep(Amy-23, Hill-24)
dep(Hill-24, Hearth-25)
punct(played-27, -LRB--26)
dep(Hearth-25, played-27)
prep(played-27, by-28)
nn(Madigan-30, Amy-29)
pobj(by-28, Madigan-30)
punct(played-27, -RRB--31)
punct(Hearth-25, ,-32)
det(reporter-38, a-33)
amod(reporter-38, white-34)
nn(reporter-38, New-35)
nn(reporter-38, York-36)
nn(reporter-38, Times-37)
appos(Hearth-25, reporter-38)
punct(played-2, .-39)

Sentence #3 (24 tokens):
The flashback and present-day scenes don't have as much inspirational value in them as in the book, but really are powerful.
[Text=The CharacterOffsetBegin=380 CharacterOffsetEnd=383 PartOfSpeech=DT] [Text=flashback CharacterOffsetBegin=384 CharacterOffsetEnd=393 PartOfSpeech=NN] [Text=and CharacterOffsetBegin=394 CharacterOffsetEnd=397 PartOfSpeech=CC] [Text=present-day CharacterOffsetBegin=398 CharacterOffsetEnd=409 PartOfSpeech=JJ] [Text=scenes CharacterOffsetBegin=410 CharacterOffsetEnd=416 PartOfSpeech=NNS] [Text=do CharacterOffsetBegin=417 CharacterOffsetEnd=419 PartOfSpeech=VBP] [Text=n't CharacterOffsetBegin=419 CharacterOffsetEnd=422 PartOfSpeech=RB] [Text=have CharacterOffsetBegin=423 CharacterOffsetEnd=427 PartOfSpeech=VB] [Text=as CharacterOffsetBegin=428 CharacterOffsetEnd=430 PartOfSpeech=RB] [Text=much CharacterOffsetBegin=431 CharacterOffsetEnd=435 PartOfSpeech=JJ] [Text=inspirational CharacterOffsetBegin=436 CharacterOffsetEnd=449 PartOfSpeech=JJ] [Text=value CharacterOffsetBegin=450 CharacterOffsetEnd=455 PartOfSpeech=NN] [Text=in CharacterOffsetBegin=456 CharacterOffsetEnd=458 PartOfSpeech=IN] [Text=them CharacterOffsetBegin=459 CharacterOffsetEnd=463 PartOfSpeech=PRP] [Text=as CharacterOffsetBegin=464 CharacterOffsetEnd=466 PartOfSpeech=IN] [Text=in CharacterOffsetBegin=467 CharacterOffsetEnd=469 PartOfSpeech=IN] [Text=the CharacterOffsetBegin=470 CharacterOffsetEnd=473 PartOfSpeech=DT] [Text=book CharacterOffsetBegin=474 CharacterOffsetEnd=478 PartOfSpeech=NN] [Text=, CharacterOffsetBegin=478 CharacterOffsetEnd=479 PartOfSpeech=,] [Text=but CharacterOffsetBegin=480 CharacterOffsetEnd=483 PartOfSpeech=CC] [Text=really CharacterOffsetBegin=484 CharacterOffsetEnd=490 PartOfSpeech=RB] [Text=are CharacterOffsetBegin=491 CharacterOffsetEnd=494 PartOfSpeech=VBP] [Text=powerful CharacterOffsetBegin=495 CharacterOffsetEnd=503 PartOfSpeech=JJ] [Text=. CharacterOffsetBegin=503 CharacterOffsetEnd=504 PartOfSpeech=.] 
root(ROOT-0, have-8)
det(flashback-2, The-1)
nsubj(have-8, flashback-2)
cc(flashback-2, and-3)
amod(scenes-5, present-day-4)
conj(flashback-2, scenes-5)
aux(have-8, do-6)
neg(have-8, n't-7)
advmod(value-12, as-9)
amod(value-12, much-10)
amod(value-12, inspirational-11)
dobj(have-8, value-12)
prep(value-12, in-13)
pobj(in-13, them-14)
prep(value-12, as-15)
pcomp(as-15, in-16)
det(book-18, the-17)
pobj(in-16, book-18)
punct(have-8, ,-19)
cc(have-8, but-20)
advmod(powerful-23, really-21)
cop(powerful-23, are-22)
conj(have-8, powerful-23)
punct(have-8, .-24)

Sentence #4 (32 tokens):
However, certain aspects of the sisters' lives, such as the inter-racial background of their mother and the reasons behind their father's stern personality are not presented clearly.
[Text=However CharacterOffsetBegin=509 CharacterOffsetEnd=516 PartOfSpeech=RB] [Text=, CharacterOffsetBegin=516 CharacterOffsetEnd=517 PartOfSpeech=,] [Text=certain CharacterOffsetBegin=518 CharacterOffsetEnd=525 PartOfSpeech=JJ] [Text=aspects CharacterOffsetBegin=526 CharacterOffsetEnd=533 PartOfSpeech=NNS] [Text=of CharacterOffsetBegin=534 CharacterOffsetEnd=536 PartOfSpeech=IN] [Text=the CharacterOffsetBegin=537 CharacterOffsetEnd=540 PartOfSpeech=DT] [Text=sisters CharacterOffsetBegin=541 CharacterOffsetEnd=548 PartOfSpeech=NNS] [Text=' CharacterOffsetBegin=548 CharacterOffsetEnd=549 PartOfSpeech=POS] [Text=lives CharacterOffsetBegin=550 CharacterOffsetEnd=555 PartOfSpeech=NNS] [Text=, CharacterOffsetBegin=555 CharacterOffsetEnd=556 PartOfSpeech=,] [Text=such CharacterOffsetBegin=557 CharacterOffsetEnd=561 PartOfSpeech=JJ] [Text=as CharacterOffsetBegin=562 CharacterOffsetEnd=564 PartOfSpeech=IN] [Text=the CharacterOffsetBegin=565 CharacterOffsetEnd=568 PartOfSpeech=DT] [Text=inter-racial CharacterOffsetBegin=569 CharacterOffsetEnd=581 PartOfSpeech=JJ] [Text=background CharacterOffsetBegin=582 CharacterOffsetEnd=592 PartOfSpeech=NN] [Text=of CharacterOffsetBegin=593 CharacterOffsetEnd=595 PartOfSpeech=IN] [Text=their CharacterOffsetBegin=596 CharacterOffsetEnd=601 PartOfSpeech=PRP$] [Text=mother CharacterOffsetBegin=602 CharacterOffsetEnd=608 PartOfSpeech=NN] [Text=and CharacterOffsetBegin=609 CharacterOffsetEnd=612 PartOfSpeech=CC] [Text=the CharacterOffsetBegin=613 CharacterOffsetEnd=616 PartOfSpeech=DT] [Text=reasons CharacterOffsetBegin=617 CharacterOffsetEnd=624 PartOfSpeech=NNS] [Text=behind CharacterOffsetBegin=625 CharacterOffsetEnd=631 PartOfSpeech=IN] [Text=their CharacterOffsetBegin=632 CharacterOffsetEnd=637 PartOfSpeech=PRP$] [Text=father CharacterOffsetBegin=638 CharacterOffsetEnd=644 PartOfSpeech=NN] [Text='s CharacterOffsetBegin=644 CharacterOffsetEnd=646 PartOfSpeech=POS] [Text=stern CharacterOffsetBegin=647 CharacterOffsetEnd=652 PartOfSpeech=JJ] [Text=personality CharacterOffsetBegin=653 CharacterOffsetEnd=664 PartOfSpeech=NN] [Text=are CharacterOffsetBegin=665 CharacterOffsetEnd=668 PartOfSpeech=VBP] [Text=not CharacterOffsetBegin=669 CharacterOffsetEnd=672 PartOfSpeech=RB] [Text=presented CharacterOffsetBegin=673 CharacterOffsetEnd=682 PartOfSpeech=VBN] [Text=clearly CharacterOffsetBegin=683 CharacterOffsetEnd=690 PartOfSpeech=RB] [Text=. CharacterOffsetBegin=690 CharacterOffsetEnd=691 PartOfSpeech=.] 
root(ROOT-0, presented-30)
advmod(presented-30, However-1)
punct(presented-30, ,-2)
amod(aspects-4, certain-3)
nsubjpass(presented-30, aspects-4)
prep(aspects-4, of-5)
det(sisters-7, the-6)
poss(lives-9, sisters-7)
possessive(sisters-7, '-8)
pobj(of-5, lives-9)
punct(aspects-4, ,-10)
mwe(as-12, such-11)
prep(aspects-4, as-12)
det(background-15, the-13)
amod(background-15, inter-racial-14)
pobj(as-12, background-15)
prep(background-15, of-16)
poss(mother-18, their-17)
pobj(of-16, mother-18)
cc(background-15, and-19)
det(reasons-21, the-20)
conj(background-15, reasons-21)
prep(reasons-21, behind-22)
poss(father-24, their-23)
poss(personality-27, father-24)
possessive(father-24, 's-25)
amod(personality-27, stern-26)
pobj(behind-22, personality-27)
auxpass(presented-30, are-28)
neg(presented-30, not-29)
advmod(presented-30, clearly-31)
punct(presented-30, .-32)

Sentence #5 (12 tokens):
You need to read the book to fully understand these things.
[Text=You CharacterOffsetBegin=696 CharacterOffsetEnd=699 PartOfSpeech=PRP] [Text=need CharacterOffsetBegin=700 CharacterOffsetEnd=704 PartOfSpeech=VBP] [Text=to CharacterOffsetBegin=705 CharacterOffsetEnd=707 PartOfSpeech=TO] [Text=read CharacterOffsetBegin=708 CharacterOffsetEnd=712 PartOfSpeech=VB] [Text=the CharacterOffsetBegin=713 CharacterOffsetEnd=716 PartOfSpeech=DT] [Text=book CharacterOffsetBegin=717 CharacterOffsetEnd=721 PartOfSpeech=NN] [Text=to CharacterOffsetBegin=722 CharacterOffsetEnd=724 PartOfSpeech=TO] [Text=fully CharacterOffsetBegin=725 CharacterOffsetEnd=730 PartOfSpeech=RB] [Text=understand CharacterOffsetBegin=731 CharacterOffsetEnd=741 PartOfSpeech=VB] [Text=these CharacterOffsetBegin=742 CharacterOffsetEnd=747 PartOfSpeech=DT] [Text=things CharacterOffsetBegin=748 CharacterOffsetEnd=754 PartOfSpeech=NNS] [Text=. CharacterOffsetBegin=754 CharacterOffsetEnd=755 PartOfSpeech=.] 
root(ROOT-0, need-2)
nsubj(need-2, You-1)
aux(read-4, to-3)
xcomp(need-2, read-4)
det(book-6, the-5)
dobj(read-4, book-6)
aux(understand-9, to-7)
advmod(understand-9, fully-8)
xcomp(read-4, understand-9)
det(things-11, these-10)
dobj(understand-9, things-11)
punct(need-2, .-12)

Sentence #6 (14 tokens):
Which is just as well, because the book's just as great!
[Text=Which CharacterOffsetBegin=760 CharacterOffsetEnd=765 PartOfSpeech=WDT] [Text=is CharacterOffsetBegin=766 CharacterOffsetEnd=768 PartOfSpeech=VBZ] [Text=just CharacterOffsetBegin=769 CharacterOffsetEnd=773 PartOfSpeech=RB] [Text=as CharacterOffsetBegin=774 CharacterOffsetEnd=776 PartOfSpeech=RB] [Text=well CharacterOffsetBegin=777 CharacterOffsetEnd=781 PartOfSpeech=RB] [Text=, CharacterOffsetBegin=781 CharacterOffsetEnd=782 PartOfSpeech=,] [Text=because CharacterOffsetBegin=783 CharacterOffsetEnd=790 PartOfSpeech=IN] [Text=the CharacterOffsetBegin=791 CharacterOffsetEnd=794 PartOfSpeech=DT] [Text=book CharacterOffsetBegin=795 CharacterOffsetEnd=799 PartOfSpeech=NN] [Text='s CharacterOffsetBegin=799 CharacterOffsetEnd=801 PartOfSpeech=POS] [Text=just CharacterOffsetBegin=802 CharacterOffsetEnd=806 PartOfSpeech=RB] [Text=as CharacterOffsetBegin=807 CharacterOffsetEnd=809 PartOfSpeech=IN] [Text=great CharacterOffsetBegin=810 CharacterOffsetEnd=815 PartOfSpeech=JJ] [Text=! CharacterOffsetBegin=815 CharacterOffsetEnd=816 PartOfSpeech=.] 
root(ROOT-0, Which-1)
dep(Which-1, is-2)
advmod(as-4, just-3)
advmod(is-2, as-4)
advmod(as-4, well-5)
punct(is-2, ,-6)
prep(is-2, because-7)
det(book-9, the-8)
dep(because-7, book-9)
possessive(book-9, 's-10)
amod(book-9, just-11)
prep(just-11, as-12)
pobj(as-12, great-13)
punct(book-9, !-14)

Sentence #7 (26 tokens):
Aside from those flaws, it's wonderfully done and performed, especially by Dee and Carroll, and a very powerful and educational movie.
[Text=Aside CharacterOffsetBegin=821 CharacterOffsetEnd=826 PartOfSpeech=RB] [Text=from CharacterOffsetBegin=827 CharacterOffsetEnd=831 PartOfSpeech=IN] [Text=those CharacterOffsetBegin=832 CharacterOffsetEnd=837 PartOfSpeech=DT] [Text=flaws CharacterOffsetBegin=838 CharacterOffsetEnd=843 PartOfSpeech=NNS] [Text=, CharacterOffsetBegin=843 CharacterOffsetEnd=844 PartOfSpeech=,] [Text=it CharacterOffsetBegin=845 CharacterOffsetEnd=847 PartOfSpeech=PRP] [Text='s CharacterOffsetBegin=847 CharacterOffsetEnd=849 PartOfSpeech=VBZ] [Text=wonderfully CharacterOffsetBegin=850 CharacterOffsetEnd=861 PartOfSpeech=RB] [Text=done CharacterOffsetBegin=862 CharacterOffsetEnd=866 PartOfSpeech=VBN] [Text=and CharacterOffsetBegin=867 CharacterOffsetEnd=870 PartOfSpeech=CC] [Text=performed CharacterOffsetBegin=871 CharacterOffsetEnd=880 PartOfSpeech=VBN] [Text=, CharacterOffsetBegin=880 CharacterOffsetEnd=881 PartOfSpeech=,] [Text=especially CharacterOffsetBegin=882 CharacterOffsetEnd=892 PartOfSpeech=RB] [Text=by CharacterOffsetBegin=893 CharacterOffsetEnd=895 PartOfSpeech=IN] [Text=Dee CharacterOffsetBegin=896 CharacterOffsetEnd=899 PartOfSpeech=NNP] [Text=and CharacterOffsetBegin=900 CharacterOffsetEnd=903 PartOfSpeech=CC] [Text=Carroll CharacterOffsetBegin=904 CharacterOffsetEnd=911 PartOfSpeech=NNP] [Text=, CharacterOffsetBegin=911 CharacterOffsetEnd=912 PartOfSpeech=,] [Text=and CharacterOffsetBegin=913 CharacterOffsetEnd=916 PartOfSpeech=CC] [Text=a CharacterOffsetBegin=917 CharacterOffsetEnd=918 PartOfSpeech=DT] [Text=very CharacterOffsetBegin=919 CharacterOffsetEnd=923 PartOfSpeech=RB] [Text=powerful CharacterOffsetBegin=924 CharacterOffsetEnd=932 PartOfSpeech=JJ] [Text=and CharacterOffsetBegin=933 CharacterOffsetEnd=936 PartOfSpeech=CC] [Text=educational CharacterOffsetBegin=937 CharacterOffsetEnd=948 PartOfSpeech=JJ] [Text=movie CharacterOffsetBegin=949 CharacterOffsetEnd=954 PartOfSpeech=NN] [Text=. CharacterOffsetBegin=954 CharacterOffsetEnd=955 PartOfSpeech=.] 
root(ROOT-0, done-9)
advmod(from-2, Aside-1)
prep(done-9, from-2)
det(flaws-4, those-3)
pobj(from-2, flaws-4)
punct(done-9, ,-5)
nsubjpass(done-9, it-6)
auxpass(done-9, 's-7)
advmod(done-9, wonderfully-8)
cc(done-9, and-10)
conj(done-9, performed-11)
punct(done-9, ,-12)
advmod(by-14, especially-13)
prep(done-9, by-14)
pobj(by-14, Dee-15)
cc(Dee-15, and-16)
conj(Dee-15, Carroll-17)
punct(done-9, ,-18)
cc(done-9, and-19)
det(movie-25, a-20)
advmod(powerful-22, very-21)
amod(movie-25, powerful-22)
cc(powerful-22, and-23)
conj(powerful-22, educational-24)
conj(done-9, movie-25)
punct(done-9, .-26)

