Sentence #1 (21 tokens):
I suppose this is not the best film ever made but I voted it at 10 stars all the same.
[Text=I CharacterOffsetBegin=5 CharacterOffsetEnd=6 PartOfSpeech=PRP] [Text=suppose CharacterOffsetBegin=7 CharacterOffsetEnd=14 PartOfSpeech=VBP] [Text=this CharacterOffsetBegin=15 CharacterOffsetEnd=19 PartOfSpeech=DT] [Text=is CharacterOffsetBegin=20 CharacterOffsetEnd=22 PartOfSpeech=VBZ] [Text=not CharacterOffsetBegin=23 CharacterOffsetEnd=26 PartOfSpeech=RB] [Text=the CharacterOffsetBegin=27 CharacterOffsetEnd=30 PartOfSpeech=DT] [Text=best CharacterOffsetBegin=31 CharacterOffsetEnd=35 PartOfSpeech=JJS] [Text=film CharacterOffsetBegin=36 CharacterOffsetEnd=40 PartOfSpeech=NN] [Text=ever CharacterOffsetBegin=41 CharacterOffsetEnd=45 PartOfSpeech=RB] [Text=made CharacterOffsetBegin=46 CharacterOffsetEnd=50 PartOfSpeech=VBN] [Text=but CharacterOffsetBegin=51 CharacterOffsetEnd=54 PartOfSpeech=CC] [Text=I CharacterOffsetBegin=55 CharacterOffsetEnd=56 PartOfSpeech=PRP] [Text=voted CharacterOffsetBegin=57 CharacterOffsetEnd=62 PartOfSpeech=VBD] [Text=it CharacterOffsetBegin=63 CharacterOffsetEnd=65 PartOfSpeech=PRP] [Text=at CharacterOffsetBegin=66 CharacterOffsetEnd=68 PartOfSpeech=IN] [Text=10 CharacterOffsetBegin=69 CharacterOffsetEnd=71 PartOfSpeech=CD] [Text=stars CharacterOffsetBegin=72 CharacterOffsetEnd=77 PartOfSpeech=NNS] [Text=all CharacterOffsetBegin=78 CharacterOffsetEnd=81 PartOfSpeech=PDT] [Text=the CharacterOffsetBegin=82 CharacterOffsetEnd=85 PartOfSpeech=DT] [Text=same CharacterOffsetBegin=86 CharacterOffsetEnd=90 PartOfSpeech=JJ] [Text=. CharacterOffsetBegin=90 CharacterOffsetEnd=91 PartOfSpeech=.] 
root(ROOT-0, suppose-2)
nsubj(suppose-2, I-1)
nsubj(film-8, this-3)
cop(film-8, is-4)
neg(film-8, not-5)
det(film-8, the-6)
amod(film-8, best-7)
ccomp(suppose-2, film-8)
advmod(made-10, ever-9)
partmod(film-8, made-10)
cc(made-10, but-11)
nsubj(voted-13, I-12)
conj(made-10, voted-13)
dobj(voted-13, it-14)
mark(same-20, at-15)
num(stars-17, 10-16)
nsubj(same-20, stars-17)
dep(same-20, all-18)
det(same-20, the-19)
advcl(voted-13, same-20)
punct(suppose-2, .-21)

Sentence #2 (9 tokens):
Mainly because of my feelings at the end.
[Text=Mainly CharacterOffsetBegin=96 CharacterOffsetEnd=102 PartOfSpeech=RB] [Text=because CharacterOffsetBegin=103 CharacterOffsetEnd=110 PartOfSpeech=IN] [Text=of CharacterOffsetBegin=111 CharacterOffsetEnd=113 PartOfSpeech=IN] [Text=my CharacterOffsetBegin=114 CharacterOffsetEnd=116 PartOfSpeech=PRP$] [Text=feelings CharacterOffsetBegin=117 CharacterOffsetEnd=125 PartOfSpeech=NNS] [Text=at CharacterOffsetBegin=126 CharacterOffsetEnd=128 PartOfSpeech=IN] [Text=the CharacterOffsetBegin=129 CharacterOffsetEnd=132 PartOfSpeech=DT] [Text=end CharacterOffsetBegin=133 CharacterOffsetEnd=136 PartOfSpeech=NN] [Text=. CharacterOffsetBegin=136 CharacterOffsetEnd=137 PartOfSpeech=.] 
root(ROOT-0, of-3)
advmod(of-3, Mainly-1)
mwe(of-3, because-2)
poss(feelings-5, my-4)
pobj(of-3, feelings-5)
prep(feelings-5, at-6)
det(end-8, the-7)
pobj(at-6, end-8)
punct(of-3, .-9)

Sentence #3 (11 tokens):
I and all the people around me were simply touched.
[Text=I CharacterOffsetBegin=142 CharacterOffsetEnd=143 PartOfSpeech=PRP] [Text=and CharacterOffsetBegin=144 CharacterOffsetEnd=147 PartOfSpeech=CC] [Text=all CharacterOffsetBegin=148 CharacterOffsetEnd=151 PartOfSpeech=PDT] [Text=the CharacterOffsetBegin=152 CharacterOffsetEnd=155 PartOfSpeech=DT] [Text=people CharacterOffsetBegin=156 CharacterOffsetEnd=162 PartOfSpeech=NNS] [Text=around CharacterOffsetBegin=163 CharacterOffsetEnd=169 PartOfSpeech=IN] [Text=me CharacterOffsetBegin=170 CharacterOffsetEnd=172 PartOfSpeech=PRP] [Text=were CharacterOffsetBegin=173 CharacterOffsetEnd=177 PartOfSpeech=VBD] [Text=simply CharacterOffsetBegin=178 CharacterOffsetEnd=184 PartOfSpeech=RB] [Text=touched CharacterOffsetBegin=185 CharacterOffsetEnd=192 PartOfSpeech=VBN] [Text=. CharacterOffsetBegin=192 CharacterOffsetEnd=193 PartOfSpeech=.] 
root(ROOT-0, touched-10)
nsubjpass(touched-10, I-1)
cc(I-1, and-2)
predet(people-5, all-3)
det(people-5, the-4)
conj(I-1, people-5)
prep(I-1, around-6)
pobj(around-6, me-7)
auxpass(touched-10, were-8)
advmod(touched-10, simply-9)
punct(touched-10, .-11)

Sentence #4 (9 tokens):
This is something you don't often feel .
[Text=This CharacterOffsetBegin=198 CharacterOffsetEnd=202 PartOfSpeech=DT] [Text=is CharacterOffsetBegin=203 CharacterOffsetEnd=205 PartOfSpeech=VBZ] [Text=something CharacterOffsetBegin=206 CharacterOffsetEnd=215 PartOfSpeech=NN] [Text=you CharacterOffsetBegin=216 CharacterOffsetEnd=219 PartOfSpeech=PRP] [Text=do CharacterOffsetBegin=220 CharacterOffsetEnd=222 PartOfSpeech=VBP] [Text=n't CharacterOffsetBegin=222 CharacterOffsetEnd=225 PartOfSpeech=RB] [Text=often CharacterOffsetBegin=226 CharacterOffsetEnd=231 PartOfSpeech=RB] [Text=feel CharacterOffsetBegin=232 CharacterOffsetEnd=236 PartOfSpeech=VB] [Text=. CharacterOffsetBegin=237 CharacterOffsetEnd=238 PartOfSpeech=.] 
root(ROOT-0, something-3)
nsubj(something-3, This-1)
cop(something-3, is-2)
nsubj(feel-8, you-4)
aux(feel-8, do-5)
neg(feel-8, n't-6)
advmod(feel-8, often-7)
rcmod(something-3, feel-8)
punct(something-3, .-9)

Sentence #5 (22 tokens):
We are all getting a bit cynical and fed up with over sentimentality, lazy manipulation or preaching in modern films.
[Text=We CharacterOffsetBegin=243 CharacterOffsetEnd=245 PartOfSpeech=PRP] [Text=are CharacterOffsetBegin=246 CharacterOffsetEnd=249 PartOfSpeech=VBP] [Text=all CharacterOffsetBegin=250 CharacterOffsetEnd=253 PartOfSpeech=DT] [Text=getting CharacterOffsetBegin=254 CharacterOffsetEnd=261 PartOfSpeech=VBG] [Text=a CharacterOffsetBegin=262 CharacterOffsetEnd=263 PartOfSpeech=DT] [Text=bit CharacterOffsetBegin=264 CharacterOffsetEnd=267 PartOfSpeech=NN] [Text=cynical CharacterOffsetBegin=268 CharacterOffsetEnd=275 PartOfSpeech=JJ] [Text=and CharacterOffsetBegin=276 CharacterOffsetEnd=279 PartOfSpeech=CC] [Text=fed CharacterOffsetBegin=280 CharacterOffsetEnd=283 PartOfSpeech=VBN] [Text=up CharacterOffsetBegin=284 CharacterOffsetEnd=286 PartOfSpeech=RP] [Text=with CharacterOffsetBegin=287 CharacterOffsetEnd=291 PartOfSpeech=IN] [Text=over CharacterOffsetBegin=292 CharacterOffsetEnd=296 PartOfSpeech=IN] [Text=sentimentality CharacterOffsetBegin=297 CharacterOffsetEnd=311 PartOfSpeech=NN] [Text=, CharacterOffsetBegin=311 CharacterOffsetEnd=312 PartOfSpeech=,] [Text=lazy CharacterOffsetBegin=313 CharacterOffsetEnd=317 PartOfSpeech=JJ] [Text=manipulation CharacterOffsetBegin=318 CharacterOffsetEnd=330 PartOfSpeech=NN] [Text=or CharacterOffsetBegin=331 CharacterOffsetEnd=333 PartOfSpeech=CC] [Text=preaching CharacterOffsetBegin=334 CharacterOffsetEnd=343 PartOfSpeech=VBG] [Text=in CharacterOffsetBegin=344 CharacterOffsetEnd=346 PartOfSpeech=IN] [Text=modern CharacterOffsetBegin=347 CharacterOffsetEnd=353 PartOfSpeech=JJ] [Text=films CharacterOffsetBegin=354 CharacterOffsetEnd=359 PartOfSpeech=NNS] [Text=. CharacterOffsetBegin=359 CharacterOffsetEnd=360 PartOfSpeech=.] 
root(ROOT-0, We-1)
dep(We-1, are-2)
dep(are-2, all-3)
partmod(all-3, getting-4)
det(cynical-7, a-5)
nn(cynical-7, bit-6)
dep(getting-4, cynical-7)
cc(cynical-7, and-8)
conj(cynical-7, fed-9)
prt(fed-9, up-10)
prep(fed-9, with-11)
pcomp(with-11, over-12)
pobj(over-12, sentimentality-13)
punct(cynical-7, ,-14)
amod(manipulation-16, lazy-15)
conj(cynical-7, manipulation-16)
cc(cynical-7, or-17)
conj(cynical-7, preaching-18)
prep(preaching-18, in-19)
amod(films-21, modern-20)
pobj(in-19, films-21)
punct(We-1, .-22)

Sentence #6 (36 tokens):
The story of the film centres around Jane a young woman in the last stages of MND and the friendship that grows between her and Richard, a man on the verge of a breakdown.
[Text=The CharacterOffsetBegin=365 CharacterOffsetEnd=368 PartOfSpeech=DT] [Text=story CharacterOffsetBegin=369 CharacterOffsetEnd=374 PartOfSpeech=NN] [Text=of CharacterOffsetBegin=375 CharacterOffsetEnd=377 PartOfSpeech=IN] [Text=the CharacterOffsetBegin=378 CharacterOffsetEnd=381 PartOfSpeech=DT] [Text=film CharacterOffsetBegin=382 CharacterOffsetEnd=386 PartOfSpeech=NN] [Text=centres CharacterOffsetBegin=387 CharacterOffsetEnd=394 PartOfSpeech=NNS] [Text=around CharacterOffsetBegin=395 CharacterOffsetEnd=401 PartOfSpeech=IN] [Text=Jane CharacterOffsetBegin=402 CharacterOffsetEnd=406 PartOfSpeech=NNP] [Text=a CharacterOffsetBegin=407 CharacterOffsetEnd=408 PartOfSpeech=DT] [Text=young CharacterOffsetBegin=409 CharacterOffsetEnd=414 PartOfSpeech=JJ] [Text=woman CharacterOffsetBegin=415 CharacterOffsetEnd=420 PartOfSpeech=NN] [Text=in CharacterOffsetBegin=421 CharacterOffsetEnd=423 PartOfSpeech=IN] [Text=the CharacterOffsetBegin=424 CharacterOffsetEnd=427 PartOfSpeech=DT] [Text=last CharacterOffsetBegin=428 CharacterOffsetEnd=432 PartOfSpeech=JJ] [Text=stages CharacterOffsetBegin=433 CharacterOffsetEnd=439 PartOfSpeech=NNS] [Text=of CharacterOffsetBegin=440 CharacterOffsetEnd=442 PartOfSpeech=IN] [Text=MND CharacterOffsetBegin=443 CharacterOffsetEnd=446 PartOfSpeech=NN] [Text=and CharacterOffsetBegin=447 CharacterOffsetEnd=450 PartOfSpeech=CC] [Text=the CharacterOffsetBegin=451 CharacterOffsetEnd=454 PartOfSpeech=DT] [Text=friendship CharacterOffsetBegin=455 CharacterOffsetEnd=465 PartOfSpeech=NN] [Text=that CharacterOffsetBegin=466 CharacterOffsetEnd=470 PartOfSpeech=WDT] [Text=grows CharacterOffsetBegin=471 CharacterOffsetEnd=476 PartOfSpeech=VBZ] [Text=between CharacterOffsetBegin=477 CharacterOffsetEnd=484 PartOfSpeech=IN] [Text=her CharacterOffsetBegin=485 CharacterOffsetEnd=488 PartOfSpeech=PRP] [Text=and CharacterOffsetBegin=489 CharacterOffsetEnd=492 PartOfSpeech=CC] [Text=Richard CharacterOffsetBegin=493 CharacterOffsetEnd=500 PartOfSpeech=NNP] [Text=, CharacterOffsetBegin=500 CharacterOffsetEnd=501 PartOfSpeech=,] [Text=a CharacterOffsetBegin=502 CharacterOffsetEnd=503 PartOfSpeech=DT] [Text=man CharacterOffsetBegin=504 CharacterOffsetEnd=507 PartOfSpeech=NN] [Text=on CharacterOffsetBegin=508 CharacterOffsetEnd=510 PartOfSpeech=IN] [Text=the CharacterOffsetBegin=511 CharacterOffsetEnd=514 PartOfSpeech=DT] [Text=verge CharacterOffsetBegin=515 CharacterOffsetEnd=520 PartOfSpeech=NN] [Text=of CharacterOffsetBegin=521 CharacterOffsetEnd=523 PartOfSpeech=IN] [Text=a CharacterOffsetBegin=524 CharacterOffsetEnd=525 PartOfSpeech=DT] [Text=breakdown CharacterOffsetBegin=526 CharacterOffsetEnd=535 PartOfSpeech=NN] [Text=. CharacterOffsetBegin=535 CharacterOffsetEnd=536 PartOfSpeech=.] 
root(ROOT-0, story-2)
det(story-2, The-1)
prep(story-2, of-3)
det(film-5, the-4)
pobj(of-3, film-5)
partmod(film-5, centres-6)
prep(centres-6, around-7)
nn(woman-11, Jane-8)
det(woman-11, a-9)
amod(woman-11, young-10)
pobj(around-7, woman-11)
prep(centres-6, in-12)
det(stages-15, the-13)
amod(stages-15, last-14)
pobj(in-12, stages-15)
prep(stages-15, of-16)
pobj(of-16, MND-17)
cc(MND-17, and-18)
det(friendship-20, the-19)
conj(MND-17, friendship-20)
nsubj(grows-22, that-21)
rcmod(friendship-20, grows-22)
prep(grows-22, between-23)
pobj(between-23, her-24)
cc(her-24, and-25)
conj(her-24, Richard-26)
punct(Richard-26, ,-27)
det(man-29, a-28)
appos(Richard-26, man-29)
prep(man-29, on-30)
det(verge-32, the-31)
pobj(on-30, verge-32)
prep(verge-32, of-33)
det(breakdown-35, a-34)
pobj(of-33, breakdown-35)
punct(story-2, .-36)

Sentence #7 (38 tokens):
This could have so easily been a dull and worthy piece but it is so humorous, humane and lacking in sentimentality that it wins you over completely and against the odds is a feel good movie.
[Text=This CharacterOffsetBegin=541 CharacterOffsetEnd=545 PartOfSpeech=DT] [Text=could CharacterOffsetBegin=546 CharacterOffsetEnd=551 PartOfSpeech=MD] [Text=have CharacterOffsetBegin=552 CharacterOffsetEnd=556 PartOfSpeech=VB] [Text=so CharacterOffsetBegin=557 CharacterOffsetEnd=559 PartOfSpeech=RB] [Text=easily CharacterOffsetBegin=560 CharacterOffsetEnd=566 PartOfSpeech=RB] [Text=been CharacterOffsetBegin=567 CharacterOffsetEnd=571 PartOfSpeech=VBN] [Text=a CharacterOffsetBegin=572 CharacterOffsetEnd=573 PartOfSpeech=DT] [Text=dull CharacterOffsetBegin=574 CharacterOffsetEnd=578 PartOfSpeech=JJ] [Text=and CharacterOffsetBegin=579 CharacterOffsetEnd=582 PartOfSpeech=CC] [Text=worthy CharacterOffsetBegin=583 CharacterOffsetEnd=589 PartOfSpeech=JJ] [Text=piece CharacterOffsetBegin=590 CharacterOffsetEnd=595 PartOfSpeech=NN] [Text=but CharacterOffsetBegin=596 CharacterOffsetEnd=599 PartOfSpeech=CC] [Text=it CharacterOffsetBegin=600 CharacterOffsetEnd=602 PartOfSpeech=PRP] [Text=is CharacterOffsetBegin=603 CharacterOffsetEnd=605 PartOfSpeech=VBZ] [Text=so CharacterOffsetBegin=606 CharacterOffsetEnd=608 PartOfSpeech=RB] [Text=humorous CharacterOffsetBegin=609 CharacterOffsetEnd=617 PartOfSpeech=JJ] [Text=, CharacterOffsetBegin=617 CharacterOffsetEnd=618 PartOfSpeech=,] [Text=humane CharacterOffsetBegin=619 CharacterOffsetEnd=625 PartOfSpeech=JJ] [Text=and CharacterOffsetBegin=626 CharacterOffsetEnd=629 PartOfSpeech=CC] [Text=lacking CharacterOffsetBegin=630 CharacterOffsetEnd=637 PartOfSpeech=VBG] [Text=in CharacterOffsetBegin=638 CharacterOffsetEnd=640 PartOfSpeech=IN] [Text=sentimentality CharacterOffsetBegin=641 CharacterOffsetEnd=655 PartOfSpeech=NN] [Text=that CharacterOffsetBegin=656 CharacterOffsetEnd=660 PartOfSpeech=IN] [Text=it CharacterOffsetBegin=661 CharacterOffsetEnd=663 PartOfSpeech=PRP] [Text=wins CharacterOffsetBegin=664 CharacterOffsetEnd=668 PartOfSpeech=VBZ] [Text=you CharacterOffsetBegin=669 CharacterOffsetEnd=672 PartOfSpeech=PRP] [Text=over CharacterOffsetBegin=673 CharacterOffsetEnd=677 PartOfSpeech=IN] [Text=completely CharacterOffsetBegin=678 CharacterOffsetEnd=688 PartOfSpeech=RB] [Text=and CharacterOffsetBegin=689 CharacterOffsetEnd=692 PartOfSpeech=CC] [Text=against CharacterOffsetBegin=693 CharacterOffsetEnd=700 PartOfSpeech=IN] [Text=the CharacterOffsetBegin=701 CharacterOffsetEnd=704 PartOfSpeech=DT] [Text=odds CharacterOffsetBegin=705 CharacterOffsetEnd=709 PartOfSpeech=NNS] [Text=is CharacterOffsetBegin=710 CharacterOffsetEnd=712 PartOfSpeech=VBZ] [Text=a CharacterOffsetBegin=713 CharacterOffsetEnd=714 PartOfSpeech=DT] [Text=feel CharacterOffsetBegin=715 CharacterOffsetEnd=719 PartOfSpeech=NN] [Text=good CharacterOffsetBegin=720 CharacterOffsetEnd=724 PartOfSpeech=JJ] [Text=movie CharacterOffsetBegin=725 CharacterOffsetEnd=730 PartOfSpeech=NN] [Text=. CharacterOffsetBegin=730 CharacterOffsetEnd=731 PartOfSpeech=.] 
root(ROOT-0, have-3)
nsubj(have-3, This-1)
aux(have-3, could-2)
advmod(easily-5, so-4)
advmod(piece-11, easily-5)
cop(piece-11, been-6)
det(piece-11, a-7)
amod(piece-11, dull-8)
cc(dull-8, and-9)
conj(dull-8, worthy-10)
ccomp(have-3, piece-11)
cc(piece-11, but-12)
nsubj(humorous-16, it-13)
cop(humorous-16, is-14)
advmod(humorous-16, so-15)
conj(piece-11, humorous-16)
punct(humorous-16, ,-17)
conj(humorous-16, humane-18)
cc(humorous-16, and-19)
conj(humorous-16, lacking-20)
prep(lacking-20, in-21)
pobj(in-21, sentimentality-22)
mark(wins-25, that-23)
nsubj(wins-25, it-24)
ccomp(humorous-16, wins-25)
dobj(wins-25, you-26)
prep(wins-25, over-27)
advmod(movie-37, completely-28)
cc(completely-28, and-29)
conj(completely-28, against-30)
det(odds-32, the-31)
nsubj(movie-37, odds-32)
cop(movie-37, is-33)
det(movie-37, a-34)
amod(movie-37, feel-35)
amod(movie-37, good-36)
pobj(over-27, movie-37)
punct(have-3, .-38)

Sentence #8 (21 tokens):
The acting from Branagh and Bonham-Carter is superb especially the latter who is always believable and strong in her role.
[Text=The CharacterOffsetBegin=736 CharacterOffsetEnd=739 PartOfSpeech=DT] [Text=acting CharacterOffsetBegin=740 CharacterOffsetEnd=746 PartOfSpeech=VBG] [Text=from CharacterOffsetBegin=747 CharacterOffsetEnd=751 PartOfSpeech=IN] [Text=Branagh CharacterOffsetBegin=752 CharacterOffsetEnd=759 PartOfSpeech=NNP] [Text=and CharacterOffsetBegin=760 CharacterOffsetEnd=763 PartOfSpeech=CC] [Text=Bonham-Carter CharacterOffsetBegin=764 CharacterOffsetEnd=777 PartOfSpeech=NNP] [Text=is CharacterOffsetBegin=778 CharacterOffsetEnd=780 PartOfSpeech=VBZ] [Text=superb CharacterOffsetBegin=781 CharacterOffsetEnd=787 PartOfSpeech=JJ] [Text=especially CharacterOffsetBegin=788 CharacterOffsetEnd=798 PartOfSpeech=RB] [Text=the CharacterOffsetBegin=799 CharacterOffsetEnd=802 PartOfSpeech=DT] [Text=latter CharacterOffsetBegin=803 CharacterOffsetEnd=809 PartOfSpeech=NN] [Text=who CharacterOffsetBegin=810 CharacterOffsetEnd=813 PartOfSpeech=WP] [Text=is CharacterOffsetBegin=814 CharacterOffsetEnd=816 PartOfSpeech=VBZ] [Text=always CharacterOffsetBegin=817 CharacterOffsetEnd=823 PartOfSpeech=RB] [Text=believable CharacterOffsetBegin=824 CharacterOffsetEnd=834 PartOfSpeech=JJ] [Text=and CharacterOffsetBegin=835 CharacterOffsetEnd=838 PartOfSpeech=CC] [Text=strong CharacterOffsetBegin=839 CharacterOffsetEnd=845 PartOfSpeech=JJ] [Text=in CharacterOffsetBegin=846 CharacterOffsetEnd=848 PartOfSpeech=IN] [Text=her CharacterOffsetBegin=849 CharacterOffsetEnd=852 PartOfSpeech=PRP$] [Text=role CharacterOffsetBegin=853 CharacterOffsetEnd=857 PartOfSpeech=NN] [Text=. CharacterOffsetBegin=857 CharacterOffsetEnd=858 PartOfSpeech=.] 
root(ROOT-0, superb-8)
det(acting-2, The-1)
nsubj(superb-8, acting-2)
prep(acting-2, from-3)
pobj(from-3, Branagh-4)
cc(Branagh-4, and-5)
conj(Branagh-4, Bonham-Carter-6)
cop(superb-8, is-7)
advmod(latter-11, especially-9)
det(latter-11, the-10)
dobj(superb-8, latter-11)
nsubj(believable-15, who-12)
cop(believable-15, is-13)
advmod(believable-15, always-14)
rcmod(latter-11, believable-15)
cc(believable-15, and-16)
conj(believable-15, strong-17)
prep(strong-17, in-18)
poss(role-20, her-19)
pobj(in-18, role-20)
punct(superb-8, .-21)

Sentence #9 (10 tokens):
The chemistry between the two also lifts the movie.
[Text=The CharacterOffsetBegin=863 CharacterOffsetEnd=866 PartOfSpeech=DT] [Text=chemistry CharacterOffsetBegin=867 CharacterOffsetEnd=876 PartOfSpeech=NN] [Text=between CharacterOffsetBegin=877 CharacterOffsetEnd=884 PartOfSpeech=IN] [Text=the CharacterOffsetBegin=885 CharacterOffsetEnd=888 PartOfSpeech=DT] [Text=two CharacterOffsetBegin=889 CharacterOffsetEnd=892 PartOfSpeech=CD] [Text=also CharacterOffsetBegin=893 CharacterOffsetEnd=897 PartOfSpeech=RB] [Text=lifts CharacterOffsetBegin=898 CharacterOffsetEnd=903 PartOfSpeech=VBZ] [Text=the CharacterOffsetBegin=904 CharacterOffsetEnd=907 PartOfSpeech=DT] [Text=movie CharacterOffsetBegin=908 CharacterOffsetEnd=913 PartOfSpeech=NN] [Text=. CharacterOffsetBegin=913 CharacterOffsetEnd=914 PartOfSpeech=.] 
root(ROOT-0, lifts-7)
det(chemistry-2, The-1)
nsubj(lifts-7, chemistry-2)
prep(chemistry-2, between-3)
det(two-5, the-4)
pobj(between-3, two-5)
advmod(lifts-7, also-6)
det(movie-9, the-8)
dobj(lifts-7, movie-9)
punct(lifts-7, .-10)

Sentence #10 (17 tokens):
The title comes from Richards masterpiece, a plane made of junk and his old paintings.
[Text=The CharacterOffsetBegin=919 CharacterOffsetEnd=922 PartOfSpeech=DT] [Text=title CharacterOffsetBegin=923 CharacterOffsetEnd=928 PartOfSpeech=NN] [Text=comes CharacterOffsetBegin=929 CharacterOffsetEnd=934 PartOfSpeech=VBZ] [Text=from CharacterOffsetBegin=935 CharacterOffsetEnd=939 PartOfSpeech=IN] [Text=Richards CharacterOffsetBegin=940 CharacterOffsetEnd=948 PartOfSpeech=NNP] [Text=masterpiece CharacterOffsetBegin=949 CharacterOffsetEnd=960 PartOfSpeech=NN] [Text=, CharacterOffsetBegin=960 CharacterOffsetEnd=961 PartOfSpeech=,] [Text=a CharacterOffsetBegin=962 CharacterOffsetEnd=963 PartOfSpeech=DT] [Text=plane CharacterOffsetBegin=964 CharacterOffsetEnd=969 PartOfSpeech=NN] [Text=made CharacterOffsetBegin=970 CharacterOffsetEnd=974 PartOfSpeech=VBN] [Text=of CharacterOffsetBegin=975 CharacterOffsetEnd=977 PartOfSpeech=IN] [Text=junk CharacterOffsetBegin=978 CharacterOffsetEnd=982 PartOfSpeech=NN] [Text=and CharacterOffsetBegin=983 CharacterOffsetEnd=986 PartOfSpeech=CC] [Text=his CharacterOffsetBegin=987 CharacterOffsetEnd=990 PartOfSpeech=PRP$] [Text=old CharacterOffsetBegin=991 CharacterOffsetEnd=994 PartOfSpeech=JJ] [Text=paintings CharacterOffsetBegin=995 CharacterOffsetEnd=1004 PartOfSpeech=NNS] [Text=. CharacterOffsetBegin=1004 CharacterOffsetEnd=1005 PartOfSpeech=.] 
root(ROOT-0, comes-3)
det(title-2, The-1)
nsubj(comes-3, title-2)
prep(comes-3, from-4)
nn(masterpiece-6, Richards-5)
pobj(from-4, masterpiece-6)
punct(masterpiece-6, ,-7)
det(plane-9, a-8)
conj(masterpiece-6, plane-9)
partmod(plane-9, made-10)
prep(made-10, of-11)
pobj(of-11, junk-12)
cc(masterpiece-6, and-13)
poss(paintings-16, his-14)
amod(paintings-16, old-15)
conj(masterpiece-6, paintings-16)
punct(comes-3, .-17)

Sentence #11 (29 tokens):
Flying here is a symbol for both Richards and Janes living life to the full so that one can carry on and the other can face the end.
[Text=Flying CharacterOffsetBegin=1010 CharacterOffsetEnd=1016 PartOfSpeech=NNP] [Text=here CharacterOffsetBegin=1017 CharacterOffsetEnd=1021 PartOfSpeech=RB] [Text=is CharacterOffsetBegin=1022 CharacterOffsetEnd=1024 PartOfSpeech=VBZ] [Text=a CharacterOffsetBegin=1025 CharacterOffsetEnd=1026 PartOfSpeech=DT] [Text=symbol CharacterOffsetBegin=1027 CharacterOffsetEnd=1033 PartOfSpeech=NN] [Text=for CharacterOffsetBegin=1034 CharacterOffsetEnd=1037 PartOfSpeech=IN] [Text=both CharacterOffsetBegin=1038 CharacterOffsetEnd=1042 PartOfSpeech=DT] [Text=Richards CharacterOffsetBegin=1043 CharacterOffsetEnd=1051 PartOfSpeech=NNP] [Text=and CharacterOffsetBegin=1052 CharacterOffsetEnd=1055 PartOfSpeech=CC] [Text=Janes CharacterOffsetBegin=1056 CharacterOffsetEnd=1061 PartOfSpeech=NNP] [Text=living CharacterOffsetBegin=1062 CharacterOffsetEnd=1068 PartOfSpeech=VBG] [Text=life CharacterOffsetBegin=1069 CharacterOffsetEnd=1073 PartOfSpeech=NN] [Text=to CharacterOffsetBegin=1074 CharacterOffsetEnd=1076 PartOfSpeech=TO] [Text=the CharacterOffsetBegin=1077 CharacterOffsetEnd=1080 PartOfSpeech=DT] [Text=full CharacterOffsetBegin=1081 CharacterOffsetEnd=1085 PartOfSpeech=JJ] [Text=so CharacterOffsetBegin=1086 CharacterOffsetEnd=1088 PartOfSpeech=IN] [Text=that CharacterOffsetBegin=1089 CharacterOffsetEnd=1093 PartOfSpeech=IN] [Text=one CharacterOffsetBegin=1094 CharacterOffsetEnd=1097 PartOfSpeech=PRP] [Text=can CharacterOffsetBegin=1098 CharacterOffsetEnd=1101 PartOfSpeech=MD] [Text=carry CharacterOffsetBegin=1102 CharacterOffsetEnd=1107 PartOfSpeech=VB] [Text=on CharacterOffsetBegin=1108 CharacterOffsetEnd=1110 PartOfSpeech=IN] [Text=and CharacterOffsetBegin=1111 CharacterOffsetEnd=1114 PartOfSpeech=CC] [Text=the CharacterOffsetBegin=1115 CharacterOffsetEnd=1118 PartOfSpeech=DT] [Text=other CharacterOffsetBegin=1119 CharacterOffsetEnd=1124 PartOfSpeech=JJ] [Text=can CharacterOffsetBegin=1125 CharacterOffsetEnd=1128 PartOfSpeech=MD] [Text=face CharacterOffsetBegin=1129 CharacterOffsetEnd=1133 PartOfSpeech=VB] [Text=the CharacterOffsetBegin=1134 CharacterOffsetEnd=1137 PartOfSpeech=DT] [Text=end CharacterOffsetBegin=1138 CharacterOffsetEnd=1141 PartOfSpeech=NN] [Text=. CharacterOffsetBegin=1141 CharacterOffsetEnd=1142 PartOfSpeech=.] 
root(ROOT-0, symbol-5)
nsubj(symbol-5, Flying-1)
advmod(Flying-1, here-2)
cop(symbol-5, is-3)
det(symbol-5, a-4)
prep(symbol-5, for-6)
preconj(Richards-8, both-7)
pobj(for-6, Richards-8)
cc(Richards-8, and-9)
conj(Richards-8, Janes-10)
partmod(Janes-10, living-11)
dobj(living-11, life-12)
aux(face-26, to-13)
det(face-26, the-14)
amod(so-16, full-15)
mark(carry-20, so-16)
mark(carry-20, that-17)
nsubj(carry-20, one-18)
aux(carry-20, can-19)
advcl(face-26, carry-20)
prep(carry-20, on-21)
cc(on-21, and-22)
det(other-24, the-23)
conj(on-21, other-24)
aux(face-26, can-25)
infmod(Richards-8, face-26)
det(end-28, the-27)
dobj(face-26, end-28)
punct(symbol-5, .-29)

Sentence #12 (12 tokens):
A beautiful and funny movie that I would recommend to anyone.
[Text=A CharacterOffsetBegin=1147 CharacterOffsetEnd=1148 PartOfSpeech=DT] [Text=beautiful CharacterOffsetBegin=1149 CharacterOffsetEnd=1158 PartOfSpeech=JJ] [Text=and CharacterOffsetBegin=1159 CharacterOffsetEnd=1162 PartOfSpeech=CC] [Text=funny CharacterOffsetBegin=1163 CharacterOffsetEnd=1168 PartOfSpeech=JJ] [Text=movie CharacterOffsetBegin=1169 CharacterOffsetEnd=1174 PartOfSpeech=NN] [Text=that CharacterOffsetBegin=1175 CharacterOffsetEnd=1179 PartOfSpeech=IN] [Text=I CharacterOffsetBegin=1180 CharacterOffsetEnd=1181 PartOfSpeech=PRP] [Text=would CharacterOffsetBegin=1182 CharacterOffsetEnd=1187 PartOfSpeech=MD] [Text=recommend CharacterOffsetBegin=1188 CharacterOffsetEnd=1197 PartOfSpeech=VB] [Text=to CharacterOffsetBegin=1198 CharacterOffsetEnd=1200 PartOfSpeech=TO] [Text=anyone CharacterOffsetBegin=1201 CharacterOffsetEnd=1207 PartOfSpeech=NN] [Text=. CharacterOffsetBegin=1207 CharacterOffsetEnd=1208 PartOfSpeech=.] 
root(ROOT-0, movie-5)
det(movie-5, A-1)
amod(movie-5, beautiful-2)
cc(beautiful-2, and-3)
conj(beautiful-2, funny-4)
mark(recommend-9, that-6)
nsubj(recommend-9, I-7)
aux(recommend-9, would-8)
ccomp(movie-5, recommend-9)
prep(recommend-9, to-10)
pobj(to-10, anyone-11)
punct(movie-5, .-12)

Sentence #13 (10 tokens):
don't let the subject matter put you off.
[Text=do CharacterOffsetBegin=1213 CharacterOffsetEnd=1215 PartOfSpeech=VBP] [Text=n't CharacterOffsetBegin=1215 CharacterOffsetEnd=1218 PartOfSpeech=RB] [Text=let CharacterOffsetBegin=1219 CharacterOffsetEnd=1222 PartOfSpeech=VB] [Text=the CharacterOffsetBegin=1223 CharacterOffsetEnd=1226 PartOfSpeech=DT] [Text=subject CharacterOffsetBegin=1227 CharacterOffsetEnd=1234 PartOfSpeech=JJ] [Text=matter CharacterOffsetBegin=1235 CharacterOffsetEnd=1241 PartOfSpeech=NN] [Text=put CharacterOffsetBegin=1242 CharacterOffsetEnd=1245 PartOfSpeech=VB] [Text=you CharacterOffsetBegin=1246 CharacterOffsetEnd=1249 PartOfSpeech=PRP] [Text=off CharacterOffsetBegin=1250 CharacterOffsetEnd=1253 PartOfSpeech=RP] [Text=. CharacterOffsetBegin=1253 CharacterOffsetEnd=1254 PartOfSpeech=.] 
root(ROOT-0, let-3)
aux(let-3, do-1)
neg(let-3, n't-2)
det(matter-6, the-4)
amod(matter-6, subject-5)
nsubj(put-7, matter-6)
ccomp(let-3, put-7)
dobj(put-7, you-8)
prt(put-7, off-9)
punct(let-3, .-10)

