Sentence #1 (39 tokens):
Despite its low-key release in this country, and its apparent disregard in other countries (the 'R' rating in the States can't have helped - honestly, just because HBC uses the C-word!
    )
[Text=Despite CharacterOffsetBegin=4 CharacterOffsetEnd=11 PartOfSpeech=IN] [Text=its CharacterOffsetBegin=12 CharacterOffsetEnd=15 PartOfSpeech=PRP$] [Text=low-key CharacterOffsetBegin=16 CharacterOffsetEnd=23 PartOfSpeech=JJ] [Text=release CharacterOffsetBegin=24 CharacterOffsetEnd=31 PartOfSpeech=NN] [Text=in CharacterOffsetBegin=32 CharacterOffsetEnd=34 PartOfSpeech=IN] [Text=this CharacterOffsetBegin=35 CharacterOffsetEnd=39 PartOfSpeech=DT] [Text=country CharacterOffsetBegin=40 CharacterOffsetEnd=47 PartOfSpeech=NN] [Text=, CharacterOffsetBegin=47 CharacterOffsetEnd=48 PartOfSpeech=,] [Text=and CharacterOffsetBegin=49 CharacterOffsetEnd=52 PartOfSpeech=CC] [Text=its CharacterOffsetBegin=53 CharacterOffsetEnd=56 PartOfSpeech=PRP$] [Text=apparent CharacterOffsetBegin=57 CharacterOffsetEnd=65 PartOfSpeech=JJ] [Text=disregard CharacterOffsetBegin=66 CharacterOffsetEnd=75 PartOfSpeech=NN] [Text=in CharacterOffsetBegin=76 CharacterOffsetEnd=78 PartOfSpeech=IN] [Text=other CharacterOffsetBegin=79 CharacterOffsetEnd=84 PartOfSpeech=JJ] [Text=countries CharacterOffsetBegin=85 CharacterOffsetEnd=94 PartOfSpeech=NNS] [Text=-LRB- CharacterOffsetBegin=95 CharacterOffsetEnd=96 PartOfSpeech=-LRB-] [Text=the CharacterOffsetBegin=96 CharacterOffsetEnd=99 PartOfSpeech=DT] [Text=` CharacterOffsetBegin=100 CharacterOffsetEnd=101 PartOfSpeech=``] [Text=R CharacterOffsetBegin=101 CharacterOffsetEnd=102 PartOfSpeech=NN] [Text=' CharacterOffsetBegin=102 CharacterOffsetEnd=103 PartOfSpeech=''] [Text=rating CharacterOffsetBegin=104 CharacterOffsetEnd=110 PartOfSpeech=NN] [Text=in CharacterOffsetBegin=111 CharacterOffsetEnd=113 PartOfSpeech=IN] [Text=the CharacterOffsetBegin=114 CharacterOffsetEnd=117 PartOfSpeech=DT] [Text=States CharacterOffsetBegin=118 CharacterOffsetEnd=124 PartOfSpeech=NNPS] [Text=ca CharacterOffsetBegin=125 CharacterOffsetEnd=127 PartOfSpeech=MD] [Text=n't CharacterOffsetBegin=127 CharacterOffsetEnd=130 PartOfSpeech=RB] [Text=have CharacterOffsetBegin=131 CharacterOffsetEnd=135 PartOfSpeech=VB] [Text=helped CharacterOffsetBegin=136 CharacterOffsetEnd=142 PartOfSpeech=VBN] [Text=- CharacterOffsetBegin=143 CharacterOffsetEnd=144 PartOfSpeech=:] [Text=honestly CharacterOffsetBegin=145 CharacterOffsetEnd=153 PartOfSpeech=RB] [Text=, CharacterOffsetBegin=153 CharacterOffsetEnd=154 PartOfSpeech=,] [Text=just CharacterOffsetBegin=155 CharacterOffsetEnd=159 PartOfSpeech=RB] [Text=because CharacterOffsetBegin=160 CharacterOffsetEnd=167 PartOfSpeech=IN] [Text=HBC CharacterOffsetBegin=168 CharacterOffsetEnd=171 PartOfSpeech=NN] [Text=uses CharacterOffsetBegin=172 CharacterOffsetEnd=176 PartOfSpeech=VBZ] [Text=the CharacterOffsetBegin=177 CharacterOffsetEnd=180 PartOfSpeech=DT] [Text=C-word CharacterOffsetBegin=181 CharacterOffsetEnd=187 PartOfSpeech=NN] [Text=! CharacterOffsetBegin=187 CharacterOffsetEnd=188 PartOfSpeech=.] [Text=-RRB- CharacterOffsetBegin=193 CharacterOffsetEnd=194 PartOfSpeech=-RRB-] 
root(ROOT-0, Despite-1)
poss(release-4, its-2)
amod(release-4, low-key-3)
pobj(Despite-1, release-4)
prep(release-4, in-5)
det(country-7, this-6)
pobj(in-5, country-7)
punct(Despite-1, ,-8)
cc(Despite-1, and-9)
poss(disregard-12, its-10)
amod(disregard-12, apparent-11)
nsubj(helped-28, disregard-12)
prep(disregard-12, in-13)
amod(countries-15, other-14)
pobj(in-13, countries-15)
punct(rating-21, -LRB--16)
det(rating-21, the-17)
punct(rating-21, `-18)
nn(rating-21, R-19)
punct(rating-21, '-20)
nsubjpass(helped-28, rating-21)
prep(rating-21, in-22)
det(States-24, the-23)
pobj(in-22, States-24)
aux(helped-28, ca-25)
neg(helped-28, n't-26)
aux(helped-28, have-27)
conj(Despite-1, helped-28)
punct(helped-28, --29)
dep(helped-28, honestly-30)
punct(honestly-30, ,-31)
advmod(uses-35, just-32)
mark(uses-35, because-33)
nsubj(uses-35, HBC-34)
advcl(honestly-30, uses-35)
det(C-word-37, the-36)
dobj(uses-35, C-word-37)
punct(honestly-30, !-38)
punct(Despite-1, -RRB--39)

Sentence #2 (10 tokens):
, this is actually a fine piece of work.
[Text=, CharacterOffsetBegin=194 CharacterOffsetEnd=195 PartOfSpeech=,] [Text=this CharacterOffsetBegin=196 CharacterOffsetEnd=200 PartOfSpeech=DT] [Text=is CharacterOffsetBegin=201 CharacterOffsetEnd=203 PartOfSpeech=VBZ] [Text=actually CharacterOffsetBegin=204 CharacterOffsetEnd=212 PartOfSpeech=RB] [Text=a CharacterOffsetBegin=213 CharacterOffsetEnd=214 PartOfSpeech=DT] [Text=fine CharacterOffsetBegin=215 CharacterOffsetEnd=219 PartOfSpeech=JJ] [Text=piece CharacterOffsetBegin=220 CharacterOffsetEnd=225 PartOfSpeech=NN] [Text=of CharacterOffsetBegin=226 CharacterOffsetEnd=228 PartOfSpeech=IN] [Text=work CharacterOffsetBegin=229 CharacterOffsetEnd=233 PartOfSpeech=NN] [Text=. CharacterOffsetBegin=233 CharacterOffsetEnd=234 PartOfSpeech=.] 
root(ROOT-0, piece-7)
punct(piece-7, ,-1)
nsubj(piece-7, this-2)
cop(piece-7, is-3)
advmod(piece-7, actually-4)
det(piece-7, a-5)
amod(piece-7, fine-6)
prep(piece-7, of-8)
pobj(of-8, work-9)
punct(piece-7, .-10)

Sentence #3 (48 tokens):
The sentimentality does occasionally threaten to choke it, but it's overcome by the playing of the two leads.It's easy to win plaudits just because you're playing a physical or mental cripple (Daniel Day-Lewis, Geoffrey Rush, Dustin Hoffman, etc.
    )
[Text=The CharacterOffsetBegin=239 CharacterOffsetEnd=242 PartOfSpeech=DT] [Text=sentimentality CharacterOffsetBegin=243 CharacterOffsetEnd=257 PartOfSpeech=NN] [Text=does CharacterOffsetBegin=258 CharacterOffsetEnd=262 PartOfSpeech=VBZ] [Text=occasionally CharacterOffsetBegin=263 CharacterOffsetEnd=275 PartOfSpeech=RB] [Text=threaten CharacterOffsetBegin=276 CharacterOffsetEnd=284 PartOfSpeech=VB] [Text=to CharacterOffsetBegin=285 CharacterOffsetEnd=287 PartOfSpeech=TO] [Text=choke CharacterOffsetBegin=288 CharacterOffsetEnd=293 PartOfSpeech=VB] [Text=it CharacterOffsetBegin=294 CharacterOffsetEnd=296 PartOfSpeech=PRP] [Text=, CharacterOffsetBegin=296 CharacterOffsetEnd=297 PartOfSpeech=,] [Text=but CharacterOffsetBegin=298 CharacterOffsetEnd=301 PartOfSpeech=CC] [Text=it CharacterOffsetBegin=302 CharacterOffsetEnd=304 PartOfSpeech=PRP] [Text='s CharacterOffsetBegin=304 CharacterOffsetEnd=306 PartOfSpeech=VBZ] [Text=overcome CharacterOffsetBegin=307 CharacterOffsetEnd=315 PartOfSpeech=VBN] [Text=by CharacterOffsetBegin=316 CharacterOffsetEnd=318 PartOfSpeech=IN] [Text=the CharacterOffsetBegin=319 CharacterOffsetEnd=322 PartOfSpeech=DT] [Text=playing CharacterOffsetBegin=323 CharacterOffsetEnd=330 PartOfSpeech=NN] [Text=of CharacterOffsetBegin=331 CharacterOffsetEnd=333 PartOfSpeech=IN] [Text=the CharacterOffsetBegin=334 CharacterOffsetEnd=337 PartOfSpeech=DT] [Text=two CharacterOffsetBegin=338 CharacterOffsetEnd=341 PartOfSpeech=CD] [Text=leads.It CharacterOffsetBegin=342 CharacterOffsetEnd=350 PartOfSpeech=NN] [Text='s CharacterOffsetBegin=350 CharacterOffsetEnd=352 PartOfSpeech=POS] [Text=easy CharacterOffsetBegin=353 CharacterOffsetEnd=357 PartOfSpeech=JJ] [Text=to CharacterOffsetBegin=358 CharacterOffsetEnd=360 PartOfSpeech=TO] [Text=win CharacterOffsetBegin=361 CharacterOffsetEnd=364 PartOfSpeech=VB] [Text=plaudits CharacterOffsetBegin=365 CharacterOffsetEnd=373 PartOfSpeech=NNS] [Text=just CharacterOffsetBegin=374 CharacterOffsetEnd=378 PartOfSpeech=RB] [Text=because CharacterOffsetBegin=379 CharacterOffsetEnd=386 PartOfSpeech=IN] [Text=you CharacterOffsetBegin=387 CharacterOffsetEnd=390 PartOfSpeech=PRP] [Text='re CharacterOffsetBegin=390 CharacterOffsetEnd=393 PartOfSpeech=VBP] [Text=playing CharacterOffsetBegin=394 CharacterOffsetEnd=401 PartOfSpeech=VBG] [Text=a CharacterOffsetBegin=402 CharacterOffsetEnd=403 PartOfSpeech=DT] [Text=physical CharacterOffsetBegin=404 CharacterOffsetEnd=412 PartOfSpeech=JJ] [Text=or CharacterOffsetBegin=413 CharacterOffsetEnd=415 PartOfSpeech=CC] [Text=mental CharacterOffsetBegin=416 CharacterOffsetEnd=422 PartOfSpeech=JJ] [Text=cripple CharacterOffsetBegin=423 CharacterOffsetEnd=430 PartOfSpeech=NN] [Text=-LRB- CharacterOffsetBegin=431 CharacterOffsetEnd=432 PartOfSpeech=-LRB-] [Text=Daniel CharacterOffsetBegin=432 CharacterOffsetEnd=438 PartOfSpeech=NNP] [Text=Day-Lewis CharacterOffsetBegin=439 CharacterOffsetEnd=448 PartOfSpeech=NNP] [Text=, CharacterOffsetBegin=448 CharacterOffsetEnd=449 PartOfSpeech=,] [Text=Geoffrey CharacterOffsetBegin=450 CharacterOffsetEnd=458 PartOfSpeech=NNP] [Text=Rush CharacterOffsetBegin=459 CharacterOffsetEnd=463 PartOfSpeech=NNP] [Text=, CharacterOffsetBegin=463 CharacterOffsetEnd=464 PartOfSpeech=,] [Text=Dustin CharacterOffsetBegin=465 CharacterOffsetEnd=471 PartOfSpeech=NNP] [Text=Hoffman CharacterOffsetBegin=472 CharacterOffsetEnd=479 PartOfSpeech=NNP] [Text=, CharacterOffsetBegin=479 CharacterOffsetEnd=480 PartOfSpeech=,] [Text=etc. CharacterOffsetBegin=481 CharacterOffsetEnd=484 PartOfSpeech=FW] [Text=. CharacterOffsetBegin=484 CharacterOffsetEnd=485 PartOfSpeech=.] [Text=-RRB- CharacterOffsetBegin=490 CharacterOffsetEnd=491 PartOfSpeech=-RRB-] 
root(ROOT-0, threaten-5)
det(sentimentality-2, The-1)
nsubj(threaten-5, sentimentality-2)
aux(threaten-5, does-3)
advmod(threaten-5, occasionally-4)
aux(choke-7, to-6)
xcomp(threaten-5, choke-7)
dobj(choke-7, it-8)
punct(threaten-5, ,-9)
cc(threaten-5, but-10)
nsubjpass(overcome-13, it-11)
auxpass(overcome-13, 's-12)
conj(threaten-5, overcome-13)
prep(overcome-13, by-14)
det(playing-16, the-15)
pobj(by-14, playing-16)
prep(playing-16, of-17)
det(leads.It-20, the-18)
num(leads.It-20, two-19)
pobj(of-17, leads.It-20)
possessive(leads.It-20, 's-21)
amod(leads.It-20, easy-22)
aux(win-24, to-23)
xcomp(easy-22, win-24)
dobj(win-24, plaudits-25)
advmod(playing-30, just-26)
mark(playing-30, because-27)
nsubj(playing-30, you-28)
aux(playing-30, 're-29)
advcl(overcome-13, playing-30)
det(cripple-35, a-31)
amod(cripple-35, physical-32)
cc(physical-32, or-33)
conj(physical-32, mental-34)
dobj(playing-30, cripple-35)
punct(Day-Lewis-38, -LRB--36)
nn(Day-Lewis-38, Daniel-37)
dep(cripple-35, Day-Lewis-38)
punct(Day-Lewis-38, ,-39)
nn(Rush-41, Geoffrey-40)
conj(Day-Lewis-38, Rush-41)
punct(Day-Lewis-38, ,-42)
nn(Hoffman-44, Dustin-43)
conj(Day-Lewis-38, Hoffman-44)
punct(Day-Lewis-38, ,-45)
dep(Day-Lewis-38, etc.-46)
punct(Day-Lewis-38, .-47)
punct(threaten-5, -RRB--48)

Sentence #4 (25 tokens):
, and Helena Bonham-Carter may not quite capture the physical degradation of MND, but her vocal stretching and ruthless emotional drive compensate entirely.
[Text=, CharacterOffsetBegin=491 CharacterOffsetEnd=492 PartOfSpeech=,] [Text=and CharacterOffsetBegin=493 CharacterOffsetEnd=496 PartOfSpeech=CC] [Text=Helena CharacterOffsetBegin=497 CharacterOffsetEnd=503 PartOfSpeech=NNP] [Text=Bonham-Carter CharacterOffsetBegin=504 CharacterOffsetEnd=517 PartOfSpeech=NNP] [Text=may CharacterOffsetBegin=518 CharacterOffsetEnd=521 PartOfSpeech=MD] [Text=not CharacterOffsetBegin=522 CharacterOffsetEnd=525 PartOfSpeech=RB] [Text=quite CharacterOffsetBegin=526 CharacterOffsetEnd=531 PartOfSpeech=RB] [Text=capture CharacterOffsetBegin=532 CharacterOffsetEnd=539 PartOfSpeech=VB] [Text=the CharacterOffsetBegin=540 CharacterOffsetEnd=543 PartOfSpeech=DT] [Text=physical CharacterOffsetBegin=544 CharacterOffsetEnd=552 PartOfSpeech=JJ] [Text=degradation CharacterOffsetBegin=553 CharacterOffsetEnd=564 PartOfSpeech=NN] [Text=of CharacterOffsetBegin=565 CharacterOffsetEnd=567 PartOfSpeech=IN] [Text=MND CharacterOffsetBegin=568 CharacterOffsetEnd=571 PartOfSpeech=NNP] [Text=, CharacterOffsetBegin=571 CharacterOffsetEnd=572 PartOfSpeech=,] [Text=but CharacterOffsetBegin=573 CharacterOffsetEnd=576 PartOfSpeech=CC] [Text=her CharacterOffsetBegin=577 CharacterOffsetEnd=580 PartOfSpeech=PRP$] [Text=vocal CharacterOffsetBegin=581 CharacterOffsetEnd=586 PartOfSpeech=JJ] [Text=stretching CharacterOffsetBegin=587 CharacterOffsetEnd=597 PartOfSpeech=VBG] [Text=and CharacterOffsetBegin=598 CharacterOffsetEnd=601 PartOfSpeech=CC] [Text=ruthless CharacterOffsetBegin=602 CharacterOffsetEnd=610 PartOfSpeech=JJ] [Text=emotional CharacterOffsetBegin=611 CharacterOffsetEnd=620 PartOfSpeech=JJ] [Text=drive CharacterOffsetBegin=621 CharacterOffsetEnd=626 PartOfSpeech=NN] [Text=compensate CharacterOffsetBegin=627 CharacterOffsetEnd=637 PartOfSpeech=VB] [Text=entirely CharacterOffsetBegin=638 CharacterOffsetEnd=646 PartOfSpeech=RB] [Text=. CharacterOffsetBegin=646 CharacterOffsetEnd=647 PartOfSpeech=.] 
root(ROOT-0, capture-8)
punct(capture-8, ,-1)
cc(capture-8, and-2)
nn(Bonham-Carter-4, Helena-3)
nsubj(capture-8, Bonham-Carter-4)
aux(capture-8, may-5)
neg(capture-8, not-6)
advmod(capture-8, quite-7)
det(degradation-11, the-9)
amod(degradation-11, physical-10)
dobj(capture-8, degradation-11)
prep(degradation-11, of-12)
pobj(of-12, MND-13)
punct(capture-8, ,-14)
cc(capture-8, but-15)
dep(compensate-23, her-16)
dep(compensate-23, vocal-17)
nsubj(compensate-23, stretching-18)
cc(stretching-18, and-19)
amod(drive-22, ruthless-20)
amod(drive-22, emotional-21)
conj(stretching-18, drive-22)
conj(capture-8, compensate-23)
advmod(compensate-23, entirely-24)
punct(capture-8, .-25)

Sentence #5 (18 tokens):
In fact, almost all her performance is conducted through her eyes (and what eyes!)
[Text=In CharacterOffsetBegin=652 CharacterOffsetEnd=654 PartOfSpeech=IN] [Text=fact CharacterOffsetBegin=655 CharacterOffsetEnd=659 PartOfSpeech=NN] [Text=, CharacterOffsetBegin=659 CharacterOffsetEnd=660 PartOfSpeech=,] [Text=almost CharacterOffsetBegin=661 CharacterOffsetEnd=667 PartOfSpeech=RB] [Text=all CharacterOffsetBegin=668 CharacterOffsetEnd=671 PartOfSpeech=DT] [Text=her CharacterOffsetBegin=672 CharacterOffsetEnd=675 PartOfSpeech=PRP$] [Text=performance CharacterOffsetBegin=676 CharacterOffsetEnd=687 PartOfSpeech=NN] [Text=is CharacterOffsetBegin=688 CharacterOffsetEnd=690 PartOfSpeech=VBZ] [Text=conducted CharacterOffsetBegin=691 CharacterOffsetEnd=700 PartOfSpeech=VBN] [Text=through CharacterOffsetBegin=701 CharacterOffsetEnd=708 PartOfSpeech=IN] [Text=her CharacterOffsetBegin=709 CharacterOffsetEnd=712 PartOfSpeech=PRP$] [Text=eyes CharacterOffsetBegin=713 CharacterOffsetEnd=717 PartOfSpeech=NNS] [Text=-LRB- CharacterOffsetBegin=718 CharacterOffsetEnd=719 PartOfSpeech=-LRB-] [Text=and CharacterOffsetBegin=719 CharacterOffsetEnd=722 PartOfSpeech=CC] [Text=what CharacterOffsetBegin=723 CharacterOffsetEnd=727 PartOfSpeech=WP] [Text=eyes CharacterOffsetBegin=728 CharacterOffsetEnd=732 PartOfSpeech=NNS] [Text=! CharacterOffsetBegin=732 CharacterOffsetEnd=733 PartOfSpeech=.] [Text=-RRB- CharacterOffsetBegin=733 CharacterOffsetEnd=734 PartOfSpeech=-RRB-] 
root(ROOT-0, conducted-9)
prep(conducted-9, In-1)
pobj(In-1, fact-2)
punct(conducted-9, ,-3)
advmod(all-5, almost-4)
dep(conducted-9, all-5)
poss(performance-7, her-6)
nsubjpass(conducted-9, performance-7)
auxpass(conducted-9, is-8)
prep(conducted-9, through-10)
poss(eyes-12, her-11)
pobj(through-10, eyes-12)
punct(and-14, -LRB--13)
cc(eyes-12, and-14)
det(eyes-16, what-15)
conj(eyes-12, eyes-16)
punct(conducted-9, !-17)
punct(conducted-9, -RRB--18)

Sentence #6 (1 tokens):
.
[Text=. CharacterOffsetBegin=734 CharacterOffsetEnd=735 PartOfSpeech=.] 
root(ROOT-0, .-1)

Sentence #7 (26 tokens):
This is an intelligent turn from an actress who is rapidly undoing her English Rose reputation, and emerging as a figure of some stature.
[Text=This CharacterOffsetBegin=740 CharacterOffsetEnd=744 PartOfSpeech=DT] [Text=is CharacterOffsetBegin=745 CharacterOffsetEnd=747 PartOfSpeech=VBZ] [Text=an CharacterOffsetBegin=748 CharacterOffsetEnd=750 PartOfSpeech=DT] [Text=intelligent CharacterOffsetBegin=751 CharacterOffsetEnd=762 PartOfSpeech=JJ] [Text=turn CharacterOffsetBegin=763 CharacterOffsetEnd=767 PartOfSpeech=NN] [Text=from CharacterOffsetBegin=768 CharacterOffsetEnd=772 PartOfSpeech=IN] [Text=an CharacterOffsetBegin=773 CharacterOffsetEnd=775 PartOfSpeech=DT] [Text=actress CharacterOffsetBegin=776 CharacterOffsetEnd=783 PartOfSpeech=NN] [Text=who CharacterOffsetBegin=784 CharacterOffsetEnd=787 PartOfSpeech=WP] [Text=is CharacterOffsetBegin=788 CharacterOffsetEnd=790 PartOfSpeech=VBZ] [Text=rapidly CharacterOffsetBegin=791 CharacterOffsetEnd=798 PartOfSpeech=RB] [Text=undoing CharacterOffsetBegin=799 CharacterOffsetEnd=806 PartOfSpeech=NN] [Text=her CharacterOffsetBegin=807 CharacterOffsetEnd=810 PartOfSpeech=PRP$] [Text=English CharacterOffsetBegin=811 CharacterOffsetEnd=818 PartOfSpeech=JJ] [Text=Rose CharacterOffsetBegin=819 CharacterOffsetEnd=823 PartOfSpeech=NNP] [Text=reputation CharacterOffsetBegin=824 CharacterOffsetEnd=834 PartOfSpeech=NN] [Text=, CharacterOffsetBegin=834 CharacterOffsetEnd=835 PartOfSpeech=,] [Text=and CharacterOffsetBegin=836 CharacterOffsetEnd=839 PartOfSpeech=CC] [Text=emerging CharacterOffsetBegin=840 CharacterOffsetEnd=848 PartOfSpeech=VBG] [Text=as CharacterOffsetBegin=849 CharacterOffsetEnd=851 PartOfSpeech=IN] [Text=a CharacterOffsetBegin=852 CharacterOffsetEnd=853 PartOfSpeech=DT] [Text=figure CharacterOffsetBegin=854 CharacterOffsetEnd=860 PartOfSpeech=NN] [Text=of CharacterOffsetBegin=861 CharacterOffsetEnd=863 PartOfSpeech=IN] [Text=some CharacterOffsetBegin=864 CharacterOffsetEnd=868 PartOfSpeech=DT] [Text=stature CharacterOffsetBegin=869 CharacterOffsetEnd=876 PartOfSpeech=NN] [Text=. CharacterOffsetBegin=876 CharacterOffsetEnd=877 PartOfSpeech=.] 
root(ROOT-0, turn-5)
nsubj(turn-5, This-1)
cop(turn-5, is-2)
det(turn-5, an-3)
amod(turn-5, intelligent-4)
prep(turn-5, from-6)
det(actress-8, an-7)
pobj(from-6, actress-8)
nsubj(undoing-12, who-9)
cop(undoing-12, is-10)
advmod(undoing-12, rapidly-11)
rcmod(actress-8, undoing-12)
poss(reputation-16, her-13)
amod(reputation-16, English-14)
nn(reputation-16, Rose-15)
dobj(undoing-12, reputation-16)
punct(turn-5, ,-17)
cc(turn-5, and-18)
conj(turn-5, emerging-19)
prep(emerging-19, as-20)
det(figure-22, a-21)
pobj(as-20, figure-22)
prep(figure-22, of-23)
det(stature-25, some-24)
pobj(of-23, stature-25)
punct(turn-5, .-26)

Sentence #8 (45 tokens):
Awards must surely follow, though not, alas, for this fine performance.Branagh, one feels, has never quite given his best on film (except possibly 'Hamlet', and there his playing was diluted by the large cast).
[Text=Awards CharacterOffsetBegin=882 CharacterOffsetEnd=888 PartOfSpeech=NNS] [Text=must CharacterOffsetBegin=889 CharacterOffsetEnd=893 PartOfSpeech=MD] [Text=surely CharacterOffsetBegin=894 CharacterOffsetEnd=900 PartOfSpeech=RB] [Text=follow CharacterOffsetBegin=901 CharacterOffsetEnd=907 PartOfSpeech=VB] [Text=, CharacterOffsetBegin=907 CharacterOffsetEnd=908 PartOfSpeech=,] [Text=though CharacterOffsetBegin=909 CharacterOffsetEnd=915 PartOfSpeech=IN] [Text=not CharacterOffsetBegin=916 CharacterOffsetEnd=919 PartOfSpeech=RB] [Text=, CharacterOffsetBegin=919 CharacterOffsetEnd=920 PartOfSpeech=,] [Text=alas CharacterOffsetBegin=921 CharacterOffsetEnd=925 PartOfSpeech=UH] [Text=, CharacterOffsetBegin=925 CharacterOffsetEnd=926 PartOfSpeech=,] [Text=for CharacterOffsetBegin=927 CharacterOffsetEnd=930 PartOfSpeech=IN] [Text=this CharacterOffsetBegin=931 CharacterOffsetEnd=935 PartOfSpeech=DT] [Text=fine CharacterOffsetBegin=936 CharacterOffsetEnd=940 PartOfSpeech=JJ] [Text=performance.Branagh CharacterOffsetBegin=941 CharacterOffsetEnd=960 PartOfSpeech=NN] [Text=, CharacterOffsetBegin=960 CharacterOffsetEnd=961 PartOfSpeech=,] [Text=one CharacterOffsetBegin=962 CharacterOffsetEnd=965 PartOfSpeech=CD] [Text=feels CharacterOffsetBegin=966 CharacterOffsetEnd=971 PartOfSpeech=VBZ] [Text=, CharacterOffsetBegin=971 CharacterOffsetEnd=972 PartOfSpeech=,] [Text=has CharacterOffsetBegin=973 CharacterOffsetEnd=976 PartOfSpeech=VBZ] [Text=never CharacterOffsetBegin=977 CharacterOffsetEnd=982 PartOfSpeech=RB] [Text=quite CharacterOffsetBegin=983 CharacterOffsetEnd=988 PartOfSpeech=RB] [Text=given CharacterOffsetBegin=989 CharacterOffsetEnd=994 PartOfSpeech=VBN] [Text=his CharacterOffsetBegin=995 CharacterOffsetEnd=998 PartOfSpeech=PRP$] [Text=best CharacterOffsetBegin=999 CharacterOffsetEnd=1003 PartOfSpeech=JJS] [Text=on CharacterOffsetBegin=1004 CharacterOffsetEnd=1006 PartOfSpeech=IN] [Text=film CharacterOffsetBegin=1007 CharacterOffsetEnd=1011 PartOfSpeech=NN] [Text=-LRB- CharacterOffsetBegin=1012 CharacterOffsetEnd=1013 PartOfSpeech=-LRB-] [Text=except CharacterOffsetBegin=1013 CharacterOffsetEnd=1019 PartOfSpeech=IN] [Text=possibly CharacterOffsetBegin=1020 CharacterOffsetEnd=1028 PartOfSpeech=RB] [Text=` CharacterOffsetBegin=1029 CharacterOffsetEnd=1030 PartOfSpeech=``] [Text=Hamlet CharacterOffsetBegin=1030 CharacterOffsetEnd=1036 PartOfSpeech=NNP] [Text=' CharacterOffsetBegin=1036 CharacterOffsetEnd=1037 PartOfSpeech=''] [Text=, CharacterOffsetBegin=1037 CharacterOffsetEnd=1038 PartOfSpeech=,] [Text=and CharacterOffsetBegin=1039 CharacterOffsetEnd=1042 PartOfSpeech=CC] [Text=there CharacterOffsetBegin=1043 CharacterOffsetEnd=1048 PartOfSpeech=EX] [Text=his CharacterOffsetBegin=1049 CharacterOffsetEnd=1052 PartOfSpeech=PRP$] [Text=playing CharacterOffsetBegin=1053 CharacterOffsetEnd=1060 PartOfSpeech=NN] [Text=was CharacterOffsetBegin=1061 CharacterOffsetEnd=1064 PartOfSpeech=VBD] [Text=diluted CharacterOffsetBegin=1065 CharacterOffsetEnd=1072 PartOfSpeech=VBN] [Text=by CharacterOffsetBegin=1073 CharacterOffsetEnd=1075 PartOfSpeech=IN] [Text=the CharacterOffsetBegin=1076 CharacterOffsetEnd=1079 PartOfSpeech=DT] [Text=large CharacterOffsetBegin=1080 CharacterOffsetEnd=1085 PartOfSpeech=JJ] [Text=cast CharacterOffsetBegin=1086 CharacterOffsetEnd=1090 PartOfSpeech=NN] [Text=-RRB- CharacterOffsetBegin=1090 CharacterOffsetEnd=1091 PartOfSpeech=-RRB-] [Text=. CharacterOffsetBegin=1091 CharacterOffsetEnd=1092 PartOfSpeech=.] 
root(ROOT-0, follow-4)
nsubj(follow-4, Awards-1)
aux(follow-4, must-2)
advmod(follow-4, surely-3)
punct(follow-4, ,-5)
mark(not-7, though-6)
advcl(follow-4, not-7)
punct(follow-4, ,-8)
advmod(feels-17, alas-9)
punct(alas-9, ,-10)
prep(alas-9, for-11)
det(performance.Branagh-14, this-12)
amod(performance.Branagh-14, fine-13)
pobj(for-11, performance.Branagh-14)
punct(alas-9, ,-15)
nsubj(feels-17, one-16)
dep(follow-4, feels-17)
punct(follow-4, ,-18)
aux(given-22, has-19)
neg(given-22, never-20)
advmod(given-22, quite-21)
dep(follow-4, given-22)
poss(best-24, his-23)
dobj(given-22, best-24)
prep(given-22, on-25)
pobj(on-25, film-26)
punct(film-26, -LRB--27)
prep(-LRB--27, except-28)
advmod(Hamlet-31, possibly-29)
punct(Hamlet-31, `-30)
pobj(except-28, Hamlet-31)
punct(Hamlet-31, '-32)
punct(Hamlet-31, ,-33)
cc(Hamlet-31, and-34)
conj(Hamlet-31, there-35)
poss(playing-37, his-36)
nsubjpass(diluted-39, playing-37)
auxpass(diluted-39, was-38)
rcmod(there-35, diluted-39)
prep(diluted-39, by-40)
det(cast-43, the-41)
amod(cast-43, large-42)
pobj(by-40, cast-43)
punct(diluted-39, -RRB--44)
punct(follow-4, .-45)

Sentence #9 (38 tokens):
Here, though, he tops his other appearances, playing to the hilt a self-loathing, unstable, ultimately lovable guy with a subtlety he hasn't always displayed, and exhibiting both intelligence and depth.
[Text=Here CharacterOffsetBegin=1097 CharacterOffsetEnd=1101 PartOfSpeech=RB] [Text=, CharacterOffsetBegin=1101 CharacterOffsetEnd=1102 PartOfSpeech=,] [Text=though CharacterOffsetBegin=1103 CharacterOffsetEnd=1109 PartOfSpeech=RB] [Text=, CharacterOffsetBegin=1109 CharacterOffsetEnd=1110 PartOfSpeech=,] [Text=he CharacterOffsetBegin=1111 CharacterOffsetEnd=1113 PartOfSpeech=PRP] [Text=tops CharacterOffsetBegin=1114 CharacterOffsetEnd=1118 PartOfSpeech=VBZ] [Text=his CharacterOffsetBegin=1119 CharacterOffsetEnd=1122 PartOfSpeech=PRP$] [Text=other CharacterOffsetBegin=1123 CharacterOffsetEnd=1128 PartOfSpeech=JJ] [Text=appearances CharacterOffsetBegin=1129 CharacterOffsetEnd=1140 PartOfSpeech=NNS] [Text=, CharacterOffsetBegin=1140 CharacterOffsetEnd=1141 PartOfSpeech=,] [Text=playing CharacterOffsetBegin=1142 CharacterOffsetEnd=1149 PartOfSpeech=VBG] [Text=to CharacterOffsetBegin=1150 CharacterOffsetEnd=1152 PartOfSpeech=TO] [Text=the CharacterOffsetBegin=1153 CharacterOffsetEnd=1156 PartOfSpeech=DT] [Text=hilt CharacterOffsetBegin=1157 CharacterOffsetEnd=1161 PartOfSpeech=NN] [Text=a CharacterOffsetBegin=1162 CharacterOffsetEnd=1163 PartOfSpeech=DT] [Text=self-loathing CharacterOffsetBegin=1164 CharacterOffsetEnd=1177 PartOfSpeech=NN] [Text=, CharacterOffsetBegin=1177 CharacterOffsetEnd=1178 PartOfSpeech=,] [Text=unstable CharacterOffsetBegin=1179 CharacterOffsetEnd=1187 PartOfSpeech=JJ] [Text=, CharacterOffsetBegin=1187 CharacterOffsetEnd=1188 PartOfSpeech=,] [Text=ultimately CharacterOffsetBegin=1189 CharacterOffsetEnd=1199 PartOfSpeech=RB] [Text=lovable CharacterOffsetBegin=1200 CharacterOffsetEnd=1207 PartOfSpeech=JJ] [Text=guy CharacterOffsetBegin=1208 CharacterOffsetEnd=1211 PartOfSpeech=NN] [Text=with CharacterOffsetBegin=1212 CharacterOffsetEnd=1216 PartOfSpeech=IN] [Text=a CharacterOffsetBegin=1217 CharacterOffsetEnd=1218 PartOfSpeech=DT] [Text=subtlety CharacterOffsetBegin=1219 CharacterOffsetEnd=1227 PartOfSpeech=NN] [Text=he CharacterOffsetBegin=1228 CharacterOffsetEnd=1230 PartOfSpeech=PRP] [Text=has CharacterOffsetBegin=1231 CharacterOffsetEnd=1234 PartOfSpeech=VBZ] [Text=n't CharacterOffsetBegin=1234 CharacterOffsetEnd=1237 PartOfSpeech=RB] [Text=always CharacterOffsetBegin=1238 CharacterOffsetEnd=1244 PartOfSpeech=RB] [Text=displayed CharacterOffsetBegin=1245 CharacterOffsetEnd=1254 PartOfSpeech=VBN] [Text=, CharacterOffsetBegin=1254 CharacterOffsetEnd=1255 PartOfSpeech=,] [Text=and CharacterOffsetBegin=1256 CharacterOffsetEnd=1259 PartOfSpeech=CC] [Text=exhibiting CharacterOffsetBegin=1260 CharacterOffsetEnd=1270 PartOfSpeech=VBG] [Text=both CharacterOffsetBegin=1271 CharacterOffsetEnd=1275 PartOfSpeech=DT] [Text=intelligence CharacterOffsetBegin=1276 CharacterOffsetEnd=1288 PartOfSpeech=NN] [Text=and CharacterOffsetBegin=1289 CharacterOffsetEnd=1292 PartOfSpeech=CC] [Text=depth CharacterOffsetBegin=1293 CharacterOffsetEnd=1298 PartOfSpeech=NN] [Text=. CharacterOffsetBegin=1298 CharacterOffsetEnd=1299 PartOfSpeech=.] 
root(ROOT-0, tops-6)
advmod(tops-6, Here-1)
punct(tops-6, ,-2)
advmod(tops-6, though-3)
punct(tops-6, ,-4)
nsubj(tops-6, he-5)
poss(appearances-9, his-7)
amod(appearances-9, other-8)
dobj(tops-6, appearances-9)
punct(appearances-9, ,-10)
partmod(appearances-9, playing-11)
prep(playing-11, to-12)
det(hilt-14, the-13)
pobj(to-12, hilt-14)
det(self-loathing-16, a-15)
dep(hilt-14, self-loathing-16)
punct(self-loathing-16, ,-17)
amod(self-loathing-16, unstable-18)
punct(self-loathing-16, ,-19)
advmod(guy-22, ultimately-20)
amod(guy-22, lovable-21)
conj(self-loathing-16, guy-22)
prep(guy-22, with-23)
det(subtlety-25, a-24)
pobj(with-23, subtlety-25)
nsubj(displayed-30, he-26)
aux(displayed-30, has-27)
neg(displayed-30, n't-28)
advmod(displayed-30, always-29)
rcmod(subtlety-25, displayed-30)
punct(self-loathing-16, ,-31)
cc(self-loathing-16, and-32)
conj(self-loathing-16, exhibiting-33)
preconj(intelligence-35, both-34)
dobj(exhibiting-33, intelligence-35)
cc(intelligence-35, and-36)
conj(intelligence-35, depth-37)
punct(tops-6, .-38)

Sentence #10 (48 tokens):
In short, we believe him, just as much as we could NOT believe him as Frankenstein, as the priest in 'The Proposition', as the lawyer in 'The Gingerbread Man', even as Andrew in 'Peter's Friends'.
[Text=In CharacterOffsetBegin=1304 CharacterOffsetEnd=1306 PartOfSpeech=IN] [Text=short CharacterOffsetBegin=1307 CharacterOffsetEnd=1312 PartOfSpeech=JJ] [Text=, CharacterOffsetBegin=1312 CharacterOffsetEnd=1313 PartOfSpeech=,] [Text=we CharacterOffsetBegin=1314 CharacterOffsetEnd=1316 PartOfSpeech=PRP] [Text=believe CharacterOffsetBegin=1317 CharacterOffsetEnd=1324 PartOfSpeech=VBP] [Text=him CharacterOffsetBegin=1325 CharacterOffsetEnd=1328 PartOfSpeech=PRP] [Text=, CharacterOffsetBegin=1328 CharacterOffsetEnd=1329 PartOfSpeech=,] [Text=just CharacterOffsetBegin=1330 CharacterOffsetEnd=1334 PartOfSpeech=RB] [Text=as CharacterOffsetBegin=1335 CharacterOffsetEnd=1337 PartOfSpeech=RB] [Text=much CharacterOffsetBegin=1338 CharacterOffsetEnd=1342 PartOfSpeech=JJ] [Text=as CharacterOffsetBegin=1343 CharacterOffsetEnd=1345 PartOfSpeech=IN] [Text=we CharacterOffsetBegin=1346 CharacterOffsetEnd=1348 PartOfSpeech=PRP] [Text=could CharacterOffsetBegin=1349 CharacterOffsetEnd=1354 PartOfSpeech=MD] [Text=NOT CharacterOffsetBegin=1355 CharacterOffsetEnd=1358 PartOfSpeech=RB] [Text=believe CharacterOffsetBegin=1359 CharacterOffsetEnd=1366 PartOfSpeech=VB] [Text=him CharacterOffsetBegin=1367 CharacterOffsetEnd=1370 PartOfSpeech=PRP] [Text=as CharacterOffsetBegin=1371 CharacterOffsetEnd=1373 PartOfSpeech=IN] [Text=Frankenstein CharacterOffsetBegin=1374 CharacterOffsetEnd=1386 PartOfSpeech=NN] [Text=, CharacterOffsetBegin=1386 CharacterOffsetEnd=1387 PartOfSpeech=,] [Text=as CharacterOffsetBegin=1388 CharacterOffsetEnd=1390 PartOfSpeech=IN] [Text=the CharacterOffsetBegin=1391 CharacterOffsetEnd=1394 PartOfSpeech=DT] [Text=priest CharacterOffsetBegin=1395 CharacterOffsetEnd=1401 PartOfSpeech=NN] [Text=in CharacterOffsetBegin=1402 CharacterOffsetEnd=1404 PartOfSpeech=IN] [Text=` CharacterOffsetBegin=1405 CharacterOffsetEnd=1406 PartOfSpeech=``] [Text=The CharacterOffsetBegin=1406 CharacterOffsetEnd=1409 PartOfSpeech=DT] [Text=Proposition CharacterOffsetBegin=1410 CharacterOffsetEnd=1421 PartOfSpeech=NN] [Text=' CharacterOffsetBegin=1421 CharacterOffsetEnd=1422 PartOfSpeech=''] [Text=, CharacterOffsetBegin=1422 CharacterOffsetEnd=1423 PartOfSpeech=,] [Text=as CharacterOffsetBegin=1424 CharacterOffsetEnd=1426 PartOfSpeech=IN] [Text=the CharacterOffsetBegin=1427 CharacterOffsetEnd=1430 PartOfSpeech=DT] [Text=lawyer CharacterOffsetBegin=1431 CharacterOffsetEnd=1437 PartOfSpeech=NN] [Text=in CharacterOffsetBegin=1438 CharacterOffsetEnd=1440 PartOfSpeech=IN] [Text=` CharacterOffsetBegin=1441 CharacterOffsetEnd=1442 PartOfSpeech=``] [Text=The CharacterOffsetBegin=1442 CharacterOffsetEnd=1445 PartOfSpeech=DT] [Text=Gingerbread CharacterOffsetBegin=1446 CharacterOffsetEnd=1457 PartOfSpeech=NNP] [Text=Man CharacterOffsetBegin=1458 CharacterOffsetEnd=1461 PartOfSpeech=NNP] [Text=' CharacterOffsetBegin=1461 CharacterOffsetEnd=1462 PartOfSpeech=POS] [Text=, CharacterOffsetBegin=1462 CharacterOffsetEnd=1463 PartOfSpeech=,] [Text=even CharacterOffsetBegin=1464 CharacterOffsetEnd=1468 PartOfSpeech=RB] [Text=as CharacterOffsetBegin=1469 CharacterOffsetEnd=1471 PartOfSpeech=IN] [Text=Andrew CharacterOffsetBegin=1472 CharacterOffsetEnd=1478 PartOfSpeech=NNP] [Text=in CharacterOffsetBegin=1479 CharacterOffsetEnd=1481 PartOfSpeech=IN] [Text=` CharacterOffsetBegin=1482 CharacterOffsetEnd=1483 PartOfSpeech=``] [Text=Peter CharacterOffsetBegin=1483 CharacterOffsetEnd=1488 PartOfSpeech=NNP] [Text='s CharacterOffsetBegin=1488 CharacterOffsetEnd=1490 PartOfSpeech=POS] [Text=Friends CharacterOffsetBegin=1491 CharacterOffsetEnd=1498 PartOfSpeech=NNPS] [Text=' CharacterOffsetBegin=1498 CharacterOffsetEnd=1499 PartOfSpeech=POS] [Text=. CharacterOffsetBegin=1499 CharacterOffsetEnd=1500 PartOfSpeech=.] 
root(ROOT-0, believe-5)
prep(believe-5, In-1)
pobj(In-1, short-2)
punct(believe-5, ,-3)
nsubj(believe-5, we-4)
dobj(believe-5, him-6)
punct(him-6, ,-7)
advmod(much-10, just-8)
advmod(much-10, as-9)
appos(him-6, much-10)
mark(believe-15, as-11)
nsubj(believe-15, we-12)
aux(believe-15, could-13)
advmod(believe-15, NOT-14)
dep(much-10, believe-15)
dobj(believe-15, him-16)
prep(believe-15, as-17)
pobj(as-17, Frankenstein-18)
punct(him-6, ,-19)
prep(believe-5, as-20)
det(priest-22, the-21)
pobj(as-20, priest-22)
prep(priest-22, in-23)
punct(in-23, `-24)
det(Proposition-26, The-25)
pobj(in-23, Proposition-26)
punct(in-23, '-27)
punct(believe-5, ,-28)
prep(believe-5, as-29)
det(lawyer-31, the-30)
pobj(as-29, lawyer-31)
prep(lawyer-31, in-32)
punct(in-32, `-33)
det(Man-36, The-34)
nn(Man-36, Gingerbread-35)
pobj(in-32, Man-36)
possessive(Man-36, '-37)
punct(Man-36, ,-38)
advmod(Man-36, even-39)
prep(even-39, as-40)
pobj(as-40, Andrew-41)
prep(Andrew-41, in-42)
punct(in-42, `-43)
poss(Friends-46, Peter-44)
possessive(Peter-44, 's-45)
pobj(in-42, Friends-46)
possessive(Friends-46, '-47)
punct(believe-5, .-48)

Sentence #11 (42 tokens):
This is surely his finest performance yet - so why could he not produce the goods much earlier?As a film, it looks more like a television offering, and without its stars it probably wouldn't amount to very much.
[Text=This CharacterOffsetBegin=1505 CharacterOffsetEnd=1509 PartOfSpeech=DT] [Text=is CharacterOffsetBegin=1510 CharacterOffsetEnd=1512 PartOfSpeech=VBZ] [Text=surely CharacterOffsetBegin=1513 CharacterOffsetEnd=1519 PartOfSpeech=RB] [Text=his CharacterOffsetBegin=1520 CharacterOffsetEnd=1523 PartOfSpeech=PRP$] [Text=finest CharacterOffsetBegin=1524 CharacterOffsetEnd=1530 PartOfSpeech=JJS] [Text=performance CharacterOffsetBegin=1531 CharacterOffsetEnd=1542 PartOfSpeech=NN] [Text=yet CharacterOffsetBegin=1543 CharacterOffsetEnd=1546 PartOfSpeech=RB] [Text=- CharacterOffsetBegin=1547 CharacterOffsetEnd=1548 PartOfSpeech=:] [Text=so CharacterOffsetBegin=1549 CharacterOffsetEnd=1551 PartOfSpeech=RB] [Text=why CharacterOffsetBegin=1552 CharacterOffsetEnd=1555 PartOfSpeech=WRB] [Text=could CharacterOffsetBegin=1556 CharacterOffsetEnd=1561 PartOfSpeech=MD] [Text=he CharacterOffsetBegin=1562 CharacterOffsetEnd=1564 PartOfSpeech=PRP] [Text=not CharacterOffsetBegin=1565 CharacterOffsetEnd=1568 PartOfSpeech=RB] [Text=produce CharacterOffsetBegin=1569 CharacterOffsetEnd=1576 PartOfSpeech=VB] [Text=the CharacterOffsetBegin=1577 CharacterOffsetEnd=1580 PartOfSpeech=DT] [Text=goods CharacterOffsetBegin=1581 CharacterOffsetEnd=1586 PartOfSpeech=NNS] [Text=much CharacterOffsetBegin=1587 CharacterOffsetEnd=1591 PartOfSpeech=RB] [Text=earlier?As CharacterOffsetBegin=1592 CharacterOffsetEnd=1602 PartOfSpeech=VBZ] [Text=a CharacterOffsetBegin=1603 CharacterOffsetEnd=1604 PartOfSpeech=DT] [Text=film CharacterOffsetBegin=1605 CharacterOffsetEnd=1609 PartOfSpeech=NN] [Text=, CharacterOffsetBegin=1609 CharacterOffsetEnd=1610 PartOfSpeech=,] [Text=it CharacterOffsetBegin=1611 CharacterOffsetEnd=1613 PartOfSpeech=PRP] [Text=looks CharacterOffsetBegin=1614 CharacterOffsetEnd=1619 PartOfSpeech=VBZ] [Text=more CharacterOffsetBegin=1620 CharacterOffsetEnd=1624 PartOfSpeech=JJR] [Text=like CharacterOffsetBegin=1625 CharacterOffsetEnd=1629 PartOfSpeech=IN] [Text=a CharacterOffsetBegin=1630 CharacterOffsetEnd=1631 PartOfSpeech=DT] [Text=television CharacterOffsetBegin=1632 CharacterOffsetEnd=1642 PartOfSpeech=NN] [Text=offering CharacterOffsetBegin=1643 CharacterOffsetEnd=1651 PartOfSpeech=NN] [Text=, CharacterOffsetBegin=1651 CharacterOffsetEnd=1652 PartOfSpeech=,] [Text=and CharacterOffsetBegin=1653 CharacterOffsetEnd=1656 PartOfSpeech=CC] [Text=without CharacterOffsetBegin=1657 CharacterOffsetEnd=1664 PartOfSpeech=IN] [Text=its CharacterOffsetBegin=1665 CharacterOffsetEnd=1668 PartOfSpeech=PRP$] [Text=stars CharacterOffsetBegin=1669 CharacterOffsetEnd=1674 PartOfSpeech=NNS] [Text=it CharacterOffsetBegin=1675 CharacterOffsetEnd=1677 PartOfSpeech=PRP] [Text=probably CharacterOffsetBegin=1678 CharacterOffsetEnd=1686 PartOfSpeech=RB] [Text=would CharacterOffsetBegin=1687 CharacterOffsetEnd=1692 PartOfSpeech=MD] [Text=n't CharacterOffsetBegin=1692 CharacterOffsetEnd=1695 PartOfSpeech=RB] [Text=amount CharacterOffsetBegin=1696 CharacterOffsetEnd=1702 PartOfSpeech=VB] [Text=to CharacterOffsetBegin=1703 CharacterOffsetEnd=1705 PartOfSpeech=TO] [Text=very CharacterOffsetBegin=1706 CharacterOffsetEnd=1710 PartOfSpeech=RB] [Text=much CharacterOffsetBegin=1711 CharacterOffsetEnd=1715 PartOfSpeech=JJ] [Text=. CharacterOffsetBegin=1715 CharacterOffsetEnd=1716 PartOfSpeech=.] 
root(ROOT-0, performance-6)
nsubj(performance-6, This-1)
cop(performance-6, is-2)
advmod(performance-6, surely-3)
poss(performance-6, his-4)
amod(performance-6, finest-5)
advmod(performance-6, yet-7)
punct(performance-6, --8)
advmod(produce-14, so-9)
advmod(produce-14, why-10)
aux(produce-14, could-11)
nsubj(produce-14, he-12)
neg(produce-14, not-13)
dep(performance-6, produce-14)
det(goods-16, the-15)
dobj(produce-14, goods-16)
advmod(earlier?As-18, much-17)
partmod(goods-16, earlier?As-18)
det(film-20, a-19)
dobj(earlier?As-18, film-20)
punct(produce-14, ,-21)
nsubj(looks-23, it-22)
dep(produce-14, looks-23)
advmod(like-25, more-24)
prep(looks-23, like-25)
det(offering-28, a-26)
nn(offering-28, television-27)
pobj(like-25, offering-28)
punct(produce-14, ,-29)
cc(produce-14, and-30)
conj(produce-14, without-31)
poss(stars-33, its-32)
pobj(without-31, stars-33)
nsubj(amount-38, it-34)
advmod(amount-38, probably-35)
aux(amount-38, would-36)
neg(amount-38, n't-37)
rcmod(stars-33, amount-38)
prep(amount-38, to-39)
advmod(much-41, very-40)
pobj(to-39, much-41)
punct(performance-6, .-42)

Sentence #12 (37 tokens):
But it's been a pleasure to see this pair perform their socks off like this, and I eagerly await more from them (though not 'Love's Labour's Lost'...).
[Text=But CharacterOffsetBegin=1721 CharacterOffsetEnd=1724 PartOfSpeech=CC] [Text=it CharacterOffsetBegin=1725 CharacterOffsetEnd=1727 PartOfSpeech=PRP] [Text='s CharacterOffsetBegin=1727 CharacterOffsetEnd=1729 PartOfSpeech=VBZ] [Text=been CharacterOffsetBegin=1730 CharacterOffsetEnd=1734 PartOfSpeech=VBN] [Text=a CharacterOffsetBegin=1735 CharacterOffsetEnd=1736 PartOfSpeech=DT] [Text=pleasure CharacterOffsetBegin=1737 CharacterOffsetEnd=1745 PartOfSpeech=NN] [Text=to CharacterOffsetBegin=1746 CharacterOffsetEnd=1748 PartOfSpeech=TO] [Text=see CharacterOffsetBegin=1749 CharacterOffsetEnd=1752 PartOfSpeech=VB] [Text=this CharacterOffsetBegin=1753 CharacterOffsetEnd=1757 PartOfSpeech=DT] [Text=pair CharacterOffsetBegin=1758 CharacterOffsetEnd=1762 PartOfSpeech=NN] [Text=perform CharacterOffsetBegin=1763 CharacterOffsetEnd=1770 PartOfSpeech=VB] [Text=their CharacterOffsetBegin=1771 CharacterOffsetEnd=1776 PartOfSpeech=PRP$] [Text=socks CharacterOffsetBegin=1777 CharacterOffsetEnd=1782 PartOfSpeech=NNS] [Text=off CharacterOffsetBegin=1783 CharacterOffsetEnd=1786 PartOfSpeech=RP] [Text=like CharacterOffsetBegin=1787 CharacterOffsetEnd=1791 PartOfSpeech=IN] [Text=this CharacterOffsetBegin=1792 CharacterOffsetEnd=1796 PartOfSpeech=DT] [Text=, CharacterOffsetBegin=1796 CharacterOffsetEnd=1797 PartOfSpeech=,] [Text=and CharacterOffsetBegin=1798 CharacterOffsetEnd=1801 PartOfSpeech=CC] [Text=I CharacterOffsetBegin=1802 CharacterOffsetEnd=1803 PartOfSpeech=PRP] [Text=eagerly CharacterOffsetBegin=1804 CharacterOffsetEnd=1811 PartOfSpeech=RB] [Text=await CharacterOffsetBegin=1812 CharacterOffsetEnd=1817 PartOfSpeech=VBP] [Text=more CharacterOffsetBegin=1818 CharacterOffsetEnd=1822 PartOfSpeech=RBR] [Text=from CharacterOffsetBegin=1823 CharacterOffsetEnd=1827 PartOfSpeech=IN] [Text=them CharacterOffsetBegin=1828 CharacterOffsetEnd=1832 PartOfSpeech=PRP] [Text=-LRB- CharacterOffsetBegin=1833 CharacterOffsetEnd=1834 PartOfSpeech=-LRB-] [Text=though CharacterOffsetBegin=1834 CharacterOffsetEnd=1840 PartOfSpeech=IN] [Text=not CharacterOffsetBegin=1841 CharacterOffsetEnd=1844 PartOfSpeech=RB] [Text=` CharacterOffsetBegin=1845 CharacterOffsetEnd=1846 PartOfSpeech=``] [Text=Love CharacterOffsetBegin=1846 CharacterOffsetEnd=1850 PartOfSpeech=NNP] [Text='s CharacterOffsetBegin=1850 CharacterOffsetEnd=1852 PartOfSpeech=POS] [Text=Labour CharacterOffsetBegin=1853 CharacterOffsetEnd=1859 PartOfSpeech=NNP] [Text='s CharacterOffsetBegin=1859 CharacterOffsetEnd=1861 PartOfSpeech=POS] [Text=Lost CharacterOffsetBegin=1862 CharacterOffsetEnd=1866 PartOfSpeech=NNP] [Text=' CharacterOffsetBegin=1866 CharacterOffsetEnd=1867 PartOfSpeech=POS] [Text=... CharacterOffsetBegin=1867 CharacterOffsetEnd=1870 PartOfSpeech=:] [Text=-RRB- CharacterOffsetBegin=1870 CharacterOffsetEnd=1871 PartOfSpeech=-RRB-] [Text=. CharacterOffsetBegin=1871 CharacterOffsetEnd=1872 PartOfSpeech=.] 
root(ROOT-0, pleasure-6)
cc(pleasure-6, But-1)
nsubjpass(pleasure-6, it-2)
auxpass(pleasure-6, 's-3)
cop(pleasure-6, been-4)
det(pleasure-6, a-5)
aux(see-8, to-7)
xcomp(pleasure-6, see-8)
det(pair-10, this-9)
nsubj(perform-11, pair-10)
ccomp(see-8, perform-11)
poss(socks-13, their-12)
dobj(perform-11, socks-13)
advmod(socks-13, off-14)
prep(off-14, like-15)
pobj(like-15, this-16)
punct(pleasure-6, ,-17)
cc(pleasure-6, and-18)
nsubj(await-21, I-19)
advmod(await-21, eagerly-20)
conj(pleasure-6, await-21)
advmod(await-21, more-22)
prep(more-22, from-23)
pobj(from-23, them-24)
punct(Lost-33, -LRB--25)
mark(Lost-33, though-26)
neg(Lost-33, not-27)
punct(Lost-33, `-28)
poss(Lost-33, Love-29)
possessive(Love-29, 's-30)
poss(Lost-33, Labour-31)
possessive(Labour-31, 's-32)
dep(more-22, Lost-33)
possessive(Lost-33, '-34)
punct(Lost-33, ...-35)
punct(Lost-33, -RRB--36)
punct(pleasure-6, .-37)

Sentence #13 (15 tokens):
8 out of 10, but Branagh and HBC get 10 out of 10.
[Text=8 CharacterOffsetBegin=1877 CharacterOffsetEnd=1878 PartOfSpeech=CD] [Text=out CharacterOffsetBegin=1879 CharacterOffsetEnd=1882 PartOfSpeech=IN] [Text=of CharacterOffsetBegin=1883 CharacterOffsetEnd=1885 PartOfSpeech=IN] [Text=10 CharacterOffsetBegin=1886 CharacterOffsetEnd=1888 PartOfSpeech=CD] [Text=, CharacterOffsetBegin=1888 CharacterOffsetEnd=1889 PartOfSpeech=,] [Text=but CharacterOffsetBegin=1890 CharacterOffsetEnd=1893 PartOfSpeech=CC] [Text=Branagh CharacterOffsetBegin=1894 CharacterOffsetEnd=1901 PartOfSpeech=NNP] [Text=and CharacterOffsetBegin=1902 CharacterOffsetEnd=1905 PartOfSpeech=CC] [Text=HBC CharacterOffsetBegin=1906 CharacterOffsetEnd=1909 PartOfSpeech=NNP] [Text=get CharacterOffsetBegin=1910 CharacterOffsetEnd=1913 PartOfSpeech=VBP] [Text=10 CharacterOffsetBegin=1914 CharacterOffsetEnd=1916 PartOfSpeech=CD] [Text=out CharacterOffsetBegin=1917 CharacterOffsetEnd=1920 PartOfSpeech=IN] [Text=of CharacterOffsetBegin=1921 CharacterOffsetEnd=1923 PartOfSpeech=IN] [Text=10 CharacterOffsetBegin=1924 CharacterOffsetEnd=1926 PartOfSpeech=CD] [Text=. CharacterOffsetBegin=1926 CharacterOffsetEnd=1927 PartOfSpeech=.] 
root(ROOT-0, 8-1)
prep(8-1, out-2)
pcomp(out-2, of-3)
pobj(of-3, 10-4)
punct(8-1, ,-5)
cc(8-1, but-6)
nsubj(get-10, Branagh-7)
cc(Branagh-7, and-8)
conj(Branagh-7, HBC-9)
conj(8-1, get-10)
dobj(get-10, 10-11)
prep(10-11, out-12)
pcomp(out-12, of-13)
pobj(of-13, 10-14)
punct(8-1, .-15)

