Sentence #1 (24 tokens):
It started out slow after an excellent animated intro, as the director had a bunch of characters and school setting to develop.
[Text=It CharacterOffsetBegin=4 CharacterOffsetEnd=6 PartOfSpeech=PRP] [Text=started CharacterOffsetBegin=7 CharacterOffsetEnd=14 PartOfSpeech=VBD] [Text=out CharacterOffsetBegin=15 CharacterOffsetEnd=18 PartOfSpeech=RP] [Text=slow CharacterOffsetBegin=19 CharacterOffsetEnd=23 PartOfSpeech=JJ] [Text=after CharacterOffsetBegin=24 CharacterOffsetEnd=29 PartOfSpeech=IN] [Text=an CharacterOffsetBegin=30 CharacterOffsetEnd=32 PartOfSpeech=DT] [Text=excellent CharacterOffsetBegin=33 CharacterOffsetEnd=42 PartOfSpeech=JJ] [Text=animated CharacterOffsetBegin=43 CharacterOffsetEnd=51 PartOfSpeech=JJ] [Text=intro CharacterOffsetBegin=52 CharacterOffsetEnd=57 PartOfSpeech=NN] [Text=, CharacterOffsetBegin=57 CharacterOffsetEnd=58 PartOfSpeech=,] [Text=as CharacterOffsetBegin=59 CharacterOffsetEnd=61 PartOfSpeech=IN] [Text=the CharacterOffsetBegin=62 CharacterOffsetEnd=65 PartOfSpeech=DT] [Text=director CharacterOffsetBegin=66 CharacterOffsetEnd=74 PartOfSpeech=NN] [Text=had CharacterOffsetBegin=75 CharacterOffsetEnd=78 PartOfSpeech=VBD] [Text=a CharacterOffsetBegin=79 CharacterOffsetEnd=80 PartOfSpeech=DT] [Text=bunch CharacterOffsetBegin=81 CharacterOffsetEnd=86 PartOfSpeech=NN] [Text=of CharacterOffsetBegin=87 CharacterOffsetEnd=89 PartOfSpeech=IN] [Text=characters CharacterOffsetBegin=90 CharacterOffsetEnd=100 PartOfSpeech=NNS] [Text=and CharacterOffsetBegin=101 CharacterOffsetEnd=104 PartOfSpeech=CC] [Text=school CharacterOffsetBegin=105 CharacterOffsetEnd=111 PartOfSpeech=NN] [Text=setting CharacterOffsetBegin=112 CharacterOffsetEnd=119 PartOfSpeech=NN] [Text=to CharacterOffsetBegin=120 CharacterOffsetEnd=122 PartOfSpeech=TO] [Text=develop CharacterOffsetBegin=123 CharacterOffsetEnd=130 PartOfSpeech=VB] [Text=. CharacterOffsetBegin=130 CharacterOffsetEnd=131 PartOfSpeech=.] 
root(ROOT-0, started-2)
nsubj(started-2, It-1)
prt(started-2, out-3)
acomp(started-2, slow-4)
prep(started-2, after-5)
det(intro-9, an-6)
amod(intro-9, excellent-7)
amod(intro-9, animated-8)
pobj(after-5, intro-9)
punct(started-2, ,-10)
mark(had-14, as-11)
det(director-13, the-12)
nsubj(had-14, director-13)
advcl(started-2, had-14)
det(bunch-16, a-15)
dobj(had-14, bunch-16)
prep(bunch-16, of-17)
pobj(of-17, characters-18)
cc(characters-18, and-19)
conj(characters-18, school-20)
dep(bunch-16, setting-21)
aux(develop-23, to-22)
infmod(setting-21, develop-23)
punct(started-2, .-24)

Sentence #2 (36 tokens):
Once the bet is on, though, the movie picks up the pace as it's a race against time to see if a certain number of worms can be eaten by 7 pm.
[Text=Once CharacterOffsetBegin=136 CharacterOffsetEnd=140 PartOfSpeech=RB] [Text=the CharacterOffsetBegin=141 CharacterOffsetEnd=144 PartOfSpeech=DT] [Text=bet CharacterOffsetBegin=145 CharacterOffsetEnd=148 PartOfSpeech=NN] [Text=is CharacterOffsetBegin=149 CharacterOffsetEnd=151 PartOfSpeech=VBZ] [Text=on CharacterOffsetBegin=152 CharacterOffsetEnd=154 PartOfSpeech=IN] [Text=, CharacterOffsetBegin=154 CharacterOffsetEnd=155 PartOfSpeech=,] [Text=though CharacterOffsetBegin=156 CharacterOffsetEnd=162 PartOfSpeech=IN] [Text=, CharacterOffsetBegin=162 CharacterOffsetEnd=163 PartOfSpeech=,] [Text=the CharacterOffsetBegin=164 CharacterOffsetEnd=167 PartOfSpeech=DT] [Text=movie CharacterOffsetBegin=168 CharacterOffsetEnd=173 PartOfSpeech=NN] [Text=picks CharacterOffsetBegin=174 CharacterOffsetEnd=179 PartOfSpeech=VBZ] [Text=up CharacterOffsetBegin=180 CharacterOffsetEnd=182 PartOfSpeech=RP] [Text=the CharacterOffsetBegin=183 CharacterOffsetEnd=186 PartOfSpeech=DT] [Text=pace CharacterOffsetBegin=187 CharacterOffsetEnd=191 PartOfSpeech=NN] [Text=as CharacterOffsetBegin=192 CharacterOffsetEnd=194 PartOfSpeech=IN] [Text=it CharacterOffsetBegin=195 CharacterOffsetEnd=197 PartOfSpeech=PRP] [Text='s CharacterOffsetBegin=197 CharacterOffsetEnd=199 PartOfSpeech=VBZ] [Text=a CharacterOffsetBegin=200 CharacterOffsetEnd=201 PartOfSpeech=DT] [Text=race CharacterOffsetBegin=202 CharacterOffsetEnd=206 PartOfSpeech=NN] [Text=against CharacterOffsetBegin=207 CharacterOffsetEnd=214 PartOfSpeech=IN] [Text=time CharacterOffsetBegin=215 CharacterOffsetEnd=219 PartOfSpeech=NN] [Text=to CharacterOffsetBegin=220 CharacterOffsetEnd=222 PartOfSpeech=TO] [Text=see CharacterOffsetBegin=223 CharacterOffsetEnd=226 PartOfSpeech=VB] [Text=if CharacterOffsetBegin=227 CharacterOffsetEnd=229 PartOfSpeech=IN] [Text=a CharacterOffsetBegin=230 CharacterOffsetEnd=231 PartOfSpeech=DT] [Text=certain CharacterOffsetBegin=232 CharacterOffsetEnd=239 PartOfSpeech=JJ] [Text=number CharacterOffsetBegin=240 CharacterOffsetEnd=246 PartOfSpeech=NN] [Text=of CharacterOffsetBegin=247 CharacterOffsetEnd=249 PartOfSpeech=IN] [Text=worms CharacterOffsetBegin=250 CharacterOffsetEnd=255 PartOfSpeech=NNS] [Text=can CharacterOffsetBegin=256 CharacterOffsetEnd=259 PartOfSpeech=MD] [Text=be CharacterOffsetBegin=260 CharacterOffsetEnd=262 PartOfSpeech=VB] [Text=eaten CharacterOffsetBegin=263 CharacterOffsetEnd=268 PartOfSpeech=VBN] [Text=by CharacterOffsetBegin=269 CharacterOffsetEnd=271 PartOfSpeech=IN] [Text=7 CharacterOffsetBegin=272 CharacterOffsetEnd=273 PartOfSpeech=CD] [Text=pm CharacterOffsetBegin=274 CharacterOffsetEnd=276 PartOfSpeech=NN] [Text=. CharacterOffsetBegin=276 CharacterOffsetEnd=277 PartOfSpeech=.] 
root(ROOT-0, is-4)
advmod(is-4, Once-1)
det(bet-3, the-2)
nsubj(is-4, bet-3)
advmod(is-4, on-5)
punct(is-4, ,-6)
mark(picks-11, though-7)
punct(picks-11, ,-8)
det(movie-10, the-9)
nsubj(picks-11, movie-10)
advcl(is-4, picks-11)
prt(picks-11, up-12)
det(pace-14, the-13)
dobj(picks-11, pace-14)
mark(race-19, as-15)
nsubj(race-19, it-16)
cop(race-19, 's-17)
det(race-19, a-18)
advcl(picks-11, race-19)
prep(race-19, against-20)
pobj(against-20, time-21)
aux(see-23, to-22)
infmod(race-19, see-23)
mark(eaten-32, if-24)
det(number-27, a-25)
amod(number-27, certain-26)
nsubjpass(eaten-32, number-27)
prep(number-27, of-28)
pobj(of-28, worms-29)
aux(eaten-32, can-30)
auxpass(eaten-32, be-31)
advcl(see-23, eaten-32)
prep(eaten-32, by-33)
num(pm-35, 7-34)
pobj(by-33, pm-35)
punct(is-4, .-36)

Sentence #3 (49 tokens):
We had a good opportunity on the way home to discuss some things with our son: bullies, helping others, mind over matter when you don't want to do something.Of special note is the girl who played Erica (Erk): Hallie Kate Eisenberg.
[Text=We CharacterOffsetBegin=282 CharacterOffsetEnd=284 PartOfSpeech=PRP] [Text=had CharacterOffsetBegin=285 CharacterOffsetEnd=288 PartOfSpeech=VBD] [Text=a CharacterOffsetBegin=289 CharacterOffsetEnd=290 PartOfSpeech=DT] [Text=good CharacterOffsetBegin=291 CharacterOffsetEnd=295 PartOfSpeech=JJ] [Text=opportunity CharacterOffsetBegin=296 CharacterOffsetEnd=307 PartOfSpeech=NN] [Text=on CharacterOffsetBegin=308 CharacterOffsetEnd=310 PartOfSpeech=IN] [Text=the CharacterOffsetBegin=311 CharacterOffsetEnd=314 PartOfSpeech=DT] [Text=way CharacterOffsetBegin=315 CharacterOffsetEnd=318 PartOfSpeech=NN] [Text=home CharacterOffsetBegin=319 CharacterOffsetEnd=323 PartOfSpeech=NN] [Text=to CharacterOffsetBegin=324 CharacterOffsetEnd=326 PartOfSpeech=TO] [Text=discuss CharacterOffsetBegin=327 CharacterOffsetEnd=334 PartOfSpeech=VB] [Text=some CharacterOffsetBegin=335 CharacterOffsetEnd=339 PartOfSpeech=DT] [Text=things CharacterOffsetBegin=340 CharacterOffsetEnd=346 PartOfSpeech=NNS] [Text=with CharacterOffsetBegin=347 CharacterOffsetEnd=351 PartOfSpeech=IN] [Text=our CharacterOffsetBegin=352 CharacterOffsetEnd=355 PartOfSpeech=PRP$] [Text=son CharacterOffsetBegin=356 CharacterOffsetEnd=359 PartOfSpeech=NN] [Text=: CharacterOffsetBegin=359 CharacterOffsetEnd=360 PartOfSpeech=:] [Text=bullies CharacterOffsetBegin=361 CharacterOffsetEnd=368 PartOfSpeech=VBZ] [Text=, CharacterOffsetBegin=368 CharacterOffsetEnd=369 PartOfSpeech=,] [Text=helping CharacterOffsetBegin=370 CharacterOffsetEnd=377 PartOfSpeech=VBG] [Text=others CharacterOffsetBegin=378 CharacterOffsetEnd=384 PartOfSpeech=NNS] [Text=, CharacterOffsetBegin=384 CharacterOffsetEnd=385 PartOfSpeech=,] [Text=mind CharacterOffsetBegin=386 CharacterOffsetEnd=390 PartOfSpeech=NN] [Text=over CharacterOffsetBegin=391 CharacterOffsetEnd=395 PartOfSpeech=IN] [Text=matter CharacterOffsetBegin=396 CharacterOffsetEnd=402 PartOfSpeech=NN] [Text=when CharacterOffsetBegin=403 CharacterOffsetEnd=407 PartOfSpeech=WRB] [Text=you CharacterOffsetBegin=408 CharacterOffsetEnd=411 PartOfSpeech=PRP] [Text=do CharacterOffsetBegin=412 CharacterOffsetEnd=414 PartOfSpeech=VBP] [Text=n't CharacterOffsetBegin=414 CharacterOffsetEnd=417 PartOfSpeech=RB] [Text=want CharacterOffsetBegin=418 CharacterOffsetEnd=422 PartOfSpeech=VB] [Text=to CharacterOffsetBegin=423 CharacterOffsetEnd=425 PartOfSpeech=TO] [Text=do CharacterOffsetBegin=426 CharacterOffsetEnd=428 PartOfSpeech=VB] [Text=something.Of CharacterOffsetBegin=429 CharacterOffsetEnd=441 PartOfSpeech=JJ] [Text=special CharacterOffsetBegin=442 CharacterOffsetEnd=449 PartOfSpeech=JJ] [Text=note CharacterOffsetBegin=450 CharacterOffsetEnd=454 PartOfSpeech=NN] [Text=is CharacterOffsetBegin=455 CharacterOffsetEnd=457 PartOfSpeech=VBZ] [Text=the CharacterOffsetBegin=458 CharacterOffsetEnd=461 PartOfSpeech=DT] [Text=girl CharacterOffsetBegin=462 CharacterOffsetEnd=466 PartOfSpeech=NN] [Text=who CharacterOffsetBegin=467 CharacterOffsetEnd=470 PartOfSpeech=WP] [Text=played CharacterOffsetBegin=471 CharacterOffsetEnd=477 PartOfSpeech=VBD] [Text=Erica CharacterOffsetBegin=478 CharacterOffsetEnd=483 PartOfSpeech=NNP] [Text=-LRB- CharacterOffsetBegin=484 CharacterOffsetEnd=485 PartOfSpeech=-LRB-] [Text=Erk CharacterOffsetBegin=485 CharacterOffsetEnd=488 PartOfSpeech=NN] [Text=-RRB- CharacterOffsetBegin=488 CharacterOffsetEnd=489 PartOfSpeech=-RRB-] [Text=: CharacterOffsetBegin=489 CharacterOffsetEnd=490 PartOfSpeech=:] [Text=Hallie CharacterOffsetBegin=491 CharacterOffsetEnd=497 PartOfSpeech=NNP] [Text=Kate CharacterOffsetBegin=498 CharacterOffsetEnd=502 PartOfSpeech=NNP] [Text=Eisenberg CharacterOffsetBegin=503 CharacterOffsetEnd=512 PartOfSpeech=NNP] [Text=. CharacterOffsetBegin=512 CharacterOffsetEnd=513 PartOfSpeech=.] 
root(ROOT-0, girl-38)
nsubj(had-2, We-1)
csubj(girl-38, had-2)
det(opportunity-5, a-3)
amod(opportunity-5, good-4)
dobj(had-2, opportunity-5)
prep(had-2, on-6)
det(way-8, the-7)
pobj(on-6, way-8)
advmod(way-8, home-9)
aux(discuss-11, to-10)
xcomp(had-2, discuss-11)
det(things-13, some-12)
dobj(discuss-11, things-13)
prep(discuss-11, with-14)
poss(son-16, our-15)
pobj(with-14, son-16)
punct(had-2, :-17)
dep(mind-23, bullies-18)
punct(mind-23, ,-19)
partmod(mind-23, helping-20)
dobj(helping-20, others-21)
punct(mind-23, ,-22)
parataxis(had-2, mind-23)
prep(mind-23, over-24)
pobj(over-24, matter-25)
advmod(want-30, when-26)
nsubj(want-30, you-27)
aux(want-30, do-28)
neg(want-30, n't-29)
advcl(had-2, want-30)
aux(do-32, to-31)
xcomp(want-30, do-32)
amod(note-35, something.Of-33)
amod(note-35, special-34)
dobj(do-32, note-35)
cop(girl-38, is-36)
det(girl-38, the-37)
nsubj(played-40, who-39)
rcmod(girl-38, played-40)
dobj(played-40, Erica-41)
punct(Erk-43, -LRB--42)
appos(Erica-41, Erk-43)
punct(Erk-43, -RRB--44)
punct(girl-38, :-45)
nn(Eisenberg-48, Hallie-46)
nn(Eisenberg-48, Kate-47)
dep(girl-38, Eisenberg-48)
punct(girl-38, .-49)

Sentence #4 (17 tokens):
The director kinda sneaks her in unexpectedly, and when she is on-screen she is captivating.
[Text=The CharacterOffsetBegin=518 CharacterOffsetEnd=521 PartOfSpeech=DT] [Text=director CharacterOffsetBegin=522 CharacterOffsetEnd=530 PartOfSpeech=NN] [Text=kinda CharacterOffsetBegin=531 CharacterOffsetEnd=536 PartOfSpeech=NN] [Text=sneaks CharacterOffsetBegin=537 CharacterOffsetEnd=543 PartOfSpeech=VBZ] [Text=her CharacterOffsetBegin=544 CharacterOffsetEnd=547 PartOfSpeech=PRP$] [Text=in CharacterOffsetBegin=548 CharacterOffsetEnd=550 PartOfSpeech=IN] [Text=unexpectedly CharacterOffsetBegin=551 CharacterOffsetEnd=563 PartOfSpeech=RB] [Text=, CharacterOffsetBegin=563 CharacterOffsetEnd=564 PartOfSpeech=,] [Text=and CharacterOffsetBegin=565 CharacterOffsetEnd=568 PartOfSpeech=CC] [Text=when CharacterOffsetBegin=569 CharacterOffsetEnd=573 PartOfSpeech=WRB] [Text=she CharacterOffsetBegin=574 CharacterOffsetEnd=577 PartOfSpeech=PRP] [Text=is CharacterOffsetBegin=578 CharacterOffsetEnd=580 PartOfSpeech=VBZ] [Text=on-screen CharacterOffsetBegin=581 CharacterOffsetEnd=590 PartOfSpeech=JJ] [Text=she CharacterOffsetBegin=591 CharacterOffsetEnd=594 PartOfSpeech=PRP] [Text=is CharacterOffsetBegin=595 CharacterOffsetEnd=597 PartOfSpeech=VBZ] [Text=captivating CharacterOffsetBegin=598 CharacterOffsetEnd=609 PartOfSpeech=JJ] [Text=. CharacterOffsetBegin=609 CharacterOffsetEnd=610 PartOfSpeech=.] 
root(ROOT-0, director-2)
det(director-2, The-1)
nsubj(sneaks-4, kinda-3)
rcmod(director-2, sneaks-4)
dobj(sneaks-4, her-5)
advmod(sneaks-4, in-6)
advmod(in-6, unexpectedly-7)
punct(director-2, ,-8)
cc(director-2, and-9)
advmod(on-screen-13, when-10)
nsubj(on-screen-13, she-11)
cop(on-screen-13, is-12)
advcl(captivating-16, on-screen-13)
nsubj(captivating-16, she-14)
cop(captivating-16, is-15)
conj(director-2, captivating-16)
punct(director-2, .-17)

Sentence #5 (32 tokens):
She's one of those "Hey, she looks familiar" faces, and then I remembered that she was the little girl that Pepsi featured about 8 years ago.
[Text=She CharacterOffsetBegin=615 CharacterOffsetEnd=618 PartOfSpeech=PRP] [Text='s CharacterOffsetBegin=618 CharacterOffsetEnd=620 PartOfSpeech=VBZ] [Text=one CharacterOffsetBegin=621 CharacterOffsetEnd=624 PartOfSpeech=CD] [Text=of CharacterOffsetBegin=625 CharacterOffsetEnd=627 PartOfSpeech=IN] [Text=those CharacterOffsetBegin=628 CharacterOffsetEnd=633 PartOfSpeech=DT] [Text=`` CharacterOffsetBegin=634 CharacterOffsetEnd=635 PartOfSpeech=``] [Text=Hey CharacterOffsetBegin=635 CharacterOffsetEnd=638 PartOfSpeech=UH] [Text=, CharacterOffsetBegin=638 CharacterOffsetEnd=639 PartOfSpeech=,] [Text=she CharacterOffsetBegin=640 CharacterOffsetEnd=643 PartOfSpeech=PRP] [Text=looks CharacterOffsetBegin=644 CharacterOffsetEnd=649 PartOfSpeech=VBZ] [Text=familiar CharacterOffsetBegin=650 CharacterOffsetEnd=658 PartOfSpeech=JJ] [Text='' CharacterOffsetBegin=658 CharacterOffsetEnd=659 PartOfSpeech=''] [Text=faces CharacterOffsetBegin=660 CharacterOffsetEnd=665 PartOfSpeech=NNS] [Text=, CharacterOffsetBegin=665 CharacterOffsetEnd=666 PartOfSpeech=,] [Text=and CharacterOffsetBegin=667 CharacterOffsetEnd=670 PartOfSpeech=CC] [Text=then CharacterOffsetBegin=671 CharacterOffsetEnd=675 PartOfSpeech=RB] [Text=I CharacterOffsetBegin=676 CharacterOffsetEnd=677 PartOfSpeech=PRP] [Text=remembered CharacterOffsetBegin=678 CharacterOffsetEnd=688 PartOfSpeech=VBD] [Text=that CharacterOffsetBegin=689 CharacterOffsetEnd=693 PartOfSpeech=IN] [Text=she CharacterOffsetBegin=694 CharacterOffsetEnd=697 PartOfSpeech=PRP] [Text=was CharacterOffsetBegin=698 CharacterOffsetEnd=701 PartOfSpeech=VBD] [Text=the CharacterOffsetBegin=702 CharacterOffsetEnd=705 PartOfSpeech=DT] [Text=little CharacterOffsetBegin=706 CharacterOffsetEnd=712 PartOfSpeech=JJ] [Text=girl CharacterOffsetBegin=713 CharacterOffsetEnd=717 PartOfSpeech=NN] [Text=that CharacterOffsetBegin=718 CharacterOffsetEnd=722 PartOfSpeech=WDT] [Text=Pepsi CharacterOffsetBegin=723 CharacterOffsetEnd=728 PartOfSpeech=NNP] [Text=featured CharacterOffsetBegin=729 CharacterOffsetEnd=737 PartOfSpeech=VBD] [Text=about CharacterOffsetBegin=738 CharacterOffsetEnd=743 PartOfSpeech=IN] [Text=8 CharacterOffsetBegin=744 CharacterOffsetEnd=745 PartOfSpeech=CD] [Text=years CharacterOffsetBegin=746 CharacterOffsetEnd=751 PartOfSpeech=NNS] [Text=ago CharacterOffsetBegin=752 CharacterOffsetEnd=755 PartOfSpeech=RB] [Text=. CharacterOffsetBegin=755 CharacterOffsetEnd=756 PartOfSpeech=.] 
root(ROOT-0, one-3)
nsubj(one-3, She-1)
cop(one-3, 's-2)
prep(one-3, of-4)
det(Hey-7, those-5)
punct(Hey-7, ``-6)
pobj(of-4, Hey-7)
punct(one-3, ,-8)
nsubj(looks-10, she-9)
conj(one-3, looks-10)
amod(faces-13, familiar-11)
punct(familiar-11, ''-12)
dobj(looks-10, faces-13)
punct(one-3, ,-14)
cc(one-3, and-15)
advmod(one-3, then-16)
nsubj(remembered-18, I-17)
conj(one-3, remembered-18)
mark(girl-24, that-19)
nsubj(girl-24, she-20)
cop(girl-24, was-21)
det(girl-24, the-22)
amod(girl-24, little-23)
ccomp(remembered-18, girl-24)
dobj(featured-27, that-25)
nsubj(featured-27, Pepsi-26)
rcmod(girl-24, featured-27)
quantmod(8-29, about-28)
num(years-30, 8-29)
npadvmod(ago-31, years-30)
advmod(featured-27, ago-31)
punct(one-3, .-32)

Sentence #6 (21 tokens):
She was also in "Paulie", that movie about the parrot who tries to find his way home.Ms.
[Text=She CharacterOffsetBegin=761 CharacterOffsetEnd=764 PartOfSpeech=PRP] [Text=was CharacterOffsetBegin=765 CharacterOffsetEnd=768 PartOfSpeech=VBD] [Text=also CharacterOffsetBegin=769 CharacterOffsetEnd=773 PartOfSpeech=RB] [Text=in CharacterOffsetBegin=774 CharacterOffsetEnd=776 PartOfSpeech=IN] [Text=`` CharacterOffsetBegin=777 CharacterOffsetEnd=778 PartOfSpeech=``] [Text=Paulie CharacterOffsetBegin=778 CharacterOffsetEnd=784 PartOfSpeech=NNP] [Text='' CharacterOffsetBegin=784 CharacterOffsetEnd=785 PartOfSpeech=''] [Text=, CharacterOffsetBegin=785 CharacterOffsetEnd=786 PartOfSpeech=,] [Text=that CharacterOffsetBegin=787 CharacterOffsetEnd=791 PartOfSpeech=IN] [Text=movie CharacterOffsetBegin=792 CharacterOffsetEnd=797 PartOfSpeech=NN] [Text=about CharacterOffsetBegin=798 CharacterOffsetEnd=803 PartOfSpeech=IN] [Text=the CharacterOffsetBegin=804 CharacterOffsetEnd=807 PartOfSpeech=DT] [Text=parrot CharacterOffsetBegin=808 CharacterOffsetEnd=814 PartOfSpeech=NN] [Text=who CharacterOffsetBegin=815 CharacterOffsetEnd=818 PartOfSpeech=WP] [Text=tries CharacterOffsetBegin=819 CharacterOffsetEnd=824 PartOfSpeech=VBZ] [Text=to CharacterOffsetBegin=825 CharacterOffsetEnd=827 PartOfSpeech=TO] [Text=find CharacterOffsetBegin=828 CharacterOffsetEnd=832 PartOfSpeech=VB] [Text=his CharacterOffsetBegin=833 CharacterOffsetEnd=836 PartOfSpeech=PRP$] [Text=way CharacterOffsetBegin=837 CharacterOffsetEnd=840 PartOfSpeech=NN] [Text=home.Ms CharacterOffsetBegin=841 CharacterOffsetEnd=848 PartOfSpeech=NNS] [Text=. CharacterOffsetBegin=848 CharacterOffsetEnd=849 PartOfSpeech=.] 
root(ROOT-0, was-2)
nsubj(was-2, She-1)
advmod(was-2, also-3)
prep(was-2, in-4)
punct(in-4, ``-5)
pobj(in-4, Paulie-6)
punct(in-4, ''-7)
punct(was-2, ,-8)
prep(was-2, that-9)
dep(that-9, movie-10)
prep(movie-10, about-11)
det(parrot-13, the-12)
pobj(about-11, parrot-13)
nsubj(tries-15, who-14)
rcmod(parrot-13, tries-15)
aux(find-17, to-16)
xcomp(tries-15, find-17)
poss(way-19, his-18)
nsubj(home.Ms-20, way-19)
xcomp(find-17, home.Ms-20)
punct(was-2, .-21)

Sentence #7 (23 tokens):
Eisenberg made many TV and movie appearances in '99-00, but then was not seen much for the next few years.
[Text=Eisenberg CharacterOffsetBegin=854 CharacterOffsetEnd=863 PartOfSpeech=NNP] [Text=made CharacterOffsetBegin=864 CharacterOffsetEnd=868 PartOfSpeech=VBD] [Text=many CharacterOffsetBegin=869 CharacterOffsetEnd=873 PartOfSpeech=JJ] [Text=TV CharacterOffsetBegin=874 CharacterOffsetEnd=876 PartOfSpeech=NN] [Text=and CharacterOffsetBegin=877 CharacterOffsetEnd=880 PartOfSpeech=CC] [Text=movie CharacterOffsetBegin=881 CharacterOffsetEnd=886 PartOfSpeech=NN] [Text=appearances CharacterOffsetBegin=887 CharacterOffsetEnd=898 PartOfSpeech=NNS] [Text=in CharacterOffsetBegin=899 CharacterOffsetEnd=901 PartOfSpeech=IN] [Text=' CharacterOffsetBegin=902 CharacterOffsetEnd=903 PartOfSpeech=''] [Text=99-00 CharacterOffsetBegin=903 CharacterOffsetEnd=908 PartOfSpeech=CD] [Text=, CharacterOffsetBegin=908 CharacterOffsetEnd=909 PartOfSpeech=,] [Text=but CharacterOffsetBegin=910 CharacterOffsetEnd=913 PartOfSpeech=CC] [Text=then CharacterOffsetBegin=914 CharacterOffsetEnd=918 PartOfSpeech=RB] [Text=was CharacterOffsetBegin=919 CharacterOffsetEnd=922 PartOfSpeech=VBD] [Text=not CharacterOffsetBegin=923 CharacterOffsetEnd=926 PartOfSpeech=RB] [Text=seen CharacterOffsetBegin=927 CharacterOffsetEnd=931 PartOfSpeech=VBN] [Text=much CharacterOffsetBegin=932 CharacterOffsetEnd=936 PartOfSpeech=JJ] [Text=for CharacterOffsetBegin=937 CharacterOffsetEnd=940 PartOfSpeech=IN] [Text=the CharacterOffsetBegin=941 CharacterOffsetEnd=944 PartOfSpeech=DT] [Text=next CharacterOffsetBegin=945 CharacterOffsetEnd=949 PartOfSpeech=JJ] [Text=few CharacterOffsetBegin=950 CharacterOffsetEnd=953 PartOfSpeech=JJ] [Text=years CharacterOffsetBegin=954 CharacterOffsetEnd=959 PartOfSpeech=NNS] [Text=. CharacterOffsetBegin=959 CharacterOffsetEnd=960 PartOfSpeech=.] 
root(ROOT-0, made-2)
nsubj(made-2, Eisenberg-1)
amod(TV-4, many-3)
nsubj(appearances-7, TV-4)
cc(TV-4, and-5)
conj(TV-4, movie-6)
nsubjpass(seen-16, appearances-7)
prep(appearances-7, in-8)
punct(in-8, '-9)
pobj(in-8, 99-00-10)
punct(appearances-7, ,-11)
cc(appearances-7, but-12)
advmod(appearances-7, then-13)
auxpass(seen-16, was-14)
neg(seen-16, not-15)
ccomp(made-2, seen-16)
dobj(seen-16, much-17)
prep(seen-16, for-18)
det(years-22, the-19)
amod(years-22, next-20)
amod(years-22, few-21)
pobj(for-18, years-22)
punct(made-2, .-23)

Sentence #8 (14 tokens):
She's now 14 and is growing up to be a beautiful woman.
[Text=She CharacterOffsetBegin=965 CharacterOffsetEnd=968 PartOfSpeech=PRP] [Text='s CharacterOffsetBegin=968 CharacterOffsetEnd=970 PartOfSpeech=VBZ] [Text=now CharacterOffsetBegin=971 CharacterOffsetEnd=974 PartOfSpeech=RB] [Text=14 CharacterOffsetBegin=975 CharacterOffsetEnd=977 PartOfSpeech=CD] [Text=and CharacterOffsetBegin=978 CharacterOffsetEnd=981 PartOfSpeech=CC] [Text=is CharacterOffsetBegin=982 CharacterOffsetEnd=984 PartOfSpeech=VBZ] [Text=growing CharacterOffsetBegin=985 CharacterOffsetEnd=992 PartOfSpeech=VBG] [Text=up CharacterOffsetBegin=993 CharacterOffsetEnd=995 PartOfSpeech=RP] [Text=to CharacterOffsetBegin=996 CharacterOffsetEnd=998 PartOfSpeech=TO] [Text=be CharacterOffsetBegin=999 CharacterOffsetEnd=1001 PartOfSpeech=VB] [Text=a CharacterOffsetBegin=1002 CharacterOffsetEnd=1003 PartOfSpeech=DT] [Text=beautiful CharacterOffsetBegin=1004 CharacterOffsetEnd=1013 PartOfSpeech=JJ] [Text=woman CharacterOffsetBegin=1014 CharacterOffsetEnd=1019 PartOfSpeech=NN] [Text=. CharacterOffsetBegin=1019 CharacterOffsetEnd=1020 PartOfSpeech=.] 
root(ROOT-0, 14-4)
nsubj(14-4, She-1)
cop(14-4, 's-2)
advmod(14-4, now-3)
cc(14-4, and-5)
aux(growing-7, is-6)
conj(14-4, growing-7)
prt(growing-7, up-8)
aux(woman-13, to-9)
cop(woman-13, be-10)
det(woman-13, a-11)
amod(woman-13, beautiful-12)
xcomp(growing-7, woman-13)
punct(14-4, .-14)

Sentence #9 (8 tokens):
Her smile really warms up the screen.
[Text=Her CharacterOffsetBegin=1025 CharacterOffsetEnd=1028 PartOfSpeech=PRP$] [Text=smile CharacterOffsetBegin=1029 CharacterOffsetEnd=1034 PartOfSpeech=NN] [Text=really CharacterOffsetBegin=1035 CharacterOffsetEnd=1041 PartOfSpeech=RB] [Text=warms CharacterOffsetBegin=1042 CharacterOffsetEnd=1047 PartOfSpeech=VBZ] [Text=up CharacterOffsetBegin=1048 CharacterOffsetEnd=1050 PartOfSpeech=RP] [Text=the CharacterOffsetBegin=1051 CharacterOffsetEnd=1054 PartOfSpeech=DT] [Text=screen CharacterOffsetBegin=1055 CharacterOffsetEnd=1061 PartOfSpeech=NN] [Text=. CharacterOffsetBegin=1061 CharacterOffsetEnd=1062 PartOfSpeech=.] 
root(ROOT-0, warms-4)
poss(smile-2, Her-1)
nsubj(warms-4, smile-2)
advmod(warms-4, really-3)
prt(warms-4, up-5)
det(screen-7, the-6)
dobj(warms-4, screen-7)
punct(warms-4, .-8)

Sentence #10 (20 tokens):
If she can get some more good roles she could have as good a career (or better?)
[Text=If CharacterOffsetBegin=1067 CharacterOffsetEnd=1069 PartOfSpeech=IN] [Text=she CharacterOffsetBegin=1070 CharacterOffsetEnd=1073 PartOfSpeech=PRP] [Text=can CharacterOffsetBegin=1074 CharacterOffsetEnd=1077 PartOfSpeech=MD] [Text=get CharacterOffsetBegin=1078 CharacterOffsetEnd=1081 PartOfSpeech=VB] [Text=some CharacterOffsetBegin=1082 CharacterOffsetEnd=1086 PartOfSpeech=DT] [Text=more CharacterOffsetBegin=1087 CharacterOffsetEnd=1091 PartOfSpeech=JJR] [Text=good CharacterOffsetBegin=1092 CharacterOffsetEnd=1096 PartOfSpeech=JJ] [Text=roles CharacterOffsetBegin=1097 CharacterOffsetEnd=1102 PartOfSpeech=NNS] [Text=she CharacterOffsetBegin=1103 CharacterOffsetEnd=1106 PartOfSpeech=PRP] [Text=could CharacterOffsetBegin=1107 CharacterOffsetEnd=1112 PartOfSpeech=MD] [Text=have CharacterOffsetBegin=1113 CharacterOffsetEnd=1117 PartOfSpeech=VB] [Text=as CharacterOffsetBegin=1118 CharacterOffsetEnd=1120 PartOfSpeech=RB] [Text=good CharacterOffsetBegin=1121 CharacterOffsetEnd=1125 PartOfSpeech=JJ] [Text=a CharacterOffsetBegin=1126 CharacterOffsetEnd=1127 PartOfSpeech=DT] [Text=career CharacterOffsetBegin=1128 CharacterOffsetEnd=1134 PartOfSpeech=NN] [Text=-LRB- CharacterOffsetBegin=1135 CharacterOffsetEnd=1136 PartOfSpeech=-LRB-] [Text=or CharacterOffsetBegin=1136 CharacterOffsetEnd=1138 PartOfSpeech=CC] [Text=better CharacterOffsetBegin=1139 CharacterOffsetEnd=1145 PartOfSpeech=JJR] [Text=? CharacterOffsetBegin=1145 CharacterOffsetEnd=1146 PartOfSpeech=.] [Text=-RRB- CharacterOffsetBegin=1146 CharacterOffsetEnd=1147 PartOfSpeech=-RRB-] 
root(ROOT-0, get-4)
mark(get-4, If-1)
nsubj(get-4, she-2)
aux(get-4, can-3)
det(roles-8, some-5)
advmod(good-7, more-6)
amod(roles-8, good-7)
dobj(get-4, roles-8)
nsubj(have-11, she-9)
aux(have-11, could-10)
rcmod(roles-8, have-11)
prep(have-11, as-12)
amod(career-15, good-13)
det(career-15, a-14)
pobj(as-12, career-15)
punct(better-18, -LRB--16)
cc(better-18, or-17)
dep(career-15, better-18)
punct(better-18, ?-19)
punct(get-4, -RRB--20)

Sentence #11 (59 tokens):
than Haley Joel Osment, another three named kid actor, but hopefully without some of the problems that Osment has been in lately.Anywhozitz, according to my 8 y.o.
    son, who just finished reading the story, the film did not seem to follow the book all that well, but was entertaining none the less.
[Text=than CharacterOffsetBegin=1152 CharacterOffsetEnd=1156 PartOfSpeech=IN] [Text=Haley CharacterOffsetBegin=1157 CharacterOffsetEnd=1162 PartOfSpeech=NNP] [Text=Joel CharacterOffsetBegin=1163 CharacterOffsetEnd=1167 PartOfSpeech=NNP] [Text=Osment CharacterOffsetBegin=1168 CharacterOffsetEnd=1174 PartOfSpeech=NNP] [Text=, CharacterOffsetBegin=1174 CharacterOffsetEnd=1175 PartOfSpeech=,] [Text=another CharacterOffsetBegin=1176 CharacterOffsetEnd=1183 PartOfSpeech=DT] [Text=three CharacterOffsetBegin=1184 CharacterOffsetEnd=1189 PartOfSpeech=CD] [Text=named CharacterOffsetBegin=1190 CharacterOffsetEnd=1195 PartOfSpeech=VBN] [Text=kid CharacterOffsetBegin=1196 CharacterOffsetEnd=1199 PartOfSpeech=NN] [Text=actor CharacterOffsetBegin=1200 CharacterOffsetEnd=1205 PartOfSpeech=NN] [Text=, CharacterOffsetBegin=1205 CharacterOffsetEnd=1206 PartOfSpeech=,] [Text=but CharacterOffsetBegin=1207 CharacterOffsetEnd=1210 PartOfSpeech=CC] [Text=hopefully CharacterOffsetBegin=1211 CharacterOffsetEnd=1220 PartOfSpeech=RB] [Text=without CharacterOffsetBegin=1221 CharacterOffsetEnd=1228 PartOfSpeech=IN] [Text=some CharacterOffsetBegin=1229 CharacterOffsetEnd=1233 PartOfSpeech=DT] [Text=of CharacterOffsetBegin=1234 CharacterOffsetEnd=1236 PartOfSpeech=IN] [Text=the CharacterOffsetBegin=1237 CharacterOffsetEnd=1240 PartOfSpeech=DT] [Text=problems CharacterOffsetBegin=1241 CharacterOffsetEnd=1249 PartOfSpeech=NNS] [Text=that CharacterOffsetBegin=1250 CharacterOffsetEnd=1254 PartOfSpeech=WDT] [Text=Osment CharacterOffsetBegin=1255 CharacterOffsetEnd=1261 PartOfSpeech=NNP] [Text=has CharacterOffsetBegin=1262 CharacterOffsetEnd=1265 PartOfSpeech=VBZ] [Text=been CharacterOffsetBegin=1266 CharacterOffsetEnd=1270 PartOfSpeech=VBN] [Text=in CharacterOffsetBegin=1271 CharacterOffsetEnd=1273 PartOfSpeech=IN] [Text=lately.Anywhozitz CharacterOffsetBegin=1274 CharacterOffsetEnd=1291 PartOfSpeech=NNP] [Text=, CharacterOffsetBegin=1291 CharacterOffsetEnd=1292 PartOfSpeech=,] [Text=according CharacterOffsetBegin=1293 CharacterOffsetEnd=1302 PartOfSpeech=VBG] [Text=to CharacterOffsetBegin=1303 CharacterOffsetEnd=1305 PartOfSpeech=TO] [Text=my CharacterOffsetBegin=1306 CharacterOffsetEnd=1308 PartOfSpeech=PRP$] [Text=8 CharacterOffsetBegin=1309 CharacterOffsetEnd=1310 PartOfSpeech=CD] [Text=y.o. CharacterOffsetBegin=1311 CharacterOffsetEnd=1315 PartOfSpeech=NN] [Text=son CharacterOffsetBegin=1320 CharacterOffsetEnd=1323 PartOfSpeech=NN] [Text=, CharacterOffsetBegin=1323 CharacterOffsetEnd=1324 PartOfSpeech=,] [Text=who CharacterOffsetBegin=1325 CharacterOffsetEnd=1328 PartOfSpeech=WP] [Text=just CharacterOffsetBegin=1329 CharacterOffsetEnd=1333 PartOfSpeech=RB] [Text=finished CharacterOffsetBegin=1334 CharacterOffsetEnd=1342 PartOfSpeech=VBD] [Text=reading CharacterOffsetBegin=1343 CharacterOffsetEnd=1350 PartOfSpeech=VBG] [Text=the CharacterOffsetBegin=1351 CharacterOffsetEnd=1354 PartOfSpeech=DT] [Text=story CharacterOffsetBegin=1355 CharacterOffsetEnd=1360 PartOfSpeech=NN] [Text=, CharacterOffsetBegin=1360 CharacterOffsetEnd=1361 PartOfSpeech=,] [Text=the CharacterOffsetBegin=1362 CharacterOffsetEnd=1365 PartOfSpeech=DT] [Text=film CharacterOffsetBegin=1366 CharacterOffsetEnd=1370 PartOfSpeech=NN] [Text=did CharacterOffsetBegin=1371 CharacterOffsetEnd=1374 PartOfSpeech=VBD] [Text=not CharacterOffsetBegin=1375 CharacterOffsetEnd=1378 PartOfSpeech=RB] [Text=seem CharacterOffsetBegin=1379 CharacterOffsetEnd=1383 PartOfSpeech=VB] [Text=to CharacterOffsetBegin=1384 CharacterOffsetEnd=1386 PartOfSpeech=TO] [Text=follow CharacterOffsetBegin=1387 CharacterOffsetEnd=1393 PartOfSpeech=VB] [Text=the CharacterOffsetBegin=1394 CharacterOffsetEnd=1397 PartOfSpeech=DT] [Text=book CharacterOffsetBegin=1398 CharacterOffsetEnd=1402 PartOfSpeech=NN] [Text=all CharacterOffsetBegin=1403 CharacterOffsetEnd=1406 PartOfSpeech=DT] [Text=that CharacterOffsetBegin=1407 CharacterOffsetEnd=1411 PartOfSpeech=DT] [Text=well CharacterOffsetBegin=1412 CharacterOffsetEnd=1416 PartOfSpeech=RB] [Text=, CharacterOffsetBegin=1416 CharacterOffsetEnd=1417 PartOfSpeech=,] [Text=but CharacterOffsetBegin=1418 CharacterOffsetEnd=1421 PartOfSpeech=CC] [Text=was CharacterOffsetBegin=1422 CharacterOffsetEnd=1425 PartOfSpeech=VBD] [Text=entertaining CharacterOffsetBegin=1426 CharacterOffsetEnd=1438 PartOfSpeech=JJ] [Text=none CharacterOffsetBegin=1439 CharacterOffsetEnd=1443 PartOfSpeech=NN] [Text=the CharacterOffsetBegin=1444 CharacterOffsetEnd=1447 PartOfSpeech=DT] [Text=less CharacterOffsetBegin=1448 CharacterOffsetEnd=1452 PartOfSpeech=RBR] [Text=. CharacterOffsetBegin=1452 CharacterOffsetEnd=1453 PartOfSpeech=.] 
root(ROOT-0, less-58)
prep(entertaining-55, than-1)
nn(Osment-4, Haley-2)
nn(Osment-4, Joel-3)
pobj(than-1, Osment-4)
punct(Osment-4, ,-5)
det(actor-10, another-6)
num(actor-10, three-7)
amod(actor-10, named-8)
nn(actor-10, kid-9)
appos(Osment-4, actor-10)
punct(Osment-4, ,-11)
cc(than-1, but-12)
conj(than-1, hopefully-13)
prep(hopefully-13, without-14)
pobj(without-14, some-15)
prep(some-15, of-16)
det(problems-18, the-17)
pobj(of-16, problems-18)
dobj(been-22, that-19)
nsubj(been-22, Osment-20)
aux(been-22, has-21)
rcmod(problems-18, been-22)
prep(been-22, in-23)
pobj(in-23, lately.Anywhozitz-24)
punct(than-1, ,-25)
conj(than-1, according-26)
pcomp(according-26, to-27)
poss(son-31, my-28)
num(son-31, 8-29)
nn(son-31, y.o.-30)
pobj(to-27, son-31)
punct(son-31, ,-32)
nsubj(finished-35, who-33)
advmod(finished-35, just-34)
rcmod(son-31, finished-35)
xcomp(finished-35, reading-36)
det(story-38, the-37)
dobj(reading-36, story-38)
punct(son-31, ,-39)
det(film-41, the-40)
nsubj(seem-44, film-41)
aux(seem-44, did-42)
neg(seem-44, not-43)
rcmod(son-31, seem-44)
aux(follow-46, to-45)
xcomp(seem-44, follow-46)
det(book-48, the-47)
dobj(follow-46, book-48)
dep(book-48, all-49)
dep(all-49, that-50)
advmod(that-50, well-51)
punct(son-31, ,-52)
cc(than-1, but-53)
cop(entertaining-55, was-54)
dep(less-58, entertaining-55)
dep(less-58, none-56)
det(less-58, the-57)
punct(less-58, .-59)

Sentence #12 (20 tokens):
The ending of the film seemed like a big setup for some sequels (How to Eat Boiled Slugs?
[Text=The CharacterOffsetBegin=1458 CharacterOffsetEnd=1461 PartOfSpeech=DT] [Text=ending CharacterOffsetBegin=1462 CharacterOffsetEnd=1468 PartOfSpeech=NN] [Text=of CharacterOffsetBegin=1469 CharacterOffsetEnd=1471 PartOfSpeech=IN] [Text=the CharacterOffsetBegin=1472 CharacterOffsetEnd=1475 PartOfSpeech=DT] [Text=film CharacterOffsetBegin=1476 CharacterOffsetEnd=1480 PartOfSpeech=NN] [Text=seemed CharacterOffsetBegin=1481 CharacterOffsetEnd=1487 PartOfSpeech=VBD] [Text=like CharacterOffsetBegin=1488 CharacterOffsetEnd=1492 PartOfSpeech=IN] [Text=a CharacterOffsetBegin=1493 CharacterOffsetEnd=1494 PartOfSpeech=DT] [Text=big CharacterOffsetBegin=1495 CharacterOffsetEnd=1498 PartOfSpeech=JJ] [Text=setup CharacterOffsetBegin=1499 CharacterOffsetEnd=1504 PartOfSpeech=NN] [Text=for CharacterOffsetBegin=1505 CharacterOffsetEnd=1508 PartOfSpeech=IN] [Text=some CharacterOffsetBegin=1509 CharacterOffsetEnd=1513 PartOfSpeech=DT] [Text=sequels CharacterOffsetBegin=1514 CharacterOffsetEnd=1521 PartOfSpeech=NNS] [Text=-LRB- CharacterOffsetBegin=1522 CharacterOffsetEnd=1523 PartOfSpeech=-LRB-] [Text=How CharacterOffsetBegin=1523 CharacterOffsetEnd=1526 PartOfSpeech=WRB] [Text=to CharacterOffsetBegin=1527 CharacterOffsetEnd=1529 PartOfSpeech=TO] [Text=Eat CharacterOffsetBegin=1530 CharacterOffsetEnd=1533 PartOfSpeech=VB] [Text=Boiled CharacterOffsetBegin=1534 CharacterOffsetEnd=1540 PartOfSpeech=NNP] [Text=Slugs CharacterOffsetBegin=1541 CharacterOffsetEnd=1546 PartOfSpeech=NNP] [Text=? CharacterOffsetBegin=1546 CharacterOffsetEnd=1547 PartOfSpeech=.] 
root(ROOT-0, seemed-6)
det(ending-2, The-1)
nsubj(seemed-6, ending-2)
prep(ending-2, of-3)
det(film-5, the-4)
pobj(of-3, film-5)
prep(seemed-6, like-7)
det(setup-10, a-8)
amod(setup-10, big-9)
pobj(like-7, setup-10)
prep(setup-10, for-11)
det(sequels-13, some-12)
pobj(for-11, sequels-13)
punct(sequels-13, -LRB--14)
advmod(Eat-17, How-15)
aux(Eat-17, to-16)
ccomp(-LRB--14, Eat-17)
nn(Slugs-19, Boiled-18)
dobj(Eat-17, Slugs-19)
punct(Eat-17, ?-20)

Sentence #13 (6 tokens):
Escargot Kid's Style?
    )
[Text=Escargot CharacterOffsetBegin=1552 CharacterOffsetEnd=1560 PartOfSpeech=NNP] [Text=Kid CharacterOffsetBegin=1561 CharacterOffsetEnd=1564 PartOfSpeech=NNP] [Text='s CharacterOffsetBegin=1564 CharacterOffsetEnd=1566 PartOfSpeech=POS] [Text=Style CharacterOffsetBegin=1567 CharacterOffsetEnd=1572 PartOfSpeech=NNP] [Text=? CharacterOffsetBegin=1572 CharacterOffsetEnd=1573 PartOfSpeech=.] [Text=-RRB- CharacterOffsetBegin=1578 CharacterOffsetEnd=1579 PartOfSpeech=-RRB-] 
root(ROOT-0, Style-4)
nn(Kid-2, Escargot-1)
poss(Style-4, Kid-2)
possessive(Kid-2, 's-3)
punct(Style-4, ?-5)
punct(Style-4, -RRB--6)

Sentence #14 (10 tokens):
, which might not be such a bad thing.
[Text=, CharacterOffsetBegin=1579 CharacterOffsetEnd=1580 PartOfSpeech=,] [Text=which CharacterOffsetBegin=1581 CharacterOffsetEnd=1586 PartOfSpeech=WDT] [Text=might CharacterOffsetBegin=1587 CharacterOffsetEnd=1592 PartOfSpeech=MD] [Text=not CharacterOffsetBegin=1593 CharacterOffsetEnd=1596 PartOfSpeech=RB] [Text=be CharacterOffsetBegin=1597 CharacterOffsetEnd=1599 PartOfSpeech=VB] [Text=such CharacterOffsetBegin=1600 CharacterOffsetEnd=1604 PartOfSpeech=JJ] [Text=a CharacterOffsetBegin=1605 CharacterOffsetEnd=1606 PartOfSpeech=DT] [Text=bad CharacterOffsetBegin=1607 CharacterOffsetEnd=1610 PartOfSpeech=JJ] [Text=thing CharacterOffsetBegin=1611 CharacterOffsetEnd=1616 PartOfSpeech=NN] [Text=. CharacterOffsetBegin=1616 CharacterOffsetEnd=1617 PartOfSpeech=.] 
root(ROOT-0, thing-9)
punct(thing-9, ,-1)
nsubj(thing-9, which-2)
aux(thing-9, might-3)
neg(thing-9, not-4)
cop(thing-9, be-5)
amod(thing-9, such-6)
det(thing-9, a-7)
amod(thing-9, bad-8)
punct(thing-9, .-10)

Sentence #15 (41 tokens):
It was nice to take the family to a movie and not have to worry about language, violence or sex scenes.One other good aspect of the movie was the respect/fear engendered by the principal Mr. Burdock (Boilerplate).
[Text=It CharacterOffsetBegin=1622 CharacterOffsetEnd=1624 PartOfSpeech=PRP] [Text=was CharacterOffsetBegin=1625 CharacterOffsetEnd=1628 PartOfSpeech=VBD] [Text=nice CharacterOffsetBegin=1629 CharacterOffsetEnd=1633 PartOfSpeech=JJ] [Text=to CharacterOffsetBegin=1634 CharacterOffsetEnd=1636 PartOfSpeech=TO] [Text=take CharacterOffsetBegin=1637 CharacterOffsetEnd=1641 PartOfSpeech=VB] [Text=the CharacterOffsetBegin=1642 CharacterOffsetEnd=1645 PartOfSpeech=DT] [Text=family CharacterOffsetBegin=1646 CharacterOffsetEnd=1652 PartOfSpeech=NN] [Text=to CharacterOffsetBegin=1653 CharacterOffsetEnd=1655 PartOfSpeech=TO] [Text=a CharacterOffsetBegin=1656 CharacterOffsetEnd=1657 PartOfSpeech=DT] [Text=movie CharacterOffsetBegin=1658 CharacterOffsetEnd=1663 PartOfSpeech=NN] [Text=and CharacterOffsetBegin=1664 CharacterOffsetEnd=1667 PartOfSpeech=CC] [Text=not CharacterOffsetBegin=1668 CharacterOffsetEnd=1671 PartOfSpeech=RB] [Text=have CharacterOffsetBegin=1672 CharacterOffsetEnd=1676 PartOfSpeech=VB] [Text=to CharacterOffsetBegin=1677 CharacterOffsetEnd=1679 PartOfSpeech=TO] [Text=worry CharacterOffsetBegin=1680 CharacterOffsetEnd=1685 PartOfSpeech=VB] [Text=about CharacterOffsetBegin=1686 CharacterOffsetEnd=1691 PartOfSpeech=IN] [Text=language CharacterOffsetBegin=1692 CharacterOffsetEnd=1700 PartOfSpeech=NN] [Text=, CharacterOffsetBegin=1700 CharacterOffsetEnd=1701 PartOfSpeech=,] [Text=violence CharacterOffsetBegin=1702 CharacterOffsetEnd=1710 PartOfSpeech=NN] [Text=or CharacterOffsetBegin=1711 CharacterOffsetEnd=1713 PartOfSpeech=CC] [Text=sex CharacterOffsetBegin=1714 CharacterOffsetEnd=1717 PartOfSpeech=NN] [Text=scenes.One CharacterOffsetBegin=1718 CharacterOffsetEnd=1728 PartOfSpeech=NN] [Text=other CharacterOffsetBegin=1729 CharacterOffsetEnd=1734 PartOfSpeech=JJ] [Text=good CharacterOffsetBegin=1735 CharacterOffsetEnd=1739 PartOfSpeech=JJ] [Text=aspect CharacterOffsetBegin=1740 CharacterOffsetEnd=1746 PartOfSpeech=NN] [Text=of CharacterOffsetBegin=1747 CharacterOffsetEnd=1749 PartOfSpeech=IN] [Text=the CharacterOffsetBegin=1750 CharacterOffsetEnd=1753 PartOfSpeech=DT] [Text=movie CharacterOffsetBegin=1754 CharacterOffsetEnd=1759 PartOfSpeech=NN] [Text=was CharacterOffsetBegin=1760 CharacterOffsetEnd=1763 PartOfSpeech=VBD] [Text=the CharacterOffsetBegin=1764 CharacterOffsetEnd=1767 PartOfSpeech=DT] [Text=respect/fear CharacterOffsetBegin=1768 CharacterOffsetEnd=1780 PartOfSpeech=JJ] [Text=engendered CharacterOffsetBegin=1781 CharacterOffsetEnd=1791 PartOfSpeech=VBN] [Text=by CharacterOffsetBegin=1792 CharacterOffsetEnd=1794 PartOfSpeech=IN] [Text=the CharacterOffsetBegin=1795 CharacterOffsetEnd=1798 PartOfSpeech=DT] [Text=principal CharacterOffsetBegin=1799 CharacterOffsetEnd=1808 PartOfSpeech=JJ] [Text=Mr. CharacterOffsetBegin=1809 CharacterOffsetEnd=1812 PartOfSpeech=NNP] [Text=Burdock CharacterOffsetBegin=1813 CharacterOffsetEnd=1820 PartOfSpeech=NNP] [Text=-LRB- CharacterOffsetBegin=1821 CharacterOffsetEnd=1822 PartOfSpeech=-LRB-] [Text=Boilerplate CharacterOffsetBegin=1822 CharacterOffsetEnd=1833 PartOfSpeech=NNP] [Text=-RRB- CharacterOffsetBegin=1833 CharacterOffsetEnd=1834 PartOfSpeech=-RRB-] [Text=. CharacterOffsetBegin=1834 CharacterOffsetEnd=1835 PartOfSpeech=.] 
root(ROOT-0, engendered-32)
nsubj(nice-3, It-1)
cop(nice-3, was-2)
ccomp(engendered-32, nice-3)
aux(take-5, to-4)
xcomp(nice-3, take-5)
det(family-7, the-6)
dobj(take-5, family-7)
prep(take-5, to-8)
det(movie-10, a-9)
pobj(to-8, movie-10)
cc(take-5, and-11)
neg(have-13, not-12)
conj(take-5, have-13)
aux(worry-15, to-14)
xcomp(have-13, worry-15)
prep(worry-15, about-16)
nn(aspect-25, language-17)
punct(language-17, ,-18)
conj(language-17, violence-19)
cc(language-17, or-20)
conj(language-17, sex-21)
nn(aspect-25, scenes.One-22)
amod(aspect-25, other-23)
amod(aspect-25, good-24)
pobj(about-16, aspect-25)
prep(aspect-25, of-26)
det(movie-28, the-27)
pobj(of-26, movie-28)
cop(engendered-32, was-29)
det(engendered-32, the-30)
amod(engendered-32, respect/fear-31)
prep(engendered-32, by-33)
det(Burdock-37, the-34)
amod(Burdock-37, principal-35)
nn(Burdock-37, Mr.-36)
pobj(by-33, Burdock-37)
punct(Boilerplate-39, -LRB--38)
appos(Burdock-37, Boilerplate-39)
punct(Boilerplate-39, -RRB--40)
punct(engendered-32, .-41)

Sentence #16 (11 tokens):
Movies nowadays tend to show adult authority figures as buffoons.
[Text=Movies CharacterOffsetBegin=1840 CharacterOffsetEnd=1846 PartOfSpeech=NNS] [Text=nowadays CharacterOffsetBegin=1847 CharacterOffsetEnd=1855 PartOfSpeech=RB] [Text=tend CharacterOffsetBegin=1856 CharacterOffsetEnd=1860 PartOfSpeech=VBP] [Text=to CharacterOffsetBegin=1861 CharacterOffsetEnd=1863 PartOfSpeech=TO] [Text=show CharacterOffsetBegin=1864 CharacterOffsetEnd=1868 PartOfSpeech=VB] [Text=adult CharacterOffsetBegin=1869 CharacterOffsetEnd=1874 PartOfSpeech=JJ] [Text=authority CharacterOffsetBegin=1875 CharacterOffsetEnd=1884 PartOfSpeech=NN] [Text=figures CharacterOffsetBegin=1885 CharacterOffsetEnd=1892 PartOfSpeech=NNS] [Text=as CharacterOffsetBegin=1893 CharacterOffsetEnd=1895 PartOfSpeech=IN] [Text=buffoons CharacterOffsetBegin=1896 CharacterOffsetEnd=1904 PartOfSpeech=NNS] [Text=. CharacterOffsetBegin=1904 CharacterOffsetEnd=1905 PartOfSpeech=.] 
root(ROOT-0, tend-3)
nsubj(tend-3, Movies-1)
advmod(tend-3, nowadays-2)
aux(show-5, to-4)
xcomp(tend-3, show-5)
amod(figures-8, adult-6)
nn(figures-8, authority-7)
dobj(show-5, figures-8)
prep(figures-8, as-9)
pobj(as-9, buffoons-10)
punct(tend-3, .-11)

Sentence #17 (17 tokens):
While he has one particular goofy scene, he ruled the school with a firm hand.
[Text=While CharacterOffsetBegin=1910 CharacterOffsetEnd=1915 PartOfSpeech=IN] [Text=he CharacterOffsetBegin=1916 CharacterOffsetEnd=1918 PartOfSpeech=PRP] [Text=has CharacterOffsetBegin=1919 CharacterOffsetEnd=1922 PartOfSpeech=VBZ] [Text=one CharacterOffsetBegin=1923 CharacterOffsetEnd=1926 PartOfSpeech=CD] [Text=particular CharacterOffsetBegin=1927 CharacterOffsetEnd=1937 PartOfSpeech=JJ] [Text=goofy CharacterOffsetBegin=1938 CharacterOffsetEnd=1943 PartOfSpeech=JJ] [Text=scene CharacterOffsetBegin=1944 CharacterOffsetEnd=1949 PartOfSpeech=NN] [Text=, CharacterOffsetBegin=1949 CharacterOffsetEnd=1950 PartOfSpeech=,] [Text=he CharacterOffsetBegin=1951 CharacterOffsetEnd=1953 PartOfSpeech=PRP] [Text=ruled CharacterOffsetBegin=1954 CharacterOffsetEnd=1959 PartOfSpeech=VBD] [Text=the CharacterOffsetBegin=1960 CharacterOffsetEnd=1963 PartOfSpeech=DT] [Text=school CharacterOffsetBegin=1964 CharacterOffsetEnd=1970 PartOfSpeech=NN] [Text=with CharacterOffsetBegin=1971 CharacterOffsetEnd=1975 PartOfSpeech=IN] [Text=a CharacterOffsetBegin=1976 CharacterOffsetEnd=1977 PartOfSpeech=DT] [Text=firm CharacterOffsetBegin=1978 CharacterOffsetEnd=1982 PartOfSpeech=JJ] [Text=hand CharacterOffsetBegin=1983 CharacterOffsetEnd=1987 PartOfSpeech=NN] [Text=. CharacterOffsetBegin=1987 CharacterOffsetEnd=1988 PartOfSpeech=.] 
root(ROOT-0, ruled-10)
mark(has-3, While-1)
nsubj(has-3, he-2)
advcl(ruled-10, has-3)
num(scene-7, one-4)
amod(scene-7, particular-5)
amod(scene-7, goofy-6)
dobj(has-3, scene-7)
punct(ruled-10, ,-8)
nsubj(ruled-10, he-9)
det(school-12, the-11)
dobj(ruled-10, school-12)
prep(ruled-10, with-13)
det(hand-16, a-14)
amod(hand-16, firm-15)
pobj(with-13, hand-16)
punct(ruled-10, .-17)

Sentence #18 (12 tokens):
It was also nice to see Andrea Martin getting some work.
[Text=It CharacterOffsetBegin=1993 CharacterOffsetEnd=1995 PartOfSpeech=PRP] [Text=was CharacterOffsetBegin=1996 CharacterOffsetEnd=1999 PartOfSpeech=VBD] [Text=also CharacterOffsetBegin=2000 CharacterOffsetEnd=2004 PartOfSpeech=RB] [Text=nice CharacterOffsetBegin=2005 CharacterOffsetEnd=2009 PartOfSpeech=JJ] [Text=to CharacterOffsetBegin=2010 CharacterOffsetEnd=2012 PartOfSpeech=TO] [Text=see CharacterOffsetBegin=2013 CharacterOffsetEnd=2016 PartOfSpeech=VB] [Text=Andrea CharacterOffsetBegin=2017 CharacterOffsetEnd=2023 PartOfSpeech=NNP] [Text=Martin CharacterOffsetBegin=2024 CharacterOffsetEnd=2030 PartOfSpeech=NNP] [Text=getting CharacterOffsetBegin=2031 CharacterOffsetEnd=2038 PartOfSpeech=VBG] [Text=some CharacterOffsetBegin=2039 CharacterOffsetEnd=2043 PartOfSpeech=DT] [Text=work CharacterOffsetBegin=2044 CharacterOffsetEnd=2048 PartOfSpeech=NN] [Text=. CharacterOffsetBegin=2048 CharacterOffsetEnd=2049 PartOfSpeech=.] 
root(ROOT-0, nice-4)
nsubj(nice-4, It-1)
cop(nice-4, was-2)
advmod(nice-4, also-3)
aux(see-6, to-5)
xcomp(nice-4, see-6)
nn(Martin-8, Andrea-7)
nsubj(getting-9, Martin-8)
ccomp(see-6, getting-9)
det(work-11, some-10)
dobj(getting-9, work-11)
punct(nice-4, .-12)

