Sentence #1 (79 tokens):
I have to point out, before you read this review, that in no way, is this a statement against Iranian people ... if you really want to read something into it, than hopefully you see, that I'm against politicians in general ... but if you're looking to be offended ...
    I can't help you!Not in Iran as this movie is banned there (see IMDb trivia for this movie).
[Text=I CharacterOffsetBegin=4 CharacterOffsetEnd=5 PartOfSpeech=PRP] [Text=have CharacterOffsetBegin=6 CharacterOffsetEnd=10 PartOfSpeech=VBP] [Text=to CharacterOffsetBegin=11 CharacterOffsetEnd=13 PartOfSpeech=TO] [Text=point CharacterOffsetBegin=14 CharacterOffsetEnd=19 PartOfSpeech=VB] [Text=out CharacterOffsetBegin=20 CharacterOffsetEnd=23 PartOfSpeech=RP] [Text=, CharacterOffsetBegin=23 CharacterOffsetEnd=24 PartOfSpeech=,] [Text=before CharacterOffsetBegin=25 CharacterOffsetEnd=31 PartOfSpeech=IN] [Text=you CharacterOffsetBegin=32 CharacterOffsetEnd=35 PartOfSpeech=PRP] [Text=read CharacterOffsetBegin=36 CharacterOffsetEnd=40 PartOfSpeech=VBP] [Text=this CharacterOffsetBegin=41 CharacterOffsetEnd=45 PartOfSpeech=DT] [Text=review CharacterOffsetBegin=46 CharacterOffsetEnd=52 PartOfSpeech=NN] [Text=, CharacterOffsetBegin=52 CharacterOffsetEnd=53 PartOfSpeech=,] [Text=that CharacterOffsetBegin=54 CharacterOffsetEnd=58 PartOfSpeech=IN] [Text=in CharacterOffsetBegin=59 CharacterOffsetEnd=61 PartOfSpeech=IN] [Text=no CharacterOffsetBegin=62 CharacterOffsetEnd=64 PartOfSpeech=DT] [Text=way CharacterOffsetBegin=65 CharacterOffsetEnd=68 PartOfSpeech=NN] [Text=, CharacterOffsetBegin=68 CharacterOffsetEnd=69 PartOfSpeech=,] [Text=is CharacterOffsetBegin=70 CharacterOffsetEnd=72 PartOfSpeech=VBZ] [Text=this CharacterOffsetBegin=73 CharacterOffsetEnd=77 PartOfSpeech=DT] [Text=a CharacterOffsetBegin=78 CharacterOffsetEnd=79 PartOfSpeech=DT] [Text=statement CharacterOffsetBegin=80 CharacterOffsetEnd=89 PartOfSpeech=NN] [Text=against CharacterOffsetBegin=90 CharacterOffsetEnd=97 PartOfSpeech=IN] [Text=Iranian CharacterOffsetBegin=98 CharacterOffsetEnd=105 PartOfSpeech=JJ] [Text=people CharacterOffsetBegin=106 CharacterOffsetEnd=112 PartOfSpeech=NNS] [Text=... CharacterOffsetBegin=113 CharacterOffsetEnd=116 PartOfSpeech=:] [Text=if CharacterOffsetBegin=117 CharacterOffsetEnd=119 PartOfSpeech=IN] [Text=you CharacterOffsetBegin=120 CharacterOffsetEnd=123 PartOfSpeech=PRP] [Text=really CharacterOffsetBegin=124 CharacterOffsetEnd=130 PartOfSpeech=RB] [Text=want CharacterOffsetBegin=131 CharacterOffsetEnd=135 PartOfSpeech=VBP] [Text=to CharacterOffsetBegin=136 CharacterOffsetEnd=138 PartOfSpeech=TO] [Text=read CharacterOffsetBegin=139 CharacterOffsetEnd=143 PartOfSpeech=VB] [Text=something CharacterOffsetBegin=144 CharacterOffsetEnd=153 PartOfSpeech=NN] [Text=into CharacterOffsetBegin=154 CharacterOffsetEnd=158 PartOfSpeech=IN] [Text=it CharacterOffsetBegin=159 CharacterOffsetEnd=161 PartOfSpeech=PRP] [Text=, CharacterOffsetBegin=161 CharacterOffsetEnd=162 PartOfSpeech=,] [Text=than CharacterOffsetBegin=163 CharacterOffsetEnd=167 PartOfSpeech=IN] [Text=hopefully CharacterOffsetBegin=168 CharacterOffsetEnd=177 PartOfSpeech=RB] [Text=you CharacterOffsetBegin=178 CharacterOffsetEnd=181 PartOfSpeech=PRP] [Text=see CharacterOffsetBegin=182 CharacterOffsetEnd=185 PartOfSpeech=VBP] [Text=, CharacterOffsetBegin=185 CharacterOffsetEnd=186 PartOfSpeech=,] [Text=that CharacterOffsetBegin=187 CharacterOffsetEnd=191 PartOfSpeech=IN] [Text=I CharacterOffsetBegin=192 CharacterOffsetEnd=193 PartOfSpeech=PRP] [Text='m CharacterOffsetBegin=193 CharacterOffsetEnd=195 PartOfSpeech=VBP] [Text=against CharacterOffsetBegin=196 CharacterOffsetEnd=203 PartOfSpeech=IN] [Text=politicians CharacterOffsetBegin=204 CharacterOffsetEnd=215 PartOfSpeech=NNS] [Text=in CharacterOffsetBegin=216 CharacterOffsetEnd=218 PartOfSpeech=IN] [Text=general CharacterOffsetBegin=219 CharacterOffsetEnd=226 PartOfSpeech=JJ] [Text=... CharacterOffsetBegin=227 CharacterOffsetEnd=230 PartOfSpeech=:] [Text=but CharacterOffsetBegin=231 CharacterOffsetEnd=234 PartOfSpeech=CC] [Text=if CharacterOffsetBegin=235 CharacterOffsetEnd=237 PartOfSpeech=IN] [Text=you CharacterOffsetBegin=238 CharacterOffsetEnd=241 PartOfSpeech=PRP] [Text='re CharacterOffsetBegin=241 CharacterOffsetEnd=244 PartOfSpeech=VBP] [Text=looking CharacterOffsetBegin=245 CharacterOffsetEnd=252 PartOfSpeech=VBG] [Text=to CharacterOffsetBegin=253 CharacterOffsetEnd=255 PartOfSpeech=TO] [Text=be CharacterOffsetBegin=256 CharacterOffsetEnd=258 PartOfSpeech=VB] [Text=offended CharacterOffsetBegin=259 CharacterOffsetEnd=267 PartOfSpeech=VBN] [Text=... CharacterOffsetBegin=268 CharacterOffsetEnd=271 PartOfSpeech=:] [Text=I CharacterOffsetBegin=276 CharacterOffsetEnd=277 PartOfSpeech=PRP] [Text=ca CharacterOffsetBegin=278 CharacterOffsetEnd=280 PartOfSpeech=MD] [Text=n't CharacterOffsetBegin=280 CharacterOffsetEnd=283 PartOfSpeech=RB] [Text=help CharacterOffsetBegin=284 CharacterOffsetEnd=288 PartOfSpeech=VB] [Text=you!Not CharacterOffsetBegin=289 CharacterOffsetEnd=296 PartOfSpeech=NN] [Text=in CharacterOffsetBegin=297 CharacterOffsetEnd=299 PartOfSpeech=IN] [Text=Iran CharacterOffsetBegin=300 CharacterOffsetEnd=304 PartOfSpeech=NNP] [Text=as CharacterOffsetBegin=305 CharacterOffsetEnd=307 PartOfSpeech=IN] [Text=this CharacterOffsetBegin=308 CharacterOffsetEnd=312 PartOfSpeech=DT] [Text=movie CharacterOffsetBegin=313 CharacterOffsetEnd=318 PartOfSpeech=NN] [Text=is CharacterOffsetBegin=319 CharacterOffsetEnd=321 PartOfSpeech=VBZ] [Text=banned CharacterOffsetBegin=322 CharacterOffsetEnd=328 PartOfSpeech=VBN] [Text=there CharacterOffsetBegin=329 CharacterOffsetEnd=334 PartOfSpeech=RB] [Text=-LRB- CharacterOffsetBegin=335 CharacterOffsetEnd=336 PartOfSpeech=-LRB-] [Text=see CharacterOffsetBegin=336 CharacterOffsetEnd=339 PartOfSpeech=VB] [Text=IMDb CharacterOffsetBegin=340 CharacterOffsetEnd=344 PartOfSpeech=NNP] [Text=trivia CharacterOffsetBegin=345 CharacterOffsetEnd=351 PartOfSpeech=NNS] [Text=for CharacterOffsetBegin=352 CharacterOffsetEnd=355 PartOfSpeech=IN] [Text=this CharacterOffsetBegin=356 CharacterOffsetEnd=360 PartOfSpeech=DT] [Text=movie CharacterOffsetBegin=361 CharacterOffsetEnd=366 PartOfSpeech=NN] [Text=-RRB- CharacterOffsetBegin=366 CharacterOffsetEnd=367 PartOfSpeech=-RRB-] [Text=. CharacterOffsetBegin=367 CharacterOffsetEnd=368 PartOfSpeech=.] 
root(ROOT-0, have-2)
nsubj(have-2, I-1)
aux(point-4, to-3)
xcomp(have-2, point-4)
prt(point-4, out-5)
punct(have-2, ,-6)
mark(read-9, before-7)
nsubj(read-9, you-8)
advcl(have-2, read-9)
det(review-11, this-10)
dobj(read-9, review-11)
punct(have-2, ,-12)
mark(statement-21, that-13)
prep(statement-21, in-14)
det(way-16, no-15)
pobj(in-14, way-16)
punct(statement-21, ,-17)
cop(statement-21, is-18)
det(statement-21, this-19)
det(statement-21, a-20)
ccomp(have-2, statement-21)
prep(statement-21, against-22)
amod(people-24, Iranian-23)
pobj(against-22, people-24)
punct(have-2, ...-25)
mark(want-29, if-26)
nsubj(want-29, you-27)
advmod(want-29, really-28)
advcl(have-2, want-29)
aux(read-31, to-30)
xcomp(want-29, read-31)
dobj(read-31, something-32)
prep(read-31, into-33)
pobj(into-33, it-34)
punct(have-2, ,-35)
mark(see-39, than-36)
advmod(see-39, hopefully-37)
nsubj(see-39, you-38)
dep(have-2, see-39)
punct(see-39, ,-40)
mark('m-43, that-41)
nsubj('m-43, I-42)
ccomp(,-40, 'm-43)
prep('m-43, against-44)
pobj(against-44, politicians-45)
prep('m-43, in-46)
pobj(in-46, general-47)
punct('m-43, ...-48)
cc('m-43, but-49)
mark(looking-53, if-50)
nsubj(looking-53, you-51)
aux(looking-53, 're-52)
conj('m-43, looking-53)
aux(offended-56, to-54)
auxpass(offended-56, be-55)
xcomp(looking-53, offended-56)
punct('m-43, ...-57)
nsubj(help-61, I-58)
aux(help-61, ca-59)
neg(help-61, n't-60)
parataxis('m-43, help-61)
dobj(help-61, you!Not-62)
prep(you!Not-62, in-63)
pobj(in-63, Iran-64)
mark(banned-69, as-65)
det(movie-67, this-66)
nsubjpass(banned-69, movie-67)
auxpass(banned-69, is-68)
advcl(help-61, banned-69)
advmod(banned-69, there-70)
punct(see-72, -LRB--71)
dep(banned-69, see-72)
nn(trivia-74, IMDb-73)
dobj(see-72, trivia-74)
prep(trivia-74, for-75)
det(movie-77, this-76)
pobj(for-75, movie-77)
punct(see-72, -RRB--78)
punct('m-43, .-79)

Sentence #2 (11 tokens):
Which is a shame, because the movie is great.
[Text=Which CharacterOffsetBegin=373 CharacterOffsetEnd=378 PartOfSpeech=WDT] [Text=is CharacterOffsetBegin=379 CharacterOffsetEnd=381 PartOfSpeech=VBZ] [Text=a CharacterOffsetBegin=382 CharacterOffsetEnd=383 PartOfSpeech=DT] [Text=shame CharacterOffsetBegin=384 CharacterOffsetEnd=389 PartOfSpeech=NN] [Text=, CharacterOffsetBegin=389 CharacterOffsetEnd=390 PartOfSpeech=,] [Text=because CharacterOffsetBegin=391 CharacterOffsetEnd=398 PartOfSpeech=IN] [Text=the CharacterOffsetBegin=399 CharacterOffsetEnd=402 PartOfSpeech=DT] [Text=movie CharacterOffsetBegin=403 CharacterOffsetEnd=408 PartOfSpeech=NN] [Text=is CharacterOffsetBegin=409 CharacterOffsetEnd=411 PartOfSpeech=VBZ] [Text=great CharacterOffsetBegin=412 CharacterOffsetEnd=417 PartOfSpeech=JJ] [Text=. CharacterOffsetBegin=417 CharacterOffsetEnd=418 PartOfSpeech=.] 
root(ROOT-0, shame-4)
nsubj(shame-4, Which-1)
cop(shame-4, is-2)
det(shame-4, a-3)
punct(shame-4, ,-5)
mark(great-10, because-6)
det(movie-8, the-7)
nsubj(great-10, movie-8)
cop(great-10, is-9)
advcl(shame-4, great-10)
punct(shame-4, .-11)

Sentence #3 (36 tokens):
Would it not be for "Grbavica", this movie would have won at the International Film Festival in Berlin.Rightfully so (it was the runner-up, or second place if you will).
[Text=Would CharacterOffsetBegin=423 CharacterOffsetEnd=428 PartOfSpeech=MD] [Text=it CharacterOffsetBegin=429 CharacterOffsetEnd=431 PartOfSpeech=PRP] [Text=not CharacterOffsetBegin=432 CharacterOffsetEnd=435 PartOfSpeech=RB] [Text=be CharacterOffsetBegin=436 CharacterOffsetEnd=438 PartOfSpeech=VB] [Text=for CharacterOffsetBegin=439 CharacterOffsetEnd=442 PartOfSpeech=IN] [Text=`` CharacterOffsetBegin=443 CharacterOffsetEnd=444 PartOfSpeech=``] [Text=Grbavica CharacterOffsetBegin=444 CharacterOffsetEnd=452 PartOfSpeech=NNP] [Text='' CharacterOffsetBegin=452 CharacterOffsetEnd=453 PartOfSpeech=''] [Text=, CharacterOffsetBegin=453 CharacterOffsetEnd=454 PartOfSpeech=,] [Text=this CharacterOffsetBegin=455 CharacterOffsetEnd=459 PartOfSpeech=DT] [Text=movie CharacterOffsetBegin=460 CharacterOffsetEnd=465 PartOfSpeech=NN] [Text=would CharacterOffsetBegin=466 CharacterOffsetEnd=471 PartOfSpeech=MD] [Text=have CharacterOffsetBegin=472 CharacterOffsetEnd=476 PartOfSpeech=VB] [Text=won CharacterOffsetBegin=477 CharacterOffsetEnd=480 PartOfSpeech=VBN] [Text=at CharacterOffsetBegin=481 CharacterOffsetEnd=483 PartOfSpeech=IN] [Text=the CharacterOffsetBegin=484 CharacterOffsetEnd=487 PartOfSpeech=DT] [Text=International CharacterOffsetBegin=488 CharacterOffsetEnd=501 PartOfSpeech=NNP] [Text=Film CharacterOffsetBegin=502 CharacterOffsetEnd=506 PartOfSpeech=NNP] [Text=Festival CharacterOffsetBegin=507 CharacterOffsetEnd=515 PartOfSpeech=NNP] [Text=in CharacterOffsetBegin=516 CharacterOffsetEnd=518 PartOfSpeech=IN] [Text=Berlin.Rightfully CharacterOffsetBegin=519 CharacterOffsetEnd=536 PartOfSpeech=NNP] [Text=so CharacterOffsetBegin=537 CharacterOffsetEnd=539 PartOfSpeech=RB] [Text=-LRB- CharacterOffsetBegin=540 CharacterOffsetEnd=541 PartOfSpeech=-LRB-] [Text=it CharacterOffsetBegin=541 CharacterOffsetEnd=543 PartOfSpeech=PRP] [Text=was CharacterOffsetBegin=544 CharacterOffsetEnd=547 PartOfSpeech=VBD] [Text=the CharacterOffsetBegin=548 CharacterOffsetEnd=551 PartOfSpeech=DT] [Text=runner-up CharacterOffsetBegin=552 CharacterOffsetEnd=561 PartOfSpeech=NN] [Text=, CharacterOffsetBegin=561 CharacterOffsetEnd=562 PartOfSpeech=,] [Text=or CharacterOffsetBegin=563 CharacterOffsetEnd=565 PartOfSpeech=CC] [Text=second CharacterOffsetBegin=566 CharacterOffsetEnd=572 PartOfSpeech=JJ] [Text=place CharacterOffsetBegin=573 CharacterOffsetEnd=578 PartOfSpeech=NN] [Text=if CharacterOffsetBegin=579 CharacterOffsetEnd=581 PartOfSpeech=IN] [Text=you CharacterOffsetBegin=582 CharacterOffsetEnd=585 PartOfSpeech=PRP] [Text=will CharacterOffsetBegin=586 CharacterOffsetEnd=590 PartOfSpeech=MD] [Text=-RRB- CharacterOffsetBegin=590 CharacterOffsetEnd=591 PartOfSpeech=-RRB-] [Text=. CharacterOffsetBegin=591 CharacterOffsetEnd=592 PartOfSpeech=.] 
root(ROOT-0, be-4)
aux(be-4, Would-1)
nsubj(be-4, it-2)
neg(be-4, not-3)
prep(be-4, for-5)
punct(Grbavica-7, ``-6)
pobj(for-5, Grbavica-7)
punct(Grbavica-7, ''-8)
punct(Grbavica-7, ,-9)
det(movie-11, this-10)
nsubjpass(won-14, movie-11)
aux(won-14, would-12)
aux(won-14, have-13)
rcmod(Grbavica-7, won-14)
prep(won-14, at-15)
det(Festival-19, the-16)
nn(Festival-19, International-17)
nn(Festival-19, Film-18)
pobj(at-15, Festival-19)
prep(Festival-19, in-20)
pobj(in-20, Berlin.Rightfully-21)
advmod(runner-up-27, so-22)
punct(runner-up-27, -LRB--23)
nsubj(runner-up-27, it-24)
cop(runner-up-27, was-25)
det(runner-up-27, the-26)
advcl(won-14, runner-up-27)
punct(runner-up-27, ,-28)
cc(runner-up-27, or-29)
amod(place-31, second-30)
conj(runner-up-27, place-31)
mark(will-34, if-32)
nsubj(will-34, you-33)
advcl(runner-up-27, will-34)
punct(will-34, -RRB--35)
punct(be-4, .-36)

Sentence #4 (2 tokens):
Why?
[Text=Why CharacterOffsetBegin=597 CharacterOffsetEnd=600 PartOfSpeech=WRB] [Text=? CharacterOffsetBegin=600 CharacterOffsetEnd=601 PartOfSpeech=.] 
root(ROOT-0, Why-1)
punct(Why-1, ?-2)

Sentence #5 (8 tokens):
Because it is a movie about oppression.
[Text=Because CharacterOffsetBegin=606 CharacterOffsetEnd=613 PartOfSpeech=IN] [Text=it CharacterOffsetBegin=614 CharacterOffsetEnd=616 PartOfSpeech=PRP] [Text=is CharacterOffsetBegin=617 CharacterOffsetEnd=619 PartOfSpeech=VBZ] [Text=a CharacterOffsetBegin=620 CharacterOffsetEnd=621 PartOfSpeech=DT] [Text=movie CharacterOffsetBegin=622 CharacterOffsetEnd=627 PartOfSpeech=NN] [Text=about CharacterOffsetBegin=628 CharacterOffsetEnd=633 PartOfSpeech=IN] [Text=oppression CharacterOffsetBegin=634 CharacterOffsetEnd=644 PartOfSpeech=NN] [Text=. CharacterOffsetBegin=644 CharacterOffsetEnd=645 PartOfSpeech=.] 
root(ROOT-0, movie-5)
mark(movie-5, Because-1)
nsubj(movie-5, it-2)
cop(movie-5, is-3)
det(movie-5, a-4)
prep(movie-5, about-6)
pobj(about-6, oppression-7)
punct(movie-5, .-8)

Sentence #6 (12 tokens):
It's not even that this is a complete women issue.
[Text=It CharacterOffsetBegin=650 CharacterOffsetEnd=652 PartOfSpeech=PRP] [Text='s CharacterOffsetBegin=652 CharacterOffsetEnd=654 PartOfSpeech=VBZ] [Text=not CharacterOffsetBegin=655 CharacterOffsetEnd=658 PartOfSpeech=RB] [Text=even CharacterOffsetBegin=659 CharacterOffsetEnd=663 PartOfSpeech=RB] [Text=that CharacterOffsetBegin=664 CharacterOffsetEnd=668 PartOfSpeech=IN] [Text=this CharacterOffsetBegin=669 CharacterOffsetEnd=673 PartOfSpeech=DT] [Text=is CharacterOffsetBegin=674 CharacterOffsetEnd=676 PartOfSpeech=VBZ] [Text=a CharacterOffsetBegin=677 CharacterOffsetEnd=678 PartOfSpeech=DT] [Text=complete CharacterOffsetBegin=679 CharacterOffsetEnd=687 PartOfSpeech=JJ] [Text=women CharacterOffsetBegin=688 CharacterOffsetEnd=693 PartOfSpeech=NNS] [Text=issue CharacterOffsetBegin=694 CharacterOffsetEnd=699 PartOfSpeech=NN] [Text=. CharacterOffsetBegin=699 CharacterOffsetEnd=700 PartOfSpeech=.] 
root(ROOT-0, even-4)
nsubj(even-4, It-1)
cop(even-4, 's-2)
neg(even-4, not-3)
mark(issue-11, that-5)
nsubj(issue-11, this-6)
cop(issue-11, is-7)
det(issue-11, a-8)
amod(issue-11, complete-9)
nn(issue-11, women-10)
ccomp(even-4, issue-11)
punct(even-4, .-12)

Sentence #7 (12 tokens):
It is about the government trying to keep the people down.
[Text=It CharacterOffsetBegin=705 CharacterOffsetEnd=707 PartOfSpeech=PRP] [Text=is CharacterOffsetBegin=708 CharacterOffsetEnd=710 PartOfSpeech=VBZ] [Text=about CharacterOffsetBegin=711 CharacterOffsetEnd=716 PartOfSpeech=IN] [Text=the CharacterOffsetBegin=717 CharacterOffsetEnd=720 PartOfSpeech=DT] [Text=government CharacterOffsetBegin=721 CharacterOffsetEnd=731 PartOfSpeech=NN] [Text=trying CharacterOffsetBegin=732 CharacterOffsetEnd=738 PartOfSpeech=VBG] [Text=to CharacterOffsetBegin=739 CharacterOffsetEnd=741 PartOfSpeech=TO] [Text=keep CharacterOffsetBegin=742 CharacterOffsetEnd=746 PartOfSpeech=VB] [Text=the CharacterOffsetBegin=747 CharacterOffsetEnd=750 PartOfSpeech=DT] [Text=people CharacterOffsetBegin=751 CharacterOffsetEnd=757 PartOfSpeech=NNS] [Text=down CharacterOffsetBegin=758 CharacterOffsetEnd=762 PartOfSpeech=RB] [Text=. CharacterOffsetBegin=762 CharacterOffsetEnd=763 PartOfSpeech=.] 
root(ROOT-0, It-1)
dep(It-1, is-2)
prep(is-2, about-3)
det(government-5, the-4)
nsubj(trying-6, government-5)
pcomp(about-3, trying-6)
aux(keep-8, to-7)
xcomp(trying-6, keep-8)
det(people-10, the-9)
dobj(keep-8, people-10)
prt(keep-8, down-11)
punct(It-1, .-12)

Sentence #8 (15 tokens):
An analogy so clear that the government felt the need to ban the movie.
[Text=An CharacterOffsetBegin=768 CharacterOffsetEnd=770 PartOfSpeech=DT] [Text=analogy CharacterOffsetBegin=771 CharacterOffsetEnd=778 PartOfSpeech=NN] [Text=so CharacterOffsetBegin=779 CharacterOffsetEnd=781 PartOfSpeech=RB] [Text=clear CharacterOffsetBegin=782 CharacterOffsetEnd=787 PartOfSpeech=JJ] [Text=that CharacterOffsetBegin=788 CharacterOffsetEnd=792 PartOfSpeech=IN] [Text=the CharacterOffsetBegin=793 CharacterOffsetEnd=796 PartOfSpeech=DT] [Text=government CharacterOffsetBegin=797 CharacterOffsetEnd=807 PartOfSpeech=NN] [Text=felt CharacterOffsetBegin=808 CharacterOffsetEnd=812 PartOfSpeech=VBD] [Text=the CharacterOffsetBegin=813 CharacterOffsetEnd=816 PartOfSpeech=DT] [Text=need CharacterOffsetBegin=817 CharacterOffsetEnd=821 PartOfSpeech=NN] [Text=to CharacterOffsetBegin=822 CharacterOffsetEnd=824 PartOfSpeech=TO] [Text=ban CharacterOffsetBegin=825 CharacterOffsetEnd=828 PartOfSpeech=VB] [Text=the CharacterOffsetBegin=829 CharacterOffsetEnd=832 PartOfSpeech=DT] [Text=movie CharacterOffsetBegin=833 CharacterOffsetEnd=838 PartOfSpeech=NN] [Text=. CharacterOffsetBegin=838 CharacterOffsetEnd=839 PartOfSpeech=.] 
root(ROOT-0, analogy-2)
det(analogy-2, An-1)
advmod(clear-4, so-3)
amod(analogy-2, clear-4)
mark(felt-8, that-5)
det(government-7, the-6)
nsubj(felt-8, government-7)
ccomp(clear-4, felt-8)
det(need-10, the-9)
dobj(felt-8, need-10)
aux(ban-12, to-11)
infmod(need-10, ban-12)
det(movie-14, the-13)
dobj(ban-12, movie-14)
punct(analogy-2, .-15)

Sentence #9 (15 tokens):
But by banning it nothing is resolved and/or can they make this movie disappear!
[Text=But CharacterOffsetBegin=844 CharacterOffsetEnd=847 PartOfSpeech=CC] [Text=by CharacterOffsetBegin=848 CharacterOffsetEnd=850 PartOfSpeech=IN] [Text=banning CharacterOffsetBegin=851 CharacterOffsetEnd=858 PartOfSpeech=VBG] [Text=it CharacterOffsetBegin=859 CharacterOffsetEnd=861 PartOfSpeech=PRP] [Text=nothing CharacterOffsetBegin=862 CharacterOffsetEnd=869 PartOfSpeech=NN] [Text=is CharacterOffsetBegin=870 CharacterOffsetEnd=872 PartOfSpeech=VBZ] [Text=resolved CharacterOffsetBegin=873 CharacterOffsetEnd=881 PartOfSpeech=VBN] [Text=and/or CharacterOffsetBegin=882 CharacterOffsetEnd=888 PartOfSpeech=CC] [Text=can CharacterOffsetBegin=889 CharacterOffsetEnd=892 PartOfSpeech=MD] [Text=they CharacterOffsetBegin=893 CharacterOffsetEnd=897 PartOfSpeech=PRP] [Text=make CharacterOffsetBegin=898 CharacterOffsetEnd=902 PartOfSpeech=VB] [Text=this CharacterOffsetBegin=903 CharacterOffsetEnd=907 PartOfSpeech=DT] [Text=movie CharacterOffsetBegin=908 CharacterOffsetEnd=913 PartOfSpeech=NN] [Text=disappear CharacterOffsetBegin=914 CharacterOffsetEnd=923 PartOfSpeech=VB] [Text=! CharacterOffsetBegin=923 CharacterOffsetEnd=924 PartOfSpeech=.] 
root(ROOT-0, But-1)
prep(But-1, by-2)
pcomp(by-2, banning-3)
dobj(banning-3, it-4)
nsubjpass(resolved-7, nothing-5)
auxpass(resolved-7, is-6)
dep(banning-3, resolved-7)
cc(resolved-7, and/or-8)
aux(make-11, can-9)
nsubj(make-11, they-10)
conj(resolved-7, make-11)
det(movie-13, this-12)
nsubj(disappear-14, movie-13)
xcomp(make-11, disappear-14)
punct(But-1, !-15)

Sentence #10 (22 tokens):
Another reviewer had a great summary line: "Comedy about a tragedy", that sums it up pretty well!
[Text=Another CharacterOffsetBegin=929 CharacterOffsetEnd=936 PartOfSpeech=DT] [Text=reviewer CharacterOffsetBegin=937 CharacterOffsetEnd=945 PartOfSpeech=NN] [Text=had CharacterOffsetBegin=946 CharacterOffsetEnd=949 PartOfSpeech=VBD] [Text=a CharacterOffsetBegin=950 CharacterOffsetEnd=951 PartOfSpeech=DT] [Text=great CharacterOffsetBegin=952 CharacterOffsetEnd=957 PartOfSpeech=JJ] [Text=summary CharacterOffsetBegin=958 CharacterOffsetEnd=965 PartOfSpeech=NN] [Text=line CharacterOffsetBegin=966 CharacterOffsetEnd=970 PartOfSpeech=NN] [Text=: CharacterOffsetBegin=970 CharacterOffsetEnd=971 PartOfSpeech=:] [Text=`` CharacterOffsetBegin=972 CharacterOffsetEnd=973 PartOfSpeech=``] [Text=Comedy CharacterOffsetBegin=973 CharacterOffsetEnd=979 PartOfSpeech=NN] [Text=about CharacterOffsetBegin=980 CharacterOffsetEnd=985 PartOfSpeech=IN] [Text=a CharacterOffsetBegin=986 CharacterOffsetEnd=987 PartOfSpeech=DT] [Text=tragedy CharacterOffsetBegin=988 CharacterOffsetEnd=995 PartOfSpeech=NN] [Text='' CharacterOffsetBegin=995 CharacterOffsetEnd=996 PartOfSpeech=''] [Text=, CharacterOffsetBegin=996 CharacterOffsetEnd=997 PartOfSpeech=,] [Text=that CharacterOffsetBegin=998 CharacterOffsetEnd=1002 PartOfSpeech=IN] [Text=sums CharacterOffsetBegin=1003 CharacterOffsetEnd=1007 PartOfSpeech=NNS] [Text=it CharacterOffsetBegin=1008 CharacterOffsetEnd=1010 PartOfSpeech=PRP] [Text=up CharacterOffsetBegin=1011 CharacterOffsetEnd=1013 PartOfSpeech=RP] [Text=pretty CharacterOffsetBegin=1014 CharacterOffsetEnd=1020 PartOfSpeech=RB] [Text=well CharacterOffsetBegin=1021 CharacterOffsetEnd=1025 PartOfSpeech=RB] [Text=! CharacterOffsetBegin=1025 CharacterOffsetEnd=1026 PartOfSpeech=.] 
root(ROOT-0, had-3)
det(reviewer-2, Another-1)
nsubj(had-3, reviewer-2)
det(line-7, a-4)
amod(line-7, great-5)
nn(line-7, summary-6)
dobj(had-3, line-7)
punct(had-3, :-8)
punct(had-3, ``-9)
dep(had-3, Comedy-10)
prep(Comedy-10, about-11)
det(tragedy-13, a-12)
pobj(about-11, tragedy-13)
punct(Comedy-10, ''-14)
punct(Comedy-10, ,-15)
dep(,-15, that-16)
dep(that-16, sums-17)
dobj(sums-17, it-18)
prt(sums-17, up-19)
advmod(well-21, pretty-20)
advmod(sums-17, well-21)
punct(that-16, !-22)

