Sentence #1 (48 tokens):
"Red Rock West" was far and away one of the best suspense thrillers of the 90's with a superb script (by John and Rick Dahl) that kept you guessing throughout and on the edge of your seat for most of the film.
[Text=`` CharacterOffsetBegin=4 CharacterOffsetEnd=5 PartOfSpeech=``] [Text=Red CharacterOffsetBegin=5 CharacterOffsetEnd=8 PartOfSpeech=NNP] [Text=Rock CharacterOffsetBegin=9 CharacterOffsetEnd=13 PartOfSpeech=NNP] [Text=West CharacterOffsetBegin=14 CharacterOffsetEnd=18 PartOfSpeech=NNP] [Text='' CharacterOffsetBegin=18 CharacterOffsetEnd=19 PartOfSpeech=''] [Text=was CharacterOffsetBegin=20 CharacterOffsetEnd=23 PartOfSpeech=VBD] [Text=far CharacterOffsetBegin=24 CharacterOffsetEnd=27 PartOfSpeech=RB] [Text=and CharacterOffsetBegin=28 CharacterOffsetEnd=31 PartOfSpeech=CC] [Text=away CharacterOffsetBegin=32 CharacterOffsetEnd=36 PartOfSpeech=RB] [Text=one CharacterOffsetBegin=37 CharacterOffsetEnd=40 PartOfSpeech=CD] [Text=of CharacterOffsetBegin=41 CharacterOffsetEnd=43 PartOfSpeech=IN] [Text=the CharacterOffsetBegin=44 CharacterOffsetEnd=47 PartOfSpeech=DT] [Text=best CharacterOffsetBegin=48 CharacterOffsetEnd=52 PartOfSpeech=JJS] [Text=suspense CharacterOffsetBegin=53 CharacterOffsetEnd=61 PartOfSpeech=NN] [Text=thrillers CharacterOffsetBegin=62 CharacterOffsetEnd=71 PartOfSpeech=NNS] [Text=of CharacterOffsetBegin=72 CharacterOffsetEnd=74 PartOfSpeech=IN] [Text=the CharacterOffsetBegin=75 CharacterOffsetEnd=78 PartOfSpeech=DT] [Text=90 CharacterOffsetBegin=79 CharacterOffsetEnd=81 PartOfSpeech=CD] [Text='s CharacterOffsetBegin=81 CharacterOffsetEnd=83 PartOfSpeech=POS] [Text=with CharacterOffsetBegin=84 CharacterOffsetEnd=88 PartOfSpeech=IN] [Text=a CharacterOffsetBegin=89 CharacterOffsetEnd=90 PartOfSpeech=DT] [Text=superb CharacterOffsetBegin=91 CharacterOffsetEnd=97 PartOfSpeech=JJ] [Text=script CharacterOffsetBegin=98 CharacterOffsetEnd=104 PartOfSpeech=NN] [Text=-LRB- CharacterOffsetBegin=105 CharacterOffsetEnd=106 PartOfSpeech=-LRB-] [Text=by CharacterOffsetBegin=106 CharacterOffsetEnd=108 PartOfSpeech=IN] [Text=John CharacterOffsetBegin=109 CharacterOffsetEnd=113 PartOfSpeech=NNP] [Text=and CharacterOffsetBegin=114 CharacterOffsetEnd=117 PartOfSpeech=CC] [Text=Rick CharacterOffsetBegin=118 CharacterOffsetEnd=122 PartOfSpeech=NNP] [Text=Dahl CharacterOffsetBegin=123 CharacterOffsetEnd=127 PartOfSpeech=NNP] [Text=-RRB- CharacterOffsetBegin=127 CharacterOffsetEnd=128 PartOfSpeech=-RRB-] [Text=that CharacterOffsetBegin=129 CharacterOffsetEnd=133 PartOfSpeech=WDT] [Text=kept CharacterOffsetBegin=134 CharacterOffsetEnd=138 PartOfSpeech=VBD] [Text=you CharacterOffsetBegin=139 CharacterOffsetEnd=142 PartOfSpeech=PRP] [Text=guessing CharacterOffsetBegin=143 CharacterOffsetEnd=151 PartOfSpeech=VBG] [Text=throughout CharacterOffsetBegin=152 CharacterOffsetEnd=162 PartOfSpeech=IN] [Text=and CharacterOffsetBegin=163 CharacterOffsetEnd=166 PartOfSpeech=CC] [Text=on CharacterOffsetBegin=167 CharacterOffsetEnd=169 PartOfSpeech=IN] [Text=the CharacterOffsetBegin=170 CharacterOffsetEnd=173 PartOfSpeech=DT] [Text=edge CharacterOffsetBegin=174 CharacterOffsetEnd=178 PartOfSpeech=NN] [Text=of CharacterOffsetBegin=179 CharacterOffsetEnd=181 PartOfSpeech=IN] [Text=your CharacterOffsetBegin=182 CharacterOffsetEnd=186 PartOfSpeech=PRP$] [Text=seat CharacterOffsetBegin=187 CharacterOffsetEnd=191 PartOfSpeech=NN] [Text=for CharacterOffsetBegin=192 CharacterOffsetEnd=195 PartOfSpeech=IN] [Text=most CharacterOffsetBegin=196 CharacterOffsetEnd=200 PartOfSpeech=JJS] [Text=of CharacterOffsetBegin=201 CharacterOffsetEnd=203 PartOfSpeech=IN] [Text=the CharacterOffsetBegin=204 CharacterOffsetEnd=207 PartOfSpeech=DT] [Text=film CharacterOffsetBegin=208 CharacterOffsetEnd=212 PartOfSpeech=NN] [Text=. CharacterOffsetBegin=212 CharacterOffsetEnd=213 PartOfSpeech=.] 
root(ROOT-0, one-10)
punct(West-4, ``-1)
nn(West-4, Red-2)
nn(West-4, Rock-3)
nsubj(one-10, West-4)
punct(West-4, ''-5)
cop(one-10, was-6)
advmod(one-10, far-7)
cc(far-7, and-8)
conj(far-7, away-9)
prep(one-10, of-11)
det(thrillers-15, the-12)
amod(thrillers-15, best-13)
nn(thrillers-15, suspense-14)
pobj(of-11, thrillers-15)
prep(thrillers-15, of-16)
det(90-18, the-17)
pobj(of-16, 90-18)
possessive(90-18, 's-19)
prep(90-18, with-20)
det(script-23, a-21)
amod(script-23, superb-22)
pobj(with-20, script-23)
punct(by-25, -LRB--24)
prep(script-23, by-25)
pobj(by-25, John-26)
cc(John-26, and-27)
nn(Dahl-29, Rick-28)
conj(John-26, Dahl-29)
punct(by-25, -RRB--30)
nsubj(kept-32, that-31)
rcmod(script-23, kept-32)
nsubj(guessing-34, you-33)
xcomp(kept-32, guessing-34)
prep(guessing-34, throughout-35)
cc(throughout-35, and-36)
conj(throughout-35, on-37)
det(edge-39, the-38)
pobj(on-37, edge-39)
prep(edge-39, of-40)
poss(seat-42, your-41)
pobj(of-40, seat-42)
prep(guessing-34, for-43)
pobj(for-43, most-44)
prep(most-44, of-45)
det(film-47, the-46)
pobj(of-45, film-47)
punct(one-10, .-48)

Sentence #2 (45 tokens):
It was brilliantly directed by John Dahl and featured a marvellous cast including Nicolas Cage, Dennis Hopper, Lara Flynn Boyle and especially J. T. Walsh (in a memorable performance) making this a riveting and captivating thriller not to be missed.
[Text=It CharacterOffsetBegin=218 CharacterOffsetEnd=220 PartOfSpeech=PRP] [Text=was CharacterOffsetBegin=221 CharacterOffsetEnd=224 PartOfSpeech=VBD] [Text=brilliantly CharacterOffsetBegin=225 CharacterOffsetEnd=236 PartOfSpeech=RB] [Text=directed CharacterOffsetBegin=237 CharacterOffsetEnd=245 PartOfSpeech=VBN] [Text=by CharacterOffsetBegin=246 CharacterOffsetEnd=248 PartOfSpeech=IN] [Text=John CharacterOffsetBegin=249 CharacterOffsetEnd=253 PartOfSpeech=NNP] [Text=Dahl CharacterOffsetBegin=254 CharacterOffsetEnd=258 PartOfSpeech=NNP] [Text=and CharacterOffsetBegin=259 CharacterOffsetEnd=262 PartOfSpeech=CC] [Text=featured CharacterOffsetBegin=263 CharacterOffsetEnd=271 PartOfSpeech=VBD] [Text=a CharacterOffsetBegin=272 CharacterOffsetEnd=273 PartOfSpeech=DT] [Text=marvellous CharacterOffsetBegin=274 CharacterOffsetEnd=284 PartOfSpeech=JJ] [Text=cast CharacterOffsetBegin=285 CharacterOffsetEnd=289 PartOfSpeech=NN] [Text=including CharacterOffsetBegin=290 CharacterOffsetEnd=299 PartOfSpeech=VBG] [Text=Nicolas CharacterOffsetBegin=300 CharacterOffsetEnd=307 PartOfSpeech=NNP] [Text=Cage CharacterOffsetBegin=308 CharacterOffsetEnd=312 PartOfSpeech=NNP] [Text=, CharacterOffsetBegin=312 CharacterOffsetEnd=313 PartOfSpeech=,] [Text=Dennis CharacterOffsetBegin=314 CharacterOffsetEnd=320 PartOfSpeech=NNP] [Text=Hopper CharacterOffsetBegin=321 CharacterOffsetEnd=327 PartOfSpeech=NNP] [Text=, CharacterOffsetBegin=327 CharacterOffsetEnd=328 PartOfSpeech=,] [Text=Lara CharacterOffsetBegin=329 CharacterOffsetEnd=333 PartOfSpeech=NNP] [Text=Flynn CharacterOffsetBegin=334 CharacterOffsetEnd=339 PartOfSpeech=NNP] [Text=Boyle CharacterOffsetBegin=340 CharacterOffsetEnd=345 PartOfSpeech=NNP] [Text=and CharacterOffsetBegin=346 CharacterOffsetEnd=349 PartOfSpeech=CC] [Text=especially CharacterOffsetBegin=350 CharacterOffsetEnd=360 PartOfSpeech=RB] [Text=J. CharacterOffsetBegin=361 CharacterOffsetEnd=363 PartOfSpeech=NNP] [Text=T. CharacterOffsetBegin=364 CharacterOffsetEnd=366 PartOfSpeech=NNP] [Text=Walsh CharacterOffsetBegin=367 CharacterOffsetEnd=372 PartOfSpeech=NNP] [Text=-LRB- CharacterOffsetBegin=373 CharacterOffsetEnd=374 PartOfSpeech=-LRB-] [Text=in CharacterOffsetBegin=374 CharacterOffsetEnd=376 PartOfSpeech=IN] [Text=a CharacterOffsetBegin=377 CharacterOffsetEnd=378 PartOfSpeech=DT] [Text=memorable CharacterOffsetBegin=379 CharacterOffsetEnd=388 PartOfSpeech=JJ] [Text=performance CharacterOffsetBegin=389 CharacterOffsetEnd=400 PartOfSpeech=NN] [Text=-RRB- CharacterOffsetBegin=400 CharacterOffsetEnd=401 PartOfSpeech=-RRB-] [Text=making CharacterOffsetBegin=402 CharacterOffsetEnd=408 PartOfSpeech=VBG] [Text=this CharacterOffsetBegin=409 CharacterOffsetEnd=413 PartOfSpeech=DT] [Text=a CharacterOffsetBegin=414 CharacterOffsetEnd=415 PartOfSpeech=DT] [Text=riveting CharacterOffsetBegin=416 CharacterOffsetEnd=424 PartOfSpeech=JJ] [Text=and CharacterOffsetBegin=425 CharacterOffsetEnd=428 PartOfSpeech=CC] [Text=captivating CharacterOffsetBegin=429 CharacterOffsetEnd=440 PartOfSpeech=JJ] [Text=thriller CharacterOffsetBegin=441 CharacterOffsetEnd=449 PartOfSpeech=NN] [Text=not CharacterOffsetBegin=450 CharacterOffsetEnd=453 PartOfSpeech=RB] [Text=to CharacterOffsetBegin=454 CharacterOffsetEnd=456 PartOfSpeech=TO] [Text=be CharacterOffsetBegin=457 CharacterOffsetEnd=459 PartOfSpeech=VB] [Text=missed CharacterOffsetBegin=460 CharacterOffsetEnd=466 PartOfSpeech=VBN] [Text=. CharacterOffsetBegin=466 CharacterOffsetEnd=467 PartOfSpeech=.] 
root(ROOT-0, directed-4)
nsubjpass(directed-4, It-1)
auxpass(directed-4, was-2)
advmod(directed-4, brilliantly-3)
prep(directed-4, by-5)
nn(Dahl-7, John-6)
pobj(by-5, Dahl-7)
cc(directed-4, and-8)
conj(directed-4, featured-9)
det(cast-12, a-10)
amod(cast-12, marvellous-11)
dobj(featured-9, cast-12)
prep(cast-12, including-13)
nn(Cage-15, Nicolas-14)
pobj(including-13, Cage-15)
punct(Cage-15, ,-16)
nn(Hopper-18, Dennis-17)
conj(Cage-15, Hopper-18)
punct(Cage-15, ,-19)
nn(Boyle-22, Lara-20)
nn(Boyle-22, Flynn-21)
conj(Cage-15, Boyle-22)
cc(Cage-15, and-23)
advmod(Walsh-27, especially-24)
nn(Walsh-27, J.-25)
nn(Walsh-27, T.-26)
conj(Cage-15, Walsh-27)
punct(in-29, -LRB--28)
prep(Walsh-27, in-29)
det(performance-32, a-30)
amod(performance-32, memorable-31)
pobj(in-29, performance-32)
punct(cast-12, -RRB--33)
xcomp(featured-9, making-34)
det(thriller-40, this-35)
det(thriller-40, a-36)
amod(thriller-40, riveting-37)
cc(riveting-37, and-38)
conj(riveting-37, captivating-39)
nsubj(missed-44, thriller-40)
neg(missed-44, not-41)
aux(missed-44, to-42)
auxpass(missed-44, be-43)
xcomp(making-34, missed-44)
punct(directed-4, .-45)

Sentence #3 (69 tokens):
The film never had much publicity on release (in fact I first caught up with it on TV) and is therefore one of those special little gems that you have to seek out but this unique film is now slowly gaining a cult following.Nicolas Cage is Michael Williams who is broke and out of work when he finds himself in the small town of Red Rock.
[Text=The CharacterOffsetBegin=472 CharacterOffsetEnd=475 PartOfSpeech=DT] [Text=film CharacterOffsetBegin=476 CharacterOffsetEnd=480 PartOfSpeech=NN] [Text=never CharacterOffsetBegin=481 CharacterOffsetEnd=486 PartOfSpeech=RB] [Text=had CharacterOffsetBegin=487 CharacterOffsetEnd=490 PartOfSpeech=VBD] [Text=much CharacterOffsetBegin=491 CharacterOffsetEnd=495 PartOfSpeech=JJ] [Text=publicity CharacterOffsetBegin=496 CharacterOffsetEnd=505 PartOfSpeech=NN] [Text=on CharacterOffsetBegin=506 CharacterOffsetEnd=508 PartOfSpeech=IN] [Text=release CharacterOffsetBegin=509 CharacterOffsetEnd=516 PartOfSpeech=NN] [Text=-LRB- CharacterOffsetBegin=517 CharacterOffsetEnd=518 PartOfSpeech=-LRB-] [Text=in CharacterOffsetBegin=518 CharacterOffsetEnd=520 PartOfSpeech=IN] [Text=fact CharacterOffsetBegin=521 CharacterOffsetEnd=525 PartOfSpeech=NN] [Text=I CharacterOffsetBegin=526 CharacterOffsetEnd=527 PartOfSpeech=PRP] [Text=first CharacterOffsetBegin=528 CharacterOffsetEnd=533 PartOfSpeech=RB] [Text=caught CharacterOffsetBegin=534 CharacterOffsetEnd=540 PartOfSpeech=VBD] [Text=up CharacterOffsetBegin=541 CharacterOffsetEnd=543 PartOfSpeech=RP] [Text=with CharacterOffsetBegin=544 CharacterOffsetEnd=548 PartOfSpeech=IN] [Text=it CharacterOffsetBegin=549 CharacterOffsetEnd=551 PartOfSpeech=PRP] [Text=on CharacterOffsetBegin=552 CharacterOffsetEnd=554 PartOfSpeech=IN] [Text=TV CharacterOffsetBegin=555 CharacterOffsetEnd=557 PartOfSpeech=NN] [Text=-RRB- CharacterOffsetBegin=557 CharacterOffsetEnd=558 PartOfSpeech=-RRB-] [Text=and CharacterOffsetBegin=559 CharacterOffsetEnd=562 PartOfSpeech=CC] [Text=is CharacterOffsetBegin=563 CharacterOffsetEnd=565 PartOfSpeech=VBZ] [Text=therefore CharacterOffsetBegin=566 CharacterOffsetEnd=575 PartOfSpeech=RB] [Text=one CharacterOffsetBegin=576 CharacterOffsetEnd=579 PartOfSpeech=CD] [Text=of CharacterOffsetBegin=580 CharacterOffsetEnd=582 PartOfSpeech=IN] [Text=those CharacterOffsetBegin=583 CharacterOffsetEnd=588 PartOfSpeech=DT] [Text=special CharacterOffsetBegin=589 CharacterOffsetEnd=596 PartOfSpeech=JJ] [Text=little CharacterOffsetBegin=597 CharacterOffsetEnd=603 PartOfSpeech=JJ] [Text=gems CharacterOffsetBegin=604 CharacterOffsetEnd=608 PartOfSpeech=NNS] [Text=that CharacterOffsetBegin=609 CharacterOffsetEnd=613 PartOfSpeech=IN] [Text=you CharacterOffsetBegin=614 CharacterOffsetEnd=617 PartOfSpeech=PRP] [Text=have CharacterOffsetBegin=618 CharacterOffsetEnd=622 PartOfSpeech=VBP] [Text=to CharacterOffsetBegin=623 CharacterOffsetEnd=625 PartOfSpeech=TO] [Text=seek CharacterOffsetBegin=626 CharacterOffsetEnd=630 PartOfSpeech=VB] [Text=out CharacterOffsetBegin=631 CharacterOffsetEnd=634 PartOfSpeech=RP] [Text=but CharacterOffsetBegin=635 CharacterOffsetEnd=638 PartOfSpeech=CC] [Text=this CharacterOffsetBegin=639 CharacterOffsetEnd=643 PartOfSpeech=DT] [Text=unique CharacterOffsetBegin=644 CharacterOffsetEnd=650 PartOfSpeech=JJ] [Text=film CharacterOffsetBegin=651 CharacterOffsetEnd=655 PartOfSpeech=NN] [Text=is CharacterOffsetBegin=656 CharacterOffsetEnd=658 PartOfSpeech=VBZ] [Text=now CharacterOffsetBegin=659 CharacterOffsetEnd=662 PartOfSpeech=RB] [Text=slowly CharacterOffsetBegin=663 CharacterOffsetEnd=669 PartOfSpeech=RB] [Text=gaining CharacterOffsetBegin=670 CharacterOffsetEnd=677 PartOfSpeech=VBG] [Text=a CharacterOffsetBegin=678 CharacterOffsetEnd=679 PartOfSpeech=DT] [Text=cult CharacterOffsetBegin=680 CharacterOffsetEnd=684 PartOfSpeech=NN] [Text=following.Nicolas CharacterOffsetBegin=685 CharacterOffsetEnd=702 PartOfSpeech=NN] [Text=Cage CharacterOffsetBegin=703 CharacterOffsetEnd=707 PartOfSpeech=NNP] [Text=is CharacterOffsetBegin=708 CharacterOffsetEnd=710 PartOfSpeech=VBZ] [Text=Michael CharacterOffsetBegin=711 CharacterOffsetEnd=718 PartOfSpeech=NNP] [Text=Williams CharacterOffsetBegin=719 CharacterOffsetEnd=727 PartOfSpeech=NNP] [Text=who CharacterOffsetBegin=728 CharacterOffsetEnd=731 PartOfSpeech=WP] [Text=is CharacterOffsetBegin=732 CharacterOffsetEnd=734 PartOfSpeech=VBZ] [Text=broke CharacterOffsetBegin=735 CharacterOffsetEnd=740 PartOfSpeech=VBN] [Text=and CharacterOffsetBegin=741 CharacterOffsetEnd=744 PartOfSpeech=CC] [Text=out CharacterOffsetBegin=745 CharacterOffsetEnd=748 PartOfSpeech=IN] [Text=of CharacterOffsetBegin=749 CharacterOffsetEnd=751 PartOfSpeech=IN] [Text=work CharacterOffsetBegin=752 CharacterOffsetEnd=756 PartOfSpeech=NN] [Text=when CharacterOffsetBegin=757 CharacterOffsetEnd=761 PartOfSpeech=WRB] [Text=he CharacterOffsetBegin=762 CharacterOffsetEnd=764 PartOfSpeech=PRP] [Text=finds CharacterOffsetBegin=765 CharacterOffsetEnd=770 PartOfSpeech=VBZ] [Text=himself CharacterOffsetBegin=771 CharacterOffsetEnd=778 PartOfSpeech=PRP] [Text=in CharacterOffsetBegin=779 CharacterOffsetEnd=781 PartOfSpeech=IN] [Text=the CharacterOffsetBegin=782 CharacterOffsetEnd=785 PartOfSpeech=DT] [Text=small CharacterOffsetBegin=786 CharacterOffsetEnd=791 PartOfSpeech=JJ] [Text=town CharacterOffsetBegin=792 CharacterOffsetEnd=796 PartOfSpeech=NN] [Text=of CharacterOffsetBegin=797 CharacterOffsetEnd=799 PartOfSpeech=IN] [Text=Red CharacterOffsetBegin=800 CharacterOffsetEnd=803 PartOfSpeech=NNP] [Text=Rock CharacterOffsetBegin=804 CharacterOffsetEnd=808 PartOfSpeech=NNP] [Text=. CharacterOffsetBegin=808 CharacterOffsetEnd=809 PartOfSpeech=.] 
root(ROOT-0, had-4)
det(film-2, The-1)
nsubj(had-4, film-2)
neg(had-4, never-3)
amod(publicity-6, much-5)
dobj(had-4, publicity-6)
prep(publicity-6, on-7)
pobj(on-7, release-8)
punct(one-24, -LRB--9)
prep(one-24, in-10)
pobj(in-10, fact-11)
nsubj(caught-14, I-12)
advmod(caught-14, first-13)
ccomp(fact-11, caught-14)
prt(caught-14, up-15)
prep(caught-14, with-16)
pobj(with-16, it-17)
prep(it-17, on-18)
pobj(on-18, TV-19)
punct(one-24, -RRB--20)
cc(-RRB--20, and-21)
cop(one-24, is-22)
advmod(one-24, therefore-23)
dep(release-8, one-24)
prep(one-24, of-25)
det(gems-29, those-26)
amod(gems-29, special-27)
amod(gems-29, little-28)
pobj(of-25, gems-29)
mark(have-32, that-30)
nsubj(have-32, you-31)
ccomp(one-24, have-32)
aux(seek-34, to-33)
xcomp(have-32, seek-34)
prt(seek-34, out-35)
cc(seek-34, but-36)
det(film-39, this-37)
amod(film-39, unique-38)
nsubj(gaining-43, film-39)
aux(gaining-43, is-40)
advmod(gaining-43, now-41)
advmod(gaining-43, slowly-42)
conj(seek-34, gaining-43)
det(Cage-47, a-44)
nn(Cage-47, cult-45)
nn(Cage-47, following.Nicolas-46)
nsubj(Williams-50, Cage-47)
cop(Williams-50, is-48)
nn(Williams-50, Michael-49)
ccomp(gaining-43, Williams-50)
nsubjpass(broke-53, who-51)
auxpass(broke-53, is-52)
rcmod(Williams-50, broke-53)
cc(broke-53, and-54)
conj(broke-53, out-55)
pcomp(out-55, of-56)
pobj(of-56, work-57)
advmod(finds-60, when-58)
nsubj(finds-60, he-59)
advcl(broke-53, finds-60)
dobj(finds-60, himself-61)
prep(finds-60, in-62)
det(town-65, the-63)
amod(town-65, small-64)
pobj(in-62, town-65)
prep(town-65, of-66)
nn(Rock-68, Red-67)
pobj(of-66, Rock-68)
punct(had-4, .-69)

Sentence #4 (34 tokens):
Mistaken for a contract killer named Lyle from Dallas he is shocked to be offered $10,000 to murder the wife of bar owner Wayne Brown (the excellent J. T. Walsh).
[Text=Mistaken CharacterOffsetBegin=814 CharacterOffsetEnd=822 PartOfSpeech=JJ] [Text=for CharacterOffsetBegin=823 CharacterOffsetEnd=826 PartOfSpeech=IN] [Text=a CharacterOffsetBegin=827 CharacterOffsetEnd=828 PartOfSpeech=DT] [Text=contract CharacterOffsetBegin=829 CharacterOffsetEnd=837 PartOfSpeech=NN] [Text=killer CharacterOffsetBegin=838 CharacterOffsetEnd=844 PartOfSpeech=NN] [Text=named CharacterOffsetBegin=845 CharacterOffsetEnd=850 PartOfSpeech=VBN] [Text=Lyle CharacterOffsetBegin=851 CharacterOffsetEnd=855 PartOfSpeech=NNP] [Text=from CharacterOffsetBegin=856 CharacterOffsetEnd=860 PartOfSpeech=IN] [Text=Dallas CharacterOffsetBegin=861 CharacterOffsetEnd=867 PartOfSpeech=NNP] [Text=he CharacterOffsetBegin=868 CharacterOffsetEnd=870 PartOfSpeech=PRP] [Text=is CharacterOffsetBegin=871 CharacterOffsetEnd=873 PartOfSpeech=VBZ] [Text=shocked CharacterOffsetBegin=874 CharacterOffsetEnd=881 PartOfSpeech=VBN] [Text=to CharacterOffsetBegin=882 CharacterOffsetEnd=884 PartOfSpeech=TO] [Text=be CharacterOffsetBegin=885 CharacterOffsetEnd=887 PartOfSpeech=VB] [Text=offered CharacterOffsetBegin=888 CharacterOffsetEnd=895 PartOfSpeech=VBN] [Text=$ CharacterOffsetBegin=896 CharacterOffsetEnd=897 PartOfSpeech=$] [Text=10,000 CharacterOffsetBegin=897 CharacterOffsetEnd=903 PartOfSpeech=CD] [Text=to CharacterOffsetBegin=904 CharacterOffsetEnd=906 PartOfSpeech=TO] [Text=murder CharacterOffsetBegin=907 CharacterOffsetEnd=913 PartOfSpeech=NN] [Text=the CharacterOffsetBegin=914 CharacterOffsetEnd=917 PartOfSpeech=DT] [Text=wife CharacterOffsetBegin=918 CharacterOffsetEnd=922 PartOfSpeech=NN] [Text=of CharacterOffsetBegin=923 CharacterOffsetEnd=925 PartOfSpeech=IN] [Text=bar CharacterOffsetBegin=926 CharacterOffsetEnd=929 PartOfSpeech=NN] [Text=owner CharacterOffsetBegin=930 CharacterOffsetEnd=935 PartOfSpeech=NN] [Text=Wayne CharacterOffsetBegin=936 CharacterOffsetEnd=941 PartOfSpeech=NNP] [Text=Brown CharacterOffsetBegin=942 CharacterOffsetEnd=947 PartOfSpeech=NNP] [Text=-LRB- CharacterOffsetBegin=948 CharacterOffsetEnd=949 PartOfSpeech=-LRB-] [Text=the CharacterOffsetBegin=949 CharacterOffsetEnd=952 PartOfSpeech=DT] [Text=excellent CharacterOffsetBegin=953 CharacterOffsetEnd=962 PartOfSpeech=JJ] [Text=J. CharacterOffsetBegin=963 CharacterOffsetEnd=965 PartOfSpeech=NNP] [Text=T. CharacterOffsetBegin=966 CharacterOffsetEnd=968 PartOfSpeech=NNP] [Text=Walsh CharacterOffsetBegin=969 CharacterOffsetEnd=974 PartOfSpeech=NNP] [Text=-RRB- CharacterOffsetBegin=974 CharacterOffsetEnd=975 PartOfSpeech=-RRB-] [Text=. CharacterOffsetBegin=975 CharacterOffsetEnd=976 PartOfSpeech=.] 
root(ROOT-0, Mistaken-1)
prep(Mistaken-1, for-2)
det(killer-5, a-3)
nn(killer-5, contract-4)
pobj(for-2, killer-5)
partmod(killer-5, named-6)
dep(named-6, Lyle-7)
prep(Lyle-7, from-8)
pobj(from-8, Dallas-9)
nsubjpass(shocked-12, he-10)
auxpass(shocked-12, is-11)
rcmod(killer-5, shocked-12)
aux(offered-15, to-13)
auxpass(offered-15, be-14)
xcomp(shocked-12, offered-15)
dobj(offered-15, $-16)
num($-16, 10,000-17)
aux(murder-19, to-18)
xcomp(offered-15, murder-19)
det(wife-21, the-20)
dobj(murder-19, wife-21)
prep(wife-21, of-22)
nn(Brown-26, bar-23)
nn(Brown-26, owner-24)
nn(Brown-26, Wayne-25)
pobj(of-22, Brown-26)
punct(Walsh-32, -LRB--27)
det(Walsh-32, the-28)
amod(Walsh-32, excellent-29)
nn(Walsh-32, J.-30)
nn(Walsh-32, T.-31)
appos(wife-21, Walsh-32)
punct(Walsh-32, -RRB--33)
punct(Mistaken-1, .-34)

Sentence #5 (67 tokens):
He plays along with the plan and decides he should go and warn Brown's wife Suzanne (Lara Flynn Boyle) but then the plot thickens and there are so many twists, turns and surprises - and double dealings - that Cage is thrown from one crisis to another and finds himself trapped in a terrible situation he can't drag himself out of!
[Text=He CharacterOffsetBegin=981 CharacterOffsetEnd=983 PartOfSpeech=PRP] [Text=plays CharacterOffsetBegin=984 CharacterOffsetEnd=989 PartOfSpeech=VBZ] [Text=along CharacterOffsetBegin=990 CharacterOffsetEnd=995 PartOfSpeech=IN] [Text=with CharacterOffsetBegin=996 CharacterOffsetEnd=1000 PartOfSpeech=IN] [Text=the CharacterOffsetBegin=1001 CharacterOffsetEnd=1004 PartOfSpeech=DT] [Text=plan CharacterOffsetBegin=1005 CharacterOffsetEnd=1009 PartOfSpeech=NN] [Text=and CharacterOffsetBegin=1010 CharacterOffsetEnd=1013 PartOfSpeech=CC] [Text=decides CharacterOffsetBegin=1014 CharacterOffsetEnd=1021 PartOfSpeech=VBZ] [Text=he CharacterOffsetBegin=1022 CharacterOffsetEnd=1024 PartOfSpeech=PRP] [Text=should CharacterOffsetBegin=1025 CharacterOffsetEnd=1031 PartOfSpeech=MD] [Text=go CharacterOffsetBegin=1032 CharacterOffsetEnd=1034 PartOfSpeech=VB] [Text=and CharacterOffsetBegin=1035 CharacterOffsetEnd=1038 PartOfSpeech=CC] [Text=warn CharacterOffsetBegin=1039 CharacterOffsetEnd=1043 PartOfSpeech=VB] [Text=Brown CharacterOffsetBegin=1044 CharacterOffsetEnd=1049 PartOfSpeech=NNP] [Text='s CharacterOffsetBegin=1049 CharacterOffsetEnd=1051 PartOfSpeech=POS] [Text=wife CharacterOffsetBegin=1052 CharacterOffsetEnd=1056 PartOfSpeech=NN] [Text=Suzanne CharacterOffsetBegin=1057 CharacterOffsetEnd=1064 PartOfSpeech=NNP] [Text=-LRB- CharacterOffsetBegin=1065 CharacterOffsetEnd=1066 PartOfSpeech=-LRB-] [Text=Lara CharacterOffsetBegin=1066 CharacterOffsetEnd=1070 PartOfSpeech=NNP] [Text=Flynn CharacterOffsetBegin=1071 CharacterOffsetEnd=1076 PartOfSpeech=NNP] [Text=Boyle CharacterOffsetBegin=1077 CharacterOffsetEnd=1082 PartOfSpeech=NNP] [Text=-RRB- CharacterOffsetBegin=1082 CharacterOffsetEnd=1083 PartOfSpeech=-RRB-] [Text=but CharacterOffsetBegin=1084 CharacterOffsetEnd=1087 PartOfSpeech=CC] [Text=then CharacterOffsetBegin=1088 CharacterOffsetEnd=1092 PartOfSpeech=RB] [Text=the CharacterOffsetBegin=1093 CharacterOffsetEnd=1096 PartOfSpeech=DT] [Text=plot CharacterOffsetBegin=1097 CharacterOffsetEnd=1101 PartOfSpeech=NN] [Text=thickens CharacterOffsetBegin=1102 CharacterOffsetEnd=1110 PartOfSpeech=VBZ] [Text=and CharacterOffsetBegin=1111 CharacterOffsetEnd=1114 PartOfSpeech=CC] [Text=there CharacterOffsetBegin=1115 CharacterOffsetEnd=1120 PartOfSpeech=EX] [Text=are CharacterOffsetBegin=1121 CharacterOffsetEnd=1124 PartOfSpeech=VBP] [Text=so CharacterOffsetBegin=1125 CharacterOffsetEnd=1127 PartOfSpeech=RB] [Text=many CharacterOffsetBegin=1128 CharacterOffsetEnd=1132 PartOfSpeech=JJ] [Text=twists CharacterOffsetBegin=1133 CharacterOffsetEnd=1139 PartOfSpeech=NNS] [Text=, CharacterOffsetBegin=1139 CharacterOffsetEnd=1140 PartOfSpeech=,] [Text=turns CharacterOffsetBegin=1141 CharacterOffsetEnd=1146 PartOfSpeech=VBZ] [Text=and CharacterOffsetBegin=1147 CharacterOffsetEnd=1150 PartOfSpeech=CC] [Text=surprises CharacterOffsetBegin=1151 CharacterOffsetEnd=1160 PartOfSpeech=NNS] [Text=- CharacterOffsetBegin=1161 CharacterOffsetEnd=1162 PartOfSpeech=:] [Text=and CharacterOffsetBegin=1163 CharacterOffsetEnd=1166 PartOfSpeech=CC] [Text=double CharacterOffsetBegin=1167 CharacterOffsetEnd=1173 PartOfSpeech=JJ] [Text=dealings CharacterOffsetBegin=1174 CharacterOffsetEnd=1182 PartOfSpeech=NNS] [Text=- CharacterOffsetBegin=1183 CharacterOffsetEnd=1184 PartOfSpeech=:] [Text=that CharacterOffsetBegin=1185 CharacterOffsetEnd=1189 PartOfSpeech=IN] [Text=Cage CharacterOffsetBegin=1190 CharacterOffsetEnd=1194 PartOfSpeech=NNP] [Text=is CharacterOffsetBegin=1195 CharacterOffsetEnd=1197 PartOfSpeech=VBZ] [Text=thrown CharacterOffsetBegin=1198 CharacterOffsetEnd=1204 PartOfSpeech=VBN] [Text=from CharacterOffsetBegin=1205 CharacterOffsetEnd=1209 PartOfSpeech=IN] [Text=one CharacterOffsetBegin=1210 CharacterOffsetEnd=1213 PartOfSpeech=CD] [Text=crisis CharacterOffsetBegin=1214 CharacterOffsetEnd=1220 PartOfSpeech=NN] [Text=to CharacterOffsetBegin=1221 CharacterOffsetEnd=1223 PartOfSpeech=TO] [Text=another CharacterOffsetBegin=1224 CharacterOffsetEnd=1231 PartOfSpeech=DT] [Text=and CharacterOffsetBegin=1232 CharacterOffsetEnd=1235 PartOfSpeech=CC] [Text=finds CharacterOffsetBegin=1236 CharacterOffsetEnd=1241 PartOfSpeech=VBZ] [Text=himself CharacterOffsetBegin=1242 CharacterOffsetEnd=1249 PartOfSpeech=PRP] [Text=trapped CharacterOffsetBegin=1250 CharacterOffsetEnd=1257 PartOfSpeech=VBN] [Text=in CharacterOffsetBegin=1258 CharacterOffsetEnd=1260 PartOfSpeech=IN] [Text=a CharacterOffsetBegin=1261 CharacterOffsetEnd=1262 PartOfSpeech=DT] [Text=terrible CharacterOffsetBegin=1263 CharacterOffsetEnd=1271 PartOfSpeech=JJ] [Text=situation CharacterOffsetBegin=1272 CharacterOffsetEnd=1281 PartOfSpeech=NN] [Text=he CharacterOffsetBegin=1282 CharacterOffsetEnd=1284 PartOfSpeech=PRP] [Text=ca CharacterOffsetBegin=1285 CharacterOffsetEnd=1287 PartOfSpeech=MD] [Text=n't CharacterOffsetBegin=1287 CharacterOffsetEnd=1290 PartOfSpeech=RB] [Text=drag CharacterOffsetBegin=1291 CharacterOffsetEnd=1295 PartOfSpeech=VB] [Text=himself CharacterOffsetBegin=1296 CharacterOffsetEnd=1303 PartOfSpeech=PRP] [Text=out CharacterOffsetBegin=1304 CharacterOffsetEnd=1307 PartOfSpeech=IN] [Text=of CharacterOffsetBegin=1308 CharacterOffsetEnd=1310 PartOfSpeech=IN] [Text=! CharacterOffsetBegin=1310 CharacterOffsetEnd=1311 PartOfSpeech=.] 
root(ROOT-0, plays-2)
nsubj(plays-2, He-1)
prt(plays-2, along-3)
prep(plays-2, with-4)
det(plan-6, the-5)
pobj(with-4, plan-6)
cc(plays-2, and-7)
conj(plays-2, decides-8)
nsubj(go-11, he-9)
aux(go-11, should-10)
ccomp(decides-8, go-11)
cc(go-11, and-12)
conj(go-11, warn-13)
poss(wife-16, Brown-14)
possessive(Brown-14, 's-15)
dobj(warn-13, wife-16)
dep(wife-16, Suzanne-17)
punct(Boyle-21, -LRB--18)
nn(Boyle-21, Lara-19)
nn(Boyle-21, Flynn-20)
appos(Suzanne-17, Boyle-21)
punct(Boyle-21, -RRB--22)
cc(go-11, but-23)
advmod(go-11, then-24)
det(plot-26, the-25)
nsubj(thickens-27, plot-26)
dep(go-11, thickens-27)
cc(thickens-27, and-28)
expl(are-30, there-29)
conj(thickens-27, are-30)
advmod(many-32, so-31)
amod(twists-33, many-32)
nsubj(are-30, twists-33)
punct(are-30, ,-34)
conj(are-30, turns-35)
cc(turns-35, and-36)
conj(turns-35, surprises-37)
punct(turns-35, --38)
cc(turns-35, and-39)
amod(dealings-41, double-40)
conj(turns-35, dealings-41)
punct(turns-35, --42)
mark(thrown-46, that-43)
nsubjpass(thrown-46, Cage-44)
auxpass(thrown-46, is-45)
ccomp(turns-35, thrown-46)
prep(thrown-46, from-47)
num(crisis-49, one-48)
pobj(from-47, crisis-49)
prep(thrown-46, to-50)
pobj(to-50, another-51)
cc(thrown-46, and-52)
conj(thrown-46, finds-53)
nsubj(trapped-55, himself-54)
dep(finds-53, trapped-55)
prep(trapped-55, in-56)
det(situation-59, a-57)
amod(situation-59, terrible-58)
pobj(in-56, situation-59)
nsubj(drag-63, he-60)
aux(drag-63, ca-61)
neg(drag-63, n't-62)
rcmod(situation-59, drag-63)
dobj(drag-63, himself-64)
prep(drag-63, out-65)
pcomp(out-65, of-66)
punct(plays-2, !-67)

Sentence #6 (29 tokens):
Then just to complicate matters even further the real Lyle turns up to carry out the contract killing (played by everyone's favourite heavy Dennis Hopper).
[Text=Then CharacterOffsetBegin=1316 CharacterOffsetEnd=1320 PartOfSpeech=RB] [Text=just CharacterOffsetBegin=1321 CharacterOffsetEnd=1325 PartOfSpeech=RB] [Text=to CharacterOffsetBegin=1326 CharacterOffsetEnd=1328 PartOfSpeech=TO] [Text=complicate CharacterOffsetBegin=1329 CharacterOffsetEnd=1339 PartOfSpeech=VB] [Text=matters CharacterOffsetBegin=1340 CharacterOffsetEnd=1347 PartOfSpeech=NNS] [Text=even CharacterOffsetBegin=1348 CharacterOffsetEnd=1352 PartOfSpeech=RB] [Text=further CharacterOffsetBegin=1353 CharacterOffsetEnd=1360 PartOfSpeech=RBR] [Text=the CharacterOffsetBegin=1361 CharacterOffsetEnd=1364 PartOfSpeech=DT] [Text=real CharacterOffsetBegin=1365 CharacterOffsetEnd=1369 PartOfSpeech=JJ] [Text=Lyle CharacterOffsetBegin=1370 CharacterOffsetEnd=1374 PartOfSpeech=NNP] [Text=turns CharacterOffsetBegin=1375 CharacterOffsetEnd=1380 PartOfSpeech=VBZ] [Text=up CharacterOffsetBegin=1381 CharacterOffsetEnd=1383 PartOfSpeech=RP] [Text=to CharacterOffsetBegin=1384 CharacterOffsetEnd=1386 PartOfSpeech=TO] [Text=carry CharacterOffsetBegin=1387 CharacterOffsetEnd=1392 PartOfSpeech=VB] [Text=out CharacterOffsetBegin=1393 CharacterOffsetEnd=1396 PartOfSpeech=RP] [Text=the CharacterOffsetBegin=1397 CharacterOffsetEnd=1400 PartOfSpeech=DT] [Text=contract CharacterOffsetBegin=1401 CharacterOffsetEnd=1409 PartOfSpeech=NN] [Text=killing CharacterOffsetBegin=1410 CharacterOffsetEnd=1417 PartOfSpeech=NN] [Text=-LRB- CharacterOffsetBegin=1418 CharacterOffsetEnd=1419 PartOfSpeech=-LRB-] [Text=played CharacterOffsetBegin=1419 CharacterOffsetEnd=1425 PartOfSpeech=VBN] [Text=by CharacterOffsetBegin=1426 CharacterOffsetEnd=1428 PartOfSpeech=IN] [Text=everyone CharacterOffsetBegin=1429 CharacterOffsetEnd=1437 PartOfSpeech=NN] [Text='s CharacterOffsetBegin=1437 CharacterOffsetEnd=1439 PartOfSpeech=POS] [Text=favourite CharacterOffsetBegin=1440 CharacterOffsetEnd=1449 PartOfSpeech=JJ] [Text=heavy CharacterOffsetBegin=1450 CharacterOffsetEnd=1455 PartOfSpeech=JJ] [Text=Dennis CharacterOffsetBegin=1456 CharacterOffsetEnd=1462 PartOfSpeech=NNP] [Text=Hopper CharacterOffsetBegin=1463 CharacterOffsetEnd=1469 PartOfSpeech=NNP] [Text=-RRB- CharacterOffsetBegin=1469 CharacterOffsetEnd=1470 PartOfSpeech=-RRB-] [Text=. CharacterOffsetBegin=1470 CharacterOffsetEnd=1471 PartOfSpeech=.] 
root(ROOT-0, complicate-4)
advmod(complicate-4, Then-1)
advmod(complicate-4, just-2)
aux(complicate-4, to-3)
dobj(complicate-4, matters-5)
advmod(further-7, even-6)
advmod(turns-11, further-7)
det(Lyle-10, the-8)
amod(Lyle-10, real-9)
nsubj(turns-11, Lyle-10)
dep(complicate-4, turns-11)
prt(turns-11, up-12)
aux(carry-14, to-13)
xcomp(turns-11, carry-14)
prt(carry-14, out-15)
det(contract-17, the-16)
dobj(carry-14, contract-17)
dep(contract-17, killing-18)
punct(played-20, -LRB--19)
dep(killing-18, played-20)
prep(played-20, by-21)
poss(Hopper-27, everyone-22)
possessive(everyone-22, 's-23)
amod(Hopper-27, favourite-24)
amod(Hopper-27, heavy-25)
nn(Hopper-27, Dennis-26)
pobj(by-21, Hopper-27)
punct(played-20, -RRB--28)
punct(complicate-4, .-29)

Sentence #7 (55 tokens):
When Hopper discovers what has happened he goes after Cage but no one could forsee the surprising events that follow.Some favourite lines from the film:Nicolas Cage (to Lara Flynn Boyle): "I hate to see an innocent woman get hurt but it's an awful lot of money".
[Text=When CharacterOffsetBegin=1476 CharacterOffsetEnd=1480 PartOfSpeech=WRB] [Text=Hopper CharacterOffsetBegin=1481 CharacterOffsetEnd=1487 PartOfSpeech=NNP] [Text=discovers CharacterOffsetBegin=1488 CharacterOffsetEnd=1497 PartOfSpeech=VBZ] [Text=what CharacterOffsetBegin=1498 CharacterOffsetEnd=1502 PartOfSpeech=WP] [Text=has CharacterOffsetBegin=1503 CharacterOffsetEnd=1506 PartOfSpeech=VBZ] [Text=happened CharacterOffsetBegin=1507 CharacterOffsetEnd=1515 PartOfSpeech=VBN] [Text=he CharacterOffsetBegin=1516 CharacterOffsetEnd=1518 PartOfSpeech=PRP] [Text=goes CharacterOffsetBegin=1519 CharacterOffsetEnd=1523 PartOfSpeech=VBZ] [Text=after CharacterOffsetBegin=1524 CharacterOffsetEnd=1529 PartOfSpeech=IN] [Text=Cage CharacterOffsetBegin=1530 CharacterOffsetEnd=1534 PartOfSpeech=NNP] [Text=but CharacterOffsetBegin=1535 CharacterOffsetEnd=1538 PartOfSpeech=CC] [Text=no CharacterOffsetBegin=1539 CharacterOffsetEnd=1541 PartOfSpeech=DT] [Text=one CharacterOffsetBegin=1542 CharacterOffsetEnd=1545 PartOfSpeech=NN] [Text=could CharacterOffsetBegin=1546 CharacterOffsetEnd=1551 PartOfSpeech=MD] [Text=forsee CharacterOffsetBegin=1552 CharacterOffsetEnd=1558 PartOfSpeech=VB] [Text=the CharacterOffsetBegin=1559 CharacterOffsetEnd=1562 PartOfSpeech=DT] [Text=surprising CharacterOffsetBegin=1563 CharacterOffsetEnd=1573 PartOfSpeech=JJ] [Text=events CharacterOffsetBegin=1574 CharacterOffsetEnd=1580 PartOfSpeech=NNS] [Text=that CharacterOffsetBegin=1581 CharacterOffsetEnd=1585 PartOfSpeech=WDT] [Text=follow.Some CharacterOffsetBegin=1586 CharacterOffsetEnd=1597 PartOfSpeech=VBP] [Text=favourite CharacterOffsetBegin=1598 CharacterOffsetEnd=1607 PartOfSpeech=JJ] [Text=lines CharacterOffsetBegin=1608 CharacterOffsetEnd=1613 PartOfSpeech=NNS] [Text=from CharacterOffsetBegin=1614 CharacterOffsetEnd=1618 PartOfSpeech=IN] [Text=the CharacterOffsetBegin=1619 CharacterOffsetEnd=1622 PartOfSpeech=DT] [Text=film CharacterOffsetBegin=1623 CharacterOffsetEnd=1627 PartOfSpeech=NN] [Text=: CharacterOffsetBegin=1627 CharacterOffsetEnd=1628 PartOfSpeech=:] [Text=Nicolas CharacterOffsetBegin=1628 CharacterOffsetEnd=1635 PartOfSpeech=NNP] [Text=Cage CharacterOffsetBegin=1636 CharacterOffsetEnd=1640 PartOfSpeech=NNP] [Text=-LRB- CharacterOffsetBegin=1641 CharacterOffsetEnd=1642 PartOfSpeech=-LRB-] [Text=to CharacterOffsetBegin=1642 CharacterOffsetEnd=1644 PartOfSpeech=TO] [Text=Lara CharacterOffsetBegin=1645 CharacterOffsetEnd=1649 PartOfSpeech=NNP] [Text=Flynn CharacterOffsetBegin=1650 CharacterOffsetEnd=1655 PartOfSpeech=NNP] [Text=Boyle CharacterOffsetBegin=1656 CharacterOffsetEnd=1661 PartOfSpeech=NNP] [Text=-RRB- CharacterOffsetBegin=1661 CharacterOffsetEnd=1662 PartOfSpeech=-RRB-] [Text=: CharacterOffsetBegin=1662 CharacterOffsetEnd=1663 PartOfSpeech=:] [Text=`` CharacterOffsetBegin=1664 CharacterOffsetEnd=1665 PartOfSpeech=``] [Text=I CharacterOffsetBegin=1665 CharacterOffsetEnd=1666 PartOfSpeech=PRP] [Text=hate CharacterOffsetBegin=1667 CharacterOffsetEnd=1671 PartOfSpeech=VBP] [Text=to CharacterOffsetBegin=1672 CharacterOffsetEnd=1674 PartOfSpeech=TO] [Text=see CharacterOffsetBegin=1675 CharacterOffsetEnd=1678 PartOfSpeech=VB] [Text=an CharacterOffsetBegin=1679 CharacterOffsetEnd=1681 PartOfSpeech=DT] [Text=innocent CharacterOffsetBegin=1682 CharacterOffsetEnd=1690 PartOfSpeech=JJ] [Text=woman CharacterOffsetBegin=1691 CharacterOffsetEnd=1696 PartOfSpeech=NN] [Text=get CharacterOffsetBegin=1697 CharacterOffsetEnd=1700 PartOfSpeech=VB] [Text=hurt CharacterOffsetBegin=1701 CharacterOffsetEnd=1705 PartOfSpeech=VBN] [Text=but CharacterOffsetBegin=1706 CharacterOffsetEnd=1709 PartOfSpeech=CC] [Text=it CharacterOffsetBegin=1710 CharacterOffsetEnd=1712 PartOfSpeech=PRP] [Text='s CharacterOffsetBegin=1712 CharacterOffsetEnd=1714 PartOfSpeech=VBZ] [Text=an CharacterOffsetBegin=1715 CharacterOffsetEnd=1717 PartOfSpeech=DT] [Text=awful CharacterOffsetBegin=1718 CharacterOffsetEnd=1723 PartOfSpeech=JJ] [Text=lot CharacterOffsetBegin=1724 CharacterOffsetEnd=1727 PartOfSpeech=NN] [Text=of CharacterOffsetBegin=1728 CharacterOffsetEnd=1730 PartOfSpeech=IN] [Text=money CharacterOffsetBegin=1731 CharacterOffsetEnd=1736 PartOfSpeech=NN] [Text='' CharacterOffsetBegin=1736 CharacterOffsetEnd=1737 PartOfSpeech=''] [Text=. CharacterOffsetBegin=1737 CharacterOffsetEnd=1738 PartOfSpeech=.] 
root(ROOT-0, discovers-3)
advmod(discovers-3, When-1)
nsubj(discovers-3, Hopper-2)
nsubj(happened-6, what-4)
aux(happened-6, has-5)
ccomp(discovers-3, happened-6)
nsubj(goes-8, he-7)
ccomp(happened-6, goes-8)
mark(forsee-15, after-9)
nsubj(forsee-15, Cage-10)
cc(Cage-10, but-11)
det(one-13, no-12)
conj(Cage-10, one-13)
aux(forsee-15, could-14)
advcl(goes-8, forsee-15)
det(events-18, the-16)
amod(events-18, surprising-17)
dobj(forsee-15, events-18)
nsubj(follow.Some-20, that-19)
rcmod(events-18, follow.Some-20)
amod(lines-22, favourite-21)
dobj(follow.Some-20, lines-22)
prep(lines-22, from-23)
det(film-25, the-24)
pobj(from-23, film-25)
punct(lines-22, :-26)
dep(lines-22, Nicolas-27)
amod(Nicolas-27, Cage-28)
punct(hate-38, -LRB--29)
prep(-LRB--29, to-30)
nn(Boyle-33, Lara-31)
nn(Boyle-33, Flynn-32)
pobj(to-30, Boyle-33)
punct(to-30, -RRB--34)
punct(hate-38, :-35)
punct(hate-38, ``-36)
nsubj(hate-38, I-37)
ccomp(Cage-28, hate-38)
aux(see-40, to-39)
xcomp(hate-38, see-40)
det(woman-43, an-41)
amod(woman-43, innocent-42)
nsubjpass(hurt-45, woman-43)
auxpass(hurt-45, get-44)
ccomp(see-40, hurt-45)
cc(hurt-45, but-46)
nsubj(lot-51, it-47)
cop(lot-51, 's-48)
det(lot-51, an-49)
amod(lot-51, awful-50)
conj(hurt-45, lot-51)
prep(lot-51, of-52)
pobj(of-52, money-53)
punct(hurt-45, ''-54)
punct(discovers-3, .-55)

Sentence #8 (12 tokens):
J.
    T. Walsh (to Cage): "Michael Williams.
[Text=J. CharacterOffsetBegin=1738 CharacterOffsetEnd=1740 PartOfSpeech=NNP] [Text=T. CharacterOffsetBegin=1745 CharacterOffsetEnd=1747 PartOfSpeech=NNP] [Text=Walsh CharacterOffsetBegin=1748 CharacterOffsetEnd=1753 PartOfSpeech=NNP] [Text=-LRB- CharacterOffsetBegin=1754 CharacterOffsetEnd=1755 PartOfSpeech=-LRB-] [Text=to CharacterOffsetBegin=1755 CharacterOffsetEnd=1757 PartOfSpeech=TO] [Text=Cage CharacterOffsetBegin=1758 CharacterOffsetEnd=1762 PartOfSpeech=NNP] [Text=-RRB- CharacterOffsetBegin=1762 CharacterOffsetEnd=1763 PartOfSpeech=-RRB-] [Text=: CharacterOffsetBegin=1763 CharacterOffsetEnd=1764 PartOfSpeech=:] [Text=`` CharacterOffsetBegin=1765 CharacterOffsetEnd=1766 PartOfSpeech=``] [Text=Michael CharacterOffsetBegin=1766 CharacterOffsetEnd=1773 PartOfSpeech=NNP] [Text=Williams CharacterOffsetBegin=1774 CharacterOffsetEnd=1782 PartOfSpeech=NNP] [Text=. CharacterOffsetBegin=1782 CharacterOffsetEnd=1783 PartOfSpeech=.] 
root(ROOT-0, Walsh-3)
nn(Walsh-3, J.-1)
nn(Walsh-3, T.-2)
punct(Williams-11, -LRB--4)
prep(Williams-11, to-5)
pobj(to-5, Cage-6)
punct(Williams-11, -RRB--7)
punct(Williams-11, :-8)
punct(Williams-11, ``-9)
nn(Williams-11, Michael-10)
dep(Walsh-3, Williams-11)
punct(Walsh-3, .-12)

Sentence #9 (24 tokens):
Well, Michael, you're going to be spending some time with us till we get to the bottom of this".
[Text=Well CharacterOffsetBegin=1788 CharacterOffsetEnd=1792 PartOfSpeech=RB] [Text=, CharacterOffsetBegin=1792 CharacterOffsetEnd=1793 PartOfSpeech=,] [Text=Michael CharacterOffsetBegin=1794 CharacterOffsetEnd=1801 PartOfSpeech=NNP] [Text=, CharacterOffsetBegin=1801 CharacterOffsetEnd=1802 PartOfSpeech=,] [Text=you CharacterOffsetBegin=1803 CharacterOffsetEnd=1806 PartOfSpeech=PRP] [Text='re CharacterOffsetBegin=1806 CharacterOffsetEnd=1809 PartOfSpeech=VBP] [Text=going CharacterOffsetBegin=1810 CharacterOffsetEnd=1815 PartOfSpeech=VBG] [Text=to CharacterOffsetBegin=1816 CharacterOffsetEnd=1818 PartOfSpeech=TO] [Text=be CharacterOffsetBegin=1819 CharacterOffsetEnd=1821 PartOfSpeech=VB] [Text=spending CharacterOffsetBegin=1822 CharacterOffsetEnd=1830 PartOfSpeech=VBG] [Text=some CharacterOffsetBegin=1831 CharacterOffsetEnd=1835 PartOfSpeech=DT] [Text=time CharacterOffsetBegin=1836 CharacterOffsetEnd=1840 PartOfSpeech=NN] [Text=with CharacterOffsetBegin=1841 CharacterOffsetEnd=1845 PartOfSpeech=IN] [Text=us CharacterOffsetBegin=1846 CharacterOffsetEnd=1848 PartOfSpeech=PRP] [Text=till CharacterOffsetBegin=1849 CharacterOffsetEnd=1853 PartOfSpeech=IN] [Text=we CharacterOffsetBegin=1854 CharacterOffsetEnd=1856 PartOfSpeech=PRP] [Text=get CharacterOffsetBegin=1857 CharacterOffsetEnd=1860 PartOfSpeech=VBP] [Text=to CharacterOffsetBegin=1861 CharacterOffsetEnd=1863 PartOfSpeech=TO] [Text=the CharacterOffsetBegin=1864 CharacterOffsetEnd=1867 PartOfSpeech=DT] [Text=bottom CharacterOffsetBegin=1868 CharacterOffsetEnd=1874 PartOfSpeech=NN] [Text=of CharacterOffsetBegin=1875 CharacterOffsetEnd=1877 PartOfSpeech=IN] [Text=this CharacterOffsetBegin=1878 CharacterOffsetEnd=1882 PartOfSpeech=DT] [Text='' CharacterOffsetBegin=1882 CharacterOffsetEnd=1883 PartOfSpeech=''] [Text=. CharacterOffsetBegin=1883 CharacterOffsetEnd=1884 PartOfSpeech=.] 
root(ROOT-0, going-7)
advmod(going-7, Well-1)
punct(going-7, ,-2)
nsubj(going-7, Michael-3)
punct(going-7, ,-4)
nsubj(going-7, you-5)
aux(going-7, 're-6)
aux(spending-10, to-8)
aux(spending-10, be-9)
xcomp(going-7, spending-10)
det(time-12, some-11)
dobj(spending-10, time-12)
prep(spending-10, with-13)
pobj(with-13, us-14)
mark(get-17, till-15)
nsubj(get-17, we-16)
advcl(going-7, get-17)
prep(get-17, to-18)
det(bottom-20, the-19)
pobj(to-18, bottom-20)
prep(bottom-20, of-21)
pobj(of-21, this-22)
punct(this-22, ''-23)
punct(going-7, .-24)

Sentence #10 (14 tokens):
Boyle (to Cage): "You're not a killer?"
[Text=Boyle CharacterOffsetBegin=1884 CharacterOffsetEnd=1889 PartOfSpeech=NNP] [Text=-LRB- CharacterOffsetBegin=1890 CharacterOffsetEnd=1891 PartOfSpeech=-LRB-] [Text=to CharacterOffsetBegin=1891 CharacterOffsetEnd=1893 PartOfSpeech=TO] [Text=Cage CharacterOffsetBegin=1894 CharacterOffsetEnd=1898 PartOfSpeech=NNP] [Text=-RRB- CharacterOffsetBegin=1898 CharacterOffsetEnd=1899 PartOfSpeech=-RRB-] [Text=: CharacterOffsetBegin=1899 CharacterOffsetEnd=1900 PartOfSpeech=:] [Text=`` CharacterOffsetBegin=1901 CharacterOffsetEnd=1902 PartOfSpeech=``] [Text=You CharacterOffsetBegin=1902 CharacterOffsetEnd=1905 PartOfSpeech=PRP] [Text='re CharacterOffsetBegin=1905 CharacterOffsetEnd=1908 PartOfSpeech=VBP] [Text=not CharacterOffsetBegin=1909 CharacterOffsetEnd=1912 PartOfSpeech=RB] [Text=a CharacterOffsetBegin=1913 CharacterOffsetEnd=1914 PartOfSpeech=DT] [Text=killer CharacterOffsetBegin=1915 CharacterOffsetEnd=1921 PartOfSpeech=NN] [Text=? CharacterOffsetBegin=1921 CharacterOffsetEnd=1922 PartOfSpeech=.] [Text='' CharacterOffsetBegin=1922 CharacterOffsetEnd=1923 PartOfSpeech=''] 
root(ROOT-0, killer-12)
nn(killer-12, Boyle-1)
punct(killer-12, -LRB--2)
prep(killer-12, to-3)
pobj(to-3, Cage-4)
punct(killer-12, -RRB--5)
punct(killer-12, :-6)
punct(killer-12, ``-7)
nsubj(killer-12, You-8)
cop(killer-12, 're-9)
neg(killer-12, not-10)
det(killer-12, a-11)
punct(killer-12, ?-13)
punct(killer-12, ''-14)

Sentence #11 (1 tokens):
.
[Text=. CharacterOffsetBegin=1923 CharacterOffsetEnd=1924 PartOfSpeech=.] 
root(ROOT-0, .-1)

Sentence #12 (9 tokens):
Cage: "That's right, no.
[Text=Cage CharacterOffsetBegin=1929 CharacterOffsetEnd=1933 PartOfSpeech=NNP] [Text=: CharacterOffsetBegin=1933 CharacterOffsetEnd=1934 PartOfSpeech=:] [Text=`` CharacterOffsetBegin=1935 CharacterOffsetEnd=1936 PartOfSpeech=``] [Text=That CharacterOffsetBegin=1936 CharacterOffsetEnd=1940 PartOfSpeech=DT] [Text='s CharacterOffsetBegin=1940 CharacterOffsetEnd=1942 PartOfSpeech=VBZ] [Text=right CharacterOffsetBegin=1943 CharacterOffsetEnd=1948 PartOfSpeech=RB] [Text=, CharacterOffsetBegin=1948 CharacterOffsetEnd=1949 PartOfSpeech=,] [Text=no CharacterOffsetBegin=1950 CharacterOffsetEnd=1952 PartOfSpeech=DT] [Text=. CharacterOffsetBegin=1952 CharacterOffsetEnd=1953 PartOfSpeech=.] 
root(ROOT-0, Cage-1)
punct(Cage-1, :-2)
punct(Cage-1, ``-3)
nsubj(right-6, That-4)
cop(right-6, 's-5)
dep(Cage-1, right-6)
punct(right-6, ,-7)
dep(right-6, no-8)
punct(Cage-1, .-9)

Sentence #13 (22 tokens):
But the guy I'm supposed to be just rode into town so you gotta get out of here".
[Text=But CharacterOffsetBegin=1958 CharacterOffsetEnd=1961 PartOfSpeech=CC] [Text=the CharacterOffsetBegin=1962 CharacterOffsetEnd=1965 PartOfSpeech=DT] [Text=guy CharacterOffsetBegin=1966 CharacterOffsetEnd=1969 PartOfSpeech=NN] [Text=I CharacterOffsetBegin=1970 CharacterOffsetEnd=1971 PartOfSpeech=PRP] [Text='m CharacterOffsetBegin=1971 CharacterOffsetEnd=1973 PartOfSpeech=VBP] [Text=supposed CharacterOffsetBegin=1974 CharacterOffsetEnd=1982 PartOfSpeech=VBN] [Text=to CharacterOffsetBegin=1983 CharacterOffsetEnd=1985 PartOfSpeech=TO] [Text=be CharacterOffsetBegin=1986 CharacterOffsetEnd=1988 PartOfSpeech=VB] [Text=just CharacterOffsetBegin=1989 CharacterOffsetEnd=1993 PartOfSpeech=RB] [Text=rode CharacterOffsetBegin=1994 CharacterOffsetEnd=1998 PartOfSpeech=VBD] [Text=into CharacterOffsetBegin=1999 CharacterOffsetEnd=2003 PartOfSpeech=IN] [Text=town CharacterOffsetBegin=2004 CharacterOffsetEnd=2008 PartOfSpeech=NN] [Text=so CharacterOffsetBegin=2009 CharacterOffsetEnd=2011 PartOfSpeech=IN] [Text=you CharacterOffsetBegin=2012 CharacterOffsetEnd=2015 PartOfSpeech=PRP] [Text=got CharacterOffsetBegin=2016 CharacterOffsetEnd=2019 PartOfSpeech=VBD] [Text=ta CharacterOffsetBegin=2019 CharacterOffsetEnd=2021 PartOfSpeech=NN] [Text=get CharacterOffsetBegin=2022 CharacterOffsetEnd=2025 PartOfSpeech=VB] [Text=out CharacterOffsetBegin=2026 CharacterOffsetEnd=2029 PartOfSpeech=IN] [Text=of CharacterOffsetBegin=2030 CharacterOffsetEnd=2032 PartOfSpeech=IN] [Text=here CharacterOffsetBegin=2033 CharacterOffsetEnd=2037 PartOfSpeech=RB] [Text='' CharacterOffsetBegin=2037 CharacterOffsetEnd=2038 PartOfSpeech=''] [Text=. CharacterOffsetBegin=2038 CharacterOffsetEnd=2039 PartOfSpeech=.] 
root(ROOT-0, But-1)
det(guy-3, the-2)
dep(But-1, guy-3)
nsubjpass(supposed-6, I-4)
auxpass(supposed-6, 'm-5)
rcmod(guy-3, supposed-6)
aux(rode-10, to-7)
auxpass(rode-10, be-8)
advmod(rode-10, just-9)
xcomp(supposed-6, rode-10)
prep(rode-10, into-11)
pobj(into-11, town-12)
mark(got-15, so-13)
nsubj(got-15, you-14)
advcl(rode-10, got-15)
nsubj(get-17, ta-16)
dep(got-15, get-17)
advmod(get-17, out-18)
prep(out-18, of-19)
pobj(of-19, here-20)
punct(get-17, ''-21)
punct(But-1, .-22)

Sentence #14 (27 tokens):
Boyle (to Cage): "O.K.
    How you're going to explain impersonating a hired killer and taking $10,000 from my husband?
    "
[Text=Boyle CharacterOffsetBegin=2039 CharacterOffsetEnd=2044 PartOfSpeech=NNP] [Text=-LRB- CharacterOffsetBegin=2045 CharacterOffsetEnd=2046 PartOfSpeech=-LRB-] [Text=to CharacterOffsetBegin=2046 CharacterOffsetEnd=2048 PartOfSpeech=TO] [Text=Cage CharacterOffsetBegin=2049 CharacterOffsetEnd=2053 PartOfSpeech=NNP] [Text=-RRB- CharacterOffsetBegin=2053 CharacterOffsetEnd=2054 PartOfSpeech=-RRB-] [Text=: CharacterOffsetBegin=2054 CharacterOffsetEnd=2055 PartOfSpeech=:] [Text=`` CharacterOffsetBegin=2056 CharacterOffsetEnd=2057 PartOfSpeech=``] [Text=O.K. CharacterOffsetBegin=2057 CharacterOffsetEnd=2061 PartOfSpeech=NNP] [Text=How CharacterOffsetBegin=2066 CharacterOffsetEnd=2069 PartOfSpeech=WRB] [Text=you CharacterOffsetBegin=2070 CharacterOffsetEnd=2073 PartOfSpeech=PRP] [Text='re CharacterOffsetBegin=2073 CharacterOffsetEnd=2076 PartOfSpeech=VBP] [Text=going CharacterOffsetBegin=2077 CharacterOffsetEnd=2082 PartOfSpeech=VBG] [Text=to CharacterOffsetBegin=2083 CharacterOffsetEnd=2085 PartOfSpeech=TO] [Text=explain CharacterOffsetBegin=2086 CharacterOffsetEnd=2093 PartOfSpeech=VB] [Text=impersonating CharacterOffsetBegin=2094 CharacterOffsetEnd=2107 PartOfSpeech=VBG] [Text=a CharacterOffsetBegin=2108 CharacterOffsetEnd=2109 PartOfSpeech=DT] [Text=hired CharacterOffsetBegin=2110 CharacterOffsetEnd=2115 PartOfSpeech=VBN] [Text=killer CharacterOffsetBegin=2116 CharacterOffsetEnd=2122 PartOfSpeech=NN] [Text=and CharacterOffsetBegin=2123 CharacterOffsetEnd=2126 PartOfSpeech=CC] [Text=taking CharacterOffsetBegin=2127 CharacterOffsetEnd=2133 PartOfSpeech=VBG] [Text=$ CharacterOffsetBegin=2134 CharacterOffsetEnd=2135 PartOfSpeech=$] [Text=10,000 CharacterOffsetBegin=2135 CharacterOffsetEnd=2141 PartOfSpeech=CD] [Text=from CharacterOffsetBegin=2142 CharacterOffsetEnd=2146 PartOfSpeech=IN] [Text=my CharacterOffsetBegin=2147 CharacterOffsetEnd=2149 PartOfSpeech=PRP$] [Text=husband CharacterOffsetBegin=2150 CharacterOffsetEnd=2157 PartOfSpeech=NN] [Text=? CharacterOffsetBegin=2157 CharacterOffsetEnd=2158 PartOfSpeech=.] [Text='' CharacterOffsetBegin=2163 CharacterOffsetEnd=2164 PartOfSpeech=''] 
root(ROOT-0, Boyle-1)
punct(Boyle-1, -LRB--2)
prep(-LRB--2, to-3)
pobj(to-3, Cage-4)
punct(to-3, -RRB--5)
punct(-RRB--5, :-6)
punct(:-6, ``-7)
dep(``-7, O.K.-8)
advmod(going-12, How-9)
nsubj(going-12, you-10)
aux(going-12, 're-11)
rcmod(O.K.-8, going-12)
aux(explain-14, to-13)
xcomp(going-12, explain-14)
ccomp(explain-14, impersonating-15)
det(killer-18, a-16)
amod(killer-18, hired-17)
dobj(impersonating-15, killer-18)
cc(impersonating-15, and-19)
conj(impersonating-15, taking-20)
dobj(taking-20, $-21)
num($-21, 10,000-22)
prep(taking-20, from-23)
poss(husband-25, my-24)
pobj(from-23, husband-25)
punct(O.K.-8, ?-26)
punct(O.K.-8, ''-27)

Sentence #15 (1 tokens):
.
[Text=. CharacterOffsetBegin=2164 CharacterOffsetEnd=2165 PartOfSpeech=.] 
root(ROOT-0, .-1)

Sentence #16 (25 tokens):
An extraordinarily entertaining little thriller (just 98 minutes) with a storyline that never lets up and powerful acting by all the principals.
[Text=An CharacterOffsetBegin=2165 CharacterOffsetEnd=2167 PartOfSpeech=DT] [Text=extraordinarily CharacterOffsetBegin=2168 CharacterOffsetEnd=2183 PartOfSpeech=RB] [Text=entertaining CharacterOffsetBegin=2184 CharacterOffsetEnd=2196 PartOfSpeech=JJ] [Text=little CharacterOffsetBegin=2197 CharacterOffsetEnd=2203 PartOfSpeech=JJ] [Text=thriller CharacterOffsetBegin=2204 CharacterOffsetEnd=2212 PartOfSpeech=NN] [Text=-LRB- CharacterOffsetBegin=2213 CharacterOffsetEnd=2214 PartOfSpeech=-LRB-] [Text=just CharacterOffsetBegin=2214 CharacterOffsetEnd=2218 PartOfSpeech=RB] [Text=98 CharacterOffsetBegin=2219 CharacterOffsetEnd=2221 PartOfSpeech=CD] [Text=minutes CharacterOffsetBegin=2222 CharacterOffsetEnd=2229 PartOfSpeech=NNS] [Text=-RRB- CharacterOffsetBegin=2229 CharacterOffsetEnd=2230 PartOfSpeech=-RRB-] [Text=with CharacterOffsetBegin=2231 CharacterOffsetEnd=2235 PartOfSpeech=IN] [Text=a CharacterOffsetBegin=2236 CharacterOffsetEnd=2237 PartOfSpeech=DT] [Text=storyline CharacterOffsetBegin=2238 CharacterOffsetEnd=2247 PartOfSpeech=NN] [Text=that CharacterOffsetBegin=2248 CharacterOffsetEnd=2252 PartOfSpeech=WDT] [Text=never CharacterOffsetBegin=2253 CharacterOffsetEnd=2258 PartOfSpeech=RB] [Text=lets CharacterOffsetBegin=2259 CharacterOffsetEnd=2263 PartOfSpeech=VBZ] [Text=up CharacterOffsetBegin=2264 CharacterOffsetEnd=2266 PartOfSpeech=RP] [Text=and CharacterOffsetBegin=2267 CharacterOffsetEnd=2270 PartOfSpeech=CC] [Text=powerful CharacterOffsetBegin=2271 CharacterOffsetEnd=2279 PartOfSpeech=JJ] [Text=acting CharacterOffsetBegin=2280 CharacterOffsetEnd=2286 PartOfSpeech=NN] [Text=by CharacterOffsetBegin=2287 CharacterOffsetEnd=2289 PartOfSpeech=IN] [Text=all CharacterOffsetBegin=2290 CharacterOffsetEnd=2293 PartOfSpeech=PDT] [Text=the CharacterOffsetBegin=2294 CharacterOffsetEnd=2297 PartOfSpeech=DT] [Text=principals CharacterOffsetBegin=2298 CharacterOffsetEnd=2308 PartOfSpeech=NNS] [Text=. CharacterOffsetBegin=2308 CharacterOffsetEnd=2309 PartOfSpeech=.] 
root(ROOT-0, thriller-5)
det(thriller-5, An-1)
advmod(entertaining-3, extraordinarily-2)
amod(thriller-5, entertaining-3)
amod(thriller-5, little-4)
punct(minutes-9, -LRB--6)
quantmod(98-8, just-7)
num(minutes-9, 98-8)
appos(thriller-5, minutes-9)
punct(minutes-9, -RRB--10)
prep(thriller-5, with-11)
det(storyline-13, a-12)
pobj(with-11, storyline-13)
nsubj(lets-16, that-14)
neg(lets-16, never-15)
rcmod(storyline-13, lets-16)
prt(lets-16, up-17)
cc(lets-16, and-18)
amod(acting-20, powerful-19)
conj(lets-16, acting-20)
prep(acting-20, by-21)
predet(principals-24, all-22)
det(principals-24, the-23)
pobj(by-21, principals-24)
punct(thriller-5, .-25)

Sentence #17 (23 tokens):
Any film featuring J. T. Walsh is O.K.
    in my book and "Red Rock West" was one of his best.
[Text=Any CharacterOffsetBegin=2314 CharacterOffsetEnd=2317 PartOfSpeech=DT] [Text=film CharacterOffsetBegin=2318 CharacterOffsetEnd=2322 PartOfSpeech=NN] [Text=featuring CharacterOffsetBegin=2323 CharacterOffsetEnd=2332 PartOfSpeech=VBG] [Text=J. CharacterOffsetBegin=2333 CharacterOffsetEnd=2335 PartOfSpeech=NNP] [Text=T. CharacterOffsetBegin=2336 CharacterOffsetEnd=2338 PartOfSpeech=NNP] [Text=Walsh CharacterOffsetBegin=2339 CharacterOffsetEnd=2344 PartOfSpeech=NNP] [Text=is CharacterOffsetBegin=2345 CharacterOffsetEnd=2347 PartOfSpeech=VBZ] [Text=O.K. CharacterOffsetBegin=2348 CharacterOffsetEnd=2352 PartOfSpeech=NNP] [Text=in CharacterOffsetBegin=2357 CharacterOffsetEnd=2359 PartOfSpeech=IN] [Text=my CharacterOffsetBegin=2360 CharacterOffsetEnd=2362 PartOfSpeech=PRP$] [Text=book CharacterOffsetBegin=2363 CharacterOffsetEnd=2367 PartOfSpeech=NN] [Text=and CharacterOffsetBegin=2368 CharacterOffsetEnd=2371 PartOfSpeech=CC] [Text=`` CharacterOffsetBegin=2372 CharacterOffsetEnd=2373 PartOfSpeech=``] [Text=Red CharacterOffsetBegin=2373 CharacterOffsetEnd=2376 PartOfSpeech=NNP] [Text=Rock CharacterOffsetBegin=2377 CharacterOffsetEnd=2381 PartOfSpeech=NNP] [Text=West CharacterOffsetBegin=2382 CharacterOffsetEnd=2386 PartOfSpeech=NNP] [Text='' CharacterOffsetBegin=2386 CharacterOffsetEnd=2387 PartOfSpeech=''] [Text=was CharacterOffsetBegin=2388 CharacterOffsetEnd=2391 PartOfSpeech=VBD] [Text=one CharacterOffsetBegin=2392 CharacterOffsetEnd=2395 PartOfSpeech=CD] [Text=of CharacterOffsetBegin=2396 CharacterOffsetEnd=2398 PartOfSpeech=IN] [Text=his CharacterOffsetBegin=2399 CharacterOffsetEnd=2402 PartOfSpeech=PRP$] [Text=best CharacterOffsetBegin=2403 CharacterOffsetEnd=2407 PartOfSpeech=JJS] [Text=. CharacterOffsetBegin=2407 CharacterOffsetEnd=2408 PartOfSpeech=.] 
root(ROOT-0, one-19)
det(film-2, Any-1)
nsubj(O.K.-8, film-2)
partmod(film-2, featuring-3)
nn(Walsh-6, J.-4)
nn(Walsh-6, T.-5)
dobj(featuring-3, Walsh-6)
cop(O.K.-8, is-7)
nsubj(one-19, O.K.-8)
prep(O.K.-8, in-9)
poss(book-11, my-10)
pobj(in-9, book-11)
cc(O.K.-8, and-12)
punct(O.K.-8, ``-13)
nn(West-16, Red-14)
nn(West-16, Rock-15)
conj(O.K.-8, West-16)
punct(West-16, ''-17)
cop(one-19, was-18)
prep(one-19, of-20)
poss(best-22, his-21)
pobj(of-20, best-22)
punct(one-19, .-23)

Sentence #18 (21 tokens):
How sad it was that this exceptional actor's career was cut tragically short by a heart attack in 1998.
[Text=How CharacterOffsetBegin=2413 CharacterOffsetEnd=2416 PartOfSpeech=WRB] [Text=sad CharacterOffsetBegin=2417 CharacterOffsetEnd=2420 PartOfSpeech=JJ] [Text=it CharacterOffsetBegin=2421 CharacterOffsetEnd=2423 PartOfSpeech=PRP] [Text=was CharacterOffsetBegin=2424 CharacterOffsetEnd=2427 PartOfSpeech=VBD] [Text=that CharacterOffsetBegin=2428 CharacterOffsetEnd=2432 PartOfSpeech=IN] [Text=this CharacterOffsetBegin=2433 CharacterOffsetEnd=2437 PartOfSpeech=DT] [Text=exceptional CharacterOffsetBegin=2438 CharacterOffsetEnd=2449 PartOfSpeech=JJ] [Text=actor CharacterOffsetBegin=2450 CharacterOffsetEnd=2455 PartOfSpeech=NN] [Text='s CharacterOffsetBegin=2455 CharacterOffsetEnd=2457 PartOfSpeech=POS] [Text=career CharacterOffsetBegin=2458 CharacterOffsetEnd=2464 PartOfSpeech=NN] [Text=was CharacterOffsetBegin=2465 CharacterOffsetEnd=2468 PartOfSpeech=VBD] [Text=cut CharacterOffsetBegin=2469 CharacterOffsetEnd=2472 PartOfSpeech=VBN] [Text=tragically CharacterOffsetBegin=2473 CharacterOffsetEnd=2483 PartOfSpeech=RB] [Text=short CharacterOffsetBegin=2484 CharacterOffsetEnd=2489 PartOfSpeech=JJ] [Text=by CharacterOffsetBegin=2490 CharacterOffsetEnd=2492 PartOfSpeech=IN] [Text=a CharacterOffsetBegin=2493 CharacterOffsetEnd=2494 PartOfSpeech=DT] [Text=heart CharacterOffsetBegin=2495 CharacterOffsetEnd=2500 PartOfSpeech=NN] [Text=attack CharacterOffsetBegin=2501 CharacterOffsetEnd=2507 PartOfSpeech=NN] [Text=in CharacterOffsetBegin=2508 CharacterOffsetEnd=2510 PartOfSpeech=IN] [Text=1998 CharacterOffsetBegin=2511 CharacterOffsetEnd=2515 PartOfSpeech=CD] [Text=. CharacterOffsetBegin=2515 CharacterOffsetEnd=2516 PartOfSpeech=.] 
root(ROOT-0, was-4)
advmod(sad-2, How-1)
dep(was-4, sad-2)
nsubj(was-4, it-3)
mark(cut-12, that-5)
det(actor-8, this-6)
amod(actor-8, exceptional-7)
poss(career-10, actor-8)
possessive(actor-8, 's-9)
nsubjpass(cut-12, career-10)
auxpass(cut-12, was-11)
ccomp(was-4, cut-12)
advmod(short-14, tragically-13)
acomp(cut-12, short-14)
prep(cut-12, by-15)
det(attack-18, a-16)
nn(attack-18, heart-17)
pobj(by-15, attack-18)
prep(attack-18, in-19)
pobj(in-19, 1998-20)
punct(was-4, .-21)

Sentence #19 (46 tokens):
The most prolific period for "film noir" was without any doubt the forties but "Red Rock West" is a good modern example of the genre and has jumped right into my "Top Ten" list of all time favourite films.
[Text=The CharacterOffsetBegin=2521 CharacterOffsetEnd=2524 PartOfSpeech=DT] [Text=most CharacterOffsetBegin=2525 CharacterOffsetEnd=2529 PartOfSpeech=RBS] [Text=prolific CharacterOffsetBegin=2530 CharacterOffsetEnd=2538 PartOfSpeech=JJ] [Text=period CharacterOffsetBegin=2539 CharacterOffsetEnd=2545 PartOfSpeech=NN] [Text=for CharacterOffsetBegin=2546 CharacterOffsetEnd=2549 PartOfSpeech=IN] [Text=`` CharacterOffsetBegin=2550 CharacterOffsetEnd=2551 PartOfSpeech=``] [Text=film CharacterOffsetBegin=2551 CharacterOffsetEnd=2555 PartOfSpeech=NN] [Text=noir CharacterOffsetBegin=2556 CharacterOffsetEnd=2560 PartOfSpeech=JJ] [Text='' CharacterOffsetBegin=2560 CharacterOffsetEnd=2561 PartOfSpeech=''] [Text=was CharacterOffsetBegin=2562 CharacterOffsetEnd=2565 PartOfSpeech=VBD] [Text=without CharacterOffsetBegin=2566 CharacterOffsetEnd=2573 PartOfSpeech=IN] [Text=any CharacterOffsetBegin=2574 CharacterOffsetEnd=2577 PartOfSpeech=DT] [Text=doubt CharacterOffsetBegin=2578 CharacterOffsetEnd=2583 PartOfSpeech=NN] [Text=the CharacterOffsetBegin=2584 CharacterOffsetEnd=2587 PartOfSpeech=DT] [Text=forties CharacterOffsetBegin=2588 CharacterOffsetEnd=2595 PartOfSpeech=NNS] [Text=but CharacterOffsetBegin=2596 CharacterOffsetEnd=2599 PartOfSpeech=CC] [Text=`` CharacterOffsetBegin=2600 CharacterOffsetEnd=2601 PartOfSpeech=``] [Text=Red CharacterOffsetBegin=2601 CharacterOffsetEnd=2604 PartOfSpeech=NNP] [Text=Rock CharacterOffsetBegin=2605 CharacterOffsetEnd=2609 PartOfSpeech=NNP] [Text=West CharacterOffsetBegin=2610 CharacterOffsetEnd=2614 PartOfSpeech=NNP] [Text='' CharacterOffsetBegin=2614 CharacterOffsetEnd=2615 PartOfSpeech=''] [Text=is CharacterOffsetBegin=2616 CharacterOffsetEnd=2618 PartOfSpeech=VBZ] [Text=a CharacterOffsetBegin=2619 CharacterOffsetEnd=2620 PartOfSpeech=DT] [Text=good CharacterOffsetBegin=2621 CharacterOffsetEnd=2625 PartOfSpeech=JJ] [Text=modern CharacterOffsetBegin=2626 CharacterOffsetEnd=2632 PartOfSpeech=JJ] [Text=example CharacterOffsetBegin=2633 CharacterOffsetEnd=2640 PartOfSpeech=NN] [Text=of CharacterOffsetBegin=2641 CharacterOffsetEnd=2643 PartOfSpeech=IN] [Text=the CharacterOffsetBegin=2644 CharacterOffsetEnd=2647 PartOfSpeech=DT] [Text=genre CharacterOffsetBegin=2648 CharacterOffsetEnd=2653 PartOfSpeech=NN] [Text=and CharacterOffsetBegin=2654 CharacterOffsetEnd=2657 PartOfSpeech=CC] [Text=has CharacterOffsetBegin=2658 CharacterOffsetEnd=2661 PartOfSpeech=VBZ] [Text=jumped CharacterOffsetBegin=2662 CharacterOffsetEnd=2668 PartOfSpeech=VBN] [Text=right CharacterOffsetBegin=2669 CharacterOffsetEnd=2674 PartOfSpeech=RB] [Text=into CharacterOffsetBegin=2675 CharacterOffsetEnd=2679 PartOfSpeech=IN] [Text=my CharacterOffsetBegin=2680 CharacterOffsetEnd=2682 PartOfSpeech=PRP$] [Text=`` CharacterOffsetBegin=2683 CharacterOffsetEnd=2684 PartOfSpeech=``] [Text=Top CharacterOffsetBegin=2684 CharacterOffsetEnd=2687 PartOfSpeech=JJ] [Text=Ten CharacterOffsetBegin=2688 CharacterOffsetEnd=2691 PartOfSpeech=CD] [Text='' CharacterOffsetBegin=2691 CharacterOffsetEnd=2692 PartOfSpeech=''] [Text=list CharacterOffsetBegin=2693 CharacterOffsetEnd=2697 PartOfSpeech=NN] [Text=of CharacterOffsetBegin=2698 CharacterOffsetEnd=2700 PartOfSpeech=IN] [Text=all CharacterOffsetBegin=2701 CharacterOffsetEnd=2704 PartOfSpeech=DT] [Text=time CharacterOffsetBegin=2705 CharacterOffsetEnd=2709 PartOfSpeech=NN] [Text=favourite CharacterOffsetBegin=2710 CharacterOffsetEnd=2719 PartOfSpeech=JJ] [Text=films CharacterOffsetBegin=2720 CharacterOffsetEnd=2725 PartOfSpeech=NNS] [Text=. CharacterOffsetBegin=2725 CharacterOffsetEnd=2726 PartOfSpeech=.] 
root(ROOT-0, was-10)
det(period-4, The-1)
advmod(prolific-3, most-2)
amod(period-4, prolific-3)
nsubj(was-10, period-4)
prep(period-4, for-5)
punct(noir-8, ``-6)
nn(noir-8, film-7)
pobj(for-5, noir-8)
punct(noir-8, ''-9)
prep(example-26, without-11)
det(doubt-13, any-12)
pobj(without-11, doubt-13)
det(forties-15, the-14)
nsubj(example-26, forties-15)
cc(forties-15, but-16)
punct(forties-15, ``-17)
nn(West-20, Red-18)
nn(West-20, Rock-19)
dep(forties-15, West-20)
punct(forties-15, ''-21)
cop(example-26, is-22)
det(example-26, a-23)
amod(example-26, good-24)
amod(example-26, modern-25)
dep(was-10, example-26)
prep(example-26, of-27)
det(genre-29, the-28)
pobj(of-27, genre-29)
cc(example-26, and-30)
aux(jumped-32, has-31)
conj(example-26, jumped-32)
advmod(into-34, right-33)
prep(jumped-32, into-34)
poss(list-40, my-35)
punct(list-40, ``-36)
amod(list-40, Top-37)
num(list-40, Ten-38)
punct(list-40, ''-39)
pobj(into-34, list-40)
prep(list-40, of-41)
det(time-43, all-42)
pobj(of-41, time-43)
amod(films-45, favourite-44)
dep(time-43, films-45)
punct(was-10, .-46)

Sentence #20 (12 tokens):
I look forward to more like this from director John Dahl.
[Text=I CharacterOffsetBegin=2731 CharacterOffsetEnd=2732 PartOfSpeech=PRP] [Text=look CharacterOffsetBegin=2733 CharacterOffsetEnd=2737 PartOfSpeech=VBP] [Text=forward CharacterOffsetBegin=2738 CharacterOffsetEnd=2745 PartOfSpeech=RB] [Text=to CharacterOffsetBegin=2746 CharacterOffsetEnd=2748 PartOfSpeech=TO] [Text=more CharacterOffsetBegin=2749 CharacterOffsetEnd=2753 PartOfSpeech=JJR] [Text=like CharacterOffsetBegin=2754 CharacterOffsetEnd=2758 PartOfSpeech=IN] [Text=this CharacterOffsetBegin=2759 CharacterOffsetEnd=2763 PartOfSpeech=DT] [Text=from CharacterOffsetBegin=2764 CharacterOffsetEnd=2768 PartOfSpeech=IN] [Text=director CharacterOffsetBegin=2769 CharacterOffsetEnd=2777 PartOfSpeech=NN] [Text=John CharacterOffsetBegin=2778 CharacterOffsetEnd=2782 PartOfSpeech=NNP] [Text=Dahl CharacterOffsetBegin=2783 CharacterOffsetEnd=2787 PartOfSpeech=NNP] [Text=. CharacterOffsetBegin=2787 CharacterOffsetEnd=2788 PartOfSpeech=.] 
root(ROOT-0, look-2)
nsubj(look-2, I-1)
advmod(look-2, forward-3)
prep(look-2, to-4)
advmod(like-6, more-5)
pcomp(to-4, like-6)
pobj(like-6, this-7)
prep(this-7, from-8)
nn(Dahl-11, director-9)
nn(Dahl-11, John-10)
pobj(from-8, Dahl-11)
punct(look-2, .-12)

Sentence #21 (2 tokens):
10/10.
[Text=10/10 CharacterOffsetBegin=2793 CharacterOffsetEnd=2798 PartOfSpeech=CD] [Text=. CharacterOffsetBegin=2798 CharacterOffsetEnd=2799 PartOfSpeech=.] 
root(ROOT-0, 10/10-1)
punct(10/10-1, .-2)

Sentence #22 (3 tokens):
Clive Roberts.
[Text=Clive CharacterOffsetBegin=2804 CharacterOffsetEnd=2809 PartOfSpeech=NNP] [Text=Roberts CharacterOffsetBegin=2810 CharacterOffsetEnd=2817 PartOfSpeech=NNP] [Text=. CharacterOffsetBegin=2817 CharacterOffsetEnd=2818 PartOfSpeech=.] 
root(ROOT-0, Roberts-2)
nn(Roberts-2, Clive-1)
punct(Roberts-2, .-3)

