Sentence #1 (43 tokens):
I'm not a Steve Carell fan however I like this movie about Dan, an advice columnist, who goes to his parents house for a stay with his kids and ends up falling in love with his brother's girlfriend.
[Text=I CharacterOffsetBegin=4 CharacterOffsetEnd=5 PartOfSpeech=PRP] [Text='m CharacterOffsetBegin=5 CharacterOffsetEnd=7 PartOfSpeech=VBP] [Text=not CharacterOffsetBegin=8 CharacterOffsetEnd=11 PartOfSpeech=RB] [Text=a CharacterOffsetBegin=12 CharacterOffsetEnd=13 PartOfSpeech=DT] [Text=Steve CharacterOffsetBegin=14 CharacterOffsetEnd=19 PartOfSpeech=NNP] [Text=Carell CharacterOffsetBegin=20 CharacterOffsetEnd=26 PartOfSpeech=NNP] [Text=fan CharacterOffsetBegin=27 CharacterOffsetEnd=30 PartOfSpeech=NN] [Text=however CharacterOffsetBegin=31 CharacterOffsetEnd=38 PartOfSpeech=RB] [Text=I CharacterOffsetBegin=39 CharacterOffsetEnd=40 PartOfSpeech=PRP] [Text=like CharacterOffsetBegin=41 CharacterOffsetEnd=45 PartOfSpeech=VBP] [Text=this CharacterOffsetBegin=46 CharacterOffsetEnd=50 PartOfSpeech=DT] [Text=movie CharacterOffsetBegin=51 CharacterOffsetEnd=56 PartOfSpeech=NN] [Text=about CharacterOffsetBegin=57 CharacterOffsetEnd=62 PartOfSpeech=IN] [Text=Dan CharacterOffsetBegin=63 CharacterOffsetEnd=66 PartOfSpeech=NNP] [Text=, CharacterOffsetBegin=66 CharacterOffsetEnd=67 PartOfSpeech=,] [Text=an CharacterOffsetBegin=68 CharacterOffsetEnd=70 PartOfSpeech=DT] [Text=advice CharacterOffsetBegin=71 CharacterOffsetEnd=77 PartOfSpeech=NN] [Text=columnist CharacterOffsetBegin=78 CharacterOffsetEnd=87 PartOfSpeech=NN] [Text=, CharacterOffsetBegin=87 CharacterOffsetEnd=88 PartOfSpeech=,] [Text=who CharacterOffsetBegin=89 CharacterOffsetEnd=92 PartOfSpeech=WP] [Text=goes CharacterOffsetBegin=93 CharacterOffsetEnd=97 PartOfSpeech=VBZ] [Text=to CharacterOffsetBegin=98 CharacterOffsetEnd=100 PartOfSpeech=TO] [Text=his CharacterOffsetBegin=101 CharacterOffsetEnd=104 PartOfSpeech=PRP$] [Text=parents CharacterOffsetBegin=105 CharacterOffsetEnd=112 PartOfSpeech=NNS] [Text=house CharacterOffsetBegin=113 CharacterOffsetEnd=118 PartOfSpeech=NN] [Text=for CharacterOffsetBegin=119 CharacterOffsetEnd=122 PartOfSpeech=IN] [Text=a CharacterOffsetBegin=123 CharacterOffsetEnd=124 PartOfSpeech=DT] [Text=stay CharacterOffsetBegin=125 CharacterOffsetEnd=129 PartOfSpeech=NN] [Text=with CharacterOffsetBegin=130 CharacterOffsetEnd=134 PartOfSpeech=IN] [Text=his CharacterOffsetBegin=135 CharacterOffsetEnd=138 PartOfSpeech=PRP$] [Text=kids CharacterOffsetBegin=139 CharacterOffsetEnd=143 PartOfSpeech=NNS] [Text=and CharacterOffsetBegin=144 CharacterOffsetEnd=147 PartOfSpeech=CC] [Text=ends CharacterOffsetBegin=148 CharacterOffsetEnd=152 PartOfSpeech=VBZ] [Text=up CharacterOffsetBegin=153 CharacterOffsetEnd=155 PartOfSpeech=RP] [Text=falling CharacterOffsetBegin=156 CharacterOffsetEnd=163 PartOfSpeech=VBG] [Text=in CharacterOffsetBegin=164 CharacterOffsetEnd=166 PartOfSpeech=IN] [Text=love CharacterOffsetBegin=167 CharacterOffsetEnd=171 PartOfSpeech=NN] [Text=with CharacterOffsetBegin=172 CharacterOffsetEnd=176 PartOfSpeech=IN] [Text=his CharacterOffsetBegin=177 CharacterOffsetEnd=180 PartOfSpeech=PRP$] [Text=brother CharacterOffsetBegin=181 CharacterOffsetEnd=188 PartOfSpeech=NN] [Text='s CharacterOffsetBegin=188 CharacterOffsetEnd=190 PartOfSpeech=POS] [Text=girlfriend CharacterOffsetBegin=191 CharacterOffsetEnd=201 PartOfSpeech=NN] [Text=. CharacterOffsetBegin=201 CharacterOffsetEnd=202 PartOfSpeech=.] 
root(ROOT-0, fan-7)
nsubj(fan-7, I-1)
cop(fan-7, 'm-2)
neg(fan-7, not-3)
det(fan-7, a-4)
nn(fan-7, Steve-5)
nn(fan-7, Carell-6)
advmod(fan-7, however-8)
nsubj(like-10, I-9)
ccomp(fan-7, like-10)
det(movie-12, this-11)
dobj(like-10, movie-12)
prep(movie-12, about-13)
pobj(about-13, Dan-14)
punct(fan-7, ,-15)
det(columnist-18, an-16)
nn(columnist-18, advice-17)
appos(fan-7, columnist-18)
punct(columnist-18, ,-19)
nsubj(goes-21, who-20)
rcmod(columnist-18, goes-21)
prep(goes-21, to-22)
poss(house-25, his-23)
nn(house-25, parents-24)
pobj(to-22, house-25)
prep(goes-21, for-26)
det(stay-28, a-27)
pobj(for-26, stay-28)
prep(stay-28, with-29)
poss(kids-31, his-30)
pobj(with-29, kids-31)
cc(goes-21, and-32)
conj(goes-21, ends-33)
prt(ends-33, up-34)
xcomp(ends-33, falling-35)
prep(falling-35, in-36)
pobj(in-36, love-37)
prep(falling-35, with-38)
poss(brother-40, his-39)
poss(girlfriend-42, brother-40)
possessive(brother-40, 's-41)
pobj(with-38, girlfriend-42)
punct(fan-7, .-43)

Sentence #2 (13 tokens):
Its a story thats been told before, but not like this.
[Text=Its CharacterOffsetBegin=207 CharacterOffsetEnd=210 PartOfSpeech=PRP$] [Text=a CharacterOffsetBegin=211 CharacterOffsetEnd=212 PartOfSpeech=DT] [Text=story CharacterOffsetBegin=213 CharacterOffsetEnd=218 PartOfSpeech=NN] [Text=thats CharacterOffsetBegin=219 CharacterOffsetEnd=224 PartOfSpeech=RB] [Text=been CharacterOffsetBegin=225 CharacterOffsetEnd=229 PartOfSpeech=VBN] [Text=told CharacterOffsetBegin=230 CharacterOffsetEnd=234 PartOfSpeech=VBN] [Text=before CharacterOffsetBegin=235 CharacterOffsetEnd=241 PartOfSpeech=IN] [Text=, CharacterOffsetBegin=241 CharacterOffsetEnd=242 PartOfSpeech=,] [Text=but CharacterOffsetBegin=243 CharacterOffsetEnd=246 PartOfSpeech=CC] [Text=not CharacterOffsetBegin=247 CharacterOffsetEnd=250 PartOfSpeech=RB] [Text=like CharacterOffsetBegin=251 CharacterOffsetEnd=255 PartOfSpeech=VB] [Text=this CharacterOffsetBegin=256 CharacterOffsetEnd=260 PartOfSpeech=DT] [Text=. CharacterOffsetBegin=260 CharacterOffsetEnd=261 PartOfSpeech=.] 
root(ROOT-0, told-6)
poss(story-3, Its-1)
det(story-3, a-2)
nsubjpass(told-6, story-3)
advmod(told-6, thats-4)
auxpass(told-6, been-5)
prep(told-6, before-7)
punct(before-7, ,-8)
cc(before-7, but-9)
neg(like-11, not-10)
conj(before-7, like-11)
dobj(like-11, this-12)
punct(told-6, .-13)

Sentence #3 (17 tokens):
There are simply too many little bits that make the film better than it should be.
[Text=There CharacterOffsetBegin=266 CharacterOffsetEnd=271 PartOfSpeech=EX] [Text=are CharacterOffsetBegin=272 CharacterOffsetEnd=275 PartOfSpeech=VBP] [Text=simply CharacterOffsetBegin=276 CharacterOffsetEnd=282 PartOfSpeech=RB] [Text=too CharacterOffsetBegin=283 CharacterOffsetEnd=286 PartOfSpeech=RB] [Text=many CharacterOffsetBegin=287 CharacterOffsetEnd=291 PartOfSpeech=JJ] [Text=little CharacterOffsetBegin=292 CharacterOffsetEnd=298 PartOfSpeech=JJ] [Text=bits CharacterOffsetBegin=299 CharacterOffsetEnd=303 PartOfSpeech=NNS] [Text=that CharacterOffsetBegin=304 CharacterOffsetEnd=308 PartOfSpeech=WDT] [Text=make CharacterOffsetBegin=309 CharacterOffsetEnd=313 PartOfSpeech=VBP] [Text=the CharacterOffsetBegin=314 CharacterOffsetEnd=317 PartOfSpeech=DT] [Text=film CharacterOffsetBegin=318 CharacterOffsetEnd=322 PartOfSpeech=NN] [Text=better CharacterOffsetBegin=323 CharacterOffsetEnd=329 PartOfSpeech=JJR] [Text=than CharacterOffsetBegin=330 CharacterOffsetEnd=334 PartOfSpeech=IN] [Text=it CharacterOffsetBegin=335 CharacterOffsetEnd=337 PartOfSpeech=PRP] [Text=should CharacterOffsetBegin=338 CharacterOffsetEnd=344 PartOfSpeech=MD] [Text=be CharacterOffsetBegin=345 CharacterOffsetEnd=347 PartOfSpeech=VB] [Text=. CharacterOffsetBegin=347 CharacterOffsetEnd=348 PartOfSpeech=.] 
root(ROOT-0, are-2)
expl(are-2, There-1)
advmod(are-2, simply-3)
advmod(many-5, too-4)
amod(bits-7, many-5)
amod(bits-7, little-6)
nsubj(are-2, bits-7)
nsubj(make-9, that-8)
rcmod(bits-7, make-9)
det(film-11, the-10)
nsubj(better-12, film-11)
xcomp(make-9, better-12)
mark(be-16, than-13)
nsubj(be-16, it-14)
aux(be-16, should-15)
ccomp(better-12, be-16)
punct(are-2, .-17)

Sentence #4 (44 tokens):
The cast is wonderful, and even if Carell is not my cup of tea, he is quite good as the widower who's suppose to know everything but finds that knowing is different than feeling and that sometimes life surprises you.
[Text=The CharacterOffsetBegin=353 CharacterOffsetEnd=356 PartOfSpeech=DT] [Text=cast CharacterOffsetBegin=357 CharacterOffsetEnd=361 PartOfSpeech=NN] [Text=is CharacterOffsetBegin=362 CharacterOffsetEnd=364 PartOfSpeech=VBZ] [Text=wonderful CharacterOffsetBegin=365 CharacterOffsetEnd=374 PartOfSpeech=JJ] [Text=, CharacterOffsetBegin=374 CharacterOffsetEnd=375 PartOfSpeech=,] [Text=and CharacterOffsetBegin=376 CharacterOffsetEnd=379 PartOfSpeech=CC] [Text=even CharacterOffsetBegin=380 CharacterOffsetEnd=384 PartOfSpeech=RB] [Text=if CharacterOffsetBegin=385 CharacterOffsetEnd=387 PartOfSpeech=IN] [Text=Carell CharacterOffsetBegin=388 CharacterOffsetEnd=394 PartOfSpeech=NNP] [Text=is CharacterOffsetBegin=395 CharacterOffsetEnd=397 PartOfSpeech=VBZ] [Text=not CharacterOffsetBegin=398 CharacterOffsetEnd=401 PartOfSpeech=RB] [Text=my CharacterOffsetBegin=402 CharacterOffsetEnd=404 PartOfSpeech=PRP$] [Text=cup CharacterOffsetBegin=405 CharacterOffsetEnd=408 PartOfSpeech=NN] [Text=of CharacterOffsetBegin=409 CharacterOffsetEnd=411 PartOfSpeech=IN] [Text=tea CharacterOffsetBegin=412 CharacterOffsetEnd=415 PartOfSpeech=NN] [Text=, CharacterOffsetBegin=415 CharacterOffsetEnd=416 PartOfSpeech=,] [Text=he CharacterOffsetBegin=417 CharacterOffsetEnd=419 PartOfSpeech=PRP] [Text=is CharacterOffsetBegin=420 CharacterOffsetEnd=422 PartOfSpeech=VBZ] [Text=quite CharacterOffsetBegin=423 CharacterOffsetEnd=428 PartOfSpeech=RB] [Text=good CharacterOffsetBegin=429 CharacterOffsetEnd=433 PartOfSpeech=JJ] [Text=as CharacterOffsetBegin=434 CharacterOffsetEnd=436 PartOfSpeech=IN] [Text=the CharacterOffsetBegin=437 CharacterOffsetEnd=440 PartOfSpeech=DT] [Text=widower CharacterOffsetBegin=441 CharacterOffsetEnd=448 PartOfSpeech=NN] [Text=who CharacterOffsetBegin=449 CharacterOffsetEnd=452 PartOfSpeech=WP] [Text='s CharacterOffsetBegin=452 CharacterOffsetEnd=454 PartOfSpeech=VBZ] [Text=suppose CharacterOffsetBegin=455 CharacterOffsetEnd=462 PartOfSpeech=VBP] [Text=to CharacterOffsetBegin=463 CharacterOffsetEnd=465 PartOfSpeech=TO] [Text=know CharacterOffsetBegin=466 CharacterOffsetEnd=470 PartOfSpeech=VB] [Text=everything CharacterOffsetBegin=471 CharacterOffsetEnd=481 PartOfSpeech=NN] [Text=but CharacterOffsetBegin=482 CharacterOffsetEnd=485 PartOfSpeech=CC] [Text=finds CharacterOffsetBegin=486 CharacterOffsetEnd=491 PartOfSpeech=VBZ] [Text=that CharacterOffsetBegin=492 CharacterOffsetEnd=496 PartOfSpeech=IN] [Text=knowing CharacterOffsetBegin=497 CharacterOffsetEnd=504 PartOfSpeech=VBG] [Text=is CharacterOffsetBegin=505 CharacterOffsetEnd=507 PartOfSpeech=VBZ] [Text=different CharacterOffsetBegin=508 CharacterOffsetEnd=517 PartOfSpeech=JJ] [Text=than CharacterOffsetBegin=518 CharacterOffsetEnd=522 PartOfSpeech=IN] [Text=feeling CharacterOffsetBegin=523 CharacterOffsetEnd=530 PartOfSpeech=NN] [Text=and CharacterOffsetBegin=531 CharacterOffsetEnd=534 PartOfSpeech=CC] [Text=that CharacterOffsetBegin=535 CharacterOffsetEnd=539 PartOfSpeech=IN] [Text=sometimes CharacterOffsetBegin=540 CharacterOffsetEnd=549 PartOfSpeech=RB] [Text=life CharacterOffsetBegin=550 CharacterOffsetEnd=554 PartOfSpeech=NN] [Text=surprises CharacterOffsetBegin=555 CharacterOffsetEnd=564 PartOfSpeech=NNS] [Text=you CharacterOffsetBegin=565 CharacterOffsetEnd=568 PartOfSpeech=PRP] [Text=. CharacterOffsetBegin=568 CharacterOffsetEnd=569 PartOfSpeech=.] 
root(ROOT-0, wonderful-4)
det(cast-2, The-1)
nsubj(wonderful-4, cast-2)
cop(wonderful-4, is-3)
punct(wonderful-4, ,-5)
cc(wonderful-4, and-6)
advmod(cup-13, even-7)
mark(cup-13, if-8)
nsubj(cup-13, Carell-9)
cop(cup-13, is-10)
neg(cup-13, not-11)
poss(cup-13, my-12)
conj(wonderful-4, cup-13)
prep(cup-13, of-14)
pobj(of-14, tea-15)
punct(wonderful-4, ,-16)
nsubj(good-20, he-17)
cop(good-20, is-18)
advmod(good-20, quite-19)
ccomp(wonderful-4, good-20)
prep(good-20, as-21)
det(widower-23, the-22)
pobj(as-21, widower-23)
nsubj(suppose-26, who-24)
cop(suppose-26, 's-25)
rcmod(widower-23, suppose-26)
aux(know-28, to-27)
xcomp(suppose-26, know-28)
dobj(know-28, everything-29)
cc(suppose-26, but-30)
conj(suppose-26, finds-31)
mark(different-35, that-32)
csubj(different-35, knowing-33)
cop(different-35, is-34)
ccomp(finds-31, different-35)
prep(different-35, than-36)
pobj(than-36, feeling-37)
cc(different-35, and-38)
mark(surprises-42, that-39)
advmod(life-41, sometimes-40)
nsubj(surprises-42, life-41)
conj(different-35, surprises-42)
dobj(surprises-42, you-43)
punct(wonderful-4, .-44)

Sentence #5 (38 tokens):
At times witty and wise in the way that an annoying Hallmark card can be, the film still some how manages to grow on you and be something more than a run of the mill film.
[Text=At CharacterOffsetBegin=574 CharacterOffsetEnd=576 PartOfSpeech=IN] [Text=times CharacterOffsetBegin=577 CharacterOffsetEnd=582 PartOfSpeech=NNS] [Text=witty CharacterOffsetBegin=583 CharacterOffsetEnd=588 PartOfSpeech=JJ] [Text=and CharacterOffsetBegin=589 CharacterOffsetEnd=592 PartOfSpeech=CC] [Text=wise CharacterOffsetBegin=593 CharacterOffsetEnd=597 PartOfSpeech=JJ] [Text=in CharacterOffsetBegin=598 CharacterOffsetEnd=600 PartOfSpeech=IN] [Text=the CharacterOffsetBegin=601 CharacterOffsetEnd=604 PartOfSpeech=DT] [Text=way CharacterOffsetBegin=605 CharacterOffsetEnd=608 PartOfSpeech=NN] [Text=that CharacterOffsetBegin=609 CharacterOffsetEnd=613 PartOfSpeech=IN] [Text=an CharacterOffsetBegin=614 CharacterOffsetEnd=616 PartOfSpeech=DT] [Text=annoying CharacterOffsetBegin=617 CharacterOffsetEnd=625 PartOfSpeech=JJ] [Text=Hallmark CharacterOffsetBegin=626 CharacterOffsetEnd=634 PartOfSpeech=NNP] [Text=card CharacterOffsetBegin=635 CharacterOffsetEnd=639 PartOfSpeech=NN] [Text=can CharacterOffsetBegin=640 CharacterOffsetEnd=643 PartOfSpeech=MD] [Text=be CharacterOffsetBegin=644 CharacterOffsetEnd=646 PartOfSpeech=VB] [Text=, CharacterOffsetBegin=646 CharacterOffsetEnd=647 PartOfSpeech=,] [Text=the CharacterOffsetBegin=648 CharacterOffsetEnd=651 PartOfSpeech=DT] [Text=film CharacterOffsetBegin=652 CharacterOffsetEnd=656 PartOfSpeech=NN] [Text=still CharacterOffsetBegin=657 CharacterOffsetEnd=662 PartOfSpeech=RB] [Text=some CharacterOffsetBegin=663 CharacterOffsetEnd=667 PartOfSpeech=DT] [Text=how CharacterOffsetBegin=668 CharacterOffsetEnd=671 PartOfSpeech=WRB] [Text=manages CharacterOffsetBegin=672 CharacterOffsetEnd=679 PartOfSpeech=VBZ] [Text=to CharacterOffsetBegin=680 CharacterOffsetEnd=682 PartOfSpeech=TO] [Text=grow CharacterOffsetBegin=683 CharacterOffsetEnd=687 PartOfSpeech=VB] [Text=on CharacterOffsetBegin=688 CharacterOffsetEnd=690 PartOfSpeech=IN] [Text=you CharacterOffsetBegin=691 CharacterOffsetEnd=694 PartOfSpeech=PRP] [Text=and CharacterOffsetBegin=695 CharacterOffsetEnd=698 PartOfSpeech=CC] [Text=be CharacterOffsetBegin=699 CharacterOffsetEnd=701 PartOfSpeech=VB] [Text=something CharacterOffsetBegin=702 CharacterOffsetEnd=711 PartOfSpeech=NN] [Text=more CharacterOffsetBegin=712 CharacterOffsetEnd=716 PartOfSpeech=JJR] [Text=than CharacterOffsetBegin=717 CharacterOffsetEnd=721 PartOfSpeech=IN] [Text=a CharacterOffsetBegin=722 CharacterOffsetEnd=723 PartOfSpeech=DT] [Text=run CharacterOffsetBegin=724 CharacterOffsetEnd=727 PartOfSpeech=NN] [Text=of CharacterOffsetBegin=728 CharacterOffsetEnd=730 PartOfSpeech=IN] [Text=the CharacterOffsetBegin=731 CharacterOffsetEnd=734 PartOfSpeech=DT] [Text=mill CharacterOffsetBegin=735 CharacterOffsetEnd=739 PartOfSpeech=NN] [Text=film CharacterOffsetBegin=740 CharacterOffsetEnd=744 PartOfSpeech=NN] [Text=. CharacterOffsetBegin=744 CharacterOffsetEnd=745 PartOfSpeech=.] 
root(ROOT-0, At-1)
pobj(At-1, times-2)
amod(times-2, witty-3)
cc(witty-3, and-4)
conj(witty-3, wise-5)
prep(witty-3, in-6)
det(way-8, the-7)
pobj(in-6, way-8)
mark(be-15, that-9)
det(card-13, an-10)
amod(card-13, annoying-11)
nn(card-13, Hallmark-12)
nsubj(be-15, card-13)
aux(be-15, can-14)
ccomp(way-8, be-15)
punct(be-15, ,-16)
det(film-18, the-17)
dobj(be-15, film-18)
advmod(some-20, still-19)
dep(film-18, some-20)
advmod(manages-22, how-21)
rcmod(some-20, manages-22)
aux(grow-24, to-23)
xcomp(manages-22, grow-24)
prep(grow-24, on-25)
pobj(on-25, you-26)
cc(grow-24, and-27)
conj(grow-24, be-28)
nsubj(be-28, something-29)
amod(something-29, more-30)
prep(more-30, than-31)
det(run-33, a-32)
pobj(than-31, run-33)
prep(run-33, of-34)
det(film-37, the-35)
nn(film-37, mill-36)
pobj(of-34, film-37)
punct(At-1, .-38)

Sentence #6 (4 tokens):
Worth a look see
[Text=Worth CharacterOffsetBegin=750 CharacterOffsetEnd=755 PartOfSpeech=NNP] [Text=a CharacterOffsetBegin=756 CharacterOffsetEnd=757 PartOfSpeech=DT] [Text=look CharacterOffsetBegin=758 CharacterOffsetEnd=762 PartOfSpeech=NN] [Text=see CharacterOffsetBegin=763 CharacterOffsetEnd=766 PartOfSpeech=VB] 
root(ROOT-0, Worth-1)
det(look-3, a-2)
dep(Worth-1, look-3)
dep(look-3, see-4)

