Sentence #1 (23 tokens):
I like David Hamilton's artistic photographs of nude women at the border of womanhood, sometimes erotic, though never pornographic.
[Text=I CharacterOffsetBegin=4 CharacterOffsetEnd=5 PartOfSpeech=PRP] [Text=like CharacterOffsetBegin=6 CharacterOffsetEnd=10 PartOfSpeech=VBP] [Text=David CharacterOffsetBegin=11 CharacterOffsetEnd=16 PartOfSpeech=NNP] [Text=Hamilton CharacterOffsetBegin=17 CharacterOffsetEnd=25 PartOfSpeech=NNP] [Text='s CharacterOffsetBegin=25 CharacterOffsetEnd=27 PartOfSpeech=POS] [Text=artistic CharacterOffsetBegin=28 CharacterOffsetEnd=36 PartOfSpeech=JJ] [Text=photographs CharacterOffsetBegin=37 CharacterOffsetEnd=48 PartOfSpeech=NNS] [Text=of CharacterOffsetBegin=49 CharacterOffsetEnd=51 PartOfSpeech=IN] [Text=nude CharacterOffsetBegin=52 CharacterOffsetEnd=56 PartOfSpeech=JJ] [Text=women CharacterOffsetBegin=57 CharacterOffsetEnd=62 PartOfSpeech=NNS] [Text=at CharacterOffsetBegin=63 CharacterOffsetEnd=65 PartOfSpeech=IN] [Text=the CharacterOffsetBegin=66 CharacterOffsetEnd=69 PartOfSpeech=DT] [Text=border CharacterOffsetBegin=70 CharacterOffsetEnd=76 PartOfSpeech=NN] [Text=of CharacterOffsetBegin=77 CharacterOffsetEnd=79 PartOfSpeech=IN] [Text=womanhood CharacterOffsetBegin=80 CharacterOffsetEnd=89 PartOfSpeech=NN] [Text=, CharacterOffsetBegin=89 CharacterOffsetEnd=90 PartOfSpeech=,] [Text=sometimes CharacterOffsetBegin=91 CharacterOffsetEnd=100 PartOfSpeech=RB] [Text=erotic CharacterOffsetBegin=101 CharacterOffsetEnd=107 PartOfSpeech=JJ] [Text=, CharacterOffsetBegin=107 CharacterOffsetEnd=108 PartOfSpeech=,] [Text=though CharacterOffsetBegin=109 CharacterOffsetEnd=115 PartOfSpeech=IN] [Text=never CharacterOffsetBegin=116 CharacterOffsetEnd=121 PartOfSpeech=RB] [Text=pornographic CharacterOffsetBegin=122 CharacterOffsetEnd=134 PartOfSpeech=JJ] [Text=. CharacterOffsetBegin=134 CharacterOffsetEnd=135 PartOfSpeech=.] 
root(ROOT-0, like-2)
nsubj(like-2, I-1)
nn(Hamilton-4, David-3)
poss(photographs-7, Hamilton-4)
possessive(Hamilton-4, 's-5)
amod(photographs-7, artistic-6)
dobj(like-2, photographs-7)
prep(photographs-7, of-8)
amod(women-10, nude-9)
pobj(of-8, women-10)
prep(photographs-7, at-11)
det(border-13, the-12)
pobj(at-11, border-13)
prep(border-13, of-14)
pobj(of-14, womanhood-15)
punct(photographs-7, ,-16)
advmod(erotic-18, sometimes-17)
amod(photographs-7, erotic-18)
punct(photographs-7, ,-19)
mark(pornographic-22, though-20)
neg(pornographic-22, never-21)
dep(photographs-7, pornographic-22)
punct(like-2, .-23)

Sentence #2 (15 tokens):
Someone else liked them, too, because my David Hamilton books were stolen.
[Text=Someone CharacterOffsetBegin=140 CharacterOffsetEnd=147 PartOfSpeech=NN] [Text=else CharacterOffsetBegin=148 CharacterOffsetEnd=152 PartOfSpeech=RB] [Text=liked CharacterOffsetBegin=153 CharacterOffsetEnd=158 PartOfSpeech=VBD] [Text=them CharacterOffsetBegin=159 CharacterOffsetEnd=163 PartOfSpeech=PRP] [Text=, CharacterOffsetBegin=163 CharacterOffsetEnd=164 PartOfSpeech=,] [Text=too CharacterOffsetBegin=165 CharacterOffsetEnd=168 PartOfSpeech=RB] [Text=, CharacterOffsetBegin=168 CharacterOffsetEnd=169 PartOfSpeech=,] [Text=because CharacterOffsetBegin=170 CharacterOffsetEnd=177 PartOfSpeech=IN] [Text=my CharacterOffsetBegin=178 CharacterOffsetEnd=180 PartOfSpeech=PRP$] [Text=David CharacterOffsetBegin=181 CharacterOffsetEnd=186 PartOfSpeech=NNP] [Text=Hamilton CharacterOffsetBegin=187 CharacterOffsetEnd=195 PartOfSpeech=NNP] [Text=books CharacterOffsetBegin=196 CharacterOffsetEnd=201 PartOfSpeech=NNS] [Text=were CharacterOffsetBegin=202 CharacterOffsetEnd=206 PartOfSpeech=VBD] [Text=stolen CharacterOffsetBegin=207 CharacterOffsetEnd=213 PartOfSpeech=VBN] [Text=. CharacterOffsetBegin=213 CharacterOffsetEnd=214 PartOfSpeech=.] 
root(ROOT-0, liked-3)
nsubj(liked-3, Someone-1)
advmod(Someone-1, else-2)
dobj(liked-3, them-4)
punct(liked-3, ,-5)
advmod(liked-3, too-6)
punct(liked-3, ,-7)
mark(stolen-14, because-8)
poss(books-12, my-9)
nn(books-12, David-10)
nn(books-12, Hamilton-11)
nsubjpass(stolen-14, books-12)
auxpass(stolen-14, were-13)
advcl(liked-3, stolen-14)
punct(liked-3, .-15)

Sentence #3 (28 tokens):
In one book were seen a few pictures of a young boy, obviously nude, intimate with a young woman older than he, also nude.
[Text=In CharacterOffsetBegin=219 CharacterOffsetEnd=221 PartOfSpeech=IN] [Text=one CharacterOffsetBegin=222 CharacterOffsetEnd=225 PartOfSpeech=CD] [Text=book CharacterOffsetBegin=226 CharacterOffsetEnd=230 PartOfSpeech=NN] [Text=were CharacterOffsetBegin=231 CharacterOffsetEnd=235 PartOfSpeech=VBD] [Text=seen CharacterOffsetBegin=236 CharacterOffsetEnd=240 PartOfSpeech=VBN] [Text=a CharacterOffsetBegin=241 CharacterOffsetEnd=242 PartOfSpeech=DT] [Text=few CharacterOffsetBegin=243 CharacterOffsetEnd=246 PartOfSpeech=JJ] [Text=pictures CharacterOffsetBegin=247 CharacterOffsetEnd=255 PartOfSpeech=NNS] [Text=of CharacterOffsetBegin=256 CharacterOffsetEnd=258 PartOfSpeech=IN] [Text=a CharacterOffsetBegin=259 CharacterOffsetEnd=260 PartOfSpeech=DT] [Text=young CharacterOffsetBegin=261 CharacterOffsetEnd=266 PartOfSpeech=JJ] [Text=boy CharacterOffsetBegin=267 CharacterOffsetEnd=270 PartOfSpeech=NN] [Text=, CharacterOffsetBegin=270 CharacterOffsetEnd=271 PartOfSpeech=,] [Text=obviously CharacterOffsetBegin=272 CharacterOffsetEnd=281 PartOfSpeech=RB] [Text=nude CharacterOffsetBegin=282 CharacterOffsetEnd=286 PartOfSpeech=JJ] [Text=, CharacterOffsetBegin=286 CharacterOffsetEnd=287 PartOfSpeech=,] [Text=intimate CharacterOffsetBegin=288 CharacterOffsetEnd=296 PartOfSpeech=JJ] [Text=with CharacterOffsetBegin=297 CharacterOffsetEnd=301 PartOfSpeech=IN] [Text=a CharacterOffsetBegin=302 CharacterOffsetEnd=303 PartOfSpeech=DT] [Text=young CharacterOffsetBegin=304 CharacterOffsetEnd=309 PartOfSpeech=JJ] [Text=woman CharacterOffsetBegin=310 CharacterOffsetEnd=315 PartOfSpeech=NN] [Text=older CharacterOffsetBegin=316 CharacterOffsetEnd=321 PartOfSpeech=JJR] [Text=than CharacterOffsetBegin=322 CharacterOffsetEnd=326 PartOfSpeech=IN] [Text=he CharacterOffsetBegin=327 CharacterOffsetEnd=329 PartOfSpeech=PRP] [Text=, CharacterOffsetBegin=329 CharacterOffsetEnd=330 PartOfSpeech=,] [Text=also CharacterOffsetBegin=331 CharacterOffsetEnd=335 PartOfSpeech=RB] [Text=nude CharacterOffsetBegin=336 CharacterOffsetEnd=340 PartOfSpeech=JJ] [Text=. CharacterOffsetBegin=340 CharacterOffsetEnd=341 PartOfSpeech=.] 
root(ROOT-0, seen-5)
prep(seen-5, In-1)
num(book-3, one-2)
pobj(In-1, book-3)
auxpass(seen-5, were-4)
det(pictures-8, a-6)
amod(pictures-8, few-7)
dobj(seen-5, pictures-8)
prep(pictures-8, of-9)
det(boy-12, a-10)
amod(boy-12, young-11)
pobj(of-9, boy-12)
punct(seen-5, ,-13)
advmod(nude-15, obviously-14)
dep(seen-5, nude-15)
punct(nude-15, ,-16)
amod(nude-15, intimate-17)
prep(intimate-17, with-18)
det(woman-21, a-19)
amod(woman-21, young-20)
pobj(with-18, woman-21)
amod(woman-21, older-22)
mark(nude-27, than-23)
nsubj(nude-27, he-24)
punct(he-24, ,-25)
advmod(nude-27, also-26)
dep(older-22, nude-27)
punct(seen-5, .-28)

Sentence #4 (9 tokens):
Though discrete, there was strong sexual connotation.
[Text=Though CharacterOffsetBegin=346 CharacterOffsetEnd=352 PartOfSpeech=IN] [Text=discrete CharacterOffsetBegin=353 CharacterOffsetEnd=361 PartOfSpeech=JJ] [Text=, CharacterOffsetBegin=361 CharacterOffsetEnd=362 PartOfSpeech=,] [Text=there CharacterOffsetBegin=363 CharacterOffsetEnd=368 PartOfSpeech=EX] [Text=was CharacterOffsetBegin=369 CharacterOffsetEnd=372 PartOfSpeech=VBD] [Text=strong CharacterOffsetBegin=373 CharacterOffsetEnd=379 PartOfSpeech=JJ] [Text=sexual CharacterOffsetBegin=380 CharacterOffsetEnd=386 PartOfSpeech=JJ] [Text=connotation CharacterOffsetBegin=387 CharacterOffsetEnd=398 PartOfSpeech=NN] [Text=. CharacterOffsetBegin=398 CharacterOffsetEnd=399 PartOfSpeech=.] 
root(ROOT-0, was-5)
mark(discrete-2, Though-1)
advcl(was-5, discrete-2)
punct(was-5, ,-3)
expl(was-5, there-4)
amod(connotation-8, strong-6)
amod(connotation-8, sexual-7)
nsubj(was-5, connotation-8)
punct(was-5, .-9)

Sentence #5 (34 tokens):
New territory for David Hamilton which proved to be either stills from the movie Tendres Cousines or perhaps photos taken on set.The art of still photography unfortunately does not automatically translate to cinematography.
[Text=New CharacterOffsetBegin=404 CharacterOffsetEnd=407 PartOfSpeech=NNP] [Text=territory CharacterOffsetBegin=408 CharacterOffsetEnd=417 PartOfSpeech=NN] [Text=for CharacterOffsetBegin=418 CharacterOffsetEnd=421 PartOfSpeech=IN] [Text=David CharacterOffsetBegin=422 CharacterOffsetEnd=427 PartOfSpeech=NNP] [Text=Hamilton CharacterOffsetBegin=428 CharacterOffsetEnd=436 PartOfSpeech=NNP] [Text=which CharacterOffsetBegin=437 CharacterOffsetEnd=442 PartOfSpeech=WDT] [Text=proved CharacterOffsetBegin=443 CharacterOffsetEnd=449 PartOfSpeech=VBD] [Text=to CharacterOffsetBegin=450 CharacterOffsetEnd=452 PartOfSpeech=TO] [Text=be CharacterOffsetBegin=453 CharacterOffsetEnd=455 PartOfSpeech=VB] [Text=either CharacterOffsetBegin=456 CharacterOffsetEnd=462 PartOfSpeech=CC] [Text=stills CharacterOffsetBegin=463 CharacterOffsetEnd=469 PartOfSpeech=NNS] [Text=from CharacterOffsetBegin=470 CharacterOffsetEnd=474 PartOfSpeech=IN] [Text=the CharacterOffsetBegin=475 CharacterOffsetEnd=478 PartOfSpeech=DT] [Text=movie CharacterOffsetBegin=479 CharacterOffsetEnd=484 PartOfSpeech=NN] [Text=Tendres CharacterOffsetBegin=485 CharacterOffsetEnd=492 PartOfSpeech=VBZ] [Text=Cousines CharacterOffsetBegin=493 CharacterOffsetEnd=501 PartOfSpeech=NNS] [Text=or CharacterOffsetBegin=502 CharacterOffsetEnd=504 PartOfSpeech=CC] [Text=perhaps CharacterOffsetBegin=505 CharacterOffsetEnd=512 PartOfSpeech=RB] [Text=photos CharacterOffsetBegin=513 CharacterOffsetEnd=519 PartOfSpeech=NNS] [Text=taken CharacterOffsetBegin=520 CharacterOffsetEnd=525 PartOfSpeech=VBN] [Text=on CharacterOffsetBegin=526 CharacterOffsetEnd=528 PartOfSpeech=IN] [Text=set.The CharacterOffsetBegin=529 CharacterOffsetEnd=536 PartOfSpeech=JJ] [Text=art CharacterOffsetBegin=537 CharacterOffsetEnd=540 PartOfSpeech=NN] [Text=of CharacterOffsetBegin=541 CharacterOffsetEnd=543 PartOfSpeech=IN] [Text=still CharacterOffsetBegin=544 CharacterOffsetEnd=549 PartOfSpeech=RB] [Text=photography CharacterOffsetBegin=550 CharacterOffsetEnd=561 PartOfSpeech=NN] [Text=unfortunately CharacterOffsetBegin=562 CharacterOffsetEnd=575 PartOfSpeech=RB] [Text=does CharacterOffsetBegin=576 CharacterOffsetEnd=580 PartOfSpeech=VBZ] [Text=not CharacterOffsetBegin=581 CharacterOffsetEnd=584 PartOfSpeech=RB] [Text=automatically CharacterOffsetBegin=585 CharacterOffsetEnd=598 PartOfSpeech=RB] [Text=translate CharacterOffsetBegin=599 CharacterOffsetEnd=608 PartOfSpeech=VB] [Text=to CharacterOffsetBegin=609 CharacterOffsetEnd=611 PartOfSpeech=TO] [Text=cinematography CharacterOffsetBegin=612 CharacterOffsetEnd=626 PartOfSpeech=NN] [Text=. CharacterOffsetBegin=626 CharacterOffsetEnd=627 PartOfSpeech=.] 
root(ROOT-0, territory-2)
nn(territory-2, New-1)
prep(territory-2, for-3)
nn(Hamilton-5, David-4)
pobj(for-3, Hamilton-5)
nsubj(proved-7, which-6)
rcmod(Hamilton-5, proved-7)
aux(be-9, to-8)
xcomp(proved-7, be-9)
preconj(stills-11, either-10)
nsubj(Cousines-16, stills-11)
prep(stills-11, from-12)
det(movie-14, the-13)
pobj(from-12, movie-14)
nn(Cousines-16, Tendres-15)
nsubj(translate-31, Cousines-16)
cc(Cousines-16, or-17)
advmod(Cousines-16, perhaps-18)
conj(Cousines-16, photos-19)
partmod(photos-19, taken-20)
prep(taken-20, on-21)
amod(art-23, set.The-22)
pobj(on-21, art-23)
prep(art-23, of-24)
advmod(photography-26, still-25)
pobj(of-24, photography-26)
advmod(translate-31, unfortunately-27)
aux(translate-31, does-28)
neg(translate-31, not-29)
advmod(translate-31, automatically-30)
ccomp(be-9, translate-31)
prep(translate-31, to-32)
pobj(to-32, cinematography-33)
punct(territory-2, .-34)

Sentence #6 (22 tokens):
Soft focus becomes out-of-focus and discrete angles become confusing, perhaps because, in motion, they cannot be considered.
[Text=Soft CharacterOffsetBegin=632 CharacterOffsetEnd=636 PartOfSpeech=JJ] [Text=focus CharacterOffsetBegin=637 CharacterOffsetEnd=642 PartOfSpeech=NN] [Text=becomes CharacterOffsetBegin=643 CharacterOffsetEnd=650 PartOfSpeech=VBZ] [Text=out-of-focus CharacterOffsetBegin=651 CharacterOffsetEnd=663 PartOfSpeech=JJ] [Text=and CharacterOffsetBegin=664 CharacterOffsetEnd=667 PartOfSpeech=CC] [Text=discrete CharacterOffsetBegin=668 CharacterOffsetEnd=676 PartOfSpeech=JJ] [Text=angles CharacterOffsetBegin=677 CharacterOffsetEnd=683 PartOfSpeech=NNS] [Text=become CharacterOffsetBegin=684 CharacterOffsetEnd=690 PartOfSpeech=VBP] [Text=confusing CharacterOffsetBegin=691 CharacterOffsetEnd=700 PartOfSpeech=JJ] [Text=, CharacterOffsetBegin=700 CharacterOffsetEnd=701 PartOfSpeech=,] [Text=perhaps CharacterOffsetBegin=702 CharacterOffsetEnd=709 PartOfSpeech=RB] [Text=because CharacterOffsetBegin=710 CharacterOffsetEnd=717 PartOfSpeech=IN] [Text=, CharacterOffsetBegin=717 CharacterOffsetEnd=718 PartOfSpeech=,] [Text=in CharacterOffsetBegin=719 CharacterOffsetEnd=721 PartOfSpeech=IN] [Text=motion CharacterOffsetBegin=722 CharacterOffsetEnd=728 PartOfSpeech=NN] [Text=, CharacterOffsetBegin=728 CharacterOffsetEnd=729 PartOfSpeech=,] [Text=they CharacterOffsetBegin=730 CharacterOffsetEnd=734 PartOfSpeech=PRP] [Text=can CharacterOffsetBegin=735 CharacterOffsetEnd=738 PartOfSpeech=MD] [Text=not CharacterOffsetBegin=738 CharacterOffsetEnd=741 PartOfSpeech=RB] [Text=be CharacterOffsetBegin=742 CharacterOffsetEnd=744 PartOfSpeech=VB] [Text=considered CharacterOffsetBegin=745 CharacterOffsetEnd=755 PartOfSpeech=VBN] [Text=. CharacterOffsetBegin=755 CharacterOffsetEnd=756 PartOfSpeech=.] 
root(ROOT-0, out-of-focus-4)
amod(focus-2, Soft-1)
nsubj(out-of-focus-4, focus-2)
cop(out-of-focus-4, becomes-3)
cc(out-of-focus-4, and-5)
amod(angles-7, discrete-6)
nsubj(confusing-9, angles-7)
cop(confusing-9, become-8)
conj(out-of-focus-4, confusing-9)
punct(out-of-focus-4, ,-10)
advmod(considered-21, perhaps-11)
mark(considered-21, because-12)
punct(considered-21, ,-13)
prep(considered-21, in-14)
pobj(in-14, motion-15)
punct(considered-21, ,-16)
nsubjpass(considered-21, they-17)
aux(considered-21, can-18)
neg(considered-21, not-19)
auxpass(considered-21, be-20)
advcl(out-of-focus-4, considered-21)
punct(out-of-focus-4, .-22)

Sentence #7 (18 tokens):
You either see it or miss it and there's no time to observe, to comprehend.
[Text=You CharacterOffsetBegin=761 CharacterOffsetEnd=764 PartOfSpeech=PRP] [Text=either CharacterOffsetBegin=765 CharacterOffsetEnd=771 PartOfSpeech=RB] [Text=see CharacterOffsetBegin=772 CharacterOffsetEnd=775 PartOfSpeech=VBP] [Text=it CharacterOffsetBegin=776 CharacterOffsetEnd=778 PartOfSpeech=PRP] [Text=or CharacterOffsetBegin=779 CharacterOffsetEnd=781 PartOfSpeech=CC] [Text=miss CharacterOffsetBegin=782 CharacterOffsetEnd=786 PartOfSpeech=VB] [Text=it CharacterOffsetBegin=787 CharacterOffsetEnd=789 PartOfSpeech=PRP] [Text=and CharacterOffsetBegin=790 CharacterOffsetEnd=793 PartOfSpeech=CC] [Text=there CharacterOffsetBegin=794 CharacterOffsetEnd=799 PartOfSpeech=EX] [Text='s CharacterOffsetBegin=799 CharacterOffsetEnd=801 PartOfSpeech=VBZ] [Text=no CharacterOffsetBegin=802 CharacterOffsetEnd=804 PartOfSpeech=DT] [Text=time CharacterOffsetBegin=805 CharacterOffsetEnd=809 PartOfSpeech=NN] [Text=to CharacterOffsetBegin=810 CharacterOffsetEnd=812 PartOfSpeech=TO] [Text=observe CharacterOffsetBegin=813 CharacterOffsetEnd=820 PartOfSpeech=VB] [Text=, CharacterOffsetBegin=820 CharacterOffsetEnd=821 PartOfSpeech=,] [Text=to CharacterOffsetBegin=822 CharacterOffsetEnd=824 PartOfSpeech=TO] [Text=comprehend CharacterOffsetBegin=825 CharacterOffsetEnd=835 PartOfSpeech=VB] [Text=. CharacterOffsetBegin=835 CharacterOffsetEnd=836 PartOfSpeech=.] 
root(ROOT-0, see-3)
nsubj(see-3, You-1)
advmod(see-3, either-2)
dobj(see-3, it-4)
cc(see-3, or-5)
conj(see-3, miss-6)
dobj(miss-6, it-7)
cc(see-3, and-8)
expl('s-10, there-9)
conj(see-3, 's-10)
det(time-12, no-11)
nsubj('s-10, time-12)
aux(observe-14, to-13)
infmod(time-12, observe-14)
punct(observe-14, ,-15)
aux(comprehend-17, to-16)
xcomp(observe-14, comprehend-17)
punct(see-3, .-18)

Sentence #8 (41 tokens):
The movie is supposed to be a farce, and funny things do happen, but it doesn't "hang together," perhaps because the story develops so slowly and one may wonder just what's going on.
[Text=The CharacterOffsetBegin=841 CharacterOffsetEnd=844 PartOfSpeech=DT] [Text=movie CharacterOffsetBegin=845 CharacterOffsetEnd=850 PartOfSpeech=NN] [Text=is CharacterOffsetBegin=851 CharacterOffsetEnd=853 PartOfSpeech=VBZ] [Text=supposed CharacterOffsetBegin=854 CharacterOffsetEnd=862 PartOfSpeech=VBN] [Text=to CharacterOffsetBegin=863 CharacterOffsetEnd=865 PartOfSpeech=TO] [Text=be CharacterOffsetBegin=866 CharacterOffsetEnd=868 PartOfSpeech=VB] [Text=a CharacterOffsetBegin=869 CharacterOffsetEnd=870 PartOfSpeech=DT] [Text=farce CharacterOffsetBegin=871 CharacterOffsetEnd=876 PartOfSpeech=NN] [Text=, CharacterOffsetBegin=876 CharacterOffsetEnd=877 PartOfSpeech=,] [Text=and CharacterOffsetBegin=878 CharacterOffsetEnd=881 PartOfSpeech=CC] [Text=funny CharacterOffsetBegin=882 CharacterOffsetEnd=887 PartOfSpeech=JJ] [Text=things CharacterOffsetBegin=888 CharacterOffsetEnd=894 PartOfSpeech=NNS] [Text=do CharacterOffsetBegin=895 CharacterOffsetEnd=897 PartOfSpeech=VBP] [Text=happen CharacterOffsetBegin=898 CharacterOffsetEnd=904 PartOfSpeech=VB] [Text=, CharacterOffsetBegin=904 CharacterOffsetEnd=905 PartOfSpeech=,] [Text=but CharacterOffsetBegin=906 CharacterOffsetEnd=909 PartOfSpeech=CC] [Text=it CharacterOffsetBegin=910 CharacterOffsetEnd=912 PartOfSpeech=PRP] [Text=does CharacterOffsetBegin=913 CharacterOffsetEnd=917 PartOfSpeech=VBZ] [Text=n't CharacterOffsetBegin=917 CharacterOffsetEnd=920 PartOfSpeech=RB] [Text=`` CharacterOffsetBegin=921 CharacterOffsetEnd=922 PartOfSpeech=``] [Text=hang CharacterOffsetBegin=922 CharacterOffsetEnd=926 PartOfSpeech=VB] [Text=together CharacterOffsetBegin=927 CharacterOffsetEnd=935 PartOfSpeech=RB] [Text=, CharacterOffsetBegin=935 CharacterOffsetEnd=936 PartOfSpeech=,] [Text='' CharacterOffsetBegin=936 CharacterOffsetEnd=937 PartOfSpeech=''] [Text=perhaps CharacterOffsetBegin=938 CharacterOffsetEnd=945 PartOfSpeech=RB] [Text=because CharacterOffsetBegin=946 CharacterOffsetEnd=953 PartOfSpeech=IN] [Text=the CharacterOffsetBegin=954 CharacterOffsetEnd=957 PartOfSpeech=DT] [Text=story CharacterOffsetBegin=958 CharacterOffsetEnd=963 PartOfSpeech=NN] [Text=develops CharacterOffsetBegin=964 CharacterOffsetEnd=972 PartOfSpeech=VBZ] [Text=so CharacterOffsetBegin=973 CharacterOffsetEnd=975 PartOfSpeech=RB] [Text=slowly CharacterOffsetBegin=976 CharacterOffsetEnd=982 PartOfSpeech=RB] [Text=and CharacterOffsetBegin=983 CharacterOffsetEnd=986 PartOfSpeech=CC] [Text=one CharacterOffsetBegin=987 CharacterOffsetEnd=990 PartOfSpeech=CD] [Text=may CharacterOffsetBegin=991 CharacterOffsetEnd=994 PartOfSpeech=MD] [Text=wonder CharacterOffsetBegin=995 CharacterOffsetEnd=1001 PartOfSpeech=VB] [Text=just CharacterOffsetBegin=1002 CharacterOffsetEnd=1006 PartOfSpeech=RB] [Text=what CharacterOffsetBegin=1007 CharacterOffsetEnd=1011 PartOfSpeech=WP] [Text='s CharacterOffsetBegin=1011 CharacterOffsetEnd=1013 PartOfSpeech=VBZ] [Text=going CharacterOffsetBegin=1014 CharacterOffsetEnd=1019 PartOfSpeech=VBG] [Text=on CharacterOffsetBegin=1020 CharacterOffsetEnd=1022 PartOfSpeech=RP] [Text=. CharacterOffsetBegin=1022 CharacterOffsetEnd=1023 PartOfSpeech=.] 
root(ROOT-0, supposed-4)
det(movie-2, The-1)
nsubjpass(supposed-4, movie-2)
auxpass(supposed-4, is-3)
aux(farce-8, to-5)
cop(farce-8, be-6)
det(farce-8, a-7)
xcomp(supposed-4, farce-8)
punct(supposed-4, ,-9)
cc(supposed-4, and-10)
amod(things-12, funny-11)
nsubj(happen-14, things-12)
aux(happen-14, do-13)
conj(supposed-4, happen-14)
punct(supposed-4, ,-15)
cc(supposed-4, but-16)
nsubj(hang-21, it-17)
aux(hang-21, does-18)
neg(hang-21, n't-19)
punct(hang-21, ``-20)
conj(supposed-4, hang-21)
advmod(hang-21, together-22)
punct(supposed-4, ,-23)
punct(supposed-4, ''-24)
advmod(develops-29, perhaps-25)
mark(develops-29, because-26)
det(story-28, the-27)
nsubj(develops-29, story-28)
advcl(supposed-4, develops-29)
advmod(slowly-31, so-30)
advmod(develops-29, slowly-31)
cc(slowly-31, and-32)
conj(slowly-31, one-33)
aux(wonder-35, may-34)
ccomp(develops-29, wonder-35)
advmod(going-39, just-36)
nsubj(going-39, what-37)
aux(going-39, 's-38)
ccomp(wonder-35, going-39)
prt(going-39, on-40)
punct(supposed-4, .-41)

Sentence #9 (25 tokens):
Eventually, the 14-year-old Julien has intercourse with his cousin, but it's soft core, with no genital contact shown on camera.
[Text=Eventually CharacterOffsetBegin=1028 CharacterOffsetEnd=1038 PartOfSpeech=RB] [Text=, CharacterOffsetBegin=1038 CharacterOffsetEnd=1039 PartOfSpeech=,] [Text=the CharacterOffsetBegin=1040 CharacterOffsetEnd=1043 PartOfSpeech=DT] [Text=14-year-old CharacterOffsetBegin=1044 CharacterOffsetEnd=1055 PartOfSpeech=JJ] [Text=Julien CharacterOffsetBegin=1056 CharacterOffsetEnd=1062 PartOfSpeech=NNP] [Text=has CharacterOffsetBegin=1063 CharacterOffsetEnd=1066 PartOfSpeech=VBZ] [Text=intercourse CharacterOffsetBegin=1067 CharacterOffsetEnd=1078 PartOfSpeech=NN] [Text=with CharacterOffsetBegin=1079 CharacterOffsetEnd=1083 PartOfSpeech=IN] [Text=his CharacterOffsetBegin=1084 CharacterOffsetEnd=1087 PartOfSpeech=PRP$] [Text=cousin CharacterOffsetBegin=1088 CharacterOffsetEnd=1094 PartOfSpeech=NN] [Text=, CharacterOffsetBegin=1094 CharacterOffsetEnd=1095 PartOfSpeech=,] [Text=but CharacterOffsetBegin=1096 CharacterOffsetEnd=1099 PartOfSpeech=CC] [Text=it CharacterOffsetBegin=1100 CharacterOffsetEnd=1102 PartOfSpeech=PRP] [Text='s CharacterOffsetBegin=1102 CharacterOffsetEnd=1104 PartOfSpeech=VBZ] [Text=soft CharacterOffsetBegin=1105 CharacterOffsetEnd=1109 PartOfSpeech=JJ] [Text=core CharacterOffsetBegin=1110 CharacterOffsetEnd=1114 PartOfSpeech=NN] [Text=, CharacterOffsetBegin=1114 CharacterOffsetEnd=1115 PartOfSpeech=,] [Text=with CharacterOffsetBegin=1116 CharacterOffsetEnd=1120 PartOfSpeech=IN] [Text=no CharacterOffsetBegin=1121 CharacterOffsetEnd=1123 PartOfSpeech=DT] [Text=genital CharacterOffsetBegin=1124 CharacterOffsetEnd=1131 PartOfSpeech=JJ] [Text=contact CharacterOffsetBegin=1132 CharacterOffsetEnd=1139 PartOfSpeech=NN] [Text=shown CharacterOffsetBegin=1140 CharacterOffsetEnd=1145 PartOfSpeech=VBN] [Text=on CharacterOffsetBegin=1146 CharacterOffsetEnd=1148 PartOfSpeech=IN] [Text=camera CharacterOffsetBegin=1149 CharacterOffsetEnd=1155 PartOfSpeech=NN] [Text=. CharacterOffsetBegin=1155 CharacterOffsetEnd=1156 PartOfSpeech=.] 
root(ROOT-0, has-6)
advmod(has-6, Eventually-1)
punct(has-6, ,-2)
det(Julien-5, the-3)
amod(Julien-5, 14-year-old-4)
nsubj(has-6, Julien-5)
dobj(has-6, intercourse-7)
prep(has-6, with-8)
poss(cousin-10, his-9)
pobj(with-8, cousin-10)
punct(has-6, ,-11)
cc(has-6, but-12)
nsubj(core-16, it-13)
cop(core-16, 's-14)
amod(core-16, soft-15)
conj(has-6, core-16)
punct(core-16, ,-17)
prep(core-16, with-18)
det(contact-21, no-19)
amod(contact-21, genital-20)
pobj(with-18, contact-21)
partmod(contact-21, shown-22)
prep(shown-22, on-23)
pobj(on-23, camera-24)
punct(has-6, .-25)

Sentence #10 (38 tokens):
Since it's a farce, we have a disappointing virgin and an embarrassing caught in the act gag and, having caught them, Julien's father even gives him a cigarette to complete the experience.
[Text=Since CharacterOffsetBegin=1161 CharacterOffsetEnd=1166 PartOfSpeech=IN] [Text=it CharacterOffsetBegin=1167 CharacterOffsetEnd=1169 PartOfSpeech=PRP] [Text='s CharacterOffsetBegin=1169 CharacterOffsetEnd=1171 PartOfSpeech=VBZ] [Text=a CharacterOffsetBegin=1172 CharacterOffsetEnd=1173 PartOfSpeech=DT] [Text=farce CharacterOffsetBegin=1174 CharacterOffsetEnd=1179 PartOfSpeech=NN] [Text=, CharacterOffsetBegin=1179 CharacterOffsetEnd=1180 PartOfSpeech=,] [Text=we CharacterOffsetBegin=1181 CharacterOffsetEnd=1183 PartOfSpeech=PRP] [Text=have CharacterOffsetBegin=1184 CharacterOffsetEnd=1188 PartOfSpeech=VBP] [Text=a CharacterOffsetBegin=1189 CharacterOffsetEnd=1190 PartOfSpeech=DT] [Text=disappointing CharacterOffsetBegin=1191 CharacterOffsetEnd=1204 PartOfSpeech=JJ] [Text=virgin CharacterOffsetBegin=1205 CharacterOffsetEnd=1211 PartOfSpeech=JJ] [Text=and CharacterOffsetBegin=1212 CharacterOffsetEnd=1215 PartOfSpeech=CC] [Text=an CharacterOffsetBegin=1216 CharacterOffsetEnd=1218 PartOfSpeech=DT] [Text=embarrassing CharacterOffsetBegin=1219 CharacterOffsetEnd=1231 PartOfSpeech=JJ] [Text=caught CharacterOffsetBegin=1232 CharacterOffsetEnd=1238 PartOfSpeech=VBN] [Text=in CharacterOffsetBegin=1239 CharacterOffsetEnd=1241 PartOfSpeech=IN] [Text=the CharacterOffsetBegin=1242 CharacterOffsetEnd=1245 PartOfSpeech=DT] [Text=act CharacterOffsetBegin=1246 CharacterOffsetEnd=1249 PartOfSpeech=NN] [Text=gag CharacterOffsetBegin=1250 CharacterOffsetEnd=1253 PartOfSpeech=NN] [Text=and CharacterOffsetBegin=1254 CharacterOffsetEnd=1257 PartOfSpeech=CC] [Text=, CharacterOffsetBegin=1257 CharacterOffsetEnd=1258 PartOfSpeech=,] [Text=having CharacterOffsetBegin=1259 CharacterOffsetEnd=1265 PartOfSpeech=VBG] [Text=caught CharacterOffsetBegin=1266 CharacterOffsetEnd=1272 PartOfSpeech=VBN] [Text=them CharacterOffsetBegin=1273 CharacterOffsetEnd=1277 PartOfSpeech=PRP] [Text=, CharacterOffsetBegin=1277 CharacterOffsetEnd=1278 PartOfSpeech=,] [Text=Julien CharacterOffsetBegin=1279 CharacterOffsetEnd=1285 PartOfSpeech=NNP] [Text='s CharacterOffsetBegin=1285 CharacterOffsetEnd=1287 PartOfSpeech=POS] [Text=father CharacterOffsetBegin=1288 CharacterOffsetEnd=1294 PartOfSpeech=NN] [Text=even CharacterOffsetBegin=1295 CharacterOffsetEnd=1299 PartOfSpeech=RB] [Text=gives CharacterOffsetBegin=1300 CharacterOffsetEnd=1305 PartOfSpeech=VBZ] [Text=him CharacterOffsetBegin=1306 CharacterOffsetEnd=1309 PartOfSpeech=PRP] [Text=a CharacterOffsetBegin=1310 CharacterOffsetEnd=1311 PartOfSpeech=DT] [Text=cigarette CharacterOffsetBegin=1312 CharacterOffsetEnd=1321 PartOfSpeech=NN] [Text=to CharacterOffsetBegin=1322 CharacterOffsetEnd=1324 PartOfSpeech=TO] [Text=complete CharacterOffsetBegin=1325 CharacterOffsetEnd=1333 PartOfSpeech=VB] [Text=the CharacterOffsetBegin=1334 CharacterOffsetEnd=1337 PartOfSpeech=DT] [Text=experience CharacterOffsetBegin=1338 CharacterOffsetEnd=1348 PartOfSpeech=NN] [Text=. CharacterOffsetBegin=1348 CharacterOffsetEnd=1349 PartOfSpeech=.] 
root(ROOT-0, have-8)
mark(farce-5, Since-1)
nsubj(farce-5, it-2)
cop(farce-5, 's-3)
det(farce-5, a-4)
advcl(have-8, farce-5)
punct(have-8, ,-6)
nsubj(have-8, we-7)
det(virgin-11, a-9)
amod(virgin-11, disappointing-10)
dobj(have-8, virgin-11)
cc(virgin-11, and-12)
det(embarrassing-14, an-13)
conj(virgin-11, embarrassing-14)
partmod(embarrassing-14, caught-15)
prep(caught-15, in-16)
det(gag-19, the-17)
nn(gag-19, act-18)
pobj(in-16, gag-19)
cc(caught-15, and-20)
punct(caught-15, ,-21)
aux(caught-23, having-22)
conj(caught-15, caught-23)
dobj(caught-23, them-24)
punct(caught-15, ,-25)
poss(father-28, Julien-26)
possessive(Julien-26, 's-27)
nsubj(gives-30, father-28)
advmod(gives-30, even-29)
ccomp(caught-15, gives-30)
iobj(gives-30, him-31)
det(cigarette-33, a-32)
dobj(gives-30, cigarette-33)
aux(complete-35, to-34)
infmod(cigarette-33, complete-35)
det(experience-37, the-36)
dobj(complete-35, experience-37)
punct(have-8, .-38)

Sentence #11 (61 tokens):
In fairness, the film is in French and conforms to French cinematic forms, which may just be too subtle for most Americans even with English subtitles to help us Phillistines along.It's been suggested that this film is child pornography and that certainly results from today's climate where sexual exploitation of children is clearly a serious problem.
[Text=In CharacterOffsetBegin=1354 CharacterOffsetEnd=1356 PartOfSpeech=IN] [Text=fairness CharacterOffsetBegin=1357 CharacterOffsetEnd=1365 PartOfSpeech=NN] [Text=, CharacterOffsetBegin=1365 CharacterOffsetEnd=1366 PartOfSpeech=,] [Text=the CharacterOffsetBegin=1367 CharacterOffsetEnd=1370 PartOfSpeech=DT] [Text=film CharacterOffsetBegin=1371 CharacterOffsetEnd=1375 PartOfSpeech=NN] [Text=is CharacterOffsetBegin=1376 CharacterOffsetEnd=1378 PartOfSpeech=VBZ] [Text=in CharacterOffsetBegin=1379 CharacterOffsetEnd=1381 PartOfSpeech=IN] [Text=French CharacterOffsetBegin=1382 CharacterOffsetEnd=1388 PartOfSpeech=JJ] [Text=and CharacterOffsetBegin=1389 CharacterOffsetEnd=1392 PartOfSpeech=CC] [Text=conforms CharacterOffsetBegin=1393 CharacterOffsetEnd=1401 PartOfSpeech=VBZ] [Text=to CharacterOffsetBegin=1402 CharacterOffsetEnd=1404 PartOfSpeech=TO] [Text=French CharacterOffsetBegin=1405 CharacterOffsetEnd=1411 PartOfSpeech=JJ] [Text=cinematic CharacterOffsetBegin=1412 CharacterOffsetEnd=1421 PartOfSpeech=JJ] [Text=forms CharacterOffsetBegin=1422 CharacterOffsetEnd=1427 PartOfSpeech=NNS] [Text=, CharacterOffsetBegin=1427 CharacterOffsetEnd=1428 PartOfSpeech=,] [Text=which CharacterOffsetBegin=1429 CharacterOffsetEnd=1434 PartOfSpeech=WDT] [Text=may CharacterOffsetBegin=1435 CharacterOffsetEnd=1438 PartOfSpeech=MD] [Text=just CharacterOffsetBegin=1439 CharacterOffsetEnd=1443 PartOfSpeech=RB] [Text=be CharacterOffsetBegin=1444 CharacterOffsetEnd=1446 PartOfSpeech=VB] [Text=too CharacterOffsetBegin=1447 CharacterOffsetEnd=1450 PartOfSpeech=RB] [Text=subtle CharacterOffsetBegin=1451 CharacterOffsetEnd=1457 PartOfSpeech=JJ] [Text=for CharacterOffsetBegin=1458 CharacterOffsetEnd=1461 PartOfSpeech=IN] [Text=most CharacterOffsetBegin=1462 CharacterOffsetEnd=1466 PartOfSpeech=JJS] [Text=Americans CharacterOffsetBegin=1467 CharacterOffsetEnd=1476 PartOfSpeech=NNPS] [Text=even CharacterOffsetBegin=1477 CharacterOffsetEnd=1481 PartOfSpeech=RB] [Text=with CharacterOffsetBegin=1482 CharacterOffsetEnd=1486 PartOfSpeech=IN] [Text=English CharacterOffsetBegin=1487 CharacterOffsetEnd=1494 PartOfSpeech=JJ] [Text=subtitles CharacterOffsetBegin=1495 CharacterOffsetEnd=1504 PartOfSpeech=NNS] [Text=to CharacterOffsetBegin=1505 CharacterOffsetEnd=1507 PartOfSpeech=TO] [Text=help CharacterOffsetBegin=1508 CharacterOffsetEnd=1512 PartOfSpeech=VB] [Text=us CharacterOffsetBegin=1513 CharacterOffsetEnd=1515 PartOfSpeech=PRP] [Text=Phillistines CharacterOffsetBegin=1516 CharacterOffsetEnd=1528 PartOfSpeech=NNPS] [Text=along.It CharacterOffsetBegin=1529 CharacterOffsetEnd=1537 PartOfSpeech=NNP] [Text='s CharacterOffsetBegin=1537 CharacterOffsetEnd=1539 PartOfSpeech=POS] [Text=been CharacterOffsetBegin=1540 CharacterOffsetEnd=1544 PartOfSpeech=VBN] [Text=suggested CharacterOffsetBegin=1545 CharacterOffsetEnd=1554 PartOfSpeech=VBN] [Text=that CharacterOffsetBegin=1555 CharacterOffsetEnd=1559 PartOfSpeech=IN] [Text=this CharacterOffsetBegin=1560 CharacterOffsetEnd=1564 PartOfSpeech=DT] [Text=film CharacterOffsetBegin=1565 CharacterOffsetEnd=1569 PartOfSpeech=NN] [Text=is CharacterOffsetBegin=1570 CharacterOffsetEnd=1572 PartOfSpeech=VBZ] [Text=child CharacterOffsetBegin=1573 CharacterOffsetEnd=1578 PartOfSpeech=NN] [Text=pornography CharacterOffsetBegin=1579 CharacterOffsetEnd=1590 PartOfSpeech=NN] [Text=and CharacterOffsetBegin=1591 CharacterOffsetEnd=1594 PartOfSpeech=CC] [Text=that CharacterOffsetBegin=1595 CharacterOffsetEnd=1599 PartOfSpeech=IN] [Text=certainly CharacterOffsetBegin=1600 CharacterOffsetEnd=1609 PartOfSpeech=RB] [Text=results CharacterOffsetBegin=1610 CharacterOffsetEnd=1617 PartOfSpeech=VBZ] [Text=from CharacterOffsetBegin=1618 CharacterOffsetEnd=1622 PartOfSpeech=IN] [Text=today CharacterOffsetBegin=1623 CharacterOffsetEnd=1628 PartOfSpeech=NN] [Text='s CharacterOffsetBegin=1628 CharacterOffsetEnd=1630 PartOfSpeech=POS] [Text=climate CharacterOffsetBegin=1631 CharacterOffsetEnd=1638 PartOfSpeech=NN] [Text=where CharacterOffsetBegin=1639 CharacterOffsetEnd=1644 PartOfSpeech=WRB] [Text=sexual CharacterOffsetBegin=1645 CharacterOffsetEnd=1651 PartOfSpeech=JJ] [Text=exploitation CharacterOffsetBegin=1652 CharacterOffsetEnd=1664 PartOfSpeech=NN] [Text=of CharacterOffsetBegin=1665 CharacterOffsetEnd=1667 PartOfSpeech=IN] [Text=children CharacterOffsetBegin=1668 CharacterOffsetEnd=1676 PartOfSpeech=NNS] [Text=is CharacterOffsetBegin=1677 CharacterOffsetEnd=1679 PartOfSpeech=VBZ] [Text=clearly CharacterOffsetBegin=1680 CharacterOffsetEnd=1687 PartOfSpeech=RB] [Text=a CharacterOffsetBegin=1688 CharacterOffsetEnd=1689 PartOfSpeech=DT] [Text=serious CharacterOffsetBegin=1690 CharacterOffsetEnd=1697 PartOfSpeech=JJ] [Text=problem CharacterOffsetBegin=1698 CharacterOffsetEnd=1705 PartOfSpeech=NN] [Text=. CharacterOffsetBegin=1705 CharacterOffsetEnd=1706 PartOfSpeech=.] 
root(ROOT-0, is-6)
prep(is-6, In-1)
pobj(In-1, fairness-2)
punct(is-6, ,-3)
det(film-5, the-4)
nsubj(is-6, film-5)
prep(is-6, in-7)
pobj(in-7, French-8)
cc(is-6, and-9)
conj(is-6, conforms-10)
prep(conforms-10, to-11)
amod(forms-14, French-12)
amod(forms-14, cinematic-13)
pobj(to-11, forms-14)
punct(forms-14, ,-15)
nsubj(subtle-21, which-16)
aux(subtle-21, may-17)
advmod(subtle-21, just-18)
cop(subtle-21, be-19)
advmod(subtle-21, too-20)
rcmod(forms-14, subtle-21)
prep(subtle-21, for-22)
amod(Americans-24, most-23)
pobj(for-22, Americans-24)
advmod(with-26, even-25)
prep(subtle-21, with-26)
amod(subtitles-28, English-27)
pobj(with-26, subtitles-28)
aux(help-30, to-29)
xcomp(subtle-21, help-30)
nsubjpass(suggested-36, us-31)
nn(along.It-33, Phillistines-32)
nsubjpass(suggested-36, along.It-33)
possessive(along.It-33, 's-34)
auxpass(suggested-36, been-35)
ccomp(help-30, suggested-36)
mark(pornography-42, that-37)
det(film-39, this-38)
nsubj(pornography-42, film-39)
cop(pornography-42, is-40)
nn(pornography-42, child-41)
ccomp(suggested-36, pornography-42)
cc(pornography-42, and-43)
nsubj(results-46, that-44)
advmod(results-46, certainly-45)
conj(pornography-42, results-46)
prep(results-46, from-47)
poss(climate-50, today-48)
possessive(today-48, 's-49)
pobj(from-47, climate-50)
advmod(problem-60, where-51)
amod(exploitation-53, sexual-52)
nsubj(problem-60, exploitation-53)
prep(exploitation-53, of-54)
pobj(of-54, children-55)
cop(problem-60, is-56)
advmod(problem-60, clearly-57)
det(problem-60, a-58)
amod(problem-60, serious-59)
rcmod(climate-50, problem-60)
punct(is-6, .-61)

Sentence #12 (46 tokens):
Nobody in their right mind wants to endorse or appear to endorse the sexual abuse of children, so there's practically no room left for children to be seen in even the mildest erotic context without immediately activating alarms over sexual violence and exploitation.
[Text=Nobody CharacterOffsetBegin=1711 CharacterOffsetEnd=1717 PartOfSpeech=NN] [Text=in CharacterOffsetBegin=1718 CharacterOffsetEnd=1720 PartOfSpeech=IN] [Text=their CharacterOffsetBegin=1721 CharacterOffsetEnd=1726 PartOfSpeech=PRP$] [Text=right CharacterOffsetBegin=1727 CharacterOffsetEnd=1732 PartOfSpeech=JJ] [Text=mind CharacterOffsetBegin=1733 CharacterOffsetEnd=1737 PartOfSpeech=NN] [Text=wants CharacterOffsetBegin=1738 CharacterOffsetEnd=1743 PartOfSpeech=VBZ] [Text=to CharacterOffsetBegin=1744 CharacterOffsetEnd=1746 PartOfSpeech=TO] [Text=endorse CharacterOffsetBegin=1747 CharacterOffsetEnd=1754 PartOfSpeech=VB] [Text=or CharacterOffsetBegin=1755 CharacterOffsetEnd=1757 PartOfSpeech=CC] [Text=appear CharacterOffsetBegin=1758 CharacterOffsetEnd=1764 PartOfSpeech=VB] [Text=to CharacterOffsetBegin=1765 CharacterOffsetEnd=1767 PartOfSpeech=TO] [Text=endorse CharacterOffsetBegin=1768 CharacterOffsetEnd=1775 PartOfSpeech=VB] [Text=the CharacterOffsetBegin=1776 CharacterOffsetEnd=1779 PartOfSpeech=DT] [Text=sexual CharacterOffsetBegin=1780 CharacterOffsetEnd=1786 PartOfSpeech=JJ] [Text=abuse CharacterOffsetBegin=1787 CharacterOffsetEnd=1792 PartOfSpeech=NN] [Text=of CharacterOffsetBegin=1793 CharacterOffsetEnd=1795 PartOfSpeech=IN] [Text=children CharacterOffsetBegin=1796 CharacterOffsetEnd=1804 PartOfSpeech=NNS] [Text=, CharacterOffsetBegin=1804 CharacterOffsetEnd=1805 PartOfSpeech=,] [Text=so CharacterOffsetBegin=1806 CharacterOffsetEnd=1808 PartOfSpeech=RB] [Text=there CharacterOffsetBegin=1809 CharacterOffsetEnd=1814 PartOfSpeech=EX] [Text='s CharacterOffsetBegin=1814 CharacterOffsetEnd=1816 PartOfSpeech=VBZ] [Text=practically CharacterOffsetBegin=1817 CharacterOffsetEnd=1828 PartOfSpeech=RB] [Text=no CharacterOffsetBegin=1829 CharacterOffsetEnd=1831 PartOfSpeech=DT] [Text=room CharacterOffsetBegin=1832 CharacterOffsetEnd=1836 PartOfSpeech=NN] [Text=left CharacterOffsetBegin=1837 CharacterOffsetEnd=1841 PartOfSpeech=VBD] [Text=for CharacterOffsetBegin=1842 CharacterOffsetEnd=1845 PartOfSpeech=IN] [Text=children CharacterOffsetBegin=1846 CharacterOffsetEnd=1854 PartOfSpeech=NNS] [Text=to CharacterOffsetBegin=1855 CharacterOffsetEnd=1857 PartOfSpeech=TO] [Text=be CharacterOffsetBegin=1858 CharacterOffsetEnd=1860 PartOfSpeech=VB] [Text=seen CharacterOffsetBegin=1861 CharacterOffsetEnd=1865 PartOfSpeech=VBN] [Text=in CharacterOffsetBegin=1866 CharacterOffsetEnd=1868 PartOfSpeech=IN] [Text=even CharacterOffsetBegin=1869 CharacterOffsetEnd=1873 PartOfSpeech=RB] [Text=the CharacterOffsetBegin=1874 CharacterOffsetEnd=1877 PartOfSpeech=DT] [Text=mildest CharacterOffsetBegin=1878 CharacterOffsetEnd=1885 PartOfSpeech=JJS] [Text=erotic CharacterOffsetBegin=1886 CharacterOffsetEnd=1892 PartOfSpeech=JJ] [Text=context CharacterOffsetBegin=1893 CharacterOffsetEnd=1900 PartOfSpeech=NN] [Text=without CharacterOffsetBegin=1901 CharacterOffsetEnd=1908 PartOfSpeech=IN] [Text=immediately CharacterOffsetBegin=1909 CharacterOffsetEnd=1920 PartOfSpeech=RB] [Text=activating CharacterOffsetBegin=1921 CharacterOffsetEnd=1931 PartOfSpeech=VBG] [Text=alarms CharacterOffsetBegin=1932 CharacterOffsetEnd=1938 PartOfSpeech=NNS] [Text=over CharacterOffsetBegin=1939 CharacterOffsetEnd=1943 PartOfSpeech=IN] [Text=sexual CharacterOffsetBegin=1944 CharacterOffsetEnd=1950 PartOfSpeech=JJ] [Text=violence CharacterOffsetBegin=1951 CharacterOffsetEnd=1959 PartOfSpeech=NN] [Text=and CharacterOffsetBegin=1960 CharacterOffsetEnd=1963 PartOfSpeech=CC] [Text=exploitation CharacterOffsetBegin=1964 CharacterOffsetEnd=1976 PartOfSpeech=NN] [Text=. CharacterOffsetBegin=1976 CharacterOffsetEnd=1977 PartOfSpeech=.] 
root(ROOT-0, wants-6)
nsubj(wants-6, Nobody-1)
prep(Nobody-1, in-2)
poss(mind-5, their-3)
amod(mind-5, right-4)
pobj(in-2, mind-5)
aux(endorse-8, to-7)
xcomp(wants-6, endorse-8)
cc(endorse-8, or-9)
conj(endorse-8, appear-10)
aux(endorse-12, to-11)
xcomp(appear-10, endorse-12)
det(abuse-15, the-13)
amod(abuse-15, sexual-14)
dobj(endorse-12, abuse-15)
prep(abuse-15, of-16)
pobj(of-16, children-17)
punct(wants-6, ,-18)
advmod('s-21, so-19)
expl('s-21, there-20)
advcl(wants-6, 's-21)
advmod(room-24, practically-22)
det(room-24, no-23)
nsubj('s-21, room-24)
partmod(room-24, left-25)
mark(seen-30, for-26)
nsubjpass(seen-30, children-27)
aux(seen-30, to-28)
auxpass(seen-30, be-29)
advcl(left-25, seen-30)
prep(seen-30, in-31)
advmod(context-36, even-32)
det(context-36, the-33)
amod(context-36, mildest-34)
amod(context-36, erotic-35)
pobj(in-31, context-36)
prep(seen-30, without-37)
advmod(activating-39, immediately-38)
pcomp(without-37, activating-39)
dobj(activating-39, alarms-40)
prep(alarms-40, over-41)
amod(violence-43, sexual-42)
pobj(over-41, violence-43)
cc(violence-43, and-44)
conj(violence-43, exploitation-45)
punct(wants-6, .-46)

Sentence #13 (8 tokens):
Guys will think "Lucky Julien!"
[Text=Guys CharacterOffsetBegin=1982 CharacterOffsetEnd=1986 PartOfSpeech=NNS] [Text=will CharacterOffsetBegin=1987 CharacterOffsetEnd=1991 PartOfSpeech=MD] [Text=think CharacterOffsetBegin=1992 CharacterOffsetEnd=1997 PartOfSpeech=VB] [Text=`` CharacterOffsetBegin=1998 CharacterOffsetEnd=1999 PartOfSpeech=``] [Text=Lucky CharacterOffsetBegin=1999 CharacterOffsetEnd=2004 PartOfSpeech=NNP] [Text=Julien CharacterOffsetBegin=2005 CharacterOffsetEnd=2011 PartOfSpeech=NNP] [Text=! CharacterOffsetBegin=2011 CharacterOffsetEnd=2012 PartOfSpeech=.] [Text='' CharacterOffsetBegin=2012 CharacterOffsetEnd=2013 PartOfSpeech=''] 
root(ROOT-0, think-3)
nsubj(think-3, Guys-1)
aux(think-3, will-2)
punct(Julien-6, ``-4)
nn(Julien-6, Lucky-5)
dep(think-3, Julien-6)
punct(think-3, !-7)
punct(think-3, ''-8)

Sentence #14 (33 tokens):
even as they agree that sex and children in the movies is a "bad thing," all the while still wishing they could have been a Julien at that age.
[Text=even CharacterOffsetBegin=2018 CharacterOffsetEnd=2022 PartOfSpeech=RB] [Text=as CharacterOffsetBegin=2023 CharacterOffsetEnd=2025 PartOfSpeech=IN] [Text=they CharacterOffsetBegin=2026 CharacterOffsetEnd=2030 PartOfSpeech=PRP] [Text=agree CharacterOffsetBegin=2031 CharacterOffsetEnd=2036 PartOfSpeech=VBP] [Text=that CharacterOffsetBegin=2037 CharacterOffsetEnd=2041 PartOfSpeech=IN] [Text=sex CharacterOffsetBegin=2042 CharacterOffsetEnd=2045 PartOfSpeech=NN] [Text=and CharacterOffsetBegin=2046 CharacterOffsetEnd=2049 PartOfSpeech=CC] [Text=children CharacterOffsetBegin=2050 CharacterOffsetEnd=2058 PartOfSpeech=NNS] [Text=in CharacterOffsetBegin=2059 CharacterOffsetEnd=2061 PartOfSpeech=IN] [Text=the CharacterOffsetBegin=2062 CharacterOffsetEnd=2065 PartOfSpeech=DT] [Text=movies CharacterOffsetBegin=2066 CharacterOffsetEnd=2072 PartOfSpeech=NNS] [Text=is CharacterOffsetBegin=2073 CharacterOffsetEnd=2075 PartOfSpeech=VBZ] [Text=a CharacterOffsetBegin=2076 CharacterOffsetEnd=2077 PartOfSpeech=DT] [Text=`` CharacterOffsetBegin=2078 CharacterOffsetEnd=2079 PartOfSpeech=``] [Text=bad CharacterOffsetBegin=2079 CharacterOffsetEnd=2082 PartOfSpeech=JJ] [Text=thing CharacterOffsetBegin=2083 CharacterOffsetEnd=2088 PartOfSpeech=NN] [Text=, CharacterOffsetBegin=2088 CharacterOffsetEnd=2089 PartOfSpeech=,] [Text='' CharacterOffsetBegin=2089 CharacterOffsetEnd=2090 PartOfSpeech=''] [Text=all CharacterOffsetBegin=2091 CharacterOffsetEnd=2094 PartOfSpeech=PDT] [Text=the CharacterOffsetBegin=2095 CharacterOffsetEnd=2098 PartOfSpeech=DT] [Text=while CharacterOffsetBegin=2099 CharacterOffsetEnd=2104 PartOfSpeech=NN] [Text=still CharacterOffsetBegin=2105 CharacterOffsetEnd=2110 PartOfSpeech=RB] [Text=wishing CharacterOffsetBegin=2111 CharacterOffsetEnd=2118 PartOfSpeech=VBG] [Text=they CharacterOffsetBegin=2119 CharacterOffsetEnd=2123 PartOfSpeech=PRP] [Text=could CharacterOffsetBegin=2124 CharacterOffsetEnd=2129 PartOfSpeech=MD] [Text=have CharacterOffsetBegin=2130 CharacterOffsetEnd=2134 PartOfSpeech=VB] [Text=been CharacterOffsetBegin=2135 CharacterOffsetEnd=2139 PartOfSpeech=VBN] [Text=a CharacterOffsetBegin=2140 CharacterOffsetEnd=2141 PartOfSpeech=DT] [Text=Julien CharacterOffsetBegin=2142 CharacterOffsetEnd=2148 PartOfSpeech=NN] [Text=at CharacterOffsetBegin=2149 CharacterOffsetEnd=2151 PartOfSpeech=IN] [Text=that CharacterOffsetBegin=2152 CharacterOffsetEnd=2156 PartOfSpeech=DT] [Text=age CharacterOffsetBegin=2157 CharacterOffsetEnd=2160 PartOfSpeech=NN] [Text=. CharacterOffsetBegin=2160 CharacterOffsetEnd=2161 PartOfSpeech=.] 
root(ROOT-0, wishing-23)
advmod(agree-4, even-1)
mark(agree-4, as-2)
nsubj(agree-4, they-3)
advcl(wishing-23, agree-4)
mark(thing-16, that-5)
nsubj(thing-16, sex-6)
cc(sex-6, and-7)
conj(sex-6, children-8)
prep(sex-6, in-9)
det(movies-11, the-10)
pobj(in-9, movies-11)
cop(thing-16, is-12)
det(thing-16, a-13)
punct(thing-16, ``-14)
amod(thing-16, bad-15)
ccomp(agree-4, thing-16)
punct(wishing-23, ,-17)
punct(wishing-23, ''-18)
predet(while-21, all-19)
det(while-21, the-20)
dep(wishing-23, while-21)
advmod(wishing-23, still-22)
nsubj(Julien-29, they-24)
aux(Julien-29, could-25)
aux(Julien-29, have-26)
cop(Julien-29, been-27)
det(Julien-29, a-28)
ccomp(wishing-23, Julien-29)
prep(Julien-29, at-30)
det(age-32, that-31)
pobj(at-30, age-32)
punct(wishing-23, .-33)

Sentence #15 (23 tokens):
Women, too, may have similar thoughts, but all such considerations must be pushed out of one's conscious mind.
[Text=Women CharacterOffsetBegin=2166 CharacterOffsetEnd=2171 PartOfSpeech=NNS] [Text=, CharacterOffsetBegin=2171 CharacterOffsetEnd=2172 PartOfSpeech=,] [Text=too CharacterOffsetBegin=2173 CharacterOffsetEnd=2176 PartOfSpeech=RB] [Text=, CharacterOffsetBegin=2176 CharacterOffsetEnd=2177 PartOfSpeech=,] [Text=may CharacterOffsetBegin=2178 CharacterOffsetEnd=2181 PartOfSpeech=MD] [Text=have CharacterOffsetBegin=2182 CharacterOffsetEnd=2186 PartOfSpeech=VB] [Text=similar CharacterOffsetBegin=2187 CharacterOffsetEnd=2194 PartOfSpeech=JJ] [Text=thoughts CharacterOffsetBegin=2195 CharacterOffsetEnd=2203 PartOfSpeech=NNS] [Text=, CharacterOffsetBegin=2203 CharacterOffsetEnd=2204 PartOfSpeech=,] [Text=but CharacterOffsetBegin=2205 CharacterOffsetEnd=2208 PartOfSpeech=CC] [Text=all CharacterOffsetBegin=2209 CharacterOffsetEnd=2212 PartOfSpeech=DT] [Text=such CharacterOffsetBegin=2213 CharacterOffsetEnd=2217 PartOfSpeech=JJ] [Text=considerations CharacterOffsetBegin=2218 CharacterOffsetEnd=2232 PartOfSpeech=NNS] [Text=must CharacterOffsetBegin=2233 CharacterOffsetEnd=2237 PartOfSpeech=MD] [Text=be CharacterOffsetBegin=2238 CharacterOffsetEnd=2240 PartOfSpeech=VB] [Text=pushed CharacterOffsetBegin=2241 CharacterOffsetEnd=2247 PartOfSpeech=VBN] [Text=out CharacterOffsetBegin=2248 CharacterOffsetEnd=2251 PartOfSpeech=IN] [Text=of CharacterOffsetBegin=2252 CharacterOffsetEnd=2254 PartOfSpeech=IN] [Text=one CharacterOffsetBegin=2255 CharacterOffsetEnd=2258 PartOfSpeech=CD] [Text='s CharacterOffsetBegin=2258 CharacterOffsetEnd=2260 PartOfSpeech=POS] [Text=conscious CharacterOffsetBegin=2261 CharacterOffsetEnd=2270 PartOfSpeech=JJ] [Text=mind CharacterOffsetBegin=2271 CharacterOffsetEnd=2275 PartOfSpeech=NN] [Text=. CharacterOffsetBegin=2275 CharacterOffsetEnd=2276 PartOfSpeech=.] 
root(ROOT-0, have-6)
nsubj(have-6, Women-1)
punct(have-6, ,-2)
advmod(have-6, too-3)
punct(have-6, ,-4)
aux(have-6, may-5)
amod(thoughts-8, similar-7)
dobj(have-6, thoughts-8)
punct(have-6, ,-9)
cc(have-6, but-10)
det(considerations-13, all-11)
amod(considerations-13, such-12)
nsubjpass(pushed-16, considerations-13)
aux(pushed-16, must-14)
auxpass(pushed-16, be-15)
conj(have-6, pushed-16)
prep(pushed-16, out-17)
pcomp(out-17, of-18)
poss(mind-22, one-19)
possessive(one-19, 's-20)
amod(mind-22, conscious-21)
pobj(of-18, mind-22)
punct(have-6, .-23)

Sentence #16 (18 tokens):
Hysterically, the worst assumptions have become automatic and matters of children and sex are rigorously avoided.
[Text=Hysterically CharacterOffsetBegin=2281 CharacterOffsetEnd=2293 PartOfSpeech=RB] [Text=, CharacterOffsetBegin=2293 CharacterOffsetEnd=2294 PartOfSpeech=,] [Text=the CharacterOffsetBegin=2295 CharacterOffsetEnd=2298 PartOfSpeech=DT] [Text=worst CharacterOffsetBegin=2299 CharacterOffsetEnd=2304 PartOfSpeech=JJS] [Text=assumptions CharacterOffsetBegin=2305 CharacterOffsetEnd=2316 PartOfSpeech=NNS] [Text=have CharacterOffsetBegin=2317 CharacterOffsetEnd=2321 PartOfSpeech=VBP] [Text=become CharacterOffsetBegin=2322 CharacterOffsetEnd=2328 PartOfSpeech=VBN] [Text=automatic CharacterOffsetBegin=2329 CharacterOffsetEnd=2338 PartOfSpeech=JJ] [Text=and CharacterOffsetBegin=2339 CharacterOffsetEnd=2342 PartOfSpeech=CC] [Text=matters CharacterOffsetBegin=2343 CharacterOffsetEnd=2350 PartOfSpeech=NNS] [Text=of CharacterOffsetBegin=2351 CharacterOffsetEnd=2353 PartOfSpeech=IN] [Text=children CharacterOffsetBegin=2354 CharacterOffsetEnd=2362 PartOfSpeech=NNS] [Text=and CharacterOffsetBegin=2363 CharacterOffsetEnd=2366 PartOfSpeech=CC] [Text=sex CharacterOffsetBegin=2367 CharacterOffsetEnd=2370 PartOfSpeech=NN] [Text=are CharacterOffsetBegin=2371 CharacterOffsetEnd=2374 PartOfSpeech=VBP] [Text=rigorously CharacterOffsetBegin=2375 CharacterOffsetEnd=2385 PartOfSpeech=RB] [Text=avoided CharacterOffsetBegin=2386 CharacterOffsetEnd=2393 PartOfSpeech=VBN] [Text=. CharacterOffsetBegin=2393 CharacterOffsetEnd=2394 PartOfSpeech=.] 
root(ROOT-0, avoided-17)
advmod(automatic-8, Hysterically-1)
punct(automatic-8, ,-2)
det(assumptions-5, the-3)
amod(assumptions-5, worst-4)
nsubj(automatic-8, assumptions-5)
aux(automatic-8, have-6)
cop(automatic-8, become-7)
nsubjpass(avoided-17, automatic-8)
cc(automatic-8, and-9)
conj(automatic-8, matters-10)
prep(matters-10, of-11)
pobj(of-11, children-12)
cc(children-12, and-13)
conj(children-12, sex-14)
auxpass(avoided-17, are-15)
advmod(avoided-17, rigorously-16)
punct(avoided-17, .-18)

Sentence #17 (12 tokens):
Too bad, since sexual awakening is a real human experience.
[Text=Too CharacterOffsetBegin=2399 CharacterOffsetEnd=2402 PartOfSpeech=RB] [Text=bad CharacterOffsetBegin=2403 CharacterOffsetEnd=2406 PartOfSpeech=JJ] [Text=, CharacterOffsetBegin=2406 CharacterOffsetEnd=2407 PartOfSpeech=,] [Text=since CharacterOffsetBegin=2408 CharacterOffsetEnd=2413 PartOfSpeech=IN] [Text=sexual CharacterOffsetBegin=2414 CharacterOffsetEnd=2420 PartOfSpeech=JJ] [Text=awakening CharacterOffsetBegin=2421 CharacterOffsetEnd=2430 PartOfSpeech=NN] [Text=is CharacterOffsetBegin=2431 CharacterOffsetEnd=2433 PartOfSpeech=VBZ] [Text=a CharacterOffsetBegin=2434 CharacterOffsetEnd=2435 PartOfSpeech=DT] [Text=real CharacterOffsetBegin=2436 CharacterOffsetEnd=2440 PartOfSpeech=JJ] [Text=human CharacterOffsetBegin=2441 CharacterOffsetEnd=2446 PartOfSpeech=JJ] [Text=experience CharacterOffsetBegin=2447 CharacterOffsetEnd=2457 PartOfSpeech=NN] [Text=. CharacterOffsetBegin=2457 CharacterOffsetEnd=2458 PartOfSpeech=.] 
root(ROOT-0, bad-2)
advmod(bad-2, Too-1)
punct(bad-2, ,-3)
mark(experience-11, since-4)
amod(awakening-6, sexual-5)
nsubj(experience-11, awakening-6)
cop(experience-11, is-7)
det(experience-11, a-8)
amod(experience-11, real-9)
amod(experience-11, human-10)
advcl(bad-2, experience-11)
punct(bad-2, .-12)

Sentence #18 (15 tokens):
Afer all, children do grow up and become sexual beings as Julien does.
[Text=Afer CharacterOffsetBegin=2463 CharacterOffsetEnd=2467 PartOfSpeech=NNP] [Text=all CharacterOffsetBegin=2468 CharacterOffsetEnd=2471 PartOfSpeech=RB] [Text=, CharacterOffsetBegin=2471 CharacterOffsetEnd=2472 PartOfSpeech=,] [Text=children CharacterOffsetBegin=2473 CharacterOffsetEnd=2481 PartOfSpeech=NNS] [Text=do CharacterOffsetBegin=2482 CharacterOffsetEnd=2484 PartOfSpeech=VBP] [Text=grow CharacterOffsetBegin=2485 CharacterOffsetEnd=2489 PartOfSpeech=VB] [Text=up CharacterOffsetBegin=2490 CharacterOffsetEnd=2492 PartOfSpeech=RP] [Text=and CharacterOffsetBegin=2493 CharacterOffsetEnd=2496 PartOfSpeech=CC] [Text=become CharacterOffsetBegin=2497 CharacterOffsetEnd=2503 PartOfSpeech=VB] [Text=sexual CharacterOffsetBegin=2504 CharacterOffsetEnd=2510 PartOfSpeech=JJ] [Text=beings CharacterOffsetBegin=2511 CharacterOffsetEnd=2517 PartOfSpeech=NNS] [Text=as CharacterOffsetBegin=2518 CharacterOffsetEnd=2520 PartOfSpeech=IN] [Text=Julien CharacterOffsetBegin=2521 CharacterOffsetEnd=2527 PartOfSpeech=NN] [Text=does CharacterOffsetBegin=2528 CharacterOffsetEnd=2532 PartOfSpeech=VBZ] [Text=. CharacterOffsetBegin=2532 CharacterOffsetEnd=2533 PartOfSpeech=.] 
root(ROOT-0, Afer-1)
advmod(Afer-1, all-2)
punct(Afer-1, ,-3)
nsubj(grow-6, children-4)
aux(grow-6, do-5)
rcmod(Afer-1, grow-6)
prt(grow-6, up-7)
cc(grow-6, and-8)
cop(beings-11, become-9)
amod(beings-11, sexual-10)
conj(grow-6, beings-11)
mark(does-14, as-12)
nsubj(does-14, Julien-13)
advcl(beings-11, does-14)
punct(Afer-1, .-15)

Sentence #19 (21 tokens):
It's a fit literary subject, cinema included, but taboo under the threat of sexual violence against children.
[Text=It CharacterOffsetBegin=2538 CharacterOffsetEnd=2540 PartOfSpeech=PRP] [Text='s CharacterOffsetBegin=2540 CharacterOffsetEnd=2542 PartOfSpeech=VBZ] [Text=a CharacterOffsetBegin=2543 CharacterOffsetEnd=2544 PartOfSpeech=DT] [Text=fit CharacterOffsetBegin=2545 CharacterOffsetEnd=2548 PartOfSpeech=JJ] [Text=literary CharacterOffsetBegin=2549 CharacterOffsetEnd=2557 PartOfSpeech=JJ] [Text=subject CharacterOffsetBegin=2558 CharacterOffsetEnd=2565 PartOfSpeech=NN] [Text=, CharacterOffsetBegin=2565 CharacterOffsetEnd=2566 PartOfSpeech=,] [Text=cinema CharacterOffsetBegin=2567 CharacterOffsetEnd=2573 PartOfSpeech=NN] [Text=included CharacterOffsetBegin=2574 CharacterOffsetEnd=2582 PartOfSpeech=VBD] [Text=, CharacterOffsetBegin=2582 CharacterOffsetEnd=2583 PartOfSpeech=,] [Text=but CharacterOffsetBegin=2584 CharacterOffsetEnd=2587 PartOfSpeech=CC] [Text=taboo CharacterOffsetBegin=2588 CharacterOffsetEnd=2593 PartOfSpeech=NN] [Text=under CharacterOffsetBegin=2594 CharacterOffsetEnd=2599 PartOfSpeech=IN] [Text=the CharacterOffsetBegin=2600 CharacterOffsetEnd=2603 PartOfSpeech=DT] [Text=threat CharacterOffsetBegin=2604 CharacterOffsetEnd=2610 PartOfSpeech=NN] [Text=of CharacterOffsetBegin=2611 CharacterOffsetEnd=2613 PartOfSpeech=IN] [Text=sexual CharacterOffsetBegin=2614 CharacterOffsetEnd=2620 PartOfSpeech=JJ] [Text=violence CharacterOffsetBegin=2621 CharacterOffsetEnd=2629 PartOfSpeech=NN] [Text=against CharacterOffsetBegin=2630 CharacterOffsetEnd=2637 PartOfSpeech=IN] [Text=children CharacterOffsetBegin=2638 CharacterOffsetEnd=2646 PartOfSpeech=NNS] [Text=. CharacterOffsetBegin=2646 CharacterOffsetEnd=2647 PartOfSpeech=.] 
root(ROOT-0, subject-6)
nsubj(subject-6, It-1)
cop(subject-6, 's-2)
det(subject-6, a-3)
amod(subject-6, fit-4)
amod(subject-6, literary-5)
punct(subject-6, ,-7)
nsubj(included-9, cinema-8)
conj(subject-6, included-9)
punct(subject-6, ,-10)
cc(subject-6, but-11)
conj(subject-6, taboo-12)
prep(taboo-12, under-13)
det(threat-15, the-14)
pobj(under-13, threat-15)
prep(threat-15, of-16)
amod(violence-18, sexual-17)
pobj(of-16, violence-18)
prep(violence-18, against-19)
pobj(against-19, children-20)
punct(subject-6, .-21)

Sentence #20 (21 tokens):
David Hamilton, I think, was taking a risk to make a movie on this topic even in 1980.
[Text=David CharacterOffsetBegin=2652 CharacterOffsetEnd=2657 PartOfSpeech=NNP] [Text=Hamilton CharacterOffsetBegin=2658 CharacterOffsetEnd=2666 PartOfSpeech=NNP] [Text=, CharacterOffsetBegin=2666 CharacterOffsetEnd=2667 PartOfSpeech=,] [Text=I CharacterOffsetBegin=2668 CharacterOffsetEnd=2669 PartOfSpeech=PRP] [Text=think CharacterOffsetBegin=2670 CharacterOffsetEnd=2675 PartOfSpeech=VBP] [Text=, CharacterOffsetBegin=2675 CharacterOffsetEnd=2676 PartOfSpeech=,] [Text=was CharacterOffsetBegin=2677 CharacterOffsetEnd=2680 PartOfSpeech=VBD] [Text=taking CharacterOffsetBegin=2681 CharacterOffsetEnd=2687 PartOfSpeech=VBG] [Text=a CharacterOffsetBegin=2688 CharacterOffsetEnd=2689 PartOfSpeech=DT] [Text=risk CharacterOffsetBegin=2690 CharacterOffsetEnd=2694 PartOfSpeech=NN] [Text=to CharacterOffsetBegin=2695 CharacterOffsetEnd=2697 PartOfSpeech=TO] [Text=make CharacterOffsetBegin=2698 CharacterOffsetEnd=2702 PartOfSpeech=VB] [Text=a CharacterOffsetBegin=2703 CharacterOffsetEnd=2704 PartOfSpeech=DT] [Text=movie CharacterOffsetBegin=2705 CharacterOffsetEnd=2710 PartOfSpeech=NN] [Text=on CharacterOffsetBegin=2711 CharacterOffsetEnd=2713 PartOfSpeech=IN] [Text=this CharacterOffsetBegin=2714 CharacterOffsetEnd=2718 PartOfSpeech=DT] [Text=topic CharacterOffsetBegin=2719 CharacterOffsetEnd=2724 PartOfSpeech=NN] [Text=even CharacterOffsetBegin=2725 CharacterOffsetEnd=2729 PartOfSpeech=RB] [Text=in CharacterOffsetBegin=2730 CharacterOffsetEnd=2732 PartOfSpeech=IN] [Text=1980 CharacterOffsetBegin=2733 CharacterOffsetEnd=2737 PartOfSpeech=CD] [Text=. CharacterOffsetBegin=2737 CharacterOffsetEnd=2738 PartOfSpeech=.] 
root(ROOT-0, taking-8)
nn(Hamilton-2, David-1)
nsubj(taking-8, Hamilton-2)
punct(Hamilton-2, ,-3)
nsubj(think-5, I-4)
rcmod(Hamilton-2, think-5)
punct(Hamilton-2, ,-6)
aux(taking-8, was-7)
det(risk-10, a-9)
dobj(taking-8, risk-10)
aux(make-12, to-11)
xcomp(taking-8, make-12)
det(movie-14, a-13)
dobj(make-12, movie-14)
prep(make-12, on-15)
det(topic-17, this-16)
pobj(on-15, topic-17)
advmod(in-19, even-18)
prep(make-12, in-19)
pobj(in-19, 1980-20)
punct(taking-8, .-21)

Sentence #21 (32 tokens):
He was somewhat successful at exploring this sensitive topic, and, unfortunately, we're unlikely to see better in the near future for fear of the child pornography label.
[Text=He CharacterOffsetBegin=2743 CharacterOffsetEnd=2745 PartOfSpeech=PRP] [Text=was CharacterOffsetBegin=2746 CharacterOffsetEnd=2749 PartOfSpeech=VBD] [Text=somewhat CharacterOffsetBegin=2750 CharacterOffsetEnd=2758 PartOfSpeech=RB] [Text=successful CharacterOffsetBegin=2759 CharacterOffsetEnd=2769 PartOfSpeech=JJ] [Text=at CharacterOffsetBegin=2770 CharacterOffsetEnd=2772 PartOfSpeech=IN] [Text=exploring CharacterOffsetBegin=2773 CharacterOffsetEnd=2782 PartOfSpeech=VBG] [Text=this CharacterOffsetBegin=2783 CharacterOffsetEnd=2787 PartOfSpeech=DT] [Text=sensitive CharacterOffsetBegin=2788 CharacterOffsetEnd=2797 PartOfSpeech=JJ] [Text=topic CharacterOffsetBegin=2798 CharacterOffsetEnd=2803 PartOfSpeech=NN] [Text=, CharacterOffsetBegin=2803 CharacterOffsetEnd=2804 PartOfSpeech=,] [Text=and CharacterOffsetBegin=2805 CharacterOffsetEnd=2808 PartOfSpeech=CC] [Text=, CharacterOffsetBegin=2808 CharacterOffsetEnd=2809 PartOfSpeech=,] [Text=unfortunately CharacterOffsetBegin=2810 CharacterOffsetEnd=2823 PartOfSpeech=RB] [Text=, CharacterOffsetBegin=2823 CharacterOffsetEnd=2824 PartOfSpeech=,] [Text=we CharacterOffsetBegin=2825 CharacterOffsetEnd=2827 PartOfSpeech=PRP] [Text='re CharacterOffsetBegin=2827 CharacterOffsetEnd=2830 PartOfSpeech=VBP] [Text=unlikely CharacterOffsetBegin=2831 CharacterOffsetEnd=2839 PartOfSpeech=JJ] [Text=to CharacterOffsetBegin=2840 CharacterOffsetEnd=2842 PartOfSpeech=TO] [Text=see CharacterOffsetBegin=2843 CharacterOffsetEnd=2846 PartOfSpeech=VB] [Text=better CharacterOffsetBegin=2847 CharacterOffsetEnd=2853 PartOfSpeech=JJR] [Text=in CharacterOffsetBegin=2854 CharacterOffsetEnd=2856 PartOfSpeech=IN] [Text=the CharacterOffsetBegin=2857 CharacterOffsetEnd=2860 PartOfSpeech=DT] [Text=near CharacterOffsetBegin=2861 CharacterOffsetEnd=2865 PartOfSpeech=JJ] [Text=future CharacterOffsetBegin=2866 CharacterOffsetEnd=2872 PartOfSpeech=NN] [Text=for CharacterOffsetBegin=2873 CharacterOffsetEnd=2876 PartOfSpeech=IN] [Text=fear CharacterOffsetBegin=2877 CharacterOffsetEnd=2881 PartOfSpeech=NN] [Text=of CharacterOffsetBegin=2882 CharacterOffsetEnd=2884 PartOfSpeech=IN] [Text=the CharacterOffsetBegin=2885 CharacterOffsetEnd=2888 PartOfSpeech=DT] [Text=child CharacterOffsetBegin=2889 CharacterOffsetEnd=2894 PartOfSpeech=NN] [Text=pornography CharacterOffsetBegin=2895 CharacterOffsetEnd=2906 PartOfSpeech=NN] [Text=label CharacterOffsetBegin=2907 CharacterOffsetEnd=2912 PartOfSpeech=NN] [Text=. CharacterOffsetBegin=2912 CharacterOffsetEnd=2913 PartOfSpeech=.] 
root(ROOT-0, successful-4)
nsubj(successful-4, He-1)
cop(successful-4, was-2)
advmod(successful-4, somewhat-3)
prep(successful-4, at-5)
pcomp(at-5, exploring-6)
det(topic-9, this-7)
amod(topic-9, sensitive-8)
dobj(exploring-6, topic-9)
punct(successful-4, ,-10)
cc(successful-4, and-11)
punct(successful-4, ,-12)
conj(successful-4, unfortunately-13)
punct(successful-4, ,-14)
nsubj(unlikely-17, we-15)
cop(unlikely-17, 're-16)
ccomp(successful-4, unlikely-17)
aux(see-19, to-18)
xcomp(unlikely-17, see-19)
advmod(see-19, better-20)
prep(better-20, in-21)
det(future-24, the-22)
amod(future-24, near-23)
pobj(in-21, future-24)
prep(see-19, for-25)
pobj(for-25, fear-26)
prep(fear-26, of-27)
det(label-31, the-28)
nn(label-31, child-29)
nn(label-31, pornography-30)
pobj(of-27, label-31)
punct(successful-4, .-32)

