Sentence #1 (19 tokens):
This film was made in 1943 when i think Judy was at her peak (looks wise).
[Text=This CharacterOffsetBegin=4 CharacterOffsetEnd=8 PartOfSpeech=DT] [Text=film CharacterOffsetBegin=9 CharacterOffsetEnd=13 PartOfSpeech=NN] [Text=was CharacterOffsetBegin=14 CharacterOffsetEnd=17 PartOfSpeech=VBD] [Text=made CharacterOffsetBegin=18 CharacterOffsetEnd=22 PartOfSpeech=VBN] [Text=in CharacterOffsetBegin=23 CharacterOffsetEnd=25 PartOfSpeech=IN] [Text=1943 CharacterOffsetBegin=26 CharacterOffsetEnd=30 PartOfSpeech=CD] [Text=when CharacterOffsetBegin=31 CharacterOffsetEnd=35 PartOfSpeech=WRB] [Text=i CharacterOffsetBegin=36 CharacterOffsetEnd=37 PartOfSpeech=FW] [Text=think CharacterOffsetBegin=38 CharacterOffsetEnd=43 PartOfSpeech=VBP] [Text=Judy CharacterOffsetBegin=44 CharacterOffsetEnd=48 PartOfSpeech=NNP] [Text=was CharacterOffsetBegin=49 CharacterOffsetEnd=52 PartOfSpeech=VBD] [Text=at CharacterOffsetBegin=53 CharacterOffsetEnd=55 PartOfSpeech=IN] [Text=her CharacterOffsetBegin=56 CharacterOffsetEnd=59 PartOfSpeech=PRP$] [Text=peak CharacterOffsetBegin=60 CharacterOffsetEnd=64 PartOfSpeech=NN] [Text=-LRB- CharacterOffsetBegin=65 CharacterOffsetEnd=66 PartOfSpeech=-LRB-] [Text=looks CharacterOffsetBegin=66 CharacterOffsetEnd=71 PartOfSpeech=VBZ] [Text=wise CharacterOffsetBegin=72 CharacterOffsetEnd=76 PartOfSpeech=JJ] [Text=-RRB- CharacterOffsetBegin=76 CharacterOffsetEnd=77 PartOfSpeech=-RRB-] [Text=. CharacterOffsetBegin=77 CharacterOffsetEnd=78 PartOfSpeech=.] 
root(ROOT-0, made-4)
det(film-2, This-1)
nsubjpass(made-4, film-2)
auxpass(made-4, was-3)
prep(made-4, in-5)
pobj(in-5, 1943-6)
advmod(think-9, when-7)
nsubj(think-9, i-8)
advcl(made-4, think-9)
nsubj(was-11, Judy-10)
ccomp(think-9, was-11)
prep(was-11, at-12)
pobj(at-12, her-13)
dep(her-13, peak-14)
punct(looks-16, -LRB--15)
dep(peak-14, looks-16)
acomp(looks-16, wise-17)
punct(looks-16, -RRB--18)
punct(made-4, .-19)

Sentence #2 (17 tokens):
In her previous film For Me and My Gal people often say that she looks emaciated.
[Text=In CharacterOffsetBegin=83 CharacterOffsetEnd=85 PartOfSpeech=IN] [Text=her CharacterOffsetBegin=86 CharacterOffsetEnd=89 PartOfSpeech=PRP$] [Text=previous CharacterOffsetBegin=90 CharacterOffsetEnd=98 PartOfSpeech=JJ] [Text=film CharacterOffsetBegin=99 CharacterOffsetEnd=103 PartOfSpeech=NN] [Text=For CharacterOffsetBegin=104 CharacterOffsetEnd=107 PartOfSpeech=IN] [Text=Me CharacterOffsetBegin=108 CharacterOffsetEnd=110 PartOfSpeech=PRP] [Text=and CharacterOffsetBegin=111 CharacterOffsetEnd=114 PartOfSpeech=CC] [Text=My CharacterOffsetBegin=115 CharacterOffsetEnd=117 PartOfSpeech=PRP$] [Text=Gal CharacterOffsetBegin=118 CharacterOffsetEnd=121 PartOfSpeech=JJ] [Text=people CharacterOffsetBegin=122 CharacterOffsetEnd=128 PartOfSpeech=NNS] [Text=often CharacterOffsetBegin=129 CharacterOffsetEnd=134 PartOfSpeech=RB] [Text=say CharacterOffsetBegin=135 CharacterOffsetEnd=138 PartOfSpeech=VBP] [Text=that CharacterOffsetBegin=139 CharacterOffsetEnd=143 PartOfSpeech=IN] [Text=she CharacterOffsetBegin=144 CharacterOffsetEnd=147 PartOfSpeech=PRP] [Text=looks CharacterOffsetBegin=148 CharacterOffsetEnd=153 PartOfSpeech=VBZ] [Text=emaciated CharacterOffsetBegin=154 CharacterOffsetEnd=163 PartOfSpeech=JJ] [Text=. CharacterOffsetBegin=163 CharacterOffsetEnd=164 PartOfSpeech=.] 
root(ROOT-0, say-12)
prep(say-12, In-1)
poss(film-4, her-2)
amod(film-4, previous-3)
pobj(In-1, film-4)
prep(film-4, For-5)
pobj(For-5, Me-6)
cc(In-1, and-7)
poss(people-10, My-8)
amod(people-10, Gal-9)
conj(In-1, people-10)
advmod(say-12, often-11)
mark(looks-15, that-13)
nsubj(looks-15, she-14)
ccomp(say-12, looks-15)
acomp(looks-15, emaciated-16)
punct(say-12, .-17)

Sentence #3 (8 tokens):
Well in this film she looks perfect.
[Text=Well CharacterOffsetBegin=169 CharacterOffsetEnd=173 PartOfSpeech=RB] [Text=in CharacterOffsetBegin=174 CharacterOffsetEnd=176 PartOfSpeech=IN] [Text=this CharacterOffsetBegin=177 CharacterOffsetEnd=181 PartOfSpeech=DT] [Text=film CharacterOffsetBegin=182 CharacterOffsetEnd=186 PartOfSpeech=NN] [Text=she CharacterOffsetBegin=187 CharacterOffsetEnd=190 PartOfSpeech=PRP] [Text=looks CharacterOffsetBegin=191 CharacterOffsetEnd=196 PartOfSpeech=VBZ] [Text=perfect CharacterOffsetBegin=197 CharacterOffsetEnd=204 PartOfSpeech=JJ] [Text=. CharacterOffsetBegin=204 CharacterOffsetEnd=205 PartOfSpeech=.] 
root(ROOT-0, looks-6)
advmod(looks-6, Well-1)
prep(Well-1, in-2)
det(film-4, this-3)
pobj(in-2, film-4)
nsubj(looks-6, she-5)
acomp(looks-6, perfect-7)
punct(looks-6, .-8)

Sentence #4 (34 tokens):
She is beautiful and shows that she has a flair for comedy.I think this film is hilarious, especially at the beginning when she is trying to arrange an audition with John Thornway.
[Text=She CharacterOffsetBegin=210 CharacterOffsetEnd=213 PartOfSpeech=PRP] [Text=is CharacterOffsetBegin=214 CharacterOffsetEnd=216 PartOfSpeech=VBZ] [Text=beautiful CharacterOffsetBegin=217 CharacterOffsetEnd=226 PartOfSpeech=JJ] [Text=and CharacterOffsetBegin=227 CharacterOffsetEnd=230 PartOfSpeech=CC] [Text=shows CharacterOffsetBegin=231 CharacterOffsetEnd=236 PartOfSpeech=VBZ] [Text=that CharacterOffsetBegin=237 CharacterOffsetEnd=241 PartOfSpeech=IN] [Text=she CharacterOffsetBegin=242 CharacterOffsetEnd=245 PartOfSpeech=PRP] [Text=has CharacterOffsetBegin=246 CharacterOffsetEnd=249 PartOfSpeech=VBZ] [Text=a CharacterOffsetBegin=250 CharacterOffsetEnd=251 PartOfSpeech=DT] [Text=flair CharacterOffsetBegin=252 CharacterOffsetEnd=257 PartOfSpeech=NN] [Text=for CharacterOffsetBegin=258 CharacterOffsetEnd=261 PartOfSpeech=IN] [Text=comedy.I CharacterOffsetBegin=262 CharacterOffsetEnd=270 PartOfSpeech=NN] [Text=think CharacterOffsetBegin=271 CharacterOffsetEnd=276 PartOfSpeech=VBP] [Text=this CharacterOffsetBegin=277 CharacterOffsetEnd=281 PartOfSpeech=DT] [Text=film CharacterOffsetBegin=282 CharacterOffsetEnd=286 PartOfSpeech=NN] [Text=is CharacterOffsetBegin=287 CharacterOffsetEnd=289 PartOfSpeech=VBZ] [Text=hilarious CharacterOffsetBegin=290 CharacterOffsetEnd=299 PartOfSpeech=JJ] [Text=, CharacterOffsetBegin=299 CharacterOffsetEnd=300 PartOfSpeech=,] [Text=especially CharacterOffsetBegin=301 CharacterOffsetEnd=311 PartOfSpeech=RB] [Text=at CharacterOffsetBegin=312 CharacterOffsetEnd=314 PartOfSpeech=IN] [Text=the CharacterOffsetBegin=315 CharacterOffsetEnd=318 PartOfSpeech=DT] [Text=beginning CharacterOffsetBegin=319 CharacterOffsetEnd=328 PartOfSpeech=NN] [Text=when CharacterOffsetBegin=329 CharacterOffsetEnd=333 PartOfSpeech=WRB] [Text=she CharacterOffsetBegin=334 CharacterOffsetEnd=337 PartOfSpeech=PRP] [Text=is CharacterOffsetBegin=338 CharacterOffsetEnd=340 PartOfSpeech=VBZ] [Text=trying CharacterOffsetBegin=341 CharacterOffsetEnd=347 PartOfSpeech=VBG] [Text=to CharacterOffsetBegin=348 CharacterOffsetEnd=350 PartOfSpeech=TO] [Text=arrange CharacterOffsetBegin=351 CharacterOffsetEnd=358 PartOfSpeech=VB] [Text=an CharacterOffsetBegin=359 CharacterOffsetEnd=361 PartOfSpeech=DT] [Text=audition CharacterOffsetBegin=362 CharacterOffsetEnd=370 PartOfSpeech=NN] [Text=with CharacterOffsetBegin=371 CharacterOffsetEnd=375 PartOfSpeech=IN] [Text=John CharacterOffsetBegin=376 CharacterOffsetEnd=380 PartOfSpeech=NNP] [Text=Thornway CharacterOffsetBegin=381 CharacterOffsetEnd=389 PartOfSpeech=NNP] [Text=. CharacterOffsetBegin=389 CharacterOffsetEnd=390 PartOfSpeech=.] 
root(ROOT-0, beautiful-3)
nsubj(beautiful-3, She-1)
cop(beautiful-3, is-2)
cc(beautiful-3, and-4)
conj(beautiful-3, shows-5)
mark(has-8, that-6)
nsubj(has-8, she-7)
ccomp(beautiful-3, has-8)
det(flair-10, a-9)
dobj(has-8, flair-10)
prep(flair-10, for-11)
pobj(for-11, comedy.I-12)
dep(has-8, think-13)
det(film-15, this-14)
nsubj(hilarious-17, film-15)
cop(hilarious-17, is-16)
ccomp(think-13, hilarious-17)
punct(hilarious-17, ,-18)
advmod(at-20, especially-19)
prep(hilarious-17, at-20)
det(beginning-22, the-21)
pobj(at-20, beginning-22)
advmod(trying-26, when-23)
nsubj(trying-26, she-24)
aux(trying-26, is-25)
rcmod(beginning-22, trying-26)
aux(arrange-28, to-27)
xcomp(trying-26, arrange-28)
det(audition-30, an-29)
dobj(arrange-28, audition-30)
prep(arrange-28, with-31)
nn(Thornway-33, John-32)
pobj(with-31, Thornway-33)
punct(beautiful-3, .-34)

Sentence #5 (35 tokens):
One of the funniest scene's in my opinion is Judy's rendition of Lady Macbeth and when John is looking for her at the party to give her a spanking (Lol).
[Text=One CharacterOffsetBegin=395 CharacterOffsetEnd=398 PartOfSpeech=CD] [Text=of CharacterOffsetBegin=399 CharacterOffsetEnd=401 PartOfSpeech=IN] [Text=the CharacterOffsetBegin=402 CharacterOffsetEnd=405 PartOfSpeech=DT] [Text=funniest CharacterOffsetBegin=406 CharacterOffsetEnd=414 PartOfSpeech=JJS] [Text=scene CharacterOffsetBegin=415 CharacterOffsetEnd=420 PartOfSpeech=NN] [Text='s CharacterOffsetBegin=420 CharacterOffsetEnd=422 PartOfSpeech=POS] [Text=in CharacterOffsetBegin=423 CharacterOffsetEnd=425 PartOfSpeech=IN] [Text=my CharacterOffsetBegin=426 CharacterOffsetEnd=428 PartOfSpeech=PRP$] [Text=opinion CharacterOffsetBegin=429 CharacterOffsetEnd=436 PartOfSpeech=NN] [Text=is CharacterOffsetBegin=437 CharacterOffsetEnd=439 PartOfSpeech=VBZ] [Text=Judy CharacterOffsetBegin=440 CharacterOffsetEnd=444 PartOfSpeech=NNP] [Text='s CharacterOffsetBegin=444 CharacterOffsetEnd=446 PartOfSpeech=POS] [Text=rendition CharacterOffsetBegin=447 CharacterOffsetEnd=456 PartOfSpeech=NN] [Text=of CharacterOffsetBegin=457 CharacterOffsetEnd=459 PartOfSpeech=IN] [Text=Lady CharacterOffsetBegin=460 CharacterOffsetEnd=464 PartOfSpeech=NN] [Text=Macbeth CharacterOffsetBegin=465 CharacterOffsetEnd=472 PartOfSpeech=NNP] [Text=and CharacterOffsetBegin=473 CharacterOffsetEnd=476 PartOfSpeech=CC] [Text=when CharacterOffsetBegin=477 CharacterOffsetEnd=481 PartOfSpeech=WRB] [Text=John CharacterOffsetBegin=482 CharacterOffsetEnd=486 PartOfSpeech=NNP] [Text=is CharacterOffsetBegin=487 CharacterOffsetEnd=489 PartOfSpeech=VBZ] [Text=looking CharacterOffsetBegin=490 CharacterOffsetEnd=497 PartOfSpeech=VBG] [Text=for CharacterOffsetBegin=498 CharacterOffsetEnd=501 PartOfSpeech=IN] [Text=her CharacterOffsetBegin=502 CharacterOffsetEnd=505 PartOfSpeech=PRP$] [Text=at CharacterOffsetBegin=506 CharacterOffsetEnd=508 PartOfSpeech=IN] [Text=the CharacterOffsetBegin=509 CharacterOffsetEnd=512 PartOfSpeech=DT] [Text=party CharacterOffsetBegin=513 CharacterOffsetEnd=518 PartOfSpeech=NN] [Text=to CharacterOffsetBegin=519 CharacterOffsetEnd=521 PartOfSpeech=TO] [Text=give CharacterOffsetBegin=522 CharacterOffsetEnd=526 PartOfSpeech=VB] [Text=her CharacterOffsetBegin=527 CharacterOffsetEnd=530 PartOfSpeech=PRP] [Text=a CharacterOffsetBegin=531 CharacterOffsetEnd=532 PartOfSpeech=DT] [Text=spanking CharacterOffsetBegin=533 CharacterOffsetEnd=541 PartOfSpeech=NN] [Text=-LRB- CharacterOffsetBegin=542 CharacterOffsetEnd=543 PartOfSpeech=-LRB-] [Text=Lol CharacterOffsetBegin=543 CharacterOffsetEnd=546 PartOfSpeech=NN] [Text=-RRB- CharacterOffsetBegin=546 CharacterOffsetEnd=547 PartOfSpeech=-RRB-] [Text=. CharacterOffsetBegin=547 CharacterOffsetEnd=548 PartOfSpeech=.] 
root(ROOT-0, rendition-13)
nsubj(rendition-13, One-1)
prep(One-1, of-2)
det(scene-5, the-3)
amod(scene-5, funniest-4)
pobj(of-2, scene-5)
possessive(scene-5, 's-6)
prep(scene-5, in-7)
poss(opinion-9, my-8)
pobj(in-7, opinion-9)
cop(rendition-13, is-10)
poss(rendition-13, Judy-11)
possessive(Judy-11, 's-12)
prep(rendition-13, of-14)
nn(Macbeth-16, Lady-15)
pobj(of-14, Macbeth-16)
cc(Macbeth-16, and-17)
advmod(looking-21, when-18)
nsubj(looking-21, John-19)
aux(looking-21, is-20)
conj(Macbeth-16, looking-21)
prep(looking-21, for-22)
pobj(for-22, her-23)
prep(her-23, at-24)
det(party-26, the-25)
pobj(at-24, party-26)
aux(give-28, to-27)
xcomp(looking-21, give-28)
iobj(give-28, her-29)
dobj(give-28, a-30)
dep(a-30, spanking-31)
punct(Lol-33, -LRB--32)
dep(spanking-31, Lol-33)
punct(Lol-33, -RRB--34)
punct(rendition-13, .-35)

Sentence #6 (22 tokens):
One criticism i do have is that there is a hole in the plot when John and Lily fall in love.
[Text=One CharacterOffsetBegin=548 CharacterOffsetEnd=551 PartOfSpeech=CD] [Text=criticism CharacterOffsetBegin=552 CharacterOffsetEnd=561 PartOfSpeech=NN] [Text=i CharacterOffsetBegin=562 CharacterOffsetEnd=563 PartOfSpeech=FW] [Text=do CharacterOffsetBegin=564 CharacterOffsetEnd=566 PartOfSpeech=VBP] [Text=have CharacterOffsetBegin=567 CharacterOffsetEnd=571 PartOfSpeech=VB] [Text=is CharacterOffsetBegin=572 CharacterOffsetEnd=574 PartOfSpeech=VBZ] [Text=that CharacterOffsetBegin=575 CharacterOffsetEnd=579 PartOfSpeech=IN] [Text=there CharacterOffsetBegin=580 CharacterOffsetEnd=585 PartOfSpeech=EX] [Text=is CharacterOffsetBegin=586 CharacterOffsetEnd=588 PartOfSpeech=VBZ] [Text=a CharacterOffsetBegin=589 CharacterOffsetEnd=590 PartOfSpeech=DT] [Text=hole CharacterOffsetBegin=591 CharacterOffsetEnd=595 PartOfSpeech=NN] [Text=in CharacterOffsetBegin=596 CharacterOffsetEnd=598 PartOfSpeech=IN] [Text=the CharacterOffsetBegin=599 CharacterOffsetEnd=602 PartOfSpeech=DT] [Text=plot CharacterOffsetBegin=603 CharacterOffsetEnd=607 PartOfSpeech=NN] [Text=when CharacterOffsetBegin=608 CharacterOffsetEnd=612 PartOfSpeech=WRB] [Text=John CharacterOffsetBegin=613 CharacterOffsetEnd=617 PartOfSpeech=NNP] [Text=and CharacterOffsetBegin=618 CharacterOffsetEnd=621 PartOfSpeech=CC] [Text=Lily CharacterOffsetBegin=622 CharacterOffsetEnd=626 PartOfSpeech=NNP] [Text=fall CharacterOffsetBegin=627 CharacterOffsetEnd=631 PartOfSpeech=NN] [Text=in CharacterOffsetBegin=632 CharacterOffsetEnd=634 PartOfSpeech=IN] [Text=love CharacterOffsetBegin=635 CharacterOffsetEnd=639 PartOfSpeech=NN] [Text=. CharacterOffsetBegin=639 CharacterOffsetEnd=640 PartOfSpeech=.] 
root(ROOT-0, is-6)
num(criticism-2, One-1)
nsubj(is-6, criticism-2)
nsubj(have-5, i-3)
aux(have-5, do-4)
rcmod(criticism-2, have-5)
mark(is-9, that-7)
expl(is-9, there-8)
ccomp(is-6, is-9)
det(hole-11, a-10)
nsubj(is-9, hole-11)
prep(hole-11, in-12)
det(plot-14, the-13)
pobj(in-12, plot-14)
advmod(fall-19, when-15)
nsubj(fall-19, John-16)
cc(John-16, and-17)
conj(John-16, Lily-18)
rcmod(hole-11, fall-19)
prep(fall-19, in-20)
pobj(in-20, love-21)
punct(is-6, .-22)

Sentence #7 (40 tokens):
I mean one minute he despises her and the next they are going out on a date then the next time they meet after that date they are in love.Another point i didn't like was on opening night.
[Text=I CharacterOffsetBegin=645 CharacterOffsetEnd=646 PartOfSpeech=PRP] [Text=mean CharacterOffsetBegin=647 CharacterOffsetEnd=651 PartOfSpeech=VBP] [Text=one CharacterOffsetBegin=652 CharacterOffsetEnd=655 PartOfSpeech=CD] [Text=minute CharacterOffsetBegin=656 CharacterOffsetEnd=662 PartOfSpeech=NN] [Text=he CharacterOffsetBegin=663 CharacterOffsetEnd=665 PartOfSpeech=PRP] [Text=despises CharacterOffsetBegin=666 CharacterOffsetEnd=674 PartOfSpeech=VBZ] [Text=her CharacterOffsetBegin=675 CharacterOffsetEnd=678 PartOfSpeech=PRP$] [Text=and CharacterOffsetBegin=679 CharacterOffsetEnd=682 PartOfSpeech=CC] [Text=the CharacterOffsetBegin=683 CharacterOffsetEnd=686 PartOfSpeech=DT] [Text=next CharacterOffsetBegin=687 CharacterOffsetEnd=691 PartOfSpeech=JJ] [Text=they CharacterOffsetBegin=692 CharacterOffsetEnd=696 PartOfSpeech=PRP] [Text=are CharacterOffsetBegin=697 CharacterOffsetEnd=700 PartOfSpeech=VBP] [Text=going CharacterOffsetBegin=701 CharacterOffsetEnd=706 PartOfSpeech=VBG] [Text=out CharacterOffsetBegin=707 CharacterOffsetEnd=710 PartOfSpeech=RP] [Text=on CharacterOffsetBegin=711 CharacterOffsetEnd=713 PartOfSpeech=IN] [Text=a CharacterOffsetBegin=714 CharacterOffsetEnd=715 PartOfSpeech=DT] [Text=date CharacterOffsetBegin=716 CharacterOffsetEnd=720 PartOfSpeech=NN] [Text=then CharacterOffsetBegin=721 CharacterOffsetEnd=725 PartOfSpeech=RB] [Text=the CharacterOffsetBegin=726 CharacterOffsetEnd=729 PartOfSpeech=DT] [Text=next CharacterOffsetBegin=730 CharacterOffsetEnd=734 PartOfSpeech=JJ] [Text=time CharacterOffsetBegin=735 CharacterOffsetEnd=739 PartOfSpeech=NN] [Text=they CharacterOffsetBegin=740 CharacterOffsetEnd=744 PartOfSpeech=PRP] [Text=meet CharacterOffsetBegin=745 CharacterOffsetEnd=749 PartOfSpeech=VBP] [Text=after CharacterOffsetBegin=750 CharacterOffsetEnd=755 PartOfSpeech=IN] [Text=that CharacterOffsetBegin=756 CharacterOffsetEnd=760 PartOfSpeech=DT] [Text=date CharacterOffsetBegin=761 CharacterOffsetEnd=765 PartOfSpeech=NN] [Text=they CharacterOffsetBegin=766 CharacterOffsetEnd=770 PartOfSpeech=PRP] [Text=are CharacterOffsetBegin=771 CharacterOffsetEnd=774 PartOfSpeech=VBP] [Text=in CharacterOffsetBegin=775 CharacterOffsetEnd=777 PartOfSpeech=IN] [Text=love.Another CharacterOffsetBegin=778 CharacterOffsetEnd=790 PartOfSpeech=NN] [Text=point CharacterOffsetBegin=791 CharacterOffsetEnd=796 PartOfSpeech=NN] [Text=i CharacterOffsetBegin=797 CharacterOffsetEnd=798 PartOfSpeech=FW] [Text=did CharacterOffsetBegin=799 CharacterOffsetEnd=802 PartOfSpeech=VBD] [Text=n't CharacterOffsetBegin=802 CharacterOffsetEnd=805 PartOfSpeech=RB] [Text=like CharacterOffsetBegin=806 CharacterOffsetEnd=810 PartOfSpeech=VB] [Text=was CharacterOffsetBegin=811 CharacterOffsetEnd=814 PartOfSpeech=VBD] [Text=on CharacterOffsetBegin=815 CharacterOffsetEnd=817 PartOfSpeech=IN] [Text=opening CharacterOffsetBegin=818 CharacterOffsetEnd=825 PartOfSpeech=VBG] [Text=night CharacterOffsetBegin=826 CharacterOffsetEnd=831 PartOfSpeech=NN] [Text=. CharacterOffsetBegin=831 CharacterOffsetEnd=832 PartOfSpeech=.] 
root(ROOT-0, mean-2)
nsubj(mean-2, I-1)
num(minute-4, one-3)
dobj(mean-2, minute-4)
nsubj(despises-6, he-5)
rcmod(minute-4, despises-6)
dobj(despises-6, her-7)
cc(her-7, and-8)
det(next-10, the-9)
dep(going-13, next-10)
nsubj(going-13, they-11)
aux(going-13, are-12)
conj(her-7, going-13)
prt(going-13, out-14)
prep(going-13, on-15)
det(date-17, a-16)
pobj(on-15, date-17)
advmod(like-35, then-18)
det(time-21, the-19)
amod(time-21, next-20)
nsubj(like-35, time-21)
nsubj(meet-23, they-22)
rcmod(time-21, meet-23)
prep(meet-23, after-24)
det(date-26, that-25)
pobj(after-24, date-26)
nsubj(are-28, they-27)
rcmod(time-21, are-28)
prep(are-28, in-29)
nn(i-32, love.Another-30)
nn(i-32, point-31)
pobj(in-29, i-32)
aux(like-35, did-33)
neg(like-35, n't-34)
rcmod(her-7, like-35)
dep(like-35, was-36)
prep(was-36, on-37)
nn(night-39, opening-38)
pobj(on-37, night-39)
punct(mean-2, .-40)

Sentence #8 (42 tokens):
If i were Lily i would be furious with John but she isn't...it just doesn't make sense.But all in all i would have to give this film a 10 because it is just wonderful and almost perfect.
[Text=If CharacterOffsetBegin=837 CharacterOffsetEnd=839 PartOfSpeech=IN] [Text=i CharacterOffsetBegin=840 CharacterOffsetEnd=841 PartOfSpeech=FW] [Text=were CharacterOffsetBegin=842 CharacterOffsetEnd=846 PartOfSpeech=VBD] [Text=Lily CharacterOffsetBegin=847 CharacterOffsetEnd=851 PartOfSpeech=NNP] [Text=i CharacterOffsetBegin=852 CharacterOffsetEnd=853 PartOfSpeech=FW] [Text=would CharacterOffsetBegin=854 CharacterOffsetEnd=859 PartOfSpeech=MD] [Text=be CharacterOffsetBegin=860 CharacterOffsetEnd=862 PartOfSpeech=VB] [Text=furious CharacterOffsetBegin=863 CharacterOffsetEnd=870 PartOfSpeech=JJ] [Text=with CharacterOffsetBegin=871 CharacterOffsetEnd=875 PartOfSpeech=IN] [Text=John CharacterOffsetBegin=876 CharacterOffsetEnd=880 PartOfSpeech=NNP] [Text=but CharacterOffsetBegin=881 CharacterOffsetEnd=884 PartOfSpeech=CC] [Text=she CharacterOffsetBegin=885 CharacterOffsetEnd=888 PartOfSpeech=PRP] [Text=is CharacterOffsetBegin=889 CharacterOffsetEnd=891 PartOfSpeech=VBZ] [Text=n't CharacterOffsetBegin=891 CharacterOffsetEnd=894 PartOfSpeech=RB] [Text=... CharacterOffsetBegin=894 CharacterOffsetEnd=897 PartOfSpeech=:] [Text=it CharacterOffsetBegin=897 CharacterOffsetEnd=899 PartOfSpeech=PRP] [Text=just CharacterOffsetBegin=900 CharacterOffsetEnd=904 PartOfSpeech=RB] [Text=does CharacterOffsetBegin=905 CharacterOffsetEnd=909 PartOfSpeech=VBZ] [Text=n't CharacterOffsetBegin=909 CharacterOffsetEnd=912 PartOfSpeech=RB] [Text=make CharacterOffsetBegin=913 CharacterOffsetEnd=917 PartOfSpeech=VB] [Text=sense.But CharacterOffsetBegin=918 CharacterOffsetEnd=927 PartOfSpeech=NN] [Text=all CharacterOffsetBegin=928 CharacterOffsetEnd=931 PartOfSpeech=DT] [Text=in CharacterOffsetBegin=932 CharacterOffsetEnd=934 PartOfSpeech=IN] [Text=all CharacterOffsetBegin=935 CharacterOffsetEnd=938 PartOfSpeech=DT] [Text=i CharacterOffsetBegin=939 CharacterOffsetEnd=940 PartOfSpeech=FW] [Text=would CharacterOffsetBegin=941 CharacterOffsetEnd=946 PartOfSpeech=MD] [Text=have CharacterOffsetBegin=947 CharacterOffsetEnd=951 PartOfSpeech=VB] [Text=to CharacterOffsetBegin=952 CharacterOffsetEnd=954 PartOfSpeech=TO] [Text=give CharacterOffsetBegin=955 CharacterOffsetEnd=959 PartOfSpeech=VB] [Text=this CharacterOffsetBegin=960 CharacterOffsetEnd=964 PartOfSpeech=DT] [Text=film CharacterOffsetBegin=965 CharacterOffsetEnd=969 PartOfSpeech=NN] [Text=a CharacterOffsetBegin=970 CharacterOffsetEnd=971 PartOfSpeech=DT] [Text=10 CharacterOffsetBegin=972 CharacterOffsetEnd=974 PartOfSpeech=CD] [Text=because CharacterOffsetBegin=975 CharacterOffsetEnd=982 PartOfSpeech=IN] [Text=it CharacterOffsetBegin=983 CharacterOffsetEnd=985 PartOfSpeech=PRP] [Text=is CharacterOffsetBegin=986 CharacterOffsetEnd=988 PartOfSpeech=VBZ] [Text=just CharacterOffsetBegin=989 CharacterOffsetEnd=993 PartOfSpeech=RB] [Text=wonderful CharacterOffsetBegin=994 CharacterOffsetEnd=1003 PartOfSpeech=JJ] [Text=and CharacterOffsetBegin=1004 CharacterOffsetEnd=1007 PartOfSpeech=CC] [Text=almost CharacterOffsetBegin=1008 CharacterOffsetEnd=1014 PartOfSpeech=RB] [Text=perfect CharacterOffsetBegin=1015 CharacterOffsetEnd=1022 PartOfSpeech=JJ] [Text=. CharacterOffsetBegin=1022 CharacterOffsetEnd=1023 PartOfSpeech=.] 
root(ROOT-0, furious-8)
mark(i-5, If-1)
nsubj(i-5, i-2)
cop(i-5, were-3)
nn(i-5, Lily-4)
nsubj(furious-8, i-5)
aux(furious-8, would-6)
cop(furious-8, be-7)
prep(furious-8, with-9)
pobj(with-9, John-10)
cc(furious-8, but-11)
nsubj(is-13, she-12)
conj(furious-8, is-13)
neg(is-13, n't-14)
punct(furious-8, ...-15)
nsubj(make-20, it-16)
advmod(make-20, just-17)
aux(make-20, does-18)
neg(make-20, n't-19)
csubj(have-27, make-20)
advmod(make-20, sense.But-21)
dep(sense.But-21, all-22)
prep(all-22, in-23)
det(i-25, all-24)
pobj(in-23, i-25)
aux(have-27, would-26)
ccomp(furious-8, have-27)
aux(give-29, to-28)
xcomp(have-27, give-29)
det(film-31, this-30)
iobj(give-29, film-31)
det(10-33, a-32)
dobj(give-29, 10-33)
mark(wonderful-38, because-34)
nsubj(wonderful-38, it-35)
cop(wonderful-38, is-36)
advmod(wonderful-38, just-37)
advcl(have-27, wonderful-38)
cc(wonderful-38, and-39)
advmod(perfect-41, almost-40)
conj(wonderful-38, perfect-41)
punct(furious-8, .-42)

