Sentence #1 (44 tokens):
Financial Corp. of Santa Barbara filed suit against former stock speculator Ivan F. Boesky and Drexel Burnham Lambert Inc., 
    charging 
    they defrauded the thrift 
    by concealing their relationship 
    when persuading it to buy $284 million in high-yield, high-risk junk bonds.
[Text=Financial CharacterOffsetBegin=4 CharacterOffsetEnd=13 PartOfSpeech=NNP] [Text=Corp. CharacterOffsetBegin=14 CharacterOffsetEnd=19 PartOfSpeech=NNP] [Text=of CharacterOffsetBegin=20 CharacterOffsetEnd=22 PartOfSpeech=IN] [Text=Santa CharacterOffsetBegin=23 CharacterOffsetEnd=28 PartOfSpeech=NNP] [Text=Barbara CharacterOffsetBegin=29 CharacterOffsetEnd=36 PartOfSpeech=NNP] [Text=filed CharacterOffsetBegin=37 CharacterOffsetEnd=42 PartOfSpeech=VBD] [Text=suit CharacterOffsetBegin=43 CharacterOffsetEnd=47 PartOfSpeech=NN] [Text=against CharacterOffsetBegin=48 CharacterOffsetEnd=55 PartOfSpeech=IN] [Text=former CharacterOffsetBegin=56 CharacterOffsetEnd=62 PartOfSpeech=JJ] [Text=stock CharacterOffsetBegin=63 CharacterOffsetEnd=68 PartOfSpeech=NN] [Text=speculator CharacterOffsetBegin=69 CharacterOffsetEnd=79 PartOfSpeech=NN] [Text=Ivan CharacterOffsetBegin=80 CharacterOffsetEnd=84 PartOfSpeech=NNP] [Text=F. CharacterOffsetBegin=85 CharacterOffsetEnd=87 PartOfSpeech=NNP] [Text=Boesky CharacterOffsetBegin=88 CharacterOffsetEnd=94 PartOfSpeech=NNP] [Text=and CharacterOffsetBegin=95 CharacterOffsetEnd=98 PartOfSpeech=CC] [Text=Drexel CharacterOffsetBegin=99 CharacterOffsetEnd=105 PartOfSpeech=NNP] [Text=Burnham CharacterOffsetBegin=106 CharacterOffsetEnd=113 PartOfSpeech=NNP] [Text=Lambert CharacterOffsetBegin=114 CharacterOffsetEnd=121 PartOfSpeech=NNP] [Text=Inc. CharacterOffsetBegin=122 CharacterOffsetEnd=126 PartOfSpeech=NNP] [Text=, CharacterOffsetBegin=126 CharacterOffsetEnd=127 PartOfSpeech=,] [Text=charging CharacterOffsetBegin=133 CharacterOffsetEnd=141 PartOfSpeech=VBG] [Text=they CharacterOffsetBegin=147 CharacterOffsetEnd=151 PartOfSpeech=PRP] [Text=defrauded CharacterOffsetBegin=152 CharacterOffsetEnd=161 PartOfSpeech=VBD] [Text=the CharacterOffsetBegin=162 CharacterOffsetEnd=165 PartOfSpeech=DT] [Text=thrift CharacterOffsetBegin=166 CharacterOffsetEnd=172 PartOfSpeech=NN] [Text=by CharacterOffsetBegin=178 CharacterOffsetEnd=180 PartOfSpeech=IN] [Text=concealing CharacterOffsetBegin=181 CharacterOffsetEnd=191 PartOfSpeech=VBG] [Text=their CharacterOffsetBegin=192 CharacterOffsetEnd=197 PartOfSpeech=PRP$] [Text=relationship CharacterOffsetBegin=198 CharacterOffsetEnd=210 PartOfSpeech=NN] [Text=when CharacterOffsetBegin=216 CharacterOffsetEnd=220 PartOfSpeech=WRB] [Text=persuading CharacterOffsetBegin=221 CharacterOffsetEnd=231 PartOfSpeech=VBG] [Text=it CharacterOffsetBegin=232 CharacterOffsetEnd=234 PartOfSpeech=PRP] [Text=to CharacterOffsetBegin=235 CharacterOffsetEnd=237 PartOfSpeech=TO] [Text=buy CharacterOffsetBegin=238 CharacterOffsetEnd=241 PartOfSpeech=VB] [Text=$ CharacterOffsetBegin=242 CharacterOffsetEnd=243 PartOfSpeech=$] [Text=284 CharacterOffsetBegin=243 CharacterOffsetEnd=246 PartOfSpeech=CD] [Text=million CharacterOffsetBegin=247 CharacterOffsetEnd=254 PartOfSpeech=CD] [Text=in CharacterOffsetBegin=255 CharacterOffsetEnd=257 PartOfSpeech=IN] [Text=high-yield CharacterOffsetBegin=258 CharacterOffsetEnd=268 PartOfSpeech=JJ] [Text=, CharacterOffsetBegin=268 CharacterOffsetEnd=269 PartOfSpeech=,] [Text=high-risk CharacterOffsetBegin=270 CharacterOffsetEnd=279 PartOfSpeech=JJ] [Text=junk CharacterOffsetBegin=280 CharacterOffsetEnd=284 PartOfSpeech=NN] [Text=bonds CharacterOffsetBegin=285 CharacterOffsetEnd=290 PartOfSpeech=NNS] [Text=. CharacterOffsetBegin=290 CharacterOffsetEnd=291 PartOfSpeech=.] 
root(ROOT-0, filed-6)
nn(Corp.-2, Financial-1)
nsubj(filed-6, Corp.-2)
prep(Corp.-2, of-3)
nn(Barbara-5, Santa-4)
pobj(of-3, Barbara-5)
dobj(filed-6, suit-7)
prep(filed-6, against-8)
amod(Boesky-14, former-9)
nn(Boesky-14, stock-10)
nn(Boesky-14, speculator-11)
nn(Boesky-14, Ivan-12)
nn(Boesky-14, F.-13)
pobj(against-8, Boesky-14)
cc(Boesky-14, and-15)
nn(Inc.-19, Drexel-16)
nn(Inc.-19, Burnham-17)
nn(Inc.-19, Lambert-18)
conj(Boesky-14, Inc.-19)
punct(filed-6, ,-20)
partmod(filed-6, charging-21)
nsubj(defrauded-23, they-22)
ccomp(charging-21, defrauded-23)
det(thrift-25, the-24)
dobj(defrauded-23, thrift-25)
prep(defrauded-23, by-26)
pcomp(by-26, concealing-27)
poss(relationship-29, their-28)
dobj(concealing-27, relationship-29)
prep(concealing-27, when-30)
dep(when-30, persuading-31)
dobj(persuading-31, it-32)
aux(buy-34, to-33)
xcomp(persuading-31, buy-34)
dobj(buy-34, $-35)
number(million-37, 284-36)
num($-35, million-37)
prep($-35, in-38)
amod(bonds-43, high-yield-39)
punct(bonds-43, ,-40)
amod(bonds-43, high-risk-41)
nn(bonds-43, junk-42)
pobj(in-38, bonds-43)
punct(filed-6, .-44)

Sentence #2 (29 tokens):
In a suit 
    filed in federal court Thursday, 
    the S&L alleged 
    that a "disproportionate number" of the bonds 
    it purchased in 1984 
    declined in value.
[Text=In CharacterOffsetBegin=297 CharacterOffsetEnd=299 PartOfSpeech=IN] [Text=a CharacterOffsetBegin=300 CharacterOffsetEnd=301 PartOfSpeech=DT] [Text=suit CharacterOffsetBegin=302 CharacterOffsetEnd=306 PartOfSpeech=NN] [Text=filed CharacterOffsetBegin=312 CharacterOffsetEnd=317 PartOfSpeech=VBN] [Text=in CharacterOffsetBegin=318 CharacterOffsetEnd=320 PartOfSpeech=IN] [Text=federal CharacterOffsetBegin=321 CharacterOffsetEnd=328 PartOfSpeech=JJ] [Text=court CharacterOffsetBegin=329 CharacterOffsetEnd=334 PartOfSpeech=NN] [Text=Thursday CharacterOffsetBegin=335 CharacterOffsetEnd=343 PartOfSpeech=NNP] [Text=, CharacterOffsetBegin=343 CharacterOffsetEnd=344 PartOfSpeech=,] [Text=the CharacterOffsetBegin=350 CharacterOffsetEnd=353 PartOfSpeech=DT] [Text=S&L CharacterOffsetBegin=354 CharacterOffsetEnd=357 PartOfSpeech=NN] [Text=alleged CharacterOffsetBegin=358 CharacterOffsetEnd=365 PartOfSpeech=VBD] [Text=that CharacterOffsetBegin=371 CharacterOffsetEnd=375 PartOfSpeech=IN] [Text=a CharacterOffsetBegin=376 CharacterOffsetEnd=377 PartOfSpeech=DT] [Text=`` CharacterOffsetBegin=378 CharacterOffsetEnd=379 PartOfSpeech=``] [Text=disproportionate CharacterOffsetBegin=379 CharacterOffsetEnd=395 PartOfSpeech=JJ] [Text=number CharacterOffsetBegin=396 CharacterOffsetEnd=402 PartOfSpeech=NN] [Text='' CharacterOffsetBegin=402 CharacterOffsetEnd=403 PartOfSpeech=''] [Text=of CharacterOffsetBegin=404 CharacterOffsetEnd=406 PartOfSpeech=IN] [Text=the CharacterOffsetBegin=407 CharacterOffsetEnd=410 PartOfSpeech=DT] [Text=bonds CharacterOffsetBegin=411 CharacterOffsetEnd=416 PartOfSpeech=NNS] [Text=it CharacterOffsetBegin=422 CharacterOffsetEnd=424 PartOfSpeech=PRP] [Text=purchased CharacterOffsetBegin=425 CharacterOffsetEnd=434 PartOfSpeech=VBD] [Text=in CharacterOffsetBegin=435 CharacterOffsetEnd=437 PartOfSpeech=IN] [Text=1984 CharacterOffsetBegin=438 CharacterOffsetEnd=442 PartOfSpeech=CD] [Text=declined CharacterOffsetBegin=448 CharacterOffsetEnd=456 PartOfSpeech=VBD] [Text=in CharacterOffsetBegin=457 CharacterOffsetEnd=459 PartOfSpeech=IN] [Text=value CharacterOffsetBegin=460 CharacterOffsetEnd=465 PartOfSpeech=NN] [Text=. CharacterOffsetBegin=465 CharacterOffsetEnd=466 PartOfSpeech=.] 
root(ROOT-0, alleged-12)
prep(alleged-12, In-1)
det(suit-3, a-2)
pobj(In-1, suit-3)
partmod(suit-3, filed-4)
prep(filed-4, in-5)
amod(court-7, federal-6)
pobj(in-5, court-7)
tmod(filed-4, Thursday-8)
punct(alleged-12, ,-9)
det(S&L-11, the-10)
nsubj(alleged-12, S&L-11)
mark(declined-26, that-13)
det(number-17, a-14)
punct(number-17, ``-15)
amod(number-17, disproportionate-16)
nsubj(declined-26, number-17)
punct(number-17, ''-18)
prep(number-17, of-19)
det(bonds-21, the-20)
pobj(of-19, bonds-21)
nsubj(purchased-23, it-22)
rcmod(bonds-21, purchased-23)
prep(purchased-23, in-24)
pobj(in-24, 1984-25)
ccomp(alleged-12, declined-26)
prep(declined-26, in-27)
pobj(in-27, value-28)
punct(alleged-12, .-29)

Sentence #3 (36 tokens):
Financial Corp. purchased the bonds, 
    the suit alleged, 
    after Mr. Boesky and Drexel negotiated an agreement for Vagabond Hotels 
    to purchase a 51% stake in the thrift for about $34 million.
[Text=Financial CharacterOffsetBegin=472 CharacterOffsetEnd=481 PartOfSpeech=NNP] [Text=Corp. CharacterOffsetBegin=482 CharacterOffsetEnd=487 PartOfSpeech=NNP] [Text=purchased CharacterOffsetBegin=488 CharacterOffsetEnd=497 PartOfSpeech=VBD] [Text=the CharacterOffsetBegin=498 CharacterOffsetEnd=501 PartOfSpeech=DT] [Text=bonds CharacterOffsetBegin=502 CharacterOffsetEnd=507 PartOfSpeech=NNS] [Text=, CharacterOffsetBegin=507 CharacterOffsetEnd=508 PartOfSpeech=,] [Text=the CharacterOffsetBegin=514 CharacterOffsetEnd=517 PartOfSpeech=DT] [Text=suit CharacterOffsetBegin=518 CharacterOffsetEnd=522 PartOfSpeech=NN] [Text=alleged CharacterOffsetBegin=523 CharacterOffsetEnd=530 PartOfSpeech=VBN] [Text=, CharacterOffsetBegin=530 CharacterOffsetEnd=531 PartOfSpeech=,] [Text=after CharacterOffsetBegin=537 CharacterOffsetEnd=542 PartOfSpeech=IN] [Text=Mr. CharacterOffsetBegin=543 CharacterOffsetEnd=546 PartOfSpeech=NNP] [Text=Boesky CharacterOffsetBegin=547 CharacterOffsetEnd=553 PartOfSpeech=NNP] [Text=and CharacterOffsetBegin=554 CharacterOffsetEnd=557 PartOfSpeech=CC] [Text=Drexel CharacterOffsetBegin=558 CharacterOffsetEnd=564 PartOfSpeech=NNP] [Text=negotiated CharacterOffsetBegin=565 CharacterOffsetEnd=575 PartOfSpeech=VBD] [Text=an CharacterOffsetBegin=576 CharacterOffsetEnd=578 PartOfSpeech=DT] [Text=agreement CharacterOffsetBegin=579 CharacterOffsetEnd=588 PartOfSpeech=NN] [Text=for CharacterOffsetBegin=589 CharacterOffsetEnd=592 PartOfSpeech=IN] [Text=Vagabond CharacterOffsetBegin=593 CharacterOffsetEnd=601 PartOfSpeech=NNP] [Text=Hotels CharacterOffsetBegin=602 CharacterOffsetEnd=608 PartOfSpeech=NNPS] [Text=to CharacterOffsetBegin=614 CharacterOffsetEnd=616 PartOfSpeech=TO] [Text=purchase CharacterOffsetBegin=617 CharacterOffsetEnd=625 PartOfSpeech=VB] [Text=a CharacterOffsetBegin=626 CharacterOffsetEnd=627 PartOfSpeech=DT] [Text=51 CharacterOffsetBegin=628 CharacterOffsetEnd=630 PartOfSpeech=CD] [Text=% CharacterOffsetBegin=630 CharacterOffsetEnd=631 PartOfSpeech=NN] [Text=stake CharacterOffsetBegin=632 CharacterOffsetEnd=637 PartOfSpeech=NN] [Text=in CharacterOffsetBegin=638 CharacterOffsetEnd=640 PartOfSpeech=IN] [Text=the CharacterOffsetBegin=641 CharacterOffsetEnd=644 PartOfSpeech=DT] [Text=thrift CharacterOffsetBegin=645 CharacterOffsetEnd=651 PartOfSpeech=NN] [Text=for CharacterOffsetBegin=652 CharacterOffsetEnd=655 PartOfSpeech=IN] [Text=about CharacterOffsetBegin=656 CharacterOffsetEnd=661 PartOfSpeech=IN] [Text=$ CharacterOffsetBegin=662 CharacterOffsetEnd=663 PartOfSpeech=$] [Text=34 CharacterOffsetBegin=663 CharacterOffsetEnd=665 PartOfSpeech=CD] [Text=million CharacterOffsetBegin=666 CharacterOffsetEnd=673 PartOfSpeech=CD] [Text=. CharacterOffsetBegin=673 CharacterOffsetEnd=674 PartOfSpeech=.] 
root(ROOT-0, purchased-3)
nn(Corp.-2, Financial-1)
nsubj(purchased-3, Corp.-2)
det(bonds-5, the-4)
dobj(purchased-3, bonds-5)
punct(alleged-9, ,-6)
det(suit-8, the-7)
nsubj(alleged-9, suit-8)
parataxis(purchased-3, alleged-9)
punct(alleged-9, ,-10)
mark(negotiated-16, after-11)
nn(Boesky-13, Mr.-12)
nsubj(negotiated-16, Boesky-13)
cc(Boesky-13, and-14)
conj(Boesky-13, Drexel-15)
advcl(purchased-3, negotiated-16)
det(agreement-18, an-17)
dobj(negotiated-16, agreement-18)
prep(agreement-18, for-19)
nn(Hotels-21, Vagabond-20)
pobj(for-19, Hotels-21)
aux(purchase-23, to-22)
xcomp(negotiated-16, purchase-23)
det(stake-27, a-24)
number(%-26, 51-25)
amod(stake-27, %-26)
dobj(purchase-23, stake-27)
prep(stake-27, in-28)
det(thrift-30, the-29)
pobj(in-28, thrift-30)
prep(purchase-23, for-31)
quantmod($-33, about-32)
pobj(for-31, $-33)
number($-33, 34-34)
number($-33, million-35)
punct(purchased-3, .-36)

Sentence #4 (19 tokens):
Vagabond Hotels was controlled by Mr. Boesky, 
    who currently is serving a prison term for securities violations.
[Text=Vagabond CharacterOffsetBegin=680 CharacterOffsetEnd=688 PartOfSpeech=NNP] [Text=Hotels CharacterOffsetBegin=689 CharacterOffsetEnd=695 PartOfSpeech=NNPS] [Text=was CharacterOffsetBegin=696 CharacterOffsetEnd=699 PartOfSpeech=VBD] [Text=controlled CharacterOffsetBegin=700 CharacterOffsetEnd=710 PartOfSpeech=VBN] [Text=by CharacterOffsetBegin=711 CharacterOffsetEnd=713 PartOfSpeech=IN] [Text=Mr. CharacterOffsetBegin=714 CharacterOffsetEnd=717 PartOfSpeech=NNP] [Text=Boesky CharacterOffsetBegin=718 CharacterOffsetEnd=724 PartOfSpeech=NNP] [Text=, CharacterOffsetBegin=724 CharacterOffsetEnd=725 PartOfSpeech=,] [Text=who CharacterOffsetBegin=731 CharacterOffsetEnd=734 PartOfSpeech=WP] [Text=currently CharacterOffsetBegin=735 CharacterOffsetEnd=744 PartOfSpeech=RB] [Text=is CharacterOffsetBegin=745 CharacterOffsetEnd=747 PartOfSpeech=VBZ] [Text=serving CharacterOffsetBegin=748 CharacterOffsetEnd=755 PartOfSpeech=VBG] [Text=a CharacterOffsetBegin=756 CharacterOffsetEnd=757 PartOfSpeech=DT] [Text=prison CharacterOffsetBegin=758 CharacterOffsetEnd=764 PartOfSpeech=NN] [Text=term CharacterOffsetBegin=765 CharacterOffsetEnd=769 PartOfSpeech=NN] [Text=for CharacterOffsetBegin=770 CharacterOffsetEnd=773 PartOfSpeech=IN] [Text=securities CharacterOffsetBegin=774 CharacterOffsetEnd=784 PartOfSpeech=NNS] [Text=violations CharacterOffsetBegin=785 CharacterOffsetEnd=795 PartOfSpeech=NNS] [Text=. CharacterOffsetBegin=795 CharacterOffsetEnd=796 PartOfSpeech=.] 
root(ROOT-0, controlled-4)
nn(Hotels-2, Vagabond-1)
nsubjpass(controlled-4, Hotels-2)
auxpass(controlled-4, was-3)
prep(controlled-4, by-5)
nn(Boesky-7, Mr.-6)
pobj(by-5, Boesky-7)
punct(Boesky-7, ,-8)
nsubj(serving-12, who-9)
advmod(serving-12, currently-10)
aux(serving-12, is-11)
rcmod(Boesky-7, serving-12)
det(term-15, a-13)
nn(term-15, prison-14)
dobj(serving-12, term-15)
prep(serving-12, for-16)
nn(violations-18, securities-17)
pobj(for-16, violations-18)
punct(controlled-4, .-19)

Sentence #5 (16 tokens):
Officials at Drexel said 
    they hadn't seen the suit 
    and thus couldn't comment.
[Text=Officials CharacterOffsetBegin=802 CharacterOffsetEnd=811 PartOfSpeech=NNS] [Text=at CharacterOffsetBegin=812 CharacterOffsetEnd=814 PartOfSpeech=IN] [Text=Drexel CharacterOffsetBegin=815 CharacterOffsetEnd=821 PartOfSpeech=NNP] [Text=said CharacterOffsetBegin=822 CharacterOffsetEnd=826 PartOfSpeech=VBD] [Text=they CharacterOffsetBegin=832 CharacterOffsetEnd=836 PartOfSpeech=PRP] [Text=had CharacterOffsetBegin=837 CharacterOffsetEnd=840 PartOfSpeech=VBD] [Text=n't CharacterOffsetBegin=840 CharacterOffsetEnd=843 PartOfSpeech=RB] [Text=seen CharacterOffsetBegin=844 CharacterOffsetEnd=848 PartOfSpeech=VBN] [Text=the CharacterOffsetBegin=849 CharacterOffsetEnd=852 PartOfSpeech=DT] [Text=suit CharacterOffsetBegin=853 CharacterOffsetEnd=857 PartOfSpeech=NN] [Text=and CharacterOffsetBegin=863 CharacterOffsetEnd=866 PartOfSpeech=CC] [Text=thus CharacterOffsetBegin=867 CharacterOffsetEnd=871 PartOfSpeech=RB] [Text=could CharacterOffsetBegin=872 CharacterOffsetEnd=877 PartOfSpeech=MD] [Text=n't CharacterOffsetBegin=877 CharacterOffsetEnd=880 PartOfSpeech=RB] [Text=comment CharacterOffsetBegin=881 CharacterOffsetEnd=888 PartOfSpeech=VB] [Text=. CharacterOffsetBegin=888 CharacterOffsetEnd=889 PartOfSpeech=.] 
root(ROOT-0, said-4)
nsubj(said-4, Officials-1)
prep(Officials-1, at-2)
pobj(at-2, Drexel-3)
nsubj(seen-8, they-5)
aux(seen-8, had-6)
neg(seen-8, n't-7)
ccomp(said-4, seen-8)
det(suit-10, the-9)
dobj(seen-8, suit-10)
cc(seen-8, and-11)
advmod(seen-8, thus-12)
aux(comment-15, could-13)
neg(comment-15, n't-14)
conj(seen-8, comment-15)
punct(said-4, .-16)

Sentence #6 (19 tokens):
In addition to $33 million compensatory damages, the suit seeks $100 million in punitive damages.
[Text=In CharacterOffsetBegin=895 CharacterOffsetEnd=897 PartOfSpeech=IN] [Text=addition CharacterOffsetBegin=898 CharacterOffsetEnd=906 PartOfSpeech=NN] [Text=to CharacterOffsetBegin=907 CharacterOffsetEnd=909 PartOfSpeech=TO] [Text=$ CharacterOffsetBegin=910 CharacterOffsetEnd=911 PartOfSpeech=$] [Text=33 CharacterOffsetBegin=911 CharacterOffsetEnd=913 PartOfSpeech=CD] [Text=million CharacterOffsetBegin=914 CharacterOffsetEnd=921 PartOfSpeech=CD] [Text=compensatory CharacterOffsetBegin=922 CharacterOffsetEnd=934 PartOfSpeech=JJ] [Text=damages CharacterOffsetBegin=935 CharacterOffsetEnd=942 PartOfSpeech=NNS] [Text=, CharacterOffsetBegin=942 CharacterOffsetEnd=943 PartOfSpeech=,] [Text=the CharacterOffsetBegin=944 CharacterOffsetEnd=947 PartOfSpeech=DT] [Text=suit CharacterOffsetBegin=948 CharacterOffsetEnd=952 PartOfSpeech=NN] [Text=seeks CharacterOffsetBegin=953 CharacterOffsetEnd=958 PartOfSpeech=VBZ] [Text=$ CharacterOffsetBegin=959 CharacterOffsetEnd=960 PartOfSpeech=$] [Text=100 CharacterOffsetBegin=960 CharacterOffsetEnd=963 PartOfSpeech=CD] [Text=million CharacterOffsetBegin=964 CharacterOffsetEnd=971 PartOfSpeech=CD] [Text=in CharacterOffsetBegin=972 CharacterOffsetEnd=974 PartOfSpeech=IN] [Text=punitive CharacterOffsetBegin=975 CharacterOffsetEnd=983 PartOfSpeech=JJ] [Text=damages CharacterOffsetBegin=984 CharacterOffsetEnd=991 PartOfSpeech=NNS] [Text=. CharacterOffsetBegin=991 CharacterOffsetEnd=992 PartOfSpeech=.] 
root(ROOT-0, seeks-12)
prep(seeks-12, In-1)
pobj(In-1, addition-2)
prep(addition-2, to-3)
amod(damages-8, $-4)
number(million-6, 33-5)
num($-4, million-6)
amod(damages-8, compensatory-7)
pobj(to-3, damages-8)
punct(seeks-12, ,-9)
det(suit-11, the-10)
nsubj(seeks-12, suit-11)
dobj(seeks-12, $-13)
number(million-15, 100-14)
num($-13, million-15)
prep($-13, in-16)
amod(damages-18, punitive-17)
pobj(in-16, damages-18)
punct(seeks-12, .-19)

Sentence #7 (21 tokens):
Also named in the suit is Ivan F. Boesky Corp. and Northview Corp., the successor company to Vagabonds Hotels.
[Text=Also CharacterOffsetBegin=998 CharacterOffsetEnd=1002 PartOfSpeech=RB] [Text=named CharacterOffsetBegin=1003 CharacterOffsetEnd=1008 PartOfSpeech=VBN] [Text=in CharacterOffsetBegin=1009 CharacterOffsetEnd=1011 PartOfSpeech=IN] [Text=the CharacterOffsetBegin=1012 CharacterOffsetEnd=1015 PartOfSpeech=DT] [Text=suit CharacterOffsetBegin=1016 CharacterOffsetEnd=1020 PartOfSpeech=NN] [Text=is CharacterOffsetBegin=1021 CharacterOffsetEnd=1023 PartOfSpeech=VBZ] [Text=Ivan CharacterOffsetBegin=1024 CharacterOffsetEnd=1028 PartOfSpeech=NNP] [Text=F. CharacterOffsetBegin=1029 CharacterOffsetEnd=1031 PartOfSpeech=NNP] [Text=Boesky CharacterOffsetBegin=1032 CharacterOffsetEnd=1038 PartOfSpeech=NNP] [Text=Corp. CharacterOffsetBegin=1039 CharacterOffsetEnd=1044 PartOfSpeech=NNP] [Text=and CharacterOffsetBegin=1045 CharacterOffsetEnd=1048 PartOfSpeech=CC] [Text=Northview CharacterOffsetBegin=1049 CharacterOffsetEnd=1058 PartOfSpeech=NNP] [Text=Corp. CharacterOffsetBegin=1059 CharacterOffsetEnd=1064 PartOfSpeech=NNP] [Text=, CharacterOffsetBegin=1064 CharacterOffsetEnd=1065 PartOfSpeech=,] [Text=the CharacterOffsetBegin=1066 CharacterOffsetEnd=1069 PartOfSpeech=DT] [Text=successor CharacterOffsetBegin=1070 CharacterOffsetEnd=1079 PartOfSpeech=NN] [Text=company CharacterOffsetBegin=1080 CharacterOffsetEnd=1087 PartOfSpeech=NN] [Text=to CharacterOffsetBegin=1088 CharacterOffsetEnd=1090 PartOfSpeech=TO] [Text=Vagabonds CharacterOffsetBegin=1091 CharacterOffsetEnd=1100 PartOfSpeech=NNPS] [Text=Hotels CharacterOffsetBegin=1101 CharacterOffsetEnd=1107 PartOfSpeech=NNPS] [Text=. CharacterOffsetBegin=1107 CharacterOffsetEnd=1108 PartOfSpeech=.] 
root(ROOT-0, named-2)
advmod(named-2, Also-1)
prep(named-2, in-3)
det(suit-5, the-4)
pobj(in-3, suit-5)
auxpass(named-2, is-6)
nn(Corp.-10, Ivan-7)
nn(Corp.-10, F.-8)
nn(Corp.-10, Boesky-9)
nsubjpass(named-2, Corp.-10)
cc(Corp.-10, and-11)
nn(Corp.-13, Northview-12)
conj(Corp.-10, Corp.-13)
punct(Corp.-10, ,-14)
det(company-17, the-15)
nn(company-17, successor-16)
appos(Corp.-10, company-17)
prep(company-17, to-18)
nn(Hotels-20, Vagabonds-19)
pobj(to-18, Hotels-20)
punct(named-2, .-21)

Sentence #8 (7 tokens):
Northview officials couldn't be located.
[Text=Northview CharacterOffsetBegin=1114 CharacterOffsetEnd=1123 PartOfSpeech=NNP] [Text=officials CharacterOffsetBegin=1124 CharacterOffsetEnd=1133 PartOfSpeech=NNS] [Text=could CharacterOffsetBegin=1134 CharacterOffsetEnd=1139 PartOfSpeech=MD] [Text=n't CharacterOffsetBegin=1139 CharacterOffsetEnd=1142 PartOfSpeech=RB] [Text=be CharacterOffsetBegin=1143 CharacterOffsetEnd=1145 PartOfSpeech=VB] [Text=located CharacterOffsetBegin=1146 CharacterOffsetEnd=1153 PartOfSpeech=JJ] [Text=. CharacterOffsetBegin=1153 CharacterOffsetEnd=1154 PartOfSpeech=.] 
root(ROOT-0, located-6)
nn(officials-2, Northview-1)
nsubj(located-6, officials-2)
aux(located-6, could-3)
neg(located-6, n't-4)
auxpass(located-6, be-5)
punct(located-6, .-7)

Sentence #9 (36 tokens):
Financial Corp. said 
    it agreed to buy the bonds 
    after a representative of Ivan F. Boesky Corp. visited it in November 1983 
    and said 
    Financial Corp. could improve its financial condition 
    by purchasing the bonds.
[Text=Financial CharacterOffsetBegin=1160 CharacterOffsetEnd=1169 PartOfSpeech=NNP] [Text=Corp. CharacterOffsetBegin=1170 CharacterOffsetEnd=1175 PartOfSpeech=NNP] [Text=said CharacterOffsetBegin=1176 CharacterOffsetEnd=1180 PartOfSpeech=VBD] [Text=it CharacterOffsetBegin=1186 CharacterOffsetEnd=1188 PartOfSpeech=PRP] [Text=agreed CharacterOffsetBegin=1189 CharacterOffsetEnd=1195 PartOfSpeech=VBD] [Text=to CharacterOffsetBegin=1196 CharacterOffsetEnd=1198 PartOfSpeech=TO] [Text=buy CharacterOffsetBegin=1199 CharacterOffsetEnd=1202 PartOfSpeech=VB] [Text=the CharacterOffsetBegin=1203 CharacterOffsetEnd=1206 PartOfSpeech=DT] [Text=bonds CharacterOffsetBegin=1207 CharacterOffsetEnd=1212 PartOfSpeech=NNS] [Text=after CharacterOffsetBegin=1218 CharacterOffsetEnd=1223 PartOfSpeech=IN] [Text=a CharacterOffsetBegin=1224 CharacterOffsetEnd=1225 PartOfSpeech=DT] [Text=representative CharacterOffsetBegin=1226 CharacterOffsetEnd=1240 PartOfSpeech=NN] [Text=of CharacterOffsetBegin=1241 CharacterOffsetEnd=1243 PartOfSpeech=IN] [Text=Ivan CharacterOffsetBegin=1244 CharacterOffsetEnd=1248 PartOfSpeech=NNP] [Text=F. CharacterOffsetBegin=1249 CharacterOffsetEnd=1251 PartOfSpeech=NNP] [Text=Boesky CharacterOffsetBegin=1252 CharacterOffsetEnd=1258 PartOfSpeech=NNP] [Text=Corp. CharacterOffsetBegin=1259 CharacterOffsetEnd=1264 PartOfSpeech=NNP] [Text=visited CharacterOffsetBegin=1265 CharacterOffsetEnd=1272 PartOfSpeech=VBD] [Text=it CharacterOffsetBegin=1273 CharacterOffsetEnd=1275 PartOfSpeech=PRP] [Text=in CharacterOffsetBegin=1276 CharacterOffsetEnd=1278 PartOfSpeech=IN] [Text=November CharacterOffsetBegin=1279 CharacterOffsetEnd=1287 PartOfSpeech=NNP] [Text=1983 CharacterOffsetBegin=1288 CharacterOffsetEnd=1292 PartOfSpeech=CD] [Text=and CharacterOffsetBegin=1298 CharacterOffsetEnd=1301 PartOfSpeech=CC] [Text=said CharacterOffsetBegin=1302 CharacterOffsetEnd=1306 PartOfSpeech=VBD] [Text=Financial CharacterOffsetBegin=1312 CharacterOffsetEnd=1321 PartOfSpeech=NNP] [Text=Corp. CharacterOffsetBegin=1322 CharacterOffsetEnd=1327 PartOfSpeech=NNP] [Text=could CharacterOffsetBegin=1328 CharacterOffsetEnd=1333 PartOfSpeech=MD] [Text=improve CharacterOffsetBegin=1334 CharacterOffsetEnd=1341 PartOfSpeech=VB] [Text=its CharacterOffsetBegin=1342 CharacterOffsetEnd=1345 PartOfSpeech=PRP$] [Text=financial CharacterOffsetBegin=1346 CharacterOffsetEnd=1355 PartOfSpeech=JJ] [Text=condition CharacterOffsetBegin=1356 CharacterOffsetEnd=1365 PartOfSpeech=NN] [Text=by CharacterOffsetBegin=1371 CharacterOffsetEnd=1373 PartOfSpeech=IN] [Text=purchasing CharacterOffsetBegin=1374 CharacterOffsetEnd=1384 PartOfSpeech=VBG] [Text=the CharacterOffsetBegin=1385 CharacterOffsetEnd=1388 PartOfSpeech=DT] [Text=bonds CharacterOffsetBegin=1389 CharacterOffsetEnd=1394 PartOfSpeech=NNS] [Text=. CharacterOffsetBegin=1394 CharacterOffsetEnd=1395 PartOfSpeech=.] 
root(ROOT-0, said-3)
nn(Corp.-2, Financial-1)
nsubj(said-3, Corp.-2)
nsubj(agreed-5, it-4)
ccomp(said-3, agreed-5)
aux(buy-7, to-6)
xcomp(agreed-5, buy-7)
det(bonds-9, the-8)
dobj(buy-7, bonds-9)
mark(visited-18, after-10)
det(representative-12, a-11)
nsubj(visited-18, representative-12)
prep(representative-12, of-13)
nn(Corp.-17, Ivan-14)
nn(Corp.-17, F.-15)
nn(Corp.-17, Boesky-16)
pobj(of-13, Corp.-17)
advcl(buy-7, visited-18)
dobj(visited-18, it-19)
prep(visited-18, in-20)
pobj(in-20, November-21)
num(November-21, 1983-22)
cc(said-3, and-23)
conj(said-3, said-24)
nn(Corp.-26, Financial-25)
nsubj(improve-28, Corp.-26)
aux(improve-28, could-27)
ccomp(said-24, improve-28)
poss(condition-31, its-29)
amod(condition-31, financial-30)
dobj(improve-28, condition-31)
prep(improve-28, by-32)
pcomp(by-32, purchasing-33)
det(bonds-35, the-34)
dobj(purchasing-33, bonds-35)
punct(said-3, .-36)

Sentence #10 (33 tokens):
Shortly before the visit, Mr. Boesky and Drexel representives had met with Financial Corp. officials 
    and had signed a letter of intent 
    to acquire the 51% stake in the company.
[Text=Shortly CharacterOffsetBegin=1401 CharacterOffsetEnd=1408 PartOfSpeech=RB] [Text=before CharacterOffsetBegin=1409 CharacterOffsetEnd=1415 PartOfSpeech=IN] [Text=the CharacterOffsetBegin=1416 CharacterOffsetEnd=1419 PartOfSpeech=DT] [Text=visit CharacterOffsetBegin=1420 CharacterOffsetEnd=1425 PartOfSpeech=NN] [Text=, CharacterOffsetBegin=1425 CharacterOffsetEnd=1426 PartOfSpeech=,] [Text=Mr. CharacterOffsetBegin=1427 CharacterOffsetEnd=1430 PartOfSpeech=NNP] [Text=Boesky CharacterOffsetBegin=1431 CharacterOffsetEnd=1437 PartOfSpeech=NNP] [Text=and CharacterOffsetBegin=1438 CharacterOffsetEnd=1441 PartOfSpeech=CC] [Text=Drexel CharacterOffsetBegin=1442 CharacterOffsetEnd=1448 PartOfSpeech=NNP] [Text=representives CharacterOffsetBegin=1449 CharacterOffsetEnd=1462 PartOfSpeech=NNS] [Text=had CharacterOffsetBegin=1463 CharacterOffsetEnd=1466 PartOfSpeech=VBD] [Text=met CharacterOffsetBegin=1467 CharacterOffsetEnd=1470 PartOfSpeech=VBN] [Text=with CharacterOffsetBegin=1471 CharacterOffsetEnd=1475 PartOfSpeech=IN] [Text=Financial CharacterOffsetBegin=1476 CharacterOffsetEnd=1485 PartOfSpeech=NNP] [Text=Corp. CharacterOffsetBegin=1486 CharacterOffsetEnd=1491 PartOfSpeech=NNP] [Text=officials CharacterOffsetBegin=1492 CharacterOffsetEnd=1501 PartOfSpeech=NNS] [Text=and CharacterOffsetBegin=1507 CharacterOffsetEnd=1510 PartOfSpeech=CC] [Text=had CharacterOffsetBegin=1511 CharacterOffsetEnd=1514 PartOfSpeech=VBD] [Text=signed CharacterOffsetBegin=1515 CharacterOffsetEnd=1521 PartOfSpeech=VBN] [Text=a CharacterOffsetBegin=1522 CharacterOffsetEnd=1523 PartOfSpeech=DT] [Text=letter CharacterOffsetBegin=1524 CharacterOffsetEnd=1530 PartOfSpeech=NN] [Text=of CharacterOffsetBegin=1531 CharacterOffsetEnd=1533 PartOfSpeech=IN] [Text=intent CharacterOffsetBegin=1534 CharacterOffsetEnd=1540 PartOfSpeech=NN] [Text=to CharacterOffsetBegin=1546 CharacterOffsetEnd=1548 PartOfSpeech=TO] [Text=acquire CharacterOffsetBegin=1549 CharacterOffsetEnd=1556 PartOfSpeech=VB] [Text=the CharacterOffsetBegin=1557 CharacterOffsetEnd=1560 PartOfSpeech=DT] [Text=51 CharacterOffsetBegin=1561 CharacterOffsetEnd=1563 PartOfSpeech=CD] [Text=% CharacterOffsetBegin=1563 CharacterOffsetEnd=1564 PartOfSpeech=NN] [Text=stake CharacterOffsetBegin=1565 CharacterOffsetEnd=1570 PartOfSpeech=NN] [Text=in CharacterOffsetBegin=1571 CharacterOffsetEnd=1573 PartOfSpeech=IN] [Text=the CharacterOffsetBegin=1574 CharacterOffsetEnd=1577 PartOfSpeech=DT] [Text=company CharacterOffsetBegin=1578 CharacterOffsetEnd=1585 PartOfSpeech=NN] [Text=. CharacterOffsetBegin=1585 CharacterOffsetEnd=1586 PartOfSpeech=.] 
root(ROOT-0, met-12)
advmod(met-12, Shortly-1)
prep(Shortly-1, before-2)
det(visit-4, the-3)
pobj(before-2, visit-4)
punct(met-12, ,-5)
nn(Boesky-7, Mr.-6)
nsubj(met-12, Boesky-7)
cc(Boesky-7, and-8)
nn(representives-10, Drexel-9)
conj(Boesky-7, representives-10)
aux(met-12, had-11)
prep(met-12, with-13)
nn(officials-16, Financial-14)
nn(officials-16, Corp.-15)
pobj(with-13, officials-16)
cc(met-12, and-17)
aux(signed-19, had-18)
conj(met-12, signed-19)
det(letter-21, a-20)
dobj(signed-19, letter-21)
prep(letter-21, of-22)
pobj(of-22, intent-23)
aux(acquire-25, to-24)
infmod(intent-23, acquire-25)
det(stake-29, the-26)
number(%-28, 51-27)
amod(stake-29, %-28)
dobj(acquire-25, stake-29)
prep(stake-29, in-30)
det(company-32, the-31)
pobj(in-30, company-32)
punct(met-12, .-33)

Sentence #11 (10 tokens):
However, the agreement was canceled in June 1984.
[Text=However CharacterOffsetBegin=1592 CharacterOffsetEnd=1599 PartOfSpeech=RB] [Text=, CharacterOffsetBegin=1599 CharacterOffsetEnd=1600 PartOfSpeech=,] [Text=the CharacterOffsetBegin=1601 CharacterOffsetEnd=1604 PartOfSpeech=DT] [Text=agreement CharacterOffsetBegin=1605 CharacterOffsetEnd=1614 PartOfSpeech=NN] [Text=was CharacterOffsetBegin=1615 CharacterOffsetEnd=1618 PartOfSpeech=VBD] [Text=canceled CharacterOffsetBegin=1619 CharacterOffsetEnd=1627 PartOfSpeech=VBN] [Text=in CharacterOffsetBegin=1628 CharacterOffsetEnd=1630 PartOfSpeech=IN] [Text=June CharacterOffsetBegin=1631 CharacterOffsetEnd=1635 PartOfSpeech=NNP] [Text=1984 CharacterOffsetBegin=1636 CharacterOffsetEnd=1640 PartOfSpeech=CD] [Text=. CharacterOffsetBegin=1640 CharacterOffsetEnd=1641 PartOfSpeech=.] 
root(ROOT-0, canceled-6)
advmod(canceled-6, However-1)
punct(canceled-6, ,-2)
det(agreement-4, the-3)
nsubjpass(canceled-6, agreement-4)
auxpass(canceled-6, was-5)
prep(canceled-6, in-7)
pobj(in-7, June-8)
num(June-8, 1984-9)
punct(canceled-6, .-10)

Sentence #12 (30 tokens):
Financial Corp. purchased the bonds in at least 70 different transactions in 1984 
    and since then has realized $11 million in losses on them, 
    the company said.
[Text=Financial CharacterOffsetBegin=1647 CharacterOffsetEnd=1656 PartOfSpeech=NNP] [Text=Corp. CharacterOffsetBegin=1657 CharacterOffsetEnd=1662 PartOfSpeech=NNP] [Text=purchased CharacterOffsetBegin=1663 CharacterOffsetEnd=1672 PartOfSpeech=VBD] [Text=the CharacterOffsetBegin=1673 CharacterOffsetEnd=1676 PartOfSpeech=DT] [Text=bonds CharacterOffsetBegin=1677 CharacterOffsetEnd=1682 PartOfSpeech=NNS] [Text=in CharacterOffsetBegin=1683 CharacterOffsetEnd=1685 PartOfSpeech=IN] [Text=at CharacterOffsetBegin=1686 CharacterOffsetEnd=1688 PartOfSpeech=IN] [Text=least CharacterOffsetBegin=1689 CharacterOffsetEnd=1694 PartOfSpeech=JJS] [Text=70 CharacterOffsetBegin=1695 CharacterOffsetEnd=1697 PartOfSpeech=CD] [Text=different CharacterOffsetBegin=1698 CharacterOffsetEnd=1707 PartOfSpeech=JJ] [Text=transactions CharacterOffsetBegin=1708 CharacterOffsetEnd=1720 PartOfSpeech=NNS] [Text=in CharacterOffsetBegin=1721 CharacterOffsetEnd=1723 PartOfSpeech=IN] [Text=1984 CharacterOffsetBegin=1724 CharacterOffsetEnd=1728 PartOfSpeech=CD] [Text=and CharacterOffsetBegin=1734 CharacterOffsetEnd=1737 PartOfSpeech=CC] [Text=since CharacterOffsetBegin=1738 CharacterOffsetEnd=1743 PartOfSpeech=IN] [Text=then CharacterOffsetBegin=1744 CharacterOffsetEnd=1748 PartOfSpeech=RB] [Text=has CharacterOffsetBegin=1749 CharacterOffsetEnd=1752 PartOfSpeech=VBZ] [Text=realized CharacterOffsetBegin=1753 CharacterOffsetEnd=1761 PartOfSpeech=VBN] [Text=$ CharacterOffsetBegin=1762 CharacterOffsetEnd=1763 PartOfSpeech=$] [Text=11 CharacterOffsetBegin=1763 CharacterOffsetEnd=1765 PartOfSpeech=CD] [Text=million CharacterOffsetBegin=1766 CharacterOffsetEnd=1773 PartOfSpeech=CD] [Text=in CharacterOffsetBegin=1774 CharacterOffsetEnd=1776 PartOfSpeech=IN] [Text=losses CharacterOffsetBegin=1777 CharacterOffsetEnd=1783 PartOfSpeech=NNS] [Text=on CharacterOffsetBegin=1784 CharacterOffsetEnd=1786 PartOfSpeech=IN] [Text=them CharacterOffsetBegin=1787 CharacterOffsetEnd=1791 PartOfSpeech=PRP] [Text=, CharacterOffsetBegin=1791 CharacterOffsetEnd=1792 PartOfSpeech=,] [Text=the CharacterOffsetBegin=1798 CharacterOffsetEnd=1801 PartOfSpeech=DT] [Text=company CharacterOffsetBegin=1802 CharacterOffsetEnd=1809 PartOfSpeech=NN] [Text=said CharacterOffsetBegin=1810 CharacterOffsetEnd=1814 PartOfSpeech=VBD] [Text=. CharacterOffsetBegin=1814 CharacterOffsetEnd=1815 PartOfSpeech=.] 
root(ROOT-0, purchased-3)
nn(Corp.-2, Financial-1)
nsubj(purchased-3, Corp.-2)
det(bonds-5, the-4)
dobj(purchased-3, bonds-5)
prep(purchased-3, in-6)
quantmod(70-9, at-7)
mwe(at-7, least-8)
num(transactions-11, 70-9)
amod(transactions-11, different-10)
pobj(in-6, transactions-11)
prep(purchased-3, in-12)
pobj(in-12, 1984-13)
cc(purchased-3, and-14)
prep(realized-18, since-15)
pobj(since-15, then-16)
aux(realized-18, has-17)
ccomp(said-29, realized-18)
dobj(realized-18, $-19)
number(million-21, 11-20)
num($-19, million-21)
prep($-19, in-22)
pobj(in-22, losses-23)
prep(losses-23, on-24)
pobj(on-24, them-25)
punct(said-29, ,-26)
det(company-28, the-27)
nsubj(said-29, company-28)
conj(purchased-3, said-29)
punct(purchased-3, .-30)

