Sentence #1 (48 tokens):
HomeFed Corp. said 
    third-quarter net income slid 14% to $23.9 million, or $1.10 per fully diluted share, from $27.9 million, or $1.21 a fully diluted share, 
    because of increased bad assets and unexpected trouble 
    in unloading foreclosed property.
[Text=HomeFed CharacterOffsetBegin=4 CharacterOffsetEnd=11 PartOfSpeech=NNP] [Text=Corp. CharacterOffsetBegin=12 CharacterOffsetEnd=17 PartOfSpeech=NNP] [Text=said CharacterOffsetBegin=18 CharacterOffsetEnd=22 PartOfSpeech=VBD] [Text=third-quarter CharacterOffsetBegin=28 CharacterOffsetEnd=41 PartOfSpeech=JJ] [Text=net CharacterOffsetBegin=42 CharacterOffsetEnd=45 PartOfSpeech=JJ] [Text=income CharacterOffsetBegin=46 CharacterOffsetEnd=52 PartOfSpeech=NN] [Text=slid CharacterOffsetBegin=53 CharacterOffsetEnd=57 PartOfSpeech=VBD] [Text=14 CharacterOffsetBegin=58 CharacterOffsetEnd=60 PartOfSpeech=CD] [Text=% CharacterOffsetBegin=60 CharacterOffsetEnd=61 PartOfSpeech=NN] [Text=to CharacterOffsetBegin=62 CharacterOffsetEnd=64 PartOfSpeech=TO] [Text=$ CharacterOffsetBegin=65 CharacterOffsetEnd=66 PartOfSpeech=$] [Text=23.9 CharacterOffsetBegin=66 CharacterOffsetEnd=70 PartOfSpeech=CD] [Text=million CharacterOffsetBegin=71 CharacterOffsetEnd=78 PartOfSpeech=CD] [Text=, CharacterOffsetBegin=78 CharacterOffsetEnd=79 PartOfSpeech=,] [Text=or CharacterOffsetBegin=80 CharacterOffsetEnd=82 PartOfSpeech=CC] [Text=$ CharacterOffsetBegin=83 CharacterOffsetEnd=84 PartOfSpeech=$] [Text=1.10 CharacterOffsetBegin=84 CharacterOffsetEnd=88 PartOfSpeech=CD] [Text=per CharacterOffsetBegin=89 CharacterOffsetEnd=92 PartOfSpeech=IN] [Text=fully CharacterOffsetBegin=93 CharacterOffsetEnd=98 PartOfSpeech=RB] [Text=diluted CharacterOffsetBegin=99 CharacterOffsetEnd=106 PartOfSpeech=VBN] [Text=share CharacterOffsetBegin=107 CharacterOffsetEnd=112 PartOfSpeech=NN] [Text=, CharacterOffsetBegin=112 CharacterOffsetEnd=113 PartOfSpeech=,] [Text=from CharacterOffsetBegin=114 CharacterOffsetEnd=118 PartOfSpeech=IN] [Text=$ CharacterOffsetBegin=119 CharacterOffsetEnd=120 PartOfSpeech=$] [Text=27.9 CharacterOffsetBegin=120 CharacterOffsetEnd=124 PartOfSpeech=CD] [Text=million CharacterOffsetBegin=125 CharacterOffsetEnd=132 PartOfSpeech=CD] [Text=, CharacterOffsetBegin=132 CharacterOffsetEnd=133 PartOfSpeech=,] [Text=or CharacterOffsetBegin=134 CharacterOffsetEnd=136 PartOfSpeech=CC] [Text=$ CharacterOffsetBegin=137 CharacterOffsetEnd=138 PartOfSpeech=$] [Text=1.21 CharacterOffsetBegin=138 CharacterOffsetEnd=142 PartOfSpeech=CD] [Text=a CharacterOffsetBegin=143 CharacterOffsetEnd=144 PartOfSpeech=DT] [Text=fully CharacterOffsetBegin=145 CharacterOffsetEnd=150 PartOfSpeech=RB] [Text=diluted CharacterOffsetBegin=151 CharacterOffsetEnd=158 PartOfSpeech=VBN] [Text=share CharacterOffsetBegin=159 CharacterOffsetEnd=164 PartOfSpeech=NN] [Text=, CharacterOffsetBegin=164 CharacterOffsetEnd=165 PartOfSpeech=,] [Text=because CharacterOffsetBegin=171 CharacterOffsetEnd=178 PartOfSpeech=IN] [Text=of CharacterOffsetBegin=179 CharacterOffsetEnd=181 PartOfSpeech=IN] [Text=increased CharacterOffsetBegin=182 CharacterOffsetEnd=191 PartOfSpeech=VBN] [Text=bad CharacterOffsetBegin=192 CharacterOffsetEnd=195 PartOfSpeech=JJ] [Text=assets CharacterOffsetBegin=196 CharacterOffsetEnd=202 PartOfSpeech=NNS] [Text=and CharacterOffsetBegin=203 CharacterOffsetEnd=206 PartOfSpeech=CC] [Text=unexpected CharacterOffsetBegin=207 CharacterOffsetEnd=217 PartOfSpeech=JJ] [Text=trouble CharacterOffsetBegin=218 CharacterOffsetEnd=225 PartOfSpeech=NN] [Text=in CharacterOffsetBegin=231 CharacterOffsetEnd=233 PartOfSpeech=IN] [Text=unloading CharacterOffsetBegin=234 CharacterOffsetEnd=243 PartOfSpeech=VBG] [Text=foreclosed CharacterOffsetBegin=244 CharacterOffsetEnd=254 PartOfSpeech=VBN] [Text=property CharacterOffsetBegin=255 CharacterOffsetEnd=263 PartOfSpeech=NN] [Text=. CharacterOffsetBegin=263 CharacterOffsetEnd=264 PartOfSpeech=.] 
root(ROOT-0, said-3)
nn(Corp.-2, HomeFed-1)
nsubj(said-3, Corp.-2)
amod(income-6, third-quarter-4)
amod(income-6, net-5)
nsubj(slid-7, income-6)
ccomp(said-3, slid-7)
num(%-9, 14-8)
dobj(slid-7, %-9)
prep(slid-7, to-10)
pobj(to-10, $-11)
number(million-13, 23.9-12)
num($-11, million-13)
punct($-11, ,-14)
cc($-11, or-15)
conj($-11, $-16)
num($-16, 1.10-17)
prep($-16, per-18)
advmod(diluted-20, fully-19)
amod(share-21, diluted-20)
pobj(per-18, share-21)
punct(slid-7, ,-22)
prep(slid-7, from-23)
pobj(from-23, $-24)
number(million-26, 27.9-25)
num($-24, million-26)
punct($-24, ,-27)
cc($-24, or-28)
conj($-24, $-29)
num($-29, 1.21-30)
det(share-34, a-31)
advmod(diluted-33, fully-32)
amod(share-34, diluted-33)
npadvmod($-29, share-34)
punct(slid-7, ,-35)
mwe(of-37, because-36)
prep(slid-7, of-37)
amod(assets-40, increased-38)
amod(assets-40, bad-39)
pobj(of-37, assets-40)
cc(assets-40, and-41)
amod(trouble-43, unexpected-42)
conj(assets-40, trouble-43)
prep(trouble-43, in-44)
pcomp(in-44, unloading-45)
amod(property-47, foreclosed-46)
dobj(unloading-45, property-47)
punct(said-3, .-48)

Sentence #2 (33 tokens):
The decline surprised analysts 
    and jolted HomeFed's stock, 
    which lost 8.6% of its value, 
    closing at $38.50 on the New York Stock Exchange, down $3.625.
[Text=The CharacterOffsetBegin=270 CharacterOffsetEnd=273 PartOfSpeech=DT] [Text=decline CharacterOffsetBegin=274 CharacterOffsetEnd=281 PartOfSpeech=NN] [Text=surprised CharacterOffsetBegin=282 CharacterOffsetEnd=291 PartOfSpeech=VBD] [Text=analysts CharacterOffsetBegin=292 CharacterOffsetEnd=300 PartOfSpeech=NNS] [Text=and CharacterOffsetBegin=306 CharacterOffsetEnd=309 PartOfSpeech=CC] [Text=jolted CharacterOffsetBegin=310 CharacterOffsetEnd=316 PartOfSpeech=VBD] [Text=HomeFed CharacterOffsetBegin=317 CharacterOffsetEnd=324 PartOfSpeech=NNP] [Text='s CharacterOffsetBegin=324 CharacterOffsetEnd=326 PartOfSpeech=POS] [Text=stock CharacterOffsetBegin=327 CharacterOffsetEnd=332 PartOfSpeech=NN] [Text=, CharacterOffsetBegin=332 CharacterOffsetEnd=333 PartOfSpeech=,] [Text=which CharacterOffsetBegin=339 CharacterOffsetEnd=344 PartOfSpeech=WDT] [Text=lost CharacterOffsetBegin=345 CharacterOffsetEnd=349 PartOfSpeech=VBD] [Text=8.6 CharacterOffsetBegin=350 CharacterOffsetEnd=353 PartOfSpeech=CD] [Text=% CharacterOffsetBegin=353 CharacterOffsetEnd=354 PartOfSpeech=NN] [Text=of CharacterOffsetBegin=355 CharacterOffsetEnd=357 PartOfSpeech=IN] [Text=its CharacterOffsetBegin=358 CharacterOffsetEnd=361 PartOfSpeech=PRP$] [Text=value CharacterOffsetBegin=362 CharacterOffsetEnd=367 PartOfSpeech=NN] [Text=, CharacterOffsetBegin=367 CharacterOffsetEnd=368 PartOfSpeech=,] [Text=closing CharacterOffsetBegin=374 CharacterOffsetEnd=381 PartOfSpeech=VBG] [Text=at CharacterOffsetBegin=382 CharacterOffsetEnd=384 PartOfSpeech=IN] [Text=$ CharacterOffsetBegin=385 CharacterOffsetEnd=386 PartOfSpeech=$] [Text=38.50 CharacterOffsetBegin=386 CharacterOffsetEnd=391 PartOfSpeech=CD] [Text=on CharacterOffsetBegin=392 CharacterOffsetEnd=394 PartOfSpeech=IN] [Text=the CharacterOffsetBegin=395 CharacterOffsetEnd=398 PartOfSpeech=DT] [Text=New CharacterOffsetBegin=399 CharacterOffsetEnd=402 PartOfSpeech=NNP] [Text=York CharacterOffsetBegin=403 CharacterOffsetEnd=407 PartOfSpeech=NNP] [Text=Stock CharacterOffsetBegin=408 CharacterOffsetEnd=413 PartOfSpeech=NNP] [Text=Exchange CharacterOffsetBegin=414 CharacterOffsetEnd=422 PartOfSpeech=NNP] [Text=, CharacterOffsetBegin=422 CharacterOffsetEnd=423 PartOfSpeech=,] [Text=down CharacterOffsetBegin=424 CharacterOffsetEnd=428 PartOfSpeech=RB] [Text=$ CharacterOffsetBegin=429 CharacterOffsetEnd=430 PartOfSpeech=$] [Text=3.625 CharacterOffsetBegin=430 CharacterOffsetEnd=435 PartOfSpeech=CD] [Text=. CharacterOffsetBegin=435 CharacterOffsetEnd=436 PartOfSpeech=.] 
root(ROOT-0, surprised-3)
det(decline-2, The-1)
nsubj(surprised-3, decline-2)
dobj(surprised-3, analysts-4)
cc(surprised-3, and-5)
conj(surprised-3, jolted-6)
poss(stock-9, HomeFed-7)
possessive(HomeFed-7, 's-8)
dobj(jolted-6, stock-9)
punct(stock-9, ,-10)
nsubj(lost-12, which-11)
rcmod(stock-9, lost-12)
num(%-14, 8.6-13)
dobj(lost-12, %-14)
prep(%-14, of-15)
poss(value-17, its-16)
pobj(of-15, value-17)
punct(lost-12, ,-18)
partmod(lost-12, closing-19)
prep(closing-19, at-20)
pobj(at-20, $-21)
num($-21, 38.50-22)
prep(closing-19, on-23)
det(Exchange-28, the-24)
nn(Exchange-28, New-25)
nn(Exchange-28, York-26)
nn(Exchange-28, Stock-27)
pobj(on-23, Exchange-28)
punct(closing-19, ,-29)
advmod(closing-19, down-30)
pobj(down-30, $-31)
num($-31, 3.625-32)
punct(surprised-3, .-33)

Sentence #3 (40 tokens):
HomeFed had been one of the handful of large West Coast thrifts 
    that in recent quarters had counteracted interest-rate problems 
    dogging the industry 
    by keeping a lid on problem assets 
    and lending heavily into the furious California housing market.
[Text=HomeFed CharacterOffsetBegin=442 CharacterOffsetEnd=449 PartOfSpeech=NNP] [Text=had CharacterOffsetBegin=450 CharacterOffsetEnd=453 PartOfSpeech=VBD] [Text=been CharacterOffsetBegin=454 CharacterOffsetEnd=458 PartOfSpeech=VBN] [Text=one CharacterOffsetBegin=459 CharacterOffsetEnd=462 PartOfSpeech=CD] [Text=of CharacterOffsetBegin=463 CharacterOffsetEnd=465 PartOfSpeech=IN] [Text=the CharacterOffsetBegin=466 CharacterOffsetEnd=469 PartOfSpeech=DT] [Text=handful CharacterOffsetBegin=470 CharacterOffsetEnd=477 PartOfSpeech=NN] [Text=of CharacterOffsetBegin=478 CharacterOffsetEnd=480 PartOfSpeech=IN] [Text=large CharacterOffsetBegin=481 CharacterOffsetEnd=486 PartOfSpeech=JJ] [Text=West CharacterOffsetBegin=487 CharacterOffsetEnd=491 PartOfSpeech=NNP] [Text=Coast CharacterOffsetBegin=492 CharacterOffsetEnd=497 PartOfSpeech=NNP] [Text=thrifts CharacterOffsetBegin=498 CharacterOffsetEnd=505 PartOfSpeech=NNS] [Text=that CharacterOffsetBegin=511 CharacterOffsetEnd=515 PartOfSpeech=WDT] [Text=in CharacterOffsetBegin=516 CharacterOffsetEnd=518 PartOfSpeech=IN] [Text=recent CharacterOffsetBegin=519 CharacterOffsetEnd=525 PartOfSpeech=JJ] [Text=quarters CharacterOffsetBegin=526 CharacterOffsetEnd=534 PartOfSpeech=NNS] [Text=had CharacterOffsetBegin=535 CharacterOffsetEnd=538 PartOfSpeech=VBD] [Text=counteracted CharacterOffsetBegin=539 CharacterOffsetEnd=551 PartOfSpeech=VBN] [Text=interest-rate CharacterOffsetBegin=552 CharacterOffsetEnd=565 PartOfSpeech=NN] [Text=problems CharacterOffsetBegin=566 CharacterOffsetEnd=574 PartOfSpeech=NNS] [Text=dogging CharacterOffsetBegin=580 CharacterOffsetEnd=587 PartOfSpeech=VBG] [Text=the CharacterOffsetBegin=588 CharacterOffsetEnd=591 PartOfSpeech=DT] [Text=industry CharacterOffsetBegin=592 CharacterOffsetEnd=600 PartOfSpeech=NN] [Text=by CharacterOffsetBegin=606 CharacterOffsetEnd=608 PartOfSpeech=IN] [Text=keeping CharacterOffsetBegin=609 CharacterOffsetEnd=616 PartOfSpeech=VBG] [Text=a CharacterOffsetBegin=617 CharacterOffsetEnd=618 PartOfSpeech=DT] [Text=lid CharacterOffsetBegin=619 CharacterOffsetEnd=622 PartOfSpeech=NN] [Text=on CharacterOffsetBegin=623 CharacterOffsetEnd=625 PartOfSpeech=IN] [Text=problem CharacterOffsetBegin=626 CharacterOffsetEnd=633 PartOfSpeech=NN] [Text=assets CharacterOffsetBegin=634 CharacterOffsetEnd=640 PartOfSpeech=NNS] [Text=and CharacterOffsetBegin=646 CharacterOffsetEnd=649 PartOfSpeech=CC] [Text=lending CharacterOffsetBegin=650 CharacterOffsetEnd=657 PartOfSpeech=VBG] [Text=heavily CharacterOffsetBegin=658 CharacterOffsetEnd=665 PartOfSpeech=RB] [Text=into CharacterOffsetBegin=666 CharacterOffsetEnd=670 PartOfSpeech=IN] [Text=the CharacterOffsetBegin=671 CharacterOffsetEnd=674 PartOfSpeech=DT] [Text=furious CharacterOffsetBegin=675 CharacterOffsetEnd=682 PartOfSpeech=JJ] [Text=California CharacterOffsetBegin=683 CharacterOffsetEnd=693 PartOfSpeech=NNP] [Text=housing CharacterOffsetBegin=694 CharacterOffsetEnd=701 PartOfSpeech=NN] [Text=market CharacterOffsetBegin=702 CharacterOffsetEnd=708 PartOfSpeech=NN] [Text=. CharacterOffsetBegin=708 CharacterOffsetEnd=709 PartOfSpeech=.] 
root(ROOT-0, one-4)
nsubj(one-4, HomeFed-1)
aux(one-4, had-2)
cop(one-4, been-3)
prep(one-4, of-5)
det(handful-7, the-6)
pobj(of-5, handful-7)
prep(handful-7, of-8)
amod(thrifts-12, large-9)
nn(thrifts-12, West-10)
nn(thrifts-12, Coast-11)
pobj(of-8, thrifts-12)
nsubj(counteracted-18, that-13)
prep(counteracted-18, in-14)
amod(quarters-16, recent-15)
pobj(in-14, quarters-16)
aux(counteracted-18, had-17)
rcmod(thrifts-12, counteracted-18)
nn(problems-20, interest-rate-19)
dobj(counteracted-18, problems-20)
partmod(problems-20, dogging-21)
det(industry-23, the-22)
dobj(dogging-21, industry-23)
prep(dogging-21, by-24)
pcomp(by-24, keeping-25)
det(lid-27, a-26)
dobj(keeping-25, lid-27)
prep(keeping-25, on-28)
nn(assets-30, problem-29)
pobj(on-28, assets-30)
cc(keeping-25, and-31)
conj(keeping-25, lending-32)
advmod(lending-32, heavily-33)
prep(lending-32, into-34)
det(market-39, the-35)
amod(market-39, furious-36)
nn(market-39, California-37)
nn(market-39, housing-38)
pobj(into-34, market-39)
punct(one-4, .-40)

Sentence #4 (21 tokens):
Analysts had been projecting fully diluted earnings in the third quarter in the range of about $1.30 a share.
[Text=Analysts CharacterOffsetBegin=715 CharacterOffsetEnd=723 PartOfSpeech=NNS] [Text=had CharacterOffsetBegin=724 CharacterOffsetEnd=727 PartOfSpeech=VBD] [Text=been CharacterOffsetBegin=728 CharacterOffsetEnd=732 PartOfSpeech=VBN] [Text=projecting CharacterOffsetBegin=733 CharacterOffsetEnd=743 PartOfSpeech=VBG] [Text=fully CharacterOffsetBegin=744 CharacterOffsetEnd=749 PartOfSpeech=RB] [Text=diluted CharacterOffsetBegin=750 CharacterOffsetEnd=757 PartOfSpeech=VBN] [Text=earnings CharacterOffsetBegin=758 CharacterOffsetEnd=766 PartOfSpeech=NNS] [Text=in CharacterOffsetBegin=767 CharacterOffsetEnd=769 PartOfSpeech=IN] [Text=the CharacterOffsetBegin=770 CharacterOffsetEnd=773 PartOfSpeech=DT] [Text=third CharacterOffsetBegin=774 CharacterOffsetEnd=779 PartOfSpeech=JJ] [Text=quarter CharacterOffsetBegin=780 CharacterOffsetEnd=787 PartOfSpeech=NN] [Text=in CharacterOffsetBegin=788 CharacterOffsetEnd=790 PartOfSpeech=IN] [Text=the CharacterOffsetBegin=791 CharacterOffsetEnd=794 PartOfSpeech=DT] [Text=range CharacterOffsetBegin=795 CharacterOffsetEnd=800 PartOfSpeech=NN] [Text=of CharacterOffsetBegin=801 CharacterOffsetEnd=803 PartOfSpeech=IN] [Text=about CharacterOffsetBegin=804 CharacterOffsetEnd=809 PartOfSpeech=IN] [Text=$ CharacterOffsetBegin=810 CharacterOffsetEnd=811 PartOfSpeech=$] [Text=1.30 CharacterOffsetBegin=811 CharacterOffsetEnd=815 PartOfSpeech=CD] [Text=a CharacterOffsetBegin=816 CharacterOffsetEnd=817 PartOfSpeech=DT] [Text=share CharacterOffsetBegin=818 CharacterOffsetEnd=823 PartOfSpeech=NN] [Text=. CharacterOffsetBegin=823 CharacterOffsetEnd=824 PartOfSpeech=.] 
root(ROOT-0, projecting-4)
nsubj(projecting-4, Analysts-1)
aux(projecting-4, had-2)
aux(projecting-4, been-3)
advmod(diluted-6, fully-5)
amod(earnings-7, diluted-6)
dobj(projecting-4, earnings-7)
prep(projecting-4, in-8)
det(quarter-11, the-9)
amod(quarter-11, third-10)
pobj(in-8, quarter-11)
prep(projecting-4, in-12)
det(range-14, the-13)
pobj(in-12, range-14)
prep(range-14, of-15)
quantmod($-17, about-16)
pobj(of-15, $-17)
number($-17, 1.30-18)
det(share-20, a-19)
npadvmod($-17, share-20)
punct(projecting-4, .-21)

Sentence #5 (27 tokens):
However, HomeFed's loan originations and purchases plunged 26% in the quarter, to $1.4 billion from $1.9 billion a year earlier.
[Text=However CharacterOffsetBegin=830 CharacterOffsetEnd=837 PartOfSpeech=RB] [Text=, CharacterOffsetBegin=837 CharacterOffsetEnd=838 PartOfSpeech=,] [Text=HomeFed CharacterOffsetBegin=839 CharacterOffsetEnd=846 PartOfSpeech=NNP] [Text='s CharacterOffsetBegin=846 CharacterOffsetEnd=848 PartOfSpeech=POS] [Text=loan CharacterOffsetBegin=849 CharacterOffsetEnd=853 PartOfSpeech=NN] [Text=originations CharacterOffsetBegin=854 CharacterOffsetEnd=866 PartOfSpeech=NNS] [Text=and CharacterOffsetBegin=867 CharacterOffsetEnd=870 PartOfSpeech=CC] [Text=purchases CharacterOffsetBegin=871 CharacterOffsetEnd=880 PartOfSpeech=NNS] [Text=plunged CharacterOffsetBegin=881 CharacterOffsetEnd=888 PartOfSpeech=VBD] [Text=26 CharacterOffsetBegin=889 CharacterOffsetEnd=891 PartOfSpeech=CD] [Text=% CharacterOffsetBegin=891 CharacterOffsetEnd=892 PartOfSpeech=NN] [Text=in CharacterOffsetBegin=893 CharacterOffsetEnd=895 PartOfSpeech=IN] [Text=the CharacterOffsetBegin=896 CharacterOffsetEnd=899 PartOfSpeech=DT] [Text=quarter CharacterOffsetBegin=900 CharacterOffsetEnd=907 PartOfSpeech=NN] [Text=, CharacterOffsetBegin=907 CharacterOffsetEnd=908 PartOfSpeech=,] [Text=to CharacterOffsetBegin=909 CharacterOffsetEnd=911 PartOfSpeech=TO] [Text=$ CharacterOffsetBegin=912 CharacterOffsetEnd=913 PartOfSpeech=$] [Text=1.4 CharacterOffsetBegin=913 CharacterOffsetEnd=916 PartOfSpeech=CD] [Text=billion CharacterOffsetBegin=917 CharacterOffsetEnd=924 PartOfSpeech=CD] [Text=from CharacterOffsetBegin=925 CharacterOffsetEnd=929 PartOfSpeech=IN] [Text=$ CharacterOffsetBegin=930 CharacterOffsetEnd=931 PartOfSpeech=$] [Text=1.9 CharacterOffsetBegin=931 CharacterOffsetEnd=934 PartOfSpeech=CD] [Text=billion CharacterOffsetBegin=935 CharacterOffsetEnd=942 PartOfSpeech=CD] [Text=a CharacterOffsetBegin=943 CharacterOffsetEnd=944 PartOfSpeech=DT] [Text=year CharacterOffsetBegin=945 CharacterOffsetEnd=949 PartOfSpeech=NN] [Text=earlier CharacterOffsetBegin=950 CharacterOffsetEnd=957 PartOfSpeech=RBR] [Text=. CharacterOffsetBegin=957 CharacterOffsetEnd=958 PartOfSpeech=.] 
root(ROOT-0, plunged-9)
advmod(plunged-9, However-1)
punct(plunged-9, ,-2)
poss(originations-6, HomeFed-3)
possessive(HomeFed-3, 's-4)
nn(originations-6, loan-5)
nsubj(plunged-9, originations-6)
cc(originations-6, and-7)
conj(originations-6, purchases-8)
num(%-11, 26-10)
dobj(plunged-9, %-11)
prep(plunged-9, in-12)
det(quarter-14, the-13)
pobj(in-12, quarter-14)
punct(plunged-9, ,-15)
prep(plunged-9, to-16)
pobj(to-16, $-17)
number(billion-19, 1.4-18)
num($-17, billion-19)
prep(plunged-9, from-20)
pobj(from-20, $-21)
number(billion-23, 1.9-22)
num($-21, billion-23)
det(year-25, a-24)
npadvmod(earlier-26, year-25)
advmod(from-20, earlier-26)
punct(plunged-9, .-27)

Sentence #6 (14 tokens):
Meanwhile, non-performing assets rose to $593 million from $518.7 million.
[Text=Meanwhile CharacterOffsetBegin=964 CharacterOffsetEnd=973 PartOfSpeech=RB] [Text=, CharacterOffsetBegin=973 CharacterOffsetEnd=974 PartOfSpeech=,] [Text=non-performing CharacterOffsetBegin=975 CharacterOffsetEnd=989 PartOfSpeech=JJ] [Text=assets CharacterOffsetBegin=990 CharacterOffsetEnd=996 PartOfSpeech=NNS] [Text=rose CharacterOffsetBegin=997 CharacterOffsetEnd=1001 PartOfSpeech=VBD] [Text=to CharacterOffsetBegin=1002 CharacterOffsetEnd=1004 PartOfSpeech=TO] [Text=$ CharacterOffsetBegin=1005 CharacterOffsetEnd=1006 PartOfSpeech=$] [Text=593 CharacterOffsetBegin=1006 CharacterOffsetEnd=1009 PartOfSpeech=CD] [Text=million CharacterOffsetBegin=1010 CharacterOffsetEnd=1017 PartOfSpeech=CD] [Text=from CharacterOffsetBegin=1018 CharacterOffsetEnd=1022 PartOfSpeech=IN] [Text=$ CharacterOffsetBegin=1023 CharacterOffsetEnd=1024 PartOfSpeech=$] [Text=518.7 CharacterOffsetBegin=1024 CharacterOffsetEnd=1029 PartOfSpeech=CD] [Text=million CharacterOffsetBegin=1030 CharacterOffsetEnd=1037 PartOfSpeech=CD] [Text=. CharacterOffsetBegin=1037 CharacterOffsetEnd=1038 PartOfSpeech=.] 
root(ROOT-0, rose-5)
advmod(rose-5, Meanwhile-1)
punct(rose-5, ,-2)
amod(assets-4, non-performing-3)
nsubj(rose-5, assets-4)
prep(rose-5, to-6)
pobj(to-6, $-7)
number(million-9, 593-8)
num($-7, million-9)
prep(rose-5, from-10)
pobj(from-10, $-11)
number(million-13, 518.7-12)
num($-11, million-13)
punct(rose-5, .-14)

Sentence #7 (31 tokens):
Some $380 million of the troubled assets is repossessed real estate, a 55.6% surge from the $244.2 million of repossesed property 
    HomeFed held a year ago.
[Text=Some CharacterOffsetBegin=1044 CharacterOffsetEnd=1048 PartOfSpeech=DT] [Text=$ CharacterOffsetBegin=1049 CharacterOffsetEnd=1050 PartOfSpeech=$] [Text=380 CharacterOffsetBegin=1050 CharacterOffsetEnd=1053 PartOfSpeech=CD] [Text=million CharacterOffsetBegin=1054 CharacterOffsetEnd=1061 PartOfSpeech=CD] [Text=of CharacterOffsetBegin=1062 CharacterOffsetEnd=1064 PartOfSpeech=IN] [Text=the CharacterOffsetBegin=1065 CharacterOffsetEnd=1068 PartOfSpeech=DT] [Text=troubled CharacterOffsetBegin=1069 CharacterOffsetEnd=1077 PartOfSpeech=JJ] [Text=assets CharacterOffsetBegin=1078 CharacterOffsetEnd=1084 PartOfSpeech=NNS] [Text=is CharacterOffsetBegin=1085 CharacterOffsetEnd=1087 PartOfSpeech=VBZ] [Text=repossessed CharacterOffsetBegin=1088 CharacterOffsetEnd=1099 PartOfSpeech=JJ] [Text=real CharacterOffsetBegin=1100 CharacterOffsetEnd=1104 PartOfSpeech=JJ] [Text=estate CharacterOffsetBegin=1105 CharacterOffsetEnd=1111 PartOfSpeech=NN] [Text=, CharacterOffsetBegin=1111 CharacterOffsetEnd=1112 PartOfSpeech=,] [Text=a CharacterOffsetBegin=1113 CharacterOffsetEnd=1114 PartOfSpeech=DT] [Text=55.6 CharacterOffsetBegin=1115 CharacterOffsetEnd=1119 PartOfSpeech=CD] [Text=% CharacterOffsetBegin=1119 CharacterOffsetEnd=1120 PartOfSpeech=NN] [Text=surge CharacterOffsetBegin=1121 CharacterOffsetEnd=1126 PartOfSpeech=NN] [Text=from CharacterOffsetBegin=1127 CharacterOffsetEnd=1131 PartOfSpeech=IN] [Text=the CharacterOffsetBegin=1132 CharacterOffsetEnd=1135 PartOfSpeech=DT] [Text=$ CharacterOffsetBegin=1136 CharacterOffsetEnd=1137 PartOfSpeech=$] [Text=244.2 CharacterOffsetBegin=1137 CharacterOffsetEnd=1142 PartOfSpeech=CD] [Text=million CharacterOffsetBegin=1143 CharacterOffsetEnd=1150 PartOfSpeech=CD] [Text=of CharacterOffsetBegin=1151 CharacterOffsetEnd=1153 PartOfSpeech=IN] [Text=repossesed CharacterOffsetBegin=1154 CharacterOffsetEnd=1164 PartOfSpeech=JJ] [Text=property CharacterOffsetBegin=1165 CharacterOffsetEnd=1173 PartOfSpeech=NN] [Text=HomeFed CharacterOffsetBegin=1179 CharacterOffsetEnd=1186 PartOfSpeech=VBN] [Text=held CharacterOffsetBegin=1187 CharacterOffsetEnd=1191 PartOfSpeech=VBD] [Text=a CharacterOffsetBegin=1192 CharacterOffsetEnd=1193 PartOfSpeech=DT] [Text=year CharacterOffsetBegin=1194 CharacterOffsetEnd=1198 PartOfSpeech=NN] [Text=ago CharacterOffsetBegin=1199 CharacterOffsetEnd=1202 PartOfSpeech=RB] [Text=. CharacterOffsetBegin=1202 CharacterOffsetEnd=1203 PartOfSpeech=.] 
root(ROOT-0, estate-12)
quantmod($-2, Some-1)
nsubj(estate-12, $-2)
number($-2, 380-3)
number($-2, million-4)
prep($-2, of-5)
det(assets-8, the-6)
amod(assets-8, troubled-7)
pobj(of-5, assets-8)
cop(estate-12, is-9)
amod(estate-12, repossessed-10)
amod(estate-12, real-11)
punct(estate-12, ,-13)
det(surge-17, a-14)
number(%-16, 55.6-15)
amod(surge-17, %-16)
npadvmod(estate-12, surge-17)
prep(surge-17, from-18)
det($-20, the-19)
pobj(from-18, $-20)
number(million-22, 244.2-21)
num($-20, million-22)
prep($-20, of-23)
amod(property-25, repossesed-24)
pobj(of-23, property-25)
partmod(property-25, HomeFed-26)
partmod(HomeFed-26, held-27)
det(year-29, a-28)
npadvmod(ago-30, year-29)
advmod(held-27, ago-30)
punct(estate-12, .-31)

Sentence #8 (8 tokens):
HomeFed has $17.9 billion of assets.
[Text=HomeFed CharacterOffsetBegin=1209 CharacterOffsetEnd=1216 PartOfSpeech=NNP] [Text=has CharacterOffsetBegin=1217 CharacterOffsetEnd=1220 PartOfSpeech=VBZ] [Text=$ CharacterOffsetBegin=1221 CharacterOffsetEnd=1222 PartOfSpeech=$] [Text=17.9 CharacterOffsetBegin=1222 CharacterOffsetEnd=1226 PartOfSpeech=CD] [Text=billion CharacterOffsetBegin=1227 CharacterOffsetEnd=1234 PartOfSpeech=CD] [Text=of CharacterOffsetBegin=1235 CharacterOffsetEnd=1237 PartOfSpeech=IN] [Text=assets CharacterOffsetBegin=1238 CharacterOffsetEnd=1244 PartOfSpeech=NNS] [Text=. CharacterOffsetBegin=1244 CharacterOffsetEnd=1245 PartOfSpeech=.] 
root(ROOT-0, has-2)
nsubj(has-2, HomeFed-1)
dobj(has-2, $-3)
number(billion-5, 17.9-4)
num($-3, billion-5)
prep($-3, of-6)
pobj(of-6, assets-7)
punct(has-2, .-8)

Sentence #9 (19 tokens):
HomeFed said 
    most of the troubled assets are apartment complexes, shopping malls and other commercial real estate.
[Text=HomeFed CharacterOffsetBegin=1251 CharacterOffsetEnd=1258 PartOfSpeech=NNP] [Text=said CharacterOffsetBegin=1259 CharacterOffsetEnd=1263 PartOfSpeech=VBD] [Text=most CharacterOffsetBegin=1269 CharacterOffsetEnd=1273 PartOfSpeech=JJS] [Text=of CharacterOffsetBegin=1274 CharacterOffsetEnd=1276 PartOfSpeech=IN] [Text=the CharacterOffsetBegin=1277 CharacterOffsetEnd=1280 PartOfSpeech=DT] [Text=troubled CharacterOffsetBegin=1281 CharacterOffsetEnd=1289 PartOfSpeech=JJ] [Text=assets CharacterOffsetBegin=1290 CharacterOffsetEnd=1296 PartOfSpeech=NNS] [Text=are CharacterOffsetBegin=1297 CharacterOffsetEnd=1300 PartOfSpeech=VBP] [Text=apartment CharacterOffsetBegin=1301 CharacterOffsetEnd=1310 PartOfSpeech=NN] [Text=complexes CharacterOffsetBegin=1311 CharacterOffsetEnd=1320 PartOfSpeech=NNS] [Text=, CharacterOffsetBegin=1320 CharacterOffsetEnd=1321 PartOfSpeech=,] [Text=shopping CharacterOffsetBegin=1322 CharacterOffsetEnd=1330 PartOfSpeech=VBG] [Text=malls CharacterOffsetBegin=1331 CharacterOffsetEnd=1336 PartOfSpeech=NNS] [Text=and CharacterOffsetBegin=1337 CharacterOffsetEnd=1340 PartOfSpeech=CC] [Text=other CharacterOffsetBegin=1341 CharacterOffsetEnd=1346 PartOfSpeech=JJ] [Text=commercial CharacterOffsetBegin=1347 CharacterOffsetEnd=1357 PartOfSpeech=JJ] [Text=real CharacterOffsetBegin=1358 CharacterOffsetEnd=1362 PartOfSpeech=JJ] [Text=estate CharacterOffsetBegin=1363 CharacterOffsetEnd=1369 PartOfSpeech=NN] [Text=. CharacterOffsetBegin=1369 CharacterOffsetEnd=1370 PartOfSpeech=.] 
root(ROOT-0, said-2)
nsubj(said-2, HomeFed-1)
nsubj(complexes-10, most-3)
prep(most-3, of-4)
det(assets-7, the-5)
amod(assets-7, troubled-6)
pobj(of-4, assets-7)
cop(complexes-10, are-8)
nn(complexes-10, apartment-9)
ccomp(said-2, complexes-10)
punct(complexes-10, ,-11)
nn(malls-13, shopping-12)
conj(complexes-10, malls-13)
cc(complexes-10, and-14)
amod(estate-18, other-15)
amod(estate-18, commercial-16)
amod(estate-18, real-17)
conj(complexes-10, estate-18)
punct(said-2, .-19)

Sentence #10 (16 tokens):
It said 
    about half are in California, 
    with the rest scattered across the country.
[Text=It CharacterOffsetBegin=1376 CharacterOffsetEnd=1378 PartOfSpeech=PRP] [Text=said CharacterOffsetBegin=1379 CharacterOffsetEnd=1383 PartOfSpeech=VBD] [Text=about CharacterOffsetBegin=1389 CharacterOffsetEnd=1394 PartOfSpeech=IN] [Text=half CharacterOffsetBegin=1395 CharacterOffsetEnd=1399 PartOfSpeech=NN] [Text=are CharacterOffsetBegin=1400 CharacterOffsetEnd=1403 PartOfSpeech=VBP] [Text=in CharacterOffsetBegin=1404 CharacterOffsetEnd=1406 PartOfSpeech=IN] [Text=California CharacterOffsetBegin=1407 CharacterOffsetEnd=1417 PartOfSpeech=NNP] [Text=, CharacterOffsetBegin=1417 CharacterOffsetEnd=1418 PartOfSpeech=,] [Text=with CharacterOffsetBegin=1424 CharacterOffsetEnd=1428 PartOfSpeech=IN] [Text=the CharacterOffsetBegin=1429 CharacterOffsetEnd=1432 PartOfSpeech=DT] [Text=rest CharacterOffsetBegin=1433 CharacterOffsetEnd=1437 PartOfSpeech=NN] [Text=scattered CharacterOffsetBegin=1438 CharacterOffsetEnd=1447 PartOfSpeech=VBN] [Text=across CharacterOffsetBegin=1448 CharacterOffsetEnd=1454 PartOfSpeech=IN] [Text=the CharacterOffsetBegin=1455 CharacterOffsetEnd=1458 PartOfSpeech=DT] [Text=country CharacterOffsetBegin=1459 CharacterOffsetEnd=1466 PartOfSpeech=NN] [Text=. CharacterOffsetBegin=1466 CharacterOffsetEnd=1467 PartOfSpeech=.] 
root(ROOT-0, said-2)
nsubj(said-2, It-1)
quantmod(half-4, about-3)
nsubj(are-5, half-4)
ccomp(said-2, are-5)
prep(are-5, in-6)
pobj(in-6, California-7)
punct(are-5, ,-8)
prep(are-5, with-9)
det(rest-11, the-10)
pobj(with-9, rest-11)
partmod(rest-11, scattered-12)
prep(scattered-12, across-13)
det(country-15, the-14)
pobj(across-13, country-15)
punct(said-2, .-16)

Sentence #11 (29 tokens):
It said 
    sales of such properties were slower than anticipated in the third quarter, 
    but it expects sales to pick up in the rest of the year.
[Text=It CharacterOffsetBegin=1473 CharacterOffsetEnd=1475 PartOfSpeech=PRP] [Text=said CharacterOffsetBegin=1476 CharacterOffsetEnd=1480 PartOfSpeech=VBD] [Text=sales CharacterOffsetBegin=1486 CharacterOffsetEnd=1491 PartOfSpeech=NNS] [Text=of CharacterOffsetBegin=1492 CharacterOffsetEnd=1494 PartOfSpeech=IN] [Text=such CharacterOffsetBegin=1495 CharacterOffsetEnd=1499 PartOfSpeech=JJ] [Text=properties CharacterOffsetBegin=1500 CharacterOffsetEnd=1510 PartOfSpeech=NNS] [Text=were CharacterOffsetBegin=1511 CharacterOffsetEnd=1515 PartOfSpeech=VBD] [Text=slower CharacterOffsetBegin=1516 CharacterOffsetEnd=1522 PartOfSpeech=JJR] [Text=than CharacterOffsetBegin=1523 CharacterOffsetEnd=1527 PartOfSpeech=IN] [Text=anticipated CharacterOffsetBegin=1528 CharacterOffsetEnd=1539 PartOfSpeech=VBN] [Text=in CharacterOffsetBegin=1540 CharacterOffsetEnd=1542 PartOfSpeech=IN] [Text=the CharacterOffsetBegin=1543 CharacterOffsetEnd=1546 PartOfSpeech=DT] [Text=third CharacterOffsetBegin=1547 CharacterOffsetEnd=1552 PartOfSpeech=JJ] [Text=quarter CharacterOffsetBegin=1553 CharacterOffsetEnd=1560 PartOfSpeech=NN] [Text=, CharacterOffsetBegin=1560 CharacterOffsetEnd=1561 PartOfSpeech=,] [Text=but CharacterOffsetBegin=1567 CharacterOffsetEnd=1570 PartOfSpeech=CC] [Text=it CharacterOffsetBegin=1571 CharacterOffsetEnd=1573 PartOfSpeech=PRP] [Text=expects CharacterOffsetBegin=1574 CharacterOffsetEnd=1581 PartOfSpeech=VBZ] [Text=sales CharacterOffsetBegin=1582 CharacterOffsetEnd=1587 PartOfSpeech=NNS] [Text=to CharacterOffsetBegin=1588 CharacterOffsetEnd=1590 PartOfSpeech=TO] [Text=pick CharacterOffsetBegin=1591 CharacterOffsetEnd=1595 PartOfSpeech=VB] [Text=up CharacterOffsetBegin=1596 CharacterOffsetEnd=1598 PartOfSpeech=RP] [Text=in CharacterOffsetBegin=1599 CharacterOffsetEnd=1601 PartOfSpeech=IN] [Text=the CharacterOffsetBegin=1602 CharacterOffsetEnd=1605 PartOfSpeech=DT] [Text=rest CharacterOffsetBegin=1606 CharacterOffsetEnd=1610 PartOfSpeech=NN] [Text=of CharacterOffsetBegin=1611 CharacterOffsetEnd=1613 PartOfSpeech=IN] [Text=the CharacterOffsetBegin=1614 CharacterOffsetEnd=1617 PartOfSpeech=DT] [Text=year CharacterOffsetBegin=1618 CharacterOffsetEnd=1622 PartOfSpeech=NN] [Text=. CharacterOffsetBegin=1622 CharacterOffsetEnd=1623 PartOfSpeech=.] 
root(ROOT-0, said-2)
nsubj(said-2, It-1)
nsubj(slower-8, sales-3)
prep(sales-3, of-4)
amod(properties-6, such-5)
pobj(of-4, properties-6)
cop(slower-8, were-7)
dep(said-2, slower-8)
mark(anticipated-10, than-9)
dep(slower-8, anticipated-10)
prep(anticipated-10, in-11)
det(quarter-14, the-12)
amod(quarter-14, third-13)
pobj(in-11, quarter-14)
punct(slower-8, ,-15)
cc(slower-8, but-16)
nsubj(expects-18, it-17)
conj(slower-8, expects-18)
nsubj(pick-21, sales-19)
aux(pick-21, to-20)
xcomp(expects-18, pick-21)
prt(pick-21, up-22)
prep(pick-21, in-23)
det(rest-25, the-24)
pobj(in-23, rest-25)
prep(rest-25, of-26)
det(year-28, the-27)
pobj(of-26, year-28)
punct(said-2, .-29)

Sentence #12 (23 tokens):
HomeFed said 
    the slide in loan originations was more a matter of design than a sign of cooling in the California market.
[Text=HomeFed CharacterOffsetBegin=1629 CharacterOffsetEnd=1636 PartOfSpeech=NNP] [Text=said CharacterOffsetBegin=1637 CharacterOffsetEnd=1641 PartOfSpeech=VBD] [Text=the CharacterOffsetBegin=1647 CharacterOffsetEnd=1650 PartOfSpeech=DT] [Text=slide CharacterOffsetBegin=1651 CharacterOffsetEnd=1656 PartOfSpeech=NN] [Text=in CharacterOffsetBegin=1657 CharacterOffsetEnd=1659 PartOfSpeech=IN] [Text=loan CharacterOffsetBegin=1660 CharacterOffsetEnd=1664 PartOfSpeech=NN] [Text=originations CharacterOffsetBegin=1665 CharacterOffsetEnd=1677 PartOfSpeech=NNS] [Text=was CharacterOffsetBegin=1678 CharacterOffsetEnd=1681 PartOfSpeech=VBD] [Text=more CharacterOffsetBegin=1682 CharacterOffsetEnd=1686 PartOfSpeech=RBR] [Text=a CharacterOffsetBegin=1687 CharacterOffsetEnd=1688 PartOfSpeech=DT] [Text=matter CharacterOffsetBegin=1689 CharacterOffsetEnd=1695 PartOfSpeech=NN] [Text=of CharacterOffsetBegin=1696 CharacterOffsetEnd=1698 PartOfSpeech=IN] [Text=design CharacterOffsetBegin=1699 CharacterOffsetEnd=1705 PartOfSpeech=NN] [Text=than CharacterOffsetBegin=1706 CharacterOffsetEnd=1710 PartOfSpeech=IN] [Text=a CharacterOffsetBegin=1711 CharacterOffsetEnd=1712 PartOfSpeech=DT] [Text=sign CharacterOffsetBegin=1713 CharacterOffsetEnd=1717 PartOfSpeech=NN] [Text=of CharacterOffsetBegin=1718 CharacterOffsetEnd=1720 PartOfSpeech=IN] [Text=cooling CharacterOffsetBegin=1721 CharacterOffsetEnd=1728 PartOfSpeech=VBG] [Text=in CharacterOffsetBegin=1729 CharacterOffsetEnd=1731 PartOfSpeech=IN] [Text=the CharacterOffsetBegin=1732 CharacterOffsetEnd=1735 PartOfSpeech=DT] [Text=California CharacterOffsetBegin=1736 CharacterOffsetEnd=1746 PartOfSpeech=NNP] [Text=market CharacterOffsetBegin=1747 CharacterOffsetEnd=1753 PartOfSpeech=NN] [Text=. CharacterOffsetBegin=1753 CharacterOffsetEnd=1754 PartOfSpeech=.] 
root(ROOT-0, said-2)
nsubj(said-2, HomeFed-1)
det(slide-4, the-3)
nsubj(matter-11, slide-4)
prep(slide-4, in-5)
nn(originations-7, loan-6)
pobj(in-5, originations-7)
cop(matter-11, was-8)
advmod(matter-11, more-9)
det(matter-11, a-10)
ccomp(said-2, matter-11)
prep(matter-11, of-12)
pobj(of-12, design-13)
prep(matter-11, than-14)
det(sign-16, a-15)
pobj(than-14, sign-16)
prep(sign-16, of-17)
pcomp(of-17, cooling-18)
prep(cooling-18, in-19)
det(market-22, the-20)
nn(market-22, California-21)
pobj(in-19, market-22)
punct(said-2, .-23)

Sentence #13 (30 tokens):
Any such downturn in California would be grim news for West Coast thrifts, particularly the less healthy ones, 
    which have performed poorly even with a torrid market.
[Text=Any CharacterOffsetBegin=1760 CharacterOffsetEnd=1763 PartOfSpeech=DT] [Text=such CharacterOffsetBegin=1764 CharacterOffsetEnd=1768 PartOfSpeech=JJ] [Text=downturn CharacterOffsetBegin=1769 CharacterOffsetEnd=1777 PartOfSpeech=NN] [Text=in CharacterOffsetBegin=1778 CharacterOffsetEnd=1780 PartOfSpeech=IN] [Text=California CharacterOffsetBegin=1781 CharacterOffsetEnd=1791 PartOfSpeech=NNP] [Text=would CharacterOffsetBegin=1792 CharacterOffsetEnd=1797 PartOfSpeech=MD] [Text=be CharacterOffsetBegin=1798 CharacterOffsetEnd=1800 PartOfSpeech=VB] [Text=grim CharacterOffsetBegin=1801 CharacterOffsetEnd=1805 PartOfSpeech=JJ] [Text=news CharacterOffsetBegin=1806 CharacterOffsetEnd=1810 PartOfSpeech=NN] [Text=for CharacterOffsetBegin=1811 CharacterOffsetEnd=1814 PartOfSpeech=IN] [Text=West CharacterOffsetBegin=1815 CharacterOffsetEnd=1819 PartOfSpeech=NNP] [Text=Coast CharacterOffsetBegin=1820 CharacterOffsetEnd=1825 PartOfSpeech=NNP] [Text=thrifts CharacterOffsetBegin=1826 CharacterOffsetEnd=1833 PartOfSpeech=NNS] [Text=, CharacterOffsetBegin=1833 CharacterOffsetEnd=1834 PartOfSpeech=,] [Text=particularly CharacterOffsetBegin=1835 CharacterOffsetEnd=1847 PartOfSpeech=RB] [Text=the CharacterOffsetBegin=1848 CharacterOffsetEnd=1851 PartOfSpeech=DT] [Text=less CharacterOffsetBegin=1852 CharacterOffsetEnd=1856 PartOfSpeech=JJR] [Text=healthy CharacterOffsetBegin=1857 CharacterOffsetEnd=1864 PartOfSpeech=JJ] [Text=ones CharacterOffsetBegin=1865 CharacterOffsetEnd=1869 PartOfSpeech=NNS] [Text=, CharacterOffsetBegin=1869 CharacterOffsetEnd=1870 PartOfSpeech=,] [Text=which CharacterOffsetBegin=1876 CharacterOffsetEnd=1881 PartOfSpeech=WDT] [Text=have CharacterOffsetBegin=1882 CharacterOffsetEnd=1886 PartOfSpeech=VBP] [Text=performed CharacterOffsetBegin=1887 CharacterOffsetEnd=1896 PartOfSpeech=VBN] [Text=poorly CharacterOffsetBegin=1897 CharacterOffsetEnd=1903 PartOfSpeech=RB] [Text=even CharacterOffsetBegin=1904 CharacterOffsetEnd=1908 PartOfSpeech=RB] [Text=with CharacterOffsetBegin=1909 CharacterOffsetEnd=1913 PartOfSpeech=IN] [Text=a CharacterOffsetBegin=1914 CharacterOffsetEnd=1915 PartOfSpeech=DT] [Text=torrid CharacterOffsetBegin=1916 CharacterOffsetEnd=1922 PartOfSpeech=JJ] [Text=market CharacterOffsetBegin=1923 CharacterOffsetEnd=1929 PartOfSpeech=NN] [Text=. CharacterOffsetBegin=1929 CharacterOffsetEnd=1930 PartOfSpeech=.] 
root(ROOT-0, news-9)
det(downturn-3, Any-1)
amod(downturn-3, such-2)
nsubj(news-9, downturn-3)
prep(downturn-3, in-4)
pobj(in-4, California-5)
aux(news-9, would-6)
cop(news-9, be-7)
amod(news-9, grim-8)
prep(news-9, for-10)
nn(thrifts-13, West-11)
nn(thrifts-13, Coast-12)
pobj(for-10, thrifts-13)
punct(thrifts-13, ,-14)
advmod(ones-19, particularly-15)
det(ones-19, the-16)
amod(ones-19, less-17)
amod(ones-19, healthy-18)
appos(thrifts-13, ones-19)
punct(thrifts-13, ,-20)
nsubj(performed-23, which-21)
aux(performed-23, have-22)
rcmod(thrifts-13, performed-23)
advmod(performed-23, poorly-24)
advmod(with-26, even-25)
prep(performed-23, with-26)
det(market-29, a-27)
amod(market-29, torrid-28)
pobj(with-26, market-29)
punct(news-9, .-30)

Sentence #14 (36 tokens):
But HomeFed said 
    it purposely curbed loan originations in the quarter 
    because of uncertainty over the new capital requirements and regulations 
    that will emerge from negotiations 
    over implementing the government's massive thrift bailout bill.
[Text=But CharacterOffsetBegin=1936 CharacterOffsetEnd=1939 PartOfSpeech=CC] [Text=HomeFed CharacterOffsetBegin=1940 CharacterOffsetEnd=1947 PartOfSpeech=NNP] [Text=said CharacterOffsetBegin=1948 CharacterOffsetEnd=1952 PartOfSpeech=VBD] [Text=it CharacterOffsetBegin=1958 CharacterOffsetEnd=1960 PartOfSpeech=PRP] [Text=purposely CharacterOffsetBegin=1961 CharacterOffsetEnd=1970 PartOfSpeech=RB] [Text=curbed CharacterOffsetBegin=1971 CharacterOffsetEnd=1977 PartOfSpeech=VBD] [Text=loan CharacterOffsetBegin=1978 CharacterOffsetEnd=1982 PartOfSpeech=NN] [Text=originations CharacterOffsetBegin=1983 CharacterOffsetEnd=1995 PartOfSpeech=NNS] [Text=in CharacterOffsetBegin=1996 CharacterOffsetEnd=1998 PartOfSpeech=IN] [Text=the CharacterOffsetBegin=1999 CharacterOffsetEnd=2002 PartOfSpeech=DT] [Text=quarter CharacterOffsetBegin=2003 CharacterOffsetEnd=2010 PartOfSpeech=NN] [Text=because CharacterOffsetBegin=2016 CharacterOffsetEnd=2023 PartOfSpeech=IN] [Text=of CharacterOffsetBegin=2024 CharacterOffsetEnd=2026 PartOfSpeech=IN] [Text=uncertainty CharacterOffsetBegin=2027 CharacterOffsetEnd=2038 PartOfSpeech=NN] [Text=over CharacterOffsetBegin=2039 CharacterOffsetEnd=2043 PartOfSpeech=IN] [Text=the CharacterOffsetBegin=2044 CharacterOffsetEnd=2047 PartOfSpeech=DT] [Text=new CharacterOffsetBegin=2048 CharacterOffsetEnd=2051 PartOfSpeech=JJ] [Text=capital CharacterOffsetBegin=2052 CharacterOffsetEnd=2059 PartOfSpeech=NN] [Text=requirements CharacterOffsetBegin=2060 CharacterOffsetEnd=2072 PartOfSpeech=NNS] [Text=and CharacterOffsetBegin=2073 CharacterOffsetEnd=2076 PartOfSpeech=CC] [Text=regulations CharacterOffsetBegin=2077 CharacterOffsetEnd=2088 PartOfSpeech=NNS] [Text=that CharacterOffsetBegin=2094 CharacterOffsetEnd=2098 PartOfSpeech=WDT] [Text=will CharacterOffsetBegin=2099 CharacterOffsetEnd=2103 PartOfSpeech=MD] [Text=emerge CharacterOffsetBegin=2104 CharacterOffsetEnd=2110 PartOfSpeech=VB] [Text=from CharacterOffsetBegin=2111 CharacterOffsetEnd=2115 PartOfSpeech=IN] [Text=negotiations CharacterOffsetBegin=2116 CharacterOffsetEnd=2128 PartOfSpeech=NNS] [Text=over CharacterOffsetBegin=2134 CharacterOffsetEnd=2138 PartOfSpeech=IN] [Text=implementing CharacterOffsetBegin=2139 CharacterOffsetEnd=2151 PartOfSpeech=VBG] [Text=the CharacterOffsetBegin=2152 CharacterOffsetEnd=2155 PartOfSpeech=DT] [Text=government CharacterOffsetBegin=2156 CharacterOffsetEnd=2166 PartOfSpeech=NN] [Text='s CharacterOffsetBegin=2166 CharacterOffsetEnd=2168 PartOfSpeech=POS] [Text=massive CharacterOffsetBegin=2169 CharacterOffsetEnd=2176 PartOfSpeech=JJ] [Text=thrift CharacterOffsetBegin=2177 CharacterOffsetEnd=2183 PartOfSpeech=NN] [Text=bailout CharacterOffsetBegin=2184 CharacterOffsetEnd=2191 PartOfSpeech=NN] [Text=bill CharacterOffsetBegin=2192 CharacterOffsetEnd=2196 PartOfSpeech=NN] [Text=. CharacterOffsetBegin=2196 CharacterOffsetEnd=2197 PartOfSpeech=.] 
root(ROOT-0, said-3)
cc(said-3, But-1)
nsubj(said-3, HomeFed-2)
nsubj(curbed-6, it-4)
advmod(curbed-6, purposely-5)
ccomp(said-3, curbed-6)
nn(originations-8, loan-7)
dobj(curbed-6, originations-8)
prep(curbed-6, in-9)
det(quarter-11, the-10)
pobj(in-9, quarter-11)
mwe(of-13, because-12)
prep(curbed-6, of-13)
pobj(of-13, uncertainty-14)
prep(uncertainty-14, over-15)
det(requirements-19, the-16)
amod(requirements-19, new-17)
nn(requirements-19, capital-18)
pobj(over-15, requirements-19)
cc(requirements-19, and-20)
conj(requirements-19, regulations-21)
nsubj(emerge-24, that-22)
aux(emerge-24, will-23)
rcmod(requirements-19, emerge-24)
prep(emerge-24, from-25)
pobj(from-25, negotiations-26)
prep(negotiations-26, over-27)
pcomp(over-27, implementing-28)
det(government-30, the-29)
poss(bill-35, government-30)
possessive(government-30, 's-31)
amod(bill-35, massive-32)
nn(bill-35, thrift-33)
nn(bill-35, bailout-34)
dobj(implementing-28, bill-35)
punct(said-3, .-36)

Sentence #15 (24 tokens):
It said 
    its real-estate operations earned a record $21.7 million, more than double year-earlier real estate profit of $9 million.
[Text=It CharacterOffsetBegin=2203 CharacterOffsetEnd=2205 PartOfSpeech=PRP] [Text=said CharacterOffsetBegin=2206 CharacterOffsetEnd=2210 PartOfSpeech=VBD] [Text=its CharacterOffsetBegin=2216 CharacterOffsetEnd=2219 PartOfSpeech=PRP$] [Text=real-estate CharacterOffsetBegin=2220 CharacterOffsetEnd=2231 PartOfSpeech=NN] [Text=operations CharacterOffsetBegin=2232 CharacterOffsetEnd=2242 PartOfSpeech=NNS] [Text=earned CharacterOffsetBegin=2243 CharacterOffsetEnd=2249 PartOfSpeech=VBD] [Text=a CharacterOffsetBegin=2250 CharacterOffsetEnd=2251 PartOfSpeech=DT] [Text=record CharacterOffsetBegin=2252 CharacterOffsetEnd=2258 PartOfSpeech=NN] [Text=$ CharacterOffsetBegin=2259 CharacterOffsetEnd=2260 PartOfSpeech=$] [Text=21.7 CharacterOffsetBegin=2260 CharacterOffsetEnd=2264 PartOfSpeech=CD] [Text=million CharacterOffsetBegin=2265 CharacterOffsetEnd=2272 PartOfSpeech=CD] [Text=, CharacterOffsetBegin=2272 CharacterOffsetEnd=2273 PartOfSpeech=,] [Text=more CharacterOffsetBegin=2274 CharacterOffsetEnd=2278 PartOfSpeech=JJR] [Text=than CharacterOffsetBegin=2279 CharacterOffsetEnd=2283 PartOfSpeech=IN] [Text=double CharacterOffsetBegin=2284 CharacterOffsetEnd=2290 PartOfSpeech=JJ] [Text=year-earlier CharacterOffsetBegin=2291 CharacterOffsetEnd=2303 PartOfSpeech=JJ] [Text=real CharacterOffsetBegin=2304 CharacterOffsetEnd=2308 PartOfSpeech=JJ] [Text=estate CharacterOffsetBegin=2309 CharacterOffsetEnd=2315 PartOfSpeech=NN] [Text=profit CharacterOffsetBegin=2316 CharacterOffsetEnd=2322 PartOfSpeech=NN] [Text=of CharacterOffsetBegin=2323 CharacterOffsetEnd=2325 PartOfSpeech=IN] [Text=$ CharacterOffsetBegin=2326 CharacterOffsetEnd=2327 PartOfSpeech=$] [Text=9 CharacterOffsetBegin=2327 CharacterOffsetEnd=2328 PartOfSpeech=CD] [Text=million CharacterOffsetBegin=2329 CharacterOffsetEnd=2336 PartOfSpeech=CD] [Text=. CharacterOffsetBegin=2336 CharacterOffsetEnd=2337 PartOfSpeech=.] 
root(ROOT-0, said-2)
nsubj(said-2, It-1)
poss(operations-5, its-3)
nn(operations-5, real-estate-4)
nsubj(earned-6, operations-5)
ccomp(said-2, earned-6)
det(record-8, a-7)
dobj(earned-6, record-8)
num(record-8, $-9)
number(million-11, 21.7-10)
num($-9, million-11)
punct(record-8, ,-12)
amod(record-8, more-13)
prep(more-13, than-14)
amod(profit-19, double-15)
amod(profit-19, year-earlier-16)
amod(profit-19, real-17)
nn(profit-19, estate-18)
pobj(than-14, profit-19)
prep(profit-19, of-20)
pobj(of-20, $-21)
number(million-23, 9-22)
num($-21, million-23)
punct(said-2, .-24)

Sentence #16 (23 tokens):
And analysts said 
    they see no signs of an imminent swoon in California real estate, even with last week's earthquake.
[Text=And CharacterOffsetBegin=2343 CharacterOffsetEnd=2346 PartOfSpeech=CC] [Text=analysts CharacterOffsetBegin=2347 CharacterOffsetEnd=2355 PartOfSpeech=NNS] [Text=said CharacterOffsetBegin=2356 CharacterOffsetEnd=2360 PartOfSpeech=VBD] [Text=they CharacterOffsetBegin=2366 CharacterOffsetEnd=2370 PartOfSpeech=PRP] [Text=see CharacterOffsetBegin=2371 CharacterOffsetEnd=2374 PartOfSpeech=VBP] [Text=no CharacterOffsetBegin=2375 CharacterOffsetEnd=2377 PartOfSpeech=DT] [Text=signs CharacterOffsetBegin=2378 CharacterOffsetEnd=2383 PartOfSpeech=NNS] [Text=of CharacterOffsetBegin=2384 CharacterOffsetEnd=2386 PartOfSpeech=IN] [Text=an CharacterOffsetBegin=2387 CharacterOffsetEnd=2389 PartOfSpeech=DT] [Text=imminent CharacterOffsetBegin=2390 CharacterOffsetEnd=2398 PartOfSpeech=JJ] [Text=swoon CharacterOffsetBegin=2399 CharacterOffsetEnd=2404 PartOfSpeech=NN] [Text=in CharacterOffsetBegin=2405 CharacterOffsetEnd=2407 PartOfSpeech=IN] [Text=California CharacterOffsetBegin=2408 CharacterOffsetEnd=2418 PartOfSpeech=NNP] [Text=real CharacterOffsetBegin=2419 CharacterOffsetEnd=2423 PartOfSpeech=JJ] [Text=estate CharacterOffsetBegin=2424 CharacterOffsetEnd=2430 PartOfSpeech=NN] [Text=, CharacterOffsetBegin=2430 CharacterOffsetEnd=2431 PartOfSpeech=,] [Text=even CharacterOffsetBegin=2432 CharacterOffsetEnd=2436 PartOfSpeech=RB] [Text=with CharacterOffsetBegin=2437 CharacterOffsetEnd=2441 PartOfSpeech=IN] [Text=last CharacterOffsetBegin=2442 CharacterOffsetEnd=2446 PartOfSpeech=JJ] [Text=week CharacterOffsetBegin=2447 CharacterOffsetEnd=2451 PartOfSpeech=NN] [Text='s CharacterOffsetBegin=2451 CharacterOffsetEnd=2453 PartOfSpeech=POS] [Text=earthquake CharacterOffsetBegin=2454 CharacterOffsetEnd=2464 PartOfSpeech=NN] [Text=. CharacterOffsetBegin=2464 CharacterOffsetEnd=2465 PartOfSpeech=.] 
root(ROOT-0, said-3)
cc(said-3, And-1)
nsubj(said-3, analysts-2)
nsubj(see-5, they-4)
ccomp(said-3, see-5)
det(signs-7, no-6)
dobj(see-5, signs-7)
prep(signs-7, of-8)
det(swoon-11, an-9)
amod(swoon-11, imminent-10)
pobj(of-8, swoon-11)
prep(swoon-11, in-12)
nn(estate-15, California-13)
amod(estate-15, real-14)
pobj(in-12, estate-15)
punct(see-5, ,-16)
advmod(with-18, even-17)
prep(see-5, with-18)
amod(week-20, last-19)
poss(earthquake-22, week-20)
possessive(week-20, 's-21)
pobj(with-18, earthquake-22)
punct(said-3, .-23)

Sentence #17 (31 tokens):
The thrift said 
    earnings also were nicked in the quarter by a $4 million provision for losses 
    associated with its previously reported plan 
    to liquidate a real-estate franchise network.
[Text=The CharacterOffsetBegin=2471 CharacterOffsetEnd=2474 PartOfSpeech=DT] [Text=thrift CharacterOffsetBegin=2475 CharacterOffsetEnd=2481 PartOfSpeech=NN] [Text=said CharacterOffsetBegin=2482 CharacterOffsetEnd=2486 PartOfSpeech=VBD] [Text=earnings CharacterOffsetBegin=2492 CharacterOffsetEnd=2500 PartOfSpeech=NNS] [Text=also CharacterOffsetBegin=2501 CharacterOffsetEnd=2505 PartOfSpeech=RB] [Text=were CharacterOffsetBegin=2506 CharacterOffsetEnd=2510 PartOfSpeech=VBD] [Text=nicked CharacterOffsetBegin=2511 CharacterOffsetEnd=2517 PartOfSpeech=VBN] [Text=in CharacterOffsetBegin=2518 CharacterOffsetEnd=2520 PartOfSpeech=IN] [Text=the CharacterOffsetBegin=2521 CharacterOffsetEnd=2524 PartOfSpeech=DT] [Text=quarter CharacterOffsetBegin=2525 CharacterOffsetEnd=2532 PartOfSpeech=NN] [Text=by CharacterOffsetBegin=2533 CharacterOffsetEnd=2535 PartOfSpeech=IN] [Text=a CharacterOffsetBegin=2536 CharacterOffsetEnd=2537 PartOfSpeech=DT] [Text=$ CharacterOffsetBegin=2538 CharacterOffsetEnd=2539 PartOfSpeech=$] [Text=4 CharacterOffsetBegin=2539 CharacterOffsetEnd=2540 PartOfSpeech=CD] [Text=million CharacterOffsetBegin=2541 CharacterOffsetEnd=2548 PartOfSpeech=CD] [Text=provision CharacterOffsetBegin=2549 CharacterOffsetEnd=2558 PartOfSpeech=NN] [Text=for CharacterOffsetBegin=2559 CharacterOffsetEnd=2562 PartOfSpeech=IN] [Text=losses CharacterOffsetBegin=2563 CharacterOffsetEnd=2569 PartOfSpeech=NNS] [Text=associated CharacterOffsetBegin=2575 CharacterOffsetEnd=2585 PartOfSpeech=VBN] [Text=with CharacterOffsetBegin=2586 CharacterOffsetEnd=2590 PartOfSpeech=IN] [Text=its CharacterOffsetBegin=2591 CharacterOffsetEnd=2594 PartOfSpeech=PRP$] [Text=previously CharacterOffsetBegin=2595 CharacterOffsetEnd=2605 PartOfSpeech=RB] [Text=reported CharacterOffsetBegin=2606 CharacterOffsetEnd=2614 PartOfSpeech=VBN] [Text=plan CharacterOffsetBegin=2615 CharacterOffsetEnd=2619 PartOfSpeech=NN] [Text=to CharacterOffsetBegin=2625 CharacterOffsetEnd=2627 PartOfSpeech=TO] [Text=liquidate CharacterOffsetBegin=2628 CharacterOffsetEnd=2637 PartOfSpeech=VB] [Text=a CharacterOffsetBegin=2638 CharacterOffsetEnd=2639 PartOfSpeech=DT] [Text=real-estate CharacterOffsetBegin=2640 CharacterOffsetEnd=2651 PartOfSpeech=NN] [Text=franchise CharacterOffsetBegin=2652 CharacterOffsetEnd=2661 PartOfSpeech=NN] [Text=network CharacterOffsetBegin=2662 CharacterOffsetEnd=2669 PartOfSpeech=NN] [Text=. CharacterOffsetBegin=2669 CharacterOffsetEnd=2670 PartOfSpeech=.] 
root(ROOT-0, said-3)
det(thrift-2, The-1)
nsubj(said-3, thrift-2)
nsubjpass(nicked-7, earnings-4)
advmod(nicked-7, also-5)
auxpass(nicked-7, were-6)
ccomp(said-3, nicked-7)
prep(nicked-7, in-8)
det(quarter-10, the-9)
pobj(in-8, quarter-10)
prep(nicked-7, by-11)
det(provision-16, a-12)
amod(provision-16, $-13)
number(million-15, 4-14)
num($-13, million-15)
pobj(by-11, provision-16)
prep(provision-16, for-17)
pobj(for-17, losses-18)
partmod(losses-18, associated-19)
prep(associated-19, with-20)
poss(plan-24, its-21)
advmod(reported-23, previously-22)
amod(plan-24, reported-23)
pobj(with-20, plan-24)
aux(liquidate-26, to-25)
infmod(plan-24, liquidate-26)
det(network-30, a-27)
nn(network-30, real-estate-28)
nn(network-30, franchise-29)
dobj(liquidate-26, network-30)
punct(said-3, .-31)

Sentence #18 (40 tokens):
For the nine months, HomeFed earned $82.5 million, or $3.52 a fully diluted share, a 4.3% increase from year-earlier net income of $79.1 million, or $3.43 a fully diluted share.
[Text=For CharacterOffsetBegin=2676 CharacterOffsetEnd=2679 PartOfSpeech=IN] [Text=the CharacterOffsetBegin=2680 CharacterOffsetEnd=2683 PartOfSpeech=DT] [Text=nine CharacterOffsetBegin=2684 CharacterOffsetEnd=2688 PartOfSpeech=CD] [Text=months CharacterOffsetBegin=2689 CharacterOffsetEnd=2695 PartOfSpeech=NNS] [Text=, CharacterOffsetBegin=2695 CharacterOffsetEnd=2696 PartOfSpeech=,] [Text=HomeFed CharacterOffsetBegin=2697 CharacterOffsetEnd=2704 PartOfSpeech=NNP] [Text=earned CharacterOffsetBegin=2705 CharacterOffsetEnd=2711 PartOfSpeech=VBD] [Text=$ CharacterOffsetBegin=2712 CharacterOffsetEnd=2713 PartOfSpeech=$] [Text=82.5 CharacterOffsetBegin=2713 CharacterOffsetEnd=2717 PartOfSpeech=CD] [Text=million CharacterOffsetBegin=2718 CharacterOffsetEnd=2725 PartOfSpeech=CD] [Text=, CharacterOffsetBegin=2725 CharacterOffsetEnd=2726 PartOfSpeech=,] [Text=or CharacterOffsetBegin=2727 CharacterOffsetEnd=2729 PartOfSpeech=CC] [Text=$ CharacterOffsetBegin=2730 CharacterOffsetEnd=2731 PartOfSpeech=$] [Text=3.52 CharacterOffsetBegin=2731 CharacterOffsetEnd=2735 PartOfSpeech=CD] [Text=a CharacterOffsetBegin=2736 CharacterOffsetEnd=2737 PartOfSpeech=DT] [Text=fully CharacterOffsetBegin=2738 CharacterOffsetEnd=2743 PartOfSpeech=RB] [Text=diluted CharacterOffsetBegin=2744 CharacterOffsetEnd=2751 PartOfSpeech=VBN] [Text=share CharacterOffsetBegin=2752 CharacterOffsetEnd=2757 PartOfSpeech=NN] [Text=, CharacterOffsetBegin=2757 CharacterOffsetEnd=2758 PartOfSpeech=,] [Text=a CharacterOffsetBegin=2759 CharacterOffsetEnd=2760 PartOfSpeech=DT] [Text=4.3 CharacterOffsetBegin=2761 CharacterOffsetEnd=2764 PartOfSpeech=CD] [Text=% CharacterOffsetBegin=2764 CharacterOffsetEnd=2765 PartOfSpeech=NN] [Text=increase CharacterOffsetBegin=2766 CharacterOffsetEnd=2774 PartOfSpeech=NN] [Text=from CharacterOffsetBegin=2775 CharacterOffsetEnd=2779 PartOfSpeech=IN] [Text=year-earlier CharacterOffsetBegin=2780 CharacterOffsetEnd=2792 PartOfSpeech=JJ] [Text=net CharacterOffsetBegin=2793 CharacterOffsetEnd=2796 PartOfSpeech=JJ] [Text=income CharacterOffsetBegin=2797 CharacterOffsetEnd=2803 PartOfSpeech=NN] [Text=of CharacterOffsetBegin=2804 CharacterOffsetEnd=2806 PartOfSpeech=IN] [Text=$ CharacterOffsetBegin=2807 CharacterOffsetEnd=2808 PartOfSpeech=$] [Text=79.1 CharacterOffsetBegin=2808 CharacterOffsetEnd=2812 PartOfSpeech=CD] [Text=million CharacterOffsetBegin=2813 CharacterOffsetEnd=2820 PartOfSpeech=CD] [Text=, CharacterOffsetBegin=2820 CharacterOffsetEnd=2821 PartOfSpeech=,] [Text=or CharacterOffsetBegin=2822 CharacterOffsetEnd=2824 PartOfSpeech=CC] [Text=$ CharacterOffsetBegin=2825 CharacterOffsetEnd=2826 PartOfSpeech=$] [Text=3.43 CharacterOffsetBegin=2826 CharacterOffsetEnd=2830 PartOfSpeech=CD] [Text=a CharacterOffsetBegin=2831 CharacterOffsetEnd=2832 PartOfSpeech=DT] [Text=fully CharacterOffsetBegin=2833 CharacterOffsetEnd=2838 PartOfSpeech=RB] [Text=diluted CharacterOffsetBegin=2839 CharacterOffsetEnd=2846 PartOfSpeech=VBN] [Text=share CharacterOffsetBegin=2847 CharacterOffsetEnd=2852 PartOfSpeech=NN] [Text=. CharacterOffsetBegin=2852 CharacterOffsetEnd=2853 PartOfSpeech=.] 
root(ROOT-0, earned-7)
prep(earned-7, For-1)
det(months-4, the-2)
num(months-4, nine-3)
pobj(For-1, months-4)
punct(earned-7, ,-5)
nsubj(earned-7, HomeFed-6)
dobj(earned-7, $-8)
number(million-10, 82.5-9)
num($-8, million-10)
punct($-8, ,-11)
cc($-8, or-12)
conj($-8, $-13)
num($-13, 3.52-14)
det(share-18, a-15)
advmod(diluted-17, fully-16)
amod(share-18, diluted-17)
npadvmod($-13, share-18)
punct($-8, ,-19)
det(increase-23, a-20)
number(%-22, 4.3-21)
amod(increase-23, %-22)
appos($-8, increase-23)
prep(increase-23, from-24)
amod(income-27, year-earlier-25)
amod(income-27, net-26)
pobj(from-24, income-27)
prep(income-27, of-28)
pobj(of-28, $-29)
number(million-31, 79.1-30)
num($-29, million-31)
punct($-29, ,-32)
cc($-29, or-33)
conj($-29, $-34)
num($-34, 3.43-35)
det(share-39, a-36)
advmod(diluted-38, fully-37)
amod(share-39, diluted-38)
npadvmod($-34, share-39)
punct(earned-7, .-40)

