Sentence #1 (45 tokens):
Varian Associates Inc., Palo Alto, Calif., reported 
    fiscal fourth-quarter profit plunged more than 95% to $1 million, or five cents a share, from $24.2 million, or $1.10 a share, in the year-earlier quarter.
[Text=Varian CharacterOffsetBegin=4 CharacterOffsetEnd=10 PartOfSpeech=NNP] [Text=Associates CharacterOffsetBegin=11 CharacterOffsetEnd=21 PartOfSpeech=NNPS] [Text=Inc. CharacterOffsetBegin=22 CharacterOffsetEnd=26 PartOfSpeech=NNP] [Text=, CharacterOffsetBegin=26 CharacterOffsetEnd=27 PartOfSpeech=,] [Text=Palo CharacterOffsetBegin=28 CharacterOffsetEnd=32 PartOfSpeech=NNP] [Text=Alto CharacterOffsetBegin=33 CharacterOffsetEnd=37 PartOfSpeech=NNP] [Text=, CharacterOffsetBegin=37 CharacterOffsetEnd=38 PartOfSpeech=,] [Text=Calif. CharacterOffsetBegin=39 CharacterOffsetEnd=45 PartOfSpeech=NNP] [Text=, CharacterOffsetBegin=45 CharacterOffsetEnd=46 PartOfSpeech=,] [Text=reported CharacterOffsetBegin=47 CharacterOffsetEnd=55 PartOfSpeech=VBD] [Text=fiscal CharacterOffsetBegin=61 CharacterOffsetEnd=67 PartOfSpeech=JJ] [Text=fourth-quarter CharacterOffsetBegin=68 CharacterOffsetEnd=82 PartOfSpeech=JJ] [Text=profit CharacterOffsetBegin=83 CharacterOffsetEnd=89 PartOfSpeech=NN] [Text=plunged CharacterOffsetBegin=90 CharacterOffsetEnd=97 PartOfSpeech=VBD] [Text=more CharacterOffsetBegin=98 CharacterOffsetEnd=102 PartOfSpeech=JJR] [Text=than CharacterOffsetBegin=103 CharacterOffsetEnd=107 PartOfSpeech=IN] [Text=95 CharacterOffsetBegin=108 CharacterOffsetEnd=110 PartOfSpeech=CD] [Text=% CharacterOffsetBegin=110 CharacterOffsetEnd=111 PartOfSpeech=NN] [Text=to CharacterOffsetBegin=112 CharacterOffsetEnd=114 PartOfSpeech=TO] [Text=$ CharacterOffsetBegin=115 CharacterOffsetEnd=116 PartOfSpeech=$] [Text=1 CharacterOffsetBegin=116 CharacterOffsetEnd=117 PartOfSpeech=CD] [Text=million CharacterOffsetBegin=118 CharacterOffsetEnd=125 PartOfSpeech=CD] [Text=, CharacterOffsetBegin=125 CharacterOffsetEnd=126 PartOfSpeech=,] [Text=or CharacterOffsetBegin=127 CharacterOffsetEnd=129 PartOfSpeech=CC] [Text=five CharacterOffsetBegin=130 CharacterOffsetEnd=134 PartOfSpeech=CD] [Text=cents CharacterOffsetBegin=135 CharacterOffsetEnd=140 PartOfSpeech=NNS] [Text=a CharacterOffsetBegin=141 CharacterOffsetEnd=142 PartOfSpeech=DT] [Text=share CharacterOffsetBegin=143 CharacterOffsetEnd=148 PartOfSpeech=NN] [Text=, CharacterOffsetBegin=148 CharacterOffsetEnd=149 PartOfSpeech=,] [Text=from CharacterOffsetBegin=150 CharacterOffsetEnd=154 PartOfSpeech=IN] [Text=$ CharacterOffsetBegin=155 CharacterOffsetEnd=156 PartOfSpeech=$] [Text=24.2 CharacterOffsetBegin=156 CharacterOffsetEnd=160 PartOfSpeech=CD] [Text=million CharacterOffsetBegin=161 CharacterOffsetEnd=168 PartOfSpeech=CD] [Text=, CharacterOffsetBegin=168 CharacterOffsetEnd=169 PartOfSpeech=,] [Text=or CharacterOffsetBegin=170 CharacterOffsetEnd=172 PartOfSpeech=CC] [Text=$ CharacterOffsetBegin=173 CharacterOffsetEnd=174 PartOfSpeech=$] [Text=1.10 CharacterOffsetBegin=174 CharacterOffsetEnd=178 PartOfSpeech=CD] [Text=a CharacterOffsetBegin=179 CharacterOffsetEnd=180 PartOfSpeech=DT] [Text=share CharacterOffsetBegin=181 CharacterOffsetEnd=186 PartOfSpeech=NN] [Text=, CharacterOffsetBegin=186 CharacterOffsetEnd=187 PartOfSpeech=,] [Text=in CharacterOffsetBegin=188 CharacterOffsetEnd=190 PartOfSpeech=IN] [Text=the CharacterOffsetBegin=191 CharacterOffsetEnd=194 PartOfSpeech=DT] [Text=year-earlier CharacterOffsetBegin=195 CharacterOffsetEnd=207 PartOfSpeech=JJ] [Text=quarter CharacterOffsetBegin=208 CharacterOffsetEnd=215 PartOfSpeech=NN] [Text=. CharacterOffsetBegin=215 CharacterOffsetEnd=216 PartOfSpeech=.] 
root(ROOT-0, reported-10)
nn(Inc.-3, Varian-1)
nn(Inc.-3, Associates-2)
nsubj(reported-10, Inc.-3)
punct(Inc.-3, ,-4)
nn(Alto-6, Palo-5)
appos(Inc.-3, Alto-6)
punct(Alto-6, ,-7)
appos(Alto-6, Calif.-8)
punct(Inc.-3, ,-9)
amod(profit-13, fiscal-11)
amod(profit-13, fourth-quarter-12)
nsubj(plunged-14, profit-13)
ccomp(reported-10, plunged-14)
mwe(than-16, more-15)
quantmod(95-17, than-16)
num(%-18, 95-17)
dobj(plunged-14, %-18)
prep(plunged-14, to-19)
pobj(to-19, $-20)
number(million-22, 1-21)
num($-20, million-22)
punct($-20, ,-23)
cc($-20, or-24)
num(cents-26, five-25)
conj($-20, cents-26)
det(share-28, a-27)
npadvmod(cents-26, share-28)
punct($-20, ,-29)
prep(plunged-14, from-30)
pobj(from-30, $-31)
number(million-33, 24.2-32)
num($-31, million-33)
punct($-31, ,-34)
cc($-31, or-35)
conj($-31, $-36)
num($-36, 1.10-37)
det(share-39, a-38)
npadvmod($-36, share-39)
punct(from-30, ,-40)
prep(from-30, in-41)
det(quarter-44, the-42)
amod(quarter-44, year-earlier-43)
pobj(in-41, quarter-44)
punct(reported-10, .-45)

Sentence #2 (27 tokens):
The diversified electronics company blamed the decline in the quarter 
    ended Sept. 29, 
    on previously reported operating problems in its Electron Devices & Systems Group.
[Text=The CharacterOffsetBegin=222 CharacterOffsetEnd=225 PartOfSpeech=DT] [Text=diversified CharacterOffsetBegin=226 CharacterOffsetEnd=237 PartOfSpeech=JJ] [Text=electronics CharacterOffsetBegin=238 CharacterOffsetEnd=249 PartOfSpeech=NNS] [Text=company CharacterOffsetBegin=250 CharacterOffsetEnd=257 PartOfSpeech=NN] [Text=blamed CharacterOffsetBegin=258 CharacterOffsetEnd=264 PartOfSpeech=VBD] [Text=the CharacterOffsetBegin=265 CharacterOffsetEnd=268 PartOfSpeech=DT] [Text=decline CharacterOffsetBegin=269 CharacterOffsetEnd=276 PartOfSpeech=NN] [Text=in CharacterOffsetBegin=277 CharacterOffsetEnd=279 PartOfSpeech=IN] [Text=the CharacterOffsetBegin=280 CharacterOffsetEnd=283 PartOfSpeech=DT] [Text=quarter CharacterOffsetBegin=284 CharacterOffsetEnd=291 PartOfSpeech=NN] [Text=ended CharacterOffsetBegin=297 CharacterOffsetEnd=302 PartOfSpeech=VBN] [Text=Sept. CharacterOffsetBegin=303 CharacterOffsetEnd=308 PartOfSpeech=NNP] [Text=29 CharacterOffsetBegin=309 CharacterOffsetEnd=311 PartOfSpeech=CD] [Text=, CharacterOffsetBegin=311 CharacterOffsetEnd=312 PartOfSpeech=,] [Text=on CharacterOffsetBegin=318 CharacterOffsetEnd=320 PartOfSpeech=IN] [Text=previously CharacterOffsetBegin=321 CharacterOffsetEnd=331 PartOfSpeech=RB] [Text=reported CharacterOffsetBegin=332 CharacterOffsetEnd=340 PartOfSpeech=VBN] [Text=operating CharacterOffsetBegin=341 CharacterOffsetEnd=350 PartOfSpeech=VBG] [Text=problems CharacterOffsetBegin=351 CharacterOffsetEnd=359 PartOfSpeech=NNS] [Text=in CharacterOffsetBegin=360 CharacterOffsetEnd=362 PartOfSpeech=IN] [Text=its CharacterOffsetBegin=363 CharacterOffsetEnd=366 PartOfSpeech=PRP$] [Text=Electron CharacterOffsetBegin=367 CharacterOffsetEnd=375 PartOfSpeech=NNP] [Text=Devices CharacterOffsetBegin=376 CharacterOffsetEnd=383 PartOfSpeech=NNP] [Text=& CharacterOffsetBegin=384 CharacterOffsetEnd=385 PartOfSpeech=CC] [Text=Systems CharacterOffsetBegin=386 CharacterOffsetEnd=393 PartOfSpeech=NNP] [Text=Group CharacterOffsetBegin=394 CharacterOffsetEnd=399 PartOfSpeech=NNP] [Text=. CharacterOffsetBegin=399 CharacterOffsetEnd=400 PartOfSpeech=.] 
root(ROOT-0, blamed-5)
det(company-4, The-1)
amod(company-4, diversified-2)
nn(company-4, electronics-3)
nsubj(blamed-5, company-4)
det(decline-7, the-6)
dobj(blamed-5, decline-7)
prep(decline-7, in-8)
det(quarter-10, the-9)
pobj(in-8, quarter-10)
partmod(quarter-10, ended-11)
tmod(ended-11, Sept.-12)
num(Sept.-12, 29-13)
punct(blamed-5, ,-14)
prep(blamed-5, on-15)
advmod(reported-17, previously-16)
amod(problems-19, reported-17)
amod(problems-19, operating-18)
pobj(on-15, problems-19)
prep(problems-19, in-20)
poss(Devices-23, its-21)
nn(Devices-23, Electron-22)
pobj(in-20, Devices-23)
cc(Devices-23, &-24)
nn(Group-26, Systems-25)
conj(Devices-23, Group-26)
punct(blamed-5, .-27)

Sentence #3 (39 tokens):
For the full fiscal year, Varian posted a 13% profit rise to $31.5 million, or $1.53 a share, up from $27.8 million, or $1.27 a share, last year.
[Text=For CharacterOffsetBegin=406 CharacterOffsetEnd=409 PartOfSpeech=IN] [Text=the CharacterOffsetBegin=410 CharacterOffsetEnd=413 PartOfSpeech=DT] [Text=full CharacterOffsetBegin=414 CharacterOffsetEnd=418 PartOfSpeech=JJ] [Text=fiscal CharacterOffsetBegin=419 CharacterOffsetEnd=425 PartOfSpeech=JJ] [Text=year CharacterOffsetBegin=426 CharacterOffsetEnd=430 PartOfSpeech=NN] [Text=, CharacterOffsetBegin=430 CharacterOffsetEnd=431 PartOfSpeech=,] [Text=Varian CharacterOffsetBegin=432 CharacterOffsetEnd=438 PartOfSpeech=NNP] [Text=posted CharacterOffsetBegin=439 CharacterOffsetEnd=445 PartOfSpeech=VBD] [Text=a CharacterOffsetBegin=446 CharacterOffsetEnd=447 PartOfSpeech=DT] [Text=13 CharacterOffsetBegin=448 CharacterOffsetEnd=450 PartOfSpeech=CD] [Text=% CharacterOffsetBegin=450 CharacterOffsetEnd=451 PartOfSpeech=NN] [Text=profit CharacterOffsetBegin=452 CharacterOffsetEnd=458 PartOfSpeech=NN] [Text=rise CharacterOffsetBegin=459 CharacterOffsetEnd=463 PartOfSpeech=NN] [Text=to CharacterOffsetBegin=464 CharacterOffsetEnd=466 PartOfSpeech=TO] [Text=$ CharacterOffsetBegin=467 CharacterOffsetEnd=468 PartOfSpeech=$] [Text=31.5 CharacterOffsetBegin=468 CharacterOffsetEnd=472 PartOfSpeech=CD] [Text=million CharacterOffsetBegin=473 CharacterOffsetEnd=480 PartOfSpeech=CD] [Text=, CharacterOffsetBegin=480 CharacterOffsetEnd=481 PartOfSpeech=,] [Text=or CharacterOffsetBegin=482 CharacterOffsetEnd=484 PartOfSpeech=CC] [Text=$ CharacterOffsetBegin=485 CharacterOffsetEnd=486 PartOfSpeech=$] [Text=1.53 CharacterOffsetBegin=486 CharacterOffsetEnd=490 PartOfSpeech=CD] [Text=a CharacterOffsetBegin=491 CharacterOffsetEnd=492 PartOfSpeech=DT] [Text=share CharacterOffsetBegin=493 CharacterOffsetEnd=498 PartOfSpeech=NN] [Text=, CharacterOffsetBegin=498 CharacterOffsetEnd=499 PartOfSpeech=,] [Text=up CharacterOffsetBegin=500 CharacterOffsetEnd=502 PartOfSpeech=RB] [Text=from CharacterOffsetBegin=503 CharacterOffsetEnd=507 PartOfSpeech=IN] [Text=$ CharacterOffsetBegin=508 CharacterOffsetEnd=509 PartOfSpeech=$] [Text=27.8 CharacterOffsetBegin=509 CharacterOffsetEnd=513 PartOfSpeech=CD] [Text=million CharacterOffsetBegin=514 CharacterOffsetEnd=521 PartOfSpeech=CD] [Text=, CharacterOffsetBegin=521 CharacterOffsetEnd=522 PartOfSpeech=,] [Text=or CharacterOffsetBegin=523 CharacterOffsetEnd=525 PartOfSpeech=CC] [Text=$ CharacterOffsetBegin=526 CharacterOffsetEnd=527 PartOfSpeech=$] [Text=1.27 CharacterOffsetBegin=527 CharacterOffsetEnd=531 PartOfSpeech=CD] [Text=a CharacterOffsetBegin=532 CharacterOffsetEnd=533 PartOfSpeech=DT] [Text=share CharacterOffsetBegin=534 CharacterOffsetEnd=539 PartOfSpeech=NN] [Text=, CharacterOffsetBegin=539 CharacterOffsetEnd=540 PartOfSpeech=,] [Text=last CharacterOffsetBegin=541 CharacterOffsetEnd=545 PartOfSpeech=JJ] [Text=year CharacterOffsetBegin=546 CharacterOffsetEnd=550 PartOfSpeech=NN] [Text=. CharacterOffsetBegin=550 CharacterOffsetEnd=551 PartOfSpeech=.] 
root(ROOT-0, posted-8)
prep(posted-8, For-1)
det(year-5, the-2)
amod(year-5, full-3)
amod(year-5, fiscal-4)
pobj(For-1, year-5)
punct(posted-8, ,-6)
nsubj(posted-8, Varian-7)
det(rise-13, a-9)
number(%-11, 13-10)
amod(rise-13, %-11)
nn(rise-13, profit-12)
dobj(posted-8, rise-13)
prep(rise-13, to-14)
pobj(to-14, $-15)
number(million-17, 31.5-16)
num($-15, million-17)
punct($-15, ,-18)
cc($-15, or-19)
conj($-15, $-20)
num($-20, 1.53-21)
det(share-23, a-22)
npadvmod($-20, share-23)
punct($-15, ,-24)
advmod(rise-13, up-25)
prep(up-25, from-26)
pobj(from-26, $-27)
number(million-29, 27.8-28)
num($-27, million-29)
punct($-27, ,-30)
cc($-27, or-31)
conj($-27, $-32)
num($-32, 1.27-33)
det(share-35, a-34)
npadvmod($-32, share-35)
punct(from-26, ,-36)
amod(year-38, last-37)
pobj(from-26, year-38)
punct(posted-8, .-39)

Sentence #4 (19 tokens):
Sales for the year rose almost 15% to $1.34 billion from $1.17 billion last year.
[Text=Sales CharacterOffsetBegin=557 CharacterOffsetEnd=562 PartOfSpeech=NNS] [Text=for CharacterOffsetBegin=563 CharacterOffsetEnd=566 PartOfSpeech=IN] [Text=the CharacterOffsetBegin=567 CharacterOffsetEnd=570 PartOfSpeech=DT] [Text=year CharacterOffsetBegin=571 CharacterOffsetEnd=575 PartOfSpeech=NN] [Text=rose CharacterOffsetBegin=576 CharacterOffsetEnd=580 PartOfSpeech=VBD] [Text=almost CharacterOffsetBegin=581 CharacterOffsetEnd=587 PartOfSpeech=RB] [Text=15 CharacterOffsetBegin=588 CharacterOffsetEnd=590 PartOfSpeech=CD] [Text=% CharacterOffsetBegin=590 CharacterOffsetEnd=591 PartOfSpeech=NN] [Text=to CharacterOffsetBegin=592 CharacterOffsetEnd=594 PartOfSpeech=TO] [Text=$ CharacterOffsetBegin=595 CharacterOffsetEnd=596 PartOfSpeech=$] [Text=1.34 CharacterOffsetBegin=596 CharacterOffsetEnd=600 PartOfSpeech=CD] [Text=billion CharacterOffsetBegin=601 CharacterOffsetEnd=608 PartOfSpeech=CD] [Text=from CharacterOffsetBegin=609 CharacterOffsetEnd=613 PartOfSpeech=IN] [Text=$ CharacterOffsetBegin=614 CharacterOffsetEnd=615 PartOfSpeech=$] [Text=1.17 CharacterOffsetBegin=615 CharacterOffsetEnd=619 PartOfSpeech=CD] [Text=billion CharacterOffsetBegin=620 CharacterOffsetEnd=627 PartOfSpeech=CD] [Text=last CharacterOffsetBegin=628 CharacterOffsetEnd=632 PartOfSpeech=JJ] [Text=year CharacterOffsetBegin=633 CharacterOffsetEnd=637 PartOfSpeech=NN] [Text=. CharacterOffsetBegin=637 CharacterOffsetEnd=638 PartOfSpeech=.] 
root(ROOT-0, rose-5)
nsubj(rose-5, Sales-1)
prep(Sales-1, for-2)
det(year-4, the-3)
pobj(for-2, year-4)
quantmod(15-7, almost-6)
num(%-8, 15-7)
dobj(rose-5, %-8)
prep(rose-5, to-9)
pobj(to-9, $-10)
number(billion-12, 1.34-11)
num($-10, billion-12)
prep(rose-5, from-13)
pobj(from-13, $-14)
number(billion-16, 1.17-15)
num($-14, billion-16)
amod(year-18, last-17)
tmod(from-13, year-18)
punct(rose-5, .-19)

Sentence #5 (32 tokens):
A profit last year in both the quarter and year included a net gain of $9.6 million, or 44 cents a share, from the sale of a division.
[Text=A CharacterOffsetBegin=644 CharacterOffsetEnd=645 PartOfSpeech=DT] [Text=profit CharacterOffsetBegin=646 CharacterOffsetEnd=652 PartOfSpeech=NN] [Text=last CharacterOffsetBegin=653 CharacterOffsetEnd=657 PartOfSpeech=JJ] [Text=year CharacterOffsetBegin=658 CharacterOffsetEnd=662 PartOfSpeech=NN] [Text=in CharacterOffsetBegin=663 CharacterOffsetEnd=665 PartOfSpeech=IN] [Text=both CharacterOffsetBegin=666 CharacterOffsetEnd=670 PartOfSpeech=CC] [Text=the CharacterOffsetBegin=671 CharacterOffsetEnd=674 PartOfSpeech=DT] [Text=quarter CharacterOffsetBegin=675 CharacterOffsetEnd=682 PartOfSpeech=NN] [Text=and CharacterOffsetBegin=683 CharacterOffsetEnd=686 PartOfSpeech=CC] [Text=year CharacterOffsetBegin=687 CharacterOffsetEnd=691 PartOfSpeech=NN] [Text=included CharacterOffsetBegin=692 CharacterOffsetEnd=700 PartOfSpeech=VBD] [Text=a CharacterOffsetBegin=701 CharacterOffsetEnd=702 PartOfSpeech=DT] [Text=net CharacterOffsetBegin=703 CharacterOffsetEnd=706 PartOfSpeech=JJ] [Text=gain CharacterOffsetBegin=707 CharacterOffsetEnd=711 PartOfSpeech=NN] [Text=of CharacterOffsetBegin=712 CharacterOffsetEnd=714 PartOfSpeech=IN] [Text=$ CharacterOffsetBegin=715 CharacterOffsetEnd=716 PartOfSpeech=$] [Text=9.6 CharacterOffsetBegin=716 CharacterOffsetEnd=719 PartOfSpeech=CD] [Text=million CharacterOffsetBegin=720 CharacterOffsetEnd=727 PartOfSpeech=CD] [Text=, CharacterOffsetBegin=727 CharacterOffsetEnd=728 PartOfSpeech=,] [Text=or CharacterOffsetBegin=729 CharacterOffsetEnd=731 PartOfSpeech=CC] [Text=44 CharacterOffsetBegin=732 CharacterOffsetEnd=734 PartOfSpeech=CD] [Text=cents CharacterOffsetBegin=735 CharacterOffsetEnd=740 PartOfSpeech=NNS] [Text=a CharacterOffsetBegin=741 CharacterOffsetEnd=742 PartOfSpeech=DT] [Text=share CharacterOffsetBegin=743 CharacterOffsetEnd=748 PartOfSpeech=NN] [Text=, CharacterOffsetBegin=748 CharacterOffsetEnd=749 PartOfSpeech=,] [Text=from CharacterOffsetBegin=750 CharacterOffsetEnd=754 PartOfSpeech=IN] [Text=the CharacterOffsetBegin=755 CharacterOffsetEnd=758 PartOfSpeech=DT] [Text=sale CharacterOffsetBegin=759 CharacterOffsetEnd=763 PartOfSpeech=NN] [Text=of CharacterOffsetBegin=764 CharacterOffsetEnd=766 PartOfSpeech=IN] [Text=a CharacterOffsetBegin=767 CharacterOffsetEnd=768 PartOfSpeech=DT] [Text=division CharacterOffsetBegin=769 CharacterOffsetEnd=777 PartOfSpeech=NN] [Text=. CharacterOffsetBegin=777 CharacterOffsetEnd=778 PartOfSpeech=.] 
root(ROOT-0, included-11)
det(profit-2, A-1)
nsubj(included-11, profit-2)
amod(year-4, last-3)
tmod(profit-2, year-4)
prep(profit-2, in-5)
preconj(quarter-8, both-6)
det(quarter-8, the-7)
pobj(in-5, quarter-8)
cc(quarter-8, and-9)
conj(quarter-8, year-10)
det(gain-14, a-12)
amod(gain-14, net-13)
dobj(included-11, gain-14)
prep(gain-14, of-15)
pobj(of-15, $-16)
number(million-18, 9.6-17)
num($-16, million-18)
punct($-16, ,-19)
cc($-16, or-20)
num(cents-22, 44-21)
conj($-16, cents-22)
det(share-24, a-23)
npadvmod(cents-22, share-24)
punct($-16, ,-25)
prep(gain-14, from-26)
det(sale-28, the-27)
pobj(from-26, sale-28)
prep(sale-28, of-29)
det(division-31, a-30)
pobj(of-29, division-31)
punct(included-11, .-32)

Sentence #6 (23 tokens):
Additionally, the full-year profit last year reflected an after-tax restructuring charge of $22.8 million, or $1.04 a share.
[Text=Additionally CharacterOffsetBegin=784 CharacterOffsetEnd=796 PartOfSpeech=RB] [Text=, CharacterOffsetBegin=796 CharacterOffsetEnd=797 PartOfSpeech=,] [Text=the CharacterOffsetBegin=798 CharacterOffsetEnd=801 PartOfSpeech=DT] [Text=full-year CharacterOffsetBegin=802 CharacterOffsetEnd=811 PartOfSpeech=JJ] [Text=profit CharacterOffsetBegin=812 CharacterOffsetEnd=818 PartOfSpeech=NN] [Text=last CharacterOffsetBegin=819 CharacterOffsetEnd=823 PartOfSpeech=JJ] [Text=year CharacterOffsetBegin=824 CharacterOffsetEnd=828 PartOfSpeech=NN] [Text=reflected CharacterOffsetBegin=829 CharacterOffsetEnd=838 PartOfSpeech=VBD] [Text=an CharacterOffsetBegin=839 CharacterOffsetEnd=841 PartOfSpeech=DT] [Text=after-tax CharacterOffsetBegin=842 CharacterOffsetEnd=851 PartOfSpeech=JJ] [Text=restructuring CharacterOffsetBegin=852 CharacterOffsetEnd=865 PartOfSpeech=NN] [Text=charge CharacterOffsetBegin=866 CharacterOffsetEnd=872 PartOfSpeech=NN] [Text=of CharacterOffsetBegin=873 CharacterOffsetEnd=875 PartOfSpeech=IN] [Text=$ CharacterOffsetBegin=876 CharacterOffsetEnd=877 PartOfSpeech=$] [Text=22.8 CharacterOffsetBegin=877 CharacterOffsetEnd=881 PartOfSpeech=CD] [Text=million CharacterOffsetBegin=882 CharacterOffsetEnd=889 PartOfSpeech=CD] [Text=, CharacterOffsetBegin=889 CharacterOffsetEnd=890 PartOfSpeech=,] [Text=or CharacterOffsetBegin=891 CharacterOffsetEnd=893 PartOfSpeech=CC] [Text=$ CharacterOffsetBegin=894 CharacterOffsetEnd=895 PartOfSpeech=$] [Text=1.04 CharacterOffsetBegin=895 CharacterOffsetEnd=899 PartOfSpeech=CD] [Text=a CharacterOffsetBegin=900 CharacterOffsetEnd=901 PartOfSpeech=DT] [Text=share CharacterOffsetBegin=902 CharacterOffsetEnd=907 PartOfSpeech=NN] [Text=. CharacterOffsetBegin=907 CharacterOffsetEnd=908 PartOfSpeech=.] 
root(ROOT-0, reflected-8)
advmod(reflected-8, Additionally-1)
punct(reflected-8, ,-2)
det(profit-5, the-3)
amod(profit-5, full-year-4)
nsubj(reflected-8, profit-5)
amod(year-7, last-6)
tmod(reflected-8, year-7)
det(charge-12, an-9)
amod(charge-12, after-tax-10)
nn(charge-12, restructuring-11)
dobj(reflected-8, charge-12)
prep(charge-12, of-13)
pobj(of-13, $-14)
number(million-16, 22.8-15)
num($-14, million-16)
punct($-14, ,-17)
cc($-14, or-18)
conj($-14, $-19)
num($-19, 1.04-20)
det(share-22, a-21)
npadvmod($-19, share-22)
punct(reflected-8, .-23)

Sentence #7 (33 tokens):
Shares of Varian, 
    which last month warned 
    there would be a fourth-quarter plunge, 
    closed at $22.75, down 62.5 cents in composite trading on the New York Stock Exchange.
[Text=Shares CharacterOffsetBegin=914 CharacterOffsetEnd=920 PartOfSpeech=NNS] [Text=of CharacterOffsetBegin=921 CharacterOffsetEnd=923 PartOfSpeech=IN] [Text=Varian CharacterOffsetBegin=924 CharacterOffsetEnd=930 PartOfSpeech=NNP] [Text=, CharacterOffsetBegin=930 CharacterOffsetEnd=931 PartOfSpeech=,] [Text=which CharacterOffsetBegin=937 CharacterOffsetEnd=942 PartOfSpeech=WDT] [Text=last CharacterOffsetBegin=943 CharacterOffsetEnd=947 PartOfSpeech=JJ] [Text=month CharacterOffsetBegin=948 CharacterOffsetEnd=953 PartOfSpeech=NN] [Text=warned CharacterOffsetBegin=954 CharacterOffsetEnd=960 PartOfSpeech=VBD] [Text=there CharacterOffsetBegin=966 CharacterOffsetEnd=971 PartOfSpeech=EX] [Text=would CharacterOffsetBegin=972 CharacterOffsetEnd=977 PartOfSpeech=MD] [Text=be CharacterOffsetBegin=978 CharacterOffsetEnd=980 PartOfSpeech=VB] [Text=a CharacterOffsetBegin=981 CharacterOffsetEnd=982 PartOfSpeech=DT] [Text=fourth-quarter CharacterOffsetBegin=983 CharacterOffsetEnd=997 PartOfSpeech=JJ] [Text=plunge CharacterOffsetBegin=998 CharacterOffsetEnd=1004 PartOfSpeech=NN] [Text=, CharacterOffsetBegin=1004 CharacterOffsetEnd=1005 PartOfSpeech=,] [Text=closed CharacterOffsetBegin=1011 CharacterOffsetEnd=1017 PartOfSpeech=VBD] [Text=at CharacterOffsetBegin=1018 CharacterOffsetEnd=1020 PartOfSpeech=IN] [Text=$ CharacterOffsetBegin=1021 CharacterOffsetEnd=1022 PartOfSpeech=$] [Text=22.75 CharacterOffsetBegin=1022 CharacterOffsetEnd=1027 PartOfSpeech=CD] [Text=, CharacterOffsetBegin=1027 CharacterOffsetEnd=1028 PartOfSpeech=,] [Text=down CharacterOffsetBegin=1029 CharacterOffsetEnd=1033 PartOfSpeech=RB] [Text=62.5 CharacterOffsetBegin=1034 CharacterOffsetEnd=1038 PartOfSpeech=CD] [Text=cents CharacterOffsetBegin=1039 CharacterOffsetEnd=1044 PartOfSpeech=NNS] [Text=in CharacterOffsetBegin=1045 CharacterOffsetEnd=1047 PartOfSpeech=IN] [Text=composite CharacterOffsetBegin=1048 CharacterOffsetEnd=1057 PartOfSpeech=JJ] [Text=trading CharacterOffsetBegin=1058 CharacterOffsetEnd=1065 PartOfSpeech=NN] [Text=on CharacterOffsetBegin=1066 CharacterOffsetEnd=1068 PartOfSpeech=IN] [Text=the CharacterOffsetBegin=1069 CharacterOffsetEnd=1072 PartOfSpeech=DT] [Text=New CharacterOffsetBegin=1073 CharacterOffsetEnd=1076 PartOfSpeech=NNP] [Text=York CharacterOffsetBegin=1077 CharacterOffsetEnd=1081 PartOfSpeech=NNP] [Text=Stock CharacterOffsetBegin=1082 CharacterOffsetEnd=1087 PartOfSpeech=NNP] [Text=Exchange CharacterOffsetBegin=1088 CharacterOffsetEnd=1096 PartOfSpeech=NNP] [Text=. CharacterOffsetBegin=1096 CharacterOffsetEnd=1097 PartOfSpeech=.] 
root(ROOT-0, closed-16)
nsubj(closed-16, Shares-1)
prep(Shares-1, of-2)
pobj(of-2, Varian-3)
punct(Varian-3, ,-4)
nsubj(warned-8, which-5)
amod(month-7, last-6)
dep(warned-8, month-7)
rcmod(Varian-3, warned-8)
expl(plunge-14, there-9)
aux(plunge-14, would-10)
cop(plunge-14, be-11)
det(plunge-14, a-12)
amod(plunge-14, fourth-quarter-13)
ccomp(warned-8, plunge-14)
punct(Varian-3, ,-15)
prep(closed-16, at-17)
pobj(at-17, $-18)
num($-18, 22.75-19)
punct(closed-16, ,-20)
advmod(closed-16, down-21)
num(cents-23, 62.5-22)
pobj(down-21, cents-23)
prep(closed-16, in-24)
amod(trading-26, composite-25)
pobj(in-24, trading-26)
prep(trading-26, on-27)
det(Exchange-32, the-28)
nn(Exchange-32, New-29)
nn(Exchange-32, York-30)
nn(Exchange-32, Stock-31)
pobj(on-27, Exchange-32)
punct(closed-16, .-33)

Sentence #8 (26 tokens):
Sales rose 18% in the fiscal fourth quarter to $364.1 million from $307.9 million on the strength in semiconductors and other products.
[Text=Sales CharacterOffsetBegin=1103 CharacterOffsetEnd=1108 PartOfSpeech=NNS] [Text=rose CharacterOffsetBegin=1109 CharacterOffsetEnd=1113 PartOfSpeech=VBD] [Text=18 CharacterOffsetBegin=1114 CharacterOffsetEnd=1116 PartOfSpeech=CD] [Text=% CharacterOffsetBegin=1116 CharacterOffsetEnd=1117 PartOfSpeech=NN] [Text=in CharacterOffsetBegin=1118 CharacterOffsetEnd=1120 PartOfSpeech=IN] [Text=the CharacterOffsetBegin=1121 CharacterOffsetEnd=1124 PartOfSpeech=DT] [Text=fiscal CharacterOffsetBegin=1125 CharacterOffsetEnd=1131 PartOfSpeech=JJ] [Text=fourth CharacterOffsetBegin=1132 CharacterOffsetEnd=1138 PartOfSpeech=JJ] [Text=quarter CharacterOffsetBegin=1139 CharacterOffsetEnd=1146 PartOfSpeech=NN] [Text=to CharacterOffsetBegin=1147 CharacterOffsetEnd=1149 PartOfSpeech=TO] [Text=$ CharacterOffsetBegin=1150 CharacterOffsetEnd=1151 PartOfSpeech=$] [Text=364.1 CharacterOffsetBegin=1151 CharacterOffsetEnd=1156 PartOfSpeech=CD] [Text=million CharacterOffsetBegin=1157 CharacterOffsetEnd=1164 PartOfSpeech=CD] [Text=from CharacterOffsetBegin=1165 CharacterOffsetEnd=1169 PartOfSpeech=IN] [Text=$ CharacterOffsetBegin=1170 CharacterOffsetEnd=1171 PartOfSpeech=$] [Text=307.9 CharacterOffsetBegin=1171 CharacterOffsetEnd=1176 PartOfSpeech=CD] [Text=million CharacterOffsetBegin=1177 CharacterOffsetEnd=1184 PartOfSpeech=CD] [Text=on CharacterOffsetBegin=1185 CharacterOffsetEnd=1187 PartOfSpeech=IN] [Text=the CharacterOffsetBegin=1188 CharacterOffsetEnd=1191 PartOfSpeech=DT] [Text=strength CharacterOffsetBegin=1192 CharacterOffsetEnd=1200 PartOfSpeech=NN] [Text=in CharacterOffsetBegin=1201 CharacterOffsetEnd=1203 PartOfSpeech=IN] [Text=semiconductors CharacterOffsetBegin=1204 CharacterOffsetEnd=1218 PartOfSpeech=NNS] [Text=and CharacterOffsetBegin=1219 CharacterOffsetEnd=1222 PartOfSpeech=CC] [Text=other CharacterOffsetBegin=1223 CharacterOffsetEnd=1228 PartOfSpeech=JJ] [Text=products CharacterOffsetBegin=1229 CharacterOffsetEnd=1237 PartOfSpeech=NNS] [Text=. CharacterOffsetBegin=1237 CharacterOffsetEnd=1238 PartOfSpeech=.] 
root(ROOT-0, rose-2)
nsubj(rose-2, Sales-1)
num(%-4, 18-3)
dobj(rose-2, %-4)
prep(rose-2, in-5)
det(quarter-9, the-6)
amod(quarter-9, fiscal-7)
amod(quarter-9, fourth-8)
pobj(in-5, quarter-9)
prep(rose-2, to-10)
pobj(to-10, $-11)
number(million-13, 364.1-12)
num($-11, million-13)
prep(rose-2, from-14)
pobj(from-14, $-15)
number(million-17, 307.9-16)
num($-15, million-17)
prep(rose-2, on-18)
det(strength-20, the-19)
pobj(on-18, strength-20)
prep(strength-20, in-21)
pobj(in-21, semiconductors-22)
cc(semiconductors-22, and-23)
amod(products-25, other-24)
conj(semiconductors-22, products-25)
punct(rose-2, .-26)

